 timestamp= 1619807099000 [START] Now Run TCS Maintain Lane On Road1 Mode: dynamic Roadnum: 2 Second: 4
 timestamp= 1619807099000 [SUCCESS] TCS Check Success 
 timestamp= 1619807102000 [RUN] Run BasicFlow
 timestamp= 1619807102000 [RUN] Generate steps
 timestamp= 1619807102000 [RUN] Validate step: 
The test system VALIDATES THAT the simulator S Status.GetEnvironment is nearly equal to {"x": -13.11, "y": 10.12, "z": 309.01, "rain": 0.0, "fog": 0.0, "wetness": 0.0, "timeofday": 12.0, "signal": -1.0, "rx": 359.9, "ry": 307.34, "rz": -0.0, "speed": 3.78}
 timestamp= 1619807102000 [RES] Validate result: 
true
 timestamp= 1619807102000 [RUN] Execute API step: 
The environment controller C INVOKES API Control.Agents.Pedestrians.WalkRandomly(which_lane=Left_Lane).
 timestamp= 1619807105000 [RES] API result: 
{"pose_arr":[{"vx":2.29,"ay":0.44,"az":9.82,"ax":0.35,"pz":10.12,"vy":2.29,"px":552861.95,"py":4182794.21},{"vx":2.69,"ay":1.8,"az":9.8,"ax":1.36,"pz":10.12,"vy":2.69,"px":552859.6,"py":4182796},{"vx":2.9,"ay":0.42,"az":9.81,"ax":0.31,"pz":10.12,"vy":2.9,"px":552857.07,"py":4182797.92},{"vx":3.23,"ay":0.8,"az":9.81,"ax":0.6,"pz":10.12,"vy":3.23,"px":552853.63,"py":4182800.52},{"vx":3.38,"ay":0.21,"az":9.81,"ax":0.16,"pz":10.12,"vy":3.38,"px":552850.35,"py":4182802.99},{"vx":3.19,"ay":-1.02,"az":9.82,"ax":-0.77,"pz":10.13,"vy":3.19,"px":552846.93,"py":4182805.56}],"traffic_light":[3,3,3,3,3],"state_arr":[{"acceleration":0.76,"throttle":53.62,"steering_target":0.33,"brake":0,"steering_rate":100,"speed":3.78},{"acceleration":0.91,"throttle":15.7,"steering_target":0.15,"brake":0,"steering_rate":100,"speed":4.31},{"acceleration":0.72,"throttle":22.47,"steering_target":0.25,"brake":0,"steering_rate":100,"speed":4.81},{"acceleration":1.21,"throttle":15.7,"steering_target":0.08,"brake":0,"steering_rate":100,"speed":5.24},{"acceleration":1.14,"throttle":15.7,"steering_target":0.12,"brake":0,"steering_rate":100,"speed":5.54},{"acceleration":-0.81,"throttle":0,"steering_target":0.05,"brake":29.92,"steering_rate":100,"speed":5.65},{"acceleration":-0.53,"throttle":0,"steering_target":0.05,"brake":14.5,"steering_rate":100,"speed":4.94}],"obstacle_arr":[[],[],[],[{"acceleration":{"y":0,"x":0,"z":0},"position":{"y":4182803.65,"x":552845.04,"z":10.44},"volume":0.06,"type":"PEDESTRIAN","velocity":{"y":-0.02,"x":0.45,"z":0}}],[{"acceleration":{"y":-0.23,"x":0.48,"z":0},"position":{"y":4182803.19,"x":552846.41,"z":10.43},"volume":0.27,"type":"PEDESTRIAN","velocity":{"y":-0.43,"x":1.13,"z":0}}],[{"acceleration":{"y":0.25,"x":-0.77,"z":0},"position":{"y":4182803.33,"x":552846.32,"z":10.85},"volume":0.02,"type":"PEDESTRIAN","velocity":{"y":-0.15,"x":0.5,"z":0}}]],"action_description":"Pedestrian crossing the road (left to right)","ev_state":[-29.1153984069824,10.1244516372681,321.093688964844,0,0,0,12,1,0.0813113152980804,306.937774658203,-0.000323320389725268,4.937935954555799],"collision_probability":0.455}
 timestamp= 1619807105000 [RUN] Validate G1 Guard Condition: 
The ego vehicle E Detection.Collision == True.
 timestamp= 1619807105000 [RES] Global Validate result: 
false
 timestamp= 1619807105000 [RUN] Validate G2 Guard Condition: 
The ego vehicle E Detection.OffRoad == True.
 timestamp= 1619807105000 [RES] Global Validate result: 
false
 timestamp= 1619807105000 [RUN] Validate G3 Guard Condition: 
The ego vehicle E Detection.HardBrake == True.
 timestamp= 1619807105000 [RES] Global Validate result: 
false
 timestamp= 1619807105000 [RUN] Validate G4 Guard Condition: 
The ego vehicle E Detection.ArrivalTest == True.
 timestamp= 1619807105000 [RES] Global Validate result: 
false
 timestamp= 1619807105000 [RUN] Validate step: 
The test system VALIDATES THAT the Apollo A Status.GetControl is nearly equal to {"acceleration": -0.53, "throttle": 0.0, "steering_target": 0.05, "brake": 14.5, "steering_rate": 100.0, "speed": 4.94}
 timestamp= 1619807105000 [RES] Validate result: 
true
 timestamp= 1619807105000 [RUN] Generate steps
 timestamp= 1619807105000 [RUN] Validate step: 
The test system VALIDATES THAT the simulator S Status.GetEnvironment is nearly equal to {"x": -29.12, "y": 10.12, "z": 321.09, "rain": 0.0, "fog": 0.0, "wetness": 0.0, "timeofday": 12.0, "signal": 1.0, "rx": 0.08, "ry": 306.94, "rz": -0.0, "speed": 4.94}
 timestamp= 1619807105000 [RES] Validate result: 
true
 timestamp= 1619807105000 [RUN] Execute API step: 
The environment controller C INVOKES API Control.Agents.Pedestrians.WalkRandomly(which_lane=Left_Lane).
 timestamp= 1619807108000 [RES] API result: 
{"pose_arr":[{"vx":2.9,"ay":-0.43,"az":9.8,"ax":-0.32,"pz":10.13,"vy":2.9,"px":552845.23,"py":4182806.84},{"vx":2.98,"ay":0.5,"az":9.8,"ax":0.37,"pz":10.12,"vy":2.98,"px":552842.2,"py":4182809.12},{"vx":3.63,"ay":0.57,"az":9.84,"ax":0.43,"pz":10.12,"vy":3.63,"px":552839.18,"py":4182811.39},{"vx":3.86,"ay":0.21,"az":9.81,"ax":0.16,"pz":10.12,"vy":3.86,"px":552835.66,"py":4182814.03},{"vx":4.05,"ay":0,"az":9.81,"ax":0,"pz":10.12,"vy":4.05,"px":552832.14,"py":4182816.69},{"vx":4,"ay":0.18,"az":9.8,"ax":0.17,"pz":10.12,"vy":4,"px":552828.2,"py":4182819.68}],"traffic_light":[3,3,3,3,2],"state_arr":[{"acceleration":0.33,"throttle":15.84,"steering_target":0.02,"brake":0,"steering_rate":100,"speed":4.77},{"acceleration":1.4,"throttle":60.99,"steering_target":-0.04,"brake":0,"steering_rate":100,"speed":4.98},{"acceleration":0.7,"throttle":21.8,"steering_target":-0.07,"brake":0,"steering_rate":100,"speed":6.15},{"acceleration":0.82,"throttle":23.52,"steering_target":-0.1,"brake":0,"steering_rate":100,"speed":6.43},{"acceleration":-0.07,"throttle":0,"steering_target":-0.12,"brake":14.5,"steering_rate":100,"speed":6.66},{"acceleration":1.03,"throttle":21.14,"steering_target":-0.37,"brake":0,"steering_rate":100,"speed":6.64}],"obstacle_arr":[[],[],[{"acceleration":{"y":-0.01,"x":0.03,"z":0},"position":{"y":4182802.85,"x":552848.7,"z":10.38},"volume":0.22,"type":"PEDESTRIAN","velocity":{"y":-0.43,"x":0.92,"z":0}}],[{"acceleration":{"y":0.15,"x":-0.25,"z":0},"position":{"y":4182802.64,"x":552849.62,"z":10.35},"volume":0.05,"type":"PEDESTRIAN","velocity":{"y":-0.2,"x":0.69,"z":0}}],[{"acceleration":{"y":0,"x":0,"z":0},"position":{"y":4182826.28,"x":552853.03,"z":10.46},"volume":2.28,"type":"VEHICLE","velocity":{"y":0,"x":0,"z":0}},{"acceleration":{"y":0.01,"x":-0.01,"z":0},"position":{"y":4182817.6,"x":552829.37,"z":10.47},"volume":0.19,"type":"PEDESTRIAN","velocity":{"y":0.65,"x":0.17,"z":0}}],[]],"action_description":"Pedestrian crossing the road (left to right)","ev_state":[-48.0101318359375,10.124135017395,335.336364746094,0,0,0,12,0,359.970886230469,306.795532226563,0.00133014284074306,6.772104455546187],"collision_probability":1}
 timestamp= 1619807108000 [RUN] Validate G1 Guard Condition: 
The ego vehicle E Detection.Collision == True.
 timestamp= 1619807108000 [RES] Global Validate result: 
true
 timestamp= 1619807108000 [RUN] Collision == True
 timestamp= 1619807108000 [RUN] Validate G2 Guard Condition: 
The ego vehicle E Detection.OffRoad == True.
 timestamp= 1619807108000 [RES] Global Validate result: 
false
 timestamp= 1619807108000 [RUN] Validate G3 Guard Condition: 
The ego vehicle E Detection.HardBrake == True.
 timestamp= 1619807108000 [RES] Global Validate result: 
false
 timestamp= 1619807108000 [RUN] Validate G4 Guard Condition: 
The ego vehicle E Detection.ArrivalTest == True.
 timestamp= 1619807108000 [RES] Global Validate result: 
false
 timestamp= 1619807108000 [RUN] Validate step: 
The test system VALIDATES THAT the Apollo A Status.GetControl is nearly equal to {"acceleration": 1.03, "throttle": 21.14, "steering_target": -0.37, "brake": 0.0, "steering_rate": 100.0, "speed": 6.64}
 timestamp= 1619807108000 [RES] Validate result: 
true
 timestamp= 1619807108000 [RUN] Generate steps
 timestamp= 1619807108000 [RUN] Validate step: 
The test system VALIDATES THAT the simulator S Status.GetEnvironment is nearly equal to {"x": -48.01, "y": 10.12, "z": 335.34, "rain": 0.0, "fog": 0.0, "wetness": 0.0, "timeofday": 12.0, "signal": 0.0, "rx": 359.97, "ry": 306.8, "rz": 0.0, "speed": 6.77}
 timestamp= 1619807108000 [RES] Validate result: 
true
 timestamp= 1619807108000 [RUN] Execute API step: 
The environment controller C INVOKES API Control.Agents.Pedestrians.WalkRandomly(which_lane=Left_Lane).
 timestamp= 1619807111000 [RES] API result: 
{"pose_arr":[{"vx":4.22,"ay":0.21,"az":9.81,"ax":0.13,"pz":10.12,"vy":4.22,"px":552825.38,"py":4182821.81},{"vx":4.53,"ay":0.18,"az":9.71,"ax":0.08,"pz":10.12,"vy":4.53,"px":552821.36,"py":4182824.85},{"vx":4.63,"ay":0.19,"az":9.81,"ax":0.14,"pz":10.12,"vy":4.63,"px":552817.03,"py":4182828.15},{"vx":4.62,"ay":-0.48,"az":9.82,"ax":-0.36,"pz":10.12,"vy":4.62,"px":552812.52,"py":4182831.58},{"vx":4.68,"ay":0.19,"az":9.82,"ax":0.13,"pz":10.12,"vy":4.68,"px":552808.89,"py":4182834.34},{"vx":4.79,"ay":0.3,"az":9.81,"ax":0.22,"pz":10.12,"vy":4.79,"px":552804.32,"py":4182837.82}],"traffic_light":[2,2,1,3,3],"state_arr":[{"acceleration":1.08,"throttle":37.68,"steering_target":-1.71,"brake":0,"steering_rate":100,"speed":7},{"acceleration":0.7,"throttle":15.7,"steering_target":0.42,"brake":0,"steering_rate":100,"speed":7.44},{"acceleration":0.53,"throttle":15.7,"steering_target":-0.51,"brake":0,"steering_rate":100,"speed":7.59},{"acceleration":-0.42,"throttle":0,"steering_target":0.4,"brake":14.5,"steering_rate":100,"speed":7.77},{"acceleration":0.32,"throttle":15.98,"steering_target":-0.11,"brake":0,"steering_rate":100,"speed":7.68},{"acceleration":0.49,"throttle":19.86,"steering_target":0.23,"brake":0,"steering_rate":100,"speed":7.83},{"acceleration":0.33,"throttle":15.88,"steering_target":-0.02,"brake":0,"steering_rate":100,"speed":8}],"obstacle_arr":[[],[{"acceleration":{"y":0,"x":0,"z":0},"position":{"y":4182819.81,"x":552827.73,"z":10.49},"volume":0.13,"type":"PEDESTRIAN","velocity":{"y":0,"x":0,"z":0}}],[],[],[],[{"acceleration":{"y":0,"x":0,"z":0},"position":{"y":4182831.02,"x":552812.34,"z":10.55},"volume":0.12,"type":"PEDESTRIAN","velocity":{"y":0,"x":0,"z":0}}]],"action_description":"Pedestrian crossing the road (left to right)","ev_state":[-72.1044235229492,10.1238689422607,353.647369384766,0,0,0,12,-1,359.978210449219,307.133087158203,359.993835449219,7.999797873542191],"collision_probability":0.481}
 timestamp= 1619807111000 [RUN] Validate G1 Guard Condition: 
The ego vehicle E Detection.Collision == True.
 timestamp= 1619807111000 [RES] Global Validate result: 
false
 timestamp= 1619807111000 [RUN] Validate G2 Guard Condition: 
The ego vehicle E Detection.OffRoad == True.
 timestamp= 1619807111000 [RES] Global Validate result: 
false
 timestamp= 1619807111000 [RUN] Validate G3 Guard Condition: 
The ego vehicle E Detection.HardBrake == True.
 timestamp= 1619807111000 [RES] Global Validate result: 
false
 timestamp= 1619807111000 [RUN] Validate G4 Guard Condition: 
The ego vehicle E Detection.ArrivalTest == True.
 timestamp= 1619807111000 [RES] Global Validate result: 
false
 timestamp= 1619807111000 [RUN] Validate step: 
The test system VALIDATES THAT the Apollo A Status.GetControl is nearly equal to {"acceleration": 0.33, "throttle": 15.88, "steering_target": -0.02, "brake": 0.0, "steering_rate": 100.0, "speed": 8.0}
 timestamp= 1619807111000 [RES] Validate result: 
true
 timestamp= 1619807111000 [RUN] Generate steps
 timestamp= 1619807111000 [RUN] Validate step: 
The test system VALIDATES THAT the simulator S Status.GetEnvironment is nearly equal to {"x": -72.1, "y": 10.12, "z": 353.65, "rain": 0.0, "fog": 0.0, "wetness": 0.0, "timeofday": 12.0, "signal": -1.0, "rx": 359.98, "ry": 307.13, "rz": 359.99, "speed": 8.0}
 timestamp= 1619807111000 [RES] Validate result: 
true
 timestamp= 1619807111000 [RUN] Execute API step: 
The environment controller C INVOKES API Control.Agents.Pedestrians.WalkRandomly(which_lane=Left_Lane).
 timestamp= 1619807115000 [RES] API result: 
{"pose_arr":[{"vx":4.9,"ay":0.38,"az":9.81,"ax":0.28,"pz":10.12,"vy":4.9,"px":552801.32,"py":4182840.09},{"vx":5.02,"ay":0.18,"az":9.81,"ax":0.13,"pz":10.12,"vy":5.02,"px":552796.65,"py":4182843.62},{"vx":4.98,"ay":-0.49,"az":9.83,"ax":-0.37,"pz":10.12,"vy":4.98,"px":552792.27,"py":4182846.92},{"vx":4.77,"ay":0.35,"az":9.79,"ax":0.27,"pz":10.12,"vy":4.77,"px":552787.38,"py":4182850.59},{"vx":4.9,"ay":0.23,"az":9.81,"ax":0.17,"pz":10.12,"vy":4.9,"px":552783.37,"py":4182853.59},{"vx":4.51,"ay":-0.48,"az":9.8,"ax":-0.36,"pz":10.13,"vy":4.51,"px":552778.54,"py":4182857.2}],"traffic_light":[3,3,3,3,3,1],"state_arr":[{"acceleration":0.26,"throttle":15.7,"steering_target":0.24,"brake":0,"steering_rate":100,"speed":8.23},{"acceleration":0,"throttle":15.7,"steering_target":0.13,"brake":0,"steering_rate":100,"speed":8.37},{"acceleration":0.09,"throttle":15.7,"steering_target":0.08,"brake":0,"steering_rate":100,"speed":8.22},{"acceleration":-0.62,"throttle":0,"steering_target":0.11,"brake":29.95,"steering_rate":100,"speed":7.96},{"acceleration":-0.65,"throttle":0,"steering_target":0.08,"brake":15.72,"steering_rate":100,"speed":8.19},{"acceleration":0,"throttle":15.7,"steering_target":0.09,"brake":0,"steering_rate":100,"speed":7.74}],"obstacle_arr":[[],[],[],[{"acceleration":{"y":0,"x":0,"z":0},"position":{"y":4182850.09,"x":552785.52,"z":10.96},"volume":0.05,"type":"PEDESTRIAN","velocity":{"y":0,"x":0,"z":0}}],[],[{"acceleration":{"y":0,"x":0,"z":0},"position":{"y":4182851.16,"x":552785.72,"z":10.42},"volume":0.27,"type":"PEDESTRIAN","velocity":{"y":0,"x":0,"z":0}}]],"action_description":"Pedestrian crossing the road (left to right)","ev_state":[-97.9877853393555,10.1239681243896,373.070983886719,0,0,0,12,1,0.00888531096279621,306.676208496094,-0.00270000542514026,7.60288338190538],"collision_probability":0.555}
 timestamp= 1619807115000 [RUN] Validate G1 Guard Condition: 
The ego vehicle E Detection.Collision == True.
 timestamp= 1619807115000 [RES] Global Validate result: 
false
 timestamp= 1619807115000 [RUN] Validate G2 Guard Condition: 
The ego vehicle E Detection.OffRoad == True.
 timestamp= 1619807115000 [RES] Global Validate result: 
false
 timestamp= 1619807115000 [RUN] Validate G3 Guard Condition: 
The ego vehicle E Detection.HardBrake == True.
 timestamp= 1619807115000 [RES] Global Validate result: 
false
 timestamp= 1619807115000 [RUN] Validate G4 Guard Condition: 
The ego vehicle E Detection.ArrivalTest == True.
 timestamp= 1619807115000 [RES] Global Validate result: 
false
 timestamp= 1619807115000 [RUN] Validate step: 
The test system VALIDATES THAT the Apollo A Status.GetControl is nearly equal to {"acceleration": 0.0, "throttle": 15.7, "steering_target": 0.09, "brake": 0.0, "steering_rate": 100.0, "speed": 7.74}
 timestamp= 1619807115000 [RES] Validate result: 
true
 timestamp= 1619807115000 [RUN] Generate steps
 timestamp= 1619807115000 [RUN] Validate step: 
The test system VALIDATES THAT the simulator S Status.GetEnvironment is nearly equal to {"x": -97.99, "y": 10.12, "z": 373.07, "rain": 0.0, "fog": 0.0, "wetness": 0.0, "timeofday": 12.0, "signal": 1.0, "rx": 0.01, "ry": 306.68, "rz": -0.0, "speed": 7.6}
 timestamp= 1619807115000 [RES] Validate result: 
true
 timestamp= 1619807115000 [RUN] Execute API step: 
The environment controller C INVOKES API Control.Agents.Pedestrians.WalkRandomly(which_lane=Left_Lane).
 timestamp= 1619807118000 [RES] API result: 
{"pose_arr":[{"vx":4.14,"ay":-2.35,"az":9.86,"ax":-1.75,"pz":10.13,"vy":4.14,"px":552775.5,"py":4182859.46},{"vx":4.18,"ay":0.49,"az":9.8,"ax":0.37,"pz":10.12,"vy":4.18,"px":552771.69,"py":4182862.29},{"vx":4.01,"ay":-0.75,"az":9.83,"ax":-0.54,"pz":10.12,"vy":4.01,"px":552769.01,"py":4182864.29},{"vx":3.55,"ay":-0.45,"az":9.8,"ax":-0.34,"pz":10.13,"vy":3.55,"px":552764.71,"py":4182867.47},{"vx":3.06,"ay":-1.62,"az":9.82,"ax":-1.19,"pz":10.13,"vy":3.06,"px":552761.66,"py":4182869.73},{"vx":2.6,"ay":-0.98,"az":9.81,"ax":-0.67,"pz":10.13,"vy":2.6,"px":552759.63,"py":4182871.23}],"traffic_light":[3,3,1,1,1,1],"state_arr":[{"acceleration":-0.67,"throttle":0,"steering_target":0.1,"brake":40.6,"steering_rate":100,"speed":7.6},{"acceleration":0.8,"throttle":15.7,"steering_target":0.05,"brake":0,"steering_rate":100,"speed":6.79},{"acceleration":-0.53,"throttle":0,"steering_target":-0.01,"brake":14.5,"steering_rate":100,"speed":6.96},{"acceleration":-0.66,"throttle":0,"steering_target":0.21,"brake":15.28,"steering_rate":100,"speed":6.54},{"acceleration":0.11,"throttle":15.7,"steering_target":0.22,"brake":0,"steering_rate":100,"speed":5.91},{"acceleration":-1.52,"throttle":0,"steering_target":0.04,"brake":26.03,"steering_rate":100,"speed":5.05},{"acceleration":-0.86,"throttle":0,"steering_target":-0.17,"brake":37.82,"steering_rate":100,"speed":4.36},{"acceleration":-0.61,"throttle":0,"steering_target":0.63,"brake":15.26,"steering_rate":100,"speed":3.91}],"obstacle_arr":[[],[],[],[{"acceleration":{"y":0.01,"x":-0.01,"z":0},"position":{"y":4182868.48,"x":552759.75,"z":10.66},"volume":0.13,"type":"PEDESTRIAN","velocity":{"y":0.08,"x":0.73,"z":0}}],[],[],[]],"action_description":"Pedestrian crossing the road (left to right)","ev_state":[-117.131011962891,10.1245908737183,387.255950927734,0,0,0,12,1,0.0449435263872147,306.417419433594,-0.00165167055092752,3.9052872047642895],"collision_probability":0.497}
 timestamp= 1619807118000 [RUN] Validate G1 Guard Condition: 
The ego vehicle E Detection.Collision == True.
 timestamp= 1619807118000 [RES] Global Validate result: 
false
 timestamp= 1619807118000 [RUN] Validate G2 Guard Condition: 
The ego vehicle E Detection.OffRoad == True.
 timestamp= 1619807118000 [RES] Global Validate result: 
false
 timestamp= 1619807118000 [RUN] Validate G3 Guard Condition: 
The ego vehicle E Detection.HardBrake == True.
 timestamp= 1619807118000 [RES] Global Validate result: 
false
 timestamp= 1619807118000 [RUN] Validate G4 Guard Condition: 
The ego vehicle E Detection.ArrivalTest == True.
 timestamp= 1619807118000 [RES] Global Validate result: 
false
 timestamp= 1619807118000 [RUN] Validate step: 
The test system VALIDATES THAT the Apollo A Status.GetControl is nearly equal to {"acceleration": -0.61, "throttle": 0.0, "steering_target": 0.63, "brake": 15.26, "steering_rate": 100.0, "speed": 3.91}
 timestamp= 1619807118000 [RES] Validate result: 
true
 timestamp= 1619807118000 [RUN] Generate steps
 timestamp= 1619807118000 [RUN] Validate step: 
The test system VALIDATES THAT the simulator S Status.GetEnvironment is nearly equal to {"x": -117.13, "y": 10.12, "z": 387.26, "rain": 0.0, "fog": 0.0, "wetness": 0.0, "timeofday": 12.0, "signal": 1.0, "rx": 0.04, "ry": 306.42, "rz": -0.0, "speed": 3.91}
 timestamp= 1619807118000 [RES] Validate result: 
true
 timestamp= 1619807118000 [RUN] Execute API step: 
The environment controller C INVOKES API Control.Agents.Pedestrians.WalkRandomly(which_lane=Left_Lane).
 timestamp= 1619807122000 [RES] API result: 
{"pose_arr":[{"vx":2.31,"ay":-0.38,"az":9.83,"ax":-0.36,"pz":10.13,"vy":2.31,"px":552757.86,"py":4182872.53},{"vx":2.07,"ay":-0.53,"az":9.81,"ax":-0.39,"pz":10.13,"vy":2.07,"px":552755.93,"py":4182873.95},{"vx":2.02,"ay":-0.41,"az":9.82,"ax":-0.3,"pz":10.12,"vy":2.02,"px":552754.1,"py":4182875.29},{"vx":1.77,"ay":-0.41,"az":9.81,"ax":-0.3,"pz":10.13,"vy":1.77,"px":552752.51,"py":4182876.45},{"vx":1.85,"ay":0.42,"az":9.81,"ax":0.31,"pz":10.12,"vy":1.85,"px":552751.25,"py":4182877.37},{"vx":1.7,"ay":-0.66,"az":9.82,"ax":-0.48,"pz":10.13,"vy":1.7,"px":552749.48,"py":4182878.65},{"vx":1.28,"ay":-1.12,"az":9.81,"ax":-0.9,"pz":10.13,"vy":1.28,"px":552748.17,"py":4182879.61}],"traffic_light":[1,1,3,3,3,1],"state_arr":[{"acceleration":-0.72,"throttle":0,"steering_target":0.39,"brake":16.73,"steering_rate":100,"speed":3.62},{"acceleration":-0.08,"throttle":0,"steering_target":0.1,"brake":14.5,"steering_rate":100,"speed":3.29},{"acceleration":-0.6,"throttle":0,"steering_target":0.45,"brake":15.14,"steering_rate":100,"speed":3.28},{"acceleration":0.5,"throttle":18.96,"steering_target":0.44,"brake":0,"steering_rate":100,"speed":3.01},{"acceleration":0.36,"throttle":16.35,"steering_target":0.53,"brake":0,"steering_rate":100,"speed":2.96},{"acceleration":-0.48,"throttle":0,"steering_target":-26.03,"brake":14.5,"steering_rate":100,"speed":2.68},{"acceleration":-2.26,"throttle":0,"steering_target":-9.27,"brake":33.63,"steering_rate":100,"speed":1.88}],"obstacle_arr":[[{"acceleration":{"y":0,"x":0,"z":0},"position":{"y":4182869.01,"x":552762.41,"z":10.41},"volume":0.25,"type":"PEDESTRIAN","velocity":{"y":-0.01,"x":0.7,"z":0}}],[{"acceleration":{"y":-0.04,"x":0.23,"z":0},"position":{"y":4182869.09,"x":552762.85,"z":10.54},"volume":0.05,"type":"PEDESTRIAN","velocity":{"y":0.04,"x":0.67,"z":0}},{"acceleration":{"y":0,"x":0,"z":0},"position":{"y":4182881.86,"x":552739.9,"z":10.24},"volume":0.1,"type":"PEDESTRIAN","velocity":{"y":0,"x":0,"z":0}}],[{"acceleration":{"y":0.1,"x":-0.65,"z":0},"position":{"y":4182869.3,"x":552763.29,"z":10.58},"volume":0.06,"type":"PEDESTRIAN","velocity":{"y":0,"x":0,"z":0}}],[],[{"acceleration":{"y":0.08,"x":0.46,"z":0},"position":{"y":4182882.5,"x":552741.75,"z":10.12},"volume":0.34,"type":"PEDESTRIAN","velocity":{"y":-0.1,"x":0.65,"z":0}}],[{"acceleration":{"y":-0.12,"x":-0.26,"z":0},"position":{"y":4182882.55,"x":552742.12,"z":10.14},"volume":0.48,"type":"PEDESTRIAN","velocity":{"y":-0.23,"x":0.59,"z":0}}]],"action_description":"Pedestrian crossing the road (left to right)","ev_state":[-127.128982543945,10.1247968673706,394.588439941406,0,0,0,12,0,0.0892321616411209,307.273986816406,0.00481573957949877,1.8069739454517313],"collision_probability":0}
 timestamp= 1619807122000 [RUN] Validate G1 Guard Condition: 
The ego vehicle E Detection.Collision == True.
 timestamp= 1619807122000 [RES] Global Validate result: 
false
 timestamp= 1619807122000 [RUN] Validate G2 Guard Condition: 
The ego vehicle E Detection.OffRoad == True.
 timestamp= 1619807122000 [RES] Global Validate result: 
false
 timestamp= 1619807122000 [RUN] Validate G3 Guard Condition: 
The ego vehicle E Detection.HardBrake == True.
 timestamp= 1619807122000 [RES] Global Validate result: 
false
 timestamp= 1619807122000 [RUN] Validate G4 Guard Condition: 
The ego vehicle E Detection.ArrivalTest == True.
 timestamp= 1619807122000 [RES] Global Validate result: 
false
 timestamp= 1619807122000 [RUN] Validate step: 
The test system VALIDATES THAT the Apollo A Status.GetControl is nearly equal to {"acceleration": -2.26, "throttle": 0.0, "steering_target": -9.27, "brake": 33.63, "steering_rate": 100.0, "speed": 1.88}
 timestamp= 1619807122000 [RES] Validate result: 
true
 timestamp= 1619807122000 [RUN] Generate steps
 timestamp= 1619807122000 [RUN] Validate step: 
The test system VALIDATES THAT the simulator S Status.GetEnvironment is nearly equal to {"x": -127.13, "y": 10.12, "z": 394.59, "rain": 0.0, "fog": 0.0, "wetness": 0.0, "timeofday": 12.0, "signal": 0.0, "rx": 0.09, "ry": 307.27, "rz": 0.0, "speed": 1.81}
 timestamp= 1619807122000 [RES] Validate result: 
true
 timestamp= 1619807122000 [RUN] Execute API step: 
The environment controller C INVOKES API Control.Agents.Pedestrians.WalkRandomly(which_lane=Left_Lane).
 timestamp= 1619807126000 [RES] API result: 
{"pose_arr":[{"vx":0.81,"ay":-1.43,"az":9.81,"ax":-1.15,"pz":10.13,"vy":0.81,"px":552747.59,"py":4182880.05},{"vx":0.27,"ay":-0.66,"az":9.81,"ax":-0.52,"pz":10.13,"vy":0.27,"px":552747.15,"py":4182880.39},{"vx":0.14,"ay":-0.36,"az":9.81,"ax":-0.28,"pz":10.13,"vy":0.14,"px":552747.03,"py":4182880.48},{"vx":0,"ay":0,"az":9.81,"ax":0,"pz":10.13,"vy":0,"px":552746.99,"py":4182880.52},{"vx":0.03,"ay":-0.35,"az":9.81,"ax":-0.28,"pz":10.12,"vy":0.03,"px":552746.97,"py":4182880.53},{"vx":0,"ay":0,"az":9.81,"ax":0,"pz":10.12,"vy":0,"px":552746.97,"py":4182880.53},{"vx":0.91,"ay":3.03,"az":9.81,"ax":2.33,"pz":10.12,"vy":0.91,"px":552746.72,"py":4182880.73}],"traffic_light":[1,3,3,1,1,1],"state_arr":[{"acceleration":-1.46,"throttle":0,"steering_target":-3.45,"brake":26.39,"steering_rate":100,"speed":1.11},{"acceleration":-0.56,"throttle":0,"steering_target":-0.83,"brake":15.2,"steering_rate":100,"speed":0.43},{"acceleration":-0.1,"throttle":0,"steering_target":-0.67,"brake":14.5,"steering_rate":100,"speed":0.22},{"acceleration":0,"throttle":15.7,"steering_target":-0.71,"brake":0,"steering_rate":100,"speed":0},{"acceleration":0.01,"throttle":15.7,"steering_target":-0.71,"brake":0,"steering_rate":100,"speed":0.02},{"acceleration":-3,"throttle":0,"steering_target":0,"brake":69.99,"steering_rate":100,"speed":0},{"acceleration":0.89,"throttle":70.18,"steering_target":0,"brake":0,"steering_rate":100,"speed":0}],"obstacle_arr":[[{"acceleration":{"y":0.17,"x":-0.36,"z":0},"position":{"y":4182883,"x":552742.74,"z":10.14},"volume":0.41,"type":"PEDESTRIAN","velocity":{"y":0.08,"x":0.51,"z":0}}],[{"acceleration":{"y":-0.01,"x":-0.11,"z":0},"position":{"y":4182883.15,"x":552743.24,"z":10.13},"volume":0.63,"type":"PEDESTRIAN","velocity":{"y":0,"x":0,"z":0}}],[{"acceleration":{"y":0,"x":0,"z":0},"position":{"y":4182883.28,"x":552743.73,"z":10.28},"volume":0.19,"type":"PEDESTRIAN","velocity":{"y":0,"x":0,"z":0}}],[{"acceleration":{"y":-0.04,"x":0.12,"z":0},"position":{"y":4182883.51,"x":552744.28,"z":10.62},"volume":0.18,"type":"PEDESTRIAN","velocity":{"y":0.13,"x":0.49,"z":0}}],[{"acceleration":{"y":-0.02,"x":0.02,"z":0},"position":{"y":4182883.64,"x":552744.69,"z":10.73},"volume":0.17,"type":"PEDESTRIAN","velocity":{"y":0.15,"x":0.69,"z":0}},{"acceleration":{"y":0,"x":0,"z":0},"position":{"y":4182889.26,"x":552731.09,"z":10.21},"volume":0.07,"type":"PEDESTRIAN","velocity":{"y":0,"x":0,"z":0}}],[{"acceleration":{"y":-0.03,"x":0.11,"z":0},"position":{"y":4182883.75,"x":552745.41,"z":10.84},"volume":0.09,"type":"PEDESTRIAN","velocity":{"y":0.24,"x":1.03,"z":0}}],[{"acceleration":{"y":0.1,"x":-0.1,"z":0},"position":{"y":4182883.99,"x":552746.13,"z":10.89},"volume":0.06,"type":"PEDESTRIAN","velocity":{"y":0.32,"x":0.95,"z":0}},{"acceleration":{"y":-0.01,"x":0.81,"z":0},"position":{"y":4182889.16,"x":552732.47,"z":10.31},"volume":0.15,"type":"PEDESTRIAN","velocity":{"y":-0.01,"x":0.5,"z":0}}]],"action_description":"Pedestrian crossing the road (left to right)","ev_state":[-128.381286621094,10.124659538269,395.575866699219,0,0,0,12,-1,359.811553955078,307.880432128906,-0.000462721131043509,1.6504804821844248],"collision_probability":0.46}
 timestamp= 1619807126000 [RUN] Validate G1 Guard Condition: 
The ego vehicle E Detection.Collision == True.
 timestamp= 1619807126000 [RES] Global Validate result: 
false
 timestamp= 1619807126000 [RUN] Validate G2 Guard Condition: 
The ego vehicle E Detection.OffRoad == True.
 timestamp= 1619807126000 [RES] Global Validate result: 
false
 timestamp= 1619807126000 [RUN] Validate G3 Guard Condition: 
The ego vehicle E Detection.HardBrake == True.
 timestamp= 1619807126000 [RES] Global Validate result: 
false
 timestamp= 1619807126000 [RUN] Validate G4 Guard Condition: 
The ego vehicle E Detection.ArrivalTest == True.
 timestamp= 1619807126000 [RES] Global Validate result: 
false
 timestamp= 1619807126000 [RUN] Validate step: 
The test system VALIDATES THAT the Apollo A Status.GetControl is nearly equal to {"acceleration": 0.89, "throttle": 70.18, "steering_target": 0.0, "brake": 0.0, "steering_rate": 100.0, "speed": 0.0}
 timestamp= 1619807126000 [RES] Validate result: 
true
 timestamp= 1619807126000 [RUN] Generate steps
 timestamp= 1619807126000 [RUN] Validate step: 
The test system VALIDATES THAT the simulator S Status.GetEnvironment is nearly equal to {"x": -128.38, "y": 10.12, "z": 395.58, "rain": 0.0, "fog": 0.0, "wetness": 0.0, "timeofday": 12.0, "signal": -1.0, "rx": 359.81, "ry": 307.88, "rz": -0.0, "speed": 1.65}
 timestamp= 1619807126000 [RES] Validate result: 
true
 timestamp= 1619807126000 [RUN] Execute API step: 
The environment controller C INVOKES API Control.Agents.Pedestrians.WalkRandomly(which_lane=Left_Lane).
 timestamp= 1619807130000 [RES] API result: 
{"pose_arr":[{"vx":1.56,"ay":1.18,"az":9.82,"ax":0.91,"pz":10.12,"vy":1.56,"px":552745.84,"py":4182881.41},{"vx":1.65,"ay":0.36,"az":9.81,"ax":0.27,"pz":10.12,"vy":1.65,"px":552744.9,"py":4182882.13},{"vx":1.39,"ay":-1.51,"az":9.82,"ax":-1.11,"pz":10.13,"vy":1.39,"px":552743.55,"py":4182883.16},{"vx":0.6,"ay":-2.36,"az":9.81,"ax":-1.75,"pz":10.13,"vy":0.6,"px":552742.67,"py":4182883.82},{"vx":0.04,"ay":-1.34,"az":9.81,"ax":-0.99,"pz":10.13,"vy":0.04,"px":552742.41,"py":4182884.01},{"vx":0,"ay":0,"az":9.81,"ax":0,"pz":10.12,"vy":0,"px":552742.41,"py":4182884.01}],"traffic_light":[1,3,3,3,3,3],"state_arr":[{"acceleration":1.12,"throttle":34.75,"steering_target":0.91,"brake":0,"steering_rate":100,"speed":1.65},{"acceleration":0.4,"throttle":17.09,"steering_target":2.68,"brake":0,"steering_rate":100,"speed":2.58},{"acceleration":-0.68,"throttle":0,"steering_target":1.74,"brake":16.53,"steering_rate":100,"speed":2.77},{"acceleration":-1.96,"throttle":0,"steering_target":1.07,"brake":31.3,"steering_rate":100,"speed":2.22},{"acceleration":-1.65,"throttle":0,"steering_target":0.84,"brake":28.51,"steering_rate":100,"speed":1.28},{"acceleration":-1.51,"throttle":0,"steering_target":1.41,"brake":28.14,"steering_rate":100,"speed":0.2},{"acceleration":-0.69,"throttle":0,"steering_target":1.45,"brake":39.15,"steering_rate":100,"speed":0},{"acceleration":-0.38,"throttle":0,"steering_target":1.45,"brake":21.94,"steering_rate":100,"speed":0}],"obstacle_arr":[[{"acceleration":{"y":-1.48,"x":-0.14,"z":0},"position":{"y":4182883.62,"x":552746.51,"z":11.04},"volume":0.06,"type":"PEDESTRIAN","velocity":{"y":-0.57,"x":0.77,"z":0}}],[{"acceleration":{"y":-0.15,"x":-0.18,"z":0},"position":{"y":4182883.14,"x":552747.12,"z":11.23},"volume":0.04,"type":"PEDESTRIAN","velocity":{"y":-0.79,"x":0.74,"z":0}},{"acceleration":{"y":-0.1,"x":0.08,"z":0},"position":{"y":4182888.69,"x":552733.64,"z":10.69},"volume":0.04,"type":"PEDESTRIAN","velocity":{"y":-0.42,"x":0.71,"z":0}}],[{"acceleration":{"y":0.08,"x":-0.07,"z":0},"position":{"y":4182882.93,"x":552747.44,"z":10.51},"volume":0.12,"type":"PEDESTRIAN","velocity":{"y":-0.62,"x":0.64,"z":0}},{"acceleration":{"y":0.13,"x":0.07,"z":0},"position":{"y":4182888.71,"x":552734.31,"z":10.54},"volume":0.04,"type":"PEDESTRIAN","velocity":{"y":-0.1,"x":0.73,"z":0}}],[{"acceleration":{"y":-0.08,"x":-0.2,"z":0},"position":{"y":4182888.78,"x":552734.66,"z":10.4},"volume":0.11,"type":"PEDESTRIAN","velocity":{"y":-0.03,"x":0.52,"z":0}}],[{"acceleration":{"y":-0.05,"x":-0.43,"z":0},"position":{"y":4182888.69,"x":552735.17,"z":10.47},"volume":0.21,"type":"PEDESTRIAN","velocity":{"y":-0.15,"x":0.57,"z":0}},{"acceleration":{"y":0.14,"x":0.61,"z":0},"position":{"y":4182890.37,"x":552730.11,"z":10.43},"volume":0.12,"type":"PEDESTRIAN","velocity":{"y":0.05,"x":0.59,"z":0}}],[{"acceleration":{"y":0.07,"x":-0.28,"z":0},"position":{"y":4182888.59,"x":552735.76,"z":10.46},"volume":0.18,"type":"PEDESTRIAN","velocity":{"y":-0.08,"x":0.5,"z":0}}],[{"acceleration":{"y":-0.06,"x":0.68,"z":0},"position":{"y":4182888.56,"x":552736.46,"z":10.56},"volume":0.18,"type":"PEDESTRIAN","velocity":{"y":-0.06,"x":0.79,"z":0}},{"acceleration":{"y":0.03,"x":0.13,"z":0},"position":{"y":4182881.55,"x":552749.19,"z":10.6},"volume":0.15,"type":"PEDESTRIAN","velocity":{"y":-0.4,"x":0.66,"z":0}}]],"action_description":"Pedestrian crossing the road (left to right)","ev_state":[-132.655792236328,10.1248035430908,398.793792724609,0,0,0,12,-1,0.0000523474263900425,306.728576660156,0.00000311602070723893,0.00007125232030690889],"collision_probability":0.483}
 timestamp= 1619807130000 [RUN] Validate G1 Guard Condition: 
The ego vehicle E Detection.Collision == True.
 timestamp= 1619807130000 [RES] Global Validate result: 
false
 timestamp= 1619807130000 [RUN] Validate G2 Guard Condition: 
The ego vehicle E Detection.OffRoad == True.
 timestamp= 1619807130000 [RES] Global Validate result: 
false
 timestamp= 1619807130000 [RUN] Validate G3 Guard Condition: 
The ego vehicle E Detection.HardBrake == True.
 timestamp= 1619807130000 [RES] Global Validate result: 
false
 timestamp= 1619807130000 [RUN] Validate G4 Guard Condition: 
The ego vehicle E Detection.ArrivalTest == True.
 timestamp= 1619807130000 [RES] Global Validate result: 
false
 timestamp= 1619807130000 [RUN] Validate step: 
The test system VALIDATES THAT the Apollo A Status.GetControl is nearly equal to {"acceleration": -0.38, "throttle": 0.0, "steering_target": 1.45, "brake": 21.94, "steering_rate": 100.0, "speed": 0.0}
 timestamp= 1619807130000 [RES] Validate result: 
true
 timestamp= 1619807130000 [RUN] Generate steps
 timestamp= 1619807130000 [RUN] Validate step: 
The test system VALIDATES THAT the simulator S Status.GetEnvironment is nearly equal to {"x": -132.66, "y": 10.12, "z": 398.79, "rain": 0.0, "fog": 0.0, "wetness": 0.0, "timeofday": 12.0, "signal": -1.0, "rx": 0.0, "ry": 306.73, "rz": 0.0, "speed": 0.0}
 timestamp= 1619807130000 [RES] Validate result: 
true
 timestamp= 1619807130000 [RUN] Execute API step: 
The environment controller C INVOKES API Control.Agents.Pedestrians.WalkRandomly(which_lane=Left_Lane).
 timestamp= 1619807133000 [RES] API result: 
{"pose_arr":[{"vx":0,"ay":0,"az":9.81,"ax":0,"pz":10.12,"vy":0,"px":552742.41,"py":4182884.01},{"vx":0,"ay":0,"az":9.81,"ax":0,"pz":10.12,"vy":0,"px":552742.41,"py":4182884.01},{"vx":0,"ay":0,"az":9.81,"ax":0,"pz":10.12,"vy":0,"px":552742.41,"py":4182884.01},{"vx":0,"ay":0,"az":9.81,"ax":0,"pz":10.12,"vy":0,"px":552742.41,"py":4182884.01},{"vx":0,"ay":0,"az":9.81,"ax":0,"pz":10.12,"vy":0,"px":552742.41,"py":4182884.01},{"vx":0,"ay":0,"az":9.81,"ax":0,"pz":10.12,"vy":0,"px":552742.41,"py":4182884.01},{"vx":0,"ay":0,"az":9.81,"ax":0,"pz":10.12,"vy":0,"px":552742.41,"py":4182884.01}],"traffic_light":[3,3,3,3,3,3],"state_arr":[{"acceleration":-0.41,"throttle":0,"steering_target":1.45,"brake":17.82,"steering_rate":100,"speed":0},{"acceleration":-3,"throttle":0,"steering_target":1.45,"brake":70,"steering_rate":100,"speed":0},{"acceleration":-3,"throttle":0,"steering_target":1.45,"brake":70,"steering_rate":100,"speed":0},{"acceleration":-3,"throttle":0,"steering_target":1.45,"brake":70,"steering_rate":100,"speed":0},{"acceleration":-3,"throttle":0,"steering_target":1.45,"brake":69.99,"steering_rate":100,"speed":0},{"acceleration":-3,"throttle":0,"steering_target":1.45,"brake":69.99,"steering_rate":100,"speed":0},{"acceleration":-0.4,"throttle":0,"steering_target":1.45,"brake":17.2,"steering_rate":100,"speed":0}],"obstacle_arr":[[{"acceleration":{"y":-0.08,"x":0.1,"z":0},"position":{"y":4182888.5,"x":552736.82,"z":10.41},"volume":0.22,"type":"PEDESTRIAN","velocity":{"y":-0.16,"x":0.84,"z":0}},{"acceleration":{"y":-0.07,"x":0.03,"z":0},"position":{"y":4182881.21,"x":552749.56,"z":10.7},"volume":0.07,"type":"PEDESTRIAN","velocity":{"y":-0.48,"x":0.68,"z":0}},{"acceleration":{"y":0,"x":0,"z":0},"position":{"y":4182890.13,"x":552731.7,"z":10.43},"volume":0.07,"type":"PEDESTRIAN","velocity":{"y":0,"x":0,"z":0}}],[{"acceleration":{"y":0.09,"x":0.09,"z":0},"position":{"y":4182888.44,"x":552737.37,"z":10.52},"volume":0.14,"type":"PEDESTRIAN","velocity":{"y":-0.11,"x":1.05,"z":0}},{"acceleration":{"y":-0.14,"x":0.83,"z":0},"position":{"y":4182890,"x":552732.28,"z":10.54},"volume":0.08,"type":"PEDESTRIAN","velocity":{"y":-0.08,"x":0.57,"z":0}}],[{"acceleration":{"y":0.06,"x":-0.51,"z":0},"position":{"y":4182888.26,"x":552737.95,"z":10.43},"volume":0.21,"type":"PEDESTRIAN","velocity":{"y":-0.17,"x":0.85,"z":0}},{"acceleration":{"y":0,"x":-0.28,"z":0},"position":{"y":4182889.74,"x":552732.78,"z":10.39},"volume":0.06,"type":"PEDESTRIAN","velocity":{"y":-0.17,"x":0.49,"z":0}}],[{"acceleration":{"y":0.11,"x":-0.53,"z":0},"position":{"y":4182888.26,"x":552738.44,"z":10.51},"volume":0.3,"type":"PEDESTRIAN","velocity":{"y":-0.15,"x":0.79,"z":0}},{"acceleration":{"y":0.19,"x":-0.62,"z":0},"position":{"y":4182889.65,"x":552733.29,"z":10.72},"volume":0.06,"type":"PEDESTRIAN","velocity":{"y":0,"x":0,"z":0}},{"acceleration":{"y":0,"x":0,"z":0},"position":{"y":4182880.2,"x":552750.92,"z":10.64},"volume":0.04,"type":"PEDESTRIAN","velocity":{"y":0,"x":0,"z":0}}],[{"acceleration":{"y":0.29,"x":-0.59,"z":0},"position":{"y":4182888.13,"x":552738.95,"z":10.33},"volume":0.23,"type":"PEDESTRIAN","velocity":{"y":-0.01,"x":0.59,"z":0}}],[{"acceleration":{"y":-0.12,"x":0.07,"z":0},"position":{"y":4182888.04,"x":552739.73,"z":10.39},"volume":0.3,"type":"PEDESTRIAN","velocity":{"y":-0.13,"x":0.84,"z":0}},{"acceleration":{"y":-0.07,"x":0.11,"z":0},"position":{"y":4182889.39,"x":552734.66,"z":10.56},"volume":0.1,"type":"PEDESTRIAN","velocity":{"y":-0.24,"x":0.91,"z":0}}],[{"acceleration":{"y":0.06,"x":0.28,"z":0},"position":{"y":4182887.83,"x":552740.33,"z":10.42},"volume":0.28,"type":"PEDESTRIAN","velocity":{"y":-0.1,"x":0.78,"z":0}},{"acceleration":{"y":0.28,"x":-0.28,"z":0},"position":{"y":4182889.29,"x":552735.13,"z":10.52},"volume":0.16,"type":"PEDESTRIAN","velocity":{"y":-0.18,"x":0.74,"z":0}}]],"action_description":"Pedestrian crossing the road (left to right)","ev_state":[-132.655792236328,10.1248044967651,398.793792724609,0,0,0,12,-1,-0.00000273493037639128,306.728576660156,-0.00000149372874602705,0.00007624558123087239],"collision_probability":0.287}
 timestamp= 1619807133000 [RUN] Validate G1 Guard Condition: 
The ego vehicle E Detection.Collision == True.
 timestamp= 1619807133000 [RES] Global Validate result: 
false
 timestamp= 1619807133000 [RUN] Validate G2 Guard Condition: 
The ego vehicle E Detection.OffRoad == True.
 timestamp= 1619807133000 [RES] Global Validate result: 
false
 timestamp= 1619807133000 [RUN] Validate G3 Guard Condition: 
The ego vehicle E Detection.HardBrake == True.
 timestamp= 1619807133000 [RES] Global Validate result: 
false
 timestamp= 1619807133000 [RUN] Validate G4 Guard Condition: 
The ego vehicle E Detection.ArrivalTest == True.
 timestamp= 1619807133000 [RES] Global Validate result: 
false
 timestamp= 1619807133000 [RUN] Validate step: 
The test system VALIDATES THAT the Apollo A Status.GetControl is nearly equal to {"acceleration": -0.4, "throttle": 0.0, "steering_target": 1.45, "brake": 17.2, "steering_rate": 100.0, "speed": 0.0}
 timestamp= 1619807133000 [RES] Validate result: 
true
 timestamp= 1619807133000 [RUN] Generate steps
 timestamp= 1619807133000 [RUN] Validate step: 
The test system VALIDATES THAT the simulator S Status.GetEnvironment is nearly equal to {"x": -132.66, "y": 10.12, "z": 398.79, "rain": 0.0, "fog": 0.0, "wetness": 0.0, "timeofday": 12.0, "signal": -1.0, "rx": -0.0, "ry": 306.73, "rz": -0.0, "speed": 0.0}
 timestamp= 1619807133000 [RES] Validate result: 
true
 timestamp= 1619807133000 [RUN] Execute API step: 
The environment controller C INVOKES API Control.Agents.Pedestrians.WalkRandomly(which_lane=Left_Lane).
 timestamp= 1619807137000 [RES] API result: 
{"pose_arr":[{"vx":0,"ay":0,"az":9.81,"ax":0,"pz":10.12,"vy":0,"px":552742.41,"py":4182884.01},{"vx":0,"ay":0,"az":9.81,"ax":0,"pz":10.12,"vy":0,"px":552742.41,"py":4182884.01},{"vx":0,"ay":0,"az":9.81,"ax":0,"pz":10.12,"vy":0,"px":552742.41,"py":4182884.01},{"vx":0,"ay":0,"az":9.81,"ax":0,"pz":10.12,"vy":0,"px":552742.41,"py":4182884.01},{"vx":0,"ay":0,"az":9.81,"ax":0,"pz":10.12,"vy":0,"px":552742.41,"py":4182884.01},{"vx":0,"ay":0,"az":9.81,"ax":0,"pz":10.12,"vy":0,"px":552742.41,"py":4182884.01},{"vx":0,"ay":0,"az":9.81,"ax":0,"pz":10.12,"vy":0,"px":552742.41,"py":4182884.01}],"traffic_light":[3,3,3,3,3,3],"state_arr":[{"acceleration":-0.43,"throttle":0,"steering_target":1.45,"brake":19.32,"steering_rate":100,"speed":0},{"acceleration":-0.44,"throttle":0,"steering_target":1.45,"brake":19.68,"steering_rate":100,"speed":0},{"acceleration":-3,"throttle":0,"steering_target":1.45,"brake":69.99,"steering_rate":100,"speed":0},{"acceleration":-3,"throttle":0,"steering_target":1.45,"brake":69.99,"steering_rate":100,"speed":0},{"acceleration":-3,"throttle":0,"steering_target":1.45,"brake":69.99,"steering_rate":100,"speed":0},{"acceleration":-3,"throttle":0,"steering_target":1.45,"brake":69.99,"steering_rate":100,"speed":0},{"acceleration":-3,"throttle":0,"steering_target":1.45,"brake":69.99,"steering_rate":100,"speed":0},{"acceleration":-3,"throttle":0,"steering_target":1.45,"brake":69.99,"steering_rate":100,"speed":0}],"obstacle_arr":[[{"acceleration":{"y":-0.04,"x":-0.15,"z":0},"position":{"y":4182887.88,"x":552740.65,"z":10.44},"volume":0.34,"type":"PEDESTRIAN","velocity":{"y":-0.11,"x":0.68,"z":0}},{"acceleration":{"y":-0.22,"x":-0.19,"z":0},"position":{"y":4182889.18,"x":552735.65,"z":10.57},"volume":0.19,"type":"PEDESTRIAN","velocity":{"y":-0.29,"x":0.68,"z":0}}],[{"acceleration":{"y":-0.06,"x":-0.07,"z":0},"position":{"y":4182887.64,"x":552741.32,"z":10.63},"volume":0.16,"type":"PEDESTRIAN","velocity":{"y":-0.19,"x":0.8,"z":0}},{"acceleration":{"y":-0.07,"x":0.01,"z":0},"position":{"y":4182889.03,"x":552736.21,"z":10.51},"volume":0.12,"type":"PEDESTRIAN","velocity":{"y":-0.23,"x":0.69,"z":0}}],[{"acceleration":{"y":0.16,"x":0.01,"z":0},"position":{"y":4182887.71,"x":552741.81,"z":10.7},"volume":0.3,"type":"PEDESTRIAN","velocity":{"y":-0.09,"x":0.91,"z":0}},{"acceleration":{"y":-0.03,"x":0.01,"z":0},"position":{"y":4182888.96,"x":552736.72,"z":10.37},"volume":0.18,"type":"PEDESTRIAN","velocity":{"y":-0.17,"x":0.66,"z":0}}],[{"acceleration":{"y":0.04,"x":-0.03,"z":0},"position":{"y":4182887.59,"x":552742.38,"z":10.7},"volume":0.23,"type":"PEDESTRIAN","velocity":{"y":-0.04,"x":0.89,"z":0}},{"acceleration":{"y":0.01,"x":0.04,"z":0},"position":{"y":4182888.8,"x":552737.21,"z":10.47},"volume":0.22,"type":"PEDESTRIAN","velocity":{"y":-0.17,"x":0.72,"z":0}}],[{"acceleration":{"y":-0.11,"x":-0.04,"z":0},"position":{"y":4182887.42,"x":552742.84,"z":10.66},"volume":0.14,"type":"PEDESTRIAN","velocity":{"y":-0.13,"x":0.82,"z":0}},{"acceleration":{"y":0,"x":0.46,"z":0},"position":{"y":4182888.77,"x":552737.58,"z":10.36},"volume":0.27,"type":"PEDESTRIAN","velocity":{"y":-0.17,"x":0.94,"z":0}}],[{"acceleration":{"y":0.1,"x":-0.55,"z":0},"position":{"y":4182887.4,"x":552743.32,"z":10.57},"volume":0.18,"type":"PEDESTRIAN","velocity":{"y":-0.1,"x":0.66,"z":0}},{"acceleration":{"y":0.08,"x":-0.06,"z":0},"position":{"y":4182888.6,"x":552738.23,"z":10.39},"volume":0.16,"type":"PEDESTRIAN","velocity":{"y":-0.15,"x":1.09,"z":0}}],[{"acceleration":{"y":-0.09,"x":-0.13,"z":0},"position":{"y":4182887.36,"x":552743.94,"z":10.51},"volume":0.24,"type":"PEDESTRIAN","velocity":{"y":-0.16,"x":0.79,"z":0}},{"acceleration":{"y":-0.02,"x":-0.44,"z":0},"position":{"y":4182888.55,"x":552738.66,"z":10.42},"volume":0.26,"type":"PEDESTRIAN","velocity":{"y":-0.14,"x":0.92,"z":0}}]],"action_description":"Pedestrian crossing the road (left to right)","ev_state":[-132.655792236328,10.1248044967651,398.793792724609,0,0,0,12,-1,-0.00000196999985746515,306.728576660156,-4.4466764848039e-7,0.00005195662561312511],"collision_probability":0.348}
 timestamp= 1619807137000 [RUN] Validate G1 Guard Condition: 
The ego vehicle E Detection.Collision == True.
 timestamp= 1619807137000 [RES] Global Validate result: 
false
 timestamp= 1619807137000 [RUN] Validate G2 Guard Condition: 
The ego vehicle E Detection.OffRoad == True.
 timestamp= 1619807137000 [RES] Global Validate result: 
false
 timestamp= 1619807137000 [RUN] Validate G3 Guard Condition: 
The ego vehicle E Detection.HardBrake == True.
 timestamp= 1619807137000 [RES] Global Validate result: 
false
 timestamp= 1619807137000 [RUN] Validate G4 Guard Condition: 
The ego vehicle E Detection.ArrivalTest == True.
 timestamp= 1619807137000 [RES] Global Validate result: 
false
 timestamp= 1619807137000 [RUN] Validate step: 
The test system VALIDATES THAT the Apollo A Status.GetControl is nearly equal to {"acceleration": -3.0, "throttle": 0.0, "steering_target": 1.45, "brake": 69.99, "steering_rate": 100.0, "speed": 0.0}
 timestamp= 1619807137000 [RES] Validate result: 
true
 timestamp= 1619807137000 [RUN] Generate steps
 timestamp= 1619807137000 [RUN] Validate step: 
The test system VALIDATES THAT the simulator S Status.GetEnvironment is nearly equal to {"x": -132.66, "y": 10.12, "z": 398.79, "rain": 0.0, "fog": 0.0, "wetness": 0.0, "timeofday": 12.0, "signal": -1.0, "rx": -0.0, "ry": 306.73, "rz": -0.0, "speed": 0.0}
 timestamp= 1619807137000 [RES] Validate result: 
true
 timestamp= 1619807137000 [RUN] Execute API step: 
The environment controller C INVOKES API Control.Agents.Pedestrians.WalkRandomly(which_lane=Left_Lane).
 timestamp= 1619807141000 [RES] API result: 
{"pose_arr":[{"vx":0,"ay":0,"az":9.81,"ax":0,"pz":10.12,"vy":0,"px":552742.41,"py":4182884.01},{"vx":0.91,"ay":2.96,"az":9.81,"ax":2.22,"pz":10.12,"vy":0.91,"px":552742.13,"py":4182884.21},{"vx":1.51,"ay":-1,"az":9.84,"ax":-0.92,"pz":10.12,"vy":1.51,"px":552741.13,"py":4182884.96},{"vx":1,"ay":-1.15,"az":9.81,"ax":-0.84,"pz":10.13,"vy":1,"px":552739.91,"py":4182885.85},{"vx":0.37,"ay":-1.63,"az":9.81,"ax":-1.2,"pz":10.13,"vy":0.37,"px":552739.28,"py":4182886.31},{"vx":0,"ay":0,"az":9.81,"ax":0,"pz":10.13,"vy":0,"px":552739.19,"py":4182886.37},{"vx":0,"ay":0,"az":9.81,"ax":0,"pz":10.12,"vy":0,"px":552739.19,"py":4182886.37},{"vx":0,"ay":0,"az":9.81,"ax":0,"pz":10.12,"vy":0,"px":552739.19,"py":4182886.37}],"traffic_light":[3,3,0,0,0,0],"state_arr":[{"acceleration":0.82,"throttle":71.66,"steering_target":1.45,"brake":0,"steering_rate":100,"speed":0},{"acceleration":0.96,"throttle":42.98,"steering_target":0.9,"brake":0,"steering_rate":100,"speed":1.98},{"acceleration":-0.61,"throttle":0,"steering_target":1.5,"brake":15.62,"steering_rate":100,"speed":2.46},{"acceleration":-1.4,"throttle":0,"steering_target":0.08,"brake":25.96,"steering_rate":100,"speed":1.7},{"acceleration":-1.98,"throttle":0,"steering_target":0.6,"brake":31.25,"steering_rate":100,"speed":0.85},{"acceleration":-1.18,"throttle":0,"steering_target":1.26,"brake":75.51,"steering_rate":100,"speed":0},{"acceleration":-0.53,"throttle":0,"steering_target":1.26,"brake":26.59,"steering_rate":100,"speed":0},{"acceleration":-0.07,"throttle":0,"steering_target":1.26,"brake":48.61,"steering_rate":100,"speed":0}],"obstacle_arr":[[{"acceleration":{"y":-0.6,"x":0.04,"z":0},"position":{"y":4182887.06,"x":552744.65,"z":10.5},"volume":0.15,"type":"PEDESTRIAN","velocity":{"y":-0.49,"x":0.82,"z":0}},{"acceleration":{"y":-0.02,"x":-0.33,"z":0},"position":{"y":4182888.37,"x":552739.46,"z":10.4},"volume":0.28,"type":"PEDESTRIAN","velocity":{"y":-0.21,"x":0.76,"z":0}}],[{"acceleration":{"y":-0.06,"x":-1.01,"z":0},"position":{"y":4182886.52,"x":552744.93,"z":10.53},"volume":0.26,"type":"PEDESTRIAN","velocity":{"y":-0.67,"x":0.32,"z":0}},{"acceleration":{"y":0.21,"x":-0.16,"z":0},"position":{"y":4182888.13,"x":552740.09,"z":10.38},"volume":0.26,"type":"PEDESTRIAN","velocity":{"y":-0.29,"x":0.8,"z":0}},{"acceleration":{"y":0,"x":0,"z":0},"position":{"y":4182891.47,"x":552731.8,"z":10.42},"volume":0.03,"type":"PEDESTRIAN","velocity":{"y":0,"x":0,"z":0}},{"acceleration":{"y":0,"x":0,"z":0},"position":{"y":4182892.35,"x":552727.86,"z":10.8},"volume":0.03,"type":"PEDESTRIAN","velocity":{"y":0,"x":0,"z":0}}],[{"acceleration":{"y":-0.21,"x":0.3,"z":0},"position":{"y":4182885.95,"x":552745.35,"z":10.44},"volume":0.24,"type":"PEDESTRIAN","velocity":{"y":-0.85,"x":0.59,"z":0}},{"acceleration":{"y":-0.46,"x":0.39,"z":0},"position":{"y":4182887.75,"x":552740.95,"z":11.16},"volume":0.04,"type":"PEDESTRIAN","velocity":{"y":-0.64,"x":1.17,"z":0}},{"acceleration":{"y":-0.16,"x":0.39,"z":0},"position":{"y":4182891.06,"x":552732.55,"z":10.55},"volume":0.15,"type":"PEDESTRIAN","velocity":{"y":-0.62,"x":1.12,"z":0}}],[{"acceleration":{"y":0.23,"x":-0.24,"z":0},"position":{"y":4182885.66,"x":552745.29,"z":10.45},"volume":0.2,"type":"PEDESTRIAN","velocity":{"y":-0.76,"x":0.45,"z":0}},{"acceleration":{"y":0.42,"x":-0.27,"z":0},"position":{"y":4182887.89,"x":552741.22,"z":11.11},"volume":0.08,"type":"PEDESTRIAN","velocity":{"y":-0.34,"x":0.97,"z":0}},{"acceleration":{"y":0.25,"x":-0.09,"z":0},"position":{"y":4182891.06,"x":552732.88,"z":10.45},"volume":0.19,"type":"PEDESTRIAN","velocity":{"y":-0.49,"x":1.05,"z":0}}],[{"acceleration":{"y":0.98,"x":-0.55,"z":0},"position":{"y":4182885.56,"x":552745.14,"z":10.39},"volume":0.17,"type":"PEDESTRIAN","velocity":{"y":0,"x":0,"z":0}},{"acceleration":{"y":0.44,"x":-1.51,"z":0},"position":{"y":4182887.92,"x":552741.52,"z":10.7},"volume":0.13,"type":"PEDESTRIAN","velocity":{"y":0,"x":0,"z":0}},{"acceleration":{"y":0.59,"x":-0.87,"z":0},"position":{"y":4182891.08,"x":552733.12,"z":10.48},"volume":0.18,"type":"PEDESTRIAN","velocity":{"y":-0.08,"x":0.5,"z":0}}],[{"acceleration":{"y":-0.17,"x":0.23,"z":0},"position":{"y":4182887.82,"x":552742.03,"z":10.45},"volume":0.36,"type":"PEDESTRIAN","velocity":{"y":-0.08,"x":0.58,"z":0}},{"acceleration":{"y":0.19,"x":-0.75,"z":0},"position":{"y":4182890.87,"x":552733.61,"z":10.48},"volume":0.23,"type":"PEDESTRIAN","velocity":{"y":0,"x":0,"z":0}},{"acceleration":{"y":0,"x":0,"z":0},"position":{"y":4182892,"x":552729.81,"z":10.63},"volume":0.09,"type":"PEDESTRIAN","velocity":{"y":0,"x":0,"z":0}}],[{"acceleration":{"y":-0.11,"x":0.62,"z":0},"position":{"y":4182887.67,"x":552742.75,"z":10.44},"volume":0.13,"type":"PEDESTRIAN","velocity":{"y":-0.2,"x":1.12,"z":0}},{"acceleration":{"y":0,"x":0,"z":0},"position":{"y":4182884.85,"x":552745.42,"z":10.49},"volume":0.08,"type":"PEDESTRIAN","velocity":{"y":0,"x":0,"z":0}}]],"action_description":"Pedestrian crossing the road (left to right)","ev_state":[-135.881637573242,10.1248035430908,401.148284912109,0,0,0,12,-1,0.0000213884741242509,306.088073730469,0.00000301137515634764,0.0000696017842870022],"collision_probability":0.467}
 timestamp= 1619807141000 [RUN] Validate G1 Guard Condition: 
The ego vehicle E Detection.Collision == True.
 timestamp= 1619807141000 [RES] Global Validate result: 
false
 timestamp= 1619807141000 [RUN] Validate G2 Guard Condition: 
The ego vehicle E Detection.OffRoad == True.
 timestamp= 1619807141000 [RES] Global Validate result: 
false
 timestamp= 1619807141000 [RUN] Validate G3 Guard Condition: 
The ego vehicle E Detection.HardBrake == True.
 timestamp= 1619807141000 [RES] Global Validate result: 
false
 timestamp= 1619807141000 [RUN] Validate G4 Guard Condition: 
The ego vehicle E Detection.ArrivalTest == True.
 timestamp= 1619807141000 [RES] Global Validate result: 
false
 timestamp= 1619807141000 [RUN] Validate step: 
The test system VALIDATES THAT the Apollo A Status.GetControl is nearly equal to {"acceleration": -0.07, "throttle": 0.0, "steering_target": 1.26, "brake": 48.61, "steering_rate": 100.0, "speed": 0.0}
 timestamp= 1619807141000 [RES] Validate result: 
true
 timestamp= 1619807141000 [RUN] Generate steps
 timestamp= 1619807141000 [RUN] Validate step: 
The test system VALIDATES THAT the simulator S Status.GetEnvironment is nearly equal to {"x": -135.88, "y": 10.12, "z": 401.15, "rain": 0.0, "fog": 0.0, "wetness": 0.0, "timeofday": 12.0, "signal": -1.0, "rx": 0.0, "ry": 306.09, "rz": 0.0, "speed": 0.0}
 timestamp= 1619807141000 [RES] Validate result: 
true
 timestamp= 1619807141000 [RUN] Execute API step: 
The environment controller C INVOKES API Control.Agents.NPCVehicle.NPCVehicleMaintainLane(which_lane=Current_Lane&which_car=BoxTruck).
 timestamp= 1619807146000 [RES] API result: 
{"pose_arr":[{"vx":0,"ay":0,"az":9.81,"ax":0,"pz":10.12,"vy":0,"px":552739.19,"py":4182886.37},{"vx":0,"ay":0,"az":9.81,"ax":0,"pz":10.12,"vy":0,"px":552739.19,"py":4182886.37},{"vx":0,"ay":0,"az":9.81,"ax":0,"pz":10.12,"vy":0,"px":552739.19,"py":4182886.37},{"vx":0,"ay":0,"az":9.81,"ax":0,"pz":10.12,"vy":0,"px":552739.19,"py":4182886.37},{"vx":0,"ay":0,"az":9.81,"ax":0,"pz":10.12,"vy":0,"px":552739.19,"py":4182886.37},{"vx":0,"ay":0,"az":9.81,"ax":0,"pz":10.12,"vy":0,"px":552739.19,"py":4182886.37},{"vx":0,"ay":0,"az":9.81,"ax":0,"pz":10.12,"vy":0,"px":552739.19,"py":4182886.37},{"vx":0,"ay":0,"az":9.81,"ax":0,"pz":10.12,"vy":0,"px":552739.19,"py":4182886.37}],"traffic_light":[0,0,0,0,0,0,0,0],"state_arr":[{"acceleration":-0.52,"throttle":0,"steering_target":1.26,"brake":25.81,"steering_rate":100,"speed":0},{"acceleration":-3,"throttle":0,"steering_target":1.26,"brake":69.99,"steering_rate":100,"speed":0},{"acceleration":-0.3,"throttle":0,"steering_target":1.26,"brake":49.37,"steering_rate":100,"speed":0},{"acceleration":-3,"throttle":0,"steering_target":1.26,"brake":70,"steering_rate":100,"speed":0},{"acceleration":-0.15,"throttle":0,"steering_target":1.26,"brake":53.46,"steering_rate":100,"speed":0},{"acceleration":-0.52,"throttle":0,"steering_target":1.26,"brake":25.86,"steering_rate":100,"speed":0},{"acceleration":-0.56,"throttle":0,"steering_target":1.26,"brake":29.32,"steering_rate":100,"speed":0},{"acceleration":-0.46,"throttle":0,"steering_target":1.26,"brake":21.63,"steering_rate":100,"speed":0},{"acceleration":-0.48,"throttle":0,"steering_target":1.26,"brake":23.15,"steering_rate":100,"speed":0}],"obstacle_arr":[[{"acceleration":{"y":0.01,"x":0,"z":0},"position":{"y":4182887.58,"x":552743.25,"z":10.47},"volume":0.18,"type":"PEDESTRIAN","velocity":{"y":-0.17,"x":0.98,"z":0}},{"acceleration":{"y":0.06,"x":-0.2,"z":0},"position":{"y":4182892.31,"x":552731.79,"z":10.36},"volume":213.74,"type":"PEDESTRIAN","velocity":{"y":0,"x":0,"z":0}},{"acceleration":{"y":0,"x":0,"z":0},"position":{"y":4182884.61,"x":552745.71,"z":10.53},"volume":0.12,"type":"PEDESTRIAN","velocity":{"y":0,"x":0,"z":0}}],[{"acceleration":{"y":-0.08,"x":0.12,"z":0},"position":{"y":4182887.48,"x":552743.8,"z":10.44},"volume":0.33,"type":"PEDESTRIAN","velocity":{"y":-0.21,"x":0.99,"z":0}},{"acceleration":{"y":-0.93,"x":1.64,"z":0},"position":{"y":4182889.46,"x":552736.45,"z":10.49},"volume":0.37,"type":"PEDESTRIAN","velocity":{"y":-0.39,"x":0.86,"z":0}},{"acceleration":{"y":0,"x":0,"z":0},"position":{"y":4182884.24,"x":552745.92,"z":10.85},"volume":0.09,"type":"PEDESTRIAN","velocity":{"y":0,"x":0,"z":0}},{"acceleration":{"y":0.01,"x":-0.07,"z":0},"position":{"y":4182896.68,"x":552730.68,"z":10.34},"volume":257.11,"type":"VEHICLE","velocity":{"y":0,"x":0,"z":0}}],[{"acceleration":{"y":0.02,"x":-0.21,"z":0},"position":{"y":4182887.3,"x":552744.36,"z":10.48},"volume":0.12,"type":"PEDESTRIAN","velocity":{"y":-0.22,"x":0.73,"z":0}},{"acceleration":{"y":0.84,"x":0.54,"z":0},"position":{"y":4182889.61,"x":552737.1,"z":10.66},"volume":0.19,"type":"PEDESTRIAN","velocity":{"y":0.16,"x":1.18,"z":0}},{"acceleration":{"y":0,"x":0,"z":0},"position":{"y":4182883.98,"x":552746.19,"z":10.57},"volume":0.15,"type":"PEDESTRIAN","velocity":{"y":0,"x":0,"z":0}},{"acceleration":{"y":0,"x":0,"z":0},"position":{"y":4182897.26,"x":552730.07,"z":10.35},"volume":173.82,"type":"VEHICLE","velocity":{"y":0,"x":0,"z":0}},{"acceleration":{"y":0,"x":0,"z":0},"position":{"y":4182889.93,"x":552707.94,"z":11.17},"volume":0.33,"type":"VEHICLE","velocity":{"y":0,"x":0,"z":0}},{"acceleration":{"y":0,"x":0,"z":0},"position":{"y":4182889.87,"x":552729.16,"z":10.51},"volume":0.08,"type":"PEDESTRIAN","velocity":{"y":0,"x":0,"z":0}}],[{"acceleration":{"y":-0.38,"x":-0.34,"z":0},"position":{"y":4182887.06,"x":552744.66,"z":10.42},"volume":0.24,"type":"PEDESTRIAN","velocity":{"y":-0.58,"x":0.51,"z":0}},{"acceleration":{"y":0.52,"x":-0.1,"z":0},"position":{"y":4182889.85,"x":552737.42,"z":10.68},"volume":0.27,"type":"PEDESTRIAN","velocity":{"y":0.54,"x":1.06,"z":0}},{"acceleration":{"y":0,"x":0,"z":0},"position":{"y":4182883.72,"x":552746.48,"z":10.52},"volume":0.13,"type":"PEDESTRIAN","velocity":{"y":0,"x":0,"z":0}},{"acceleration":{"y":0,"x":0,"z":0},"position":{"y":4182896.14,"x":552730.3,"z":10.34},"volume":84.01,"type":"VEHICLE","velocity":{"y":0,"x":0,"z":0}},{"acceleration":{"y":0,"x":0,"z":0},"position":{"y":4182889.93,"x":552707.94,"z":11.17},"volume":0.32,"type":"VEHICLE","velocity":{"y":0,"x":0,"z":0}},{"acceleration":{"y":0.01,"x":0,"z":0},"position":{"y":4182889.98,"x":552729.43,"z":10.56},"volume":0.17,"type":"PEDESTRIAN","velocity":{"y":0.26,"x":0.61,"z":0}}],[{"acceleration":{"y":-0.12,"x":-0.49,"z":0},"position":{"y":4182886.65,"x":552744.77,"z":10.48},"volume":0.15,"type":"PEDESTRIAN","velocity":{"y":-0.54,"x":0.19,"z":0}},{"acceleration":{"y":0.05,"x":-0.02,"z":0},"position":{"y":4182890.01,"x":552737.87,"z":10.63},"volume":0.27,"type":"PEDESTRIAN","velocity":{"y":0.5,"x":1.07,"z":0}},{"acceleration":{"y":0,"x":0,"z":0},"position":{"y":4182883.54,"x":552746.62,"z":10.44},"volume":0.09,"type":"PEDESTRIAN","velocity":{"y":0,"x":0,"z":0}},{"acceleration":{"y":0,"x":0,"z":0},"position":{"y":4182897.39,"x":552730.71,"z":10.34},"volume":123.76,"type":"VEHICLE","velocity":{"y":0,"x":0,"z":0}},{"acceleration":{"y":0,"x":0,"z":0},"position":{"y":4182889.81,"x":552708.16,"z":10.64},"volume":2.07,"type":"VEHICLE","velocity":{"y":0,"x":0,"z":0}},{"acceleration":{"y":-0.11,"x":0.25,"z":0},"position":{"y":4182890.03,"x":552730.08,"z":10.48},"volume":0.19,"type":"PEDESTRIAN","velocity":{"y":0.16,"x":0.83,"z":0}},{"acceleration":{"y":0,"x":0,"z":0},"position":{"y":4182889.75,"x":552726.11,"z":10.46},"volume":0.06,"type":"PEDESTRIAN","velocity":{"y":0,"x":0,"z":0}}],[{"acceleration":{"y":-0.66,"x":0.14,"z":0},"position":{"y":4182886.22,"x":552744.95,"z":10.57},"volume":0.17,"type":"PEDESTRIAN","velocity":{"y":-0.89,"x":0.26,"z":0}},{"acceleration":{"y":-0.03,"x":0.28,"z":0},"position":{"y":4182890.17,"x":552738.4,"z":10.61},"volume":0.23,"type":"PEDESTRIAN","velocity":{"y":0.42,"x":1.08,"z":0}},{"acceleration":{"y":0,"x":0,"z":0},"position":{"y":4182897.33,"x":552730.88,"z":10.34},"volume":104.75,"type":"VEHICLE","velocity":{"y":0,"x":0,"z":0}},{"acceleration":{"y":0,"x":0,"z":0},"position":{"y":4182889.93,"x":552707.94,"z":11.17},"volume":0.31,"type":"VEHICLE","velocity":{"y":0,"x":0,"z":0}},{"acceleration":{"y":0.14,"x":0.43,"z":0},"position":{"y":4182890.24,"x":552730.59,"z":10.38},"volume":0.25,"type":"PEDESTRIAN","velocity":{"y":0.27,"x":1.05,"z":0}},{"acceleration":{"y":-0.85,"x":1.07,"z":0},"position":{"y":4182889.43,"x":552726.65,"z":10.85},"volume":0.04,"type":"PEDESTRIAN","velocity":{"y":-0.47,"x":0.61,"z":0}},{"acceleration":{"y":0,"x":0,"z":0},"position":{"y":4182903.42,"x":552732.82,"z":10.61},"volume":0.27,"type":"VEHICLE","velocity":{"y":0,"x":0,"z":0}}],[{"acceleration":{"y":0.19,"x":0.06,"z":0},"position":{"y":4182885.93,"x":552744.96,"z":10.42},"volume":0.26,"type":"PEDESTRIAN","velocity":{"y":-0.69,"x":0.25,"z":0}},{"acceleration":{"y":-0.09,"x":-0.03,"z":0},"position":{"y":4182890.34,"x":552738.98,"z":10.45},"volume":0.33,"type":"PEDESTRIAN","velocity":{"y":0.3,"x":0.97,"z":0}},{"acceleration":{"y":0,"x":0,"z":0},"position":{"y":4182896.14,"x":552730.31,"z":10.38},"volume":80.36,"type":"VEHICLE","velocity":{"y":0,"x":0,"z":0}},{"acceleration":{"y":0,"x":0,"z":0},"position":{"y":4182889.81,"x":552708.16,"z":10.64},"volume":2.09,"type":"VEHICLE","velocity":{"y":0,"x":0,"z":0}},{"acceleration":{"y":-0.03,"x":-0.28,"z":0},"position":{"y":4182890.23,"x":552731.15,"z":10.41},"volume":0.21,"type":"PEDESTRIAN","velocity":{"y":0.24,"x":0.86,"z":0}}],[{"acceleration":{"y":0.19,"x":0.03,"z":0},"position":{"y":4182885.65,"x":552745.21,"z":10.49},"volume":0.21,"type":"PEDESTRIAN","velocity":{"y":-0.53,"x":0.25,"z":0}},{"acceleration":{"y":-0.37,"x":-0.46,"z":0},"position":{"y":4182890.32,"x":552739.45,"z":10.43},"volume":0.21,"type":"PEDESTRIAN","velocity":{"y":0.06,"x":0.61,"z":0}},{"acceleration":{"y":0,"x":0,"z":0},"position":{"y":4182898.98,"x":552732.44,"z":10.41},"volume":33.21,"type":"VEHICLE","velocity":{"y":0,"x":0,"z":0}},{"acceleration":{"y":-0.05,"x":-0.3,"z":0},"position":{"y":4182890.37,"x":552731.54,"z":10.37},"volume":0.16,"type":"PEDESTRIAN","velocity":{"y":0.17,"x":0.58,"z":0}}]],"action_description":"NPC vehicle (BoxTruck) driving on the current lane","ev_state":[-135.881637573242,10.1248044967651,401.148284912109,0,0,0,12,-1,-0.00000251046390076226,306.088073730469,-0.00000207571633836778,0.0000774749179071765],"collision_probability":0.344}
 timestamp= 1619807146000 [RUN] Validate G1 Guard Condition: 
The ego vehicle E Detection.Collision == True.
 timestamp= 1619807146000 [RES] Global Validate result: 
false
 timestamp= 1619807146000 [RUN] Validate G2 Guard Condition: 
The ego vehicle E Detection.OffRoad == True.
 timestamp= 1619807146000 [RES] Global Validate result: 
false
 timestamp= 1619807146000 [RUN] Validate G3 Guard Condition: 
The ego vehicle E Detection.HardBrake == True.
 timestamp= 1619807146000 [RES] Global Validate result: 
false
 timestamp= 1619807146000 [RUN] Validate G4 Guard Condition: 
The ego vehicle E Detection.ArrivalTest == True.
 timestamp= 1619807146000 [RES] Global Validate result: 
false
 timestamp= 1619807146000 [RUN] Validate step: 
The test system VALIDATES THAT the Apollo A Status.GetControl is nearly equal to {"acceleration": -0.48, "throttle": 0.0, "steering_target": 1.26, "brake": 23.15, "steering_rate": 100.0, "speed": 0.0}
 timestamp= 1619807146000 [RES] Validate result: 
true
 timestamp= 1619807146000 [RUN] Generate steps
 timestamp= 1619807146000 [RUN] Validate step: 
The test system VALIDATES THAT the simulator S Status.GetEnvironment is nearly equal to {"x": -135.88, "y": 10.12, "z": 401.15, "rain": 0.0, "fog": 0.0, "wetness": 0.0, "timeofday": 12.0, "signal": -1.0, "rx": -0.0, "ry": 306.09, "rz": -0.0, "speed": 0.0}
 timestamp= 1619807146000 [RES] Validate result: 
true
 timestamp= 1619807146000 [RUN] Execute API step: 
The environment controller C INVOKES API Control.Agents.Pedestrians.WalkRandomly(which_lane=Left_Lane).
 timestamp= 1619807150000 [RES] API result: 
{"pose_arr":[{"vx":0,"ay":0,"az":9.81,"ax":0,"pz":10.12,"vy":0,"px":552739.19,"py":4182886.37},{"vx":0.36,"ay":2.06,"az":9.81,"ax":1.48,"pz":10.12,"vy":0.36,"px":552739.11,"py":4182886.44},{"vx":1.2,"ay":2.98,"az":9.81,"ax":2.16,"pz":10.12,"vy":1.2,"px":552738.62,"py":4182886.79},{"vx":1.24,"ay":-0.89,"az":9.82,"ax":-0.62,"pz":10.13,"vy":1.24,"px":552737.59,"py":4182887.53},{"vx":0.53,"ay":-1.75,"az":9.82,"ax":-1.27,"pz":10.13,"vy":0.53,"px":552736.91,"py":4182888.03},{"vx":0.15,"ay":-1.14,"az":9.81,"ax":-0.8,"pz":10.13,"vy":0.15,"px":552736.73,"py":4182888.15},{"vx":0,"ay":0,"az":9.81,"ax":0,"pz":10.13,"vy":0,"px":552736.71,"py":4182888.17}],"traffic_light":[0,0,3,3,3,3,3],"state_arr":[{"acceleration":-3,"throttle":0,"steering_target":1.26,"brake":69.99,"steering_rate":100,"speed":0},{"acceleration":0.45,"throttle":51.72,"steering_target":1.14,"brake":0,"steering_rate":100,"speed":0.6},{"acceleration":0.13,"throttle":15.7,"steering_target":1.3,"brake":0,"steering_rate":100,"speed":2.01},{"acceleration":-1.28,"throttle":0,"steering_target":2.46,"brake":23.84,"steering_rate":100,"speed":2.13},{"acceleration":-2.19,"throttle":0,"steering_target":1.13,"brake":33.12,"steering_rate":100,"speed":1.26},{"acceleration":-1.23,"throttle":0,"steering_target":1.69,"brake":25.1,"steering_rate":100,"speed":0.44},{"acceleration":-0.26,"throttle":0,"steering_target":1.77,"brake":61.52,"steering_rate":100,"speed":0},{"acceleration":-0.16,"throttle":0,"steering_target":1.77,"brake":53.75,"steering_rate":100,"speed":0}],"obstacle_arr":[[{"acceleration":{"y":0.54,"x":-0.33,"z":0},"position":{"y":4182885.48,"x":552745.2,"z":10.43},"volume":0.21,"type":"PEDESTRIAN","velocity":{"y":-0.41,"x":0.12,"z":0}},{"acceleration":{"y":-0.01,"x":-0.23,"z":0},"position":{"y":4182890.44,"x":552739.87,"z":10.49},"volume":0.25,"type":"PEDESTRIAN","velocity":{"y":0.15,"x":0.8,"z":0}},{"acceleration":{"y":0,"x":0.01,"z":0},"position":{"y":4182888.54,"x":552727.58,"z":10.52},"volume":0.11,"type":"PEDESTRIAN","velocity":{"y":-0.31,"x":0.53,"z":0}}],[{"acceleration":{"y":-0.23,"x":-0.14,"z":0},"position":{"y":4182890.37,"x":552740.39,"z":10.42},"volume":0.19,"type":"PEDESTRIAN","velocity":{"y":-0.09,"x":0.71,"z":0}},{"acceleration":{"y":0.01,"x":0,"z":0},"position":{"y":4182902.85,"x":552736.79,"z":10.42},"volume":94.57,"type":"VEHICLE","velocity":{"y":0,"x":0,"z":0}}],[{"acceleration":{"y":-0.16,"x":0.49,"z":0},"position":{"y":4182890.28,"x":552741.16,"z":10.52},"volume":0.15,"type":"PEDESTRIAN","velocity":{"y":-0.11,"x":0.93,"z":0}},{"acceleration":{"y":0.01,"x":0,"z":0},"position":{"y":4182907.55,"x":552739.37,"z":10.47},"volume":83.86,"type":"VEHICLE","velocity":{"y":0,"x":0,"z":0}},{"acceleration":{"y":0,"x":0,"z":0},"position":{"y":4182890.34,"x":552733.22,"z":10.48},"volume":0.19,"type":"PEDESTRIAN","velocity":{"y":-0.11,"x":0.5,"z":0}}],[{"acceleration":{"y":0.18,"x":-0.14,"z":0},"position":{"y":4182890.31,"x":552741.49,"z":10.4},"volume":0.21,"type":"PEDESTRIAN","velocity":{"y":0.02,"x":0.73,"z":0}},{"acceleration":{"y":0,"x":0,"z":0},"position":{"y":4182911.42,"x":552741.65,"z":10.6},"volume":80.16,"type":"VEHICLE","velocity":{"y":0.04,"x":0.03,"z":0}},{"acceleration":{"y":0.11,"x":-0.69,"z":0},"position":{"y":4182890.43,"x":552733.58,"z":10.5},"volume":0.26,"type":"PEDESTRIAN","velocity":{"y":0,"x":0,"z":0}},{"acceleration":{"y":0.02,"x":-0.02,"z":0},"position":{"y":4182887.57,"x":552729.02,"z":10.41},"volume":0.19,"type":"PEDESTRIAN","velocity":{"y":0,"x":0,"z":0}}],[{"acceleration":{"y":-0.08,"x":-0.36,"z":0},"position":{"y":4182890.25,"x":552741.97,"z":10.45},"volume":0.16,"type":"PEDESTRIAN","velocity":{"y":-0.07,"x":0.63,"z":0}},{"acceleration":{"y":-0.03,"x":0.07,"z":0},"position":{"y":4182890.44,"x":552734.24,"z":10.73},"volume":0.11,"type":"PEDESTRIAN","velocity":{"y":-0.02,"x":0.53,"z":0}},{"acceleration":{"y":0.3,"x":-0.35,"z":0},"position":{"y":4182887.35,"x":552729.5,"z":10.51},"volume":0.08,"type":"PEDESTRIAN","velocity":{"y":0,"x":0,"z":0}}],[{"acceleration":{"y":-0.18,"x":-0.22,"z":0},"position":{"y":4182890.13,"x":552742.37,"z":10.44},"volume":0.16,"type":"PEDESTRIAN","velocity":{"y":-0.16,"x":0.55,"z":0}},{"acceleration":{"y":0.2,"x":-0.87,"z":0},"position":{"y":4182890.75,"x":552734.05,"z":10.76},"volume":0.24,"type":"PEDESTRIAN","velocity":{"y":0,"x":0,"z":0}},{"acceleration":{"y":-0.31,"x":0.52,"z":0},"position":{"y":4182887.11,"x":552729.81,"z":10.54},"volume":0.24,"type":"PEDESTRIAN","velocity":{"y":-0.32,"x":0.52,"z":0}}],[{"acceleration":{"y":-0.24,"x":0.01,"z":0},"position":{"y":4182889.83,"x":552742.91,"z":10.52},"volume":0.11,"type":"PEDESTRIAN","velocity":{"y":-0.35,"x":0.66,"z":0}},{"acceleration":{"y":0.37,"x":0.38,"z":0},"position":{"y":4182891.02,"x":552734.28,"z":10.82},"volume":0.2,"type":"PEDESTRIAN","velocity":{"y":0.38,"x":0.44,"z":0}},{"acceleration":{"y":-0.13,"x":0.34,"z":0},"position":{"y":4182886.87,"x":552730.41,"z":10.45},"volume":0.22,"type":"PEDESTRIAN","velocity":{"y":-0.38,"x":0.7,"z":0}}]],"action_description":"Pedestrian crossing the road (left to right)","ev_state":[-138.369476318359,10.1244964599609,402.93212890625,0,0,0,12,1,0.0144410263746977,305.638122558594,0.0117474719882011,0.000504084876299585],"collision_probability":1}
 timestamp= 1619807150000 [RUN] Validate G1 Guard Condition: 
The ego vehicle E Detection.Collision == True.
 timestamp= 1619807150000 [RES] Global Validate result: 
true
 timestamp= 1619807150000 [RUN] Collision == True
 timestamp= 1619807150000 [RUN] Validate G2 Guard Condition: 
The ego vehicle E Detection.OffRoad == True.
 timestamp= 1619807150000 [RES] Global Validate result: 
true
 timestamp= 1619807150000 [RUN] OffRoad == True
 timestamp= 1619807150000 [RUN] The simulator S INVOKES API Command.Simulation.Stop() to stop simulation.
 timestamp= 1619807150000 [WARNING] The test system Stop the Simulator S!
 timestamp= 1619807150000 [RUN] ABORT.
 timestamp= 1619807150000 [ERROR] The test system Abort!
 timestamp= 1619807150000 [RUN] Validate G3 Guard Condition: 
The ego vehicle E Detection.HardBrake == True.
 timestamp= 1619807150000 [RES] Global Validate result: 
false
 timestamp= 1619807150000 [RUN] Validate G4 Guard Condition: 
The ego vehicle E Detection.ArrivalTest == True.
 timestamp= 1619807150000 [RES] Global Validate result: 
false
 timestamp= 1619807150000 [RES] Basic PostCondition Validate result: 
false
 timestamp= 1619807150000 [STOP] numberOfStep: 40 basicFlow: 
[{"name":"","description":"","eClass":"Sentence","content":"The test system VALIDATES THAT the simulator S Status.GetEnvironment is nearly equal to {\"x\": -13.11, \"y\": 10.12, \"z\": 309.01, \"rain\": 0.0, \"fog\": 0.0, \"wetness\": 0.0, \"timeofday\": 12.0, \"signal\": -1.0, \"rx\": 359.9, \"ry\": 307.34, \"rz\": -0.0, \"speed\": 3.78}","natures":[]},{"name":"","description":"","eClass":"Sentence","content":"The environment controller C INVOKES API Control.Agents.Pedestrians.WalkRandomly(which_lane=Left_Lane).","natures":[]},{"name":"","description":"","eClass":"Sentence","content":"The test system VALIDATES THAT the Apollo A Status.GetControl is nearly equal to {\"acceleration\": -0.53, \"throttle\": 0.0, \"steering_target\": 0.05, \"brake\": 14.5, \"steering_rate\": 100.0, \"speed\": 4.94}","natures":[]},{"name":"","description":"","eClass":"Sentence","content":"The test system VALIDATES THAT the simulator S Status.GetEnvironment is nearly equal to {\"x\": -29.12, \"y\": 10.12, \"z\": 321.09, \"rain\": 0.0, \"fog\": 0.0, \"wetness\": 0.0, \"timeofday\": 12.0, \"signal\": 1.0, \"rx\": 0.08, \"ry\": 306.94, \"rz\": -0.0, \"speed\": 4.94}","natures":[]},{"name":"","description":"","eClass":"Sentence","content":"The environment controller C INVOKES API Control.Agents.Pedestrians.WalkRandomly(which_lane=Left_Lane).","natures":[]},{"name":"","description":"","eClass":"Sentence","content":"The test system VALIDATES THAT the Apollo A Status.GetControl is nearly equal to {\"acceleration\": 1.03, \"throttle\": 21.14, \"steering_target\": -0.37, \"brake\": 0.0, \"steering_rate\": 100.0, \"speed\": 6.64}","natures":[]},{"name":"","description":"","eClass":"Sentence","content":"The test system VALIDATES THAT the simulator S Status.GetEnvironment is nearly equal to {\"x\": -48.01, \"y\": 10.12, \"z\": 335.34, \"rain\": 0.0, \"fog\": 0.0, \"wetness\": 0.0, \"timeofday\": 12.0, \"signal\": 0.0, \"rx\": 359.97, \"ry\": 306.8, \"rz\": 0.0, \"speed\": 6.77}","natures":[]},{"name":"","description":"","eClass":"Sentence","content":"The environment controller C INVOKES API Control.Agents.Pedestrians.WalkRandomly(which_lane=Left_Lane).","natures":[]},{"name":"","description":"","eClass":"Sentence","content":"The test system VALIDATES THAT the Apollo A Status.GetControl is nearly equal to {\"acceleration\": 0.33, \"throttle\": 15.88, \"steering_target\": -0.02, \"brake\": 0.0, \"steering_rate\": 100.0, \"speed\": 8.0}","natures":[]},{"name":"","description":"","eClass":"Sentence","content":"The test system VALIDATES THAT the simulator S Status.GetEnvironment is nearly equal to {\"x\": -72.1, \"y\": 10.12, \"z\": 353.65, \"rain\": 0.0, \"fog\": 0.0, \"wetness\": 0.0, \"timeofday\": 12.0, \"signal\": -1.0, \"rx\": 359.98, \"ry\": 307.13, \"rz\": 359.99, \"speed\": 8.0}","natures":[]},{"name":"","description":"","eClass":"Sentence","content":"The environment controller C INVOKES API Control.Agents.Pedestrians.WalkRandomly(which_lane=Left_Lane).","natures":[]},{"name":"","description":"","eClass":"Sentence","content":"The test system VALIDATES THAT the Apollo A Status.GetControl is nearly equal to {\"acceleration\": 0.0, \"throttle\": 15.7, \"steering_target\": 0.09, \"brake\": 0.0, \"steering_rate\": 100.0, \"speed\": 7.74}","natures":[]},{"name":"","description":"","eClass":"Sentence","content":"The test system VALIDATES THAT the simulator S Status.GetEnvironment is nearly equal to {\"x\": -97.99, \"y\": 10.12, \"z\": 373.07, \"rain\": 0.0, \"fog\": 0.0, \"wetness\": 0.0, \"timeofday\": 12.0, \"signal\": 1.0, \"rx\": 0.01, \"ry\": 306.68, \"rz\": -0.0, \"speed\": 7.6}","natures":[]},{"name":"","description":"","eClass":"Sentence","content":"The environment controller C INVOKES API Control.Agents.Pedestrians.WalkRandomly(which_lane=Left_Lane).","natures":[]},{"name":"","description":"","eClass":"Sentence","content":"The test system VALIDATES THAT the Apollo A Status.GetControl is nearly equal to {\"acceleration\": -0.61, \"throttle\": 0.0, \"steering_target\": 0.63, \"brake\": 15.26, \"steering_rate\": 100.0, \"speed\": 3.91}","natures":[]},{"name":"","description":"","eClass":"Sentence","content":"The test system VALIDATES THAT the simulator S Status.GetEnvironment is nearly equal to {\"x\": -117.13, \"y\": 10.12, \"z\": 387.26, \"rain\": 0.0, \"fog\": 0.0, \"wetness\": 0.0, \"timeofday\": 12.0, \"signal\": 1.0, \"rx\": 0.04, \"ry\": 306.42, \"rz\": -0.0, \"speed\": 3.91}","natures":[]},{"name":"","description":"","eClass":"Sentence","content":"The environment controller C INVOKES API Control.Agents.Pedestrians.WalkRandomly(which_lane=Left_Lane).","natures":[]},{"name":"","description":"","eClass":"Sentence","content":"The test system VALIDATES THAT the Apollo A Status.GetControl is nearly equal to {\"acceleration\": -2.26, \"throttle\": 0.0, \"steering_target\": -9.27, \"brake\": 33.63, \"steering_rate\": 100.0, \"speed\": 1.88}","natures":[]},{"name":"","description":"","eClass":"Sentence","content":"The test system VALIDATES THAT the simulator S Status.GetEnvironment is nearly equal to {\"x\": -127.13, \"y\": 10.12, \"z\": 394.59, \"rain\": 0.0, \"fog\": 0.0, \"wetness\": 0.0, \"timeofday\": 12.0, \"signal\": 0.0, \"rx\": 0.09, \"ry\": 307.27, \"rz\": 0.0, \"speed\": 1.81}","natures":[]},{"name":"","description":"","eClass":"Sentence","content":"The environment controller C INVOKES API Control.Agents.Pedestrians.WalkRandomly(which_lane=Left_Lane).","natures":[]},{"name":"","description":"","eClass":"Sentence","content":"The test system VALIDATES THAT the Apollo A Status.GetControl is nearly equal to {\"acceleration\": 0.89, \"throttle\": 70.18, \"steering_target\": 0.0, \"brake\": 0.0, \"steering_rate\": 100.0, \"speed\": 0.0}","natures":[]},{"name":"","description":"","eClass":"Sentence","content":"The test system VALIDATES THAT the simulator S Status.GetEnvironment is nearly equal to {\"x\": -128.38, \"y\": 10.12, \"z\": 395.58, \"rain\": 0.0, \"fog\": 0.0, \"wetness\": 0.0, \"timeofday\": 12.0, \"signal\": -1.0, \"rx\": 359.81, \"ry\": 307.88, \"rz\": -0.0, \"speed\": 1.65}","natures":[]},{"name":"","description":"","eClass":"Sentence","content":"The environment controller C INVOKES API Control.Agents.Pedestrians.WalkRandomly(which_lane=Left_Lane).","natures":[]},{"name":"","description":"","eClass":"Sentence","content":"The test system VALIDATES THAT the Apollo A Status.GetControl is nearly equal to {\"acceleration\": -0.38, \"throttle\": 0.0, \"steering_target\": 1.45, \"brake\": 21.94, \"steering_rate\": 100.0, \"speed\": 0.0}","natures":[]},{"name":"","description":"","eClass":"Sentence","content":"The test system VALIDATES THAT the simulator S Status.GetEnvironment is nearly equal to {\"x\": -132.66, \"y\": 10.12, \"z\": 398.79, \"rain\": 0.0, \"fog\": 0.0, \"wetness\": 0.0, \"timeofday\": 12.0, \"signal\": -1.0, \"rx\": 0.0, \"ry\": 306.73, \"rz\": 0.0, \"speed\": 0.0}","natures":[]},{"name":"","description":"","eClass":"Sentence","content":"The environment controller C INVOKES API Control.Agents.Pedestrians.WalkRandomly(which_lane=Left_Lane).","natures":[]},{"name":"","description":"","eClass":"Sentence","content":"The test system VALIDATES THAT the Apollo A Status.GetControl is nearly equal to {\"acceleration\": -0.4, \"throttle\": 0.0, \"steering_target\": 1.45, \"brake\": 17.2, \"steering_rate\": 100.0, \"speed\": 0.0}","natures":[]},{"name":"","description":"","eClass":"Sentence","content":"The test system VALIDATES THAT the simulator S Status.GetEnvironment is nearly equal to {\"x\": -132.66, \"y\": 10.12, \"z\": 398.79, \"rain\": 0.0, \"fog\": 0.0, \"wetness\": 0.0, \"timeofday\": 12.0, \"signal\": -1.0, \"rx\": -0.0, \"ry\": 306.73, \"rz\": -0.0, \"speed\": 0.0}","natures":[]},{"name":"","description":"","eClass":"Sentence","content":"The environment controller C INVOKES API Control.Agents.Pedestrians.WalkRandomly(which_lane=Left_Lane).","natures":[]},{"name":"","description":"","eClass":"Sentence","content":"The test system VALIDATES THAT the Apollo A Status.GetControl is nearly equal to {\"acceleration\": -3.0, \"throttle\": 0.0, \"steering_target\": 1.45, \"brake\": 69.99, \"steering_rate\": 100.0, \"speed\": 0.0}","natures":[]},{"name":"","description":"","eClass":"Sentence","content":"The test system VALIDATES THAT the simulator S Status.GetEnvironment is nearly equal to {\"x\": -132.66, \"y\": 10.12, \"z\": 398.79, \"rain\": 0.0, \"fog\": 0.0, \"wetness\": 0.0, \"timeofday\": 12.0, \"signal\": -1.0, \"rx\": -0.0, \"ry\": 306.73, \"rz\": -0.0, \"speed\": 0.0}","natures":[]},{"name":"","description":"","eClass":"Sentence","content":"The environment controller C INVOKES API Control.Agents.Pedestrians.WalkRandomly(which_lane=Left_Lane).","natures":[]},{"name":"","description":"","eClass":"Sentence","content":"The test system VALIDATES THAT the Apollo A Status.GetControl is nearly equal to {\"acceleration\": -0.07, \"throttle\": 0.0, \"steering_target\": 1.26, \"brake\": 48.61, \"steering_rate\": 100.0, \"speed\": 0.0}","natures":[]},{"name":"","description":"","eClass":"Sentence","content":"The test system VALIDATES THAT the simulator S Status.GetEnvironment is nearly equal to {\"x\": -135.88, \"y\": 10.12, \"z\": 401.15, \"rain\": 0.0, \"fog\": 0.0, \"wetness\": 0.0, \"timeofday\": 12.0, \"signal\": -1.0, \"rx\": 0.0, \"ry\": 306.09, \"rz\": 0.0, \"speed\": 0.0}","natures":[]},{"name":"","description":"","eClass":"Sentence","content":"The environment controller C INVOKES API Control.Agents.NPCVehicle.NPCVehicleMaintainLane(which_lane=Current_Lane&which_car=BoxTruck).","natures":[]},{"name":"","description":"","eClass":"Sentence","content":"The test system VALIDATES THAT the Apollo A Status.GetControl is nearly equal to {\"acceleration\": -0.48, \"throttle\": 0.0, \"steering_target\": 1.26, \"brake\": 23.15, \"steering_rate\": 100.0, \"speed\": 0.0}","natures":[]},{"name":"","description":"","eClass":"Sentence","content":"The test system VALIDATES THAT the simulator S Status.GetEnvironment is nearly equal to {\"x\": -135.88, \"y\": 10.12, \"z\": 401.15, \"rain\": 0.0, \"fog\": 0.0, \"wetness\": 0.0, \"timeofday\": 12.0, \"signal\": -1.0, \"rx\": -0.0, \"ry\": 306.09, \"rz\": -0.0, \"speed\": 0.0}","natures":[]},{"name":"","description":"","eClass":"Sentence","content":"The environment controller C INVOKES API Control.Agents.Pedestrians.WalkRandomly(which_lane=Left_Lane).","natures":[]},{"name":"","description":"","eClass":"Sentence","content":"The test system VALIDATES THAT the Apollo A Status.GetControl is nearly equal to {\"acceleration\": -0.16, \"throttle\": 0.0, \"steering_target\": 1.77, \"brake\": 53.75, \"steering_rate\": 100.0, \"speed\": 0.0}","natures":[]},{"name":"","description":"","eClass":"Sentence","content":"","natures":[]}]
