 timestamp= 1619816600000 [START] Now Run TCS Maintain Lane On Road1 Mode: dynamic Roadnum: 3 Second: 4
 timestamp= 1619816600000 [SUCCESS] TCS Check Success 
 timestamp= 1619816602000 [RUN] Run BasicFlow
 timestamp= 1619816602000 [RUN] Generate steps
 timestamp= 1619816602000 [RUN] Validate step: 
The test system VALIDATES THAT the simulator S Status.GetEnvironment is nearly equal to {"x": -246.07, "y": 10.12, "z": 466.23, "rain": 0.0, "fog": 0.0, "wetness": 0.0, "timeofday": 12.0, "signal": 1.0, "rx": 359.94, "ry": 305.58, "rz": 359.99, "speed": 2.02}
 timestamp= 1619816602000 [RES] Validate result: 
true
 timestamp= 1619816602000 [RUN] Execute API step: 
The environment controller C INVOKES API Control.Agents.Pedestrians.WalkRandomly(which_lane=Current_Lane).
 timestamp= 1619816605000 [RES] API result: 
{"pose_arr":[{"vx":1.16,"ay":-0.41,"az":9.83,"ax":-0.26,"pz":10.12,"vy":1.16,"px":552629.01,"py":4182951.47},{"vx":1.17,"ay":-0.4,"az":9.82,"ax":-0.27,"pz":10.12,"vy":1.17,"px":552627.82,"py":4182952.32},{"vx":1.18,"ay":0.25,"az":9.81,"ax":0.13,"pz":10.12,"vy":1.18,"px":552626.55,"py":4182953.2},{"vx":1.32,"ay":-0.41,"az":9.83,"ax":-0.27,"pz":10.12,"vy":1.32,"px":552625.13,"py":4182954.14},{"vx":1.08,"ay":0.58,"az":9.81,"ax":-0.39,"pz":10.12,"vy":1.08,"px":552623.46,"py":4182955.13},{"vx":0.69,"ay":0.26,"az":9.81,"ax":0.06,"pz":10.12,"vy":0.69,"px":552621.58,"py":4182956.01}],"traffic_light":[1,3,3,1,0],"state_arr":[{"acceleration":-0.25,"throttle":0,"steering_target":2.83,"brake":14.5,"steering_rate":100,"speed":2.05},{"acceleration":-0.04,"throttle":0,"steering_target":3.83,"brake":14.5,"steering_rate":100,"speed":2.11},{"acceleration":0.1,"throttle":15.7,"steering_target":6.79,"brake":0,"steering_rate":100,"speed":2.12},{"acceleration":-0.01,"throttle":0,"steering_target":10.25,"brake":14.5,"steering_rate":100,"speed":2.29},{"acceleration":0.04,"throttle":31.79,"steering_target":20.29,"brake":0,"steering_rate":100,"speed":2.51},{"acceleration":0.21,"throttle":15.7,"steering_target":26.5,"brake":0,"steering_rate":100,"speed":2.37}],"obstacle_arr":[[],[],[],[],[],[]],"action_description":"Pedestrian walking on the front lane","ev_state":[-254.070281982422,10.124719619751,470.589996337891,0,0,0,12,1,359.989379882813,289.691558837891,359.878234863281,2.5170115166906455],"collision_probability":0}
 timestamp= 1619816605000 [RUN] Validate G1 Guard Condition: 
The ego vehicle E Detection.Collision == True.
 timestamp= 1619816605000 [RES] Global Validate result: 
false
 timestamp= 1619816605000 [RUN] Validate G2 Guard Condition: 
The ego vehicle E Detection.OffRoad == True.
 timestamp= 1619816605000 [RES] Global Validate result: 
false
 timestamp= 1619816605000 [RUN] Validate G3 Guard Condition: 
The ego vehicle E Detection.HardBrake == True.
 timestamp= 1619816605000 [RES] Global Validate result: 
false
 timestamp= 1619816605000 [RUN] Validate G4 Guard Condition: 
The ego vehicle E Detection.ArrivalTest == True.
 timestamp= 1619816605000 [RES] Global Validate result: 
false
 timestamp= 1619816605000 [RUN] Validate step: 
The test system VALIDATES THAT the Apollo A Status.GetControl is nearly equal to {"acceleration": 0.21, "throttle": 15.7, "steering_target": 26.5, "brake": 0.0, "steering_rate": 100.0, "speed": 2.37}
 timestamp= 1619816606000 [RES] Validate result: 
true
 timestamp= 1619816606000 [RUN] Generate steps
 timestamp= 1619816606000 [RUN] Validate step: 
The test system VALIDATES THAT the simulator S Status.GetEnvironment is nearly equal to {"x": -254.07, "y": 10.12, "z": 470.59, "rain": 0.0, "fog": 0.0, "wetness": 0.0, "timeofday": 12.0, "signal": 1.0, "rx": 359.99, "ry": 289.69, "rz": 359.88, "speed": 2.52}
 timestamp= 1619816606000 [RES] Validate result: 
true
 timestamp= 1619816606000 [RUN] Execute API step: 
The environment controller C INVOKES API Control.Agents.Pedestrians.WalkRandomly(which_lane=Current_Lane).
 timestamp= 1619816609000 [RES] API result: 
{"pose_arr":[{"vx":0.34,"ay":0.25,"az":9.81,"ax":0.03,"pz":10.12,"vy":0.34,"px":552620.15,"py":4182956.47},{"vx":-0.14,"ay":0,"az":9.81,"ax":0,"pz":10.12,"vy":-0.14,"px":552618.6,"py":4182956.75},{"vx":-1.13,"ay":-0.58,"az":9.82,"ax":0.22,"pz":10.13,"vy":-1.13,"px":552616.38,"py":4182956.64},{"vx":-1.69,"ay":0.05,"az":9.82,"ax":0.89,"pz":10.12,"vy":-1.69,"px":552614.5,"py":4182955.96},{"vx":-2.52,"ay":0.26,"az":9.82,"ax":-0.11,"pz":10.12,"vy":-2.52,"px":552611.87,"py":4182954.23},{"vx":-2.89,"ay":0.83,"az":9.8,"ax":-0.67,"pz":10.12,"vy":-2.89,"px":552610.22,"py":4182952.82}],"traffic_light":[0,0,0,0,0,0],"state_arr":[{"acceleration":0.21,"throttle":15.7,"steering_target":33.28,"brake":0,"steering_rate":100,"speed":2.52},{"acceleration":-0.03,"throttle":0,"steering_target":38.68,"brake":14.5,"steering_rate":100,"speed":2.67},{"acceleration":-0.09,"throttle":0,"steering_target":61.07,"brake":14.5,"steering_rate":100,"speed":2.9},{"acceleration":0.3,"throttle":15.7,"steering_target":56.04,"brake":0,"steering_rate":100,"speed":2.82},{"acceleration":0.75,"throttle":55.47,"steering_target":28.25,"brake":0,"steering_rate":100,"speed":2.82},{"acceleration":0.3,"throttle":15.7,"steering_target":19.38,"brake":0,"steering_rate":100,"speed":3.77},{"acceleration":1.02,"throttle":29.32,"steering_target":12.67,"brake":0,"steering_rate":100,"speed":4.06}],"obstacle_arr":[[],[],[],[{"acceleration":{"y":0,"x":0,"z":0},"position":{"y":4183018.33,"x":552634.85,"z":11.11},"volume":44.42,"type":"VEHICLE","velocity":{"y":0,"x":0,"z":0}}],[],[]],"action_description":"Pedestrian walking on the front lane","ev_state":[-264.824462890625,10.1245813369751,465.792419433594,0,0,0,12,0,359.975219726563,226.42366027832,359.843109130859,4.06391630728306],"collision_probability":0}
 timestamp= 1619816609000 [RUN] Validate G1 Guard Condition: 
The ego vehicle E Detection.Collision == True.
 timestamp= 1619816609000 [RES] Global Validate result: 
false
 timestamp= 1619816609000 [RUN] Validate G2 Guard Condition: 
The ego vehicle E Detection.OffRoad == True.
 timestamp= 1619816609000 [RES] Global Validate result: 
false
 timestamp= 1619816609000 [RUN] Validate G3 Guard Condition: 
The ego vehicle E Detection.HardBrake == True.
 timestamp= 1619816609000 [RES] Global Validate result: 
false
 timestamp= 1619816609000 [RUN] Validate G4 Guard Condition: 
The ego vehicle E Detection.ArrivalTest == True.
 timestamp= 1619816609000 [RES] Global Validate result: 
false
 timestamp= 1619816609000 [RUN] Validate step: 
The test system VALIDATES THAT the Apollo A Status.GetControl is nearly equal to {"acceleration": 1.02, "throttle": 29.32, "steering_target": 12.67, "brake": 0.0, "steering_rate": 100.0, "speed": 4.06}
 timestamp= 1619816609000 [RES] Validate result: 
true
 timestamp= 1619816609000 [RUN] Generate steps
 timestamp= 1619816609000 [RUN] Validate step: 
The test system VALIDATES THAT the simulator S Status.GetEnvironment is nearly equal to {"x": -264.82, "y": 10.12, "z": 465.79, "rain": 0.0, "fog": 0.0, "wetness": 0.0, "timeofday": 12.0, "signal": 0.0, "rx": 359.98, "ry": 226.42, "rz": 359.84, "speed": 4.06}
 timestamp= 1619816609000 [RES] Validate result: 
true
 timestamp= 1619816609000 [RUN] Execute API step: 
The environment controller C INVOKES API Control.Agents.Pedestrians.WalkRandomly(which_lane=Current_Lane).
 timestamp= 1619816612000 [RES] API result: 
{"pose_arr":[{"vx":-3.85,"ay":1.98,"az":9.78,"ax":-2.25,"pz":10.12,"vy":-3.85,"px":552608.67,"py":4182951.24},{"vx":-4.14,"ay":0.16,"az":9.82,"ax":-0.2,"pz":10.12,"vy":-4.14,"px":552606.31,"py":4182948.45},{"vx":-4.46,"ay":0.35,"az":9.81,"ax":-0.07,"pz":10.12,"vy":-4.46,"px":552603.79,"py":4182945.32},{"vx":-5.17,"ay":0.15,"az":9.83,"ax":-0.2,"pz":10.12,"vy":-5.17,"px":552600.88,"py":4182941.4},{"vx":-5.48,"ay":0.4,"az":9.8,"ax":-0.57,"pz":10.12,"vy":-5.48,"px":552598.26,"py":4182937.75}],"traffic_light":[0,2,1,1,3],"state_arr":[{"acceleration":1.01,"throttle":25.86,"steering_target":10.03,"brake":0,"steering_rate":100,"speed":4.68},{"acceleration":1.03,"throttle":23.62,"steering_target":2.12,"brake":0,"steering_rate":100,"speed":5.3},{"acceleration":1.11,"throttle":15.7,"steering_target":4.62,"brake":0,"steering_rate":100,"speed":5.52},{"acceleration":0.8,"throttle":23.29,"steering_target":0.9,"brake":0,"steering_rate":100,"speed":6.17},{"acceleration":0.55,"throttle":15.7,"steering_target":1.71,"brake":0,"steering_rate":100,"speed":6.49},{"acceleration":0.8,"throttle":15.7,"steering_target":0.34,"brake":0,"steering_rate":100,"speed":6.81}],"obstacle_arr":[[],[],[],[],[],[]],"action_description":"Pedestrian walking on the front lane","ev_state":[-278.761138916016,10.1241140365601,447.38134765625,0,0,0,12,-1,359.971618652344,214.705963134766,359.983032226563,6.951339524240467],"collision_probability":0}
 timestamp= 1619816612000 [RUN] Validate G1 Guard Condition: 
The ego vehicle E Detection.Collision == True.
 timestamp= 1619816612000 [RES] Global Validate result: 
false
 timestamp= 1619816612000 [RUN] Validate G2 Guard Condition: 
The ego vehicle E Detection.OffRoad == True.
 timestamp= 1619816612000 [RES] Global Validate result: 
false
 timestamp= 1619816612000 [RUN] Validate G3 Guard Condition: 
The ego vehicle E Detection.HardBrake == True.
 timestamp= 1619816612000 [RES] Global Validate result: 
false
 timestamp= 1619816612000 [RUN] Validate G4 Guard Condition: 
The ego vehicle E Detection.ArrivalTest == True.
 timestamp= 1619816612000 [RES] Global Validate result: 
false
 timestamp= 1619816612000 [RUN] Validate step: 
The test system VALIDATES THAT the Apollo A Status.GetControl is nearly equal to {"acceleration": 0.8, "throttle": 15.7, "steering_target": 0.34, "brake": 0.0, "steering_rate": 100.0, "speed": 6.81}
 timestamp= 1619816612000 [RES] Validate result: 
true
 timestamp= 1619816612000 [RUN] Generate steps
 timestamp= 1619816612000 [RUN] Validate step: 
The test system VALIDATES THAT the simulator S Status.GetEnvironment is nearly equal to {"x": -278.76, "y": 10.12, "z": 447.38, "rain": 0.0, "fog": 0.0, "wetness": 0.0, "timeofday": 12.0, "signal": -1.0, "rx": 359.97, "ry": 214.71, "rz": 359.98, "speed": 6.95}
 timestamp= 1619816612000 [RES] Validate result: 
true
 timestamp= 1619816612000 [RUN] Execute API step: 
The environment controller C INVOKES API Control.Agents.Pedestrians.WalkRandomly(which_lane=Current_Lane).
 timestamp= 1619816615000 [RES] API result: 
{"pose_arr":[{"vx":-5.71,"ay":0.22,"az":9.81,"ax":-0.28,"pz":10.12,"vy":-5.71,"px":552596.03,"py":4182934.57},{"vx":-6.05,"ay":0.47,"az":9.81,"ax":-0.68,"pz":10.12,"vy":-6.05,"px":552593.27,"py":4182930.58},{"vx":-6.08,"ay":-0.34,"az":9.82,"ax":0.49,"pz":10.12,"vy":-6.08,"px":552590.46,"py":4182926.48},{"vx":-5.74,"ay":0,"az":9.81,"ax":0,"pz":10.12,"vy":-5.74,"px":552587.75,"py":4182922.55},{"vx":-5.98,"ay":0.17,"az":9.82,"ax":-0.17,"pz":10.12,"vy":-5.98,"px":552584.7,"py":4182918.18},{"vx":-5.98,"ay":0.14,"az":9.8,"ax":-0.19,"pz":10.12,"vy":-5.98,"px":552581.61,"py":4182913.81},{"vx":-6.08,"ay":0.27,"az":9.81,"ax":-0.16,"pz":10.12,"vy":-6.08,"px":552579.55,"py":4182910.89}],"traffic_light":[3,1,3,3,3],"state_arr":[{"acceleration":1.16,"throttle":15.7,"steering_target":0.07,"brake":0,"steering_rate":100,"speed":6.95},{"acceleration":0.77,"throttle":15.7,"steering_target":0.51,"brake":0,"steering_rate":100,"speed":7.4},{"acceleration":-0.19,"throttle":0,"steering_target":-0.36,"brake":14.5,"steering_rate":100,"speed":7.43},{"acceleration":0.52,"throttle":15.7,"steering_target":-0.77,"brake":0,"steering_rate":100,"speed":6.98},{"acceleration":0.81,"throttle":15.7,"steering_target":0.34,"brake":0,"steering_rate":100,"speed":7.25},{"acceleration":0.73,"throttle":15.7,"steering_target":-0.41,"brake":0,"steering_rate":100,"speed":7.25},{"acceleration":0.54,"throttle":15.7,"steering_target":0.4,"brake":0,"steering_rate":100,"speed":7.4}],"obstacle_arr":[[],[],[],[],[],[]],"action_description":"Pedestrian walking on the front lane","ev_state":[-295.359008789063,10.1239967346191,423.554718017578,0,0,0,12,-1,359.983947753906,215.078201293945,359.981781005859,7.439555315779925],"collision_probability":0}
 timestamp= 1619816615000 [RUN] Validate G1 Guard Condition: 
The ego vehicle E Detection.Collision == True.
 timestamp= 1619816615000 [RES] Global Validate result: 
false
 timestamp= 1619816615000 [RUN] Validate G2 Guard Condition: 
The ego vehicle E Detection.OffRoad == True.
 timestamp= 1619816615000 [RES] Global Validate result: 
false
 timestamp= 1619816615000 [RUN] Validate G3 Guard Condition: 
The ego vehicle E Detection.HardBrake == True.
 timestamp= 1619816615000 [RES] Global Validate result: 
false
 timestamp= 1619816615000 [RUN] Validate G4 Guard Condition: 
The ego vehicle E Detection.ArrivalTest == True.
 timestamp= 1619816615000 [RES] Global Validate result: 
false
 timestamp= 1619816615000 [RUN] Validate step: 
The test system VALIDATES THAT the Apollo A Status.GetControl is nearly equal to {"acceleration": 0.54, "throttle": 15.7, "steering_target": 0.4, "brake": 0.0, "steering_rate": 100.0, "speed": 7.4}
 timestamp= 1619816615000 [RES] Validate result: 
true
 timestamp= 1619816615000 [RUN] Generate steps
 timestamp= 1619816615000 [RUN] Validate step: 
The test system VALIDATES THAT the simulator S Status.GetEnvironment is nearly equal to {"x": -295.36, "y": 10.12, "z": 423.55, "rain": 0.0, "fog": 0.0, "wetness": 0.0, "timeofday": 12.0, "signal": -1.0, "rx": 359.98, "ry": 215.08, "rz": 359.98, "speed": 7.44}
 timestamp= 1619816615000 [RES] Validate result: 
true
 timestamp= 1619816615000 [RUN] Execute API step: 
The environment controller C INVOKES API Control.Agents.Pedestrians.WalkRandomly(which_lane=Current_Lane).
 timestamp= 1619816619000 [RES] API result: 
{"pose_arr":[{"vx":-6.26,"ay":0.7,"az":9.79,"ax":-0.97,"pz":10.12,"vy":-6.26,"px":552577.35,"py":4182907.76},{"vx":-6.46,"ay":0.15,"az":9.82,"ax":-0.21,"pz":10.12,"vy":-6.46,"px":552574.23,"py":4182903.32},{"vx":-6.19,"ay":-0.61,"az":9.82,"ax":0.87,"pz":10.13,"vy":-6.19,"px":552570.8,"py":4182898.46},{"vx":-5.15,"ay":-20.67,"az":9.36,"ax":32.01,"pz":10.13,"vy":-5.15,"px":552568.83,"py":4182895.67},{"vx":0,"ay":0,"az":9.79,"ax":0,"pz":10.12,"vy":0,"px":552568.32,"py":4182894.98},{"vx":0,"ay":0,"az":9.81,"ax":0,"pz":10.12,"vy":0,"px":552568.31,"py":4182894.98}],"traffic_light":[3,3,3,1,1,1],"state_arr":[{"acceleration":1.18,"throttle":26.64,"steering_target":-0.07,"brake":0,"steering_rate":100,"speed":7.47},{"acceleration":0.36,"throttle":16.63,"steering_target":-0.24,"brake":0,"steering_rate":100,"speed":7.82},{"acceleration":0.18,"throttle":15.7,"steering_target":-0.09,"brake":0,"steering_rate":100,"speed":8},{"acceleration":-1.82,"throttle":0,"steering_target":-0.06,"brake":27.9,"steering_rate":100,"speed":7.49},{"acceleration":-1.59,"throttle":0,"steering_target":-0.17,"brake":26.74,"steering_rate":100,"speed":3.23},{"acceleration":-2.68,"throttle":0,"steering_target":-0.44,"brake":69.6,"steering_rate":100,"speed":0},{"acceleration":-1.78,"throttle":0,"steering_target":-0.44,"brake":69.92,"steering_rate":100,"speed":0}],"obstacle_arr":[[],[],[],[{"acceleration":{"y":0,"x":0,"z":0},"position":{"y":4182892.97,"x":552566.85,"z":10.39},"volume":0.11,"type":"PEDESTRIAN","velocity":{"y":0,"x":0,"z":0}}],[{"acceleration":{"y":0,"x":0,"z":0},"position":{"y":4182892.14,"x":552566.33,"z":10.74},"volume":0.27,"type":"PEDESTRIAN","velocity":{"y":0,"x":0,"z":0}}],[{"acceleration":{"y":1.65,"x":-0.11,"z":0},"position":{"y":4182891.94,"x":552566.06,"z":10.78},"volume":0.15,"type":"PEDESTRIAN","velocity":{"y":-1.05,"x":-0.48,"z":0}}]],"action_description":"Pedestrian walking on the front lane","ev_state":[-306.438201904297,10.1251754760742,407.855224609375,0,0,0,12,-1,359.949005126953,214.795303344727,359.988983154297,0.0003296531828663851],"collision_probability":1}
 timestamp= 1619816619000 [RUN] Validate G1 Guard Condition: 
The ego vehicle E Detection.Collision == True.
 timestamp= 1619816619000 [RES] Global Validate result: 
true
 timestamp= 1619816619000 [RUN] Collision == True
 timestamp= 1619816619000 [RUN] Validate G2 Guard Condition: 
The ego vehicle E Detection.OffRoad == True.
 timestamp= 1619816619000 [RES] Global Validate result: 
false
 timestamp= 1619816619000 [RUN] Validate G3 Guard Condition: 
The ego vehicle E Detection.HardBrake == True.
 timestamp= 1619816619000 [RES] Global Validate result: 
true
 timestamp= 1619816619000 [RUN] HardBrake == True
 timestamp= 1619816619000 [RUN] RESUME STEP @preStep
 timestamp= 1619816619000 [RUN] Resume step basicflow13
 timestamp= 1619816619000 [RUN] Validate G4 Guard Condition: 
The ego vehicle E Detection.ArrivalTest == True.
 timestamp= 1619816619000 [RES] Global Validate result: 
false
 timestamp= 1619816619000 [RUN] Validate step: 
The test system VALIDATES THAT the Apollo A Status.GetControl is nearly equal to {"acceleration": -1.78, "throttle": 0.0, "steering_target": -0.44, "brake": 69.92, "steering_rate": 100.0, "speed": 0.0}
 timestamp= 1619816619000 [RES] Validate result: 
true
 timestamp= 1619816619000 [RUN] Generate steps
 timestamp= 1619816619000 [RUN] Validate step: 
The test system VALIDATES THAT the simulator S Status.GetEnvironment is nearly equal to {"x": -306.44, "y": 10.13, "z": 407.86, "rain": 0.0, "fog": 0.0, "wetness": 0.0, "timeofday": 12.0, "signal": -1.0, "rx": 359.95, "ry": 214.8, "rz": 359.99, "speed": 0.0}
 timestamp= 1619816619000 [RES] Validate result: 
true
 timestamp= 1619816619000 [RUN] Execute API step: 
The environment controller C INVOKES API Control.Agents.Pedestrians.WalkRandomly(which_lane=Current_Lane).
 timestamp= 1619816623000 [RES] API result: 
{"pose_arr":[{"vx":-0.4,"ay":1.5,"az":9.8,"ax":-2.17,"pz":10.12,"vy":-0.4,"px":552568.28,"py":4182894.94},{"vx":-0.48,"ay":-0.32,"az":9.8,"ax":0.44,"pz":10.12,"vy":-0.48,"px":552568.07,"py":4182894.63},{"vx":-0.19,"ay":-0.33,"az":9.81,"ax":0.46,"pz":10.12,"vy":-0.19,"px":552567.93,"py":4182894.43},{"vx":-0.04,"ay":0.08,"az":9.81,"ax":-0.11,"pz":10.12,"vy":-0.04,"px":552567.91,"py":4182894.41},{"vx":-0.11,"ay":0.12,"az":9.81,"ax":-0.17,"pz":10.12,"vy":-0.11,"px":552567.89,"py":4182894.38},{"vx":-0.02,"ay":0.13,"az":9.81,"ax":-0.17,"pz":10.12,"vy":-0.02,"px":552567.88,"py":4182894.35}],"traffic_light":[1,3,1,1,3,1],"state_arr":[{"acceleration":0.17,"throttle":29.59,"steering_target":0,"brake":0,"steering_rate":100,"speed":0.26},{"acceleration":-0.19,"throttle":0,"steering_target":0.05,"brake":14.5,"steering_rate":100,"speed":0.59},{"acceleration":-0.05,"throttle":0,"steering_target":0.29,"brake":14.5,"steering_rate":100,"speed":0.26},{"acceleration":0.09,"throttle":15.7,"steering_target":0.24,"brake":0,"steering_rate":100,"speed":0},{"acceleration":0.06,"throttle":15.7,"steering_target":0.24,"brake":0,"steering_rate":100,"speed":0.07},{"acceleration":0,"throttle":0,"steering_target":0.01,"brake":14.5,"steering_rate":100,"speed":0.15},{"acceleration":0.02,"throttle":43.1,"steering_target":0.01,"brake":0,"steering_rate":100,"speed":0.09}],"obstacle_arr":[[{"acceleration":{"y":0.67,"x":0.27,"z":0},"position":{"y":4182891.89,"x":552566.16,"z":10.76},"volume":0.18,"type":"PEDESTRIAN","velocity":{"y":0,"x":0,"z":0}}],[{"acceleration":{"y":0.01,"x":0,"z":0},"position":{"y":4182891.71,"x":552566.13,"z":10.77},"volume":0.23,"type":"PEDESTRIAN","velocity":{"y":0,"x":0,"z":0}}],[{"acceleration":{"y":0,"x":0,"z":0},"position":{"y":4182891.34,"x":552566.19,"z":10.81},"volume":0.21,"type":"PEDESTRIAN","velocity":{"y":0,"x":0,"z":0}}],[{"acceleration":{"y":0.49,"x":-0.19,"z":0},"position":{"y":4182891.16,"x":552566.3,"z":10.83},"volume":0.25,"type":"PEDESTRIAN","velocity":{"y":0,"x":0,"z":0}}],[{"acceleration":{"y":0.02,"x":-0.01,"z":0},"position":{"y":4182891.14,"x":552566.38,"z":10.85},"volume":0.15,"type":"PEDESTRIAN","velocity":{"y":0,"x":0,"z":0}}],[{"acceleration":{"y":0,"x":0,"z":0},"position":{"y":4182891.24,"x":552566.62,"z":10.91},"volume":0.16,"type":"PEDESTRIAN","velocity":{"y":0,"x":0,"z":0}}],[]],"action_description":"Pedestrian walking on the front lane","ev_state":[-306.952087402344,10.1255283355713,407.201324462891,0,0,0,12,-1,359.918609619141,217.22297668457,359.802215576172,0.3230116455681189],"collision_probability":0.474}
 timestamp= 1619816623000 [RUN] Validate G1 Guard Condition: 
The ego vehicle E Detection.Collision == True.
 timestamp= 1619816623000 [RES] Global Validate result: 
false
 timestamp= 1619816623000 [RUN] Validate G2 Guard Condition: 
The ego vehicle E Detection.OffRoad == True.
 timestamp= 1619816623000 [RES] Global Validate result: 
false
 timestamp= 1619816623000 [RUN] Validate G3 Guard Condition: 
The ego vehicle E Detection.HardBrake == True.
 timestamp= 1619816623000 [RES] Global Validate result: 
false
 timestamp= 1619816623000 [RUN] Validate G4 Guard Condition: 
The ego vehicle E Detection.ArrivalTest == True.
 timestamp= 1619816623000 [RES] Global Validate result: 
false
 timestamp= 1619816623000 [RUN] Validate step: 
The test system VALIDATES THAT the Apollo A Status.GetControl is nearly equal to {"acceleration": 0.02, "throttle": 43.1, "steering_target": 0.01, "brake": 0.0, "steering_rate": 100.0, "speed": 0.09}
 timestamp= 1619816623000 [RES] Validate result: 
true
 timestamp= 1619816623000 [RUN] Generate steps
 timestamp= 1619816623000 [RUN] Validate step: 
The test system VALIDATES THAT the simulator S Status.GetEnvironment is nearly equal to {"x": -306.95, "y": 10.13, "z": 407.2, "rain": 0.0, "fog": 0.0, "wetness": 0.0, "timeofday": 12.0, "signal": -1.0, "rx": 359.92, "ry": 217.22, "rz": 359.8, "speed": 0.32}
 timestamp= 1619816623000 [RES] Validate result: 
true
 timestamp= 1619816623000 [RUN] Execute API step: 
The environment controller C INVOKES API Control.Agents.Pedestrians.WalkRandomly(which_lane=Current_Lane).
 timestamp= 1619816626000 [RES] API result: 
{"pose_arr":[{"vx":-0.24,"ay":0.75,"az":9.81,"ax":-1.01,"pz":10.12,"vy":-0.24,"px":552567.85,"py":4182894.3},{"vx":-1.78,"ay":2.25,"az":9.92,"ax":-3.13,"pz":10.12,"vy":-1.78,"px":552567.38,"py":4182893.68},{"vx":-2.03,"ay":0.18,"az":9.81,"ax":-0.21,"pz":10.12,"vy":-2.03,"px":552566.47,"py":4182892.47},{"vx":-2.44,"ay":0.48,"az":9.82,"ax":-0.7,"pz":10.12,"vy":-2.44,"px":552565.39,"py":4182890.98},{"vx":-2.61,"ay":0.27,"az":9.81,"ax":-0.37,"pz":10.12,"vy":-2.61,"px":552564.49,"py":4182889.64},{"vx":-3.51,"ay":1.26,"az":9.8,"ax":-1.88,"pz":10.12,"vy":-3.51,"px":552563.18,"py":4182887.72},{"vx":-4.55,"ay":0.22,"az":9.85,"ax":-0.32,"pz":10.12,"vy":-4.55,"px":552561.59,"py":4182885.4}],"traffic_light":[3,1,1,1,1,1],"state_arr":[{"acceleration":0.69,"throttle":76.06,"steering_target":1.37,"brake":0,"steering_rate":100,"speed":0.32},{"acceleration":-0.17,"throttle":0,"steering_target":9.82,"brake":14.5,"steering_rate":100,"speed":2.19},{"acceleration":0.34,"throttle":15.7,"steering_target":6.08,"brake":0,"steering_rate":100,"speed":2.46},{"acceleration":1.03,"throttle":29.07,"steering_target":0.66,"brake":0,"steering_rate":100,"speed":2.76},{"acceleration":0.86,"throttle":25.28,"steering_target":-1.51,"brake":0,"steering_rate":100,"speed":3.16},{"acceleration":1.2,"throttle":35.42,"steering_target":-0.82,"brake":0,"steering_rate":100,"speed":4.13},{"acceleration":0.3,"throttle":15.7,"steering_target":-0.49,"brake":0,"steering_rate":100,"speed":5.5}],"obstacle_arr":[[],[],[],[],[],[]],"action_description":"Pedestrian walking on the front lane","ev_state":[-314.381988525391,10.124324798584,396.516082763672,0,0,0,12,-1,359.968200683594,214.798965454102,0.0104865143075585,5.70441705552134],"collision_probability":0.595}
 timestamp= 1619816626000 [RUN] Validate G1 Guard Condition: 
The ego vehicle E Detection.Collision == True.
 timestamp= 1619816626000 [RES] Global Validate result: 
false
 timestamp= 1619816626000 [RUN] Validate G2 Guard Condition: 
The ego vehicle E Detection.OffRoad == True.
 timestamp= 1619816626000 [RES] Global Validate result: 
false
 timestamp= 1619816626000 [RUN] Validate G3 Guard Condition: 
The ego vehicle E Detection.HardBrake == True.
 timestamp= 1619816626000 [RES] Global Validate result: 
false
 timestamp= 1619816626000 [RUN] Validate G4 Guard Condition: 
The ego vehicle E Detection.ArrivalTest == True.
 timestamp= 1619816626000 [RES] Global Validate result: 
false
 timestamp= 1619816626000 [RUN] Validate step: 
The test system VALIDATES THAT the Apollo A Status.GetControl is nearly equal to {"acceleration": 0.3, "throttle": 15.7, "steering_target": -0.49, "brake": 0.0, "steering_rate": 100.0, "speed": 5.5}
 timestamp= 1619816626000 [RES] Validate result: 
true
 timestamp= 1619816626000 [RUN] Generate steps
 timestamp= 1619816626000 [RUN] Validate step: 
The test system VALIDATES THAT the simulator S Status.GetEnvironment is nearly equal to {"x": -314.38, "y": 10.12, "z": 396.52, "rain": 0.0, "fog": 0.0, "wetness": 0.0, "timeofday": 12.0, "signal": -1.0, "rx": 359.97, "ry": 214.8, "rz": 0.01, "speed": 5.7}
 timestamp= 1619816626000 [RES] Validate result: 
true
 timestamp= 1619816626000 [RUN] Execute API step: 
The environment controller C INVOKES API Control.Agents.Pedestrians.WalkRandomly(which_lane=Current_Lane).
 timestamp= 1619816630000 [RES] API result: 
{"pose_arr":[{"vx":-4.73,"ay":0.15,"az":9.81,"ax":-0.21,"pz":10.12,"vy":-4.73,"px":552559.95,"py":4182883.03},{"vx":-4.91,"ay":0.15,"az":9.82,"ax":-0.21,"pz":10.12,"vy":-4.91,"px":552557.85,"py":4182880.03},{"vx":-5.05,"ay":0.15,"az":9.81,"ax":-0.2,"pz":10.12,"vy":-5.05,"px":552555.43,"py":4182876.62},{"vx":-5.45,"ay":0.34,"az":9.82,"ax":-0.47,"pz":10.12,"vy":-5.45,"px":552553.41,"py":4182873.81},{"vx":-1.84,"ay":-8.41,"az":9.89,"ax":11.04,"pz":10.11,"vy":-1.84,"px":552551.68,"py":4182871.42},{"vx":-0.3,"ay":-0.32,"az":9.85,"ax":0.33,"pz":10.11,"vy":-0.3,"px":552551.32,"py":4182870.94},{"vx":0,"ay":0,"az":9.81,"ax":0,"pz":10.12,"vy":0,"px":552551.27,"py":4182870.86}],"traffic_light":[0,0,0,0,0,0,0],"state_arr":[{"acceleration":0.86,"throttle":24.59,"steering_target":-0.73,"brake":0,"steering_rate":100,"speed":5.7},{"acceleration":1.01,"throttle":15.7,"steering_target":-0.57,"brake":0,"steering_rate":100,"speed":5.94},{"acceleration":1.27,"throttle":26.33,"steering_target":-0.55,"brake":0,"steering_rate":100,"speed":6.12},{"acceleration":0.74,"throttle":22.16,"steering_target":-0.53,"brake":0,"steering_rate":100,"speed":6.49},{"acceleration":1.2,"throttle":15.7,"steering_target":-0.34,"brake":0,"steering_rate":100,"speed":6.81},{"acceleration":0.76,"throttle":67.17,"steering_target":0,"brake":0,"steering_rate":100,"speed":0.96},{"acceleration":-0.61,"throttle":0,"steering_target":0.27,"brake":16.36,"steering_rate":100,"speed":0.29},{"acceleration":0.27,"throttle":47.88,"steering_target":-0.27,"brake":0,"steering_rate":100,"speed":0.02}],"obstacle_arr":[[{"acceleration":{"y":0.01,"x":0,"z":0},"position":{"y":4182892.87,"x":552566.58,"z":10.42},"volume":0.04,"type":"PEDESTRIAN","velocity":{"y":0,"x":0,"z":0}}],[{"acceleration":{"y":0,"x":0,"z":0},"position":{"y":4182861.75,"x":552553.33,"z":10.79},"volume":0.04,"type":"PEDESTRIAN","velocity":{"y":0,"x":0,"z":0}}],[],[],[{"acceleration":{"y":-0.02,"x":-0.01,"z":0},"position":{"y":4182869.09,"x":552549.75,"z":10.97},"volume":0.08,"type":"PEDESTRIAN","velocity":{"y":-0.82,"x":-0.61,"z":0}}],[{"acceleration":{"y":-0.35,"x":-0.25,"z":0},"position":{"y":4182868.22,"x":552549.22,"z":10.84},"volume":0.06,"type":"PEDESTRIAN","velocity":{"y":-1.43,"x":-1,"z":0}}],[{"acceleration":{"y":1.23,"x":0.29,"z":0},"position":{"y":4182867.99,"x":552548.9,"z":10.77},"volume":0.17,"type":"PEDESTRIAN","velocity":{"y":-0.66,"x":-0.82,"z":0}}]],"action_description":"Pedestrian walking on the front lane","ev_state":[-323.511871337891,10.125018119812,383.749572753906,0,0,0,12,1,359.976776123047,216.16374206543,359.982269287109,0.01601100670830297],"collision_probability":1}
 timestamp= 1619816630000 [RUN] Validate G1 Guard Condition: 
The ego vehicle E Detection.Collision == True.
 timestamp= 1619816630000 [RES] Global Validate result: 
true
 timestamp= 1619816630000 [RUN] Collision == True
 timestamp= 1619816630000 [RUN] Validate G2 Guard Condition: 
The ego vehicle E Detection.OffRoad == True.
 timestamp= 1619816630000 [RES] Global Validate result: 
false
 timestamp= 1619816630000 [RUN] Validate G3 Guard Condition: 
The ego vehicle E Detection.HardBrake == True.
 timestamp= 1619816630000 [RES] Global Validate result: 
true
 timestamp= 1619816630000 [RUN] HardBrake == True
 timestamp= 1619816630000 [RUN] RESUME STEP @preStep
 timestamp= 1619816630000 [RUN] Resume step basicflow22
 timestamp= 1619816630000 [RUN] Validate G4 Guard Condition: 
The ego vehicle E Detection.ArrivalTest == True.
 timestamp= 1619816630000 [RES] Global Validate result: 
false
 timestamp= 1619816630000 [RUN] Validate step: 
The test system VALIDATES THAT the Apollo A Status.GetControl is nearly equal to {"acceleration": 0.27, "throttle": 47.88, "steering_target": -0.27, "brake": 0.0, "steering_rate": 100.0, "speed": 0.02}
 timestamp= 1619816630000 [RES] Validate result: 
true
 timestamp= 1619816630000 [RUN] Generate steps
 timestamp= 1619816630000 [RUN] Validate step: 
The test system VALIDATES THAT the simulator S Status.GetEnvironment is nearly equal to {"x": -323.51, "y": 10.13, "z": 383.75, "rain": 0.0, "fog": 0.0, "wetness": 0.0, "timeofday": 12.0, "signal": 1.0, "rx": 359.98, "ry": 216.16, "rz": 359.98, "speed": 0.02}
 timestamp= 1619816630000 [RES] Validate result: 
true
 timestamp= 1619816630000 [RUN] Execute API step: 
The environment controller C INVOKES API Control.Agents.NPCVehicle.NPCVehicleMaintainLane(which_lane=Left_Lane&which_car=Jeep).
 timestamp= 1619816634000 [RES] API result: 
{"pose_arr":[{"vx":-0.17,"ay":0.66,"az":9.82,"ax":-0.9,"pz":10.12,"vy":-0.17,"px":552551.26,"py":4182870.85},{"vx":-0.5,"ay":-0.34,"az":9.8,"ax":0.47,"pz":10.12,"vy":-0.5,"px":552551,"py":4182870.5},{"vx":-0.27,"ay":-0.33,"az":9.81,"ax":0.45,"pz":10.12,"vy":-0.27,"px":552550.87,"py":4182870.32},{"vx":-0.03,"ay":-0.34,"az":9.81,"ax":0.45,"pz":10.12,"vy":-0.03,"px":552550.82,"py":4182870.25},{"vx":-0.06,"ay":-0.34,"az":9.81,"ax":0.45,"pz":10.12,"vy":-0.06,"px":552550.8,"py":4182870.22},{"vx":-0.03,"ay":-0.31,"az":9.81,"ax":0.4,"pz":10.12,"vy":-0.03,"px":552550.79,"py":4182870.2},{"vx":-0.09,"ay":0.44,"az":9.82,"ax":0.05,"pz":10.12,"vy":-0.09,"px":552550.78,"py":4182870.18}],"traffic_light":[0,0,0,0,0,0],"state_arr":[{"acceleration":0.15,"throttle":20.97,"steering_target":-0.23,"brake":0,"steering_rate":100,"speed":0.31},{"acceleration":-0.15,"throttle":0,"steering_target":0,"brake":14.5,"steering_rate":100,"speed":0.62},{"acceleration":-0.05,"throttle":0,"steering_target":0.04,"brake":14.5,"steering_rate":100,"speed":0.29},{"acceleration":0.07,"throttle":19.34,"steering_target":0,"brake":0,"steering_rate":100,"speed":0.01},{"acceleration":0,"throttle":15.9,"steering_target":0,"brake":0,"steering_rate":100,"speed":0.13},{"acceleration":-0.01,"throttle":0,"steering_target":0.01,"brake":14.5,"steering_rate":100,"speed":0.12},{"acceleration":0.07,"throttle":16.91,"steering_target":0,"brake":0,"steering_rate":100,"speed":0.05}],"obstacle_arr":[[{"acceleration":{"y":1.28,"x":1.42,"z":0},"position":{"y":4182867.92,"x":552548.94,"z":10.79},"volume":0.15,"type":"PEDESTRIAN","velocity":{"y":0,"x":0,"z":0}}],[{"acceleration":{"y":0.08,"x":0.11,"z":0},"position":{"y":4182867.72,"x":552548.92,"z":10.8},"volume":0.19,"type":"PEDESTRIAN","velocity":{"y":0,"x":0,"z":0}},{"acceleration":{"y":-0.04,"x":0.04,"z":0},"position":{"y":4182863.85,"x":552557.18,"z":10.51},"volume":7.93,"type":"VEHICLE","velocity":{"y":-2.16,"x":1.31,"z":0}}],[{"acceleration":{"y":0,"x":0.01,"z":0},"position":{"y":4182867.32,"x":552548.82,"z":10.76},"volume":0.21,"type":"PEDESTRIAN","velocity":{"y":0,"x":0,"z":0}},{"acceleration":{"y":0,"x":2.97,"z":0},"position":{"y":4182862.11,"x":552560.84,"z":10.53},"volume":8,"type":"VEHICLE","velocity":{"y":-0.86,"x":2.61,"z":0}}],[{"acceleration":{"y":0,"x":0,"z":0},"position":{"y":4182867.11,"x":552548.93,"z":10.79},"volume":0.16,"type":"PEDESTRIAN","velocity":{"y":0,"x":0,"z":0}},{"acceleration":{"y":-0.02,"x":4.46,"z":0},"position":{"y":4182860.87,"x":552565.98,"z":10.53},"volume":4.3,"type":"VEHICLE","velocity":{"y":-0.97,"x":5.42,"z":0}},{"acceleration":{"y":0,"x":0,"z":0},"position":{"y":4182860.95,"x":552552.83,"z":10.61},"volume":0.42,"type":"PEDESTRIAN","velocity":{"y":0,"x":0,"z":0}}],[{"acceleration":{"y":0,"x":0,"z":0},"position":{"y":4182867.01,"x":552549.08,"z":10.85},"volume":0.22,"type":"PEDESTRIAN","velocity":{"y":0,"x":0,"z":0}},{"acceleration":{"y":-0.48,"x":4.72,"z":0},"position":{"y":4182860.78,"x":552571.75,"z":10.52},"volume":4.79,"type":"VEHICLE","velocity":{"y":-1.11,"x":8.24,"z":0}}],[{"acceleration":{"y":0,"x":0,"z":0},"position":{"y":4182867.05,"x":552549.23,"z":10.86},"volume":0.14,"type":"PEDESTRIAN","velocity":{"y":0,"x":0,"z":0}},{"acceleration":{"y":-0.67,"x":3.93,"z":0},"position":{"y":4182860.49,"x":552576.86,"z":10.69},"volume":2.65,"type":"VEHICLE","velocity":{"y":-1.58,"x":10.97,"z":0}},{"acceleration":{"y":0,"x":0,"z":0},"position":{"y":4182861.01,"x":552552.89,"z":10.6},"volume":0.58,"type":"PEDESTRIAN","velocity":{"y":0,"x":0,"z":0}}],[{"acceleration":{"y":0.31,"x":0.71,"z":0},"position":{"y":4182867.19,"x":552549.55,"z":10.96},"volume":0.11,"type":"PEDESTRIAN","velocity":{"y":0.2,"x":0.47,"z":0}},{"acceleration":{"y":1.28,"x":2.83,"z":0},"position":{"y":4182860.91,"x":552583.58,"z":10.98},"volume":0.03,"type":"VEHICLE","velocity":{"y":-1.15,"x":13.47,"z":0}},{"acceleration":{"y":0,"x":0,"z":0},"position":{"y":4182860.95,"x":552552.83,"z":10.6},"volume":0.59,"type":"PEDESTRIAN","velocity":{"y":0,"x":0,"z":0}}]],"action_description":"NPC vehicle (Jeep) driving on the left lane","ev_state":[-324.062164306641,10.1255331039429,383.069366455078,0,0,0,12,1,359.942138671875,218.232925415039,359.820159912109,0.18098572663491977],"collision_probability":0.47}
 timestamp= 1619816634000 [RUN] Validate G1 Guard Condition: 
The ego vehicle E Detection.Collision == True.
 timestamp= 1619816634000 [RES] Global Validate result: 
false
 timestamp= 1619816634000 [RUN] Validate G2 Guard Condition: 
The ego vehicle E Detection.OffRoad == True.
 timestamp= 1619816634000 [RES] Global Validate result: 
false
 timestamp= 1619816634000 [RUN] Validate G3 Guard Condition: 
The ego vehicle E Detection.HardBrake == True.
 timestamp= 1619816634000 [RES] Global Validate result: 
false
 timestamp= 1619816634000 [RUN] Validate G4 Guard Condition: 
The ego vehicle E Detection.ArrivalTest == True.
 timestamp= 1619816634000 [RES] Global Validate result: 
false
 timestamp= 1619816634000 [RUN] Validate step: 
The test system VALIDATES THAT the Apollo A Status.GetControl is nearly equal to {"acceleration": 0.07, "throttle": 16.91, "steering_target": 0.0, "brake": 0.0, "steering_rate": 100.0, "speed": 0.05}
 timestamp= 1619816634000 [RES] Validate result: 
true
 timestamp= 1619816634000 [RUN] Generate steps
 timestamp= 1619816634000 [RUN] Validate step: 
The test system VALIDATES THAT the simulator S Status.GetEnvironment is nearly equal to {"x": -324.06, "y": 10.13, "z": 383.07, "rain": 0.0, "fog": 0.0, "wetness": 0.0, "timeofday": 12.0, "signal": 1.0, "rx": 359.94, "ry": 218.23, "rz": 359.82, "speed": 0.18}
 timestamp= 1619816634000 [RES] Validate result: 
true
 timestamp= 1619816634000 [RUN] Execute API step: 
The environment controller C INVOKES API Control.Agents.Pedestrians.WalkRandomly(which_lane=Current_Lane).
 timestamp= 1619816638000 [RES] API result: 
{"pose_arr":[{"vx":-0.45,"ay":1.72,"az":9.81,"ax":-1.92,"pz":10.12,"vy":-0.45,"px":552550.71,"py":4182870.09},{"vx":-2.1,"ay":1.95,"az":9.8,"ax":-2.27,"pz":10.12,"vy":-2.1,"px":552550.01,"py":4182869.25},{"vx":-2.65,"ay":0.2,"az":9.82,"ax":-0.19,"pz":10.12,"vy":-2.65,"px":552548.78,"py":4182867.78},{"vx":-3.17,"ay":0.49,"az":9.82,"ax":-0.31,"pz":10.12,"vy":-3.17,"px":552547.64,"py":4182866.31},{"vx":-3.43,"ay":0.36,"az":9.8,"ax":-0.67,"pz":10.12,"vy":-3.43,"px":552546.37,"py":4182864.63},{"vx":-4.54,"ay":0.23,"az":9.85,"ax":-0.28,"pz":10.12,"vy":-4.54,"px":552544.5,"py":4182862.19},{"vx":-4.49,"ay":-0.68,"az":9.83,"ax":0.9,"pz":10.12,"vy":-4.49,"px":552542.26,"py":4182859.24}],"traffic_light":[0,0,0,0,0,0],"state_arr":[{"acceleration":0.84,"throttle":61.77,"steering_target":-17.31,"brake":0,"steering_rate":100,"speed":0.18},{"acceleration":1.31,"throttle":55.06,"steering_target":-2.89,"brake":0,"steering_rate":100,"speed":1.49},{"acceleration":0.04,"throttle":36.46,"steering_target":10.62,"brake":0,"steering_rate":100,"speed":3.13},{"acceleration":0.77,"throttle":57.48,"steering_target":1.08,"brake":0,"steering_rate":100,"speed":3.29},{"acceleration":0.92,"throttle":53.65,"steering_target":-2.16,"brake":0,"steering_rate":100,"speed":3.97},{"acceleration":1.34,"throttle":92.75,"steering_target":0.42,"brake":0,"steering_rate":100,"speed":4.35},{"acceleration":0.6,"throttle":20.9,"steering_target":0.57,"brake":0,"steering_rate":100,"speed":5.72},{"acceleration":-1.25,"throttle":0,"steering_target":-0.07,"brake":23.02,"steering_rate":100,"speed":5.55}],"obstacle_arr":[[],[],[],[],[],[{"acceleration":{"y":0,"x":0,"z":0},"position":{"y":4182868.6,"x":552549.67,"z":10.14},"volume":0.77,"type":"PEDESTRIAN","velocity":{"y":0,"x":0,"z":0}}],[{"acceleration":{"y":-0.02,"x":-0.01,"z":0},"position":{"y":4182869.28,"x":552549.59,"z":10.13},"volume":0.19,"type":"PEDESTRIAN","velocity":{"y":0,"x":0,"z":0}},{"acceleration":{"y":0,"x":0,"z":0},"position":{"y":4182853.61,"x":552539.12,"z":10.4},"volume":0.14,"type":"PEDESTRIAN","velocity":{"y":0,"x":0,"z":0}}]],"action_description":"Pedestrian walking on the front lane","ev_state":[-333.468872070313,10.1243934631348,370.916717529297,0,0,0,12,1,0.0567805841565132,217.152938842773,0.0023424772080034,5.346602858146079],"collision_probability":0.596}
 timestamp= 1619816638000 [RUN] Validate G1 Guard Condition: 
The ego vehicle E Detection.Collision == True.
 timestamp= 1619816638000 [RES] Global Validate result: 
false
 timestamp= 1619816638000 [RUN] Validate G2 Guard Condition: 
The ego vehicle E Detection.OffRoad == True.
 timestamp= 1619816638000 [RES] Global Validate result: 
false
 timestamp= 1619816638000 [RUN] Validate G3 Guard Condition: 
The ego vehicle E Detection.HardBrake == True.
 timestamp= 1619816638000 [RES] Global Validate result: 
false
 timestamp= 1619816638000 [RUN] Validate G4 Guard Condition: 
The ego vehicle E Detection.ArrivalTest == True.
 timestamp= 1619816638000 [RES] Global Validate result: 
false
 timestamp= 1619816638000 [RUN] Validate step: 
The test system VALIDATES THAT the Apollo A Status.GetControl is nearly equal to {"acceleration": -1.25, "throttle": 0.0, "steering_target": -0.07, "brake": 23.02, "steering_rate": 100.0, "speed": 5.55}
 timestamp= 1619816638000 [RES] Validate result: 
true
 timestamp= 1619816638000 [RUN] Generate steps
 timestamp= 1619816638000 [RUN] Validate step: 
The test system VALIDATES THAT the simulator S Status.GetEnvironment is nearly equal to {"x": -333.47, "y": 10.12, "z": 370.92, "rain": 0.0, "fog": 0.0, "wetness": 0.0, "timeofday": 12.0, "signal": 1.0, "rx": 0.06, "ry": 217.15, "rz": 0.0, "speed": 5.35}
 timestamp= 1619816638000 [RES] Validate result: 
true
 timestamp= 1619816638000 [RUN] Execute API step: 
The environment controller C INVOKES API Control.Agents.Pedestrians.WalkRandomly(which_lane=Current_Lane).
 timestamp= 1619816642000 [RES] API result: 
{"pose_arr":[{"vx":-4.05,"ay":-1.25,"az":9.83,"ax":1.64,"pz":10.13,"vy":-4.05,"px":552540.87,"py":4182857.41},{"vx":-1.46,"ay":-8.91,"az":10.33,"ax":12.43,"pz":10.13,"vy":-1.46,"px":552539.62,"py":4182855.75},{"vx":0,"ay":0.01,"az":9.66,"ax":0,"pz":10.2,"vy":0,"px":552539.53,"py":4182855.63},{"vx":0,"ay":-0.01,"az":9.84,"ax":0,"pz":10.2,"vy":0,"px":552539.52,"py":4182855.61},{"vx":-0.04,"ay":0.13,"az":9.82,"ax":-0.15,"pz":10.2,"vy":-0.04,"px":552539.51,"py":4182855.6},{"vx":-0.01,"ay":0.08,"az":9.8,"ax":-0.05,"pz":10.2,"vy":-0.01,"px":552539.5,"py":4182855.6},{"vx":-0.02,"ay":-0.02,"az":9.81,"ax":0,"pz":10.2,"vy":-0.02,"px":552539.5,"py":4182855.58}],"traffic_light":[0,0,0,0,0,0],"state_arr":[{"acceleration":-2.29,"throttle":0,"steering_target":0.34,"brake":33.41,"steering_rate":100,"speed":5.35},{"acceleration":-3.5,"throttle":0,"steering_target":0.4,"brake":43.87,"steering_rate":100,"speed":4.01},{"acceleration":-0.19,"throttle":0,"steering_target":0.01,"brake":44.66,"steering_rate":100,"speed":0.1},{"acceleration":0.02,"throttle":29.6,"steering_target":-0.16,"brake":0,"steering_rate":100,"speed":0},{"acceleration":0.03,"throttle":15.7,"steering_target":-0.03,"brake":0,"steering_rate":100,"speed":0},{"acceleration":0.02,"throttle":15.7,"steering_target":-0.03,"brake":0,"steering_rate":100,"speed":0},{"acceleration":0.01,"throttle":15.7,"steering_target":-0.03,"brake":0,"steering_rate":100,"speed":0.02},{"acceleration":0.01,"throttle":15.7,"steering_target":-0.03,"brake":0,"steering_rate":100,"speed":0.02}],"obstacle_arr":[[{"acceleration":{"y":-0.29,"x":-0.13,"z":0},"position":{"y":4182869.03,"x":552549.51,"z":10.2},"volume":0.05,"type":"PEDESTRIAN","velocity":{"y":0,"x":0,"z":0}},{"acceleration":{"y":0,"x":0,"z":0},"position":{"y":4182853.49,"x":552539.02,"z":10.46},"volume":0.1,"type":"PEDESTRIAN","velocity":{"y":0,"x":0,"z":0}}],[{"acceleration":{"y":0,"x":0,"z":0},"position":{"y":4182853.81,"x":552536.85,"z":10.79},"volume":0.13,"type":"PEDESTRIAN","velocity":{"y":0,"x":0,"z":0}},{"acceleration":{"y":0,"x":0,"z":0},"position":{"y":4182868.98,"x":552549.47,"z":10.02},"volume":0.09,"type":"PEDESTRIAN","velocity":{"y":0,"x":0,"z":0}}],[{"acceleration":{"y":0.92,"x":0.63,"z":0},"position":{"y":4182853.46,"x":552536.56,"z":10.84},"volume":0.06,"type":"PEDESTRIAN","velocity":{"y":-0.58,"x":-0.58,"z":0}},{"acceleration":{"y":1.06,"x":0.85,"z":0},"position":{"y":4182868.86,"x":552549.36,"z":10.26},"volume":0.05,"type":"PEDESTRIAN","velocity":{"y":0,"x":0,"z":0}}],[{"acceleration":{"y":0.55,"x":0.53,"z":0},"position":{"y":4182853.42,"x":552536.55,"z":10.85},"volume":0.06,"type":"PEDESTRIAN","velocity":{"y":0,"x":0,"z":0}},{"acceleration":{"y":0.02,"x":0.02,"z":0},"position":{"y":4182868.84,"x":552549.35,"z":10.2},"volume":0.05,"type":"PEDESTRIAN","velocity":{"y":0,"x":0,"z":0}}],[{"acceleration":{"y":0.08,"x":0.07,"z":0},"position":{"y":4182853.44,"x":552536.57,"z":10.87},"volume":0.04,"type":"PEDESTRIAN","velocity":{"y":0,"x":0,"z":0}},{"acceleration":{"y":0,"x":0,"z":0},"position":{"y":4182868.83,"x":552549.36,"z":10.19},"volume":0.06,"type":"PEDESTRIAN","velocity":{"y":0,"x":0,"z":0}}],[{"acceleration":{"y":0,"x":0,"z":0},"position":{"y":4182853.45,"x":552536.57,"z":10.96},"volume":0.04,"type":"PEDESTRIAN","velocity":{"y":0,"x":0,"z":0}},{"acceleration":{"y":0,"x":0,"z":0},"position":{"y":4182868.83,"x":552549.34,"z":10.19},"volume":0.06,"type":"PEDESTRIAN","velocity":{"y":0,"x":0,"z":0}}],[{"acceleration":{"y":0,"x":0,"z":0},"position":{"y":4182853.46,"x":552536.58,"z":10.96},"volume":0.04,"type":"PEDESTRIAN","velocity":{"y":0,"x":0,"z":0}},{"acceleration":{"y":0,"x":0,"z":0},"position":{"y":4182868.83,"x":552549.34,"z":10.2},"volume":0.06,"type":"PEDESTRIAN","velocity":{"y":0,"x":0,"z":0}},{"acceleration":{"y":0,"x":0,"z":0},"position":{"y":4182841.81,"x":552531.09,"z":10.57},"volume":0,"type":"PEDESTRIAN","velocity":{"y":0,"x":0,"z":0}},{"acceleration":{"y":0,"x":0,"z":0},"position":{"y":4182860.77,"x":552552.77,"z":10.52},"volume":0.4,"type":"UNKNOWN","velocity":{"y":0,"x":0,"z":0}}]],"action_description":"Pedestrian walking on the front lane","ev_state":[-335.305541992188,10.1983947753906,368.479888916016,0,0,0,12,1,0.0679654851555824,217.072570800781,359.907623291016,0.022706645117254075],"collision_probability":1}
 timestamp= 1619816642000 [RUN] Validate G1 Guard Condition: 
The ego vehicle E Detection.Collision == True.
 timestamp= 1619816642000 [RES] Global Validate result: 
true
 timestamp= 1619816642000 [RUN] Collision == True
 timestamp= 1619816642000 [RUN] Validate G2 Guard Condition: 
The ego vehicle E Detection.OffRoad == True.
 timestamp= 1619816642000 [RES] Global Validate result: 
false
 timestamp= 1619816642000 [RUN] Validate G3 Guard Condition: 
The ego vehicle E Detection.HardBrake == True.
 timestamp= 1619816642000 [RES] Global Validate result: 
true
 timestamp= 1619816642000 [RUN] HardBrake == True
 timestamp= 1619816642000 [RUN] RESUME STEP @preStep
 timestamp= 1619816642000 [RUN] Resume step basicflow31
 timestamp= 1619816642000 [RUN] Validate G4 Guard Condition: 
The ego vehicle E Detection.ArrivalTest == True.
 timestamp= 1619816642000 [RES] Global Validate result: 
false
 timestamp= 1619816642000 [RUN] Validate step: 
The test system VALIDATES THAT the Apollo A Status.GetControl is nearly equal to {"acceleration": 0.01, "throttle": 15.7, "steering_target": -0.03, "brake": 0.0, "steering_rate": 100.0, "speed": 0.02}
 timestamp= 1619816642000 [RES] Validate result: 
true
 timestamp= 1619816642000 [RUN] Generate steps
 timestamp= 1619816642000 [RUN] Validate step: 
The test system VALIDATES THAT the simulator S Status.GetEnvironment is nearly equal to {"x": -335.31, "y": 10.2, "z": 368.48, "rain": 0.0, "fog": 0.0, "wetness": 0.0, "timeofday": 12.0, "signal": 1.0, "rx": 0.07, "ry": 217.07, "rz": 359.91, "speed": 0.02}
 timestamp= 1619816642000 [RES] Validate result: 
true
 timestamp= 1619816642000 [RUN] Execute API step: 
The environment controller C INVOKES API Control.Agents.Pedestrians.WalkRandomly(which_lane=Current_Lane).
 timestamp= 1619816646000 [RES] API result: 
{"pose_arr":[{"vx":-0.02,"ay":0,"az":9.81,"ax":0,"pz":10.2,"vy":-0.02,"px":552539.49,"py":4182855.58},{"vx":-0.02,"ay":0.01,"az":9.81,"ax":0.01,"pz":10.2,"vy":-0.02,"px":552539.48,"py":4182855.57},{"vx":0,"ay":-0.04,"az":9.73,"ax":-0.08,"pz":10.2,"vy":0,"px":552539.48,"py":4182855.56},{"vx":-0.01,"ay":0.03,"az":9.8,"ax":-0.03,"pz":10.2,"vy":-0.01,"px":552539.48,"py":4182855.55},{"vx":-0.02,"ay":0.1,"az":9.83,"ax":-0.07,"pz":10.2,"vy":-0.02,"px":552539.47,"py":4182855.55},{"vx":-0.02,"ay":0,"az":9.81,"ax":0,"pz":10.2,"vy":-0.02,"px":552539.47,"py":4182855.53},{"vx":-0.02,"ay":0.07,"az":9.83,"ax":-0.07,"pz":10.2,"vy":-0.02,"px":552539.46,"py":4182855.53},{"vx":-0.01,"ay":0.01,"az":9.81,"ax":-0.03,"pz":10.2,"vy":-0.01,"px":552539.46,"py":4182855.53}],"traffic_light":[0,0,0,0,0,0,0],"state_arr":[{"acceleration":0,"throttle":15.7,"steering_target":-0.03,"brake":0,"steering_rate":100,"speed":0.02},{"acceleration":0,"throttle":15.7,"steering_target":-0.03,"brake":0,"steering_rate":100,"speed":0.02},{"acceleration":-0.13,"throttle":0,"steering_target":-0.03,"brake":46.93,"steering_rate":100,"speed":0.02},{"acceleration":0.01,"throttle":15.7,"steering_target":-0.03,"brake":0,"steering_rate":100,"speed":0},{"acceleration":0.01,"throttle":15.7,"steering_target":-0.03,"brake":0,"steering_rate":100,"speed":0.02},{"acceleration":0,"throttle":15.7,"steering_target":-0.03,"brake":0,"steering_rate":100,"speed":0.02},{"acceleration":0,"throttle":15.7,"steering_target":-0.03,"brake":0,"steering_rate":100,"speed":0.02},{"acceleration":0,"throttle":15.7,"steering_target":-0.03,"brake":0,"steering_rate":100,"speed":0.01}],"obstacle_arr":[[{"acceleration":{"y":0,"x":0,"z":0},"position":{"y":4182853.41,"x":552536.52,"z":10.86},"volume":0.07,"type":"PEDESTRIAN","velocity":{"y":0,"x":0,"z":0}},{"acceleration":{"y":0,"x":0,"z":0},"position":{"y":4182868.85,"x":552549.37,"z":10.2},"volume":0.04,"type":"PEDESTRIAN","velocity":{"y":0,"x":0,"z":0}}],[{"acceleration":{"y":0,"x":0,"z":0},"position":{"y":4182853.39,"x":552536.49,"z":10.86},"volume":0.07,"type":"PEDESTRIAN","velocity":{"y":0,"x":0,"z":0}},{"acceleration":{"y":0,"x":0,"z":0},"position":{"y":4182868.85,"x":552549.38,"z":10.2},"volume":0.05,"type":"PEDESTRIAN","velocity":{"y":0,"x":0,"z":0}}],[{"acceleration":{"y":0,"x":0,"z":0},"position":{"y":4182853.4,"x":552536.51,"z":10.87},"volume":0.07,"type":"PEDESTRIAN","velocity":{"y":0,"x":0,"z":0}}],[{"acceleration":{"y":0,"x":0,"z":0},"position":{"y":4182853.41,"x":552536.42,"z":10.85},"volume":0.14,"type":"PEDESTRIAN","velocity":{"y":0,"x":0,"z":0}}],[{"acceleration":{"y":0,"x":0,"z":0},"position":{"y":4182853.39,"x":552536.45,"z":10.88},"volume":0.12,"type":"PEDESTRIAN","velocity":{"y":0,"x":0,"z":0}}],[{"acceleration":{"y":0,"x":0,"z":0},"position":{"y":4182853.35,"x":552536.45,"z":10.95},"volume":0.11,"type":"PEDESTRIAN","velocity":{"y":0,"x":0,"z":0}},{"acceleration":{"y":0,"x":0,"z":0},"position":{"y":4182868.86,"x":552549.41,"z":10.19},"volume":0.07,"type":"PEDESTRIAN","velocity":{"y":0,"x":0,"z":0}}],[{"acceleration":{"y":0,"x":0,"z":0},"position":{"y":4182853.39,"x":552536.34,"z":10.82},"volume":0.15,"type":"PEDESTRIAN","velocity":{"y":0,"x":0,"z":0}},{"acceleration":{"y":0,"x":0,"z":0},"position":{"y":4182868.87,"x":552549.42,"z":10.19},"volume":0.04,"type":"PEDESTRIAN","velocity":{"y":0,"x":0,"z":0}}]],"action_description":"Pedestrian walking on the front lane","ev_state":[-335.337066650391,10.1990852355957,368.429504394531,0,0,0,12,0,0.0478812530636787,217.096069335938,359.938873291016,0.017522961855900375],"collision_probability":0.513}
 timestamp= 1619816646000 [RUN] Validate G1 Guard Condition: 
The ego vehicle E Detection.Collision == True.
 timestamp= 1619816646000 [RES] Global Validate result: 
false
 timestamp= 1619816646000 [RUN] Validate G2 Guard Condition: 
The ego vehicle E Detection.OffRoad == True.
 timestamp= 1619816646000 [RES] Global Validate result: 
false
 timestamp= 1619816646000 [RUN] Validate G3 Guard Condition: 
The ego vehicle E Detection.HardBrake == True.
 timestamp= 1619816646000 [RES] Global Validate result: 
false
 timestamp= 1619816646000 [RUN] Validate G4 Guard Condition: 
The ego vehicle E Detection.ArrivalTest == True.
 timestamp= 1619816646000 [RES] Global Validate result: 
false
 timestamp= 1619816646000 [RUN] Validate step: 
The test system VALIDATES THAT the Apollo A Status.GetControl is nearly equal to {"acceleration": 0.0, "throttle": 15.7, "steering_target": -0.03, "brake": 0.0, "steering_rate": 100.0, "speed": 0.01}
 timestamp= 1619816646000 [RES] Validate result: 
true
 timestamp= 1619816646000 [RUN] Generate steps
 timestamp= 1619816646000 [RUN] Validate step: 
The test system VALIDATES THAT the simulator S Status.GetEnvironment is nearly equal to {"x": -335.34, "y": 10.2, "z": 368.43, "rain": 0.0, "fog": 0.0, "wetness": 0.0, "timeofday": 12.0, "signal": 0.0, "rx": 0.05, "ry": 217.1, "rz": 359.94, "speed": 0.02}
 timestamp= 1619816646000 [RES] Validate result: 
true
 timestamp= 1619816646000 [RUN] Execute API step: 
The environment controller C INVOKES API Control.Agents.Pedestrians.WalkRandomly(which_lane=Current_Lane).
 timestamp= 1619816650000 [RES] API result: 
{"pose_arr":[{"vx":-0.01,"ay":0.01,"az":9.81,"ax":-0.03,"pz":10.2,"vy":-0.01,"px":552539.46,"py":4182855.52},{"vx":-0.01,"ay":0.04,"az":9.8,"ax":-0.06,"pz":10.2,"vy":-0.01,"px":552539.46,"py":4182855.52},{"vx":0,"ay":0,"az":9.81,"ax":0,"pz":10.2,"vy":0,"px":552539.45,"py":4182855.52},{"vx":0,"ay":0,"az":9.81,"ax":0,"pz":10.2,"vy":0,"px":552539.45,"py":4182855.51},{"vx":-0.01,"ay":0.07,"az":9.8,"ax":-0.09,"pz":10.2,"vy":-0.01,"px":552539.45,"py":4182855.51},{"vx":0,"ay":0,"az":9.81,"ax":0,"pz":10.2,"vy":0,"px":552539.45,"py":4182855.51},{"vx":0,"ay":-0.02,"az":9.81,"ax":-0.02,"pz":10.2,"vy":0,"px":552539.45,"py":4182855.51}],"traffic_light":[0,0,0,0,0,0,0],"state_arr":[{"acceleration":0,"throttle":0,"steering_target":-0.03,"brake":16.06,"steering_rate":100,"speed":0.02},{"acceleration":-0.01,"throttle":0,"steering_target":-0.03,"brake":30.9,"steering_rate":100,"speed":0.02},{"acceleration":0.02,"throttle":15.7,"steering_target":-0.03,"brake":0,"steering_rate":100,"speed":0.02},{"acceleration":0,"throttle":15.7,"steering_target":-0.03,"brake":0,"steering_rate":100,"speed":0},{"acceleration":0,"throttle":15.7,"steering_target":-0.03,"brake":0,"steering_rate":100,"speed":0},{"acceleration":0,"throttle":15.7,"steering_target":-0.03,"brake":0,"steering_rate":100,"speed":0},{"acceleration":0,"throttle":0,"steering_target":-0.03,"brake":14.5,"steering_rate":100,"speed":0},{"acceleration":0,"throttle":0,"steering_target":-0.03,"brake":14.5,"steering_rate":100,"speed":0}],"obstacle_arr":[[{"acceleration":{"y":0,"x":0,"z":0},"position":{"y":4182853.43,"x":552536.38,"z":10.87},"volume":0.14,"type":"PEDESTRIAN","velocity":{"y":0,"x":0,"z":0}}],[{"acceleration":{"y":0,"x":0,"z":0},"position":{"y":4182853.42,"x":552536.35,"z":10.86},"volume":0.15,"type":"PEDESTRIAN","velocity":{"y":0,"x":0,"z":0}}],[{"acceleration":{"y":0,"x":0,"z":0},"position":{"y":4182853.4,"x":552536.38,"z":10.86},"volume":0.14,"type":"PEDESTRIAN","velocity":{"y":0,"x":0,"z":0}}],[{"acceleration":{"y":0,"x":0,"z":0},"position":{"y":4182853.42,"x":552536.39,"z":10.89},"volume":0.22,"type":"PEDESTRIAN","velocity":{"y":0,"x":0,"z":0}},{"acceleration":{"y":0,"x":0,"z":0},"position":{"y":4182868.88,"x":552549.42,"z":10.19},"volume":0.07,"type":"PEDESTRIAN","velocity":{"y":0,"x":0,"z":0}}],[{"acceleration":{"y":0,"x":0,"z":0},"position":{"y":4182853.42,"x":552536.39,"z":10.86},"volume":0.14,"type":"PEDESTRIAN","velocity":{"y":0,"x":0,"z":0}},{"acceleration":{"y":0,"x":0,"z":0},"position":{"y":4182868.87,"x":552549.41,"z":10.19},"volume":0.08,"type":"PEDESTRIAN","velocity":{"y":0,"x":0,"z":0}},{"acceleration":{"y":0,"x":0,"z":0},"position":{"y":4182841.71,"x":552531.17,"z":10.57},"volume":0.03,"type":"PEDESTRIAN","velocity":{"y":0,"x":0,"z":0}}],[{"acceleration":{"y":0,"x":0,"z":0},"position":{"y":4182853.45,"x":552536.34,"z":10.88},"volume":0.14,"type":"PEDESTRIAN","velocity":{"y":0,"x":0,"z":0}},{"acceleration":{"y":0,"x":0,"z":0},"position":{"y":4182841.77,"x":552531.2,"z":10.57},"volume":0.01,"type":"PEDESTRIAN","velocity":{"y":0,"x":0,"z":0}}],[{"acceleration":{"y":0,"x":0,"z":0},"position":{"y":4182853.45,"x":552536.33,"z":10.85},"volume":0.15,"type":"PEDESTRIAN","velocity":{"y":0,"x":0,"z":0}},{"acceleration":{"y":0,"x":0,"z":0},"position":{"y":4182841.76,"x":552531.2,"z":10.56},"volume":0.01,"type":"PEDESTRIAN","velocity":{"y":0,"x":0,"z":0}}],[{"acceleration":{"y":0,"x":0,"z":0},"position":{"y":4182853.41,"x":552536.36,"z":10.87},"volume":0.15,"type":"PEDESTRIAN","velocity":{"y":0,"x":0,"z":0}},{"acceleration":{"y":0,"x":0,"z":0},"position":{"y":4182841.76,"x":552531.2,"z":10.56},"volume":0.02,"type":"PEDESTRIAN","velocity":{"y":0,"x":0,"z":0}}]],"action_description":"Pedestrian walking on the front lane","ev_state":[-335.351654052734,10.1992750167847,368.410339355469,0,0,0,12,-1,0.0652094781398773,217.096649169922,359.943054199219,0.00019173956627840176],"collision_probability":0.515}
 timestamp= 1619816650000 [RUN] Validate G1 Guard Condition: 
The ego vehicle E Detection.Collision == True.
 timestamp= 1619816650000 [RES] Global Validate result: 
false
 timestamp= 1619816650000 [RUN] Validate G2 Guard Condition: 
The ego vehicle E Detection.OffRoad == True.
 timestamp= 1619816650000 [RES] Global Validate result: 
false
 timestamp= 1619816650000 [RUN] Validate G3 Guard Condition: 
The ego vehicle E Detection.HardBrake == True.
 timestamp= 1619816650000 [RES] Global Validate result: 
false
 timestamp= 1619816650000 [RUN] Validate G4 Guard Condition: 
The ego vehicle E Detection.ArrivalTest == True.
 timestamp= 1619816650000 [RES] Global Validate result: 
false
 timestamp= 1619816650000 [RUN] Validate step: 
The test system VALIDATES THAT the Apollo A Status.GetControl is nearly equal to {"acceleration": -0.0, "throttle": 0.0, "steering_target": -0.03, "brake": 14.5, "steering_rate": 100.0, "speed": 0.0}
 timestamp= 1619816650000 [RES] Validate result: 
true
 timestamp= 1619816650000 [RUN] Generate steps
 timestamp= 1619816650000 [RUN] Validate step: 
The test system VALIDATES THAT the simulator S Status.GetEnvironment is nearly equal to {"x": -335.35, "y": 10.2, "z": 368.41, "rain": 0.0, "fog": 0.0, "wetness": 0.0, "timeofday": 12.0, "signal": -1.0, "rx": 0.07, "ry": 217.1, "rz": 359.94, "speed": 0.0}
 timestamp= 1619816650000 [RES] Validate result: 
true
 timestamp= 1619816650000 [RUN] Execute API step: 
The environment controller C INVOKES API Control.Agents.Pedestrians.WalkRandomly(which_lane=Current_Lane).
 timestamp= 1619816655000 [RES] API result: 
{"pose_arr":[{"vx":0,"ay":0.01,"az":9.81,"ax":0.01,"pz":10.2,"vy":0,"px":552539.45,"py":4182855.51},{"vx":0,"ay":0,"az":9.81,"ax":0,"pz":10.2,"vy":0,"px":552539.45,"py":4182855.51},{"vx":0,"ay":0.01,"az":9.78,"ax":0,"pz":10.2,"vy":0,"px":552539.45,"py":4182855.51},{"vx":0,"ay":0,"az":9.81,"ax":0,"pz":10.2,"vy":0,"px":552539.45,"py":4182855.51},{"vx":0,"ay":0,"az":9.81,"ax":0,"pz":10.2,"vy":0,"px":552539.45,"py":4182855.51},{"vx":0,"ay":0,"az":9.81,"ax":0,"pz":10.2,"vy":0,"px":552539.45,"py":4182855.51},{"vx":0,"ay":0,"az":9.81,"ax":0,"pz":10.2,"vy":0,"px":552539.45,"py":4182855.51},{"vx":0,"ay":-0.01,"az":9.81,"ax":-0.01,"pz":10.2,"vy":0,"px":552539.45,"py":4182855.51}],"traffic_light":[0,0,0,0,0,0,0,0],"state_arr":[{"acceleration":0,"throttle":0,"steering_target":-0.03,"brake":14.5,"steering_rate":100,"speed":0},{"acceleration":0,"throttle":0,"steering_target":-0.03,"brake":14.5,"steering_rate":100,"speed":0},{"acceleration":0,"throttle":0,"steering_target":-0.03,"brake":14.5,"steering_rate":100,"speed":0},{"acceleration":0,"throttle":0,"steering_target":-0.03,"brake":14.5,"steering_rate":100,"speed":0},{"acceleration":0,"throttle":0,"steering_target":-0.03,"brake":14.5,"steering_rate":100,"speed":0},{"acceleration":0,"throttle":0,"steering_target":-0.03,"brake":14.5,"steering_rate":100,"speed":0},{"acceleration":0,"throttle":0,"steering_target":-0.03,"brake":14.5,"steering_rate":100,"speed":0},{"acceleration":0,"throttle":0,"steering_target":-0.03,"brake":14.5,"steering_rate":100,"speed":0},{"acceleration":0,"throttle":0,"steering_target":-0.03,"brake":14.5,"steering_rate":100,"speed":0}],"obstacle_arr":[[{"acceleration":{"y":0,"x":0,"z":0},"position":{"y":4182853.4,"x":552536.37,"z":10.88},"volume":0.15,"type":"PEDESTRIAN","velocity":{"y":0,"x":0,"z":0}},{"acceleration":{"y":0,"x":0,"z":0},"position":{"y":4182841.73,"x":552531.18,"z":10.57},"volume":0.04,"type":"PEDESTRIAN","velocity":{"y":0,"x":0,"z":0}}],[{"acceleration":{"y":0,"x":0,"z":0},"position":{"y":4182853.43,"x":552536.39,"z":10.88},"volume":0.13,"type":"PEDESTRIAN","velocity":{"y":0,"x":0,"z":0}},{"acceleration":{"y":0,"x":0,"z":0},"position":{"y":4182841.74,"x":552531.18,"z":10.57},"volume":0.04,"type":"PEDESTRIAN","velocity":{"y":0,"x":0,"z":0}}],[{"acceleration":{"y":0,"x":0,"z":0},"position":{"y":4182853.46,"x":552536.37,"z":10.86},"volume":0.14,"type":"PEDESTRIAN","velocity":{"y":0,"x":0,"z":0}},{"acceleration":{"y":0,"x":0,"z":0},"position":{"y":4182841.79,"x":552531.22,"z":10.57},"volume":0.03,"type":"PEDESTRIAN","velocity":{"y":0,"x":0,"z":0}}],[{"acceleration":{"y":0,"x":0,"z":0},"position":{"y":4182853.46,"x":552536.32,"z":10.86},"volume":0.15,"type":"PEDESTRIAN","velocity":{"y":0,"x":0,"z":0}},{"acceleration":{"y":0,"x":0,"z":0},"position":{"y":4182841.79,"x":552531.2,"z":10.57},"volume":0.03,"type":"PEDESTRIAN","velocity":{"y":0,"x":0,"z":0}}],[{"acceleration":{"y":0,"x":0,"z":0},"position":{"y":4182853.45,"x":552536.35,"z":10.87},"volume":0.15,"type":"PEDESTRIAN","velocity":{"y":0,"x":0,"z":0}},{"acceleration":{"y":0,"x":0,"z":0},"position":{"y":4182841.8,"x":552531.22,"z":10.57},"volume":0.01,"type":"PEDESTRIAN","velocity":{"y":0,"x":0,"z":0}}],[{"acceleration":{"y":0,"x":0,"z":0},"position":{"y":4182853.43,"x":552536.37,"z":10.87},"volume":0.14,"type":"PEDESTRIAN","velocity":{"y":0,"x":0,"z":0}},{"acceleration":{"y":0,"x":0,"z":0},"position":{"y":4182841.76,"x":552531.22,"z":10.57},"volume":0.04,"type":"PEDESTRIAN","velocity":{"y":0,"x":0,"z":0}}],[{"acceleration":{"y":0,"x":0,"z":0},"position":{"y":4182853.42,"x":552536.38,"z":10.87},"volume":0.15,"type":"PEDESTRIAN","velocity":{"y":0,"x":0,"z":0}},{"acceleration":{"y":0,"x":0,"z":0},"position":{"y":4182841.77,"x":552531.21,"z":10.57},"volume":0.07,"type":"PEDESTRIAN","velocity":{"y":0,"x":0,"z":0}},{"acceleration":{"y":0,"x":0,"z":0},"position":{"y":4182868.91,"x":552549.45,"z":10.18},"volume":0.1,"type":"PEDESTRIAN","velocity":{"y":0,"x":0,"z":0}}],[{"acceleration":{"y":0,"x":0,"z":0},"position":{"y":4182853.46,"x":552536.34,"z":10.88},"volume":0.15,"type":"PEDESTRIAN","velocity":{"y":0,"x":0,"z":0}},{"acceleration":{"y":0,"x":0,"z":0},"position":{"y":4182841.81,"x":552531.22,"z":10.57},"volume":0.01,"type":"PEDESTRIAN","velocity":{"y":0,"x":0,"z":0}}]],"action_description":"Pedestrian walking on the front lane","ev_state":[-335.351989746094,10.1991596221924,368.410675048828,0,0,0,12,-1,0.071092389523983,217.098571777344,359.941345214844,0.00010135128274321625],"collision_probability":0.516}
 timestamp= 1619816655000 [RUN] Validate G1 Guard Condition: 
The ego vehicle E Detection.Collision == True.
 timestamp= 1619816655000 [RES] Global Validate result: 
false
 timestamp= 1619816655000 [RUN] Validate G2 Guard Condition: 
The ego vehicle E Detection.OffRoad == True.
 timestamp= 1619816655000 [RES] Global Validate result: 
false
 timestamp= 1619816655000 [RUN] Validate G3 Guard Condition: 
The ego vehicle E Detection.HardBrake == True.
 timestamp= 1619816655000 [RES] Global Validate result: 
false
 timestamp= 1619816655000 [RUN] Validate G4 Guard Condition: 
The ego vehicle E Detection.ArrivalTest == True.
 timestamp= 1619816655000 [RES] Global Validate result: 
false
 timestamp= 1619816655000 [RUN] Validate step: 
The test system VALIDATES THAT the Apollo A Status.GetControl is nearly equal to {"acceleration": -0.0, "throttle": 0.0, "steering_target": -0.03, "brake": 14.5, "steering_rate": 100.0, "speed": 0.0}
 timestamp= 1619816655000 [RES] Validate result: 
true
 timestamp= 1619816655000 [RUN] Generate steps
 timestamp= 1619816655000 [RUN] Validate step: 
The test system VALIDATES THAT the simulator S Status.GetEnvironment is nearly equal to {"x": -335.35, "y": 10.2, "z": 368.41, "rain": 0.0, "fog": 0.0, "wetness": 0.0, "timeofday": 12.0, "signal": -1.0, "rx": 0.07, "ry": 217.1, "rz": 359.94, "speed": 0.0}
 timestamp= 1619816655000 [RES] Validate result: 
true
 timestamp= 1619816655000 [RUN] Execute API step: 
The environment controller C INVOKES API Control.Agents.Pedestrians.WalkRandomly(which_lane=Current_Lane).
 timestamp= 1619816659000 [RES] API result: 
{"pose_arr":[{"vx":0,"ay":0.01,"az":9.74,"ax":-0.09,"pz":10.2,"vy":0,"px":552539.45,"py":4182855.51},{"vx":0,"ay":0,"az":9.81,"ax":0,"pz":10.2,"vy":0,"px":552539.45,"py":4182855.51},{"vx":0,"ay":0,"az":9.81,"ax":0,"pz":10.2,"vy":0,"px":552539.45,"py":4182855.51},{"vx":0,"ay":0,"az":9.81,"ax":0,"pz":10.2,"vy":0,"px":552539.44,"py":4182855.51},{"vx":0,"ay":0,"az":9.81,"ax":0,"pz":10.2,"vy":0,"px":552539.44,"py":4182855.51},{"vx":0,"ay":0,"az":9.81,"ax":0,"pz":10.2,"vy":0,"px":552539.44,"py":4182855.51},{"vx":0,"ay":0,"az":9.81,"ax":0,"pz":10.2,"vy":0,"px":552539.44,"py":4182855.51},{"vx":0,"ay":-0.02,"az":9.81,"ax":-0.02,"pz":10.2,"vy":0,"px":552539.44,"py":4182855.51}],"traffic_light":[0,0,0,0,0,0,0,0],"state_arr":[{"acceleration":0,"throttle":0,"steering_target":-0.03,"brake":14.5,"steering_rate":100,"speed":0},{"acceleration":0,"throttle":0,"steering_target":-0.03,"brake":14.5,"steering_rate":100,"speed":0},{"acceleration":0,"throttle":0,"steering_target":-0.03,"brake":14.5,"steering_rate":100,"speed":0},{"acceleration":0,"throttle":0,"steering_target":-0.03,"brake":14.5,"steering_rate":100,"speed":0},{"acceleration":0,"throttle":0,"steering_target":-0.03,"brake":14.5,"steering_rate":100,"speed":0},{"acceleration":0,"throttle":0,"steering_target":-0.03,"brake":14.5,"steering_rate":100,"speed":0},{"acceleration":-3,"throttle":0,"steering_target":-0.03,"brake":69.99,"steering_rate":100,"speed":0},{"acceleration":0,"throttle":0,"steering_target":-0.03,"brake":14.5,"steering_rate":100,"speed":0},{"acceleration":0,"throttle":0,"steering_target":-0.03,"brake":14.5,"steering_rate":100,"speed":0}],"obstacle_arr":[[{"acceleration":{"y":0,"x":0,"z":0},"position":{"y":4182853.49,"x":552536.34,"z":10.87},"volume":0.15,"type":"PEDESTRIAN","velocity":{"y":0,"x":0,"z":0}},{"acceleration":{"y":0,"x":0,"z":0},"position":{"y":4182841.82,"x":552531.23,"z":10.57},"volume":0.01,"type":"PEDESTRIAN","velocity":{"y":0,"x":0,"z":0}}],[{"acceleration":{"y":0,"x":0,"z":0},"position":{"y":4182853.47,"x":552536.33,"z":10.88},"volume":0.13,"type":"PEDESTRIAN","velocity":{"y":0,"x":0,"z":0}},{"acceleration":{"y":0,"x":0,"z":0},"position":{"y":4182841.82,"x":552531.22,"z":10.57},"volume":0.02,"type":"PEDESTRIAN","velocity":{"y":0,"x":0,"z":0}}],[{"acceleration":{"y":0,"x":0,"z":0},"position":{"y":4182853.46,"x":552536.36,"z":10.88},"volume":0.14,"type":"PEDESTRIAN","velocity":{"y":0,"x":0,"z":0}},{"acceleration":{"y":0,"x":0,"z":0},"position":{"y":4182841.82,"x":552531.23,"z":10.57},"volume":0.01,"type":"PEDESTRIAN","velocity":{"y":0,"x":0,"z":0}}],[{"acceleration":{"y":0,"x":0,"z":0},"position":{"y":4182853.43,"x":552536.37,"z":10.86},"volume":0.15,"type":"PEDESTRIAN","velocity":{"y":0,"x":0,"z":0}},{"acceleration":{"y":0,"x":0,"z":0},"position":{"y":4182841.79,"x":552531.24,"z":10.58},"volume":0.04,"type":"PEDESTRIAN","velocity":{"y":0,"x":0,"z":0}},{"acceleration":{"y":0,"x":0,"z":0},"position":{"y":4182868.92,"x":552549.46,"z":10.17},"volume":0.09,"type":"PEDESTRIAN","velocity":{"y":0,"x":0,"z":0}}],[{"acceleration":{"y":0,"x":0,"z":0},"position":{"y":4182853.47,"x":552536.39,"z":10.91},"volume":0.13,"type":"PEDESTRIAN","velocity":{"y":0,"x":0,"z":0}},{"acceleration":{"y":0,"x":0,"z":0},"position":{"y":4182841.79,"x":552531.21,"z":10.57},"volume":0.03,"type":"PEDESTRIAN","velocity":{"y":0,"x":0,"z":0}}],[{"acceleration":{"y":0,"x":0,"z":0},"position":{"y":4182853.47,"x":552536.35,"z":10.9},"volume":0.14,"type":"PEDESTRIAN","velocity":{"y":0,"x":0,"z":0}},{"acceleration":{"y":0,"x":0,"z":0},"position":{"y":4182841.84,"x":552531.24,"z":10.57},"volume":0.02,"type":"PEDESTRIAN","velocity":{"y":0,"x":0,"z":0}}],[{"acceleration":{"y":0,"x":0,"z":0},"position":{"y":4182853.5,"x":552536.33,"z":10.89},"volume":0.14,"type":"PEDESTRIAN","velocity":{"y":0,"x":0,"z":0}},{"acceleration":{"y":0,"x":0,"z":0},"position":{"y":4182841.84,"x":552531.24,"z":10.58},"volume":0.02,"type":"PEDESTRIAN","velocity":{"y":0,"x":0,"z":0}}],[{"acceleration":{"y":0,"x":0,"z":0},"position":{"y":4182853.47,"x":552536.34,"z":10.87},"volume":0.15,"type":"PEDESTRIAN","velocity":{"y":0,"x":0,"z":0}},{"acceleration":{"y":0,"x":0,"z":0},"position":{"y":4182841.85,"x":552531.25,"z":10.57},"volume":0.02,"type":"PEDESTRIAN","velocity":{"y":0,"x":0,"z":0}}]],"action_description":"Pedestrian walking on the front lane","ev_state":[-335.352264404297,10.1991472244263,368.410919189453,0,0,0,12,-1,0.0725162029266357,217.098678588867,359.945526123047,0.00008182384968096825],"collision_probability":0.518}
 timestamp= 1619816659000 [RUN] Validate G1 Guard Condition: 
The ego vehicle E Detection.Collision == True.
 timestamp= 1619816659000 [RES] Global Validate result: 
false
 timestamp= 1619816659000 [RUN] Validate G2 Guard Condition: 
The ego vehicle E Detection.OffRoad == True.
 timestamp= 1619816659000 [RES] Global Validate result: 
true
 timestamp= 1619816659000 [RUN] OffRoad == True
 timestamp= 1619816659000 [RUN] The simulator S INVOKES API Command.Simulation.Stop() to stop simulation.
 timestamp= 1619816659000 [WARNING] The test system Stop the Simulator S!
 timestamp= 1619816659000 [RUN] ABORT.
 timestamp= 1619816659000 [ERROR] The test system Abort!
 timestamp= 1619816659000 [RUN] Validate G3 Guard Condition: 
The ego vehicle E Detection.HardBrake == True.
 timestamp= 1619816659000 [RES] Global Validate result: 
false
 timestamp= 1619816659000 [RUN] Validate G4 Guard Condition: 
The ego vehicle E Detection.ArrivalTest == True.
 timestamp= 1619816659000 [RES] Global Validate result: 
false
 timestamp= 1619816659000 [RES] Basic PostCondition Validate result: 
false
 timestamp= 1619816659000 [STOP] numberOfStep: 46 basicFlow: 
[{"name":"","description":"","eClass":"Sentence","content":"The test system VALIDATES THAT the simulator S Status.GetEnvironment is nearly equal to {\"x\": -246.07, \"y\": 10.12, \"z\": 466.23, \"rain\": 0.0, \"fog\": 0.0, \"wetness\": 0.0, \"timeofday\": 12.0, \"signal\": 1.0, \"rx\": 359.94, \"ry\": 305.58, \"rz\": 359.99, \"speed\": 2.02}","natures":[]},{"name":"","description":"","eClass":"Sentence","content":"The environment controller C INVOKES API Control.Agents.Pedestrians.WalkRandomly(which_lane=Current_Lane).","natures":[]},{"name":"","description":"","eClass":"Sentence","content":"The test system VALIDATES THAT the Apollo A Status.GetControl is nearly equal to {\"acceleration\": 0.21, \"throttle\": 15.7, \"steering_target\": 26.5, \"brake\": 0.0, \"steering_rate\": 100.0, \"speed\": 2.37}","natures":[]},{"name":"","description":"","eClass":"Sentence","content":"The test system VALIDATES THAT the simulator S Status.GetEnvironment is nearly equal to {\"x\": -254.07, \"y\": 10.12, \"z\": 470.59, \"rain\": 0.0, \"fog\": 0.0, \"wetness\": 0.0, \"timeofday\": 12.0, \"signal\": 1.0, \"rx\": 359.99, \"ry\": 289.69, \"rz\": 359.88, \"speed\": 2.52}","natures":[]},{"name":"","description":"","eClass":"Sentence","content":"The environment controller C INVOKES API Control.Agents.Pedestrians.WalkRandomly(which_lane=Current_Lane).","natures":[]},{"name":"","description":"","eClass":"Sentence","content":"The test system VALIDATES THAT the Apollo A Status.GetControl is nearly equal to {\"acceleration\": 1.02, \"throttle\": 29.32, \"steering_target\": 12.67, \"brake\": 0.0, \"steering_rate\": 100.0, \"speed\": 4.06}","natures":[]},{"name":"","description":"","eClass":"Sentence","content":"The test system VALIDATES THAT the simulator S Status.GetEnvironment is nearly equal to {\"x\": -264.82, \"y\": 10.12, \"z\": 465.79, \"rain\": 0.0, \"fog\": 0.0, \"wetness\": 0.0, \"timeofday\": 12.0, \"signal\": 0.0, \"rx\": 359.98, \"ry\": 226.42, \"rz\": 359.84, \"speed\": 4.06}","natures":[]},{"name":"","description":"","eClass":"Sentence","content":"The environment controller C INVOKES API Control.Agents.Pedestrians.WalkRandomly(which_lane=Current_Lane).","natures":[]},{"name":"","description":"","eClass":"Sentence","content":"The test system VALIDATES THAT the Apollo A Status.GetControl is nearly equal to {\"acceleration\": 0.8, \"throttle\": 15.7, \"steering_target\": 0.34, \"brake\": 0.0, \"steering_rate\": 100.0, \"speed\": 6.81}","natures":[]},{"name":"","description":"","eClass":"Sentence","content":"The test system VALIDATES THAT the simulator S Status.GetEnvironment is nearly equal to {\"x\": -278.76, \"y\": 10.12, \"z\": 447.38, \"rain\": 0.0, \"fog\": 0.0, \"wetness\": 0.0, \"timeofday\": 12.0, \"signal\": -1.0, \"rx\": 359.97, \"ry\": 214.71, \"rz\": 359.98, \"speed\": 6.95}","natures":[]},{"name":"","description":"","eClass":"Sentence","content":"The environment controller C INVOKES API Control.Agents.Pedestrians.WalkRandomly(which_lane=Current_Lane).","natures":[]},{"name":"","description":"","eClass":"Sentence","content":"The test system VALIDATES THAT the Apollo A Status.GetControl is nearly equal to {\"acceleration\": 0.54, \"throttle\": 15.7, \"steering_target\": 0.4, \"brake\": 0.0, \"steering_rate\": 100.0, \"speed\": 7.4}","natures":[]},{"name":"","description":"","eClass":"Sentence","content":"The test system VALIDATES THAT the simulator S Status.GetEnvironment is nearly equal to {\"x\": -295.36, \"y\": 10.12, \"z\": 423.55, \"rain\": 0.0, \"fog\": 0.0, \"wetness\": 0.0, \"timeofday\": 12.0, \"signal\": -1.0, \"rx\": 359.98, \"ry\": 215.08, \"rz\": 359.98, \"speed\": 7.44}","natures":[]},{"name":"","description":"","eClass":"Sentence","content":"The environment controller C INVOKES API Control.Agents.Pedestrians.WalkRandomly(which_lane=Current_Lane).","natures":[]},{"name":"","description":"","eClass":"Sentence","content":"The test system VALIDATES THAT the Apollo A Status.GetControl is nearly equal to {\"acceleration\": -1.78, \"throttle\": 0.0, \"steering_target\": -0.44, \"brake\": 69.92, \"steering_rate\": 100.0, \"speed\": 0.0}","natures":[]},{"name":"","description":"","eClass":"Sentence","content":"The test system VALIDATES THAT the simulator S Status.GetEnvironment is nearly equal to {\"x\": -306.44, \"y\": 10.13, \"z\": 407.86, \"rain\": 0.0, \"fog\": 0.0, \"wetness\": 0.0, \"timeofday\": 12.0, \"signal\": -1.0, \"rx\": 359.95, \"ry\": 214.8, \"rz\": 359.99, \"speed\": 0.0}","natures":[]},{"name":"","description":"","eClass":"Sentence","content":"The environment controller C INVOKES API Control.Agents.Pedestrians.WalkRandomly(which_lane=Current_Lane).","natures":[]},{"name":"","description":"","eClass":"Sentence","content":"The test system VALIDATES THAT the Apollo A Status.GetControl is nearly equal to {\"acceleration\": 0.02, \"throttle\": 43.1, \"steering_target\": 0.01, \"brake\": 0.0, \"steering_rate\": 100.0, \"speed\": 0.09}","natures":[]},{"name":"","description":"","eClass":"Sentence","content":"The test system VALIDATES THAT the simulator S Status.GetEnvironment is nearly equal to {\"x\": -306.95, \"y\": 10.13, \"z\": 407.2, \"rain\": 0.0, \"fog\": 0.0, \"wetness\": 0.0, \"timeofday\": 12.0, \"signal\": -1.0, \"rx\": 359.92, \"ry\": 217.22, \"rz\": 359.8, \"speed\": 0.32}","natures":[]},{"name":"","description":"","eClass":"Sentence","content":"The environment controller C INVOKES API Control.Agents.Pedestrians.WalkRandomly(which_lane=Current_Lane).","natures":[]},{"name":"","description":"","eClass":"Sentence","content":"The test system VALIDATES THAT the Apollo A Status.GetControl is nearly equal to {\"acceleration\": 0.3, \"throttle\": 15.7, \"steering_target\": -0.49, \"brake\": 0.0, \"steering_rate\": 100.0, \"speed\": 5.5}","natures":[]},{"name":"","description":"","eClass":"Sentence","content":"The test system VALIDATES THAT the simulator S Status.GetEnvironment is nearly equal to {\"x\": -314.38, \"y\": 10.12, \"z\": 396.52, \"rain\": 0.0, \"fog\": 0.0, \"wetness\": 0.0, \"timeofday\": 12.0, \"signal\": -1.0, \"rx\": 359.97, \"ry\": 214.8, \"rz\": 0.01, \"speed\": 5.7}","natures":[]},{"name":"","description":"","eClass":"Sentence","content":"The environment controller C INVOKES API Control.Agents.Pedestrians.WalkRandomly(which_lane=Current_Lane).","natures":[]},{"name":"","description":"","eClass":"Sentence","content":"The test system VALIDATES THAT the Apollo A Status.GetControl is nearly equal to {\"acceleration\": 0.27, \"throttle\": 47.88, \"steering_target\": -0.27, \"brake\": 0.0, \"steering_rate\": 100.0, \"speed\": 0.02}","natures":[]},{"name":"","description":"","eClass":"Sentence","content":"The test system VALIDATES THAT the simulator S Status.GetEnvironment is nearly equal to {\"x\": -323.51, \"y\": 10.13, \"z\": 383.75, \"rain\": 0.0, \"fog\": 0.0, \"wetness\": 0.0, \"timeofday\": 12.0, \"signal\": 1.0, \"rx\": 359.98, \"ry\": 216.16, \"rz\": 359.98, \"speed\": 0.02}","natures":[]},{"name":"","description":"","eClass":"Sentence","content":"The environment controller C INVOKES API Control.Agents.NPCVehicle.NPCVehicleMaintainLane(which_lane=Left_Lane&which_car=Jeep).","natures":[]},{"name":"","description":"","eClass":"Sentence","content":"The test system VALIDATES THAT the Apollo A Status.GetControl is nearly equal to {\"acceleration\": 0.07, \"throttle\": 16.91, \"steering_target\": 0.0, \"brake\": 0.0, \"steering_rate\": 100.0, \"speed\": 0.05}","natures":[]},{"name":"","description":"","eClass":"Sentence","content":"The test system VALIDATES THAT the simulator S Status.GetEnvironment is nearly equal to {\"x\": -324.06, \"y\": 10.13, \"z\": 383.07, \"rain\": 0.0, \"fog\": 0.0, \"wetness\": 0.0, \"timeofday\": 12.0, \"signal\": 1.0, \"rx\": 359.94, \"ry\": 218.23, \"rz\": 359.82, \"speed\": 0.18}","natures":[]},{"name":"","description":"","eClass":"Sentence","content":"The environment controller C INVOKES API Control.Agents.Pedestrians.WalkRandomly(which_lane=Current_Lane).","natures":[]},{"name":"","description":"","eClass":"Sentence","content":"The test system VALIDATES THAT the Apollo A Status.GetControl is nearly equal to {\"acceleration\": -1.25, \"throttle\": 0.0, \"steering_target\": -0.07, \"brake\": 23.02, \"steering_rate\": 100.0, \"speed\": 5.55}","natures":[]},{"name":"","description":"","eClass":"Sentence","content":"The test system VALIDATES THAT the simulator S Status.GetEnvironment is nearly equal to {\"x\": -333.47, \"y\": 10.12, \"z\": 370.92, \"rain\": 0.0, \"fog\": 0.0, \"wetness\": 0.0, \"timeofday\": 12.0, \"signal\": 1.0, \"rx\": 0.06, \"ry\": 217.15, \"rz\": 0.0, \"speed\": 5.35}","natures":[]},{"name":"","description":"","eClass":"Sentence","content":"The environment controller C INVOKES API Control.Agents.Pedestrians.WalkRandomly(which_lane=Current_Lane).","natures":[]},{"name":"","description":"","eClass":"Sentence","content":"The test system VALIDATES THAT the Apollo A Status.GetControl is nearly equal to {\"acceleration\": 0.01, \"throttle\": 15.7, \"steering_target\": -0.03, \"brake\": 0.0, \"steering_rate\": 100.0, \"speed\": 0.02}","natures":[]},{"name":"","description":"","eClass":"Sentence","content":"The test system VALIDATES THAT the simulator S Status.GetEnvironment is nearly equal to {\"x\": -335.31, \"y\": 10.2, \"z\": 368.48, \"rain\": 0.0, \"fog\": 0.0, \"wetness\": 0.0, \"timeofday\": 12.0, \"signal\": 1.0, \"rx\": 0.07, \"ry\": 217.07, \"rz\": 359.91, \"speed\": 0.02}","natures":[]},{"name":"","description":"","eClass":"Sentence","content":"The environment controller C INVOKES API Control.Agents.Pedestrians.WalkRandomly(which_lane=Current_Lane).","natures":[]},{"name":"","description":"","eClass":"Sentence","content":"The test system VALIDATES THAT the Apollo A Status.GetControl is nearly equal to {\"acceleration\": 0.0, \"throttle\": 15.7, \"steering_target\": -0.03, \"brake\": 0.0, \"steering_rate\": 100.0, \"speed\": 0.01}","natures":[]},{"name":"","description":"","eClass":"Sentence","content":"The test system VALIDATES THAT the simulator S Status.GetEnvironment is nearly equal to {\"x\": -335.34, \"y\": 10.2, \"z\": 368.43, \"rain\": 0.0, \"fog\": 0.0, \"wetness\": 0.0, \"timeofday\": 12.0, \"signal\": 0.0, \"rx\": 0.05, \"ry\": 217.1, \"rz\": 359.94, \"speed\": 0.02}","natures":[]},{"name":"","description":"","eClass":"Sentence","content":"The environment controller C INVOKES API Control.Agents.Pedestrians.WalkRandomly(which_lane=Current_Lane).","natures":[]},{"name":"","description":"","eClass":"Sentence","content":"The test system VALIDATES THAT the Apollo A Status.GetControl is nearly equal to {\"acceleration\": -0.0, \"throttle\": 0.0, \"steering_target\": -0.03, \"brake\": 14.5, \"steering_rate\": 100.0, \"speed\": 0.0}","natures":[]},{"name":"","description":"","eClass":"Sentence","content":"The test system VALIDATES THAT the simulator S Status.GetEnvironment is nearly equal to {\"x\": -335.35, \"y\": 10.2, \"z\": 368.41, \"rain\": 0.0, \"fog\": 0.0, \"wetness\": 0.0, \"timeofday\": 12.0, \"signal\": -1.0, \"rx\": 0.07, \"ry\": 217.1, \"rz\": 359.94, \"speed\": 0.0}","natures":[]},{"name":"","description":"","eClass":"Sentence","content":"The environment controller C INVOKES API Control.Agents.Pedestrians.WalkRandomly(which_lane=Current_Lane).","natures":[]},{"name":"","description":"","eClass":"Sentence","content":"The test system VALIDATES THAT the Apollo A Status.GetControl is nearly equal to {\"acceleration\": -0.0, \"throttle\": 0.0, \"steering_target\": -0.03, \"brake\": 14.5, \"steering_rate\": 100.0, \"speed\": 0.0}","natures":[]},{"name":"","description":"","eClass":"Sentence","content":"The test system VALIDATES THAT the simulator S Status.GetEnvironment is nearly equal to {\"x\": -335.35, \"y\": 10.2, \"z\": 368.41, \"rain\": 0.0, \"fog\": 0.0, \"wetness\": 0.0, \"timeofday\": 12.0, \"signal\": -1.0, \"rx\": 0.07, \"ry\": 217.1, \"rz\": 359.94, \"speed\": 0.0}","natures":[]},{"name":"","description":"","eClass":"Sentence","content":"The environment controller C INVOKES API Control.Agents.Pedestrians.WalkRandomly(which_lane=Current_Lane).","natures":[]},{"name":"","description":"","eClass":"Sentence","content":"The test system VALIDATES THAT the Apollo A Status.GetControl is nearly equal to {\"acceleration\": -0.0, \"throttle\": 0.0, \"steering_target\": -0.03, \"brake\": 14.5, \"steering_rate\": 100.0, \"speed\": 0.0}","natures":[]},{"name":"","description":"","eClass":"Sentence","content":"","natures":[]}]
