 timestamp= 1619802435000 [START] Now Run TCS Maintain Lane On Road1 Mode: dynamic Roadnum: 1 Second: 4
 timestamp= 1619802435000 [SUCCESS] TCS Check Success 
 timestamp= 1619802438000 [RUN] Run BasicFlow
 timestamp= 1619802438000 [RUN] Generate steps
 timestamp= 1619802438000 [RUN] Validate step: 
The test system VALIDATES THAT the simulator S Status.GetEnvironment is nearly equal to {"x": 214.29, "y": 10.12, "z": 201.88, "rain": 0.0, "fog": 0.0, "wetness": 0.0, "timeofday": 12.0, "signal": -1.0, "rx": 359.9, "ry": 269.93, "rz": -0.0, "speed": 3.8}
 timestamp= 1619802438000 [RES] Validate result: 
true
 timestamp= 1619802438000 [RUN] Execute API step: 
The environment controller C INVOKES API Control.Agents.Pedestrians.WalkRandomly(which_lane=Current_Lane).
 timestamp= 1619802441000 [RES] API result: 
{"pose_arr":[{"vx":-0.01,"ay":0.51,"az":9.83,"ax":0,"pz":10.12,"vy":-0.01,"px":553089.62,"py":4182687.9},{"vx":-0.01,"ay":0.27,"az":9.82,"ax":0,"pz":10.12,"vy":-0.01,"px":553086.72,"py":4182687.89},{"vx":-0.01,"ay":0.35,"az":9.82,"ax":0,"pz":10.12,"vy":-0.01,"px":553082.92,"py":4182687.89},{"vx":-0.01,"ay":0,"az":9.81,"ax":0,"pz":10.12,"vy":-0.01,"px":553080.14,"py":4182687.88},{"vx":-0.01,"ay":0.26,"az":9.81,"ax":0,"pz":10.12,"vy":-0.01,"px":553075.33,"py":4182687.87},{"vx":-0.02,"ay":3.22,"az":9.76,"ax":-0.01,"pz":10.12,"vy":-0.02,"px":553071.57,"py":4182687.86},{"vx":-0.02,"ay":0.12,"az":9.81,"ax":0,"pz":10.12,"vy":-0.02,"px":553068.16,"py":4182687.85}],"traffic_light":[3,3,3,3,3,3,3],"state_arr":[{"acceleration":0.68,"throttle":23.81,"steering_target":0.09,"brake":0,"steering_rate":100,"speed":3.78},{"acceleration":0.95,"throttle":15.7,"steering_target":0.05,"brake":0,"steering_rate":100,"speed":4.43},{"acceleration":0.85,"throttle":24.92,"steering_target":0.03,"brake":0,"steering_rate":100,"speed":4.98},{"acceleration":0.24,"throttle":15.7,"steering_target":0.03,"brake":0,"steering_rate":100,"speed":5.38},{"acceleration":0.95,"throttle":15.7,"steering_target":-0.03,"brake":0,"steering_rate":100,"speed":5.66},{"acceleration":1.28,"throttle":30.26,"steering_target":-0.02,"brake":0,"steering_rate":100,"speed":5.79},{"acceleration":0.63,"throttle":15.7,"steering_target":0.01,"brake":0,"steering_rate":100,"speed":6.66}],"obstacle_arr":[[],[],[],[],[],[],[]],"action_description":"Pedestrian walking on the front lane","ev_state":[192.825378417969,10.1241264343262,201.826522827148,0,0,0,12,-1,359.970520019531,269.859771728516,-0.0000707781800883822,6.770108841551817],"collision_probability":0}
 timestamp= 1619802441000 [RUN] Validate G1 Guard Condition: 
The ego vehicle E Detection.Collision == True.
 timestamp= 1619802441000 [RES] Global Validate result: 
false
 timestamp= 1619802441000 [RUN] Validate G2 Guard Condition: 
The ego vehicle E Detection.OffRoad == True.
 timestamp= 1619802441000 [RES] Global Validate result: 
false
 timestamp= 1619802441000 [RUN] Validate G3 Guard Condition: 
The ego vehicle E Detection.HardBrake == True.
 timestamp= 1619802441000 [RES] Global Validate result: 
false
 timestamp= 1619802441000 [RUN] Validate G4 Guard Condition: 
The ego vehicle E Detection.ArrivalTest == True.
 timestamp= 1619802441000 [RES] Global Validate result: 
false
 timestamp= 1619802441000 [RUN] Validate step: 
The test system VALIDATES THAT the Apollo A Status.GetControl is nearly equal to {"acceleration": 0.63, "throttle": 15.7, "steering_target": 0.01, "brake": 0.0, "steering_rate": 100.0, "speed": 6.66}
 timestamp= 1619802441000 [RES] Validate result: 
true
 timestamp= 1619802441000 [RUN] Generate steps
 timestamp= 1619802441000 [RUN] Validate step: 
The test system VALIDATES THAT the simulator S Status.GetEnvironment is nearly equal to {"x": 192.83, "y": 10.12, "z": 201.83, "rain": 0.0, "fog": 0.0, "wetness": 0.0, "timeofday": 12.0, "signal": -1.0, "rx": 359.97, "ry": 269.86, "rz": -0.0, "speed": 6.77}
 timestamp= 1619802441000 [RES] Validate result: 
true
 timestamp= 1619802441000 [RUN] Execute API step: 
The environment controller C INVOKES API Control.Agents.Pedestrians.WalkRandomly(which_lane=Current_Lane).
 timestamp= 1619802445000 [RES] API result: 
{"pose_arr":[{"vx":-0.02,"ay":0,"az":9.81,"ax":0,"pz":10.12,"vy":-0.02,"px":553064.69,"py":4182687.84},{"vx":-0.03,"ay":0.23,"az":9.81,"ax":0,"pz":10.12,"vy":-0.03,"px":553058.23,"py":4182687.82},{"vx":-0.04,"ay":0.4,"az":9.81,"ax":0,"pz":10.12,"vy":-0.04,"px":553054.3,"py":4182687.8},{"vx":-0.06,"ay":0.23,"az":9.81,"ax":0,"pz":10.12,"vy":-0.06,"px":553047.58,"py":4182687.76},{"vx":-0.09,"ay":0,"az":9.81,"ax":0,"pz":10.12,"vy":-0.09,"px":553042.26,"py":4182687.71}],"traffic_light":[3,3,3,3,2,2],"state_arr":[{"acceleration":0.89,"throttle":24.07,"steering_target":0.08,"brake":0,"steering_rate":100,"speed":6.77},{"acceleration":1.01,"throttle":26.49,"steering_target":0.02,"brake":0,"steering_rate":100,"speed":7.13},{"acceleration":0.56,"throttle":15.7,"steering_target":0.15,"brake":0,"steering_rate":100,"speed":7.47},{"acceleration":0.31,"throttle":15.72,"steering_target":0.12,"brake":0,"steering_rate":100,"speed":7.67},{"acceleration":0.11,"throttle":15.7,"steering_target":0.19,"brake":0,"steering_rate":100,"speed":7.82},{"acceleration":-0.46,"throttle":0,"steering_target":0.21,"brake":18.2,"steering_rate":100,"speed":7.94},{"acceleration":-1.28,"throttle":0,"steering_target":0.34,"brake":24.58,"steering_rate":100,"speed":1.8}],"obstacle_arr":[[],[],[],[],[],[{"acceleration":{"y":0,"x":-0.01,"z":0},"position":{"y":4182688.09,"x":553037.94,"z":10.66},"volume":0.11,"type":"PEDESTRIAN","velocity":{"y":0,"x":0,"z":0}}]],"action_description":"Pedestrian walking on the front lane","ev_state":[165.818786621094,10.1218423843384,201.656967163086,0,0,0,12,0,359.711303710938,269.593383789063,0.129539251327515,0.06666359953649235],"collision_probability":1}
 timestamp= 1619802445000 [RUN] Validate G1 Guard Condition: 
The ego vehicle E Detection.Collision == True.
 timestamp= 1619802445000 [RES] Global Validate result: 
true
 timestamp= 1619802445000 [RUN] Collision == True
 timestamp= 1619802445000 [RUN] Validate G2 Guard Condition: 
The ego vehicle E Detection.OffRoad == True.
 timestamp= 1619802445000 [RES] Global Validate result: 
false
 timestamp= 1619802445000 [RUN] Validate G3 Guard Condition: 
The ego vehicle E Detection.HardBrake == True.
 timestamp= 1619802445000 [RES] Global Validate result: 
true
 timestamp= 1619802445000 [RUN] HardBrake == True
 timestamp= 1619802445000 [RUN] RESUME STEP @preStep
 timestamp= 1619802445000 [RUN] Resume step basicflow4
 timestamp= 1619802445000 [RUN] Validate G4 Guard Condition: 
The ego vehicle E Detection.ArrivalTest == True.
 timestamp= 1619802445000 [RES] Global Validate result: 
false
 timestamp= 1619802445000 [RUN] Validate step: 
The test system VALIDATES THAT the Apollo A Status.GetControl is nearly equal to {"acceleration": -1.28, "throttle": 0.0, "steering_target": 0.34, "brake": 24.58, "steering_rate": 100.0, "speed": 1.8}
 timestamp= 1619802445000 [RES] Validate result: 
true
 timestamp= 1619802445000 [RUN] Generate steps
 timestamp= 1619802445000 [RUN] Validate step: 
The test system VALIDATES THAT the simulator S Status.GetEnvironment is nearly equal to {"x": 165.82, "y": 10.12, "z": 201.66, "rain": 0.0, "fog": 0.0, "wetness": 0.0, "timeofday": 12.0, "signal": 0.0, "rx": 359.71, "ry": 269.59, "rz": 0.13, "speed": 0.07}
 timestamp= 1619802445000 [RES] Validate result: 
true
 timestamp= 1619802445000 [RUN] Execute API step: 
The environment controller C INVOKES API Control.Agents.Pedestrians.WalkRandomly(which_lane=Current_Lane).
 timestamp= 1619802448000 [RES] API result: 
{"pose_arr":[{"vx":0,"ay":2.67,"az":9.76,"ax":-0.03,"pz":10.12,"vy":0,"px":553041.13,"py":4182687.69},{"vx":0,"ay":-0.61,"az":9.81,"ax":0.01,"pz":10.12,"vy":0,"px":553040.85,"py":4182687.69},{"vx":0,"ay":0.3,"az":9.81,"ax":0,"pz":10.12,"vy":0,"px":553040.67,"py":4182687.68},{"vx":0,"ay":-0.6,"az":9.8,"ax":0.01,"pz":10.12,"vy":0,"px":553040.53,"py":4182687.68},{"vx":0,"ay":-0.6,"az":9.8,"ax":0.01,"pz":10.12,"vy":0,"px":553040.39,"py":4182687.68},{"vx":0,"ay":0.12,"az":9.81,"ax":0,"pz":10.12,"vy":0,"px":553040.39,"py":4182687.68}],"traffic_light":[2,2,3,3,3],"state_arr":[{"acceleration":0.21,"throttle":15.7,"steering_target":0.26,"brake":0,"steering_rate":100,"speed":0.07},{"acceleration":0.09,"throttle":15.7,"steering_target":0.19,"brake":0,"steering_rate":100,"speed":0.36},{"acceleration":0.03,"throttle":47.61,"steering_target":0,"brake":0,"steering_rate":100,"speed":0.35},{"acceleration":-0.02,"throttle":0,"steering_target":-0.01,"brake":14.5,"steering_rate":100,"speed":0.37},{"acceleration":0.06,"throttle":15.7,"steering_target":0,"brake":0,"steering_rate":100,"speed":0.13},{"acceleration":-0.04,"throttle":0,"steering_target":0,"brake":14.5,"steering_rate":100,"speed":0.27},{"acceleration":0.07,"throttle":16.57,"steering_target":0,"brake":0,"steering_rate":100,"speed":0.04}],"obstacle_arr":[[{"acceleration":{"y":0,"x":0,"z":0},"position":{"y":4182688.1,"x":553037.37,"z":10.74},"volume":0.11,"type":"PEDESTRIAN","velocity":{"y":0,"x":0,"z":0}}],[{"acceleration":{"y":0,"x":0.53,"z":0},"position":{"y":4182687.98,"x":553037.39,"z":10.73},"volume":0.21,"type":"PEDESTRIAN","velocity":{"y":0,"x":0,"z":0}}],[{"acceleration":{"y":0,"x":0,"z":0},"position":{"y":4182687.97,"x":553037.03,"z":10.77},"volume":0.23,"type":"PEDESTRIAN","velocity":{"y":0,"x":0,"z":0}}],[{"acceleration":{"y":0,"x":0,"z":0},"position":{"y":4182687.98,"x":553037.02,"z":10.74},"volume":0.16,"type":"PEDESTRIAN","velocity":{"y":0,"x":0,"z":0}}],[{"acceleration":{"y":0,"x":0,"z":0},"position":{"y":4182688,"x":553036.74,"z":10.74},"volume":0.2,"type":"PEDESTRIAN","velocity":{"y":0,"x":0,"z":0}}],[{"acceleration":{"y":0,"x":0,"z":0},"position":{"y":4182688,"x":553036.65,"z":10.8},"volume":0.17,"type":"PEDESTRIAN","velocity":{"y":0,"x":0,"z":0}}],[{"acceleration":{"y":0,"x":0,"z":0},"position":{"y":4182688.04,"x":553036.55,"z":10.79},"volume":0.2,"type":"PEDESTRIAN","velocity":{"y":0,"x":0,"z":0}}]],"action_description":"Pedestrian walking on the front lane","ev_state":[165.054504394531,10.1253881454468,201.641952514648,0,0,0,12,-1,359.931030273438,269.203063964844,0.0115119367837906,0.05945882696610804],"collision_probability":0.361}
 timestamp= 1619802448000 [RUN] Validate G1 Guard Condition: 
The ego vehicle E Detection.Collision == True.
 timestamp= 1619802448000 [RES] Global Validate result: 
false
 timestamp= 1619802448000 [RUN] Validate G2 Guard Condition: 
The ego vehicle E Detection.OffRoad == True.
 timestamp= 1619802448000 [RES] Global Validate result: 
false
 timestamp= 1619802448000 [RUN] Validate G3 Guard Condition: 
The ego vehicle E Detection.HardBrake == True.
 timestamp= 1619802448000 [RES] Global Validate result: 
false
 timestamp= 1619802448000 [RUN] Validate G4 Guard Condition: 
The ego vehicle E Detection.ArrivalTest == True.
 timestamp= 1619802448000 [RES] Global Validate result: 
false
 timestamp= 1619802448000 [RUN] Validate step: 
The test system VALIDATES THAT the Apollo A Status.GetControl is nearly equal to {"acceleration": 0.07, "throttle": 16.57, "steering_target": -0.0, "brake": 0.0, "steering_rate": 100.0, "speed": 0.04}
 timestamp= 1619802448000 [RES] Validate result: 
true
 timestamp= 1619802448000 [RUN] Generate steps
 timestamp= 1619802448000 [RUN] Validate step: 
The test system VALIDATES THAT the simulator S Status.GetEnvironment is nearly equal to {"x": 165.05, "y": 10.13, "z": 201.64, "rain": 0.0, "fog": 0.0, "wetness": 0.0, "timeofday": 12.0, "signal": -1.0, "rx": 359.93, "ry": 269.2, "rz": 0.01, "speed": 0.06}
 timestamp= 1619802448000 [RES] Validate result: 
true
 timestamp= 1619802448000 [RUN] Execute API step: 
The environment controller C INVOKES API Control.Agents.Pedestrians.WalkRandomly(which_lane=Current_Lane).
 timestamp= 1619802452000 [RES] API result: 
{"pose_arr":[{"vx":0,"ay":0.12,"az":9.81,"ax":0,"pz":10.12,"vy":0,"px":553040.37,"py":4182687.68},{"vx":0,"ay":0,"az":9.81,"ax":0,"pz":10.12,"vy":0,"px":553040.31,"py":4182687.68},{"vx":0,"ay":0.12,"az":9.81,"ax":0,"pz":10.12,"vy":0,"px":553040.32,"py":4182687.68},{"vx":0,"ay":-0.59,"az":9.82,"ax":0.01,"pz":10.12,"vy":0,"px":553040.24,"py":4182687.67},{"vx":-0.01,"ay":-0.59,"az":9.87,"ax":0.01,"pz":10.12,"vy":-0.01,"px":553040.08,"py":4182687.67},{"vx":-0.02,"ay":2.32,"az":9.82,"ax":-0.04,"pz":10.12,"vy":-0.02,"px":553039.49,"py":4182687.66}],"traffic_light":[1,1,3,3,1,3],"state_arr":[{"acceleration":0.05,"throttle":15.7,"steering_target":0,"brake":0,"steering_rate":100,"speed":0.06},{"acceleration":-0.01,"throttle":0,"steering_target":0.22,"brake":14.5,"steering_rate":100,"speed":0.14},{"acceleration":0.06,"throttle":15.7,"steering_target":0.33,"brake":0,"steering_rate":100,"speed":0},{"acceleration":0.03,"throttle":15.7,"steering_target":0.33,"brake":0,"steering_rate":100,"speed":0.05},{"acceleration":0.04,"throttle":36.34,"steering_target":0.78,"brake":0,"steering_rate":100,"speed":0.24},{"acceleration":0.04,"throttle":41.39,"steering_target":0.44,"brake":0,"steering_rate":100,"speed":0.51},{"acceleration":-0.13,"throttle":0,"steering_target":0.75,"brake":14.5,"steering_rate":100,"speed":1}],"obstacle_arr":[[{"acceleration":{"y":0,"x":0,"z":0},"position":{"y":4182688.01,"x":553036.64,"z":10.75},"volume":0.22,"type":"PEDESTRIAN","velocity":{"y":0,"x":0,"z":0}}],[{"acceleration":{"y":0,"x":0,"z":0},"position":{"y":4182688.09,"x":553036.53,"z":10.74},"volume":0.25,"type":"PEDESTRIAN","velocity":{"y":0,"x":0,"z":0}}],[{"acceleration":{"y":0,"x":0,"z":0},"position":{"y":4182688.06,"x":553036.49,"z":10.73},"volume":0.17,"type":"PEDESTRIAN","velocity":{"y":0,"x":0,"z":0}}],[{"acceleration":{"y":0,"x":0,"z":0},"position":{"y":4182688.1,"x":553036.52,"z":10.79},"volume":0.2,"type":"PEDESTRIAN","velocity":{"y":0,"x":0,"z":0}}],[{"acceleration":{"y":0,"x":0,"z":0},"position":{"y":4182688.07,"x":553036.46,"z":10.75},"volume":0.15,"type":"PEDESTRIAN","velocity":{"y":0,"x":0,"z":0}}],[{"acceleration":{"y":0,"x":0,"z":0},"position":{"y":4182688.03,"x":553036.16,"z":10.75},"volume":0.24,"type":"PEDESTRIAN","velocity":{"y":0,"x":0,"z":0}}]],"action_description":"Pedestrian walking on the front lane","ev_state":[163.796249389648,10.1252212524414,201.613433837891,0,0,0,12,-1,359.931304931641,269.07763671875,0.000873410957865417,1.0152998755000586],"collision_probability":0.361}
 timestamp= 1619802452000 [RUN] Validate G1 Guard Condition: 
The ego vehicle E Detection.Collision == True.
 timestamp= 1619802452000 [RES] Global Validate result: 
false
 timestamp= 1619802452000 [RUN] Validate G2 Guard Condition: 
The ego vehicle E Detection.OffRoad == True.
 timestamp= 1619802452000 [RES] Global Validate result: 
false
 timestamp= 1619802452000 [RUN] Validate G3 Guard Condition: 
The ego vehicle E Detection.HardBrake == True.
 timestamp= 1619802452000 [RES] Global Validate result: 
false
 timestamp= 1619802452000 [RUN] Validate G4 Guard Condition: 
The ego vehicle E Detection.ArrivalTest == True.
 timestamp= 1619802452000 [RES] Global Validate result: 
false
 timestamp= 1619802452000 [RUN] Validate step: 
The test system VALIDATES THAT the Apollo A Status.GetControl is nearly equal to {"acceleration": -0.13, "throttle": 0.0, "steering_target": 0.75, "brake": 14.5, "steering_rate": 100.0, "speed": 1.0}
 timestamp= 1619802452000 [RES] Validate result: 
true
 timestamp= 1619802452000 [RUN] Generate steps
 timestamp= 1619802452000 [RUN] Validate step: 
The test system VALIDATES THAT the simulator S Status.GetEnvironment is nearly equal to {"x": 163.8, "y": 10.13, "z": 201.61, "rain": 0.0, "fog": 0.0, "wetness": 0.0, "timeofday": 12.0, "signal": -1.0, "rx": 359.93, "ry": 269.08, "rz": 0.0, "speed": 1.02}
 timestamp= 1619802452000 [RES] Validate result: 
true
 timestamp= 1619802452000 [RUN] Execute API step: 
The environment controller C INVOKES API Control.Agents.Pedestrians.WalkRandomly(which_lane=Current_Lane).
 timestamp= 1619802456000 [RES] API result: 
{"pose_arr":[{"vx":-0.01,"ay":-0.58,"az":9.78,"ax":0.01,"pz":10.13,"vy":-0.01,"px":553038.98,"py":4182687.65},{"vx":-0.03,"ay":3.01,"az":9.81,"ax":-0.05,"pz":10.12,"vy":-0.03,"px":553038.23,"py":4182687.64},{"vx":-0.04,"ay":-0.59,"az":9.83,"ax":0,"pz":10.12,"vy":-0.04,"px":553037.09,"py":4182687.62},{"vx":-0.02,"ay":-0.49,"az":9.77,"ax":-0.13,"pz":10.12,"vy":-0.02,"px":553035.83,"py":4182687.61},{"vx":-0.05,"ay":0.99,"az":9.82,"ax":-0.01,"pz":10.12,"vy":-0.05,"px":553033.69,"py":4182687.6},{"vx":-0.1,"ay":0.47,"az":9.84,"ax":-0.14,"pz":10.12,"vy":-0.1,"px":553031.01,"py":4182687.6},{"vx":-0.02,"ay":0.27,"az":9.81,"ax":0,"pz":10.12,"vy":-0.02,"px":553027.84,"py":4182687.54}],"traffic_light":[1,3,3,3,3,3],"state_arr":[{"acceleration":-0.07,"throttle":0,"steering_target":0.49,"brake":14.5,"steering_rate":100,"speed":1.02},{"acceleration":0.04,"throttle":50.06,"steering_target":0.27,"brake":0,"steering_rate":100,"speed":1.07},{"acceleration":-0.42,"throttle":0,"steering_target":0.55,"brake":14.5,"steering_rate":100,"speed":2.13},{"acceleration":0.03,"throttle":47.79,"steering_target":0.56,"brake":0,"steering_rate":100,"speed":2.55},{"acceleration":0.67,"throttle":31,"steering_target":2.08,"brake":0,"steering_rate":100,"speed":3.1},{"acceleration":0.37,"throttle":15.7,"steering_target":1.39,"brake":0,"steering_rate":100,"speed":4.38},{"acceleration":-0.74,"throttle":0,"steering_target":-2.54,"brake":16.81,"steering_rate":100,"speed":4.6},{"acceleration":0.31,"throttle":15.7,"steering_target":-0.04,"brake":0,"steering_rate":100,"speed":4.71}],"obstacle_arr":[[{"acceleration":{"y":0.13,"x":0.48,"z":0},"position":{"y":4182687.82,"x":553035.37,"z":10.78},"volume":0.23,"type":"PEDESTRIAN","velocity":{"y":0,"x":0,"z":0}}],[{"acceleration":{"y":-0.08,"x":-0.14,"z":0},"position":{"y":4182687.6,"x":553035.13,"z":10.79},"volume":0.19,"type":"PEDESTRIAN","velocity":{"y":0,"x":0,"z":0}}],[{"acceleration":{"y":-0.29,"x":-2.26,"z":0},"position":{"y":4182687.41,"x":553034,"z":10.81},"volume":0.02,"type":"PEDESTRIAN","velocity":{"y":-0.44,"x":-2,"z":0}}],[],[],[],[]],"action_description":"Pedestrian walking on the front lane","ev_state":[152.511734008789,10.1244859695435,201.505493164063,0,0,0,12,-1,359.984558105469,269.413421630859,0.0306791998445988,4.709234972328648],"collision_probability":0.57}
 timestamp= 1619802456000 [RUN] Validate G1 Guard Condition: 
The ego vehicle E Detection.Collision == True.
 timestamp= 1619802456000 [RES] Global Validate result: 
false
 timestamp= 1619802456000 [RUN] Validate G2 Guard Condition: 
The ego vehicle E Detection.OffRoad == True.
 timestamp= 1619802456000 [RES] Global Validate result: 
false
 timestamp= 1619802456000 [RUN] Validate G3 Guard Condition: 
The ego vehicle E Detection.HardBrake == True.
 timestamp= 1619802456000 [RES] Global Validate result: 
false
 timestamp= 1619802456000 [RUN] Validate G4 Guard Condition: 
The ego vehicle E Detection.ArrivalTest == True.
 timestamp= 1619802456000 [RES] Global Validate result: 
false
 timestamp= 1619802456000 [RUN] Validate step: 
The test system VALIDATES THAT the Apollo A Status.GetControl is nearly equal to {"acceleration": 0.31, "throttle": 15.7, "steering_target": -0.04, "brake": 0.0, "steering_rate": 100.0, "speed": 4.71}
 timestamp= 1619802456000 [RES] Validate result: 
true
 timestamp= 1619802456000 [RUN] Generate steps
 timestamp= 1619802456000 [RUN] Validate step: 
The test system VALIDATES THAT the simulator S Status.GetEnvironment is nearly equal to {"x": 152.51, "y": 10.12, "z": 201.51, "rain": 0.0, "fog": 0.0, "wetness": 0.0, "timeofday": 12.0, "signal": -1.0, "rx": 359.98, "ry": 269.41, "rz": 0.03, "speed": 4.71}
 timestamp= 1619802456000 [RES] Validate result: 
true
 timestamp= 1619802456000 [RUN] Execute API step: 
The environment controller C INVOKES API Control.Agents.Pedestrians.WalkRandomly(which_lane=Current_Lane).
 timestamp= 1619802460000 [RES] API result: 
{"pose_arr":[{"vx":-0.05,"ay":-3.85,"az":9.87,"ax":0.04,"pz":10.13,"vy":-0.05,"px":553026.39,"py":4182687.52},{"vx":-0.03,"ay":-2.89,"az":9.81,"ax":0.03,"pz":10.13,"vy":-0.03,"px":553024.48,"py":4182687.5},{"vx":-0.01,"ay":-1.84,"az":9.81,"ax":0.02,"pz":10.13,"vy":-0.01,"px":553023.7,"py":4182687.49},{"vx":0,"ay":-0.45,"az":9.81,"ax":0.01,"pz":10.13,"vy":0,"px":553023.29,"py":4182687.49},{"vx":-0.01,"ay":3.21,"az":9.8,"ax":-0.04,"pz":10.12,"vy":-0.01,"px":553023.07,"py":4182687.48},{"vx":-0.01,"ay":-1.45,"az":9.81,"ax":0.02,"pz":10.13,"vy":-0.01,"px":553022.35,"py":4182687.48},{"vx":0,"ay":-0.54,"az":9.81,"ax":0.01,"pz":10.13,"vy":0,"px":553022.18,"py":4182687.47}],"traffic_light":[3,3,3,1,3,3],"state_arr":[{"acceleration":-3.58,"throttle":0,"steering_target":0.64,"brake":44.55,"steering_rate":100,"speed":4.18},{"acceleration":-2.23,"throttle":0,"steering_target":-0.17,"brake":33.42,"steering_rate":100,"speed":2.13},{"acceleration":-1.49,"throttle":0,"steering_target":-0.08,"brake":26.53,"steering_rate":100,"speed":0.93},{"acceleration":-0.5,"throttle":0,"steering_target":-0.07,"brake":14.62,"steering_rate":100,"speed":0.37},{"acceleration":0.55,"throttle":87.29,"steering_target":-0.06,"brake":0,"steering_rate":100,"speed":0.2},{"acceleration":-1.32,"throttle":0,"steering_target":-0.07,"brake":24.95,"steering_rate":100,"speed":1.17},{"acceleration":-0.86,"throttle":0,"steering_target":-0.03,"brake":19.67,"steering_rate":100,"speed":0.49}],"obstacle_arr":[[],[{"acceleration":{"y":0.11,"x":-0.58,"z":0},"position":{"y":4182667.1,"x":553002.41,"z":10.59},"volume":2.61,"type":"VEHICLE","velocity":{"y":0,"x":0.38,"z":0}},{"acceleration":{"y":0,"x":0,"z":0},"position":{"y":4182667.29,"x":553009.09,"z":10.93},"volume":1.12,"type":"VEHICLE","velocity":{"y":0,"x":0,"z":0}},{"acceleration":{"y":0,"x":0,"z":0},"position":{"y":4182687.79,"x":553033.19,"z":10.66},"volume":0.12,"type":"PEDESTRIAN","velocity":{"y":0,"x":0,"z":0}}],[{"acceleration":{"y":0.01,"x":-0.37,"z":0},"position":{"y":4182667.18,"x":553001.76,"z":10.59},"volume":2.85,"type":"VEHICLE","velocity":{"y":0,"x":0,"z":0}},{"acceleration":{"y":0.05,"x":0.41,"z":0},"position":{"y":4182688.23,"x":553033.39,"z":10.39},"volume":0.12,"type":"PEDESTRIAN","velocity":{"y":0.56,"x":0.22,"z":0}}],[{"acceleration":{"y":0,"x":-0.05,"z":0},"position":{"y":4182667.28,"x":553001.83,"z":10.68},"volume":2.98,"type":"VEHICLE","velocity":{"y":0,"x":0,"z":0}},{"acceleration":{"y":-0.57,"x":-0.19,"z":0},"position":{"y":4182688.35,"x":553033.56,"z":10.48},"volume":0.08,"type":"PEDESTRIAN","velocity":{"y":0,"x":0,"z":0}}],[{"acceleration":{"y":0,"x":0,"z":0},"position":{"y":4182667.12,"x":553000.22,"z":10.49},"volume":0.98,"type":"VEHICLE","velocity":{"y":0,"x":0,"z":0}},{"acceleration":{"y":0.38,"x":0.63,"z":0},"position":{"y":4182688.71,"x":553034.3,"z":10.6},"volume":0.05,"type":"PEDESTRIAN","velocity":{"y":0.39,"x":0.58,"z":0}}],[{"acceleration":{"y":0,"x":0,"z":0},"position":{"y":4182688.13,"x":553017.14,"z":10.13},"volume":0.53,"type":"PEDESTRIAN","velocity":{"y":0,"x":0,"z":0}}],[{"acceleration":{"y":0,"x":0,"z":0},"position":{"y":4182688.11,"x":553017.1,"z":10.13},"volume":0.55,"type":"PEDESTRIAN","velocity":{"y":0,"x":0,"z":0}}]],"action_description":"Pedestrian walking on the front lane","ev_state":[146.843902587891,10.1248359680176,201.437438964844,0,0,0,12,-1,0.0452564582228661,269.325500488281,0.0000334355790982954,0.12002840190267385],"collision_probability":0.145}
 timestamp= 1619802460000 [RUN] Validate G1 Guard Condition: 
The ego vehicle E Detection.Collision == True.
 timestamp= 1619802460000 [RES] Global Validate result: 
false
 timestamp= 1619802460000 [RUN] Validate G2 Guard Condition: 
The ego vehicle E Detection.OffRoad == True.
 timestamp= 1619802460000 [RES] Global Validate result: 
false
 timestamp= 1619802460000 [RUN] Validate G3 Guard Condition: 
The ego vehicle E Detection.HardBrake == True.
 timestamp= 1619802460000 [RES] Global Validate result: 
false
 timestamp= 1619802460000 [RUN] Validate G4 Guard Condition: 
The ego vehicle E Detection.ArrivalTest == True.
 timestamp= 1619802460000 [RES] Global Validate result: 
false
 timestamp= 1619802460000 [RUN] Validate step: 
The test system VALIDATES THAT the Apollo A Status.GetControl is nearly equal to {"acceleration": -0.86, "throttle": 0.0, "steering_target": -0.03, "brake": 19.67, "steering_rate": 100.0, "speed": 0.49}
 timestamp= 1619802460000 [RES] Validate result: 
true
 timestamp= 1619802460000 [RUN] Generate steps
 timestamp= 1619802460000 [RUN] Validate step: 
The test system VALIDATES THAT the simulator S Status.GetEnvironment is nearly equal to {"x": 146.84, "y": 10.12, "z": 201.44, "rain": 0.0, "fog": 0.0, "wetness": 0.0, "timeofday": 12.0, "signal": -1.0, "rx": 0.05, "ry": 269.33, "rz": 0.0, "speed": 0.12}
 timestamp= 1619802460000 [RES] Validate result: 
true
 timestamp= 1619802460000 [RUN] Execute API step: 
The environment controller C INVOKES API Control.Agents.Pedestrians.WalkRandomly(which_lane=Current_Lane).
 timestamp= 1619802464000 [RES] API result: 
{"pose_arr":[{"vx":0,"ay":0,"az":9.81,"ax":0,"pz":10.13,"vy":0,"px":553022.17,"py":4182687.47},{"vx":0,"ay":0,"az":9.81,"ax":0,"pz":10.12,"vy":0,"px":553022.17,"py":4182687.47},{"vx":0,"ay":0,"az":9.81,"ax":0,"pz":10.12,"vy":0,"px":553022.17,"py":4182687.47},{"vx":0,"ay":0,"az":9.81,"ax":0,"pz":10.12,"vy":0,"px":553022.17,"py":4182687.47},{"vx":0,"ay":0,"az":9.81,"ax":0,"pz":10.12,"vy":0,"px":553022.17,"py":4182687.47},{"vx":0,"ay":0,"az":9.81,"ax":0,"pz":10.12,"vy":0,"px":553022.17,"py":4182687.47},{"vx":0,"ay":0,"az":9.81,"ax":0,"pz":10.12,"vy":0,"px":553022.17,"py":4182687.47}],"traffic_light":[3,3,3,3,3,3,3],"state_arr":[{"acceleration":-0.33,"throttle":0,"steering_target":-0.02,"brake":21.85,"steering_rate":100,"speed":0.12},{"acceleration":-3,"throttle":0,"steering_target":-0.02,"brake":69.98,"steering_rate":100,"speed":0},{"acceleration":-3,"throttle":0,"steering_target":-0.02,"brake":69.99,"steering_rate":100,"speed":0},{"acceleration":-3,"throttle":0,"steering_target":-0.02,"brake":69.99,"steering_rate":100,"speed":0},{"acceleration":-3,"throttle":0,"steering_target":-0.02,"brake":69.99,"steering_rate":100,"speed":0},{"acceleration":-3,"throttle":0,"steering_target":-0.02,"brake":69.99,"steering_rate":100,"speed":0},{"acceleration":-3,"throttle":0,"steering_target":-0.02,"brake":69.99,"steering_rate":100,"speed":0},{"acceleration":-3,"throttle":0,"steering_target":-0.02,"brake":69.99,"steering_rate":100,"speed":0}],"obstacle_arr":[[{"acceleration":{"y":0,"x":0,"z":0},"position":{"y":4182688.12,"x":553017.19,"z":10.13},"volume":0.24,"type":"PEDESTRIAN","velocity":{"y":0,"x":0,"z":0}},{"acceleration":{"y":0,"x":0,"z":0},"position":{"y":4182667.32,"x":553001.08,"z":10.59},"volume":3.36,"type":"VEHICLE","velocity":{"y":0,"x":0,"z":0}}],[{"acceleration":{"y":0,"x":0,"z":0},"position":{"y":4182688.09,"x":553017.07,"z":10.13},"volume":0.54,"type":"PEDESTRIAN","velocity":{"y":0,"x":0,"z":0}},{"acceleration":{"y":0,"x":0,"z":0},"position":{"y":4182667.14,"x":553001.12,"z":10.59},"volume":3.4,"type":"VEHICLE","velocity":{"y":0,"x":0,"z":0}}],[{"acceleration":{"y":0,"x":0,"z":0},"position":{"y":4182688.17,"x":553017.1,"z":10.13},"volume":0.42,"type":"PEDESTRIAN","velocity":{"y":0,"x":0,"z":0}}],[{"acceleration":{"y":0,"x":0,"z":0},"position":{"y":4182688.09,"x":553017.08,"z":10.13},"volume":0.59,"type":"PEDESTRIAN","velocity":{"y":0,"x":0,"z":0}}],[{"acceleration":{"y":0,"x":0,"z":0},"position":{"y":4182688.09,"x":553017.08,"z":10.13},"volume":0.59,"type":"PEDESTRIAN","velocity":{"y":0,"x":0,"z":0}}],[{"acceleration":{"y":0,"x":0,"z":0},"position":{"y":4182688.09,"x":553017.06,"z":10.13},"volume":0.54,"type":"PEDESTRIAN","velocity":{"y":0,"x":0,"z":0}}],[{"acceleration":{"y":0,"x":0,"z":0},"position":{"y":4182688.09,"x":553017.08,"z":10.13},"volume":0.61,"type":"PEDESTRIAN","velocity":{"y":0,"x":0,"z":0}}]],"action_description":"Pedestrian walking on the front lane","ev_state":[146.834396362305,10.1248035430908,201.437438964844,0,0,0,12,-1,0.0000064890182329691,269.325561523438,-0.0000162825544975931,0.00003684523815464907],"collision_probability":0.151}
 timestamp= 1619802464000 [RUN] Validate G1 Guard Condition: 
The ego vehicle E Detection.Collision == True.
 timestamp= 1619802464000 [RES] Global Validate result: 
false
 timestamp= 1619802464000 [RUN] Validate G2 Guard Condition: 
The ego vehicle E Detection.OffRoad == True.
 timestamp= 1619802464000 [RES] Global Validate result: 
false
 timestamp= 1619802464000 [RUN] Validate G3 Guard Condition: 
The ego vehicle E Detection.HardBrake == True.
 timestamp= 1619802464000 [RES] Global Validate result: 
false
 timestamp= 1619802464000 [RUN] Validate G4 Guard Condition: 
The ego vehicle E Detection.ArrivalTest == True.
 timestamp= 1619802464000 [RES] Global Validate result: 
false
 timestamp= 1619802464000 [RUN] Validate step: 
The test system VALIDATES THAT the Apollo A Status.GetControl is nearly equal to {"acceleration": -3.0, "throttle": 0.0, "steering_target": -0.02, "brake": 69.99, "steering_rate": 100.0, "speed": 0.0}
 timestamp= 1619802464000 [RES] Validate result: 
true
 timestamp= 1619802464000 [RUN] Generate steps
 timestamp= 1619802464000 [RUN] Validate step: 
The test system VALIDATES THAT the simulator S Status.GetEnvironment is nearly equal to {"x": 146.83, "y": 10.12, "z": 201.44, "rain": 0.0, "fog": 0.0, "wetness": 0.0, "timeofday": 12.0, "signal": -1.0, "rx": 0.0, "ry": 269.33, "rz": -0.0, "speed": 0.0}
 timestamp= 1619802464000 [RES] Validate result: 
true
 timestamp= 1619802464000 [RUN] Execute API step: 
The environment controller C INVOKES API Control.Agents.Pedestrians.WalkRandomly(which_lane=Current_Lane).
 timestamp= 1619802468000 [RES] API result: 
{"pose_arr":[{"vx":0,"ay":0,"az":9.81,"ax":0,"pz":10.12,"vy":0,"px":553022.17,"py":4182687.47},{"vx":0,"ay":0,"az":9.81,"ax":0,"pz":10.12,"vy":0,"px":553022.17,"py":4182687.47},{"vx":0,"ay":0,"az":9.81,"ax":0,"pz":10.12,"vy":0,"px":553022.17,"py":4182687.47},{"vx":-0.01,"ay":1.24,"az":9.81,"ax":-0.01,"pz":10.12,"vy":-0.01,"px":553022.09,"py":4182687.47},{"vx":-0.03,"ay":1.94,"az":9.82,"ax":-0.02,"pz":10.12,"vy":-0.03,"px":553021.06,"py":4182687.46},{"vx":0.01,"ay":-0.74,"az":9.81,"ax":0.03,"pz":10.12,"vy":0.01,"px":553020.56,"py":4182687.45},{"vx":0,"ay":0,"az":9.81,"ax":0,"pz":10.12,"vy":0,"px":553020.56,"py":4182687.45}],"traffic_light":[3,3,3,3,3,3],"state_arr":[{"acceleration":-3,"throttle":0,"steering_target":-0.02,"brake":69.99,"steering_rate":100,"speed":0},{"acceleration":-3,"throttle":0,"steering_target":-0.02,"brake":70,"steering_rate":100,"speed":0},{"acceleration":-3,"throttle":0,"steering_target":-0.02,"brake":70,"steering_rate":100,"speed":0},{"acceleration":-3,"throttle":0,"steering_target":-0.02,"brake":70,"steering_rate":100,"speed":0},{"acceleration":0.45,"throttle":32.47,"steering_target":-0.09,"brake":0,"steering_rate":100,"speed":0.96},{"acceleration":-1.6,"throttle":0,"steering_target":0.01,"brake":27.39,"steering_rate":100,"speed":2.33},{"acceleration":-1.45,"throttle":0,"steering_target":-0.15,"brake":66.93,"steering_rate":100,"speed":0.01},{"acceleration":-0.83,"throttle":0,"steering_target":-0.15,"brake":49.67,"steering_rate":100,"speed":0}],"obstacle_arr":[[{"acceleration":{"y":0,"x":0,"z":0},"position":{"y":4182688.09,"x":553017.08,"z":10.13},"volume":0.59,"type":"PEDESTRIAN","velocity":{"y":0,"x":0,"z":0}}],[{"acceleration":{"y":0,"x":0,"z":0},"position":{"y":4182688.21,"x":553017.1,"z":10.13},"volume":0.34,"type":"PEDESTRIAN","velocity":{"y":0,"x":0,"z":0}}],[{"acceleration":{"y":0,"x":0,"z":0},"position":{"y":4182688.09,"x":553017.08,"z":10.13},"volume":0.59,"type":"PEDESTRIAN","velocity":{"y":0,"x":0,"z":0}}],[],[{"acceleration":{"y":0,"x":0,"z":0},"position":{"y":4182688.11,"x":553017.2,"z":10.11},"volume":0.6,"type":"PEDESTRIAN","velocity":{"y":0,"x":0,"z":0}}],[{"acceleration":{"y":0,"x":0,"z":0},"position":{"y":4182688.18,"x":553017.21,"z":10.76},"volume":0.15,"type":"PEDESTRIAN","velocity":{"y":0,"x":0,"z":0}}],[{"acceleration":{"y":0.08,"x":-0.24,"z":0},"position":{"y":4182688.27,"x":553016.81,"z":10.76},"volume":0.16,"type":"PEDESTRIAN","velocity":{"y":0,"x":0,"z":0}},{"acceleration":{"y":0,"x":0,"z":0},"position":{"y":4182667.38,"x":553000.91,"z":10.59},"volume":2.17,"type":"VEHICLE","velocity":{"y":0,"x":0,"z":0}},{"acceleration":{"y":0,"x":0,"z":0},"position":{"y":4182667.45,"x":553008.75,"z":10.89},"volume":0.6,"type":"UNKNOWN","velocity":{"y":0,"x":0,"z":0}}]],"action_description":"Pedestrian walking on the front lane","ev_state":[145.22834777832,10.1253623962402,201.410140991211,0,0,0,12,1,359.944091796875,269.076812744141,0.0806630998849869,0.0004007441398003829],"collision_probability":1}
 timestamp= 1619802468000 [RUN] Validate G1 Guard Condition: 
The ego vehicle E Detection.Collision == True.
 timestamp= 1619802468000 [RES] Global Validate result: 
true
 timestamp= 1619802468000 [RUN] Collision == True
 timestamp= 1619802468000 [RUN] Validate G2 Guard Condition: 
The ego vehicle E Detection.OffRoad == True.
 timestamp= 1619802468000 [RES] Global Validate result: 
false
 timestamp= 1619802468000 [RUN] Validate G3 Guard Condition: 
The ego vehicle E Detection.HardBrake == True.
 timestamp= 1619802468000 [RES] Global Validate result: 
true
 timestamp= 1619802468000 [RUN] HardBrake == True
 timestamp= 1619802468000 [RUN] RESUME STEP @preStep
 timestamp= 1619802468000 [RUN] Resume step basicflow22
 timestamp= 1619802468000 [RUN] Validate G4 Guard Condition: 
The ego vehicle E Detection.ArrivalTest == True.
 timestamp= 1619802468000 [RES] Global Validate result: 
false
 timestamp= 1619802468000 [RUN] Validate step: 
The test system VALIDATES THAT the Apollo A Status.GetControl is nearly equal to {"acceleration": -0.83, "throttle": 0.0, "steering_target": -0.15, "brake": 49.67, "steering_rate": 100.0, "speed": 0.0}
 timestamp= 1619802468000 [RES] Validate result: 
true
 timestamp= 1619802468000 [RUN] Generate steps
 timestamp= 1619802468000 [RUN] Validate step: 
The test system VALIDATES THAT the simulator S Status.GetEnvironment is nearly equal to {"x": 145.23, "y": 10.13, "z": 201.41, "rain": 0.0, "fog": 0.0, "wetness": 0.0, "timeofday": 12.0, "signal": 1.0, "rx": 359.94, "ry": 269.08, "rz": 0.08, "speed": 0.0}
 timestamp= 1619802468000 [RES] Validate result: 
true
 timestamp= 1619802468000 [RUN] Execute API step: 
The environment controller C INVOKES API Control.Agents.Pedestrians.WalkRandomly(which_lane=Current_Lane).
 timestamp= 1619802472000 [RES] API result: 
{"pose_arr":[{"vx":0,"ay":0,"az":9.81,"ax":0,"pz":10.12,"vy":0,"px":553020.56,"py":4182687.45},{"vx":0,"ay":0,"az":9.81,"ax":0,"pz":10.12,"vy":0,"px":553020.56,"py":4182687.45},{"vx":0,"ay":0,"az":9.81,"ax":0,"pz":10.12,"vy":0,"px":553020.56,"py":4182687.45},{"vx":0,"ay":0,"az":9.81,"ax":0,"pz":10.12,"vy":0,"px":553020.56,"py":4182687.45},{"vx":0,"ay":0,"az":9.81,"ax":0,"pz":10.12,"vy":0,"px":553020.56,"py":4182687.45},{"vx":0,"ay":0,"az":9.81,"ax":0,"pz":10.12,"vy":0,"px":553020.56,"py":4182687.45},{"vx":0,"ay":0,"az":9.81,"ax":0,"pz":10.12,"vy":0,"px":553020.56,"py":4182687.45}],"traffic_light":[3,3,3,3,3,3],"state_arr":[{"acceleration":-0.36,"throttle":0,"steering_target":-0.15,"brake":29.1,"steering_rate":100,"speed":0},{"acceleration":-0.25,"throttle":0,"steering_target":-0.15,"brake":63.98,"steering_rate":100,"speed":0},{"acceleration":-0.26,"throttle":0,"steering_target":-0.15,"brake":63.32,"steering_rate":100,"speed":0},{"acceleration":-0.25,"throttle":0,"steering_target":-0.15,"brake":63.96,"steering_rate":100,"speed":0},{"acceleration":-0.26,"throttle":0,"steering_target":-0.15,"brake":63.64,"steering_rate":100,"speed":0},{"acceleration":-0.25,"throttle":0,"steering_target":-0.15,"brake":63.95,"steering_rate":100,"speed":0},{"acceleration":-0.26,"throttle":0,"steering_target":-0.15,"brake":63.51,"steering_rate":100,"speed":0},{"acceleration":-0.25,"throttle":0,"steering_target":-0.15,"brake":63.94,"steering_rate":100,"speed":0}],"obstacle_arr":[[{"acceleration":{"y":-0.25,"x":0.72,"z":0},"position":{"y":4182688.23,"x":553016.81,"z":10.8},"volume":0.14,"type":"PEDESTRIAN","velocity":{"y":0,"x":0,"z":0}},{"acceleration":{"y":0,"x":0,"z":0},"position":{"y":4182667.46,"x":553008.76,"z":10.96},"volume":0.58,"type":"UNKNOWN","velocity":{"y":0,"x":0,"z":0}}],[{"acceleration":{"y":-0.01,"x":0.04,"z":0},"position":{"y":4182688.2,"x":553016.8,"z":10.78},"volume":0.14,"type":"PEDESTRIAN","velocity":{"y":0,"x":0,"z":0}},{"acceleration":{"y":0,"x":0,"z":0},"position":{"y":4182667.46,"x":553008.76,"z":10.97},"volume":0.58,"type":"UNKNOWN","velocity":{"y":0,"x":0,"z":0}}],[{"acceleration":{"y":0,"x":0,"z":0},"position":{"y":4182688.18,"x":553016.81,"z":10.8},"volume":0.15,"type":"PEDESTRIAN","velocity":{"y":0,"x":0,"z":0}}],[{"acceleration":{"y":0,"x":0,"z":0},"position":{"y":4182688.25,"x":553016.8,"z":10.8},"volume":0.14,"type":"PEDESTRIAN","velocity":{"y":0,"x":0,"z":0}}],[{"acceleration":{"y":0,"x":0,"z":0},"position":{"y":4182688.27,"x":553016.83,"z":10.77},"volume":0.16,"type":"PEDESTRIAN","velocity":{"y":0,"x":0,"z":0}}],[{"acceleration":{"y":0,"x":0,"z":0},"position":{"y":4182688.22,"x":553016.81,"z":10.81},"volume":0.13,"type":"PEDESTRIAN","velocity":{"y":0,"x":0,"z":0}}],[{"acceleration":{"y":0,"x":0,"z":0},"position":{"y":4182688.18,"x":553016.83,"z":10.78},"volume":0.14,"type":"PEDESTRIAN","velocity":{"y":0,"x":0,"z":0}}],[{"acceleration":{"y":0,"x":0,"z":0},"position":{"y":4182688.19,"x":553016.82,"z":10.78},"volume":0.14,"type":"PEDESTRIAN","velocity":{"y":0,"x":0,"z":0}}]],"action_description":"Pedestrian walking on the front lane","ev_state":[145.228576660156,10.1249227523804,201.40966796875,0,0,0,12,1,359.980804443359,269.075134277344,0.0234695263206959,0.00000771447021334095],"collision_probability":0.369}
 timestamp= 1619802472000 [RUN] Validate G1 Guard Condition: 
The ego vehicle E Detection.Collision == True.
 timestamp= 1619802472000 [RES] Global Validate result: 
false
 timestamp= 1619802472000 [RUN] Validate G2 Guard Condition: 
The ego vehicle E Detection.OffRoad == True.
 timestamp= 1619802472000 [RES] Global Validate result: 
false
 timestamp= 1619802472000 [RUN] Validate G3 Guard Condition: 
The ego vehicle E Detection.HardBrake == True.
 timestamp= 1619802472000 [RES] Global Validate result: 
false
 timestamp= 1619802472000 [RUN] Validate G4 Guard Condition: 
The ego vehicle E Detection.ArrivalTest == True.
 timestamp= 1619802472000 [RES] Global Validate result: 
false
 timestamp= 1619802472000 [RUN] Validate step: 
The test system VALIDATES THAT the Apollo A Status.GetControl is nearly equal to {"acceleration": -0.25, "throttle": 0.0, "steering_target": -0.15, "brake": 63.94, "steering_rate": 100.0, "speed": 0.0}
 timestamp= 1619802472000 [RES] Validate result: 
true
 timestamp= 1619802472000 [RUN] Generate steps
 timestamp= 1619802472000 [RUN] Validate step: 
The test system VALIDATES THAT the simulator S Status.GetEnvironment is nearly equal to {"x": 145.23, "y": 10.12, "z": 201.41, "rain": 0.0, "fog": 0.0, "wetness": 0.0, "timeofday": 12.0, "signal": 1.0, "rx": 359.98, "ry": 269.08, "rz": 0.02, "speed": 0.0}
 timestamp= 1619802472000 [RES] Validate result: 
true
 timestamp= 1619802472000 [RUN] Execute API step: 
The environment controller C INVOKES API Control.Agents.Pedestrians.WalkRandomly(which_lane=Current_Lane).
 timestamp= 1619802476000 [RES] API result: 
{"pose_arr":[{"vx":0,"ay":0,"az":9.81,"ax":0,"pz":10.12,"vy":0,"px":553020.56,"py":4182687.45},{"vx":0,"ay":0,"az":9.81,"ax":0,"pz":10.12,"vy":0,"px":553020.56,"py":4182687.45},{"vx":0,"ay":0,"az":9.81,"ax":0,"pz":10.12,"vy":0,"px":553020.56,"py":4182687.45},{"vx":0,"ay":0,"az":9.81,"ax":0,"pz":10.12,"vy":0,"px":553020.56,"py":4182687.45},{"vx":0,"ay":0,"az":9.81,"ax":0,"pz":10.12,"vy":0,"px":553020.56,"py":4182687.45},{"vx":0,"ay":0,"az":9.81,"ax":0,"pz":10.12,"vy":0,"px":553020.56,"py":4182687.45},{"vx":0,"ay":0.08,"az":9.64,"ax":-0.09,"pz":10.12,"vy":0,"px":553020.56,"py":4182687.45},{"vx":0,"ay":0,"az":9.81,"ax":0,"pz":10.12,"vy":0,"px":553020.56,"py":4182687.45}],"traffic_light":[3,3,3,3,3,3,3],"state_arr":[{"acceleration":-0.25,"throttle":0,"steering_target":-0.15,"brake":63.99,"steering_rate":100,"speed":0},{"acceleration":-0.25,"throttle":0,"steering_target":-0.15,"brake":63.96,"steering_rate":100,"speed":0},{"acceleration":-0.25,"throttle":0,"steering_target":-0.15,"brake":63.96,"steering_rate":100,"speed":0},{"acceleration":-0.25,"throttle":0,"steering_target":-0.15,"brake":63.96,"steering_rate":100,"speed":0},{"acceleration":-0.25,"throttle":0,"steering_target":-0.15,"brake":63.95,"steering_rate":100,"speed":0},{"acceleration":-0.25,"throttle":0,"steering_target":-0.15,"brake":63.97,"steering_rate":100,"speed":0},{"acceleration":-0.25,"throttle":0,"steering_target":-0.15,"brake":63.96,"steering_rate":100,"speed":0},{"acceleration":-0.25,"throttle":0,"steering_target":-0.15,"brake":63.96,"steering_rate":100,"speed":0},{"acceleration":-0.25,"throttle":0,"steering_target":-0.15,"brake":63.97,"steering_rate":100,"speed":0}],"obstacle_arr":[[{"acceleration":{"y":0,"x":0,"z":0},"position":{"y":4182688.24,"x":553016.81,"z":10.8},"volume":0.15,"type":"PEDESTRIAN","velocity":{"y":0,"x":0,"z":0}}],[{"acceleration":{"y":0,"x":0,"z":0},"position":{"y":4182688.25,"x":553016.84,"z":10.77},"volume":0.14,"type":"PEDESTRIAN","velocity":{"y":0,"x":0,"z":0}}],[{"acceleration":{"y":0,"x":0,"z":0},"position":{"y":4182688.26,"x":553016.83,"z":10.8},"volume":0.15,"type":"PEDESTRIAN","velocity":{"y":0,"x":0,"z":0}}],[{"acceleration":{"y":0,"x":0,"z":0},"position":{"y":4182688.21,"x":553016.8,"z":10.78},"volume":0.16,"type":"PEDESTRIAN","velocity":{"y":0,"x":0,"z":0}}],[{"acceleration":{"y":0,"x":0,"z":0},"position":{"y":4182688.19,"x":553016.8,"z":10.79},"volume":0.15,"type":"PEDESTRIAN","velocity":{"y":0,"x":0,"z":0}}],[{"acceleration":{"y":0,"x":0,"z":0},"position":{"y":4182688.2,"x":553016.81,"z":10.78},"volume":0.14,"type":"PEDESTRIAN","velocity":{"y":0,"x":0,"z":0}}],[{"acceleration":{"y":0,"x":0,"z":0},"position":{"y":4182688.24,"x":553016.85,"z":10.8},"volume":0.14,"type":"PEDESTRIAN","velocity":{"y":0,"x":0,"z":0}}],[{"acceleration":{"y":0,"x":0,"z":0},"position":{"y":4182688.26,"x":553016.83,"z":10.77},"volume":0.15,"type":"PEDESTRIAN","velocity":{"y":0,"x":0,"z":0}}]],"action_description":"Pedestrian walking on the front lane","ev_state":[145.228607177734,10.1248369216919,201.409545898438,0,0,0,12,1,359.985717773438,269.074005126953,0.0215033888816834,0.000016471312362069684],"collision_probability":0.369}
 timestamp= 1619802476000 [RUN] Validate G1 Guard Condition: 
The ego vehicle E Detection.Collision == True.
 timestamp= 1619802476000 [RES] Global Validate result: 
false
 timestamp= 1619802476000 [RUN] Validate G2 Guard Condition: 
The ego vehicle E Detection.OffRoad == True.
 timestamp= 1619802476000 [RES] Global Validate result: 
false
 timestamp= 1619802476000 [RUN] Validate G3 Guard Condition: 
The ego vehicle E Detection.HardBrake == True.
 timestamp= 1619802476000 [RES] Global Validate result: 
false
 timestamp= 1619802476000 [RUN] Validate G4 Guard Condition: 
The ego vehicle E Detection.ArrivalTest == True.
 timestamp= 1619802476000 [RES] Global Validate result: 
false
 timestamp= 1619802476000 [RUN] Validate step: 
The test system VALIDATES THAT the Apollo A Status.GetControl is nearly equal to {"acceleration": -0.25, "throttle": 0.0, "steering_target": -0.15, "brake": 63.97, "steering_rate": 100.0, "speed": 0.0}
 timestamp= 1619802476000 [RES] Validate result: 
true
 timestamp= 1619802476000 [RUN] Generate steps
 timestamp= 1619802476000 [RUN] Validate step: 
The test system VALIDATES THAT the simulator S Status.GetEnvironment is nearly equal to {"x": 145.23, "y": 10.12, "z": 201.41, "rain": 0.0, "fog": 0.0, "wetness": 0.0, "timeofday": 12.0, "signal": 1.0, "rx": 359.99, "ry": 269.07, "rz": 0.02, "speed": 0.0}
 timestamp= 1619802476000 [RES] Validate result: 
true
 timestamp= 1619802476000 [RUN] Execute API step: 
The environment controller C INVOKES API Control.Agents.Pedestrians.WalkRandomly(which_lane=Current_Lane).
 timestamp= 1619802480000 [RES] API result: 
{"pose_arr":[{"vx":0,"ay":0,"az":9.81,"ax":0,"pz":10.12,"vy":0,"px":553020.56,"py":4182687.45},{"vx":0,"ay":0,"az":9.81,"ax":0,"pz":10.12,"vy":0,"px":553020.56,"py":4182687.45},{"vx":0,"ay":0,"az":9.81,"ax":0,"pz":10.12,"vy":0,"px":553020.56,"py":4182687.45},{"vx":0,"ay":0,"az":9.81,"ax":0,"pz":10.12,"vy":0,"px":553020.56,"py":4182687.45},{"vx":0,"ay":0,"az":9.81,"ax":0,"pz":10.12,"vy":0,"px":553020.56,"py":4182687.45},{"vx":0,"ay":0,"az":9.81,"ax":0,"pz":10.12,"vy":0,"px":553020.56,"py":4182687.45},{"vx":0,"ay":0,"az":9.81,"ax":0,"pz":10.12,"vy":0,"px":553020.56,"py":4182687.45},{"vx":0,"ay":0,"az":9.81,"ax":0,"pz":10.12,"vy":0,"px":553020.56,"py":4182687.45}],"traffic_light":[3,3,3,3,3,3,3],"state_arr":[{"acceleration":-0.25,"throttle":0,"steering_target":-0.15,"brake":63.96,"steering_rate":100,"speed":0},{"acceleration":-0.25,"throttle":0,"steering_target":-0.15,"brake":63.96,"steering_rate":100,"speed":0},{"acceleration":-0.25,"throttle":0,"steering_target":-0.15,"brake":63.96,"steering_rate":100,"speed":0},{"acceleration":-0.25,"throttle":0,"steering_target":-0.15,"brake":63.95,"steering_rate":100,"speed":0},{"acceleration":-0.26,"throttle":0,"steering_target":-0.15,"brake":63.93,"steering_rate":100,"speed":0},{"acceleration":-0.25,"throttle":0,"steering_target":-0.15,"brake":63.95,"steering_rate":100,"speed":0},{"acceleration":-0.25,"throttle":0,"steering_target":-0.15,"brake":63.94,"steering_rate":100,"speed":0},{"acceleration":-0.26,"throttle":0,"steering_target":-0.15,"brake":63.95,"steering_rate":100,"speed":0}],"obstacle_arr":[[{"acceleration":{"y":0,"x":0,"z":0},"position":{"y":4182688.22,"x":553016.81,"z":10.79},"volume":0.15,"type":"PEDESTRIAN","velocity":{"y":0,"x":0,"z":0}}],[{"acceleration":{"y":0,"x":0,"z":0},"position":{"y":4182688.2,"x":553016.8,"z":10.77},"volume":0.15,"type":"PEDESTRIAN","velocity":{"y":0,"x":0,"z":0}}],[{"acceleration":{"y":0,"x":0,"z":0},"position":{"y":4182688.2,"x":553016.79,"z":10.78},"volume":0.16,"type":"PEDESTRIAN","velocity":{"y":0,"x":0,"z":0}}],[{"acceleration":{"y":0,"x":0,"z":0},"position":{"y":4182688.2,"x":553016.87,"z":10.79},"volume":0.09,"type":"PEDESTRIAN","velocity":{"y":0,"x":0,"z":0}}],[{"acceleration":{"y":0,"x":0,"z":0},"position":{"y":4182688.27,"x":553016.86,"z":10.77},"volume":0.14,"type":"PEDESTRIAN","velocity":{"y":0,"x":0,"z":0}}],[{"acceleration":{"y":0,"x":0,"z":0},"position":{"y":4182688.26,"x":553016.82,"z":10.79},"volume":0.15,"type":"PEDESTRIAN","velocity":{"y":0,"x":0,"z":0}}],[{"acceleration":{"y":0,"x":0,"z":0},"position":{"y":4182688.23,"x":553016.8,"z":10.78},"volume":0.16,"type":"PEDESTRIAN","velocity":{"y":0,"x":0,"z":0}}],[{"acceleration":{"y":0,"x":0,"z":0},"position":{"y":4182688.18,"x":553016.85,"z":10.78},"volume":0.12,"type":"PEDESTRIAN","velocity":{"y":0,"x":0,"z":0}}]],"action_description":"Pedestrian walking on the front lane","ev_state":[145.228622436523,10.124813079834,201.409408569336,0,0,0,12,1,359.987396240234,269.072814941406,0.0203838460147381,0.000025393332348839085],"collision_probability":0.369}
 timestamp= 1619802480000 [RUN] Validate G1 Guard Condition: 
The ego vehicle E Detection.Collision == True.
 timestamp= 1619802480000 [RES] Global Validate result: 
false
 timestamp= 1619802480000 [RUN] Validate G2 Guard Condition: 
The ego vehicle E Detection.OffRoad == True.
 timestamp= 1619802480000 [RES] Global Validate result: 
true
 timestamp= 1619802480000 [RUN] OffRoad == True
 timestamp= 1619802480000 [RUN] The simulator S INVOKES API Command.Simulation.Stop() to stop simulation.
 timestamp= 1619802480000 [WARNING] The test system Stop the Simulator S!
 timestamp= 1619802480000 [RUN] ABORT.
 timestamp= 1619802480000 [ERROR] The test system Abort!
 timestamp= 1619802480000 [RUN] Validate G3 Guard Condition: 
The ego vehicle E Detection.HardBrake == True.
 timestamp= 1619802480000 [RES] Global Validate result: 
false
 timestamp= 1619802480000 [RUN] Validate G4 Guard Condition: 
The ego vehicle E Detection.ArrivalTest == True.
 timestamp= 1619802480000 [RES] Global Validate result: 
false
 timestamp= 1619802480000 [RES] Basic PostCondition Validate result: 
false
 timestamp= 1619802480000 [STOP] numberOfStep: 34 basicFlow: 
[{"name":"","description":"","eClass":"Sentence","content":"The test system VALIDATES THAT the simulator S Status.GetEnvironment is nearly equal to {\"x\": 214.29, \"y\": 10.12, \"z\": 201.88, \"rain\": 0.0, \"fog\": 0.0, \"wetness\": 0.0, \"timeofday\": 12.0, \"signal\": -1.0, \"rx\": 359.9, \"ry\": 269.93, \"rz\": -0.0, \"speed\": 3.8}","natures":[]},{"name":"","description":"","eClass":"Sentence","content":"The environment controller C INVOKES API Control.Agents.Pedestrians.WalkRandomly(which_lane=Current_Lane).","natures":[]},{"name":"","description":"","eClass":"Sentence","content":"The test system VALIDATES THAT the Apollo A Status.GetControl is nearly equal to {\"acceleration\": 0.63, \"throttle\": 15.7, \"steering_target\": 0.01, \"brake\": 0.0, \"steering_rate\": 100.0, \"speed\": 6.66}","natures":[]},{"name":"","description":"","eClass":"Sentence","content":"The test system VALIDATES THAT the simulator S Status.GetEnvironment is nearly equal to {\"x\": 192.83, \"y\": 10.12, \"z\": 201.83, \"rain\": 0.0, \"fog\": 0.0, \"wetness\": 0.0, \"timeofday\": 12.0, \"signal\": -1.0, \"rx\": 359.97, \"ry\": 269.86, \"rz\": -0.0, \"speed\": 6.77}","natures":[]},{"name":"","description":"","eClass":"Sentence","content":"The environment controller C INVOKES API Control.Agents.Pedestrians.WalkRandomly(which_lane=Current_Lane).","natures":[]},{"name":"","description":"","eClass":"Sentence","content":"The test system VALIDATES THAT the Apollo A Status.GetControl is nearly equal to {\"acceleration\": -1.28, \"throttle\": 0.0, \"steering_target\": 0.34, \"brake\": 24.58, \"steering_rate\": 100.0, \"speed\": 1.8}","natures":[]},{"name":"","description":"","eClass":"Sentence","content":"The test system VALIDATES THAT the simulator S Status.GetEnvironment is nearly equal to {\"x\": 165.82, \"y\": 10.12, \"z\": 201.66, \"rain\": 0.0, \"fog\": 0.0, \"wetness\": 0.0, \"timeofday\": 12.0, \"signal\": 0.0, \"rx\": 359.71, \"ry\": 269.59, \"rz\": 0.13, \"speed\": 0.07}","natures":[]},{"name":"","description":"","eClass":"Sentence","content":"The environment controller C INVOKES API Control.Agents.Pedestrians.WalkRandomly(which_lane=Current_Lane).","natures":[]},{"name":"","description":"","eClass":"Sentence","content":"The test system VALIDATES THAT the Apollo A Status.GetControl is nearly equal to {\"acceleration\": 0.07, \"throttle\": 16.57, \"steering_target\": -0.0, \"brake\": 0.0, \"steering_rate\": 100.0, \"speed\": 0.04}","natures":[]},{"name":"","description":"","eClass":"Sentence","content":"The test system VALIDATES THAT the simulator S Status.GetEnvironment is nearly equal to {\"x\": 165.05, \"y\": 10.13, \"z\": 201.64, \"rain\": 0.0, \"fog\": 0.0, \"wetness\": 0.0, \"timeofday\": 12.0, \"signal\": -1.0, \"rx\": 359.93, \"ry\": 269.2, \"rz\": 0.01, \"speed\": 0.06}","natures":[]},{"name":"","description":"","eClass":"Sentence","content":"The environment controller C INVOKES API Control.Agents.Pedestrians.WalkRandomly(which_lane=Current_Lane).","natures":[]},{"name":"","description":"","eClass":"Sentence","content":"The test system VALIDATES THAT the Apollo A Status.GetControl is nearly equal to {\"acceleration\": -0.13, \"throttle\": 0.0, \"steering_target\": 0.75, \"brake\": 14.5, \"steering_rate\": 100.0, \"speed\": 1.0}","natures":[]},{"name":"","description":"","eClass":"Sentence","content":"The test system VALIDATES THAT the simulator S Status.GetEnvironment is nearly equal to {\"x\": 163.8, \"y\": 10.13, \"z\": 201.61, \"rain\": 0.0, \"fog\": 0.0, \"wetness\": 0.0, \"timeofday\": 12.0, \"signal\": -1.0, \"rx\": 359.93, \"ry\": 269.08, \"rz\": 0.0, \"speed\": 1.02}","natures":[]},{"name":"","description":"","eClass":"Sentence","content":"The environment controller C INVOKES API Control.Agents.Pedestrians.WalkRandomly(which_lane=Current_Lane).","natures":[]},{"name":"","description":"","eClass":"Sentence","content":"The test system VALIDATES THAT the Apollo A Status.GetControl is nearly equal to {\"acceleration\": 0.31, \"throttle\": 15.7, \"steering_target\": -0.04, \"brake\": 0.0, \"steering_rate\": 100.0, \"speed\": 4.71}","natures":[]},{"name":"","description":"","eClass":"Sentence","content":"The test system VALIDATES THAT the simulator S Status.GetEnvironment is nearly equal to {\"x\": 152.51, \"y\": 10.12, \"z\": 201.51, \"rain\": 0.0, \"fog\": 0.0, \"wetness\": 0.0, \"timeofday\": 12.0, \"signal\": -1.0, \"rx\": 359.98, \"ry\": 269.41, \"rz\": 0.03, \"speed\": 4.71}","natures":[]},{"name":"","description":"","eClass":"Sentence","content":"The environment controller C INVOKES API Control.Agents.Pedestrians.WalkRandomly(which_lane=Current_Lane).","natures":[]},{"name":"","description":"","eClass":"Sentence","content":"The test system VALIDATES THAT the Apollo A Status.GetControl is nearly equal to {\"acceleration\": -0.86, \"throttle\": 0.0, \"steering_target\": -0.03, \"brake\": 19.67, \"steering_rate\": 100.0, \"speed\": 0.49}","natures":[]},{"name":"","description":"","eClass":"Sentence","content":"The test system VALIDATES THAT the simulator S Status.GetEnvironment is nearly equal to {\"x\": 146.84, \"y\": 10.12, \"z\": 201.44, \"rain\": 0.0, \"fog\": 0.0, \"wetness\": 0.0, \"timeofday\": 12.0, \"signal\": -1.0, \"rx\": 0.05, \"ry\": 269.33, \"rz\": 0.0, \"speed\": 0.12}","natures":[]},{"name":"","description":"","eClass":"Sentence","content":"The environment controller C INVOKES API Control.Agents.Pedestrians.WalkRandomly(which_lane=Current_Lane).","natures":[]},{"name":"","description":"","eClass":"Sentence","content":"The test system VALIDATES THAT the Apollo A Status.GetControl is nearly equal to {\"acceleration\": -3.0, \"throttle\": 0.0, \"steering_target\": -0.02, \"brake\": 69.99, \"steering_rate\": 100.0, \"speed\": 0.0}","natures":[]},{"name":"","description":"","eClass":"Sentence","content":"The test system VALIDATES THAT the simulator S Status.GetEnvironment is nearly equal to {\"x\": 146.83, \"y\": 10.12, \"z\": 201.44, \"rain\": 0.0, \"fog\": 0.0, \"wetness\": 0.0, \"timeofday\": 12.0, \"signal\": -1.0, \"rx\": 0.0, \"ry\": 269.33, \"rz\": -0.0, \"speed\": 0.0}","natures":[]},{"name":"","description":"","eClass":"Sentence","content":"The environment controller C INVOKES API Control.Agents.Pedestrians.WalkRandomly(which_lane=Current_Lane).","natures":[]},{"name":"","description":"","eClass":"Sentence","content":"The test system VALIDATES THAT the Apollo A Status.GetControl is nearly equal to {\"acceleration\": -0.83, \"throttle\": 0.0, \"steering_target\": -0.15, \"brake\": 49.67, \"steering_rate\": 100.0, \"speed\": 0.0}","natures":[]},{"name":"","description":"","eClass":"Sentence","content":"The test system VALIDATES THAT the simulator S Status.GetEnvironment is nearly equal to {\"x\": 145.23, \"y\": 10.13, \"z\": 201.41, \"rain\": 0.0, \"fog\": 0.0, \"wetness\": 0.0, \"timeofday\": 12.0, \"signal\": 1.0, \"rx\": 359.94, \"ry\": 269.08, \"rz\": 0.08, \"speed\": 0.0}","natures":[]},{"name":"","description":"","eClass":"Sentence","content":"The environment controller C INVOKES API Control.Agents.Pedestrians.WalkRandomly(which_lane=Current_Lane).","natures":[]},{"name":"","description":"","eClass":"Sentence","content":"The test system VALIDATES THAT the Apollo A Status.GetControl is nearly equal to {\"acceleration\": -0.25, \"throttle\": 0.0, \"steering_target\": -0.15, \"brake\": 63.94, \"steering_rate\": 100.0, \"speed\": 0.0}","natures":[]},{"name":"","description":"","eClass":"Sentence","content":"The test system VALIDATES THAT the simulator S Status.GetEnvironment is nearly equal to {\"x\": 145.23, \"y\": 10.12, \"z\": 201.41, \"rain\": 0.0, \"fog\": 0.0, \"wetness\": 0.0, \"timeofday\": 12.0, \"signal\": 1.0, \"rx\": 359.98, \"ry\": 269.08, \"rz\": 0.02, \"speed\": 0.0}","natures":[]},{"name":"","description":"","eClass":"Sentence","content":"The environment controller C INVOKES API Control.Agents.Pedestrians.WalkRandomly(which_lane=Current_Lane).","natures":[]},{"name":"","description":"","eClass":"Sentence","content":"The test system VALIDATES THAT the Apollo A Status.GetControl is nearly equal to {\"acceleration\": -0.25, \"throttle\": 0.0, \"steering_target\": -0.15, \"brake\": 63.97, \"steering_rate\": 100.0, \"speed\": 0.0}","natures":[]},{"name":"","description":"","eClass":"Sentence","content":"The test system VALIDATES THAT the simulator S Status.GetEnvironment is nearly equal to {\"x\": 145.23, \"y\": 10.12, \"z\": 201.41, \"rain\": 0.0, \"fog\": 0.0, \"wetness\": 0.0, \"timeofday\": 12.0, \"signal\": 1.0, \"rx\": 359.99, \"ry\": 269.07, \"rz\": 0.02, \"speed\": 0.0}","natures":[]},{"name":"","description":"","eClass":"Sentence","content":"The environment controller C INVOKES API Control.Agents.Pedestrians.WalkRandomly(which_lane=Current_Lane).","natures":[]},{"name":"","description":"","eClass":"Sentence","content":"The test system VALIDATES THAT the Apollo A Status.GetControl is nearly equal to {\"acceleration\": -0.26, \"throttle\": 0.0, \"steering_target\": -0.15, \"brake\": 63.95, \"steering_rate\": 100.0, \"speed\": 0.0}","natures":[]},{"name":"","description":"","eClass":"Sentence","content":"","natures":[]}]
