 timestamp= 1619806136000 [START] Now Run TCS Maintain Lane On Road1 Mode: dynamic Roadnum: 2 Second: 4
 timestamp= 1619806136000 [SUCCESS] TCS Check Success 
 timestamp= 1619806138000 [RUN] Run BasicFlow
 timestamp= 1619806138000 [RUN] Generate steps
 timestamp= 1619806138000 [RUN] Validate step: 
The test system VALIDATES THAT the simulator S Status.GetEnvironment is nearly equal to {"x": -12.32, "y": 10.12, "z": 308.45, "rain": 0.0, "fog": 0.0, "wetness": 0.0, "timeofday": 12.0, "signal": -1.0, "rx": 359.93, "ry": 307.75, "rz": 359.99, "speed": 3.46}
 timestamp= 1619806138000 [RES] Validate result: 
true
 timestamp= 1619806138000 [RUN] Execute API step: 
The environment controller C INVOKES API Control.Agents.NPCVehicle.NPCVehicleSwitchLane(which_lane=Current_Lane&which_car=Hatchback).
 timestamp= 1619806142000 [RES] API result: 
{"pose_arr":[{"vx":2.11,"ay":0,"az":9.81,"ax":0,"pz":10.12,"vy":2.11,"px":552862.73,"py":4182793.65},{"vx":3,"ay":0.31,"az":9.86,"ax":0.28,"pz":10.12,"vy":3,"px":552860.68,"py":4182795.23},{"vx":2.81,"ay":-0.77,"az":9.81,"ax":-0.58,"pz":10.13,"vy":2.81,"px":552857.8,"py":4182797.43},{"vx":2.14,"ay":-1.72,"az":9.81,"ax":-1.3,"pz":10.13,"vy":2.14,"px":552855.61,"py":4182799.09},{"vx":1.43,"ay":-0.92,"az":9.81,"ax":-0.69,"pz":10.13,"vy":1.43,"px":552853.83,"py":4182800.43},{"vx":1.15,"ay":0.39,"az":9.81,"ax":0.31,"pz":10.13,"vy":1.15,"px":552852.53,"py":4182801.41}],"traffic_light":[3,3,3,3,3,3],"state_arr":[{"acceleration":1.37,"throttle":42.9,"steering_target":0.99,"brake":0,"steering_rate":100,"speed":3.42},{"acceleration":0.54,"throttle":19.58,"steering_target":0.16,"brake":0,"steering_rate":100,"speed":4.91},{"acceleration":-1.02,"throttle":0,"steering_target":0.63,"brake":20.69,"steering_rate":100,"speed":4.74},{"acceleration":-2.35,"throttle":0,"steering_target":0.21,"brake":34.21,"steering_rate":100,"speed":3.77},{"acceleration":-1.86,"throttle":0,"steering_target":0.22,"brake":29.54,"steering_rate":100,"speed":2.71},{"acceleration":-0.13,"throttle":0,"steering_target":0.17,"brake":14.5,"steering_rate":100,"speed":2.05},{"acceleration":0.74,"throttle":76.29,"steering_target":0.16,"brake":0,"steering_rate":100,"speed":2.06}],"obstacle_arr":[[],[],[{"acceleration":{"y":0,"x":0,"z":0},"position":{"y":4182806.76,"x":552845.53,"z":10.54},"volume":4.34,"type":"VEHICLE","velocity":{"y":0,"x":0,"z":0}}],[{"acceleration":{"y":0.64,"x":-1.11,"z":0},"position":{"y":4182808.14,"x":552843.56,"z":10.66},"volume":4.34,"type":"VEHICLE","velocity":{"y":0.36,"x":-0.49,"z":0}}],[{"acceleration":{"y":0.78,"x":-1.35,"z":0},"position":{"y":4182809,"x":552842.32,"z":10.61},"volume":2.72,"type":"VEHICLE","velocity":{"y":0.8,"x":-1.29,"z":0}}],[{"acceleration":{"y":0.77,"x":-1.4,"z":0},"position":{"y":4182811.6,"x":552837.85,"z":10.6},"volume":2.14,"type":"VEHICLE","velocity":{"y":1.52,"x":-2.85,"z":0}}]],"action_description":"NPC vehicle (Hatchback) switching lane (current to right)","ev_state":[-23.2728538513184,10.1247367858887,316.764221191406,0,0,0,12,1,359.983764648438,307.003540039063,-0.000105147148133256,2.073846764840991],"collision_probability":0}
 timestamp= 1619806142000 [RUN] Validate G1 Guard Condition: 
The ego vehicle E Detection.Collision == True.
 timestamp= 1619806142000 [RES] Global Validate result: 
false
 timestamp= 1619806142000 [RUN] Validate G2 Guard Condition: 
The ego vehicle E Detection.OffRoad == True.
 timestamp= 1619806142000 [RES] Global Validate result: 
false
 timestamp= 1619806142000 [RUN] Validate G3 Guard Condition: 
The ego vehicle E Detection.HardBrake == True.
 timestamp= 1619806142000 [RES] Global Validate result: 
false
 timestamp= 1619806142000 [RUN] Validate G4 Guard Condition: 
The ego vehicle E Detection.ArrivalTest == True.
 timestamp= 1619806142000 [RES] Global Validate result: 
false
 timestamp= 1619806142000 [RUN] Validate step: 
The test system VALIDATES THAT the Apollo A Status.GetControl is nearly equal to {"acceleration": 0.74, "throttle": 76.29, "steering_target": 0.16, "brake": 0.0, "steering_rate": 100.0, "speed": 2.06}
 timestamp= 1619806142000 [RES] Validate result: 
true
 timestamp= 1619806142000 [RUN] Generate steps
 timestamp= 1619806142000 [RUN] Validate step: 
The test system VALIDATES THAT the simulator S Status.GetEnvironment is nearly equal to {"x": -23.27, "y": 10.12, "z": 316.76, "rain": 0.0, "fog": 0.0, "wetness": 0.0, "timeofday": 12.0, "signal": 1.0, "rx": 359.98, "ry": 307.0, "rz": -0.0, "speed": 2.07}
 timestamp= 1619806142000 [RES] Validate result: 
true
 timestamp= 1619806142000 [RUN] Execute API step: 
The environment controller C INVOKES API Control.Agents.Pedestrians.WalkRandomly(which_lane=Left_Lane).
 timestamp= 1619806145000 [RES] API result: 
{"pose_arr":[{"vx":1.28,"ay":3.37,"az":9.81,"ax":2.52,"pz":10.12,"vy":1.28,"px":552851.76,"py":4182801.99},{"vx":2.29,"ay":0.22,"az":9.84,"ax":0.17,"pz":10.12,"vy":2.29,"px":552850.38,"py":4182803.04},{"vx":2.4,"ay":0.23,"az":9.81,"ax":0.17,"pz":10.12,"vy":2.4,"px":552848.19,"py":4182804.68},{"vx":3.4,"ay":1.66,"az":9.81,"ax":1.25,"pz":10.12,"vy":3.4,"px":552845.67,"py":4182806.58},{"vx":3.29,"ay":0.44,"az":9.79,"ax":0.31,"pz":10.12,"vy":3.29,"px":552842.53,"py":4182808.94},{"vx":3.49,"ay":0.49,"az":9.8,"ax":0.36,"pz":10.12,"vy":3.49,"px":552838.85,"py":4182811.71}],"traffic_light":[3,3,3,3,2],"state_arr":[{"acceleration":0.5,"throttle":18.97,"steering_target":0.15,"brake":0,"steering_rate":100,"speed":3.32},{"acceleration":0.23,"throttle":15.7,"steering_target":0.08,"brake":0,"steering_rate":100,"speed":3.92},{"acceleration":1.12,"throttle":51.04,"steering_target":0.06,"brake":0,"steering_rate":100,"speed":4.14},{"acceleration":-0.09,"throttle":0,"steering_target":-1.03,"brake":14.5,"steering_rate":100,"speed":5.68},{"acceleration":0.23,"throttle":15.7,"steering_target":1.19,"brake":0,"steering_rate":100,"speed":5.49},{"acceleration":0.94,"throttle":15.7,"steering_target":-0.06,"brake":0,"steering_rate":100,"speed":5.84},{"acceleration":1.1,"throttle":15.7,"steering_target":-0.11,"brake":0,"steering_rate":100,"speed":6.08}],"obstacle_arr":[[],[{"acceleration":{"y":0.71,"x":-0.26,"z":0},"position":{"y":4182815.17,"x":552831.92,"z":10.67},"volume":0.13,"type":"VEHICLE","velocity":{"y":2.73,"x":-3.71,"z":0}}],[],[{"acceleration":{"y":0,"x":0,"z":0},"position":{"y":4182818.57,"x":552826.34,"z":10.97},"volume":0.88,"type":"VEHICLE","velocity":{"y":0,"x":0,"z":0}},{"acceleration":{"y":0,"x":0,"z":0},"position":{"y":4182811.25,"x":552834.57,"z":10.45},"volume":0.05,"type":"PEDESTRIAN","velocity":{"y":0,"x":0,"z":0}}],[{"acceleration":{"y":0,"x":0,"z":0},"position":{"y":4182821.07,"x":552821.65,"z":10.48},"volume":1.27,"type":"VEHICLE","velocity":{"y":0,"x":0,"z":0}},{"acceleration":{"y":1.26,"x":-1.37,"z":0},"position":{"y":4182810.84,"x":552835.66,"z":10.45},"volume":0.26,"type":"PEDESTRIAN","velocity":{"y":-0.09,"x":0.51,"z":0}}],[{"acceleration":{"y":0,"x":0,"z":0},"position":{"y":4182823.16,"x":552818.25,"z":11.01},"volume":0.47,"type":"VEHICLE","velocity":{"y":0.09,"x":-0.15,"z":0}},{"acceleration":{"y":-0.68,"x":1.25,"z":0},"position":{"y":4182810.97,"x":552835.94,"z":10.39},"volume":0.23,"type":"PEDESTRIAN","velocity":{"y":-0.34,"x":0.68,"z":0}}]],"action_description":"Pedestrian crossing the road (left to right)","ev_state":[-38.7111053466797,10.1242618560791,328.370635986328,0,0,0,12,0,359.969482421875,306.88427734375,0.00482285721227527,6.083281896150354],"collision_probability":0.371}
 timestamp= 1619806145000 [RUN] Validate G1 Guard Condition: 
The ego vehicle E Detection.Collision == True.
 timestamp= 1619806145000 [RES] Global Validate result: 
false
 timestamp= 1619806145000 [RUN] Validate G2 Guard Condition: 
The ego vehicle E Detection.OffRoad == True.
 timestamp= 1619806145000 [RES] Global Validate result: 
false
 timestamp= 1619806145000 [RUN] Validate G3 Guard Condition: 
The ego vehicle E Detection.HardBrake == True.
 timestamp= 1619806145000 [RES] Global Validate result: 
false
 timestamp= 1619806145000 [RUN] Validate G4 Guard Condition: 
The ego vehicle E Detection.ArrivalTest == True.
 timestamp= 1619806145000 [RES] Global Validate result: 
false
 timestamp= 1619806145000 [RUN] Validate step: 
The test system VALIDATES THAT the Apollo A Status.GetControl is nearly equal to {"acceleration": 1.1, "throttle": 15.7, "steering_target": -0.11, "brake": 0.0, "steering_rate": 100.0, "speed": 6.08}
 timestamp= 1619806145000 [RES] Validate result: 
true
 timestamp= 1619806145000 [RUN] Generate steps
 timestamp= 1619806145000 [RUN] Validate step: 
The test system VALIDATES THAT the simulator S Status.GetEnvironment is nearly equal to {"x": -38.71, "y": 10.12, "z": 328.37, "rain": 0.0, "fog": 0.0, "wetness": 0.0, "timeofday": 12.0, "signal": 0.0, "rx": 359.97, "ry": 306.88, "rz": 0.0, "speed": 6.08}
 timestamp= 1619806145000 [RES] Validate result: 
true
 timestamp= 1619806145000 [RUN] Execute API step: 
The environment controller C INVOKES API Control.Agents.Pedestrians.WalkRandomly(which_lane=Left_Lane).
 timestamp= 1619806148000 [RES] API result: 
{"pose_arr":[{"vx":3.98,"ay":0.49,"az":9.82,"ax":0.36,"pz":10.12,"vy":3.98,"px":552834.03,"py":4182815.32},{"vx":4.22,"ay":0.38,"az":9.81,"ax":0.28,"pz":10.12,"vy":4.22,"px":552829.03,"py":4182819.09},{"vx":4.36,"ay":0.19,"az":9.81,"ax":0.14,"pz":10.12,"vy":4.36,"px":552825.82,"py":4182821.51},{"vx":4.45,"ay":-0.47,"az":9.83,"ax":-0.36,"pz":10.12,"vy":4.45,"px":552821.57,"py":4182824.73},{"vx":3.87,"ay":-1.47,"az":9.82,"ax":-1.12,"pz":10.13,"vy":3.87,"px":552817.85,"py":4182827.55}],"traffic_light":[2,2,1,3,3],"state_arr":[{"acceleration":0.93,"throttle":15.7,"steering_target":-0.11,"brake":0,"steering_rate":100,"speed":6.64},{"acceleration":1.17,"throttle":15.7,"steering_target":-0.15,"brake":0,"steering_rate":100,"speed":6.82},{"acceleration":0.61,"throttle":15.7,"steering_target":-0.12,"brake":0,"steering_rate":100,"speed":7.2},{"acceleration":0.62,"throttle":15.7,"steering_target":-0.11,"brake":0,"steering_rate":100,"speed":7.34},{"acceleration":-1.86,"throttle":0,"steering_target":-0.05,"brake":28.21,"steering_rate":100,"speed":6.98},{"acceleration":1.37,"throttle":31.06,"steering_target":-0.05,"brake":0,"steering_rate":100,"speed":6.4}],"obstacle_arr":[[{"acceleration":{"y":0,"x":0,"z":0},"position":{"y":4182825.29,"x":552815.1,"z":10.5},"volume":0.85,"type":"VEHICLE","velocity":{"y":0.25,"x":-0.4,"z":0}},{"acceleration":{"y":-0.45,"x":0.58,"z":0},"position":{"y":4182810.82,"x":552836.42,"z":10.37},"volume":0.33,"type":"PEDESTRIAN","velocity":{"y":-0.65,"x":1.1,"z":0}},{"acceleration":{"y":0,"x":0,"z":0},"position":{"y":4182826.44,"x":552852.67,"z":10.34},"volume":2.43,"type":"VEHICLE","velocity":{"y":0,"x":0,"z":0}}],[{"acceleration":{"y":0,"x":0,"z":0},"position":{"y":4182827.1,"x":552811.97,"z":10.54},"volume":1.27,"type":"VEHICLE","velocity":{"y":0.39,"x":-0.62,"z":0}},{"acceleration":{"y":0.98,"x":-0.83,"z":0},"position":{"y":4182810.3,"x":552837.45,"z":10.13},"volume":0.28,"type":"PEDESTRIAN","velocity":{"y":-0.18,"x":0.74,"z":0}},{"acceleration":{"y":0,"x":0,"z":0},"position":{"y":4182826.07,"x":552853.1,"z":10.49},"volume":1.27,"type":"VEHICLE","velocity":{"y":0,"x":0,"z":0}}],[{"acceleration":{"y":0,"x":0,"z":0},"position":{"y":4182828.24,"x":552809.22,"z":10.59},"volume":0.2,"type":"VEHICLE","velocity":{"y":0.57,"x":-0.88,"z":0}},{"acceleration":{"y":0.14,"x":-0.56,"z":0},"position":{"y":4182810.32,"x":552837.84,"z":10.4},"volume":0.06,"type":"PEDESTRIAN","velocity":{"y":0,"x":0,"z":0}},{"acceleration":{"y":0.03,"x":-0.04,"z":0},"position":{"y":4182823.25,"x":552818.55,"z":10.74},"volume":0.06,"type":"PEDESTRIAN","velocity":{"y":1.14,"x":-1.27,"z":0}}],[{"acceleration":{"y":0,"x":0,"z":0},"position":{"y":4182829.79,"x":552806.8,"z":10.66},"volume":1.14,"type":"VEHICLE","velocity":{"y":0.71,"x":-1.11,"z":0}},{"acceleration":{"y":-0.3,"x":0.68,"z":0},"position":{"y":4182822.87,"x":552819.85,"z":10.57},"volume":0.21,"type":"PEDESTRIAN","velocity":{"y":1.12,"x":-0.87,"z":0}},{"acceleration":{"y":0,"x":0,"z":0},"position":{"y":4182816.58,"x":552847.45,"z":11.13},"volume":0.07,"type":"VEHICLE","velocity":{"y":0,"x":0,"z":0}}],[{"acceleration":{"y":0,"x":0,"z":0},"position":{"y":4182832.73,"x":552801.59,"z":10.76},"volume":1.34,"type":"VEHICLE","velocity":{"y":0.83,"x":-1.36,"z":0}}],[{"acceleration":{"y":0,"x":0,"z":0},"position":{"y":4182834.24,"x":552799.2,"z":10.74},"volume":1.59,"type":"VEHICLE","velocity":{"y":1.43,"x":-2.66,"z":0}}]],"action_description":"Pedestrian crossing the road (left to right)","ev_state":[-60.555965423584,10.1241455078125,344.892303466797,0,0,0,12,-1,359.937469482422,307.262908935547,0.00151181209366769,6.753388560806061],"collision_probability":0.378}
 timestamp= 1619806148000 [RUN] Validate G1 Guard Condition: 
The ego vehicle E Detection.Collision == True.
 timestamp= 1619806148000 [RES] Global Validate result: 
false
 timestamp= 1619806148000 [RUN] Validate G2 Guard Condition: 
The ego vehicle E Detection.OffRoad == True.
 timestamp= 1619806148000 [RES] Global Validate result: 
false
 timestamp= 1619806148000 [RUN] Validate G3 Guard Condition: 
The ego vehicle E Detection.HardBrake == True.
 timestamp= 1619806148000 [RES] Global Validate result: 
false
 timestamp= 1619806148000 [RUN] Validate G4 Guard Condition: 
The ego vehicle E Detection.ArrivalTest == True.
 timestamp= 1619806148000 [RES] Global Validate result: 
false
 timestamp= 1619806148000 [RUN] Validate step: 
The test system VALIDATES THAT the Apollo A Status.GetControl is nearly equal to {"acceleration": 1.37, "throttle": 31.06, "steering_target": -0.05, "brake": 0.0, "steering_rate": 100.0, "speed": 6.4}
 timestamp= 1619806148000 [RES] Validate result: 
true
 timestamp= 1619806148000 [RUN] Generate steps
 timestamp= 1619806148000 [RUN] Validate step: 
The test system VALIDATES THAT the simulator S Status.GetEnvironment is nearly equal to {"x": -60.56, "y": 10.12, "z": 344.89, "rain": 0.0, "fog": 0.0, "wetness": 0.0, "timeofday": 12.0, "signal": -1.0, "rx": 359.94, "ry": 307.26, "rz": 0.0, "speed": 6.75}
 timestamp= 1619806148000 [RES] Validate result: 
true
 timestamp= 1619806148000 [RUN] Execute API step: 
The environment controller C INVOKES API Control.Agents.Pedestrians.WalkRandomly(which_lane=Left_Lane).
 timestamp= 1619806152000 [RES] API result: 
{"pose_arr":[{"vx":4.09,"ay":0,"az":9.81,"ax":0,"pz":10.12,"vy":4.09,"px":552814.5,"py":4182830.1},{"vx":4.59,"ay":0.38,"az":9.84,"ax":0.29,"pz":10.12,"vy":4.59,"px":552810.55,"py":4182833.1},{"vx":4.73,"ay":0.18,"az":9.81,"ax":0.14,"pz":10.12,"vy":4.73,"px":552806.2,"py":4182836.41},{"vx":4.81,"ay":0.2,"az":9.81,"ax":0.16,"pz":10.12,"vy":4.81,"px":552802.58,"py":4182839.15},{"vx":4.64,"ay":-0.48,"az":9.82,"ax":-0.36,"pz":10.12,"vy":4.64,"px":552797.4,"py":4182843.07},{"vx":4.6,"ay":0.27,"az":9.8,"ax":0.2,"pz":10.12,"vy":4.6,"px":552793.81,"py":4182845.78}],"traffic_light":[1,3,1,3,3,3],"state_arr":[{"acceleration":1.58,"throttle":56.41,"steering_target":0.03,"brake":0,"steering_rate":100,"speed":6.75},{"acceleration":0.96,"throttle":25.83,"steering_target":0,"brake":0,"steering_rate":100,"speed":7.56},{"acceleration":0.61,"throttle":15.7,"steering_target":0.11,"brake":0,"steering_rate":100,"speed":7.8},{"acceleration":0.38,"throttle":17.19,"steering_target":0.11,"brake":0,"steering_rate":100,"speed":7.97},{"acceleration":-0.3,"throttle":0,"steering_target":0.14,"brake":14.5,"steering_rate":100,"speed":7.88},{"acceleration":0.65,"throttle":15.7,"steering_target":0.26,"brake":0,"steering_rate":100,"speed":7.57},{"acceleration":0.63,"throttle":15.7,"steering_target":0.11,"brake":0,"steering_rate":100,"speed":7.8}],"obstacle_arr":[[{"acceleration":{"y":0.71,"x":-0.82,"z":0},"position":{"y":4182837.12,"x":552794.56,"z":10.44},"volume":4.18,"type":"VEHICLE","velocity":{"y":2.03,"x":-3.29,"z":0}},{"acceleration":{"y":0,"x":0,"z":0},"position":{"y":4182823.31,"x":552821.32,"z":10.84},"volume":0.03,"type":"PEDESTRIAN","velocity":{"y":0,"x":0,"z":0}}],[{"acceleration":{"y":0.88,"x":-1.2,"z":0},"position":{"y":4182838.27,"x":552792.3,"z":10.42},"volume":4.29,"type":"VEHICLE","velocity":{"y":2.58,"x":-4.04,"z":0}}],[{"acceleration":{"y":0.54,"x":-0.72,"z":0},"position":{"y":4182839.77,"x":552789.62,"z":10.45},"volume":4.52,"type":"VEHICLE","velocity":{"y":3.19,"x":-4.87,"z":0}}],[{"acceleration":{"y":0.39,"x":-0.33,"z":0},"position":{"y":4182840.9,"x":552787.89,"z":10.43},"volume":4.61,"type":"VEHICLE","velocity":{"y":3.53,"x":-5.22,"z":0}},{"acceleration":{"y":0,"x":0,"z":0},"position":{"y":4182840.83,"x":552797.17,"z":10.44},"volume":0.14,"type":"PEDESTRIAN","velocity":{"y":0,"x":0,"z":0}}],[{"acceleration":{"y":0.19,"x":-0.04,"z":0},"position":{"y":4182842.17,"x":552786.14,"z":10.41},"volume":5.57,"type":"VEHICLE","velocity":{"y":3.68,"x":-5.24,"z":0}}],[{"acceleration":{"y":0.04,"x":0.12,"z":0},"position":{"y":4182844.12,"x":552783.46,"z":10.45},"volume":6.54,"type":"VEHICLE","velocity":{"y":3.65,"x":-5.04,"z":0}}],[{"acceleration":{"y":-0.01,"x":0.16,"z":0},"position":{"y":4182845.86,"x":552781.24,"z":10.44},"volume":6.41,"type":"VEHICLE","velocity":{"y":3.55,"x":-4.78,"z":0}},{"acceleration":{"y":0,"x":0,"z":0},"position":{"y":4182841.85,"x":552798.71,"z":10.48},"volume":0.05,"type":"PEDESTRIAN","velocity":{"y":0,"x":0,"z":0}}]],"action_description":"Pedestrian crossing the road (left to right)","ev_state":[-85.1103057861328,10.1239147186279,363.462951660156,0,0,0,12,-1,359.977172851563,306.885040283203,0.00014900769747328,7.887649246633866],"collision_probability":0.532}
 timestamp= 1619806152000 [RUN] Validate G1 Guard Condition: 
The ego vehicle E Detection.Collision == True.
 timestamp= 1619806152000 [RES] Global Validate result: 
false
 timestamp= 1619806152000 [RUN] Validate G2 Guard Condition: 
The ego vehicle E Detection.OffRoad == True.
 timestamp= 1619806152000 [RES] Global Validate result: 
false
 timestamp= 1619806152000 [RUN] Validate G3 Guard Condition: 
The ego vehicle E Detection.HardBrake == True.
 timestamp= 1619806152000 [RES] Global Validate result: 
false
 timestamp= 1619806152000 [RUN] Validate G4 Guard Condition: 
The ego vehicle E Detection.ArrivalTest == True.
 timestamp= 1619806152000 [RES] Global Validate result: 
false
 timestamp= 1619806152000 [RUN] Validate step: 
The test system VALIDATES THAT the Apollo A Status.GetControl is nearly equal to {"acceleration": 0.63, "throttle": 15.7, "steering_target": 0.11, "brake": 0.0, "steering_rate": 100.0, "speed": 7.8}
 timestamp= 1619806152000 [RES] Validate result: 
true
 timestamp= 1619806152000 [RUN] Generate steps
 timestamp= 1619806152000 [RUN] Validate step: 
The test system VALIDATES THAT the simulator S Status.GetEnvironment is nearly equal to {"x": -85.11, "y": 10.12, "z": 363.46, "rain": 0.0, "fog": 0.0, "wetness": 0.0, "timeofday": 12.0, "signal": -1.0, "rx": 359.98, "ry": 306.89, "rz": 0.0, "speed": 7.89}
 timestamp= 1619806152000 [RES] Validate result: 
true
 timestamp= 1619806152000 [RUN] Execute API step: 
The environment controller C INVOKES API Control.Agents.Pedestrians.WalkRandomly(which_lane=Left_Lane).
 timestamp= 1619806155000 [RES] API result: 
{"pose_arr":[{"vx":4.73,"ay":0,"az":9.81,"ax":0,"pz":10.12,"vy":4.73,"px":552789.95,"py":4182848.67},{"vx":4.88,"ay":0.43,"az":9.8,"ax":0.32,"pz":10.12,"vy":4.88,"px":552785.15,"py":4182852.27},{"vx":4.8,"ay":-0.5,"az":9.82,"ax":-0.37,"pz":10.12,"vy":4.8,"px":552780.82,"py":4182855.49},{"vx":4.3,"ay":-1.51,"az":9.81,"ax":-1.12,"pz":10.13,"vy":4.3,"px":552777.86,"py":4182857.7},{"vx":4.05,"ay":0.2,"az":9.81,"ax":0.14,"pz":10.12,"vy":4.05,"px":552774.05,"py":4182860.54},{"vx":4,"ay":-0.47,"az":9.82,"ax":-0.35,"pz":10.12,"vy":4,"px":552770.16,"py":4182863.43},{"vx":3.84,"ay":-0.49,"az":9.82,"ax":-0.36,"pz":10.12,"vy":3.84,"px":552766.59,"py":4182866.07}],"traffic_light":[1,1,1,3,1,1],"state_arr":[{"acceleration":0.62,"throttle":15.7,"steering_target":0.41,"brake":0,"steering_rate":100,"speed":7.92},{"acceleration":-0.15,"throttle":0,"steering_target":-0.18,"brake":14.5,"steering_rate":100,"speed":8.16},{"acceleration":-0.6,"throttle":0,"steering_target":0.24,"brake":29.28,"steering_rate":100,"speed":7.97},{"acceleration":0.43,"throttle":15.7,"steering_target":-0.05,"brake":0,"steering_rate":100,"speed":7},{"acceleration":0.44,"throttle":15.7,"steering_target":0.1,"brake":0,"steering_rate":100,"speed":6.79},{"acceleration":-0.41,"throttle":0,"steering_target":0.11,"brake":14.5,"steering_rate":100,"speed":6.8},{"acceleration":-0.73,"throttle":0,"steering_target":0.03,"brake":16.04,"steering_rate":100,"speed":6.57}],"obstacle_arr":[[{"acceleration":{"y":0.02,"x":0.09,"z":0},"position":{"y":4182846.82,"x":552779.91,"z":10.44},"volume":6.13,"type":"VEHICLE","velocity":{"y":3.5,"x":-4.66,"z":0}},{"acceleration":{"y":0,"x":0,"z":0},"position":{"y":4182841.35,"x":552799.93,"z":10.62},"volume":0.11,"type":"PEDESTRIAN","velocity":{"y":0,"x":0,"z":0}},{"acceleration":{"y":0,"x":0,"z":0},"position":{"y":4182829.64,"x":552791.42,"z":10.35},"volume":1.29,"type":"PEDESTRIAN","velocity":{"y":0,"x":0,"z":0}}],[{"acceleration":{"y":0.16,"x":-0.11,"z":0},"position":{"y":4182848.34,"x":552777.86,"z":10.44},"volume":5.9,"type":"VEHICLE","velocity":{"y":3.5,"x":-4.6,"z":0}}],[{"acceleration":{"y":0.22,"x":-0.19,"z":0},"position":{"y":4182850.8,"x":552774.48,"z":10.44},"volume":6.16,"type":"VEHICLE","velocity":{"y":3.57,"x":-4.65,"z":0}},{"acceleration":{"y":0,"x":0,"z":0},"position":{"y":4182858.34,"x":552772.58,"z":10.57},"volume":0.08,"type":"PEDESTRIAN","velocity":{"y":0,"x":0,"z":0}}],[{"acceleration":{"y":0.4,"x":-0.36,"z":0},"position":{"y":4182853.83,"x":552770.71,"z":10.39},"volume":5.01,"type":"VEHICLE","velocity":{"y":3.87,"x":-4.93,"z":0}}],[{"acceleration":{"y":0.27,"x":-0.29,"z":0},"position":{"y":4182856.18,"x":552767.6,"z":10.39},"volume":4.44,"type":"VEHICLE","velocity":{"y":4.21,"x":-5.29,"z":0}}],[{"acceleration":{"y":0.11,"x":-0.1,"z":0},"position":{"y":4182857.3,"x":552766.01,"z":10.41},"volume":4.46,"type":"VEHICLE","velocity":{"y":4.22,"x":-5.32,"z":0}},{"acceleration":{"y":0,"x":0,"z":0},"position":{"y":4182859.11,"x":552774.27,"z":10.44},"volume":0.2,"type":"PEDESTRIAN","velocity":{"y":0,"x":0,"z":0}},{"acceleration":{"y":0,"x":0,"z":0},"position":{"y":4182841.18,"x":552774.95,"z":10.49},"volume":1.41,"type":"VEHICLE","velocity":{"y":0,"x":0,"z":0}}]],"action_description":"Pedestrian crossing the road (left to right)","ev_state":[-108.653564453125,10.1242113113403,380.992126464844,0,0,0,12,1,0.0281551443040371,306.578521728516,0.00115745700895786,6.412213058901804],"collision_probability":0.491}
 timestamp= 1619806155000 [RUN] Validate G1 Guard Condition: 
The ego vehicle E Detection.Collision == True.
 timestamp= 1619806155000 [RES] Global Validate result: 
false
 timestamp= 1619806155000 [RUN] Validate G2 Guard Condition: 
The ego vehicle E Detection.OffRoad == True.
 timestamp= 1619806155000 [RES] Global Validate result: 
false
 timestamp= 1619806155000 [RUN] Validate G3 Guard Condition: 
The ego vehicle E Detection.HardBrake == True.
 timestamp= 1619806155000 [RES] Global Validate result: 
false
 timestamp= 1619806155000 [RUN] Validate G4 Guard Condition: 
The ego vehicle E Detection.ArrivalTest == True.
 timestamp= 1619806155000 [RES] Global Validate result: 
false
 timestamp= 1619806155000 [RUN] Validate step: 
The test system VALIDATES THAT the Apollo A Status.GetControl is nearly equal to {"acceleration": -0.73, "throttle": 0.0, "steering_target": 0.03, "brake": 16.04, "steering_rate": 100.0, "speed": 6.57}
 timestamp= 1619806155000 [RES] Validate result: 
true
 timestamp= 1619806155000 [RUN] Generate steps
 timestamp= 1619806155000 [RUN] Validate step: 
The test system VALIDATES THAT the simulator S Status.GetEnvironment is nearly equal to {"x": -108.65, "y": 10.12, "z": 380.99, "rain": 0.0, "fog": 0.0, "wetness": 0.0, "timeofday": 12.0, "signal": 1.0, "rx": 0.03, "ry": 306.58, "rz": 0.0, "speed": 6.41}
 timestamp= 1619806155000 [RES] Validate result: 
true
 timestamp= 1619806155000 [RUN] Execute API step: 
The environment controller C INVOKES API Control.Agents.Pedestrians.WalkRandomly(which_lane=Left_Lane).
 timestamp= 1619806159000 [RES] API result: 
{"pose_arr":[{"vx":3.37,"ay":-1.31,"az":9.81,"ax":-0.97,"pz":10.13,"vy":3.37,"px":552764.13,"py":4182867.9},{"vx":3.18,"ay":-0.47,"az":9.8,"ax":-0.36,"pz":10.13,"vy":3.18,"px":552762.18,"py":4182869.35},{"vx":2.9,"ay":-0.65,"az":9.82,"ax":-0.45,"pz":10.13,"vy":2.9,"px":552759.42,"py":4182871.39},{"vx":2.61,"ay":-0.76,"az":9.81,"ax":-0.56,"pz":10.13,"vy":2.61,"px":552756.95,"py":4182873.21},{"vx":2.31,"ay":-0.86,"az":9.81,"ax":-0.59,"pz":10.13,"vy":2.31,"px":552754.76,"py":4182874.81},{"vx":2.54,"ay":-0.34,"az":9.81,"ax":-0.41,"pz":10.13,"vy":2.54,"px":552753.35,"py":4182875.97},{"vx":1.58,"ay":-1.96,"az":9.85,"ax":-0.23,"pz":10.13,"vy":1.58,"px":552752.22,"py":4182877.03}],"traffic_light":[1,1,1,1,3,3],"state_arr":[{"acceleration":-0.83,"throttle":0,"steering_target":0.2,"brake":26.86,"steering_rate":100,"speed":6.29},{"acceleration":-0.5,"throttle":0,"steering_target":-0.07,"brake":14.5,"steering_rate":100,"speed":5.48},{"acceleration":-0.69,"throttle":0,"steering_target":0.44,"brake":16.27,"steering_rate":100,"speed":5.11},{"acceleration":-0.96,"throttle":0,"steering_target":0.23,"brake":20.06,"steering_rate":100,"speed":4.72},{"acceleration":-1,"throttle":0,"steering_target":0.39,"brake":20.44,"steering_rate":100,"speed":4.15},{"acceleration":-0.46,"throttle":0,"steering_target":-33.88,"brake":14.5,"steering_rate":100,"speed":3.64},{"acceleration":-1.32,"throttle":0,"steering_target":22.77,"brake":24.14,"steering_rate":100,"speed":3.32},{"acceleration":-1.37,"throttle":0,"steering_target":12.5,"brake":24.71,"steering_rate":100,"speed":2.54}],"obstacle_arr":[[{"acceleration":{"y":0.02,"x":0.05,"z":0},"position":{"y":4182860.05,"x":552762.17,"z":10.4},"volume":6.15,"type":"VEHICLE","velocity":{"y":4.02,"x":-5.05,"z":0}},{"acceleration":{"y":0,"x":-0.01,"z":0},"position":{"y":4182859.44,"x":552774.97,"z":10.44},"volume":0.2,"type":"PEDESTRIAN","velocity":{"y":0,"x":0,"z":0}}],[{"acceleration":{"y":-0.01,"x":0.09,"z":0},"position":{"y":4182860.62,"x":552761.35,"z":10.46},"volume":5.51,"type":"VEHICLE","velocity":{"y":3.92,"x":-4.88,"z":0}},{"acceleration":{"y":0,"x":0,"z":0},"position":{"y":4182859.84,"x":552774.7,"z":10.5},"volume":0.15,"type":"UNKNOWN","velocity":{"y":0,"x":0,"z":0}},{"acceleration":{"y":0,"x":0,"z":0},"position":{"y":4182841.58,"x":552774.37,"z":10.67},"volume":0.94,"type":"UNKNOWN","velocity":{"y":0,"x":0,"z":0}}],[{"acceleration":{"y":0.07,"x":-0.01,"z":0},"position":{"y":4182863.75,"x":552757.16,"z":10.46},"volume":5.48,"type":"VEHICLE","velocity":{"y":3.76,"x":-4.62,"z":0}}],[{"acceleration":{"y":0.13,"x":-0.11,"z":0},"position":{"y":4182865.68,"x":552754.4,"z":10.44},"volume":6.11,"type":"VEHICLE","velocity":{"y":3.77,"x":-4.61,"z":0}}],[{"acceleration":{"y":0.14,"x":-0.12,"z":0},"position":{"y":4182867.2,"x":552752.41,"z":10.45},"volume":5.42,"type":"VEHICLE","velocity":{"y":3.83,"x":-4.67,"z":0}},{"acceleration":{"y":0,"x":0,"z":0},"position":{"y":4182876.55,"x":552749.59,"z":10.51},"volume":0.23,"type":"PEDESTRIAN","velocity":{"y":0,"x":0,"z":0}}],[{"acceleration":{"y":0.13,"x":-0.12,"z":0},"position":{"y":4182868.29,"x":552751.17,"z":10.45},"volume":4.65,"type":"VEHICLE","velocity":{"y":3.86,"x":-4.71,"z":0}},{"acceleration":{"y":-0.01,"x":0.03,"z":0},"position":{"y":4182876.46,"x":552750.27,"z":10.42},"volume":0.19,"type":"PEDESTRIAN","velocity":{"y":-0.36,"x":0.91,"z":0}}],[{"acceleration":{"y":0.06,"x":-0.04,"z":0},"position":{"y":4182870.32,"x":552747.99,"z":10.37},"volume":6.54,"type":"VEHICLE","velocity":{"y":3.81,"x":-4.67,"z":0}}]],"action_description":"Pedestrian crossing the road (left to right)","ev_state":[-122.90258026123,10.1247234344482,391.992828369141,0,0,0,12,0,0.0805713161826134,310.661224365234,359.720428466797,2.535922233096284],"collision_probability":1}
 timestamp= 1619806159000 [RUN] Validate G1 Guard Condition: 
The ego vehicle E Detection.Collision == True.
 timestamp= 1619806159000 [RES] Global Validate result: 
true
 timestamp= 1619806159000 [RUN] Collision == True
 timestamp= 1619806159000 [RUN] Validate G2 Guard Condition: 
The ego vehicle E Detection.OffRoad == True.
 timestamp= 1619806159000 [RES] Global Validate result: 
false
 timestamp= 1619806159000 [RUN] Validate G3 Guard Condition: 
The ego vehicle E Detection.HardBrake == True.
 timestamp= 1619806159000 [RES] Global Validate result: 
false
 timestamp= 1619806159000 [RUN] Validate G4 Guard Condition: 
The ego vehicle E Detection.ArrivalTest == True.
 timestamp= 1619806159000 [RES] Global Validate result: 
false
 timestamp= 1619806159000 [RUN] Validate step: 
The test system VALIDATES THAT the Apollo A Status.GetControl is nearly equal to {"acceleration": -1.37, "throttle": 0.0, "steering_target": 12.5, "brake": 24.71, "steering_rate": 100.0, "speed": 2.54}
 timestamp= 1619806159000 [RES] Validate result: 
true
 timestamp= 1619806159000 [RUN] Generate steps
 timestamp= 1619806159000 [RUN] Validate step: 
The test system VALIDATES THAT the simulator S Status.GetEnvironment is nearly equal to {"x": -122.9, "y": 10.12, "z": 391.99, "rain": 0.0, "fog": 0.0, "wetness": 0.0, "timeofday": 12.0, "signal": 0.0, "rx": 0.08, "ry": 310.66, "rz": 359.72, "speed": 2.54}
 timestamp= 1619806159000 [RES] Validate result: 
true
 timestamp= 1619806159000 [RUN] Execute API step: 
The environment controller C INVOKES API Control.Agents.NPCVehicle.NPCVehicleMaintainLane(which_lane=Right_Lane&which_car=SUV).
 timestamp= 1619806163000 [RES] API result: 
{"pose_arr":[{"vx":1.21,"ay":-0.94,"az":9.8,"ax":-0.43,"pz":10.13,"vy":1.21,"px":552751.34,"py":4182877.78},{"vx":1,"ay":0,"az":9.81,"ax":0,"pz":10.13,"vy":1,"px":552750.56,"py":4182878.42},{"vx":1,"ay":-0.74,"az":9.83,"ax":-0.54,"pz":10.12,"vy":1,"px":552749.62,"py":4182879.19},{"vx":1.42,"ay":2,"az":9.8,"ax":1.5,"pz":10.12,"vy":1.42,"px":552748.63,"py":4182879.93},{"vx":1.97,"ay":0.8,"az":9.81,"ax":0.59,"pz":10.12,"vy":1.97,"px":552747.15,"py":4182881.04},{"vx":2.28,"ay":0,"az":9.81,"ax":0,"pz":10.12,"vy":2.28,"px":552745.66,"py":4182882.14}],"traffic_light":[1,3,3,1,1,1],"state_arr":[{"acceleration":-0.64,"throttle":0,"steering_target":4.93,"brake":16.19,"steering_rate":100,"speed":1.96},{"acceleration":-0.15,"throttle":0,"steering_target":3.05,"brake":14.5,"steering_rate":100,"speed":1.65},{"acceleration":-0.96,"throttle":0,"steering_target":1.56,"brake":20.34,"steering_rate":100,"speed":1.82},{"acceleration":0.98,"throttle":54.26,"steering_target":0.03,"brake":0,"steering_rate":100,"speed":1.78},{"acceleration":1.06,"throttle":29.19,"steering_target":1.43,"brake":0,"steering_rate":100,"speed":2.86},{"acceleration":1.24,"throttle":29.91,"steering_target":0.98,"brake":0,"steering_rate":100,"speed":3.47},{"acceleration":0.89,"throttle":15.7,"steering_target":0.78,"brake":0,"steering_rate":100,"speed":4.49}],"obstacle_arr":[[{"acceleration":{"y":0,"x":0.07,"z":0},"position":{"y":4182871.17,"x":552747.05,"z":10.36},"volume":5.74,"type":"VEHICLE","velocity":{"y":3.64,"x":-4.44,"z":0}}],[{"acceleration":{"y":-0.05,"x":0.11,"z":0},"position":{"y":4182871.81,"x":552746.11,"z":10.41},"volume":6.13,"type":"VEHICLE","velocity":{"y":3.45,"x":-4.18,"z":0}},{"acceleration":{"y":0,"x":-0.01,"z":0},"position":{"y":4182883.74,"x":552755.92,"z":10.34},"volume":12.87,"type":"VEHICLE","velocity":{"y":0.25,"x":-1.13,"z":0}}],[{"acceleration":{"y":-0.02,"x":0.06,"z":0},"position":{"y":4182872.32,"x":552745.36,"z":10.47},"volume":6.05,"type":"VEHICLE","velocity":{"y":1.28,"x":-1.79,"z":0}},{"acceleration":{"y":-0.73,"x":-2.65,"z":0},"position":{"y":4182883.8,"x":552754.77,"z":10.34},"volume":14.07,"type":"VEHICLE","velocity":{"y":-0.29,"x":-2.31,"z":0}}],[{"acceleration":{"y":0.12,"x":-0.09,"z":0},"position":{"y":4182872.8,"x":552744.79,"z":10.44},"volume":6.31,"type":"VEHICLE","velocity":{"y":1.28,"x":-1.77,"z":0}},{"acceleration":{"y":-0.64,"x":-1.55,"z":0},"position":{"y":4182883.19,"x":552753.34,"z":10.34},"volume":15.62,"type":"VEHICLE","velocity":{"y":-0.81,"x":-3.73,"z":0}}],[{"acceleration":{"y":-0.94,"x":1.56,"z":0},"position":{"y":4182873.04,"x":552744.44,"z":10.4},"volume":6.69,"type":"VEHICLE","velocity":{"y":0.57,"x":-0.64,"z":0}},{"acceleration":{"y":-0.1,"x":0.43,"z":0},"position":{"y":4182882.99,"x":552752.97,"z":10.35},"volume":11.75,"type":"VEHICLE","velocity":{"y":-0.99,"x":-4.03,"z":0}}],[{"acceleration":{"y":-1.12,"x":1.38,"z":0},"position":{"y":4182873.49,"x":552743.87,"z":10.43},"volume":6.56,"type":"VEHICLE","velocity":{"y":0,"x":0,"z":0}},{"acceleration":{"y":0.43,"x":2.17,"z":0},"position":{"y":4182883.02,"x":552752.2,"z":10.35},"volume":11.02,"type":"VEHICLE","velocity":{"y":0,"x":0,"z":0}}],[{"acceleration":{"y":-0.01,"x":0.01,"z":0},"position":{"y":4182873.67,"x":552743.56,"z":10.46},"volume":5.65,"type":"VEHICLE","velocity":{"y":0,"x":0,"z":0}},{"acceleration":{"y":0.01,"x":0.03,"z":0},"position":{"y":4182883.1,"x":552753.05,"z":10.57},"volume":12.53,"type":"VEHICLE","velocity":{"y":0,"x":0,"z":0}},{"acceleration":{"y":0,"x":0,"z":0},"position":{"y":4182881.9,"x":552750.21,"z":10.61},"volume":0,"type":"UNKNOWN","velocity":{"y":0,"x":0,"z":0}}]],"action_description":"NPC vehicle (SUV) driving on the right lane","ev_state":[-131.210861206055,10.1243886947632,398.230865478516,0,0,0,12,-1,359.814025878906,306.048004150391,359.989227294922,5.291702323087325],"collision_probability":0.596}
 timestamp= 1619806163000 [RUN] Validate G1 Guard Condition: 
The ego vehicle E Detection.Collision == True.
 timestamp= 1619806163000 [RES] Global Validate result: 
false
 timestamp= 1619806163000 [RUN] Validate G2 Guard Condition: 
The ego vehicle E Detection.OffRoad == True.
 timestamp= 1619806163000 [RES] Global Validate result: 
false
 timestamp= 1619806163000 [RUN] Validate G3 Guard Condition: 
The ego vehicle E Detection.HardBrake == True.
 timestamp= 1619806163000 [RES] Global Validate result: 
false
 timestamp= 1619806163000 [RUN] Validate G4 Guard Condition: 
The ego vehicle E Detection.ArrivalTest == True.
 timestamp= 1619806163000 [RES] Global Validate result: 
false
 timestamp= 1619806163000 [RUN] Validate step: 
The test system VALIDATES THAT the Apollo A Status.GetControl is nearly equal to {"acceleration": 0.89, "throttle": 15.7, "steering_target": 0.78, "brake": 0.0, "steering_rate": 100.0, "speed": 4.49}
 timestamp= 1619806163000 [RES] Validate result: 
true
 timestamp= 1619806163000 [RUN] Generate steps
 timestamp= 1619806163000 [RUN] Validate step: 
The test system VALIDATES THAT the simulator S Status.GetEnvironment is nearly equal to {"x": -131.21, "y": 10.12, "z": 398.23, "rain": 0.0, "fog": 0.0, "wetness": 0.0, "timeofday": 12.0, "signal": -1.0, "rx": 359.81, "ry": 306.05, "rz": 359.99, "speed": 5.29}
 timestamp= 1619806163000 [RES] Validate result: 
true
 timestamp= 1619806163000 [RUN] Execute API step: 
The environment controller C INVOKES API Control.Agents.Pedestrians.WalkRandomly(which_lane=Left_Lane).
 timestamp= 1619806167000 [RES] API result: 
{"pose_arr":[{"vx":3.11,"ay":0,"az":9.81,"ax":0,"pz":10.12,"vy":3.11,"px":552743.86,"py":4182883.46},{"vx":3.33,"ay":0.61,"az":9.82,"ax":0.44,"pz":10.12,"vy":3.33,"px":552741.1,"py":4182885.46},{"vx":3.54,"ay":0.54,"az":9.8,"ax":0.38,"pz":10.12,"vy":3.54,"px":552737.61,"py":4182887.94},{"vx":3.75,"ay":0.58,"az":9.81,"ax":0.4,"pz":10.12,"vy":3.75,"px":552734.29,"py":4182890.27},{"vx":3.88,"ay":0.26,"az":9.82,"ax":0.19,"pz":10.12,"vy":3.88,"px":552731.6,"py":4182892.13},{"vx":3.95,"ay":-0.49,"az":9.85,"ax":-0.32,"pz":10.12,"vy":3.95,"px":552727.98,"py":4182894.61},{"vx":3.73,"ay":1.13,"az":9.75,"ax":0.76,"pz":10.12,"vy":3.73,"px":552724.66,"py":4182896.86}],"traffic_light":[1,0,1,3,3,3],"state_arr":[{"acceleration":0.85,"throttle":24.39,"steering_target":0.84,"brake":0,"steering_rate":100,"speed":5.38},{"acceleration":0.85,"throttle":24.4,"steering_target":0.77,"brake":0,"steering_rate":100,"speed":5.73},{"acceleration":0.82,"throttle":23.85,"steering_target":0.87,"brake":0,"steering_rate":100,"speed":6.11},{"acceleration":0.73,"throttle":20.61,"steering_target":0.6,"brake":0,"steering_rate":100,"speed":6.51},{"acceleration":0.71,"throttle":15.7,"steering_target":0.6,"brake":0,"steering_rate":100,"speed":6.86},{"acceleration":0.7,"throttle":15.7,"steering_target":0.44,"brake":0,"steering_rate":100,"speed":7.06},{"acceleration":1.3,"throttle":30.18,"steering_target":0.27,"brake":0,"steering_rate":100,"speed":6.47},{"acceleration":1.05,"throttle":26.94,"steering_target":10.21,"brake":0,"steering_rate":100,"speed":7.08}],"obstacle_arr":[[{"acceleration":{"y":0,"x":0,"z":0},"position":{"y":4182873.49,"x":552743.88,"z":10.35},"volume":6.01,"type":"VEHICLE","velocity":{"y":0,"x":0,"z":0}},{"acceleration":{"y":0,"x":0,"z":0},"position":{"y":4182882.85,"x":552753.29,"z":10.61},"volume":11.98,"type":"VEHICLE","velocity":{"y":0,"x":0,"z":0}},{"acceleration":{"y":0,"x":0.02,"z":0},"position":{"y":4182881.02,"x":552752.19,"z":10.66},"volume":0.3,"type":"PEDESTRIAN","velocity":{"y":-0.12,"x":0.75,"z":0}},{"acceleration":{"y":-0.02,"x":0.01,"z":0},"position":{"y":4182878.76,"x":552752.35,"z":10.66},"volume":0.15,"type":"UNKNOWN","velocity":{"y":0,"x":0,"z":0}}],[{"acceleration":{"y":0,"x":0,"z":0},"position":{"y":4182873.32,"x":552743.95,"z":10.35},"volume":6.35,"type":"VEHICLE","velocity":{"y":0,"x":0,"z":0}},{"acceleration":{"y":0,"x":0,"z":0},"position":{"y":4182882.23,"x":552752.92,"z":10.53},"volume":15.8,"type":"VEHICLE","velocity":{"y":0,"x":0,"z":0}}],[{"acceleration":{"y":0,"x":0,"z":0},"position":{"y":4182873.51,"x":552743.75,"z":10.42},"volume":6.05,"type":"VEHICLE","velocity":{"y":0,"x":0,"z":0}},{"acceleration":{"y":0,"x":0,"z":0},"position":{"y":4182882.51,"x":552752.75,"z":10.61},"volume":11.17,"type":"VEHICLE","velocity":{"y":0,"x":0,"z":0}},{"acceleration":{"y":0,"x":0,"z":0},"position":{"y":4182892.16,"x":552726.53,"z":10.76},"volume":0.02,"type":"PEDESTRIAN","velocity":{"y":0,"x":0,"z":0}}],[{"acceleration":{"y":0,"x":0,"z":0},"position":{"y":4182874.06,"x":552743.07,"z":10.43},"volume":4.86,"type":"VEHICLE","velocity":{"y":0,"x":0,"z":0}},{"acceleration":{"y":0,"x":0,"z":0},"position":{"y":4182883.01,"x":552752.14,"z":10.53},"volume":15.84,"type":"VEHICLE","velocity":{"y":0,"x":0,"z":0}},{"acceleration":{"y":0.02,"x":-0.03,"z":0},"position":{"y":4182892.42,"x":552726.42,"z":10.39},"volume":0.12,"type":"PEDESTRIAN","velocity":{"y":0.66,"x":-1.03,"z":0}}],[{"acceleration":{"y":0,"x":0,"z":0},"position":{"y":4182873.52,"x":552743.84,"z":10.54},"volume":3.06,"type":"VEHICLE","velocity":{"y":0,"x":0,"z":0}},{"acceleration":{"y":0,"x":0,"z":0},"position":{"y":4182882.13,"x":552753.03,"z":10.48},"volume":19.25,"type":"VEHICLE","velocity":{"y":0,"x":0,"z":0}},{"acceleration":{"y":0.08,"x":0.05,"z":0},"position":{"y":4182891.91,"x":552727.5,"z":10.49},"volume":0.24,"type":"PEDESTRIAN","velocity":{"y":0.4,"x":-0.52,"z":0}}],[{"acceleration":{"y":0,"x":0,"z":0},"position":{"y":4182873.56,"x":552743.61,"z":10.44},"volume":5.52,"type":"VEHICLE","velocity":{"y":0,"x":0,"z":0}},{"acceleration":{"y":0,"x":0,"z":0},"position":{"y":4182883.4,"x":552751.87,"z":10.46},"volume":11.23,"type":"VEHICLE","velocity":{"y":0,"x":0,"z":0}},{"acceleration":{"y":-0.64,"x":0.87,"z":0},"position":{"y":4182891.8,"x":552728.01,"z":10.8},"volume":0.17,"type":"PEDESTRIAN","velocity":{"y":0,"x":0,"z":0}}],[{"acceleration":{"y":0,"x":-0.01,"z":0},"position":{"y":4182874.34,"x":552743.05,"z":10.66},"volume":1.86,"type":"VEHICLE","velocity":{"y":0,"x":0,"z":0}},{"acceleration":{"y":0,"x":0,"z":0},"position":{"y":4182883.74,"x":552750.7,"z":10.65},"volume":7.06,"type":"VEHICLE","velocity":{"y":0,"x":0,"z":0}},{"acceleration":{"y":-0.02,"x":0.03,"z":0},"position":{"y":4182891.95,"x":552728.37,"z":10.13},"volume":0.31,"type":"PEDESTRIAN","velocity":{"y":0,"x":0,"z":0}}]],"action_description":"Pedestrian crossing the road (left to right)","ev_state":[-152.258071899414,10.1240749359131,412.789337158203,0,0,0,12,1,359.934844970703,303.132751464844,359.869018554688,7.083337885582883],"collision_probability":0.353}
 timestamp= 1619806167000 [RUN] Validate G1 Guard Condition: 
The ego vehicle E Detection.Collision == True.
 timestamp= 1619806167000 [RES] Global Validate result: 
false
 timestamp= 1619806167000 [RUN] Validate G2 Guard Condition: 
The ego vehicle E Detection.OffRoad == True.
 timestamp= 1619806167000 [RES] Global Validate result: 
false
 timestamp= 1619806167000 [RUN] Validate G3 Guard Condition: 
The ego vehicle E Detection.HardBrake == True.
 timestamp= 1619806167000 [RES] Global Validate result: 
false
 timestamp= 1619806167000 [RUN] Validate G4 Guard Condition: 
The ego vehicle E Detection.ArrivalTest == True.
 timestamp= 1619806167000 [RES] Global Validate result: 
false
 timestamp= 1619806167000 [RUN] Validate step: 
The test system VALIDATES THAT the Apollo A Status.GetControl is nearly equal to {"acceleration": 1.05, "throttle": 26.94, "steering_target": 10.21, "brake": 0.0, "steering_rate": 100.0, "speed": 7.08}
 timestamp= 1619806167000 [RES] Validate result: 
true
 timestamp= 1619806167000 [RUN] Generate steps
 timestamp= 1619806167000 [RUN] Validate step: 
The test system VALIDATES THAT the simulator S Status.GetEnvironment is nearly equal to {"x": -152.26, "y": 10.12, "z": 412.79, "rain": 0.0, "fog": 0.0, "wetness": 0.0, "timeofday": 12.0, "signal": 1.0, "rx": 359.93, "ry": 303.13, "rz": 359.87, "speed": 7.08}
 timestamp= 1619806167000 [RES] Validate result: 
true
 timestamp= 1619806167000 [RUN] Execute API step: 
The environment controller C INVOKES API Control.Agents.Pedestrians.WalkRandomly(which_lane=Left_Lane).
 timestamp= 1619806171000 [RES] API result: 
{"pose_arr":[{"vx":3.74,"ay":1.83,"az":9.79,"ax":1.13,"pz":10.12,"vy":3.74,"px":552722.01,"py":4182898.62},{"vx":4.07,"ay":0.69,"az":9.82,"ax":0.35,"pz":10.12,"vy":4.07,"px":552717.47,"py":4182901.24},{"vx":4.08,"ay":0.23,"az":9.81,"ax":0.15,"pz":10.12,"vy":4.08,"px":552712.76,"py":4182904},{"vx":4.27,"ay":0.19,"az":9.81,"ax":0.09,"pz":10.12,"vy":4.27,"px":552708.9,"py":4182906.18},{"vx":4.09,"ay":0.21,"az":9.82,"ax":0.07,"pz":10.12,"vy":4.09,"px":552705.93,"py":4182907.9},{"vx":3.92,"ay":0.21,"az":9.79,"ax":0.09,"pz":10.12,"vy":3.92,"px":552700.9,"py":4182910.74},{"vx":4.03,"ay":0.2,"az":9.81,"ax":0.11,"pz":10.12,"vy":4.03,"px":552695.96,"py":4182913.6}],"traffic_light":[3,0,3,1,3,3],"state_arr":[{"acceleration":0.6,"throttle":15.7,"steering_target":0.29,"brake":0,"steering_rate":100,"speed":7.91},{"acceleration":0.23,"throttle":15.7,"steering_target":3.74,"brake":0,"steering_rate":100,"speed":8.24},{"acceleration":0.18,"throttle":15.7,"steering_target":-1.98,"brake":0,"steering_rate":100,"speed":8.39},{"acceleration":0.09,"throttle":15.7,"steering_target":1.94,"brake":0,"steering_rate":100,"speed":8.49},{"acceleration":-0.84,"throttle":0,"steering_target":-1.85,"brake":16.1,"steering_rate":100,"speed":8.37},{"acceleration":0.4,"throttle":17.78,"steering_target":0.15,"brake":0,"steering_rate":100,"speed":7.83},{"acceleration":0.18,"throttle":15.7,"steering_target":-0.8,"brake":0,"steering_rate":100,"speed":7.99}],"obstacle_arr":[[{"acceleration":{"y":0.35,"x":-0.59,"z":0},"position":{"y":4182875.22,"x":552740.54,"z":10.56},"volume":2.72,"type":"VEHICLE","velocity":{"y":0.06,"x":-0.1,"z":0}},{"acceleration":{"y":0,"x":0,"z":0},"position":{"y":4182891.39,"x":552729.18,"z":10.23},"volume":0.17,"type":"PEDESTRIAN","velocity":{"y":0,"x":0,"z":0}},{"acceleration":{"y":0,"x":0,"z":0},"position":{"y":4182890.4,"x":552707.86,"z":10.26},"volume":1.28,"type":"VEHICLE","velocity":{"y":0,"x":0,"z":0}}],[{"acceleration":{"y":0.58,"x":-0.92,"z":0},"position":{"y":4182881.99,"x":552733.18,"z":10.29},"volume":5.44,"type":"VEHICLE","velocity":{"y":0.43,"x":-0.68,"z":0}},{"acceleration":{"y":0.06,"x":0.17,"z":0},"position":{"y":4182891.48,"x":552730.65,"z":10.74},"volume":0.06,"type":"PEDESTRIAN","velocity":{"y":0,"x":0,"z":0}}],[{"acceleration":{"y":1.38,"x":-2.12,"z":0},"position":{"y":4182886.57,"x":552724.97,"z":10.3},"volume":4.67,"type":"VEHICLE","velocity":{"y":1.18,"x":-1.88,"z":0}}],[{"acceleration":{"y":2.31,"x":-3.15,"z":0},"position":{"y":4182892.27,"x":552716.85,"z":10.46},"volume":6.13,"type":"VEHICLE","velocity":{"y":2.58,"x":-3.85,"z":0}},{"acceleration":{"y":0,"x":0.02,"z":0},"position":{"y":4182907.46,"x":552705.12,"z":10.86},"volume":0.03,"type":"PEDESTRIAN","velocity":{"y":0,"x":0.67,"z":0}}],[{"acceleration":{"y":2.74,"x":-3.74,"z":0},"position":{"y":4182898.67,"x":552707.47,"z":10.43},"volume":6.59,"type":"VEHICLE","velocity":{"y":4.82,"x":-6.86,"z":0}}],[{"acceleration":{"y":2.58,"x":-3.7,"z":0},"position":{"y":4182905.22,"x":552698.14,"z":10.44},"volume":6.35,"type":"VEHICLE","velocity":{"y":7.1,"x":-10.11,"z":0}}],[{"acceleration":{"y":2.19,"x":-3.2,"z":0},"position":{"y":4182911.16,"x":552689.52,"z":10.42},"volume":5.83,"type":"VEHICLE","velocity":{"y":9.27,"x":-13.23,"z":0}}]],"action_description":"Pedestrian crossing the road (left to right)","ev_state":[-180.295181274414,10.1238708496094,428.8994140625,0,0,0,12,1,359.984802246094,300.245635986328,0.0196841135621071,8.045096935517199],"collision_probability":1}
 timestamp= 1619806171000 [RUN] Validate G1 Guard Condition: 
The ego vehicle E Detection.Collision == True.
 timestamp= 1619806171000 [RES] Global Validate result: 
true
 timestamp= 1619806171000 [RUN] Collision == True
 timestamp= 1619806171000 [RUN] Validate G2 Guard Condition: 
The ego vehicle E Detection.OffRoad == True.
 timestamp= 1619806171000 [RES] Global Validate result: 
false
 timestamp= 1619806171000 [RUN] Validate G3 Guard Condition: 
The ego vehicle E Detection.HardBrake == True.
 timestamp= 1619806171000 [RES] Global Validate result: 
false
 timestamp= 1619806171000 [RUN] Validate G4 Guard Condition: 
The ego vehicle E Detection.ArrivalTest == True.
 timestamp= 1619806171000 [RES] Global Validate result: 
false
 timestamp= 1619806171000 [RUN] Validate step: 
The test system VALIDATES THAT the Apollo A Status.GetControl is nearly equal to {"acceleration": 0.18, "throttle": 15.7, "steering_target": -0.8, "brake": 0.0, "steering_rate": 100.0, "speed": 7.99}
 timestamp= 1619806171000 [RES] Validate result: 
true
 timestamp= 1619806171000 [RUN] Generate steps
 timestamp= 1619806171000 [RUN] Validate step: 
The test system VALIDATES THAT the simulator S Status.GetEnvironment is nearly equal to {"x": -180.3, "y": 10.12, "z": 428.9, "rain": 0.0, "fog": 0.0, "wetness": 0.0, "timeofday": 12.0, "signal": 1.0, "rx": 359.98, "ry": 300.25, "rz": 0.02, "speed": 8.05}
 timestamp= 1619806171000 [RES] Validate result: 
true
 timestamp= 1619806171000 [RUN] Execute API step: 
The environment controller C INVOKES API Control.Agents.Pedestrians.WalkRandomly(which_lane=Left_Lane).
 timestamp= 1619806175000 [RES] API result: 
{"pose_arr":[{"vx":4.19,"ay":0.68,"az":9.8,"ax":0.4,"pz":10.12,"vy":4.19,"px":552692.99,"py":4182915.33},{"vx":4.16,"ay":-1.67,"az":9.86,"ax":-1.01,"pz":10.12,"vy":4.16,"px":552688.65,"py":4182917.9},{"vx":3.15,"ay":-1.46,"az":9.8,"ax":-0.8,"pz":10.13,"vy":3.15,"px":552684.77,"py":4182920.19},{"vx":3.01,"ay":-0.98,"az":9.8,"ax":-1.14,"pz":10.13,"vy":3.01,"px":552681.79,"py":4182921.78},{"vx":2.58,"ay":-0.63,"az":9.8,"ax":-0.17,"pz":10.13,"vy":2.58,"px":552678.85,"py":4182923.39},{"vx":2.38,"ay":-0.48,"az":9.8,"ax":-0.26,"pz":10.13,"vy":2.38,"px":552675.84,"py":4182924.99},{"vx":2.05,"ay":-1.01,"az":9.81,"ax":-0.54,"pz":10.13,"vy":2.05,"px":552673.17,"py":4182926.41}],"traffic_light":[3,3,3,3,3,3],"state_arr":[{"acceleration":0.87,"throttle":24.64,"steering_target":-0.79,"brake":0,"steering_rate":100,"speed":8.13},{"acceleration":-1.21,"throttle":0,"steering_target":-1.51,"brake":30.1,"steering_rate":100,"speed":8.25},{"acceleration":-1.81,"throttle":0,"steering_target":7.95,"brake":27.75,"steering_rate":100,"speed":7.27},{"acceleration":-1.73,"throttle":0,"steering_target":-3.27,"brake":26.57,"steering_rate":100,"speed":6.61},{"acceleration":-0.5,"throttle":0,"steering_target":2.38,"brake":14.5,"steering_rate":100,"speed":5.79},{"acceleration":-0.84,"throttle":0,"steering_target":-0.68,"brake":40.4,"steering_rate":100,"speed":5.22},{"acceleration":-1.14,"throttle":0,"steering_target":0.22,"brake":21.85,"steering_rate":100,"speed":4.85},{"acceleration":-1.67,"throttle":0,"steering_target":0.14,"brake":27.57,"steering_rate":100,"speed":4.19}],"obstacle_arr":[[{"acceleration":{"y":1.74,"x":-2.75,"z":0},"position":{"y":4182915.31,"x":552683.43,"z":10.4},"volume":6.2,"type":"VEHICLE","velocity":{"y":10.51,"x":-15.17,"z":0}},{"acceleration":{"y":0,"x":0,"z":0},"position":{"y":4182910.69,"x":552700.57,"z":10.53},"volume":0.19,"type":"PEDESTRIAN","velocity":{"y":0,"x":0,"z":0}}],[{"acceleration":{"y":1.41,"x":-2.06,"z":0},"position":{"y":4182920.62,"x":552676.14,"z":10.4},"volume":5.72,"type":"VEHICLE","velocity":{"y":11.43,"x":-16.62,"z":0}},{"acceleration":{"y":0,"x":0,"z":0},"position":{"y":4182911.2,"x":552700.8,"z":10.62},"volume":0.01,"type":"PEDESTRIAN","velocity":{"y":0,"x":0,"z":0}}],[{"acceleration":{"y":0.51,"x":-1.09,"z":0},"position":{"y":4182924,"x":552668.52,"z":10.46},"volume":4.47,"type":"VEHICLE","velocity":{"y":11.74,"x":-17.37,"z":0}},{"acceleration":{"y":0,"x":0,"z":0},"position":{"y":4182921.72,"x":552676.68,"z":10.48},"volume":0.23,"type":"PEDESTRIAN","velocity":{"y":0,"x":0,"z":0}}],[{"acceleration":{"y":0.18,"x":-0.47,"z":0},"position":{"y":4182926.74,"x":552663.62,"z":10.53},"volume":4.18,"type":"VEHICLE","velocity":{"y":11.1,"x":-16.78,"z":0}},{"acceleration":{"y":0,"x":0,"z":0},"position":{"y":4182921.74,"x":552677.07,"z":10.43},"volume":0.22,"type":"PEDESTRIAN","velocity":{"y":0,"x":0,"z":0}}],[{"acceleration":{"y":0.04,"x":-0.13,"z":0},"position":{"y":4182930.3,"x":552658.7,"z":10.47},"volume":3.86,"type":"VEHICLE","velocity":{"y":10.39,"x":-15.85,"z":0}},{"acceleration":{"y":0,"x":0,"z":0},"position":{"y":4182921.5,"x":552677.79,"z":10.96},"volume":0.09,"type":"PEDESTRIAN","velocity":{"y":0,"x":0,"z":0}}],[{"acceleration":{"y":0.3,"x":-0.35,"z":0},"position":{"y":4182934.55,"x":552653.7,"z":10.47},"volume":3.81,"type":"VEHICLE","velocity":{"y":9.84,"x":-14.97,"z":0}}],[{"acceleration":{"y":0.55,"x":-0.57,"z":0},"position":{"y":4182938.55,"x":552649.02,"z":10.68},"volume":2.34,"type":"VEHICLE","velocity":{"y":9.85,"x":-14.72,"z":0}},{"acceleration":{"y":-0.23,"x":0.58,"z":0},"position":{"y":4182921.35,"x":552678.87,"z":10.54},"volume":0.22,"type":"PEDESTRIAN","velocity":{"y":-0.12,"x":0.62,"z":0}}]],"action_description":"Pedestrian crossing the road (left to right)","ev_state":[-202.531997680664,10.1245632171631,441.303375244141,0,0,0,12,1,0.0737175717949867,297.966094970703,-0.00473495898768306,4.193516968164239],"collision_probability":0.403}
 timestamp= 1619806175000 [RUN] Validate G1 Guard Condition: 
The ego vehicle E Detection.Collision == True.
 timestamp= 1619806175000 [RES] Global Validate result: 
false
 timestamp= 1619806175000 [RUN] Validate G2 Guard Condition: 
The ego vehicle E Detection.OffRoad == True.
 timestamp= 1619806175000 [RES] Global Validate result: 
false
 timestamp= 1619806175000 [RUN] Validate G3 Guard Condition: 
The ego vehicle E Detection.HardBrake == True.
 timestamp= 1619806175000 [RES] Global Validate result: 
false
 timestamp= 1619806175000 [RUN] Validate G4 Guard Condition: 
The ego vehicle E Detection.ArrivalTest == True.
 timestamp= 1619806175000 [RES] Global Validate result: 
false
 timestamp= 1619806175000 [RUN] Validate step: 
The test system VALIDATES THAT the Apollo A Status.GetControl is nearly equal to {"acceleration": -1.67, "throttle": 0.0, "steering_target": 0.14, "brake": 27.57, "steering_rate": 100.0, "speed": 4.19}
 timestamp= 1619806175000 [RES] Validate result: 
true
 timestamp= 1619806175000 [RUN] Generate steps
 timestamp= 1619806175000 [RUN] Validate step: 
The test system VALIDATES THAT the simulator S Status.GetEnvironment is nearly equal to {"x": -202.53, "y": 10.12, "z": 441.3, "rain": 0.0, "fog": 0.0, "wetness": 0.0, "timeofday": 12.0, "signal": 1.0, "rx": 0.07, "ry": 297.97, "rz": -0.0, "speed": 4.19}
 timestamp= 1619806175000 [RES] Validate result: 
true
 timestamp= 1619806175000 [RUN] Execute API step: 
The environment controller C INVOKES API Control.Agents.Pedestrians.WalkRandomly(which_lane=Left_Lane).
 timestamp= 1619806178000 [RES] API result: 
{"pose_arr":[{"vx":1.71,"ay":-1.8,"az":9.81,"ax":-0.96,"pz":10.13,"vy":1.71,"px":552671.69,"py":4182927.2},{"vx":1.34,"ay":-1.1,"az":9.81,"ax":-0.58,"pz":10.13,"vy":1.34,"px":552670.04,"py":4182928.07},{"vx":1.14,"ay":-0.44,"az":9.81,"ax":-0.23,"pz":10.13,"vy":1.14,"px":552668.66,"py":4182928.81},{"vx":1.54,"ay":2.18,"az":9.8,"ax":1.17,"pz":10.12,"vy":1.54,"px":552667.49,"py":4182929.43},{"vx":1.97,"ay":0.34,"az":9.83,"ax":0.19,"pz":10.12,"vy":1.97,"px":552665.66,"py":4182930.41},{"vx":2.06,"ay":0.53,"az":9.81,"ax":0.3,"pz":10.12,"vy":2.06,"px":552663.54,"py":4182931.55},{"vx":2.23,"ay":-0.47,"az":9.83,"ax":-0.26,"pz":10.12,"vy":2.23,"px":552661.01,"py":4182932.94}],"traffic_light":[3,3,3,3,3,3,3],"state_arr":[{"acceleration":-1.7,"throttle":0,"steering_target":-0.1,"brake":27.79,"steering_rate":100,"speed":3.44},{"acceleration":-1.01,"throttle":0,"steering_target":-0.24,"brake":20.65,"steering_rate":100,"speed":2.97},{"acceleration":0.07,"throttle":15.7,"steering_target":-0.36,"brake":0,"steering_rate":100,"speed":2.43},{"acceleration":0.44,"throttle":17.74,"steering_target":-0.47,"brake":0,"steering_rate":100,"speed":3.25},{"acceleration":-0.05,"throttle":0,"steering_target":-0.65,"brake":14.5,"steering_rate":100,"speed":4.14},{"acceleration":0.04,"throttle":18.85,"steering_target":-0.85,"brake":0,"steering_rate":100,"speed":4.28},{"acceleration":-0.25,"throttle":0,"steering_target":-0.92,"brake":14.5,"steering_rate":100,"speed":4.71},{"acceleration":0,"throttle":0,"steering_target":-0.97,"brake":14.5,"steering_rate":100,"speed":4.44}],"obstacle_arr":[[{"acceleration":{"y":0.61,"x":-0.77,"z":0},"position":{"y":4182941.63,"x":552645.02,"z":10.57},"volume":0.75,"type":"VEHICLE","velocity":{"y":9.99,"x":-14.71,"z":0}},{"acceleration":{"y":-0.12,"x":0.33,"z":0},"position":{"y":4182921.45,"x":552679.02,"z":10.47},"volume":0.27,"type":"PEDESTRIAN","velocity":{"y":-0.17,"x":0.67,"z":0}}],[{"acceleration":{"y":-0.32,"x":0.61,"z":0},"position":{"y":4182921.35,"x":552679.7,"z":10.53},"volume":0.16,"type":"PEDESTRIAN","velocity":{"y":-0.3,"x":0.96,"z":0}}],[{"acceleration":{"y":0.51,"x":-0.15,"z":0},"position":{"y":4182921.43,"x":552680.1,"z":10.88},"volume":0.01,"type":"PEDESTRIAN","velocity":{"y":-0.15,"x":0.86,"z":0}}],[{"acceleration":{"y":-0.02,"x":0.02,"z":0},"position":{"y":4182931.1,"x":552653.99,"z":10.47},"volume":0.07,"type":"PEDESTRIAN","velocity":{"y":-0.75,"x":0.46,"z":0}}],[{"acceleration":{"y":0.02,"x":0.27,"z":0},"position":{"y":4182930.65,"x":552654.52,"z":10.6},"volume":0.1,"type":"PEDESTRIAN","velocity":{"y":-0.81,"x":0.97,"z":0}}],[{"acceleration":{"y":-0.2,"x":0.21,"z":0},"position":{"y":4182930.42,"x":552654.29,"z":10.41},"volume":0.17,"type":"PEDESTRIAN","velocity":{"y":-0.85,"x":0.93,"z":0}}],[{"acceleration":{"y":0.4,"x":-0.63,"z":0},"position":{"y":4182930.04,"x":552654.63,"z":10.48},"volume":0.15,"type":"PEDESTRIAN","velocity":{"y":-0.61,"x":0.56,"z":0}}]],"action_description":"Pedestrian crossing the road (left to right)","ev_state":[-215.335693359375,10.1245174407959,448.225982666016,0,0,0,12,1,0.0269000567495823,299.033020019531,0.0124864084646106,4.442161807943523],"collision_probability":0}
 timestamp= 1619806178000 [RUN] Validate G1 Guard Condition: 
The ego vehicle E Detection.Collision == True.
 timestamp= 1619806178000 [RES] Global Validate result: 
false
 timestamp= 1619806178000 [RUN] Validate G2 Guard Condition: 
The ego vehicle E Detection.OffRoad == True.
 timestamp= 1619806178000 [RES] Global Validate result: 
false
 timestamp= 1619806178000 [RUN] Validate G3 Guard Condition: 
The ego vehicle E Detection.HardBrake == True.
 timestamp= 1619806178000 [RES] Global Validate result: 
false
 timestamp= 1619806178000 [RUN] Validate G4 Guard Condition: 
The ego vehicle E Detection.ArrivalTest == True.
 timestamp= 1619806178000 [RES] Global Validate result: 
false
 timestamp= 1619806178000 [RUN] Validate step: 
The test system VALIDATES THAT the Apollo A Status.GetControl is nearly equal to {"acceleration": -0.0, "throttle": 0.0, "steering_target": -0.97, "brake": 14.5, "steering_rate": 100.0, "speed": 4.44}
 timestamp= 1619806178000 [RES] Validate result: 
true
 timestamp= 1619806178000 [RUN] Generate steps
 timestamp= 1619806178000 [RUN] Validate step: 
The test system VALIDATES THAT the simulator S Status.GetEnvironment is nearly equal to {"x": -215.34, "y": 10.12, "z": 448.23, "rain": 0.0, "fog": 0.0, "wetness": 0.0, "timeofday": 12.0, "signal": 1.0, "rx": 0.03, "ry": 299.03, "rz": 0.01, "speed": 4.44}
 timestamp= 1619806179000 [RES] Validate result: 
true
 timestamp= 1619806179000 [RUN] Execute API step: 
The environment controller C INVOKES API Control.Agents.Pedestrians.WalkRandomly(which_lane=Left_Lane).
 timestamp= 1619806183000 [RES] API result: 
{"pose_arr":[{"vx":2.32,"ay":3.07,"az":9.75,"ax":1.72,"pz":10.12,"vy":2.32,"px":552659.33,"py":4182933.87},{"vx":2.41,"ay":-0.48,"az":9.82,"ax":-0.24,"pz":10.12,"vy":2.41,"px":552656.91,"py":4182935.23},{"vx":2.23,"ay":-0.82,"az":9.81,"ax":-0.48,"pz":10.13,"vy":2.23,"px":552654.59,"py":4182936.55},{"vx":2.2,"ay":2.88,"az":9.75,"ax":1.7,"pz":10.12,"vy":2.2,"px":552652.45,"py":4182937.8},{"vx":2.06,"ay":-1.74,"az":9.84,"ax":-1.04,"pz":10.13,"vy":2.06,"px":552650.59,"py":4182938.89},{"vx":1.83,"ay":-0.49,"az":9.81,"ax":-0.3,"pz":10.13,"vy":1.83,"px":552648.67,"py":4182940.04},{"vx":1.71,"ay":-0.43,"az":9.81,"ax":-0.26,"pz":10.13,"vy":1.71,"px":552647.18,"py":4182940.94},{"vx":1.59,"ay":-0.51,"az":9.81,"ax":-0.31,"pz":10.13,"vy":1.59,"px":552646.09,"py":4182941.6}],"traffic_light":[3,0,3,3,3,3],"state_arr":[{"acceleration":-0.53,"throttle":0,"steering_target":-0.98,"brake":14.5,"steering_rate":100,"speed":4.97},{"acceleration":-0.75,"throttle":0,"steering_target":-1.6,"brake":16.94,"steering_rate":100,"speed":4.71},{"acceleration":0.03,"throttle":15.7,"steering_target":-1.06,"brake":0,"steering_rate":100,"speed":3.98},{"acceleration":-0.47,"throttle":0,"steering_target":-1.01,"brake":14.5,"steering_rate":100,"speed":4.37},{"acceleration":-0.58,"throttle":0,"steering_target":-0.98,"brake":14.61,"steering_rate":100,"speed":3.83},{"acceleration":-0.57,"throttle":0,"steering_target":-0.86,"brake":14.5,"steering_rate":100,"speed":3.54},{"acceleration":-0.57,"throttle":0,"steering_target":-0.75,"brake":14.5,"steering_rate":100,"speed":3.28},{"acceleration":-0.51,"throttle":0,"steering_target":-0.7,"brake":14.5,"steering_rate":100,"speed":2.97}],"obstacle_arr":[[{"acceleration":{"y":0.08,"x":-0.1,"z":0},"position":{"y":4182929.5,"x":552655.12,"z":10.42},"volume":0.17,"type":"PEDESTRIAN","velocity":{"y":-0.61,"x":0.56,"z":0}}],[{"acceleration":{"y":0.09,"x":-0.56,"z":0},"position":{"y":4182929.3,"x":552655,"z":10.51},"volume":0.18,"type":"PEDESTRIAN","velocity":{"y":-0.53,"x":0.14,"z":0}},{"acceleration":{"y":0.01,"x":-0.02,"z":0},"position":{"y":4182951.14,"x":552630.47,"z":10.63},"volume":0.2,"type":"VEHICLE","velocity":{"y":0.72,"x":-1.33,"z":0}},{"acceleration":{"y":0.01,"x":-0.01,"z":0},"position":{"y":4182921.89,"x":552680.96,"z":10.52},"volume":6.39,"type":"VEHICLE","velocity":{"y":0.04,"x":-0.06,"z":0}}],[{"acceleration":{"y":-0.07,"x":0.58,"z":0},"position":{"y":4182928.96,"x":552655.21,"z":10.51},"volume":0.11,"type":"PEDESTRIAN","velocity":{"y":-0.66,"x":0.59,"z":0}},{"acceleration":{"y":0.03,"x":-0.04,"z":0},"position":{"y":4182928.08,"x":552671.56,"z":10.4},"volume":6,"type":"VEHICLE","velocity":{"y":7.82,"x":-10.58,"z":0}}],[{"acceleration":{"y":0.22,"x":-1.09,"z":0},"position":{"y":4182933.2,"x":552664.15,"z":10.59},"volume":4.88,"type":"VEHICLE","velocity":{"y":8.05,"x":-11.66,"z":0}},{"acceleration":{"y":0,"x":0,"z":0},"position":{"y":4182951.64,"x":552629.88,"z":10.81},"volume":1.28,"type":"VEHICLE","velocity":{"y":0,"x":0,"z":0}}],[{"acceleration":{"y":-0.16,"x":0.27,"z":0},"position":{"y":4182928,"x":552656.13,"z":10.54},"volume":0.04,"type":"PEDESTRIAN","velocity":{"y":-0.98,"x":1.15,"z":0}},{"acceleration":{"y":0.63,"x":-0.69,"z":0},"position":{"y":4182938.51,"x":552656.38,"z":10.41},"volume":10.68,"type":"VEHICLE","velocity":{"y":8.67,"x":-12.3,"z":0}},{"acceleration":{"y":0,"x":0,"z":0},"position":{"y":4182951.18,"x":552630.69,"z":10.48},"volume":0.82,"type":"VEHICLE","velocity":{"y":0,"x":0,"z":0}},{"acceleration":{"y":-0.01,"x":0.01,"z":0},"position":{"y":4182938.18,"x":552640.09,"z":10.51},"volume":0.04,"type":"PEDESTRIAN","velocity":{"y":-0.22,"x":0.32,"z":0}}],[{"acceleration":{"y":0.03,"x":-0.79,"z":0},"position":{"y":4182945.18,"x":552646.34,"z":10.41},"volume":9.86,"type":"VEHICLE","velocity":{"y":8.91,"x":-12.74,"z":0}},{"acceleration":{"y":-0.2,"x":0.24,"z":0},"position":{"y":4182937.61,"x":552640.39,"z":10.44},"volume":0.15,"type":"PEDESTRIAN","velocity":{"y":-0.4,"x":0.54,"z":0}}],[{"acceleration":{"y":0.01,"x":-0.8,"z":0},"position":{"y":4182950.7,"x":552638.12,"z":10.49},"volume":7.16,"type":"VEHICLE","velocity":{"y":8.99,"x":-13.28,"z":0}},{"acceleration":{"y":0,"x":0,"z":0},"position":{"y":4182951.69,"x":552629.77,"z":10.82},"volume":1.48,"type":"VEHICLE","velocity":{"y":0,"x":0,"z":0}},{"acceleration":{"y":-0.12,"x":0.3,"z":0},"position":{"y":4182937.48,"x":552640.77,"z":10.38},"volume":0.13,"type":"PEDESTRIAN","velocity":{"y":-0.32,"x":0.56,"z":0}}],[{"acceleration":{"y":0.18,"x":-0.26,"z":0},"position":{"y":4182952.58,"x":552635.47,"z":10.45},"volume":7.98,"type":"VEHICLE","velocity":{"y":9.02,"x":-13.57,"z":0}},{"acceleration":{"y":0,"x":0,"z":0},"position":{"y":4182951.18,"x":552630.76,"z":10.49},"volume":0.33,"type":"VEHICLE","velocity":{"y":0,"x":0,"z":0}},{"acceleration":{"y":0.56,"x":-0.91,"z":0},"position":{"y":4182937.21,"x":552640.9,"z":10.13},"volume":0.4,"type":"PEDESTRIAN","velocity":{"y":0,"x":0,"z":0}}]],"action_description":"Pedestrian crossing the road (left to right)","ev_state":[-229.339950561523,10.1246824264526,456.463653564453,0,0,0,12,0,0.0351289473474026,301.363189697266,0.00405445322394371,2.9733517346124234],"collision_probability":0}
 timestamp= 1619806183000 [RUN] Validate G1 Guard Condition: 
The ego vehicle E Detection.Collision == True.
 timestamp= 1619806183000 [RES] Global Validate result: 
false
 timestamp= 1619806183000 [RUN] Validate G2 Guard Condition: 
The ego vehicle E Detection.OffRoad == True.
 timestamp= 1619806183000 [RES] Global Validate result: 
false
 timestamp= 1619806183000 [RUN] Validate G3 Guard Condition: 
The ego vehicle E Detection.HardBrake == True.
 timestamp= 1619806183000 [RES] Global Validate result: 
false
 timestamp= 1619806183000 [RUN] Validate G4 Guard Condition: 
The ego vehicle E Detection.ArrivalTest == True.
 timestamp= 1619806183000 [RES] Global Validate result: 
false
 timestamp= 1619806183000 [RUN] Validate step: 
The test system VALIDATES THAT the Apollo A Status.GetControl is nearly equal to {"acceleration": -0.51, "throttle": 0.0, "steering_target": -0.7, "brake": 14.5, "steering_rate": 100.0, "speed": 2.97}
 timestamp= 1619806183000 [RES] Validate result: 
true
 timestamp= 1619806183000 [RUN] Generate steps
 timestamp= 1619806183000 [RUN] Validate step: 
The test system VALIDATES THAT the simulator S Status.GetEnvironment is nearly equal to {"x": -229.34, "y": 10.12, "z": 456.46, "rain": 0.0, "fog": 0.0, "wetness": 0.0, "timeofday": 12.0, "signal": 0.0, "rx": 0.04, "ry": 301.36, "rz": 0.0, "speed": 2.97}
 timestamp= 1619806183000 [RES] Validate result: 
true
 timestamp= 1619806183000 [RUN] Execute API step: 
The environment controller C INVOKES API Control.Weather.Rain(rain_level=Heavy).
 timestamp= 1619806187000 [RES] API result: 
{"pose_arr":[{"vx":1.44,"ay":-0.49,"az":9.81,"ax":-0.3,"pz":10.13,"vy":1.44,"px":552644.79,"py":4182942.39},{"vx":1.25,"ay":-0.51,"az":9.81,"ax":-0.31,"pz":10.13,"vy":1.25,"px":552643.54,"py":4182943.16},{"vx":1.1,"ay":-0.5,"az":9.81,"ax":-0.31,"pz":10.13,"vy":1.1,"px":552642.6,"py":4182943.74},{"vx":0.93,"ay":-0.47,"az":9.81,"ax":-0.29,"pz":10.13,"vy":0.93,"px":552641.74,"py":4182944.27},{"vx":0.78,"ay":0,"az":9.81,"ax":0,"pz":10.13,"vy":0.78,"px":552641.05,"py":4182944.7},{"vx":0.63,"ay":-0.4,"az":9.81,"ax":-0.25,"pz":10.13,"vy":0.63,"px":552640.33,"py":4182945.14},{"vx":0.7,"ay":1.74,"az":9.8,"ax":1.08,"pz":10.12,"vy":0.7,"px":552639.78,"py":4182945.48}],"traffic_light":[3,3,3,3,3,3,3],"state_arr":[{"acceleration":-0.64,"throttle":0,"steering_target":-0.65,"brake":15.96,"steering_rate":100,"speed":2.81},{"acceleration":-0.58,"throttle":0,"steering_target":-0.51,"brake":15.1,"steering_rate":100,"speed":2.46},{"acceleration":-0.65,"throttle":0,"steering_target":-0.46,"brake":16.3,"steering_rate":100,"speed":2.22},{"acceleration":-0.59,"throttle":0,"steering_target":-0.21,"brake":15.33,"steering_rate":100,"speed":1.85},{"acceleration":-0.62,"throttle":0,"steering_target":-0.28,"brake":15.96,"steering_rate":100,"speed":1.63},{"acceleration":-0.07,"throttle":0,"steering_target":-0.35,"brake":14.5,"steering_rate":100,"speed":1.31},{"acceleration":0.01,"throttle":45.7,"steering_target":-0.41,"brake":0,"steering_rate":100,"speed":1.08},{"acceleration":-0.09,"throttle":0,"steering_target":-0.39,"brake":14.5,"steering_rate":100,"speed":1.19}],"obstacle_arr":[[{"acceleration":{"y":-0.42,"x":0.39,"z":0},"position":{"y":4182954.34,"x":552632.8,"z":10.41},"volume":6.57,"type":"VEHICLE","velocity":{"y":8.88,"x":-13.53,"z":0}},{"acceleration":{"y":0,"x":0,"z":0},"position":{"y":4182951.21,"x":552630.58,"z":10.68},"volume":0.46,"type":"VEHICLE","velocity":{"y":0,"x":0,"z":0}},{"acceleration":{"y":-0.36,"x":0.45,"z":0},"position":{"y":4182936.89,"x":552641.23,"z":10.13},"volume":0.42,"type":"PEDESTRIAN","velocity":{"y":-0.19,"x":0.22,"z":0}}],[{"acceleration":{"y":-1.19,"x":1.91,"z":0},"position":{"y":4182954.73,"x":552632.4,"z":10.42},"volume":8.54,"type":"VEHICLE","velocity":{"y":8.31,"x":-12.61,"z":0}},{"acceleration":{"y":0,"x":0,"z":0},"position":{"y":4182951.21,"x":552630.65,"z":10.47},"volume":0.55,"type":"VEHICLE","velocity":{"y":0,"x":0,"z":0}},{"acceleration":{"y":-0.01,"x":0.11,"z":0},"position":{"y":4182936.6,"x":552641.73,"z":10.13},"volume":0.35,"type":"PEDESTRIAN","velocity":{"y":-0.28,"x":0.44,"z":0}}],[{"acceleration":{"y":-1.92,"x":2.82,"z":0},"position":{"y":4182954.55,"x":552632.56,"z":10.62},"volume":5.2,"type":"VEHICLE","velocity":{"y":7.08,"x":-10.72,"z":0}},{"acceleration":{"y":0,"x":0,"z":0},"position":{"y":4182951.46,"x":552630.17,"z":10.62},"volume":1.45,"type":"VEHICLE","velocity":{"y":0,"x":0,"z":0}},{"acceleration":{"y":-0.41,"x":0.61,"z":0},"position":{"y":4182936.5,"x":552641.92,"z":10.13},"volume":0.15,"type":"PEDESTRIAN","velocity":{"y":-0.53,"x":0.82,"z":0}},{"acceleration":{"y":0,"x":0,"z":0},"position":{"y":4182964.62,"x":552651.02,"z":10.57},"volume":126.94,"type":"UNKNOWN","velocity":{"y":0,"x":0,"z":0}}],[{"acceleration":{"y":-0.75,"x":1.06,"z":0},"position":{"y":4182955.17,"x":552631.61,"z":10.4},"volume":7.94,"type":"VEHICLE","velocity":{"y":0,"x":0,"z":0}},{"acceleration":{"y":0,"x":0,"z":0},"position":{"y":4182951.6,"x":552630.18,"z":10.49},"volume":0.52,"type":"VEHICLE","velocity":{"y":0,"x":0,"z":0}},{"acceleration":{"y":0.01,"x":0.28,"z":0},"position":{"y":4182936.01,"x":552642.43,"z":10.13},"volume":0.45,"type":"PEDESTRIAN","velocity":{"y":-0.75,"x":1.15,"z":0}}],[{"acceleration":{"y":-0.02,"x":0.02,"z":0},"position":{"y":4182956.27,"x":552629.85,"z":10.26},"volume":9.13,"type":"VEHICLE","velocity":{"y":0,"x":0,"z":0}},{"acceleration":{"y":0.86,"x":-1.48,"z":0},"position":{"y":4182953.29,"x":552627.24,"z":10.6},"volume":3.82,"type":"VEHICLE","velocity":{"y":0.58,"x":-1.01,"z":0}},{"acceleration":{"y":-0.04,"x":0.07,"z":0},"position":{"y":4182935.67,"x":552643,"z":10.16},"volume":0.2,"type":"PEDESTRIAN","velocity":{"y":-0.78,"x":1.17,"z":0}}],[{"acceleration":{"y":0,"x":0,"z":0},"position":{"y":4182958.1,"x":552626.6,"z":10.12},"volume":9.21,"type":"VEHICLE","velocity":{"y":0,"x":0,"z":0}},{"acceleration":{"y":1.52,"x":-1.88,"z":0},"position":{"y":4182954.72,"x":552625.07,"z":10.12},"volume":1.48,"type":"VEHICLE","velocity":{"y":1.59,"x":-2.23,"z":0}},{"acceleration":{"y":0.21,"x":-0.33,"z":0},"position":{"y":4182935.26,"x":552643.41,"z":10.18},"volume":0.31,"type":"PEDESTRIAN","velocity":{"y":-0.73,"x":1.01,"z":0}}],[{"acceleration":{"y":0.43,"x":-1.31,"z":0},"position":{"y":4182960.89,"x":552619.79,"z":10.28},"volume":8.9,"type":"VEHICLE","velocity":{"y":0.21,"x":-0.49,"z":0}},{"acceleration":{"y":0.26,"x":-4.49,"z":0},"position":{"y":4182957.5,"x":552617.66,"z":10.3},"volume":6.4,"type":"VEHICLE","velocity":{"y":2.19,"x":-4.52,"z":0}},{"acceleration":{"y":0.08,"x":-0.05,"z":0},"position":{"y":4182935.07,"x":552643.83,"z":10.34},"volume":0.09,"type":"PEDESTRIAN","velocity":{"y":-0.7,"x":0.94,"z":0}}]],"action_description":"Heavy rain","ev_state":[-235.657684326172,10.12477684021,460.368499755859,1,0,1,12,-1,0.00156114366836846,301.833068847656,0.000335521996021271,1.1908396724390982],"collision_probability":0}
 timestamp= 1619806187000 [RUN] Validate G1 Guard Condition: 
The ego vehicle E Detection.Collision == True.
 timestamp= 1619806187000 [RES] Global Validate result: 
false
 timestamp= 1619806187000 [RUN] Validate G2 Guard Condition: 
The ego vehicle E Detection.OffRoad == True.
 timestamp= 1619806187000 [RES] Global Validate result: 
false
 timestamp= 1619806187000 [RUN] Validate G3 Guard Condition: 
The ego vehicle E Detection.HardBrake == True.
 timestamp= 1619806187000 [RES] Global Validate result: 
false
 timestamp= 1619806187000 [RUN] Validate G4 Guard Condition: 
The ego vehicle E Detection.ArrivalTest == True.
 timestamp= 1619806187000 [RES] Global Validate result: 
false
 timestamp= 1619806187000 [RUN] Validate step: 
The test system VALIDATES THAT the Apollo A Status.GetControl is nearly equal to {"acceleration": -0.09, "throttle": 0.0, "steering_target": -0.39, "brake": 14.5, "steering_rate": 100.0, "speed": 1.19}
 timestamp= 1619806187000 [RES] Validate result: 
true
 timestamp= 1619806187000 [RUN] Generate steps
 timestamp= 1619806187000 [RUN] Validate step: 
The test system VALIDATES THAT the simulator S Status.GetEnvironment is nearly equal to {"x": -235.66, "y": 10.12, "z": 460.37, "rain": 1.0, "fog": 0.0, "wetness": 1.0, "timeofday": 12.0, "signal": -1.0, "rx": 0.0, "ry": 301.83, "rz": 0.0, "speed": 1.19}
 timestamp= 1619806187000 [RES] Validate result: 
true
 timestamp= 1619806187000 [RUN] Execute API step: 
The environment controller C INVOKES API Control.Agents.Pedestrians.WalkRandomly(which_lane=Left_Lane).
 timestamp= 1619806191000 [RES] API result: 
{"pose_arr":[{"vx":0.59,"ay":-0.4,"az":9.81,"ax":-0.25,"pz":10.13,"vy":0.59,"px":552639.31,"py":4182945.78},{"vx":0.45,"ay":-0.39,"az":9.81,"ax":-0.24,"pz":10.13,"vy":0.45,"px":552638.85,"py":4182946.06},{"vx":0.6,"ay":-0.4,"az":9.81,"ax":-0.25,"pz":10.12,"vy":0.6,"px":552638.26,"py":4182946.43},{"vx":0.48,"ay":-0.39,"az":9.81,"ax":-0.25,"pz":10.13,"vy":0.48,"px":552637.83,"py":4182946.7},{"vx":0.33,"ay":-0.39,"az":9.81,"ax":-0.24,"pz":10.13,"vy":0.33,"px":552637.42,"py":4182946.95},{"vx":0.54,"ay":1.88,"az":9.8,"ax":1.18,"pz":10.12,"vy":0.54,"px":552637.14,"py":4182947.13},{"vx":0.43,"ay":-0.39,"az":9.81,"ax":-0.25,"pz":10.13,"vy":0.43,"px":552636.78,"py":4182947.35},{"vx":0.3,"ay":-0.39,"az":9.81,"ax":-0.24,"pz":10.13,"vy":0.3,"px":552636.49,"py":4182947.54}],"traffic_light":[3,3,3,3,3,3,3],"state_arr":[{"acceleration":-0.06,"throttle":0,"steering_target":-0.4,"brake":14.5,"steering_rate":100,"speed":1.08},{"acceleration":0.02,"throttle":67.02,"steering_target":-0.4,"brake":0,"steering_rate":100,"speed":0.89},{"acceleration":-0.2,"throttle":0,"steering_target":-0.35,"brake":14.5,"steering_rate":100,"speed":1.18},{"acceleration":-0.15,"throttle":0,"steering_target":-0.34,"brake":14.5,"steering_rate":100,"speed":0.95},{"acceleration":-0.07,"throttle":0,"steering_target":-0.33,"brake":14.5,"steering_rate":100,"speed":0.72},{"acceleration":0.02,"throttle":50.46,"steering_target":-0.33,"brake":0,"steering_rate":100,"speed":0.55},{"acceleration":-0.23,"throttle":0,"steering_target":-0.27,"brake":14.5,"steering_rate":100,"speed":0.94},{"acceleration":-0.21,"throttle":0,"steering_target":-0.26,"brake":14.5,"steering_rate":100,"speed":0.73}],"obstacle_arr":[[{"acceleration":{"y":-0.38,"x":-2.5,"z":0},"position":{"y":4182960.69,"x":552615.31,"z":10.13},"volume":6.74,"type":"VEHICLE","velocity":{"y":0.19,"x":-1.44,"z":0}},{"acceleration":{"y":-3.34,"x":-4.71,"z":0},"position":{"y":4182956.3,"x":552613.33,"z":10.14},"volume":5.9,"type":"VEHICLE","velocity":{"y":1.22,"x":-6.82,"z":0}},{"acceleration":{"y":-0.22,"x":0.26,"z":0},"position":{"y":4182934.66,"x":552644.39,"z":10.12},"volume":0.29,"type":"PEDESTRIAN","velocity":{"y":-0.8,"x":1.07,"z":0}}],[{"acceleration":{"y":-1.58,"x":-2.99,"z":0},"position":{"y":4182958.92,"x":552611.14,"z":10.52},"volume":2.15,"type":"VEHICLE","velocity":{"y":-0.48,"x":-3.35,"z":0}},{"acceleration":{"y":-4.75,"x":-3.09,"z":0},"position":{"y":4182952.92,"x":552609.93,"z":10.59},"volume":2.5,"type":"VEHICLE","velocity":{"y":-1.72,"x":-9.39,"z":0}},{"acceleration":{"y":0.15,"x":-0.18,"z":0},"position":{"y":4182934.43,"x":552644.72,"z":10.64},"volume":0.02,"type":"PEDESTRIAN","velocity":{"y":-0.64,"x":0.86,"z":0}}],[{"acceleration":{"y":-2.46,"x":-2.67,"z":0},"position":{"y":4182955.91,"x":552607.43,"z":10.49},"volume":3.36,"type":"VEHICLE","velocity":{"y":-1.94,"x":-5.19,"z":0}},{"acceleration":{"y":-4.43,"x":-2.21,"z":0},"position":{"y":4182949.21,"x":552607.19,"z":10.56},"volume":3.15,"type":"VEHICLE","velocity":{"y":-4.85,"x":-10.97,"z":0}},{"acceleration":{"y":0.65,"x":0.15,"z":0},"position":{"y":4182934.39,"x":552645.05,"z":10.52},"volume":0,"type":"PEDESTRIAN","velocity":{"y":-0.15,"x":0.94,"z":0}}],[{"acceleration":{"y":-3.01,"x":-2.04,"z":0},"position":{"y":4182947.55,"x":552602.12,"z":11.03},"volume":0.06,"type":"VEHICLE","velocity":{"y":-3.95,"x":-6.7,"z":0}},{"acceleration":{"y":-3.39,"x":-1.52,"z":0},"position":{"y":4182943.16,"x":552603.56,"z":11.09},"volume":0.11,"type":"VEHICLE","velocity":{"y":-7.47,"x":-12.01,"z":0}}],[],[],[{"acceleration":{"y":0,"x":0,"z":0},"position":{"y":4182934.93,"x":552647.19,"z":10.6},"volume":0.03,"type":"PEDESTRIAN","velocity":{"y":0,"x":0,"z":0}}],[]],"action_description":"Pedestrian crossing the road (left to right)","ev_state":[-238.65266418457,10.1248159408569,462.238922119141,1,0,1,12,-1,0.0276864897459745,301.9970703125,-0.00000640830558040761,0.5560403512847913],"collision_probability":0}
 timestamp= 1619806191000 [RUN] Validate G1 Guard Condition: 
The ego vehicle E Detection.Collision == True.
 timestamp= 1619806191000 [RES] Global Validate result: 
false
 timestamp= 1619806191000 [RUN] Validate G2 Guard Condition: 
The ego vehicle E Detection.OffRoad == True.
 timestamp= 1619806191000 [RES] Global Validate result: 
false
 timestamp= 1619806191000 [RUN] Validate G3 Guard Condition: 
The ego vehicle E Detection.HardBrake == True.
 timestamp= 1619806191000 [RES] Global Validate result: 
false
 timestamp= 1619806191000 [RUN] Validate G4 Guard Condition: 
The ego vehicle E Detection.ArrivalTest == True.
 timestamp= 1619806191000 [RES] Global Validate result: 
true
 timestamp= 1619806191000 [RUN] ArrivalTest == True
 timestamp= 1619806191000 [RUN] The simulator S INVOKES API Command.Simulation.Stop() to stop simulation.
 timestamp= 1619806191000 [WARNING] The test system Stop the Simulator S!
 timestamp= 1619806191000 [RES] Basic PostCondition Validate result: 
true
 timestamp= 1619806191000 [STOP] numberOfStep: 43 basicFlow: 
[{"name":"","description":"","eClass":"Sentence","content":"The test system VALIDATES THAT the simulator S Status.GetEnvironment is nearly equal to {\"x\": -12.32, \"y\": 10.12, \"z\": 308.45, \"rain\": 0.0, \"fog\": 0.0, \"wetness\": 0.0, \"timeofday\": 12.0, \"signal\": -1.0, \"rx\": 359.93, \"ry\": 307.75, \"rz\": 359.99, \"speed\": 3.46}","natures":[]},{"name":"","description":"","eClass":"Sentence","content":"The environment controller C INVOKES API Control.Agents.NPCVehicle.NPCVehicleSwitchLane(which_lane=Current_Lane&which_car=Hatchback).","natures":[]},{"name":"","description":"","eClass":"Sentence","content":"The test system VALIDATES THAT the Apollo A Status.GetControl is nearly equal to {\"acceleration\": 0.74, \"throttle\": 76.29, \"steering_target\": 0.16, \"brake\": 0.0, \"steering_rate\": 100.0, \"speed\": 2.06}","natures":[]},{"name":"","description":"","eClass":"Sentence","content":"The test system VALIDATES THAT the simulator S Status.GetEnvironment is nearly equal to {\"x\": -23.27, \"y\": 10.12, \"z\": 316.76, \"rain\": 0.0, \"fog\": 0.0, \"wetness\": 0.0, \"timeofday\": 12.0, \"signal\": 1.0, \"rx\": 359.98, \"ry\": 307.0, \"rz\": -0.0, \"speed\": 2.07}","natures":[]},{"name":"","description":"","eClass":"Sentence","content":"The environment controller C INVOKES API Control.Agents.Pedestrians.WalkRandomly(which_lane=Left_Lane).","natures":[]},{"name":"","description":"","eClass":"Sentence","content":"The test system VALIDATES THAT the Apollo A Status.GetControl is nearly equal to {\"acceleration\": 1.1, \"throttle\": 15.7, \"steering_target\": -0.11, \"brake\": 0.0, \"steering_rate\": 100.0, \"speed\": 6.08}","natures":[]},{"name":"","description":"","eClass":"Sentence","content":"The test system VALIDATES THAT the simulator S Status.GetEnvironment is nearly equal to {\"x\": -38.71, \"y\": 10.12, \"z\": 328.37, \"rain\": 0.0, \"fog\": 0.0, \"wetness\": 0.0, \"timeofday\": 12.0, \"signal\": 0.0, \"rx\": 359.97, \"ry\": 306.88, \"rz\": 0.0, \"speed\": 6.08}","natures":[]},{"name":"","description":"","eClass":"Sentence","content":"The environment controller C INVOKES API Control.Agents.Pedestrians.WalkRandomly(which_lane=Left_Lane).","natures":[]},{"name":"","description":"","eClass":"Sentence","content":"The test system VALIDATES THAT the Apollo A Status.GetControl is nearly equal to {\"acceleration\": 1.37, \"throttle\": 31.06, \"steering_target\": -0.05, \"brake\": 0.0, \"steering_rate\": 100.0, \"speed\": 6.4}","natures":[]},{"name":"","description":"","eClass":"Sentence","content":"The test system VALIDATES THAT the simulator S Status.GetEnvironment is nearly equal to {\"x\": -60.56, \"y\": 10.12, \"z\": 344.89, \"rain\": 0.0, \"fog\": 0.0, \"wetness\": 0.0, \"timeofday\": 12.0, \"signal\": -1.0, \"rx\": 359.94, \"ry\": 307.26, \"rz\": 0.0, \"speed\": 6.75}","natures":[]},{"name":"","description":"","eClass":"Sentence","content":"The environment controller C INVOKES API Control.Agents.Pedestrians.WalkRandomly(which_lane=Left_Lane).","natures":[]},{"name":"","description":"","eClass":"Sentence","content":"The test system VALIDATES THAT the Apollo A Status.GetControl is nearly equal to {\"acceleration\": 0.63, \"throttle\": 15.7, \"steering_target\": 0.11, \"brake\": 0.0, \"steering_rate\": 100.0, \"speed\": 7.8}","natures":[]},{"name":"","description":"","eClass":"Sentence","content":"The test system VALIDATES THAT the simulator S Status.GetEnvironment is nearly equal to {\"x\": -85.11, \"y\": 10.12, \"z\": 363.46, \"rain\": 0.0, \"fog\": 0.0, \"wetness\": 0.0, \"timeofday\": 12.0, \"signal\": -1.0, \"rx\": 359.98, \"ry\": 306.89, \"rz\": 0.0, \"speed\": 7.89}","natures":[]},{"name":"","description":"","eClass":"Sentence","content":"The environment controller C INVOKES API Control.Agents.Pedestrians.WalkRandomly(which_lane=Left_Lane).","natures":[]},{"name":"","description":"","eClass":"Sentence","content":"The test system VALIDATES THAT the Apollo A Status.GetControl is nearly equal to {\"acceleration\": -0.73, \"throttle\": 0.0, \"steering_target\": 0.03, \"brake\": 16.04, \"steering_rate\": 100.0, \"speed\": 6.57}","natures":[]},{"name":"","description":"","eClass":"Sentence","content":"The test system VALIDATES THAT the simulator S Status.GetEnvironment is nearly equal to {\"x\": -108.65, \"y\": 10.12, \"z\": 380.99, \"rain\": 0.0, \"fog\": 0.0, \"wetness\": 0.0, \"timeofday\": 12.0, \"signal\": 1.0, \"rx\": 0.03, \"ry\": 306.58, \"rz\": 0.0, \"speed\": 6.41}","natures":[]},{"name":"","description":"","eClass":"Sentence","content":"The environment controller C INVOKES API Control.Agents.Pedestrians.WalkRandomly(which_lane=Left_Lane).","natures":[]},{"name":"","description":"","eClass":"Sentence","content":"The test system VALIDATES THAT the Apollo A Status.GetControl is nearly equal to {\"acceleration\": -1.37, \"throttle\": 0.0, \"steering_target\": 12.5, \"brake\": 24.71, \"steering_rate\": 100.0, \"speed\": 2.54}","natures":[]},{"name":"","description":"","eClass":"Sentence","content":"The test system VALIDATES THAT the simulator S Status.GetEnvironment is nearly equal to {\"x\": -122.9, \"y\": 10.12, \"z\": 391.99, \"rain\": 0.0, \"fog\": 0.0, \"wetness\": 0.0, \"timeofday\": 12.0, \"signal\": 0.0, \"rx\": 0.08, \"ry\": 310.66, \"rz\": 359.72, \"speed\": 2.54}","natures":[]},{"name":"","description":"","eClass":"Sentence","content":"The environment controller C INVOKES API Control.Agents.NPCVehicle.NPCVehicleMaintainLane(which_lane=Right_Lane&which_car=SUV).","natures":[]},{"name":"","description":"","eClass":"Sentence","content":"The test system VALIDATES THAT the Apollo A Status.GetControl is nearly equal to {\"acceleration\": 0.89, \"throttle\": 15.7, \"steering_target\": 0.78, \"brake\": 0.0, \"steering_rate\": 100.0, \"speed\": 4.49}","natures":[]},{"name":"","description":"","eClass":"Sentence","content":"The test system VALIDATES THAT the simulator S Status.GetEnvironment is nearly equal to {\"x\": -131.21, \"y\": 10.12, \"z\": 398.23, \"rain\": 0.0, \"fog\": 0.0, \"wetness\": 0.0, \"timeofday\": 12.0, \"signal\": -1.0, \"rx\": 359.81, \"ry\": 306.05, \"rz\": 359.99, \"speed\": 5.29}","natures":[]},{"name":"","description":"","eClass":"Sentence","content":"The environment controller C INVOKES API Control.Agents.Pedestrians.WalkRandomly(which_lane=Left_Lane).","natures":[]},{"name":"","description":"","eClass":"Sentence","content":"The test system VALIDATES THAT the Apollo A Status.GetControl is nearly equal to {\"acceleration\": 1.05, \"throttle\": 26.94, \"steering_target\": 10.21, \"brake\": 0.0, \"steering_rate\": 100.0, \"speed\": 7.08}","natures":[]},{"name":"","description":"","eClass":"Sentence","content":"The test system VALIDATES THAT the simulator S Status.GetEnvironment is nearly equal to {\"x\": -152.26, \"y\": 10.12, \"z\": 412.79, \"rain\": 0.0, \"fog\": 0.0, \"wetness\": 0.0, \"timeofday\": 12.0, \"signal\": 1.0, \"rx\": 359.93, \"ry\": 303.13, \"rz\": 359.87, \"speed\": 7.08}","natures":[]},{"name":"","description":"","eClass":"Sentence","content":"The environment controller C INVOKES API Control.Agents.Pedestrians.WalkRandomly(which_lane=Left_Lane).","natures":[]},{"name":"","description":"","eClass":"Sentence","content":"The test system VALIDATES THAT the Apollo A Status.GetControl is nearly equal to {\"acceleration\": 0.18, \"throttle\": 15.7, \"steering_target\": -0.8, \"brake\": 0.0, \"steering_rate\": 100.0, \"speed\": 7.99}","natures":[]},{"name":"","description":"","eClass":"Sentence","content":"The test system VALIDATES THAT the simulator S Status.GetEnvironment is nearly equal to {\"x\": -180.3, \"y\": 10.12, \"z\": 428.9, \"rain\": 0.0, \"fog\": 0.0, \"wetness\": 0.0, \"timeofday\": 12.0, \"signal\": 1.0, \"rx\": 359.98, \"ry\": 300.25, \"rz\": 0.02, \"speed\": 8.05}","natures":[]},{"name":"","description":"","eClass":"Sentence","content":"The environment controller C INVOKES API Control.Agents.Pedestrians.WalkRandomly(which_lane=Left_Lane).","natures":[]},{"name":"","description":"","eClass":"Sentence","content":"The test system VALIDATES THAT the Apollo A Status.GetControl is nearly equal to {\"acceleration\": -1.67, \"throttle\": 0.0, \"steering_target\": 0.14, \"brake\": 27.57, \"steering_rate\": 100.0, \"speed\": 4.19}","natures":[]},{"name":"","description":"","eClass":"Sentence","content":"The test system VALIDATES THAT the simulator S Status.GetEnvironment is nearly equal to {\"x\": -202.53, \"y\": 10.12, \"z\": 441.3, \"rain\": 0.0, \"fog\": 0.0, \"wetness\": 0.0, \"timeofday\": 12.0, \"signal\": 1.0, \"rx\": 0.07, \"ry\": 297.97, \"rz\": -0.0, \"speed\": 4.19}","natures":[]},{"name":"","description":"","eClass":"Sentence","content":"The environment controller C INVOKES API Control.Agents.Pedestrians.WalkRandomly(which_lane=Left_Lane).","natures":[]},{"name":"","description":"","eClass":"Sentence","content":"The test system VALIDATES THAT the Apollo A Status.GetControl is nearly equal to {\"acceleration\": -0.0, \"throttle\": 0.0, \"steering_target\": -0.97, \"brake\": 14.5, \"steering_rate\": 100.0, \"speed\": 4.44}","natures":[]},{"name":"","description":"","eClass":"Sentence","content":"The test system VALIDATES THAT the simulator S Status.GetEnvironment is nearly equal to {\"x\": -215.34, \"y\": 10.12, \"z\": 448.23, \"rain\": 0.0, \"fog\": 0.0, \"wetness\": 0.0, \"timeofday\": 12.0, \"signal\": 1.0, \"rx\": 0.03, \"ry\": 299.03, \"rz\": 0.01, \"speed\": 4.44}","natures":[]},{"name":"","description":"","eClass":"Sentence","content":"The environment controller C INVOKES API Control.Agents.Pedestrians.WalkRandomly(which_lane=Left_Lane).","natures":[]},{"name":"","description":"","eClass":"Sentence","content":"The test system VALIDATES THAT the Apollo A Status.GetControl is nearly equal to {\"acceleration\": -0.51, \"throttle\": 0.0, \"steering_target\": -0.7, \"brake\": 14.5, \"steering_rate\": 100.0, \"speed\": 2.97}","natures":[]},{"name":"","description":"","eClass":"Sentence","content":"The test system VALIDATES THAT the simulator S Status.GetEnvironment is nearly equal to {\"x\": -229.34, \"y\": 10.12, \"z\": 456.46, \"rain\": 0.0, \"fog\": 0.0, \"wetness\": 0.0, \"timeofday\": 12.0, \"signal\": 0.0, \"rx\": 0.04, \"ry\": 301.36, \"rz\": 0.0, \"speed\": 2.97}","natures":[]},{"name":"","description":"","eClass":"Sentence","content":"The environment controller C INVOKES API Control.Weather.Rain(rain_level=Heavy).","natures":[]},{"name":"","description":"","eClass":"Sentence","content":"The test system VALIDATES THAT the Apollo A Status.GetControl is nearly equal to {\"acceleration\": -0.09, \"throttle\": 0.0, \"steering_target\": -0.39, \"brake\": 14.5, \"steering_rate\": 100.0, \"speed\": 1.19}","natures":[]},{"name":"","description":"","eClass":"Sentence","content":"The test system VALIDATES THAT the simulator S Status.GetEnvironment is nearly equal to {\"x\": -235.66, \"y\": 10.12, \"z\": 460.37, \"rain\": 1.0, \"fog\": 0.0, \"wetness\": 1.0, \"timeofday\": 12.0, \"signal\": -1.0, \"rx\": 0.0, \"ry\": 301.83, \"rz\": 0.0, \"speed\": 1.19}","natures":[]},{"name":"","description":"","eClass":"Sentence","content":"The environment controller C INVOKES API Control.Agents.Pedestrians.WalkRandomly(which_lane=Left_Lane).","natures":[]},{"name":"","description":"","eClass":"Sentence","content":"The test system VALIDATES THAT the Apollo A Status.GetControl is nearly equal to {\"acceleration\": -0.21, \"throttle\": 0.0, \"steering_target\": -0.26, \"brake\": 14.5, \"steering_rate\": 100.0, \"speed\": 0.73}","natures":[]},{"name":"","description":"","eClass":"Sentence","content":"","natures":[]}]
