 timestamp= 1619818178000 [START] Now Run TCS Maintain Lane On Road1 Mode: dynamic Roadnum: 4 Second: 4
 timestamp= 1619818178000 [SUCCESS] TCS Check Success 
 timestamp= 1619818181000 [RUN] Run BasicFlow
 timestamp= 1619818181000 [RUN] Generate steps
 timestamp= 1619818181000 [RUN] Validate step: 
The test system VALIDATES THAT the simulator S Status.GetEnvironment is nearly equal to {"x": -439.95, "y": 10.12, "z": 215.51, "rain": 0.0, "fog": 0.0, "wetness": 0.0, "timeofday": 12.0, "signal": 1.0, "rx": 359.95, "ry": 210.08, "rz": -0.0, "speed": 2.42}
 timestamp= 1619818181000 [RES] Validate result: 
true
 timestamp= 1619818181000 [RUN] Execute API step: 
The environment controller C INVOKES API Control.Agents.NPCVehicle.NPCVehicleMaintainLane(which_lane=Right_Lane&which_car=BoxTruck).
 timestamp= 1619818184000 [RES] API result: 
{"pose_arr":[{"vx":-2.09,"ay":0.26,"az":9.82,"ax":-0.51,"pz":10.12,"vy":-2.09,"px":552434.72,"py":4182702.72},{"vx":-2.24,"ay":0,"az":9.81,"ax":0,"pz":10.12,"vy":-2.24,"px":552434.08,"py":4182701.62},{"vx":-2.56,"ay":0.16,"az":9.81,"ax":-0.28,"pz":10.12,"vy":-2.56,"px":552432.74,"py":4182699.32},{"vx":-2.69,"ay":-0.03,"az":9.82,"ax":-0.33,"pz":10.12,"vy":-2.69,"px":552431.9,"py":4182697.87},{"vx":-2.94,"ay":0.51,"az":9.8,"ax":-0.91,"pz":10.12,"vy":-2.94,"px":552430.61,"py":4182695.64},{"vx":-3.06,"ay":0,"az":9.81,"ax":0,"pz":10.13,"vy":-3.06,"px":552429.34,"py":4182693.35}],"traffic_light":[3,3,1,3,0,0],"state_arr":[{"acceleration":0.36,"throttle":16.1,"steering_target":-0.66,"brake":0,"steering_rate":100,"speed":2.4},{"acceleration":0.5,"throttle":18.84,"steering_target":-0.53,"brake":0,"steering_rate":100,"speed":2.59},{"acceleration":0.38,"throttle":16.68,"steering_target":0.29,"brake":0,"steering_rate":100,"speed":2.88},{"acceleration":0.18,"throttle":15.7,"steering_target":0.17,"brake":0,"steering_rate":100,"speed":3.11},{"acceleration":0.09,"throttle":15.7,"steering_target":1.77,"brake":0,"steering_rate":100,"speed":3.23},{"acceleration":-0.33,"throttle":0,"steering_target":7.38,"brake":14.5,"steering_rate":100,"speed":3.56},{"acceleration":-0.03,"throttle":0,"steering_target":14.87,"brake":14.5,"steering_rate":100,"speed":3.19}],"obstacle_arr":[[],[{"acceleration":{"y":0,"x":0,"z":0},"position":{"y":4182705.98,"x":552427.56,"z":10.39},"volume":70.66,"type":"VEHICLE","velocity":{"y":0,"x":0,"z":0}}],[{"acceleration":{"y":0,"x":0,"z":0},"position":{"y":4182705.88,"x":552427.3,"z":10.42},"volume":94.88,"type":"VEHICLE","velocity":{"y":0,"x":0,"z":0}}],[{"acceleration":{"y":0,"x":0,"z":0},"position":{"y":4182705.96,"x":552427.56,"z":10.42},"volume":87.54,"type":"VEHICLE","velocity":{"y":0,"x":0,"z":0}}],[{"acceleration":{"y":0,"x":0,"z":0},"position":{"y":4182705.91,"x":552427.65,"z":10.44},"volume":101.97,"type":"VEHICLE","velocity":{"y":0,"x":0,"z":0}}],[{"acceleration":{"y":-1.69,"x":-0.34,"z":0},"position":{"y":4182701.42,"x":552425.9,"z":10.43},"volume":101.78,"type":"VEHICLE","velocity":{"y":-0.26,"x":-0.05,"z":0}}]],"action_description":"NPC vehicle (BoxTruck) driving on the right lane","ev_state":[-445.906066894531,10.1246738433838,204.791000366211,0,0,0,12,1,0.031767550855875,205.783004760742,359.915649414063,3.1906638107989895],"collision_probability":0}
 timestamp= 1619818184000 [RUN] Validate G1 Guard Condition: 
The ego vehicle E Detection.Collision == True.
 timestamp= 1619818184000 [RES] Global Validate result: 
false
 timestamp= 1619818184000 [RUN] Validate G2 Guard Condition: 
The ego vehicle E Detection.OffRoad == True.
 timestamp= 1619818184000 [RES] Global Validate result: 
false
 timestamp= 1619818184000 [RUN] Validate G3 Guard Condition: 
The ego vehicle E Detection.HardBrake == True.
 timestamp= 1619818185000 [RES] Global Validate result: 
false
 timestamp= 1619818185000 [RUN] Validate G4 Guard Condition: 
The ego vehicle E Detection.ArrivalTest == True.
 timestamp= 1619818185000 [RES] Global Validate result: 
false
 timestamp= 1619818185000 [RUN] Validate step: 
The test system VALIDATES THAT the Apollo A Status.GetControl is nearly equal to {"acceleration": -0.03, "throttle": 0.0, "steering_target": 14.87, "brake": 14.5, "steering_rate": 100.0, "speed": 3.19}
 timestamp= 1619818185000 [RES] Validate result: 
true
 timestamp= 1619818185000 [RUN] Generate steps
 timestamp= 1619818185000 [RUN] Validate step: 
The test system VALIDATES THAT the simulator S Status.GetEnvironment is nearly equal to {"x": -445.91, "y": 10.12, "z": 204.79, "rain": 0.0, "fog": 0.0, "wetness": 0.0, "timeofday": 12.0, "signal": 1.0, "rx": 0.03, "ry": 205.78, "rz": 359.92, "speed": 3.19}
 timestamp= 1619818185000 [RES] Validate result: 
true
 timestamp= 1619818185000 [RUN] Execute API step: 
The environment controller C INVOKES API Control.Agents.NPCVehicle.NPCVehicleMaintainLane(which_lane=Right_Lane&which_car=BoxTruck).
 timestamp= 1619818188000 [RES] API result: 
{"pose_arr":[{"vx":-2.92,"ay":-0.57,"az":9.81,"ax":0.33,"pz":10.13,"vy":-2.92,"px":552428.63,"py":4182691.95},{"vx":-2.94,"ay":-0.15,"az":9.81,"ax":0.49,"pz":10.13,"vy":-2.94,"px":552427.66,"py":4182689.67},{"vx":-3.2,"ay":-0.28,"az":9.81,"ax":0.51,"pz":10.13,"vy":-3.2,"px":552427.07,"py":4182687.7},{"vx":-2.67,"ay":0.14,"az":9.81,"ax":0.51,"pz":10.13,"vy":-2.67,"px":552426.73,"py":4182684.92},{"vx":-3.44,"ay":0.22,"az":9.85,"ax":0.8,"pz":10.12,"vy":-3.44,"px":552426.98,"py":4182682.94},{"vx":-2.03,"ay":0.57,"az":9.81,"ax":0.54,"pz":10.13,"vy":-2.03,"px":552427.89,"py":4182680.94}],"traffic_light":[0,0,0,0,0,0],"state_arr":[{"acceleration":-0.01,"throttle":0,"steering_target":17.38,"brake":14.5,"steering_rate":100,"speed":3.24},{"acceleration":-0.42,"throttle":0,"steering_target":25.71,"brake":14.5,"steering_rate":100,"speed":3.44},{"acceleration":-0.2,"throttle":0,"steering_target":28.89,"brake":14.5,"steering_rate":100,"speed":3.04},{"acceleration":0.06,"throttle":19.97,"steering_target":52.26,"brake":0,"steering_rate":100,"speed":2.7},{"acceleration":-1.16,"throttle":0,"steering_target":66.38,"brake":22.33,"steering_rate":100,"speed":3.73},{"acceleration":-0.61,"throttle":0,"steering_target":66.79,"brake":15.38,"steering_rate":100,"speed":2.98}],"obstacle_arr":[[{"acceleration":{"y":-3.83,"x":-1.4,"z":0},"position":{"y":4182692.53,"x":552423.04,"z":10.45},"volume":53.79,"type":"VEHICLE","velocity":{"y":-2.17,"x":-0.55,"z":0}}],[{"acceleration":{"y":-3.04,"x":-4.08,"z":0},"position":{"y":4182687.87,"x":552421.43,"z":10.58},"volume":16.52,"type":"VEHICLE","velocity":{"y":-5.65,"x":-3.1,"z":0}}],[],[],[{"acceleration":{"y":-0.01,"x":-0.01,"z":0},"position":{"y":4182679.45,"x":552397.63,"z":10.74},"volume":107.22,"type":"VEHICLE","velocity":{"y":0,"x":0,"z":0}}],[{"acceleration":{"y":0,"x":0,"z":0},"position":{"y":4182683.71,"x":552393.14,"z":10.66},"volume":109.98,"type":"VEHICLE","velocity":{"y":0.06,"x":-0.12,"z":0}}]],"action_description":"NPC vehicle (BoxTruck) driving on the right lane","ev_state":[-444.625518798828,10.1247587203979,193.231994628906,0,0,0,12,0,0.0734877437353134,137.269729614258,359.671966552734,2.695851098219996],"collision_probability":0}
 timestamp= 1619818188000 [RUN] Validate G1 Guard Condition: 
The ego vehicle E Detection.Collision == True.
 timestamp= 1619818188000 [RES] Global Validate result: 
false
 timestamp= 1619818188000 [RUN] Validate G2 Guard Condition: 
The ego vehicle E Detection.OffRoad == True.
 timestamp= 1619818188000 [RES] Global Validate result: 
false
 timestamp= 1619818188000 [RUN] Validate G3 Guard Condition: 
The ego vehicle E Detection.HardBrake == True.
 timestamp= 1619818188000 [RES] Global Validate result: 
false
 timestamp= 1619818188000 [RUN] Validate G4 Guard Condition: 
The ego vehicle E Detection.ArrivalTest == True.
 timestamp= 1619818188000 [RES] Global Validate result: 
false
 timestamp= 1619818188000 [RUN] Validate step: 
The test system VALIDATES THAT the Apollo A Status.GetControl is nearly equal to {"acceleration": -0.61, "throttle": 0.0, "steering_target": 66.79, "brake": 15.38, "steering_rate": 100.0, "speed": 2.98}
 timestamp= 1619818188000 [RES] Validate result: 
true
 timestamp= 1619818188000 [RUN] Generate steps
 timestamp= 1619818188000 [RUN] Validate step: 
The test system VALIDATES THAT the simulator S Status.GetEnvironment is nearly equal to {"x": -444.63, "y": 10.12, "z": 193.23, "rain": 0.0, "fog": 0.0, "wetness": 0.0, "timeofday": 12.0, "signal": 0.0, "rx": 0.07, "ry": 137.27, "rz": 359.67, "speed": 2.7}
 timestamp= 1619818188000 [RES] Validate result: 
true
 timestamp= 1619818188000 [RUN] Execute API step: 
The environment controller C INVOKES API Control.Agents.NPCVehicle.NPCVehicleMaintainLane(which_lane=Right_Lane&which_car=BoxTruck).
 timestamp= 1619818191000 [RES] API result: 
{"pose_arr":[{"vx":-1.52,"ay":0.59,"az":9.81,"ax":0.21,"pz":10.13,"vy":-1.52,"px":552428.49,"py":4182680.19},{"vx":-1.32,"ay":-0.22,"az":9.81,"ax":-0.2,"pz":10.12,"vy":-1.32,"px":552429.93,"py":4182678.97},{"vx":-1.26,"ay":-0.77,"az":9.81,"ax":-0.34,"pz":10.12,"vy":-1.26,"px":552431.58,"py":4182678.02},{"vx":-1.11,"ay":-0.49,"az":9.83,"ax":-0.21,"pz":10.12,"vy":-1.11,"px":552433.99,"py":4182677.05},{"vx":-0.81,"ay":-0.4,"az":9.81,"ax":0.02,"pz":10.12,"vy":-0.81,"px":552435.94,"py":4182676.5},{"vx":-0.36,"ay":-0.49,"az":9.83,"ax":-0.1,"pz":10.12,"vy":-0.36,"px":552439.83,"py":4182675.89},{"vx":0.04,"ay":-0.54,"az":9.81,"ax":-0.01,"pz":10.12,"vy":0.04,"px":552443.99,"py":4182675.66}],"traffic_light":[0,1,0,0,3,3],"state_arr":[{"acceleration":-0.04,"throttle":0,"steering_target":50.95,"brake":14.5,"steering_rate":100,"speed":2.7},{"acceleration":0.37,"throttle":16.55,"steering_target":40.24,"brake":0,"steering_rate":100,"speed":2.8},{"acceleration":0.96,"throttle":26.9,"steering_target":26.82,"brake":0,"steering_rate":100,"speed":3.08},{"acceleration":0.63,"throttle":21.25,"steering_target":20.21,"brake":0,"steering_rate":100,"speed":4.21},{"acceleration":0.8,"throttle":24.21,"steering_target":17.1,"brake":0,"steering_rate":100,"speed":4.64},{"acceleration":0.49,"throttle":18.79,"steering_target":10.72,"brake":0,"steering_rate":100,"speed":5.66},{"acceleration":0.64,"throttle":21.46,"steering_target":2.95,"brake":0,"steering_rate":100,"speed":5.92},{"acceleration":1.02,"throttle":15.7,"steering_target":-1.47,"brake":0,"steering_rate":100,"speed":6.15}],"obstacle_arr":[[],[{"acceleration":{"y":-0.01,"x":0.01,"z":0},"position":{"y":4182669.93,"x":552427.24,"z":10.56},"volume":80,"type":"VEHICLE","velocity":{"y":0,"x":0,"z":0}}],[{"acceleration":{"y":0,"x":0.01,"z":0},"position":{"y":4182669.22,"x":552434.64,"z":10.74},"volume":94.47,"type":"VEHICLE","velocity":{"y":0.01,"x":0.19,"z":0}}],[],[],[],[]],"action_description":"NPC vehicle (BoxTruck) driving on the right lane","ev_state":[-427.818359375,10.1242580413818,189.638031005859,0,0,0,12,-1,359.970428466797,89.8698348999023,359.832275390625,6.150475637068849],"collision_probability":0.245}
 timestamp= 1619818192000 [RUN] Validate G1 Guard Condition: 
The ego vehicle E Detection.Collision == True.
 timestamp= 1619818192000 [RES] Global Validate result: 
false
 timestamp= 1619818192000 [RUN] Validate G2 Guard Condition: 
The ego vehicle E Detection.OffRoad == True.
 timestamp= 1619818192000 [RES] Global Validate result: 
false
 timestamp= 1619818192000 [RUN] Validate G3 Guard Condition: 
The ego vehicle E Detection.HardBrake == True.
 timestamp= 1619818192000 [RES] Global Validate result: 
false
 timestamp= 1619818192000 [RUN] Validate G4 Guard Condition: 
The ego vehicle E Detection.ArrivalTest == True.
 timestamp= 1619818192000 [RES] Global Validate result: 
false
 timestamp= 1619818192000 [RUN] Validate step: 
The test system VALIDATES THAT the Apollo A Status.GetControl is nearly equal to {"acceleration": 1.02, "throttle": 15.7, "steering_target": -1.47, "brake": 0.0, "steering_rate": 100.0, "speed": 6.15}
 timestamp= 1619818192000 [RES] Validate result: 
true
 timestamp= 1619818192000 [RUN] Generate steps
 timestamp= 1619818192000 [RUN] Validate step: 
The test system VALIDATES THAT the simulator S Status.GetEnvironment is nearly equal to {"x": -427.82, "y": 10.12, "z": 189.64, "rain": 0.0, "fog": 0.0, "wetness": 0.0, "timeofday": 12.0, "signal": -1.0, "rx": 359.97, "ry": 89.87, "rz": 359.83, "speed": 6.15}
 timestamp= 1619818192000 [RES] Validate result: 
true
 timestamp= 1619818192000 [RUN] Execute API step: 
The environment controller C INVOKES API Control.Agents.NPCVehicle.NPCVehicleMaintainLane(which_lane=Right_Lane&which_car=BoxTruck).
 timestamp= 1619818195000 [RES] API result: 
{"pose_arr":[{"vx":0,"ay":-1.75,"az":9.79,"ax":-0.19,"pz":10.12,"vy":0,"px":552446.2,"py":4182675.66},{"vx":0.02,"ay":-0.24,"az":9.82,"ax":0.02,"pz":10.12,"vy":0.02,"px":552450.84,"py":4182675.65},{"vx":0.12,"ay":-0.24,"az":9.81,"ax":0,"pz":10.12,"vy":0.12,"px":552454.61,"py":4182675.67},{"vx":0.04,"ay":0,"az":9.81,"ax":0,"pz":10.12,"vy":0.04,"px":552458.67,"py":4182675.72},{"vx":0.14,"ay":-0.46,"az":9.81,"ax":0.01,"pz":10.12,"vy":0.14,"px":552463.9,"py":4182675.78},{"vx":0.06,"ay":-0.24,"az":9.82,"ax":0.07,"pz":10.12,"vy":0.06,"px":552469.33,"py":4182675.87},{"vx":0.13,"ay":-0.38,"az":9.81,"ax":-0.12,"pz":10.12,"vy":0.13,"px":552473.73,"py":4182675.91}],"traffic_light":[3,3,3,3,3,0],"state_arr":[{"acceleration":1.01,"throttle":26.44,"steering_target":-0.52,"brake":0,"steering_rate":100,"speed":6.85},{"acceleration":1.08,"throttle":34.67,"steering_target":1.71,"brake":0,"steering_rate":100,"speed":6.99},{"acceleration":1.21,"throttle":15.7,"steering_target":-1.19,"brake":0,"steering_rate":100,"speed":7.12},{"acceleration":1.32,"throttle":30.18,"steering_target":1.31,"brake":0,"steering_rate":100,"speed":7.28},{"acceleration":1.08,"throttle":32.69,"steering_target":-1.06,"brake":0,"steering_rate":100,"speed":7.56},{"acceleration":0.55,"throttle":20.7,"steering_target":0.53,"brake":0,"steering_rate":100,"speed":8.03},{"acceleration":0.04,"throttle":15.7,"steering_target":-0.42,"brake":0,"steering_rate":100,"speed":8.28}],"obstacle_arr":[[],[{"acceleration":{"y":-0.04,"x":0.09,"z":0},"position":{"y":4182685.13,"x":552475.38,"z":10.11},"volume":133.76,"type":"VEHICLE","velocity":{"y":-0.92,"x":5.86,"z":0}},{"acceleration":{"y":0,"x":0.06,"z":0},"position":{"y":4182667.73,"x":552445.87,"z":10.34},"volume":119.8,"type":"VEHICLE","velocity":{"y":0.11,"x":1.38,"z":0}}],[{"acceleration":{"y":-0.05,"x":-0.58,"z":0},"position":{"y":4182668.08,"x":552446.51,"z":10.33},"volume":133.78,"type":"VEHICLE","velocity":{"y":0,"x":0,"z":0}}],[{"acceleration":{"y":0,"x":-0.03,"z":0},"position":{"y":4182668.58,"x":552448.81,"z":10.34},"volume":131.18,"type":"VEHICLE","velocity":{"y":-0.01,"x":-0.18,"z":0}},{"acceleration":{"y":0,"x":0.01,"z":0},"position":{"y":4182679.17,"x":552498.33,"z":10.74},"volume":44.82,"type":"VEHICLE","velocity":{"y":0,"x":0,"z":0}}],[{"acceleration":{"y":0,"x":0,"z":0},"position":{"y":4182669.15,"x":552450.81,"z":10.34},"volume":128.26,"type":"VEHICLE","velocity":{"y":-0.01,"x":-0.18,"z":0}},{"acceleration":{"y":0,"x":0,"z":0},"position":{"y":4182677.56,"x":552505.98,"z":10.7},"volume":24.99,"type":"VEHICLE","velocity":{"y":0,"x":0,"z":0}}],[],[]],"action_description":"NPC vehicle (BoxTruck) driving on the right lane","ev_state":[-398.370788574219,10.1238288879395,189.914276123047,0,0,0,12,-1,359.972930908203,89.1192855834961,359.966918945313,8.276384401402261],"collision_probability":0}
 timestamp= 1619818195000 [RUN] Validate G1 Guard Condition: 
The ego vehicle E Detection.Collision == True.
 timestamp= 1619818195000 [RES] Global Validate result: 
false
 timestamp= 1619818195000 [RUN] Validate G2 Guard Condition: 
The ego vehicle E Detection.OffRoad == True.
 timestamp= 1619818195000 [RES] Global Validate result: 
false
 timestamp= 1619818195000 [RUN] Validate G3 Guard Condition: 
The ego vehicle E Detection.HardBrake == True.
 timestamp= 1619818195000 [RES] Global Validate result: 
false
 timestamp= 1619818195000 [RUN] Validate G4 Guard Condition: 
The ego vehicle E Detection.ArrivalTest == True.
 timestamp= 1619818195000 [RES] Global Validate result: 
false
 timestamp= 1619818195000 [RUN] Validate step: 
The test system VALIDATES THAT the Apollo A Status.GetControl is nearly equal to {"acceleration": 0.04, "throttle": 15.7, "steering_target": -0.42, "brake": 0.0, "steering_rate": 100.0, "speed": 8.28}
 timestamp= 1619818195000 [RES] Validate result: 
true
 timestamp= 1619818195000 [RUN] Generate steps
 timestamp= 1619818195000 [RUN] Validate step: 
The test system VALIDATES THAT the simulator S Status.GetEnvironment is nearly equal to {"x": -398.37, "y": 10.12, "z": 189.91, "rain": 0.0, "fog": 0.0, "wetness": 0.0, "timeofday": 12.0, "signal": -1.0, "rx": 359.97, "ry": 89.12, "rz": 359.97, "speed": 8.28}
 timestamp= 1619818195000 [RES] Validate result: 
true
 timestamp= 1619818195000 [RUN] Execute API step: 
The environment controller C INVOKES API Control.Agents.NPCVehicle.NPCVehicleMaintainLane(which_lane=Right_Lane&which_car=BoxTruck).
 timestamp= 1619818199000 [RES] API result: 
{"pose_arr":[{"vx":0.09,"ay":-0.23,"az":9.81,"ax":0.02,"pz":10.12,"vy":0.09,"px":552476.42,"py":4182675.95},{"vx":0.06,"ay":-0.35,"az":9.81,"ax":-0.01,"pz":10.12,"vy":0.06,"px":552482.35,"py":4182675.99},{"vx":0.08,"ay":-0.35,"az":9.81,"ax":-0.01,"pz":10.12,"vy":0.08,"px":552486.34,"py":4182676.02},{"vx":0.02,"ay":-0.21,"az":9.82,"ax":0.03,"pz":10.12,"vy":0.02,"px":552492.24,"py":4182676.05},{"vx":0.08,"ay":-0.21,"az":9.81,"ax":0.01,"pz":10.12,"vy":0.08,"px":552497.17,"py":4182676.07},{"vx":0.01,"ay":0.63,"az":9.83,"ax":0.08,"pz":10.12,"vy":0.01,"px":552503.56,"py":4182676.12},{"vx":0.07,"ay":-0.22,"az":9.8,"ax":0,"pz":10.12,"vy":0.07,"px":552508.19,"py":4182676.13}],"traffic_light":[0,1,0,0,0,0,0],"state_arr":[{"acceleration":0.7,"throttle":15.7,"steering_target":-1.4,"brake":0,"steering_rate":100,"speed":8.31},{"acceleration":0.53,"throttle":19.1,"steering_target":1.06,"brake":0,"steering_rate":100,"speed":8.44},{"acceleration":0.2,"throttle":15.7,"steering_target":-0.37,"brake":0,"steering_rate":100,"speed":8.61},{"acceleration":0.1,"throttle":15.7,"steering_target":-0.3,"brake":0,"steering_rate":100,"speed":8.77},{"acceleration":-0.02,"throttle":0,"steering_target":0.61,"brake":14.5,"steering_rate":100,"speed":8.91},{"acceleration":-0.05,"throttle":0,"steering_target":-0.67,"brake":14.5,"steering_rate":100,"speed":8.7},{"acceleration":0.03,"throttle":15.7,"steering_target":0.89,"brake":0,"steering_rate":100,"speed":8.59},{"acceleration":-0.29,"throttle":0,"steering_target":-0.56,"brake":14.5,"steering_rate":100,"speed":8.56}],"obstacle_arr":[[],[{"acceleration":{"y":0,"x":0,"z":0},"position":{"y":4182667.56,"x":552474.88,"z":10.34},"volume":136.28,"type":"VEHICLE","velocity":{"y":0,"x":0,"z":0}}],[{"acceleration":{"y":0,"x":0,"z":0},"position":{"y":4182667.24,"x":552476.14,"z":10.34},"volume":131.29,"type":"VEHICLE","velocity":{"y":0,"x":0,"z":0}}],[{"acceleration":{"y":0,"x":0,"z":0},"position":{"y":4182667.68,"x":552475.86,"z":10.34},"volume":187.52,"type":"VEHICLE","velocity":{"y":0,"x":0,"z":0}},{"acceleration":{"y":0,"x":0,"z":0},"position":{"y":4182672.45,"x":552461.03,"z":10.15},"volume":18.96,"type":"VEHICLE","velocity":{"y":0,"x":0,"z":0}}],[],[],[]],"action_description":"NPC vehicle (BoxTruck) driving on the right lane","ev_state":[-363.849548339844,10.1237487792969,190.122360229492,0,0,0,12,1,0.00193027721252292,89.5092849731445,359.963531494141,8.558060914261256],"collision_probability":0}
 timestamp= 1619818199000 [RUN] Validate G1 Guard Condition: 
The ego vehicle E Detection.Collision == True.
 timestamp= 1619818199000 [RES] Global Validate result: 
false
 timestamp= 1619818199000 [RUN] Validate G2 Guard Condition: 
The ego vehicle E Detection.OffRoad == True.
 timestamp= 1619818199000 [RES] Global Validate result: 
false
 timestamp= 1619818199000 [RUN] Validate G3 Guard Condition: 
The ego vehicle E Detection.HardBrake == True.
 timestamp= 1619818199000 [RES] Global Validate result: 
false
 timestamp= 1619818199000 [RUN] Validate G4 Guard Condition: 
The ego vehicle E Detection.ArrivalTest == True.
 timestamp= 1619818199000 [RES] Global Validate result: 
false
 timestamp= 1619818199000 [RUN] Validate step: 
The test system VALIDATES THAT the Apollo A Status.GetControl is nearly equal to {"acceleration": -0.29, "throttle": 0.0, "steering_target": -0.56, "brake": 14.5, "steering_rate": 100.0, "speed": 8.56}
 timestamp= 1619818199000 [RES] Validate result: 
true
 timestamp= 1619818199000 [RUN] Generate steps
 timestamp= 1619818199000 [RUN] Validate step: 
The test system VALIDATES THAT the simulator S Status.GetEnvironment is nearly equal to {"x": -363.85, "y": 10.12, "z": 190.12, "rain": 0.0, "fog": 0.0, "wetness": 0.0, "timeofday": 12.0, "signal": 1.0, "rx": 0.0, "ry": 89.51, "rz": 359.96, "speed": 8.56}
 timestamp= 1619818199000 [RES] Validate result: 
true
 timestamp= 1619818199000 [RUN] Execute API step: 
The environment controller C INVOKES API Control.Agents.NPCVehicle.NPCVehicleMaintainLane(which_lane=Right_Lane&which_car=BoxTruck).
 timestamp= 1619818203000 [RES] API result: 
{"pose_arr":[{"vx":0.05,"ay":-0.21,"az":9.81,"ax":-0.03,"pz":10.12,"vy":0.05,"px":552511.15,"py":4182676.15},{"vx":0.02,"ay":0.62,"az":9.81,"ax":-0.01,"pz":10.12,"vy":0.02,"px":552516.43,"py":4182676.17},{"vx":0.06,"ay":-0.24,"az":9.8,"ax":-0.03,"pz":10.12,"vy":0.06,"px":552520.63,"py":4182676.19},{"vx":0.01,"ay":-0.41,"az":9.81,"ax":0.03,"pz":10.12,"vy":0.01,"px":552525.06,"py":4182676.22},{"vx":0.05,"ay":0,"az":9.81,"ax":0,"pz":10.12,"vy":0.05,"px":552530.01,"py":4182676.23},{"vx":0.02,"ay":-0.21,"az":9.82,"ax":0.01,"pz":10.12,"vy":0.02,"px":552535.35,"py":4182676.25},{"vx":0.01,"ay":-0.21,"az":9.81,"ax":0,"pz":10.12,"vy":0.01,"px":552540.27,"py":4182676.26}],"traffic_light":[0,3,3,3,3,3,3],"state_arr":[{"acceleration":-0.15,"throttle":0,"steering_target":-0.9,"brake":14.5,"steering_rate":100,"speed":8.64},{"acceleration":0.17,"throttle":15.7,"steering_target":0.73,"brake":0,"steering_rate":100,"speed":8.35},{"acceleration":0.4,"throttle":17.43,"steering_target":-0.25,"brake":0,"steering_rate":100,"speed":8.36},{"acceleration":0.29,"throttle":15.7,"steering_target":-0.27,"brake":0,"steering_rate":100,"speed":8.51},{"acceleration":0.23,"throttle":15.7,"steering_target":0.7,"brake":0,"steering_rate":100,"speed":8.69},{"acceleration":0.11,"throttle":15.7,"steering_target":-0.39,"brake":0,"steering_rate":100,"speed":8.77},{"acceleration":0.1,"throttle":15.7,"steering_target":0.1,"brake":0,"steering_rate":100,"speed":8.75},{"acceleration":-0.08,"throttle":0,"steering_target":-0.31,"brake":14.5,"steering_rate":100,"speed":8.85}],"obstacle_arr":[[{"acceleration":{"y":0,"x":0,"z":0},"position":{"y":4182674.14,"x":552473.51,"z":10.12},"volume":29.84,"type":"VEHICLE","velocity":{"y":0,"x":0,"z":0}}],[{"acceleration":{"y":0.21,"x":1.81,"z":0},"position":{"y":4182674.31,"x":552474.29,"z":10.12},"volume":82.26,"type":"VEHICLE","velocity":{"y":0.2,"x":1.69,"z":0}},{"acceleration":{"y":0,"x":0,"z":0},"position":{"y":4182668.47,"x":552509.61,"z":10.33},"volume":138.96,"type":"VEHICLE","velocity":{"y":0,"x":0,"z":0}}],[{"acceleration":{"y":0.26,"x":3.04,"z":0},"position":{"y":4182675.6,"x":552479.16,"z":10.76},"volume":31.96,"type":"VEHICLE","velocity":{"y":0.4,"x":3.96,"z":0}},{"acceleration":{"y":0,"x":0.02,"z":0},"position":{"y":4182668.31,"x":552511.24,"z":10.33},"volume":125.8,"type":"VEHICLE","velocity":{"y":0.16,"x":1.92,"z":0}}],[{"acceleration":{"y":0.22,"x":2.38,"z":0},"position":{"y":4182675.56,"x":552481,"z":10.64},"volume":61.21,"type":"VEHICLE","velocity":{"y":0.53,"x":5.47,"z":0}},{"acceleration":{"y":-0.12,"x":0.97,"z":0},"position":{"y":4182668.72,"x":552512.88,"z":10.34},"volume":140.91,"type":"VEHICLE","velocity":{"y":-0.08,"x":2.29,"z":0}}],[{"acceleration":{"y":0,"x":0,"z":0},"position":{"y":4182675.72,"x":552483.56,"z":10.77},"volume":49.12,"type":"VEHICLE","velocity":{"y":0,"x":0,"z":0}}],[{"acceleration":{"y":0,"x":0.01,"z":0},"position":{"y":4182677.22,"x":552488.1,"z":11.7},"volume":0.36,"type":"VEHICLE","velocity":{"y":0.32,"x":1.54,"z":0}},{"acceleration":{"y":0.01,"x":0,"z":0},"position":{"y":4182691.2,"x":552593.13,"z":11.34},"volume":33.85,"type":"VEHICLE","velocity":{"y":0,"x":0,"z":0}},{"acceleration":{"y":0,"x":0,"z":0},"position":{"y":4182676.88,"x":552485.89,"z":13.73},"volume":0,"type":"UNKNOWN","velocity":{"y":0,"x":0,"z":0}}],[{"acceleration":{"y":0.09,"x":0.94,"z":0},"position":{"y":4182677.48,"x":552489.34,"z":11.61},"volume":24.58,"type":"VEHICLE","velocity":{"y":0.42,"x":2.49,"z":0}}]],"action_description":"NPC vehicle (BoxTruck) driving on the right lane","ev_state":[-329.450836181641,10.1236457824707,190.247497558594,0,0,0,12,0,359.987365722656,89.8793640136719,-0.00278236414305866,8.855461546915816],"collision_probability":0}
 timestamp= 1619818203000 [RUN] Validate G1 Guard Condition: 
The ego vehicle E Detection.Collision == True.
 timestamp= 1619818203000 [RES] Global Validate result: 
false
 timestamp= 1619818203000 [RUN] Validate G2 Guard Condition: 
The ego vehicle E Detection.OffRoad == True.
 timestamp= 1619818203000 [RES] Global Validate result: 
false
 timestamp= 1619818203000 [RUN] Validate G3 Guard Condition: 
The ego vehicle E Detection.HardBrake == True.
 timestamp= 1619818203000 [RES] Global Validate result: 
false
 timestamp= 1619818203000 [RUN] Validate G4 Guard Condition: 
The ego vehicle E Detection.ArrivalTest == True.
 timestamp= 1619818203000 [RES] Global Validate result: 
false
 timestamp= 1619818203000 [RUN] Validate step: 
The test system VALIDATES THAT the Apollo A Status.GetControl is nearly equal to {"acceleration": -0.08, "throttle": 0.0, "steering_target": -0.31, "brake": 14.5, "steering_rate": 100.0, "speed": 8.85}
 timestamp= 1619818203000 [RES] Validate result: 
true
 timestamp= 1619818203000 [RUN] Generate steps
 timestamp= 1619818203000 [RUN] Validate step: 
The test system VALIDATES THAT the simulator S Status.GetEnvironment is nearly equal to {"x": -329.45, "y": 10.12, "z": 190.25, "rain": 0.0, "fog": 0.0, "wetness": 0.0, "timeofday": 12.0, "signal": 0.0, "rx": 359.99, "ry": 89.88, "rz": -0.0, "speed": 8.86}
 timestamp= 1619818203000 [RES] Validate result: 
true
 timestamp= 1619818203000 [RUN] Execute API step: 
The environment controller C INVOKES API Control.Agents.NPCVehicle.NPCVehicleMaintainLane(which_lane=Right_Lane&which_car=BoxTruck).
 timestamp= 1619818208000 [RES] API result: 
{"pose_arr":[{"vx":0.02,"ay":-0.21,"az":9.86,"ax":-0.02,"pz":10.12,"vy":0.02,"px":552543.36,"py":4182676.26},{"vx":-0.03,"ay":1.18,"az":9.86,"ax":0.02,"pz":10.12,"vy":-0.03,"px":552548.68,"py":4182676.27},{"vx":-0.02,"ay":3.32,"az":9.86,"ax":0.01,"pz":10.13,"vy":-0.02,"px":552553.54,"py":4182676.25},{"vx":-0.04,"ay":3.18,"az":9.81,"ax":0.03,"pz":10.13,"vy":-0.04,"px":552557.24,"py":4182676.24},{"vx":-0.03,"ay":2.92,"az":9.8,"ax":0.02,"pz":10.13,"vy":-0.03,"px":552559.95,"py":4182676.22},{"vx":-0.02,"ay":3.17,"az":9.81,"ax":0.02,"pz":10.13,"vy":-0.02,"px":552561.73,"py":4182676.21},{"vx":-0.01,"ay":1.81,"az":9.81,"ax":0.02,"pz":10.13,"vy":-0.01,"px":552563.04,"py":4182676.2},{"vx":-0.01,"ay":1.21,"az":9.81,"ax":0.01,"pz":10.13,"vy":-0.01,"px":552563.62,"py":4182676.2}],"traffic_light":[2,2,2,2,2,1,3],"state_arr":[{"acceleration":0.37,"throttle":16.94,"steering_target":-0.55,"brake":0,"steering_rate":100,"speed":8.87},{"acceleration":-2.21,"throttle":0,"steering_target":0.23,"brake":31.58,"steering_rate":100,"speed":8.91},{"acceleration":-3.64,"throttle":0,"steering_target":-0.36,"brake":43.39,"steering_rate":100,"speed":7.91},{"acceleration":-3.52,"throttle":0,"steering_target":-0.34,"brake":43.3,"steering_rate":100,"speed":6.31},{"acceleration":-2.93,"throttle":0,"steering_target":0,"brake":39.44,"steering_rate":100,"speed":4.74},{"acceleration":-2.32,"throttle":0,"steering_target":-0.15,"brake":33.92,"steering_rate":100,"speed":3.27},{"acceleration":-1.63,"throttle":0,"steering_target":-0.17,"brake":28.18,"steering_rate":100,"speed":1.94},{"acceleration":-1.29,"throttle":0,"steering_target":-0.1,"brake":24.75,"steering_rate":100,"speed":1.34},{"acceleration":-0.86,"throttle":0,"steering_target":-0.18,"brake":19.71,"steering_rate":100,"speed":0.72}],"obstacle_arr":[[],[{"acceleration":{"y":0.09,"x":1.9,"z":0},"position":{"y":4182678.38,"x":552496.7,"z":11.49},"volume":23.53,"type":"VEHICLE","velocity":{"y":0.47,"x":5.44,"z":0}}],[{"acceleration":{"y":-0.21,"x":1.26,"z":0},"position":{"y":4182677.99,"x":552498,"z":11.42},"volume":9.25,"type":"VEHICLE","velocity":{"y":0.38,"x":6.1,"z":0}},{"acceleration":{"y":0.01,"x":-0.02,"z":0},"position":{"y":4182670.08,"x":552538.85,"z":10.2},"volume":779.72,"type":"VEHICLE","velocity":{"y":0,"x":0,"z":0}}],[],[],[],[],[]],"action_description":"NPC vehicle (BoxTruck) driving on the right lane","ev_state":[-309.004455566406,10.1248378753662,190.164825439453,0,0,0,12,-1,0.0767379403114319,90.4661102294922,-0.00000832096520753112,0.7238207586621512],"collision_probability":0}
 timestamp= 1619818208000 [RUN] Validate G1 Guard Condition: 
The ego vehicle E Detection.Collision == True.
 timestamp= 1619818208000 [RES] Global Validate result: 
false
 timestamp= 1619818208000 [RUN] Validate G2 Guard Condition: 
The ego vehicle E Detection.OffRoad == True.
 timestamp= 1619818208000 [RES] Global Validate result: 
false
 timestamp= 1619818208000 [RUN] Validate G3 Guard Condition: 
The ego vehicle E Detection.HardBrake == True.
 timestamp= 1619818208000 [RES] Global Validate result: 
true
 timestamp= 1619818208000 [RUN] HardBrake == True
 timestamp= 1619818208000 [RUN] RESUME STEP @preStep
 timestamp= 1619818208000 [RUN] Resume step basicflow19
 timestamp= 1619818208000 [RUN] Validate G4 Guard Condition: 
The ego vehicle E Detection.ArrivalTest == True.
 timestamp= 1619818208000 [RES] Global Validate result: 
false
 timestamp= 1619818208000 [RUN] Validate step: 
The test system VALIDATES THAT the Apollo A Status.GetControl is nearly equal to {"acceleration": -0.86, "throttle": 0.0, "steering_target": -0.18, "brake": 19.71, "steering_rate": 100.0, "speed": 0.72}
 timestamp= 1619818208000 [RES] Validate result: 
true
 timestamp= 1619818208000 [RUN] Generate steps
 timestamp= 1619818208000 [RUN] Validate step: 
The test system VALIDATES THAT the simulator S Status.GetEnvironment is nearly equal to {"x": -309.0, "y": 10.12, "z": 190.16, "rain": 0.0, "fog": 0.0, "wetness": 0.0, "timeofday": 12.0, "signal": -1.0, "rx": 0.08, "ry": 90.47, "rz": -0.0, "speed": 0.72}
 timestamp= 1619818208000 [RES] Validate result: 
true
 timestamp= 1619818208000 [RUN] Execute API step: 
The environment controller C INVOKES API Control.Agents.NPCVehicle.NPCVehicleSwitchLane(which_lane=Right_Lane&which_car=Jeep).
 timestamp= 1619818212000 [RES] API result: 
{"pose_arr":[{"vx":-0.01,"ay":0.46,"az":9.8,"ax":0,"pz":10.13,"vy":-0.01,"px":552563.76,"py":4182676.19},{"vx":-0.01,"ay":-3.21,"az":9.79,"ax":-0.03,"pz":10.12,"vy":-0.01,"px":552564.06,"py":4182676.19},{"vx":-0.03,"ay":-4.19,"az":9.79,"ax":-0.04,"pz":10.12,"vy":-0.03,"px":552565.2,"py":4182676.18},{"vx":-0.04,"ay":-0.27,"az":9.84,"ax":0,"pz":10.12,"vy":-0.04,"px":552566.55,"py":4182676.17},{"vx":-0.05,"ay":-2.27,"az":9.79,"ax":-0.03,"pz":10.12,"vy":-0.05,"px":552568.82,"py":4182676.15},{"vx":-0.06,"ay":-0.49,"az":9.82,"ax":-0.01,"pz":10.12,"vy":-0.06,"px":552571.12,"py":4182676.12},{"vx":-0.08,"ay":-0.88,"az":9.8,"ax":-0.02,"pz":10.12,"vy":-0.08,"px":552574.14,"py":4182676.08},{"vx":-0.07,"ay":-0.26,"az":9.81,"ax":0,"pz":10.12,"vy":-0.07,"px":552577.03,"py":4182676.04}],"traffic_light":[1,1,1,1,1,1,0],"state_arr":[{"acceleration":0.34,"throttle":26.37,"steering_target":-0.21,"brake":0,"steering_rate":100,"speed":0.5},{"acceleration":0.78,"throttle":45.17,"steering_target":-0.1,"brake":0,"steering_rate":100,"speed":1.8},{"acceleration":-0.3,"throttle":0,"steering_target":-0.17,"brake":14.5,"steering_rate":100,"speed":3.34},{"acceleration":0.21,"throttle":15.7,"steering_target":-0.15,"brake":0,"steering_rate":100,"speed":3.76},{"acceleration":0.54,"throttle":15.87,"steering_target":-0.36,"brake":0,"steering_rate":100,"speed":4.27},{"acceleration":0.75,"throttle":23.19,"steering_target":-0.03,"brake":0,"steering_rate":100,"speed":4.84},{"acceleration":0.97,"throttle":15.7,"steering_target":0,"brake":0,"steering_rate":100,"speed":5.14},{"acceleration":1.29,"throttle":41.52,"steering_target":0.26,"brake":0,"steering_rate":100,"speed":5.38}],"obstacle_arr":[[],[{"acceleration":{"y":0,"x":0,"z":0},"position":{"y":4182667.59,"x":552584.34,"z":10.58},"volume":5.74,"type":"VEHICLE","velocity":{"y":0,"x":0,"z":0}}],[{"acceleration":{"y":0,"x":0,"z":0},"position":{"y":4182667.29,"x":552584.83,"z":10.61},"volume":5.79,"type":"VEHICLE","velocity":{"y":0,"x":0,"z":0}}],[{"acceleration":{"y":0,"x":0,"z":0},"position":{"y":4182666.25,"x":552585.02,"z":10.41},"volume":6.64,"type":"VEHICLE","velocity":{"y":0,"x":0,"z":0}}],[{"acceleration":{"y":0,"x":0,"z":0},"position":{"y":4182665.81,"x":552584.42,"z":10.49},"volume":5.94,"type":"VEHICLE","velocity":{"y":0,"x":0,"z":0}}],[{"acceleration":{"y":0,"x":0,"z":0},"position":{"y":4182665.07,"x":552584.53,"z":10.52},"volume":5.26,"type":"VEHICLE","velocity":{"y":0,"x":0,"z":0}},{"acceleration":{"y":-0.02,"x":1.4,"z":0},"position":{"y":4182678.53,"x":552521.41,"z":11.54},"volume":35.82,"type":"VEHICLE","velocity":{"y":-0.04,"x":3.11,"z":0}}],[{"acceleration":{"y":0,"x":0,"z":0},"position":{"y":4182664.66,"x":552584.58,"z":10.46},"volume":6.07,"type":"VEHICLE","velocity":{"y":0,"x":0,"z":0}},{"acceleration":{"y":0.05,"x":1.65,"z":0},"position":{"y":4182678.5,"x":552523.86,"z":11.56},"volume":31.01,"type":"VEHICLE","velocity":{"y":-0.02,"x":3.99,"z":0}}],[{"acceleration":{"y":0,"x":0,"z":0},"position":{"y":4182663.02,"x":552587.45,"z":10.41},"volume":12.61,"type":"VEHICLE","velocity":{"y":0,"x":0,"z":0}},{"acceleration":{"y":0.01,"x":0.93,"z":0},"position":{"y":4182678.6,"x":552527.42,"z":11.56},"volume":27.6,"type":"VEHICLE","velocity":{"y":-0.03,"x":4.46,"z":0}}]],"action_description":"NPC vehicle (Jeep) switching lane (right to left)","ev_state":[-295.244720458984,10.1243734359741,189.998641967773,0,0,0,12,-1,359.95947265625,90.772590637207,359.993225097656,5.5581296179350685],"collision_probability":0}
 timestamp= 1619818212000 [RUN] Validate G1 Guard Condition: 
The ego vehicle E Detection.Collision == True.
 timestamp= 1619818212000 [RES] Global Validate result: 
false
 timestamp= 1619818212000 [RUN] Validate G2 Guard Condition: 
The ego vehicle E Detection.OffRoad == True.
 timestamp= 1619818212000 [RES] Global Validate result: 
false
 timestamp= 1619818212000 [RUN] Validate G3 Guard Condition: 
The ego vehicle E Detection.HardBrake == True.
 timestamp= 1619818212000 [RES] Global Validate result: 
false
 timestamp= 1619818212000 [RUN] Validate G4 Guard Condition: 
The ego vehicle E Detection.ArrivalTest == True.
 timestamp= 1619818212000 [RES] Global Validate result: 
false
 timestamp= 1619818212000 [RUN] Validate step: 
The test system VALIDATES THAT the Apollo A Status.GetControl is nearly equal to {"acceleration": 1.29, "throttle": 41.52, "steering_target": 0.26, "brake": 0.0, "steering_rate": 100.0, "speed": 5.38}
 timestamp= 1619818212000 [RES] Validate result: 
true
 timestamp= 1619818212000 [RUN] Generate steps
 timestamp= 1619818212000 [RUN] Validate step: 
The test system VALIDATES THAT the simulator S Status.GetEnvironment is nearly equal to {"x": -295.24, "y": 10.12, "z": 190.0, "rain": 0.0, "fog": 0.0, "wetness": 0.0, "timeofday": 12.0, "signal": -1.0, "rx": 359.96, "ry": 90.77, "rz": 359.99, "speed": 5.56}
 timestamp= 1619818212000 [RES] Validate result: 
true
 timestamp= 1619818212000 [RUN] Execute API step: 
The environment controller C INVOKES API Control.Agents.NPCVehicle.NPCVehicleMaintainLane(which_lane=Right_Lane&which_car=BoxTruck).
 timestamp= 1619818216000 [RES] API result: 
{"pose_arr":[{"vx":-0.08,"ay":-4.81,"az":9.74,"ax":-0.06,"pz":10.12,"vy":-0.08,"px":552578.51,"py":4182676.02},{"vx":-0.09,"ay":-0.24,"az":9.84,"ax":0,"pz":10.12,"vy":-0.09,"px":552582.64,"py":4182675.97},{"vx":-0.08,"ay":-0.46,"az":9.8,"ax":0,"pz":10.12,"vy":-0.08,"px":552587.1,"py":4182675.92},{"vx":-0.07,"ay":-0.8,"az":9.8,"ax":-0.01,"pz":10.12,"vy":-0.07,"px":552591.04,"py":4182675.88},{"vx":-0.07,"ay":-0.03,"az":9.82,"ax":0.04,"pz":10.12,"vy":-0.07,"px":552595.43,"py":4182675.84},{"vx":-0.04,"ay":-0.68,"az":9.8,"ax":-0.02,"pz":10.12,"vy":-0.04,"px":552599.61,"py":4182675.8},{"vx":-0.04,"ay":-0.21,"az":9.81,"ax":0.88,"pz":10.12,"vy":-0.04,"px":552603.33,"py":4182675.79},{"vx":0.64,"ay":-0.22,"az":9.81,"ax":-0.3,"pz":10.12,"vy":0.64,"px":552607.6,"py":4182675.84}],"traffic_light":[0,0,0,4,1,1],"state_arr":[{"acceleration":1.59,"throttle":44.18,"steering_target":0.16,"brake":0,"steering_rate":100,"speed":5.91},{"acceleration":0.73,"throttle":15.7,"steering_target":-0.27,"brake":0,"steering_rate":100,"speed":7.22},{"acceleration":0.89,"throttle":22.68,"steering_target":0.37,"brake":0,"steering_rate":100,"speed":7.35},{"acceleration":0.87,"throttle":21.17,"steering_target":0.1,"brake":0,"steering_rate":100,"speed":7.49},{"acceleration":0.95,"throttle":25.75,"steering_target":-0.05,"brake":0,"steering_rate":100,"speed":7.8},{"acceleration":0.8,"throttle":23.79,"steering_target":0.49,"brake":0,"steering_rate":100,"speed":8.02},{"acceleration":0.65,"throttle":15.7,"steering_target":-0.1,"brake":0,"steering_rate":100,"speed":8.31},{"acceleration":0.73,"throttle":15.7,"steering_target":8.99,"brake":0,"steering_rate":100,"speed":8.42},{"acceleration":0.43,"throttle":18.03,"steering_target":-8.71,"brake":0,"steering_rate":100,"speed":8.51}],"obstacle_arr":[[{"acceleration":{"y":-0.15,"x":0.93,"z":0},"position":{"y":4182663.1,"x":552592.35,"z":10.56},"volume":7.82,"type":"VEHICLE","velocity":{"y":-0.02,"x":0.09,"z":0}},{"acceleration":{"y":-0.06,"x":-0.35,"z":0},"position":{"y":4182678.81,"x":552531.92,"z":10.63},"volume":2.56,"type":"VEHICLE","velocity":{"y":-0.02,"x":4.22,"z":0}}],[{"acceleration":{"y":0.33,"x":1.59,"z":0},"position":{"y":4182665.52,"x":552596.58,"z":10.6},"volume":8.48,"type":"VEHICLE","velocity":{"y":0.04,"x":0.84,"z":0}},{"acceleration":{"y":-0.02,"x":-0.77,"z":0},"position":{"y":4182678.7,"x":552534.51,"z":11.57},"volume":0.28,"type":"VEHICLE","velocity":{"y":-0.04,"x":3.68,"z":0}},{"acceleration":{"y":0,"x":0,"z":0},"position":{"y":4182669.58,"x":552579.22,"z":10.41},"volume":92.03,"type":"VEHICLE","velocity":{"y":0,"x":0,"z":0}}],[{"acceleration":{"y":1.37,"x":2.92,"z":0},"position":{"y":4182669.3,"x":552603.93,"z":10.81},"volume":0.42,"type":"VEHICLE","velocity":{"y":0.72,"x":2.54,"z":0}},{"acceleration":{"y":-0.01,"x":-0.01,"z":0},"position":{"y":4182672.33,"x":552582.71,"z":10.43},"volume":8.08,"type":"VEHICLE","velocity":{"y":0.43,"x":0.79,"z":0}}],[{"acceleration":{"y":-0.87,"x":-1.38,"z":0},"position":{"y":4182669.78,"x":552579.04,"z":10.4},"volume":110.68,"type":"VEHICLE","velocity":{"y":0,"x":0,"z":0}}],[{"acceleration":{"y":-0.06,"x":-0.14,"z":0},"position":{"y":4182670.77,"x":552579.83,"z":10.36},"volume":105.43,"type":"VEHICLE","velocity":{"y":0,"x":0,"z":0}}],[{"acceleration":{"y":0.98,"x":0.28,"z":0},"position":{"y":4182675.86,"x":552583.41,"z":10.12},"volume":114.75,"type":"VEHICLE","velocity":{"y":0.95,"x":0.28,"z":0}}],[{"acceleration":{"y":3.6,"x":0.92,"z":0},"position":{"y":4182684.7,"x":552584.97,"z":10.11},"volume":90.34,"type":"VEHICLE","velocity":{"y":2.39,"x":0.65,"z":0}}],[{"acceleration":{"y":4.95,"x":2.17,"z":0},"position":{"y":4182690.24,"x":552587.25,"z":10.19},"volume":44.29,"type":"VEHICLE","velocity":{"y":4.83,"x":1.51,"z":0}},{"acceleration":{"y":0,"x":0,"z":0},"position":{"y":4182673.95,"x":552560.39,"z":10.05},"volume":277.91,"type":"VEHICLE","velocity":{"y":0,"x":0,"z":0}}]],"action_description":"NPC vehicle (BoxTruck) driving on the right lane","ev_state":[-264.363311767578,10.1237773895264,189.954956054688,0,0,0,12,-1,359.987365722656,85.6407089233398,359.642486572266,8.50895075113749],"collision_probability":0}
 timestamp= 1619818216000 [RUN] Validate G1 Guard Condition: 
The ego vehicle E Detection.Collision == True.
 timestamp= 1619818216000 [RES] Global Validate result: 
false
 timestamp= 1619818216000 [RUN] Validate G2 Guard Condition: 
The ego vehicle E Detection.OffRoad == True.
 timestamp= 1619818216000 [RES] Global Validate result: 
false
 timestamp= 1619818216000 [RUN] Validate G3 Guard Condition: 
The ego vehicle E Detection.HardBrake == True.
 timestamp= 1619818216000 [RES] Global Validate result: 
false
 timestamp= 1619818216000 [RUN] Validate G4 Guard Condition: 
The ego vehicle E Detection.ArrivalTest == True.
 timestamp= 1619818216000 [RES] Global Validate result: 
false
 timestamp= 1619818216000 [RUN] Validate step: 
The test system VALIDATES THAT the Apollo A Status.GetControl is nearly equal to {"acceleration": 0.43, "throttle": 18.03, "steering_target": -8.71, "brake": 0.0, "steering_rate": 100.0, "speed": 8.51}
 timestamp= 1619818216000 [RES] Validate result: 
true
 timestamp= 1619818216000 [RUN] Generate steps
 timestamp= 1619818216000 [RUN] Validate step: 
The test system VALIDATES THAT the simulator S Status.GetEnvironment is nearly equal to {"x": -264.36, "y": 10.12, "z": 189.95, "rain": 0.0, "fog": 0.0, "wetness": 0.0, "timeofday": 12.0, "signal": -1.0, "rx": 359.99, "ry": 85.64, "rz": 359.64, "speed": 8.51}
 timestamp= 1619818216000 [RES] Validate result: 
true
 timestamp= 1619818216000 [RUN] Execute API step: 
The environment controller C INVOKES API Control.Agents.NPCVehicle.NPCVehicleMaintainLane(which_lane=Right_Lane&which_car=BoxTruck).
 timestamp= 1619818221000 [RES] API result: 
{"pose_arr":[{"vx":-0.01,"ay":-0.17,"az":9.81,"ax":0.01,"pz":10.12,"vy":-0.01,"px":552612.2,"py":4182676.12},{"vx":1.43,"ay":2.53,"az":9.83,"ax":-0.3,"pz":10.13,"vy":1.43,"px":552615.72,"py":4182676.25},{"vx":0.74,"ay":0.16,"az":9.78,"ax":-4.81,"pz":10.12,"vy":0.74,"px":552619.48,"py":4182676.89},{"vx":0.19,"ay":-0.02,"az":9.81,"ax":2.39,"pz":10.12,"vy":0.19,"px":552623.8,"py":4182677.16},{"vx":1.2,"ay":-0.52,"az":9.8,"ax":-1.42,"pz":10.12,"vy":1.2,"px":552627.09,"py":4182677.34},{"vx":0.33,"ay":-0.07,"az":9.81,"ax":-0.28,"pz":10.12,"vy":0.33,"px":552630.97,"py":4182677.86},{"vx":0.59,"ay":-0.44,"az":9.82,"ax":0.12,"pz":10.12,"vy":0.59,"px":552636,"py":4182678.03},{"vx":0.88,"ay":-0.46,"az":9.81,"ax":-1.38,"pz":10.12,"vy":0.88,"px":552639.91,"py":4182678.33}],"traffic_light":[0,0,0,1,0,1,3],"state_arr":[{"acceleration":-1.84,"throttle":0,"steering_target":5.55,"brake":31.02,"steering_rate":100,"speed":8.55},{"acceleration":-0.99,"throttle":0,"steering_target":15.85,"brake":17.36,"steering_rate":100,"speed":8.07},{"acceleration":0.41,"throttle":18.03,"steering_target":-24.27,"brake":0,"steering_rate":100,"speed":7.44},{"acceleration":0.63,"throttle":15.7,"steering_target":9.9,"brake":0,"steering_rate":100,"speed":7.6},{"acceleration":0.75,"throttle":15.7,"steering_target":9.99,"brake":0,"steering_rate":100,"speed":7.66},{"acceleration":0.68,"throttle":15.7,"steering_target":-16.2,"brake":0,"steering_rate":100,"speed":7.92},{"acceleration":0.79,"throttle":23.58,"steering_target":11.33,"brake":0,"steering_rate":100,"speed":8.1},{"acceleration":0.46,"throttle":18.62,"steering_target":-3.79,"brake":0,"steering_rate":100,"speed":8.37}],"obstacle_arr":[[{"acceleration":{"y":5.58,"x":2.67,"z":0},"position":{"y":4182693.76,"x":552587.54,"z":10.3},"volume":69.6,"type":"VEHICLE","velocity":{"y":7.29,"x":2.68,"z":0}},{"acceleration":{"y":0,"x":0,"z":0},"position":{"y":4182675.2,"x":552561.5,"z":10.58},"volume":73.79,"type":"VEHICLE","velocity":{"y":0,"x":0,"z":0}}],[{"acceleration":{"y":5.6,"x":3.36,"z":0},"position":{"y":4182702.46,"x":552592.66,"z":9.98},"volume":124.06,"type":"VEHICLE","velocity":{"y":10.47,"x":4.38,"z":0}},{"acceleration":{"y":0,"x":-0.01,"z":0},"position":{"y":4182668.37,"x":552608.13,"z":10.35},"volume":125.85,"type":"VEHICLE","velocity":{"y":0,"x":0,"z":0}}],[{"acceleration":{"y":5.08,"x":3.44,"z":0},"position":{"y":4182703,"x":552591.76,"z":10.41},"volume":69.25,"type":"VEHICLE","velocity":{"y":13.41,"x":6.47,"z":0}},{"acceleration":{"y":0,"x":0,"z":0},"position":{"y":4182667.6,"x":552610.43,"z":10.24},"volume":122.26,"type":"VEHICLE","velocity":{"y":0,"x":0,"z":0}}],[{"acceleration":{"y":4.38,"x":2.83,"z":0},"position":{"y":4182711.33,"x":552597.6,"z":10.63},"volume":79.62,"type":"VEHICLE","velocity":{"y":16.35,"x":8.45,"z":0}},{"acceleration":{"y":0,"x":0,"z":0},"position":{"y":4182668.48,"x":552611.77,"z":10.37},"volume":130.65,"type":"VEHICLE","velocity":{"y":0,"x":0,"z":0}}],[{"acceleration":{"y":0,"x":0,"z":0},"position":{"y":4182669.43,"x":552614,"z":10.27},"volume":128.14,"type":"VEHICLE","velocity":{"y":0,"x":0,"z":0}}],[{"acceleration":{"y":0,"x":0,"z":0},"position":{"y":4182669.17,"x":552618.54,"z":10.33},"volume":130.55,"type":"VEHICLE","velocity":{"y":0.01,"x":0.05,"z":0}},{"acceleration":{"y":0,"x":0,"z":0},"position":{"y":4182721.48,"x":552605.45,"z":10.86},"volume":73.94,"type":"VEHICLE","velocity":{"y":0,"x":0,"z":0}}],[{"acceleration":{"y":0.01,"x":0.01,"z":0},"position":{"y":4182670.2,"x":552620.75,"z":10.36},"volume":111,"type":"VEHICLE","velocity":{"y":1.4,"x":5.47,"z":0}}],[{"acceleration":{"y":0,"x":0,"z":0},"position":{"y":4182735.56,"x":552616.74,"z":10.09},"volume":51.54,"type":"VEHICLE","velocity":{"y":0,"x":0,"z":0}}]],"action_description":"NPC vehicle (BoxTruck) driving on the right lane","ev_state":[-232.687255859375,10.1238021850586,192.456130981445,0,0,0,12,-1,359.978302001953,84.0253829956055,359.846405029297,8.435777423919536],"collision_probability":0}
 timestamp= 1619818221000 [RUN] Validate G1 Guard Condition: 
The ego vehicle E Detection.Collision == True.
 timestamp= 1619818221000 [RES] Global Validate result: 
false
 timestamp= 1619818221000 [RUN] Validate G2 Guard Condition: 
The ego vehicle E Detection.OffRoad == True.
 timestamp= 1619818221000 [RES] Global Validate result: 
false
 timestamp= 1619818221000 [RUN] Validate G3 Guard Condition: 
The ego vehicle E Detection.HardBrake == True.
 timestamp= 1619818221000 [RES] Global Validate result: 
false
 timestamp= 1619818221000 [RUN] Validate G4 Guard Condition: 
The ego vehicle E Detection.ArrivalTest == True.
 timestamp= 1619818221000 [RES] Global Validate result: 
false
 timestamp= 1619818221000 [RUN] Validate step: 
The test system VALIDATES THAT the Apollo A Status.GetControl is nearly equal to {"acceleration": 0.46, "throttle": 18.62, "steering_target": -3.79, "brake": 0.0, "steering_rate": 100.0, "speed": 8.37}
 timestamp= 1619818221000 [RES] Validate result: 
true
 timestamp= 1619818221000 [RUN] Generate steps
 timestamp= 1619818221000 [RUN] Validate step: 
The test system VALIDATES THAT the simulator S Status.GetEnvironment is nearly equal to {"x": -232.69, "y": 10.12, "z": 192.46, "rain": 0.0, "fog": 0.0, "wetness": 0.0, "timeofday": 12.0, "signal": -1.0, "rx": 359.98, "ry": 84.03, "rz": 359.85, "speed": 8.44}
 timestamp= 1619818221000 [RES] Validate result: 
true
 timestamp= 1619818221000 [RUN] Execute API step: 
The environment controller C INVOKES API Control.Agents.NPCVehicle.NPCVehicleMaintainLane(which_lane=Right_Lane&which_car=BoxTruck).
 timestamp= 1619818225000 [RES] API result: 
{"pose_arr":[{"vx":-0.14,"ay":-0.21,"az":9.81,"ax":0.55,"pz":10.12,"vy":-0.14,"px":552643.66,"py":4182678.61},{"vx":0.08,"ay":-0.13,"az":9.8,"ax":0.93,"pz":10.12,"vy":0.08,"px":552647.67,"py":4182678.58},{"vx":0.32,"ay":-0.22,"az":9.81,"ax":-0.27,"pz":10.12,"vy":0.32,"px":552651.98,"py":4182678.66},{"vx":-0.07,"ay":-0.21,"az":9.81,"ax":1.26,"pz":10.12,"vy":-0.07,"px":552656.42,"py":4182678.78},{"vx":0.73,"ay":-0.34,"az":9.81,"ax":-1.11,"pz":10.12,"vy":0.73,"px":552660.79,"py":4182678.83},{"vx":-0.06,"ay":-0.16,"az":9.8,"ax":0.55,"pz":10.12,"vy":-0.06,"px":552665.22,"py":4182679.14},{"vx":0.01,"ay":-0.05,"az":9.81,"ax":1.44,"pz":10.12,"vy":0.01,"px":552669.71,"py":4182679.1},{"vx":0.66,"ay":-0.25,"az":9.81,"ax":-0.64,"pz":10.12,"vy":0.66,"px":552674.33,"py":4182679.21}],"traffic_light":[0,1,1,0,0,0,1,0],"state_arr":[{"acceleration":0.8,"throttle":15.7,"steering_target":-14.02,"brake":0,"steering_rate":100,"speed":8.44},{"acceleration":0.62,"throttle":15.7,"steering_target":7.2,"brake":0,"steering_rate":100,"speed":8.49},{"acceleration":0.65,"throttle":15.7,"steering_target":3.44,"brake":0,"steering_rate":100,"speed":8.59},{"acceleration":0.61,"throttle":15.7,"steering_target":-5.52,"brake":0,"steering_rate":100,"speed":8.69},{"acceleration":0.11,"throttle":15.7,"steering_target":10.63,"brake":0,"steering_rate":100,"speed":8.79},{"acceleration":0.25,"throttle":15.7,"steering_target":-1.56,"brake":0,"steering_rate":100,"speed":8.88},{"acceleration":0.2,"throttle":15.7,"steering_target":-8.75,"brake":0,"steering_rate":100,"speed":8.93},{"acceleration":0.09,"throttle":15.7,"steering_target":11.09,"brake":0,"steering_rate":100,"speed":9.03},{"acceleration":0,"throttle":0,"steering_target":-5.37,"brake":14.5,"steering_rate":100,"speed":9.11}],"obstacle_arr":[[],[{"acceleration":{"y":0,"x":0,"z":0},"position":{"y":4182670.17,"x":552641.75,"z":10.36},"volume":133.01,"type":"VEHICLE","velocity":{"y":0,"x":0,"z":0}}],[],[{"acceleration":{"y":0.02,"x":0.01,"z":0},"position":{"y":4182691.39,"x":552592.85,"z":11.57},"volume":60.81,"type":"VEHICLE","velocity":{"y":0,"x":0,"z":0}}],[{"acceleration":{"y":0,"x":0,"z":0},"position":{"y":4182671.08,"x":552647.05,"z":10.26},"volume":165.35,"type":"VEHICLE","velocity":{"y":0,"x":0,"z":0}}],[],[{"acceleration":{"y":-0.01,"x":-0.01,"z":0},"position":{"y":4182672.71,"x":552639.49,"z":10.34},"volume":187.15,"type":"VEHICLE","velocity":{"y":0,"x":0,"z":0}}],[{"acceleration":{"y":0,"x":0,"z":0},"position":{"y":4182673.54,"x":552643.3,"z":10.18},"volume":83.91,"type":"VEHICLE","velocity":{"y":0,"x":0,"z":0}}]],"action_description":"NPC vehicle (BoxTruck) driving on the right lane","ev_state":[-197.62565612793,10.1236133575439,193.330230712891,0,0,0,12,-1,359.986236572266,85.7947616577148,359.791198730469,9.13070176131285],"collision_probability":0}
 timestamp= 1619818225000 [RUN] Validate G1 Guard Condition: 
The ego vehicle E Detection.Collision == True.
 timestamp= 1619818225000 [RES] Global Validate result: 
false
 timestamp= 1619818225000 [RUN] Validate G2 Guard Condition: 
The ego vehicle E Detection.OffRoad == True.
 timestamp= 1619818225000 [RES] Global Validate result: 
false
 timestamp= 1619818225000 [RUN] Validate G3 Guard Condition: 
The ego vehicle E Detection.HardBrake == True.
 timestamp= 1619818225000 [RES] Global Validate result: 
false
 timestamp= 1619818225000 [RUN] Validate G4 Guard Condition: 
The ego vehicle E Detection.ArrivalTest == True.
 timestamp= 1619818225000 [RES] Global Validate result: 
false
 timestamp= 1619818225000 [RUN] Validate step: 
The test system VALIDATES THAT the Apollo A Status.GetControl is nearly equal to {"acceleration": -0.0, "throttle": 0.0, "steering_target": -5.37, "brake": 14.5, "steering_rate": 100.0, "speed": 9.11}
 timestamp= 1619818225000 [RES] Validate result: 
true
 timestamp= 1619818225000 [RUN] Generate steps
 timestamp= 1619818225000 [RUN] Validate step: 
The test system VALIDATES THAT the simulator S Status.GetEnvironment is nearly equal to {"x": -197.63, "y": 10.12, "z": 193.33, "rain": 0.0, "fog": 0.0, "wetness": 0.0, "timeofday": 12.0, "signal": -1.0, "rx": 359.99, "ry": 85.79, "rz": 359.79, "speed": 9.13}
 timestamp= 1619818225000 [RES] Validate result: 
true
 timestamp= 1619818225000 [RUN] Execute API step: 
The environment controller C INVOKES API Control.Agents.NPCVehicle.NPCVehicleMaintainLane(which_lane=Right_Lane&which_car=BoxTruck).
 timestamp= 1619818230000 [RES] API result: 
{"pose_arr":[{"vx":-0.1,"ay":0.7,"az":9.82,"ax":0.26,"pz":10.12,"vy":-0.1,"px":552677.85,"py":4182679.42},{"vx":-0.21,"ay":-0.19,"az":9.79,"ax":-0.15,"pz":10.12,"vy":-0.21,"px":552681.99,"py":4182679.32},{"vx":0.02,"ay":0.63,"az":9.81,"ax":0.01,"pz":10.12,"vy":0.02,"px":552687.51,"py":4182679.28},{"vx":0.12,"ay":0.62,"az":9.8,"ax":-0.03,"pz":10.12,"vy":0.12,"px":552690.74,"py":4182679.3},{"vx":0.11,"ay":0.61,"az":9.81,"ax":0.03,"pz":10.12,"vy":0.11,"px":552694.43,"py":4182679.36},{"vx":0.04,"ay":0.6,"az":9.81,"ax":-0.02,"pz":10.12,"vy":0.04,"px":552697.73,"py":4182679.4},{"vx":0.05,"ay":0.93,"az":9.82,"ax":0,"pz":10.12,"vy":0.05,"px":552701.55,"py":4182679.42},{"vx":0.04,"ay":0.59,"az":9.81,"ax":0,"pz":10.12,"vy":0.04,"px":552705.08,"py":4182679.45}],"traffic_light":[0,1,1,1,1,3,1,3],"state_arr":[{"acceleration":-0.1,"throttle":0,"steering_target":-13.16,"brake":14.5,"steering_rate":100,"speed":9.13},{"acceleration":0.04,"throttle":15.7,"steering_target":7.76,"brake":0,"steering_rate":100,"speed":8.79},{"acceleration":-0.19,"throttle":0,"steering_target":-0.6,"brake":14.5,"steering_rate":100,"speed":8.78},{"acceleration":-0.29,"throttle":0,"steering_target":2.01,"brake":14.5,"steering_rate":100,"speed":8.46},{"acceleration":-0.17,"throttle":0,"steering_target":0.24,"brake":14.5,"steering_rate":100,"speed":8.18},{"acceleration":-0.19,"throttle":0,"steering_target":-1.29,"brake":14.5,"steering_rate":100,"speed":7.9},{"acceleration":-0.24,"throttle":0,"steering_target":0.47,"brake":14.5,"steering_rate":100,"speed":7.66},{"acceleration":-0.47,"throttle":0,"steering_target":-0.46,"brake":14.59,"steering_rate":100,"speed":7.43},{"acceleration":-0.4,"throttle":0,"steering_target":0.48,"brake":14.5,"steering_rate":100,"speed":7.02},{"acceleration":-0.55,"throttle":0,"steering_target":0.14,"brake":14.5,"steering_rate":100,"speed":6.79}],"obstacle_arr":[[{"acceleration":{"y":0,"x":0.01,"z":0},"position":{"y":4182674.4,"x":552645.62,"z":10.53},"volume":13.31,"type":"VEHICLE","velocity":{"y":0,"x":0,"z":0}}],[{"acceleration":{"y":0.01,"x":0.01,"z":0},"position":{"y":4182676.18,"x":552649.22,"z":10.63},"volume":8.36,"type":"VEHICLE","velocity":{"y":0,"x":0,"z":0}},{"acceleration":{"y":0.01,"x":0,"z":0},"position":{"y":4182673.34,"x":552656.31,"z":10.41},"volume":103.18,"type":"VEHICLE","velocity":{"y":0,"x":0,"z":0}}],[],[{"acceleration":{"y":0,"x":0,"z":0},"position":{"y":4182675.76,"x":552661.31,"z":10.4},"volume":97.58,"type":"VEHICLE","velocity":{"y":0.47,"x":1.44,"z":0}}],[{"acceleration":{"y":0,"x":0,"z":0},"position":{"y":4182676.67,"x":552665.62,"z":10.38},"volume":86.06,"type":"VEHICLE","velocity":{"y":0.49,"x":1.5,"z":0}}],[{"acceleration":{"y":0,"x":0,"z":0},"position":{"y":4182677.86,"x":552668.38,"z":10.49},"volume":66.64,"type":"VEHICLE","velocity":{"y":0.51,"x":1.58,"z":0}}],[{"acceleration":{"y":0,"x":0,"z":0},"position":{"y":4182677.94,"x":552670.94,"z":10.41},"volume":55.95,"type":"VEHICLE","velocity":{"y":0.52,"x":1.67,"z":0}}],[{"acceleration":{"y":0,"x":0,"z":0},"position":{"y":4182678.59,"x":552676.23,"z":10.73},"volume":1.2,"type":"VEHICLE","velocity":{"y":0.51,"x":1.77,"z":0}}]],"action_description":"NPC vehicle (BoxTruck) driving on the right lane","ev_state":[-165.350234985352,10.1241207122803,193.448883056641,0,0,0,12,-1,0.0350562855601311,89.5644073486328,359.989776611328,6.791972953000393],"collision_probability":0}
 timestamp= 1619818230000 [RUN] Validate G1 Guard Condition: 
The ego vehicle E Detection.Collision == True.
 timestamp= 1619818230000 [RES] Global Validate result: 
false
 timestamp= 1619818230000 [RUN] Validate G2 Guard Condition: 
The ego vehicle E Detection.OffRoad == True.
 timestamp= 1619818230000 [RES] Global Validate result: 
false
 timestamp= 1619818230000 [RUN] Validate G3 Guard Condition: 
The ego vehicle E Detection.HardBrake == True.
 timestamp= 1619818230000 [RES] Global Validate result: 
false
 timestamp= 1619818230000 [RUN] Validate G4 Guard Condition: 
The ego vehicle E Detection.ArrivalTest == True.
 timestamp= 1619818230000 [RES] Global Validate result: 
false
 timestamp= 1619818230000 [RUN] Validate step: 
The test system VALIDATES THAT the Apollo A Status.GetControl is nearly equal to {"acceleration": -0.55, "throttle": 0.0, "steering_target": 0.14, "brake": 14.5, "steering_rate": 100.0, "speed": 6.79}
 timestamp= 1619818230000 [RES] Validate result: 
true
 timestamp= 1619818230000 [RUN] Generate steps
 timestamp= 1619818230000 [RUN] Validate step: 
The test system VALIDATES THAT the simulator S Status.GetEnvironment is nearly equal to {"x": -165.35, "y": 10.12, "z": 193.45, "rain": 0.0, "fog": 0.0, "wetness": 0.0, "timeofday": 12.0, "signal": -1.0, "rx": 0.04, "ry": 89.56, "rz": 359.99, "speed": 6.79}
 timestamp= 1619818230000 [RES] Validate result: 
true
 timestamp= 1619818230000 [RUN] Execute API step: 
The environment controller C INVOKES API Control.Agents.NPCVehicle.NPCVehicleMaintainLane(which_lane=Right_Lane&which_car=BoxTruck).
 timestamp= 1619818235000 [RES] API result: 
{"pose_arr":[{"vx":0.06,"ay":0.58,"az":9.81,"ax":-0.01,"pz":10.12,"vy":0.06,"px":552706.91,"py":4182679.46},{"vx":0.06,"ay":0.67,"az":9.81,"ax":-0.02,"pz":10.13,"vy":0.06,"px":552709.59,"py":4182679.48},{"vx":0.05,"ay":0.62,"az":9.81,"ax":0,"pz":10.13,"vy":0.05,"px":552713.56,"py":4182679.51},{"vx":0.04,"ay":0.68,"az":9.78,"ax":-0.01,"pz":10.13,"vy":0.04,"px":552716.08,"py":4182679.53},{"vx":0.04,"ay":0.58,"az":9.81,"ax":0,"pz":10.13,"vy":0.04,"px":552718.85,"py":4182679.56},{"vx":0.03,"ay":2.62,"az":9.82,"ax":-0.02,"pz":10.13,"vy":0.03,"px":552721.08,"py":4182679.57},{"vx":0.03,"ay":0.51,"az":9.81,"ax":0,"pz":10.13,"vy":0.03,"px":552723.02,"py":4182679.59},{"vx":0.02,"ay":0.51,"az":9.81,"ax":-0.01,"pz":10.13,"vy":0.02,"px":552724.86,"py":4182679.6},{"vx":0.02,"ay":0.63,"az":9.81,"ax":0,"pz":10.13,"vy":0.02,"px":552726.41,"py":4182679.61}],"traffic_light":[3,3,3,3,3,3,3,3],"state_arr":[{"acceleration":-0.57,"throttle":0,"steering_target":0.05,"brake":16.87,"steering_rate":100,"speed":6.46},{"acceleration":-0.72,"throttle":0,"steering_target":-0.01,"brake":16.35,"steering_rate":100,"speed":6.17},{"acceleration":-0.44,"throttle":0,"steering_target":-0.03,"brake":14.5,"steering_rate":100,"speed":5.39},{"acceleration":-0.65,"throttle":0,"steering_target":-0.02,"brake":15.83,"steering_rate":100,"speed":5.16},{"acceleration":-0.88,"throttle":0,"steering_target":-0.05,"brake":38.26,"steering_rate":100,"speed":4.94},{"acceleration":-0.15,"throttle":0,"steering_target":-0.04,"brake":14.5,"steering_rate":100,"speed":3.84},{"acceleration":-0.34,"throttle":0,"steering_target":-0.06,"brake":14.5,"steering_rate":100,"speed":3.58},{"acceleration":-0.52,"throttle":0,"steering_target":-0.07,"brake":14.5,"steering_rate":100,"speed":3.32},{"acceleration":-0.65,"throttle":0,"steering_target":-0.07,"brake":15.98,"steering_rate":100,"speed":3.03}],"obstacle_arr":[[{"acceleration":{"y":0,"x":0,"z":0},"position":{"y":4182678.49,"x":552677.75,"z":10.56},"volume":7.5,"type":"VEHICLE","velocity":{"y":0.5,"x":1.81,"z":0}}],[{"acceleration":{"y":0,"x":-0.03,"z":0},"position":{"y":4182678.42,"x":552679.33,"z":10.43},"volume":12.96,"type":"VEHICLE","velocity":{"y":-0.02,"x":1.21,"z":0}}],[{"acceleration":{"y":0.06,"x":-1.74,"z":0},"position":{"y":4182678.45,"x":552682.85,"z":10.41},"volume":5.54,"type":"VEHICLE","velocity":{"y":0,"x":0,"z":0}},{"acceleration":{"y":0,"x":-0.01,"z":0},"position":{"y":4182671.91,"x":552709.97,"z":10.11},"volume":172.07,"type":"VEHICLE","velocity":{"y":0,"x":0,"z":0}}],[{"acceleration":{"y":-0.02,"x":-0.39,"z":0},"position":{"y":4182678.45,"x":552684.69,"z":10.4},"volume":13.7,"type":"VEHICLE","velocity":{"y":0,"x":0,"z":0}},{"acceleration":{"y":0,"x":0,"z":0},"position":{"y":4182672.28,"x":552711.69,"z":10.11},"volume":114.19,"type":"VEHICLE","velocity":{"y":0,"x":0,"z":0}}],[{"acceleration":{"y":0,"x":-0.02,"z":0},"position":{"y":4182678.5,"x":552688.07,"z":10.39},"volume":13.19,"type":"VEHICLE","velocity":{"y":0,"x":0,"z":0}},{"acceleration":{"y":0,"x":0,"z":0},"position":{"y":4182672.77,"x":552712.13,"z":10.11},"volume":164.43,"type":"VEHICLE","velocity":{"y":0,"x":0,"z":0}}],[{"acceleration":{"y":0.11,"x":1.22,"z":0},"position":{"y":4182678.57,"x":552691.64,"z":10.55},"volume":7.68,"type":"VEHICLE","velocity":{"y":0.1,"x":1.09,"z":0}},{"acceleration":{"y":0,"x":0,"z":0},"position":{"y":4182673.59,"x":552712.49,"z":10.09},"volume":125.47,"type":"VEHICLE","velocity":{"y":0,"x":0,"z":0}}],[{"acceleration":{"y":-0.1,"x":0.92,"z":0},"position":{"y":4182678.62,"x":552695.56,"z":10.68},"volume":1.36,"type":"VEHICLE","velocity":{"y":-0.01,"x":1.21,"z":0}},{"acceleration":{"y":0.27,"x":0.74,"z":0},"position":{"y":4182673.96,"x":552714.09,"z":10.12},"volume":153.09,"type":"VEHICLE","velocity":{"y":0.3,"x":0.81,"z":0}}],[{"acceleration":{"y":0.04,"x":-0.58,"z":0},"position":{"y":4182678.92,"x":552698.73,"z":10.75},"volume":2.63,"type":"VEHICLE","velocity":{"y":0.04,"x":0.61,"z":0}},{"acceleration":{"y":-0.09,"x":1.35,"z":0},"position":{"y":4182674.52,"x":552716.62,"z":10.12},"volume":104.63,"type":"VEHICLE","velocity":{"y":0.14,"x":1.99,"z":0}}]],"action_description":"NPC vehicle (BoxTruck) driving on the right lane","ev_state":[-146.070358276367,10.1246757507324,193.605422973633,0,0,0,12,1,0.0352568067610264,89.5940856933594,0.00054117088438943,3.0318373111042454],"collision_probability":0}
 timestamp= 1619818235000 [RUN] Validate G1 Guard Condition: 
The ego vehicle E Detection.Collision == True.
 timestamp= 1619818235000 [RES] Global Validate result: 
false
 timestamp= 1619818235000 [RUN] Validate G2 Guard Condition: 
The ego vehicle E Detection.OffRoad == True.
 timestamp= 1619818235000 [RES] Global Validate result: 
false
 timestamp= 1619818235000 [RUN] Validate G3 Guard Condition: 
The ego vehicle E Detection.HardBrake == True.
 timestamp= 1619818235000 [RES] Global Validate result: 
false
 timestamp= 1619818235000 [RUN] Validate G4 Guard Condition: 
The ego vehicle E Detection.ArrivalTest == True.
 timestamp= 1619818235000 [RES] Global Validate result: 
false
 timestamp= 1619818235000 [RUN] Validate step: 
The test system VALIDATES THAT the Apollo A Status.GetControl is nearly equal to {"acceleration": -0.65, "throttle": 0.0, "steering_target": -0.07, "brake": 15.98, "steering_rate": 100.0, "speed": 3.03}
 timestamp= 1619818235000 [RES] Validate result: 
true
 timestamp= 1619818235000 [RUN] Generate steps
 timestamp= 1619818235000 [RUN] Validate step: 
The test system VALIDATES THAT the simulator S Status.GetEnvironment is nearly equal to {"x": -146.07, "y": 10.12, "z": 193.61, "rain": 0.0, "fog": 0.0, "wetness": 0.0, "timeofday": 12.0, "signal": 1.0, "rx": 0.04, "ry": 89.59, "rz": 0.0, "speed": 3.03}
 timestamp= 1619818235000 [RES] Validate result: 
true
 timestamp= 1619818235000 [RUN] Execute API step: 
The environment controller C INVOKES API Control.Agents.NPCVehicle.NPCVehicleMaintainLane(which_lane=Right_Lane&which_car=BoxTruck).
 timestamp= 1619818240000 [RES] API result: 
{"pose_arr":[{"vx":0.02,"ay":0.91,"az":9.81,"ax":-0.01,"pz":10.13,"vy":0.02,"px":552727.52,"py":4182679.62},{"vx":0.01,"ay":1.91,"az":9.81,"ax":-0.01,"pz":10.13,"vy":0.01,"px":552728.76,"py":4182679.63},{"vx":0.01,"ay":0.79,"az":9.81,"ax":0,"pz":10.13,"vy":0.01,"px":552729.5,"py":4182679.64},{"vx":0.01,"ay":0.47,"az":9.81,"ax":0,"pz":10.13,"vy":0.01,"px":552730.24,"py":4182679.64},{"vx":0.01,"ay":0.47,"az":9.81,"ax":0,"pz":10.13,"vy":0.01,"px":552730.63,"py":4182679.64},{"vx":0.01,"ay":-3.27,"az":9.79,"ax":0.02,"pz":10.12,"vy":0.01,"px":552731.09,"py":4182679.65},{"vx":0.01,"ay":1.46,"az":9.83,"ax":-0.01,"pz":10.12,"vy":0.01,"px":552731.94,"py":4182679.65},{"vx":0.01,"ay":0.8,"az":9.81,"ax":0,"pz":10.13,"vy":0.01,"px":552732.69,"py":4182679.66},{"vx":0.01,"ay":0.82,"az":9.81,"ax":0,"pz":10.13,"vy":0.01,"px":552733.25,"py":4182679.66}],"traffic_light":[3,3,3,3,3,3,3,3],"state_arr":[{"acceleration":-1,"throttle":0,"steering_target":-0.07,"brake":20.52,"steering_rate":100,"speed":3.03},{"acceleration":-1.62,"throttle":0,"steering_target":-0.11,"brake":27.24,"steering_rate":100,"speed":2.59},{"acceleration":-1.01,"throttle":0,"steering_target":-0.05,"brake":21.08,"steering_rate":100,"speed":1.74},{"acceleration":-0.12,"throttle":0,"steering_target":-0.06,"brake":14.5,"steering_rate":100,"speed":1.32},{"acceleration":-0.02,"throttle":0,"steering_target":-0.07,"brake":14.5,"steering_rate":100,"speed":1.1},{"acceleration":0.01,"throttle":45.67,"steering_target":-0.08,"brake":0,"steering_rate":100,"speed":0.95},{"acceleration":-0.25,"throttle":0,"steering_target":-0.07,"brake":14.5,"steering_rate":100,"speed":1.36},{"acceleration":-0.83,"throttle":0,"steering_target":-0.1,"brake":19.04,"steering_rate":100,"speed":1.96},{"acceleration":-0.86,"throttle":0,"steering_target":-0.07,"brake":19.43,"steering_rate":100,"speed":1.52},{"acceleration":-3,"throttle":0,"steering_target":-0.08,"brake":41.3,"steering_rate":100,"speed":1.11}],"obstacle_arr":[[{"acceleration":{"y":-0.06,"x":-1.24,"z":0},"position":{"y":4182678.96,"x":552701.82,"z":10.86},"volume":1.42,"type":"VEHICLE","velocity":{"y":0,"x":0,"z":0}},{"acceleration":{"y":-0.07,"x":0.64,"z":0},"position":{"y":4182674.45,"x":552719.35,"z":10.37},"volume":108.47,"type":"VEHICLE","velocity":{"y":0.06,"x":2.05,"z":0}}],[{"acceleration":{"y":-0.02,"x":-0.28,"z":0},"position":{"y":4182678.97,"x":552704.9,"z":10.37},"volume":6.84,"type":"VEHICLE","velocity":{"y":0,"x":0,"z":0}},{"acceleration":{"y":0.28,"x":0.2,"z":0},"position":{"y":4182675.41,"x":552721.6,"z":10.38},"volume":80.83,"type":"VEHICLE","velocity":{"y":0.3,"x":2.34,"z":0}}],[{"acceleration":{"y":0,"x":-0.01,"z":0},"position":{"y":4182678.85,"x":552708.16,"z":10.63},"volume":7.47,"type":"VEHICLE","velocity":{"y":0,"x":0,"z":0}},{"acceleration":{"y":0.07,"x":1.17,"z":0},"position":{"y":4182675.61,"x":552722.33,"z":10.38},"volume":91.27,"type":"VEHICLE","velocity":{"y":0.27,"x":3.03,"z":0}}],[{"acceleration":{"y":0,"x":0,"z":0},"position":{"y":4182679.11,"x":552711.99,"z":10.86},"volume":2.99,"type":"VEHICLE","velocity":{"y":0,"x":0,"z":0}},{"acceleration":{"y":0.03,"x":-0.17,"z":0},"position":{"y":4182675.81,"x":552723.48,"z":10.41},"volume":71.26,"type":"VEHICLE","velocity":{"y":0.39,"x":2.62,"z":0}}],[{"acceleration":{"y":0,"x":0,"z":0},"position":{"y":4182679,"x":552714.93,"z":10.66},"volume":3.67,"type":"VEHICLE","velocity":{"y":0,"x":0,"z":0}},{"acceleration":{"y":-0.42,"x":-2.85,"z":0},"position":{"y":4182675.53,"x":552723.18,"z":10.39},"volume":97.36,"type":"VEHICLE","velocity":{"y":0.04,"x":0.67,"z":0}}],[{"acceleration":{"y":0,"x":0,"z":0},"position":{"y":4182679.19,"x":552718.13,"z":10.68},"volume":1.92,"type":"VEHICLE","velocity":{"y":0,"x":0,"z":0}},{"acceleration":{"y":-0.17,"x":-1.76,"z":0},"position":{"y":4182675.54,"x":552724.03,"z":10.38},"volume":109.75,"type":"VEHICLE","velocity":{"y":0,"x":0,"z":0}}],[{"acceleration":{"y":0,"x":0,"z":0},"position":{"y":4182679.37,"x":552721.13,"z":10.69},"volume":5.86,"type":"VEHICLE","velocity":{"y":0,"x":0,"z":0}},{"acceleration":{"y":0.09,"x":1.13,"z":0},"position":{"y":4182675.67,"x":552726.08,"z":10.38},"volume":93.82,"type":"VEHICLE","velocity":{"y":0.09,"x":1.13,"z":0}}],[{"acceleration":{"y":0,"x":0,"z":0},"position":{"y":4182679.29,"x":552724.14,"z":10.46},"volume":15.02,"type":"VEHICLE","velocity":{"y":0,"x":0,"z":0}},{"acceleration":{"y":0.19,"x":2.59,"z":0},"position":{"y":4182675.68,"x":552728.62,"z":10.41},"volume":89.83,"type":"VEHICLE","velocity":{"y":0.21,"x":2.62,"z":0}}]],"action_description":"NPC vehicle (BoxTruck) driving on the right lane","ev_state":[-139.377670288086,10.1248073577881,193.646575927734,0,0,0,12,1,0.0494982637465,89.6717529296875,0.0000638412820990197,1.1142098125971083],"collision_probability":0}
 timestamp= 1619818240000 [RUN] Validate G1 Guard Condition: 
The ego vehicle E Detection.Collision == True.
 timestamp= 1619818240000 [RES] Global Validate result: 
false
 timestamp= 1619818240000 [RUN] Validate G2 Guard Condition: 
The ego vehicle E Detection.OffRoad == True.
 timestamp= 1619818240000 [RES] Global Validate result: 
false
 timestamp= 1619818240000 [RUN] Validate G3 Guard Condition: 
The ego vehicle E Detection.HardBrake == True.
 timestamp= 1619818240000 [RES] Global Validate result: 
false
 timestamp= 1619818240000 [RUN] Validate G4 Guard Condition: 
The ego vehicle E Detection.ArrivalTest == True.
 timestamp= 1619818240000 [RES] Global Validate result: 
true
 timestamp= 1619818240000 [RUN] ArrivalTest == True
 timestamp= 1619818240000 [RUN] The simulator S INVOKES API Command.Simulation.Stop() to stop simulation.
 timestamp= 1619818240000 [WARNING] The test system Stop the Simulator S!
 timestamp= 1619818240000 [RES] Basic PostCondition Validate result: 
true
 timestamp= 1619818240000 [STOP] numberOfStep: 43 basicFlow: 
[{"name":"","description":"","eClass":"Sentence","content":"The test system VALIDATES THAT the simulator S Status.GetEnvironment is nearly equal to {\"x\": -439.95, \"y\": 10.12, \"z\": 215.51, \"rain\": 0.0, \"fog\": 0.0, \"wetness\": 0.0, \"timeofday\": 12.0, \"signal\": 1.0, \"rx\": 359.95, \"ry\": 210.08, \"rz\": -0.0, \"speed\": 2.42}","natures":[]},{"name":"","description":"","eClass":"Sentence","content":"The environment controller C INVOKES API Control.Agents.NPCVehicle.NPCVehicleMaintainLane(which_lane=Right_Lane&which_car=BoxTruck).","natures":[]},{"name":"","description":"","eClass":"Sentence","content":"The test system VALIDATES THAT the Apollo A Status.GetControl is nearly equal to {\"acceleration\": -0.03, \"throttle\": 0.0, \"steering_target\": 14.87, \"brake\": 14.5, \"steering_rate\": 100.0, \"speed\": 3.19}","natures":[]},{"name":"","description":"","eClass":"Sentence","content":"The test system VALIDATES THAT the simulator S Status.GetEnvironment is nearly equal to {\"x\": -445.91, \"y\": 10.12, \"z\": 204.79, \"rain\": 0.0, \"fog\": 0.0, \"wetness\": 0.0, \"timeofday\": 12.0, \"signal\": 1.0, \"rx\": 0.03, \"ry\": 205.78, \"rz\": 359.92, \"speed\": 3.19}","natures":[]},{"name":"","description":"","eClass":"Sentence","content":"The environment controller C INVOKES API Control.Agents.NPCVehicle.NPCVehicleMaintainLane(which_lane=Right_Lane&which_car=BoxTruck).","natures":[]},{"name":"","description":"","eClass":"Sentence","content":"The test system VALIDATES THAT the Apollo A Status.GetControl is nearly equal to {\"acceleration\": -0.61, \"throttle\": 0.0, \"steering_target\": 66.79, \"brake\": 15.38, \"steering_rate\": 100.0, \"speed\": 2.98}","natures":[]},{"name":"","description":"","eClass":"Sentence","content":"The test system VALIDATES THAT the simulator S Status.GetEnvironment is nearly equal to {\"x\": -444.63, \"y\": 10.12, \"z\": 193.23, \"rain\": 0.0, \"fog\": 0.0, \"wetness\": 0.0, \"timeofday\": 12.0, \"signal\": 0.0, \"rx\": 0.07, \"ry\": 137.27, \"rz\": 359.67, \"speed\": 2.7}","natures":[]},{"name":"","description":"","eClass":"Sentence","content":"The environment controller C INVOKES API Control.Agents.NPCVehicle.NPCVehicleMaintainLane(which_lane=Right_Lane&which_car=BoxTruck).","natures":[]},{"name":"","description":"","eClass":"Sentence","content":"The test system VALIDATES THAT the Apollo A Status.GetControl is nearly equal to {\"acceleration\": 1.02, \"throttle\": 15.7, \"steering_target\": -1.47, \"brake\": 0.0, \"steering_rate\": 100.0, \"speed\": 6.15}","natures":[]},{"name":"","description":"","eClass":"Sentence","content":"The test system VALIDATES THAT the simulator S Status.GetEnvironment is nearly equal to {\"x\": -427.82, \"y\": 10.12, \"z\": 189.64, \"rain\": 0.0, \"fog\": 0.0, \"wetness\": 0.0, \"timeofday\": 12.0, \"signal\": -1.0, \"rx\": 359.97, \"ry\": 89.87, \"rz\": 359.83, \"speed\": 6.15}","natures":[]},{"name":"","description":"","eClass":"Sentence","content":"The environment controller C INVOKES API Control.Agents.NPCVehicle.NPCVehicleMaintainLane(which_lane=Right_Lane&which_car=BoxTruck).","natures":[]},{"name":"","description":"","eClass":"Sentence","content":"The test system VALIDATES THAT the Apollo A Status.GetControl is nearly equal to {\"acceleration\": 0.04, \"throttle\": 15.7, \"steering_target\": -0.42, \"brake\": 0.0, \"steering_rate\": 100.0, \"speed\": 8.28}","natures":[]},{"name":"","description":"","eClass":"Sentence","content":"The test system VALIDATES THAT the simulator S Status.GetEnvironment is nearly equal to {\"x\": -398.37, \"y\": 10.12, \"z\": 189.91, \"rain\": 0.0, \"fog\": 0.0, \"wetness\": 0.0, \"timeofday\": 12.0, \"signal\": -1.0, \"rx\": 359.97, \"ry\": 89.12, \"rz\": 359.97, \"speed\": 8.28}","natures":[]},{"name":"","description":"","eClass":"Sentence","content":"The environment controller C INVOKES API Control.Agents.NPCVehicle.NPCVehicleMaintainLane(which_lane=Right_Lane&which_car=BoxTruck).","natures":[]},{"name":"","description":"","eClass":"Sentence","content":"The test system VALIDATES THAT the Apollo A Status.GetControl is nearly equal to {\"acceleration\": -0.29, \"throttle\": 0.0, \"steering_target\": -0.56, \"brake\": 14.5, \"steering_rate\": 100.0, \"speed\": 8.56}","natures":[]},{"name":"","description":"","eClass":"Sentence","content":"The test system VALIDATES THAT the simulator S Status.GetEnvironment is nearly equal to {\"x\": -363.85, \"y\": 10.12, \"z\": 190.12, \"rain\": 0.0, \"fog\": 0.0, \"wetness\": 0.0, \"timeofday\": 12.0, \"signal\": 1.0, \"rx\": 0.0, \"ry\": 89.51, \"rz\": 359.96, \"speed\": 8.56}","natures":[]},{"name":"","description":"","eClass":"Sentence","content":"The environment controller C INVOKES API Control.Agents.NPCVehicle.NPCVehicleMaintainLane(which_lane=Right_Lane&which_car=BoxTruck).","natures":[]},{"name":"","description":"","eClass":"Sentence","content":"The test system VALIDATES THAT the Apollo A Status.GetControl is nearly equal to {\"acceleration\": -0.08, \"throttle\": 0.0, \"steering_target\": -0.31, \"brake\": 14.5, \"steering_rate\": 100.0, \"speed\": 8.85}","natures":[]},{"name":"","description":"","eClass":"Sentence","content":"The test system VALIDATES THAT the simulator S Status.GetEnvironment is nearly equal to {\"x\": -329.45, \"y\": 10.12, \"z\": 190.25, \"rain\": 0.0, \"fog\": 0.0, \"wetness\": 0.0, \"timeofday\": 12.0, \"signal\": 0.0, \"rx\": 359.99, \"ry\": 89.88, \"rz\": -0.0, \"speed\": 8.86}","natures":[]},{"name":"","description":"","eClass":"Sentence","content":"The environment controller C INVOKES API Control.Agents.NPCVehicle.NPCVehicleMaintainLane(which_lane=Right_Lane&which_car=BoxTruck).","natures":[]},{"name":"","description":"","eClass":"Sentence","content":"The test system VALIDATES THAT the Apollo A Status.GetControl is nearly equal to {\"acceleration\": -0.86, \"throttle\": 0.0, \"steering_target\": -0.18, \"brake\": 19.71, \"steering_rate\": 100.0, \"speed\": 0.72}","natures":[]},{"name":"","description":"","eClass":"Sentence","content":"The test system VALIDATES THAT the simulator S Status.GetEnvironment is nearly equal to {\"x\": -309.0, \"y\": 10.12, \"z\": 190.16, \"rain\": 0.0, \"fog\": 0.0, \"wetness\": 0.0, \"timeofday\": 12.0, \"signal\": -1.0, \"rx\": 0.08, \"ry\": 90.47, \"rz\": -0.0, \"speed\": 0.72}","natures":[]},{"name":"","description":"","eClass":"Sentence","content":"The environment controller C INVOKES API Control.Agents.NPCVehicle.NPCVehicleSwitchLane(which_lane=Right_Lane&which_car=Jeep).","natures":[]},{"name":"","description":"","eClass":"Sentence","content":"The test system VALIDATES THAT the Apollo A Status.GetControl is nearly equal to {\"acceleration\": 1.29, \"throttle\": 41.52, \"steering_target\": 0.26, \"brake\": 0.0, \"steering_rate\": 100.0, \"speed\": 5.38}","natures":[]},{"name":"","description":"","eClass":"Sentence","content":"The test system VALIDATES THAT the simulator S Status.GetEnvironment is nearly equal to {\"x\": -295.24, \"y\": 10.12, \"z\": 190.0, \"rain\": 0.0, \"fog\": 0.0, \"wetness\": 0.0, \"timeofday\": 12.0, \"signal\": -1.0, \"rx\": 359.96, \"ry\": 90.77, \"rz\": 359.99, \"speed\": 5.56}","natures":[]},{"name":"","description":"","eClass":"Sentence","content":"The environment controller C INVOKES API Control.Agents.NPCVehicle.NPCVehicleMaintainLane(which_lane=Right_Lane&which_car=BoxTruck).","natures":[]},{"name":"","description":"","eClass":"Sentence","content":"The test system VALIDATES THAT the Apollo A Status.GetControl is nearly equal to {\"acceleration\": 0.43, \"throttle\": 18.03, \"steering_target\": -8.71, \"brake\": 0.0, \"steering_rate\": 100.0, \"speed\": 8.51}","natures":[]},{"name":"","description":"","eClass":"Sentence","content":"The test system VALIDATES THAT the simulator S Status.GetEnvironment is nearly equal to {\"x\": -264.36, \"y\": 10.12, \"z\": 189.95, \"rain\": 0.0, \"fog\": 0.0, \"wetness\": 0.0, \"timeofday\": 12.0, \"signal\": -1.0, \"rx\": 359.99, \"ry\": 85.64, \"rz\": 359.64, \"speed\": 8.51}","natures":[]},{"name":"","description":"","eClass":"Sentence","content":"The environment controller C INVOKES API Control.Agents.NPCVehicle.NPCVehicleMaintainLane(which_lane=Right_Lane&which_car=BoxTruck).","natures":[]},{"name":"","description":"","eClass":"Sentence","content":"The test system VALIDATES THAT the Apollo A Status.GetControl is nearly equal to {\"acceleration\": 0.46, \"throttle\": 18.62, \"steering_target\": -3.79, \"brake\": 0.0, \"steering_rate\": 100.0, \"speed\": 8.37}","natures":[]},{"name":"","description":"","eClass":"Sentence","content":"The test system VALIDATES THAT the simulator S Status.GetEnvironment is nearly equal to {\"x\": -232.69, \"y\": 10.12, \"z\": 192.46, \"rain\": 0.0, \"fog\": 0.0, \"wetness\": 0.0, \"timeofday\": 12.0, \"signal\": -1.0, \"rx\": 359.98, \"ry\": 84.03, \"rz\": 359.85, \"speed\": 8.44}","natures":[]},{"name":"","description":"","eClass":"Sentence","content":"The environment controller C INVOKES API Control.Agents.NPCVehicle.NPCVehicleMaintainLane(which_lane=Right_Lane&which_car=BoxTruck).","natures":[]},{"name":"","description":"","eClass":"Sentence","content":"The test system VALIDATES THAT the Apollo A Status.GetControl is nearly equal to {\"acceleration\": -0.0, \"throttle\": 0.0, \"steering_target\": -5.37, \"brake\": 14.5, \"steering_rate\": 100.0, \"speed\": 9.11}","natures":[]},{"name":"","description":"","eClass":"Sentence","content":"The test system VALIDATES THAT the simulator S Status.GetEnvironment is nearly equal to {\"x\": -197.63, \"y\": 10.12, \"z\": 193.33, \"rain\": 0.0, \"fog\": 0.0, \"wetness\": 0.0, \"timeofday\": 12.0, \"signal\": -1.0, \"rx\": 359.99, \"ry\": 85.79, \"rz\": 359.79, \"speed\": 9.13}","natures":[]},{"name":"","description":"","eClass":"Sentence","content":"The environment controller C INVOKES API Control.Agents.NPCVehicle.NPCVehicleMaintainLane(which_lane=Right_Lane&which_car=BoxTruck).","natures":[]},{"name":"","description":"","eClass":"Sentence","content":"The test system VALIDATES THAT the Apollo A Status.GetControl is nearly equal to {\"acceleration\": -0.55, \"throttle\": 0.0, \"steering_target\": 0.14, \"brake\": 14.5, \"steering_rate\": 100.0, \"speed\": 6.79}","natures":[]},{"name":"","description":"","eClass":"Sentence","content":"The test system VALIDATES THAT the simulator S Status.GetEnvironment is nearly equal to {\"x\": -165.35, \"y\": 10.12, \"z\": 193.45, \"rain\": 0.0, \"fog\": 0.0, \"wetness\": 0.0, \"timeofday\": 12.0, \"signal\": -1.0, \"rx\": 0.04, \"ry\": 89.56, \"rz\": 359.99, \"speed\": 6.79}","natures":[]},{"name":"","description":"","eClass":"Sentence","content":"The environment controller C INVOKES API Control.Agents.NPCVehicle.NPCVehicleMaintainLane(which_lane=Right_Lane&which_car=BoxTruck).","natures":[]},{"name":"","description":"","eClass":"Sentence","content":"The test system VALIDATES THAT the Apollo A Status.GetControl is nearly equal to {\"acceleration\": -0.65, \"throttle\": 0.0, \"steering_target\": -0.07, \"brake\": 15.98, \"steering_rate\": 100.0, \"speed\": 3.03}","natures":[]},{"name":"","description":"","eClass":"Sentence","content":"The test system VALIDATES THAT the simulator S Status.GetEnvironment is nearly equal to {\"x\": -146.07, \"y\": 10.12, \"z\": 193.61, \"rain\": 0.0, \"fog\": 0.0, \"wetness\": 0.0, \"timeofday\": 12.0, \"signal\": 1.0, \"rx\": 0.04, \"ry\": 89.59, \"rz\": 0.0, \"speed\": 3.03}","natures":[]},{"name":"","description":"","eClass":"Sentence","content":"The environment controller C INVOKES API Control.Agents.NPCVehicle.NPCVehicleMaintainLane(which_lane=Right_Lane&which_car=BoxTruck).","natures":[]},{"name":"","description":"","eClass":"Sentence","content":"The test system VALIDATES THAT the Apollo A Status.GetControl is nearly equal to {\"acceleration\": -3.0, \"throttle\": 0.0, \"steering_target\": -0.08, \"brake\": 41.3, \"steering_rate\": 100.0, \"speed\": 1.11}","natures":[]},{"name":"","description":"","eClass":"Sentence","content":"","natures":[]}]
