 timestamp= 1619806643000 [START] Now Run TCS Maintain Lane On Road1 Mode: dynamic Roadnum: 2 Second: 4
 timestamp= 1619806643000 [SUCCESS] TCS Check Success 
 timestamp= 1619806646000 [RUN] Run BasicFlow
 timestamp= 1619806646000 [RUN] Generate steps
 timestamp= 1619806646000 [RUN] Validate step: 
The test system VALIDATES THAT the simulator S Status.GetEnvironment is nearly equal to {"x": -11.12, "y": 10.12, "z": 307.48, "rain": 0.0, "fog": 0.0, "wetness": 0.0, "timeofday": 12.0, "signal": -1.0, "rx": 359.89, "ry": 307.33, "rz": -0.0, "speed": 2.89}
 timestamp= 1619806646000 [RES] Validate result: 
true
 timestamp= 1619806646000 [RUN] Execute API step: 
The environment controller C INVOKES API Control.Agents.Pedestrians.WalkRandomly(which_lane=Left_Lane).
 timestamp= 1619806649000 [RES] API result: 
{"pose_arr":[{"vx":1.75,"ay":1.93,"az":9.8,"ax":1.48,"pz":10.12,"vy":1.75,"px":552863.93,"py":4182792.68},{"vx":2.29,"ay":1.58,"az":9.64,"ax":1.21,"pz":10.12,"vy":2.29,"px":552862.57,"py":4182793.72},{"vx":2.78,"ay":0.4,"az":9.81,"ax":0.3,"pz":10.12,"vy":2.78,"px":552859.7,"py":4182795.9},{"vx":2.98,"ay":0.54,"az":9.81,"ax":0.41,"pz":10.12,"vy":2.98,"px":552857.32,"py":4182797.71},{"vx":3.3,"ay":0.63,"az":9.8,"ax":0.48,"pz":10.12,"vy":3.3,"px":552853.65,"py":4182800.49},{"vx":3.26,"ay":-0.48,"az":9.82,"ax":-0.37,"pz":10.12,"vy":3.26,"px":552850.91,"py":4182802.55}],"traffic_light":[3,3,3,3,3,3],"state_arr":[{"acceleration":0.76,"throttle":56.19,"steering_target":0.18,"brake":0,"steering_rate":100,"speed":2.89},{"acceleration":0.82,"throttle":59.24,"steering_target":0.15,"brake":0,"steering_rate":100,"speed":3.76},{"acceleration":0.64,"throttle":21.4,"steering_target":0.16,"brake":0,"steering_rate":100,"speed":4.56},{"acceleration":0.93,"throttle":21.61,"steering_target":0.15,"brake":0,"steering_rate":100,"speed":4.96},{"acceleration":1.3,"throttle":52.19,"steering_target":0.13,"brake":0,"steering_rate":100,"speed":5.13},{"acceleration":-0.88,"throttle":0,"steering_target":0.07,"brake":37.49,"steering_rate":100,"speed":5.48},{"acceleration":-1,"throttle":0,"steering_target":0.08,"brake":20.37,"steering_rate":100,"speed":4.9}],"obstacle_arr":[[],[],[],[],[{"acceleration":{"y":0.32,"x":-0.43,"z":0},"position":{"y":4182801.89,"x":552847.9,"z":10.49},"volume":0.24,"type":"PEDESTRIAN","velocity":{"y":-0.05,"x":0.55,"z":0}}],[{"acceleration":{"y":-0.27,"x":0.27,"z":0},"position":{"y":4182801.97,"x":552848.23,"z":10.64},"volume":0.06,"type":"PEDESTRIAN","velocity":{"y":-0.29,"x":0.73,"z":0}}]],"action_description":"Pedestrian crossing the road (left to right)","ev_state":[-26.2477283477783,10.1244525909424,318.919921875,0,0,0,12,1,0.0529518872499466,306.970367431641,-0.00139086460694671,4.897758967381218],"collision_probability":0.419}
 timestamp= 1619806649000 [RUN] Validate G1 Guard Condition: 
The ego vehicle E Detection.Collision == True.
 timestamp= 1619806649000 [RES] Global Validate result: 
false
 timestamp= 1619806649000 [RUN] Validate G2 Guard Condition: 
The ego vehicle E Detection.OffRoad == True.
 timestamp= 1619806649000 [RES] Global Validate result: 
false
 timestamp= 1619806649000 [RUN] Validate G3 Guard Condition: 
The ego vehicle E Detection.HardBrake == True.
 timestamp= 1619806649000 [RES] Global Validate result: 
false
 timestamp= 1619806649000 [RUN] Validate G4 Guard Condition: 
The ego vehicle E Detection.ArrivalTest == True.
 timestamp= 1619806649000 [RES] Global Validate result: 
false
 timestamp= 1619806649000 [RUN] Validate step: 
The test system VALIDATES THAT the Apollo A Status.GetControl is nearly equal to {"acceleration": -1.0, "throttle": 0.0, "steering_target": 0.08, "brake": 20.37, "steering_rate": 100.0, "speed": 4.9}
 timestamp= 1619806649000 [RES] Validate result: 
true
 timestamp= 1619806649000 [RUN] Generate steps
 timestamp= 1619806649000 [RUN] Validate step: 
The test system VALIDATES THAT the simulator S Status.GetEnvironment is nearly equal to {"x": -26.25, "y": 10.12, "z": 318.92, "rain": 0.0, "fog": 0.0, "wetness": 0.0, "timeofday": 12.0, "signal": 1.0, "rx": 0.05, "ry": 306.97, "rz": -0.0, "speed": 4.9}
 timestamp= 1619806649000 [RES] Validate result: 
true
 timestamp= 1619806649000 [RUN] Execute API step: 
The environment controller C INVOKES API Control.Agents.Pedestrians.WalkRandomly(which_lane=Left_Lane).
 timestamp= 1619806652000 [RES] API result: 
{"pose_arr":[{"vx":2.92,"ay":-0.53,"az":9.83,"ax":-0.39,"pz":10.13,"vy":2.92,"px":552848.64,"py":4182804.26},{"vx":2.79,"ay":0.21,"az":9.8,"ax":0.16,"pz":10.12,"vy":2.79,"px":552846.04,"py":4182806.22},{"vx":3.69,"ay":2.68,"az":9.77,"ax":2.02,"pz":10.12,"vy":3.69,"px":552843.22,"py":4182808.34},{"vx":3.85,"ay":0.23,"az":9.81,"ax":0.17,"pz":10.12,"vy":3.85,"px":552839.07,"py":4182811.46},{"vx":4.03,"ay":0.19,"az":9.82,"ax":0.15,"pz":10.12,"vy":4.03,"px":552835.42,"py":4182814.21},{"vx":2.92,"ay":-1.55,"az":9.8,"ax":-1.11,"pz":10.13,"vy":2.92,"px":552831.86,"py":4182816.9}],"traffic_light":[0,0,3,3,2],"state_arr":[{"acceleration":0.06,"throttle":15.7,"steering_target":0.05,"brake":0,"steering_rate":100,"speed":4.61},{"acceleration":1,"throttle":26.17,"steering_target":0.01,"brake":0,"steering_rate":100,"speed":4.75},{"acceleration":0.28,"throttle":15.7,"steering_target":-0.05,"brake":0,"steering_rate":100,"speed":6.2},{"acceleration":0.71,"throttle":19.34,"steering_target":-0.05,"brake":0,"steering_rate":100,"speed":6.4},{"acceleration":0.52,"throttle":15.7,"steering_target":-0.11,"brake":0,"steering_rate":100,"speed":6.7},{"acceleration":-1.88,"throttle":0,"steering_target":-0.74,"brake":30.31,"steering_rate":100,"speed":5.08}],"obstacle_arr":[[],[],[{"acceleration":{"y":0,"x":0,"z":0},"position":{"y":4182801.51,"x":552850.11,"z":10.41},"volume":0.11,"type":"PEDESTRIAN","velocity":{"y":-0.18,"x":0.47,"z":0}}],[],[{"acceleration":{"y":-0.01,"x":0.03,"z":0},"position":{"y":4182814.48,"x":552832.96,"z":10.49},"volume":0.12,"type":"PEDESTRIAN","velocity":{"y":-0.5,"x":1.43,"z":0}},{"acceleration":{"y":0,"x":0,"z":0},"position":{"y":4182825.79,"x":552853.22,"z":10.36},"volume":1.33,"type":"PEDESTRIAN","velocity":{"y":0,"x":0,"z":0}}],[{"acceleration":{"y":0,"x":0,"z":0},"position":{"y":4182825.89,"x":552853.29,"z":10.4},"volume":1.35,"type":"VEHICLE","velocity":{"y":0,"x":0,"z":0}}]],"action_description":"Pedestrian crossing the road (left to right)","ev_state":[-44.2376480102539,10.1245040893555,332.462066650391,0,0,0,12,0,0.119858413934708,306.582916259766,0.000289773393888026,4.403060693036671],"collision_probability":1}
 timestamp= 1619806652000 [RUN] Validate G1 Guard Condition: 
The ego vehicle E Detection.Collision == True.
 timestamp= 1619806652000 [RES] Global Validate result: 
true
 timestamp= 1619806652000 [RUN] Collision == True
 timestamp= 1619806652000 [RUN] Validate G2 Guard Condition: 
The ego vehicle E Detection.OffRoad == True.
 timestamp= 1619806652000 [RES] Global Validate result: 
false
 timestamp= 1619806652000 [RUN] Validate G3 Guard Condition: 
The ego vehicle E Detection.HardBrake == True.
 timestamp= 1619806652000 [RES] Global Validate result: 
true
 timestamp= 1619806652000 [RUN] HardBrake == True
 timestamp= 1619806652000 [RUN] RESUME STEP @preStep
 timestamp= 1619806652000 [RUN] Resume step basicflow4
 timestamp= 1619806652000 [RUN] Validate G4 Guard Condition: 
The ego vehicle E Detection.ArrivalTest == True.
 timestamp= 1619806652000 [RES] Global Validate result: 
false
 timestamp= 1619806652000 [RUN] Validate step: 
The test system VALIDATES THAT the Apollo A Status.GetControl is nearly equal to {"acceleration": -1.88, "throttle": 0.0, "steering_target": -0.74, "brake": 30.31, "steering_rate": 100.0, "speed": 5.08}
 timestamp= 1619806652000 [RES] Validate result: 
true
 timestamp= 1619806652000 [RUN] Generate steps
 timestamp= 1619806652000 [RUN] Validate step: 
The test system VALIDATES THAT the simulator S Status.GetEnvironment is nearly equal to {"x": -44.24, "y": 10.12, "z": 332.46, "rain": 0.0, "fog": 0.0, "wetness": 0.0, "timeofday": 12.0, "signal": 0.0, "rx": 0.12, "ry": 306.58, "rz": 0.0, "speed": 4.4}
 timestamp= 1619806652000 [RES] Validate result: 
true
 timestamp= 1619806652000 [RUN] Execute API step: 
The environment controller C INVOKES API Control.Agents.Pedestrians.WalkRandomly(which_lane=Left_Lane).
 timestamp= 1619806655000 [RES] API result: 
{"pose_arr":[{"vx":2.43,"ay":-2.32,"az":9.82,"ax":-1.74,"pz":10.13,"vy":2.43,"px":552830.15,"py":4182818.19},{"vx":2.29,"ay":0.22,"az":9.8,"ax":0.16,"pz":10.12,"vy":2.29,"px":552827.8,"py":4182819.96},{"vx":2.65,"ay":0.21,"az":9.81,"ax":0.18,"pz":10.12,"vy":2.65,"px":552826.03,"py":4182821.3},{"vx":3.42,"ay":0.49,"az":9.82,"ax":0.37,"pz":10.12,"vy":3.42,"px":552822.81,"py":4182823.74},{"vx":3.67,"ay":0.54,"az":9.8,"ax":0.41,"pz":10.12,"vy":3.67,"px":552819.59,"py":4182826.18},{"vx":3.55,"ay":0.27,"az":9.8,"ax":0.21,"pz":10.12,"vy":3.55,"px":552815.61,"py":4182829.22}],"traffic_light":[2,2,1,1,1],"state_arr":[{"acceleration":-0.87,"throttle":0,"steering_target":-2.04,"brake":40.63,"steering_rate":100,"speed":4.4},{"acceleration":0.48,"throttle":15.7,"steering_target":0.06,"brake":0,"steering_rate":100,"speed":3.73},{"acceleration":1.2,"throttle":40.33,"steering_target":0,"brake":0,"steering_rate":100,"speed":4.2},{"acceleration":0.68,"throttle":22.11,"steering_target":-0.2,"brake":0,"steering_rate":100,"speed":5.48},{"acceleration":0.78,"throttle":23.44,"steering_target":-0.14,"brake":0,"steering_rate":100,"speed":5.9},{"acceleration":-0.22,"throttle":0,"steering_target":-0.04,"brake":14.5,"steering_rate":100,"speed":5.82},{"acceleration":0.75,"throttle":23.07,"steering_target":0.01,"brake":0,"steering_rate":100,"speed":5.92}],"obstacle_arr":[[{"acceleration":{"y":0,"x":0,"z":0},"position":{"y":4182825.74,"x":552852.53,"z":10.39},"volume":0.89,"type":"VEHICLE","velocity":{"y":0,"x":0,"z":0}}],[],[{"acceleration":{"y":0,"x":0,"z":0},"position":{"y":4182816.97,"x":552832.74,"z":10.47},"volume":0.14,"type":"PEDESTRIAN","velocity":{"y":0.53,"x":0.37,"z":0}}],[],[{"acceleration":{"y":0,"x":0,"z":0},"position":{"y":4182827.36,"x":552814.46,"z":10.43},"volume":0.19,"type":"PEDESTRIAN","velocity":{"y":0,"x":0,"z":0}}],[]],"action_description":"Pedestrian crossing the road (left to right)","ev_state":[-60.2436027526855,10.1242904663086,344.623931884766,0,0,0,12,-1,359.985137939453,307.308654785156,-0.000368909386452287,5.916246531908956],"collision_probability":0.472}
 timestamp= 1619806655000 [RUN] Validate G1 Guard Condition: 
The ego vehicle E Detection.Collision == True.
 timestamp= 1619806655000 [RES] Global Validate result: 
false
 timestamp= 1619806655000 [RUN] Validate G2 Guard Condition: 
The ego vehicle E Detection.OffRoad == True.
 timestamp= 1619806655000 [RES] Global Validate result: 
false
 timestamp= 1619806655000 [RUN] Validate G3 Guard Condition: 
The ego vehicle E Detection.HardBrake == True.
 timestamp= 1619806655000 [RES] Global Validate result: 
false
 timestamp= 1619806655000 [RUN] Validate G4 Guard Condition: 
The ego vehicle E Detection.ArrivalTest == True.
 timestamp= 1619806655000 [RES] Global Validate result: 
false
 timestamp= 1619806655000 [RUN] Validate step: 
The test system VALIDATES THAT the Apollo A Status.GetControl is nearly equal to {"acceleration": 0.75, "throttle": 23.07, "steering_target": 0.01, "brake": 0.0, "steering_rate": 100.0, "speed": 5.92}
 timestamp= 1619806655000 [RES] Validate result: 
true
 timestamp= 1619806655000 [RUN] Generate steps
 timestamp= 1619806655000 [RUN] Validate step: 
The test system VALIDATES THAT the simulator S Status.GetEnvironment is nearly equal to {"x": -60.24, "y": 10.12, "z": 344.62, "rain": 0.0, "fog": 0.0, "wetness": 0.0, "timeofday": 12.0, "signal": -1.0, "rx": 359.99, "ry": 307.31, "rz": -0.0, "speed": 5.92}
 timestamp= 1619806655000 [RES] Validate result: 
true
 timestamp= 1619806655000 [RUN] Execute API step: 
The environment controller C INVOKES API Control.Agents.Pedestrians.WalkRandomly(which_lane=Left_Lane).
 timestamp= 1619806659000 [RES] API result: 
{"pose_arr":[{"vx":3.71,"ay":0.74,"az":9.8,"ax":0.56,"pz":10.12,"vy":3.71,"px":552813.17,"py":4182831.08},{"vx":3.95,"ay":0,"az":9.81,"ax":0,"pz":10.12,"vy":3.95,"px":552809.88,"py":4182833.59},{"vx":4.09,"ay":0.19,"az":9.82,"ax":0.15,"pz":10.12,"vy":4.09,"px":552806.37,"py":4182836.26},{"vx":4.24,"ay":0.19,"az":9.81,"ax":0.15,"pz":10.12,"vy":4.24,"px":552801.87,"py":4182839.67},{"vx":3.98,"ay":-0.84,"az":9.8,"ax":-0.75,"pz":10.12,"vy":3.98,"px":552799.37,"py":4182841.57},{"vx":3.65,"ay":-0.46,"az":9.81,"ax":-0.33,"pz":10.13,"vy":3.65,"px":552795.88,"py":4182844.21}],"traffic_light":[3,1,3,3,3,3],"state_arr":[{"acceleration":1.23,"throttle":15.7,"steering_target":0,"brake":0,"steering_rate":100,"speed":6.17},{"acceleration":1.13,"throttle":15.7,"steering_target":0.08,"brake":0,"steering_rate":100,"speed":6.53},{"acceleration":1.12,"throttle":15.7,"steering_target":0.09,"brake":0,"steering_rate":100,"speed":6.74},{"acceleration":1.04,"throttle":26.85,"steering_target":0.11,"brake":0,"steering_rate":100,"speed":6.95},{"acceleration":-1.89,"throttle":0,"steering_target":0.14,"brake":27.69,"steering_rate":100,"speed":6.6},{"acceleration":-0.18,"throttle":0,"steering_target":-1.07,"brake":14.5,"steering_rate":100,"speed":6.16},{"acceleration":0.94,"throttle":15.7,"steering_target":0.78,"brake":0,"steering_rate":100,"speed":5.89}],"obstacle_arr":[[],[{"acceleration":{"y":0,"x":0,"z":0},"position":{"y":4182826.87,"x":552817.03,"z":10.62},"volume":0.11,"type":"PEDESTRIAN","velocity":{"y":0,"x":0,"z":0}}],[{"acceleration":{"y":0,"x":0,"z":0},"position":{"y":4182840.33,"x":552796.83,"z":10.61},"volume":0.06,"type":"PEDESTRIAN","velocity":{"y":-0.22,"x":0.45,"z":0}}],[{"acceleration":{"y":0,"x":0,"z":0},"position":{"y":4182840.69,"x":552797.64,"z":10.53},"volume":0.28,"type":"PEDESTRIAN","velocity":{"y":-0.22,"x":0.45,"z":0}}],[],[]],"action_description":"Pedestrian crossing the road (left to right)","ev_state":[-80.8993225097656,10.1242952346802,360.292266845703,0,0,0,12,-1,0.0328224860131741,307.134826660156,0.0218891371041536,5.894277839885421],"collision_probability":1}
 timestamp= 1619806659000 [RUN] Validate G1 Guard Condition: 
The ego vehicle E Detection.Collision == True.
 timestamp= 1619806659000 [RES] Global Validate result: 
true
 timestamp= 1619806659000 [RUN] Collision == True
 timestamp= 1619806659000 [RUN] Validate G2 Guard Condition: 
The ego vehicle E Detection.OffRoad == True.
 timestamp= 1619806659000 [RES] Global Validate result: 
false
 timestamp= 1619806659000 [RUN] Validate G3 Guard Condition: 
The ego vehicle E Detection.HardBrake == True.
 timestamp= 1619806659000 [RES] Global Validate result: 
false
 timestamp= 1619806659000 [RUN] Validate G4 Guard Condition: 
The ego vehicle E Detection.ArrivalTest == True.
 timestamp= 1619806659000 [RES] Global Validate result: 
false
 timestamp= 1619806659000 [RUN] Validate step: 
The test system VALIDATES THAT the Apollo A Status.GetControl is nearly equal to {"acceleration": 0.94, "throttle": 15.7, "steering_target": 0.78, "brake": 0.0, "steering_rate": 100.0, "speed": 5.89}
 timestamp= 1619806659000 [RES] Validate result: 
true
 timestamp= 1619806659000 [RUN] Generate steps
 timestamp= 1619806659000 [RUN] Validate step: 
The test system VALIDATES THAT the simulator S Status.GetEnvironment is nearly equal to {"x": -80.9, "y": 10.12, "z": 360.29, "rain": 0.0, "fog": 0.0, "wetness": 0.0, "timeofday": 12.0, "signal": -1.0, "rx": 0.03, "ry": 307.13, "rz": 0.02, "speed": 5.89}
 timestamp= 1619806659000 [RES] Validate result: 
true
 timestamp= 1619806659000 [RUN] Execute API step: 
The environment controller C INVOKES API Control.Agents.Pedestrians.WalkRandomly(which_lane=Left_Lane).
 timestamp= 1619806662000 [RES] API result: 
{"pose_arr":[{"vx":3.59,"ay":1.31,"az":9.79,"ax":0.83,"pz":10.12,"vy":3.59,"px":552793.78,"py":4182845.78},{"vx":4.21,"ay":0.19,"az":9.83,"ax":0.14,"pz":10.12,"vy":4.21,"px":552789.97,"py":4182848.65},{"vx":4.3,"ay":0.2,"az":9.81,"ax":0.13,"pz":10.12,"vy":4.3,"px":552786.39,"py":4182851.33},{"vx":4.34,"ay":-0.47,"az":9.83,"ax":-0.36,"pz":10.12,"vy":4.34,"px":552781.66,"py":4182854.87},{"vx":3.94,"ay":-1.06,"az":9.81,"ax":-0.78,"pz":10.13,"vy":3.94,"px":552777.6,"py":4182857.9},{"vx":3.91,"ay":0.17,"az":9.8,"ax":0.19,"pz":10.12,"vy":3.91,"px":552775.21,"py":4182859.68}],"traffic_light":[3,3,3,1,3,3],"state_arr":[{"acceleration":0.66,"throttle":15.7,"steering_target":-0.2,"brake":0,"steering_rate":100,"speed":6.94},{"acceleration":0.63,"throttle":15.7,"steering_target":0.15,"brake":0,"steering_rate":100,"speed":7.07},{"acceleration":0.58,"throttle":15.7,"steering_target":0.11,"brake":0,"steering_rate":100,"speed":7.23},{"acceleration":-0.22,"throttle":0,"steering_target":0.03,"brake":14.5,"steering_rate":100,"speed":7.17},{"acceleration":-0.49,"throttle":0,"steering_target":0.02,"brake":14.77,"steering_rate":100,"speed":6.54},{"acceleration":-0.15,"throttle":0,"steering_target":-1.06,"brake":14.5,"steering_rate":100,"speed":6.62}],"obstacle_arr":[[{"acceleration":{"y":0,"x":0,"z":0},"position":{"y":4182842.06,"x":552798.51,"z":10.54},"volume":0.11,"type":"PEDESTRIAN","velocity":{"y":0,"x":0,"z":0}}],[],[],[{"acceleration":{"y":0,"x":0,"z":0},"position":{"y":4182856.25,"x":552777.14,"z":10.47},"volume":0.3,"type":"PEDESTRIAN","velocity":{"y":0,"x":0,"z":0}}],[],[]],"action_description":"Pedestrian crossing the road (left to right)","ev_state":[-102.924598693848,10.1242094039917,376.739501953125,0,0,0,12,1,0.0290662907063961,306.751037597656,0.0223641507327557,6.379117407689026],"collision_probability":1}
 timestamp= 1619806662000 [RUN] Validate G1 Guard Condition: 
The ego vehicle E Detection.Collision == True.
 timestamp= 1619806662000 [RES] Global Validate result: 
true
 timestamp= 1619806662000 [RUN] Collision == True
 timestamp= 1619806662000 [RUN] Validate G2 Guard Condition: 
The ego vehicle E Detection.OffRoad == True.
 timestamp= 1619806662000 [RES] Global Validate result: 
false
 timestamp= 1619806662000 [RUN] Validate G3 Guard Condition: 
The ego vehicle E Detection.HardBrake == True.
 timestamp= 1619806662000 [RES] Global Validate result: 
false
 timestamp= 1619806662000 [RUN] Validate G4 Guard Condition: 
The ego vehicle E Detection.ArrivalTest == True.
 timestamp= 1619806662000 [RES] Global Validate result: 
false
 timestamp= 1619806662000 [RUN] Validate step: 
The test system VALIDATES THAT the Apollo A Status.GetControl is nearly equal to {"acceleration": -0.15, "throttle": 0.0, "steering_target": -1.06, "brake": 14.5, "steering_rate": 100.0, "speed": 6.62}
 timestamp= 1619806662000 [RES] Validate result: 
true
 timestamp= 1619806662000 [RUN] Generate steps
 timestamp= 1619806662000 [RUN] Validate step: 
The test system VALIDATES THAT the simulator S Status.GetEnvironment is nearly equal to {"x": -102.92, "y": 10.12, "z": 376.74, "rain": 0.0, "fog": 0.0, "wetness": 0.0, "timeofday": 12.0, "signal": 1.0, "rx": 0.03, "ry": 306.75, "rz": 0.02, "speed": 6.38}
 timestamp= 1619806662000 [RES] Validate result: 
true
 timestamp= 1619806662000 [RUN] Execute API step: 
The environment controller C INVOKES API Control.Agents.Pedestrians.WalkRandomly(which_lane=Left_Lane).
 timestamp= 1619806666000 [RES] API result: 
{"pose_arr":[{"vx":3.88,"ay":0.57,"az":9.8,"ax":0.42,"pz":10.12,"vy":3.88,"px":552770.05,"py":4182863.51},{"vx":3.69,"ay":-0.78,"az":9.82,"ax":-0.62,"pz":10.13,"vy":3.69,"px":552766.52,"py":4182866.12},{"vx":3.29,"ay":-1.04,"az":9.82,"ax":-0.77,"pz":10.13,"vy":3.29,"px":552763.33,"py":4182868.49},{"vx":2.83,"ay":-0.44,"az":9.8,"ax":-0.35,"pz":10.13,"vy":2.83,"px":552760.78,"py":4182870.38},{"vx":2.6,"ay":-0.51,"az":9.82,"ax":-0.4,"pz":10.13,"vy":2.6,"px":552758.46,"py":4182872.09},{"vx":2.13,"ay":-0.42,"az":9.81,"ax":-0.31,"pz":10.13,"vy":2.13,"px":552756.52,"py":4182873.51}],"traffic_light":[1,1,1,1,1,3],"state_arr":[{"acceleration":0.45,"throttle":15.7,"steering_target":0.8,"brake":0,"steering_rate":100,"speed":6.38},{"acceleration":-0.69,"throttle":0,"steering_target":-0.34,"brake":15.62,"steering_rate":100,"speed":6.57},{"acceleration":-0.18,"throttle":0,"steering_target":0.35,"brake":14.5,"steering_rate":100,"speed":6.13},{"acceleration":-0.92,"throttle":0,"steering_target":0.11,"brake":24.91,"steering_rate":100,"speed":5.54},{"acceleration":-0.65,"throttle":0,"steering_target":0.06,"brake":15.77,"steering_rate":100,"speed":4.71},{"acceleration":-0.89,"throttle":0,"steering_target":0.34,"brake":35.02,"steering_rate":100,"speed":4.38},{"acceleration":-0.59,"throttle":0,"steering_target":0.42,"brake":14.64,"steering_rate":100,"speed":3.68}],"obstacle_arr":[[{"acceleration":{"y":0,"x":0,"z":0},"position":{"y":4182858.12,"x":552777.08,"z":10.45},"volume":0.09,"type":"PEDESTRIAN","velocity":{"y":0,"x":0,"z":0}}],[{"acceleration":{"y":0,"x":0,"z":0},"position":{"y":4182858.71,"x":552777.51,"z":10.63},"volume":0.1,"type":"PEDESTRIAN","velocity":{"y":0,"x":0,"z":0}}],[],[{"acceleration":{"y":0,"x":0,"z":0},"position":{"y":4182871.57,"x":552754.95,"z":10.46},"volume":0.25,"type":"PEDESTRIAN","velocity":{"y":0,"x":0,"z":0}}],[{"acceleration":{"y":0,"x":-0.03,"z":0},"position":{"y":4182871.17,"x":552755.98,"z":10.49},"volume":0.28,"type":"PEDESTRIAN","velocity":{"y":0,"x":0,"z":0}}],[]],"action_description":"Pedestrian crossing the road (left to right)","ev_state":[-119.550651550293,10.1246366500854,389.028839111328,0,0,0,12,0,0.0327321924269199,306.234466552734,-0.0029840252827853,3.418180911931074],"collision_probability":0.41}
 timestamp= 1619806666000 [RUN] Validate G1 Guard Condition: 
The ego vehicle E Detection.Collision == True.
 timestamp= 1619806666000 [RES] Global Validate result: 
false
 timestamp= 1619806666000 [RUN] Validate G2 Guard Condition: 
The ego vehicle E Detection.OffRoad == True.
 timestamp= 1619806666000 [RES] Global Validate result: 
false
 timestamp= 1619806666000 [RUN] Validate G3 Guard Condition: 
The ego vehicle E Detection.HardBrake == True.
 timestamp= 1619806666000 [RES] Global Validate result: 
false
 timestamp= 1619806666000 [RUN] Validate G4 Guard Condition: 
The ego vehicle E Detection.ArrivalTest == True.
 timestamp= 1619806666000 [RES] Global Validate result: 
false
 timestamp= 1619806666000 [RUN] Validate step: 
The test system VALIDATES THAT the Apollo A Status.GetControl is nearly equal to {"acceleration": -0.59, "throttle": 0.0, "steering_target": 0.42, "brake": 14.64, "steering_rate": 100.0, "speed": 3.68}
 timestamp= 1619806666000 [RES] Validate result: 
true
 timestamp= 1619806666000 [RUN] Generate steps
 timestamp= 1619806666000 [RUN] Validate step: 
The test system VALIDATES THAT the simulator S Status.GetEnvironment is nearly equal to {"x": -119.55, "y": 10.12, "z": 389.03, "rain": 0.0, "fog": 0.0, "wetness": 0.0, "timeofday": 12.0, "signal": 0.0, "rx": 0.03, "ry": 306.23, "rz": -0.0, "speed": 3.42}
 timestamp= 1619806666000 [RES] Validate result: 
true
 timestamp= 1619806666000 [RUN] Execute API step: 
The environment controller C INVOKES API Control.Agents.Pedestrians.WalkRandomly(which_lane=Left_Lane).
 timestamp= 1619806670000 [RES] API result: 
{"pose_arr":[{"vx":1.97,"ay":-0.41,"az":9.81,"ax":-0.3,"pz":10.13,"vy":1.97,"px":552755.13,"py":4182874.54},{"vx":2.34,"ay":1.1,"az":9.81,"ax":0.8,"pz":10.12,"vy":2.34,"px":552753.24,"py":4182875.92},{"vx":2.19,"ay":-1.4,"az":9.83,"ax":-1.01,"pz":10.13,"vy":2.19,"px":552751.38,"py":4182877.28},{"vx":1.92,"ay":0.18,"az":9.8,"ax":0.13,"pz":10.13,"vy":1.92,"px":552749.87,"py":4182878.37},{"vx":2.31,"ay":-0.42,"az":9.84,"ax":-0.3,"pz":10.12,"vy":2.31,"px":552747.87,"py":4182879.82},{"vx":1.85,"ay":-2.35,"az":9.83,"ax":-1.68,"pz":10.13,"vy":1.85,"px":552745.59,"py":4182881.46},{"vx":0.91,"ay":-2.55,"az":9.81,"ax":-1.83,"pz":10.13,"vy":0.91,"px":552744.51,"py":4182882.22}],"traffic_light":[3,3,3,3,3,3],"state_arr":[{"acceleration":0.55,"throttle":19.48,"steering_target":0.34,"brake":0,"steering_rate":100,"speed":3.44},{"acceleration":-1.53,"throttle":0,"steering_target":0.34,"brake":26.38,"steering_rate":100,"speed":4.33},{"acceleration":-0.24,"throttle":0,"steering_target":0.43,"brake":14.5,"steering_rate":100,"speed":3.49},{"acceleration":0.73,"throttle":58.85,"steering_target":0.43,"brake":0,"steering_rate":100,"speed":3.53},{"acceleration":0.17,"throttle":15.7,"steering_target":0.42,"brake":0,"steering_rate":100,"speed":3.87},{"acceleration":-2.75,"throttle":0,"steering_target":0.22,"brake":42.22,"steering_rate":100,"speed":3.44},{"acceleration":-2.44,"throttle":0,"steering_target":0.2,"brake":35.17,"steering_rate":100,"speed":1.16}],"obstacle_arr":[[],[],[{"acceleration":{"y":-0.01,"x":0.03,"z":0},"position":{"y":4182870.92,"x":552758.28,"z":10.45},"volume":0.23,"type":"PEDESTRIAN","velocity":{"y":-0.17,"x":0.55,"z":0}}],[{"acceleration":{"y":0.07,"x":-0.23,"z":0},"position":{"y":4182870.82,"x":552758.73,"z":10.41},"volume":0.11,"type":"PEDESTRIAN","velocity":{"y":0,"x":0,"z":0}}],[{"acceleration":{"y":0,"x":0,"z":0},"position":{"y":4182884.56,"x":552738.73,"z":10.31},"volume":0.03,"type":"PEDESTRIAN","velocity":{"y":0.15,"x":0.88,"z":0}}],[{"acceleration":{"y":0.36,"x":-0.6,"z":0},"position":{"y":4182885.05,"x":552739.1,"z":10.13},"volume":0.3,"type":"PEDESTRIAN","velocity":{"y":0.45,"x":0.5,"z":0}}],[{"acceleration":{"y":0.02,"x":-0.06,"z":0},"position":{"y":4182885.38,"x":552739.57,"z":10.47},"volume":0.12,"type":"PEDESTRIAN","velocity":{"y":0.33,"x":0.38,"z":0}}]],"action_description":"Pedestrian crossing the road (left to right)","ev_state":[-130.703323364258,10.1248760223389,397.085540771484,0,0,0,12,-1,0.1911631077528,305.581024169922,0.000159503135364503,1.1638784287246422],"collision_probability":0.049}
 timestamp= 1619806670000 [RUN] Validate G1 Guard Condition: 
The ego vehicle E Detection.Collision == True.
 timestamp= 1619806670000 [RES] Global Validate result: 
false
 timestamp= 1619806670000 [RUN] Validate G2 Guard Condition: 
The ego vehicle E Detection.OffRoad == True.
 timestamp= 1619806670000 [RES] Global Validate result: 
false
 timestamp= 1619806670000 [RUN] Validate G3 Guard Condition: 
The ego vehicle E Detection.HardBrake == True.
 timestamp= 1619806670000 [RES] Global Validate result: 
true
 timestamp= 1619806670000 [RUN] HardBrake == True
 timestamp= 1619806670000 [RUN] RESUME STEP @preStep
 timestamp= 1619806670000 [RUN] Resume step basicflow19
 timestamp= 1619806670000 [RUN] Validate G4 Guard Condition: 
The ego vehicle E Detection.ArrivalTest == True.
 timestamp= 1619806670000 [RES] Global Validate result: 
false
 timestamp= 1619806670000 [RUN] Validate step: 
The test system VALIDATES THAT the Apollo A Status.GetControl is nearly equal to {"acceleration": -2.44, "throttle": 0.0, "steering_target": 0.2, "brake": 35.17, "steering_rate": 100.0, "speed": 1.16}
 timestamp= 1619806670000 [RES] Validate result: 
true
 timestamp= 1619806670000 [RUN] Generate steps
 timestamp= 1619806670000 [RUN] Validate step: 
The test system VALIDATES THAT the simulator S Status.GetEnvironment is nearly equal to {"x": -130.7, "y": 10.12, "z": 397.09, "rain": 0.0, "fog": 0.0, "wetness": 0.0, "timeofday": 12.0, "signal": -1.0, "rx": 0.19, "ry": 305.58, "rz": 0.0, "speed": 1.16}
 timestamp= 1619806670000 [RES] Validate result: 
true
 timestamp= 1619806670000 [RUN] Execute API step: 
The environment controller C INVOKES API Control.Agents.NPCVehicle.NPCVehicleMaintainLane(which_lane=Current_Lane&which_car=SUV).
 timestamp= 1619806674000 [RES] API result: 
{"pose_arr":[{"vx":0.14,"ay":-1.47,"az":9.81,"ax":-1.05,"pz":10.13,"vy":0.14,"px":552744.12,"py":4182882.5},{"vx":0,"ay":0,"az":9.81,"ax":0,"pz":10.13,"vy":0,"px":552744.11,"py":4182882.51},{"vx":0,"ay":0,"az":9.81,"ax":0,"pz":10.12,"vy":0,"px":552744.11,"py":4182882.51},{"vx":0,"ay":0,"az":9.81,"ax":0,"pz":10.12,"vy":0,"px":552744.11,"py":4182882.51},{"vx":0.15,"ay":2.76,"az":9.8,"ax":1.96,"pz":10.12,"vy":0.15,"px":552744.1,"py":4182882.52},{"vx":1.15,"ay":1.02,"az":9.82,"ax":0.72,"pz":10.12,"vy":1.15,"px":552743.4,"py":4182883.02},{"vx":1.57,"ay":0.52,"az":9.81,"ax":0.37,"pz":10.12,"vy":1.57,"px":552741.95,"py":4182884.05}],"traffic_light":[3,3,1,1,1,3,3],"state_arr":[{"acceleration":-1.67,"throttle":0,"steering_target":0.39,"brake":29.06,"steering_rate":100,"speed":0.45},{"acceleration":-0.8,"throttle":0,"steering_target":0.53,"brake":46.75,"steering_rate":100,"speed":0},{"acceleration":-0.38,"throttle":0,"steering_target":0.53,"brake":23.26,"steering_rate":100,"speed":0},{"acceleration":-3,"throttle":0,"steering_target":0.53,"brake":69.99,"steering_rate":100,"speed":0},{"acceleration":0.44,"throttle":91.73,"steering_target":0.53,"brake":0,"steering_rate":100,"speed":0},{"acceleration":0.88,"throttle":28.62,"steering_target":0.72,"brake":0,"steering_rate":100,"speed":1.61},{"acceleration":0.32,"throttle":15.7,"steering_target":0.93,"brake":0,"steering_rate":100,"speed":2.47},{"acceleration":1.05,"throttle":29.35,"steering_target":0.57,"brake":0,"steering_rate":100,"speed":2.78}],"obstacle_arr":[[{"acceleration":{"y":-0.07,"x":-0.2,"z":0},"position":{"y":4182885.62,"x":552739.86,"z":10.44},"volume":0.22,"type":"PEDESTRIAN","velocity":{"y":0.32,"x":0.24,"z":0}}],[{"acceleration":{"y":-0.01,"x":0.29,"z":0},"position":{"y":4182886.04,"x":552740.44,"z":10.43},"volume":0.28,"type":"PEDESTRIAN","velocity":{"y":0.31,"x":0.55,"z":0}},{"acceleration":{"y":0.04,"x":1.7,"z":0},"position":{"y":4182890.95,"x":552736.51,"z":10.42},"volume":6.91,"type":"VEHICLE","velocity":{"y":1.11,"x":1.23,"z":0}}],[{"acceleration":{"y":-0.23,"x":-0.28,"z":0},"position":{"y":4182886.19,"x":552740.87,"z":10.43},"volume":0.18,"type":"PEDESTRIAN","velocity":{"y":0.26,"x":0.55,"z":0}},{"acceleration":{"y":-2.14,"x":3.52,"z":0},"position":{"y":4182891.42,"x":552740.16,"z":10.42},"volume":10.87,"type":"VEHICLE","velocity":{"y":-0.3,"x":3.46,"z":0}}],[{"acceleration":{"y":-0.45,"x":-0.9,"z":0},"position":{"y":4182886.36,"x":552741.24,"z":10.41},"volume":0.28,"type":"PEDESTRIAN","velocity":{"y":0,"x":0,"z":0}},{"acceleration":{"y":-3.7,"x":2.45,"z":0},"position":{"y":4182889.71,"x":552743.16,"z":10.41},"volume":10.56,"type":"VEHICLE","velocity":{"y":-3.01,"x":5.49,"z":0}}],[{"acceleration":{"y":-0.12,"x":0.16,"z":0},"position":{"y":4182886.74,"x":552741.92,"z":10.47},"volume":0.2,"type":"PEDESTRIAN","velocity":{"y":0.18,"x":0.68,"z":0}},{"acceleration":{"y":-2.69,"x":-0.09,"z":0},"position":{"y":4182889.22,"x":552743.18,"z":10.44},"volume":10.39,"type":"VEHICLE","velocity":{"y":-5.29,"x":6.31,"z":0}}],[{"acceleration":{"y":-0.75,"x":0.69,"z":0},"position":{"y":4182886.23,"x":552742.62,"z":10.78},"volume":0.08,"type":"PEDESTRIAN","velocity":{"y":-0.45,"x":0.73,"z":0}},{"acceleration":{"y":-1.11,"x":-0.92,"z":0},"position":{"y":4182885.11,"x":552746.05,"z":10.48},"volume":10.88,"type":"VEHICLE","velocity":{"y":-6.56,"x":5.62,"z":0}}],[{"acceleration":{"y":-0.75,"x":0.85,"z":0},"position":{"y":4182885.79,"x":552743.33,"z":11.33},"volume":0.04,"type":"PEDESTRIAN","velocity":{"y":-0.84,"x":1.12,"z":0}},{"acceleration":{"y":-0.87,"x":-0.54,"z":0},"position":{"y":4182881.23,"x":552749.16,"z":10.44},"volume":9.81,"type":"VEHICLE","velocity":{"y":-7.12,"x":4.96,"z":0}}]],"action_description":"NPC vehicle (SUV) driving on the current lane","ev_state":[-133.188812255859,10.1246786117554,398.846466064453,0,0,0,12,-1,359.959625244141,305.276519775391,-0.0041857142932713,2.781626767541221],"collision_probability":0.459}
 timestamp= 1619806674000 [RUN] Validate G1 Guard Condition: 
The ego vehicle E Detection.Collision == True.
 timestamp= 1619806674000 [RES] Global Validate result: 
false
 timestamp= 1619806674000 [RUN] Validate G2 Guard Condition: 
The ego vehicle E Detection.OffRoad == True.
 timestamp= 1619806674000 [RES] Global Validate result: 
false
 timestamp= 1619806674000 [RUN] Validate G3 Guard Condition: 
The ego vehicle E Detection.HardBrake == True.
 timestamp= 1619806674000 [RES] Global Validate result: 
false
 timestamp= 1619806674000 [RUN] Validate G4 Guard Condition: 
The ego vehicle E Detection.ArrivalTest == True.
 timestamp= 1619806674000 [RES] Global Validate result: 
false
 timestamp= 1619806674000 [RUN] Validate step: 
The test system VALIDATES THAT the Apollo A Status.GetControl is nearly equal to {"acceleration": 1.05, "throttle": 29.35, "steering_target": 0.57, "brake": 0.0, "steering_rate": 100.0, "speed": 2.78}
 timestamp= 1619806674000 [RES] Validate result: 
true
 timestamp= 1619806674000 [RUN] Generate steps
 timestamp= 1619806674000 [RUN] Validate step: 
The test system VALIDATES THAT the simulator S Status.GetEnvironment is nearly equal to {"x": -133.19, "y": 10.12, "z": 398.85, "rain": 0.0, "fog": 0.0, "wetness": 0.0, "timeofday": 12.0, "signal": -1.0, "rx": 359.96, "ry": 305.28, "rz": -0.0, "speed": 2.78}
 timestamp= 1619806674000 [RES] Validate result: 
true
 timestamp= 1619806674000 [RUN] Execute API step: 
The environment controller C INVOKES API Control.Agents.Pedestrians.WalkRandomly(which_lane=Left_Lane).
 timestamp= 1619806677000 [RES] API result: 
{"pose_arr":[{"vx":2,"ay":1.85,"az":9.8,"ax":1.3,"pz":10.12,"vy":2,"px":552741.01,"py":4182884.71},{"vx":2.53,"ay":0.55,"az":9.82,"ax":0.38,"pz":10.12,"vy":2.53,"px":552739.11,"py":4182886.05},{"vx":3.15,"ay":0.41,"az":9.84,"ax":0.28,"pz":10.12,"vy":3.15,"px":552736.14,"py":4182888.13},{"vx":3.38,"ay":0.6,"az":9.81,"ax":0.42,"pz":10.12,"vy":3.38,"px":552732.98,"py":4182890.33},{"vx":3.61,"ay":0.61,"az":9.8,"ax":0.42,"pz":10.12,"vy":3.61,"px":552729.77,"py":4182892.54},{"vx":3.79,"ay":0.43,"az":9.81,"ax":0.31,"pz":10.12,"vy":3.79,"px":552726.92,"py":4182894.51}],"traffic_light":[3,0,3,3,3,3],"state_arr":[{"acceleration":0.44,"throttle":15.7,"steering_target":0.41,"brake":0,"steering_rate":100,"speed":3.97},{"acceleration":1.05,"throttle":37.19,"steering_target":0.27,"brake":0,"steering_rate":100,"speed":4.43},{"acceleration":0.58,"throttle":20.5,"steering_target":0.3,"brake":0,"steering_rate":100,"speed":5.45},{"acceleration":0.83,"throttle":24.14,"steering_target":0.25,"brake":0,"steering_rate":100,"speed":5.72},{"acceleration":0.78,"throttle":23.09,"steering_target":0.21,"brake":0,"steering_rate":100,"speed":6.13},{"acceleration":0.73,"throttle":21.01,"steering_target":0.16,"brake":0,"steering_rate":100,"speed":6.47},{"acceleration":-0.2,"throttle":0,"steering_target":0.08,"brake":14.5,"steering_rate":100,"speed":6.77}],"obstacle_arr":[[{"acceleration":{"y":0.02,"x":0.3,"z":0},"position":{"y":4182885.75,"x":552743.48,"z":10.87},"volume":0.14,"type":"PEDESTRIAN","velocity":{"y":-0.7,"x":1.18,"z":0}},{"acceleration":{"y":-1.06,"x":-0.02,"z":0},"position":{"y":4182878.87,"x":552751.27,"z":10.5},"volume":9.59,"type":"VEHICLE","velocity":{"y":-7.48,"x":4.8,"z":0}}],[{"acceleration":{"y":-0.03,"x":0.14,"z":0},"position":{"y":4182885.29,"x":552744.17,"z":10.49},"volume":0.24,"type":"PEDESTRIAN","velocity":{"y":-0.81,"x":1.28,"z":0}},{"acceleration":{"y":-1.39,"x":0.68,"z":0},"position":{"y":4182873.8,"x":552755.44,"z":10.6},"volume":3.52,"type":"VEHICLE","velocity":{"y":-8.29,"x":5.07,"z":0}}],[{"acceleration":{"y":-1.84,"x":1.42,"z":0},"position":{"y":4182866.9,"x":552761.11,"z":11.14},"volume":0.29,"type":"VEHICLE","velocity":{"y":-9.27,"x":5.87,"z":0}}],[{"acceleration":{"y":-2.24,"x":2.19,"z":0},"position":{"y":4182858.89,"x":552768.14,"z":11.66},"volume":0.01,"type":"VEHICLE","velocity":{"y":-10.94,"x":7.77,"z":0}}],[{"acceleration":{"y":-0.03,"x":1.17,"z":0},"position":{"y":4182892.57,"x":552725.34,"z":10.39},"volume":0.26,"type":"PEDESTRIAN","velocity":{"y":0.04,"x":0.57,"z":0}}],[{"acceleration":{"y":-0.15,"x":0.28,"z":0},"position":{"y":4182892.15,"x":552726.37,"z":10.46},"volume":0.15,"type":"PEDESTRIAN","velocity":{"y":-0.26,"x":0.94,"z":0}}],[{"acceleration":{"y":-1.32,"x":1.66,"z":0},"position":{"y":4182891.79,"x":552727.02,"z":10.13},"volume":0.3,"type":"PEDESTRIAN","velocity":{"y":-1.25,"x":2.14,"z":0}}]],"action_description":"Pedestrian crossing the road (left to right)","ev_state":[-151.12890625,10.1241149902344,411.284240722656,0,0,0,12,1,359.980133056641,304.479675292969,-0.00231279293075204,6.848785791456187],"collision_probability":0.34}
 timestamp= 1619806677000 [RUN] Validate G1 Guard Condition: 
The ego vehicle E Detection.Collision == True.
 timestamp= 1619806677000 [RES] Global Validate result: 
false
 timestamp= 1619806677000 [RUN] Validate G2 Guard Condition: 
The ego vehicle E Detection.OffRoad == True.
 timestamp= 1619806677000 [RES] Global Validate result: 
false
 timestamp= 1619806677000 [RUN] Validate G3 Guard Condition: 
The ego vehicle E Detection.HardBrake == True.
 timestamp= 1619806677000 [RES] Global Validate result: 
false
 timestamp= 1619806677000 [RUN] Validate G4 Guard Condition: 
The ego vehicle E Detection.ArrivalTest == True.
 timestamp= 1619806677000 [RES] Global Validate result: 
false
 timestamp= 1619806677000 [RUN] Validate step: 
The test system VALIDATES THAT the Apollo A Status.GetControl is nearly equal to {"acceleration": -0.2, "throttle": 0.0, "steering_target": 0.08, "brake": 14.5, "steering_rate": 100.0, "speed": 6.77}
 timestamp= 1619806677000 [RES] Validate result: 
true
 timestamp= 1619806678000 [RUN] Generate steps
 timestamp= 1619806678000 [RUN] Validate step: 
The test system VALIDATES THAT the simulator S Status.GetEnvironment is nearly equal to {"x": -151.13, "y": 10.12, "z": 411.28, "rain": 0.0, "fog": 0.0, "wetness": 0.0, "timeofday": 12.0, "signal": 1.0, "rx": 359.98, "ry": 304.48, "rz": -0.0, "speed": 6.85}
 timestamp= 1619806678000 [RES] Validate result: 
true
 timestamp= 1619806678000 [RUN] Execute API step: 
The environment controller C INVOKES API Control.Agents.Pedestrians.WalkRandomly(which_lane=Left_Lane).
 timestamp= 1619806681000 [RES] API result: 
{"pose_arr":[{"vx":3.87,"ay":0.2,"az":9.81,"ax":0.14,"pz":10.12,"vy":3.87,"px":552724.33,"py":4182896.29},{"vx":3.72,"ay":0.69,"az":9.8,"ax":0.53,"pz":10.12,"vy":3.72,"px":552720.28,"py":4182898.96},{"vx":3.94,"ay":0.2,"az":9.81,"ax":0.12,"pz":10.12,"vy":3.94,"px":552715.92,"py":4182901.62},{"vx":3.8,"ay":0.19,"az":9.81,"ax":0.13,"pz":10.12,"vy":3.8,"px":552711.69,"py":4182904.17},{"vx":3.89,"ay":0.27,"az":9.83,"ax":-0.2,"pz":10.12,"vy":3.89,"px":552708.43,"py":4182906.06},{"vx":3.87,"ay":0.3,"az":9.8,"ax":0.28,"pz":10.12,"vy":3.87,"px":552704.1,"py":4182908.6},{"vx":4.07,"ay":0.17,"az":9.81,"ax":0.15,"pz":10.12,"vy":4.07,"px":552699.47,"py":4182911.31}],"traffic_light":[3,3,3,3,3,3],"state_arr":[{"acceleration":0.99,"throttle":26.19,"steering_target":6.32,"brake":0,"steering_rate":100,"speed":6.85},{"acceleration":0.84,"throttle":15.7,"steering_target":-1.19,"brake":0,"steering_rate":100,"speed":7.21},{"acceleration":0.75,"throttle":15.7,"steering_target":2.04,"brake":0,"steering_rate":100,"speed":7.51},{"acceleration":0.49,"throttle":19.86,"steering_target":0.98,"brake":0,"steering_rate":100,"speed":7.68},{"acceleration":-0.22,"throttle":0,"steering_target":-0.28,"brake":14.5,"steering_rate":100,"speed":7.57},{"acceleration":0.67,"throttle":15.7,"steering_target":-0.57,"brake":0,"steering_rate":100,"speed":7.69},{"acceleration":0.64,"throttle":15.7,"steering_target":-0.38,"brake":0,"steering_rate":100,"speed":7.92},{"acceleration":0.52,"throttle":20.19,"steering_target":-0.53,"brake":0,"steering_rate":100,"speed":8.06}],"obstacle_arr":[[{"acceleration":{"y":-0.89,"x":0.92,"z":0},"position":{"y":4182892.03,"x":552726.98,"z":10.1},"volume":0.12,"type":"PEDESTRIAN","velocity":{"y":-1.87,"x":2.87,"z":0}}],[{"acceleration":{"y":-0.39,"x":0.43,"z":0},"position":{"y":4182891.6,"x":552728.15,"z":10.13},"volume":0.31,"type":"PEDESTRIAN","velocity":{"y":-2.15,"x":3.15,"z":0}}],[{"acceleration":{"y":0,"x":0,"z":0},"position":{"y":4182891.56,"x":552728.38,"z":10.16},"volume":0.12,"type":"PEDESTRIAN","velocity":{"y":0,"x":0,"z":0}}],[{"acceleration":{"y":0,"x":0,"z":0},"position":{"y":4182906.67,"x":552706.61,"z":10.5},"volume":0.25,"type":"PEDESTRIAN","velocity":{"y":0.19,"x":0.52,"z":0}}],[],[],[]],"action_description":"Pedestrian crossing the road (left to right)","ev_state":[-177.049652099609,10.1238718032837,426.796142578125,0,0,0,12,1,359.980010986328,300.466552734375,0.00152872339822352,8.057289074950843],"collision_probability":1}
 timestamp= 1619806681000 [RUN] Validate G1 Guard Condition: 
The ego vehicle E Detection.Collision == True.
 timestamp= 1619806681000 [RES] Global Validate result: 
true
 timestamp= 1619806681000 [RUN] Collision == True
 timestamp= 1619806681000 [RUN] Validate G2 Guard Condition: 
The ego vehicle E Detection.OffRoad == True.
 timestamp= 1619806681000 [RES] Global Validate result: 
false
 timestamp= 1619806681000 [RUN] Validate G3 Guard Condition: 
The ego vehicle E Detection.HardBrake == True.
 timestamp= 1619806681000 [RES] Global Validate result: 
false
 timestamp= 1619806681000 [RUN] Validate G4 Guard Condition: 
The ego vehicle E Detection.ArrivalTest == True.
 timestamp= 1619806681000 [RES] Global Validate result: 
false
 timestamp= 1619806681000 [RUN] Validate step: 
The test system VALIDATES THAT the Apollo A Status.GetControl is nearly equal to {"acceleration": 0.52, "throttle": 20.19, "steering_target": -0.53, "brake": 0.0, "steering_rate": 100.0, "speed": 8.06}
 timestamp= 1619806681000 [RES] Validate result: 
true
 timestamp= 1619806681000 [RUN] Generate steps
 timestamp= 1619806681000 [RUN] Validate step: 
The test system VALIDATES THAT the simulator S Status.GetEnvironment is nearly equal to {"x": -177.05, "y": 10.12, "z": 426.8, "rain": 0.0, "fog": 0.0, "wetness": 0.0, "timeofday": 12.0, "signal": 1.0, "rx": 359.98, "ry": 300.47, "rz": 0.0, "speed": 8.06}
 timestamp= 1619806681000 [RES] Validate result: 
true
 timestamp= 1619806681000 [RUN] Execute API step: 
The environment controller C INVOKES API Control.Agents.Pedestrians.WalkRandomly(which_lane=Left_Lane).
 timestamp= 1619806685000 [RES] API result: 
{"pose_arr":[{"vx":4.14,"ay":0.53,"az":9.81,"ax":0.41,"pz":10.12,"vy":4.14,"px":552696.74,"py":4182912.94},{"vx":4.24,"ay":0.3,"az":9.81,"ax":0.2,"pz":10.12,"vy":4.24,"px":552691.88,"py":4182915.8},{"vx":3.95,"ay":0.34,"az":9.8,"ax":0.17,"pz":10.12,"vy":3.95,"px":552688.08,"py":4182917.94},{"vx":4.18,"ay":0.14,"az":9.81,"ax":0.14,"pz":10.12,"vy":4.18,"px":552684.28,"py":4182919.9},{"vx":3.41,"ay":-3.6,"az":9.87,"ax":-1.58,"pz":10.13,"vy":3.41,"px":552679.18,"py":4182922.7},{"vx":2.28,"ay":-3.38,"az":9.81,"ax":-1.77,"pz":10.13,"vy":2.28,"px":552675.82,"py":4182924.47},{"vx":1.34,"ay":-2.8,"az":9.81,"ax":-1.49,"pz":10.13,"vy":1.34,"px":552673.71,"py":4182925.58}],"traffic_light":[3,3,3,3,3,3],"state_arr":[{"acceleration":0.35,"throttle":16.35,"steering_target":-2.55,"brake":0,"steering_rate":100,"speed":8.37},{"acceleration":0.28,"throttle":15.7,"steering_target":4.77,"brake":0,"steering_rate":100,"speed":8.52},{"acceleration":0.26,"throttle":15.7,"steering_target":-3.27,"brake":0,"steering_rate":100,"speed":8.69},{"acceleration":-2.2,"throttle":0,"steering_target":0.09,"brake":31.91,"steering_rate":100,"speed":8.79},{"acceleration":-4.31,"throttle":0,"steering_target":2.33,"brake":48.18,"steering_rate":100,"speed":7.59},{"acceleration":-4.03,"throttle":0,"steering_target":-2.24,"brake":47.97,"steering_rate":100,"speed":5.65},{"acceleration":-3.03,"throttle":0,"steering_target":-0.22,"brake":40.29,"steering_rate":100,"speed":3.81}],"obstacle_arr":[[],[{"acceleration":{"y":0,"x":0,"z":0},"position":{"y":4182919.28,"x":552697.3,"z":10.35},"volume":0.05,"type":"UNKNOWN","velocity":{"y":0,"x":0,"z":0}}],[{"acceleration":{"y":0,"x":0.01,"z":0},"position":{"y":4182918.83,"x":552680.96,"z":10.45},"volume":0.08,"type":"PEDESTRIAN","velocity":{"y":-0.48,"x":1.46,"z":0}},{"acceleration":{"y":0,"x":0,"z":0},"position":{"y":4182912.03,"x":552698.26,"z":10.41},"volume":0.15,"type":"PEDESTRIAN","velocity":{"y":0,"x":0,"z":0}}],[{"acceleration":{"y":0.14,"x":-0.47,"z":0},"position":{"y":4182919.53,"x":552679.86,"z":10.49},"volume":0.29,"type":"PEDESTRIAN","velocity":{"y":-0.19,"x":0.74,"z":0}}],[{"acceleration":{"y":0.62,"x":-1.33,"z":0},"position":{"y":4182919.01,"x":552681.36,"z":10.42},"volume":0.18,"type":"PEDESTRIAN","velocity":{"y":0.24,"x":-0.12,"z":0}}],[{"acceleration":{"y":0.34,"x":-0.6,"z":0},"position":{"y":4182919.28,"x":552681.31,"z":10.57},"volume":0.16,"type":"PEDESTRIAN","velocity":{"y":0.53,"x":-0.75,"z":0}}],[{"acceleration":{"y":0.18,"x":-0.29,"z":0},"position":{"y":4182919.16,"x":552681.75,"z":10.55},"volume":0.15,"type":"PEDESTRIAN","velocity":{"y":0.67,"x":-0.95,"z":0}}]],"action_description":"Pedestrian crossing the road (left to right)","ev_state":[-201.861358642578,10.1247901916504,440.401031494141,0,0,0,12,1,0.189315259456635,297.997222900391,-0.000641474267467856,2.2903179081747327],"collision_probability":0.308}
 timestamp= 1619806685000 [RUN] Validate G1 Guard Condition: 
The ego vehicle E Detection.Collision == True.
 timestamp= 1619806685000 [RES] Global Validate result: 
false
 timestamp= 1619806685000 [RUN] Validate G2 Guard Condition: 
The ego vehicle E Detection.OffRoad == True.
 timestamp= 1619806685000 [RES] Global Validate result: 
false
 timestamp= 1619806685000 [RUN] Validate G3 Guard Condition: 
The ego vehicle E Detection.HardBrake == True.
 timestamp= 1619806685000 [RES] Global Validate result: 
true
 timestamp= 1619806685000 [RUN] HardBrake == True
 timestamp= 1619806685000 [RUN] RESUME STEP @preStep
 timestamp= 1619806685000 [RUN] Resume step basicflow31
 timestamp= 1619806685000 [RUN] Validate G4 Guard Condition: 
The ego vehicle E Detection.ArrivalTest == True.
 timestamp= 1619806685000 [RES] Global Validate result: 
false
 timestamp= 1619806685000 [RUN] Validate step: 
The test system VALIDATES THAT the Apollo A Status.GetControl is nearly equal to {"acceleration": -3.03, "throttle": 0.0, "steering_target": -0.22, "brake": 40.29, "steering_rate": 100.0, "speed": 3.81}
 timestamp= 1619806685000 [RES] Validate result: 
true
 timestamp= 1619806685000 [RUN] Generate steps
 timestamp= 1619806685000 [RUN] Validate step: 
The test system VALIDATES THAT the simulator S Status.GetEnvironment is nearly equal to {"x": -201.86, "y": 10.12, "z": 440.4, "rain": 0.0, "fog": 0.0, "wetness": 0.0, "timeofday": 12.0, "signal": 1.0, "rx": 0.19, "ry": 298.0, "rz": -0.0, "speed": 2.29}
 timestamp= 1619806685000 [RES] Validate result: 
true
 timestamp= 1619806685000 [RUN] Execute API step: 
The environment controller C INVOKES API Control.Agents.Pedestrians.WalkRandomly(which_lane=Left_Lane).
 timestamp= 1619806689000 [RES] API result: 
{"pose_arr":[{"vx":0.86,"ay":-1.4,"az":9.8,"ax":-0.75,"pz":10.13,"vy":0.86,"px":552672.83,"py":4182926.05},{"vx":0.6,"ay":-0.42,"az":9.81,"ax":-0.22,"pz":10.13,"vy":0.6,"px":552671.94,"py":4182926.52},{"vx":1.07,"ay":1.49,"az":9.8,"ax":0.79,"pz":10.12,"vy":1.07,"px":552671.16,"py":4182926.93},{"vx":1.22,"ay":1.48,"az":9.81,"ax":0.81,"pz":10.12,"vy":1.22,"px":552669.98,"py":4182927.56},{"vx":1.76,"ay":0.24,"az":9.84,"ax":0.13,"pz":10.12,"vy":1.76,"px":552668.23,"py":4182928.5},{"vx":1.91,"ay":1.13,"az":9.8,"ax":0.62,"pz":10.12,"vy":1.91,"px":552666.08,"py":4182929.67},{"vx":2.18,"ay":0.24,"az":9.81,"ax":0.13,"pz":10.12,"vy":2.18,"px":552663.42,"py":4182931.13}],"traffic_light":[3,3,3,3,3,3],"state_arr":[{"acceleration":-1.73,"throttle":0,"steering_target":-0.07,"brake":29.05,"steering_rate":100,"speed":2.29},{"acceleration":-0.59,"throttle":0,"steering_target":-0.06,"brake":15.42,"steering_rate":100,"speed":1.51},{"acceleration":0.41,"throttle":67.31,"steering_target":-0.21,"brake":0,"steering_rate":100,"speed":1.25},{"acceleration":0.43,"throttle":17.49,"steering_target":-0.6,"brake":0,"steering_rate":100,"speed":2.38},{"acceleration":0.98,"throttle":28.08,"steering_target":-0.64,"brake":0,"steering_rate":100,"speed":2.75},{"acceleration":0.5,"throttle":15.7,"steering_target":-0.76,"brake":0,"steering_rate":100,"speed":3.71},{"acceleration":0.65,"throttle":21.69,"steering_target":-1.03,"brake":0,"steering_rate":100,"speed":4.06},{"acceleration":0.43,"throttle":15.7,"steering_target":-0.9,"brake":0,"steering_rate":100,"speed":4.46}],"obstacle_arr":[[{"acceleration":{"y":0.2,"x":-0.42,"z":0},"position":{"y":4182919.11,"x":552682.07,"z":10.6},"volume":0.25,"type":"PEDESTRIAN","velocity":{"y":0.74,"x":-1.08,"z":0}}],[{"acceleration":{"y":0.07,"x":-0.09,"z":0},"position":{"y":4182919.08,"x":552682.56,"z":10.4},"volume":0.11,"type":"PEDESTRIAN","velocity":{"y":-0.06,"x":0.61,"z":0}}],[{"acceleration":{"y":-0.16,"x":0.36,"z":0},"position":{"y":4182918.78,"x":552683.38,"z":10.81},"volume":0.04,"type":"PEDESTRIAN","velocity":{"y":-0.25,"x":1.06,"z":0}}],[],[],[],[]],"action_description":"Pedestrian crossing the road (left to right)","ev_state":[-211.73876953125,10.1245002746582,445.759582519531,0,0,0,12,0,359.975830078125,298.992553710938,0.0107759945094585,4.480953342896262],"collision_probability":0}
 timestamp= 1619806689000 [RUN] Validate G1 Guard Condition: 
The ego vehicle E Detection.Collision == True.
 timestamp= 1619806689000 [RES] Global Validate result: 
false
 timestamp= 1619806689000 [RUN] Validate G2 Guard Condition: 
The ego vehicle E Detection.OffRoad == True.
 timestamp= 1619806689000 [RES] Global Validate result: 
false
 timestamp= 1619806689000 [RUN] Validate G3 Guard Condition: 
The ego vehicle E Detection.HardBrake == True.
 timestamp= 1619806689000 [RES] Global Validate result: 
false
 timestamp= 1619806689000 [RUN] Validate G4 Guard Condition: 
The ego vehicle E Detection.ArrivalTest == True.
 timestamp= 1619806689000 [RES] Global Validate result: 
false
 timestamp= 1619806689000 [RUN] Validate step: 
The test system VALIDATES THAT the Apollo A Status.GetControl is nearly equal to {"acceleration": 0.43, "throttle": 15.7, "steering_target": -0.9, "brake": 0.0, "steering_rate": 100.0, "speed": 4.46}
 timestamp= 1619806689000 [RES] Validate result: 
true
 timestamp= 1619806689000 [RUN] Generate steps
 timestamp= 1619806689000 [RUN] Validate step: 
The test system VALIDATES THAT the simulator S Status.GetEnvironment is nearly equal to {"x": -211.74, "y": 10.12, "z": 445.76, "rain": 0.0, "fog": 0.0, "wetness": 0.0, "timeofday": 12.0, "signal": 0.0, "rx": 359.98, "ry": 298.99, "rz": 0.01, "speed": 4.48}
 timestamp= 1619806689000 [RES] Validate result: 
true
 timestamp= 1619806689000 [RUN] Execute API step: 
The environment controller C INVOKES API Control.Agents.NPCVehicle.NPCVehicleSwitchLane(which_lane=Left_Lane&which_car=Hatchback).
 timestamp= 1619806693000 [RES] API result: 
{"pose_arr":[{"vx":2.27,"ay":0.44,"az":9.81,"ax":0.24,"pz":10.12,"vy":2.27,"px":552661.78,"py":4182932.04},{"vx":2.37,"ay":0.22,"az":9.81,"ax":0.16,"pz":10.12,"vy":2.37,"px":552659.64,"py":4182933.24},{"vx":2.48,"ay":-0.45,"az":9.83,"ax":-0.3,"pz":10.12,"vy":2.48,"px":552656.92,"py":4182934.8},{"vx":2.34,"ay":-0.46,"az":9.81,"ax":-0.27,"pz":10.13,"vy":2.34,"px":552654.41,"py":4182936.27},{"vx":2.73,"ay":2.92,"az":9.77,"ax":1.76,"pz":10.12,"vy":2.73,"px":552651.76,"py":4182937.85},{"vx":2.52,"ay":-0.85,"az":9.82,"ax":-0.52,"pz":10.13,"vy":2.52,"px":552649.57,"py":4182939.18},{"vx":2.22,"ay":-0.93,"az":9.81,"ax":-0.59,"pz":10.13,"vy":2.22,"px":552647.26,"py":4182940.59}],"traffic_light":[3,3,3,3,3,3],"state_arr":[{"acceleration":0.5,"throttle":15.7,"steering_target":-0.94,"brake":0,"steering_rate":100,"speed":4.55},{"acceleration":0.26,"throttle":15.7,"steering_target":-1.24,"brake":0,"steering_rate":100,"speed":4.73},{"acceleration":0.01,"throttle":15.7,"steering_target":-1.44,"brake":0,"steering_rate":100,"speed":4.89},{"acceleration":-0.16,"throttle":0,"steering_target":-1.07,"brake":14.5,"steering_rate":100,"speed":4.76},{"acceleration":0.04,"throttle":15.7,"steering_target":-1.02,"brake":0,"steering_rate":100,"speed":4.48},{"acceleration":-1.06,"throttle":0,"steering_target":-0.93,"brake":21,"steering_rate":100,"speed":5.22},{"acceleration":-1.01,"throttle":0,"steering_target":-0.87,"brake":20.57,"steering_rate":100,"speed":4.71},{"acceleration":-0.91,"throttle":0,"steering_target":-0.76,"brake":20.34,"steering_rate":100,"speed":4.21}],"obstacle_arr":[[{"acceleration":{"y":0,"x":0,"z":0},"position":{"y":4182928.82,"x":552655.54,"z":10.54},"volume":0.06,"type":"PEDESTRIAN","velocity":{"y":0,"x":0,"z":0}}],[{"acceleration":{"y":-0.02,"x":0.01,"z":0},"position":{"y":4182928.26,"x":552655.8,"z":10.48},"volume":0.2,"type":"PEDESTRIAN","velocity":{"y":-0.51,"x":0.26,"z":0}},{"acceleration":{"y":0,"x":0,"z":0},"position":{"y":4182934.7,"x":552641.3,"z":10.11},"volume":8.14,"type":"VEHICLE","velocity":{"y":0,"x":0,"z":0}}],[{"acceleration":{"y":-0.1,"x":0.31,"z":0},"position":{"y":4182928.02,"x":552655.9,"z":10.43},"volume":0.26,"type":"PEDESTRIAN","velocity":{"y":-0.38,"x":0.26,"z":0}},{"acceleration":{"y":0.82,"x":-0.93,"z":0},"position":{"y":4182935.75,"x":552640.36,"z":10.11},"volume":8.47,"type":"VEHICLE","velocity":{"y":0.71,"x":-0.81,"z":0}}],[{"acceleration":{"y":-0.28,"x":0.4,"z":0},"position":{"y":4182927.58,"x":552656.17,"z":10.55},"volume":0.14,"type":"PEDESTRIAN","velocity":{"y":-0.66,"x":0.54,"z":0}},{"acceleration":{"y":1.48,"x":-0.91,"z":0},"position":{"y":4182937.28,"x":552639.12,"z":10.13},"volume":7.87,"type":"VEHICLE","velocity":{"y":1.72,"x":-1.45,"z":0}}],[{"acceleration":{"y":-0.36,"x":0.18,"z":0},"position":{"y":4182927,"x":552656.68,"z":10.42},"volume":0.11,"type":"PEDESTRIAN","velocity":{"y":-0.86,"x":0.7,"z":0}},{"acceleration":{"y":3.4,"x":-2.36,"z":0},"position":{"y":4182938.48,"x":552638.35,"z":10.13},"volume":9.45,"type":"VEHICLE","velocity":{"y":3.51,"x":-2.7,"z":0}}],[{"acceleration":{"y":0.15,"x":0.16,"z":0},"position":{"y":4182926.7,"x":552656.76,"z":10.71},"volume":0.04,"type":"PEDESTRIAN","velocity":{"y":-0.69,"x":0.62,"z":0}},{"acceleration":{"y":2.27,"x":-1.66,"z":0},"position":{"y":4182941.3,"x":552636.09,"z":10.09},"volume":8.97,"type":"VEHICLE","velocity":{"y":4.93,"x":-3.76,"z":0}}],[{"acceleration":{"y":0.16,"x":-0.29,"z":0},"position":{"y":4182926.11,"x":552657.42,"z":10.41},"volume":0,"type":"PEDESTRIAN","velocity":{"y":-0.4,"x":0.66,"z":0}},{"acceleration":{"y":0.2,"x":-0.57,"z":0},"position":{"y":4182943.65,"x":552634.56,"z":10.4},"volume":6.84,"type":"VEHICLE","velocity":{"y":5.14,"x":-4.26,"z":0}}]],"action_description":"NPC vehicle (SchoolBus) switching lane (left to right)","ev_state":[-227.996109008789,10.1245527267456,455.359436035156,0,0,0,12,-1,0.0613784343004227,301.702270507813,0.00989837851375341,4.1711239790445775],"collision_probability":0}
 timestamp= 1619806693000 [RUN] Validate G1 Guard Condition: 
The ego vehicle E Detection.Collision == True.
 timestamp= 1619806693000 [RES] Global Validate result: 
false
 timestamp= 1619806693000 [RUN] Validate G2 Guard Condition: 
The ego vehicle E Detection.OffRoad == True.
 timestamp= 1619806693000 [RES] Global Validate result: 
false
 timestamp= 1619806693000 [RUN] Validate G3 Guard Condition: 
The ego vehicle E Detection.HardBrake == True.
 timestamp= 1619806693000 [RES] Global Validate result: 
false
 timestamp= 1619806693000 [RUN] Validate G4 Guard Condition: 
The ego vehicle E Detection.ArrivalTest == True.
 timestamp= 1619806693000 [RES] Global Validate result: 
false
 timestamp= 1619806693000 [RUN] Validate step: 
The test system VALIDATES THAT the Apollo A Status.GetControl is nearly equal to {"acceleration": -0.91, "throttle": 0.0, "steering_target": -0.76, "brake": 20.34, "steering_rate": 100.0, "speed": 4.21}
 timestamp= 1619806693000 [RES] Validate result: 
true
 timestamp= 1619806693000 [RUN] Generate steps
 timestamp= 1619806693000 [RUN] Validate step: 
The test system VALIDATES THAT the simulator S Status.GetEnvironment is nearly equal to {"x": -228.0, "y": 10.12, "z": 455.36, "rain": 0.0, "fog": 0.0, "wetness": 0.0, "timeofday": 12.0, "signal": -1.0, "rx": 0.06, "ry": 301.7, "rz": 0.01, "speed": 4.17}
 timestamp= 1619806693000 [RES] Validate result: 
true
 timestamp= 1619806693000 [RUN] Execute API step: 
The environment controller C INVOKES API Control.Agents.Pedestrians.WalkRandomly(which_lane=Left_Lane).
 timestamp= 1619806697000 [RES] API result: 
{"pose_arr":[{"vx":2.03,"ay":-0.71,"az":9.81,"ax":-0.45,"pz":10.13,"vy":2.03,"px":552645.85,"py":4182941.47},{"vx":1.74,"ay":-0.77,"az":9.81,"ax":-0.48,"pz":10.13,"vy":1.74,"px":552644.13,"py":4182942.54},{"vx":1.57,"ay":-0.6,"az":9.8,"ax":-0.38,"pz":10.13,"vy":1.57,"px":552642.97,"py":4182943.26},{"vx":1.37,"ay":-0.51,"az":9.81,"ax":-0.33,"pz":10.13,"vy":1.37,"px":552641.69,"py":4182944.07},{"vx":1.16,"ay":-0.67,"az":9.81,"ax":-0.43,"pz":10.13,"vy":1.16,"px":552640.4,"py":4182944.89},{"vx":0.95,"ay":-0.42,"az":9.81,"ax":-0.27,"pz":10.13,"vy":0.95,"px":552639.5,"py":4182945.45},{"vx":0.8,"ay":-0.4,"az":9.81,"ax":-0.25,"pz":10.13,"vy":0.8,"px":552638.73,"py":4182945.94}],"traffic_light":[3,3,3,3,3,3,3],"state_arr":[{"acceleration":-0.84,"throttle":0,"steering_target":-0.69,"brake":25.56,"steering_rate":100,"speed":3.91},{"acceleration":-1.01,"throttle":0,"steering_target":-0.58,"brake":20.64,"steering_rate":100,"speed":3.47},{"acceleration":-0.74,"throttle":0,"steering_target":-0.51,"brake":17.33,"steering_rate":100,"speed":3.02},{"acceleration":-0.67,"throttle":0,"steering_target":-0.43,"brake":16.34,"steering_rate":100,"speed":2.69},{"acceleration":-0.8,"throttle":0,"steering_target":-0.35,"brake":18.58,"steering_rate":100,"speed":2.3},{"acceleration":-0.56,"throttle":0,"steering_target":-0.16,"brake":14.98,"steering_rate":100,"speed":1.93},{"acceleration":-0.53,"throttle":0,"steering_target":-0.17,"brake":14.5,"steering_rate":100,"speed":1.7},{"acceleration":-0.44,"throttle":0,"steering_target":-0.21,"brake":14.5,"steering_rate":100,"speed":1.46}],"obstacle_arr":[[{"acceleration":{"y":-1.16,"x":1.72,"z":0},"position":{"y":4182946.58,"x":552632.35,"z":10.42},"volume":5.41,"type":"VEHICLE","velocity":{"y":4.47,"x":-3.09,"z":0}}],[{"acceleration":{"y":-2.64,"x":1.35,"z":0},"position":{"y":4182949.55,"x":552630.07,"z":10.4},"volume":6.85,"type":"VEHICLE","velocity":{"y":2.71,"x":-2.32,"z":0}}],[{"acceleration":{"y":0.58,"x":-0.98,"z":0},"position":{"y":4182951.87,"x":552628.26,"z":10.39},"volume":4.93,"type":"VEHICLE","velocity":{"y":3.13,"x":-2.91,"z":0}}],[{"acceleration":{"y":0.49,"x":-2.7,"z":0},"position":{"y":4182955.37,"x":552624.43,"z":10.36},"volume":3.14,"type":"VEHICLE","velocity":{"y":3.47,"x":-4.33,"z":0}}],[{"acceleration":{"y":-0.86,"x":-3.83,"z":0},"position":{"y":4182957.15,"x":552620.19,"z":10.36},"volume":4.05,"type":"VEHICLE","velocity":{"y":3.1,"x":-7.19,"z":0}}],[{"acceleration":{"y":-4.35,"x":-2.42,"z":0},"position":{"y":4182956.69,"x":552613.55,"z":10.16},"volume":5.73,"type":"VEHICLE","velocity":{"y":1.14,"x":-9.34,"z":0}}],[{"acceleration":{"y":-4.83,"x":-1.01,"z":0},"position":{"y":4182953.33,"x":552610.02,"z":10.61},"volume":3.14,"type":"VEHICLE","velocity":{"y":-1.9,"x":-10.21,"z":0}}],[{"acceleration":{"y":-4.27,"x":-0.53,"z":0},"position":{"y":4182949.58,"x":552607.73,"z":10.52},"volume":2.13,"type":"VEHICLE","velocity":{"y":-4.81,"x":-10.52,"z":0}}]],"action_description":"Pedestrian crossing the road (left to right)","ev_state":[-236.760757446289,10.1247911453247,460.879516601563,0,0,0,12,-1,0.0288707390427589,302.388732910156,0.0002641670871526,1.3491502816036096],"collision_probability":0}
 timestamp= 1619806697000 [RUN] Validate G1 Guard Condition: 
The ego vehicle E Detection.Collision == True.
 timestamp= 1619806697000 [RES] Global Validate result: 
false
 timestamp= 1619806697000 [RUN] Validate G2 Guard Condition: 
The ego vehicle E Detection.OffRoad == True.
 timestamp= 1619806697000 [RES] Global Validate result: 
false
 timestamp= 1619806697000 [RUN] Validate G3 Guard Condition: 
The ego vehicle E Detection.HardBrake == True.
 timestamp= 1619806697000 [RES] Global Validate result: 
false
 timestamp= 1619806697000 [RUN] Validate G4 Guard Condition: 
The ego vehicle E Detection.ArrivalTest == True.
 timestamp= 1619806697000 [RES] Global Validate result: 
false
 timestamp= 1619806697000 [RUN] Validate step: 
The test system VALIDATES THAT the Apollo A Status.GetControl is nearly equal to {"acceleration": -0.44, "throttle": 0.0, "steering_target": -0.21, "brake": 14.5, "steering_rate": 100.0, "speed": 1.46}
 timestamp= 1619806697000 [RES] Validate result: 
true
 timestamp= 1619806697000 [RUN] Generate steps
 timestamp= 1619806697000 [RUN] Validate step: 
The test system VALIDATES THAT the simulator S Status.GetEnvironment is nearly equal to {"x": -236.76, "y": 10.12, "z": 460.88, "rain": 0.0, "fog": 0.0, "wetness": 0.0, "timeofday": 12.0, "signal": -1.0, "rx": 0.03, "ry": 302.39, "rz": 0.0, "speed": 1.35}
 timestamp= 1619806697000 [RES] Validate result: 
true
 timestamp= 1619806697000 [RUN] Execute API step: 
The environment controller C INVOKES API Control.Agents.Pedestrians.WalkRandomly(which_lane=Left_Lane).
 timestamp= 1619806701000 [RES] API result: 
{"pose_arr":[{"vx":0.71,"ay":-0.4,"az":9.81,"ax":-0.25,"pz":10.13,"vy":0.71,"px":552638.28,"py":4182946.23},{"vx":0.58,"ay":-0.39,"az":9.81,"ax":-0.25,"pz":10.13,"vy":0.58,"px":552637.76,"py":4182946.56},{"vx":0.43,"ay":-0.39,"az":9.81,"ax":-0.25,"pz":10.13,"vy":0.43,"px":552637.29,"py":4182946.86},{"vx":0.28,"ay":-0.39,"az":9.81,"ax":-0.25,"pz":10.13,"vy":0.28,"px":552636.96,"py":4182947.07},{"vx":0.16,"ay":-0.38,"az":9.81,"ax":-0.24,"pz":10.13,"vy":0.16,"px":552636.79,"py":4182947.17},{"vx":0.27,"ay":-0.39,"az":9.81,"ax":-0.25,"pz":10.12,"vy":0.27,"px":552636.55,"py":4182947.32},{"vx":0.11,"ay":-0.38,"az":9.81,"ax":-0.24,"pz":10.13,"vy":0.11,"px":552636.35,"py":4182947.45},{"vx":0.18,"ay":0.23,"az":9.81,"ax":0.15,"pz":10.12,"vy":0.18,"px":552636.24,"py":4182947.53}],"traffic_light":[3,3,3,3,3,3,3],"state_arr":[{"acceleration":-0.41,"throttle":0,"steering_target":-0.21,"brake":14.5,"steering_rate":100,"speed":1.29},{"acceleration":-0.35,"throttle":0,"steering_target":-0.2,"brake":14.5,"steering_rate":100,"speed":1.11},{"acceleration":-0.26,"throttle":0,"steering_target":-0.2,"brake":14.5,"steering_rate":100,"speed":0.88},{"acceleration":-0.16,"throttle":0,"steering_target":-0.18,"brake":14.5,"steering_rate":100,"speed":0.65},{"acceleration":-0.03,"throttle":0,"steering_target":-0.18,"brake":14.5,"steering_rate":100,"speed":0.42},{"acceleration":-0.14,"throttle":0,"steering_target":-0.15,"brake":14.5,"steering_rate":100,"speed":0.64},{"acceleration":-0.03,"throttle":0,"steering_target":-0.15,"brake":14.5,"steering_rate":100,"speed":0.42},{"acceleration":0.09,"throttle":15.7,"steering_target":-0.15,"brake":0,"steering_rate":100,"speed":0.19},{"acceleration":0.01,"throttle":41.99,"steering_target":-0.13,"brake":0,"steering_rate":100,"speed":0.35}],"obstacle_arr":[[{"acceleration":{"y":-3.59,"x":-0.45,"z":0},"position":{"y":4182944.93,"x":552604.59,"z":11.14},"volume":0.09,"type":"VEHICLE","velocity":{"y":-6.77,"x":-10.66,"z":0}}],[],[],[],[],[],[{"acceleration":{"y":0,"x":0,"z":0},"position":{"y":4182951.6,"x":552619.46,"z":10.66},"volume":0.05,"type":"PEDESTRIAN","velocity":{"y":0,"x":0,"z":0}}],[]],"action_description":"Pedestrian crossing the road (left to right)","ev_state":[-238.890884399414,10.124794960022,462.234436035156,0,0,0,12,-1,359.98583984375,302.454620361328,0.000028800683139707,0.3482220541267382],"collision_probability":0}
 timestamp= 1619806701000 [RUN] Validate G1 Guard Condition: 
The ego vehicle E Detection.Collision == True.
 timestamp= 1619806701000 [RES] Global Validate result: 
false
 timestamp= 1619806701000 [RUN] Validate G2 Guard Condition: 
The ego vehicle E Detection.OffRoad == True.
 timestamp= 1619806701000 [RES] Global Validate result: 
false
 timestamp= 1619806701000 [RUN] Validate G3 Guard Condition: 
The ego vehicle E Detection.HardBrake == True.
 timestamp= 1619806701000 [RES] Global Validate result: 
false
 timestamp= 1619806701000 [RUN] Validate G4 Guard Condition: 
The ego vehicle E Detection.ArrivalTest == True.
 timestamp= 1619806701000 [RES] Global Validate result: 
true
 timestamp= 1619806701000 [RUN] ArrivalTest == True
 timestamp= 1619806701000 [RUN] The simulator S INVOKES API Command.Simulation.Stop() to stop simulation.
 timestamp= 1619806701000 [WARNING] The test system Stop the Simulator S!
 timestamp= 1619806701000 [RES] Basic PostCondition Validate result: 
true
 timestamp= 1619806701000 [STOP] numberOfStep: 46 basicFlow: 
[{"name":"","description":"","eClass":"Sentence","content":"The test system VALIDATES THAT the simulator S Status.GetEnvironment is nearly equal to {\"x\": -11.12, \"y\": 10.12, \"z\": 307.48, \"rain\": 0.0, \"fog\": 0.0, \"wetness\": 0.0, \"timeofday\": 12.0, \"signal\": -1.0, \"rx\": 359.89, \"ry\": 307.33, \"rz\": -0.0, \"speed\": 2.89}","natures":[]},{"name":"","description":"","eClass":"Sentence","content":"The environment controller C INVOKES API Control.Agents.Pedestrians.WalkRandomly(which_lane=Left_Lane).","natures":[]},{"name":"","description":"","eClass":"Sentence","content":"The test system VALIDATES THAT the Apollo A Status.GetControl is nearly equal to {\"acceleration\": -1.0, \"throttle\": 0.0, \"steering_target\": 0.08, \"brake\": 20.37, \"steering_rate\": 100.0, \"speed\": 4.9}","natures":[]},{"name":"","description":"","eClass":"Sentence","content":"The test system VALIDATES THAT the simulator S Status.GetEnvironment is nearly equal to {\"x\": -26.25, \"y\": 10.12, \"z\": 318.92, \"rain\": 0.0, \"fog\": 0.0, \"wetness\": 0.0, \"timeofday\": 12.0, \"signal\": 1.0, \"rx\": 0.05, \"ry\": 306.97, \"rz\": -0.0, \"speed\": 4.9}","natures":[]},{"name":"","description":"","eClass":"Sentence","content":"The environment controller C INVOKES API Control.Agents.Pedestrians.WalkRandomly(which_lane=Left_Lane).","natures":[]},{"name":"","description":"","eClass":"Sentence","content":"The test system VALIDATES THAT the Apollo A Status.GetControl is nearly equal to {\"acceleration\": -1.88, \"throttle\": 0.0, \"steering_target\": -0.74, \"brake\": 30.31, \"steering_rate\": 100.0, \"speed\": 5.08}","natures":[]},{"name":"","description":"","eClass":"Sentence","content":"The test system VALIDATES THAT the simulator S Status.GetEnvironment is nearly equal to {\"x\": -44.24, \"y\": 10.12, \"z\": 332.46, \"rain\": 0.0, \"fog\": 0.0, \"wetness\": 0.0, \"timeofday\": 12.0, \"signal\": 0.0, \"rx\": 0.12, \"ry\": 306.58, \"rz\": 0.0, \"speed\": 4.4}","natures":[]},{"name":"","description":"","eClass":"Sentence","content":"The environment controller C INVOKES API Control.Agents.Pedestrians.WalkRandomly(which_lane=Left_Lane).","natures":[]},{"name":"","description":"","eClass":"Sentence","content":"The test system VALIDATES THAT the Apollo A Status.GetControl is nearly equal to {\"acceleration\": 0.75, \"throttle\": 23.07, \"steering_target\": 0.01, \"brake\": 0.0, \"steering_rate\": 100.0, \"speed\": 5.92}","natures":[]},{"name":"","description":"","eClass":"Sentence","content":"The test system VALIDATES THAT the simulator S Status.GetEnvironment is nearly equal to {\"x\": -60.24, \"y\": 10.12, \"z\": 344.62, \"rain\": 0.0, \"fog\": 0.0, \"wetness\": 0.0, \"timeofday\": 12.0, \"signal\": -1.0, \"rx\": 359.99, \"ry\": 307.31, \"rz\": -0.0, \"speed\": 5.92}","natures":[]},{"name":"","description":"","eClass":"Sentence","content":"The environment controller C INVOKES API Control.Agents.Pedestrians.WalkRandomly(which_lane=Left_Lane).","natures":[]},{"name":"","description":"","eClass":"Sentence","content":"The test system VALIDATES THAT the Apollo A Status.GetControl is nearly equal to {\"acceleration\": 0.94, \"throttle\": 15.7, \"steering_target\": 0.78, \"brake\": 0.0, \"steering_rate\": 100.0, \"speed\": 5.89}","natures":[]},{"name":"","description":"","eClass":"Sentence","content":"The test system VALIDATES THAT the simulator S Status.GetEnvironment is nearly equal to {\"x\": -80.9, \"y\": 10.12, \"z\": 360.29, \"rain\": 0.0, \"fog\": 0.0, \"wetness\": 0.0, \"timeofday\": 12.0, \"signal\": -1.0, \"rx\": 0.03, \"ry\": 307.13, \"rz\": 0.02, \"speed\": 5.89}","natures":[]},{"name":"","description":"","eClass":"Sentence","content":"The environment controller C INVOKES API Control.Agents.Pedestrians.WalkRandomly(which_lane=Left_Lane).","natures":[]},{"name":"","description":"","eClass":"Sentence","content":"The test system VALIDATES THAT the Apollo A Status.GetControl is nearly equal to {\"acceleration\": -0.15, \"throttle\": 0.0, \"steering_target\": -1.06, \"brake\": 14.5, \"steering_rate\": 100.0, \"speed\": 6.62}","natures":[]},{"name":"","description":"","eClass":"Sentence","content":"The test system VALIDATES THAT the simulator S Status.GetEnvironment is nearly equal to {\"x\": -102.92, \"y\": 10.12, \"z\": 376.74, \"rain\": 0.0, \"fog\": 0.0, \"wetness\": 0.0, \"timeofday\": 12.0, \"signal\": 1.0, \"rx\": 0.03, \"ry\": 306.75, \"rz\": 0.02, \"speed\": 6.38}","natures":[]},{"name":"","description":"","eClass":"Sentence","content":"The environment controller C INVOKES API Control.Agents.Pedestrians.WalkRandomly(which_lane=Left_Lane).","natures":[]},{"name":"","description":"","eClass":"Sentence","content":"The test system VALIDATES THAT the Apollo A Status.GetControl is nearly equal to {\"acceleration\": -0.59, \"throttle\": 0.0, \"steering_target\": 0.42, \"brake\": 14.64, \"steering_rate\": 100.0, \"speed\": 3.68}","natures":[]},{"name":"","description":"","eClass":"Sentence","content":"The test system VALIDATES THAT the simulator S Status.GetEnvironment is nearly equal to {\"x\": -119.55, \"y\": 10.12, \"z\": 389.03, \"rain\": 0.0, \"fog\": 0.0, \"wetness\": 0.0, \"timeofday\": 12.0, \"signal\": 0.0, \"rx\": 0.03, \"ry\": 306.23, \"rz\": -0.0, \"speed\": 3.42}","natures":[]},{"name":"","description":"","eClass":"Sentence","content":"The environment controller C INVOKES API Control.Agents.Pedestrians.WalkRandomly(which_lane=Left_Lane).","natures":[]},{"name":"","description":"","eClass":"Sentence","content":"The test system VALIDATES THAT the Apollo A Status.GetControl is nearly equal to {\"acceleration\": -2.44, \"throttle\": 0.0, \"steering_target\": 0.2, \"brake\": 35.17, \"steering_rate\": 100.0, \"speed\": 1.16}","natures":[]},{"name":"","description":"","eClass":"Sentence","content":"The test system VALIDATES THAT the simulator S Status.GetEnvironment is nearly equal to {\"x\": -130.7, \"y\": 10.12, \"z\": 397.09, \"rain\": 0.0, \"fog\": 0.0, \"wetness\": 0.0, \"timeofday\": 12.0, \"signal\": -1.0, \"rx\": 0.19, \"ry\": 305.58, \"rz\": 0.0, \"speed\": 1.16}","natures":[]},{"name":"","description":"","eClass":"Sentence","content":"The environment controller C INVOKES API Control.Agents.NPCVehicle.NPCVehicleMaintainLane(which_lane=Current_Lane&which_car=SUV).","natures":[]},{"name":"","description":"","eClass":"Sentence","content":"The test system VALIDATES THAT the Apollo A Status.GetControl is nearly equal to {\"acceleration\": 1.05, \"throttle\": 29.35, \"steering_target\": 0.57, \"brake\": 0.0, \"steering_rate\": 100.0, \"speed\": 2.78}","natures":[]},{"name":"","description":"","eClass":"Sentence","content":"The test system VALIDATES THAT the simulator S Status.GetEnvironment is nearly equal to {\"x\": -133.19, \"y\": 10.12, \"z\": 398.85, \"rain\": 0.0, \"fog\": 0.0, \"wetness\": 0.0, \"timeofday\": 12.0, \"signal\": -1.0, \"rx\": 359.96, \"ry\": 305.28, \"rz\": -0.0, \"speed\": 2.78}","natures":[]},{"name":"","description":"","eClass":"Sentence","content":"The environment controller C INVOKES API Control.Agents.Pedestrians.WalkRandomly(which_lane=Left_Lane).","natures":[]},{"name":"","description":"","eClass":"Sentence","content":"The test system VALIDATES THAT the Apollo A Status.GetControl is nearly equal to {\"acceleration\": -0.2, \"throttle\": 0.0, \"steering_target\": 0.08, \"brake\": 14.5, \"steering_rate\": 100.0, \"speed\": 6.77}","natures":[]},{"name":"","description":"","eClass":"Sentence","content":"The test system VALIDATES THAT the simulator S Status.GetEnvironment is nearly equal to {\"x\": -151.13, \"y\": 10.12, \"z\": 411.28, \"rain\": 0.0, \"fog\": 0.0, \"wetness\": 0.0, \"timeofday\": 12.0, \"signal\": 1.0, \"rx\": 359.98, \"ry\": 304.48, \"rz\": -0.0, \"speed\": 6.85}","natures":[]},{"name":"","description":"","eClass":"Sentence","content":"The environment controller C INVOKES API Control.Agents.Pedestrians.WalkRandomly(which_lane=Left_Lane).","natures":[]},{"name":"","description":"","eClass":"Sentence","content":"The test system VALIDATES THAT the Apollo A Status.GetControl is nearly equal to {\"acceleration\": 0.52, \"throttle\": 20.19, \"steering_target\": -0.53, \"brake\": 0.0, \"steering_rate\": 100.0, \"speed\": 8.06}","natures":[]},{"name":"","description":"","eClass":"Sentence","content":"The test system VALIDATES THAT the simulator S Status.GetEnvironment is nearly equal to {\"x\": -177.05, \"y\": 10.12, \"z\": 426.8, \"rain\": 0.0, \"fog\": 0.0, \"wetness\": 0.0, \"timeofday\": 12.0, \"signal\": 1.0, \"rx\": 359.98, \"ry\": 300.47, \"rz\": 0.0, \"speed\": 8.06}","natures":[]},{"name":"","description":"","eClass":"Sentence","content":"The environment controller C INVOKES API Control.Agents.Pedestrians.WalkRandomly(which_lane=Left_Lane).","natures":[]},{"name":"","description":"","eClass":"Sentence","content":"The test system VALIDATES THAT the Apollo A Status.GetControl is nearly equal to {\"acceleration\": -3.03, \"throttle\": 0.0, \"steering_target\": -0.22, \"brake\": 40.29, \"steering_rate\": 100.0, \"speed\": 3.81}","natures":[]},{"name":"","description":"","eClass":"Sentence","content":"The test system VALIDATES THAT the simulator S Status.GetEnvironment is nearly equal to {\"x\": -201.86, \"y\": 10.12, \"z\": 440.4, \"rain\": 0.0, \"fog\": 0.0, \"wetness\": 0.0, \"timeofday\": 12.0, \"signal\": 1.0, \"rx\": 0.19, \"ry\": 298.0, \"rz\": -0.0, \"speed\": 2.29}","natures":[]},{"name":"","description":"","eClass":"Sentence","content":"The environment controller C INVOKES API Control.Agents.Pedestrians.WalkRandomly(which_lane=Left_Lane).","natures":[]},{"name":"","description":"","eClass":"Sentence","content":"The test system VALIDATES THAT the Apollo A Status.GetControl is nearly equal to {\"acceleration\": 0.43, \"throttle\": 15.7, \"steering_target\": -0.9, \"brake\": 0.0, \"steering_rate\": 100.0, \"speed\": 4.46}","natures":[]},{"name":"","description":"","eClass":"Sentence","content":"The test system VALIDATES THAT the simulator S Status.GetEnvironment is nearly equal to {\"x\": -211.74, \"y\": 10.12, \"z\": 445.76, \"rain\": 0.0, \"fog\": 0.0, \"wetness\": 0.0, \"timeofday\": 12.0, \"signal\": 0.0, \"rx\": 359.98, \"ry\": 298.99, \"rz\": 0.01, \"speed\": 4.48}","natures":[]},{"name":"","description":"","eClass":"Sentence","content":"The environment controller C INVOKES API Control.Agents.NPCVehicle.NPCVehicleSwitchLane(which_lane=Left_Lane&which_car=Hatchback).","natures":[]},{"name":"","description":"","eClass":"Sentence","content":"The test system VALIDATES THAT the Apollo A Status.GetControl is nearly equal to {\"acceleration\": -0.91, \"throttle\": 0.0, \"steering_target\": -0.76, \"brake\": 20.34, \"steering_rate\": 100.0, \"speed\": 4.21}","natures":[]},{"name":"","description":"","eClass":"Sentence","content":"The test system VALIDATES THAT the simulator S Status.GetEnvironment is nearly equal to {\"x\": -228.0, \"y\": 10.12, \"z\": 455.36, \"rain\": 0.0, \"fog\": 0.0, \"wetness\": 0.0, \"timeofday\": 12.0, \"signal\": -1.0, \"rx\": 0.06, \"ry\": 301.7, \"rz\": 0.01, \"speed\": 4.17}","natures":[]},{"name":"","description":"","eClass":"Sentence","content":"The environment controller C INVOKES API Control.Agents.Pedestrians.WalkRandomly(which_lane=Left_Lane).","natures":[]},{"name":"","description":"","eClass":"Sentence","content":"The test system VALIDATES THAT the Apollo A Status.GetControl is nearly equal to {\"acceleration\": -0.44, \"throttle\": 0.0, \"steering_target\": -0.21, \"brake\": 14.5, \"steering_rate\": 100.0, \"speed\": 1.46}","natures":[]},{"name":"","description":"","eClass":"Sentence","content":"The test system VALIDATES THAT the simulator S Status.GetEnvironment is nearly equal to {\"x\": -236.76, \"y\": 10.12, \"z\": 460.88, \"rain\": 0.0, \"fog\": 0.0, \"wetness\": 0.0, \"timeofday\": 12.0, \"signal\": -1.0, \"rx\": 0.03, \"ry\": 302.39, \"rz\": 0.0, \"speed\": 1.35}","natures":[]},{"name":"","description":"","eClass":"Sentence","content":"The environment controller C INVOKES API Control.Agents.Pedestrians.WalkRandomly(which_lane=Left_Lane).","natures":[]},{"name":"","description":"","eClass":"Sentence","content":"The test system VALIDATES THAT the Apollo A Status.GetControl is nearly equal to {\"acceleration\": 0.01, \"throttle\": 41.99, \"steering_target\": -0.13, \"brake\": 0.0, \"steering_rate\": 100.0, \"speed\": 0.35}","natures":[]},{"name":"","description":"","eClass":"Sentence","content":"","natures":[]}]
