 timestamp= 1619810488000 [START] Now Run TCS Maintain Lane On Road1 Mode: dynamic Roadnum: 2 Second: 4
 timestamp= 1619810488000 [SUCCESS] TCS Check Success 
 timestamp= 1619810490000 [RUN] Run BasicFlow
 timestamp= 1619810490000 [RUN] Generate steps
 timestamp= 1619810490000 [RUN] Validate step: 
The test system VALIDATES THAT the simulator S Status.GetEnvironment is nearly equal to {"x": -12.39, "y": 10.12, "z": 308.51, "rain": 0.0, "fog": 0.0, "wetness": 0.0, "timeofday": 12.0, "signal": -1.0, "rx": 359.93, "ry": 307.87, "rz": -0.0, "speed": 3.5}
 timestamp= 1619810490000 [RES] Validate result: 
true
 timestamp= 1619810490000 [RUN] Execute API step: 
The environment controller C INVOKES API Control.Agents.Pedestrians.WalkRandomly(which_lane=Left_Lane).
 timestamp= 1619810494000 [RES] API result: 
{"pose_arr":[{"vx":2.14,"ay":1.32,"az":9.81,"ax":1.03,"pz":10.12,"vy":2.14,"px":552862.69,"py":4182793.68},{"vx":2.82,"ay":0.21,"az":9.83,"ax":0.16,"pz":10.12,"vy":2.82,"px":552860.5,"py":4182795.37},{"vx":3.05,"ay":0.71,"az":9.8,"ax":0.55,"pz":10.12,"vy":3.05,"px":552857.78,"py":4182797.47},{"vx":3.25,"ay":0.62,"az":9.81,"ax":0.47,"pz":10.12,"vy":3.25,"px":552855.07,"py":4182799.55},{"vx":3.46,"ay":0.21,"az":9.81,"ax":0.16,"pz":10.12,"vy":3.46,"px":552851.19,"py":4182802.5},{"vx":3.04,"ay":-0.43,"az":9.8,"ax":-0.33,"pz":10.13,"vy":3.04,"px":552847.73,"py":4182805.11}],"traffic_light":[3,3,3,3,3,0],"state_arr":[{"acceleration":1.38,"throttle":38.82,"steering_target":0.45,"brake":0,"steering_rate":100,"speed":3.49},{"acceleration":1,"throttle":18.93,"steering_target":0.4,"brake":0,"steering_rate":100,"speed":4.55},{"acceleration":1.11,"throttle":18.49,"steering_target":0.39,"brake":0,"steering_rate":100,"speed":4.87},{"acceleration":1.02,"throttle":26.65,"steering_target":0.33,"brake":0,"steering_rate":100,"speed":5.36},{"acceleration":0.98,"throttle":15.7,"steering_target":0.2,"brake":0,"steering_rate":100,"speed":5.67},{"acceleration":-1.28,"throttle":0,"steering_target":0.19,"brake":23.26,"steering_rate":100,"speed":5.26},{"acceleration":0.56,"throttle":19.93,"steering_target":0.12,"brake":0,"steering_rate":100,"speed":4.93}],"obstacle_arr":[[],[],[],[],[{"acceleration":{"y":0,"x":0,"z":0},"position":{"y":4182803.09,"x":552846.91,"z":10.48},"volume":0.21,"type":"PEDESTRIAN","velocity":{"y":0,"x":0,"z":0}}],[]],"action_description":"Pedestrian crossing the road (left to right)","ev_state":[-28.5870265960693,10.1244592666626,320.844512939453,0,0,0,12,1,0.0309692714363337,306.969421386719,-0.002936722477898,4.933825139918805],"collision_probability":0.464}
 timestamp= 1619810494000 [RUN] Validate G1 Guard Condition: 
The ego vehicle E Detection.Collision == True.
 timestamp= 1619810494000 [RES] Global Validate result: 
false
 timestamp= 1619810494000 [RUN] Validate G2 Guard Condition: 
The ego vehicle E Detection.OffRoad == True.
 timestamp= 1619810494000 [RES] Global Validate result: 
false
 timestamp= 1619810494000 [RUN] Validate G3 Guard Condition: 
The ego vehicle E Detection.HardBrake == True.
 timestamp= 1619810494000 [RES] Global Validate result: 
false
 timestamp= 1619810494000 [RUN] Validate G4 Guard Condition: 
The ego vehicle E Detection.ArrivalTest == True.
 timestamp= 1619810494000 [RES] Global Validate result: 
false
 timestamp= 1619810494000 [RUN] Validate step: 
The test system VALIDATES THAT the Apollo A Status.GetControl is nearly equal to {"acceleration": 0.56, "throttle": 19.93, "steering_target": 0.12, "brake": 0.0, "steering_rate": 100.0, "speed": 4.93}
 timestamp= 1619810494000 [RES] Validate result: 
true
 timestamp= 1619810494000 [RUN] Generate steps
 timestamp= 1619810494000 [RUN] Validate step: 
The test system VALIDATES THAT the simulator S Status.GetEnvironment is nearly equal to {"x": -28.59, "y": 10.12, "z": 320.84, "rain": 0.0, "fog": 0.0, "wetness": 0.0, "timeofday": 12.0, "signal": 1.0, "rx": 0.03, "ry": 306.97, "rz": -0.0, "speed": 4.93}
 timestamp= 1619810494000 [RES] Validate result: 
true
 timestamp= 1619810494000 [RUN] Execute API step: 
The environment controller C INVOKES API Control.Agents.Pedestrians.WalkRandomly(which_lane=Left_Lane).
 timestamp= 1619810497000 [RES] API result: 
{"pose_arr":[{"vx":3.01,"ay":0.78,"az":9.78,"ax":0.59,"pz":10.12,"vy":3.01,"px":552846.02,"py":4182806.4},{"vx":3.87,"ay":0.2,"az":9.81,"ax":0.15,"pz":10.12,"vy":3.87,"px":552841.76,"py":4182809.59},{"vx":3.98,"ay":0.2,"az":9.81,"ax":0.15,"pz":10.12,"vy":3.98,"px":552838.21,"py":4182812.26},{"vx":4.14,"ay":0.19,"az":9.81,"ax":0.15,"pz":10.12,"vy":4.14,"px":552833.93,"py":4182815.47},{"vx":4.2,"ay":0.28,"az":9.79,"ax":0.03,"pz":10.12,"vy":4.2,"px":552830.91,"py":4182817.75},{"vx":4.31,"ay":0.19,"az":9.81,"ax":0.14,"pz":10.12,"vy":4.31,"px":552826.62,"py":4182820.98}],"traffic_light":[0,3,3,2,2],"state_arr":[{"acceleration":0.34,"throttle":15.7,"steering_target":0.06,"brake":0,"steering_rate":100,"speed":6.32},{"acceleration":0.44,"throttle":15.7,"steering_target":0.04,"brake":0,"steering_rate":100,"speed":6.45},{"acceleration":0.69,"throttle":15.7,"steering_target":-0.07,"brake":0,"steering_rate":100,"speed":6.67},{"acceleration":0.57,"throttle":15.7,"steering_target":-0.06,"brake":0,"steering_rate":100,"speed":6.9},{"acceleration":0.71,"throttle":15.7,"steering_target":-0.18,"brake":0,"steering_rate":100,"speed":6.98},{"acceleration":0.83,"throttle":15.7,"steering_target":0.02,"brake":0,"steering_rate":100,"speed":7.16}],"obstacle_arr":[[],[{"acceleration":{"y":0,"x":0,"z":0},"position":{"y":4182803.23,"x":552848.43,"z":10.36},"volume":0.17,"type":"PEDESTRIAN","velocity":{"y":0,"x":0,"z":0}}],[{"acceleration":{"y":0,"x":-0.01,"z":0},"position":{"y":4182802.63,"x":552849.63,"z":10.58},"volume":0.09,"type":"PEDESTRIAN","velocity":{"y":-0.63,"x":1.26,"z":0}}],[],[],[{"acceleration":{"y":0,"x":0,"z":0},"position":{"y":4182817.03,"x":552846.71,"z":10.33},"volume":0.98,"type":"VEHICLE","velocity":{"y":0,"x":0,"z":0}}]],"action_description":"Pedestrian crossing the road (left to right)","ev_state":[-49.8182144165039,10.1240434646606,336.806884765625,0,0,0,12,0,359.984741210938,307.027862548828,0.00857758149504662,7.21474105070834],"collision_probability":1}
 timestamp= 1619810497000 [RUN] Validate G1 Guard Condition: 
The ego vehicle E Detection.Collision == True.
 timestamp= 1619810497000 [RES] Global Validate result: 
true
 timestamp= 1619810497000 [RUN] Collision == True
 timestamp= 1619810497000 [RUN] Validate G2 Guard Condition: 
The ego vehicle E Detection.OffRoad == True.
 timestamp= 1619810497000 [RES] Global Validate result: 
false
 timestamp= 1619810497000 [RUN] Validate G3 Guard Condition: 
The ego vehicle E Detection.HardBrake == True.
 timestamp= 1619810497000 [RES] Global Validate result: 
false
 timestamp= 1619810497000 [RUN] Validate G4 Guard Condition: 
The ego vehicle E Detection.ArrivalTest == True.
 timestamp= 1619810497000 [RES] Global Validate result: 
false
 timestamp= 1619810497000 [RUN] Validate step: 
The test system VALIDATES THAT the Apollo A Status.GetControl is nearly equal to {"acceleration": 0.83, "throttle": 15.7, "steering_target": 0.02, "brake": 0.0, "steering_rate": 100.0, "speed": 7.16}
 timestamp= 1619810497000 [RES] Validate result: 
true
 timestamp= 1619810497000 [RUN] Generate steps
 timestamp= 1619810497000 [RUN] Validate step: 
The test system VALIDATES THAT the simulator S Status.GetEnvironment is nearly equal to {"x": -49.82, "y": 10.12, "z": 336.81, "rain": 0.0, "fog": 0.0, "wetness": 0.0, "timeofday": 12.0, "signal": 0.0, "rx": 359.98, "ry": 307.03, "rz": 0.01, "speed": 7.21}
 timestamp= 1619810497000 [RES] Validate result: 
true
 timestamp= 1619810497000 [RUN] Execute API step: 
The environment controller C INVOKES API Control.Agents.Pedestrians.WalkRandomly(which_lane=Left_Lane).
 timestamp= 1619810500000 [RES] API result: 
{"pose_arr":[{"vx":4.41,"ay":0.25,"az":9.81,"ax":0.19,"pz":10.12,"vy":4.41,"px":552823.9,"py":4182823.02},{"vx":4.63,"ay":0.2,"az":9.81,"ax":0.12,"pz":10.12,"vy":4.63,"px":552819.65,"py":4182826.22},{"vx":4.74,"ay":0.25,"az":9.81,"ax":0.19,"pz":10.12,"vy":4.74,"px":552815.17,"py":4182829.61},{"vx":4.78,"ay":0.19,"az":9.8,"ax":0.13,"pz":10.12,"vy":4.78,"px":552810.13,"py":4182833.43},{"vx":4.49,"ay":-0.66,"az":9.8,"ax":-0.48,"pz":10.13,"vy":4.49,"px":552806.94,"py":4182835.85},{"vx":4.48,"ay":0.19,"az":9.81,"ax":0.14,"pz":10.12,"vy":4.48,"px":552802.07,"py":4182839.54}],"traffic_light":[2,2,1,3,3,3],"state_arr":[{"acceleration":0.93,"throttle":25.37,"steering_target":0.41,"brake":0,"steering_rate":100,"speed":7.35},{"acceleration":0.65,"throttle":15.7,"steering_target":-0.43,"brake":0,"steering_rate":100,"speed":7.66},{"acceleration":0.46,"throttle":19.29,"steering_target":0.05,"brake":0,"steering_rate":100,"speed":7.81},{"acceleration":0.25,"throttle":15.7,"steering_target":-0.14,"brake":0,"steering_rate":100,"speed":7.88},{"acceleration":-0.3,"throttle":0,"steering_target":0.18,"brake":14.52,"steering_rate":100,"speed":7.52},{"acceleration":0.55,"throttle":15.7,"steering_target":0.02,"brake":0,"steering_rate":100,"speed":7.35},{"acceleration":0.66,"throttle":15.7,"steering_target":0.09,"brake":0,"steering_rate":100,"speed":7.47}],"obstacle_arr":[[],[],[{"acceleration":{"y":0,"x":0,"z":0},"position":{"y":4182832.39,"x":552807.56,"z":10.43},"volume":0.06,"type":"PEDESTRIAN","velocity":{"y":0,"x":0,"z":0}}],[{"acceleration":{"y":0,"x":0,"z":0},"position":{"y":4182832.67,"x":552808.41,"z":10.43},"volume":0.15,"type":"PEDESTRIAN","velocity":{"y":0,"x":0,"z":0}}],[],[{"acceleration":{"y":0,"x":0,"z":0},"position":{"y":4182834.54,"x":552808.13,"z":10.44},"volume":0.18,"type":"PEDESTRIAN","velocity":{"y":0,"x":0,"z":0}}]],"action_description":"Pedestrian crossing the road (left to right)","ev_state":[-74.1184387207031,10.1239814758301,355.184936523438,0,0,0,12,-1,359.984832763672,307.080352783203,-0.00420736381784081,7.473502230539103],"collision_probability":0.517}
 timestamp= 1619810500000 [RUN] Validate G1 Guard Condition: 
The ego vehicle E Detection.Collision == True.
 timestamp= 1619810500000 [RES] Global Validate result: 
false
 timestamp= 1619810500000 [RUN] Validate G2 Guard Condition: 
The ego vehicle E Detection.OffRoad == True.
 timestamp= 1619810500000 [RES] Global Validate result: 
false
 timestamp= 1619810500000 [RUN] Validate G3 Guard Condition: 
The ego vehicle E Detection.HardBrake == True.
 timestamp= 1619810500000 [RES] Global Validate result: 
false
 timestamp= 1619810500000 [RUN] Validate G4 Guard Condition: 
The ego vehicle E Detection.ArrivalTest == True.
 timestamp= 1619810500000 [RES] Global Validate result: 
false
 timestamp= 1619810500000 [RUN] Validate step: 
The test system VALIDATES THAT the Apollo A Status.GetControl is nearly equal to {"acceleration": 0.66, "throttle": 15.7, "steering_target": 0.09, "brake": 0.0, "steering_rate": 100.0, "speed": 7.47}
 timestamp= 1619810500000 [RES] Validate result: 
true
 timestamp= 1619810500000 [RUN] Generate steps
 timestamp= 1619810500000 [RUN] Validate step: 
The test system VALIDATES THAT the simulator S Status.GetEnvironment is nearly equal to {"x": -74.12, "y": 10.12, "z": 355.18, "rain": 0.0, "fog": 0.0, "wetness": 0.0, "timeofday": 12.0, "signal": -1.0, "rx": 359.98, "ry": 307.08, "rz": -0.0, "speed": 7.47}
 timestamp= 1619810500000 [RES] Validate result: 
true
 timestamp= 1619810500000 [RUN] Execute API step: 
The environment controller C INVOKES API Control.Agents.Pedestrians.WalkRandomly(which_lane=Left_Lane).
 timestamp= 1619810504000 [RES] API result: 
{"pose_arr":[{"vx":4.6,"ay":0.18,"az":9.81,"ax":0.14,"pz":10.12,"vy":4.6,"px":552799.1,"py":4182841.78},{"vx":4.69,"ay":0,"az":9.81,"ax":0,"pz":10.12,"vy":4.69,"px":552794.82,"py":4182845.01},{"vx":4.79,"ay":0.18,"az":9.81,"ax":0.13,"pz":10.12,"vy":4.79,"px":552790.27,"py":4182848.43},{"vx":4.54,"ay":-0.48,"az":9.8,"ax":-0.36,"pz":10.13,"vy":4.54,"px":552785.97,"py":4182851.65},{"vx":4.37,"ay":0.67,"az":9.77,"ax":0.5,"pz":10.12,"vy":4.37,"px":552783.05,"py":4182853.83},{"vx":4.46,"ay":-1.57,"az":9.88,"ax":-1.17,"pz":10.12,"vy":4.46,"px":552778.99,"py":4182856.86}],"traffic_light":[3,3,1,3,1],"state_arr":[{"acceleration":0.63,"throttle":15.7,"steering_target":0.1,"brake":0,"steering_rate":100,"speed":7.69},{"acceleration":0.49,"throttle":19.97,"steering_target":0.17,"brake":0,"steering_rate":100,"speed":7.84},{"acceleration":-0.09,"throttle":0,"steering_target":0.03,"brake":14.5,"steering_rate":100,"speed":7.99},{"acceleration":-1.13,"throttle":0,"steering_target":0.15,"brake":21.07,"steering_rate":100,"speed":7.58},{"acceleration":0.87,"throttle":21.57,"steering_target":0.08,"brake":0,"steering_rate":100,"speed":7.4},{"acceleration":-0.48,"throttle":0,"steering_target":0,"brake":29.86,"steering_rate":100,"speed":7.59}],"obstacle_arr":[[{"acceleration":{"y":0,"x":0,"z":0},"position":{"y":4182834.81,"x":552808.73,"z":10.61},"volume":0.11,"type":"PEDESTRIAN","velocity":{"y":0,"x":0,"z":0}}],[],[{"acceleration":{"y":0,"x":0,"z":0},"position":{"y":4182851.02,"x":552782.82,"z":10.45},"volume":0.11,"type":"PEDESTRIAN","velocity":{"y":0,"x":0,"z":0}}],[{"acceleration":{"y":-0.01,"x":0.02,"z":0},"position":{"y":4182851.32,"x":552783.21,"z":10.49},"volume":0.14,"type":"PEDESTRIAN","velocity":{"y":-0.7,"x":1.73,"z":0}},{"acceleration":{"y":0,"x":0,"z":0},"position":{"y":4182851.64,"x":552791.28,"z":10.65},"volume":0.39,"type":"PEDESTRIAN","velocity":{"y":0,"x":0,"z":0}}],[],[]],"action_description":"Pedestrian crossing the road (left to right)","ev_state":[-98.5214385986328,10.1240825653076,373.46337890625,0,0,0,12,1,0.0525647923350334,306.675018310547,0.00024017394753173,7.000287654210625],"collision_probability":0.551}
 timestamp= 1619810504000 [RUN] Validate G1 Guard Condition: 
The ego vehicle E Detection.Collision == True.
 timestamp= 1619810504000 [RES] Global Validate result: 
false
 timestamp= 1619810504000 [RUN] Validate G2 Guard Condition: 
The ego vehicle E Detection.OffRoad == True.
 timestamp= 1619810504000 [RES] Global Validate result: 
false
 timestamp= 1619810504000 [RUN] Validate G3 Guard Condition: 
The ego vehicle E Detection.HardBrake == True.
 timestamp= 1619810504000 [RES] Global Validate result: 
false
 timestamp= 1619810504000 [RUN] Validate G4 Guard Condition: 
The ego vehicle E Detection.ArrivalTest == True.
 timestamp= 1619810504000 [RES] Global Validate result: 
false
 timestamp= 1619810504000 [RUN] Validate step: 
The test system VALIDATES THAT the Apollo A Status.GetControl is nearly equal to {"acceleration": -0.48, "throttle": 0.0, "steering_target": -0.0, "brake": 29.86, "steering_rate": 100.0, "speed": 7.59}
 timestamp= 1619810504000 [RES] Validate result: 
true
 timestamp= 1619810504000 [RUN] Generate steps
 timestamp= 1619810504000 [RUN] Validate step: 
The test system VALIDATES THAT the simulator S Status.GetEnvironment is nearly equal to {"x": -98.52, "y": 10.12, "z": 373.46, "rain": 0.0, "fog": 0.0, "wetness": 0.0, "timeofday": 12.0, "signal": 1.0, "rx": 0.05, "ry": 306.68, "rz": 0.0, "speed": 7.0}
 timestamp= 1619810504000 [RES] Validate result: 
true
 timestamp= 1619810504000 [RUN] Execute API step: 
The environment controller C INVOKES API Control.Agents.Pedestrians.WalkRandomly(which_lane=Left_Lane).
 timestamp= 1619810507000 [RES] API result: 
{"pose_arr":[{"vx":4.17,"ay":0.2,"az":9.8,"ax":0.11,"pz":10.13,"vy":4.17,"px":552776.26,"py":4182858.89},{"vx":4.25,"ay":-0.47,"az":9.83,"ax":-0.35,"pz":10.12,"vy":4.25,"px":552772.34,"py":4182861.8},{"vx":3.87,"ay":-0.52,"az":9.8,"ax":-0.39,"pz":10.13,"vy":3.87,"px":552768.25,"py":4182864.84},{"vx":3.64,"ay":-0.56,"az":9.81,"ax":-0.38,"pz":10.13,"vy":3.64,"px":552765.77,"py":4182866.68},{"vx":3.13,"ay":0.21,"az":9.79,"ax":0.15,"pz":10.13,"vy":3.13,"px":552762.69,"py":4182868.96},{"vx":2.69,"ay":-0.43,"az":9.79,"ax":-0.32,"pz":10.13,"vy":2.69,"px":552759.78,"py":4182871.12}],"traffic_light":[1,1,1,1,1,1,1],"state_arr":[{"acceleration":0.64,"throttle":15.7,"steering_target":0.18,"brake":0,"steering_rate":100,"speed":7},{"acceleration":-0.51,"throttle":0,"steering_target":-0.04,"brake":14.5,"steering_rate":100,"speed":7.23},{"acceleration":-0.72,"throttle":0,"steering_target":0.01,"brake":15.82,"steering_rate":100,"speed":6.77},{"acceleration":-0.76,"throttle":0,"steering_target":0.25,"brake":16.76,"steering_rate":100,"speed":6.28},{"acceleration":0,"throttle":0,"steering_target":-0.27,"brake":14.5,"steering_rate":100,"speed":5.26},{"acceleration":-0.82,"throttle":0,"steering_target":0.59,"brake":33.54,"steering_rate":100,"speed":5.24},{"acceleration":-0.44,"throttle":0,"steering_target":-0.18,"brake":14.5,"steering_rate":100,"speed":4.47}],"obstacle_arr":[[],[],[],[{"acceleration":{"y":0,"x":0,"z":0},"position":{"y":4182868.27,"x":552759.69,"z":10.44},"volume":0.2,"type":"PEDESTRIAN","velocity":{"y":1.17,"x":-0.76,"z":0}}],[],[],[]],"action_description":"Pedestrian crossing the road (left to right)","ev_state":[-117.430892944336,10.1245555877686,387.479125976563,0,0,0,12,1,0.0335379093885422,306.412475585938,0.000689089647494257,4.206319733284783],"collision_probability":0.503}
 timestamp= 1619810507000 [RUN] Validate G1 Guard Condition: 
The ego vehicle E Detection.Collision == True.
 timestamp= 1619810507000 [RES] Global Validate result: 
false
 timestamp= 1619810507000 [RUN] Validate G2 Guard Condition: 
The ego vehicle E Detection.OffRoad == True.
 timestamp= 1619810507000 [RES] Global Validate result: 
false
 timestamp= 1619810507000 [RUN] Validate G3 Guard Condition: 
The ego vehicle E Detection.HardBrake == True.
 timestamp= 1619810507000 [RES] Global Validate result: 
false
 timestamp= 1619810507000 [RUN] Validate G4 Guard Condition: 
The ego vehicle E Detection.ArrivalTest == True.
 timestamp= 1619810507000 [RES] Global Validate result: 
false
 timestamp= 1619810507000 [RUN] Validate step: 
The test system VALIDATES THAT the Apollo A Status.GetControl is nearly equal to {"acceleration": -0.44, "throttle": 0.0, "steering_target": -0.18, "brake": 14.5, "steering_rate": 100.0, "speed": 4.47}
 timestamp= 1619810507000 [RES] Validate result: 
true
 timestamp= 1619810507000 [RUN] Generate steps
 timestamp= 1619810507000 [RUN] Validate step: 
The test system VALIDATES THAT the simulator S Status.GetEnvironment is nearly equal to {"x": -117.43, "y": 10.12, "z": 387.48, "rain": 0.0, "fog": 0.0, "wetness": 0.0, "timeofday": 12.0, "signal": 1.0, "rx": 0.03, "ry": 306.41, "rz": 0.0, "speed": 4.21}
 timestamp= 1619810507000 [RES] Validate result: 
true
 timestamp= 1619810507000 [RUN] Execute API step: 
The environment controller C INVOKES API Control.Agents.Pedestrians.WalkRandomly(which_lane=Left_Lane).
 timestamp= 1619810511000 [RES] API result: 
{"pose_arr":[{"vx":2.32,"ay":-0.53,"az":9.81,"ax":-0.36,"pz":10.13,"vy":2.32,"px":552756.18,"py":4182873.77},{"vx":1.98,"ay":-0.52,"az":9.8,"ax":-0.33,"pz":10.13,"vy":1.98,"px":552754.89,"py":4182874.72},{"vx":1.66,"ay":-0.58,"az":9.81,"ax":-0.43,"pz":10.13,"vy":1.66,"px":552752.62,"py":4182876.38},{"vx":1.7,"ay":0.32,"az":9.81,"ax":0.23,"pz":10.12,"vy":1.7,"px":552751.13,"py":4182877.46},{"vx":1.49,"ay":-0.96,"az":9.81,"ax":-0.76,"pz":10.13,"vy":1.49,"px":552750.07,"py":4182878.24},{"vx":0.83,"ay":-2.3,"az":9.82,"ax":-1.83,"pz":10.13,"vy":0.83,"px":552748.78,"py":4182879.28}],"traffic_light":[1,3,3,1,3,3],"state_arr":[{"acceleration":-0.67,"throttle":0,"steering_target":0.58,"brake":16.12,"steering_rate":100,"speed":4.21},{"acceleration":-0.82,"throttle":0,"steering_target":0.4,"brake":30.15,"steering_rate":100,"speed":3.89},{"acceleration":-0.66,"throttle":0,"steering_target":0.24,"brake":16.13,"steering_rate":100,"speed":3.22},{"acceleration":-0.67,"throttle":0,"steering_target":0.44,"brake":16.38,"steering_rate":100,"speed":2.82},{"acceleration":0.3,"throttle":15.7,"steering_target":0.45,"brake":0,"steering_rate":100,"speed":2.54},{"acceleration":-0.62,"throttle":0,"steering_target":-14.14,"brake":15.7,"steering_rate":100,"speed":2.38},{"acceleration":-0.65,"throttle":0,"steering_target":6.31,"brake":16.3,"steering_rate":100,"speed":1.79},{"acceleration":-0.03,"throttle":0,"steering_target":4.28,"brake":14.5,"steering_rate":100,"speed":0.87}],"obstacle_arr":[[],[{"acceleration":{"y":0,"x":0,"z":0},"position":{"y":4182869.27,"x":552762.23,"z":10.55},"volume":0.08,"type":"PEDESTRIAN","velocity":{"y":0.04,"x":0.73,"z":0}}],[{"acceleration":{"y":-0.07,"x":0,"z":0},"position":{"y":4182869.29,"x":552762.72,"z":10.44},"volume":0.19,"type":"PEDESTRIAN","velocity":{"y":-0.08,"x":0.86,"z":0}}],[{"acceleration":{"y":0,"x":0,"z":0},"position":{"y":4182883.74,"x":552739.96,"z":10.14},"volume":0.41,"type":"PEDESTRIAN","velocity":{"y":0,"x":0,"z":0}}],[{"acceleration":{"y":-0.19,"x":0.03,"z":0},"position":{"y":4182884.09,"x":552740.3,"z":10.13},"volume":0.37,"type":"PEDESTRIAN","velocity":{"y":0,"x":0,"z":0}}],[{"acceleration":{"y":-0.01,"x":0,"z":0},"position":{"y":4182884.35,"x":552740.66,"z":10.18},"volume":0.08,"type":"PEDESTRIAN","velocity":{"y":0,"x":0,"z":0}}],[{"acceleration":{"y":0.61,"x":0.34,"z":0},"position":{"y":4182885,"x":552740.76,"z":10.16},"volume":0.07,"type":"PEDESTRIAN","velocity":{"y":0.63,"x":0.31,"z":0}}]],"action_description":"Pedestrian crossing the road (left to right)","ev_state":[-126.37574005127,10.1248569488525,394.233001708984,0,0,0,12,0,0.130468800663948,309.548126220703,359.980773925781,0.8701545807083244],"collision_probability":0}
 timestamp= 1619810511000 [RUN] Validate G1 Guard Condition: 
The ego vehicle E Detection.Collision == True.
 timestamp= 1619810511000 [RES] Global Validate result: 
false
 timestamp= 1619810511000 [RUN] Validate G2 Guard Condition: 
The ego vehicle E Detection.OffRoad == True.
 timestamp= 1619810511000 [RES] Global Validate result: 
false
 timestamp= 1619810511000 [RUN] Validate G3 Guard Condition: 
The ego vehicle E Detection.HardBrake == True.
 timestamp= 1619810511000 [RES] Global Validate result: 
false
 timestamp= 1619810511000 [RUN] Validate G4 Guard Condition: 
The ego vehicle E Detection.ArrivalTest == True.
 timestamp= 1619810511000 [RES] Global Validate result: 
false
 timestamp= 1619810511000 [RUN] Validate step: 
The test system VALIDATES THAT the Apollo A Status.GetControl is nearly equal to {"acceleration": -0.03, "throttle": 0.0, "steering_target": 4.28, "brake": 14.5, "steering_rate": 100.0, "speed": 0.87}
 timestamp= 1619810511000 [RES] Validate result: 
true
 timestamp= 1619810511000 [RUN] Generate steps
 timestamp= 1619810511000 [RUN] Validate step: 
The test system VALIDATES THAT the simulator S Status.GetEnvironment is nearly equal to {"x": -126.38, "y": 10.12, "z": 394.23, "rain": 0.0, "fog": 0.0, "wetness": 0.0, "timeofday": 12.0, "signal": 0.0, "rx": 0.13, "ry": 309.55, "rz": 359.98, "speed": 0.87}
 timestamp= 1619810511000 [RES] Validate result: 
true
 timestamp= 1619810511000 [RUN] Execute API step: 
The environment controller C INVOKES API Control.Agents.Pedestrians.WalkRandomly(which_lane=Left_Lane).
 timestamp= 1619810515000 [RES] API result: 
{"pose_arr":[{"vx":0.18,"ay":-2.29,"az":9.81,"ax":-1.83,"pz":10.13,"vy":0.18,"px":552748.55,"py":4182879.48},{"vx":0.18,"ay":1.1,"az":9.81,"ax":0.89,"pz":10.12,"vy":0.18,"px":552748.47,"py":4182879.54},{"vx":0.95,"ay":-0.55,"az":9.83,"ax":-0.52,"pz":10.12,"vy":0.95,"px":552748,"py":4182879.93},{"vx":0.45,"ay":0,"az":9.81,"ax":0,"pz":10.13,"vy":0.45,"px":552747.48,"py":4182880.34},{"vx":0.33,"ay":0.22,"az":9.81,"ax":0.17,"pz":10.12,"vy":0.33,"px":552747.2,"py":4182880.57},{"vx":0.92,"ay":2.47,"az":9.8,"ax":1.92,"pz":10.12,"vy":0.92,"px":552746.84,"py":4182880.86},{"vx":1.32,"ay":0.29,"az":9.82,"ax":0.22,"pz":10.12,"vy":1.32,"px":552745.84,"py":4182881.64}],"traffic_light":[3,1,3,1,3,3],"state_arr":[{"acceleration":-0.23,"throttle":0,"steering_target":2.03,"brake":23.1,"steering_rate":100,"speed":0.15},{"acceleration":0.69,"throttle":80.05,"steering_target":3.59,"brake":0,"steering_rate":100,"speed":0.67},{"acceleration":-1.48,"throttle":0,"steering_target":3.55,"brake":26.73,"steering_rate":100,"speed":1.24},{"acceleration":-0.5,"throttle":0,"steering_target":2.97,"brake":14.5,"steering_rate":100,"speed":0.53},{"acceleration":0.38,"throttle":25.77,"steering_target":2.79,"brake":0,"steering_rate":100,"speed":0.55},{"acceleration":0.94,"throttle":41.56,"steering_target":4.52,"brake":0,"steering_rate":100,"speed":1.61},{"acceleration":-0.76,"throttle":0,"steering_target":1.84,"brake":17.97,"steering_rate":100,"speed":2.21}],"obstacle_arr":[[],[{"acceleration":{"y":0.01,"x":0,"z":0},"position":{"y":4182886.05,"x":552741.59,"z":10.1},"volume":0.32,"type":"PEDESTRIAN","velocity":{"y":0.97,"x":0.65,"z":0}}],[{"acceleration":{"y":-0.15,"x":-0.1,"z":0},"position":{"y":4182886.54,"x":552742.2,"z":10.13},"volume":0.54,"type":"PEDESTRIAN","velocity":{"y":0.66,"x":0.82,"z":0}}],[{"acceleration":{"y":-0.71,"x":-0.81,"z":0},"position":{"y":4182886.29,"x":552742.59,"z":10.13},"volume":0.29,"type":"PEDESTRIAN","velocity":{"y":0,"x":0,"z":0}}],[{"acceleration":{"y":-0.47,"x":0.26,"z":0},"position":{"y":4182886,"x":552743.06,"z":10.12},"volume":0.39,"type":"PEDESTRIAN","velocity":{"y":-0.27,"x":0.48,"z":0}}],[{"acceleration":{"y":0.09,"x":-0.19,"z":0},"position":{"y":4182885.79,"x":552743.44,"z":10.12},"volume":0.6,"type":"PEDESTRIAN","velocity":{"y":0,"x":0,"z":0}},{"acceleration":{"y":0,"x":0,"z":0},"position":{"y":4182889.52,"x":552733.35,"z":10.48},"volume":0.01,"type":"PEDESTRIAN","velocity":{"y":0,"x":0,"z":0}}]],"action_description":"Pedestrian crossing the road (left to right)","ev_state":[-129.399169921875,10.1247158050537,396.591430664063,0,0,0,12,-1,359.966796875,307.811767578125,-0.00479995738714933,2.2125325588552682],"collision_probability":0.313}
 timestamp= 1619810515000 [RUN] Validate G1 Guard Condition: 
The ego vehicle E Detection.Collision == True.
 timestamp= 1619810515000 [RES] Global Validate result: 
false
 timestamp= 1619810515000 [RUN] Validate G2 Guard Condition: 
The ego vehicle E Detection.OffRoad == True.
 timestamp= 1619810515000 [RES] Global Validate result: 
false
 timestamp= 1619810515000 [RUN] Validate G3 Guard Condition: 
The ego vehicle E Detection.HardBrake == True.
 timestamp= 1619810515000 [RES] Global Validate result: 
false
 timestamp= 1619810515000 [RUN] Validate G4 Guard Condition: 
The ego vehicle E Detection.ArrivalTest == True.
 timestamp= 1619810515000 [RES] Global Validate result: 
false
 timestamp= 1619810515000 [RUN] Validate step: 
The test system VALIDATES THAT the Apollo A Status.GetControl is nearly equal to {"acceleration": -0.76, "throttle": 0.0, "steering_target": 1.84, "brake": 17.97, "steering_rate": 100.0, "speed": 2.21}
 timestamp= 1619810515000 [RES] Validate result: 
true
 timestamp= 1619810515000 [RUN] Generate steps
 timestamp= 1619810515000 [RUN] Validate step: 
The test system VALIDATES THAT the simulator S Status.GetEnvironment is nearly equal to {"x": -129.4, "y": 10.12, "z": 396.59, "rain": 0.0, "fog": 0.0, "wetness": 0.0, "timeofday": 12.0, "signal": -1.0, "rx": 359.97, "ry": 307.81, "rz": -0.0, "speed": 2.21}
 timestamp= 1619810515000 [RES] Validate result: 
true
 timestamp= 1619810515000 [RUN] Execute API step: 
The environment controller C INVOKES API Control.Agents.Pedestrians.WalkRandomly(which_lane=Left_Lane).
 timestamp= 1619810518000 [RES] API result: 
{"pose_arr":[{"vx":1.25,"ay":-0.39,"az":9.82,"ax":-0.29,"pz":10.13,"vy":1.25,"px":552745.14,"py":4182882.18},{"vx":0.94,"ay":-1.04,"az":9.81,"ax":-0.78,"pz":10.13,"vy":0.94,"px":552744.09,"py":4182882.98},{"vx":0.82,"ay":-0.37,"az":9.81,"ax":-0.29,"pz":10.13,"vy":0.82,"px":552743.63,"py":4182883.33},{"vx":0.27,"ay":-1.44,"az":9.81,"ax":-1.1,"pz":10.13,"vy":0.27,"px":552743.18,"py":4182883.68},{"vx":0,"ay":0,"az":9.81,"ax":0,"pz":10.13,"vy":0,"px":552743.12,"py":4182883.72},{"vx":0,"ay":0,"az":9.81,"ax":0,"pz":10.12,"vy":0,"px":552743.12,"py":4182883.72},{"vx":0,"ay":0,"az":9.81,"ax":0,"pz":10.12,"vy":0,"px":552743.12,"py":4182883.72}],"traffic_light":[3,1,3,3,1,3],"state_arr":[{"acceleration":0.28,"throttle":21.33,"steering_target":1.96,"brake":0,"steering_rate":100,"speed":2.07},{"acceleration":-0.8,"throttle":0,"steering_target":1.02,"brake":18.71,"steering_rate":100,"speed":1.69},{"acceleration":-1.29,"throttle":0,"steering_target":1.14,"brake":24.65,"steering_rate":100,"speed":1.3},{"acceleration":-1.47,"throttle":0,"steering_target":1.68,"brake":27.44,"steering_rate":100,"speed":0.4},{"acceleration":-0.56,"throttle":0,"steering_target":1.82,"brake":29.02,"steering_rate":100,"speed":0},{"acceleration":-0.12,"throttle":0,"steering_target":1.82,"brake":50.56,"steering_rate":100,"speed":0},{"acceleration":-3,"throttle":0,"steering_target":1.82,"brake":69.99,"steering_rate":100,"speed":0}],"obstacle_arr":[[{"acceleration":{"y":-0.85,"x":1.39,"z":0},"position":{"y":4182885.33,"x":552744.15,"z":10.53},"volume":0.3,"type":"PEDESTRIAN","velocity":{"y":-0.42,"x":0.71,"z":0}},{"acceleration":{"y":-0.01,"x":0.03,"z":0},"position":{"y":4182889.17,"x":552734.21,"z":10.48},"volume":0.03,"type":"PEDESTRIAN","velocity":{"y":-0.09,"x":0.55,"z":0}}],[],[{"acceleration":{"y":0.11,"x":0.09,"z":0},"position":{"y":4182888.99,"x":552735.32,"z":10.57},"volume":0.08,"type":"PEDESTRIAN","velocity":{"y":-0.07,"x":0.52,"z":0}}],[{"acceleration":{"y":0.08,"x":-0.94,"z":0},"position":{"y":4182889,"x":552735.63,"z":10.56},"volume":0.19,"type":"PEDESTRIAN","velocity":{"y":0,"x":0,"z":0}},{"acceleration":{"y":0,"x":0,"z":0},"position":{"y":4182884.69,"x":552745.41,"z":10.82},"volume":0.11,"type":"PEDESTRIAN","velocity":{"y":0,"x":0,"z":0}}],[{"acceleration":{"y":0.03,"x":-0.44,"z":0},"position":{"y":4182888.81,"x":552736.11,"z":10.46},"volume":0.2,"type":"PEDESTRIAN","velocity":{"y":0,"x":0,"z":0}},{"acceleration":{"y":0,"x":0,"z":0},"position":{"y":4182891.39,"x":552728.78,"z":10.78},"volume":0.01,"type":"PEDESTRIAN","velocity":{"y":-0.04,"x":0.22,"z":0}},{"acceleration":{"y":-0.28,"x":0.04,"z":0},"position":{"y":4182884.33,"x":552745.95,"z":10.5},"volume":0.16,"type":"PEDESTRIAN","velocity":{"y":-0.56,"x":0.67,"z":0}}],[{"acceleration":{"y":-0.17,"x":0.06,"z":0},"position":{"y":4182888.68,"x":552736.9,"z":10.38},"volume":0.12,"type":"PEDESTRIAN","velocity":{"y":-0.23,"x":0.62,"z":0}},{"acceleration":{"y":0.06,"x":-0.2,"z":0},"position":{"y":4182883.89,"x":552746.39,"z":10.51},"volume":0.08,"type":"PEDESTRIAN","velocity":{"y":-0.57,"x":0.6,"z":0}}],[{"acceleration":{"y":-0.19,"x":0.81,"z":0},"position":{"y":4182888.68,"x":552737.56,"z":10.52},"volume":0.12,"type":"PEDESTRIAN","velocity":{"y":-0.13,"x":0.65,"z":0}}]],"action_description":"Pedestrian crossing the road (left to right)","ev_state":[-131.938629150391,10.1248035430908,398.512908935547,0,0,0,12,-1,-0.00000234396929954528,307.118804931641,-0.00000181410598543152,0.0000515489651786564],"collision_probability":0.508}
 timestamp= 1619810518000 [RUN] Validate G1 Guard Condition: 
The ego vehicle E Detection.Collision == True.
 timestamp= 1619810518000 [RES] Global Validate result: 
false
 timestamp= 1619810518000 [RUN] Validate G2 Guard Condition: 
The ego vehicle E Detection.OffRoad == True.
 timestamp= 1619810518000 [RES] Global Validate result: 
false
 timestamp= 1619810518000 [RUN] Validate G3 Guard Condition: 
The ego vehicle E Detection.HardBrake == True.
 timestamp= 1619810518000 [RES] Global Validate result: 
false
 timestamp= 1619810518000 [RUN] Validate G4 Guard Condition: 
The ego vehicle E Detection.ArrivalTest == True.
 timestamp= 1619810518000 [RES] Global Validate result: 
false
 timestamp= 1619810518000 [RUN] Validate step: 
The test system VALIDATES THAT the Apollo A Status.GetControl is nearly equal to {"acceleration": -3.0, "throttle": 0.0, "steering_target": 1.82, "brake": 69.99, "steering_rate": 100.0, "speed": 0.0}
 timestamp= 1619810518000 [RES] Validate result: 
true
 timestamp= 1619810518000 [RUN] Generate steps
 timestamp= 1619810518000 [RUN] Validate step: 
The test system VALIDATES THAT the simulator S Status.GetEnvironment is nearly equal to {"x": -131.94, "y": 10.12, "z": 398.51, "rain": 0.0, "fog": 0.0, "wetness": 0.0, "timeofday": 12.0, "signal": -1.0, "rx": -0.0, "ry": 307.12, "rz": -0.0, "speed": 0.0}
 timestamp= 1619810518000 [RES] Validate result: 
true
 timestamp= 1619810518000 [RUN] Execute API step: 
The environment controller C INVOKES API Control.Agents.Pedestrians.WalkRandomly(which_lane=Left_Lane).
 timestamp= 1619810522000 [RES] API result: 
{"pose_arr":[{"vx":0,"ay":0,"az":9.81,"ax":0,"pz":10.12,"vy":0,"px":552743.12,"py":4182883.72},{"vx":0,"ay":0,"az":9.81,"ax":0,"pz":10.12,"vy":0,"px":552743.12,"py":4182883.72},{"vx":0,"ay":0,"az":9.81,"ax":0,"pz":10.12,"vy":0,"px":552743.12,"py":4182883.72},{"vx":0,"ay":0,"az":9.81,"ax":0,"pz":10.12,"vy":0,"px":552743.12,"py":4182883.72},{"vx":0.3,"ay":1.85,"az":9.81,"ax":1.38,"pz":10.12,"vy":0.3,"px":552743.07,"py":4182883.76},{"vx":1.44,"ay":-0.39,"az":9.84,"ax":-0.29,"pz":10.12,"vy":1.44,"px":552742.23,"py":4182884.39},{"vx":0.81,"ay":-1.51,"az":9.81,"ax":-1.13,"pz":10.13,"vy":0.81,"px":552741.33,"py":4182885.07}],"traffic_light":[3,3,3,3,3,0],"state_arr":[{"acceleration":-3,"throttle":0,"steering_target":1.82,"brake":69.99,"steering_rate":100,"speed":0},{"acceleration":-3,"throttle":0,"steering_target":1.82,"brake":69.99,"steering_rate":100,"speed":0},{"acceleration":-3,"throttle":0,"steering_target":1.82,"brake":70,"steering_rate":100,"speed":0},{"acceleration":-3,"throttle":0,"steering_target":1.82,"brake":70,"steering_rate":100,"speed":0},{"acceleration":0.1,"throttle":15.7,"steering_target":1.82,"brake":0,"steering_rate":100,"speed":0},{"acceleration":0.56,"throttle":92.61,"steering_target":1.7,"brake":0,"steering_rate":100,"speed":0.67},{"acceleration":-1.83,"throttle":0,"steering_target":3.28,"brake":30.05,"steering_rate":100,"speed":2.37},{"acceleration":-1.67,"throttle":0,"steering_target":0.85,"brake":28.7,"steering_rate":100,"speed":1.21}],"obstacle_arr":[[{"acceleration":{"y":-0.09,"x":-0.04,"z":0},"position":{"y":4182888.58,"x":552737.92,"z":10.52},"volume":0.18,"type":"PEDESTRIAN","velocity":{"y":-0.19,"x":0.6,"z":0}}],[{"acceleration":{"y":0.08,"x":-0.23,"z":0},"position":{"y":4182888.48,"x":552738.54,"z":10.51},"volume":0.18,"type":"PEDESTRIAN","velocity":{"y":-0.11,"x":0.52,"z":0}},{"acceleration":{"y":0,"x":0,"z":0},"position":{"y":4182890.61,"x":552731.36,"z":11.07},"volume":0.02,"type":"PEDESTRIAN","velocity":{"y":-0.32,"x":0.71,"z":0}}],[{"acceleration":{"y":0.13,"x":-0.67,"z":0},"position":{"y":4182888.37,"x":552738.92,"z":10.42},"volume":0.2,"type":"PEDESTRIAN","velocity":{"y":0,"x":0,"z":0}},{"acceleration":{"y":0.25,"x":-0.08,"z":0},"position":{"y":4182890.65,"x":552731.71,"z":10.53},"volume":0.03,"type":"PEDESTRIAN","velocity":{"y":-0.13,"x":0.62,"z":0}}],[{"acceleration":{"y":0.1,"x":0.23,"z":0},"position":{"y":4182888.17,"x":552739.76,"z":10.5},"volume":0.18,"type":"PEDESTRIAN","velocity":{"y":-0.14,"x":0.81,"z":0}},{"acceleration":{"y":0.01,"x":-0.11,"z":0},"position":{"y":4182890.4,"x":552732.55,"z":10.65},"volume":0.03,"type":"PEDESTRIAN","velocity":{"y":-0.17,"x":0.62,"z":0}},{"acceleration":{"y":0,"x":0,"z":0},"position":{"y":4182881.82,"x":552748.65,"z":10.57},"volume":0.23,"type":"PEDESTRIAN","velocity":{"y":0,"x":0,"z":0}}],[{"acceleration":{"y":-0.33,"x":0.58,"z":0},"position":{"y":4182887.95,"x":552740.5,"z":10.45},"volume":0.17,"type":"PEDESTRIAN","velocity":{"y":-0.31,"x":1.12,"z":0}},{"acceleration":{"y":-0.31,"x":0.42,"z":0},"position":{"y":4182881.43,"x":552749.11,"z":10.62},"volume":0.12,"type":"PEDESTRIAN","velocity":{"y":-0.65,"x":0.85,"z":0}}],[{"acceleration":{"y":-0.62,"x":0.54,"z":0},"position":{"y":4182887.79,"x":552741.36,"z":10.73},"volume":0.13,"type":"PEDESTRIAN","velocity":{"y":-0.6,"x":1.5,"z":0}},{"acceleration":{"y":0,"x":0.01,"z":0},"position":{"y":4182889.84,"x":552734.13,"z":10.41},"volume":0.09,"type":"PEDESTRIAN","velocity":{"y":-0.43,"x":1.06,"z":0}}],[{"acceleration":{"y":0.59,"x":-1.53,"z":0},"position":{"y":4182887.81,"x":552741.59,"z":11.14},"volume":0.08,"type":"PEDESTRIAN","velocity":{"y":-0.14,"x":0.64,"z":0}},{"acceleration":{"y":0.24,"x":-0.72,"z":0},"position":{"y":4182889.95,"x":552734.29,"z":10.47},"volume":0.2,"type":"PEDESTRIAN","velocity":{"y":-0.23,"x":0.6,"z":0}}]],"action_description":"Pedestrian crossing the road (left to right)","ev_state":[-133.827438354492,10.1248531341553,399.916046142578,0,0,0,12,-1,0.117171481251717,306.674835205078,0.000627348141279072,1.2061709478356921],"collision_probability":0.449}
 timestamp= 1619810522000 [RUN] Validate G1 Guard Condition: 
The ego vehicle E Detection.Collision == True.
 timestamp= 1619810522000 [RES] Global Validate result: 
false
 timestamp= 1619810522000 [RUN] Validate G2 Guard Condition: 
The ego vehicle E Detection.OffRoad == True.
 timestamp= 1619810522000 [RES] Global Validate result: 
false
 timestamp= 1619810522000 [RUN] Validate G3 Guard Condition: 
The ego vehicle E Detection.HardBrake == True.
 timestamp= 1619810522000 [RES] Global Validate result: 
false
 timestamp= 1619810522000 [RUN] Validate G4 Guard Condition: 
The ego vehicle E Detection.ArrivalTest == True.
 timestamp= 1619810522000 [RES] Global Validate result: 
false
 timestamp= 1619810522000 [RUN] Validate step: 
The test system VALIDATES THAT the Apollo A Status.GetControl is nearly equal to {"acceleration": -1.67, "throttle": 0.0, "steering_target": 0.85, "brake": 28.7, "steering_rate": 100.0, "speed": 1.21}
 timestamp= 1619810522000 [RES] Validate result: 
true
 timestamp= 1619810522000 [RUN] Generate steps
 timestamp= 1619810522000 [RUN] Validate step: 
The test system VALIDATES THAT the simulator S Status.GetEnvironment is nearly equal to {"x": -133.83, "y": 10.12, "z": 399.92, "rain": 0.0, "fog": 0.0, "wetness": 0.0, "timeofday": 12.0, "signal": -1.0, "rx": 0.12, "ry": 306.67, "rz": 0.0, "speed": 1.21}
 timestamp= 1619810522000 [RES] Validate result: 
true
 timestamp= 1619810522000 [RUN] Execute API step: 
The environment controller C INVOKES API Control.Agents.Pedestrians.WalkRandomly(which_lane=Left_Lane).
 timestamp= 1619810526000 [RES] API result: 
{"pose_arr":[{"vx":0.39,"ay":-1,"az":9.81,"ax":-0.75,"pz":10.13,"vy":0.39,"px":552740.96,"py":4182885.34},{"vx":0.11,"ay":-0.5,"az":9.81,"ax":-0.37,"pz":10.13,"vy":0.11,"px":552740.78,"py":4182885.47},{"vx":0,"ay":0,"az":9.81,"ax":0,"pz":10.13,"vy":0,"px":552740.77,"py":4182885.48},{"vx":0,"ay":0,"az":9.81,"ax":0,"pz":10.12,"vy":0,"px":552740.77,"py":4182885.48},{"vx":0,"ay":0,"az":9.81,"ax":0,"pz":10.12,"vy":0,"px":552740.77,"py":4182885.48},{"vx":0,"ay":0,"az":9.81,"ax":0,"pz":10.12,"vy":0,"px":552740.77,"py":4182885.48},{"vx":0,"ay":0,"az":9.81,"ax":0,"pz":10.12,"vy":0,"px":552740.77,"py":4182885.48}],"traffic_light":[0,0,0,0,0,0],"state_arr":[{"acceleration":-1.06,"throttle":0,"steering_target":1.25,"brake":22.24,"steering_rate":100,"speed":0.66},{"acceleration":-0.58,"throttle":0,"steering_target":1.76,"brake":17.38,"steering_rate":100,"speed":0.18},{"acceleration":-3,"throttle":0,"steering_target":1.92,"brake":69.96,"steering_rate":100,"speed":0},{"acceleration":-3,"throttle":0,"steering_target":1.92,"brake":69.99,"steering_rate":100,"speed":0},{"acceleration":-0.63,"throttle":0,"steering_target":1.92,"brake":33.97,"steering_rate":100,"speed":0},{"acceleration":-0.51,"throttle":0,"steering_target":1.92,"brake":24.96,"steering_rate":100,"speed":0},{"acceleration":-0.49,"throttle":0,"steering_target":1.92,"brake":23.82,"steering_rate":100,"speed":0},{"acceleration":-3,"throttle":0,"steering_target":1.92,"brake":70,"steering_rate":100,"speed":0}],"obstacle_arr":[[{"acceleration":{"y":0.43,"x":-0.37,"z":0},"position":{"y":4182887.71,"x":552742.04,"z":10.99},"volume":0.12,"type":"PEDESTRIAN","velocity":{"y":-0.05,"x":0.63,"z":0}},{"acceleration":{"y":0.18,"x":-0.08,"z":0},"position":{"y":4182889.76,"x":552734.77,"z":10.44},"volume":0.25,"type":"PEDESTRIAN","velocity":{"y":-0.2,"x":0.67,"z":0}},{"acceleration":{"y":0.24,"x":-0.73,"z":0},"position":{"y":4182892.44,"x":552728.22,"z":10.64},"volume":0.12,"type":"PEDESTRIAN","velocity":{"y":0,"x":0,"z":0}}],[{"acceleration":{"y":0.03,"x":-0.26,"z":0},"position":{"y":4182887.68,"x":552742.38,"z":10.87},"volume":0.14,"type":"PEDESTRIAN","velocity":{"y":-0.06,"x":0.6,"z":0}},{"acceleration":{"y":0.26,"x":-0.75,"z":0},"position":{"y":4182889.72,"x":552735.18,"z":10.52},"volume":0.24,"type":"PEDESTRIAN","velocity":{"y":0,"x":0,"z":0}},{"acceleration":{"y":0.07,"x":-0.16,"z":0},"position":{"y":4182892.34,"x":552728.55,"z":10.75},"volume":0.13,"type":"PEDESTRIAN","velocity":{"y":-0.17,"x":0.55,"z":0}}],[{"acceleration":{"y":-0.1,"x":0.5,"z":0},"position":{"y":4182887.59,"x":552742.97,"z":10.46},"volume":0.37,"type":"PEDESTRIAN","velocity":{"y":-0.09,"x":0.75,"z":0}},{"acceleration":{"y":-0.16,"x":0.81,"z":0},"position":{"y":4182889.65,"x":552735.65,"z":10.44},"volume":0.31,"type":"PEDESTRIAN","velocity":{"y":-0.13,"x":0.72,"z":0}},{"acceleration":{"y":-0.18,"x":0.36,"z":0},"position":{"y":4182892.16,"x":552729.14,"z":10.54},"volume":0.03,"type":"PEDESTRIAN","velocity":{"y":-0.29,"x":0.75,"z":0}}],[{"acceleration":{"y":-0.02,"x":-0.16,"z":0},"position":{"y":4182887.51,"x":552743.37,"z":10.51},"volume":0.23,"type":"PEDESTRIAN","velocity":{"y":-0.13,"x":0.65,"z":0}},{"acceleration":{"y":-0.07,"x":-0.13,"z":0},"position":{"y":4182892.06,"x":552729.49,"z":10.61},"volume":0.1,"type":"PEDESTRIAN","velocity":{"y":-0.34,"x":0.75,"z":0}}],[{"acceleration":{"y":-0.09,"x":0.14,"z":0},"position":{"y":4182887.31,"x":552744.15,"z":10.51},"volume":0.2,"type":"PEDESTRIAN","velocity":{"y":-0.23,"x":0.92,"z":0}},{"acceleration":{"y":0.03,"x":-0.23,"z":0},"position":{"y":4182889.29,"x":552736.85,"z":10.42},"volume":0.23,"type":"PEDESTRIAN","velocity":{"y":-0.3,"x":0.96,"z":0}}],[{"acceleration":{"y":-0.35,"x":-0.49,"z":0},"position":{"y":4182887.08,"x":552744.56,"z":10.54},"volume":0.21,"type":"PEDESTRIAN","velocity":{"y":-0.33,"x":0.62,"z":0}},{"acceleration":{"y":-0.12,"x":-0.11,"z":0},"position":{"y":4182889.12,"x":552737.37,"z":10.45},"volume":0.37,"type":"PEDESTRIAN","velocity":{"y":-0.33,"x":0.88,"z":0}}],[{"acceleration":{"y":-0.03,"x":-0.44,"z":0},"position":{"y":4182886.67,"x":552744.76,"z":10.53},"volume":0.18,"type":"PEDESTRIAN","velocity":{"y":-0.4,"x":0.07,"z":0}},{"acceleration":{"y":0.14,"x":-0.24,"z":0},"position":{"y":4182889.01,"x":552737.86,"z":10.4},"volume":0.38,"type":"PEDESTRIAN","velocity":{"y":-0.14,"x":0.57,"z":0}},{"acceleration":{"y":0,"x":0,"z":0},"position":{"y":4182891.64,"x":552731.47,"z":10.43},"volume":0.13,"type":"PEDESTRIAN","velocity":{"y":-0.21,"x":0.51,"z":0}}]],"action_description":"Pedestrian crossing the road (left to right)","ev_state":[-134.298416137695,10.1248035430908,400.263671875,0,0,0,12,-1,-0.00000254145038525166,306.589050292969,4.42264280309246e-7,0.00002219380854997965],"collision_probability":0.4}
 timestamp= 1619810526000 [RUN] Validate G1 Guard Condition: 
The ego vehicle E Detection.Collision == True.
 timestamp= 1619810526000 [RES] Global Validate result: 
false
 timestamp= 1619810526000 [RUN] Validate G2 Guard Condition: 
The ego vehicle E Detection.OffRoad == True.
 timestamp= 1619810526000 [RES] Global Validate result: 
false
 timestamp= 1619810526000 [RUN] Validate G3 Guard Condition: 
The ego vehicle E Detection.HardBrake == True.
 timestamp= 1619810526000 [RES] Global Validate result: 
false
 timestamp= 1619810526000 [RUN] Validate G4 Guard Condition: 
The ego vehicle E Detection.ArrivalTest == True.
 timestamp= 1619810526000 [RES] Global Validate result: 
false
 timestamp= 1619810526000 [RUN] Validate step: 
The test system VALIDATES THAT the Apollo A Status.GetControl is nearly equal to {"acceleration": -3.0, "throttle": 0.0, "steering_target": 1.92, "brake": 70.0, "steering_rate": 100.0, "speed": 0.0}
 timestamp= 1619810526000 [RES] Validate result: 
true
 timestamp= 1619810526000 [RUN] Generate steps
 timestamp= 1619810526000 [RUN] Validate step: 
The test system VALIDATES THAT the simulator S Status.GetEnvironment is nearly equal to {"x": -134.3, "y": 10.12, "z": 400.26, "rain": 0.0, "fog": 0.0, "wetness": 0.0, "timeofday": 12.0, "signal": -1.0, "rx": -0.0, "ry": 306.59, "rz": 0.0, "speed": 0.0}
 timestamp= 1619810526000 [RES] Validate result: 
true
 timestamp= 1619810526000 [RUN] Execute API step: 
The environment controller C INVOKES API Control.Agents.Pedestrians.WalkRandomly(which_lane=Left_Lane).
 timestamp= 1619810530000 [RES] API result: 
{"pose_arr":[{"vx":0,"ay":0,"az":9.81,"ax":0,"pz":10.12,"vy":0,"px":552740.77,"py":4182885.48},{"vx":0,"ay":0,"az":9.81,"ax":0,"pz":10.12,"vy":0,"px":552740.77,"py":4182885.48},{"vx":0.31,"ay":0.92,"az":9.81,"ax":0.68,"pz":10.12,"vy":0.31,"px":552740.72,"py":4182885.52},{"vx":0.67,"ay":-0.8,"az":9.82,"ax":-0.59,"pz":10.12,"vy":0.67,"px":552740.17,"py":4182885.93},{"vx":0.33,"ay":-1.06,"az":9.81,"ax":-0.73,"pz":10.13,"vy":0.33,"px":552739.77,"py":4182886.21},{"vx":0,"ay":0,"az":9.81,"ax":0,"pz":10.13,"vy":0,"px":552739.67,"py":4182886.29},{"vx":0,"ay":0,"az":9.81,"ax":0,"pz":10.12,"vy":0,"px":552739.67,"py":4182886.29}],"traffic_light":[0,0,0,0,0,0,0],"state_arr":[{"acceleration":-3,"throttle":0,"steering_target":1.92,"brake":70,"steering_rate":100,"speed":0},{"acceleration":-3,"throttle":0,"steering_target":1.92,"brake":70,"steering_rate":100,"speed":0},{"acceleration":0.28,"throttle":43.24,"steering_target":1.92,"brake":0,"steering_rate":100,"speed":0},{"acceleration":-1.22,"throttle":0,"steering_target":0.69,"brake":23.8,"steering_rate":100,"speed":1.47},{"acceleration":-1.1,"throttle":0,"steering_target":1.32,"brake":22.35,"steering_rate":100,"speed":0.97},{"acceleration":-1.27,"throttle":0,"steering_target":1.64,"brake":25.44,"steering_rate":100,"speed":0.44},{"acceleration":-0.28,"throttle":0,"steering_target":1.79,"brake":57.18,"steering_rate":100,"speed":0}],"obstacle_arr":[[{"acceleration":{"y":-0.01,"x":-0.18,"z":0},"position":{"y":4182886.3,"x":552744.82,"z":10.48},"volume":0.17,"type":"PEDESTRIAN","velocity":{"y":-0.35,"x":-0.02,"z":0}},{"acceleration":{"y":-0.08,"x":-0.07,"z":0},"position":{"y":4182888.82,"x":552738.35,"z":10.49},"volume":0.23,"type":"PEDESTRIAN","velocity":{"y":-0.24,"x":0.6,"z":0}},{"acceleration":{"y":0.23,"x":-0.55,"z":0},"position":{"y":4182891.46,"x":552731.8,"z":10.52},"volume":0.18,"type":"PEDESTRIAN","velocity":{"y":0,"x":0,"z":0}}],[{"acceleration":{"y":-0.13,"x":0.26,"z":0},"position":{"y":4182885.97,"x":552745.09,"z":10.55},"volume":0.22,"type":"PEDESTRIAN","velocity":{"y":-0.37,"x":0.17,"z":0}},{"acceleration":{"y":0.07,"x":-0.25,"z":0},"position":{"y":4182888.77,"x":552738.92,"z":10.86},"volume":0.24,"type":"PEDESTRIAN","velocity":{"y":-0.23,"x":0.7,"z":0}},{"acceleration":{"y":-0.56,"x":0.91,"z":0},"position":{"y":4182891.15,"x":552732.51,"z":10.43},"volume":0.1,"type":"PEDESTRIAN","velocity":{"y":-0.37,"x":0.54,"z":0}}],[{"acceleration":{"y":-0.17,"x":-0.06,"z":0},"position":{"y":4182885.47,"x":552745.18,"z":10.45},"volume":0.21,"type":"PEDESTRIAN","velocity":{"y":-0.5,"x":0.11,"z":0}}],[{"acceleration":{"y":0.1,"x":0.24,"z":0},"position":{"y":4182885.18,"x":552745.41,"z":10.51},"volume":0.22,"type":"PEDESTRIAN","velocity":{"y":-0.42,"x":0.24,"z":0}},{"acceleration":{"y":0.01,"x":-0.02,"z":0},"position":{"y":4182893.35,"x":552727.61,"z":10.57},"volume":0.15,"type":"PEDESTRIAN","velocity":{"y":0,"x":0,"z":0}},{"acceleration":{"y":0.01,"x":-0.02,"z":0},"position":{"y":4182890.87,"x":552733.46,"z":10.58},"volume":0.05,"type":"PEDESTRIAN","velocity":{"y":0,"x":0,"z":0}}],[{"acceleration":{"y":0.58,"x":-0.23,"z":0},"position":{"y":4182884.77,"x":552745.51,"z":10.56},"volume":0.15,"type":"PEDESTRIAN","velocity":{"y":0,"x":0,"z":0}},{"acceleration":{"y":-0.19,"x":0.59,"z":0},"position":{"y":4182893.13,"x":552728.44,"z":10.49},"volume":0.05,"type":"PEDESTRIAN","velocity":{"y":-0.25,"x":0.74,"z":0}},{"acceleration":{"y":-0.09,"x":0.16,"z":0},"position":{"y":4182890.73,"x":552734.19,"z":10.54},"volume":0.16,"type":"PEDESTRIAN","velocity":{"y":-0.23,"x":0.72,"z":0}},{"acceleration":{"y":-0.01,"x":0.02,"z":0},"position":{"y":4182888.26,"x":552740.69,"z":11.22},"volume":0.05,"type":"PEDESTRIAN","velocity":{"y":-0.21,"x":0.59,"z":0}}],[{"acceleration":{"y":0.09,"x":-0.09,"z":0},"position":{"y":4182884.55,"x":552745.74,"z":10.45},"volume":0.14,"type":"PEDESTRIAN","velocity":{"y":0,"x":0,"z":0}},{"acceleration":{"y":-0.06,"x":0.23,"z":0},"position":{"y":4182893.01,"x":552728.95,"z":10.65},"volume":0.13,"type":"PEDESTRIAN","velocity":{"y":-0.27,"x":0.82,"z":0}},{"acceleration":{"y":-0.12,"x":0.49,"z":0},"position":{"y":4182890.53,"x":552734.75,"z":10.54},"volume":0.07,"type":"PEDESTRIAN","velocity":{"y":-0.26,"x":0.9,"z":0}},{"acceleration":{"y":0.08,"x":0.08,"z":0},"position":{"y":4182888.16,"x":552741.09,"z":11.05},"volume":0.09,"type":"PEDESTRIAN","velocity":{"y":-0.13,"x":0.65,"z":0}}],[{"acceleration":{"y":0.26,"x":-0.93,"z":0},"position":{"y":4182890.49,"x":552735.1,"z":10.47},"volume":0.28,"type":"PEDESTRIAN","velocity":{"y":0,"x":0,"z":0}},{"acceleration":{"y":-0.12,"x":0.17,"z":0},"position":{"y":4182888.03,"x":552741.71,"z":10.8},"volume":0.13,"type":"PEDESTRIAN","velocity":{"y":-0.17,"x":0.65,"z":0}}]],"action_description":"Pedestrian crossing the road (left to right)","ev_state":[-135.396148681641,10.1248064041138,401.06494140625,0,0,0,12,-1,0.00174323620740324,306.289794921875,0.0000465527518827003,0.00009702524002206223],"collision_probability":0.487}
 timestamp= 1619810530000 [RUN] Validate G1 Guard Condition: 
The ego vehicle E Detection.Collision == True.
 timestamp= 1619810530000 [RES] Global Validate result: 
false
 timestamp= 1619810530000 [RUN] Validate G2 Guard Condition: 
The ego vehicle E Detection.OffRoad == True.
 timestamp= 1619810530000 [RES] Global Validate result: 
false
 timestamp= 1619810530000 [RUN] Validate G3 Guard Condition: 
The ego vehicle E Detection.HardBrake == True.
 timestamp= 1619810530000 [RES] Global Validate result: 
false
 timestamp= 1619810530000 [RUN] Validate G4 Guard Condition: 
The ego vehicle E Detection.ArrivalTest == True.
 timestamp= 1619810530000 [RES] Global Validate result: 
false
 timestamp= 1619810530000 [RUN] Validate step: 
The test system VALIDATES THAT the Apollo A Status.GetControl is nearly equal to {"acceleration": -0.28, "throttle": 0.0, "steering_target": 1.79, "brake": 57.18, "steering_rate": 100.0, "speed": 0.0}
 timestamp= 1619810530000 [RES] Validate result: 
true
 timestamp= 1619810530000 [RUN] Generate steps
 timestamp= 1619810530000 [RUN] Validate step: 
The test system VALIDATES THAT the simulator S Status.GetEnvironment is nearly equal to {"x": -135.4, "y": 10.12, "z": 401.06, "rain": 0.0, "fog": 0.0, "wetness": 0.0, "timeofday": 12.0, "signal": -1.0, "rx": 0.0, "ry": 306.29, "rz": 0.0, "speed": 0.0}
 timestamp= 1619810530000 [RES] Validate result: 
true
 timestamp= 1619810530000 [RUN] Execute API step: 
The environment controller C INVOKES API Control.Agents.Pedestrians.WalkRandomly(which_lane=Left_Lane).
 timestamp= 1619810534000 [RES] API result: 
{"pose_arr":[{"vx":0,"ay":0,"az":9.81,"ax":0,"pz":10.12,"vy":0,"px":552739.67,"py":4182886.29},{"vx":0,"ay":0,"az":9.81,"ax":0,"pz":10.12,"vy":0,"px":552739.67,"py":4182886.29},{"vx":0,"ay":0,"az":9.81,"ax":0,"pz":10.12,"vy":0,"px":552739.67,"py":4182886.29},{"vx":0,"ay":0,"az":9.81,"ax":0,"pz":10.12,"vy":0,"px":552739.67,"py":4182886.29},{"vx":0,"ay":-0.06,"az":9.81,"ax":-0.04,"pz":10.12,"vy":0,"px":552739.66,"py":4182886.3},{"vx":0,"ay":0,"az":9.81,"ax":0,"pz":10.12,"vy":0,"px":552739.66,"py":4182886.3},{"vx":0,"ay":0,"az":9.81,"ax":0,"pz":10.12,"vy":0,"px":552739.66,"py":4182886.3}],"traffic_light":[0,0,0,0,0,0,0],"state_arr":[{"acceleration":-0.2,"throttle":0,"steering_target":1.79,"brake":80.64,"steering_rate":100,"speed":0},{"acceleration":-3,"throttle":0,"steering_target":1.79,"brake":69.99,"steering_rate":100,"speed":0},{"acceleration":-3,"throttle":0,"steering_target":1.79,"brake":69.99,"steering_rate":100,"speed":0},{"acceleration":-3,"throttle":0,"steering_target":1.79,"brake":69.99,"steering_rate":100,"speed":0},{"acceleration":-3,"throttle":0,"steering_target":1.79,"brake":70,"steering_rate":100,"speed":0},{"acceleration":-0.3,"throttle":0,"steering_target":1.79,"brake":23.56,"steering_rate":100,"speed":0.13},{"acceleration":-0.17,"throttle":0,"steering_target":1.78,"brake":54.6,"steering_rate":100,"speed":0},{"acceleration":-3,"throttle":0,"steering_target":1.78,"brake":69.99,"steering_rate":100,"speed":0}],"obstacle_arr":[[{"acceleration":{"y":0.03,"x":-0.01,"z":0},"position":{"y":4182883.92,"x":552746.26,"z":10.52},"volume":0.14,"type":"PEDESTRIAN","velocity":{"y":0,"x":0,"z":0}},{"acceleration":{"y":0.1,"x":-0.09,"z":0},"position":{"y":4182892.79,"x":552729.79,"z":10.53},"volume":0.12,"type":"PEDESTRIAN","velocity":{"y":-0.16,"x":0.62,"z":0}},{"acceleration":{"y":0.05,"x":-0.27,"z":0},"position":{"y":4182890.24,"x":552735.68,"z":10.4},"volume":0.26,"type":"PEDESTRIAN","velocity":{"y":-0.21,"x":0.73,"z":0}},{"acceleration":{"y":0,"x":-0.27,"z":0},"position":{"y":4182887.94,"x":552742.02,"z":10.46},"volume":0.28,"type":"PEDESTRIAN","velocity":{"y":-0.19,"x":0.58,"z":0}}],[{"acceleration":{"y":-0.5,"x":0.61,"z":0},"position":{"y":4182883.67,"x":552746.59,"z":10.61},"volume":0.16,"type":"PEDESTRIAN","velocity":{"y":-0.37,"x":0.5,"z":0}},{"acceleration":{"y":-0.05,"x":-0.17,"z":0},"position":{"y":4182890.2,"x":552736.11,"z":10.43},"volume":0.31,"type":"PEDESTRIAN","velocity":{"y":-0.14,"x":0.5,"z":0}},{"acceleration":{"y":0.02,"x":0.27,"z":0},"position":{"y":4182887.78,"x":552742.62,"z":10.43},"volume":0.21,"type":"PEDESTRIAN","velocity":{"y":-0.14,"x":0.73,"z":0}}],[{"acceleration":{"y":-0.08,"x":0.2,"z":0},"position":{"y":4182883.4,"x":552746.89,"z":10.47},"volume":0.15,"type":"PEDESTRIAN","velocity":{"y":-0.38,"x":0.54,"z":0}},{"acceleration":{"y":-0.12,"x":0.34,"z":0},"position":{"y":4182890.02,"x":552736.66,"z":10.43},"volume":0.16,"type":"PEDESTRIAN","velocity":{"y":-0.21,"x":0.65,"z":0}},{"acceleration":{"y":-0.05,"x":0.29,"z":0},"position":{"y":4182887.63,"x":552743.17,"z":10.45},"volume":0.22,"type":"PEDESTRIAN","velocity":{"y":-0.2,"x":0.81,"z":0}}],[{"acceleration":{"y":-0.29,"x":-0.08,"z":0},"position":{"y":4182883.05,"x":552747.02,"z":10.65},"volume":0.09,"type":"PEDESTRIAN","velocity":{"y":-0.58,"x":0.44,"z":0}},{"acceleration":{"y":0.14,"x":0.11,"z":0},"position":{"y":4182889.97,"x":552737.12,"z":10.48},"volume":0.29,"type":"PEDESTRIAN","velocity":{"y":-0.12,"x":0.79,"z":0}},{"acceleration":{"y":-0.12,"x":0.1,"z":0},"position":{"y":4182887.47,"x":552743.81,"z":10.44},"volume":0.18,"type":"PEDESTRIAN","velocity":{"y":-0.31,"x":0.9,"z":0}},{"acceleration":{"y":-0.22,"x":0.16,"z":0},"position":{"y":4182892.24,"x":552731.47,"z":10.59},"volume":0.08,"type":"PEDESTRIAN","velocity":{"y":-0.35,"x":0.71,"z":0}}],[{"acceleration":{"y":-0.06,"x":0.22,"z":0},"position":{"y":4182889.75,"x":552737.75,"z":10.69},"volume":0.19,"type":"PEDESTRIAN","velocity":{"y":-0.28,"x":1.04,"z":0}},{"acceleration":{"y":0.16,"x":-0.23,"z":0},"position":{"y":4182887.37,"x":552744.34,"z":10.46},"volume":0.17,"type":"PEDESTRIAN","velocity":{"y":-0.15,"x":0.7,"z":0}},{"acceleration":{"y":0.04,"x":0.4,"z":0},"position":{"y":4182892.16,"x":552732.03,"z":10.55},"volume":0.2,"type":"PEDESTRIAN","velocity":{"y":-0.27,"x":0.86,"z":0}},{"acceleration":{"y":0,"x":0,"z":0},"position":{"y":4182893.53,"x":552727.7,"z":10.45},"volume":0.07,"type":"PEDESTRIAN","velocity":{"y":0,"x":0,"z":0}}],[{"acceleration":{"y":-0.08,"x":-0.14,"z":0},"position":{"y":4182889.65,"x":552738.12,"z":10.79},"volume":0.16,"type":"PEDESTRIAN","velocity":{"y":-0.31,"x":0.85,"z":0}},{"acceleration":{"y":0.08,"x":-0.84,"z":0},"position":{"y":4182887.15,"x":552744.65,"z":10.55},"volume":0.26,"type":"PEDESTRIAN","velocity":{"y":0,"x":0,"z":0}},{"acceleration":{"y":0.02,"x":0.01,"z":0},"position":{"y":4182892.1,"x":552732.47,"z":10.44},"volume":0.13,"type":"PEDESTRIAN","velocity":{"y":-0.22,"x":0.88,"z":0}},{"acceleration":{"y":-0.34,"x":0.46,"z":0},"position":{"y":4182893.32,"x":552728.13,"z":10.54},"volume":0.1,"type":"PEDESTRIAN","velocity":{"y":-0.3,"x":0.41,"z":0}}],[{"acceleration":{"y":-0.26,"x":0,"z":0},"position":{"y":4182886.71,"x":552744.71,"z":10.54},"volume":0.19,"type":"PEDESTRIAN","velocity":{"y":-0.56,"x":0.24,"z":0}},{"acceleration":{"y":0.32,"x":-0.51,"z":0},"position":{"y":4182891.95,"x":552732.95,"z":10.52},"volume":0.14,"type":"PEDESTRIAN","velocity":{"y":-0.07,"x":0.64,"z":0}},{"acceleration":{"y":0.42,"x":-0.6,"z":0},"position":{"y":4182893.39,"x":552728.7,"z":10.84},"volume":0.06,"type":"PEDESTRIAN","velocity":{"y":0,"x":0,"z":0}},{"acceleration":{"y":0,"x":0,"z":0},"position":{"y":4182889.61,"x":552738.74,"z":10.93},"volume":0.04,"type":"PEDESTRIAN","velocity":{"y":-0.27,"x":0.73,"z":0}}]],"action_description":"Pedestrian crossing the road (left to right)","ev_state":[-135.410751342773,10.1248054504395,401.075439453125,0,0,0,12,-1,0.00000293371431325795,306.284851074219,4.28378797323603e-7,0.00008944430068574172],"collision_probability":0.446}
 timestamp= 1619810534000 [RUN] Validate G1 Guard Condition: 
The ego vehicle E Detection.Collision == True.
 timestamp= 1619810534000 [RES] Global Validate result: 
false
 timestamp= 1619810534000 [RUN] Validate G2 Guard Condition: 
The ego vehicle E Detection.OffRoad == True.
 timestamp= 1619810534000 [RES] Global Validate result: 
false
 timestamp= 1619810534000 [RUN] Validate G3 Guard Condition: 
The ego vehicle E Detection.HardBrake == True.
 timestamp= 1619810534000 [RES] Global Validate result: 
false
 timestamp= 1619810534000 [RUN] Validate G4 Guard Condition: 
The ego vehicle E Detection.ArrivalTest == True.
 timestamp= 1619810534000 [RES] Global Validate result: 
false
 timestamp= 1619810534000 [RUN] Validate step: 
The test system VALIDATES THAT the Apollo A Status.GetControl is nearly equal to {"acceleration": -3.0, "throttle": 0.0, "steering_target": 1.78, "brake": 69.99, "steering_rate": 100.0, "speed": 0.0}
 timestamp= 1619810534000 [RES] Validate result: 
true
 timestamp= 1619810534000 [RUN] Generate steps
 timestamp= 1619810534000 [RUN] Validate step: 
The test system VALIDATES THAT the simulator S Status.GetEnvironment is nearly equal to {"x": -135.41, "y": 10.12, "z": 401.08, "rain": 0.0, "fog": 0.0, "wetness": 0.0, "timeofday": 12.0, "signal": -1.0, "rx": 0.0, "ry": 306.28, "rz": 0.0, "speed": 0.0}
 timestamp= 1619810534000 [RES] Validate result: 
true
 timestamp= 1619810534000 [RUN] Execute API step: 
The environment controller C INVOKES API Control.Agents.Pedestrians.WalkRandomly(which_lane=Left_Lane).
 timestamp= 1619810538000 [RES] API result: 
{"pose_arr":[{"vx":0,"ay":0,"az":9.81,"ax":0,"pz":10.12,"vy":0,"px":552739.66,"py":4182886.3},{"vx":0,"ay":0,"az":9.81,"ax":0,"pz":10.12,"vy":0,"px":552739.66,"py":4182886.3},{"vx":0,"ay":2.91,"az":9.81,"ax":2.09,"pz":10.12,"vy":0,"px":552739.66,"py":4182886.3},{"vx":0,"ay":0,"az":9.81,"ax":0,"pz":10.12,"vy":0,"px":552739.66,"py":4182886.3},{"vx":0,"ay":0,"az":9.81,"ax":0,"pz":10.12,"vy":0,"px":552739.66,"py":4182886.3},{"vx":0,"ay":0,"az":9.81,"ax":0,"pz":10.12,"vy":0,"px":552739.66,"py":4182886.3},{"vx":0,"ay":0,"az":9.81,"ax":0,"pz":10.12,"vy":0,"px":552739.66,"py":4182886.3}],"traffic_light":[0,0,0,0,0,0,0],"state_arr":[{"acceleration":-3,"throttle":0,"steering_target":1.78,"brake":69.99,"steering_rate":100,"speed":0},{"acceleration":-3,"throttle":0,"steering_target":1.78,"brake":69.99,"steering_rate":100,"speed":0},{"acceleration":-0.16,"throttle":0,"steering_target":1.78,"brake":54.53,"steering_rate":100,"speed":0},{"acceleration":-0.54,"throttle":0,"steering_target":1.78,"brake":23.56,"steering_rate":100,"speed":0.06},{"acceleration":-0.16,"throttle":0,"steering_target":1.78,"brake":53.82,"steering_rate":100,"speed":0},{"acceleration":-3,"throttle":0,"steering_target":1.78,"brake":69.99,"steering_rate":100,"speed":0},{"acceleration":-0.16,"throttle":0,"steering_target":1.78,"brake":54.05,"steering_rate":100,"speed":0},{"acceleration":-0.15,"throttle":0,"steering_target":1.78,"brake":53.7,"steering_rate":100,"speed":0}],"obstacle_arr":[[{"acceleration":{"y":0.03,"x":0.27,"z":0},"position":{"y":4182886.4,"x":552744.88,"z":10.44},"volume":0.17,"type":"PEDESTRIAN","velocity":{"y":-0.61,"x":0.31,"z":0}},{"acceleration":{"y":0.02,"x":0.04,"z":0},"position":{"y":4182891.64,"x":552733.72,"z":10.55},"volume":0.14,"type":"PEDESTRIAN","velocity":{"y":-0.19,"x":0.73,"z":0}},{"acceleration":{"y":-0.05,"x":0.38,"z":0},"position":{"y":4182893.17,"x":552729.36,"z":10.68},"volume":0.07,"type":"PEDESTRIAN","velocity":{"y":-0.2,"x":0.67,"z":0}},{"acceleration":{"y":0.07,"x":0.61,"z":0},"position":{"y":4182889.29,"x":552739.34,"z":11.16},"volume":0.06,"type":"PEDESTRIAN","velocity":{"y":-0.46,"x":1.09,"z":0}}],[{"acceleration":{"y":-0.16,"x":-0.38,"z":0},"position":{"y":4182886.16,"x":552745,"z":10.48},"volume":0.13,"type":"PEDESTRIAN","velocity":{"y":-0.64,"x":0.16,"z":0}},{"acceleration":{"y":0.04,"x":-0.42,"z":0},"position":{"y":4182891.62,"x":552734.08,"z":10.47},"volume":0.18,"type":"PEDESTRIAN","velocity":{"y":-0.15,"x":0.59,"z":0}},{"acceleration":{"y":0.34,"x":-0.1,"z":0},"position":{"y":4182889.12,"x":552739.84,"z":11.14},"volume":0.06,"type":"PEDESTRIAN","velocity":{"y":-0.28,"x":0.88,"z":0}}],[{"acceleration":{"y":0.28,"x":-0.09,"z":0},"position":{"y":4182885.9,"x":552745.05,"z":10.45},"volume":0.12,"type":"PEDESTRIAN","velocity":{"y":-0.46,"x":0.15,"z":0}},{"acceleration":{"y":0.01,"x":-0.07,"z":0},"position":{"y":4182891.44,"x":552734.64,"z":10.44},"volume":0.17,"type":"PEDESTRIAN","velocity":{"y":-0.14,"x":0.55,"z":0}},{"acceleration":{"y":0.26,"x":-0.18,"z":0},"position":{"y":4182889.1,"x":552740.28,"z":10.88},"volume":0.11,"type":"PEDESTRIAN","velocity":{"y":-0.11,"x":0.82,"z":0}}],[{"acceleration":{"y":0.61,"x":-0.19,"z":0},"position":{"y":4182885.78,"x":552745.11,"z":10.47},"volume":0.18,"type":"PEDESTRIAN","velocity":{"y":0,"x":0,"z":0}},{"acceleration":{"y":-0.16,"x":0.54,"z":0},"position":{"y":4182891.35,"x":552735.08,"z":10.5},"volume":0.23,"type":"PEDESTRIAN","velocity":{"y":-0.24,"x":0.84,"z":0}},{"acceleration":{"y":0.02,"x":0.14,"z":0},"position":{"y":4182888.89,"x":552740.72,"z":10.95},"volume":0.11,"type":"PEDESTRIAN","velocity":{"y":-0.16,"x":0.84,"z":0}},{"acceleration":{"y":-0.01,"x":0.03,"z":0},"position":{"y":4182892.71,"x":552730.87,"z":10.42},"volume":0.13,"type":"PEDESTRIAN","velocity":{"y":-0.22,"x":0.55,"z":0}}],[{"acceleration":{"y":0.03,"x":-0.01,"z":0},"position":{"y":4182885.57,"x":552745.2,"z":10.44},"volume":0.19,"type":"PEDESTRIAN","velocity":{"y":0,"x":0,"z":0}},{"acceleration":{"y":-0.13,"x":0.15,"z":0},"position":{"y":4182891.17,"x":552735.75,"z":10.49},"volume":0.23,"type":"PEDESTRIAN","velocity":{"y":-0.3,"x":0.89,"z":0}},{"acceleration":{"y":-0.14,"x":0.28,"z":0},"position":{"y":4182888.76,"x":552741.36,"z":10.7},"volume":0.17,"type":"PEDESTRIAN","velocity":{"y":-0.22,"x":1,"z":0}},{"acceleration":{"y":0.18,"x":-0.45,"z":0},"position":{"y":4182892.59,"x":552731.39,"z":10.77},"volume":0.1,"type":"PEDESTRIAN","velocity":{"y":0,"x":0,"z":0}}],[{"acceleration":{"y":0,"x":0,"z":0},"position":{"y":4182885.42,"x":552745.3,"z":10.49},"volume":0.23,"type":"PEDESTRIAN","velocity":{"y":0,"x":0,"z":0}},{"acceleration":{"y":0.05,"x":-0.07,"z":0},"position":{"y":4182891.02,"x":552736.19,"z":10.36},"volume":0.21,"type":"PEDESTRIAN","velocity":{"y":-0.22,"x":0.7,"z":0}},{"acceleration":{"y":-0.06,"x":-0.36,"z":0},"position":{"y":4182888.57,"x":552741.87,"z":10.48},"volume":0.28,"type":"PEDESTRIAN","velocity":{"y":-0.27,"x":0.78,"z":0}},{"acceleration":{"y":-0.27,"x":0.59,"z":0},"position":{"y":4182892.31,"x":552731.91,"z":10.44},"volume":0.11,"type":"PEDESTRIAN","velocity":{"y":-0.24,"x":0.52,"z":0}}],[{"acceleration":{"y":0,"x":0,"z":0},"position":{"y":4182885.4,"x":552745.2,"z":10.43},"volume":0.15,"type":"PEDESTRIAN","velocity":{"y":0,"x":0,"z":0}},{"acceleration":{"y":-0.11,"x":0.56,"z":0},"position":{"y":4182890.86,"x":552736.83,"z":10.46},"volume":0.27,"type":"PEDESTRIAN","velocity":{"y":-0.23,"x":0.92,"z":0}},{"acceleration":{"y":0.2,"x":-0.27,"z":0},"position":{"y":4182888.41,"x":552742.49,"z":10.45},"volume":0.24,"type":"PEDESTRIAN","velocity":{"y":-0.2,"x":0.85,"z":0}},{"acceleration":{"y":-0.11,"x":-0.54,"z":0},"position":{"y":4182892.26,"x":552732.51,"z":10.42},"volume":0.18,"type":"PEDESTRIAN","velocity":{"y":-0.19,"x":0.5,"z":0}}],[{"acceleration":{"y":-0.04,"x":0.27,"z":0},"position":{"y":4182890.66,"x":552737.23,"z":10.4},"volume":0.18,"type":"PEDESTRIAN","velocity":{"y":-0.21,"x":0.87,"z":0}},{"acceleration":{"y":0,"x":-0.14,"z":0},"position":{"y":4182888.29,"x":552742.84,"z":10.42},"volume":0.25,"type":"PEDESTRIAN","velocity":{"y":-0.19,"x":0.71,"z":0}},{"acceleration":{"y":-0.13,"x":0.36,"z":0},"position":{"y":4182892.13,"x":552732.8,"z":10.49},"volume":0.15,"type":"PEDESTRIAN","velocity":{"y":-0.19,"x":0.55,"z":0}}]],"action_description":"Pedestrian crossing the road (left to right)","ev_state":[-135.424118041992,10.1248064041138,401.085083007813,0,0,0,12,1,0.00647741835564375,306.278106689453,0.00125235016457736,0.0000807533939936133],"collision_probability":0.445}
 timestamp= 1619810538000 [RUN] Validate G1 Guard Condition: 
The ego vehicle E Detection.Collision == True.
 timestamp= 1619810538000 [RES] Global Validate result: 
false
 timestamp= 1619810538000 [RUN] Validate G2 Guard Condition: 
The ego vehicle E Detection.OffRoad == True.
 timestamp= 1619810538000 [RES] Global Validate result: 
false
 timestamp= 1619810538000 [RUN] Validate G3 Guard Condition: 
The ego vehicle E Detection.HardBrake == True.
 timestamp= 1619810538000 [RES] Global Validate result: 
false
 timestamp= 1619810538000 [RUN] Validate G4 Guard Condition: 
The ego vehicle E Detection.ArrivalTest == True.
 timestamp= 1619810538000 [RES] Global Validate result: 
false
 timestamp= 1619810538000 [RUN] Validate step: 
The test system VALIDATES THAT the Apollo A Status.GetControl is nearly equal to {"acceleration": -0.15, "throttle": 0.0, "steering_target": 1.78, "brake": 53.7, "steering_rate": 100.0, "speed": 0.0}
 timestamp= 1619810538000 [RES] Validate result: 
true
 timestamp= 1619810538000 [RUN] Generate steps
 timestamp= 1619810538000 [RUN] Validate step: 
The test system VALIDATES THAT the simulator S Status.GetEnvironment is nearly equal to {"x": -135.42, "y": 10.12, "z": 401.09, "rain": 0.0, "fog": 0.0, "wetness": 0.0, "timeofday": 12.0, "signal": 1.0, "rx": 0.01, "ry": 306.28, "rz": 0.0, "speed": 0.0}
 timestamp= 1619810538000 [RES] Validate result: 
true
 timestamp= 1619810538000 [RUN] Execute API step: 
The environment controller C INVOKES API Control.Agents.Pedestrians.WalkRandomly(which_lane=Left_Lane).
 timestamp= 1619810542000 [RES] API result: 
{"pose_arr":[{"vx":0,"ay":0,"az":9.81,"ax":0,"pz":10.12,"vy":0,"px":552739.65,"py":4182886.31},{"vx":0,"ay":0,"az":9.81,"ax":0,"pz":10.12,"vy":0,"px":552739.65,"py":4182886.31},{"vx":0.04,"ay":1.05,"az":9.81,"ax":0.76,"pz":10.12,"vy":0.04,"px":552739.64,"py":4182886.31},{"vx":0.45,"ay":-0.46,"az":9.81,"ax":-0.33,"pz":10.12,"vy":0.45,"px":552739.36,"py":4182886.52},{"vx":0.27,"ay":-0.37,"az":9.81,"ax":-0.27,"pz":10.13,"vy":0.27,"px":552739.07,"py":4182886.73},{"vx":0.87,"ay":0.94,"az":9.82,"ax":0.67,"pz":10.12,"vy":0.87,"px":552738.67,"py":4182887.02},{"vx":1.79,"ay":1.84,"az":9.8,"ax":1.32,"pz":10.12,"vy":1.79,"px":552737.67,"py":4182887.74},{"vx":1.89,"ay":0.35,"az":9.81,"ax":0.27,"pz":10.12,"vy":1.89,"px":552736.2,"py":4182888.79}],"traffic_light":[0,0,0,0,3,3],"state_arr":[{"acceleration":-0.07,"throttle":0,"steering_target":1.74,"brake":48.64,"steering_rate":100,"speed":0},{"acceleration":-3,"throttle":0,"steering_target":1.74,"brake":70,"steering_rate":100,"speed":0},{"acceleration":-3,"throttle":0,"steering_target":1.74,"brake":69.99,"steering_rate":100,"speed":0},{"acceleration":-0.66,"throttle":0,"steering_target":1.42,"brake":16.62,"steering_rate":100,"speed":0.84},{"acceleration":-0.64,"throttle":0,"steering_target":2.49,"brake":16.23,"steering_rate":100,"speed":0.63},{"acceleration":0.6,"throttle":56.81,"steering_target":1.97,"brake":0,"steering_rate":100,"speed":0.6},{"acceleration":1.14,"throttle":34.41,"steering_target":1.04,"brake":0,"steering_rate":100,"speed":1.82},{"acceleration":0.21,"throttle":15.7,"steering_target":1.34,"brake":0,"steering_rate":100,"speed":3.11},{"acceleration":0.91,"throttle":25.92,"steering_target":0.89,"brake":0,"steering_rate":100,"speed":3.28}],"obstacle_arr":[[{"acceleration":{"y":0.03,"x":-0.52,"z":0},"position":{"y":4182890.62,"x":552737.65,"z":10.44},"volume":0.26,"type":"PEDESTRIAN","velocity":{"y":-0.2,"x":0.51,"z":0}},{"acceleration":{"y":0.14,"x":-0.21,"z":0},"position":{"y":4182888.14,"x":552743.44,"z":10.49},"volume":0.37,"type":"PEDESTRIAN","velocity":{"y":-0.14,"x":0.76,"z":0}},{"acceleration":{"y":0.24,"x":0.02,"z":0},"position":{"y":4182892.05,"x":552733.51,"z":10.44},"volume":0.15,"type":"PEDESTRIAN","velocity":{"y":-0.07,"x":0.74,"z":0}},{"acceleration":{"y":0,"x":0,"z":0},"position":{"y":4182885.25,"x":552745.3,"z":10.53},"volume":0.11,"type":"PEDESTRIAN","velocity":{"y":0,"x":0,"z":0}}],[{"acceleration":{"y":-0.06,"x":0,"z":0},"position":{"y":4182890.39,"x":552738.15,"z":10.4},"volume":0.26,"type":"PEDESTRIAN","velocity":{"y":-0.23,"x":0.65,"z":0}},{"acceleration":{"y":-0.06,"x":-0.14,"z":0},"position":{"y":4182888,"x":552743.94,"z":10.49},"volume":0.23,"type":"PEDESTRIAN","velocity":{"y":-0.14,"x":0.69,"z":0}},{"acceleration":{"y":0.13,"x":-0.79,"z":0},"position":{"y":4182891.83,"x":552733.8,"z":10.4},"volume":0.23,"type":"PEDESTRIAN","velocity":{"y":0,"x":0,"z":0}},{"acceleration":{"y":0,"x":0,"z":0},"position":{"y":4182885.26,"x":552745.34,"z":10.61},"volume":0.16,"type":"PEDESTRIAN","velocity":{"y":0,"x":0,"z":0}}],[{"acceleration":{"y":0,"x":-0.29,"z":0},"position":{"y":4182890.36,"x":552738.62,"z":10.45},"volume":0.32,"type":"PEDESTRIAN","velocity":{"y":-0.23,"x":0.61,"z":0}},{"acceleration":{"y":-0.28,"x":-0.06,"z":0},"position":{"y":4182887.9,"x":552744.3,"z":10.5},"volume":0.13,"type":"PEDESTRIAN","velocity":{"y":-0.25,"x":0.75,"z":0}},{"acceleration":{"y":-0.13,"x":0.17,"z":0},"position":{"y":4182891.71,"x":552734.32,"z":10.42},"volume":0.36,"type":"PEDESTRIAN","velocity":{"y":-0.16,"x":0.63,"z":0}},{"acceleration":{"y":0,"x":0,"z":0},"position":{"y":4182885.12,"x":552745.34,"z":10.52},"volume":0.16,"type":"PEDESTRIAN","velocity":{"y":0,"x":0,"z":0}}],[{"acceleration":{"y":0,"x":0.21,"z":0},"position":{"y":4182890.04,"x":552739.21,"z":10.63},"volume":0.18,"type":"PEDESTRIAN","velocity":{"y":-0.31,"x":0.88,"z":0}},{"acceleration":{"y":0.4,"x":-1.2,"z":0},"position":{"y":4182887.85,"x":552744.41,"z":10.46},"volume":0.13,"type":"PEDESTRIAN","velocity":{"y":0,"x":0,"z":0}},{"acceleration":{"y":-0.12,"x":0.24,"z":0},"position":{"y":4182891.57,"x":552735.03,"z":10.51},"volume":0.23,"type":"PEDESTRIAN","velocity":{"y":-0.28,"x":0.94,"z":0}},{"acceleration":{"y":0,"x":0,"z":0},"position":{"y":4182885.16,"x":552745.44,"z":10.51},"volume":0.14,"type":"PEDESTRIAN","velocity":{"y":0,"x":0,"z":0}}],[{"acceleration":{"y":0.16,"x":-0.3,"z":0},"position":{"y":4182890.04,"x":552739.57,"z":10.74},"volume":0.15,"type":"PEDESTRIAN","velocity":{"y":-0.13,"x":0.74,"z":0}},{"acceleration":{"y":0.02,"x":-0.08,"z":0},"position":{"y":4182887.95,"x":552744.35,"z":10.53},"volume":0.12,"type":"PEDESTRIAN","velocity":{"y":0,"x":0,"z":0}},{"acceleration":{"y":0.35,"x":-0.71,"z":0},"position":{"y":4182891.48,"x":552735.36,"z":10.47},"volume":0.32,"type":"PEDESTRIAN","velocity":{"y":0.02,"x":0.52,"z":0}}],[{"acceleration":{"y":-0.02,"x":0.27,"z":0},"position":{"y":4182889.76,"x":552740.53,"z":10.46},"volume":0.34,"type":"PEDESTRIAN","velocity":{"y":-0.31,"x":1.15,"z":0}},{"acceleration":{"y":0,"x":0,"z":0},"position":{"y":4182887.85,"x":552744.53,"z":10.51},"volume":0.07,"type":"PEDESTRIAN","velocity":{"y":0,"x":0,"z":0}},{"acceleration":{"y":-0.47,"x":0.51,"z":0},"position":{"y":4182891.17,"x":552736.2,"z":10.39},"volume":0.25,"type":"PEDESTRIAN","velocity":{"y":-0.41,"x":1.1,"z":0}}],[{"acceleration":{"y":-0.1,"x":0.22,"z":0},"position":{"y":4182889.54,"x":552741.18,"z":10.42},"volume":0.3,"type":"PEDESTRIAN","velocity":{"y":-0.35,"x":1.11,"z":0}},{"acceleration":{"y":-0.22,"x":0.13,"z":0},"position":{"y":4182890.93,"x":552736.92,"z":10.95},"volume":0.04,"type":"PEDESTRIAN","velocity":{"y":-0.61,"x":1.17,"z":0}}]],"action_description":"Pedestrian crossing the road (left to right)","ev_state":[-138.894760131836,10.1246433258057,403.564697265625,0,0,0,12,1,359.970642089844,305.421447753906,359.992340087891,3.2821101012076275],"collision_probability":0.471}
 timestamp= 1619810542000 [RUN] Validate G1 Guard Condition: 
The ego vehicle E Detection.Collision == True.
 timestamp= 1619810542000 [RES] Global Validate result: 
false
 timestamp= 1619810542000 [RUN] Validate G2 Guard Condition: 
The ego vehicle E Detection.OffRoad == True.
 timestamp= 1619810542000 [RES] Global Validate result: 
true
 timestamp= 1619810542000 [RUN] OffRoad == True
 timestamp= 1619810542000 [RUN] The simulator S INVOKES API Command.Simulation.Stop() to stop simulation.
 timestamp= 1619810542000 [WARNING] The test system Stop the Simulator S!
 timestamp= 1619810542000 [RUN] ABORT.
 timestamp= 1619810542000 [ERROR] The test system Abort!
 timestamp= 1619810542000 [RUN] Validate G3 Guard Condition: 
The ego vehicle E Detection.HardBrake == True.
 timestamp= 1619810542000 [RES] Global Validate result: 
false
 timestamp= 1619810542000 [RUN] Validate G4 Guard Condition: 
The ego vehicle E Detection.ArrivalTest == True.
 timestamp= 1619810542000 [RES] Global Validate result: 
false
 timestamp= 1619810542000 [RES] Basic PostCondition Validate result: 
false
 timestamp= 1619810542000 [STOP] numberOfStep: 43 basicFlow: 
[{"name":"","description":"","eClass":"Sentence","content":"The test system VALIDATES THAT the simulator S Status.GetEnvironment is nearly equal to {\"x\": -12.39, \"y\": 10.12, \"z\": 308.51, \"rain\": 0.0, \"fog\": 0.0, \"wetness\": 0.0, \"timeofday\": 12.0, \"signal\": -1.0, \"rx\": 359.93, \"ry\": 307.87, \"rz\": -0.0, \"speed\": 3.5}","natures":[]},{"name":"","description":"","eClass":"Sentence","content":"The environment controller C INVOKES API Control.Agents.Pedestrians.WalkRandomly(which_lane=Left_Lane).","natures":[]},{"name":"","description":"","eClass":"Sentence","content":"The test system VALIDATES THAT the Apollo A Status.GetControl is nearly equal to {\"acceleration\": 0.56, \"throttle\": 19.93, \"steering_target\": 0.12, \"brake\": 0.0, \"steering_rate\": 100.0, \"speed\": 4.93}","natures":[]},{"name":"","description":"","eClass":"Sentence","content":"The test system VALIDATES THAT the simulator S Status.GetEnvironment is nearly equal to {\"x\": -28.59, \"y\": 10.12, \"z\": 320.84, \"rain\": 0.0, \"fog\": 0.0, \"wetness\": 0.0, \"timeofday\": 12.0, \"signal\": 1.0, \"rx\": 0.03, \"ry\": 306.97, \"rz\": -0.0, \"speed\": 4.93}","natures":[]},{"name":"","description":"","eClass":"Sentence","content":"The environment controller C INVOKES API Control.Agents.Pedestrians.WalkRandomly(which_lane=Left_Lane).","natures":[]},{"name":"","description":"","eClass":"Sentence","content":"The test system VALIDATES THAT the Apollo A Status.GetControl is nearly equal to {\"acceleration\": 0.83, \"throttle\": 15.7, \"steering_target\": 0.02, \"brake\": 0.0, \"steering_rate\": 100.0, \"speed\": 7.16}","natures":[]},{"name":"","description":"","eClass":"Sentence","content":"The test system VALIDATES THAT the simulator S Status.GetEnvironment is nearly equal to {\"x\": -49.82, \"y\": 10.12, \"z\": 336.81, \"rain\": 0.0, \"fog\": 0.0, \"wetness\": 0.0, \"timeofday\": 12.0, \"signal\": 0.0, \"rx\": 359.98, \"ry\": 307.03, \"rz\": 0.01, \"speed\": 7.21}","natures":[]},{"name":"","description":"","eClass":"Sentence","content":"The environment controller C INVOKES API Control.Agents.Pedestrians.WalkRandomly(which_lane=Left_Lane).","natures":[]},{"name":"","description":"","eClass":"Sentence","content":"The test system VALIDATES THAT the Apollo A Status.GetControl is nearly equal to {\"acceleration\": 0.66, \"throttle\": 15.7, \"steering_target\": 0.09, \"brake\": 0.0, \"steering_rate\": 100.0, \"speed\": 7.47}","natures":[]},{"name":"","description":"","eClass":"Sentence","content":"The test system VALIDATES THAT the simulator S Status.GetEnvironment is nearly equal to {\"x\": -74.12, \"y\": 10.12, \"z\": 355.18, \"rain\": 0.0, \"fog\": 0.0, \"wetness\": 0.0, \"timeofday\": 12.0, \"signal\": -1.0, \"rx\": 359.98, \"ry\": 307.08, \"rz\": -0.0, \"speed\": 7.47}","natures":[]},{"name":"","description":"","eClass":"Sentence","content":"The environment controller C INVOKES API Control.Agents.Pedestrians.WalkRandomly(which_lane=Left_Lane).","natures":[]},{"name":"","description":"","eClass":"Sentence","content":"The test system VALIDATES THAT the Apollo A Status.GetControl is nearly equal to {\"acceleration\": -0.48, \"throttle\": 0.0, \"steering_target\": -0.0, \"brake\": 29.86, \"steering_rate\": 100.0, \"speed\": 7.59}","natures":[]},{"name":"","description":"","eClass":"Sentence","content":"The test system VALIDATES THAT the simulator S Status.GetEnvironment is nearly equal to {\"x\": -98.52, \"y\": 10.12, \"z\": 373.46, \"rain\": 0.0, \"fog\": 0.0, \"wetness\": 0.0, \"timeofday\": 12.0, \"signal\": 1.0, \"rx\": 0.05, \"ry\": 306.68, \"rz\": 0.0, \"speed\": 7.0}","natures":[]},{"name":"","description":"","eClass":"Sentence","content":"The environment controller C INVOKES API Control.Agents.Pedestrians.WalkRandomly(which_lane=Left_Lane).","natures":[]},{"name":"","description":"","eClass":"Sentence","content":"The test system VALIDATES THAT the Apollo A Status.GetControl is nearly equal to {\"acceleration\": -0.44, \"throttle\": 0.0, \"steering_target\": -0.18, \"brake\": 14.5, \"steering_rate\": 100.0, \"speed\": 4.47}","natures":[]},{"name":"","description":"","eClass":"Sentence","content":"The test system VALIDATES THAT the simulator S Status.GetEnvironment is nearly equal to {\"x\": -117.43, \"y\": 10.12, \"z\": 387.48, \"rain\": 0.0, \"fog\": 0.0, \"wetness\": 0.0, \"timeofday\": 12.0, \"signal\": 1.0, \"rx\": 0.03, \"ry\": 306.41, \"rz\": 0.0, \"speed\": 4.21}","natures":[]},{"name":"","description":"","eClass":"Sentence","content":"The environment controller C INVOKES API Control.Agents.Pedestrians.WalkRandomly(which_lane=Left_Lane).","natures":[]},{"name":"","description":"","eClass":"Sentence","content":"The test system VALIDATES THAT the Apollo A Status.GetControl is nearly equal to {\"acceleration\": -0.03, \"throttle\": 0.0, \"steering_target\": 4.28, \"brake\": 14.5, \"steering_rate\": 100.0, \"speed\": 0.87}","natures":[]},{"name":"","description":"","eClass":"Sentence","content":"The test system VALIDATES THAT the simulator S Status.GetEnvironment is nearly equal to {\"x\": -126.38, \"y\": 10.12, \"z\": 394.23, \"rain\": 0.0, \"fog\": 0.0, \"wetness\": 0.0, \"timeofday\": 12.0, \"signal\": 0.0, \"rx\": 0.13, \"ry\": 309.55, \"rz\": 359.98, \"speed\": 0.87}","natures":[]},{"name":"","description":"","eClass":"Sentence","content":"The environment controller C INVOKES API Control.Agents.Pedestrians.WalkRandomly(which_lane=Left_Lane).","natures":[]},{"name":"","description":"","eClass":"Sentence","content":"The test system VALIDATES THAT the Apollo A Status.GetControl is nearly equal to {\"acceleration\": -0.76, \"throttle\": 0.0, \"steering_target\": 1.84, \"brake\": 17.97, \"steering_rate\": 100.0, \"speed\": 2.21}","natures":[]},{"name":"","description":"","eClass":"Sentence","content":"The test system VALIDATES THAT the simulator S Status.GetEnvironment is nearly equal to {\"x\": -129.4, \"y\": 10.12, \"z\": 396.59, \"rain\": 0.0, \"fog\": 0.0, \"wetness\": 0.0, \"timeofday\": 12.0, \"signal\": -1.0, \"rx\": 359.97, \"ry\": 307.81, \"rz\": -0.0, \"speed\": 2.21}","natures":[]},{"name":"","description":"","eClass":"Sentence","content":"The environment controller C INVOKES API Control.Agents.Pedestrians.WalkRandomly(which_lane=Left_Lane).","natures":[]},{"name":"","description":"","eClass":"Sentence","content":"The test system VALIDATES THAT the Apollo A Status.GetControl is nearly equal to {\"acceleration\": -3.0, \"throttle\": 0.0, \"steering_target\": 1.82, \"brake\": 69.99, \"steering_rate\": 100.0, \"speed\": 0.0}","natures":[]},{"name":"","description":"","eClass":"Sentence","content":"The test system VALIDATES THAT the simulator S Status.GetEnvironment is nearly equal to {\"x\": -131.94, \"y\": 10.12, \"z\": 398.51, \"rain\": 0.0, \"fog\": 0.0, \"wetness\": 0.0, \"timeofday\": 12.0, \"signal\": -1.0, \"rx\": -0.0, \"ry\": 307.12, \"rz\": -0.0, \"speed\": 0.0}","natures":[]},{"name":"","description":"","eClass":"Sentence","content":"The environment controller C INVOKES API Control.Agents.Pedestrians.WalkRandomly(which_lane=Left_Lane).","natures":[]},{"name":"","description":"","eClass":"Sentence","content":"The test system VALIDATES THAT the Apollo A Status.GetControl is nearly equal to {\"acceleration\": -1.67, \"throttle\": 0.0, \"steering_target\": 0.85, \"brake\": 28.7, \"steering_rate\": 100.0, \"speed\": 1.21}","natures":[]},{"name":"","description":"","eClass":"Sentence","content":"The test system VALIDATES THAT the simulator S Status.GetEnvironment is nearly equal to {\"x\": -133.83, \"y\": 10.12, \"z\": 399.92, \"rain\": 0.0, \"fog\": 0.0, \"wetness\": 0.0, \"timeofday\": 12.0, \"signal\": -1.0, \"rx\": 0.12, \"ry\": 306.67, \"rz\": 0.0, \"speed\": 1.21}","natures":[]},{"name":"","description":"","eClass":"Sentence","content":"The environment controller C INVOKES API Control.Agents.Pedestrians.WalkRandomly(which_lane=Left_Lane).","natures":[]},{"name":"","description":"","eClass":"Sentence","content":"The test system VALIDATES THAT the Apollo A Status.GetControl is nearly equal to {\"acceleration\": -3.0, \"throttle\": 0.0, \"steering_target\": 1.92, \"brake\": 70.0, \"steering_rate\": 100.0, \"speed\": 0.0}","natures":[]},{"name":"","description":"","eClass":"Sentence","content":"The test system VALIDATES THAT the simulator S Status.GetEnvironment is nearly equal to {\"x\": -134.3, \"y\": 10.12, \"z\": 400.26, \"rain\": 0.0, \"fog\": 0.0, \"wetness\": 0.0, \"timeofday\": 12.0, \"signal\": -1.0, \"rx\": -0.0, \"ry\": 306.59, \"rz\": 0.0, \"speed\": 0.0}","natures":[]},{"name":"","description":"","eClass":"Sentence","content":"The environment controller C INVOKES API Control.Agents.Pedestrians.WalkRandomly(which_lane=Left_Lane).","natures":[]},{"name":"","description":"","eClass":"Sentence","content":"The test system VALIDATES THAT the Apollo A Status.GetControl is nearly equal to {\"acceleration\": -0.28, \"throttle\": 0.0, \"steering_target\": 1.79, \"brake\": 57.18, \"steering_rate\": 100.0, \"speed\": 0.0}","natures":[]},{"name":"","description":"","eClass":"Sentence","content":"The test system VALIDATES THAT the simulator S Status.GetEnvironment is nearly equal to {\"x\": -135.4, \"y\": 10.12, \"z\": 401.06, \"rain\": 0.0, \"fog\": 0.0, \"wetness\": 0.0, \"timeofday\": 12.0, \"signal\": -1.0, \"rx\": 0.0, \"ry\": 306.29, \"rz\": 0.0, \"speed\": 0.0}","natures":[]},{"name":"","description":"","eClass":"Sentence","content":"The environment controller C INVOKES API Control.Agents.Pedestrians.WalkRandomly(which_lane=Left_Lane).","natures":[]},{"name":"","description":"","eClass":"Sentence","content":"The test system VALIDATES THAT the Apollo A Status.GetControl is nearly equal to {\"acceleration\": -3.0, \"throttle\": 0.0, \"steering_target\": 1.78, \"brake\": 69.99, \"steering_rate\": 100.0, \"speed\": 0.0}","natures":[]},{"name":"","description":"","eClass":"Sentence","content":"The test system VALIDATES THAT the simulator S Status.GetEnvironment is nearly equal to {\"x\": -135.41, \"y\": 10.12, \"z\": 401.08, \"rain\": 0.0, \"fog\": 0.0, \"wetness\": 0.0, \"timeofday\": 12.0, \"signal\": -1.0, \"rx\": 0.0, \"ry\": 306.28, \"rz\": 0.0, \"speed\": 0.0}","natures":[]},{"name":"","description":"","eClass":"Sentence","content":"The environment controller C INVOKES API Control.Agents.Pedestrians.WalkRandomly(which_lane=Left_Lane).","natures":[]},{"name":"","description":"","eClass":"Sentence","content":"The test system VALIDATES THAT the Apollo A Status.GetControl is nearly equal to {\"acceleration\": -0.15, \"throttle\": 0.0, \"steering_target\": 1.78, \"brake\": 53.7, \"steering_rate\": 100.0, \"speed\": 0.0}","natures":[]},{"name":"","description":"","eClass":"Sentence","content":"The test system VALIDATES THAT the simulator S Status.GetEnvironment is nearly equal to {\"x\": -135.42, \"y\": 10.12, \"z\": 401.09, \"rain\": 0.0, \"fog\": 0.0, \"wetness\": 0.0, \"timeofday\": 12.0, \"signal\": 1.0, \"rx\": 0.01, \"ry\": 306.28, \"rz\": 0.0, \"speed\": 0.0}","natures":[]},{"name":"","description":"","eClass":"Sentence","content":"The environment controller C INVOKES API Control.Agents.Pedestrians.WalkRandomly(which_lane=Left_Lane).","natures":[]},{"name":"","description":"","eClass":"Sentence","content":"The test system VALIDATES THAT the Apollo A Status.GetControl is nearly equal to {\"acceleration\": 0.91, \"throttle\": 25.92, \"steering_target\": 0.89, \"brake\": 0.0, \"steering_rate\": 100.0, \"speed\": 3.28}","natures":[]},{"name":"","description":"","eClass":"Sentence","content":"","natures":[]}]
