 timestamp= 1619816941000 [START] Now Run TCS Maintain Lane On Road1 Mode: dynamic Roadnum: 3 Second: 4
 timestamp= 1619816941000 [SUCCESS] TCS Check Success 
 timestamp= 1619816944000 [RUN] Run BasicFlow
 timestamp= 1619816944000 [RUN] Generate steps
 timestamp= 1619816944000 [RUN] Validate step: 
The test system VALIDATES THAT the simulator S Status.GetEnvironment is nearly equal to {"x": -246.15, "y": 10.12, "z": 466.34, "rain": 0.0, "fog": 0.0, "wetness": 0.0, "timeofday": 12.0, "signal": 1.0, "rx": 359.96, "ry": 306.1, "rz": 359.98, "speed": 2.3}
 timestamp= 1619816944000 [RES] Validate result: 
true
 timestamp= 1619816944000 [RUN] Execute API step: 
The environment controller C INVOKES API Control.Agents.Pedestrians.WalkRandomly(which_lane=Current_Lane).
 timestamp= 1619816947000 [RES] API result: 
{"pose_arr":[{"vx":1.32,"ay":-0.43,"az":9.83,"ax":-0.24,"pz":10.12,"vy":1.32,"px":552628.92,"py":4182951.57},{"vx":1.32,"ay":-0.28,"az":9.78,"ax":-0.1,"pz":10.13,"vy":1.32,"px":552627.92,"py":4182952.29},{"vx":1.65,"ay":2.59,"az":9.79,"ax":1.68,"pz":10.12,"vy":1.65,"px":552626.29,"py":4182953.42},{"vx":1.38,"ay":-0.3,"az":9.81,"ax":-0.53,"pz":10.13,"vy":1.38,"px":552624.33,"py":4182954.67},{"vx":0.91,"ay":0.61,"az":9.8,"ax":0.15,"pz":10.12,"vy":0.91,"px":552622.32,"py":4182955.76},{"vx":0.63,"ay":2.2,"az":9.77,"ax":0.46,"pz":10.12,"vy":0.63,"px":552620.93,"py":4182956.31}],"traffic_light":[3,1,3,1,0,0],"state_arr":[{"acceleration":0,"throttle":0,"steering_target":5.01,"brake":14.5,"steering_rate":100,"speed":2.31},{"acceleration":0.12,"throttle":15.7,"steering_target":4.83,"brake":0,"steering_rate":100,"speed":2.35},{"acceleration":-0.25,"throttle":0,"steering_target":7.01,"brake":14.5,"steering_rate":100,"speed":2.7},{"acceleration":-0.45,"throttle":0,"steering_target":14.06,"brake":14.5,"steering_rate":100,"speed":2.87},{"acceleration":0.04,"throttle":42.05,"steering_target":28.27,"brake":0,"steering_rate":100,"speed":2.56},{"acceleration":-0.11,"throttle":0,"steering_target":38.13,"brake":14.5,"steering_rate":100,"speed":2.81},{"acceleration":-0.23,"throttle":0,"steering_target":47.34,"brake":14.5,"steering_rate":100,"speed":2.89}],"obstacle_arr":[[],[],[],[],[],[]],"action_description":"Pedestrian walking on the front lane","ev_state":[-255.966552734375,10.1247253417969,470.897186279297,0,0,0,12,1,0.0348562076687813,279.170288085938,359.763854980469,2.8424290507236383],"collision_probability":0}
 timestamp= 1619816947000 [RUN] Validate G1 Guard Condition: 
The ego vehicle E Detection.Collision == True.
 timestamp= 1619816947000 [RES] Global Validate result: 
false
 timestamp= 1619816947000 [RUN] Validate G2 Guard Condition: 
The ego vehicle E Detection.OffRoad == True.
 timestamp= 1619816947000 [RES] Global Validate result: 
false
 timestamp= 1619816947000 [RUN] Validate G3 Guard Condition: 
The ego vehicle E Detection.HardBrake == True.
 timestamp= 1619816947000 [RES] Global Validate result: 
false
 timestamp= 1619816947000 [RUN] Validate G4 Guard Condition: 
The ego vehicle E Detection.ArrivalTest == True.
 timestamp= 1619816947000 [RES] Global Validate result: 
false
 timestamp= 1619816947000 [RUN] Validate step: 
The test system VALIDATES THAT the Apollo A Status.GetControl is nearly equal to {"acceleration": -0.23, "throttle": 0.0, "steering_target": 47.34, "brake": 14.5, "steering_rate": 100.0, "speed": 2.89}
 timestamp= 1619816947000 [RES] Validate result: 
true
 timestamp= 1619816947000 [RUN] Generate steps
 timestamp= 1619816947000 [RUN] Validate step: 
The test system VALIDATES THAT the simulator S Status.GetEnvironment is nearly equal to {"x": -255.97, "y": 10.12, "z": 470.9, "rain": 0.0, "fog": 0.0, "wetness": 0.0, "timeofday": 12.0, "signal": 1.0, "rx": 0.03, "ry": 279.17, "rz": 359.76, "speed": 2.84}
 timestamp= 1619816947000 [RES] Validate result: 
true
 timestamp= 1619816947000 [RUN] Execute API step: 
The environment controller C INVOKES API Control.Agents.Pedestrians.WalkRandomly(which_lane=Current_Lane).
 timestamp= 1619816950000 [RES] API result: 
{"pose_arr":[{"vx":0.07,"ay":0,"az":9.81,"ax":0,"pz":10.13,"vy":0.07,"px":552619.35,"py":4182956.7},{"vx":-0.8,"ay":-0.57,"az":9.81,"ax":0.15,"pz":10.13,"vy":-0.8,"px":552617.06,"py":4182956.77},{"vx":-1.66,"ay":1.25,"az":9.81,"ax":0.96,"pz":10.12,"vy":-1.66,"px":552615.22,"py":4182956.3},{"vx":-1.93,"ay":2.85,"az":9.76,"ax":-2.11,"pz":10.12,"vy":-1.93,"px":552613.42,"py":4182955.31},{"vx":-2.85,"ay":0.15,"az":9.81,"ax":-0.21,"pz":10.12,"vy":-2.85,"px":552610.98,"py":4182953.45},{"vx":-3.63,"ay":0.58,"az":9.82,"ax":-0.48,"pz":10.12,"vy":-3.63,"px":552608.78,"py":4182951.34}],"traffic_light":[0,0,0,0,0],"state_arr":[{"acceleration":-0.39,"throttle":0,"steering_target":53.49,"brake":14.5,"steering_rate":100,"speed":3.03},{"acceleration":0.47,"throttle":18.36,"steering_target":62.6,"brake":0,"steering_rate":100,"speed":2.82},{"acceleration":0.43,"throttle":17.64,"steering_target":31.92,"brake":0,"steering_rate":100,"speed":2.84},{"acceleration":0.12,"throttle":15.7,"steering_target":17.65,"brake":0,"steering_rate":100,"speed":3.99},{"acceleration":0.94,"throttle":27.29,"steering_target":15.22,"brake":0,"steering_rate":100,"speed":4.13},{"acceleration":0.83,"throttle":24.58,"steering_target":6.44,"brake":0,"steering_rate":100,"speed":4.9}],"obstacle_arr":[[],[],[{"acceleration":{"y":0,"x":-0.01,"z":0},"position":{"y":4183017.89,"x":552632.81,"z":11.08},"volume":1.88,"type":"VEHICLE","velocity":{"y":0,"x":0,"z":0}}],[],[],[]],"action_description":"Pedestrian walking on the front lane","ev_state":[-267.248107910156,10.1244382858276,463.069122314453,0,0,0,12,0,359.956970214844,221.613372802734,359.900421142578,5.0891024130287565],"collision_probability":0}
 timestamp= 1619816950000 [RUN] Validate G1 Guard Condition: 
The ego vehicle E Detection.Collision == True.
 timestamp= 1619816950000 [RES] Global Validate result: 
false
 timestamp= 1619816950000 [RUN] Validate G2 Guard Condition: 
The ego vehicle E Detection.OffRoad == True.
 timestamp= 1619816950000 [RES] Global Validate result: 
false
 timestamp= 1619816950000 [RUN] Validate G3 Guard Condition: 
The ego vehicle E Detection.HardBrake == True.
 timestamp= 1619816950000 [RES] Global Validate result: 
false
 timestamp= 1619816950000 [RUN] Validate G4 Guard Condition: 
The ego vehicle E Detection.ArrivalTest == True.
 timestamp= 1619816950000 [RES] Global Validate result: 
false
 timestamp= 1619816950000 [RUN] Validate step: 
The test system VALIDATES THAT the Apollo A Status.GetControl is nearly equal to {"acceleration": 0.83, "throttle": 24.58, "steering_target": 6.44, "brake": 0.0, "steering_rate": 100.0, "speed": 4.9}
 timestamp= 1619816950000 [RES] Validate result: 
true
 timestamp= 1619816950000 [RUN] Generate steps
 timestamp= 1619816950000 [RUN] Validate step: 
The test system VALIDATES THAT the simulator S Status.GetEnvironment is nearly equal to {"x": -267.25, "y": 10.12, "z": 463.07, "rain": 0.0, "fog": 0.0, "wetness": 0.0, "timeofday": 12.0, "signal": 0.0, "rx": 359.96, "ry": 221.61, "rz": 359.9, "speed": 5.09}
 timestamp= 1619816950000 [RES] Validate result: 
true
 timestamp= 1619816950000 [RUN] Execute API step: 
The environment controller C INVOKES API Control.Agents.Pedestrians.WalkRandomly(which_lane=Current_Lane).
 timestamp= 1619816953000 [RES] API result: 
{"pose_arr":[{"vx":-4.03,"ay":0.45,"az":9.81,"ax":-0.59,"pz":10.12,"vy":-4.03,"px":552607.04,"py":4182949.42},{"vx":-4.82,"ay":0.18,"az":9.85,"ax":-0.18,"pz":10.12,"vy":-4.82,"px":552604.59,"py":4182946.39},{"vx":-5.01,"ay":0.11,"az":9.81,"ax":-0.42,"pz":10.12,"vy":-5.01,"px":552602.47,"py":4182943.6},{"vx":-5.51,"ay":0.15,"az":9.81,"ax":-0.19,"pz":10.12,"vy":-5.51,"px":552598.98,"py":4182938.78},{"vx":-5.65,"ay":0.12,"az":9.81,"ax":-0.22,"pz":10.12,"vy":-5.65,"px":552596.72,"py":4182935.58},{"vx":-5.88,"ay":0.17,"az":9.81,"ax":-0.24,"pz":10.12,"vy":-5.88,"px":552592.74,"py":4182929.78}],"traffic_light":[2,2,2,3,3,3],"state_arr":[{"acceleration":0.91,"throttle":16.1,"steering_target":8.72,"brake":0,"steering_rate":100,"speed":5.16},{"acceleration":0.85,"throttle":24.42,"steering_target":0.94,"brake":0,"steering_rate":100,"speed":6.04},{"acceleration":0.76,"throttle":22.55,"steering_target":2.75,"brake":0,"steering_rate":100,"speed":6.27},{"acceleration":0.83,"throttle":23.75,"steering_target":0.56,"brake":0,"steering_rate":100,"speed":6.58},{"acceleration":0.56,"throttle":15.7,"steering_target":1.27,"brake":0,"steering_rate":100,"speed":6.86},{"acceleration":0.71,"throttle":15.7,"steering_target":0.2,"brake":0,"steering_rate":100,"speed":7.01}],"obstacle_arr":[[],[],[],[],[],[]],"action_description":"Pedestrian walking on the front lane","ev_state":[-282.245849609375,10.1240749359131,442.296203613281,0,0,0,12,-1,359.983642578125,214.337387084961,0.00563297094777226,7.1392451557229215],"collision_probability":0}
 timestamp= 1619816953000 [RUN] Validate G1 Guard Condition: 
The ego vehicle E Detection.Collision == True.
 timestamp= 1619816953000 [RES] Global Validate result: 
false
 timestamp= 1619816953000 [RUN] Validate G2 Guard Condition: 
The ego vehicle E Detection.OffRoad == True.
 timestamp= 1619816953000 [RES] Global Validate result: 
false
 timestamp= 1619816953000 [RUN] Validate G3 Guard Condition: 
The ego vehicle E Detection.HardBrake == True.
 timestamp= 1619816953000 [RES] Global Validate result: 
false
 timestamp= 1619816953000 [RUN] Validate G4 Guard Condition: 
The ego vehicle E Detection.ArrivalTest == True.
 timestamp= 1619816953000 [RES] Global Validate result: 
false
 timestamp= 1619816953000 [RUN] Validate step: 
The test system VALIDATES THAT the Apollo A Status.GetControl is nearly equal to {"acceleration": 0.71, "throttle": 15.7, "steering_target": 0.2, "brake": 0.0, "steering_rate": 100.0, "speed": 7.01}
 timestamp= 1619816953000 [RES] Validate result: 
true
 timestamp= 1619816953000 [RUN] Generate steps
 timestamp= 1619816953000 [RUN] Validate step: 
The test system VALIDATES THAT the simulator S Status.GetEnvironment is nearly equal to {"x": -282.25, "y": 10.12, "z": 442.3, "rain": 0.0, "fog": 0.0, "wetness": 0.0, "timeofday": 12.0, "signal": -1.0, "rx": 359.98, "ry": 214.34, "rz": 0.01, "speed": 7.14}
 timestamp= 1619816953000 [RES] Validate result: 
true
 timestamp= 1619816953000 [RUN] Execute API step: 
The environment controller C INVOKES API Control.Agents.Pedestrians.WalkRandomly(which_lane=Current_Lane).
 timestamp= 1619816957000 [RES] API result: 
{"pose_arr":[{"vx":-6.01,"ay":0.43,"az":9.8,"ax":-0.63,"pz":10.12,"vy":-6.01,"px":552591.1,"py":4182927.38},{"vx":-6.13,"ay":-0.29,"az":9.83,"ax":0.53,"pz":10.12,"vy":-6.13,"px":552588.42,"py":4182923.49},{"vx":-5.82,"ay":0.14,"az":9.8,"ax":-0.19,"pz":10.12,"vy":-5.82,"px":552585.33,"py":4182919.03},{"vx":-5.94,"ay":0.19,"az":9.8,"ax":-0.27,"pz":10.12,"vy":-5.94,"px":552582.54,"py":4182915.06},{"vx":-6.06,"ay":0,"az":9.81,"ax":0,"pz":10.12,"vy":-6.06,"px":552580.03,"py":4182911.52},{"vx":-6.18,"ay":0.14,"az":9.81,"ax":-0.19,"pz":10.12,"vy":-6.18,"px":552576.89,"py":4182907.09}],"traffic_light":[1,3,1,3,3],"state_arr":[{"acceleration":0.76,"throttle":15.7,"steering_target":-0.33,"brake":0,"steering_rate":100,"speed":7.14},{"acceleration":0.76,"throttle":15.7,"steering_target":0.05,"brake":0,"steering_rate":100,"speed":7.41},{"acceleration":-0.49,"throttle":0,"steering_target":-1.54,"brake":14.5,"steering_rate":100,"speed":7.31},{"acceleration":0.64,"throttle":15.7,"steering_target":-0.28,"brake":0,"steering_rate":100,"speed":7.14},{"acceleration":0.51,"throttle":17.79,"steering_target":-0.22,"brake":0,"steering_rate":100,"speed":7.3},{"acceleration":0.78,"throttle":15.7,"steering_target":-0.42,"brake":0,"steering_rate":100,"speed":7.42},{"acceleration":0.66,"throttle":15.7,"steering_target":0.38,"brake":0,"steering_rate":100,"speed":7.59}],"obstacle_arr":[[],[],[],[],[],[]],"action_description":"Pedestrian walking on the front lane","ev_state":[-299.091156005859,10.1239519119263,418.256988525391,0,0,0,12,-1,359.984710693359,215.312561035156,359.989624023438,7.64893274776257],"collision_probability":0}
 timestamp= 1619816957000 [RUN] Validate G1 Guard Condition: 
The ego vehicle E Detection.Collision == True.
 timestamp= 1619816957000 [RES] Global Validate result: 
false
 timestamp= 1619816957000 [RUN] Validate G2 Guard Condition: 
The ego vehicle E Detection.OffRoad == True.
 timestamp= 1619816957000 [RES] Global Validate result: 
false
 timestamp= 1619816957000 [RUN] Validate G3 Guard Condition: 
The ego vehicle E Detection.HardBrake == True.
 timestamp= 1619816957000 [RES] Global Validate result: 
false
 timestamp= 1619816957000 [RUN] Validate G4 Guard Condition: 
The ego vehicle E Detection.ArrivalTest == True.
 timestamp= 1619816957000 [RES] Global Validate result: 
false
 timestamp= 1619816957000 [RUN] Validate step: 
The test system VALIDATES THAT the Apollo A Status.GetControl is nearly equal to {"acceleration": 0.66, "throttle": 15.7, "steering_target": 0.38, "brake": 0.0, "steering_rate": 100.0, "speed": 7.59}
 timestamp= 1619816957000 [RES] Validate result: 
true
 timestamp= 1619816957000 [RUN] Generate steps
 timestamp= 1619816957000 [RUN] Validate step: 
The test system VALIDATES THAT the simulator S Status.GetEnvironment is nearly equal to {"x": -299.09, "y": 10.12, "z": 418.26, "rain": 0.0, "fog": 0.0, "wetness": 0.0, "timeofday": 12.0, "signal": -1.0, "rx": 359.98, "ry": 215.31, "rz": 359.99, "speed": 7.65}
 timestamp= 1619816957000 [RES] Validate result: 
true
 timestamp= 1619816957000 [RUN] Execute API step: 
The environment controller C INVOKES API Control.Agents.Pedestrians.WalkRandomly(which_lane=Current_Lane).
 timestamp= 1619816960000 [RES] API result: 
{"pose_arr":[{"vx":-6.28,"ay":0.13,"az":9.81,"ax":-0.19,"pz":10.12,"vy":-6.28,"px":552574.83,"py":4182904.19},{"vx":-6.43,"ay":0.13,"az":9.81,"ax":-0.19,"pz":10.12,"vy":-6.43,"px":552571.6,"py":4182899.63},{"vx":-6.56,"ay":0.24,"az":9.81,"ax":-0.31,"pz":10.12,"vy":-6.56,"px":552569.18,"py":4182896.23},{"vx":-6.17,"ay":-0.6,"az":9.81,"ax":0.85,"pz":10.13,"vy":-6.17,"px":552565.63,"py":4182891.23},{"vx":-1.57,"ay":0.22,"az":9.72,"ax":-0.31,"pz":10.12,"vy":-1.57,"px":552564.04,"py":4182889.11},{"vx":-2.43,"ay":2.64,"az":9.6,"ax":-4.06,"pz":10.12,"vy":-2.43,"px":552563.44,"py":4182888.28}],"traffic_light":[3,3,1,1,1,1],"state_arr":[{"acceleration":0.73,"throttle":15.7,"steering_target":-0.23,"brake":0,"steering_rate":100,"speed":7.68},{"acceleration":0.64,"throttle":15.7,"steering_target":0.05,"brake":0,"steering_rate":100,"speed":7.85},{"acceleration":0.32,"throttle":15.7,"steering_target":-0.1,"brake":0,"steering_rate":100,"speed":8.07},{"acceleration":-0.75,"throttle":0,"steering_target":1.05,"brake":22.58,"steering_rate":100,"speed":7.74},{"acceleration":0.69,"throttle":44.95,"steering_target":0.1,"brake":0,"steering_rate":100,"speed":3.03},{"acceleration":2.16,"throttle":94.33,"steering_target":2.22,"brake":0,"steering_rate":100,"speed":2.24},{"acceleration":0.23,"throttle":15.7,"steering_target":-2.15,"brake":0,"steering_rate":100,"speed":4.56}],"obstacle_arr":[[],[{"acceleration":{"y":0,"x":0,"z":0},"position":{"y":4182912.83,"x":552574.03,"z":10.47},"volume":0.05,"type":"PEDESTRIAN","velocity":{"y":0,"x":0,"z":0}}],[],[],[{"acceleration":{"y":-0.87,"x":-0.46,"z":0},"position":{"y":4182887.1,"x":552563.59,"z":10.89},"volume":0.14,"type":"PEDESTRIAN","velocity":{"y":-1.11,"x":-0.6,"z":0}}],[],[]],"action_description":"Pedestrian walking on the front lane","ev_state":[-312.680023193359,10.1246194839478,399.228057861328,0,0,0,12,-1,359.789855957031,214.371337890625,359.969116210938,5.00310822919176],"collision_probability":1}
 timestamp= 1619816960000 [RUN] Validate G1 Guard Condition: 
The ego vehicle E Detection.Collision == True.
 timestamp= 1619816960000 [RES] Global Validate result: 
true
 timestamp= 1619816960000 [RUN] Collision == True
 timestamp= 1619816960000 [RUN] Validate G2 Guard Condition: 
The ego vehicle E Detection.OffRoad == True.
 timestamp= 1619816960000 [RES] Global Validate result: 
false
 timestamp= 1619816960000 [RUN] Validate G3 Guard Condition: 
The ego vehicle E Detection.HardBrake == True.
 timestamp= 1619816960000 [RES] Global Validate result: 
true
 timestamp= 1619816960000 [RUN] HardBrake == True
 timestamp= 1619816960000 [RUN] RESUME STEP @preStep
 timestamp= 1619816960000 [RUN] Resume step basicflow13
 timestamp= 1619816960000 [RUN] Validate G4 Guard Condition: 
The ego vehicle E Detection.ArrivalTest == True.
 timestamp= 1619816960000 [RES] Global Validate result: 
false
 timestamp= 1619816960000 [RUN] Validate step: 
The test system VALIDATES THAT the Apollo A Status.GetControl is nearly equal to {"acceleration": 0.23, "throttle": 15.7, "steering_target": -2.15, "brake": 0.0, "steering_rate": 100.0, "speed": 4.56}
 timestamp= 1619816960000 [RES] Validate result: 
true
 timestamp= 1619816960000 [RUN] Generate steps
 timestamp= 1619816960000 [RUN] Validate step: 
The test system VALIDATES THAT the simulator S Status.GetEnvironment is nearly equal to {"x": -312.68, "y": 10.12, "z": 399.23, "rain": 0.0, "fog": 0.0, "wetness": 0.0, "timeofday": 12.0, "signal": -1.0, "rx": 359.79, "ry": 214.37, "rz": 359.97, "speed": 5.0}
 timestamp= 1619816960000 [RES] Validate result: 
true
 timestamp= 1619816960000 [RUN] Execute API step: 
The environment controller C INVOKES API Control.Agents.Pedestrians.WalkRandomly(which_lane=Current_Lane).
 timestamp= 1619816964000 [RES] API result: 
{"pose_arr":[{"vx":-4.13,"ay":0.64,"az":9.83,"ax":-0.42,"pz":10.12,"vy":-4.13,"px":552562.09,"py":4182886.4},{"vx":-4.18,"ay":0,"az":9.81,"ax":0,"pz":10.12,"vy":-4.18,"px":552560.61,"py":4182884.28},{"vx":-4.67,"ay":2.28,"az":9.79,"ax":-3.2,"pz":10.12,"vy":-4.67,"px":552557.21,"py":4182879.64},{"vx":-4.53,"ay":-0.06,"az":9.83,"ax":0.09,"pz":10.12,"vy":-4.53,"px":552552.1,"py":4182872.76}],"traffic_light":[1,0,0,0],"state_arr":[{"acceleration":1.26,"throttle":28.76,"steering_target":-4.83,"brake":0,"steering_rate":100,"speed":5.19},{"acceleration":2.1,"throttle":61.63,"steering_target":0.11,"brake":0,"steering_rate":100,"speed":5.19},{"acceleration":2.16,"throttle":58.49,"steering_target":6.42,"brake":0,"steering_rate":100,"speed":5.19},{"acceleration":3.3,"throttle":73.41,"steering_target":6.28,"brake":0,"steering_rate":100,"speed":5.19},{"acceleration":2.89,"throttle":56.09,"steering_target":7.17,"brake":0,"steering_rate":100,"speed":5.19},{"acceleration":2.83,"throttle":53.53,"steering_target":9.62,"brake":0,"steering_rate":100,"speed":5.19}],"obstacle_arr":[[],[],[]],"action_description":"Pedestrian walking on the front lane","ev_state":[-326.023559570313,10.1243534088135,381.1669921875,0,0,0,12,-1,0.00608682166785002,216.607147216797,0.000210378260817379,5.5392649233837465],"collision_probability":0.154}
 timestamp= 1619816964000 [RUN] Validate G1 Guard Condition: 
The ego vehicle E Detection.Collision == True.
 timestamp= 1619816964000 [RES] Global Validate result: 
false
 timestamp= 1619816964000 [RUN] Validate G2 Guard Condition: 
The ego vehicle E Detection.OffRoad == True.
 timestamp= 1619816964000 [RES] Global Validate result: 
false
 timestamp= 1619816964000 [RUN] Validate G3 Guard Condition: 
The ego vehicle E Detection.HardBrake == True.
 timestamp= 1619816964000 [RES] Global Validate result: 
false
 timestamp= 1619816964000 [RUN] Validate G4 Guard Condition: 
The ego vehicle E Detection.ArrivalTest == True.
 timestamp= 1619816964000 [RES] Global Validate result: 
false
 timestamp= 1619816964000 [RUN] Validate step: 
The test system VALIDATES THAT the Apollo A Status.GetControl is nearly equal to {"acceleration": 2.83, "throttle": 53.53, "steering_target": 9.62, "brake": 0.0, "steering_rate": 100.0, "speed": 5.19}
 timestamp= 1619816964000 [RES] Validate result: 
true
 timestamp= 1619816964000 [RUN] Generate steps
 timestamp= 1619816964000 [RUN] Validate step: 
The test system VALIDATES THAT the simulator S Status.GetEnvironment is nearly equal to {"x": -326.02, "y": 10.12, "z": 381.17, "rain": 0.0, "fog": 0.0, "wetness": 0.0, "timeofday": 12.0, "signal": -1.0, "rx": 0.01, "ry": 216.61, "rz": 0.0, "speed": 5.54}
 timestamp= 1619816964000 [RES] Validate result: 
true
 timestamp= 1619816964000 [RUN] Execute API step: 
The environment controller C INVOKES API Control.Agents.Pedestrians.WalkRandomly(which_lane=Current_Lane).
 timestamp= 1619816967000 [RES] API result: 
{"pose_arr":[{"vx":-4.45,"ay":-0.07,"az":9.82,"ax":0.09,"pz":10.12,"vy":-4.45,"px":552548.76,"py":4182868.27},{"vx":-0.23,"ay":-6.2,"az":10.23,"ax":6.43,"pz":10.12,"vy":-0.23,"px":552547.12,"py":4182866.12},{"vx":-0.18,"ay":0,"az":9.79,"ax":0.03,"pz":10.12,"vy":-0.18,"px":552546.92,"py":4182865.84}],"traffic_light":[0,0,0,0],"state_arr":[{"acceleration":2.75,"throttle":50.14,"steering_target":10.71,"brake":0,"steering_rate":100,"speed":5.19},{"acceleration":1.68,"throttle":90.83,"steering_target":7.3,"brake":0,"steering_rate":100,"speed":1.71},{"acceleration":1.61,"throttle":65.56,"steering_target":0.92,"brake":0,"steering_rate":100,"speed":0.27},{"acceleration":1.55,"throttle":64.45,"steering_target":0.93,"brake":0,"steering_rate":100,"speed":0.27},{"acceleration":1.5,"throttle":64.43,"steering_target":1.91,"brake":0,"steering_rate":100,"speed":0.27},{"acceleration":1.45,"throttle":64.42,"steering_target":2.11,"brake":0,"steering_rate":100,"speed":0.27},{"acceleration":1.42,"throttle":64.41,"steering_target":2.11,"brake":0,"steering_rate":100,"speed":0.27}],"obstacle_arr":[],"action_description":"Pedestrian walking on the front lane","ev_state":[-328.019958496094,10.1256771087646,378.640899658203,0,0,0,12,-1,359.956481933594,219.166061401367,359.685760498047,0.0040874965013765596],"collision_probability":1}
 timestamp= 1619816967000 [RUN] Validate G1 Guard Condition: 
The ego vehicle E Detection.Collision == True.
 timestamp= 1619816967000 [RES] Global Validate result: 
true
 timestamp= 1619816967000 [RUN] Collision == True
 timestamp= 1619816967000 [RUN] Validate G2 Guard Condition: 
The ego vehicle E Detection.OffRoad == True.
 timestamp= 1619816967000 [RES] Global Validate result: 
false
 timestamp= 1619816967000 [RUN] Validate G3 Guard Condition: 
The ego vehicle E Detection.HardBrake == True.
 timestamp= 1619816967000 [RES] Global Validate result: 
false
 timestamp= 1619816967000 [RUN] Validate G4 Guard Condition: 
The ego vehicle E Detection.ArrivalTest == True.
 timestamp= 1619816967000 [RES] Global Validate result: 
false
 timestamp= 1619816967000 [RUN] Validate step: 
The test system VALIDATES THAT the Apollo A Status.GetControl is nearly equal to {"acceleration": 1.42, "throttle": 64.41, "steering_target": 2.11, "brake": 0.0, "steering_rate": 100.0, "speed": 0.27}
 timestamp= 1619816967000 [RES] Validate result: 
true
 timestamp= 1619816967000 [RUN] Generate steps
 timestamp= 1619816967000 [RUN] Validate step: 
The test system VALIDATES THAT the simulator S Status.GetEnvironment is nearly equal to {"x": -328.02, "y": 10.13, "z": 378.64, "rain": 0.0, "fog": 0.0, "wetness": 0.0, "timeofday": 12.0, "signal": -1.0, "rx": 359.96, "ry": 219.17, "rz": 359.69, "speed": 0.0}
 timestamp= 1619816967000 [RES] Validate result: 
true
 timestamp= 1619816967000 [RUN] Execute API step: 
The environment controller C INVOKES API Control.Agents.Pedestrians.WalkRandomly(which_lane=Current_Lane).
 timestamp= 1619816970000 [RES] API result: 
{"pose_arr":[{"vx":0,"ay":-0.16,"az":9.78,"ax":0.21,"pz":10.12,"vy":0,"px":552546.82,"py":4182865.71},{"vx":0,"ay":0,"az":9.84,"ax":0.01,"pz":10.13,"vy":0,"px":552546.82,"py":4182865.71},{"vx":0,"ay":0.01,"az":9.81,"ax":0.01,"pz":10.13,"vy":0,"px":552546.82,"py":4182865.7},{"vx":0,"ay":0,"az":9.81,"ax":0,"pz":10.13,"vy":0,"px":552546.82,"py":4182865.7}],"traffic_light":[0,0,0],"state_arr":[{"acceleration":1.38,"throttle":64.4,"steering_target":2.12,"brake":0,"steering_rate":100,"speed":0.27},{"acceleration":1.46,"throttle":64.42,"steering_target":0.02,"brake":0,"steering_rate":100,"speed":0.27},{"acceleration":2.7,"throttle":93.33,"steering_target":0.04,"brake":0,"steering_rate":100,"speed":0.27},{"acceleration":3.26,"throttle":98.12,"steering_target":0.06,"brake":0,"steering_rate":100,"speed":0.27},{"acceleration":3.3,"throttle":98.43,"steering_target":0.06,"brake":0,"steering_rate":100,"speed":0.27},{"acceleration":3.13,"throttle":96.94,"steering_target":0.07,"brake":0,"steering_rate":100,"speed":0.27}],"obstacle_arr":[[],[],[]],"action_description":"Pedestrian walking on the front lane","ev_state":[-328.019866943359,10.1263580322266,378.640808105469,0,0,0,12,1,359.955139160156,219.268005371094,359.665985107422,0.0007586404526191842],"collision_probability":0.547}
 timestamp= 1619816970000 [RUN] Validate G1 Guard Condition: 
The ego vehicle E Detection.Collision == True.
 timestamp= 1619816970000 [RES] Global Validate result: 
false
 timestamp= 1619816970000 [RUN] Validate G2 Guard Condition: 
The ego vehicle E Detection.OffRoad == True.
 timestamp= 1619816970000 [RES] Global Validate result: 
false
 timestamp= 1619816970000 [RUN] Validate G3 Guard Condition: 
The ego vehicle E Detection.HardBrake == True.
 timestamp= 1619816970000 [RES] Global Validate result: 
false
 timestamp= 1619816970000 [RUN] Validate G4 Guard Condition: 
The ego vehicle E Detection.ArrivalTest == True.
 timestamp= 1619816970000 [RES] Global Validate result: 
false
 timestamp= 1619816970000 [RUN] Validate step: 
The test system VALIDATES THAT the Apollo A Status.GetControl is nearly equal to {"acceleration": 3.13, "throttle": 96.94, "steering_target": 0.07, "brake": 0.0, "steering_rate": 100.0, "speed": 0.27}
 timestamp= 1619816970000 [RES] Validate result: 
true
 timestamp= 1619816970000 [RUN] Generate steps
 timestamp= 1619816970000 [RUN] Validate step: 
The test system VALIDATES THAT the simulator S Status.GetEnvironment is nearly equal to {"x": -328.02, "y": 10.13, "z": 378.64, "rain": 0.0, "fog": 0.0, "wetness": 0.0, "timeofday": 12.0, "signal": 1.0, "rx": 359.96, "ry": 219.27, "rz": 359.67, "speed": 0.0}
 timestamp= 1619816970000 [RES] Validate result: 
true
 timestamp= 1619816970000 [RUN] Execute API step: 
The environment controller C INVOKES API Control.Agents.Pedestrians.WalkRandomly(which_lane=Current_Lane).
 timestamp= 1619816974000 [RES] API result: 
{"pose_arr":[{"vx":0,"ay":-0.01,"az":9.81,"ax":-0.01,"pz":10.13,"vy":0,"px":552546.82,"py":4182865.7},{"vx":0,"ay":0,"az":9.81,"ax":0,"pz":10.13,"vy":0,"px":552546.82,"py":4182865.7},{"vx":0,"ay":0,"az":9.81,"ax":0,"pz":10.13,"vy":0,"px":552546.82,"py":4182865.7}],"traffic_light":[0,0,0],"state_arr":[{"acceleration":2.15,"throttle":85.61,"steering_target":-0.74,"brake":0,"steering_rate":100,"speed":0.27},{"acceleration":3.02,"throttle":96.04,"steering_target":-0.74,"brake":0,"steering_rate":100,"speed":0.27},{"acceleration":3.3,"throttle":98.43,"steering_target":-0.72,"brake":0,"steering_rate":100,"speed":0.27},{"acceleration":3.3,"throttle":98.43,"steering_target":-0.72,"brake":0,"steering_rate":100,"speed":0.27},{"acceleration":2.96,"throttle":95.49,"steering_target":-0.72,"brake":0,"steering_rate":100,"speed":0.27},{"acceleration":2.64,"throttle":97.08,"steering_target":-0.71,"brake":0,"steering_rate":100,"speed":0},{"acceleration":2.35,"throttle":94.1,"steering_target":-0.71,"brake":0,"steering_rate":100,"speed":0}],"obstacle_arr":[],"action_description":"Pedestrian walking on the front lane","ev_state":[-328.020599365234,10.1257934570313,378.641418457031,0,0,0,12,1,359.970062255859,219.334182739258,359.685516357422,0.005815889654403713],"collision_probability":0.546}
 timestamp= 1619816974000 [RUN] Validate G1 Guard Condition: 
The ego vehicle E Detection.Collision == True.
 timestamp= 1619816974000 [RES] Global Validate result: 
false
 timestamp= 1619816974000 [RUN] Validate G2 Guard Condition: 
The ego vehicle E Detection.OffRoad == True.
 timestamp= 1619816974000 [RES] Global Validate result: 
false
 timestamp= 1619816974000 [RUN] Validate G3 Guard Condition: 
The ego vehicle E Detection.HardBrake == True.
 timestamp= 1619816974000 [RES] Global Validate result: 
false
 timestamp= 1619816974000 [RUN] Validate G4 Guard Condition: 
The ego vehicle E Detection.ArrivalTest == True.
 timestamp= 1619816974000 [RES] Global Validate result: 
false
 timestamp= 1619816974000 [RUN] Validate step: 
The test system VALIDATES THAT the Apollo A Status.GetControl is nearly equal to {"acceleration": 2.35, "throttle": 94.1, "steering_target": -0.71, "brake": 0.0, "steering_rate": 100.0, "speed": 0.0}
 timestamp= 1619816974000 [RES] Validate result: 
true
 timestamp= 1619816974000 [RUN] Generate steps
 timestamp= 1619816974000 [RUN] Validate step: 
The test system VALIDATES THAT the simulator S Status.GetEnvironment is nearly equal to {"x": -328.02, "y": 10.13, "z": 378.64, "rain": 0.0, "fog": 0.0, "wetness": 0.0, "timeofday": 12.0, "signal": 1.0, "rx": 359.97, "ry": 219.33, "rz": 359.69, "speed": 0.01}
 timestamp= 1619816974000 [RES] Validate result: 
true
 timestamp= 1619816974000 [RUN] Execute API step: 
The environment controller C INVOKES API Control.Agents.Pedestrians.WalkRandomly(which_lane=Current_Lane).
 timestamp= 1619816977000 [RES] API result: 
{"pose_arr":[{"vx":0,"ay":0,"az":9.81,"ax":0,"pz":10.13,"vy":0,"px":552546.82,"py":4182865.7},{"vx":0,"ay":-0.01,"az":9.81,"ax":-0.01,"pz":10.13,"vy":0,"px":552546.82,"py":4182865.7},{"vx":0,"ay":0,"az":9.81,"ax":0,"pz":10.12,"vy":0,"px":552546.82,"py":4182865.71},{"vx":0,"ay":0,"az":9.82,"ax":0,"pz":10.12,"vy":0,"px":552546.82,"py":4182865.71}],"traffic_light":[0,0,0,0],"state_arr":[{"acceleration":2.08,"throttle":91.37,"steering_target":-0.71,"brake":0,"steering_rate":100,"speed":0},{"acceleration":1.85,"throttle":86.13,"steering_target":-0.71,"brake":0,"steering_rate":100,"speed":0},{"acceleration":2.38,"throttle":94.41,"steering_target":-0.71,"brake":0,"steering_rate":100,"speed":0},{"acceleration":3.09,"throttle":99.97,"steering_target":-0.71,"brake":0,"steering_rate":100,"speed":0},{"acceleration":3.3,"throttle":99.99,"steering_target":-0.71,"brake":0,"steering_rate":100,"speed":0},{"acceleration":3.21,"throttle":100,"steering_target":-0.71,"brake":0,"steering_rate":100,"speed":0},{"acceleration":1.15,"throttle":64.93,"steering_target":-0.71,"brake":0,"steering_rate":100,"speed":0}],"obstacle_arr":[[],[]],"action_description":"Pedestrian walking on the front lane","ev_state":[-328.022064208984,10.1251373291016,378.642700195313,0,0,0,12,1,359.987762451172,219.352828979492,359.846069335938,0.0002588788427649147],"collision_probability":0.546}
 timestamp= 1619816977000 [RUN] Validate G1 Guard Condition: 
The ego vehicle E Detection.Collision == True.
 timestamp= 1619816977000 [RES] Global Validate result: 
false
 timestamp= 1619816977000 [RUN] Validate G2 Guard Condition: 
The ego vehicle E Detection.OffRoad == True.
 timestamp= 1619816977000 [RES] Global Validate result: 
false
 timestamp= 1619816977000 [RUN] Validate G3 Guard Condition: 
The ego vehicle E Detection.HardBrake == True.
 timestamp= 1619816977000 [RES] Global Validate result: 
false
 timestamp= 1619816977000 [RUN] Validate G4 Guard Condition: 
The ego vehicle E Detection.ArrivalTest == True.
 timestamp= 1619816977000 [RES] Global Validate result: 
false
 timestamp= 1619816977000 [RUN] Validate step: 
The test system VALIDATES THAT the Apollo A Status.GetControl is nearly equal to {"acceleration": 1.15, "throttle": 64.93, "steering_target": -0.71, "brake": 0.0, "steering_rate": 100.0, "speed": 0.0}
 timestamp= 1619816977000 [RES] Validate result: 
true
 timestamp= 1619816977000 [RUN] Generate steps
 timestamp= 1619816977000 [RUN] Validate step: 
The test system VALIDATES THAT the simulator S Status.GetEnvironment is nearly equal to {"x": -328.02, "y": 10.13, "z": 378.64, "rain": 0.0, "fog": 0.0, "wetness": 0.0, "timeofday": 12.0, "signal": 1.0, "rx": 359.99, "ry": 219.35, "rz": 359.85, "speed": 0.0}
 timestamp= 1619816977000 [RES] Validate result: 
true
 timestamp= 1619816977000 [RUN] Execute API step: 
The environment controller C INVOKES API Control.Agents.Pedestrians.WalkRandomly(which_lane=Current_Lane).
 timestamp= 1619816981000 [RES] API result: 
{"pose_arr":[{"vx":0,"ay":-0.01,"az":9.82,"ax":-0.01,"pz":10.12,"vy":0,"px":552546.82,"py":4182865.71},{"vx":0,"ay":0,"az":9.81,"ax":0,"pz":10.12,"vy":0,"px":552546.82,"py":4182865.71},{"vx":0,"ay":0,"az":9.81,"ax":0,"pz":10.12,"vy":0,"px":552546.82,"py":4182865.71},{"vx":0,"ay":0,"az":9.81,"ax":0,"pz":10.12,"vy":0,"px":552546.82,"py":4182865.71}],"traffic_light":[0,0,0],"state_arr":[{"acceleration":2.39,"throttle":94.63,"steering_target":-0.71,"brake":0,"steering_rate":100,"speed":0},{"acceleration":3.07,"throttle":100,"steering_target":-0.71,"brake":0,"steering_rate":100,"speed":0},{"acceleration":3.3,"throttle":100,"steering_target":-0.71,"brake":0,"steering_rate":100,"speed":0},{"acceleration":3.22,"throttle":100,"steering_target":-0.71,"brake":0,"steering_rate":100,"speed":0},{"acceleration":3,"throttle":100,"steering_target":-0.71,"brake":0,"steering_rate":100,"speed":0},{"acceleration":2.79,"throttle":98.68,"steering_target":-0.71,"brake":0,"steering_rate":100,"speed":0},{"acceleration":1.81,"throttle":84.27,"steering_target":-0.71,"brake":0,"steering_rate":100,"speed":0},{"acceleration":2.82,"throttle":99.02,"steering_target":-0.71,"brake":0,"steering_rate":100,"speed":0}],"obstacle_arr":[[],[]],"action_description":"Pedestrian walking on the front lane","ev_state":[-328.022918701172,10.1249074935913,378.643524169922,0,0,0,12,1,359.993865966797,219.358322143555,359.883178710938,0.00004657727739531223],"collision_probability":0.546}
 timestamp= 1619816981000 [RUN] Validate G1 Guard Condition: 
The ego vehicle E Detection.Collision == True.
 timestamp= 1619816981000 [RES] Global Validate result: 
false
 timestamp= 1619816981000 [RUN] Validate G2 Guard Condition: 
The ego vehicle E Detection.OffRoad == True.
 timestamp= 1619816981000 [RES] Global Validate result: 
true
 timestamp= 1619816981000 [RUN] OffRoad == True
 timestamp= 1619816981000 [RUN] The simulator S INVOKES API Command.Simulation.Stop() to stop simulation.
 timestamp= 1619816981000 [WARNING] The test system Stop the Simulator S!
 timestamp= 1619816981000 [RUN] ABORT.
 timestamp= 1619816981000 [ERROR] The test system Abort!
 timestamp= 1619816981000 [RUN] Validate G3 Guard Condition: 
The ego vehicle E Detection.HardBrake == True.
 timestamp= 1619816981000 [RES] Global Validate result: 
false
 timestamp= 1619816981000 [RUN] Validate G4 Guard Condition: 
The ego vehicle E Detection.ArrivalTest == True.
 timestamp= 1619816981000 [RES] Global Validate result: 
false
 timestamp= 1619816981000 [RES] Basic PostCondition Validate result: 
false
 timestamp= 1619816981000 [STOP] numberOfStep: 34 basicFlow: 
[{"name":"","description":"","eClass":"Sentence","content":"The test system VALIDATES THAT the simulator S Status.GetEnvironment is nearly equal to {\"x\": -246.15, \"y\": 10.12, \"z\": 466.34, \"rain\": 0.0, \"fog\": 0.0, \"wetness\": 0.0, \"timeofday\": 12.0, \"signal\": 1.0, \"rx\": 359.96, \"ry\": 306.1, \"rz\": 359.98, \"speed\": 2.3}","natures":[]},{"name":"","description":"","eClass":"Sentence","content":"The environment controller C INVOKES API Control.Agents.Pedestrians.WalkRandomly(which_lane=Current_Lane).","natures":[]},{"name":"","description":"","eClass":"Sentence","content":"The test system VALIDATES THAT the Apollo A Status.GetControl is nearly equal to {\"acceleration\": -0.23, \"throttle\": 0.0, \"steering_target\": 47.34, \"brake\": 14.5, \"steering_rate\": 100.0, \"speed\": 2.89}","natures":[]},{"name":"","description":"","eClass":"Sentence","content":"The test system VALIDATES THAT the simulator S Status.GetEnvironment is nearly equal to {\"x\": -255.97, \"y\": 10.12, \"z\": 470.9, \"rain\": 0.0, \"fog\": 0.0, \"wetness\": 0.0, \"timeofday\": 12.0, \"signal\": 1.0, \"rx\": 0.03, \"ry\": 279.17, \"rz\": 359.76, \"speed\": 2.84}","natures":[]},{"name":"","description":"","eClass":"Sentence","content":"The environment controller C INVOKES API Control.Agents.Pedestrians.WalkRandomly(which_lane=Current_Lane).","natures":[]},{"name":"","description":"","eClass":"Sentence","content":"The test system VALIDATES THAT the Apollo A Status.GetControl is nearly equal to {\"acceleration\": 0.83, \"throttle\": 24.58, \"steering_target\": 6.44, \"brake\": 0.0, \"steering_rate\": 100.0, \"speed\": 4.9}","natures":[]},{"name":"","description":"","eClass":"Sentence","content":"The test system VALIDATES THAT the simulator S Status.GetEnvironment is nearly equal to {\"x\": -267.25, \"y\": 10.12, \"z\": 463.07, \"rain\": 0.0, \"fog\": 0.0, \"wetness\": 0.0, \"timeofday\": 12.0, \"signal\": 0.0, \"rx\": 359.96, \"ry\": 221.61, \"rz\": 359.9, \"speed\": 5.09}","natures":[]},{"name":"","description":"","eClass":"Sentence","content":"The environment controller C INVOKES API Control.Agents.Pedestrians.WalkRandomly(which_lane=Current_Lane).","natures":[]},{"name":"","description":"","eClass":"Sentence","content":"The test system VALIDATES THAT the Apollo A Status.GetControl is nearly equal to {\"acceleration\": 0.71, \"throttle\": 15.7, \"steering_target\": 0.2, \"brake\": 0.0, \"steering_rate\": 100.0, \"speed\": 7.01}","natures":[]},{"name":"","description":"","eClass":"Sentence","content":"The test system VALIDATES THAT the simulator S Status.GetEnvironment is nearly equal to {\"x\": -282.25, \"y\": 10.12, \"z\": 442.3, \"rain\": 0.0, \"fog\": 0.0, \"wetness\": 0.0, \"timeofday\": 12.0, \"signal\": -1.0, \"rx\": 359.98, \"ry\": 214.34, \"rz\": 0.01, \"speed\": 7.14}","natures":[]},{"name":"","description":"","eClass":"Sentence","content":"The environment controller C INVOKES API Control.Agents.Pedestrians.WalkRandomly(which_lane=Current_Lane).","natures":[]},{"name":"","description":"","eClass":"Sentence","content":"The test system VALIDATES THAT the Apollo A Status.GetControl is nearly equal to {\"acceleration\": 0.66, \"throttle\": 15.7, \"steering_target\": 0.38, \"brake\": 0.0, \"steering_rate\": 100.0, \"speed\": 7.59}","natures":[]},{"name":"","description":"","eClass":"Sentence","content":"The test system VALIDATES THAT the simulator S Status.GetEnvironment is nearly equal to {\"x\": -299.09, \"y\": 10.12, \"z\": 418.26, \"rain\": 0.0, \"fog\": 0.0, \"wetness\": 0.0, \"timeofday\": 12.0, \"signal\": -1.0, \"rx\": 359.98, \"ry\": 215.31, \"rz\": 359.99, \"speed\": 7.65}","natures":[]},{"name":"","description":"","eClass":"Sentence","content":"The environment controller C INVOKES API Control.Agents.Pedestrians.WalkRandomly(which_lane=Current_Lane).","natures":[]},{"name":"","description":"","eClass":"Sentence","content":"The test system VALIDATES THAT the Apollo A Status.GetControl is nearly equal to {\"acceleration\": 0.23, \"throttle\": 15.7, \"steering_target\": -2.15, \"brake\": 0.0, \"steering_rate\": 100.0, \"speed\": 4.56}","natures":[]},{"name":"","description":"","eClass":"Sentence","content":"The test system VALIDATES THAT the simulator S Status.GetEnvironment is nearly equal to {\"x\": -312.68, \"y\": 10.12, \"z\": 399.23, \"rain\": 0.0, \"fog\": 0.0, \"wetness\": 0.0, \"timeofday\": 12.0, \"signal\": -1.0, \"rx\": 359.79, \"ry\": 214.37, \"rz\": 359.97, \"speed\": 5.0}","natures":[]},{"name":"","description":"","eClass":"Sentence","content":"The environment controller C INVOKES API Control.Agents.Pedestrians.WalkRandomly(which_lane=Current_Lane).","natures":[]},{"name":"","description":"","eClass":"Sentence","content":"The test system VALIDATES THAT the Apollo A Status.GetControl is nearly equal to {\"acceleration\": 2.83, \"throttle\": 53.53, \"steering_target\": 9.62, \"brake\": 0.0, \"steering_rate\": 100.0, \"speed\": 5.19}","natures":[]},{"name":"","description":"","eClass":"Sentence","content":"The test system VALIDATES THAT the simulator S Status.GetEnvironment is nearly equal to {\"x\": -326.02, \"y\": 10.12, \"z\": 381.17, \"rain\": 0.0, \"fog\": 0.0, \"wetness\": 0.0, \"timeofday\": 12.0, \"signal\": -1.0, \"rx\": 0.01, \"ry\": 216.61, \"rz\": 0.0, \"speed\": 5.54}","natures":[]},{"name":"","description":"","eClass":"Sentence","content":"The environment controller C INVOKES API Control.Agents.Pedestrians.WalkRandomly(which_lane=Current_Lane).","natures":[]},{"name":"","description":"","eClass":"Sentence","content":"The test system VALIDATES THAT the Apollo A Status.GetControl is nearly equal to {\"acceleration\": 1.42, \"throttle\": 64.41, \"steering_target\": 2.11, \"brake\": 0.0, \"steering_rate\": 100.0, \"speed\": 0.27}","natures":[]},{"name":"","description":"","eClass":"Sentence","content":"The test system VALIDATES THAT the simulator S Status.GetEnvironment is nearly equal to {\"x\": -328.02, \"y\": 10.13, \"z\": 378.64, \"rain\": 0.0, \"fog\": 0.0, \"wetness\": 0.0, \"timeofday\": 12.0, \"signal\": -1.0, \"rx\": 359.96, \"ry\": 219.17, \"rz\": 359.69, \"speed\": 0.0}","natures":[]},{"name":"","description":"","eClass":"Sentence","content":"The environment controller C INVOKES API Control.Agents.Pedestrians.WalkRandomly(which_lane=Current_Lane).","natures":[]},{"name":"","description":"","eClass":"Sentence","content":"The test system VALIDATES THAT the Apollo A Status.GetControl is nearly equal to {\"acceleration\": 3.13, \"throttle\": 96.94, \"steering_target\": 0.07, \"brake\": 0.0, \"steering_rate\": 100.0, \"speed\": 0.27}","natures":[]},{"name":"","description":"","eClass":"Sentence","content":"The test system VALIDATES THAT the simulator S Status.GetEnvironment is nearly equal to {\"x\": -328.02, \"y\": 10.13, \"z\": 378.64, \"rain\": 0.0, \"fog\": 0.0, \"wetness\": 0.0, \"timeofday\": 12.0, \"signal\": 1.0, \"rx\": 359.96, \"ry\": 219.27, \"rz\": 359.67, \"speed\": 0.0}","natures":[]},{"name":"","description":"","eClass":"Sentence","content":"The environment controller C INVOKES API Control.Agents.Pedestrians.WalkRandomly(which_lane=Current_Lane).","natures":[]},{"name":"","description":"","eClass":"Sentence","content":"The test system VALIDATES THAT the Apollo A Status.GetControl is nearly equal to {\"acceleration\": 2.35, \"throttle\": 94.1, \"steering_target\": -0.71, \"brake\": 0.0, \"steering_rate\": 100.0, \"speed\": 0.0}","natures":[]},{"name":"","description":"","eClass":"Sentence","content":"The test system VALIDATES THAT the simulator S Status.GetEnvironment is nearly equal to {\"x\": -328.02, \"y\": 10.13, \"z\": 378.64, \"rain\": 0.0, \"fog\": 0.0, \"wetness\": 0.0, \"timeofday\": 12.0, \"signal\": 1.0, \"rx\": 359.97, \"ry\": 219.33, \"rz\": 359.69, \"speed\": 0.01}","natures":[]},{"name":"","description":"","eClass":"Sentence","content":"The environment controller C INVOKES API Control.Agents.Pedestrians.WalkRandomly(which_lane=Current_Lane).","natures":[]},{"name":"","description":"","eClass":"Sentence","content":"The test system VALIDATES THAT the Apollo A Status.GetControl is nearly equal to {\"acceleration\": 1.15, \"throttle\": 64.93, \"steering_target\": -0.71, \"brake\": 0.0, \"steering_rate\": 100.0, \"speed\": 0.0}","natures":[]},{"name":"","description":"","eClass":"Sentence","content":"The test system VALIDATES THAT the simulator S Status.GetEnvironment is nearly equal to {\"x\": -328.02, \"y\": 10.13, \"z\": 378.64, \"rain\": 0.0, \"fog\": 0.0, \"wetness\": 0.0, \"timeofday\": 12.0, \"signal\": 1.0, \"rx\": 359.99, \"ry\": 219.35, \"rz\": 359.85, \"speed\": 0.0}","natures":[]},{"name":"","description":"","eClass":"Sentence","content":"The environment controller C INVOKES API Control.Agents.Pedestrians.WalkRandomly(which_lane=Current_Lane).","natures":[]},{"name":"","description":"","eClass":"Sentence","content":"The test system VALIDATES THAT the Apollo A Status.GetControl is nearly equal to {\"acceleration\": 2.82, \"throttle\": 99.02, \"steering_target\": -0.71, \"brake\": 0.0, \"steering_rate\": 100.0, \"speed\": 0.0}","natures":[]},{"name":"","description":"","eClass":"Sentence","content":"","natures":[]}]
