 timestamp= 1619808429000 [START] Now Run TCS Maintain Lane On Road1 Mode: dynamic Roadnum: 2 Second: 4
 timestamp= 1619808429000 [SUCCESS] TCS Check Success 
 timestamp= 1619808432000 [RUN] Run BasicFlow
 timestamp= 1619808432000 [RUN] Generate steps
 timestamp= 1619808432000 [RUN] Validate step: 
The test system VALIDATES THAT the simulator S Status.GetEnvironment is nearly equal to {"x": -11.14, "y": 10.12, "z": 307.39, "rain": 0.0, "fog": 0.0, "wetness": 0.0, "timeofday": 12.0, "signal": -1.0, "rx": 359.9, "ry": 305.49, "rz": 0.04, "speed": 2.82}
 timestamp= 1619808432000 [RES] Validate result: 
true
 timestamp= 1619808432000 [RUN] Execute API step: 
The environment controller C INVOKES API Control.Agents.Pedestrians.WalkRandomly(which_lane=Left_Lane).
 timestamp= 1619808435000 [RES] API result: 
{"pose_arr":[{"vx":1.65,"ay":0,"az":9.81,"ax":0,"pz":10.12,"vy":1.65,"px":552863.94,"py":4182792.63},{"vx":2.17,"ay":1.75,"az":9.82,"ax":1.18,"pz":10.12,"vy":2.17,"px":552862.45,"py":4182793.7},{"vx":2.61,"ay":0.46,"az":9.81,"ax":0.34,"pz":10.12,"vy":2.61,"px":552859.92,"py":4182795.55},{"vx":2.79,"ay":0.37,"az":9.81,"ax":0.27,"pz":10.12,"vy":2.79,"px":552857.43,"py":4182797.37},{"vx":3.18,"ay":0.21,"az":9.82,"ax":0.16,"pz":10.12,"vy":3.18,"px":552854.31,"py":4182799.68},{"vx":3.35,"ay":0.21,"az":9.81,"ax":0.15,"pz":10.12,"vy":3.35,"px":552851.38,"py":4182801.86}],"traffic_light":[3,3,3,0,3],"state_arr":[{"acceleration":0.71,"throttle":66.44,"steering_target":-1.92,"brake":0,"steering_rate":100,"speed":2.8},{"acceleration":0.83,"throttle":39.36,"steering_target":-0.78,"brake":0,"steering_rate":100,"speed":3.59},{"acceleration":0.68,"throttle":22.18,"steering_target":-0.29,"brake":0,"steering_rate":100,"speed":4.37},{"acceleration":0.72,"throttle":22.83,"steering_target":-0.45,"brake":0,"steering_rate":100,"speed":4.66},{"acceleration":1.19,"throttle":15.7,"steering_target":-0.23,"brake":0,"steering_rate":100,"speed":5.22},{"acceleration":0.97,"throttle":15.7,"steering_target":-0.28,"brake":0,"steering_rate":100,"speed":5.56},{"acceleration":1.01,"throttle":15.7,"steering_target":-0.18,"brake":0,"steering_rate":100,"speed":5.94}],"obstacle_arr":[[],[],[],[{"acceleration":{"y":0,"x":0,"z":0},"position":{"y":4182801.39,"x":552846.8,"z":10.41},"volume":0.12,"type":"PEDESTRIAN","velocity":{"y":0,"x":0,"z":0}}],[{"acceleration":{"y":-0.05,"x":0.29,"z":0},"position":{"y":4182801.39,"x":552847.48,"z":10.45},"volume":0.1,"type":"PEDESTRIAN","velocity":{"y":-0.08,"x":0.53,"z":0}}],[{"acceleration":{"y":-0.3,"x":0.5,"z":0},"position":{"y":4182800.92,"x":552848.49,"z":10.44},"volume":0.3,"type":"PEDESTRIAN","velocity":{"y":-0.5,"x":1.06,"z":0}}]],"action_description":"Pedestrian crossing the road (left to right)","ev_state":[-26.3777904510498,10.1242923736572,318.651214599609,0,0,0,12,1,359.952239990234,306.783905029297,0.00511559844017029,5.9444395328663395],"collision_probability":0.357}
 timestamp= 1619808435000 [RUN] Validate G1 Guard Condition: 
The ego vehicle E Detection.Collision == True.
 timestamp= 1619808435000 [RES] Global Validate result: 
false
 timestamp= 1619808435000 [RUN] Validate G2 Guard Condition: 
The ego vehicle E Detection.OffRoad == True.
 timestamp= 1619808435000 [RES] Global Validate result: 
false
 timestamp= 1619808435000 [RUN] Validate G3 Guard Condition: 
The ego vehicle E Detection.HardBrake == True.
 timestamp= 1619808435000 [RES] Global Validate result: 
false
 timestamp= 1619808435000 [RUN] Validate G4 Guard Condition: 
The ego vehicle E Detection.ArrivalTest == True.
 timestamp= 1619808435000 [RES] Global Validate result: 
false
 timestamp= 1619808435000 [RUN] Validate step: 
The test system VALIDATES THAT the Apollo A Status.GetControl is nearly equal to {"acceleration": 1.01, "throttle": 15.7, "steering_target": -0.18, "brake": 0.0, "steering_rate": 100.0, "speed": 5.94}
 timestamp= 1619808435000 [RES] Validate result: 
true
 timestamp= 1619808435000 [RUN] Generate steps
 timestamp= 1619808435000 [RUN] Validate step: 
The test system VALIDATES THAT the simulator S Status.GetEnvironment is nearly equal to {"x": -26.38, "y": 10.12, "z": 318.65, "rain": 0.0, "fog": 0.0, "wetness": 0.0, "timeofday": 12.0, "signal": 1.0, "rx": 359.95, "ry": 306.78, "rz": 0.01, "speed": 5.94}
 timestamp= 1619808435000 [RES] Validate result: 
true
 timestamp= 1619808435000 [RUN] Execute API step: 
The environment controller C INVOKES API Control.Agents.Pedestrians.WalkRandomly(which_lane=Left_Lane).
 timestamp= 1619808438000 [RES] API result: 
{"pose_arr":[{"vx":3.62,"ay":1.4,"az":9.8,"ax":1.05,"pz":10.12,"vy":3.62,"px":552848.28,"py":4182804.17},{"vx":4.12,"ay":0.37,"az":9.81,"ax":0.28,"pz":10.12,"vy":4.12,"px":552844.12,"py":4182807.29},{"vx":4.22,"ay":0.19,"az":9.81,"ax":0.14,"pz":10.12,"vy":4.22,"px":552840.91,"py":4182809.7},{"vx":4.37,"ay":0.19,"az":9.81,"ax":0.14,"pz":10.12,"vy":4.37,"px":552836.42,"py":4182813.09},{"vx":4.15,"ay":-1.03,"az":9.82,"ax":-0.77,"pz":10.13,"vy":4.15,"px":552832.47,"py":4182816.1},{"vx":4.08,"ay":0.6,"az":9.8,"ax":0.46,"pz":10.12,"vy":4.08,"px":552828.16,"py":4182819.38}],"traffic_light":[3,0,3,3,2,2],"state_arr":[{"acceleration":0.78,"throttle":20.95,"steering_target":-0.2,"brake":0,"steering_rate":100,"speed":6.64},{"acceleration":0.66,"throttle":15.7,"steering_target":-0.18,"brake":0,"steering_rate":100,"speed":6.89},{"acceleration":0.68,"throttle":15.7,"steering_target":-0.24,"brake":0,"steering_rate":100,"speed":7.08},{"acceleration":-0.5,"throttle":0,"steering_target":-0.1,"brake":14.5,"steering_rate":100,"speed":7.26},{"acceleration":0.03,"throttle":15.7,"steering_target":-0.18,"brake":0,"steering_rate":100,"speed":6.86},{"acceleration":0.78,"throttle":15.7,"steering_target":-0.17,"brake":0,"steering_rate":100,"speed":6.79}],"obstacle_arr":[[{"acceleration":{"y":-0.61,"x":1.11,"z":0},"position":{"y":4182800.88,"x":552849.1,"z":10.53},"volume":0.14,"type":"PEDESTRIAN","velocity":{"y":-0.61,"x":1.35,"z":0}}],[{"acceleration":{"y":0.33,"x":0.42,"z":0},"position":{"y":4182800.93,"x":552849.68,"z":10.45},"volume":0.09,"type":"PEDESTRIAN","velocity":{"y":-0.6,"x":1.6,"z":0}}],[],[{"acceleration":{"y":0,"x":0,"z":0},"position":{"y":4182814.04,"x":552832.21,"z":10.44},"volume":0.38,"type":"PEDESTRIAN","velocity":{"y":0,"x":0,"z":0}}],[{"acceleration":{"y":0,"x":0,"z":0},"position":{"y":4182826.03,"x":552853.13,"z":10.44},"volume":1.82,"type":"VEHICLE","velocity":{"y":0,"x":0,"z":0}}],[]],"action_description":"Pedestrian crossing the road (left to right)","ev_state":[-48.2421417236328,10.1241245269775,335.209442138672,0,0,0,12,0,359.967163085938,307.429595947266,0.00565904378890991,6.862862186166514],"collision_probability":0.426}
 timestamp= 1619808438000 [RUN] Validate G1 Guard Condition: 
The ego vehicle E Detection.Collision == True.
 timestamp= 1619808438000 [RES] Global Validate result: 
false
 timestamp= 1619808438000 [RUN] Validate G2 Guard Condition: 
The ego vehicle E Detection.OffRoad == True.
 timestamp= 1619808438000 [RES] Global Validate result: 
false
 timestamp= 1619808438000 [RUN] Validate G3 Guard Condition: 
The ego vehicle E Detection.HardBrake == True.
 timestamp= 1619808438000 [RES] Global Validate result: 
false
 timestamp= 1619808438000 [RUN] Validate G4 Guard Condition: 
The ego vehicle E Detection.ArrivalTest == True.
 timestamp= 1619808438000 [RES] Global Validate result: 
false
 timestamp= 1619808438000 [RUN] Validate step: 
The test system VALIDATES THAT the Apollo A Status.GetControl is nearly equal to {"acceleration": 0.78, "throttle": 15.7, "steering_target": -0.17, "brake": 0.0, "steering_rate": 100.0, "speed": 6.79}
 timestamp= 1619808438000 [RES] Validate result: 
true
 timestamp= 1619808438000 [RUN] Generate steps
 timestamp= 1619808438000 [RUN] Validate step: 
The test system VALIDATES THAT the simulator S Status.GetEnvironment is nearly equal to {"x": -48.24, "y": 10.12, "z": 335.21, "rain": 0.0, "fog": 0.0, "wetness": 0.0, "timeofday": 12.0, "signal": 0.0, "rx": 359.97, "ry": 307.43, "rz": 0.01, "speed": 6.86}
 timestamp= 1619808438000 [RES] Validate result: 
true
 timestamp= 1619808438000 [RUN] Execute API step: 
The environment controller C INVOKES API Control.Agents.Pedestrians.WalkRandomly(which_lane=Left_Lane).
 timestamp= 1619808442000 [RES] API result: 
{"pose_arr":[{"vx":4.22,"ay":0.25,"az":9.81,"ax":0.19,"pz":10.12,"vy":4.22,"px":552825.5,"py":4182821.42},{"vx":4.4,"ay":0.53,"az":9.8,"ax":0.41,"pz":10.12,"vy":4.4,"px":552821.44,"py":4182824.53},{"vx":4.6,"ay":0.19,"az":9.82,"ax":0.14,"pz":10.12,"vy":4.6,"px":552817.03,"py":4182827.92},{"vx":4.72,"ay":0.26,"az":9.81,"ax":0.2,"pz":10.12,"vy":4.72,"px":552812.69,"py":4182831.25},{"vx":4.83,"ay":0.18,"az":9.82,"ax":0.14,"pz":10.12,"vy":4.83,"px":552808.14,"py":4182834.74},{"vx":4.96,"ay":0.18,"az":9.81,"ax":0.14,"pz":10.12,"vy":4.96,"px":552802.89,"py":4182838.76}],"traffic_light":[2,2,3,1,3],"state_arr":[{"acceleration":1.19,"throttle":15.7,"steering_target":-0.04,"brake":0,"steering_rate":100,"speed":6.94},{"acceleration":0.79,"throttle":15.7,"steering_target":-0.09,"brake":0,"steering_rate":100,"speed":7.15},{"acceleration":0.66,"throttle":15.7,"steering_target":0.05,"brake":0,"steering_rate":100,"speed":7.51},{"acceleration":0.43,"throttle":18.44,"steering_target":-0.02,"brake":0,"steering_rate":100,"speed":7.66},{"acceleration":0.53,"throttle":16.59,"steering_target":0.12,"brake":0,"steering_rate":100,"speed":7.91},{"acceleration":0.45,"throttle":18.96,"steering_target":0.13,"brake":0,"steering_rate":100,"speed":8}],"obstacle_arr":[[{"acceleration":{"y":0.05,"x":-0.03,"z":0},"position":{"y":4182815.56,"x":552832.82,"z":10.46},"volume":0.13,"type":"PEDESTRIAN","velocity":{"y":1.71,"x":-1.14,"z":0}}],[{"acceleration":{"y":0.01,"x":0.88,"z":0},"position":{"y":4182815.49,"x":552833.89,"z":10.63},"volume":0.08,"type":"PEDESTRIAN","velocity":{"y":1.19,"x":-0.11,"z":0}}],[],[],[],[{"acceleration":{"y":0,"x":0,"z":0},"position":{"y":4182831.01,"x":552811.62,"z":10.47},"volume":0.2,"type":"PEDESTRIAN","velocity":{"y":0,"x":0,"z":0}}]],"action_description":"Pedestrian crossing the road (left to right)","ev_state":[-72.2931442260742,10.1238431930542,353.655395507813,0,0,0,12,-1,359.981658935547,307.359283447266,-0.00504348985850811,8.178185869701041],"collision_probability":0.488}
 timestamp= 1619808442000 [RUN] Validate G1 Guard Condition: 
The ego vehicle E Detection.Collision == True.
 timestamp= 1619808442000 [RES] Global Validate result: 
false
 timestamp= 1619808442000 [RUN] Validate G2 Guard Condition: 
The ego vehicle E Detection.OffRoad == True.
 timestamp= 1619808442000 [RES] Global Validate result: 
false
 timestamp= 1619808442000 [RUN] Validate G3 Guard Condition: 
The ego vehicle E Detection.HardBrake == True.
 timestamp= 1619808442000 [RES] Global Validate result: 
false
 timestamp= 1619808442000 [RUN] Validate G4 Guard Condition: 
The ego vehicle E Detection.ArrivalTest == True.
 timestamp= 1619808442000 [RES] Global Validate result: 
false
 timestamp= 1619808442000 [RUN] Validate step: 
The test system VALIDATES THAT the Apollo A Status.GetControl is nearly equal to {"acceleration": 0.45, "throttle": 18.96, "steering_target": 0.13, "brake": 0.0, "steering_rate": 100.0, "speed": 8.0}
 timestamp= 1619808442000 [RES] Validate result: 
true
 timestamp= 1619808442000 [RUN] Generate steps
 timestamp= 1619808442000 [RUN] Validate step: 
The test system VALIDATES THAT the simulator S Status.GetEnvironment is nearly equal to {"x": -72.29, "y": 10.12, "z": 353.66, "rain": 0.0, "fog": 0.0, "wetness": 0.0, "timeofday": 12.0, "signal": -1.0, "rx": 359.98, "ry": 307.36, "rz": -0.01, "speed": 8.18}
 timestamp= 1619808442000 [RES] Validate result: 
true
 timestamp= 1619808442000 [RUN] Execute API step: 
The environment controller C INVOKES API Control.Agents.Pedestrians.WalkRandomly(which_lane=Left_Lane).
 timestamp= 1619808445000 [RES] API result: 
{"pose_arr":[{"vx":5.01,"ay":0.18,"az":9.81,"ax":0.13,"pz":10.12,"vy":5.01,"px":552800.01,"py":4182840.95},{"vx":5.08,"ay":-0.01,"az":9.81,"ax":0,"pz":10.12,"vy":5.08,"px":552796.36,"py":4182843.73},{"vx":4.94,"ay":0.42,"az":9.79,"ax":0.31,"pz":10.12,"vy":4.94,"px":552791.46,"py":4182847.44},{"vx":5.06,"ay":0.18,"az":9.81,"ax":0.13,"pz":10.12,"vy":5.06,"px":552786.46,"py":4182851.2},{"vx":4.95,"ay":-0.49,"az":9.85,"ax":-0.38,"pz":10.12,"vy":4.95,"px":552782.66,"py":4182854.05},{"vx":4.41,"ay":-2.21,"az":9.85,"ax":-1.65,"pz":10.13,"vy":4.41,"px":552778.36,"py":4182857.26}],"traffic_light":[3,3,3,3,1],"state_arr":[{"acceleration":0.29,"throttle":15.7,"steering_target":0.17,"brake":0,"steering_rate":100,"speed":8.18},{"acceleration":0,"throttle":15.7,"steering_target":0.17,"brake":0,"steering_rate":100,"speed":8.33},{"acceleration":-0.07,"throttle":0,"steering_target":0.17,"brake":14.5,"steering_rate":100,"speed":8.31},{"acceleration":0.09,"throttle":15.7,"steering_target":0.39,"brake":0,"steering_rate":100,"speed":8.33},{"acceleration":-0.03,"throttle":0,"steering_target":-0.12,"brake":14.5,"steering_rate":100,"speed":8.45},{"acceleration":-0.96,"throttle":0,"steering_target":0.24,"brake":16.87,"steering_rate":100,"speed":8.27},{"acceleration":-0.27,"throttle":0,"steering_target":-0.07,"brake":15.87,"steering_rate":100,"speed":7.56}],"obstacle_arr":[[{"acceleration":{"y":0,"x":0,"z":0},"position":{"y":4182831.57,"x":552812,"z":10.52},"volume":0.17,"type":"PEDESTRIAN","velocity":{"y":0.35,"x":0.4,"z":0}}],[],[],[{"acceleration":{"y":0,"x":0,"z":0},"position":{"y":4182850.14,"x":552785.09,"z":10.54},"volume":0.12,"type":"PEDESTRIAN","velocity":{"y":0,"x":0,"z":0}}],[],[]],"action_description":"Pedestrian crossing the road (left to right)","ev_state":[-98.3595733642578,10.1241388320923,373.281616210938,0,0,0,12,1,0.12324520200491,306.750762939453,0.00143205828499049,6.807674964320833],"collision_probability":0.554}
 timestamp= 1619808445000 [RUN] Validate G1 Guard Condition: 
The ego vehicle E Detection.Collision == True.
 timestamp= 1619808445000 [RES] Global Validate result: 
false
 timestamp= 1619808445000 [RUN] Validate G2 Guard Condition: 
The ego vehicle E Detection.OffRoad == True.
 timestamp= 1619808445000 [RES] Global Validate result: 
false
 timestamp= 1619808445000 [RUN] Validate G3 Guard Condition: 
The ego vehicle E Detection.HardBrake == True.
 timestamp= 1619808445000 [RES] Global Validate result: 
false
 timestamp= 1619808445000 [RUN] Validate G4 Guard Condition: 
The ego vehicle E Detection.ArrivalTest == True.
 timestamp= 1619808445000 [RES] Global Validate result: 
false
 timestamp= 1619808445000 [RUN] Validate step: 
The test system VALIDATES THAT the Apollo A Status.GetControl is nearly equal to {"acceleration": -0.27, "throttle": 0.0, "steering_target": -0.07, "brake": 15.87, "steering_rate": 100.0, "speed": 7.56}
 timestamp= 1619808445000 [RES] Validate result: 
true
 timestamp= 1619808445000 [RUN] Generate steps
 timestamp= 1619808445000 [RUN] Validate step: 
The test system VALIDATES THAT the simulator S Status.GetEnvironment is nearly equal to {"x": -98.36, "y": 10.12, "z": 373.28, "rain": 0.0, "fog": 0.0, "wetness": 0.0, "timeofday": 12.0, "signal": 1.0, "rx": 0.12, "ry": 306.75, "rz": 0.0, "speed": 6.81}
 timestamp= 1619808445000 [RES] Validate result: 
true
 timestamp= 1619808445000 [RUN] Execute API step: 
The environment controller C INVOKES API Control.Agents.Pedestrians.WalkRandomly(which_lane=Left_Lane).
 timestamp= 1619808449000 [RES] API result: 
{"pose_arr":[{"vx":4.12,"ay":0.19,"az":9.77,"ax":0.15,"pz":10.12,"vy":4.12,"px":552775.72,"py":4182859.23},{"vx":4.04,"ay":-0.47,"az":9.82,"ax":-0.35,"pz":10.12,"vy":4.04,"px":552771.99,"py":4182862.01},{"vx":3.9,"ay":-0.35,"az":9.76,"ax":-0.29,"pz":10.12,"vy":3.9,"px":552768.56,"py":4182864.56},{"vx":3.59,"ay":-0.45,"az":9.81,"ax":-0.34,"pz":10.13,"vy":3.59,"px":552765.03,"py":4182867.19},{"vx":3.39,"ay":0.21,"az":9.8,"ax":0.16,"pz":10.12,"vy":3.39,"px":552761.8,"py":4182869.59},{"vx":3.12,"ay":-0.83,"az":9.82,"ax":-0.58,"pz":10.13,"vy":3.12,"px":552759.3,"py":4182871.44}],"traffic_light":[1,1,3,1,1,1],"state_arr":[{"acceleration":0.42,"throttle":15.7,"steering_target":0.17,"brake":0,"steering_rate":100,"speed":6.87},{"acceleration":-0.39,"throttle":0,"steering_target":-0.02,"brake":14.5,"steering_rate":100,"speed":6.81},{"acceleration":-0.53,"throttle":0,"steering_target":0.1,"brake":16.18,"steering_rate":100,"speed":6.54},{"acceleration":-0.77,"throttle":0,"steering_target":0.29,"brake":16.86,"steering_rate":100,"speed":6.2},{"acceleration":0.5,"throttle":18.78,"steering_target":-0.5,"brake":0,"steering_rate":100,"speed":5.57},{"acceleration":-1.12,"throttle":0,"steering_target":0.59,"brake":21.57,"steering_rate":100,"speed":5.7},{"acceleration":-1.17,"throttle":0,"steering_target":0.18,"brake":22.16,"steering_rate":100,"speed":5.08}],"obstacle_arr":[[],[],[],[{"acceleration":{"y":0,"x":0.02,"z":0},"position":{"y":4182868.44,"x":552759.81,"z":10.45},"volume":0.27,"type":"PEDESTRIAN","velocity":{"y":0.12,"x":0.71,"z":0}}],[],[],[{"acceleration":{"y":0,"x":0,"z":0},"position":{"y":4182868.81,"x":552761.58,"z":10.46},"volume":0.17,"type":"PEDESTRIAN","velocity":{"y":0,"x":0,"z":0}}]],"action_description":"Pedestrian crossing the road (left to right)","ev_state":[-117.885437011719,10.1244850158691,387.789947509766,0,0,0,12,1,0.0644286125898361,306.43603515625,-0.002407216001302,4.683142093374143],"collision_probability":0.506}
 timestamp= 1619808449000 [RUN] Validate G1 Guard Condition: 
The ego vehicle E Detection.Collision == True.
 timestamp= 1619808449000 [RES] Global Validate result: 
false
 timestamp= 1619808449000 [RUN] Validate G2 Guard Condition: 
The ego vehicle E Detection.OffRoad == True.
 timestamp= 1619808449000 [RES] Global Validate result: 
false
 timestamp= 1619808449000 [RUN] Validate G3 Guard Condition: 
The ego vehicle E Detection.HardBrake == True.
 timestamp= 1619808449000 [RES] Global Validate result: 
false
 timestamp= 1619808449000 [RUN] Validate G4 Guard Condition: 
The ego vehicle E Detection.ArrivalTest == True.
 timestamp= 1619808449000 [RES] Global Validate result: 
false
 timestamp= 1619808449000 [RUN] Validate step: 
The test system VALIDATES THAT the Apollo A Status.GetControl is nearly equal to {"acceleration": -1.17, "throttle": 0.0, "steering_target": 0.18, "brake": 22.16, "steering_rate": 100.0, "speed": 5.08}
 timestamp= 1619808449000 [RES] Validate result: 
true
 timestamp= 1619808449000 [RUN] Generate steps
 timestamp= 1619808449000 [RUN] Validate step: 
The test system VALIDATES THAT the simulator S Status.GetEnvironment is nearly equal to {"x": -117.89, "y": 10.12, "z": 387.79, "rain": 0.0, "fog": 0.0, "wetness": 0.0, "timeofday": 12.0, "signal": 1.0, "rx": 0.06, "ry": 306.44, "rz": -0.0, "speed": 4.68}
 timestamp= 1619808449000 [RES] Validate result: 
true
 timestamp= 1619808449000 [RUN] Execute API step: 
The environment controller C INVOKES API Control.Agents.Pedestrians.WalkRandomly(which_lane=Left_Lane).
 timestamp= 1619808452000 [RES] API result: 
{"pose_arr":[{"vx":2.8,"ay":-0.84,"az":9.81,"ax":-0.62,"pz":10.13,"vy":2.8,"px":552757.28,"py":4182872.94},{"vx":2.34,"ay":-0.75,"az":9.8,"ax":-0.55,"pz":10.13,"vy":2.34,"px":552755,"py":4182874.62},{"vx":2.07,"ay":-0.5,"az":9.81,"ax":-0.37,"pz":10.13,"vy":2.07,"px":552753.04,"py":4182876.05},{"vx":2.11,"ay":0.22,"az":9.81,"ax":0.16,"pz":10.12,"vy":2.11,"px":552751.16,"py":4182877.42},{"vx":2.23,"ay":0.06,"az":9.81,"ax":0.04,"pz":10.12,"vy":2.23,"px":552749.75,"py":4182878.45},{"vx":1.98,"ay":-0.41,"az":9.8,"ax":-0.3,"pz":10.13,"vy":1.98,"px":552747.65,"py":4182879.97},{"vx":1.96,"ay":0.96,"az":9.8,"ax":0.69,"pz":10.12,"vy":1.96,"px":552745.81,"py":4182881.29}],"traffic_light":[3,3,3,3,3,1],"state_arr":[{"acceleration":-1.28,"throttle":0,"steering_target":0.44,"brake":23.56,"steering_rate":100,"speed":4.68},{"acceleration":-0.57,"throttle":0,"steering_target":0.3,"brake":14.5,"steering_rate":100,"speed":3.85},{"acceleration":-0.33,"throttle":0,"steering_target":0.41,"brake":14.5,"steering_rate":100,"speed":3.52},{"acceleration":0.43,"throttle":15.7,"steering_target":0.42,"brake":0,"steering_rate":100,"speed":3.59},{"acceleration":0.19,"throttle":15.7,"steering_target":0.43,"brake":0,"steering_rate":100,"speed":3.76},{"acceleration":-0.38,"throttle":0,"steering_target":0.44,"brake":14.5,"steering_rate":100,"speed":3.39},{"acceleration":0.79,"throttle":49.11,"steering_target":0.47,"brake":0,"steering_rate":100,"speed":3.23}],"obstacle_arr":[[{"acceleration":{"y":0.01,"x":-0.03,"z":0},"position":{"y":4182868.99,"x":552761.84,"z":10.57},"volume":0.12,"type":"PEDESTRIAN","velocity":{"y":0,"x":0,"z":0}}],[{"acceleration":{"y":0.01,"x":-0.04,"z":0},"position":{"y":4182869.23,"x":552762.62,"z":10.69},"volume":0.03,"type":"PEDESTRIAN","velocity":{"y":0,"x":0,"z":0}}],[],[{"acceleration":{"y":0,"x":0,"z":0},"position":{"y":4182883.95,"x":552739.74,"z":10.13},"volume":0.25,"type":"PEDESTRIAN","velocity":{"y":0.77,"x":-0.12,"z":0}}],[],[{"acceleration":{"y":0.01,"x":0.01,"z":0},"position":{"y":4182885.05,"x":552740.59,"z":10.13},"volume":0.28,"type":"PEDESTRIAN","velocity":{"y":0.44,"x":0.29,"z":0}}]],"action_description":"Pedestrian crossing the road (left to right)","ev_state":[-129.79817199707,10.124584197998,396.435668945313,0,0,0,12,0,359.907806396484,305.610412597656,-0.00388116668909788,3.86762404376744],"collision_probability":0.019}
 timestamp= 1619808452000 [RUN] Validate G1 Guard Condition: 
The ego vehicle E Detection.Collision == True.
 timestamp= 1619808452000 [RES] Global Validate result: 
false
 timestamp= 1619808452000 [RUN] Validate G2 Guard Condition: 
The ego vehicle E Detection.OffRoad == True.
 timestamp= 1619808452000 [RES] Global Validate result: 
false
 timestamp= 1619808452000 [RUN] Validate G3 Guard Condition: 
The ego vehicle E Detection.HardBrake == True.
 timestamp= 1619808452000 [RES] Global Validate result: 
false
 timestamp= 1619808452000 [RUN] Validate G4 Guard Condition: 
The ego vehicle E Detection.ArrivalTest == True.
 timestamp= 1619808452000 [RES] Global Validate result: 
false
 timestamp= 1619808452000 [RUN] Validate step: 
The test system VALIDATES THAT the Apollo A Status.GetControl is nearly equal to {"acceleration": 0.79, "throttle": 49.11, "steering_target": 0.47, "brake": 0.0, "steering_rate": 100.0, "speed": 3.23}
 timestamp= 1619808452000 [RES] Validate result: 
true
 timestamp= 1619808452000 [RUN] Generate steps
 timestamp= 1619808452000 [RUN] Validate step: 
The test system VALIDATES THAT the simulator S Status.GetEnvironment is nearly equal to {"x": -129.8, "y": 10.12, "z": 396.44, "rain": 0.0, "fog": 0.0, "wetness": 0.0, "timeofday": 12.0, "signal": 0.0, "rx": 359.91, "ry": 305.61, "rz": -0.0, "speed": 3.87}
 timestamp= 1619808452000 [RES] Validate result: 
true
 timestamp= 1619808452000 [RUN] Execute API step: 
The environment controller C INVOKES API Control.Weather.Wetness(wetness_level=Heavy).
 timestamp= 1619808456000 [RES] API result: 
{"pose_arr":[{"vx":1.76,"ay":-3.53,"az":9.86,"ax":-2.52,"pz":10.13,"vy":1.76,"px":552744.66,"py":4182882.12},{"vx":0,"ay":-0.03,"az":9.81,"ax":-0.02,"pz":10.13,"vy":0,"px":552743.78,"py":4182882.75},{"vx":0,"ay":0,"az":9.81,"ax":0,"pz":10.13,"vy":0,"px":552743.78,"py":4182882.75},{"vx":0.28,"ay":2.75,"az":9.8,"ax":1.96,"pz":10.12,"vy":0.28,"px":552743.74,"py":4182882.77},{"vx":1.23,"ay":0.95,"az":9.82,"ax":0.67,"pz":10.12,"vy":1.23,"px":552742.92,"py":4182883.36},{"vx":1.44,"ay":0.35,"az":9.81,"ax":0.25,"pz":10.12,"vy":1.44,"px":552741.69,"py":4182884.23},{"vx":1.79,"ay":0.68,"az":9.82,"ax":0.5,"pz":10.12,"vy":1.79,"px":552740.58,"py":4182885.02}],"traffic_light":[1,1,1,1,3,3],"state_arr":[{"acceleration":-4.76,"throttle":0,"steering_target":0,"brake":52.87,"steering_rate":100,"speed":3.87},{"acceleration":-4.26,"throttle":0,"steering_target":0.19,"brake":52.32,"steering_rate":100,"speed":1.31},{"acceleration":-3,"throttle":0,"steering_target":0.36,"brake":69.85,"steering_rate":100,"speed":0},{"acceleration":0.26,"throttle":52.29,"steering_target":0.36,"brake":0,"steering_rate":100,"speed":0},{"acceleration":0.6,"throttle":86.53,"steering_target":0.51,"brake":0,"steering_rate":100,"speed":1.7},{"acceleration":0.33,"throttle":15.7,"steering_target":0.77,"brake":0,"steering_rate":100,"speed":2.3},{"acceleration":0.75,"throttle":54.85,"steering_target":0.44,"brake":0,"steering_rate":100,"speed":2.74}],"obstacle_arr":[[{"acceleration":{"y":-0.74,"x":1.45,"z":0},"position":{"y":4182885.2,"x":552741.16,"z":10.47},"volume":0.17,"type":"PEDESTRIAN","velocity":{"y":0.06,"x":1.16,"z":0}}],[{"acceleration":{"y":0.16,"x":-1.63,"z":0},"position":{"y":4182885.9,"x":552741.15,"z":10.49},"volume":0.33,"type":"PEDESTRIAN","velocity":{"y":0.66,"x":-0.38,"z":0}}],[{"acceleration":{"y":0.08,"x":-0.33,"z":0},"position":{"y":4182886.32,"x":552741.56,"z":10.45},"volume":0.34,"type":"PEDESTRIAN","velocity":{"y":0.68,"x":-0.36,"z":0}}],[{"acceleration":{"y":-0.57,"x":1.19,"z":0},"position":{"y":4182886.69,"x":552741.92,"z":10.39},"volume":0.43,"type":"PEDESTRIAN","velocity":{"y":0.38,"x":0.45,"z":0}}],[{"acceleration":{"y":-0.64,"x":0.15,"z":0},"position":{"y":4182886.23,"x":552742.79,"z":10.87},"volume":0.12,"type":"PEDESTRIAN","velocity":{"y":-0.55,"x":0.81,"z":0}}],[{"acceleration":{"y":-0.04,"x":0.15,"z":0},"position":{"y":4182885.79,"x":552743.43,"z":11.04},"volume":0.09,"type":"PEDESTRIAN","velocity":{"y":-0.62,"x":1.12,"z":0}}],[{"acceleration":{"y":-0.17,"x":0.47,"z":0},"position":{"y":4182885.44,"x":552744.04,"z":10.48},"volume":0.21,"type":"PEDESTRIAN","velocity":{"y":-0.65,"x":1.26,"z":0}}]],"action_description":"Heavy wetness","ev_state":[-134.615829467773,10.1246356964111,399.860321044922,0,0,1,12,-1,359.933349609375,305.278747558594,-0.00206229486502707,3.142303559985672],"collision_probability":0.479}
 timestamp= 1619808456000 [RUN] Validate G1 Guard Condition: 
The ego vehicle E Detection.Collision == True.
 timestamp= 1619808456000 [RES] Global Validate result: 
false
 timestamp= 1619808456000 [RUN] Validate G2 Guard Condition: 
The ego vehicle E Detection.OffRoad == True.
 timestamp= 1619808456000 [RES] Global Validate result: 
false
 timestamp= 1619808456000 [RUN] Validate G3 Guard Condition: 
The ego vehicle E Detection.HardBrake == True.
 timestamp= 1619808456000 [RES] Global Validate result: 
true
 timestamp= 1619808456000 [RUN] HardBrake == True
 timestamp= 1619808456000 [RUN] RESUME STEP @preStep
 timestamp= 1619808456000 [RUN] Resume step basicflow19
 timestamp= 1619808456000 [RUN] Validate G4 Guard Condition: 
The ego vehicle E Detection.ArrivalTest == True.
 timestamp= 1619808456000 [RES] Global Validate result: 
false
 timestamp= 1619808456000 [RUN] Validate step: 
The test system VALIDATES THAT the Apollo A Status.GetControl is nearly equal to {"acceleration": 0.75, "throttle": 54.85, "steering_target": 0.44, "brake": 0.0, "steering_rate": 100.0, "speed": 2.74}
 timestamp= 1619808456000 [RES] Validate result: 
true
 timestamp= 1619808456000 [RUN] Generate steps
 timestamp= 1619808456000 [RUN] Validate step: 
The test system VALIDATES THAT the simulator S Status.GetEnvironment is nearly equal to {"x": -134.62, "y": 10.12, "z": 399.86, "rain": 0.0, "fog": 0.0, "wetness": 1.0, "timeofday": 12.0, "signal": -1.0, "rx": 359.93, "ry": 305.28, "rz": -0.0, "speed": 3.14}
 timestamp= 1619808456000 [RES] Validate result: 
true
 timestamp= 1619808456000 [RUN] Execute API step: 
The environment controller C INVOKES API Control.Agents.Pedestrians.WalkRandomly(which_lane=Left_Lane).
 timestamp= 1619808459000 [RES] API result: 
{"pose_arr":[{"vx":2.52,"ay":0,"az":9.81,"ax":0,"pz":10.12,"vy":2.52,"px":552738.97,"py":4182886.16},{"vx":3.06,"ay":0.62,"az":9.81,"ax":0.43,"pz":10.12,"vy":3.06,"px":552736.03,"py":4182888.23},{"vx":3.33,"ay":0.62,"az":9.81,"ax":0.43,"pz":10.12,"vy":3.33,"px":552732.68,"py":4182890.57},{"vx":3.51,"ay":0.52,"az":9.81,"ax":0.36,"pz":10.12,"vy":3.51,"px":552730.26,"py":4182892.24},{"vx":3.62,"ay":-0.51,"az":9.83,"ax":-0.35,"pz":10.12,"vy":3.62,"px":552725.93,"py":4182895.23},{"vx":3.63,"ay":0.2,"az":9.81,"ax":0.13,"pz":10.12,"vy":3.63,"px":552722.19,"py":4182897.8}],"traffic_light":[3,3,3,3,3],"state_arr":[{"acceleration":1.83,"throttle":43.89,"steering_target":0.38,"brake":0,"steering_rate":100,"speed":3.14},{"acceleration":0.94,"throttle":15.7,"steering_target":0.34,"brake":0,"steering_rate":100,"speed":4.78},{"acceleration":0.9,"throttle":20.03,"steering_target":0.37,"brake":0,"steering_rate":100,"speed":5.35},{"acceleration":0.65,"throttle":21.74,"steering_target":0.29,"brake":0,"steering_rate":100,"speed":5.84},{"acceleration":0.62,"throttle":20.09,"steering_target":0.23,"brake":0,"steering_rate":100,"speed":6.21},{"acceleration":-0.38,"throttle":0,"steering_target":0.18,"brake":14.5,"steering_rate":100,"speed":6.5},{"acceleration":0.95,"throttle":15.7,"steering_target":1.25,"brake":0,"steering_rate":100,"speed":6.48}],"obstacle_arr":[[{"acceleration":{"y":-0.16,"x":0.38,"z":0},"position":{"y":4182885.4,"x":552744.14,"z":10.49},"volume":0.17,"type":"PEDESTRIAN","velocity":{"y":-0.71,"x":1.34,"z":0}}],[{"acceleration":{"y":-0.26,"x":0.11,"z":0},"position":{"y":4182885.1,"x":552744.68,"z":10.55},"volume":0.07,"type":"PEDESTRIAN","velocity":{"y":-0.85,"x":1.38,"z":0}}],[],[{"acceleration":{"y":0,"x":0.01,"z":0},"position":{"y":4182893.62,"x":552723.73,"z":10.54},"volume":0.2,"type":"PEDESTRIAN","velocity":{"y":-0.12,"x":0.48,"z":0}}],[{"acceleration":{"y":0.03,"x":0.32,"z":0},"position":{"y":4182893.21,"x":552724.58,"z":10.44},"volume":0.28,"type":"PEDESTRIAN","velocity":{"y":-0.19,"x":0.75,"z":0}}],[{"acceleration":{"y":-1,"x":1.5,"z":0},"position":{"y":4182893.03,"x":552725.22,"z":10.52},"volume":0.15,"type":"PEDESTRIAN","velocity":{"y":-0.76,"x":1.65,"z":0}}]],"action_description":"Pedestrian crossing the road (left to right)","ev_state":[-153.163421630859,10.124171257019,412.692718505859,0,0,1,12,1,359.976776123047,303.685028076172,359.914947509766,6.617102827877008],"collision_probability":0.322}
 timestamp= 1619808459000 [RUN] Validate G1 Guard Condition: 
The ego vehicle E Detection.Collision == True.
 timestamp= 1619808459000 [RES] Global Validate result: 
false
 timestamp= 1619808459000 [RUN] Validate G2 Guard Condition: 
The ego vehicle E Detection.OffRoad == True.
 timestamp= 1619808459000 [RES] Global Validate result: 
false
 timestamp= 1619808459000 [RUN] Validate G3 Guard Condition: 
The ego vehicle E Detection.HardBrake == True.
 timestamp= 1619808459000 [RES] Global Validate result: 
false
 timestamp= 1619808459000 [RUN] Validate G4 Guard Condition: 
The ego vehicle E Detection.ArrivalTest == True.
 timestamp= 1619808459000 [RES] Global Validate result: 
false
 timestamp= 1619808459000 [RUN] Validate step: 
The test system VALIDATES THAT the Apollo A Status.GetControl is nearly equal to {"acceleration": 0.95, "throttle": 15.7, "steering_target": 1.25, "brake": 0.0, "steering_rate": 100.0, "speed": 6.48}
 timestamp= 1619808459000 [RES] Validate result: 
true
 timestamp= 1619808459000 [RUN] Generate steps
 timestamp= 1619808459000 [RUN] Validate step: 
The test system VALIDATES THAT the simulator S Status.GetEnvironment is nearly equal to {"x": -153.16, "y": 10.12, "z": 412.69, "rain": 0.0, "fog": 0.0, "wetness": 1.0, "timeofday": 12.0, "signal": 1.0, "rx": 359.98, "ry": 303.69, "rz": 359.91, "speed": 6.62}
 timestamp= 1619808459000 [RES] Validate result: 
true
 timestamp= 1619808459000 [RUN] Execute API step: 
The environment controller C INVOKES API Control.Agents.Pedestrians.WalkRandomly(which_lane=Left_Lane).
 timestamp= 1619808463000 [RES] API result: 
{"pose_arr":[{"vx":3.66,"ay":1.04,"az":9.8,"ax":0.64,"pz":10.12,"vy":3.66,"px":552719.59,"py":4182899.49},{"vx":3.87,"ay":0.65,"az":9.8,"ax":0.5,"pz":10.12,"vy":3.87,"px":552716.19,"py":4182901.55},{"vx":3.94,"ay":0.19,"az":9.82,"ax":0.13,"pz":10.12,"vy":3.94,"px":552711.85,"py":4182904.18},{"vx":3.88,"ay":0,"az":9.81,"ax":0,"pz":10.12,"vy":3.88,"px":552707.2,"py":4182906.91},{"vx":3.37,"ay":-0.98,"az":9.81,"ax":-0.57,"pz":10.13,"vy":3.37,"px":552703.31,"py":4182909.19},{"vx":3.17,"ay":-0.5,"az":9.8,"ax":-0.27,"pz":10.13,"vy":3.17,"px":552700.38,"py":4182910.89},{"vx":3.19,"ay":0.16,"az":9.81,"ax":0.23,"pz":10.12,"vy":3.19,"px":552697.59,"py":4182912.54}],"traffic_light":[3,3,3,3,3,3],"state_arr":[{"acceleration":1.39,"throttle":31.36,"steering_target":5.68,"brake":0,"steering_rate":100,"speed":6.62},{"acceleration":1.21,"throttle":15.7,"steering_target":-0.78,"brake":0,"steering_rate":100,"speed":7.21},{"acceleration":0.82,"throttle":15.7,"steering_target":1.84,"brake":0,"steering_rate":100,"speed":7.53},{"acceleration":0.55,"throttle":15.7,"steering_target":0.24,"brake":0,"steering_rate":100,"speed":7.82},{"acceleration":-2.27,"throttle":0,"steering_target":-0.2,"brake":32.41,"steering_rate":100,"speed":7.6},{"acceleration":-0.85,"throttle":0,"steering_target":0.17,"brake":19.44,"steering_rate":100,"speed":6.66},{"acceleration":-0.05,"throttle":0,"steering_target":-0.43,"brake":14.5,"steering_rate":100,"speed":6.27},{"acceleration":0.94,"throttle":15.7,"steering_target":-2.57,"brake":0,"steering_rate":100,"speed":6.38}],"obstacle_arr":[[{"acceleration":{"y":-0.1,"x":-0.19,"z":0},"position":{"y":4182893.29,"x":552725.15,"z":10.41},"volume":0.2,"type":"PEDESTRIAN","velocity":{"y":-0.66,"x":1.32,"z":0}}],[{"acceleration":{"y":-0.23,"x":0.28,"z":0},"position":{"y":4182892.98,"x":552726.22,"z":10.13},"volume":0.29,"type":"PEDESTRIAN","velocity":{"y":-0.82,"x":1.41,"z":0}}],[{"acceleration":{"y":-0.11,"x":0.19,"z":0},"position":{"y":4182893.07,"x":552726.53,"z":10.59},"volume":0.1,"type":"PEDESTRIAN","velocity":{"y":-0.95,"x":1.59,"z":0}}],[{"acceleration":{"y":0,"x":0,"z":0},"position":{"y":4182907.24,"x":552704.53,"z":10.6},"volume":0.15,"type":"PEDESTRIAN","velocity":{"y":0,"x":0,"z":0}}],[],[],[]],"action_description":"Pedestrian crossing the road (left to right)","ev_state":[-177.647750854492,10.1242046356201,427.238189697266,0,0,1,12,1,-0.00506729679182172,299.792816162109,0.0127198342233896,6.380924748242415],"collision_probability":1}
 timestamp= 1619808463000 [RUN] Validate G1 Guard Condition: 
The ego vehicle E Detection.Collision == True.
 timestamp= 1619808463000 [RES] Global Validate result: 
true
 timestamp= 1619808463000 [RUN] Collision == True
 timestamp= 1619808463000 [RUN] Validate G2 Guard Condition: 
The ego vehicle E Detection.OffRoad == True.
 timestamp= 1619808463000 [RES] Global Validate result: 
false
 timestamp= 1619808463000 [RUN] Validate G3 Guard Condition: 
The ego vehicle E Detection.HardBrake == True.
 timestamp= 1619808463000 [RES] Global Validate result: 
false
 timestamp= 1619808463000 [RUN] Validate G4 Guard Condition: 
The ego vehicle E Detection.ArrivalTest == True.
 timestamp= 1619808463000 [RES] Global Validate result: 
false
 timestamp= 1619808463000 [RUN] Validate step: 
The test system VALIDATES THAT the Apollo A Status.GetControl is nearly equal to {"acceleration": 0.94, "throttle": 15.7, "steering_target": -2.57, "brake": 0.0, "steering_rate": 100.0, "speed": 6.38}
 timestamp= 1619808463000 [RES] Validate result: 
true
 timestamp= 1619808463000 [RUN] Generate steps
 timestamp= 1619808463000 [RUN] Validate step: 
The test system VALIDATES THAT the simulator S Status.GetEnvironment is nearly equal to {"x": -177.65, "y": 10.12, "z": 427.24, "rain": 0.0, "fog": 0.0, "wetness": 1.0, "timeofday": 12.0, "signal": 1.0, "rx": -0.01, "ry": 299.79, "rz": 0.01, "speed": 6.38}
 timestamp= 1619808463000 [RES] Validate result: 
true
 timestamp= 1619808463000 [RUN] Execute API step: 
The environment controller C INVOKES API Control.Weather.Wetness(wetness_level=Heavy).
 timestamp= 1619808466000 [RES] API result: 
{"pose_arr":[{"vx":3.51,"ay":0.88,"az":9.8,"ax":0.24,"pz":10.12,"vy":3.51,"px":552694.82,"py":4182914.15},{"vx":3.3,"ay":0.13,"az":9.83,"ax":0.26,"pz":10.12,"vy":3.3,"px":552691.2,"py":4182916.29},{"vx":3.45,"ay":0.17,"az":9.81,"ax":0.17,"pz":10.12,"vy":3.45,"px":552686.38,"py":4182918.83},{"vx":3.47,"ay":0.16,"az":9.81,"ax":0.2,"pz":10.12,"vy":3.47,"px":552682.46,"py":4182920.93},{"vx":3.61,"ay":0.21,"az":9.82,"ax":0.09,"pz":10.12,"vy":3.61,"px":552677.9,"py":4182923.31},{"vx":3.7,"ay":0.2,"az":9.8,"ax":0.11,"pz":10.12,"vy":3.7,"px":552672.67,"py":4182926.1}],"traffic_light":[3,3,3,3,3],"state_arr":[{"acceleration":1.01,"throttle":26.44,"steering_target":0.02,"brake":0,"steering_rate":100,"speed":6.81},{"acceleration":1.2,"throttle":15.7,"steering_target":8.08,"brake":0,"steering_rate":100,"speed":6.95},{"acceleration":1.2,"throttle":15.7,"steering_target":-3.07,"brake":0,"steering_rate":100,"speed":7.17},{"acceleration":0.73,"throttle":15.7,"steering_target":3.06,"brake":0,"steering_rate":100,"speed":7.41},{"acceleration":0.24,"throttle":15.7,"steering_target":-1.25,"brake":0,"steering_rate":100,"speed":7.62},{"acceleration":-0.12,"throttle":0,"steering_target":-0.14,"brake":14.5,"steering_rate":100,"speed":7.73},{"acceleration":-0.22,"throttle":0,"steering_target":-0.68,"brake":14.5,"steering_rate":100,"speed":7.79}],"obstacle_arr":[[{"acceleration":{"y":0,"x":0,"z":0},"position":{"y":4182919.24,"x":552697.17,"z":10.34},"volume":0.03,"type":"UNKNOWN","velocity":{"y":0,"x":0,"z":0}}],[{"acceleration":{"y":0,"x":0,"z":0},"position":{"y":4182919.44,"x":552697,"z":10.45},"volume":0.02,"type":"UNKNOWN","velocity":{"y":0,"x":0,"z":0}},{"acceleration":{"y":0,"x":0,"z":0},"position":{"y":4182911.68,"x":552699.03,"z":10.45},"volume":0.16,"type":"PEDESTRIAN","velocity":{"y":-0.09,"x":0.82,"z":0}}],[{"acceleration":{"y":0.44,"x":-0.07,"z":0},"position":{"y":4182912.11,"x":552699.46,"z":10.46},"volume":0.08,"type":"PEDESTRIAN","velocity":{"y":0.38,"x":0.75,"z":0}}],[],[],[]],"action_description":"Heavy wetness","ev_state":[-203.294143676758,10.1239156723022,441.139801025391,0,0,1,12,1,359.988861083984,298.334411621094,0.0251373555511236,7.793486301235748],"collision_probability":0}
 timestamp= 1619808466000 [RUN] Validate G1 Guard Condition: 
The ego vehicle E Detection.Collision == True.
 timestamp= 1619808466000 [RES] Global Validate result: 
false
 timestamp= 1619808466000 [RUN] Validate G2 Guard Condition: 
The ego vehicle E Detection.OffRoad == True.
 timestamp= 1619808466000 [RES] Global Validate result: 
false
 timestamp= 1619808466000 [RUN] Validate G3 Guard Condition: 
The ego vehicle E Detection.HardBrake == True.
 timestamp= 1619808466000 [RES] Global Validate result: 
false
 timestamp= 1619808466000 [RUN] Validate G4 Guard Condition: 
The ego vehicle E Detection.ArrivalTest == True.
 timestamp= 1619808467000 [RES] Global Validate result: 
false
 timestamp= 1619808467000 [RUN] Validate step: 
The test system VALIDATES THAT the Apollo A Status.GetControl is nearly equal to {"acceleration": -0.22, "throttle": 0.0, "steering_target": -0.68, "brake": 14.5, "steering_rate": 100.0, "speed": 7.79}
 timestamp= 1619808467000 [RES] Validate result: 
true
 timestamp= 1619808467000 [RUN] Generate steps
 timestamp= 1619808467000 [RUN] Validate step: 
The test system VALIDATES THAT the simulator S Status.GetEnvironment is nearly equal to {"x": -203.29, "y": 10.12, "z": 441.14, "rain": 0.0, "fog": 0.0, "wetness": 1.0, "timeofday": 12.0, "signal": 1.0, "rx": 359.99, "ry": 298.33, "rz": 0.03, "speed": 7.79}
 timestamp= 1619808467000 [RES] Validate result: 
true
 timestamp= 1619808467000 [RUN] Execute API step: 
The environment controller C INVOKES API Control.Agents.Pedestrians.WalkRandomly(which_lane=Left_Lane).
 timestamp= 1619808470000 [RES] API result: 
{"pose_arr":[{"vx":3.64,"ay":-0.56,"az":9.82,"ax":-0.3,"pz":10.12,"vy":3.64,"px":552669.71,"py":4182927.69},{"vx":3.53,"ay":-0.52,"az":9.81,"ax":-0.29,"pz":10.12,"vy":3.53,"px":552665.42,"py":4182930.04},{"vx":3.42,"ay":-0.5,"az":9.83,"ax":-0.3,"pz":10.12,"vy":3.42,"px":552661.97,"py":4182931.98},{"vx":3.28,"ay":-0.5,"az":9.81,"ax":-0.29,"pz":10.13,"vy":3.28,"px":552657.64,"py":4182934.45},{"vx":3.12,"ay":-0.5,"az":9.81,"ax":-0.3,"pz":10.13,"vy":3.12,"px":552653.98,"py":4182936.62},{"vx":2.84,"ay":-2.4,"az":9.85,"ax":-1.46,"pz":10.13,"vy":2.84,"px":552651.57,"py":4182938.08}],"traffic_light":[3,3,3,3,3],"state_arr":[{"acceleration":-0.1,"throttle":0,"steering_target":-0.68,"brake":14.5,"steering_rate":100,"speed":7.48},{"acceleration":-0.25,"throttle":0,"steering_target":-0.95,"brake":14.5,"steering_rate":100,"speed":7.23},{"acceleration":-0.3,"throttle":0,"steering_target":-0.94,"brake":14.5,"steering_rate":100,"speed":6.93},{"acceleration":-0.54,"throttle":0,"steering_target":-1.64,"brake":16.43,"steering_rate":100,"speed":6.57},{"acceleration":-0.65,"throttle":0,"steering_target":-0.86,"brake":16.73,"steering_rate":100,"speed":6.19},{"acceleration":-0.5,"throttle":0,"steering_target":-0.9,"brake":14.5,"steering_rate":100,"speed":5.44},{"acceleration":-0.73,"throttle":0,"steering_target":-0.77,"brake":16.62,"steering_rate":100,"speed":5.12}],"obstacle_arr":[[],[],[{"acceleration":{"y":0,"x":-0.01,"z":0},"position":{"y":4182932.13,"x":552652.46,"z":10.52},"volume":0.05,"type":"PEDESTRIAN","velocity":{"y":0.58,"x":-1.18,"z":0}}],[{"acceleration":{"y":0.05,"x":-0.37,"z":0},"position":{"y":4182931.51,"x":552652.87,"z":10.42},"volume":0.21,"type":"PEDESTRIAN","velocity":{"y":0.42,"x":-1.08,"z":0}}],[{"acceleration":{"y":-0.16,"x":-0.3,"z":0},"position":{"y":4182931.01,"x":552653.45,"z":10.41},"volume":0.11,"type":"PEDESTRIAN","velocity":{"y":0.39,"x":-1.37,"z":0}}],[{"acceleration":{"y":-0.36,"x":0.17,"z":0},"position":{"y":4182930.5,"x":552653.69,"z":10.43},"volume":0.16,"type":"PEDESTRIAN","velocity":{"y":0.18,"x":-1.41,"z":0}}],[{"acceleration":{"y":-0.35,"x":0.45,"z":0},"position":{"y":4182930.01,"x":552653.94,"z":10.54},"volume":0.03,"type":"PEDESTRIAN","velocity":{"y":-0.12,"x":-1.11,"z":0}}]],"action_description":"Pedestrian crossing the road (left to right)","ev_state":[-226.017440795898,10.1244344711304,454.267974853516,0,0,1,12,1,0.0408483371138573,301.664611816406,0.0151402354240417,5.07074333522708],"collision_probability":0}
 timestamp= 1619808470000 [RUN] Validate G1 Guard Condition: 
The ego vehicle E Detection.Collision == True.
 timestamp= 1619808470000 [RES] Global Validate result: 
false
 timestamp= 1619808470000 [RUN] Validate G2 Guard Condition: 
The ego vehicle E Detection.OffRoad == True.
 timestamp= 1619808470000 [RES] Global Validate result: 
false
 timestamp= 1619808470000 [RUN] Validate G3 Guard Condition: 
The ego vehicle E Detection.HardBrake == True.
 timestamp= 1619808470000 [RES] Global Validate result: 
false
 timestamp= 1619808470000 [RUN] Validate G4 Guard Condition: 
The ego vehicle E Detection.ArrivalTest == True.
 timestamp= 1619808470000 [RES] Global Validate result: 
false
 timestamp= 1619808470000 [RUN] Validate step: 
The test system VALIDATES THAT the Apollo A Status.GetControl is nearly equal to {"acceleration": -0.73, "throttle": 0.0, "steering_target": -0.77, "brake": 16.62, "steering_rate": 100.0, "speed": 5.12}
 timestamp= 1619808470000 [RES] Validate result: 
true
 timestamp= 1619808470000 [RUN] Generate steps
 timestamp= 1619808470000 [RUN] Validate step: 
The test system VALIDATES THAT the simulator S Status.GetEnvironment is nearly equal to {"x": -226.02, "y": 10.12, "z": 454.27, "rain": 0.0, "fog": 0.0, "wetness": 1.0, "timeofday": 12.0, "signal": 1.0, "rx": 0.04, "ry": 301.66, "rz": 0.02, "speed": 5.07}
 timestamp= 1619808470000 [RES] Validate result: 
true
 timestamp= 1619808470000 [RUN] Execute API step: 
The environment controller C INVOKES API Control.Agents.Pedestrians.WalkRandomly(which_lane=Left_Lane).
 timestamp= 1619808474000 [RES] API result: 
{"pose_arr":[{"vx":2.69,"ay":-0.54,"az":9.81,"ax":-0.34,"pz":10.13,"vy":2.69,"px":552649.35,"py":4182939.43},{"vx":2.42,"ay":-2.34,"az":9.85,"ax":-1.47,"pz":10.13,"vy":2.42,"px":552646.73,"py":4182941.05},{"vx":2.05,"ay":-0.44,"az":9.81,"ax":-0.28,"pz":10.13,"vy":2.05,"px":552644.48,"py":4182942.46},{"vx":1.87,"ay":-0.54,"az":9.81,"ax":-0.34,"pz":10.13,"vy":1.87,"px":552642.52,"py":4182943.7},{"vx":1.68,"ay":-0.61,"az":9.81,"ax":-0.39,"pz":10.13,"vy":1.68,"px":552640.98,"py":4182944.67},{"vx":1.43,"ay":-0.59,"az":9.81,"ax":-0.38,"pz":10.13,"vy":1.43,"px":552639.34,"py":4182945.71},{"vx":1.18,"ay":-0.64,"az":9.81,"ax":-0.41,"pz":10.13,"vy":1.18,"px":552638.02,"py":4182946.55}],"traffic_light":[3,3,3,3,3,3,3],"state_arr":[{"acceleration":-0.79,"throttle":0,"steering_target":-0.61,"brake":17.86,"steering_rate":100,"speed":4.76},{"acceleration":-0.36,"throttle":0,"steering_target":-0.53,"brake":14.5,"steering_rate":100,"speed":3.97},{"acceleration":-0.63,"throttle":0,"steering_target":-0.45,"brake":15.41,"steering_rate":100,"speed":3.71},{"acceleration":-0.7,"throttle":0,"steering_target":-0.33,"brake":16.75,"steering_rate":100,"speed":3.41},{"acceleration":-0.72,"throttle":0,"steering_target":-0.23,"brake":16.99,"steering_rate":100,"speed":3.07},{"acceleration":-0.77,"throttle":0,"steering_target":-0.13,"brake":17.99,"steering_rate":100,"speed":2.63},{"acceleration":-0.71,"throttle":0,"steering_target":-0.04,"brake":17.21,"steering_rate":100,"speed":2.2}],"obstacle_arr":[[{"acceleration":{"y":-0.27,"x":0.45,"z":0},"position":{"y":4182929.68,"x":552654.07,"z":10.7},"volume":0.08,"type":"PEDESTRIAN","velocity":{"y":-0.31,"x":-0.78,"z":0}}],[],[],[],[],[{"acceleration":{"y":0,"x":0,"z":0},"position":{"y":4182974.2,"x":552642.05,"z":10.61},"volume":3.08,"type":"VEHICLE","velocity":{"y":0,"x":0,"z":0}}]],"action_description":"Pedestrian crossing the road (left to right)","ev_state":[-237.589752197266,10.1247625350952,461.562622070313,0,0,1,12,0,0.0429384335875511,302.437072753906,0.0000870816002134234,2.0054979820983445],"collision_probability":0}
 timestamp= 1619808474000 [RUN] Validate G1 Guard Condition: 
The ego vehicle E Detection.Collision == True.
 timestamp= 1619808474000 [RES] Global Validate result: 
false
 timestamp= 1619808474000 [RUN] Validate G2 Guard Condition: 
The ego vehicle E Detection.OffRoad == True.
 timestamp= 1619808474000 [RES] Global Validate result: 
false
 timestamp= 1619808474000 [RUN] Validate G3 Guard Condition: 
The ego vehicle E Detection.HardBrake == True.
 timestamp= 1619808474000 [RES] Global Validate result: 
false
 timestamp= 1619808474000 [RUN] Validate G4 Guard Condition: 
The ego vehicle E Detection.ArrivalTest == True.
 timestamp= 1619808474000 [RES] Global Validate result: 
true
 timestamp= 1619808474000 [RUN] ArrivalTest == True
 timestamp= 1619808474000 [RUN] The simulator S INVOKES API Command.Simulation.Stop() to stop simulation.
 timestamp= 1619808474000 [WARNING] The test system Stop the Simulator S!
 timestamp= 1619808474000 [RES] Basic PostCondition Validate result: 
true
 timestamp= 1619808474000 [STOP] numberOfStep: 37 basicFlow: 
[{"name":"","description":"","eClass":"Sentence","content":"The test system VALIDATES THAT the simulator S Status.GetEnvironment is nearly equal to {\"x\": -11.14, \"y\": 10.12, \"z\": 307.39, \"rain\": 0.0, \"fog\": 0.0, \"wetness\": 0.0, \"timeofday\": 12.0, \"signal\": -1.0, \"rx\": 359.9, \"ry\": 305.49, \"rz\": 0.04, \"speed\": 2.82}","natures":[]},{"name":"","description":"","eClass":"Sentence","content":"The environment controller C INVOKES API Control.Agents.Pedestrians.WalkRandomly(which_lane=Left_Lane).","natures":[]},{"name":"","description":"","eClass":"Sentence","content":"The test system VALIDATES THAT the Apollo A Status.GetControl is nearly equal to {\"acceleration\": 1.01, \"throttle\": 15.7, \"steering_target\": -0.18, \"brake\": 0.0, \"steering_rate\": 100.0, \"speed\": 5.94}","natures":[]},{"name":"","description":"","eClass":"Sentence","content":"The test system VALIDATES THAT the simulator S Status.GetEnvironment is nearly equal to {\"x\": -26.38, \"y\": 10.12, \"z\": 318.65, \"rain\": 0.0, \"fog\": 0.0, \"wetness\": 0.0, \"timeofday\": 12.0, \"signal\": 1.0, \"rx\": 359.95, \"ry\": 306.78, \"rz\": 0.01, \"speed\": 5.94}","natures":[]},{"name":"","description":"","eClass":"Sentence","content":"The environment controller C INVOKES API Control.Agents.Pedestrians.WalkRandomly(which_lane=Left_Lane).","natures":[]},{"name":"","description":"","eClass":"Sentence","content":"The test system VALIDATES THAT the Apollo A Status.GetControl is nearly equal to {\"acceleration\": 0.78, \"throttle\": 15.7, \"steering_target\": -0.17, \"brake\": 0.0, \"steering_rate\": 100.0, \"speed\": 6.79}","natures":[]},{"name":"","description":"","eClass":"Sentence","content":"The test system VALIDATES THAT the simulator S Status.GetEnvironment is nearly equal to {\"x\": -48.24, \"y\": 10.12, \"z\": 335.21, \"rain\": 0.0, \"fog\": 0.0, \"wetness\": 0.0, \"timeofday\": 12.0, \"signal\": 0.0, \"rx\": 359.97, \"ry\": 307.43, \"rz\": 0.01, \"speed\": 6.86}","natures":[]},{"name":"","description":"","eClass":"Sentence","content":"The environment controller C INVOKES API Control.Agents.Pedestrians.WalkRandomly(which_lane=Left_Lane).","natures":[]},{"name":"","description":"","eClass":"Sentence","content":"The test system VALIDATES THAT the Apollo A Status.GetControl is nearly equal to {\"acceleration\": 0.45, \"throttle\": 18.96, \"steering_target\": 0.13, \"brake\": 0.0, \"steering_rate\": 100.0, \"speed\": 8.0}","natures":[]},{"name":"","description":"","eClass":"Sentence","content":"The test system VALIDATES THAT the simulator S Status.GetEnvironment is nearly equal to {\"x\": -72.29, \"y\": 10.12, \"z\": 353.66, \"rain\": 0.0, \"fog\": 0.0, \"wetness\": 0.0, \"timeofday\": 12.0, \"signal\": -1.0, \"rx\": 359.98, \"ry\": 307.36, \"rz\": -0.01, \"speed\": 8.18}","natures":[]},{"name":"","description":"","eClass":"Sentence","content":"The environment controller C INVOKES API Control.Agents.Pedestrians.WalkRandomly(which_lane=Left_Lane).","natures":[]},{"name":"","description":"","eClass":"Sentence","content":"The test system VALIDATES THAT the Apollo A Status.GetControl is nearly equal to {\"acceleration\": -0.27, \"throttle\": 0.0, \"steering_target\": -0.07, \"brake\": 15.87, \"steering_rate\": 100.0, \"speed\": 7.56}","natures":[]},{"name":"","description":"","eClass":"Sentence","content":"The test system VALIDATES THAT the simulator S Status.GetEnvironment is nearly equal to {\"x\": -98.36, \"y\": 10.12, \"z\": 373.28, \"rain\": 0.0, \"fog\": 0.0, \"wetness\": 0.0, \"timeofday\": 12.0, \"signal\": 1.0, \"rx\": 0.12, \"ry\": 306.75, \"rz\": 0.0, \"speed\": 6.81}","natures":[]},{"name":"","description":"","eClass":"Sentence","content":"The environment controller C INVOKES API Control.Agents.Pedestrians.WalkRandomly(which_lane=Left_Lane).","natures":[]},{"name":"","description":"","eClass":"Sentence","content":"The test system VALIDATES THAT the Apollo A Status.GetControl is nearly equal to {\"acceleration\": -1.17, \"throttle\": 0.0, \"steering_target\": 0.18, \"brake\": 22.16, \"steering_rate\": 100.0, \"speed\": 5.08}","natures":[]},{"name":"","description":"","eClass":"Sentence","content":"The test system VALIDATES THAT the simulator S Status.GetEnvironment is nearly equal to {\"x\": -117.89, \"y\": 10.12, \"z\": 387.79, \"rain\": 0.0, \"fog\": 0.0, \"wetness\": 0.0, \"timeofday\": 12.0, \"signal\": 1.0, \"rx\": 0.06, \"ry\": 306.44, \"rz\": -0.0, \"speed\": 4.68}","natures":[]},{"name":"","description":"","eClass":"Sentence","content":"The environment controller C INVOKES API Control.Agents.Pedestrians.WalkRandomly(which_lane=Left_Lane).","natures":[]},{"name":"","description":"","eClass":"Sentence","content":"The test system VALIDATES THAT the Apollo A Status.GetControl is nearly equal to {\"acceleration\": 0.79, \"throttle\": 49.11, \"steering_target\": 0.47, \"brake\": 0.0, \"steering_rate\": 100.0, \"speed\": 3.23}","natures":[]},{"name":"","description":"","eClass":"Sentence","content":"The test system VALIDATES THAT the simulator S Status.GetEnvironment is nearly equal to {\"x\": -129.8, \"y\": 10.12, \"z\": 396.44, \"rain\": 0.0, \"fog\": 0.0, \"wetness\": 0.0, \"timeofday\": 12.0, \"signal\": 0.0, \"rx\": 359.91, \"ry\": 305.61, \"rz\": -0.0, \"speed\": 3.87}","natures":[]},{"name":"","description":"","eClass":"Sentence","content":"The environment controller C INVOKES API Control.Weather.Wetness(wetness_level=Heavy).","natures":[]},{"name":"","description":"","eClass":"Sentence","content":"The test system VALIDATES THAT the Apollo A Status.GetControl is nearly equal to {\"acceleration\": 0.75, \"throttle\": 54.85, \"steering_target\": 0.44, \"brake\": 0.0, \"steering_rate\": 100.0, \"speed\": 2.74}","natures":[]},{"name":"","description":"","eClass":"Sentence","content":"The test system VALIDATES THAT the simulator S Status.GetEnvironment is nearly equal to {\"x\": -134.62, \"y\": 10.12, \"z\": 399.86, \"rain\": 0.0, \"fog\": 0.0, \"wetness\": 1.0, \"timeofday\": 12.0, \"signal\": -1.0, \"rx\": 359.93, \"ry\": 305.28, \"rz\": -0.0, \"speed\": 3.14}","natures":[]},{"name":"","description":"","eClass":"Sentence","content":"The environment controller C INVOKES API Control.Agents.Pedestrians.WalkRandomly(which_lane=Left_Lane).","natures":[]},{"name":"","description":"","eClass":"Sentence","content":"The test system VALIDATES THAT the Apollo A Status.GetControl is nearly equal to {\"acceleration\": 0.95, \"throttle\": 15.7, \"steering_target\": 1.25, \"brake\": 0.0, \"steering_rate\": 100.0, \"speed\": 6.48}","natures":[]},{"name":"","description":"","eClass":"Sentence","content":"The test system VALIDATES THAT the simulator S Status.GetEnvironment is nearly equal to {\"x\": -153.16, \"y\": 10.12, \"z\": 412.69, \"rain\": 0.0, \"fog\": 0.0, \"wetness\": 1.0, \"timeofday\": 12.0, \"signal\": 1.0, \"rx\": 359.98, \"ry\": 303.69, \"rz\": 359.91, \"speed\": 6.62}","natures":[]},{"name":"","description":"","eClass":"Sentence","content":"The environment controller C INVOKES API Control.Agents.Pedestrians.WalkRandomly(which_lane=Left_Lane).","natures":[]},{"name":"","description":"","eClass":"Sentence","content":"The test system VALIDATES THAT the Apollo A Status.GetControl is nearly equal to {\"acceleration\": 0.94, \"throttle\": 15.7, \"steering_target\": -2.57, \"brake\": 0.0, \"steering_rate\": 100.0, \"speed\": 6.38}","natures":[]},{"name":"","description":"","eClass":"Sentence","content":"The test system VALIDATES THAT the simulator S Status.GetEnvironment is nearly equal to {\"x\": -177.65, \"y\": 10.12, \"z\": 427.24, \"rain\": 0.0, \"fog\": 0.0, \"wetness\": 1.0, \"timeofday\": 12.0, \"signal\": 1.0, \"rx\": -0.01, \"ry\": 299.79, \"rz\": 0.01, \"speed\": 6.38}","natures":[]},{"name":"","description":"","eClass":"Sentence","content":"The environment controller C INVOKES API Control.Weather.Wetness(wetness_level=Heavy).","natures":[]},{"name":"","description":"","eClass":"Sentence","content":"The test system VALIDATES THAT the Apollo A Status.GetControl is nearly equal to {\"acceleration\": -0.22, \"throttle\": 0.0, \"steering_target\": -0.68, \"brake\": 14.5, \"steering_rate\": 100.0, \"speed\": 7.79}","natures":[]},{"name":"","description":"","eClass":"Sentence","content":"The test system VALIDATES THAT the simulator S Status.GetEnvironment is nearly equal to {\"x\": -203.29, \"y\": 10.12, \"z\": 441.14, \"rain\": 0.0, \"fog\": 0.0, \"wetness\": 1.0, \"timeofday\": 12.0, \"signal\": 1.0, \"rx\": 359.99, \"ry\": 298.33, \"rz\": 0.03, \"speed\": 7.79}","natures":[]},{"name":"","description":"","eClass":"Sentence","content":"The environment controller C INVOKES API Control.Agents.Pedestrians.WalkRandomly(which_lane=Left_Lane).","natures":[]},{"name":"","description":"","eClass":"Sentence","content":"The test system VALIDATES THAT the Apollo A Status.GetControl is nearly equal to {\"acceleration\": -0.73, \"throttle\": 0.0, \"steering_target\": -0.77, \"brake\": 16.62, \"steering_rate\": 100.0, \"speed\": 5.12}","natures":[]},{"name":"","description":"","eClass":"Sentence","content":"The test system VALIDATES THAT the simulator S Status.GetEnvironment is nearly equal to {\"x\": -226.02, \"y\": 10.12, \"z\": 454.27, \"rain\": 0.0, \"fog\": 0.0, \"wetness\": 1.0, \"timeofday\": 12.0, \"signal\": 1.0, \"rx\": 0.04, \"ry\": 301.66, \"rz\": 0.02, \"speed\": 5.07}","natures":[]},{"name":"","description":"","eClass":"Sentence","content":"The environment controller C INVOKES API Control.Agents.Pedestrians.WalkRandomly(which_lane=Left_Lane).","natures":[]},{"name":"","description":"","eClass":"Sentence","content":"The test system VALIDATES THAT the Apollo A Status.GetControl is nearly equal to {\"acceleration\": -0.71, \"throttle\": 0.0, \"steering_target\": -0.04, \"brake\": 17.21, \"steering_rate\": 100.0, \"speed\": 2.2}","natures":[]},{"name":"","description":"","eClass":"Sentence","content":"","natures":[]}]
