 timestamp= 1619815062000 [START] Now Run TCS Maintain Lane On Road1 Mode: dynamic Roadnum: 3 Second: 4
 timestamp= 1619815062000 [SUCCESS] TCS Check Success 
 timestamp= 1619815065000 [RUN] Run BasicFlow
 timestamp= 1619815065000 [RUN] Generate steps
 timestamp= 1619815065000 [RUN] Validate step: 
The test system VALIDATES THAT the simulator S Status.GetEnvironment is nearly equal to {"x": -244.81, "y": 10.12, "z": 465.34, "rain": 0.0, "fog": 0.0, "wetness": 0.0, "timeofday": 12.0, "signal": 1.0, "rx": 0.0, "ry": 305.82, "rz": -0.0, "speed": 0.0}
 timestamp= 1619815065000 [RES] Validate result: 
true
 timestamp= 1619815065000 [RUN] Execute API step: 
The environment controller C INVOKES API Control.Agents.Pedestrians.WalkRandomly(which_lane=Current_Lane).
 timestamp= 1619815067000 [RES] API result: 
{"pose_arr":[{"vx":0,"ay":0,"az":9.81,"ax":0,"pz":10.12,"vy":0,"px":552630.26,"py":4182950.57},{"vx":0,"ay":0,"az":9.81,"ax":0,"pz":10.12,"vy":0,"px":552630.26,"py":4182950.57},{"vx":0,"ay":0,"az":9.81,"ax":0,"pz":10.12,"vy":0,"px":552630.26,"py":4182950.57},{"vx":0,"ay":0,"az":9.81,"ax":0,"pz":10.12,"vy":0,"px":552630.26,"py":4182950.57},{"vx":0,"ay":0,"az":9.81,"ax":0,"pz":10.12,"vy":0,"px":552630.26,"py":4182950.57},{"vx":0,"ay":0,"az":9.81,"ax":0,"pz":10.12,"vy":0,"px":552630.26,"py":4182950.57}],"traffic_light":[1,1,1,1,1],"state_arr":[{"acceleration":-3,"throttle":0,"steering_target":-3.59,"brake":69.99,"steering_rate":100,"speed":0},{"acceleration":-3,"throttle":0,"steering_target":-3.59,"brake":69.98,"steering_rate":100,"speed":0},{"acceleration":-3,"throttle":0,"steering_target":-3.59,"brake":69.99,"steering_rate":100,"speed":0},{"acceleration":-3,"throttle":0,"steering_target":-3.59,"brake":69.99,"steering_rate":100,"speed":0},{"acceleration":-3,"throttle":0,"steering_target":-3.59,"brake":69.99,"steering_rate":100,"speed":0},{"acceleration":-3,"throttle":0,"steering_target":-3.59,"brake":69.99,"steering_rate":100,"speed":0}],"obstacle_arr":[[],[],[],[],[],[]],"action_description":"Pedestrian walking on the front lane","ev_state":[-244.814758300781,10.1248035430908,465.339019775391,0,0,0,12,1,0.00000768809331930242,305.816162109375,-0.0000101663144960185,0.00004863135813745306],"collision_probability":0}
 timestamp= 1619815067000 [RUN] Validate G1 Guard Condition: 
The ego vehicle E Detection.Collision == True.
 timestamp= 1619815067000 [RES] Global Validate result: 
false
 timestamp= 1619815067000 [RUN] Validate G2 Guard Condition: 
The ego vehicle E Detection.OffRoad == True.
 timestamp= 1619815067000 [RES] Global Validate result: 
false
 timestamp= 1619815067000 [RUN] Validate G3 Guard Condition: 
The ego vehicle E Detection.HardBrake == True.
 timestamp= 1619815067000 [RES] Global Validate result: 
false
 timestamp= 1619815067000 [RUN] Validate G4 Guard Condition: 
The ego vehicle E Detection.ArrivalTest == True.
 timestamp= 1619815067000 [RES] Global Validate result: 
false
 timestamp= 1619815067000 [RUN] Validate step: 
The test system VALIDATES THAT the Apollo A Status.GetControl is nearly equal to {"acceleration": -3.0, "throttle": 0.0, "steering_target": -3.59, "brake": 69.99, "steering_rate": 100.0, "speed": 0.0}
 timestamp= 1619815067000 [RES] Validate result: 
true
 timestamp= 1619815067000 [RUN] Generate steps
 timestamp= 1619815067000 [RUN] Validate step: 
The test system VALIDATES THAT the simulator S Status.GetEnvironment is nearly equal to {"x": -244.81, "y": 10.12, "z": 465.34, "rain": 0.0, "fog": 0.0, "wetness": 0.0, "timeofday": 12.0, "signal": 1.0, "rx": 0.0, "ry": 305.82, "rz": -0.0, "speed": 0.0}
 timestamp= 1619815067000 [RES] Validate result: 
true
 timestamp= 1619815067000 [RUN] Execute API step: 
The environment controller C INVOKES API Control.Agents.Pedestrians.WalkRandomly(which_lane=Current_Lane).
 timestamp= 1619815071000 [RES] API result: 
{"pose_arr":[{"vx":0,"ay":0,"az":9.81,"ax":0,"pz":10.12,"vy":0,"px":552630.26,"py":4182950.57},{"vx":0,"ay":0,"az":9.81,"ax":0,"pz":10.12,"vy":0,"px":552630.26,"py":4182950.57},{"vx":0,"ay":0,"az":9.81,"ax":0,"pz":10.12,"vy":0,"px":552630.26,"py":4182950.57},{"vx":0,"ay":0,"az":9.81,"ax":0,"pz":10.12,"vy":0,"px":552630.26,"py":4182950.57},{"vx":0,"ay":0,"az":9.81,"ax":0,"pz":10.12,"vy":0,"px":552630.26,"py":4182950.57}],"traffic_light":[1,1,1,1,1],"state_arr":[{"acceleration":-3,"throttle":0,"steering_target":-3.59,"brake":69.99,"steering_rate":100,"speed":0},{"acceleration":-3,"throttle":0,"steering_target":-3.59,"brake":69.99,"steering_rate":100,"speed":0},{"acceleration":-3,"throttle":0,"steering_target":-3.59,"brake":70,"steering_rate":100,"speed":0},{"acceleration":-3,"throttle":0,"steering_target":-3.59,"brake":70,"steering_rate":100,"speed":0},{"acceleration":-3,"throttle":0,"steering_target":-3.59,"brake":70,"steering_rate":100,"speed":0},{"acceleration":-3,"throttle":0,"steering_target":-3.59,"brake":70,"steering_rate":100,"speed":0}],"obstacle_arr":[[],[],[],[],[]],"action_description":"Pedestrian walking on the front lane","ev_state":[-244.814758300781,10.1248035430908,465.339019775391,0,0,0,12,0,0.00000740086352379876,305.816162109375,-0.0000102591302493238,0.000009085744820732344],"collision_probability":0}
 timestamp= 1619815071000 [RUN] Validate G1 Guard Condition: 
The ego vehicle E Detection.Collision == True.
 timestamp= 1619815071000 [RES] Global Validate result: 
false
 timestamp= 1619815071000 [RUN] Validate G2 Guard Condition: 
The ego vehicle E Detection.OffRoad == True.
 timestamp= 1619815071000 [RES] Global Validate result: 
false
 timestamp= 1619815071000 [RUN] Validate G3 Guard Condition: 
The ego vehicle E Detection.HardBrake == True.
 timestamp= 1619815071000 [RES] Global Validate result: 
false
 timestamp= 1619815071000 [RUN] Validate G4 Guard Condition: 
The ego vehicle E Detection.ArrivalTest == True.
 timestamp= 1619815071000 [RES] Global Validate result: 
false
 timestamp= 1619815071000 [RUN] Validate step: 
The test system VALIDATES THAT the Apollo A Status.GetControl is nearly equal to {"acceleration": -3.0, "throttle": 0.0, "steering_target": -3.59, "brake": 70.0, "steering_rate": 100.0, "speed": 0.0}
 timestamp= 1619815071000 [RES] Validate result: 
true
 timestamp= 1619815071000 [RUN] Generate steps
 timestamp= 1619815071000 [RUN] Validate step: 
The test system VALIDATES THAT the simulator S Status.GetEnvironment is nearly equal to {"x": -244.81, "y": 10.12, "z": 465.34, "rain": 0.0, "fog": 0.0, "wetness": 0.0, "timeofday": 12.0, "signal": 0.0, "rx": 0.0, "ry": 305.82, "rz": -0.0, "speed": 0.0}
 timestamp= 1619815071000 [RES] Validate result: 
true
 timestamp= 1619815071000 [RUN] Execute API step: 
The environment controller C INVOKES API Control.Agents.Pedestrians.WalkRandomly(which_lane=Current_Lane).
 timestamp= 1619815074000 [RES] API result: 
{"pose_arr":[{"vx":0,"ay":0,"az":9.81,"ax":0,"pz":10.12,"vy":0,"px":552630.26,"py":4182950.57},{"vx":0,"ay":0,"az":9.81,"ax":0,"pz":10.12,"vy":0,"px":552630.26,"py":4182950.57},{"vx":0,"ay":0,"az":9.81,"ax":0,"pz":10.12,"vy":0,"px":552630.26,"py":4182950.57},{"vx":0.52,"ay":2.8,"az":9.8,"ax":2.29,"pz":10.12,"vy":0.52,"px":552630.18,"py":4182950.63},{"vx":1.45,"ay":3.45,"az":9.79,"ax":1.88,"pz":10.12,"vy":1.45,"px":552629.33,"py":4182951.26},{"vx":1.24,"ay":-0.4,"az":9.81,"ax":-0.27,"pz":10.13,"vy":1.24,"px":552627.45,"py":4182952.64}],"traffic_light":[1,1,3,3,3,3],"state_arr":[{"acceleration":-3,"throttle":0,"steering_target":-3.59,"brake":70,"steering_rate":100,"speed":0},{"acceleration":-3,"throttle":0,"steering_target":-3.59,"brake":70,"steering_rate":100,"speed":0},{"acceleration":-3,"throttle":0,"steering_target":-3.59,"brake":70,"steering_rate":100,"speed":0},{"acceleration":0.76,"throttle":72.89,"steering_target":-3.59,"brake":0,"steering_rate":100,"speed":0},{"acceleration":0.69,"throttle":82.41,"steering_target":-0.23,"brake":0,"steering_rate":100,"speed":1.81},{"acceleration":-0.65,"throttle":0,"steering_target":6.31,"brake":16.12,"steering_rate":100,"speed":2.41},{"acceleration":-0.1,"throttle":0,"steering_target":6.16,"brake":14.5,"steering_rate":100,"speed":2.15}],"obstacle_arr":[[],[],[],[],[],[]],"action_description":"Pedestrian walking on the front lane","ev_state":[-247.88752746582,10.1247539520264,467.566864013672,0,0,0,12,-1,0.0320351272821426,304.953033447266,359.985992431641,2.1459510461716946],"collision_probability":0}
 timestamp= 1619815074000 [RUN] Validate G1 Guard Condition: 
The ego vehicle E Detection.Collision == True.
 timestamp= 1619815074000 [RES] Global Validate result: 
false
 timestamp= 1619815074000 [RUN] Validate G2 Guard Condition: 
The ego vehicle E Detection.OffRoad == True.
 timestamp= 1619815074000 [RES] Global Validate result: 
false
 timestamp= 1619815074000 [RUN] Validate G3 Guard Condition: 
The ego vehicle E Detection.HardBrake == True.
 timestamp= 1619815074000 [RES] Global Validate result: 
true
 timestamp= 1619815074000 [RUN] HardBrake == True
 timestamp= 1619815074000 [RUN] RESUME STEP @preStep
 timestamp= 1619815074000 [RUN] Resume step basicflow7
 timestamp= 1619815074000 [RUN] Validate G4 Guard Condition: 
The ego vehicle E Detection.ArrivalTest == True.
 timestamp= 1619815074000 [RES] Global Validate result: 
false
 timestamp= 1619815074000 [RUN] Validate step: 
The test system VALIDATES THAT the Apollo A Status.GetControl is nearly equal to {"acceleration": -0.1, "throttle": 0.0, "steering_target": 6.16, "brake": 14.5, "steering_rate": 100.0, "speed": 2.15}
 timestamp= 1619815074000 [RES] Validate result: 
true
 timestamp= 1619815074000 [RUN] Generate steps
 timestamp= 1619815074000 [RUN] Validate step: 
The test system VALIDATES THAT the simulator S Status.GetEnvironment is nearly equal to {"x": -247.89, "y": 10.12, "z": 467.57, "rain": 0.0, "fog": 0.0, "wetness": 0.0, "timeofday": 12.0, "signal": -1.0, "rx": 0.03, "ry": 304.95, "rz": 359.99, "speed": 2.15}
 timestamp= 1619815074000 [RES] Validate result: 
true
 timestamp= 1619815074000 [RUN] Execute API step: 
The environment controller C INVOKES API Control.Weather.Rain(rain_level=Light).
 timestamp= 1619815077000 [RES] API result: 
{"pose_arr":[{"vx":1.13,"ay":0.24,"az":9.8,"ax":0.15,"pz":10.13,"vy":1.13,"px":552626.56,"py":4182953.26},{"vx":1.17,"ay":0.32,"az":9.81,"ax":-0.01,"pz":10.12,"vy":1.17,"px":552625.53,"py":4182953.94},{"vx":1.21,"ay":-0.43,"az":9.81,"ax":-0.26,"pz":10.12,"vy":1.21,"px":552623.8,"py":4182955},{"vx":0.79,"ay":-0.23,"az":9.8,"ax":-0.52,"pz":10.13,"vy":0.79,"px":552622.15,"py":4182955.83},{"vx":0.33,"ay":0.5,"az":9.81,"ax":0.05,"pz":10.12,"vy":0.33,"px":552620.27,"py":4182956.5}],"traffic_light":[3,3,3,0,0],"state_arr":[{"acceleration":0.13,"throttle":15.7,"steering_target":7.42,"brake":0,"steering_rate":100,"speed":2.1},{"acceleration":0.3,"throttle":23.77,"steering_target":14.57,"brake":0,"steering_rate":100,"speed":2.27},{"acceleration":-0.25,"throttle":0,"steering_target":20.63,"brake":14.5,"steering_rate":100,"speed":2.73},{"acceleration":0.09,"throttle":15.7,"steering_target":30.79,"brake":0,"steering_rate":100,"speed":2.4},{"acceleration":-0.11,"throttle":0,"steering_target":42.04,"brake":14.5,"steering_rate":100,"speed":2.65},{"acceleration":0.17,"throttle":15.7,"steering_target":53.93,"brake":0,"steering_rate":100,"speed":2.37}],"obstacle_arr":[[],[],[],[],[]],"action_description":"Light rain","ev_state":[-256.822845458984,10.1247615814209,470.822265625,0.200000002980232,0,0.200000002980232,12,-1,0.0456699766218662,272.980590820313,359.783660888672,2.374004609653153],"collision_probability":0}
 timestamp= 1619815077000 [RUN] Validate G1 Guard Condition: 
The ego vehicle E Detection.Collision == True.
 timestamp= 1619815077000 [RES] Global Validate result: 
false
 timestamp= 1619815077000 [RUN] Validate G2 Guard Condition: 
The ego vehicle E Detection.OffRoad == True.
 timestamp= 1619815077000 [RES] Global Validate result: 
false
 timestamp= 1619815077000 [RUN] Validate G3 Guard Condition: 
The ego vehicle E Detection.HardBrake == True.
 timestamp= 1619815077000 [RES] Global Validate result: 
false
 timestamp= 1619815077000 [RUN] Validate G4 Guard Condition: 
The ego vehicle E Detection.ArrivalTest == True.
 timestamp= 1619815077000 [RES] Global Validate result: 
false
 timestamp= 1619815077000 [RUN] Validate step: 
The test system VALIDATES THAT the Apollo A Status.GetControl is nearly equal to {"acceleration": 0.17, "throttle": 15.7, "steering_target": 53.93, "brake": 0.0, "steering_rate": 100.0, "speed": 2.37}
 timestamp= 1619815077000 [RES] Validate result: 
true
 timestamp= 1619815077000 [RUN] Generate steps
 timestamp= 1619815077000 [RUN] Validate step: 
The test system VALIDATES THAT the simulator S Status.GetEnvironment is nearly equal to {"x": -256.82, "y": 10.12, "z": 470.82, "rain": 0.2, "fog": 0.0, "wetness": 0.2, "timeofday": 12.0, "signal": -1.0, "rx": 0.05, "ry": 272.98, "rz": 359.78, "speed": 2.37}
 timestamp= 1619815077000 [RES] Validate result: 
true
 timestamp= 1619815077000 [RUN] Execute API step: 
The environment controller C INVOKES API Control.Agents.Pedestrians.WalkRandomly(which_lane=Current_Lane).
 timestamp= 1619815080000 [RES] API result: 
{"pose_arr":[{"vx":-0.24,"ay":-0.67,"az":9.81,"ax":-0.3,"pz":10.13,"vy":-0.24,"px":552618.66,"py":4182956.76},{"vx":-0.95,"ay":0.31,"az":9.81,"ax":-0.13,"pz":10.12,"vy":-0.95,"px":552616.94,"py":4182956.67},{"vx":-1.95,"ay":0.23,"az":9.81,"ax":-0.08,"pz":10.12,"vy":-1.95,"px":552614.68,"py":4182955.86},{"vx":-2.52,"ay":0.43,"az":9.83,"ax":-0.07,"pz":10.12,"vy":-2.52,"px":552612.99,"py":4182954.82},{"vx":-2.95,"ay":0.18,"az":9.81,"ax":-0.19,"pz":10.12,"vy":-2.95,"px":552610.56,"py":4182952.93},{"vx":-3.81,"ay":0.27,"az":9.82,"ax":-0.27,"pz":10.12,"vy":-3.81,"px":552608.1,"py":4182950.53}],"traffic_light":[0,1,0,1,0,0],"state_arr":[{"acceleration":0.51,"throttle":19.03,"steering_target":57.31,"brake":0,"steering_rate":100,"speed":2.43},{"acceleration":0.28,"throttle":15.7,"steering_target":53.4,"brake":0,"steering_rate":100,"speed":3.2},{"acceleration":0.7,"throttle":46.01,"steering_target":20.37,"brake":0,"steering_rate":100,"speed":3.37},{"acceleration":0.12,"throttle":15.7,"steering_target":13.63,"brake":0,"steering_rate":100,"speed":4.13},{"acceleration":0.74,"throttle":23.26,"steering_target":14.04,"brake":0,"steering_rate":100,"speed":4.56},{"acceleration":0.93,"throttle":15.7,"steering_target":7.83,"brake":0,"steering_rate":100,"speed":5.11},{"acceleration":1.15,"throttle":15.7,"steering_target":5.88,"brake":0,"steering_rate":100,"speed":5.35}],"obstacle_arr":[[],[],[],[],[],[],[]],"action_description":"Pedestrian walking on the front lane","ev_state":[-268.705383300781,10.1243925094604,461.255310058594,0.200000002980232,0,0.200000002980232,12,-1,359.970977783203,219.848358154297,359.891632080078,5.374584530621181],"collision_probability":0}
 timestamp= 1619815080000 [RUN] Validate G1 Guard Condition: 
The ego vehicle E Detection.Collision == True.
 timestamp= 1619815080000 [RES] Global Validate result: 
false
 timestamp= 1619815080000 [RUN] Validate G2 Guard Condition: 
The ego vehicle E Detection.OffRoad == True.
 timestamp= 1619815080000 [RES] Global Validate result: 
false
 timestamp= 1619815080000 [RUN] Validate G3 Guard Condition: 
The ego vehicle E Detection.HardBrake == True.
 timestamp= 1619815080000 [RES] Global Validate result: 
false
 timestamp= 1619815080000 [RUN] Validate G4 Guard Condition: 
The ego vehicle E Detection.ArrivalTest == True.
 timestamp= 1619815080000 [RES] Global Validate result: 
false
 timestamp= 1619815080000 [RUN] Validate step: 
The test system VALIDATES THAT the Apollo A Status.GetControl is nearly equal to {"acceleration": 1.15, "throttle": 15.7, "steering_target": 5.88, "brake": 0.0, "steering_rate": 100.0, "speed": 5.35}
 timestamp= 1619815080000 [RES] Validate result: 
true
 timestamp= 1619815080000 [RUN] Generate steps
 timestamp= 1619815080000 [RUN] Validate step: 
The test system VALIDATES THAT the simulator S Status.GetEnvironment is nearly equal to {"x": -268.71, "y": 10.12, "z": 461.26, "rain": 0.2, "fog": 0.0, "wetness": 0.2, "timeofday": 12.0, "signal": -1.0, "rx": 359.97, "ry": 219.85, "rz": 359.89, "speed": 5.37}
 timestamp= 1619815080000 [RES] Validate result: 
true
 timestamp= 1619815080000 [RUN] Execute API step: 
The environment controller C INVOKES API Control.Agents.Pedestrians.WalkRandomly(which_lane=Current_Lane).
 timestamp= 1619815084000 [RES] API result: 
{"pose_arr":[{"vx":-4.15,"ay":0.17,"az":9.82,"ax":-0.2,"pz":10.12,"vy":-4.15,"px":552606.37,"py":4182948.58},{"vx":-4.7,"ay":1.13,"az":9.78,"ax":-1.48,"pz":10.12,"vy":-4.7,"px":552603.79,"py":4182945.35},{"vx":-5.46,"ay":0.14,"az":9.81,"ax":-0.2,"pz":10.12,"vy":-5.46,"px":552600.71,"py":4182941.18},{"vx":-5.59,"ay":0.2,"az":9.81,"ax":-0.22,"pz":10.12,"vy":-5.59,"px":552598.97,"py":4182938.76},{"vx":-5.8,"ay":0.14,"az":9.81,"ax":-0.2,"pz":10.12,"vy":-5.8,"px":552595.6,"py":4182933.95},{"vx":-5.84,"ay":-0.33,"az":9.83,"ax":0.49,"pz":10.12,"vy":-5.84,"px":552592.68,"py":4182929.7}],"traffic_light":[3,3,3,1,1],"state_arr":[{"acceleration":1.49,"throttle":35.6,"steering_target":1.76,"brake":0,"steering_rate":100,"speed":5.53},{"acceleration":0.6,"throttle":15.7,"steering_target":1.65,"brake":0,"steering_rate":100,"speed":6.62},{"acceleration":0.6,"throttle":15.7,"steering_target":1.36,"brake":0,"steering_rate":100,"speed":6.79},{"acceleration":0.39,"throttle":15.7,"steering_target":0.44,"brake":0,"steering_rate":100,"speed":6.99},{"acceleration":0.44,"throttle":15.7,"steering_target":0.37,"brake":0,"steering_rate":100,"speed":7.11},{"acceleration":0.87,"throttle":16.59,"steering_target":-0.01,"brake":0,"steering_rate":100,"speed":7.1}],"obstacle_arr":[[],[],[],[],[],[]],"action_description":"Pedestrian walking on the front lane","ev_state":[-284.124267578125,10.124041557312,439.559722900391,0.200000002980232,0,0.200000002980232,12,-1,359.983337402344,214.352432250977,-0.000712738023139536,7.218850550738969],"collision_probability":0}
 timestamp= 1619815084000 [RUN] Validate G1 Guard Condition: 
The ego vehicle E Detection.Collision == True.
 timestamp= 1619815084000 [RES] Global Validate result: 
false
 timestamp= 1619815084000 [RUN] Validate G2 Guard Condition: 
The ego vehicle E Detection.OffRoad == True.
 timestamp= 1619815084000 [RES] Global Validate result: 
false
 timestamp= 1619815084000 [RUN] Validate G3 Guard Condition: 
The ego vehicle E Detection.HardBrake == True.
 timestamp= 1619815084000 [RES] Global Validate result: 
false
 timestamp= 1619815084000 [RUN] Validate G4 Guard Condition: 
The ego vehicle E Detection.ArrivalTest == True.
 timestamp= 1619815084000 [RES] Global Validate result: 
false
 timestamp= 1619815084000 [RUN] Validate step: 
The test system VALIDATES THAT the Apollo A Status.GetControl is nearly equal to {"acceleration": 0.87, "throttle": 16.59, "steering_target": -0.01, "brake": 0.0, "steering_rate": 100.0, "speed": 7.1}
 timestamp= 1619815084000 [RES] Validate result: 
true
 timestamp= 1619815084000 [RUN] Generate steps
 timestamp= 1619815084000 [RUN] Validate step: 
The test system VALIDATES THAT the simulator S Status.GetEnvironment is nearly equal to {"x": -284.12, "y": 10.12, "z": 439.56, "rain": 0.2, "fog": 0.0, "wetness": 0.2, "timeofday": 12.0, "signal": -1.0, "rx": 359.98, "ry": 214.35, "rz": -0.0, "speed": 7.22}
 timestamp= 1619815084000 [RES] Validate result: 
true
 timestamp= 1619815084000 [RUN] Execute API step: 
The environment controller C INVOKES API Control.Agents.Pedestrians.WalkRandomly(which_lane=Current_Lane).
 timestamp= 1619815087000 [RES] API result: 
{"pose_arr":[{"vx":-6.18,"ay":0.37,"az":9.8,"ax":-0.54,"pz":10.12,"vy":-6.18,"px":552588.73,"py":4182923.93},{"vx":-6.1,"ay":-0.91,"az":9.86,"ax":1.31,"pz":10.12,"vy":-6.1,"px":552585.62,"py":4182919.45},{"vx":-5.79,"ay":-0.34,"az":9.82,"ax":0.48,"pz":10.12,"vy":-5.79,"px":552582.88,"py":4182915.56},{"vx":-5.44,"ay":-0.17,"az":9.81,"ax":0.26,"pz":10.13,"vy":-5.44,"px":552580.47,"py":4182912.14},{"vx":-5.68,"ay":0.14,"az":9.82,"ax":-0.2,"pz":10.12,"vy":-5.68,"px":552577.59,"py":4182908.05},{"vx":-6,"ay":0.14,"az":9.82,"ax":-0.19,"pz":10.12,"vy":-6,"px":552574.62,"py":4182903.86}],"traffic_light":[3,3,1,3,3,3],"state_arr":[{"acceleration":0.91,"throttle":25.14,"steering_target":-0.39,"brake":0,"steering_rate":100,"speed":7.32},{"acceleration":0.57,"throttle":15.7,"steering_target":-0.92,"brake":0,"steering_rate":100,"speed":7.58},{"acceleration":1.04,"throttle":26.81,"steering_target":0.09,"brake":0,"steering_rate":100,"speed":7.11},{"acceleration":-0.56,"throttle":0,"steering_target":0.16,"brake":14.5,"steering_rate":100,"speed":6.99},{"acceleration":0.69,"throttle":15.7,"steering_target":-0.01,"brake":0,"steering_rate":100,"speed":6.67},{"acceleration":1.08,"throttle":25.1,"steering_target":-0.13,"brake":0,"steering_rate":100,"speed":6.94},{"acceleration":0.74,"throttle":15.7,"steering_target":-0.04,"brake":0,"steering_rate":100,"speed":7.31}],"obstacle_arr":[[],[],[{"acceleration":{"y":0,"x":0,"z":0},"position":{"y":4182909.83,"x":552573.62,"z":10.47},"volume":0.04,"type":"PEDESTRIAN","velocity":{"y":0,"x":0,"z":0}}],[{"acceleration":{"y":-0.03,"x":-0.02,"z":0},"position":{"y":4182909.75,"x":552573.5,"z":10.54},"volume":0.05,"type":"PEDESTRIAN","velocity":{"y":0.6,"x":0.37,"z":0}}],[],[]],"action_description":"Pedestrian walking on the front lane","ev_state":[-300.570922851563,10.1240234375,416.13671875,0.200000002980232,0,0.200000002980232,12,-1,359.977600097656,215.318969726563,0.00241542211733758,7.377736377659599],"collision_probability":0.096}
 timestamp= 1619815087000 [RUN] Validate G1 Guard Condition: 
The ego vehicle E Detection.Collision == True.
 timestamp= 1619815087000 [RES] Global Validate result: 
false
 timestamp= 1619815087000 [RUN] Validate G2 Guard Condition: 
The ego vehicle E Detection.OffRoad == True.
 timestamp= 1619815087000 [RES] Global Validate result: 
false
 timestamp= 1619815087000 [RUN] Validate G3 Guard Condition: 
The ego vehicle E Detection.HardBrake == True.
 timestamp= 1619815087000 [RES] Global Validate result: 
false
 timestamp= 1619815087000 [RUN] Validate G4 Guard Condition: 
The ego vehicle E Detection.ArrivalTest == True.
 timestamp= 1619815087000 [RES] Global Validate result: 
false
 timestamp= 1619815087000 [RUN] Validate step: 
The test system VALIDATES THAT the Apollo A Status.GetControl is nearly equal to {"acceleration": 0.74, "throttle": 15.7, "steering_target": -0.04, "brake": 0.0, "steering_rate": 100.0, "speed": 7.31}
 timestamp= 1619815087000 [RES] Validate result: 
true
 timestamp= 1619815087000 [RUN] Generate steps
 timestamp= 1619815087000 [RUN] Validate step: 
The test system VALIDATES THAT the simulator S Status.GetEnvironment is nearly equal to {"x": -300.57, "y": 10.12, "z": 416.14, "rain": 0.2, "fog": 0.0, "wetness": 0.2, "timeofday": 12.0, "signal": -1.0, "rx": 359.98, "ry": 215.32, "rz": 0.0, "speed": 7.38}
 timestamp= 1619815087000 [RES] Validate result: 
true
 timestamp= 1619815087000 [RUN] Execute API step: 
The environment controller C INVOKES API Control.Agents.Pedestrians.WalkRandomly(which_lane=Current_Lane).
 timestamp= 1619815091000 [RES] API result: 
{"pose_arr":[{"vx":-6.17,"ay":0.15,"az":9.82,"ax":-0.22,"pz":10.12,"vy":-6.17,"px":552572.55,"py":4182900.94},{"vx":-6.34,"ay":0.13,"az":9.81,"ax":-0.19,"pz":10.12,"vy":-6.34,"px":552570.06,"py":4182897.42},{"vx":-6.48,"ay":0.25,"az":9.8,"ax":-0.35,"pz":10.12,"vy":-6.48,"px":552566.96,"py":4182893.07},{"vx":-6.11,"ay":-0.95,"az":9.83,"ax":1.34,"pz":10.13,"vy":-6.11,"px":552564.03,"py":4182888.94},{"vx":-0.87,"ay":-2.76,"az":9.69,"ax":3.59,"pz":10.12,"vy":-0.87,"px":552562.47,"py":4182886.84},{"vx":0,"ay":0,"az":9.79,"ax":0.01,"pz":10.13,"vy":0,"px":552562.37,"py":4182886.71},{"vx":-0.65,"ay":0.8,"az":9.81,"ax":-1.32,"pz":10.12,"vy":-0.65,"px":552562.27,"py":4182886.56}],"traffic_light":[3,3,3,3,1,3],"state_arr":[{"acceleration":0.78,"throttle":15.7,"steering_target":-0.05,"brake":0,"steering_rate":100,"speed":7.53},{"acceleration":0.51,"throttle":16.26,"steering_target":-0.11,"brake":0,"steering_rate":100,"speed":7.77},{"acceleration":0.47,"throttle":19.5,"steering_target":-0.13,"brake":0,"steering_rate":100,"speed":7.9},{"acceleration":-1.36,"throttle":0,"steering_target":0.38,"brake":23.11,"steering_rate":100,"speed":7.89},{"acceleration":-1.52,"throttle":0,"steering_target":0.08,"brake":25.93,"steering_rate":100,"speed":5.3},{"acceleration":-2.7,"throttle":0,"steering_target":0.85,"brake":38.63,"steering_rate":100,"speed":0.28},{"acceleration":0.24,"throttle":59.18,"steering_target":22.14,"brake":0,"steering_rate":100,"speed":0.12}],"obstacle_arr":[[],[],[],[{"acceleration":{"y":0,"x":0,"z":0},"position":{"y":4182885.38,"x":552562.11,"z":10.12},"volume":0.16,"type":"PEDESTRIAN","velocity":{"y":0,"x":0,"z":0}}],[{"acceleration":{"y":0,"x":0,"z":0},"position":{"y":4182884.16,"x":552561.4,"z":11.13},"volume":0.09,"type":"PEDESTRIAN","velocity":{"y":0,"x":0,"z":0}}],[{"acceleration":{"y":-0.3,"x":-0.04,"z":0},"position":{"y":4182883.72,"x":552561.34,"z":11.19},"volume":0.01,"type":"PEDESTRIAN","velocity":{"y":0,"x":0,"z":0}}],[]],"action_description":"Pedestrian walking on the front lane","ev_state":[-312.500885009766,10.124659538269,399.45068359375,0.200000002980232,0,0.200000002980232,12,1,359.897857666016,215.788696289063,359.840454101563,0.7629907378062989],"collision_probability":1}
 timestamp= 1619815091000 [RUN] Validate G1 Guard Condition: 
The ego vehicle E Detection.Collision == True.
 timestamp= 1619815091000 [RES] Global Validate result: 
true
 timestamp= 1619815091000 [RUN] Collision == True
 timestamp= 1619815091000 [RUN] Validate G2 Guard Condition: 
The ego vehicle E Detection.OffRoad == True.
 timestamp= 1619815091000 [RES] Global Validate result: 
false
 timestamp= 1619815091000 [RUN] Validate G3 Guard Condition: 
The ego vehicle E Detection.HardBrake == True.
 timestamp= 1619815091000 [RES] Global Validate result: 
true
 timestamp= 1619815091000 [RUN] HardBrake == True
 timestamp= 1619815091000 [RUN] RESUME STEP @preStep
 timestamp= 1619815091000 [RUN] Resume step basicflow22
 timestamp= 1619815091000 [RUN] Validate G4 Guard Condition: 
The ego vehicle E Detection.ArrivalTest == True.
 timestamp= 1619815091000 [RES] Global Validate result: 
false
 timestamp= 1619815091000 [RUN] Validate step: 
The test system VALIDATES THAT the Apollo A Status.GetControl is nearly equal to {"acceleration": 0.24, "throttle": 59.18, "steering_target": 22.14, "brake": 0.0, "steering_rate": 100.0, "speed": 0.12}
 timestamp= 1619815091000 [RES] Validate result: 
true
 timestamp= 1619815091000 [RUN] Generate steps
 timestamp= 1619815091000 [RUN] Validate step: 
The test system VALIDATES THAT the simulator S Status.GetEnvironment is nearly equal to {"x": -312.5, "y": 10.12, "z": 399.45, "rain": 0.2, "fog": 0.0, "wetness": 0.2, "timeofday": 12.0, "signal": 1.0, "rx": 359.9, "ry": 215.79, "rz": 359.84, "speed": 0.76}
 timestamp= 1619815091000 [RES] Validate result: 
true
 timestamp= 1619815091000 [RUN] Execute API step: 
The environment controller C INVOKES API Control.Agents.Pedestrians.WalkRandomly(which_lane=Current_Lane).
 timestamp= 1619815095000 [RES] API result: 
{"pose_arr":[{"vx":-1.93,"ay":1.99,"az":9.79,"ax":-2.13,"pz":10.12,"vy":-1.93,"px":552561.87,"py":4182886},{"vx":-2.08,"ay":0.38,"az":9.81,"ax":-0.65,"pz":10.12,"vy":-2.08,"px":552561.06,"py":4182884.84},{"vx":-2.82,"ay":0.46,"az":9.81,"ax":-0.67,"pz":10.12,"vy":-2.82,"px":552559.83,"py":4182883.12},{"vx":-3.52,"ay":0.33,"az":9.81,"ax":-0.47,"pz":10.12,"vy":-3.52,"px":552558.4,"py":4182881.09},{"vx":-3.77,"ay":0.35,"az":9.81,"ax":-0.5,"pz":10.12,"vy":-3.77,"px":552556.8,"py":4182878.85},{"vx":-4.6,"ay":0.75,"az":9.82,"ax":-1.04,"pz":10.12,"vy":-4.6,"px":552555.32,"py":4182876.79}],"traffic_light":[3,0,0,0,0,0],"state_arr":[{"acceleration":0.99,"throttle":60.66,"steering_target":15.24,"brake":0,"steering_rate":100,"speed":0.76},{"acceleration":0.29,"throttle":20,"steering_target":-2.2,"brake":0,"steering_rate":100,"speed":2.34},{"acceleration":0.76,"throttle":48.62,"steering_target":-1.93,"brake":0,"steering_rate":100,"speed":2.52},{"acceleration":0.76,"throttle":62.37,"steering_target":-2.84,"brake":0,"steering_rate":100,"speed":3.36},{"acceleration":0.69,"throttle":22.31,"steering_target":-0.7,"brake":0,"steering_rate":100,"speed":4.28},{"acceleration":0.79,"throttle":24.02,"steering_target":-0.47,"brake":0,"steering_rate":100,"speed":4.5},{"acceleration":0.89,"throttle":24.96,"steering_target":-0.19,"brake":0,"steering_rate":100,"speed":5.43},{"acceleration":0.79,"throttle":23.58,"steering_target":-0.28,"brake":0,"steering_rate":100,"speed":5.94}],"obstacle_arr":[[],[],[],[],[],[{"acceleration":{"y":0,"x":0,"z":0},"position":{"y":4182884.52,"x":552561.4,"z":10.67},"volume":0.06,"type":"PEDESTRIAN","velocity":{"y":0,"x":0,"z":0}}],[{"acceleration":{"y":0.55,"x":0.33,"z":0},"position":{"y":4182884.9,"x":552561.64,"z":10.81},"volume":0.07,"type":"PEDESTRIAN","velocity":{"y":0.48,"x":0.29,"z":0}}]],"action_description":"Pedestrian walking on the front lane","ev_state":[-321.318389892578,10.12428855896,387.091705322266,0.200000002980232,0,0.200000002980232,12,1,359.964508056641,215.849990844727,0.00643944274634123,5.940204703779372],"collision_probability":0.58}
 timestamp= 1619815095000 [RUN] Validate G1 Guard Condition: 
The ego vehicle E Detection.Collision == True.
 timestamp= 1619815095000 [RES] Global Validate result: 
false
 timestamp= 1619815095000 [RUN] Validate G2 Guard Condition: 
The ego vehicle E Detection.OffRoad == True.
 timestamp= 1619815095000 [RES] Global Validate result: 
false
 timestamp= 1619815095000 [RUN] Validate G3 Guard Condition: 
The ego vehicle E Detection.HardBrake == True.
 timestamp= 1619815095000 [RES] Global Validate result: 
false
 timestamp= 1619815095000 [RUN] Validate G4 Guard Condition: 
The ego vehicle E Detection.ArrivalTest == True.
 timestamp= 1619815095000 [RES] Global Validate result: 
false
 timestamp= 1619815095000 [RUN] Validate step: 
The test system VALIDATES THAT the Apollo A Status.GetControl is nearly equal to {"acceleration": 0.79, "throttle": 23.58, "steering_target": -0.28, "brake": 0.0, "steering_rate": 100.0, "speed": 5.94}
 timestamp= 1619815095000 [RES] Validate result: 
true
 timestamp= 1619815095000 [RUN] Generate steps
 timestamp= 1619815095000 [RUN] Validate step: 
The test system VALIDATES THAT the simulator S Status.GetEnvironment is nearly equal to {"x": -321.32, "y": 10.12, "z": 387.09, "rain": 0.2, "fog": 0.0, "wetness": 0.2, "timeofday": 12.0, "signal": 1.0, "rx": 359.96, "ry": 215.85, "rz": 0.01, "speed": 5.94}
 timestamp= 1619815095000 [RES] Validate result: 
true
 timestamp= 1619815095000 [RUN] Execute API step: 
The environment controller C INVOKES API Control.Agents.Pedestrians.WalkRandomly(which_lane=Current_Lane).
 timestamp= 1619815098000 [RES] API result: 
{"pose_arr":[{"vx":-4.81,"ay":0.17,"az":9.81,"ax":-0.23,"pz":10.12,"vy":-4.81,"px":552553.54,"py":4182874.33},{"vx":-5.47,"ay":0.24,"az":9.84,"ax":-0.33,"pz":10.12,"vy":-5.47,"px":552551.01,"py":4182870.83},{"vx":-5.46,"ay":-0.34,"az":9.82,"ax":0.47,"pz":10.12,"vy":-5.46,"px":552548.48,"py":4182867.35},{"vx":-2.55,"ay":-12,"az":9.96,"ax":15.28,"pz":10.12,"vy":-2.55,"px":552546.32,"py":4182864.41},{"vx":0,"ay":0,"az":9.69,"ax":0.01,"pz":10.13,"vy":0,"px":552545.97,"py":4182863.96},{"vx":0,"ay":0,"az":9.81,"ax":0,"pz":10.12,"vy":0,"px":552545.97,"py":4182863.96},{"vx":0,"ay":0,"az":9.81,"ax":0,"pz":10.12,"vy":0,"px":552545.97,"py":4182863.96}],"traffic_light":[0,0,0,0,0,0,0],"state_arr":[{"acceleration":1.06,"throttle":22.8,"steering_target":-0.25,"brake":0,"steering_rate":100,"speed":6.35},{"acceleration":0.58,"throttle":15.7,"steering_target":-0.25,"brake":0,"steering_rate":100,"speed":6.9},{"acceleration":-1.22,"throttle":0,"steering_target":-0.18,"brake":22.1,"steering_rate":100,"speed":6.59},{"acceleration":-2.37,"throttle":0,"steering_target":0.81,"brake":34.54,"steering_rate":100,"speed":1.52},{"acceleration":-2.66,"throttle":0,"steering_target":0.63,"brake":68.61,"steering_rate":100,"speed":0.01},{"acceleration":0,"throttle":0,"steering_target":0,"brake":50,"steering_rate":0,"speed":0},{"acceleration":0.31,"throttle":36.69,"steering_target":0.63,"brake":0,"steering_rate":100,"speed":0}],"obstacle_arr":[[{"acceleration":{"y":-0.16,"x":-0.1,"z":0},"position":{"y":4182884.53,"x":552561.45,"z":10.38},"volume":0.04,"type":"PEDESTRIAN","velocity":{"y":0,"x":0,"z":0}}],[{"acceleration":{"y":0,"x":0,"z":0},"position":{"y":4182862,"x":552544.67,"z":10.41},"volume":0.12,"type":"PEDESTRIAN","velocity":{"y":0.73,"x":0.58,"z":0}}],[{"acceleration":{"y":0,"x":0,"z":0},"position":{"y":4182861.9,"x":552544.61,"z":10.45},"volume":0.12,"type":"PEDESTRIAN","velocity":{"y":0.73,"x":0.58,"z":0}}],[{"acceleration":{"y":-0.81,"x":-0.58,"z":0},"position":{"y":4182861.15,"x":552544.31,"z":10.85},"volume":0.09,"type":"PEDESTRIAN","velocity":{"y":0,"x":0,"z":0}}],[{"acceleration":{"y":-0.15,"x":-0.12,"z":0},"position":{"y":4182860.81,"x":552544.22,"z":10.83},"volume":0.25,"type":"PEDESTRIAN","velocity":{"y":0,"x":0,"z":0}}],[{"acceleration":{"y":0,"x":0,"z":0},"position":{"y":4182860.77,"x":552544.24,"z":10.84},"volume":0.16,"type":"PEDESTRIAN","velocity":{"y":0,"x":0,"z":0}}],[{"acceleration":{"y":0,"x":0,"z":0},"position":{"y":4182860.8,"x":552544.33,"z":10.84},"volume":0.19,"type":"PEDESTRIAN","velocity":{"y":0,"x":0,"z":0}}]],"action_description":"Pedestrian walking on the front lane","ev_state":[-328.934997558594,10.1247320175171,376.769287109375,0.200000002980232,0,0.200000002980232,12,1,359.879577636719,218.196655273438,0.0133596882224083,0.7681248015118896],"collision_probability":1}
 timestamp= 1619815098000 [RUN] Validate G1 Guard Condition: 
The ego vehicle E Detection.Collision == True.
 timestamp= 1619815098000 [RES] Global Validate result: 
true
 timestamp= 1619815098000 [RUN] Collision == True
 timestamp= 1619815098000 [RUN] Validate G2 Guard Condition: 
The ego vehicle E Detection.OffRoad == True.
 timestamp= 1619815098000 [RES] Global Validate result: 
false
 timestamp= 1619815098000 [RUN] Validate G3 Guard Condition: 
The ego vehicle E Detection.HardBrake == True.
 timestamp= 1619815098000 [RES] Global Validate result: 
true
 timestamp= 1619815098000 [RUN] HardBrake == True
 timestamp= 1619815098000 [RUN] RESUME STEP @preStep
 timestamp= 1619815098000 [RUN] Resume step basicflow28
 timestamp= 1619815098000 [RUN] Validate G4 Guard Condition: 
The ego vehicle E Detection.ArrivalTest == True.
 timestamp= 1619815098000 [RES] Global Validate result: 
false
 timestamp= 1619815098000 [RUN] Validate step: 
The test system VALIDATES THAT the Apollo A Status.GetControl is nearly equal to {"acceleration": 0.31, "throttle": 36.69, "steering_target": 0.63, "brake": 0.0, "steering_rate": 100.0, "speed": 0.0}
 timestamp= 1619815098000 [RES] Validate result: 
true
 timestamp= 1619815098000 [RUN] Generate steps
 timestamp= 1619815098000 [RUN] Validate step: 
The test system VALIDATES THAT the simulator S Status.GetEnvironment is nearly equal to {"x": -328.93, "y": 10.12, "z": 376.77, "rain": 0.2, "fog": 0.0, "wetness": 0.2, "timeofday": 12.0, "signal": 1.0, "rx": 359.88, "ry": 218.2, "rz": 0.01, "speed": 0.77}
 timestamp= 1619815098000 [RES] Validate result: 
true
 timestamp= 1619815098000 [RUN] Execute API step: 
The environment controller C INVOKES API Control.Agents.NPCVehicle.NPCVehicleMaintainLane(which_lane=Right_Lane&which_car=SUV).
 timestamp= 1619815102000 [RES] API result: 
{"pose_arr":[{"vx":-0.53,"ay":0.05,"az":9.79,"ax":-1.63,"pz":10.12,"vy":-0.53,"px":552545.89,"py":4182863.85},{"vx":-0.35,"ay":1.58,"az":9.77,"ax":-1.14,"pz":10.12,"vy":-0.35,"px":552545.67,"py":4182863.59},{"vx":-0.2,"ay":-2.81,"az":9.81,"ax":2.71,"pz":10.13,"vy":-0.2,"px":552545.28,"py":4182863.19},{"vx":-0.72,"ay":1.92,"az":9.92,"ax":-2.51,"pz":10.12,"vy":-0.72,"px":552545.16,"py":4182863.08},{"vx":-2.26,"ay":2.52,"az":9.76,"ax":-3.36,"pz":10.12,"vy":-2.26,"px":552544.55,"py":4182862.45},{"vx":-2.76,"ay":1.86,"az":9.77,"ax":-2.23,"pz":10.12,"vy":-2.76,"px":552543.31,"py":4182861.01},{"vx":-2.87,"ay":0.02,"az":9.81,"ax":-0.34,"pz":10.12,"vy":-2.87,"px":552542.26,"py":4182859.73}],"traffic_light":[0,0,0,0,0,0],"state_arr":[{"acceleration":-0.09,"throttle":0,"steering_target":-51.81,"brake":14.5,"steering_rate":100,"speed":0.77},{"acceleration":0.44,"throttle":47.32,"steering_target":-65.41,"brake":0,"steering_rate":100,"speed":0.49},{"acceleration":0,"throttle":0,"steering_target":0,"brake":50,"steering_rate":0,"speed":0},{"acceleration":1.23,"throttle":61.03,"steering_target":-54.5,"brake":0,"steering_rate":100,"speed":0.01},{"acceleration":1.46,"throttle":74.67,"steering_target":31.49,"brake":0,"steering_rate":100,"speed":1.84},{"acceleration":0.03,"throttle":35.48,"steering_target":-0.74,"brake":0,"steering_rate":100,"speed":3.25},{"acceleration":0.3,"throttle":15.7,"steering_target":0.38,"brake":0,"steering_rate":100,"speed":3.63},{"acceleration":0.42,"throttle":15.7,"steering_target":3.81,"brake":0,"steering_rate":100,"speed":4.37}],"obstacle_arr":[[{"acceleration":{"y":0,"x":0,"z":0},"position":{"y":4182860.72,"x":552544.3,"z":10.87},"volume":0.11,"type":"PEDESTRIAN","velocity":{"y":0,"x":0,"z":0}}],[{"acceleration":{"y":-0.04,"x":-0.02,"z":0},"position":{"y":4182867.13,"x":552538.62,"z":10.45},"volume":7.73,"type":"VEHICLE","velocity":{"y":-1.01,"x":-0.54,"z":0}}],[{"acceleration":{"y":-0.6,"x":-0.52,"z":0},"position":{"y":4182866.38,"x":552538.23,"z":10.41},"volume":6.64,"type":"VEHICLE","velocity":{"y":-1.05,"x":-0.69,"z":0}}],[{"acceleration":{"y":-1.25,"x":-0.77,"z":0},"position":{"y":4182865.01,"x":552537.42,"z":10.4},"volume":5.76,"type":"VEHICLE","velocity":{"y":-1.87,"x":-1.22,"z":0}}],[{"acceleration":{"y":-1.44,"x":-0.92,"z":0},"position":{"y":4182863.05,"x":552535.75,"z":10.39},"volume":9.65,"type":"VEHICLE","velocity":{"y":-2.96,"x":-1.88,"z":0}}],[{"acceleration":{"y":-1.83,"x":-1.23,"z":0},"position":{"y":4182859.63,"x":552533.68,"z":10.38},"volume":9.45,"type":"VEHICLE","velocity":{"y":-4.4,"x":-2.76,"z":0}}],[{"acceleration":{"y":-1.45,"x":-0.99,"z":0},"position":{"y":4182857,"x":552532.07,"z":10.4},"volume":9.01,"type":"VEHICLE","velocity":{"y":-5.43,"x":-3.45,"z":0}}]],"action_description":"NPC vehicle (SUV) driving on the right lane","ev_state":[-334.108184814453,10.1244945526123,370.724426269531,0.200000002980232,0,0.200000002980232,12,1,359.925384521484,218.202407836914,359.954864501953,4.4831073016603],"collision_probability":0.587}
 timestamp= 1619815102000 [RUN] Validate G1 Guard Condition: 
The ego vehicle E Detection.Collision == True.
 timestamp= 1619815102000 [RES] Global Validate result: 
false
 timestamp= 1619815102000 [RUN] Validate G2 Guard Condition: 
The ego vehicle E Detection.OffRoad == True.
 timestamp= 1619815102000 [RES] Global Validate result: 
false
 timestamp= 1619815102000 [RUN] Validate G3 Guard Condition: 
The ego vehicle E Detection.HardBrake == True.
 timestamp= 1619815102000 [RES] Global Validate result: 
true
 timestamp= 1619815102000 [RUN] HardBrake == True
 timestamp= 1619815102000 [RUN] RESUME STEP @preStep
 timestamp= 1619815102000 [RUN] Resume step basicflow31
 timestamp= 1619815102000 [RUN] Validate G4 Guard Condition: 
The ego vehicle E Detection.ArrivalTest == True.
 timestamp= 1619815102000 [RES] Global Validate result: 
false
 timestamp= 1619815102000 [RUN] Validate step: 
The test system VALIDATES THAT the Apollo A Status.GetControl is nearly equal to {"acceleration": 0.42, "throttle": 15.7, "steering_target": 3.81, "brake": 0.0, "steering_rate": 100.0, "speed": 4.37}
 timestamp= 1619815102000 [RES] Validate result: 
true
 timestamp= 1619815102000 [RUN] Generate steps
 timestamp= 1619815102000 [RUN] Validate step: 
The test system VALIDATES THAT the simulator S Status.GetEnvironment is nearly equal to {"x": -334.11, "y": 10.12, "z": 370.72, "rain": 0.2, "fog": 0.0, "wetness": 0.2, "timeofday": 12.0, "signal": 1.0, "rx": 359.93, "ry": 218.2, "rz": 359.95, "speed": 4.48}
 timestamp= 1619815102000 [RES] Validate result: 
true
 timestamp= 1619815102000 [RUN] Execute API step: 
The environment controller C INVOKES API Control.Weather.Fog(fog_level=Moderate).
 timestamp= 1619815106000 [RES] API result: 
{"pose_arr":[{"vx":-3.46,"ay":0.54,"az":9.83,"ax":-0.73,"pz":10.12,"vy":-3.46,"px":552541.01,"py":4182858.19},{"vx":-4.43,"ay":0.32,"az":9.86,"ax":-0.08,"pz":10.12,"vy":-4.43,"px":552538.94,"py":4182855.51},{"vx":-4.62,"ay":0.13,"az":9.81,"ax":-0.22,"pz":10.12,"vy":-4.62,"px":552536.65,"py":4182852.51},{"vx":-5.51,"ay":0.15,"az":9.87,"ax":-0.19,"pz":10.12,"vy":-5.51,"px":552534.17,"py":4182849.22},{"vx":-4.35,"ay":-1.26,"az":10.22,"ax":-1.4,"pz":10.11,"vy":-4.35,"px":552532.31,"py":4182846.78},{"vx":-5.55,"ay":0.97,"az":9.82,"ax":-1.28,"pz":10.12,"vy":-5.55,"px":552529.59,"py":4182843.07},{"vx":-6.23,"ay":-0.03,"az":9.83,"ax":-0.31,"pz":10.12,"vy":-6.23,"px":552526.65,"py":4182839.02}],"traffic_light":[0,0,0,0,0,0],"state_arr":[{"acceleration":0.92,"throttle":17.74,"steering_target":1.96,"brake":0,"steering_rate":100,"speed":4.92},{"acceleration":0.92,"throttle":17.66,"steering_target":-0.41,"brake":0,"steering_rate":100,"speed":5.65},{"acceleration":1.21,"throttle":15.7,"steering_target":1.54,"brake":0,"steering_rate":100,"speed":5.84},{"acceleration":0.39,"throttle":15.7,"steering_target":0.24,"brake":0,"steering_rate":100,"speed":6.88},{"acceleration":2.08,"throttle":61.83,"steering_target":2.02,"brake":0,"steering_rate":100,"speed":5.53},{"acceleration":1.38,"throttle":31.26,"steering_target":-0.59,"brake":0,"steering_rate":100,"speed":6.63},{"acceleration":0.85,"throttle":18.24,"steering_target":-0.12,"brake":0,"steering_rate":100,"speed":7.52},{"acceleration":0.81,"throttle":15.7,"steering_target":0.93,"brake":0,"steering_rate":100,"speed":7.76}],"obstacle_arr":[[{"acceleration":{"y":-1.07,"x":-0.74,"z":0},"position":{"y":4182854.52,"x":552530.58,"z":10.4},"volume":9.59,"type":"VEHICLE","velocity":{"y":-6.07,"x":-3.89,"z":0}}],[{"acceleration":{"y":-0.18,"x":-0.11,"z":0},"position":{"y":4182852.33,"x":552529.34,"z":10.42},"volume":7.72,"type":"VEHICLE","velocity":{"y":-6.56,"x":-4.22,"z":0}},{"acceleration":{"y":0,"x":0,"z":0},"position":{"y":4182862.31,"x":552544.59,"z":10.52},"volume":0.04,"type":"PEDESTRIAN","velocity":{"y":0,"x":0,"z":0}},{"acceleration":{"y":0,"x":0,"z":0},"position":{"y":4182861.75,"x":552553.25,"z":10.34},"volume":0.86,"type":"PEDESTRIAN","velocity":{"y":0,"x":0,"z":0}}],[{"acceleration":{"y":0.16,"x":0.1,"z":0},"position":{"y":4182849.44,"x":552527.42,"z":10.4},"volume":10.65,"type":"VEHICLE","velocity":{"y":-6.45,"x":-4.14,"z":0}},{"acceleration":{"y":0,"x":0,"z":0},"position":{"y":4182862.13,"x":552544.69,"z":10.44},"volume":0.03,"type":"PEDESTRIAN","velocity":{"y":0,"x":0,"z":0}}],[{"acceleration":{"y":0.28,"x":0.2,"z":0},"position":{"y":4182844.92,"x":552524.78,"z":10.35},"volume":8.8,"type":"VEHICLE","velocity":{"y":-6.15,"x":-3.94,"z":0}}],[{"acceleration":{"y":0.34,"x":0.24,"z":0},"position":{"y":4182843.03,"x":552523.65,"z":10.48},"volume":10.02,"type":"VEHICLE","velocity":{"y":-5.84,"x":-3.72,"z":0}}],[{"acceleration":{"y":0.19,"x":0.13,"z":0},"position":{"y":4182840.56,"x":552522.2,"z":10.44},"volume":9.44,"type":"VEHICLE","velocity":{"y":-5.52,"x":-3.5,"z":0}}],[{"acceleration":{"y":-0.07,"x":-0.06,"z":0},"position":{"y":4182837.61,"x":552520.29,"z":10.45},"volume":9.37,"type":"VEHICLE","velocity":{"y":-5.42,"x":-3.43,"z":0}},{"acceleration":{"y":0,"x":0,"z":0},"position":{"y":4182845.37,"x":552532.55,"z":10.54},"volume":0.08,"type":"PEDESTRIAN","velocity":{"y":0,"x":0,"z":0}}]],"action_description":"Moderate fog","ev_state":[-348.951690673828,10.1239328384399,350.781066894531,0,0.5,0,12,0,359.967498779297,216.068466186523,359.988220214844,7.756684213291225],"collision_probability":1}
 timestamp= 1619815106000 [RUN] Validate G1 Guard Condition: 
The ego vehicle E Detection.Collision == True.
 timestamp= 1619815106000 [RES] Global Validate result: 
true
 timestamp= 1619815106000 [RUN] Collision == True
 timestamp= 1619815106000 [RUN] Validate G2 Guard Condition: 
The ego vehicle E Detection.OffRoad == True.
 timestamp= 1619815106000 [RES] Global Validate result: 
false
 timestamp= 1619815106000 [RUN] Validate G3 Guard Condition: 
The ego vehicle E Detection.HardBrake == True.
 timestamp= 1619815106000 [RES] Global Validate result: 
false
 timestamp= 1619815106000 [RUN] Validate G4 Guard Condition: 
The ego vehicle E Detection.ArrivalTest == True.
 timestamp= 1619815106000 [RES] Global Validate result: 
false
 timestamp= 1619815106000 [RUN] Validate step: 
The test system VALIDATES THAT the Apollo A Status.GetControl is nearly equal to {"acceleration": 0.81, "throttle": 15.7, "steering_target": 0.93, "brake": 0.0, "steering_rate": 100.0, "speed": 7.76}
 timestamp= 1619815106000 [RES] Validate result: 
true
 timestamp= 1619815106000 [RUN] Generate steps
 timestamp= 1619815106000 [RUN] Validate step: 
The test system VALIDATES THAT the simulator S Status.GetEnvironment is nearly equal to {"x": -348.95, "y": 10.12, "z": 350.78, "rain": 0.0, "fog": 0.5, "wetness": 0.0, "timeofday": 12.0, "signal": 0.0, "rx": 359.97, "ry": 216.07, "rz": 359.99, "speed": 7.76}
 timestamp= 1619815106000 [RES] Validate result: 
true
 timestamp= 1619815106000 [RUN] Execute API step: 
The environment controller C INVOKES API Control.Agents.Pedestrians.WalkRandomly(which_lane=Current_Lane).
 timestamp= 1619815110000 [RES] API result: 
{"pose_arr":[{"vx":-6.46,"ay":0.53,"az":9.81,"ax":-0.7,"pz":10.12,"vy":-6.46,"px":552524.6,"py":4182836.21},{"vx":-5.72,"ay":2.8,"az":9.79,"ax":-3.97,"pz":10.11,"vy":-5.72,"px":552522.42,"py":4182833.29},{"vx":-6.51,"ay":0.77,"az":9.82,"ax":-1.07,"pz":10.12,"vy":-6.51,"px":552519.7,"py":4182829.44},{"vx":-7.29,"ay":0.06,"az":9.87,"ax":-0.21,"pz":10.12,"vy":-7.29,"px":552517.16,"py":4182825.9},{"vx":-7.34,"ay":0.04,"az":9.84,"ax":0.14,"pz":10.12,"vy":-7.34,"px":552514.45,"py":4182822.17},{"vx":-7.3,"ay":-0.13,"az":9.8,"ax":-0.09,"pz":10.12,"vy":-7.3,"px":552511.75,"py":4182818.39},{"vx":-7.21,"ay":0,"az":9.81,"ax":0,"pz":10.12,"vy":-7.21,"px":552508.97,"py":4182814.57}],"traffic_light":[0,0,0,3,3,3],"state_arr":[{"acceleration":1.14,"throttle":15.7,"steering_target":1.44,"brake":0,"steering_rate":100,"speed":6.33},{"acceleration":1.72,"throttle":40.86,"steering_target":-0.39,"brake":0,"steering_rate":100,"speed":7.39},{"acceleration":1.12,"throttle":43.23,"steering_target":-0.8,"brake":0,"steering_rate":100,"speed":8.07},{"acceleration":0.16,"throttle":15.7,"steering_target":1.03,"brake":0,"steering_rate":100,"speed":9.01},{"acceleration":0.07,"throttle":15.7,"steering_target":-1.15,"brake":0,"steering_rate":100,"speed":9.03},{"acceleration":-0.03,"throttle":0,"steering_target":0.93,"brake":14.5,"steering_rate":100,"speed":9.01},{"acceleration":0.08,"throttle":15.7,"steering_target":-0.93,"brake":0,"steering_rate":100,"speed":8.87}],"obstacle_arr":[[{"acceleration":{"y":-0.18,"x":-0.1,"z":0},"position":{"y":4182835.09,"x":552518.88,"z":10.43},"volume":10.5,"type":"VEHICLE","velocity":{"y":-5.46,"x":-3.46,"z":0}},{"acceleration":{"y":0,"x":0,"z":0},"position":{"y":4182845.47,"x":552532.52,"z":10.62},"volume":0.1,"type":"PEDESTRIAN","velocity":{"y":0,"x":0,"z":0}}],[{"acceleration":{"y":-0.1,"x":-0.07,"z":0},"position":{"y":4182832.68,"x":552517.28,"z":10.45},"volume":10.12,"type":"VEHICLE","velocity":{"y":-5.51,"x":-3.47,"z":0}},{"acceleration":{"y":0,"x":0,"z":0},"position":{"y":4182845.39,"x":552532.71,"z":10.52},"volume":0.04,"type":"PEDESTRIAN","velocity":{"y":0,"x":0,"z":0}}],[{"acceleration":{"y":0.05,"x":0.04,"z":0},"position":{"y":4182830.61,"x":552516.16,"z":10.4},"volume":9.76,"type":"VEHICLE","velocity":{"y":-5.43,"x":-3.41,"z":0}}],[{"acceleration":{"y":0.26,"x":0.17,"z":0},"position":{"y":4182827.02,"x":552513.74,"z":10.52},"volume":9.72,"type":"VEHICLE","velocity":{"y":-5.09,"x":-3.18,"z":0}},{"acceleration":{"y":0,"x":0,"z":0},"position":{"y":4182832.82,"x":552523.4,"z":10.49},"volume":0.04,"type":"PEDESTRIAN","velocity":{"y":0,"x":0,"z":0}}],[{"acceleration":{"y":0.28,"x":0.14,"z":0},"position":{"y":4182825.36,"x":552512.43,"z":10.45},"volume":11.81,"type":"VEHICLE","velocity":{"y":-4.62,"x":-2.91,"z":0}},{"acceleration":{"y":0,"x":0,"z":0},"position":{"y":4182833.23,"x":552523.53,"z":10.72},"volume":0.04,"type":"PEDESTRIAN","velocity":{"y":0,"x":0,"z":0}}],[{"acceleration":{"y":0.18,"x":0.06,"z":0},"position":{"y":4182823.17,"x":552510.95,"z":10.4},"volume":10.92,"type":"VEHICLE","velocity":{"y":-4.18,"x":-2.7,"z":0}}],[{"acceleration":{"y":0.08,"x":0.01,"z":0},"position":{"y":4182821.23,"x":552509.38,"z":10.37},"volume":10.56,"type":"VEHICLE","velocity":{"y":-4,"x":-2.64,"z":0}}]],"action_description":"Pedestrian walking on the front lane","ev_state":[-368.3994140625,10.1236515045166,323.853088378906,0,0.5,0,12,-1,0.00294397491961718,216.060195922852,0.0330171585083008,8.869985146170592],"collision_probability":1}
 timestamp= 1619815110000 [RUN] Validate G1 Guard Condition: 
The ego vehicle E Detection.Collision == True.
 timestamp= 1619815110000 [RES] Global Validate result: 
true
 timestamp= 1619815110000 [RUN] Collision == True
 timestamp= 1619815110000 [RUN] Validate G2 Guard Condition: 
The ego vehicle E Detection.OffRoad == True.
 timestamp= 1619815110000 [RES] Global Validate result: 
false
 timestamp= 1619815110000 [RUN] Validate G3 Guard Condition: 
The ego vehicle E Detection.HardBrake == True.
 timestamp= 1619815110000 [RES] Global Validate result: 
false
 timestamp= 1619815110000 [RUN] Validate G4 Guard Condition: 
The ego vehicle E Detection.ArrivalTest == True.
 timestamp= 1619815110000 [RES] Global Validate result: 
false
 timestamp= 1619815110000 [RUN] Validate step: 
The test system VALIDATES THAT the Apollo A Status.GetControl is nearly equal to {"acceleration": 0.08, "throttle": 15.7, "steering_target": -0.93, "brake": 0.0, "steering_rate": 100.0, "speed": 8.87}
 timestamp= 1619815110000 [RES] Validate result: 
true
 timestamp= 1619815110000 [RUN] Generate steps
 timestamp= 1619815110000 [RUN] Validate step: 
The test system VALIDATES THAT the simulator S Status.GetEnvironment is nearly equal to {"x": -368.4, "y": 10.12, "z": 323.85, "rain": 0.0, "fog": 0.5, "wetness": 0.0, "timeofday": 12.0, "signal": -1.0, "rx": 0.0, "ry": 216.06, "rz": 0.03, "speed": 8.87}
 timestamp= 1619815110000 [RES] Validate result: 
true
 timestamp= 1619815110000 [RUN] Execute API step: 
The environment controller C INVOKES API Control.Agents.Pedestrians.WalkRandomly(which_lane=Current_Lane).
 timestamp= 1619815114000 [RES] API result: 
{"pose_arr":[{"vx":-7.16,"ay":0.03,"az":9.82,"ax":-0.06,"pz":10.12,"vy":-7.16,"px":552506.64,"py":4182811.32},{"vx":-7.22,"ay":0.23,"az":9.84,"ax":-0.07,"pz":10.12,"vy":-7.22,"px":552503.5,"py":4182807},{"vx":-6.98,"ay":-0.37,"az":9.82,"ax":0.51,"pz":10.12,"vy":-6.98,"px":552500.44,"py":4182802.79},{"vx":-3.27,"ay":-14.47,"az":9.6,"ax":20.59,"pz":10.12,"vy":-3.27,"px":552497.68,"py":4182798.98},{"vx":-0.52,"ay":-0.5,"az":9.73,"ax":0.81,"pz":10.12,"vy":-0.52,"px":552497.21,"py":4182798.32},{"vx":-0.09,"ay":-0.39,"az":9.81,"ax":0.53,"pz":10.12,"vy":-0.09,"px":552497.09,"py":4182798.16},{"vx":-0.51,"ay":0.75,"az":9.84,"ax":-1.05,"pz":10.12,"vy":-0.51,"px":552497.03,"py":4182798.08},{"vx":-0.36,"ay":-0.37,"az":9.8,"ax":0.51,"pz":10.12,"vy":-0.36,"px":552496.86,"py":4182797.84}],"traffic_light":[3,3,3,3,3,3,3],"state_arr":[{"acceleration":0.17,"throttle":15.7,"steering_target":0.3,"brake":0,"steering_rate":100,"speed":8.87},{"acceleration":0.07,"throttle":15.7,"steering_target":-0.29,"brake":0,"steering_rate":100,"speed":8.92},{"acceleration":-0.25,"throttle":0,"steering_target":0.01,"brake":14.5,"steering_rate":100,"speed":8.73},{"acceleration":0.4,"throttle":17.37,"steering_target":-0.01,"brake":0,"steering_rate":100,"speed":8.44},{"acceleration":-0.75,"throttle":0,"steering_target":0.59,"brake":17.93,"steering_rate":100,"speed":1.07},{"acceleration":-0.76,"throttle":0,"steering_target":0.34,"brake":18.42,"steering_rate":100,"speed":0.51},{"acceleration":0.2,"throttle":15.7,"steering_target":0.05,"brake":0,"steering_rate":100,"speed":0.09},{"acceleration":-0.11,"throttle":0,"steering_target":0.61,"brake":14.5,"steering_rate":100,"speed":0.7}],"obstacle_arr":[[{"acceleration":{"y":0.03,"x":-0.02,"z":0},"position":{"y":4182819.11,"x":552507.88,"z":10.42},"volume":10.28,"type":"VEHICLE","velocity":{"y":-3.95,"x":-2.65,"z":0}},{"acceleration":{"y":0,"x":0,"z":0},"position":{"y":4182798.29,"x":552496.48,"z":10.54},"volume":0,"type":"PEDESTRIAN","velocity":{"y":0,"x":0,"z":0}}],[{"acceleration":{"y":-0.03,"x":-0.06,"z":0},"position":{"y":4182815.73,"x":552505.39,"z":10.45},"volume":6.98,"type":"VEHICLE","velocity":{"y":-3.95,"x":-2.69,"z":0}}],[{"acceleration":{"y":-0.07,"x":-0.08,"z":0},"position":{"y":4182813.74,"x":552503.98,"z":10.43},"volume":8.61,"type":"VEHICLE","velocity":{"y":-4.02,"x":-2.76,"z":0}},{"acceleration":{"y":0.01,"x":0.01,"z":0},"position":{"y":4182797.76,"x":552496.31,"z":10.42},"volume":0.1,"type":"PEDESTRIAN","velocity":{"y":1,"x":0.74,"z":0}}],[{"acceleration":{"y":-0.04,"x":-0.07,"z":0},"position":{"y":4182810.17,"x":552501.34,"z":10.7},"volume":7.87,"type":"VEHICLE","velocity":{"y":-4.09,"x":-2.85,"z":0}},{"acceleration":{"y":0,"x":0,"z":0},"position":{"y":4182795.89,"x":552494.83,"z":10.71},"volume":0.11,"type":"PEDESTRIAN","velocity":{"y":0.64,"x":0.48,"z":0}}],[{"acceleration":{"y":0.01,"x":-0.03,"z":0},"position":{"y":4182808.58,"x":552500.16,"z":10.45},"volume":8.97,"type":"VEHICLE","velocity":{"y":-4.07,"x":-2.88,"z":0}},{"acceleration":{"y":0,"x":0,"z":0},"position":{"y":4182795.71,"x":552494.52,"z":10.72},"volume":0.2,"type":"PEDESTRIAN","velocity":{"y":0.63,"x":0.47,"z":0}}],[{"acceleration":{"y":0.06,"x":0.02,"z":0},"position":{"y":4182806.02,"x":552498.34,"z":10.49},"volume":10.02,"type":"VEHICLE","velocity":{"y":-3.97,"x":-2.81,"z":0}},{"acceleration":{"y":-0.54,"x":-0.35,"z":0},"position":{"y":4182795.45,"x":552494.38,"z":10.75},"volume":0.2,"type":"PEDESTRIAN","velocity":{"y":-0.57,"x":-0.28,"z":0}}],[{"acceleration":{"y":0.05,"x":0.02,"z":0},"position":{"y":4182803.17,"x":552496.28,"z":10.42},"volume":10.73,"type":"VEHICLE","velocity":{"y":-3.15,"x":-2.06,"z":0}},{"acceleration":{"y":1.21,"x":0.31,"z":0},"position":{"y":4182795.34,"x":552494.41,"z":10.76},"volume":0.24,"type":"PEDESTRIAN","velocity":{"y":0,"x":0,"z":0}}]],"action_description":"Pedestrian walking on the front lane","ev_state":[-377.939727783203,10.126503944397,310.723724365234,0,0.5,0,12,-1,359.883392333984,216.589309692383,0.0291996989399195,0.42787877673926306],"collision_probability":1}
 timestamp= 1619815114000 [RUN] Validate G1 Guard Condition: 
The ego vehicle E Detection.Collision == True.
 timestamp= 1619815114000 [RES] Global Validate result: 
true
 timestamp= 1619815114000 [RUN] Collision == True
 timestamp= 1619815114000 [RUN] Validate G2 Guard Condition: 
The ego vehicle E Detection.OffRoad == True.
 timestamp= 1619815114000 [RES] Global Validate result: 
false
 timestamp= 1619815114000 [RUN] Validate G3 Guard Condition: 
The ego vehicle E Detection.HardBrake == True.
 timestamp= 1619815114000 [RES] Global Validate result: 
true
 timestamp= 1619815114000 [RUN] HardBrake == True
 timestamp= 1619815114000 [RUN] RESUME STEP @preStep
 timestamp= 1619815114000 [RUN] Resume step basicflow40
 timestamp= 1619815114000 [RUN] Validate G4 Guard Condition: 
The ego vehicle E Detection.ArrivalTest == True.
 timestamp= 1619815114000 [RES] Global Validate result: 
false
 timestamp= 1619815114000 [RUN] Validate step: 
The test system VALIDATES THAT the Apollo A Status.GetControl is nearly equal to {"acceleration": -0.11, "throttle": 0.0, "steering_target": 0.61, "brake": 14.5, "steering_rate": 100.0, "speed": 0.7}
 timestamp= 1619815114000 [RES] Validate result: 
true
 timestamp= 1619815114000 [RUN] Generate steps
 timestamp= 1619815114000 [RUN] Validate step: 
The test system VALIDATES THAT the simulator S Status.GetEnvironment is nearly equal to {"x": -377.94, "y": 10.13, "z": 310.72, "rain": 0.0, "fog": 0.5, "wetness": 0.0, "timeofday": 12.0, "signal": -1.0, "rx": 359.88, "ry": 216.59, "rz": 0.03, "speed": 0.43}
 timestamp= 1619815114000 [RES] Validate result: 
true
 timestamp= 1619815114000 [RUN] Execute API step: 
The environment controller C INVOKES API Control.Agents.Pedestrians.WalkRandomly(which_lane=Current_Lane).
 timestamp= 1619815118000 [RES] API result: 
{"pose_arr":[{"vx":-0.12,"ay":-0.37,"az":9.82,"ax":0.5,"pz":10.12,"vy":-0.12,"px":552496.78,"py":4182797.74},{"vx":-0.12,"ay":0.11,"az":9.81,"ax":-0.15,"pz":10.12,"vy":-0.12,"px":552496.75,"py":4182797.7},{"vx":-0.23,"ay":-0.36,"az":9.8,"ax":0.49,"pz":10.12,"vy":-0.23,"px":552496.66,"py":4182797.57},{"vx":-0.01,"ay":0.06,"az":9.81,"ax":-0.08,"pz":10.12,"vy":-0.01,"px":552496.63,"py":4182797.53},{"vx":0,"ay":0,"az":9.81,"ax":0,"pz":10.12,"vy":0,"px":552496.62,"py":4182797.52},{"vx":-0.01,"ay":0.21,"az":9.8,"ax":-0.29,"pz":10.12,"vy":-0.01,"px":552496.63,"py":4182797.52},{"vx":-0.01,"ay":0.06,"az":9.81,"ax":-0.09,"pz":10.12,"vy":-0.01,"px":552496.63,"py":4182797.52}],"traffic_light":[3,3,3,3,3,3,3],"state_arr":[{"acceleration":-0.06,"throttle":0,"steering_target":0,"brake":14.5,"steering_rate":100,"speed":0.43},{"acceleration":0.06,"throttle":15.7,"steering_target":0,"brake":0,"steering_rate":100,"speed":0.12},{"acceleration":0.02,"throttle":52.63,"steering_target":0,"brake":0,"steering_rate":100,"speed":0.15},{"acceleration":-0.1,"throttle":0,"steering_target":0,"brake":14.5,"steering_rate":100,"speed":0.3},{"acceleration":0.03,"throttle":15.7,"steering_target":0,"brake":0,"steering_rate":100,"speed":0},{"acceleration":-0.03,"throttle":0,"steering_target":0.15,"brake":20.94,"steering_rate":100,"speed":0.12},{"acceleration":-0.01,"throttle":0,"steering_target":0.27,"brake":35.03,"steering_rate":100,"speed":0.04},{"acceleration":-0.02,"throttle":0,"steering_target":0.27,"brake":31.6,"steering_rate":100,"speed":0.07}],"obstacle_arr":[[{"acceleration":{"y":-0.11,"x":-0.21,"z":0},"position":{"y":4182800.74,"x":552494.51,"z":10.43},"volume":10.68,"type":"VEHICLE","velocity":{"y":-3.28,"x":-2.27,"z":0}},{"acceleration":{"y":0.06,"x":0.02,"z":0},"position":{"y":4182795,"x":552494.24,"z":10.77},"volume":0.25,"type":"PEDESTRIAN","velocity":{"y":0,"x":0,"z":0}}],[{"acceleration":{"y":-0.59,"x":-0.36,"z":0},"position":{"y":4182798.22,"x":552492.75,"z":10.44},"volume":11.22,"type":"VEHICLE","velocity":{"y":-3.65,"x":-2.58,"z":0}},{"acceleration":{"y":0,"x":0,"z":0},"position":{"y":4182794.91,"x":552494.22,"z":10.76},"volume":0.24,"type":"PEDESTRIAN","velocity":{"y":0,"x":0,"z":0}}],[{"acceleration":{"y":-1.05,"x":-1.13,"z":0},"position":{"y":4182796.08,"x":552491.12,"z":10.41},"volume":9.51,"type":"VEHICLE","velocity":{"y":-4.32,"x":-3.34,"z":0}},{"acceleration":{"y":0,"x":0,"z":0},"position":{"y":4182794.91,"x":552494.2,"z":10.74},"volume":0.19,"type":"PEDESTRIAN","velocity":{"y":0,"x":0,"z":0}}],[{"acceleration":{"y":-1.11,"x":-0.78,"z":0},"position":{"y":4182793.61,"x":552489.34,"z":10.45},"volume":9.25,"type":"VEHICLE","velocity":{"y":-5,"x":-3.74,"z":0}},{"acceleration":{"y":0,"x":0,"z":0},"position":{"y":4182794.7,"x":552494.09,"z":10.75},"volume":0.24,"type":"PEDESTRIAN","velocity":{"y":0,"x":0,"z":0}}],[{"acceleration":{"y":-0.41,"x":0.04,"z":0},"position":{"y":4182790.7,"x":552487.14,"z":10.42},"volume":9.74,"type":"VEHICLE","velocity":{"y":-5.55,"x":-3.94,"z":0}},{"acceleration":{"y":0,"x":0,"z":0},"position":{"y":4182794.74,"x":552494.04,"z":10.79},"volume":0.19,"type":"PEDESTRIAN","velocity":{"y":0,"x":0,"z":0}}],[{"acceleration":{"y":0.84,"x":0.65,"z":0},"position":{"y":4182789.5,"x":552486.25,"z":10.49},"volume":6.36,"type":"VEHICLE","velocity":{"y":-5.38,"x":-3.75,"z":0}},{"acceleration":{"y":0,"x":0,"z":0},"position":{"y":4182794.72,"x":552494,"z":10.81},"volume":0.19,"type":"PEDESTRIAN","velocity":{"y":0,"x":0,"z":0}}],[{"acceleration":{"y":1.15,"x":0.89,"z":0},"position":{"y":4182787.09,"x":552484.57,"z":10.49},"volume":5.24,"type":"VEHICLE","velocity":{"y":-4.75,"x":-3.27,"z":0}},{"acceleration":{"y":0,"x":0,"z":0},"position":{"y":4182794.72,"x":552494.01,"z":10.79},"volume":0.15,"type":"PEDESTRIAN","velocity":{"y":0,"x":0,"z":0}}],[{"acceleration":{"y":1.11,"x":0.82,"z":0},"position":{"y":4182784.93,"x":552482.92,"z":10.43},"volume":5.7,"type":"VEHICLE","velocity":{"y":-4.11,"x":-2.8,"z":0}},{"acceleration":{"y":0,"x":0,"z":0},"position":{"y":4182794.76,"x":552494,"z":10.78},"volume":0.21,"type":"PEDESTRIAN","velocity":{"y":0,"x":0,"z":0}}]],"action_description":"Pedestrian walking on the front lane","ev_state":[-378.157196044922,10.1254587173462,310.419525146484,0,0.5,0,12,-1,359.931274414063,216.480987548828,0.00596659863367677,0.02233671885170417],"collision_probability":0.361}
 timestamp= 1619815118000 [RUN] Validate G1 Guard Condition: 
The ego vehicle E Detection.Collision == True.
 timestamp= 1619815118000 [RES] Global Validate result: 
false
 timestamp= 1619815118000 [RUN] Validate G2 Guard Condition: 
The ego vehicle E Detection.OffRoad == True.
 timestamp= 1619815118000 [RES] Global Validate result: 
false
 timestamp= 1619815118000 [RUN] Validate G3 Guard Condition: 
The ego vehicle E Detection.HardBrake == True.
 timestamp= 1619815118000 [RES] Global Validate result: 
false
 timestamp= 1619815118000 [RUN] Validate G4 Guard Condition: 
The ego vehicle E Detection.ArrivalTest == True.
 timestamp= 1619815118000 [RES] Global Validate result: 
false
 timestamp= 1619815118000 [RUN] Validate step: 
The test system VALIDATES THAT the Apollo A Status.GetControl is nearly equal to {"acceleration": -0.02, "throttle": 0.0, "steering_target": 0.27, "brake": 31.6, "steering_rate": 100.0, "speed": 0.07}
 timestamp= 1619815118000 [RES] Validate result: 
true
 timestamp= 1619815118000 [RUN] Generate steps
 timestamp= 1619815118000 [RUN] Validate step: 
The test system VALIDATES THAT the simulator S Status.GetEnvironment is nearly equal to {"x": -378.16, "y": 10.13, "z": 310.42, "rain": 0.0, "fog": 0.5, "wetness": 0.0, "timeofday": 12.0, "signal": -1.0, "rx": 359.93, "ry": 216.48, "rz": 0.01, "speed": 0.02}
 timestamp= 1619815118000 [RES] Validate result: 
true
 timestamp= 1619815118000 [RUN] Execute API step: 
The environment controller C INVOKES API Control.Agents.Pedestrians.WalkRandomly(which_lane=Current_Lane).
 timestamp= 1619815122000 [RES] API result: 
{"pose_arr":[{"vx":0,"ay":0,"az":9.81,"ax":0,"pz":10.12,"vy":0,"px":552496.63,"py":4182797.52},{"vx":-0.04,"ay":0.07,"az":9.81,"ax":-0.1,"pz":10.12,"vy":-0.04,"px":552496.63,"py":4182797.52},{"vx":-0.01,"ay":0.07,"az":9.8,"ax":-0.1,"pz":10.12,"vy":-0.01,"px":552496.63,"py":4182797.53},{"vx":-0.02,"ay":0.07,"az":9.81,"ax":-0.1,"pz":10.12,"vy":-0.02,"px":552496.64,"py":4182797.53},{"vx":0,"ay":0.14,"az":9.81,"ax":-0.18,"pz":10.12,"vy":0,"px":552496.64,"py":4182797.53},{"vx":0,"ay":0,"az":9.81,"ax":0,"pz":10.12,"vy":0,"px":552496.64,"py":4182797.53},{"vx":0,"ay":0.06,"az":9.81,"ax":-0.1,"pz":10.12,"vy":0,"px":552496.65,"py":4182797.53}],"traffic_light":[3,3,3,3,3,3],"state_arr":[{"acceleration":0.01,"throttle":15.7,"steering_target":0.27,"brake":0,"steering_rate":100,"speed":0},{"acceleration":0,"throttle":15.7,"steering_target":0.27,"brake":0,"steering_rate":100,"speed":0.02},{"acceleration":-0.01,"throttle":0,"steering_target":0.27,"brake":23.11,"steering_rate":100,"speed":0.03},{"acceleration":-0.08,"throttle":0,"steering_target":0.27,"brake":42.78,"steering_rate":100,"speed":0.03},{"acceleration":0,"throttle":15.7,"steering_target":0.27,"brake":0,"steering_rate":100,"speed":0},{"acceleration":0,"throttle":15.7,"steering_target":0.27,"brake":0,"steering_rate":100,"speed":0},{"acceleration":0,"throttle":15.7,"steering_target":0.27,"brake":0,"steering_rate":100,"speed":0},{"acceleration":0,"throttle":15.7,"steering_target":0.27,"brake":0,"steering_rate":100,"speed":0}],"obstacle_arr":[[{"acceleration":{"y":1.06,"x":0.78,"z":0},"position":{"y":4182782.82,"x":552481.33,"z":10.69},"volume":2.41,"type":"VEHICLE","velocity":{"y":-3.48,"x":-2.33,"z":0}},{"acceleration":{"y":0,"x":0,"z":0},"position":{"y":4182794.76,"x":552494.03,"z":10.76},"volume":0.27,"type":"PEDESTRIAN","velocity":{"y":0,"x":0,"z":0}}],[{"acceleration":{"y":0.71,"x":0.49,"z":0},"position":{"y":4182780.37,"x":552479.58,"z":10.53},"volume":2.41,"type":"VEHICLE","velocity":{"y":-2.95,"x":-1.97,"z":0}},{"acceleration":{"y":0,"x":0,"z":0},"position":{"y":4182794.73,"x":552493.99,"z":10.74},"volume":0.23,"type":"PEDESTRIAN","velocity":{"y":0,"x":0,"z":0}}],[{"acceleration":{"y":0.44,"x":0.33,"z":0},"position":{"y":4182777.73,"x":552477.71,"z":10.72},"volume":3.05,"type":"VEHICLE","velocity":{"y":-2.68,"x":-1.77,"z":0}},{"acceleration":{"y":0,"x":0,"z":0},"position":{"y":4182794.76,"x":552493.97,"z":10.75},"volume":0.16,"type":"PEDESTRIAN","velocity":{"y":0,"x":0,"z":0}}],[{"acceleration":{"y":0.33,"x":-0.05,"z":0},"position":{"y":4182776.25,"x":552476.63,"z":10.7},"volume":1.21,"type":"VEHICLE","velocity":{"y":-3.6,"x":-2.92,"z":0}},{"acceleration":{"y":0,"x":0,"z":0},"position":{"y":4182794.75,"x":552493.95,"z":10.78},"volume":0.17,"type":"PEDESTRIAN","velocity":{"y":0,"x":0,"z":0}}],[{"acceleration":{"y":0.67,"x":0.71,"z":0},"position":{"y":4182773.2,"x":552474.48,"z":10.52},"volume":2.05,"type":"VEHICLE","velocity":{"y":-3.28,"x":-2.48,"z":0}},{"acceleration":{"y":0,"x":0,"z":0},"position":{"y":4182794.78,"x":552493.95,"z":10.79},"volume":0.19,"type":"PEDESTRIAN","velocity":{"y":0,"x":0,"z":0}}],[{"acceleration":{"y":0,"x":0,"z":0},"position":{"y":4182794.77,"x":552493.96,"z":10.77},"volume":0.22,"type":"PEDESTRIAN","velocity":{"y":0,"x":0,"z":0}}],[{"acceleration":{"y":0,"x":0,"z":0},"position":{"y":4182794.8,"x":552493.92,"z":10.81},"volume":0.21,"type":"PEDESTRIAN","velocity":{"y":0,"x":0,"z":0}}]],"action_description":"Pedestrian walking on the front lane","ev_state":[-378.140625,10.1253528594971,310.435424804688,0,0.5,0,12,-1,359.934509277344,216.665069580078,0.00719868112355471,0.0006721628938178881],"collision_probability":0.361}
 timestamp= 1619815122000 [RUN] Validate G1 Guard Condition: 
The ego vehicle E Detection.Collision == True.
 timestamp= 1619815122000 [RES] Global Validate result: 
false
 timestamp= 1619815122000 [RUN] Validate G2 Guard Condition: 
The ego vehicle E Detection.OffRoad == True.
 timestamp= 1619815122000 [RES] Global Validate result: 
false
 timestamp= 1619815122000 [RUN] Validate G3 Guard Condition: 
The ego vehicle E Detection.HardBrake == True.
 timestamp= 1619815122000 [RES] Global Validate result: 
false
 timestamp= 1619815122000 [RUN] Validate G4 Guard Condition: 
The ego vehicle E Detection.ArrivalTest == True.
 timestamp= 1619815122000 [RES] Global Validate result: 
false
 timestamp= 1619815122000 [RUN] Validate step: 
The test system VALIDATES THAT the Apollo A Status.GetControl is nearly equal to {"acceleration": 0.0, "throttle": 15.7, "steering_target": 0.27, "brake": 0.0, "steering_rate": 100.0, "speed": 0.0}
 timestamp= 1619815122000 [RES] Validate result: 
true
 timestamp= 1619815122000 [RUN] Generate steps
 timestamp= 1619815122000 [RUN] Validate step: 
The test system VALIDATES THAT the simulator S Status.GetEnvironment is nearly equal to {"x": -378.14, "y": 10.13, "z": 310.44, "rain": 0.0, "fog": 0.5, "wetness": 0.0, "timeofday": 12.0, "signal": -1.0, "rx": 359.93, "ry": 216.67, "rz": 0.01, "speed": 0.0}
 timestamp= 1619815122000 [RES] Validate result: 
true
 timestamp= 1619815122000 [RUN] Execute API step: 
The environment controller C INVOKES API Control.Weather.Rain(rain_level=Moderate).
 timestamp= 1619815127000 [RES] API result: 
{"pose_arr":[{"vx":0,"ay":0,"az":9.81,"ax":0,"pz":10.12,"vy":0,"px":552496.65,"py":4182797.54},{"vx":0,"ay":0,"az":9.81,"ax":0,"pz":10.12,"vy":0,"px":552496.65,"py":4182797.54},{"vx":0,"ay":0,"az":9.81,"ax":0,"pz":10.12,"vy":0,"px":552496.66,"py":4182797.54},{"vx":0,"ay":0,"az":9.81,"ax":0,"pz":10.12,"vy":0,"px":552496.66,"py":4182797.54},{"vx":0,"ay":0,"az":9.81,"ax":0,"pz":10.12,"vy":0,"px":552496.66,"py":4182797.54},{"vx":0,"ay":0,"az":9.81,"ax":0,"pz":10.12,"vy":0,"px":552496.66,"py":4182797.54},{"vx":0,"ay":0,"az":9.81,"ax":0,"pz":10.12,"vy":0,"px":552496.66,"py":4182797.54},{"vx":0,"ay":0,"az":9.81,"ax":0,"pz":10.12,"vy":0,"px":552496.66,"py":4182797.54}],"traffic_light":[2,2,3,2,2,2,1,1],"state_arr":[{"acceleration":0,"throttle":15.7,"steering_target":0.27,"brake":0,"steering_rate":100,"speed":0},{"acceleration":-0.01,"throttle":0,"steering_target":0.27,"brake":38.93,"steering_rate":100,"speed":0.03},{"acceleration":0,"throttle":0,"steering_target":0.27,"brake":14.5,"steering_rate":100,"speed":0},{"acceleration":0,"throttle":0,"steering_target":0.27,"brake":14.5,"steering_rate":100,"speed":0},{"acceleration":0,"throttle":0,"steering_target":0.27,"brake":14.5,"steering_rate":100,"speed":0},{"acceleration":0,"throttle":0,"steering_target":0.27,"brake":14.5,"steering_rate":100,"speed":0},{"acceleration":0,"throttle":0,"steering_target":0.27,"brake":14.5,"steering_rate":100,"speed":0},{"acceleration":0,"throttle":0,"steering_target":0.27,"brake":14.5,"steering_rate":100,"speed":0}],"obstacle_arr":[[{"acceleration":{"y":0,"x":0,"z":0},"position":{"y":4182794.78,"x":552493.93,"z":10.79},"volume":0.2,"type":"PEDESTRIAN","velocity":{"y":0,"x":0,"z":0}},{"acceleration":{"y":-0.09,"x":-0.05,"z":0},"position":{"y":4182765.07,"x":552468.76,"z":10.82},"volume":2.69,"type":"VEHICLE","velocity":{"y":-1.62,"x":-1.04,"z":0}}],[{"acceleration":{"y":0,"x":0,"z":0},"position":{"y":4182794.8,"x":552493.95,"z":10.8},"volume":0.15,"type":"PEDESTRIAN","velocity":{"y":0,"x":0,"z":0}},{"acceleration":{"y":-0.26,"x":-0.23,"z":0},"position":{"y":4182763.22,"x":552467.39,"z":10.71},"volume":0.55,"type":"VEHICLE","velocity":{"y":-1.72,"x":-1.06,"z":0}}],[{"acceleration":{"y":0,"x":0,"z":0},"position":{"y":4182794.79,"x":552493.95,"z":10.8},"volume":0.17,"type":"PEDESTRIAN","velocity":{"y":0,"x":0,"z":0}},{"acceleration":{"y":-1.13,"x":-0.74,"z":0},"position":{"y":4182760.71,"x":552465.78,"z":11.65},"volume":0,"type":"VEHICLE","velocity":{"y":-2.55,"x":-1.48,"z":0}}],[{"acceleration":{"y":0,"x":0,"z":0},"position":{"y":4182794.78,"x":552493.95,"z":10.79},"volume":0.19,"type":"PEDESTRIAN","velocity":{"y":0,"x":0,"z":0}},{"acceleration":{"y":-0.57,"x":-0.35,"z":0},"position":{"y":4182757.34,"x":552463.74,"z":10.45},"volume":1.78,"type":"VEHICLE","velocity":{"y":-2.92,"x":-1.72,"z":0}}],[{"acceleration":{"y":0,"x":0,"z":0},"position":{"y":4182794.79,"x":552493.94,"z":10.79},"volume":0.17,"type":"PEDESTRIAN","velocity":{"y":0,"x":0,"z":0}}],[{"acceleration":{"y":0,"x":0,"z":0},"position":{"y":4182794.81,"x":552493.96,"z":10.77},"volume":0.2,"type":"PEDESTRIAN","velocity":{"y":0,"x":0,"z":0}}],[{"acceleration":{"y":0,"x":0,"z":0},"position":{"y":4182794.82,"x":552493.92,"z":10.77},"volume":0.2,"type":"PEDESTRIAN","velocity":{"y":0,"x":0,"z":0}}],[{"acceleration":{"y":0,"x":0,"z":0},"position":{"y":4182794.83,"x":552493.96,"z":10.75},"volume":0.2,"type":"PEDESTRIAN","velocity":{"y":0,"x":0,"z":0}}]],"action_description":"Moderate rain","ev_state":[-378.134399414063,10.1253366470337,310.441711425781,0.5,0,0.5,12,-1,359.935546875,216.762252807617,0.0184072107076645,0.00040487959227068445],"collision_probability":0.36}
 timestamp= 1619815127000 [RUN] Validate G1 Guard Condition: 
The ego vehicle E Detection.Collision == True.
 timestamp= 1619815127000 [RES] Global Validate result: 
false
 timestamp= 1619815127000 [RUN] Validate G2 Guard Condition: 
The ego vehicle E Detection.OffRoad == True.
 timestamp= 1619815127000 [RES] Global Validate result: 
false
 timestamp= 1619815127000 [RUN] Validate G3 Guard Condition: 
The ego vehicle E Detection.HardBrake == True.
 timestamp= 1619815127000 [RES] Global Validate result: 
false
 timestamp= 1619815127000 [RUN] Validate G4 Guard Condition: 
The ego vehicle E Detection.ArrivalTest == True.
 timestamp= 1619815127000 [RES] Global Validate result: 
false
 timestamp= 1619815127000 [RUN] Validate step: 
The test system VALIDATES THAT the Apollo A Status.GetControl is nearly equal to {"acceleration": -0.0, "throttle": 0.0, "steering_target": 0.27, "brake": 14.5, "steering_rate": 100.0, "speed": 0.0}
 timestamp= 1619815127000 [RES] Validate result: 
true
 timestamp= 1619815127000 [RUN] Generate steps
 timestamp= 1619815127000 [RUN] Validate step: 
The test system VALIDATES THAT the simulator S Status.GetEnvironment is nearly equal to {"x": -378.13, "y": 10.13, "z": 310.44, "rain": 0.5, "fog": 0.0, "wetness": 0.5, "timeofday": 12.0, "signal": -1.0, "rx": 359.94, "ry": 216.76, "rz": 0.02, "speed": 0.0}
 timestamp= 1619815127000 [RES] Validate result: 
true
 timestamp= 1619815127000 [RUN] Execute API step: 
The environment controller C INVOKES API Control.Agents.Pedestrians.WalkRandomly(which_lane=Current_Lane).
 timestamp= 1619815131000 [RES] API result: 
{"pose_arr":[{"vx":0,"ay":0,"az":9.81,"ax":0,"pz":10.12,"vy":0,"px":552496.66,"py":4182797.54},{"vx":0,"ay":0,"az":9.81,"ax":0,"pz":10.12,"vy":0,"px":552496.66,"py":4182797.54},{"vx":0,"ay":0,"az":9.81,"ax":0,"pz":10.12,"vy":0,"px":552496.66,"py":4182797.54},{"vx":0,"ay":0,"az":9.8,"ax":0,"pz":10.12,"vy":0,"px":552496.66,"py":4182797.54},{"vx":0,"ay":0,"az":9.81,"ax":0,"pz":10.12,"vy":0,"px":552496.66,"py":4182797.54},{"vx":0,"ay":0,"az":9.81,"ax":0,"pz":10.12,"vy":0,"px":552496.66,"py":4182797.54},{"vx":0,"ay":0,"az":9.81,"ax":0,"pz":10.12,"vy":0,"px":552496.66,"py":4182797.54},{"vx":0,"ay":0,"az":9.81,"ax":0,"pz":10.12,"vy":0,"px":552496.66,"py":4182797.54},{"vx":0,"ay":0,"az":9.81,"ax":0,"pz":10.12,"vy":0,"px":552496.66,"py":4182797.54}],"traffic_light":[1,1,1,1,1,1,1,1],"state_arr":[{"acceleration":0,"throttle":0,"steering_target":0.27,"brake":14.5,"steering_rate":100,"speed":0},{"acceleration":0,"throttle":0,"steering_target":0.27,"brake":14.5,"steering_rate":100,"speed":0},{"acceleration":0,"throttle":0,"steering_target":0.27,"brake":14.5,"steering_rate":100,"speed":0},{"acceleration":0,"throttle":0,"steering_target":0.27,"brake":14.5,"steering_rate":100,"speed":0},{"acceleration":0,"throttle":0,"steering_target":0.27,"brake":14.5,"steering_rate":100,"speed":0},{"acceleration":0,"throttle":0,"steering_target":0.27,"brake":14.5,"steering_rate":100,"speed":0},{"acceleration":0,"throttle":0,"steering_target":0.27,"brake":14.5,"steering_rate":100,"speed":0},{"acceleration":0,"throttle":0,"steering_target":0.27,"brake":14.5,"steering_rate":100,"speed":0},{"acceleration":0,"throttle":0,"steering_target":0.27,"brake":14.5,"steering_rate":100,"speed":0}],"obstacle_arr":[[{"acceleration":{"y":0,"x":0,"z":0},"position":{"y":4182794.8,"x":552493.95,"z":10.76},"volume":0.2,"type":"PEDESTRIAN","velocity":{"y":0,"x":0,"z":0}}],[{"acceleration":{"y":0,"x":0,"z":0},"position":{"y":4182794.8,"x":552493.95,"z":10.75},"volume":0.21,"type":"PEDESTRIAN","velocity":{"y":0,"x":0,"z":0}}],[{"acceleration":{"y":0,"x":0,"z":0},"position":{"y":4182794.79,"x":552493.94,"z":10.79},"volume":0.2,"type":"PEDESTRIAN","velocity":{"y":0,"x":0,"z":0}}],[{"acceleration":{"y":0,"x":0,"z":0},"position":{"y":4182794.81,"x":552493.94,"z":10.79},"volume":0.19,"type":"PEDESTRIAN","velocity":{"y":0,"x":0,"z":0}}],[{"acceleration":{"y":0,"x":0,"z":0},"position":{"y":4182794.82,"x":552493.96,"z":10.78},"volume":0.2,"type":"PEDESTRIAN","velocity":{"y":0,"x":0,"z":0}}],[{"acceleration":{"y":0,"x":0,"z":0},"position":{"y":4182794.81,"x":552493.94,"z":10.76},"volume":0.19,"type":"PEDESTRIAN","velocity":{"y":0,"x":0,"z":0}}],[{"acceleration":{"y":0,"x":0,"z":0},"position":{"y":4182794.82,"x":552493.98,"z":10.75},"volume":0.21,"type":"PEDESTRIAN","velocity":{"y":0,"x":0,"z":0}}],[{"acceleration":{"y":0,"x":0,"z":0},"position":{"y":4182794.8,"x":552493.95,"z":10.76},"volume":0.21,"type":"PEDESTRIAN","velocity":{"y":0,"x":0,"z":0}}]],"action_description":"Pedestrian walking on the front lane","ev_state":[-378.134399414063,10.1253366470337,310.441711425781,0.5,0,0.5,12,1,359.935424804688,216.776885986328,0.0184053182601929,0.0004143178451967745],"collision_probability":0.36}
 timestamp= 1619815131000 [RUN] Validate G1 Guard Condition: 
The ego vehicle E Detection.Collision == True.
 timestamp= 1619815131000 [RES] Global Validate result: 
false
 timestamp= 1619815131000 [RUN] Validate G2 Guard Condition: 
The ego vehicle E Detection.OffRoad == True.
 timestamp= 1619815131000 [RES] Global Validate result: 
true
 timestamp= 1619815131000 [RUN] OffRoad == True
 timestamp= 1619815131000 [RUN] The simulator S INVOKES API Command.Simulation.Stop() to stop simulation.
 timestamp= 1619815131000 [WARNING] The test system Stop the Simulator S!
 timestamp= 1619815131000 [RUN] ABORT.
 timestamp= 1619815131000 [ERROR] The test system Abort!
 timestamp= 1619815131000 [RUN] Validate G3 Guard Condition: 
The ego vehicle E Detection.HardBrake == True.
 timestamp= 1619815131000 [RES] Global Validate result: 
false
 timestamp= 1619815131000 [RUN] Validate G4 Guard Condition: 
The ego vehicle E Detection.ArrivalTest == True.
 timestamp= 1619815131000 [RES] Global Validate result: 
false
 timestamp= 1619815131000 [RES] Basic PostCondition Validate result: 
false
 timestamp= 1619815131000 [STOP] numberOfStep: 55 basicFlow: 
[{"name":"","description":"","eClass":"Sentence","content":"The test system VALIDATES THAT the simulator S Status.GetEnvironment is nearly equal to {\"x\": -244.81, \"y\": 10.12, \"z\": 465.34, \"rain\": 0.0, \"fog\": 0.0, \"wetness\": 0.0, \"timeofday\": 12.0, \"signal\": 1.0, \"rx\": 0.0, \"ry\": 305.82, \"rz\": -0.0, \"speed\": 0.0}","natures":[]},{"name":"","description":"","eClass":"Sentence","content":"The environment controller C INVOKES API Control.Agents.Pedestrians.WalkRandomly(which_lane=Current_Lane).","natures":[]},{"name":"","description":"","eClass":"Sentence","content":"The test system VALIDATES THAT the Apollo A Status.GetControl is nearly equal to {\"acceleration\": -3.0, \"throttle\": 0.0, \"steering_target\": -3.59, \"brake\": 69.99, \"steering_rate\": 100.0, \"speed\": 0.0}","natures":[]},{"name":"","description":"","eClass":"Sentence","content":"The test system VALIDATES THAT the simulator S Status.GetEnvironment is nearly equal to {\"x\": -244.81, \"y\": 10.12, \"z\": 465.34, \"rain\": 0.0, \"fog\": 0.0, \"wetness\": 0.0, \"timeofday\": 12.0, \"signal\": 1.0, \"rx\": 0.0, \"ry\": 305.82, \"rz\": -0.0, \"speed\": 0.0}","natures":[]},{"name":"","description":"","eClass":"Sentence","content":"The environment controller C INVOKES API Control.Agents.Pedestrians.WalkRandomly(which_lane=Current_Lane).","natures":[]},{"name":"","description":"","eClass":"Sentence","content":"The test system VALIDATES THAT the Apollo A Status.GetControl is nearly equal to {\"acceleration\": -3.0, \"throttle\": 0.0, \"steering_target\": -3.59, \"brake\": 70.0, \"steering_rate\": 100.0, \"speed\": 0.0}","natures":[]},{"name":"","description":"","eClass":"Sentence","content":"The test system VALIDATES THAT the simulator S Status.GetEnvironment is nearly equal to {\"x\": -244.81, \"y\": 10.12, \"z\": 465.34, \"rain\": 0.0, \"fog\": 0.0, \"wetness\": 0.0, \"timeofday\": 12.0, \"signal\": 0.0, \"rx\": 0.0, \"ry\": 305.82, \"rz\": -0.0, \"speed\": 0.0}","natures":[]},{"name":"","description":"","eClass":"Sentence","content":"The environment controller C INVOKES API Control.Agents.Pedestrians.WalkRandomly(which_lane=Current_Lane).","natures":[]},{"name":"","description":"","eClass":"Sentence","content":"The test system VALIDATES THAT the Apollo A Status.GetControl is nearly equal to {\"acceleration\": -0.1, \"throttle\": 0.0, \"steering_target\": 6.16, \"brake\": 14.5, \"steering_rate\": 100.0, \"speed\": 2.15}","natures":[]},{"name":"","description":"","eClass":"Sentence","content":"The test system VALIDATES THAT the simulator S Status.GetEnvironment is nearly equal to {\"x\": -247.89, \"y\": 10.12, \"z\": 467.57, \"rain\": 0.0, \"fog\": 0.0, \"wetness\": 0.0, \"timeofday\": 12.0, \"signal\": -1.0, \"rx\": 0.03, \"ry\": 304.95, \"rz\": 359.99, \"speed\": 2.15}","natures":[]},{"name":"","description":"","eClass":"Sentence","content":"The environment controller C INVOKES API Control.Weather.Rain(rain_level=Light).","natures":[]},{"name":"","description":"","eClass":"Sentence","content":"The test system VALIDATES THAT the Apollo A Status.GetControl is nearly equal to {\"acceleration\": 0.17, \"throttle\": 15.7, \"steering_target\": 53.93, \"brake\": 0.0, \"steering_rate\": 100.0, \"speed\": 2.37}","natures":[]},{"name":"","description":"","eClass":"Sentence","content":"The test system VALIDATES THAT the simulator S Status.GetEnvironment is nearly equal to {\"x\": -256.82, \"y\": 10.12, \"z\": 470.82, \"rain\": 0.2, \"fog\": 0.0, \"wetness\": 0.2, \"timeofday\": 12.0, \"signal\": -1.0, \"rx\": 0.05, \"ry\": 272.98, \"rz\": 359.78, \"speed\": 2.37}","natures":[]},{"name":"","description":"","eClass":"Sentence","content":"The environment controller C INVOKES API Control.Agents.Pedestrians.WalkRandomly(which_lane=Current_Lane).","natures":[]},{"name":"","description":"","eClass":"Sentence","content":"The test system VALIDATES THAT the Apollo A Status.GetControl is nearly equal to {\"acceleration\": 1.15, \"throttle\": 15.7, \"steering_target\": 5.88, \"brake\": 0.0, \"steering_rate\": 100.0, \"speed\": 5.35}","natures":[]},{"name":"","description":"","eClass":"Sentence","content":"The test system VALIDATES THAT the simulator S Status.GetEnvironment is nearly equal to {\"x\": -268.71, \"y\": 10.12, \"z\": 461.26, \"rain\": 0.2, \"fog\": 0.0, \"wetness\": 0.2, \"timeofday\": 12.0, \"signal\": -1.0, \"rx\": 359.97, \"ry\": 219.85, \"rz\": 359.89, \"speed\": 5.37}","natures":[]},{"name":"","description":"","eClass":"Sentence","content":"The environment controller C INVOKES API Control.Agents.Pedestrians.WalkRandomly(which_lane=Current_Lane).","natures":[]},{"name":"","description":"","eClass":"Sentence","content":"The test system VALIDATES THAT the Apollo A Status.GetControl is nearly equal to {\"acceleration\": 0.87, \"throttle\": 16.59, \"steering_target\": -0.01, \"brake\": 0.0, \"steering_rate\": 100.0, \"speed\": 7.1}","natures":[]},{"name":"","description":"","eClass":"Sentence","content":"The test system VALIDATES THAT the simulator S Status.GetEnvironment is nearly equal to {\"x\": -284.12, \"y\": 10.12, \"z\": 439.56, \"rain\": 0.2, \"fog\": 0.0, \"wetness\": 0.2, \"timeofday\": 12.0, \"signal\": -1.0, \"rx\": 359.98, \"ry\": 214.35, \"rz\": -0.0, \"speed\": 7.22}","natures":[]},{"name":"","description":"","eClass":"Sentence","content":"The environment controller C INVOKES API Control.Agents.Pedestrians.WalkRandomly(which_lane=Current_Lane).","natures":[]},{"name":"","description":"","eClass":"Sentence","content":"The test system VALIDATES THAT the Apollo A Status.GetControl is nearly equal to {\"acceleration\": 0.74, \"throttle\": 15.7, \"steering_target\": -0.04, \"brake\": 0.0, \"steering_rate\": 100.0, \"speed\": 7.31}","natures":[]},{"name":"","description":"","eClass":"Sentence","content":"The test system VALIDATES THAT the simulator S Status.GetEnvironment is nearly equal to {\"x\": -300.57, \"y\": 10.12, \"z\": 416.14, \"rain\": 0.2, \"fog\": 0.0, \"wetness\": 0.2, \"timeofday\": 12.0, \"signal\": -1.0, \"rx\": 359.98, \"ry\": 215.32, \"rz\": 0.0, \"speed\": 7.38}","natures":[]},{"name":"","description":"","eClass":"Sentence","content":"The environment controller C INVOKES API Control.Agents.Pedestrians.WalkRandomly(which_lane=Current_Lane).","natures":[]},{"name":"","description":"","eClass":"Sentence","content":"The test system VALIDATES THAT the Apollo A Status.GetControl is nearly equal to {\"acceleration\": 0.24, \"throttle\": 59.18, \"steering_target\": 22.14, \"brake\": 0.0, \"steering_rate\": 100.0, \"speed\": 0.12}","natures":[]},{"name":"","description":"","eClass":"Sentence","content":"The test system VALIDATES THAT the simulator S Status.GetEnvironment is nearly equal to {\"x\": -312.5, \"y\": 10.12, \"z\": 399.45, \"rain\": 0.2, \"fog\": 0.0, \"wetness\": 0.2, \"timeofday\": 12.0, \"signal\": 1.0, \"rx\": 359.9, \"ry\": 215.79, \"rz\": 359.84, \"speed\": 0.76}","natures":[]},{"name":"","description":"","eClass":"Sentence","content":"The environment controller C INVOKES API Control.Agents.Pedestrians.WalkRandomly(which_lane=Current_Lane).","natures":[]},{"name":"","description":"","eClass":"Sentence","content":"The test system VALIDATES THAT the Apollo A Status.GetControl is nearly equal to {\"acceleration\": 0.79, \"throttle\": 23.58, \"steering_target\": -0.28, \"brake\": 0.0, \"steering_rate\": 100.0, \"speed\": 5.94}","natures":[]},{"name":"","description":"","eClass":"Sentence","content":"The test system VALIDATES THAT the simulator S Status.GetEnvironment is nearly equal to {\"x\": -321.32, \"y\": 10.12, \"z\": 387.09, \"rain\": 0.2, \"fog\": 0.0, \"wetness\": 0.2, \"timeofday\": 12.0, \"signal\": 1.0, \"rx\": 359.96, \"ry\": 215.85, \"rz\": 0.01, \"speed\": 5.94}","natures":[]},{"name":"","description":"","eClass":"Sentence","content":"The environment controller C INVOKES API Control.Agents.Pedestrians.WalkRandomly(which_lane=Current_Lane).","natures":[]},{"name":"","description":"","eClass":"Sentence","content":"The test system VALIDATES THAT the Apollo A Status.GetControl is nearly equal to {\"acceleration\": 0.31, \"throttle\": 36.69, \"steering_target\": 0.63, \"brake\": 0.0, \"steering_rate\": 100.0, \"speed\": 0.0}","natures":[]},{"name":"","description":"","eClass":"Sentence","content":"The test system VALIDATES THAT the simulator S Status.GetEnvironment is nearly equal to {\"x\": -328.93, \"y\": 10.12, \"z\": 376.77, \"rain\": 0.2, \"fog\": 0.0, \"wetness\": 0.2, \"timeofday\": 12.0, \"signal\": 1.0, \"rx\": 359.88, \"ry\": 218.2, \"rz\": 0.01, \"speed\": 0.77}","natures":[]},{"name":"","description":"","eClass":"Sentence","content":"The environment controller C INVOKES API Control.Agents.NPCVehicle.NPCVehicleMaintainLane(which_lane=Right_Lane&which_car=SUV).","natures":[]},{"name":"","description":"","eClass":"Sentence","content":"The test system VALIDATES THAT the Apollo A Status.GetControl is nearly equal to {\"acceleration\": 0.42, \"throttle\": 15.7, \"steering_target\": 3.81, \"brake\": 0.0, \"steering_rate\": 100.0, \"speed\": 4.37}","natures":[]},{"name":"","description":"","eClass":"Sentence","content":"The test system VALIDATES THAT the simulator S Status.GetEnvironment is nearly equal to {\"x\": -334.11, \"y\": 10.12, \"z\": 370.72, \"rain\": 0.2, \"fog\": 0.0, \"wetness\": 0.2, \"timeofday\": 12.0, \"signal\": 1.0, \"rx\": 359.93, \"ry\": 218.2, \"rz\": 359.95, \"speed\": 4.48}","natures":[]},{"name":"","description":"","eClass":"Sentence","content":"The environment controller C INVOKES API Control.Weather.Fog(fog_level=Moderate).","natures":[]},{"name":"","description":"","eClass":"Sentence","content":"The test system VALIDATES THAT the Apollo A Status.GetControl is nearly equal to {\"acceleration\": 0.81, \"throttle\": 15.7, \"steering_target\": 0.93, \"brake\": 0.0, \"steering_rate\": 100.0, \"speed\": 7.76}","natures":[]},{"name":"","description":"","eClass":"Sentence","content":"The test system VALIDATES THAT the simulator S Status.GetEnvironment is nearly equal to {\"x\": -348.95, \"y\": 10.12, \"z\": 350.78, \"rain\": 0.0, \"fog\": 0.5, \"wetness\": 0.0, \"timeofday\": 12.0, \"signal\": 0.0, \"rx\": 359.97, \"ry\": 216.07, \"rz\": 359.99, \"speed\": 7.76}","natures":[]},{"name":"","description":"","eClass":"Sentence","content":"The environment controller C INVOKES API Control.Agents.Pedestrians.WalkRandomly(which_lane=Current_Lane).","natures":[]},{"name":"","description":"","eClass":"Sentence","content":"The test system VALIDATES THAT the Apollo A Status.GetControl is nearly equal to {\"acceleration\": 0.08, \"throttle\": 15.7, \"steering_target\": -0.93, \"brake\": 0.0, \"steering_rate\": 100.0, \"speed\": 8.87}","natures":[]},{"name":"","description":"","eClass":"Sentence","content":"The test system VALIDATES THAT the simulator S Status.GetEnvironment is nearly equal to {\"x\": -368.4, \"y\": 10.12, \"z\": 323.85, \"rain\": 0.0, \"fog\": 0.5, \"wetness\": 0.0, \"timeofday\": 12.0, \"signal\": -1.0, \"rx\": 0.0, \"ry\": 216.06, \"rz\": 0.03, \"speed\": 8.87}","natures":[]},{"name":"","description":"","eClass":"Sentence","content":"The environment controller C INVOKES API Control.Agents.Pedestrians.WalkRandomly(which_lane=Current_Lane).","natures":[]},{"name":"","description":"","eClass":"Sentence","content":"The test system VALIDATES THAT the Apollo A Status.GetControl is nearly equal to {\"acceleration\": -0.11, \"throttle\": 0.0, \"steering_target\": 0.61, \"brake\": 14.5, \"steering_rate\": 100.0, \"speed\": 0.7}","natures":[]},{"name":"","description":"","eClass":"Sentence","content":"The test system VALIDATES THAT the simulator S Status.GetEnvironment is nearly equal to {\"x\": -377.94, \"y\": 10.13, \"z\": 310.72, \"rain\": 0.0, \"fog\": 0.5, \"wetness\": 0.0, \"timeofday\": 12.0, \"signal\": -1.0, \"rx\": 359.88, \"ry\": 216.59, \"rz\": 0.03, \"speed\": 0.43}","natures":[]},{"name":"","description":"","eClass":"Sentence","content":"The environment controller C INVOKES API Control.Agents.Pedestrians.WalkRandomly(which_lane=Current_Lane).","natures":[]},{"name":"","description":"","eClass":"Sentence","content":"The test system VALIDATES THAT the Apollo A Status.GetControl is nearly equal to {\"acceleration\": -0.02, \"throttle\": 0.0, \"steering_target\": 0.27, \"brake\": 31.6, \"steering_rate\": 100.0, \"speed\": 0.07}","natures":[]},{"name":"","description":"","eClass":"Sentence","content":"The test system VALIDATES THAT the simulator S Status.GetEnvironment is nearly equal to {\"x\": -378.16, \"y\": 10.13, \"z\": 310.42, \"rain\": 0.0, \"fog\": 0.5, \"wetness\": 0.0, \"timeofday\": 12.0, \"signal\": -1.0, \"rx\": 359.93, \"ry\": 216.48, \"rz\": 0.01, \"speed\": 0.02}","natures":[]},{"name":"","description":"","eClass":"Sentence","content":"The environment controller C INVOKES API Control.Agents.Pedestrians.WalkRandomly(which_lane=Current_Lane).","natures":[]},{"name":"","description":"","eClass":"Sentence","content":"The test system VALIDATES THAT the Apollo A Status.GetControl is nearly equal to {\"acceleration\": 0.0, \"throttle\": 15.7, \"steering_target\": 0.27, \"brake\": 0.0, \"steering_rate\": 100.0, \"speed\": 0.0}","natures":[]},{"name":"","description":"","eClass":"Sentence","content":"The test system VALIDATES THAT the simulator S Status.GetEnvironment is nearly equal to {\"x\": -378.14, \"y\": 10.13, \"z\": 310.44, \"rain\": 0.0, \"fog\": 0.5, \"wetness\": 0.0, \"timeofday\": 12.0, \"signal\": -1.0, \"rx\": 359.93, \"ry\": 216.67, \"rz\": 0.01, \"speed\": 0.0}","natures":[]},{"name":"","description":"","eClass":"Sentence","content":"The environment controller C INVOKES API Control.Weather.Rain(rain_level=Moderate).","natures":[]},{"name":"","description":"","eClass":"Sentence","content":"The test system VALIDATES THAT the Apollo A Status.GetControl is nearly equal to {\"acceleration\": -0.0, \"throttle\": 0.0, \"steering_target\": 0.27, \"brake\": 14.5, \"steering_rate\": 100.0, \"speed\": 0.0}","natures":[]},{"name":"","description":"","eClass":"Sentence","content":"The test system VALIDATES THAT the simulator S Status.GetEnvironment is nearly equal to {\"x\": -378.13, \"y\": 10.13, \"z\": 310.44, \"rain\": 0.5, \"fog\": 0.0, \"wetness\": 0.5, \"timeofday\": 12.0, \"signal\": -1.0, \"rx\": 359.94, \"ry\": 216.76, \"rz\": 0.02, \"speed\": 0.0}","natures":[]},{"name":"","description":"","eClass":"Sentence","content":"The environment controller C INVOKES API Control.Agents.Pedestrians.WalkRandomly(which_lane=Current_Lane).","natures":[]},{"name":"","description":"","eClass":"Sentence","content":"The test system VALIDATES THAT the Apollo A Status.GetControl is nearly equal to {\"acceleration\": -0.0, \"throttle\": 0.0, \"steering_target\": 0.27, \"brake\": 14.5, \"steering_rate\": 100.0, \"speed\": 0.0}","natures":[]},{"name":"","description":"","eClass":"Sentence","content":"","natures":[]}]
