 timestamp= 1619811864000 [START] Now Run TCS Maintain Lane On Road1 Mode: dynamic Roadnum: 3 Second: 4
 timestamp= 1619811864000 [SUCCESS] TCS Check Success 
 timestamp= 1619811867000 [RUN] Run BasicFlow
 timestamp= 1619811867000 [RUN] Generate steps
 timestamp= 1619811867000 [RUN] Validate step: 
The test system VALIDATES THAT the simulator S Status.GetEnvironment is nearly equal to {"x": -244.8, "y": 10.12, "z": 465.33, "rain": 0.0, "fog": 0.0, "wetness": 0.0, "timeofday": 12.0, "signal": 1.0, "rx": 0.0, "ry": 305.81, "rz": -0.0, "speed": 0.0}
 timestamp= 1619811867000 [RES] Validate result: 
true
 timestamp= 1619811867000 [RUN] Execute API step: 
The environment controller C INVOKES API Control.Agents.Pedestrians.WalkRandomly(which_lane=Current_Lane).
 timestamp= 1619811870000 [RES] API result: 
{"pose_arr":[{"vx":0,"ay":0,"az":9.81,"ax":0,"pz":10.12,"vy":0,"px":552630.27,"py":4182950.56},{"vx":0,"ay":0,"az":9.81,"ax":0,"pz":10.12,"vy":0,"px":552630.27,"py":4182950.56},{"vx":0,"ay":0,"az":9.81,"ax":0,"pz":10.12,"vy":0,"px":552630.27,"py":4182950.56},{"vx":0,"ay":0,"az":9.81,"ax":0,"pz":10.12,"vy":0,"px":552630.27,"py":4182950.56},{"vx":0,"ay":0,"az":9.81,"ax":0,"pz":10.12,"vy":0,"px":552630.27,"py":4182950.56},{"vx":0,"ay":0,"az":9.81,"ax":0,"pz":10.12,"vy":0,"px":552630.27,"py":4182950.56}],"traffic_light":[1,1,1,1,1,1],"state_arr":[{"acceleration":-3,"throttle":0,"steering_target":-38.71,"brake":70,"steering_rate":100,"speed":0},{"acceleration":-3,"throttle":0,"steering_target":-38.71,"brake":69.96,"steering_rate":100,"speed":0},{"acceleration":-3,"throttle":0,"steering_target":-38.71,"brake":69.99,"steering_rate":100,"speed":0},{"acceleration":-3,"throttle":0,"steering_target":-38.71,"brake":69.99,"steering_rate":100,"speed":0},{"acceleration":-3,"throttle":0,"steering_target":-38.71,"brake":69.99,"steering_rate":100,"speed":0},{"acceleration":-3,"throttle":0,"steering_target":-38.71,"brake":69.99,"steering_rate":100,"speed":0}],"obstacle_arr":[[],[],[],[],[],[]],"action_description":"Pedestrian walking on the front lane","ev_state":[-244.802841186523,10.1248035430908,465.330169677734,0,0,0,12,1,0.00000668096981826238,305.809204101563,-0.00000989158343145391,0.00002532140933153117],"collision_probability":0}
 timestamp= 1619811870000 [RUN] Validate G1 Guard Condition: 
The ego vehicle E Detection.Collision == True.
 timestamp= 1619811870000 [RES] Global Validate result: 
false
 timestamp= 1619811870000 [RUN] Validate G2 Guard Condition: 
The ego vehicle E Detection.OffRoad == True.
 timestamp= 1619811870000 [RES] Global Validate result: 
false
 timestamp= 1619811870000 [RUN] Validate G3 Guard Condition: 
The ego vehicle E Detection.HardBrake == True.
 timestamp= 1619811870000 [RES] Global Validate result: 
false
 timestamp= 1619811870000 [RUN] Validate G4 Guard Condition: 
The ego vehicle E Detection.ArrivalTest == True.
 timestamp= 1619811870000 [RES] Global Validate result: 
false
 timestamp= 1619811870000 [RUN] Validate step: 
The test system VALIDATES THAT the Apollo A Status.GetControl is nearly equal to {"acceleration": -3.0, "throttle": 0.0, "steering_target": -38.71, "brake": 69.99, "steering_rate": 100.0, "speed": 0.0}
 timestamp= 1619811870000 [RES] Validate result: 
true
 timestamp= 1619811870000 [RUN] Generate steps
 timestamp= 1619811870000 [RUN] Validate step: 
The test system VALIDATES THAT the simulator S Status.GetEnvironment is nearly equal to {"x": -244.8, "y": 10.12, "z": 465.33, "rain": 0.0, "fog": 0.0, "wetness": 0.0, "timeofday": 12.0, "signal": 1.0, "rx": 0.0, "ry": 305.81, "rz": -0.0, "speed": 0.0}
 timestamp= 1619811870000 [RES] Validate result: 
true
 timestamp= 1619811870000 [RUN] Execute API step: 
The environment controller C INVOKES API Control.Agents.Pedestrians.WalkRandomly(which_lane=Current_Lane).
 timestamp= 1619811873000 [RES] API result: 
{"pose_arr":[{"vx":0,"ay":0,"az":9.81,"ax":0,"pz":10.12,"vy":0,"px":552630.27,"py":4182950.56},{"vx":0,"ay":0,"az":9.81,"ax":0,"pz":10.12,"vy":0,"px":552630.27,"py":4182950.56},{"vx":0,"ay":0,"az":9.81,"ax":0,"pz":10.12,"vy":0,"px":552630.27,"py":4182950.56},{"vx":0,"ay":0,"az":9.81,"ax":0,"pz":10.12,"vy":0,"px":552630.27,"py":4182950.56},{"vx":0,"ay":0,"az":9.81,"ax":0,"pz":10.12,"vy":0,"px":552630.27,"py":4182950.56}],"traffic_light":[1,1,1,1,1],"state_arr":[{"acceleration":-3,"throttle":0,"steering_target":-38.71,"brake":70,"steering_rate":100,"speed":0},{"acceleration":-3,"throttle":0,"steering_target":-38.71,"brake":70,"steering_rate":100,"speed":0},{"acceleration":-3,"throttle":0,"steering_target":-38.71,"brake":70,"steering_rate":100,"speed":0},{"acceleration":-3,"throttle":0,"steering_target":-38.71,"brake":70,"steering_rate":100,"speed":0},{"acceleration":-3,"throttle":0,"steering_target":-38.71,"brake":69.99,"steering_rate":100,"speed":0},{"acceleration":-3,"throttle":0,"steering_target":-38.71,"brake":69.99,"steering_rate":100,"speed":0}],"obstacle_arr":[[],[],[],[],[]],"action_description":"Pedestrian walking on the front lane","ev_state":[-244.802841186523,10.1248035430908,465.330169677734,0,0,0,12,0,0.00000697262430549017,305.809204101563,-0.00000932153034227667,0.00008874028942773737],"collision_probability":0}
 timestamp= 1619811873000 [RUN] Validate G1 Guard Condition: 
The ego vehicle E Detection.Collision == True.
 timestamp= 1619811873000 [RES] Global Validate result: 
false
 timestamp= 1619811873000 [RUN] Validate G2 Guard Condition: 
The ego vehicle E Detection.OffRoad == True.
 timestamp= 1619811873000 [RES] Global Validate result: 
false
 timestamp= 1619811873000 [RUN] Validate G3 Guard Condition: 
The ego vehicle E Detection.HardBrake == True.
 timestamp= 1619811873000 [RES] Global Validate result: 
false
 timestamp= 1619811873000 [RUN] Validate G4 Guard Condition: 
The ego vehicle E Detection.ArrivalTest == True.
 timestamp= 1619811873000 [RES] Global Validate result: 
false
 timestamp= 1619811873000 [RUN] Validate step: 
The test system VALIDATES THAT the Apollo A Status.GetControl is nearly equal to {"acceleration": -3.0, "throttle": 0.0, "steering_target": -38.71, "brake": 69.99, "steering_rate": 100.0, "speed": 0.0}
 timestamp= 1619811873000 [RES] Validate result: 
true
 timestamp= 1619811873000 [RUN] Generate steps
 timestamp= 1619811873000 [RUN] Validate step: 
The test system VALIDATES THAT the simulator S Status.GetEnvironment is nearly equal to {"x": -244.8, "y": 10.12, "z": 465.33, "rain": 0.0, "fog": 0.0, "wetness": 0.0, "timeofday": 12.0, "signal": 0.0, "rx": 0.0, "ry": 305.81, "rz": -0.0, "speed": 0.0}
 timestamp= 1619811873000 [RES] Validate result: 
true
 timestamp= 1619811873000 [RUN] Execute API step: 
The environment controller C INVOKES API Control.Agents.Pedestrians.WalkRandomly(which_lane=Current_Lane).
 timestamp= 1619811876000 [RES] API result: 
{"pose_arr":[{"vx":0,"ay":0,"az":9.81,"ax":0,"pz":10.12,"vy":0,"px":552630.27,"py":4182950.56},{"vx":0,"ay":0,"az":9.81,"ax":0,"pz":10.12,"vy":0,"px":552630.27,"py":4182950.56},{"vx":0,"ay":0,"az":9.81,"ax":0,"pz":10.12,"vy":0,"px":552630.27,"py":4182950.56},{"vx":0.96,"ay":2.21,"az":9.82,"ax":1.59,"pz":10.12,"vy":0.96,"px":552629.84,"py":4182950.88},{"vx":1.12,"ay":-0.4,"az":9.81,"ax":-0.28,"pz":10.13,"vy":1.12,"px":552628.59,"py":4182951.78},{"vx":1.17,"ay":-0.39,"az":9.82,"ax":-0.29,"pz":10.12,"vy":1.17,"px":552627.63,"py":4182952.47}],"traffic_light":[1,1,3,3,3],"state_arr":[{"acceleration":-3,"throttle":0,"steering_target":-38.71,"brake":69.99,"steering_rate":100,"speed":0},{"acceleration":-3,"throttle":0,"steering_target":-38.71,"brake":69.99,"steering_rate":100,"speed":0},{"acceleration":-3,"throttle":0,"steering_target":-38.71,"brake":69.99,"steering_rate":100,"speed":0},{"acceleration":0.32,"throttle":15.7,"steering_target":1.02,"brake":0,"steering_rate":100,"speed":1.37},{"acceleration":-0.42,"throttle":0,"steering_target":4.04,"brake":14.5,"steering_rate":100,"speed":2.12},{"acceleration":-0.24,"throttle":0,"steering_target":3.92,"brake":14.5,"steering_rate":100,"speed":2.17},{"acceleration":-0.1,"throttle":0,"steering_target":6.14,"brake":14.5,"steering_rate":100,"speed":2.28}],"obstacle_arr":[[],[],[],[],[],[]],"action_description":"Pedestrian walking on the front lane","ev_state":[-248.412521362305,10.1247129440308,467.860565185547,0,0,0,12,-1,359.982757568359,304.361511230469,359.9892578125,2.227405695120631],"collision_probability":0}
 timestamp= 1619811876000 [RUN] Validate G1 Guard Condition: 
The ego vehicle E Detection.Collision == True.
 timestamp= 1619811876000 [RES] Global Validate result: 
false
 timestamp= 1619811876000 [RUN] Validate G2 Guard Condition: 
The ego vehicle E Detection.OffRoad == True.
 timestamp= 1619811876000 [RES] Global Validate result: 
false
 timestamp= 1619811876000 [RUN] Validate G3 Guard Condition: 
The ego vehicle E Detection.HardBrake == True.
 timestamp= 1619811876000 [RES] Global Validate result: 
false
 timestamp= 1619811876000 [RUN] Validate G4 Guard Condition: 
The ego vehicle E Detection.ArrivalTest == True.
 timestamp= 1619811876000 [RES] Global Validate result: 
false
 timestamp= 1619811876000 [RUN] Validate step: 
The test system VALIDATES THAT the Apollo A Status.GetControl is nearly equal to {"acceleration": -0.1, "throttle": 0.0, "steering_target": 6.14, "brake": 14.5, "steering_rate": 100.0, "speed": 2.28}
 timestamp= 1619811876000 [RES] Validate result: 
true
 timestamp= 1619811876000 [RUN] Generate steps
 timestamp= 1619811876000 [RUN] Validate step: 
The test system VALIDATES THAT the simulator S Status.GetEnvironment is nearly equal to {"x": -248.41, "y": 10.12, "z": 467.86, "rain": 0.0, "fog": 0.0, "wetness": 0.0, "timeofday": 12.0, "signal": -1.0, "rx": 359.98, "ry": 304.36, "rz": 359.99, "speed": 2.23}
 timestamp= 1619811876000 [RES] Validate result: 
true
 timestamp= 1619811876000 [RUN] Execute API step: 
The environment controller C INVOKES API Control.Agents.Pedestrians.WalkRandomly(which_lane=Current_Lane).
 timestamp= 1619811880000 [RES] API result: 
{"pose_arr":[{"vx":1.21,"ay":0.35,"az":9.82,"ax":-0.03,"pz":10.12,"vy":1.21,"px":552626.6,"py":4182953.18},{"vx":1.22,"ay":-0.42,"az":9.82,"ax":-0.25,"pz":10.13,"vy":1.22,"px":552625.1,"py":4182954.16},{"vx":1.15,"ay":2.98,"az":9.79,"ax":1.27,"pz":10.12,"vy":1.15,"px":552623.78,"py":4182954.95},{"vx":0.81,"ay":-0.48,"az":9.81,"ax":-0.16,"pz":10.13,"vy":0.81,"px":552621.74,"py":4182955.95},{"vx":0.36,"ay":-0.51,"az":9.82,"ax":-0.12,"pz":10.12,"vy":0.36,"px":552620.13,"py":4182956.49},{"vx":-0.29,"ay":-0.84,"az":9.83,"ax":-0.57,"pz":10.12,"vy":-0.29,"px":552618.29,"py":4182956.79}],"traffic_light":[3,3,3,0,0],"state_arr":[{"acceleration":-0.22,"throttle":0,"steering_target":8.78,"brake":14.5,"steering_rate":100,"speed":2.54},{"acceleration":0.11,"throttle":15.7,"steering_target":12.94,"brake":0,"steering_rate":100,"speed":2.3},{"acceleration":-0.28,"throttle":0,"steering_target":23.23,"brake":14.5,"steering_rate":100,"speed":2.94},{"acceleration":-0.05,"throttle":0,"steering_target":31.42,"brake":14.5,"steering_rate":100,"speed":2.79},{"acceleration":-0.03,"throttle":0,"steering_target":41.02,"brake":14.5,"steering_rate":100,"speed":2.66},{"acceleration":-0.72,"throttle":0,"steering_target":48.51,"brake":17.02,"steering_rate":100,"speed":3.12}],"obstacle_arr":[[],[],[],[],[],[]],"action_description":"Pedestrian walking on the front lane","ev_state":[-258.557769775391,10.1247520446777,470.503967285156,0,0,0,12,-1,0.060644943267107,261.352630615234,359.663818359375,2.7766037431374357],"collision_probability":0}
 timestamp= 1619811880000 [RUN] Validate G1 Guard Condition: 
The ego vehicle E Detection.Collision == True.
 timestamp= 1619811880000 [RES] Global Validate result: 
false
 timestamp= 1619811880000 [RUN] Validate G2 Guard Condition: 
The ego vehicle E Detection.OffRoad == True.
 timestamp= 1619811880000 [RES] Global Validate result: 
false
 timestamp= 1619811880000 [RUN] Validate G3 Guard Condition: 
The ego vehicle E Detection.HardBrake == True.
 timestamp= 1619811880000 [RES] Global Validate result: 
false
 timestamp= 1619811880000 [RUN] Validate G4 Guard Condition: 
The ego vehicle E Detection.ArrivalTest == True.
 timestamp= 1619811880000 [RES] Global Validate result: 
false
 timestamp= 1619811880000 [RUN] Validate step: 
The test system VALIDATES THAT the Apollo A Status.GetControl is nearly equal to {"acceleration": -0.72, "throttle": 0.0, "steering_target": 48.51, "brake": 17.02, "steering_rate": 100.0, "speed": 3.12}
 timestamp= 1619811880000 [RES] Validate result: 
true
 timestamp= 1619811880000 [RUN] Generate steps
 timestamp= 1619811880000 [RUN] Validate step: 
The test system VALIDATES THAT the simulator S Status.GetEnvironment is nearly equal to {"x": -258.56, "y": 10.12, "z": 470.5, "rain": 0.0, "fog": 0.0, "wetness": 0.0, "timeofday": 12.0, "signal": -1.0, "rx": 0.06, "ry": 261.35, "rz": 359.66, "speed": 2.78}
 timestamp= 1619811880000 [RES] Validate result: 
true
 timestamp= 1619811880000 [RUN] Execute API step: 
The environment controller C INVOKES API Control.Agents.Pedestrians.WalkRandomly(which_lane=Current_Lane).
 timestamp= 1619811883000 [RES] API result: 
{"pose_arr":[{"vx":-0.97,"ay":0.42,"az":9.81,"ax":0.1,"pz":10.13,"vy":-0.97,"px":552616.54,"py":4182956.69},{"vx":-1.37,"ay":-1.01,"az":9.82,"ax":0.6,"pz":10.13,"vy":-1.37,"px":552614.63,"py":4182956.09},{"vx":-2.11,"ay":2.08,"az":9.79,"ax":-1.6,"pz":10.12,"vy":-2.11,"px":552613.04,"py":4182955.23},{"vx":-2.69,"ay":0.07,"az":9.82,"ax":-0.28,"pz":10.12,"vy":-2.69,"px":552611.36,"py":4182954},{"vx":-3.42,"ay":0.27,"az":9.82,"ax":-0.12,"pz":10.12,"vy":-3.42,"px":552609.35,"py":4182952.15},{"vx":-4.28,"ay":0.42,"az":9.82,"ax":-0.49,"pz":10.12,"vy":-4.28,"px":552606.95,"py":4182949.49}],"traffic_light":[0,0,0,1,1,3],"state_arr":[{"acceleration":0.45,"throttle":17.98,"steering_target":52.65,"brake":0,"steering_rate":100,"speed":2.78},{"acceleration":-1.18,"throttle":0,"steering_target":40.54,"brake":22.53,"steering_rate":100,"speed":2.95},{"acceleration":0.7,"throttle":69.36,"steering_target":34.67,"brake":0,"steering_rate":100,"speed":2.78},{"acceleration":0.5,"throttle":15.7,"steering_target":20.99,"brake":0,"steering_rate":100,"speed":3.79},{"acceleration":1.02,"throttle":32.67,"steering_target":14.2,"brake":0,"steering_rate":100,"speed":4.33},{"acceleration":0.72,"throttle":22.52,"steering_target":7.83,"brake":0,"steering_rate":100,"speed":5.28},{"acceleration":0.84,"throttle":24.37,"steering_target":5.85,"brake":0,"steering_rate":100,"speed":5.59}],"obstacle_arr":[[],[{"acceleration":{"y":0.01,"x":0,"z":0},"position":{"y":4183019.7,"x":552634.66,"z":11.08},"volume":113.79,"type":"VEHICLE","velocity":{"y":-0.57,"x":1.1,"z":0}}],[{"acceleration":{"y":0,"x":0,"z":0},"position":{"y":4183019.09,"x":552633.21,"z":11.24},"volume":61.48,"type":"VEHICLE","velocity":{"y":-0.57,"x":1.13,"z":0}}],[{"acceleration":{"y":0,"x":0,"z":0},"position":{"y":4183018.16,"x":552631.55,"z":11.1},"volume":18.01,"type":"VEHICLE","velocity":{"y":-0.58,"x":1.15,"z":0}}],[],[],[]],"action_description":"Pedestrian walking on the front lane","ev_state":[-270.230895996094,10.1243057250977,459.370422363281,0,0,0,12,-1,359.960632324219,216.683135986328,359.887664794922,5.920920568709451],"collision_probability":0}
 timestamp= 1619811883000 [RUN] Validate G1 Guard Condition: 
The ego vehicle E Detection.Collision == True.
 timestamp= 1619811883000 [RES] Global Validate result: 
false
 timestamp= 1619811883000 [RUN] Validate G2 Guard Condition: 
The ego vehicle E Detection.OffRoad == True.
 timestamp= 1619811883000 [RES] Global Validate result: 
false
 timestamp= 1619811883000 [RUN] Validate G3 Guard Condition: 
The ego vehicle E Detection.HardBrake == True.
 timestamp= 1619811883000 [RES] Global Validate result: 
false
 timestamp= 1619811883000 [RUN] Validate G4 Guard Condition: 
The ego vehicle E Detection.ArrivalTest == True.
 timestamp= 1619811883000 [RES] Global Validate result: 
false
 timestamp= 1619811883000 [RUN] Validate step: 
The test system VALIDATES THAT the Apollo A Status.GetControl is nearly equal to {"acceleration": 0.84, "throttle": 24.37, "steering_target": 5.85, "brake": 0.0, "steering_rate": 100.0, "speed": 5.59}
 timestamp= 1619811883000 [RES] Validate result: 
true
 timestamp= 1619811883000 [RUN] Generate steps
 timestamp= 1619811883000 [RUN] Validate step: 
The test system VALIDATES THAT the simulator S Status.GetEnvironment is nearly equal to {"x": -270.23, "y": 10.12, "z": 459.37, "rain": 0.0, "fog": 0.0, "wetness": 0.0, "timeofday": 12.0, "signal": -1.0, "rx": 359.96, "ry": 216.68, "rz": 359.89, "speed": 5.92}
 timestamp= 1619811883000 [RES] Validate result: 
true
 timestamp= 1619811883000 [RUN] Execute API step: 
The environment controller C INVOKES API Control.Weather.Wetness(wetness_level=Heavy).
 timestamp= 1619811887000 [RES] API result: 
{"pose_arr":[{"vx":-5.37,"ay":1.37,"az":9.77,"ax":-1.57,"pz":10.12,"vy":-5.37,"px":552602.97,"py":4182944.29},{"vx":-5.68,"ay":0.34,"az":9.81,"ax":-0.48,"pz":10.12,"vy":-5.68,"px":552599.94,"py":4182939.95},{"vx":-5.87,"ay":0.14,"az":9.81,"ax":-0.2,"pz":10.12,"vy":-5.87,"px":552597.11,"py":4182935.86},{"vx":-5.96,"ay":0.14,"az":9.81,"ax":-0.2,"pz":10.12,"vy":-5.96,"px":552594.97,"py":4182932.69},{"vx":-5.89,"ay":-0.33,"az":9.82,"ax":0.49,"pz":10.12,"vy":-5.89,"px":552591.86,"py":4182928.14},{"vx":-5.84,"ay":-0.35,"az":9.83,"ax":0.47,"pz":10.12,"vy":-5.84,"px":552588.95,"py":4182923.87}],"traffic_light":[1,1,3,3,3,3],"state_arr":[{"acceleration":1.03,"throttle":25.45,"steering_target":4.2,"brake":0,"steering_rate":100,"speed":5.92},{"acceleration":0.81,"throttle":21.39,"steering_target":-0.35,"brake":0,"steering_rate":100,"speed":6.65},{"acceleration":0.51,"throttle":15.7,"steering_target":1.23,"brake":0,"steering_rate":100,"speed":6.92},{"acceleration":0.58,"throttle":15.7,"steering_target":0.02,"brake":0,"steering_rate":100,"speed":7.1},{"acceleration":-0.04,"throttle":0,"steering_target":0.05,"brake":14.5,"steering_rate":100,"speed":7.22},{"acceleration":-0.22,"throttle":0,"steering_target":-0.19,"brake":14.5,"steering_rate":100,"speed":7.2},{"acceleration":-0.39,"throttle":0,"steering_target":-0.58,"brake":14.5,"steering_rate":100,"speed":7.17}],"obstacle_arr":[[],[],[],[],[],[]],"action_description":"Heavy wetness","ev_state":[-285.962615966797,10.1240730285645,436.50341796875,0,0,1,12,-1,0.0111423069611192,214.563186645508,0.0178001206368208,7.072245079230868],"collision_probability":0}
 timestamp= 1619811887000 [RUN] Validate G1 Guard Condition: 
The ego vehicle E Detection.Collision == True.
 timestamp= 1619811887000 [RES] Global Validate result: 
false
 timestamp= 1619811887000 [RUN] Validate G2 Guard Condition: 
The ego vehicle E Detection.OffRoad == True.
 timestamp= 1619811887000 [RES] Global Validate result: 
false
 timestamp= 1619811887000 [RUN] Validate G3 Guard Condition: 
The ego vehicle E Detection.HardBrake == True.
 timestamp= 1619811887000 [RES] Global Validate result: 
false
 timestamp= 1619811887000 [RUN] Validate G4 Guard Condition: 
The ego vehicle E Detection.ArrivalTest == True.
 timestamp= 1619811887000 [RES] Global Validate result: 
false
 timestamp= 1619811887000 [RUN] Validate step: 
The test system VALIDATES THAT the Apollo A Status.GetControl is nearly equal to {"acceleration": -0.39, "throttle": 0.0, "steering_target": -0.58, "brake": 14.5, "steering_rate": 100.0, "speed": 7.17}
 timestamp= 1619811887000 [RES] Validate result: 
true
 timestamp= 1619811887000 [RUN] Generate steps
 timestamp= 1619811887000 [RUN] Validate step: 
The test system VALIDATES THAT the simulator S Status.GetEnvironment is nearly equal to {"x": -285.96, "y": 10.12, "z": 436.5, "rain": 0.0, "fog": 0.0, "wetness": 1.0, "timeofday": 12.0, "signal": -1.0, "rx": 0.01, "ry": 214.56, "rz": 0.02, "speed": 7.07}
 timestamp= 1619811887000 [RES] Validate result: 
true
 timestamp= 1619811887000 [RUN] Execute API step: 
The environment controller C INVOKES API Control.Agents.Pedestrians.WalkRandomly(which_lane=Current_Lane).
 timestamp= 1619811890000 [RES] API result: 
{"pose_arr":[{"vx":-5.87,"ay":0.3,"az":9.8,"ax":-0.43,"pz":10.12,"vy":-5.87,"px":552586.9,"py":4182920.92},{"vx":-6.02,"ay":-0.35,"az":9.85,"ax":0.52,"pz":10.12,"vy":-6.02,"px":552584.12,"py":4182916.96},{"vx":-5.49,"ay":-0.34,"az":9.8,"ax":0.47,"pz":10.13,"vy":-5.49,"px":552581.62,"py":4182913.43},{"vx":-5.56,"ay":0.13,"az":9.81,"ax":-0.21,"pz":10.12,"vy":-5.56,"px":552578.92,"py":4182909.63},{"vx":-5.22,"ay":-0.43,"az":9.82,"ax":0.6,"pz":10.12,"vy":-5.22,"px":552576.44,"py":4182906.14},{"vx":-4.93,"ay":0.22,"az":9.79,"ax":-0.31,"pz":10.12,"vy":-4.93,"px":552573.88,"py":4182902.55}],"traffic_light":[3,1,3,3,3,3],"state_arr":[{"acceleration":1.18,"throttle":15.7,"steering_target":-1.08,"brake":0,"steering_rate":100,"speed":7.08},{"acceleration":0.11,"throttle":15.7,"steering_target":-0.13,"brake":0,"steering_rate":100,"speed":7.39},{"acceleration":-0.46,"throttle":0,"steering_target":-0.4,"brake":14.5,"steering_rate":100,"speed":6.94},{"acceleration":0.42,"throttle":15.7,"steering_target":-0.23,"brake":0,"steering_rate":100,"speed":6.72},{"acceleration":-1.14,"throttle":0,"steering_target":-0.02,"brake":21.25,"steering_rate":100,"speed":6.84},{"acceleration":-1.11,"throttle":0,"steering_target":-0.05,"brake":21.07,"steering_rate":100,"speed":6.37},{"acceleration":0.6,"throttle":20.81,"steering_target":-0.03,"brake":0,"steering_rate":100,"speed":6.03}],"obstacle_arr":[[],[],[],[],[],[]],"action_description":"Pedestrian walking on the front lane","ev_state":[-301.595397949219,10.1242609024048,414.443420410156,0,0,1,12,-1,359.983123779297,215.505477905273,0.00079347548307851,6.135983065045731],"collision_probability":0}
 timestamp= 1619811890000 [RUN] Validate G1 Guard Condition: 
The ego vehicle E Detection.Collision == True.
 timestamp= 1619811890000 [RES] Global Validate result: 
false
 timestamp= 1619811890000 [RUN] Validate G2 Guard Condition: 
The ego vehicle E Detection.OffRoad == True.
 timestamp= 1619811890000 [RES] Global Validate result: 
false
 timestamp= 1619811890000 [RUN] Validate G3 Guard Condition: 
The ego vehicle E Detection.HardBrake == True.
 timestamp= 1619811890000 [RES] Global Validate result: 
false
 timestamp= 1619811890000 [RUN] Validate G4 Guard Condition: 
The ego vehicle E Detection.ArrivalTest == True.
 timestamp= 1619811890000 [RES] Global Validate result: 
false
 timestamp= 1619811890000 [RUN] Validate step: 
The test system VALIDATES THAT the Apollo A Status.GetControl is nearly equal to {"acceleration": 0.6, "throttle": 20.81, "steering_target": -0.03, "brake": 0.0, "steering_rate": 100.0, "speed": 6.03}
 timestamp= 1619811890000 [RES] Validate result: 
true
 timestamp= 1619811890000 [RUN] Generate steps
 timestamp= 1619811890000 [RUN] Validate step: 
The test system VALIDATES THAT the simulator S Status.GetEnvironment is nearly equal to {"x": -301.6, "y": 10.12, "z": 414.44, "rain": 0.0, "fog": 0.0, "wetness": 1.0, "timeofday": 12.0, "signal": -1.0, "rx": 359.98, "ry": 215.51, "rz": 0.0, "speed": 6.14}
 timestamp= 1619811890000 [RES] Validate result: 
true
 timestamp= 1619811890000 [RUN] Execute API step: 
The environment controller C INVOKES API Control.Agents.Pedestrians.WalkRandomly(which_lane=Current_Lane).
 timestamp= 1619811894000 [RES] API result: 
{"pose_arr":[{"vx":-5.1,"ay":0.72,"az":9.79,"ax":-1.01,"pz":10.12,"vy":-5.1,"px":552572.24,"py":4182900.25},{"vx":-5.54,"ay":0.14,"az":9.82,"ax":-0.2,"pz":10.12,"vy":-5.54,"px":552569.84,"py":4182896.9},{"vx":-5.54,"ay":-0.34,"az":9.83,"ax":0.47,"pz":10.12,"vy":-5.54,"px":552567.71,"py":4182893.92},{"vx":-5.6,"ay":0.14,"az":9.81,"ax":-0.2,"pz":10.12,"vy":-5.6,"px":552564.92,"py":4182890.01},{"vx":-5.82,"ay":0.14,"az":9.82,"ax":-0.19,"pz":10.12,"vy":-5.82,"px":552561.89,"py":4182885.8},{"vx":-1.62,"ay":-0.99,"az":10,"ax":0.78,"pz":10.11,"vy":-1.62,"px":552560.37,"py":4182883.78},{"vx":-1.61,"ay":0.17,"az":9.79,"ax":0.56,"pz":10.11,"vy":-1.61,"px":552559.71,"py":4182882.9}],"traffic_light":[3,1,3,3,0,0],"state_arr":[{"acceleration":1.44,"throttle":34.8,"steering_target":-0.07,"brake":0,"steering_rate":100,"speed":6.17},{"acceleration":1.2,"throttle":15.7,"steering_target":-0.02,"brake":0,"steering_rate":100,"speed":6.72},{"acceleration":-0.58,"throttle":0,"steering_target":-0.04,"brake":15.1,"steering_rate":100,"speed":6.81},{"acceleration":0.27,"throttle":16.66,"steering_target":-0.15,"brake":0,"steering_rate":100,"speed":6.86},{"acceleration":0.8,"throttle":15.7,"steering_target":-0.09,"brake":0,"steering_rate":100,"speed":7.01},{"acceleration":-1.23,"throttle":0,"steering_target":-0.03,"brake":22.08,"steering_rate":100,"speed":7.2},{"acceleration":0.92,"throttle":33.46,"steering_target":2.73,"brake":0,"steering_rate":100,"speed":2.21}],"obstacle_arr":[[],[],[],[],[],[{"acceleration":{"y":0,"x":0,"z":0},"position":{"y":4182882.09,"x":552559.83,"z":10.72},"volume":0.05,"type":"PEDESTRIAN","velocity":{"y":0,"x":0,"z":0}}],[]],"action_description":"Pedestrian walking on the front lane","ev_state":[-315.125366210938,10.1231555938721,395.700012207031,0,0,1,12,1,359.607879638672,215.831878662109,358.910614013672,1.9868943483489612],"collision_probability":1}
 timestamp= 1619811894000 [RUN] Validate G1 Guard Condition: 
The ego vehicle E Detection.Collision == True.
 timestamp= 1619811894000 [RES] Global Validate result: 
true
 timestamp= 1619811894000 [RUN] Collision == True
 timestamp= 1619811894000 [RUN] Validate G2 Guard Condition: 
The ego vehicle E Detection.OffRoad == True.
 timestamp= 1619811894000 [RES] Global Validate result: 
false
 timestamp= 1619811894000 [RUN] Validate G3 Guard Condition: 
The ego vehicle E Detection.HardBrake == True.
 timestamp= 1619811894000 [RES] Global Validate result: 
true
 timestamp= 1619811894000 [RUN] HardBrake == True
 timestamp= 1619811894000 [RUN] RESUME STEP @preStep
 timestamp= 1619811894000 [RUN] Resume step basicflow22
 timestamp= 1619811894000 [RUN] Validate G4 Guard Condition: 
The ego vehicle E Detection.ArrivalTest == True.
 timestamp= 1619811894000 [RES] Global Validate result: 
false
 timestamp= 1619811894000 [RUN] Validate step: 
The test system VALIDATES THAT the Apollo A Status.GetControl is nearly equal to {"acceleration": 0.92, "throttle": 33.46, "steering_target": 2.73, "brake": 0.0, "steering_rate": 100.0, "speed": 2.21}
 timestamp= 1619811894000 [RES] Validate result: 
true
 timestamp= 1619811894000 [RUN] Generate steps
 timestamp= 1619811894000 [RUN] Validate step: 
The test system VALIDATES THAT the simulator S Status.GetEnvironment is nearly equal to {"x": -315.13, "y": 10.12, "z": 395.7, "rain": 0.0, "fog": 0.0, "wetness": 1.0, "timeofday": 12.0, "signal": 1.0, "rx": 359.61, "ry": 215.83, "rz": 358.91, "speed": 1.99}
 timestamp= 1619811894000 [RES] Validate result: 
true
 timestamp= 1619811894000 [RUN] Execute API step: 
The environment controller C INVOKES API Control.Agents.Pedestrians.WalkRandomly(which_lane=Current_Lane).
 timestamp= 1619811897000 [RES] API result: 
{"pose_arr":[{"vx":-3.31,"ay":2.32,"az":9.84,"ax":-3.08,"pz":10.12,"vy":-3.31,"px":552558.79,"py":4182881.65},{"vx":-4.49,"ay":1.37,"az":9.81,"ax":-1.97,"pz":10.12,"vy":-4.49,"px":552557.47,"py":4182879.84},{"vx":-4.62,"ay":0.07,"az":9.82,"ax":-0.42,"pz":10.12,"vy":-4.62,"px":552555.41,"py":4182876.98},{"vx":-4.89,"ay":0.28,"az":9.81,"ax":-0.36,"pz":10.12,"vy":-4.89,"px":552553.06,"py":4182873.76},{"vx":-5.11,"ay":0.15,"az":9.81,"ax":-0.2,"pz":10.12,"vy":-5.11,"px":552550.42,"py":4182870.14},{"vx":-4.23,"ay":0,"az":9.81,"ax":0,"pz":10.13,"vy":-4.23,"px":552548.59,"py":4182867.63}],"traffic_light":[0,0,0,0,0,0],"state_arr":[{"acceleration":2.21,"throttle":96.45,"steering_target":-0.05,"brake":0,"steering_rate":100,"speed":1.99},{"acceleration":1.53,"throttle":70.1,"steering_target":-1.21,"brake":0,"steering_rate":100,"speed":4.12},{"acceleration":0.35,"throttle":15.97,"steering_target":-1.55,"brake":0,"steering_rate":100,"speed":5.64},{"acceleration":0.51,"throttle":19.29,"steering_target":0.92,"brake":0,"steering_rate":100,"speed":5.82},{"acceleration":0.46,"throttle":15.7,"steering_target":-0.44,"brake":0,"steering_rate":100,"speed":6.12},{"acceleration":-1.88,"throttle":0,"steering_target":0.18,"brake":27.48,"steering_rate":100,"speed":6.34},{"acceleration":-3.62,"throttle":0,"steering_target":-0.07,"brake":44.43,"steering_rate":100,"speed":5.23},{"acceleration":-3.37,"throttle":0,"steering_target":0,"brake":42.66,"steering_rate":100,"speed":3.33}],"obstacle_arr":[[],[],[],[{"acceleration":{"y":0,"x":0,"z":0},"position":{"y":4182881.98,"x":552559.38,"z":10.42},"volume":0.05,"type":"PEDESTRIAN","velocity":{"y":0,"x":0,"z":0}}],[{"acceleration":{"y":-0.32,"x":-0.18,"z":0},"position":{"y":4182882.46,"x":552559.68,"z":10.92},"volume":0.03,"type":"PEDESTRIAN","velocity":{"y":0.92,"x":0.57,"z":0}},{"acceleration":{"y":0,"x":0,"z":0},"position":{"y":4182861,"x":552543.86,"z":10.53},"volume":0.06,"type":"PEDESTRIAN","velocity":{"y":0.63,"x":0.38,"z":0}}],[{"acceleration":{"y":0,"x":0,"z":0},"position":{"y":4182860.61,"x":552543.65,"z":10.58},"volume":0.04,"type":"PEDESTRIAN","velocity":{"y":0.62,"x":0.37,"z":0}}],[{"acceleration":{"y":0,"x":0,"z":0},"position":{"y":4182860.51,"x":552543.59,"z":10.44},"volume":0.07,"type":"PEDESTRIAN","velocity":{"y":0.6,"x":0.37,"z":0}}]],"action_description":"Pedestrian walking on the front lane","ev_state":[-327.451324462891,10.1246900558472,378.790710449219,0,0,1,12,1,0.228453129529953,216.084625244141,0.00140369520522654,3.326837383342441],"collision_probability":0.581}
 timestamp= 1619811897000 [RUN] Validate G1 Guard Condition: 
The ego vehicle E Detection.Collision == True.
 timestamp= 1619811897000 [RES] Global Validate result: 
false
 timestamp= 1619811897000 [RUN] Validate G2 Guard Condition: 
The ego vehicle E Detection.OffRoad == True.
 timestamp= 1619811897000 [RES] Global Validate result: 
false
 timestamp= 1619811897000 [RUN] Validate G3 Guard Condition: 
The ego vehicle E Detection.HardBrake == True.
 timestamp= 1619811898000 [RES] Global Validate result: 
true
 timestamp= 1619811898000 [RUN] HardBrake == True
 timestamp= 1619811898000 [RUN] RESUME STEP @preStep
 timestamp= 1619811898000 [RUN] Resume step basicflow25
 timestamp= 1619811898000 [RUN] Validate G4 Guard Condition: 
The ego vehicle E Detection.ArrivalTest == True.
 timestamp= 1619811898000 [RES] Global Validate result: 
false
 timestamp= 1619811898000 [RUN] Validate step: 
The test system VALIDATES THAT the Apollo A Status.GetControl is nearly equal to {"acceleration": -3.37, "throttle": 0.0, "steering_target": -0.0, "brake": 42.66, "steering_rate": 100.0, "speed": 3.33}
 timestamp= 1619811898000 [RES] Validate result: 
true
 timestamp= 1619811898000 [RUN] Generate steps
 timestamp= 1619811898000 [RUN] Validate step: 
The test system VALIDATES THAT the simulator S Status.GetEnvironment is nearly equal to {"x": -327.45, "y": 10.12, "z": 378.79, "rain": 0.0, "fog": 0.0, "wetness": 1.0, "timeofday": 12.0, "signal": 1.0, "rx": 0.23, "ry": 216.08, "rz": 0.0, "speed": 3.33}
 timestamp= 1619811898000 [RES] Validate result: 
true
 timestamp= 1619811898000 [RUN] Execute API step: 
The environment controller C INVOKES API Control.Agents.NPCVehicle.NPCVehicleSwitchLane(which_lane=Current_Lane&which_car=SchoolBus).
 timestamp= 1619811902000 [RES] API result: 
{"pose_arr":[{"vx":-2.74,"ay":-2.07,"az":9.81,"ax":2.84,"pz":10.13,"vy":-2.74,"px":552547.37,"py":4182865.95},{"vx":-1.38,"ay":-1.9,"az":9.81,"ax":2.61,"pz":10.13,"vy":-1.38,"px":552546.6,"py":4182864.9},{"vx":0,"ay":0,"az":9.81,"ax":0,"pz":10.13,"vy":0,"px":552546.4,"py":4182864.62},{"vx":0,"ay":0,"az":9.81,"ax":0,"pz":10.12,"vy":0,"px":552546.4,"py":4182864.62},{"vx":0,"ay":0,"az":9.81,"ax":0,"pz":10.12,"vy":0,"px":552546.4,"py":4182864.62},{"vx":0,"ay":0,"az":9.81,"ax":0,"pz":10.12,"vy":0,"px":552546.4,"py":4182864.62},{"vx":0,"ay":0,"az":9.81,"ax":0,"pz":10.12,"vy":0,"px":552546.4,"py":4182864.62},{"vx":0,"ay":0,"az":9.81,"ax":0,"pz":10.12,"vy":0,"px":552546.4,"py":4182864.62}],"traffic_light":[0,0,0,0,0,0],"state_arr":[{"acceleration":-4.13,"throttle":0,"steering_target":0.03,"brake":51.32,"steering_rate":100,"speed":1.72},{"acceleration":-0.24,"throttle":0,"steering_target":0.04,"brake":67.42,"steering_rate":100,"speed":0},{"acceleration":-3,"throttle":0,"steering_target":0.04,"brake":69.97,"steering_rate":100,"speed":0},{"acceleration":-3,"throttle":0,"steering_target":0.04,"brake":70,"steering_rate":100,"speed":0},{"acceleration":-3,"throttle":0,"steering_target":0.04,"brake":70,"steering_rate":100,"speed":0},{"acceleration":-3,"throttle":0,"steering_target":0.04,"brake":69.99,"steering_rate":100,"speed":0},{"acceleration":-3,"throttle":0,"steering_target":0.04,"brake":69.99,"steering_rate":100,"speed":0},{"acceleration":-3,"throttle":0,"steering_target":0.04,"brake":69.99,"steering_rate":100,"speed":0}],"obstacle_arr":[[],[{"acceleration":{"y":0,"x":0,"z":0},"position":{"y":4182852.57,"x":552537.28,"z":10.58},"volume":0.91,"type":"VEHICLE","velocity":{"y":0,"x":0,"z":0}},{"acceleration":{"y":0,"x":0,"z":0},"position":{"y":4182860.06,"x":552543.28,"z":10.4},"volume":0.19,"type":"PEDESTRIAN","velocity":{"y":0,"x":0,"z":0}}],[{"acceleration":{"y":0,"x":0,"z":0},"position":{"y":4182852.54,"x":552537.27,"z":10.58},"volume":0.96,"type":"VEHICLE","velocity":{"y":0,"x":0,"z":0}},{"acceleration":{"y":0.04,"x":0.04,"z":0},"position":{"y":4182860.02,"x":552543.26,"z":10.43},"volume":0.17,"type":"PEDESTRIAN","velocity":{"y":0,"x":0,"z":0}}],[{"acceleration":{"y":0,"x":0,"z":0},"position":{"y":4182852.53,"x":552537.26,"z":10.59},"volume":1.16,"type":"VEHICLE","velocity":{"y":0,"x":0,"z":0}},{"acceleration":{"y":0,"x":0,"z":0},"position":{"y":4182860.08,"x":552543.25,"z":10.43},"volume":0.18,"type":"PEDESTRIAN","velocity":{"y":0,"x":0,"z":0}}],[{"acceleration":{"y":0,"x":0,"z":0},"position":{"y":4182852.52,"x":552537.25,"z":10.58},"volume":1.06,"type":"VEHICLE","velocity":{"y":0,"x":0,"z":0}},{"acceleration":{"y":0,"x":0,"z":0},"position":{"y":4182860.08,"x":552543.3,"z":10.43},"volume":0.17,"type":"PEDESTRIAN","velocity":{"y":0,"x":0,"z":0}}],[{"acceleration":{"y":0,"x":0,"z":0},"position":{"y":4182852.51,"x":552537.25,"z":10.58},"volume":0.89,"type":"VEHICLE","velocity":{"y":0,"x":0,"z":0}},{"acceleration":{"y":0,"x":0,"z":0},"position":{"y":4182860.06,"x":552543.33,"z":10.44},"volume":0.21,"type":"PEDESTRIAN","velocity":{"y":0,"x":0,"z":0}}],[{"acceleration":{"y":0,"x":0,"z":0},"position":{"y":4182852.5,"x":552537.24,"z":10.58},"volume":0.73,"type":"VEHICLE","velocity":{"y":0,"x":0,"z":0}},{"acceleration":{"y":0,"x":0,"z":0},"position":{"y":4182860.1,"x":552543.33,"z":10.43},"volume":0.08,"type":"PEDESTRIAN","velocity":{"y":0,"x":0,"z":0}}]],"action_description":"NPC vehicle (SchoolBus) switching lane (current to right)","ev_state":[-328.381622314453,10.1248035430908,377.514099121094,0,0,1,12,1,0.00000767242181609618,216.091644287109,-0.00000976875435299007,0.00008902467825391892],"collision_probability":0.085}
 timestamp= 1619811902000 [RUN] Validate G1 Guard Condition: 
The ego vehicle E Detection.Collision == True.
 timestamp= 1619811902000 [RES] Global Validate result: 
false
 timestamp= 1619811902000 [RUN] Validate G2 Guard Condition: 
The ego vehicle E Detection.OffRoad == True.
 timestamp= 1619811902000 [RES] Global Validate result: 
false
 timestamp= 1619811902000 [RUN] Validate G3 Guard Condition: 
The ego vehicle E Detection.HardBrake == True.
 timestamp= 1619811902000 [RES] Global Validate result: 
false
 timestamp= 1619811902000 [RUN] Validate G4 Guard Condition: 
The ego vehicle E Detection.ArrivalTest == True.
 timestamp= 1619811902000 [RES] Global Validate result: 
false
 timestamp= 1619811902000 [RUN] Validate step: 
The test system VALIDATES THAT the Apollo A Status.GetControl is nearly equal to {"acceleration": -3.0, "throttle": 0.0, "steering_target": 0.04, "brake": 69.99, "steering_rate": 100.0, "speed": 0.0}
 timestamp= 1619811902000 [RES] Validate result: 
true
 timestamp= 1619811902000 [RUN] Generate steps
 timestamp= 1619811902000 [RUN] Validate step: 
The test system VALIDATES THAT the simulator S Status.GetEnvironment is nearly equal to {"x": -328.38, "y": 10.12, "z": 377.51, "rain": 0.0, "fog": 0.0, "wetness": 1.0, "timeofday": 12.0, "signal": 1.0, "rx": 0.0, "ry": 216.09, "rz": -0.0, "speed": 0.0}
 timestamp= 1619811902000 [RES] Validate result: 
true
 timestamp= 1619811902000 [RUN] Execute API step: 
The environment controller C INVOKES API Control.Agents.Pedestrians.WalkRandomly(which_lane=Current_Lane).
 timestamp= 1619811906000 [RES] API result: 
{"pose_arr":[{"vx":0,"ay":0,"az":9.81,"ax":0,"pz":10.12,"vy":0,"px":552546.4,"py":4182864.62},{"vx":0,"ay":0,"az":9.81,"ax":0,"pz":10.12,"vy":0,"px":552546.4,"py":4182864.62},{"vx":-1.13,"ay":1.97,"az":9.81,"ax":-2.7,"pz":10.12,"vy":-1.13,"px":552546.23,"py":4182864.4},{"vx":-1.72,"ay":-3.96,"az":9.83,"ax":-0.45,"pz":10.12,"vy":-1.72,"px":552545.58,"py":4182863.5},{"vx":0,"ay":-0.01,"az":9.81,"ax":0.01,"pz":10.12,"vy":0,"px":552545.29,"py":4182863.08},{"vx":0,"ay":0,"az":9.8,"ax":0,"pz":10.12,"vy":0,"px":552545.29,"py":4182863.08},{"vx":0,"ay":0,"az":9.81,"ax":0,"pz":10.12,"vy":0,"px":552545.29,"py":4182863.08}],"traffic_light":[0,0,0,0,0,0,0],"state_arr":[{"acceleration":-3,"throttle":0,"steering_target":0.04,"brake":69.99,"steering_rate":100,"speed":0},{"acceleration":0.2,"throttle":15.7,"steering_target":0.04,"brake":0,"steering_rate":100,"speed":0},{"acceleration":0.6,"throttle":64.69,"steering_target":0.03,"brake":0,"steering_rate":100,"speed":1.38},{"acceleration":-1.81,"throttle":0,"steering_target":23.53,"brake":30.15,"steering_rate":100,"speed":2.07},{"acceleration":-1.29,"throttle":0,"steering_target":26.81,"brake":87.28,"steering_rate":100,"speed":0.01},{"acceleration":-0.53,"throttle":0,"steering_target":26.81,"brake":26.42,"steering_rate":100,"speed":0},{"acceleration":-0.35,"throttle":0,"steering_target":26.81,"brake":33.56,"steering_rate":100,"speed":0},{"acceleration":-0.29,"throttle":0,"steering_target":26.81,"brake":52.09,"steering_rate":100,"speed":0}],"obstacle_arr":[[{"acceleration":{"y":0,"x":0,"z":0},"position":{"y":4182852.5,"x":552537.24,"z":10.58},"volume":0.74,"type":"VEHICLE","velocity":{"y":0,"x":0,"z":0}},{"acceleration":{"y":0,"x":0,"z":0},"position":{"y":4182860.06,"x":552543.34,"z":10.43},"volume":0.1,"type":"PEDESTRIAN","velocity":{"y":0,"x":0,"z":0}}],[{"acceleration":{"y":0,"x":0,"z":0},"position":{"y":4182852.5,"x":552537.24,"z":10.58},"volume":0.78,"type":"VEHICLE","velocity":{"y":0,"x":0,"z":0}}],[{"acceleration":{"y":0,"x":0,"z":0},"position":{"y":4182852.6,"x":552537.31,"z":10.57},"volume":0.77,"type":"VEHICLE","velocity":{"y":0,"x":0,"z":0}}],[{"acceleration":{"y":0,"x":0,"z":0},"position":{"y":4182860.37,"x":552543.51,"z":10.44},"volume":0.1,"type":"PEDESTRIAN","velocity":{"y":0,"x":0,"z":0}}],[{"acceleration":{"y":0,"x":0,"z":0},"position":{"y":4182860,"x":552543.36,"z":10.7},"volume":0.09,"type":"PEDESTRIAN","velocity":{"y":0,"x":0,"z":0}},{"acceleration":{"y":0,"x":0,"z":0},"position":{"y":4182852.6,"x":552537.14,"z":10.59},"volume":1.24,"type":"VEHICLE","velocity":{"y":0,"x":0,"z":0}}],[{"acceleration":{"y":0,"x":0,"z":0},"position":{"y":4182859.92,"x":552543.32,"z":10.69},"volume":0.09,"type":"PEDESTRIAN","velocity":{"y":0,"x":0,"z":0}},{"acceleration":{"y":0,"x":0,"z":0},"position":{"y":4182852.57,"x":552537.17,"z":10.55},"volume":1.44,"type":"VEHICLE","velocity":{"y":0,"x":0,"z":0}}],[{"acceleration":{"y":0,"x":0,"z":0},"position":{"y":4182859.89,"x":552543.32,"z":10.79},"volume":0.08,"type":"PEDESTRIAN","velocity":{"y":0,"x":0,"z":0}},{"acceleration":{"y":0,"x":0,"z":0},"position":{"y":4182852.57,"x":552537.17,"z":10.54},"volume":1.36,"type":"VEHICLE","velocity":{"y":0,"x":0,"z":0}}]],"action_description":"Pedestrian walking on the front lane","ev_state":[-329.455505371094,10.1247940063477,375.94921875,0,0,1,12,1,0.000417837989516556,214.240615844727,0.000113935377157759,0.000092169985015373],"collision_probability":1}
 timestamp= 1619811906000 [RUN] Validate G1 Guard Condition: 
The ego vehicle E Detection.Collision == True.
 timestamp= 1619811906000 [RES] Global Validate result: 
true
 timestamp= 1619811906000 [RUN] Collision == True
 timestamp= 1619811906000 [RUN] Validate G2 Guard Condition: 
The ego vehicle E Detection.OffRoad == True.
 timestamp= 1619811906000 [RES] Global Validate result: 
false
 timestamp= 1619811906000 [RUN] Validate G3 Guard Condition: 
The ego vehicle E Detection.HardBrake == True.
 timestamp= 1619811906000 [RES] Global Validate result: 
true
 timestamp= 1619811906000 [RUN] HardBrake == True
 timestamp= 1619811906000 [RUN] RESUME STEP @preStep
 timestamp= 1619811906000 [RUN] Resume step basicflow31
 timestamp= 1619811906000 [RUN] Validate G4 Guard Condition: 
The ego vehicle E Detection.ArrivalTest == True.
 timestamp= 1619811906000 [RES] Global Validate result: 
false
 timestamp= 1619811906000 [RUN] Validate step: 
The test system VALIDATES THAT the Apollo A Status.GetControl is nearly equal to {"acceleration": -0.29, "throttle": 0.0, "steering_target": 26.81, "brake": 52.09, "steering_rate": 100.0, "speed": 0.0}
 timestamp= 1619811906000 [RES] Validate result: 
true
 timestamp= 1619811906000 [RUN] Generate steps
 timestamp= 1619811906000 [RUN] Validate step: 
The test system VALIDATES THAT the simulator S Status.GetEnvironment is nearly equal to {"x": -329.46, "y": 10.12, "z": 375.95, "rain": 0.0, "fog": 0.0, "wetness": 1.0, "timeofday": 12.0, "signal": 1.0, "rx": 0.0, "ry": 214.24, "rz": 0.0, "speed": 0.0}
 timestamp= 1619811906000 [RES] Validate result: 
true
 timestamp= 1619811906000 [RUN] Execute API step: 
The environment controller C INVOKES API Control.Agents.Pedestrians.WalkRandomly(which_lane=Current_Lane).
 timestamp= 1619811910000 [RES] API result: 
{"pose_arr":[{"vx":0,"ay":0,"az":9.81,"ax":0,"pz":10.12,"vy":0,"px":552545.29,"py":4182863.08},{"vx":0,"ay":0,"az":9.81,"ax":0,"pz":10.12,"vy":0,"px":552545.29,"py":4182863.08},{"vx":0,"ay":0,"az":9.81,"ax":0,"pz":10.12,"vy":0,"px":552545.29,"py":4182863.08},{"vx":0,"ay":0,"az":9.81,"ax":0,"pz":10.12,"vy":0,"px":552545.29,"py":4182863.08},{"vx":0,"ay":0,"az":9.81,"ax":0,"pz":10.12,"vy":0,"px":552545.29,"py":4182863.08},{"vx":0,"ay":0,"az":9.81,"ax":0,"pz":10.12,"vy":0,"px":552545.29,"py":4182863.08},{"vx":0,"ay":0,"az":9.81,"ax":0,"pz":10.12,"vy":0,"px":552545.29,"py":4182863.08}],"traffic_light":[0,0,0,0,0,0],"state_arr":[{"acceleration":-0.29,"throttle":0,"steering_target":26.81,"brake":52.05,"steering_rate":100,"speed":0},{"acceleration":-0.29,"throttle":0,"steering_target":26.81,"brake":52.08,"steering_rate":100,"speed":0},{"acceleration":-0.29,"throttle":0,"steering_target":26.81,"brake":52.02,"steering_rate":100,"speed":0},{"acceleration":-0.29,"throttle":0,"steering_target":26.81,"brake":52.07,"steering_rate":100,"speed":0},{"acceleration":-0.29,"throttle":0,"steering_target":26.81,"brake":52.06,"steering_rate":100,"speed":0},{"acceleration":-0.29,"throttle":0,"steering_target":26.81,"brake":52.05,"steering_rate":100,"speed":0},{"acceleration":-0.29,"throttle":0,"steering_target":26.81,"brake":52.09,"steering_rate":100,"speed":0},{"acceleration":-0.29,"throttle":0,"steering_target":26.81,"brake":52.08,"steering_rate":100,"speed":0}],"obstacle_arr":[[{"acceleration":{"y":0,"x":0,"z":0},"position":{"y":4182859.96,"x":552543.33,"z":10.71},"volume":0.09,"type":"PEDESTRIAN","velocity":{"y":0,"x":0,"z":0}},{"acceleration":{"y":0,"x":0,"z":0},"position":{"y":4182852.57,"x":552537.16,"z":10.54},"volume":1.39,"type":"VEHICLE","velocity":{"y":0,"x":0,"z":0}}],[{"acceleration":{"y":0,"x":0,"z":0},"position":{"y":4182859.94,"x":552543.33,"z":10.81},"volume":0.07,"type":"PEDESTRIAN","velocity":{"y":0,"x":0,"z":0}},{"acceleration":{"y":0,"x":0,"z":0},"position":{"y":4182852.57,"x":552537.16,"z":10.54},"volume":1.42,"type":"VEHICLE","velocity":{"y":0,"x":0,"z":0}}],[{"acceleration":{"y":0,"x":0,"z":0},"position":{"y":4182859.93,"x":552543.33,"z":10.71},"volume":0.07,"type":"PEDESTRIAN","velocity":{"y":0,"x":0,"z":0}},{"acceleration":{"y":0,"x":0,"z":0},"position":{"y":4182852.56,"x":552537.16,"z":10.54},"volume":1.44,"type":"VEHICLE","velocity":{"y":0,"x":0,"z":0}}],[{"acceleration":{"y":0,"x":0,"z":0},"position":{"y":4182859.91,"x":552543.34,"z":10.71},"volume":0.07,"type":"PEDESTRIAN","velocity":{"y":0,"x":0,"z":0}},{"acceleration":{"y":0,"x":0,"z":0},"position":{"y":4182852.56,"x":552537.16,"z":10.54},"volume":1.36,"type":"VEHICLE","velocity":{"y":0,"x":0,"z":0}}],[{"acceleration":{"y":0,"x":0,"z":0},"position":{"y":4182859.96,"x":552543.35,"z":10.73},"volume":0.06,"type":"PEDESTRIAN","velocity":{"y":0,"x":0,"z":0}},{"acceleration":{"y":0,"x":0,"z":0},"position":{"y":4182852.56,"x":552537.16,"z":10.54},"volume":1.34,"type":"VEHICLE","velocity":{"y":0,"x":0,"z":0}}],[{"acceleration":{"y":0,"x":0,"z":0},"position":{"y":4182859.96,"x":552543.34,"z":10.72},"volume":0.08,"type":"PEDESTRIAN","velocity":{"y":0,"x":0,"z":0}},{"acceleration":{"y":0,"x":0,"z":0},"position":{"y":4182852.56,"x":552537.16,"z":10.54},"volume":1.38,"type":"VEHICLE","velocity":{"y":0,"x":0,"z":0}}],[{"acceleration":{"y":0,"x":0,"z":0},"position":{"y":4182859.97,"x":552543.32,"z":10.74},"volume":0.07,"type":"PEDESTRIAN","velocity":{"y":0,"x":0,"z":0}},{"acceleration":{"y":0,"x":0,"z":0},"position":{"y":4182852.56,"x":552537.16,"z":10.54},"volume":1.36,"type":"VEHICLE","velocity":{"y":0,"x":0,"z":0}}]],"action_description":"Pedestrian walking on the front lane","ev_state":[-329.455474853516,10.1247835159302,375.949157714844,0,0,1,12,0,-0.00529063772410154,214.240875244141,359.991333007813,0.00006736117415789495],"collision_probability":0.361}
 timestamp= 1619811910000 [RUN] Validate G1 Guard Condition: 
The ego vehicle E Detection.Collision == True.
 timestamp= 1619811910000 [RES] Global Validate result: 
false
 timestamp= 1619811910000 [RUN] Validate G2 Guard Condition: 
The ego vehicle E Detection.OffRoad == True.
 timestamp= 1619811910000 [RES] Global Validate result: 
false
 timestamp= 1619811910000 [RUN] Validate G3 Guard Condition: 
The ego vehicle E Detection.HardBrake == True.
 timestamp= 1619811910000 [RES] Global Validate result: 
false
 timestamp= 1619811910000 [RUN] Validate G4 Guard Condition: 
The ego vehicle E Detection.ArrivalTest == True.
 timestamp= 1619811910000 [RES] Global Validate result: 
false
 timestamp= 1619811910000 [RUN] Validate step: 
The test system VALIDATES THAT the Apollo A Status.GetControl is nearly equal to {"acceleration": -0.29, "throttle": 0.0, "steering_target": 26.81, "brake": 52.08, "steering_rate": 100.0, "speed": 0.0}
 timestamp= 1619811910000 [RES] Validate result: 
true
 timestamp= 1619811910000 [RUN] Generate steps
 timestamp= 1619811910000 [RUN] Validate step: 
The test system VALIDATES THAT the simulator S Status.GetEnvironment is nearly equal to {"x": -329.46, "y": 10.12, "z": 375.95, "rain": 0.0, "fog": 0.0, "wetness": 1.0, "timeofday": 12.0, "signal": 0.0, "rx": -0.01, "ry": 214.24, "rz": 359.99, "speed": 0.0}
 timestamp= 1619811910000 [RES] Validate result: 
true
 timestamp= 1619811910000 [RUN] Execute API step: 
The environment controller C INVOKES API Control.Agents.Pedestrians.WalkRandomly(which_lane=Current_Lane).
 timestamp= 1619811914000 [RES] API result: 
{"pose_arr":[{"vx":0,"ay":0,"az":9.81,"ax":0,"pz":10.12,"vy":0,"px":552545.29,"py":4182863.08},{"vx":0,"ay":0,"az":9.81,"ax":0,"pz":10.12,"vy":0,"px":552545.29,"py":4182863.08},{"vx":0,"ay":0,"az":9.81,"ax":0,"pz":10.12,"vy":0,"px":552545.29,"py":4182863.08},{"vx":0,"ay":0,"az":9.81,"ax":0,"pz":10.12,"vy":0,"px":552545.29,"py":4182863.08},{"vx":0,"ay":0,"az":9.81,"ax":0,"pz":10.12,"vy":0,"px":552545.29,"py":4182863.08},{"vx":0,"ay":0,"az":9.81,"ax":0,"pz":10.12,"vy":0,"px":552545.29,"py":4182863.08},{"vx":0,"ay":0,"az":9.81,"ax":0,"pz":10.12,"vy":0,"px":552545.29,"py":4182863.08},{"vx":0,"ay":0,"az":9.81,"ax":0,"pz":10.12,"vy":0,"px":552545.29,"py":4182863.08},{"vx":0,"ay":0,"az":9.81,"ax":0,"pz":10.12,"vy":0,"px":552545.29,"py":4182863.08}],"traffic_light":[0,0,0,0,0,0,0],"state_arr":[{"acceleration":-0.29,"throttle":0,"steering_target":26.81,"brake":52.09,"steering_rate":100,"speed":0},{"acceleration":-0.29,"throttle":0,"steering_target":26.81,"brake":52.05,"steering_rate":100,"speed":0},{"acceleration":-0.29,"throttle":0,"steering_target":26.81,"brake":52.05,"steering_rate":100,"speed":0},{"acceleration":-0.29,"throttle":0,"steering_target":26.81,"brake":52.05,"steering_rate":100,"speed":0},{"acceleration":-0.29,"throttle":0,"steering_target":26.81,"brake":52.05,"steering_rate":100,"speed":0},{"acceleration":-0.29,"throttle":0,"steering_target":26.81,"brake":52.06,"steering_rate":100,"speed":0},{"acceleration":-0.29,"throttle":0,"steering_target":26.81,"brake":52.05,"steering_rate":100,"speed":0},{"acceleration":-0.29,"throttle":0,"steering_target":26.81,"brake":52.06,"steering_rate":100,"speed":0},{"acceleration":-0.29,"throttle":0,"steering_target":26.81,"brake":52.06,"steering_rate":100,"speed":0}],"obstacle_arr":[[{"acceleration":{"y":0,"x":0,"z":0},"position":{"y":4182859.91,"x":552543.34,"z":10.74},"volume":0.08,"type":"PEDESTRIAN","velocity":{"y":0,"x":0,"z":0}},{"acceleration":{"y":0,"x":0,"z":0},"position":{"y":4182852.56,"x":552537.16,"z":10.54},"volume":1.37,"type":"VEHICLE","velocity":{"y":0,"x":0,"z":0}}],[{"acceleration":{"y":0,"x":0,"z":0},"position":{"y":4182859.91,"x":552543.34,"z":10.73},"volume":0.07,"type":"PEDESTRIAN","velocity":{"y":0,"x":0,"z":0}},{"acceleration":{"y":0,"x":0,"z":0},"position":{"y":4182852.56,"x":552537.16,"z":10.55},"volume":1.38,"type":"VEHICLE","velocity":{"y":0,"x":0,"z":0}}],[{"acceleration":{"y":0,"x":0,"z":0},"position":{"y":4182859.9,"x":552543.33,"z":10.74},"volume":0.09,"type":"PEDESTRIAN","velocity":{"y":0,"x":0,"z":0}},{"acceleration":{"y":0,"x":0,"z":0},"position":{"y":4182852.56,"x":552537.16,"z":10.55},"volume":1.39,"type":"VEHICLE","velocity":{"y":0,"x":0,"z":0}}],[{"acceleration":{"y":0,"x":0,"z":0},"position":{"y":4182859.93,"x":552543.33,"z":10.72},"volume":0.09,"type":"PEDESTRIAN","velocity":{"y":0,"x":0,"z":0}},{"acceleration":{"y":0,"x":0,"z":0},"position":{"y":4182852.56,"x":552537.16,"z":10.55},"volume":1.39,"type":"VEHICLE","velocity":{"y":0,"x":0,"z":0}}],[{"acceleration":{"y":0,"x":0,"z":0},"position":{"y":4182859.95,"x":552543.33,"z":10.75},"volume":0.1,"type":"PEDESTRIAN","velocity":{"y":0,"x":0,"z":0}},{"acceleration":{"y":0,"x":0,"z":0},"position":{"y":4182852.56,"x":552537.16,"z":10.55},"volume":1.39,"type":"VEHICLE","velocity":{"y":0,"x":0,"z":0}}],[{"acceleration":{"y":0,"x":0,"z":0},"position":{"y":4182859.91,"x":552543.35,"z":10.76},"volume":0.1,"type":"PEDESTRIAN","velocity":{"y":0,"x":0,"z":0}},{"acceleration":{"y":0,"x":0,"z":0},"position":{"y":4182852.56,"x":552537.16,"z":10.54},"volume":1.38,"type":"VEHICLE","velocity":{"y":0,"x":0,"z":0}}],[{"acceleration":{"y":0,"x":0,"z":0},"position":{"y":4182859.87,"x":552543.37,"z":10.75},"volume":0.12,"type":"PEDESTRIAN","velocity":{"y":0,"x":0,"z":0}},{"acceleration":{"y":0,"x":0,"z":0},"position":{"y":4182852.56,"x":552537.16,"z":10.55},"volume":1.38,"type":"VEHICLE","velocity":{"y":0,"x":0,"z":0}}],[{"acceleration":{"y":0,"x":0,"z":0},"position":{"y":4182859.9,"x":552543.36,"z":10.73},"volume":0.09,"type":"PEDESTRIAN","velocity":{"y":0,"x":0,"z":0}},{"acceleration":{"y":0,"x":0,"z":0},"position":{"y":4182852.56,"x":552537.16,"z":10.55},"volume":1.37,"type":"VEHICLE","velocity":{"y":0,"x":0,"z":0}}]],"action_description":"Pedestrian walking on the front lane","ev_state":[-329.455474853516,10.124813079834,375.949127197266,0,0,1,12,-1,359.992462158203,214.241500854492,359.988067626953,0.000023087026208799035],"collision_probability":0.363}
 timestamp= 1619811914000 [RUN] Validate G1 Guard Condition: 
The ego vehicle E Detection.Collision == True.
 timestamp= 1619811914000 [RES] Global Validate result: 
false
 timestamp= 1619811914000 [RUN] Validate G2 Guard Condition: 
The ego vehicle E Detection.OffRoad == True.
 timestamp= 1619811914000 [RES] Global Validate result: 
true
 timestamp= 1619811914000 [RUN] OffRoad == True
 timestamp= 1619811914000 [RUN] The simulator S INVOKES API Command.Simulation.Stop() to stop simulation.
 timestamp= 1619811914000 [WARNING] The test system Stop the Simulator S!
 timestamp= 1619811914000 [RUN] ABORT.
 timestamp= 1619811914000 [ERROR] The test system Abort!
 timestamp= 1619811914000 [RUN] Validate G3 Guard Condition: 
The ego vehicle E Detection.HardBrake == True.
 timestamp= 1619811914000 [RES] Global Validate result: 
false
 timestamp= 1619811914000 [RUN] Validate G4 Guard Condition: 
The ego vehicle E Detection.ArrivalTest == True.
 timestamp= 1619811914000 [RES] Global Validate result: 
false
 timestamp= 1619811914000 [RES] Basic PostCondition Validate result: 
false
 timestamp= 1619811914000 [STOP] numberOfStep: 40 basicFlow: 
[{"name":"","description":"","eClass":"Sentence","content":"The test system VALIDATES THAT the simulator S Status.GetEnvironment is nearly equal to {\"x\": -244.8, \"y\": 10.12, \"z\": 465.33, \"rain\": 0.0, \"fog\": 0.0, \"wetness\": 0.0, \"timeofday\": 12.0, \"signal\": 1.0, \"rx\": 0.0, \"ry\": 305.81, \"rz\": -0.0, \"speed\": 0.0}","natures":[]},{"name":"","description":"","eClass":"Sentence","content":"The environment controller C INVOKES API Control.Agents.Pedestrians.WalkRandomly(which_lane=Current_Lane).","natures":[]},{"name":"","description":"","eClass":"Sentence","content":"The test system VALIDATES THAT the Apollo A Status.GetControl is nearly equal to {\"acceleration\": -3.0, \"throttle\": 0.0, \"steering_target\": -38.71, \"brake\": 69.99, \"steering_rate\": 100.0, \"speed\": 0.0}","natures":[]},{"name":"","description":"","eClass":"Sentence","content":"The test system VALIDATES THAT the simulator S Status.GetEnvironment is nearly equal to {\"x\": -244.8, \"y\": 10.12, \"z\": 465.33, \"rain\": 0.0, \"fog\": 0.0, \"wetness\": 0.0, \"timeofday\": 12.0, \"signal\": 1.0, \"rx\": 0.0, \"ry\": 305.81, \"rz\": -0.0, \"speed\": 0.0}","natures":[]},{"name":"","description":"","eClass":"Sentence","content":"The environment controller C INVOKES API Control.Agents.Pedestrians.WalkRandomly(which_lane=Current_Lane).","natures":[]},{"name":"","description":"","eClass":"Sentence","content":"The test system VALIDATES THAT the Apollo A Status.GetControl is nearly equal to {\"acceleration\": -3.0, \"throttle\": 0.0, \"steering_target\": -38.71, \"brake\": 69.99, \"steering_rate\": 100.0, \"speed\": 0.0}","natures":[]},{"name":"","description":"","eClass":"Sentence","content":"The test system VALIDATES THAT the simulator S Status.GetEnvironment is nearly equal to {\"x\": -244.8, \"y\": 10.12, \"z\": 465.33, \"rain\": 0.0, \"fog\": 0.0, \"wetness\": 0.0, \"timeofday\": 12.0, \"signal\": 0.0, \"rx\": 0.0, \"ry\": 305.81, \"rz\": -0.0, \"speed\": 0.0}","natures":[]},{"name":"","description":"","eClass":"Sentence","content":"The environment controller C INVOKES API Control.Agents.Pedestrians.WalkRandomly(which_lane=Current_Lane).","natures":[]},{"name":"","description":"","eClass":"Sentence","content":"The test system VALIDATES THAT the Apollo A Status.GetControl is nearly equal to {\"acceleration\": -0.1, \"throttle\": 0.0, \"steering_target\": 6.14, \"brake\": 14.5, \"steering_rate\": 100.0, \"speed\": 2.28}","natures":[]},{"name":"","description":"","eClass":"Sentence","content":"The test system VALIDATES THAT the simulator S Status.GetEnvironment is nearly equal to {\"x\": -248.41, \"y\": 10.12, \"z\": 467.86, \"rain\": 0.0, \"fog\": 0.0, \"wetness\": 0.0, \"timeofday\": 12.0, \"signal\": -1.0, \"rx\": 359.98, \"ry\": 304.36, \"rz\": 359.99, \"speed\": 2.23}","natures":[]},{"name":"","description":"","eClass":"Sentence","content":"The environment controller C INVOKES API Control.Agents.Pedestrians.WalkRandomly(which_lane=Current_Lane).","natures":[]},{"name":"","description":"","eClass":"Sentence","content":"The test system VALIDATES THAT the Apollo A Status.GetControl is nearly equal to {\"acceleration\": -0.72, \"throttle\": 0.0, \"steering_target\": 48.51, \"brake\": 17.02, \"steering_rate\": 100.0, \"speed\": 3.12}","natures":[]},{"name":"","description":"","eClass":"Sentence","content":"The test system VALIDATES THAT the simulator S Status.GetEnvironment is nearly equal to {\"x\": -258.56, \"y\": 10.12, \"z\": 470.5, \"rain\": 0.0, \"fog\": 0.0, \"wetness\": 0.0, \"timeofday\": 12.0, \"signal\": -1.0, \"rx\": 0.06, \"ry\": 261.35, \"rz\": 359.66, \"speed\": 2.78}","natures":[]},{"name":"","description":"","eClass":"Sentence","content":"The environment controller C INVOKES API Control.Agents.Pedestrians.WalkRandomly(which_lane=Current_Lane).","natures":[]},{"name":"","description":"","eClass":"Sentence","content":"The test system VALIDATES THAT the Apollo A Status.GetControl is nearly equal to {\"acceleration\": 0.84, \"throttle\": 24.37, \"steering_target\": 5.85, \"brake\": 0.0, \"steering_rate\": 100.0, \"speed\": 5.59}","natures":[]},{"name":"","description":"","eClass":"Sentence","content":"The test system VALIDATES THAT the simulator S Status.GetEnvironment is nearly equal to {\"x\": -270.23, \"y\": 10.12, \"z\": 459.37, \"rain\": 0.0, \"fog\": 0.0, \"wetness\": 0.0, \"timeofday\": 12.0, \"signal\": -1.0, \"rx\": 359.96, \"ry\": 216.68, \"rz\": 359.89, \"speed\": 5.92}","natures":[]},{"name":"","description":"","eClass":"Sentence","content":"The environment controller C INVOKES API Control.Weather.Wetness(wetness_level=Heavy).","natures":[]},{"name":"","description":"","eClass":"Sentence","content":"The test system VALIDATES THAT the Apollo A Status.GetControl is nearly equal to {\"acceleration\": -0.39, \"throttle\": 0.0, \"steering_target\": -0.58, \"brake\": 14.5, \"steering_rate\": 100.0, \"speed\": 7.17}","natures":[]},{"name":"","description":"","eClass":"Sentence","content":"The test system VALIDATES THAT the simulator S Status.GetEnvironment is nearly equal to {\"x\": -285.96, \"y\": 10.12, \"z\": 436.5, \"rain\": 0.0, \"fog\": 0.0, \"wetness\": 1.0, \"timeofday\": 12.0, \"signal\": -1.0, \"rx\": 0.01, \"ry\": 214.56, \"rz\": 0.02, \"speed\": 7.07}","natures":[]},{"name":"","description":"","eClass":"Sentence","content":"The environment controller C INVOKES API Control.Agents.Pedestrians.WalkRandomly(which_lane=Current_Lane).","natures":[]},{"name":"","description":"","eClass":"Sentence","content":"The test system VALIDATES THAT the Apollo A Status.GetControl is nearly equal to {\"acceleration\": 0.6, \"throttle\": 20.81, \"steering_target\": -0.03, \"brake\": 0.0, \"steering_rate\": 100.0, \"speed\": 6.03}","natures":[]},{"name":"","description":"","eClass":"Sentence","content":"The test system VALIDATES THAT the simulator S Status.GetEnvironment is nearly equal to {\"x\": -301.6, \"y\": 10.12, \"z\": 414.44, \"rain\": 0.0, \"fog\": 0.0, \"wetness\": 1.0, \"timeofday\": 12.0, \"signal\": -1.0, \"rx\": 359.98, \"ry\": 215.51, \"rz\": 0.0, \"speed\": 6.14}","natures":[]},{"name":"","description":"","eClass":"Sentence","content":"The environment controller C INVOKES API Control.Agents.Pedestrians.WalkRandomly(which_lane=Current_Lane).","natures":[]},{"name":"","description":"","eClass":"Sentence","content":"The test system VALIDATES THAT the Apollo A Status.GetControl is nearly equal to {\"acceleration\": 0.92, \"throttle\": 33.46, \"steering_target\": 2.73, \"brake\": 0.0, \"steering_rate\": 100.0, \"speed\": 2.21}","natures":[]},{"name":"","description":"","eClass":"Sentence","content":"The test system VALIDATES THAT the simulator S Status.GetEnvironment is nearly equal to {\"x\": -315.13, \"y\": 10.12, \"z\": 395.7, \"rain\": 0.0, \"fog\": 0.0, \"wetness\": 1.0, \"timeofday\": 12.0, \"signal\": 1.0, \"rx\": 359.61, \"ry\": 215.83, \"rz\": 358.91, \"speed\": 1.99}","natures":[]},{"name":"","description":"","eClass":"Sentence","content":"The environment controller C INVOKES API Control.Agents.Pedestrians.WalkRandomly(which_lane=Current_Lane).","natures":[]},{"name":"","description":"","eClass":"Sentence","content":"The test system VALIDATES THAT the Apollo A Status.GetControl is nearly equal to {\"acceleration\": -3.37, \"throttle\": 0.0, \"steering_target\": -0.0, \"brake\": 42.66, \"steering_rate\": 100.0, \"speed\": 3.33}","natures":[]},{"name":"","description":"","eClass":"Sentence","content":"The test system VALIDATES THAT the simulator S Status.GetEnvironment is nearly equal to {\"x\": -327.45, \"y\": 10.12, \"z\": 378.79, \"rain\": 0.0, \"fog\": 0.0, \"wetness\": 1.0, \"timeofday\": 12.0, \"signal\": 1.0, \"rx\": 0.23, \"ry\": 216.08, \"rz\": 0.0, \"speed\": 3.33}","natures":[]},{"name":"","description":"","eClass":"Sentence","content":"The environment controller C INVOKES API Control.Agents.NPCVehicle.NPCVehicleSwitchLane(which_lane=Current_Lane&which_car=SchoolBus).","natures":[]},{"name":"","description":"","eClass":"Sentence","content":"The test system VALIDATES THAT the Apollo A Status.GetControl is nearly equal to {\"acceleration\": -3.0, \"throttle\": 0.0, \"steering_target\": 0.04, \"brake\": 69.99, \"steering_rate\": 100.0, \"speed\": 0.0}","natures":[]},{"name":"","description":"","eClass":"Sentence","content":"The test system VALIDATES THAT the simulator S Status.GetEnvironment is nearly equal to {\"x\": -328.38, \"y\": 10.12, \"z\": 377.51, \"rain\": 0.0, \"fog\": 0.0, \"wetness\": 1.0, \"timeofday\": 12.0, \"signal\": 1.0, \"rx\": 0.0, \"ry\": 216.09, \"rz\": -0.0, \"speed\": 0.0}","natures":[]},{"name":"","description":"","eClass":"Sentence","content":"The environment controller C INVOKES API Control.Agents.Pedestrians.WalkRandomly(which_lane=Current_Lane).","natures":[]},{"name":"","description":"","eClass":"Sentence","content":"The test system VALIDATES THAT the Apollo A Status.GetControl is nearly equal to {\"acceleration\": -0.29, \"throttle\": 0.0, \"steering_target\": 26.81, \"brake\": 52.09, \"steering_rate\": 100.0, \"speed\": 0.0}","natures":[]},{"name":"","description":"","eClass":"Sentence","content":"The test system VALIDATES THAT the simulator S Status.GetEnvironment is nearly equal to {\"x\": -329.46, \"y\": 10.12, \"z\": 375.95, \"rain\": 0.0, \"fog\": 0.0, \"wetness\": 1.0, \"timeofday\": 12.0, \"signal\": 1.0, \"rx\": 0.0, \"ry\": 214.24, \"rz\": 0.0, \"speed\": 0.0}","natures":[]},{"name":"","description":"","eClass":"Sentence","content":"The environment controller C INVOKES API Control.Agents.Pedestrians.WalkRandomly(which_lane=Current_Lane).","natures":[]},{"name":"","description":"","eClass":"Sentence","content":"The test system VALIDATES THAT the Apollo A Status.GetControl is nearly equal to {\"acceleration\": -0.29, \"throttle\": 0.0, \"steering_target\": 26.81, \"brake\": 52.08, \"steering_rate\": 100.0, \"speed\": 0.0}","natures":[]},{"name":"","description":"","eClass":"Sentence","content":"The test system VALIDATES THAT the simulator S Status.GetEnvironment is nearly equal to {\"x\": -329.46, \"y\": 10.12, \"z\": 375.95, \"rain\": 0.0, \"fog\": 0.0, \"wetness\": 1.0, \"timeofday\": 12.0, \"signal\": 0.0, \"rx\": -0.01, \"ry\": 214.24, \"rz\": 359.99, \"speed\": 0.0}","natures":[]},{"name":"","description":"","eClass":"Sentence","content":"The environment controller C INVOKES API Control.Agents.Pedestrians.WalkRandomly(which_lane=Current_Lane).","natures":[]},{"name":"","description":"","eClass":"Sentence","content":"The test system VALIDATES THAT the Apollo A Status.GetControl is nearly equal to {\"acceleration\": -0.29, \"throttle\": 0.0, \"steering_target\": 26.81, \"brake\": 52.06, \"steering_rate\": 100.0, \"speed\": 0.0}","natures":[]},{"name":"","description":"","eClass":"Sentence","content":"","natures":[]}]
