 timestamp= 1619807865000 [START] Now Run TCS Maintain Lane On Road1 Mode: dynamic Roadnum: 2 Second: 4
 timestamp= 1619807865000 [SUCCESS] TCS Check Success 
 timestamp= 1619807868000 [RUN] Run BasicFlow
 timestamp= 1619807868000 [RUN] Generate steps
 timestamp= 1619807868000 [RUN] Validate step: 
The test system VALIDATES THAT the simulator S Status.GetEnvironment is nearly equal to {"x": -12.06, "y": 10.12, "z": 308.2, "rain": 0.0, "fog": 0.0, "wetness": 0.0, "timeofday": 12.0, "signal": -1.0, "rx": 359.91, "ry": 307.31, "rz": -0.0, "speed": 3.5}
 timestamp= 1619807868000 [RES] Validate result: 
true
 timestamp= 1619807868000 [RUN] Execute API step: 
The environment controller C INVOKES API Control.Agents.Pedestrians.WalkRandomly(which_lane=Left_Lane).
 timestamp= 1619807871000 [RES] API result: 
{"pose_arr":[{"vx":2.12,"ay":0.41,"az":9.81,"ax":0.32,"pz":10.12,"vy":2.12,"px":552862.99,"py":4182793.4},{"vx":2.6,"ay":0.21,"az":9.82,"ax":0.17,"pz":10.12,"vy":2.6,"px":552861.28,"py":4182794.71},{"vx":2.88,"ay":0.58,"az":9.81,"ax":0.44,"pz":10.12,"vy":2.88,"px":552858.23,"py":4182797.01},{"vx":3.02,"ay":0.21,"az":9.81,"ax":0.16,"pz":10.12,"vy":3.02,"px":552855.93,"py":4182798.76},{"vx":3.59,"ay":0.47,"az":9.81,"ax":0.35,"pz":10.12,"vy":3.59,"px":552852.02,"py":4182801.71},{"vx":3.33,"ay":-0.46,"az":9.83,"ax":-0.34,"pz":10.13,"vy":3.33,"px":552849.01,"py":4182803.98}],"traffic_light":[3,3,3,3,3,0],"state_arr":[{"acceleration":0.81,"throttle":44.12,"steering_target":0.19,"brake":0,"steering_rate":100,"speed":3.37},{"acceleration":0.64,"throttle":21.4,"steering_target":0.15,"brake":0,"steering_rate":100,"speed":4.28},{"acceleration":0.21,"throttle":15.7,"steering_target":0.2,"brake":0,"steering_rate":100,"speed":4.66},{"acceleration":1.02,"throttle":25.99,"steering_target":0.13,"brake":0,"steering_rate":100,"speed":5.01},{"acceleration":0.71,"throttle":22.5,"steering_target":0.06,"brake":0,"steering_rate":100,"speed":5.75},{"acceleration":-1.03,"throttle":0,"steering_target":0.11,"brake":20.62,"steering_rate":100,"speed":5.81},{"acceleration":1.21,"throttle":15.7,"steering_target":0.1,"brake":0,"steering_rate":100,"speed":5.38}],"obstacle_arr":[[],[],[],[],[{"acceleration":{"y":-0.31,"x":0.36,"z":0},"position":{"y":4182802.24,"x":552847.35,"z":10.59},"volume":0.17,"type":"PEDESTRIAN","velocity":{"y":-0.43,"x":1,"z":0}}],[{"acceleration":{"y":0.21,"x":-0.67,"z":0},"position":{"y":4182802.6,"x":552847.14,"z":10.82},"volume":0.05,"type":"PEDESTRIAN","velocity":{"y":-0.16,"x":0.39,"z":0}}],[{"acceleration":{"y":-0.27,"x":0.06,"z":0},"position":{"y":4182802.4,"x":552847.62,"z":10.67},"volume":0.04,"type":"PEDESTRIAN","velocity":{"y":-0.33,"x":0.41,"z":0}}]],"action_description":"Pedestrian crossing the road (left to right)","ev_state":[-28.1321182250977,10.1243915557861,320.336486816406,0,0,0,12,1,0.00234834244474769,306.941589355469,-0.00159304030239582,5.41901663632938],"collision_probability":0.415}
 timestamp= 1619807871000 [RUN] Validate G1 Guard Condition: 
The ego vehicle E Detection.Collision == True.
 timestamp= 1619807871000 [RES] Global Validate result: 
false
 timestamp= 1619807871000 [RUN] Validate G2 Guard Condition: 
The ego vehicle E Detection.OffRoad == True.
 timestamp= 1619807871000 [RES] Global Validate result: 
false
 timestamp= 1619807871000 [RUN] Validate G3 Guard Condition: 
The ego vehicle E Detection.HardBrake == True.
 timestamp= 1619807871000 [RES] Global Validate result: 
false
 timestamp= 1619807871000 [RUN] Validate G4 Guard Condition: 
The ego vehicle E Detection.ArrivalTest == True.
 timestamp= 1619807871000 [RES] Global Validate result: 
false
 timestamp= 1619807871000 [RUN] Validate step: 
The test system VALIDATES THAT the Apollo A Status.GetControl is nearly equal to {"acceleration": 1.21, "throttle": 15.7, "steering_target": 0.1, "brake": 0.0, "steering_rate": 100.0, "speed": 5.38}
 timestamp= 1619807871000 [RES] Validate result: 
true
 timestamp= 1619807871000 [RUN] Generate steps
 timestamp= 1619807871000 [RUN] Validate step: 
The test system VALIDATES THAT the simulator S Status.GetEnvironment is nearly equal to {"x": -28.13, "y": 10.12, "z": 320.34, "rain": 0.0, "fog": 0.0, "wetness": 0.0, "timeofday": 12.0, "signal": 1.0, "rx": 0.0, "ry": 306.94, "rz": -0.0, "speed": 5.42}
 timestamp= 1619807871000 [RES] Validate result: 
true
 timestamp= 1619807871000 [RUN] Execute API step: 
The environment controller C INVOKES API Control.Agents.Pedestrians.WalkRandomly(which_lane=Left_Lane).
 timestamp= 1619807874000 [RES] API result: 
{"pose_arr":[{"vx":3.31,"ay":3.44,"az":9.77,"ax":2.6,"pz":10.12,"vy":3.31,"px":552846.73,"py":4182805.69},{"vx":4.01,"ay":0.2,"az":9.83,"ax":0.15,"pz":10.12,"vy":4.01,"px":552843.12,"py":4182808.41},{"vx":4.26,"ay":0.52,"az":9.8,"ax":0.4,"pz":10.12,"vy":4.26,"px":552839.37,"py":4182811.23},{"vx":4.4,"ay":0.19,"az":9.81,"ax":0.14,"pz":10.12,"vy":4.4,"px":552834.04,"py":4182815.24},{"vx":4.4,"ay":-0.43,"az":9.85,"ax":-0.42,"pz":10.12,"vy":4.4,"px":552830.84,"py":4182817.66},{"vx":4.43,"ay":0.19,"az":9.81,"ax":0.14,"pz":10.12,"vy":4.43,"px":552826.1,"py":4182821.24}],"traffic_light":[0,3,3,3,2],"state_arr":[{"acceleration":1.43,"throttle":39.6,"steering_target":0.01,"brake":0,"steering_rate":100,"speed":6.12},{"acceleration":1.06,"throttle":15.7,"steering_target":-0.05,"brake":0,"steering_rate":100,"speed":6.75},{"acceleration":0.77,"throttle":15.7,"steering_target":-0.07,"brake":0,"steering_rate":100,"speed":7.11},{"acceleration":0.6,"throttle":15.7,"steering_target":-0.1,"brake":0,"steering_rate":100,"speed":7.28},{"acceleration":0.08,"throttle":15.7,"steering_target":-0.11,"brake":0,"steering_rate":100,"speed":7.35},{"acceleration":0.76,"throttle":15.7,"steering_target":-0.67,"brake":0,"steering_rate":100,"speed":7.28}],"obstacle_arr":[[],[{"acceleration":{"y":0,"x":0,"z":0},"position":{"y":4182802.15,"x":552849.13,"z":10.65},"volume":0.06,"type":"PEDESTRIAN","velocity":{"y":0,"x":0,"z":0}}],[{"acceleration":{"y":0,"x":0,"z":0},"position":{"y":4182826.47,"x":552853.06,"z":10.35},"volume":2.64,"type":"VEHICLE","velocity":{"y":0,"x":0,"z":0}}],[{"acceleration":{"y":0,"x":0,"z":0},"position":{"y":4182816.92,"x":552829.82,"z":10.5},"volume":0.05,"type":"PEDESTRIAN","velocity":{"y":0,"x":0,"z":0}},{"acceleration":{"y":0,"x":0,"z":0},"position":{"y":4182817.59,"x":552847.45,"z":10.35},"volume":2.37,"type":"VEHICLE","velocity":{"y":0,"x":0,"z":0}}],[]],"action_description":"Pedestrian crossing the road (left to right)","ev_state":[-50.5161437988281,10.1240081787109,337.213439941406,0,0,0,12,0,359.984741210938,307.271942138672,0.0170943569391966,7.398095934141148],"collision_probability":1}
 timestamp= 1619807874000 [RUN] Validate G1 Guard Condition: 
The ego vehicle E Detection.Collision == True.
 timestamp= 1619807874000 [RES] Global Validate result: 
true
 timestamp= 1619807874000 [RUN] Collision == True
 timestamp= 1619807874000 [RUN] Validate G2 Guard Condition: 
The ego vehicle E Detection.OffRoad == True.
 timestamp= 1619807874000 [RES] Global Validate result: 
false
 timestamp= 1619807874000 [RUN] Validate G3 Guard Condition: 
The ego vehicle E Detection.HardBrake == True.
 timestamp= 1619807874000 [RES] Global Validate result: 
false
 timestamp= 1619807874000 [RUN] Validate G4 Guard Condition: 
The ego vehicle E Detection.ArrivalTest == True.
 timestamp= 1619807874000 [RES] Global Validate result: 
false
 timestamp= 1619807874000 [RUN] Validate step: 
The test system VALIDATES THAT the Apollo A Status.GetControl is nearly equal to {"acceleration": 0.76, "throttle": 15.7, "steering_target": -0.67, "brake": 0.0, "steering_rate": 100.0, "speed": 7.28}
 timestamp= 1619807874000 [RES] Validate result: 
true
 timestamp= 1619807874000 [RUN] Generate steps
 timestamp= 1619807874000 [RUN] Validate step: 
The test system VALIDATES THAT the simulator S Status.GetEnvironment is nearly equal to {"x": -50.52, "y": 10.12, "z": 337.21, "rain": 0.0, "fog": 0.0, "wetness": 0.0, "timeofday": 12.0, "signal": 0.0, "rx": 359.98, "ry": 307.27, "rz": 0.02, "speed": 7.4}
 timestamp= 1619807874000 [RES] Validate result: 
true
 timestamp= 1619807874000 [RUN] Execute API step: 
The environment controller C INVOKES API Control.Agents.Pedestrians.WalkRandomly(which_lane=Left_Lane).
 timestamp= 1619807877000 [RES] API result: 
{"pose_arr":[{"vx":4.57,"ay":0.19,"az":9.81,"ax":0.14,"pz":10.12,"vy":4.57,"px":552822.7,"py":4182823.82},{"vx":4.68,"ay":0.24,"az":9.81,"ax":0.19,"pz":10.12,"vy":4.68,"px":552818.61,"py":4182826.91},{"vx":4.81,"ay":0.18,"az":9.81,"ax":0.14,"pz":10.12,"vy":4.81,"px":552814.12,"py":4182830.34},{"vx":4.92,"ay":0.18,"az":9.81,"ax":0.13,"pz":10.12,"vy":4.92,"px":552809.46,"py":4182833.89},{"vx":4.92,"ay":0.18,"az":9.82,"ax":0.14,"pz":10.12,"vy":4.92,"px":552805,"py":4182837.28},{"vx":4.93,"ay":-0.49,"az":9.83,"ax":-0.37,"pz":10.12,"vy":4.93,"px":552800.03,"py":4182841.05}],"traffic_light":[2,2,2,3,1,3],"state_arr":[{"acceleration":0.92,"throttle":25.26,"steering_target":0.33,"brake":0,"steering_rate":100,"speed":7.4},{"acceleration":0.68,"throttle":15.7,"steering_target":-0.53,"brake":0,"steering_rate":100,"speed":7.64},{"acceleration":0.16,"throttle":15.7,"steering_target":0.16,"brake":0,"steering_rate":100,"speed":7.88},{"acceleration":0.1,"throttle":15.7,"steering_target":-0.13,"brake":0,"steering_rate":100,"speed":8.02},{"acceleration":0.43,"throttle":18.41,"steering_target":0.22,"brake":0,"steering_rate":100,"speed":8},{"acceleration":-0.03,"throttle":0,"steering_target":0.02,"brake":15.99,"steering_rate":100,"speed":8.17},{"acceleration":0.01,"throttle":15.7,"steering_target":0.23,"brake":0,"steering_rate":100,"speed":8.09}],"obstacle_arr":[[],[],[],[{"acceleration":{"y":0.02,"x":-0.01,"z":0},"position":{"y":4182833.75,"x":552806.98,"z":10.46},"volume":0.38,"type":"PEDESTRIAN","velocity":{"y":1.44,"x":-0.75,"z":0}}],[],[{"acceleration":{"y":0,"x":0,"z":0},"position":{"y":4182833.84,"x":552808.79,"z":10.48},"volume":0.2,"type":"PEDESTRIAN","velocity":{"y":0,"x":0,"z":0}}]],"action_description":"Pedestrian crossing the road (left to right)","ev_state":[-75.7725601196289,10.1238374710083,356.410217285156,0,0,0,12,-1,0.0203061327338219,307.148315429688,-0.00121180748101324,8.088486833601031],"collision_probability":0.545}
 timestamp= 1619807877000 [RUN] Validate G1 Guard Condition: 
The ego vehicle E Detection.Collision == True.
 timestamp= 1619807877000 [RES] Global Validate result: 
false
 timestamp= 1619807877000 [RUN] Validate G2 Guard Condition: 
The ego vehicle E Detection.OffRoad == True.
 timestamp= 1619807877000 [RES] Global Validate result: 
false
 timestamp= 1619807877000 [RUN] Validate G3 Guard Condition: 
The ego vehicle E Detection.HardBrake == True.
 timestamp= 1619807877000 [RES] Global Validate result: 
false
 timestamp= 1619807877000 [RUN] Validate G4 Guard Condition: 
The ego vehicle E Detection.ArrivalTest == True.
 timestamp= 1619807877000 [RES] Global Validate result: 
false
 timestamp= 1619807877000 [RUN] Validate step: 
The test system VALIDATES THAT the Apollo A Status.GetControl is nearly equal to {"acceleration": 0.01, "throttle": 15.7, "steering_target": 0.23, "brake": 0.0, "steering_rate": 100.0, "speed": 8.09}
 timestamp= 1619807877000 [RES] Validate result: 
true
 timestamp= 1619807877000 [RUN] Generate steps
 timestamp= 1619807877000 [RUN] Validate step: 
The test system VALIDATES THAT the simulator S Status.GetEnvironment is nearly equal to {"x": -75.77, "y": 10.12, "z": 356.41, "rain": 0.0, "fog": 0.0, "wetness": 0.0, "timeofday": 12.0, "signal": -1.0, "rx": 0.02, "ry": 307.15, "rz": -0.0, "speed": 8.09}
 timestamp= 1619807877000 [RES] Validate result: 
true
 timestamp= 1619807877000 [RUN] Execute API step: 
The environment controller C INVOKES API Control.Agents.Pedestrians.WalkRandomly(which_lane=Left_Lane).
 timestamp= 1619807881000 [RES] API result: 
{"pose_arr":[{"vx":4.98,"ay":0.48,"az":9.79,"ax":0.36,"pz":10.12,"vy":4.98,"px":552797.01,"py":4182843.34},{"vx":5.12,"ay":0.25,"az":9.81,"ax":0.19,"pz":10.12,"vy":5.12,"px":552792.81,"py":4182846.51},{"vx":5.13,"ay":-0.5,"az":9.84,"ax":-0.37,"pz":10.12,"vy":5.13,"px":552788.32,"py":4182849.89},{"vx":4.84,"ay":-0.49,"az":9.8,"ax":-0.37,"pz":10.12,"vy":4.84,"px":552783.68,"py":4182853.35},{"vx":4.49,"ay":-1.5,"az":9.84,"ax":-1.12,"pz":10.13,"vy":4.49,"px":552780.08,"py":4182856.05},{"vx":4.31,"ay":0.19,"az":9.79,"ax":0.14,"pz":10.12,"vy":4.31,"px":552775.2,"py":4182859.68}],"traffic_light":[3,1,3,3,3],"state_arr":[{"acceleration":0.55,"throttle":17.19,"steering_target":0.16,"brake":0,"steering_rate":100,"speed":8.33},{"acceleration":0.26,"throttle":15.7,"steering_target":0.15,"brake":0,"steering_rate":100,"speed":8.53},{"acceleration":-0.7,"throttle":0,"steering_target":0.1,"brake":14.93,"steering_rate":100,"speed":8.64},{"acceleration":-0.09,"throttle":0,"steering_target":0.12,"brake":14.5,"steering_rate":100,"speed":8.14},{"acceleration":0.37,"throttle":17.18,"steering_target":0.07,"brake":0,"steering_rate":100,"speed":7.52},{"acceleration":-0.31,"throttle":0,"steering_target":0.06,"brake":14.5,"steering_rate":100,"speed":7.21},{"acceleration":-0.81,"throttle":0,"steering_target":-0.07,"brake":25.84,"steering_rate":100,"speed":7.29}],"obstacle_arr":[[],[],[],[],[],[{"acceleration":{"y":0,"x":0,"z":0},"position":{"y":4182852.66,"x":552783.76,"z":10.37},"volume":0.29,"type":"PEDESTRIAN","velocity":{"y":0,"x":0,"z":0}}]],"action_description":"Pedestrian crossing the road (left to right)","ev_state":[-101.44172668457,10.1240491867065,375.638641357422,0,0,0,12,1,359.989013671875,306.617614746094,-0.00458539696410298,7.291713894462521],"collision_probability":0.475}
 timestamp= 1619807881000 [RUN] Validate G1 Guard Condition: 
The ego vehicle E Detection.Collision == True.
 timestamp= 1619807881000 [RES] Global Validate result: 
false
 timestamp= 1619807881000 [RUN] Validate G2 Guard Condition: 
The ego vehicle E Detection.OffRoad == True.
 timestamp= 1619807881000 [RES] Global Validate result: 
false
 timestamp= 1619807881000 [RUN] Validate G3 Guard Condition: 
The ego vehicle E Detection.HardBrake == True.
 timestamp= 1619807881000 [RES] Global Validate result: 
false
 timestamp= 1619807881000 [RUN] Validate G4 Guard Condition: 
The ego vehicle E Detection.ArrivalTest == True.
 timestamp= 1619807881000 [RES] Global Validate result: 
false
 timestamp= 1619807881000 [RUN] Validate step: 
The test system VALIDATES THAT the Apollo A Status.GetControl is nearly equal to {"acceleration": -0.81, "throttle": 0.0, "steering_target": -0.07, "brake": 25.84, "steering_rate": 100.0, "speed": 7.29}
 timestamp= 1619807881000 [RES] Validate result: 
true
 timestamp= 1619807881000 [RUN] Generate steps
 timestamp= 1619807881000 [RUN] Validate step: 
The test system VALIDATES THAT the simulator S Status.GetEnvironment is nearly equal to {"x": -101.44, "y": 10.12, "z": 375.64, "rain": 0.0, "fog": 0.0, "wetness": 0.0, "timeofday": 12.0, "signal": 1.0, "rx": 359.99, "ry": 306.62, "rz": -0.0, "speed": 7.29}
 timestamp= 1619807881000 [RES] Validate result: 
true
 timestamp= 1619807881000 [RUN] Execute API step: 
The environment controller C INVOKES API Control.Agents.Pedestrians.WalkRandomly(which_lane=Left_Lane).
 timestamp= 1619807884000 [RES] API result: 
{"pose_arr":[{"vx":4.13,"ay":-0.47,"az":9.85,"ax":-0.35,"pz":10.13,"vy":4.13,"px":552772.6,"py":4182861.62},{"vx":4.19,"ay":0.19,"az":9.81,"ax":0.14,"pz":10.12,"vy":4.19,"px":552768.42,"py":4182864.73},{"vx":3.89,"ay":-0.83,"az":9.81,"ax":-0.62,"pz":10.13,"vy":3.89,"px":552765.46,"py":4182866.92},{"vx":3.46,"ay":-0.92,"az":9.82,"ax":-0.7,"pz":10.13,"vy":3.46,"px":552762.18,"py":4182869.35},{"vx":2.97,"ay":-0.85,"az":9.81,"ax":-0.63,"pz":10.13,"vy":2.97,"px":552759.01,"py":4182871.69},{"vx":2.54,"ay":-0.88,"az":9.81,"ax":-0.65,"pz":10.13,"vy":2.54,"px":552756.69,"py":4182873.4}],"traffic_light":[3,1,3,1,1,3],"state_arr":[{"acceleration":0.45,"throttle":15.7,"steering_target":0.16,"brake":0,"steering_rate":100,"speed":6.94},{"acceleration":-1.04,"throttle":0,"steering_target":0.13,"brake":20.33,"steering_rate":100,"speed":7},{"acceleration":-1.18,"throttle":0,"steering_target":-0.18,"brake":21.72,"steering_rate":100,"speed":6.37},{"acceleration":-1.14,"throttle":0,"steering_target":0.52,"brake":21.8,"steering_rate":100,"speed":5.69},{"acceleration":-1.16,"throttle":0,"steering_target":0.15,"brake":22.02,"steering_rate":100,"speed":4.87},{"acceleration":-1.12,"throttle":0,"steering_target":0.54,"brake":21.78,"steering_rate":100,"speed":4.28},{"acceleration":-0.58,"throttle":0,"steering_target":0.16,"brake":14.5,"steering_rate":100,"speed":3.74}],"obstacle_arr":[[],[],[],[{"acceleration":{"y":0,"x":0,"z":0},"position":{"y":4182870.48,"x":552756.26,"z":10.48},"volume":0.28,"type":"PEDESTRIAN","velocity":{"y":-0.19,"x":0.59,"z":0}}],[{"acceleration":{"y":0,"x":0,"z":0},"position":{"y":4182870.31,"x":552757.18,"z":10.62},"volume":0.12,"type":"PEDESTRIAN","velocity":{"y":-0.19,"x":0.59,"z":0}}],[],[]],"action_description":"Pedestrian crossing the road (left to right)","ev_state":[-120.061363220215,10.1246099472046,389.413940429688,0,0,0,12,1,0.0652093812823296,306.190032958984,-0.00385154713876545,3.7402297074554265],"collision_probability":0.4}
 timestamp= 1619807884000 [RUN] Validate G1 Guard Condition: 
The ego vehicle E Detection.Collision == True.
 timestamp= 1619807884000 [RES] Global Validate result: 
false
 timestamp= 1619807884000 [RUN] Validate G2 Guard Condition: 
The ego vehicle E Detection.OffRoad == True.
 timestamp= 1619807884000 [RES] Global Validate result: 
false
 timestamp= 1619807884000 [RUN] Validate G3 Guard Condition: 
The ego vehicle E Detection.HardBrake == True.
 timestamp= 1619807884000 [RES] Global Validate result: 
false
 timestamp= 1619807884000 [RUN] Validate G4 Guard Condition: 
The ego vehicle E Detection.ArrivalTest == True.
 timestamp= 1619807884000 [RES] Global Validate result: 
false
 timestamp= 1619807884000 [RUN] Validate step: 
The test system VALIDATES THAT the Apollo A Status.GetControl is nearly equal to {"acceleration": -0.58, "throttle": 0.0, "steering_target": 0.16, "brake": 14.5, "steering_rate": 100.0, "speed": 3.74}
 timestamp= 1619807884000 [RES] Validate result: 
true
 timestamp= 1619807884000 [RUN] Generate steps
 timestamp= 1619807884000 [RUN] Validate step: 
The test system VALIDATES THAT the simulator S Status.GetEnvironment is nearly equal to {"x": -120.06, "y": 10.12, "z": 389.41, "rain": 0.0, "fog": 0.0, "wetness": 0.0, "timeofday": 12.0, "signal": 1.0, "rx": 0.07, "ry": 306.19, "rz": -0.0, "speed": 3.74}
 timestamp= 1619807884000 [RES] Validate result: 
true
 timestamp= 1619807884000 [RUN] Execute API step: 
The environment controller C INVOKES API Control.Agents.Pedestrians.WalkRandomly(which_lane=Left_Lane).
 timestamp= 1619807888000 [RES] API result: 
{"pose_arr":[{"vx":2.22,"ay":-0.83,"az":9.81,"ax":-0.59,"pz":10.13,"vy":2.22,"px":552755.1,"py":4182874.57},{"vx":2.32,"ay":1.32,"az":9.79,"ax":0.96,"pz":10.12,"vy":2.32,"px":552752.89,"py":4182876.19},{"vx":3.25,"ay":3.15,"az":9.78,"ax":2.28,"pz":10.12,"vy":3.25,"px":552750.24,"py":4182878.12},{"vx":3.33,"ay":0.26,"az":9.82,"ax":0.17,"pz":10.12,"vy":3.33,"px":552747.97,"py":4182879.75},{"vx":3.11,"ay":-0.45,"az":9.81,"ax":-0.32,"pz":10.13,"vy":3.11,"px":552744.6,"py":4182882.17},{"vx":2.69,"ay":0,"az":9.81,"ax":0,"pz":10.13,"vy":2.69,"px":552741.93,"py":4182884.07}],"traffic_light":[3,3,3,3,3,3],"state_arr":[{"acceleration":0.43,"throttle":15.7,"steering_target":0.31,"brake":0,"steering_rate":100,"speed":3.63},{"acceleration":1.02,"throttle":32.88,"steering_target":0.4,"brake":0,"steering_rate":100,"speed":4.26},{"acceleration":0.31,"throttle":15.7,"steering_target":0.38,"brake":0,"steering_rate":100,"speed":5.62},{"acceleration":-0.03,"throttle":0,"steering_target":0.6,"brake":14.5,"steering_rate":100,"speed":5.61},{"acceleration":-0.47,"throttle":0,"steering_target":0.3,"brake":14.5,"steering_rate":100,"speed":5.24},{"acceleration":-2.43,"throttle":0,"steering_target":0.42,"brake":34.98,"steering_rate":100,"speed":4.22},{"acceleration":-1.47,"throttle":0,"steering_target":1.88,"brake":25.67,"steering_rate":100,"speed":2.99}],"obstacle_arr":[[],[{"acceleration":{"y":-0.28,"x":0.7,"z":0},"position":{"y":4182869.91,"x":552759.89,"z":10.42},"volume":0.18,"type":"PEDESTRIAN","velocity":{"y":-0.37,"x":1.1,"z":0}}],[],[{"acceleration":{"y":-0.01,"x":0.01,"z":0},"position":{"y":4182884.34,"x":552738.5,"z":10.13},"volume":0.11,"type":"PEDESTRIAN","velocity":{"y":-0.52,"x":1.5,"z":0}}],[{"acceleration":{"y":0.21,"x":0.21,"z":0},"position":{"y":4182885.04,"x":552738.57,"z":10.46},"volume":0.11,"type":"PEDESTRIAN","velocity":{"y":-0.28,"x":1.42,"z":0}}],[]],"action_description":"Pedestrian crossing the road (left to right)","ev_state":[-135.23762512207,10.1247243881226,400.308990478516,0,0,0,12,0,0.133795738220215,305.538360595703,359.947357177734,2.9875970216548993],"collision_probability":1}
 timestamp= 1619807888000 [RUN] Validate G1 Guard Condition: 
The ego vehicle E Detection.Collision == True.
 timestamp= 1619807888000 [RES] Global Validate result: 
true
 timestamp= 1619807888000 [RUN] Collision == True
 timestamp= 1619807888000 [RUN] Validate G2 Guard Condition: 
The ego vehicle E Detection.OffRoad == True.
 timestamp= 1619807888000 [RES] Global Validate result: 
false
 timestamp= 1619807888000 [RUN] Validate G3 Guard Condition: 
The ego vehicle E Detection.HardBrake == True.
 timestamp= 1619807888000 [RES] Global Validate result: 
true
 timestamp= 1619807888000 [RUN] HardBrake == True
 timestamp= 1619807888000 [RUN] RESUME STEP @preStep
 timestamp= 1619807888000 [RUN] Resume step basicflow16
 timestamp= 1619807888000 [RUN] Validate G4 Guard Condition: 
The ego vehicle E Detection.ArrivalTest == True.
 timestamp= 1619807888000 [RES] Global Validate result: 
false
 timestamp= 1619807888000 [RUN] Validate step: 
The test system VALIDATES THAT the Apollo A Status.GetControl is nearly equal to {"acceleration": -1.47, "throttle": 0.0, "steering_target": 1.88, "brake": 25.67, "steering_rate": 100.0, "speed": 2.99}
 timestamp= 1619807888000 [RES] Validate result: 
true
 timestamp= 1619807888000 [RUN] Generate steps
 timestamp= 1619807888000 [RUN] Validate step: 
The test system VALIDATES THAT the simulator S Status.GetEnvironment is nearly equal to {"x": -135.24, "y": 10.12, "z": 400.31, "rain": 0.0, "fog": 0.0, "wetness": 0.0, "timeofday": 12.0, "signal": 0.0, "rx": 0.13, "ry": 305.54, "rz": 359.95, "speed": 2.99}
 timestamp= 1619807888000 [RES] Validate result: 
true
 timestamp= 1619807888000 [RUN] Execute API step: 
The environment controller C INVOKES API Control.Agents.Pedestrians.WalkRandomly(which_lane=Left_Lane).
 timestamp= 1619807892000 [RES] API result: 
{"pose_arr":[{"vx":1.78,"ay":-1.4,"az":9.8,"ax":-1.02,"pz":10.13,"vy":1.78,"px":552739.99,"py":4182885.44},{"vx":1.35,"ay":0,"az":9.81,"ax":0,"pz":10.13,"vy":1.35,"px":552738.76,"py":4182886.32},{"vx":1.22,"ay":0.24,"az":9.8,"ax":0.19,"pz":10.13,"vy":1.22,"px":552737.55,"py":4182887.2},{"vx":1.74,"ay":1.8,"az":9.81,"ax":1.23,"pz":10.12,"vy":1.74,"px":552736.18,"py":4182888.17},{"vx":2.5,"ay":2.04,"az":9.8,"ax":1.28,"pz":10.12,"vy":2.5,"px":552734.42,"py":4182889.37},{"vx":2.74,"ay":0.6,"az":9.81,"ax":0.42,"pz":10.12,"vy":2.74,"px":552732.09,"py":4182890.98},{"vx":2.92,"ay":0.22,"az":9.81,"ax":0.15,"pz":10.12,"vy":2.92,"px":552729.12,"py":4182893.02}],"traffic_light":[0,3,3,3,3,3],"state_arr":[{"acceleration":-0.7,"throttle":0,"steering_target":2.4,"brake":16.86,"steering_rate":100,"speed":2.39},{"acceleration":0.14,"throttle":15.7,"steering_target":1.56,"brake":0,"steering_rate":100,"speed":2.12},{"acceleration":1.04,"throttle":30.26,"steering_target":-0.4,"brake":0,"steering_rate":100,"speed":2.31},{"acceleration":1.51,"throttle":58.16,"steering_target":-1.31,"brake":0,"steering_rate":100,"speed":3.24},{"acceleration":0.77,"throttle":23.68,"steering_target":0.18,"brake":0,"steering_rate":100,"speed":4.57},{"acceleration":0.83,"throttle":24.65,"steering_target":0.12,"brake":0,"steering_rate":100,"speed":4.96},{"acceleration":0.55,"throttle":19.89,"steering_target":0.06,"brake":0,"steering_rate":100,"speed":5.18}],"obstacle_arr":[[],[],[],[],[],[{"acceleration":{"y":0,"x":0,"z":0},"position":{"y":4182887.07,"x":552738.66,"z":10.55},"volume":0.16,"type":"PEDESTRIAN","velocity":{"y":0,"x":0,"z":0}}],[{"acceleration":{"y":0.75,"x":0.42,"z":0},"position":{"y":4182887.4,"x":552739.33,"z":10.51},"volume":0.2,"type":"PEDESTRIAN","velocity":{"y":0.68,"x":0.4,"z":0}}]],"action_description":"Pedestrian crossing the road (left to right)","ev_state":[-146.873413085938,10.1243982315063,408.386871337891,0,0,0,12,-1,359.970397949219,304.511596679688,-0.000189537779078819,5.270816071662967],"collision_probability":0.585}
 timestamp= 1619807892000 [RUN] Validate G1 Guard Condition: 
The ego vehicle E Detection.Collision == True.
 timestamp= 1619807892000 [RES] Global Validate result: 
false
 timestamp= 1619807892000 [RUN] Validate G2 Guard Condition: 
The ego vehicle E Detection.OffRoad == True.
 timestamp= 1619807892000 [RES] Global Validate result: 
false
 timestamp= 1619807892000 [RUN] Validate G3 Guard Condition: 
The ego vehicle E Detection.HardBrake == True.
 timestamp= 1619807892000 [RES] Global Validate result: 
false
 timestamp= 1619807892000 [RUN] Validate G4 Guard Condition: 
The ego vehicle E Detection.ArrivalTest == True.
 timestamp= 1619807892000 [RES] Global Validate result: 
false
 timestamp= 1619807892000 [RUN] Validate step: 
The test system VALIDATES THAT the Apollo A Status.GetControl is nearly equal to {"acceleration": 0.55, "throttle": 19.89, "steering_target": 0.06, "brake": 0.0, "steering_rate": 100.0, "speed": 5.18}
 timestamp= 1619807892000 [RES] Validate result: 
true
 timestamp= 1619807892000 [RUN] Generate steps
 timestamp= 1619807892000 [RUN] Validate step: 
The test system VALIDATES THAT the simulator S Status.GetEnvironment is nearly equal to {"x": -146.87, "y": 10.12, "z": 408.39, "rain": 0.0, "fog": 0.0, "wetness": 0.0, "timeofday": 12.0, "signal": -1.0, "rx": 359.97, "ry": 304.51, "rz": -0.0, "speed": 5.27}
 timestamp= 1619807892000 [RES] Validate result: 
true
 timestamp= 1619807892000 [RUN] Execute API step: 
The environment controller C INVOKES API Control.Agents.Pedestrians.WalkRandomly(which_lane=Left_Lane).
 timestamp= 1619807895000 [RES] API result: 
{"pose_arr":[{"vx":3.4,"ay":3.55,"az":9.75,"ax":2.44,"pz":10.12,"vy":3.4,"px":552727.07,"py":4182894.43},{"vx":3.37,"ay":0.57,"az":9.81,"ax":0.35,"pz":10.12,"vy":3.37,"px":552723.3,"py":4182896.98},{"vx":3.46,"ay":0.2,"az":9.81,"ax":0.14,"pz":10.12,"vy":3.46,"px":552720.62,"py":4182898.64},{"vx":3.5,"ay":0.23,"az":9.81,"ax":0.09,"pz":10.12,"vy":3.5,"px":552717.42,"py":4182900.59},{"vx":3.42,"ay":0.25,"az":9.86,"ax":0.06,"pz":10.12,"vy":3.42,"px":552713.06,"py":4182903.18},{"vx":3.39,"ay":0.24,"az":9.8,"ax":0.13,"pz":10.12,"vy":3.39,"px":552708.92,"py":4182905.58},{"vx":3.54,"ay":0.24,"az":9.82,"ax":0.25,"pz":10.12,"vy":3.54,"px":552705.95,"py":4182907.3}],"traffic_light":[3,3,3,3,3,3],"state_arr":[{"acceleration":0.89,"throttle":24.93,"steering_target":0.09,"brake":0,"steering_rate":100,"speed":6},{"acceleration":0.4,"throttle":15.7,"steering_target":5.31,"brake":0,"steering_rate":100,"speed":6.51},{"acceleration":0.66,"throttle":15.7,"steering_target":0.09,"brake":0,"steering_rate":100,"speed":6.67},{"acceleration":0.42,"throttle":15.7,"steering_target":1.35,"brake":0,"steering_rate":100,"speed":6.82},{"acceleration":0.98,"throttle":24.21,"steering_target":1.12,"brake":0,"steering_rate":100,"speed":6.78},{"acceleration":0.52,"throttle":16.33,"steering_target":0.31,"brake":0,"steering_rate":100,"speed":6.74},{"acceleration":0.72,"throttle":15.7,"steering_target":-0.06,"brake":0,"steering_rate":100,"speed":7.02}],"obstacle_arr":[[],[],[{"acceleration":{"y":0,"x":0,"z":0},"position":{"y":4182903.25,"x":552710.2,"z":10.43},"volume":0.12,"type":"PEDESTRIAN","velocity":{"y":0,"x":0,"z":0}}],[],[],[]],"action_description":"Pedestrian crossing the road (left to right)","ev_state":[-169.541580200195,10.1240701675415,422.147308349609,0,0,0,12,1,359.960601806641,299.784423828125,-0.00523789552971721,7.1287672843140255],"collision_probability":1}
 timestamp= 1619807895000 [RUN] Validate G1 Guard Condition: 
The ego vehicle E Detection.Collision == True.
 timestamp= 1619807895000 [RES] Global Validate result: 
true
 timestamp= 1619807895000 [RUN] Collision == True
 timestamp= 1619807895000 [RUN] Validate G2 Guard Condition: 
The ego vehicle E Detection.OffRoad == True.
 timestamp= 1619807895000 [RES] Global Validate result: 
false
 timestamp= 1619807895000 [RUN] Validate G3 Guard Condition: 
The ego vehicle E Detection.HardBrake == True.
 timestamp= 1619807895000 [RES] Global Validate result: 
false
 timestamp= 1619807895000 [RUN] Validate G4 Guard Condition: 
The ego vehicle E Detection.ArrivalTest == True.
 timestamp= 1619807895000 [RES] Global Validate result: 
false
 timestamp= 1619807895000 [RUN] Validate step: 
The test system VALIDATES THAT the Apollo A Status.GetControl is nearly equal to {"acceleration": 0.72, "throttle": 15.7, "steering_target": -0.06, "brake": 0.0, "steering_rate": 100.0, "speed": 7.02}
 timestamp= 1619807895000 [RES] Validate result: 
true
 timestamp= 1619807895000 [RUN] Generate steps
 timestamp= 1619807895000 [RUN] Validate step: 
The test system VALIDATES THAT the simulator S Status.GetEnvironment is nearly equal to {"x": -169.54, "y": 10.12, "z": 422.15, "rain": 0.0, "fog": 0.0, "wetness": 0.0, "timeofday": 12.0, "signal": 1.0, "rx": 359.96, "ry": 299.78, "rz": -0.01, "speed": 7.13}
 timestamp= 1619807895000 [RES] Validate result: 
true
 timestamp= 1619807895000 [RUN] Execute API step: 
The environment controller C INVOKES API Control.Agents.Pedestrians.WalkRandomly(which_lane=Left_Lane).
 timestamp= 1619807899000 [RES] API result: 
{"pose_arr":[{"vx":3.75,"ay":0.4,"az":9.81,"ax":0.21,"pz":10.12,"vy":3.75,"px":552702.45,"py":4182909.32},{"vx":3.9,"ay":0.31,"az":9.83,"ax":-0.08,"pz":10.12,"vy":3.9,"px":552698.8,"py":4182911.45},{"vx":3.78,"ay":0.2,"az":9.81,"ax":0.09,"pz":10.12,"vy":3.78,"px":552694.3,"py":4182914.12},{"vx":3.66,"ay":-0.76,"az":9.83,"ax":-0.4,"pz":10.12,"vy":3.66,"px":552689.83,"py":4182916.56},{"vx":3.12,"ay":-0.57,"az":9.79,"ax":-0.17,"pz":10.13,"vy":3.12,"px":552686.12,"py":4182918.58},{"vx":3.26,"ay":0.74,"az":9.8,"ax":0.4,"pz":10.12,"vy":3.26,"px":552681.83,"py":4182920.85}],"traffic_light":[3,3,3,3,3],"state_arr":[{"acceleration":0.92,"throttle":25.23,"steering_target":-1.89,"brake":0,"steering_rate":100,"speed":7.33},{"acceleration":0.75,"throttle":15.7,"steering_target":-0.5,"brake":0,"steering_rate":100,"speed":7.57},{"acceleration":0.53,"throttle":15.7,"steering_target":-0.6,"brake":0,"steering_rate":100,"speed":7.72},{"acceleration":0.51,"throttle":16.34,"steering_target":-1.13,"brake":0,"steering_rate":100,"speed":7.83},{"acceleration":-0.81,"throttle":0,"steering_target":0.93,"brake":25.54,"steering_rate":100,"speed":7.39},{"acceleration":0.46,"throttle":15.7,"steering_target":-0.17,"brake":0,"steering_rate":100,"speed":6.69},{"acceleration":0.89,"throttle":24.08,"steering_target":0.08,"brake":0,"steering_rate":100,"speed":6.88}],"obstacle_arr":[[],[],[{"acceleration":{"y":0,"x":0,"z":0},"position":{"y":4182919.49,"x":552696.98,"z":10.44},"volume":0.01,"type":"UNKNOWN","velocity":{"y":0,"x":0,"z":0}},{"acceleration":{"y":0,"x":0,"z":0},"position":{"y":4182907.73,"x":552705.22,"z":10.56},"volume":0.18,"type":"PEDESTRIAN","velocity":{"y":0,"x":0,"z":0}}],[{"acceleration":{"y":0,"x":0,"z":0},"position":{"y":4182919.27,"x":552697.32,"z":10.36},"volume":0.05,"type":"UNKNOWN","velocity":{"y":0,"x":0,"z":0}},{"acceleration":{"y":0,"x":0,"z":0},"position":{"y":4182915.27,"x":552687.9,"z":10.46},"volume":0.19,"type":"PEDESTRIAN","velocity":{"y":0,"x":0,"z":0}}],[],[],[{"acceleration":{"y":0,"x":0,"z":0},"position":{"y":4182916.42,"x":552689.41,"z":10.5},"volume":0.07,"type":"PEDESTRIAN","velocity":{"y":0,"x":0,"z":0}}]],"action_description":"Pedestrian crossing the road (left to right)","ev_state":[-195.15266418457,10.1240549087524,436.419921875,0,0,0,12,1,359.963287353516,297.930023193359,-0.00156919949222356,7.122020522076897],"collision_probability":0.517}
 timestamp= 1619807899000 [RUN] Validate G1 Guard Condition: 
The ego vehicle E Detection.Collision == True.
 timestamp= 1619807899000 [RES] Global Validate result: 
false
 timestamp= 1619807899000 [RUN] Validate G2 Guard Condition: 
The ego vehicle E Detection.OffRoad == True.
 timestamp= 1619807899000 [RES] Global Validate result: 
false
 timestamp= 1619807899000 [RUN] Validate G3 Guard Condition: 
The ego vehicle E Detection.HardBrake == True.
 timestamp= 1619807899000 [RES] Global Validate result: 
false
 timestamp= 1619807899000 [RUN] Validate G4 Guard Condition: 
The ego vehicle E Detection.ArrivalTest == True.
 timestamp= 1619807899000 [RES] Global Validate result: 
false
 timestamp= 1619807899000 [RUN] Validate step: 
The test system VALIDATES THAT the Apollo A Status.GetControl is nearly equal to {"acceleration": 0.89, "throttle": 24.08, "steering_target": 0.08, "brake": 0.0, "steering_rate": 100.0, "speed": 6.88}
 timestamp= 1619807899000 [RES] Validate result: 
true
 timestamp= 1619807899000 [RUN] Generate steps
 timestamp= 1619807899000 [RUN] Validate step: 
The test system VALIDATES THAT the simulator S Status.GetEnvironment is nearly equal to {"x": -195.15, "y": 10.12, "z": 436.42, "rain": 0.0, "fog": 0.0, "wetness": 0.0, "timeofday": 12.0, "signal": 1.0, "rx": 359.96, "ry": 297.93, "rz": -0.0, "speed": 7.12}
 timestamp= 1619807899000 [RES] Validate result: 
true
 timestamp= 1619807899000 [RUN] Execute API step: 
The environment controller C INVOKES API Control.Agents.Pedestrians.WalkRandomly(which_lane=Left_Lane).
 timestamp= 1619807903000 [RES] API result: 
{"pose_arr":[{"vx":3.36,"ay":0.21,"az":9.82,"ax":0.11,"pz":10.12,"vy":3.36,"px":552678.95,"py":4182922.38},{"vx":3.49,"ay":0.29,"az":9.81,"ax":0.16,"pz":10.12,"vy":3.49,"px":552674.31,"py":4182924.85},{"vx":3.56,"ay":-0.01,"az":9.81,"ax":0,"pz":10.12,"vy":3.56,"px":552670.51,"py":4182926.91},{"vx":3.44,"ay":-0.51,"az":9.82,"ax":-0.29,"pz":10.12,"vy":3.44,"px":552666.5,"py":4182929.13},{"vx":3.19,"ay":-1.17,"az":9.82,"ax":-0.67,"pz":10.13,"vy":3.19,"px":552662.28,"py":4182931.51},{"vx":2.9,"ay":-1.28,"az":9.82,"ax":-0.76,"pz":10.13,"vy":2.9,"px":552659.21,"py":4182933.29},{"vx":2.74,"ay":-0.48,"az":9.81,"ax":-0.27,"pz":10.13,"vy":2.74,"px":552656.57,"py":4182934.86}],"traffic_light":[3,3,3,3,3,3],"state_arr":[{"acceleration":0.87,"throttle":15.7,"steering_target":-0.37,"brake":0,"steering_rate":100,"speed":7.12},{"acceleration":0.34,"throttle":15.7,"steering_target":-0.58,"brake":0,"steering_rate":100,"speed":7.27},{"acceleration":-0.04,"throttle":0,"steering_target":-0.74,"brake":14.5,"steering_rate":100,"speed":7.39},{"acceleration":-0.11,"throttle":0,"steering_target":-0.84,"brake":14.5,"steering_rate":100,"speed":7.17},{"acceleration":-0.26,"throttle":0,"steering_target":-0.89,"brake":14.5,"steering_rate":100,"speed":6.88},{"acceleration":-1.21,"throttle":0,"steering_target":-1.98,"brake":22.27,"steering_rate":100,"speed":6.15},{"acceleration":-0.39,"throttle":0,"steering_target":-0.78,"brake":14.5,"steering_rate":100,"speed":5.61},{"acceleration":0.06,"throttle":15.7,"steering_target":-1.17,"brake":0,"steering_rate":100,"speed":5.32}],"obstacle_arr":[[{"acceleration":{"y":0,"x":0,"z":0},"position":{"y":4182916.87,"x":552689.26,"z":10.59},"volume":0.07,"type":"PEDESTRIAN","velocity":{"y":0,"x":0,"z":0}}],[{"acceleration":{"y":0,"x":0,"z":0},"position":{"y":4182928.15,"x":552660.96,"z":10.6},"volume":0.12,"type":"PEDESTRIAN","velocity":{"y":0,"x":0,"z":0}}],[{"acceleration":{"y":0.83,"x":-0.66,"z":0},"position":{"y":4182928.33,"x":552661.03,"z":10.6},"volume":0.06,"type":"PEDESTRIAN","velocity":{"y":0.49,"x":-0.39,"z":0}}],[{"acceleration":{"y":1.27,"x":-1.72,"z":0},"position":{"y":4182928.27,"x":552661.54,"z":10.44},"volume":0.22,"type":"PEDESTRIAN","velocity":{"y":1.04,"x":-1.16,"z":0}}],[{"acceleration":{"y":1.06,"x":-1.28,"z":0},"position":{"y":4182928.04,"x":552662.56,"z":10.54},"volume":0.2,"type":"PEDESTRIAN","velocity":{"y":1.82,"x":-2.23,"z":0}}],[{"acceleration":{"y":0.56,"x":-0.59,"z":0},"position":{"y":4182928.02,"x":552663.01,"z":10.52},"volume":0.13,"type":"PEDESTRIAN","velocity":{"y":2.43,"x":-2.92,"z":0}}],[{"acceleration":{"y":0.02,"x":-0.01,"z":0},"position":{"y":4182928.08,"x":552663.42,"z":10.44},"volume":0.11,"type":"PEDESTRIAN","velocity":{"y":2.54,"x":-2.98,"z":0}}]],"action_description":"Pedestrian crossing the road (left to right)","ev_state":[-218.662857055664,10.1243982315063,449.585968017578,0,0,0,12,1,0.0354658327996731,300.936492919922,0.00939910672605038,5.317478341329452],"collision_probability":0.286}
 timestamp= 1619807903000 [RUN] Validate G1 Guard Condition: 
The ego vehicle E Detection.Collision == True.
 timestamp= 1619807903000 [RES] Global Validate result: 
false
 timestamp= 1619807903000 [RUN] Validate G2 Guard Condition: 
The ego vehicle E Detection.OffRoad == True.
 timestamp= 1619807903000 [RES] Global Validate result: 
false
 timestamp= 1619807903000 [RUN] Validate G3 Guard Condition: 
The ego vehicle E Detection.HardBrake == True.
 timestamp= 1619807903000 [RES] Global Validate result: 
false
 timestamp= 1619807903000 [RUN] Validate G4 Guard Condition: 
The ego vehicle E Detection.ArrivalTest == True.
 timestamp= 1619807903000 [RES] Global Validate result: 
false
 timestamp= 1619807903000 [RUN] Validate step: 
The test system VALIDATES THAT the Apollo A Status.GetControl is nearly equal to {"acceleration": 0.06, "throttle": 15.7, "steering_target": -1.17, "brake": 0.0, "steering_rate": 100.0, "speed": 5.32}
 timestamp= 1619807903000 [RES] Validate result: 
true
 timestamp= 1619807903000 [RUN] Generate steps
 timestamp= 1619807903000 [RUN] Validate step: 
The test system VALIDATES THAT the simulator S Status.GetEnvironment is nearly equal to {"x": -218.66, "y": 10.12, "z": 449.59, "rain": 0.0, "fog": 0.0, "wetness": 0.0, "timeofday": 12.0, "signal": 1.0, "rx": 0.04, "ry": 300.94, "rz": 0.01, "speed": 5.32}
 timestamp= 1619807903000 [RES] Validate result: 
true
 timestamp= 1619807903000 [RUN] Execute API step: 
The environment controller C INVOKES API Control.Agents.Pedestrians.WalkRandomly(which_lane=Left_Lane).
 timestamp= 1619807906000 [RES] API result: 
{"pose_arr":[{"vx":2.83,"ay":0.22,"az":9.81,"ax":0.14,"pz":10.12,"vy":2.83,"px":552654.34,"py":4182936.2},{"vx":2.72,"ay":-0.46,"az":9.81,"ax":-0.29,"pz":10.13,"vy":2.72,"px":552652.22,"py":4182937.5},{"vx":2.57,"ay":-0.45,"az":9.83,"ax":-0.29,"pz":10.13,"vy":2.57,"px":552649.75,"py":4182939.02},{"vx":2.4,"ay":-0.55,"az":9.81,"ax":-0.35,"pz":10.13,"vy":2.4,"px":552647.27,"py":4182940.57},{"vx":1.96,"ay":-0.48,"az":9.8,"ax":-0.3,"pz":10.13,"vy":1.96,"px":552645.06,"py":4182941.97},{"vx":1.79,"ay":-0.43,"az":9.81,"ax":-0.27,"pz":10.13,"vy":1.79,"px":552643.19,"py":4182943.15},{"vx":1.62,"ay":-0.46,"az":9.81,"ax":-0.3,"pz":10.13,"vy":1.62,"px":552641.6,"py":4182944.17}],"traffic_light":[3,3,3,3,1,3],"state_arr":[{"acceleration":-0.3,"throttle":0,"steering_target":-0.86,"brake":14.5,"steering_rate":100,"speed":5.41},{"acceleration":-0.37,"throttle":0,"steering_target":-0.7,"brake":14.5,"steering_rate":100,"speed":5.13},{"acceleration":-0.56,"throttle":0,"steering_target":-0.69,"brake":14.5,"steering_rate":100,"speed":4.86},{"acceleration":-0.71,"throttle":0,"steering_target":-0.57,"brake":16.47,"steering_rate":100,"speed":4.59},{"acceleration":-0.84,"throttle":0,"steering_target":-0.46,"brake":41.52,"steering_rate":100,"speed":4.26},{"acceleration":-0.4,"throttle":0,"steering_target":-0.4,"brake":14.5,"steering_rate":100,"speed":3.47},{"acceleration":-0.56,"throttle":0,"steering_target":-0.3,"brake":14.5,"steering_rate":100,"speed":3.16}],"obstacle_arr":[[{"acceleration":{"y":0,"x":0.1,"z":0},"position":{"y":4182927.85,"x":552664.2,"z":10.41},"volume":0.16,"type":"PEDESTRIAN","velocity":{"y":2.49,"x":-2.91,"z":0}}],[{"acceleration":{"y":0,"x":0.01,"z":0},"position":{"y":4182927.6,"x":552664.99,"z":10.52},"volume":0.02,"type":"PEDESTRIAN","velocity":{"y":2.42,"x":-2.81,"z":0}}],[{"acceleration":{"y":0,"x":0,"z":0},"position":{"y":4182941.05,"x":552636.77,"z":10.63},"volume":0.07,"type":"PEDESTRIAN","velocity":{"y":0,"x":0,"z":0}}],[],[],[],[{"acceleration":{"y":0,"x":0,"z":0},"position":{"y":4182939.51,"x":552637.47,"z":10.13},"volume":0.34,"type":"PEDESTRIAN","velocity":{"y":0,"x":0,"z":0}}]],"action_description":"Pedestrian crossing the road (left to right)","ev_state":[-233.536697387695,10.124683380127,458.881103515625,0,0,0,12,1,0.0319416224956512,302.544128417969,0.00172475457657129,3.013519162883493],"collision_probability":0}
 timestamp= 1619807906000 [RUN] Validate G1 Guard Condition: 
The ego vehicle E Detection.Collision == True.
 timestamp= 1619807906000 [RES] Global Validate result: 
false
 timestamp= 1619807906000 [RUN] Validate G2 Guard Condition: 
The ego vehicle E Detection.OffRoad == True.
 timestamp= 1619807906000 [RES] Global Validate result: 
false
 timestamp= 1619807906000 [RUN] Validate G3 Guard Condition: 
The ego vehicle E Detection.HardBrake == True.
 timestamp= 1619807906000 [RES] Global Validate result: 
false
 timestamp= 1619807906000 [RUN] Validate G4 Guard Condition: 
The ego vehicle E Detection.ArrivalTest == True.
 timestamp= 1619807906000 [RES] Global Validate result: 
false
 timestamp= 1619807906000 [RUN] Validate step: 
The test system VALIDATES THAT the Apollo A Status.GetControl is nearly equal to {"acceleration": -0.56, "throttle": 0.0, "steering_target": -0.3, "brake": 14.5, "steering_rate": 100.0, "speed": 3.16}
 timestamp= 1619807906000 [RES] Validate result: 
true
 timestamp= 1619807906000 [RUN] Generate steps
 timestamp= 1619807906000 [RUN] Validate step: 
The test system VALIDATES THAT the simulator S Status.GetEnvironment is nearly equal to {"x": -233.54, "y": 10.12, "z": 458.88, "rain": 0.0, "fog": 0.0, "wetness": 0.0, "timeofday": 12.0, "signal": 1.0, "rx": 0.03, "ry": 302.54, "rz": 0.0, "speed": 3.01}
 timestamp= 1619807906000 [RES] Validate result: 
true
 timestamp= 1619807906000 [RUN] Execute API step: 
The environment controller C INVOKES API Control.Agents.Pedestrians.WalkRandomly(which_lane=Left_Lane).
 timestamp= 1619807910000 [RES] API result: 
{"pose_arr":[{"vx":1.45,"ay":0,"az":9.81,"ax":0,"pz":10.13,"vy":1.45,"px":552640.38,"py":4182944.94},{"vx":1.24,"ay":-0.55,"az":9.82,"ax":-0.36,"pz":10.13,"vy":1.24,"px":552639.14,"py":4182945.74},{"vx":1.01,"ay":-0.58,"az":9.81,"ax":-0.37,"pz":10.13,"vy":1.01,"px":552637.99,"py":4182946.47},{"vx":0.81,"ay":-0.44,"az":9.8,"ax":-0.28,"pz":10.13,"vy":0.81,"px":552637.01,"py":4182947.1},{"vx":0.67,"ay":-0.43,"az":9.81,"ax":-0.28,"pz":10.13,"vy":0.67,"px":552636.42,"py":4182947.48},{"vx":0.53,"ay":-0.41,"az":9.81,"ax":-0.26,"pz":10.13,"vy":0.53,"px":552635.94,"py":4182947.79}],"traffic_light":[1,1,1,3,3,1],"state_arr":[{"acceleration":-0.7,"throttle":0,"steering_target":-0.22,"brake":16.68,"steering_rate":100,"speed":3.01},{"acceleration":-0.74,"throttle":0,"steering_target":-0.16,"brake":17.39,"steering_rate":100,"speed":2.69},{"acceleration":-0.76,"throttle":0,"steering_target":-0.1,"brake":17.87,"steering_rate":100,"speed":2.36},{"acceleration":-0.59,"throttle":0,"steering_target":-0.04,"brake":15.44,"steering_rate":100,"speed":1.95},{"acceleration":-0.58,"throttle":0,"steering_target":-0.03,"brake":15.16,"steering_rate":100,"speed":1.61},{"acceleration":-0.57,"throttle":0,"steering_target":0.01,"brake":15.19,"steering_rate":100,"speed":1.34},{"acceleration":-0.55,"throttle":0,"steering_target":0.03,"brake":14.84,"steering_rate":100,"speed":1.09},{"acceleration":-0.52,"throttle":0,"steering_target":0.06,"brake":14.5,"steering_rate":100,"speed":0.85}],"obstacle_arr":[[],[{"acceleration":{"y":-0.44,"x":0.62,"z":0},"position":{"y":4182938.76,"x":552638.38,"z":10.13},"volume":0.26,"type":"PEDESTRIAN","velocity":{"y":-0.34,"x":0.48,"z":0}}],[{"acceleration":{"y":-0.36,"x":0.56,"z":0},"position":{"y":4182938.48,"x":552638.86,"z":10.13},"volume":0.34,"type":"PEDESTRIAN","velocity":{"y":-0.43,"x":0.63,"z":0}}],[{"acceleration":{"y":0.34,"x":-0.58,"z":0},"position":{"y":4182938.24,"x":552639,"z":10.45},"volume":0.18,"type":"PEDESTRIAN","velocity":{"y":0,"x":0,"z":0}}],[{"acceleration":{"y":-0.68,"x":0.97,"z":0},"position":{"y":4182938.07,"x":552639.33,"z":10.26},"volume":0.19,"type":"PEDESTRIAN","velocity":{"y":-0.55,"x":0.76,"z":0}}],[{"acceleration":{"y":-0.39,"x":0.62,"z":0},"position":{"y":4182937.62,"x":552639.97,"z":10.5},"volume":0.09,"type":"PEDESTRIAN","velocity":{"y":-0.75,"x":1.11,"z":0}},{"acceleration":{"y":0,"x":0,"z":0},"position":{"y":4182949.74,"x":552622.42,"z":10.67},"volume":0.06,"type":"PEDESTRIAN","velocity":{"y":0,"x":0,"z":0}}],[{"acceleration":{"y":-0.11,"x":0.06,"z":0},"position":{"y":4182937.35,"x":552640.45,"z":10.56},"volume":0.07,"type":"PEDESTRIAN","velocity":{"y":-0.85,"x":1.19,"z":0}}]],"action_description":"Pedestrian crossing the road (left to right)","ev_state":[-239.564025878906,10.1248121261597,462.740875244141,0,0,0,12,0,0.0287499371916056,302.642883300781,-0.0000325717992382124,0.725714440328888],"collision_probability":0}
 timestamp= 1619807910000 [RUN] Validate G1 Guard Condition: 
The ego vehicle E Detection.Collision == True.
 timestamp= 1619807910000 [RES] Global Validate result: 
false
 timestamp= 1619807910000 [RUN] Validate G2 Guard Condition: 
The ego vehicle E Detection.OffRoad == True.
 timestamp= 1619807910000 [RES] Global Validate result: 
false
 timestamp= 1619807910000 [RUN] Validate G3 Guard Condition: 
The ego vehicle E Detection.HardBrake == True.
 timestamp= 1619807910000 [RES] Global Validate result: 
false
 timestamp= 1619807910000 [RUN] Validate G4 Guard Condition: 
The ego vehicle E Detection.ArrivalTest == True.
 timestamp= 1619807910000 [RES] Global Validate result: 
true
 timestamp= 1619807910000 [RUN] ArrivalTest == True
 timestamp= 1619807910000 [RUN] The simulator S INVOKES API Command.Simulation.Stop() to stop simulation.
 timestamp= 1619807910000 [WARNING] The test system Stop the Simulator S!
 timestamp= 1619807910000 [RES] Basic PostCondition Validate result: 
true
 timestamp= 1619807910000 [STOP] numberOfStep: 37 basicFlow: 
[{"name":"","description":"","eClass":"Sentence","content":"The test system VALIDATES THAT the simulator S Status.GetEnvironment is nearly equal to {\"x\": -12.06, \"y\": 10.12, \"z\": 308.2, \"rain\": 0.0, \"fog\": 0.0, \"wetness\": 0.0, \"timeofday\": 12.0, \"signal\": -1.0, \"rx\": 359.91, \"ry\": 307.31, \"rz\": -0.0, \"speed\": 3.5}","natures":[]},{"name":"","description":"","eClass":"Sentence","content":"The environment controller C INVOKES API Control.Agents.Pedestrians.WalkRandomly(which_lane=Left_Lane).","natures":[]},{"name":"","description":"","eClass":"Sentence","content":"The test system VALIDATES THAT the Apollo A Status.GetControl is nearly equal to {\"acceleration\": 1.21, \"throttle\": 15.7, \"steering_target\": 0.1, \"brake\": 0.0, \"steering_rate\": 100.0, \"speed\": 5.38}","natures":[]},{"name":"","description":"","eClass":"Sentence","content":"The test system VALIDATES THAT the simulator S Status.GetEnvironment is nearly equal to {\"x\": -28.13, \"y\": 10.12, \"z\": 320.34, \"rain\": 0.0, \"fog\": 0.0, \"wetness\": 0.0, \"timeofday\": 12.0, \"signal\": 1.0, \"rx\": 0.0, \"ry\": 306.94, \"rz\": -0.0, \"speed\": 5.42}","natures":[]},{"name":"","description":"","eClass":"Sentence","content":"The environment controller C INVOKES API Control.Agents.Pedestrians.WalkRandomly(which_lane=Left_Lane).","natures":[]},{"name":"","description":"","eClass":"Sentence","content":"The test system VALIDATES THAT the Apollo A Status.GetControl is nearly equal to {\"acceleration\": 0.76, \"throttle\": 15.7, \"steering_target\": -0.67, \"brake\": 0.0, \"steering_rate\": 100.0, \"speed\": 7.28}","natures":[]},{"name":"","description":"","eClass":"Sentence","content":"The test system VALIDATES THAT the simulator S Status.GetEnvironment is nearly equal to {\"x\": -50.52, \"y\": 10.12, \"z\": 337.21, \"rain\": 0.0, \"fog\": 0.0, \"wetness\": 0.0, \"timeofday\": 12.0, \"signal\": 0.0, \"rx\": 359.98, \"ry\": 307.27, \"rz\": 0.02, \"speed\": 7.4}","natures":[]},{"name":"","description":"","eClass":"Sentence","content":"The environment controller C INVOKES API Control.Agents.Pedestrians.WalkRandomly(which_lane=Left_Lane).","natures":[]},{"name":"","description":"","eClass":"Sentence","content":"The test system VALIDATES THAT the Apollo A Status.GetControl is nearly equal to {\"acceleration\": 0.01, \"throttle\": 15.7, \"steering_target\": 0.23, \"brake\": 0.0, \"steering_rate\": 100.0, \"speed\": 8.09}","natures":[]},{"name":"","description":"","eClass":"Sentence","content":"The test system VALIDATES THAT the simulator S Status.GetEnvironment is nearly equal to {\"x\": -75.77, \"y\": 10.12, \"z\": 356.41, \"rain\": 0.0, \"fog\": 0.0, \"wetness\": 0.0, \"timeofday\": 12.0, \"signal\": -1.0, \"rx\": 0.02, \"ry\": 307.15, \"rz\": -0.0, \"speed\": 8.09}","natures":[]},{"name":"","description":"","eClass":"Sentence","content":"The environment controller C INVOKES API Control.Agents.Pedestrians.WalkRandomly(which_lane=Left_Lane).","natures":[]},{"name":"","description":"","eClass":"Sentence","content":"The test system VALIDATES THAT the Apollo A Status.GetControl is nearly equal to {\"acceleration\": -0.81, \"throttle\": 0.0, \"steering_target\": -0.07, \"brake\": 25.84, \"steering_rate\": 100.0, \"speed\": 7.29}","natures":[]},{"name":"","description":"","eClass":"Sentence","content":"The test system VALIDATES THAT the simulator S Status.GetEnvironment is nearly equal to {\"x\": -101.44, \"y\": 10.12, \"z\": 375.64, \"rain\": 0.0, \"fog\": 0.0, \"wetness\": 0.0, \"timeofday\": 12.0, \"signal\": 1.0, \"rx\": 359.99, \"ry\": 306.62, \"rz\": -0.0, \"speed\": 7.29}","natures":[]},{"name":"","description":"","eClass":"Sentence","content":"The environment controller C INVOKES API Control.Agents.Pedestrians.WalkRandomly(which_lane=Left_Lane).","natures":[]},{"name":"","description":"","eClass":"Sentence","content":"The test system VALIDATES THAT the Apollo A Status.GetControl is nearly equal to {\"acceleration\": -0.58, \"throttle\": 0.0, \"steering_target\": 0.16, \"brake\": 14.5, \"steering_rate\": 100.0, \"speed\": 3.74}","natures":[]},{"name":"","description":"","eClass":"Sentence","content":"The test system VALIDATES THAT the simulator S Status.GetEnvironment is nearly equal to {\"x\": -120.06, \"y\": 10.12, \"z\": 389.41, \"rain\": 0.0, \"fog\": 0.0, \"wetness\": 0.0, \"timeofday\": 12.0, \"signal\": 1.0, \"rx\": 0.07, \"ry\": 306.19, \"rz\": -0.0, \"speed\": 3.74}","natures":[]},{"name":"","description":"","eClass":"Sentence","content":"The environment controller C INVOKES API Control.Agents.Pedestrians.WalkRandomly(which_lane=Left_Lane).","natures":[]},{"name":"","description":"","eClass":"Sentence","content":"The test system VALIDATES THAT the Apollo A Status.GetControl is nearly equal to {\"acceleration\": -1.47, \"throttle\": 0.0, \"steering_target\": 1.88, \"brake\": 25.67, \"steering_rate\": 100.0, \"speed\": 2.99}","natures":[]},{"name":"","description":"","eClass":"Sentence","content":"The test system VALIDATES THAT the simulator S Status.GetEnvironment is nearly equal to {\"x\": -135.24, \"y\": 10.12, \"z\": 400.31, \"rain\": 0.0, \"fog\": 0.0, \"wetness\": 0.0, \"timeofday\": 12.0, \"signal\": 0.0, \"rx\": 0.13, \"ry\": 305.54, \"rz\": 359.95, \"speed\": 2.99}","natures":[]},{"name":"","description":"","eClass":"Sentence","content":"The environment controller C INVOKES API Control.Agents.Pedestrians.WalkRandomly(which_lane=Left_Lane).","natures":[]},{"name":"","description":"","eClass":"Sentence","content":"The test system VALIDATES THAT the Apollo A Status.GetControl is nearly equal to {\"acceleration\": 0.55, \"throttle\": 19.89, \"steering_target\": 0.06, \"brake\": 0.0, \"steering_rate\": 100.0, \"speed\": 5.18}","natures":[]},{"name":"","description":"","eClass":"Sentence","content":"The test system VALIDATES THAT the simulator S Status.GetEnvironment is nearly equal to {\"x\": -146.87, \"y\": 10.12, \"z\": 408.39, \"rain\": 0.0, \"fog\": 0.0, \"wetness\": 0.0, \"timeofday\": 12.0, \"signal\": -1.0, \"rx\": 359.97, \"ry\": 304.51, \"rz\": -0.0, \"speed\": 5.27}","natures":[]},{"name":"","description":"","eClass":"Sentence","content":"The environment controller C INVOKES API Control.Agents.Pedestrians.WalkRandomly(which_lane=Left_Lane).","natures":[]},{"name":"","description":"","eClass":"Sentence","content":"The test system VALIDATES THAT the Apollo A Status.GetControl is nearly equal to {\"acceleration\": 0.72, \"throttle\": 15.7, \"steering_target\": -0.06, \"brake\": 0.0, \"steering_rate\": 100.0, \"speed\": 7.02}","natures":[]},{"name":"","description":"","eClass":"Sentence","content":"The test system VALIDATES THAT the simulator S Status.GetEnvironment is nearly equal to {\"x\": -169.54, \"y\": 10.12, \"z\": 422.15, \"rain\": 0.0, \"fog\": 0.0, \"wetness\": 0.0, \"timeofday\": 12.0, \"signal\": 1.0, \"rx\": 359.96, \"ry\": 299.78, \"rz\": -0.01, \"speed\": 7.13}","natures":[]},{"name":"","description":"","eClass":"Sentence","content":"The environment controller C INVOKES API Control.Agents.Pedestrians.WalkRandomly(which_lane=Left_Lane).","natures":[]},{"name":"","description":"","eClass":"Sentence","content":"The test system VALIDATES THAT the Apollo A Status.GetControl is nearly equal to {\"acceleration\": 0.89, \"throttle\": 24.08, \"steering_target\": 0.08, \"brake\": 0.0, \"steering_rate\": 100.0, \"speed\": 6.88}","natures":[]},{"name":"","description":"","eClass":"Sentence","content":"The test system VALIDATES THAT the simulator S Status.GetEnvironment is nearly equal to {\"x\": -195.15, \"y\": 10.12, \"z\": 436.42, \"rain\": 0.0, \"fog\": 0.0, \"wetness\": 0.0, \"timeofday\": 12.0, \"signal\": 1.0, \"rx\": 359.96, \"ry\": 297.93, \"rz\": -0.0, \"speed\": 7.12}","natures":[]},{"name":"","description":"","eClass":"Sentence","content":"The environment controller C INVOKES API Control.Agents.Pedestrians.WalkRandomly(which_lane=Left_Lane).","natures":[]},{"name":"","description":"","eClass":"Sentence","content":"The test system VALIDATES THAT the Apollo A Status.GetControl is nearly equal to {\"acceleration\": 0.06, \"throttle\": 15.7, \"steering_target\": -1.17, \"brake\": 0.0, \"steering_rate\": 100.0, \"speed\": 5.32}","natures":[]},{"name":"","description":"","eClass":"Sentence","content":"The test system VALIDATES THAT the simulator S Status.GetEnvironment is nearly equal to {\"x\": -218.66, \"y\": 10.12, \"z\": 449.59, \"rain\": 0.0, \"fog\": 0.0, \"wetness\": 0.0, \"timeofday\": 12.0, \"signal\": 1.0, \"rx\": 0.04, \"ry\": 300.94, \"rz\": 0.01, \"speed\": 5.32}","natures":[]},{"name":"","description":"","eClass":"Sentence","content":"The environment controller C INVOKES API Control.Agents.Pedestrians.WalkRandomly(which_lane=Left_Lane).","natures":[]},{"name":"","description":"","eClass":"Sentence","content":"The test system VALIDATES THAT the Apollo A Status.GetControl is nearly equal to {\"acceleration\": -0.56, \"throttle\": 0.0, \"steering_target\": -0.3, \"brake\": 14.5, \"steering_rate\": 100.0, \"speed\": 3.16}","natures":[]},{"name":"","description":"","eClass":"Sentence","content":"The test system VALIDATES THAT the simulator S Status.GetEnvironment is nearly equal to {\"x\": -233.54, \"y\": 10.12, \"z\": 458.88, \"rain\": 0.0, \"fog\": 0.0, \"wetness\": 0.0, \"timeofday\": 12.0, \"signal\": 1.0, \"rx\": 0.03, \"ry\": 302.54, \"rz\": 0.0, \"speed\": 3.01}","natures":[]},{"name":"","description":"","eClass":"Sentence","content":"The environment controller C INVOKES API Control.Agents.Pedestrians.WalkRandomly(which_lane=Left_Lane).","natures":[]},{"name":"","description":"","eClass":"Sentence","content":"The test system VALIDATES THAT the Apollo A Status.GetControl is nearly equal to {\"acceleration\": -0.52, \"throttle\": 0.0, \"steering_target\": 0.06, \"brake\": 14.5, \"steering_rate\": 100.0, \"speed\": 0.85}","natures":[]},{"name":"","description":"","eClass":"Sentence","content":"","natures":[]}]
