 timestamp= 1619818717000 [START] Now Run TCS Maintain Lane On Road1 Mode: dynamic Roadnum: 4 Second: 4
 timestamp= 1619818717000 [SUCCESS] TCS Check Success 
 timestamp= 1619818720000 [RUN] Run BasicFlow
 timestamp= 1619818720000 [RUN] Generate steps
 timestamp= 1619818720000 [RUN] Validate step: 
The test system VALIDATES THAT the simulator S Status.GetEnvironment is nearly equal to {"x": -440.87, "y": 10.12, "z": 213.91, "rain": 0.0, "fog": 0.0, "wetness": 0.0, "timeofday": 12.0, "signal": 1.0, "rx": 359.97, "ry": 210.06, "rz": 0.0, "speed": 3.2}
 timestamp= 1619818720000 [RES] Validate result: 
true
 timestamp= 1619818720000 [RUN] Execute API step: 
The environment controller C INVOKES API Control.Agents.NPCVehicle.NPCVehicleMaintainLane(which_lane=Right_Lane&which_car=BoxTruck).
 timestamp= 1619818723000 [RES] API result: 
{"pose_arr":[{"vx":-2.77,"ay":0,"az":9.81,"ax":0,"pz":10.12,"vy":-2.77,"px":552433.79,"py":4182701.1},{"vx":-3.01,"ay":0.13,"az":9.81,"ax":-0.24,"pz":10.12,"vy":-3.01,"px":552432.52,"py":4182698.91},{"vx":-3.13,"ay":-0.35,"az":9.83,"ax":0.39,"pz":10.12,"vy":-3.13,"px":552431.21,"py":4182696.64},{"vx":-2.99,"ay":-0.22,"az":9.82,"ax":0.46,"pz":10.12,"vy":-2.99,"px":552429.97,"py":4182694.46},{"vx":-3.12,"ay":-0.23,"az":9.81,"ax":0.46,"pz":10.13,"vy":-3.12,"px":552428.71,"py":4182692.08},{"vx":-3.34,"ay":0.79,"az":9.78,"ax":-2.96,"pz":10.12,"vy":-3.34,"px":552427.68,"py":4182689.73}],"traffic_light":[3,3,3,0,0,0],"state_arr":[{"acceleration":0.48,"throttle":18.52,"steering_target":-0.33,"brake":0,"steering_rate":100,"speed":3.19},{"acceleration":0.31,"throttle":15.7,"steering_target":0.81,"brake":0,"steering_rate":100,"speed":3.41},{"acceleration":-0.05,"throttle":0,"steering_target":1.23,"brake":14.5,"steering_rate":100,"speed":3.65},{"acceleration":-0.08,"throttle":0,"steering_target":4.09,"brake":14.5,"steering_rate":100,"speed":3.48},{"acceleration":-0.28,"throttle":0,"steering_target":10.14,"brake":14.5,"steering_rate":100,"speed":3.59},{"acceleration":-0.08,"throttle":0,"steering_target":19.98,"brake":14.5,"steering_rate":100,"speed":3.28},{"acceleration":-0.37,"throttle":0,"steering_target":26.28,"brake":14.5,"steering_rate":100,"speed":3.36}],"obstacle_arr":[[],[{"acceleration":{"y":0,"x":0,"z":0},"position":{"y":4182703.93,"x":552426.56,"z":10.44},"volume":80.52,"type":"VEHICLE","velocity":{"y":-1.12,"x":-0.46,"z":0}}],[{"acceleration":{"y":0.05,"x":0.02,"z":0},"position":{"y":4182702.5,"x":552426.1,"z":10.41},"volume":71.41,"type":"VEHICLE","velocity":{"y":0,"x":0,"z":0}}],[{"acceleration":{"y":-2.35,"x":-0.55,"z":0},"position":{"y":4182699.92,"x":552425.39,"z":10.46},"volume":77.2,"type":"VEHICLE","velocity":{"y":-2.52,"x":-0.71,"z":0}},{"acceleration":{"y":0,"x":0,"z":0},"position":{"y":4182691.4,"x":552443.02,"z":10.68},"volume":0.14,"type":"PEDESTRIAN","velocity":{"y":0,"x":0,"z":0}}],[{"acceleration":{"y":-3.52,"x":-3.84,"z":0},"position":{"y":4182692.1,"x":552422.99,"z":10.43},"volume":53.28,"type":"VEHICLE","velocity":{"y":-6.2,"x":-3.28,"z":0}}],[{"acceleration":{"y":0.95,"x":-7.4,"z":0},"position":{"y":4182687.62,"x":552419.64,"z":10.45},"volume":21.21,"type":"VEHICLE","velocity":{"y":-6.84,"x":-6.72,"z":0}}]],"action_description":"NPC vehicle (BoxTruck) driving on the right lane","ev_state":[-446.978637695313,10.1246452331543,201.653076171875,0,0,0,12,1,-0.00306884595192969,197.492752075195,359.806823730469,3.3633063259404197],"collision_probability":0}
 timestamp= 1619818723000 [RUN] Validate G1 Guard Condition: 
The ego vehicle E Detection.Collision == True.
 timestamp= 1619818723000 [RES] Global Validate result: 
false
 timestamp= 1619818723000 [RUN] Validate G2 Guard Condition: 
The ego vehicle E Detection.OffRoad == True.
 timestamp= 1619818723000 [RES] Global Validate result: 
false
 timestamp= 1619818723000 [RUN] Validate G3 Guard Condition: 
The ego vehicle E Detection.HardBrake == True.
 timestamp= 1619818723000 [RES] Global Validate result: 
false
 timestamp= 1619818723000 [RUN] Validate G4 Guard Condition: 
The ego vehicle E Detection.ArrivalTest == True.
 timestamp= 1619818723000 [RES] Global Validate result: 
false
 timestamp= 1619818723000 [RUN] Validate step: 
The test system VALIDATES THAT the Apollo A Status.GetControl is nearly equal to {"acceleration": -0.37, "throttle": 0.0, "steering_target": 26.28, "brake": 14.5, "steering_rate": 100.0, "speed": 3.36}
 timestamp= 1619818723000 [RES] Validate result: 
true
 timestamp= 1619818723000 [RUN] Generate steps
 timestamp= 1619818723000 [RUN] Validate step: 
The test system VALIDATES THAT the simulator S Status.GetEnvironment is nearly equal to {"x": -446.98, "y": 10.12, "z": 201.65, "rain": 0.0, "fog": 0.0, "wetness": 0.0, "timeofday": 12.0, "signal": 1.0, "rx": -0.0, "ry": 197.49, "rz": 359.81, "speed": 3.36}
 timestamp= 1619818723000 [RES] Validate result: 
true
 timestamp= 1619818723000 [RUN] Execute API step: 
The environment controller C INVOKES API Control.Agents.NPCVehicle.NPCVehicleMaintainLane(which_lane=Right_Lane&which_car=BoxTruck).
 timestamp= 1619818727000 [RES] API result: 
{"pose_arr":[{"vx":-3.18,"ay":-0.2,"az":9.81,"ax":0.51,"pz":10.13,"vy":-3.18,"px":552427.17,"py":4182688.12},{"vx":-2.85,"ay":-0.03,"az":9.81,"ax":0.52,"pz":10.13,"vy":-2.85,"px":552426.78,"py":4182686.03},{"vx":-3.22,"ay":0,"az":9.81,"ax":0,"pz":10.12,"vy":-3.22,"px":552426.73,"py":4182684.42},{"vx":-2.59,"ay":-2.21,"az":9.75,"ax":-3.05,"pz":10.12,"vy":-2.59,"px":552427.35,"py":4182681.95},{"vx":-2.14,"ay":0.8,"az":9.82,"ax":0.32,"pz":10.13,"vy":-2.14,"px":552428.37,"py":4182680.39},{"vx":-1.37,"ay":0.53,"az":9.81,"ax":0.1,"pz":10.13,"vy":-1.37,"px":552429.91,"py":4182678.98}],"traffic_light":[0,0,0,0,0],"state_arr":[{"acceleration":-0.15,"throttle":0,"steering_target":29.2,"brake":14.5,"steering_rate":100,"speed":3.13},{"acceleration":0.08,"throttle":15.7,"steering_target":39.39,"brake":0,"steering_rate":100,"speed":2.83},{"acceleration":-0.31,"throttle":0,"steering_target":67.09,"brake":14.5,"steering_rate":100,"speed":3.12},{"acceleration":-0.5,"throttle":0,"steering_target":62.98,"brake":14.5,"steering_rate":100,"speed":3.27},{"acceleration":-0.61,"throttle":0,"steering_target":53.13,"brake":15.26,"steering_rate":100,"speed":3.27},{"acceleration":-0.64,"throttle":0,"steering_target":42.64,"brake":15.92,"steering_rate":100,"speed":2.98},{"acceleration":0.6,"throttle":20.74,"steering_target":28.77,"brake":0,"steering_rate":100,"speed":2.73}],"obstacle_arr":[[],[{"acceleration":{"y":0,"x":0,"z":0},"position":{"y":4182689.82,"x":552419.34,"z":10.46},"volume":59.83,"type":"VEHICLE","velocity":{"y":0,"x":0,"z":0}}],[{"acceleration":{"y":0,"x":0,"z":0},"position":{"y":4182689.73,"x":552417.49,"z":10.44},"volume":106.57,"type":"VEHICLE","velocity":{"y":0,"x":0,"z":0}},{"acceleration":{"y":0,"x":0,"z":0},"position":{"y":4182683.69,"x":552378.65,"z":11.71},"volume":8.1,"type":"VEHICLE","velocity":{"y":0,"x":0,"z":0}}],[{"acceleration":{"y":0,"x":0,"z":0},"position":{"y":4182688.54,"x":552415.74,"z":10.4},"volume":96.71,"type":"VEHICLE","velocity":{"y":0,"x":0,"z":0}}],[{"acceleration":{"y":0.31,"x":-1.03,"z":0},"position":{"y":4182690.12,"x":552413.98,"z":10.35},"volume":94.66,"type":"VEHICLE","velocity":{"y":0.09,"x":-1.04,"z":0}}],[{"acceleration":{"y":0.25,"x":-1.22,"z":0},"position":{"y":4182688.79,"x":552411.49,"z":10.35},"volume":98.49,"type":"VEHICLE","velocity":{"y":0.25,"x":-1.66,"z":0}}],[]],"action_description":"NPC vehicle (BoxTruck) driving on the right lane","ev_state":[-441.951019287109,10.1247243881226,191.699478149414,0,0,0,12,0,0.0400142148137093,119.124443054199,359.824249267578,2.731399964484243],"collision_probability":0}
 timestamp= 1619818727000 [RUN] Validate G1 Guard Condition: 
The ego vehicle E Detection.Collision == True.
 timestamp= 1619818727000 [RES] Global Validate result: 
false
 timestamp= 1619818727000 [RUN] Validate G2 Guard Condition: 
The ego vehicle E Detection.OffRoad == True.
 timestamp= 1619818727000 [RES] Global Validate result: 
false
 timestamp= 1619818727000 [RUN] Validate G3 Guard Condition: 
The ego vehicle E Detection.HardBrake == True.
 timestamp= 1619818727000 [RES] Global Validate result: 
false
 timestamp= 1619818727000 [RUN] Validate G4 Guard Condition: 
The ego vehicle E Detection.ArrivalTest == True.
 timestamp= 1619818727000 [RES] Global Validate result: 
false
 timestamp= 1619818727000 [RUN] Validate step: 
The test system VALIDATES THAT the Apollo A Status.GetControl is nearly equal to {"acceleration": 0.6, "throttle": 20.74, "steering_target": 28.77, "brake": 0.0, "steering_rate": 100.0, "speed": 2.73}
 timestamp= 1619818727000 [RES] Validate result: 
true
 timestamp= 1619818727000 [RUN] Generate steps
 timestamp= 1619818727000 [RUN] Validate step: 
The test system VALIDATES THAT the simulator S Status.GetEnvironment is nearly equal to {"x": -441.95, "y": 10.12, "z": 191.7, "rain": 0.0, "fog": 0.0, "wetness": 0.0, "timeofday": 12.0, "signal": 0.0, "rx": 0.04, "ry": 119.12, "rz": 359.82, "speed": 2.73}
 timestamp= 1619818727000 [RES] Validate result: 
true
 timestamp= 1619818727000 [RUN] Execute API step: 
The environment controller C INVOKES API Control.Agents.NPCVehicle.NPCVehicleMaintainLane(which_lane=Right_Lane&which_car=BoxTruck).
 timestamp= 1619818730000 [RES] API result: 
{"pose_arr":[{"vx":-1.03,"ay":0,"az":9.81,"ax":0,"pz":10.13,"vy":-1.03,"px":552430.85,"py":4182678.38},{"vx":-1.14,"ay":-0.52,"az":9.82,"ax":-0.18,"pz":10.12,"vy":-1.14,"px":552433.16,"py":4182677.33},{"vx":-0.79,"ay":-0.61,"az":9.81,"ax":-0.19,"pz":10.12,"vy":-0.79,"px":552436,"py":4182676.49},{"vx":-0.43,"ay":-2.88,"az":9.78,"ax":-0.86,"pz":10.12,"vy":-0.43,"px":552438.57,"py":4182676.02},{"vx":-0.19,"ay":-0.65,"az":9.81,"ax":-0.17,"pz":10.12,"vy":-0.19,"px":552441.99,"py":4182675.73},{"vx":-0.08,"ay":-0.48,"az":9.81,"ax":-0.02,"pz":10.12,"vy":-0.08,"px":552446.77,"py":4182675.61},{"vx":-0.13,"ay":-0.62,"az":9.81,"ax":0.56,"pz":10.12,"vy":-0.13,"px":552450.47,"py":4182675.55}],"traffic_light":[4,4,4,1,3,3],"state_arr":[{"acceleration":0.44,"throttle":15.7,"steering_target":21.67,"brake":0,"steering_rate":100,"speed":3.86},{"acceleration":0.64,"throttle":21.54,"steering_target":18.35,"brake":0,"steering_rate":100,"speed":4.17},{"acceleration":1.1,"throttle":48.9,"steering_target":16.27,"brake":0,"steering_rate":100,"speed":4.49},{"acceleration":0.84,"throttle":24.33,"steering_target":8.58,"brake":0,"steering_rate":100,"speed":5.51},{"acceleration":0.83,"throttle":24.19,"steering_target":3.18,"brake":0,"steering_rate":100,"speed":5.91},{"acceleration":0.77,"throttle":22.78,"steering_target":-2.01,"brake":0,"steering_rate":100,"speed":6.32},{"acceleration":0.66,"throttle":15.7,"steering_target":4.89,"brake":0,"steering_rate":100,"speed":6.7}],"obstacle_arr":[[],[],[{"acceleration":{"y":0,"x":-0.01,"z":0},"position":{"y":4182662.72,"x":552419.38,"z":10.72},"volume":84.11,"type":"VEHICLE","velocity":{"y":0,"x":0,"z":0}}],[{"acceleration":{"y":0,"x":0,"z":0},"position":{"y":4182663.35,"x":552420.74,"z":10.36},"volume":110.21,"type":"VEHICLE","velocity":{"y":0,"x":0,"z":0}}],[{"acceleration":{"y":0,"x":0,"z":0},"position":{"y":4182663.39,"x":552422.17,"z":10.33},"volume":126.26,"type":"VEHICLE","velocity":{"y":0,"x":0,"z":0}}],[{"acceleration":{"y":0.34,"x":1.98,"z":0},"position":{"y":4182663.58,"x":552425.96,"z":10.35},"volume":72.25,"type":"VEHICLE","velocity":{"y":0.28,"x":1.71,"z":0}}]],"action_description":"NPC vehicle (BoxTruck) driving on the right lane","ev_state":[-421.794097900391,10.1241626739502,189.49430847168,0,0,0,12,-1,359.962097167969,91.146484375,-0.00392351904883981,6.698803090624679],"collision_probability":0}
 timestamp= 1619818730000 [RUN] Validate G1 Guard Condition: 
The ego vehicle E Detection.Collision == True.
 timestamp= 1619818730000 [RES] Global Validate result: 
false
 timestamp= 1619818730000 [RUN] Validate G2 Guard Condition: 
The ego vehicle E Detection.OffRoad == True.
 timestamp= 1619818730000 [RES] Global Validate result: 
false
 timestamp= 1619818730000 [RUN] Validate G3 Guard Condition: 
The ego vehicle E Detection.HardBrake == True.
 timestamp= 1619818730000 [RES] Global Validate result: 
false
 timestamp= 1619818730000 [RUN] Validate G4 Guard Condition: 
The ego vehicle E Detection.ArrivalTest == True.
 timestamp= 1619818730000 [RES] Global Validate result: 
false
 timestamp= 1619818730000 [RUN] Validate step: 
The test system VALIDATES THAT the Apollo A Status.GetControl is nearly equal to {"acceleration": 0.66, "throttle": 15.7, "steering_target": 4.89, "brake": 0.0, "steering_rate": 100.0, "speed": 6.7}
 timestamp= 1619818730000 [RES] Validate result: 
true
 timestamp= 1619818730000 [RUN] Generate steps
 timestamp= 1619818730000 [RUN] Validate step: 
The test system VALIDATES THAT the simulator S Status.GetEnvironment is nearly equal to {"x": -421.79, "y": 10.12, "z": 189.49, "rain": 0.0, "fog": 0.0, "wetness": 0.0, "timeofday": 12.0, "signal": -1.0, "rx": 359.96, "ry": 91.15, "rz": -0.0, "speed": 6.7}
 timestamp= 1619818730000 [RES] Validate result: 
true
 timestamp= 1619818730000 [RUN] Execute API step: 
The environment controller C INVOKES API Control.Agents.NPCVehicle.NPCVehicleMaintainLane(which_lane=Right_Lane&which_car=BoxTruck).
 timestamp= 1619818734000 [RES] API result: 
{"pose_arr":[{"vx":-0.02,"ay":-1.11,"az":9.81,"ax":-0.01,"pz":10.12,"vy":-0.02,"px":552453.7,"py":4182675.5},{"vx":0,"ay":0,"az":9.81,"ax":0,"pz":10.12,"vy":0,"px":552457.98,"py":4182675.49},{"vx":0.07,"ay":-0.23,"az":9.82,"ax":0,"pz":10.12,"vy":0.07,"px":552463.01,"py":4182675.5},{"vx":0.09,"ay":-0.23,"az":9.81,"ax":0.01,"pz":10.12,"vy":0.09,"px":552468.18,"py":4182675.55},{"vx":0.11,"ay":-0.54,"az":9.8,"ax":0.01,"pz":10.12,"vy":0.11,"px":552473.14,"py":4182675.61},{"vx":0.09,"ay":-0.36,"az":9.82,"ax":-0.04,"pz":10.12,"vy":0.09,"px":552476.91,"py":4182675.65}],"traffic_light":[3,3,3,3,3],"state_arr":[{"acceleration":1.19,"throttle":15.7,"steering_target":1.28,"brake":0,"steering_rate":100,"speed":6.97},{"acceleration":0.59,"throttle":15.7,"steering_target":0.26,"brake":0,"steering_rate":100,"speed":7.52},{"acceleration":0.57,"throttle":15.7,"steering_target":1,"brake":0,"steering_rate":100,"speed":7.73},{"acceleration":0.58,"throttle":15.7,"steering_target":-0.52,"brake":0,"steering_rate":100,"speed":7.85},{"acceleration":0.68,"throttle":15.7,"steering_target":0.43,"brake":0,"steering_rate":100,"speed":7.96},{"acceleration":0.48,"throttle":19.36,"steering_target":-0.43,"brake":0,"steering_rate":100,"speed":8.13},{"acceleration":0.12,"throttle":15.7,"steering_target":0.39,"brake":0,"steering_rate":100,"speed":8.39}],"obstacle_arr":[[{"acceleration":{"y":0.64,"x":4.48,"z":0},"position":{"y":4182664.99,"x":552428.23,"z":10.36},"volume":70.56,"type":"VEHICLE","velocity":{"y":0.84,"x":5.48,"z":0}}],[],[],[{"acceleration":{"y":0,"x":0.01,"z":0},"position":{"y":4182666.73,"x":552438.67,"z":10.34},"volume":62.26,"type":"VEHICLE","velocity":{"y":0,"x":0,"z":0}},{"acceleration":{"y":0,"x":0,"z":0},"position":{"y":4182664.99,"x":552454.78,"z":10.34},"volume":114.98,"type":"UNKNOWN","velocity":{"y":0,"x":0,"z":0}}],[{"acceleration":{"y":0,"x":0.02,"z":0},"position":{"y":4182664.99,"x":552457.75,"z":10.34},"volume":91.59,"type":"VEHICLE","velocity":{"y":0.28,"x":2.58,"z":0}}],[{"acceleration":{"y":0.43,"x":1.17,"z":0},"position":{"y":4182665.16,"x":552460,"z":10.34},"volume":131.47,"type":"VEHICLE","velocity":{"y":0.72,"x":3.52,"z":0}}],[{"acceleration":{"y":-0.1,"x":0.61,"z":0},"position":{"y":4182665.79,"x":552462.59,"z":10.34},"volume":71.7,"type":"VEHICLE","velocity":{"y":0.5,"x":3.81,"z":0}}]],"action_description":"NPC vehicle (BoxTruck) driving on the right lane","ev_state":[-390.655578613281,10.1237735748291,189.695358276367,0,0,0,12,-1,359.983673095703,89.5717620849609,0.0124809900298715,8.44995286099894],"collision_probability":0}
 timestamp= 1619818734000 [RUN] Validate G1 Guard Condition: 
The ego vehicle E Detection.Collision == True.
 timestamp= 1619818734000 [RES] Global Validate result: 
false
 timestamp= 1619818734000 [RUN] Validate G2 Guard Condition: 
The ego vehicle E Detection.OffRoad == True.
 timestamp= 1619818734000 [RES] Global Validate result: 
false
 timestamp= 1619818734000 [RUN] Validate G3 Guard Condition: 
The ego vehicle E Detection.HardBrake == True.
 timestamp= 1619818734000 [RES] Global Validate result: 
false
 timestamp= 1619818734000 [RUN] Validate G4 Guard Condition: 
The ego vehicle E Detection.ArrivalTest == True.
 timestamp= 1619818734000 [RES] Global Validate result: 
false
 timestamp= 1619818734000 [RUN] Validate step: 
The test system VALIDATES THAT the Apollo A Status.GetControl is nearly equal to {"acceleration": 0.12, "throttle": 15.7, "steering_target": 0.39, "brake": 0.0, "steering_rate": 100.0, "speed": 8.39}
 timestamp= 1619818734000 [RES] Validate result: 
true
 timestamp= 1619818734000 [RUN] Generate steps
 timestamp= 1619818734000 [RUN] Validate step: 
The test system VALIDATES THAT the simulator S Status.GetEnvironment is nearly equal to {"x": -390.66, "y": 10.12, "z": 189.7, "rain": 0.0, "fog": 0.0, "wetness": 0.0, "timeofday": 12.0, "signal": -1.0, "rx": 359.98, "ry": 89.57, "rz": 0.01, "speed": 8.45}
 timestamp= 1619818734000 [RES] Validate result: 
true
 timestamp= 1619818734000 [RUN] Execute API step: 
The environment controller C INVOKES API Control.Agents.NPCVehicle.NPCVehicleMaintainLane(which_lane=Right_Lane&which_car=BoxTruck).
 timestamp= 1619818738000 [RES] API result: 
{"pose_arr":[{"vx":0.06,"ay":0,"az":9.81,"ax":0,"pz":10.12,"vy":0.06,"px":552481.98,"py":4182675.71},{"vx":0.13,"ay":0,"az":9.81,"ax":0,"pz":10.12,"vy":0.13,"px":552486.24,"py":4182675.75},{"vx":0.06,"ay":-0.21,"az":9.83,"ax":0.03,"pz":10.12,"vy":0.06,"px":552491.59,"py":4182675.81},{"vx":0.1,"ay":-0.21,"az":9.81,"ax":0.01,"pz":10.12,"vy":0.1,"px":552496.48,"py":4182675.84},{"vx":0.05,"ay":0.63,"az":9.82,"ax":0,"pz":10.12,"vy":0.05,"px":552503,"py":4182675.92},{"vx":0.07,"ay":0.41,"az":9.82,"ax":0.11,"pz":10.12,"vy":0.07,"px":552507.27,"py":4182675.94},{"vx":0.1,"ay":0,"az":9.81,"ax":0,"pz":10.12,"vy":0.1,"px":552512.53,"py":4182676}],"traffic_light":[3,3,3,3,3,3,3],"state_arr":[{"acceleration":0.39,"throttle":17.08,"steering_target":0.79,"brake":0,"steering_rate":100,"speed":8.45},{"acceleration":0.44,"throttle":18.05,"steering_target":-0.82,"brake":0,"steering_rate":100,"speed":8.62},{"acceleration":0.21,"throttle":15.7,"steering_target":0.49,"brake":0,"steering_rate":100,"speed":8.76},{"acceleration":0.13,"throttle":15.7,"steering_target":-0.02,"brake":0,"steering_rate":100,"speed":8.84},{"acceleration":-0.13,"throttle":0,"steering_target":-0.62,"brake":14.5,"steering_rate":100,"speed":8.88},{"acceleration":-0.06,"throttle":0,"steering_target":0.77,"brake":14.5,"steering_rate":100,"speed":8.74},{"acceleration":-0.14,"throttle":0,"steering_target":-0.79,"brake":14.5,"steering_rate":100,"speed":8.74},{"acceleration":-0.09,"throttle":0,"steering_target":-0.3,"brake":14.5,"steering_rate":100,"speed":8.62}],"obstacle_arr":[[{"acceleration":{"y":-0.32,"x":-0.31,"z":0},"position":{"y":4182666.15,"x":552464.11,"z":10.33},"volume":66.76,"type":"VEHICLE","velocity":{"y":0.34,"x":3.34,"z":0}}],[{"acceleration":{"y":-0.47,"x":-1.06,"z":0},"position":{"y":4182666.89,"x":552465.24,"z":10.34},"volume":92.49,"type":"VEHICLE","velocity":{"y":-0.1,"x":2.39,"z":0}},{"acceleration":{"y":0,"x":0,"z":0},"position":{"y":4182667.27,"x":552483.27,"z":10.34},"volume":117.46,"type":"VEHICLE","velocity":{"y":0,"x":0,"z":0}}],[{"acceleration":{"y":0,"x":0,"z":0},"position":{"y":4182666.42,"x":552483.73,"z":10.34},"volume":125.86,"type":"VEHICLE","velocity":{"y":0,"x":0,"z":0}}],[],[],[],[]],"action_description":"NPC vehicle (BoxTruck) driving on the right lane","ev_state":[-355.80908203125,10.1237106323242,190.018585205078,0,0,0,12,1,0.000703959725797176,89.8757019042969,0.0425403043627739,8.565125537967841],"collision_probability":0}
 timestamp= 1619818738000 [RUN] Validate G1 Guard Condition: 
The ego vehicle E Detection.Collision == True.
 timestamp= 1619818738000 [RES] Global Validate result: 
false
 timestamp= 1619818738000 [RUN] Validate G2 Guard Condition: 
The ego vehicle E Detection.OffRoad == True.
 timestamp= 1619818738000 [RES] Global Validate result: 
false
 timestamp= 1619818738000 [RUN] Validate G3 Guard Condition: 
The ego vehicle E Detection.HardBrake == True.
 timestamp= 1619818738000 [RES] Global Validate result: 
false
 timestamp= 1619818738000 [RUN] Validate G4 Guard Condition: 
The ego vehicle E Detection.ArrivalTest == True.
 timestamp= 1619818738000 [RES] Global Validate result: 
false
 timestamp= 1619818738000 [RUN] Validate step: 
The test system VALIDATES THAT the Apollo A Status.GetControl is nearly equal to {"acceleration": -0.09, "throttle": 0.0, "steering_target": -0.3, "brake": 14.5, "steering_rate": 100.0, "speed": 8.62}
 timestamp= 1619818738000 [RES] Validate result: 
true
 timestamp= 1619818738000 [RUN] Generate steps
 timestamp= 1619818738000 [RUN] Validate step: 
The test system VALIDATES THAT the simulator S Status.GetEnvironment is nearly equal to {"x": -355.81, "y": 10.12, "z": 190.02, "rain": 0.0, "fog": 0.0, "wetness": 0.0, "timeofday": 12.0, "signal": 1.0, "rx": 0.0, "ry": 89.88, "rz": 0.04, "speed": 8.57}
 timestamp= 1619818738000 [RES] Validate result: 
true
 timestamp= 1619818738000 [RUN] Execute API step: 
The environment controller C INVOKES API Control.Agents.NPCVehicle.NPCVehicleMaintainLane(which_lane=Right_Lane&which_car=BoxTruck).
 timestamp= 1619818742000 [RES] API result: 
{"pose_arr":[{"vx":0.02,"ay":0.56,"az":9.81,"ax":0.09,"pz":10.12,"vy":0.02,"px":552516.23,"py":4182676.03},{"vx":0.1,"ay":0,"az":9.81,"ax":0,"pz":10.12,"vy":0.1,"px":552521.14,"py":4182676.05},{"vx":0.05,"ay":-0.21,"az":9.83,"ax":0.04,"pz":10.12,"vy":0.05,"px":552526.45,"py":4182676.1},{"vx":0.06,"ay":-0.21,"az":9.81,"ax":-0.02,"pz":10.12,"vy":0.06,"px":552532.02,"py":4182676.14},{"vx":0.03,"ay":0.63,"az":9.82,"ax":-0.01,"pz":10.12,"vy":0.03,"px":552537.14,"py":4182676.17},{"vx":0.03,"ay":-0.21,"az":9.81,"ax":0,"pz":10.12,"vy":0.03,"px":552542.3,"py":4182676.19},{"vx":0,"ay":0.63,"az":9.83,"ax":0.01,"pz":10.12,"vy":0,"px":552546.87,"py":4182676.2},{"vx":-0.01,"ay":0.33,"az":9.8,"ax":0,"pz":10.12,"vy":-0.01,"px":552552.09,"py":4182676.2}],"traffic_light":[3,3,3,3,3,3],"state_arr":[{"acceleration":0.58,"throttle":15.7,"steering_target":1.07,"brake":0,"steering_rate":100,"speed":8.58},{"acceleration":0.32,"throttle":15.97,"steering_target":-0.75,"brake":0,"steering_rate":100,"speed":8.73},{"acceleration":0.26,"throttle":15.7,"steering_target":0.46,"brake":0,"steering_rate":100,"speed":8.85},{"acceleration":0.03,"throttle":15.7,"steering_target":-0.53,"brake":0,"steering_rate":100,"speed":8.96},{"acceleration":0.05,"throttle":15.7,"steering_target":0.15,"brake":0,"steering_rate":100,"speed":8.95},{"acceleration":0.01,"throttle":15.7,"steering_target":-0.23,"brake":0,"steering_rate":100,"speed":8.93},{"acceleration":-0.18,"throttle":0,"steering_target":-0.39,"brake":14.5,"steering_rate":100,"speed":8.99},{"acceleration":-0.12,"throttle":0,"steering_target":0.06,"brake":14.5,"steering_rate":100,"speed":8.83}],"obstacle_arr":[[],[{"acceleration":{"y":0,"x":0.02,"z":0},"position":{"y":4182668.35,"x":552518.09,"z":10.34},"volume":160.55,"type":"VEHICLE","velocity":{"y":0,"x":0,"z":0}},{"acceleration":{"y":0,"x":0,"z":0},"position":{"y":4182666.52,"x":552488.09,"z":10.36},"volume":109.82,"type":"VEHICLE","velocity":{"y":0,"x":0,"z":0}}],[{"acceleration":{"y":0,"x":0,"z":0},"position":{"y":4182668.23,"x":552518.3,"z":10.34},"volume":144.69,"type":"VEHICLE","velocity":{"y":0,"x":0,"z":0}}],[{"acceleration":{"y":0,"x":0,"z":0},"position":{"y":4182667.91,"x":552519.7,"z":10.33},"volume":126.5,"type":"VEHICLE","velocity":{"y":0,"x":0,"z":0}}],[],[],[{"acceleration":{"y":0,"x":0,"z":0},"position":{"y":4182671.61,"x":552544.13,"z":10.34},"volume":2.02,"type":"PEDESTRIAN","velocity":{"y":0,"x":0,"z":0}}],[]],"action_description":"NPC vehicle (BoxTruck) driving on the right lane","ev_state":[-320.367614746094,10.1236667633057,190.175552368164,0,0,0,12,0,-0.00389408087357879,90.0683364868164,0.00149410252925009,8.847634754282534],"collision_probability":0}
 timestamp= 1619818742000 [RUN] Validate G1 Guard Condition: 
The ego vehicle E Detection.Collision == True.
 timestamp= 1619818742000 [RES] Global Validate result: 
false
 timestamp= 1619818742000 [RUN] Validate G2 Guard Condition: 
The ego vehicle E Detection.OffRoad == True.
 timestamp= 1619818742000 [RES] Global Validate result: 
false
 timestamp= 1619818742000 [RUN] Validate G3 Guard Condition: 
The ego vehicle E Detection.HardBrake == True.
 timestamp= 1619818742000 [RES] Global Validate result: 
false
 timestamp= 1619818742000 [RUN] Validate G4 Guard Condition: 
The ego vehicle E Detection.ArrivalTest == True.
 timestamp= 1619818742000 [RES] Global Validate result: 
false
 timestamp= 1619818742000 [RUN] Validate step: 
The test system VALIDATES THAT the Apollo A Status.GetControl is nearly equal to {"acceleration": -0.12, "throttle": 0.0, "steering_target": 0.06, "brake": 14.5, "steering_rate": 100.0, "speed": 8.83}
 timestamp= 1619818742000 [RES] Validate result: 
true
 timestamp= 1619818742000 [RUN] Generate steps
 timestamp= 1619818742000 [RUN] Validate step: 
The test system VALIDATES THAT the simulator S Status.GetEnvironment is nearly equal to {"x": -320.37, "y": 10.12, "z": 190.18, "rain": 0.0, "fog": 0.0, "wetness": 0.0, "timeofday": 12.0, "signal": 0.0, "rx": -0.0, "ry": 90.07, "rz": 0.0, "speed": 8.85}
 timestamp= 1619818742000 [RES] Validate result: 
true
 timestamp= 1619818742000 [RUN] Execute API step: 
The environment controller C INVOKES API Control.Agents.NPCVehicle.NPCVehicleMaintainLane(which_lane=Right_Lane&which_car=BoxTruck).
 timestamp= 1619818746000 [RES] API result: 
{"pose_arr":[{"vx":-0.04,"ay":-0.26,"az":9.81,"ax":0,"pz":10.12,"vy":-0.04,"px":552556.66,"py":4182676.19},{"vx":-0.05,"ay":0.74,"az":9.79,"ax":0.01,"pz":10.13,"vy":-0.05,"px":552560.53,"py":4182676.17},{"vx":-0.06,"ay":-0.35,"az":9.8,"ax":-0.01,"pz":10.12,"vy":-0.06,"px":552564.26,"py":4182676.15},{"vx":-0.1,"ay":0,"az":9.81,"ax":0,"pz":10.12,"vy":-0.1,"px":552569.36,"py":4182676.1},{"vx":-0.1,"ay":-0.21,"az":9.83,"ax":-0.11,"pz":10.12,"vy":-0.1,"px":552574.15,"py":4182676.05},{"vx":-0.12,"ay":-0.21,"az":9.81,"ax":-0.01,"pz":10.12,"vy":-0.12,"px":552579.44,"py":4182675.99},{"vx":-0.08,"ay":-0.22,"az":9.8,"ax":0,"pz":10.12,"vy":-0.08,"px":552584.98,"py":4182675.92}],"traffic_light":[2,2,2,2,2,0,0,0],"state_arr":[{"acceleration":0.26,"throttle":15.7,"steering_target":-0.33,"brake":0,"steering_rate":100,"speed":8.85},{"acceleration":-1.81,"throttle":0,"steering_target":-0.18,"brake":27.45,"steering_rate":100,"speed":8.93},{"acceleration":0.16,"throttle":15.7,"steering_target":-0.18,"brake":0,"steering_rate":100,"speed":8.29},{"acceleration":0.33,"throttle":15.82,"steering_target":-0.32,"brake":0,"steering_rate":100,"speed":8.39},{"acceleration":0.08,"throttle":15.7,"steering_target":0.24,"brake":0,"steering_rate":100,"speed":8.5},{"acceleration":0.06,"throttle":15.7,"steering_target":-0.54,"brake":0,"steering_rate":100,"speed":8.6},{"acceleration":0.11,"throttle":15.7,"steering_target":0.24,"brake":0,"steering_rate":100,"speed":8.7},{"acceleration":0.12,"throttle":15.7,"steering_target":0.34,"brake":0,"steering_rate":100,"speed":8.61}],"obstacle_arr":[[],[{"acceleration":{"y":0,"x":0.01,"z":0},"position":{"y":4182668.44,"x":552553.96,"z":10.31},"volume":133.56,"type":"VEHICLE","velocity":{"y":0,"x":0,"z":0}}],[{"acceleration":{"y":0,"x":0,"z":0},"position":{"y":4182668.39,"x":552553.55,"z":10.73},"volume":93.76,"type":"VEHICLE","velocity":{"y":-0.01,"x":1.35,"z":0}}],[{"acceleration":{"y":-0.14,"x":-0.05,"z":0},"position":{"y":4182668.41,"x":552556.24,"z":10.71},"volume":68.75,"type":"VEHICLE","velocity":{"y":-0.08,"x":1.33,"z":0}}],[],[],[]],"action_description":"NPC vehicle (BoxTruck) driving on the right lane","ev_state":[-286.029815673828,10.1237287521362,189.870147705078,0,0,0,12,-1,0.0112041085958481,90.4627838134766,359.986328125,8.545829263395397],"collision_probability":0}
 timestamp= 1619818746000 [RUN] Validate G1 Guard Condition: 
The ego vehicle E Detection.Collision == True.
 timestamp= 1619818746000 [RES] Global Validate result: 
false
 timestamp= 1619818746000 [RUN] Validate G2 Guard Condition: 
The ego vehicle E Detection.OffRoad == True.
 timestamp= 1619818746000 [RES] Global Validate result: 
false
 timestamp= 1619818746000 [RUN] Validate G3 Guard Condition: 
The ego vehicle E Detection.HardBrake == True.
 timestamp= 1619818746000 [RES] Global Validate result: 
false
 timestamp= 1619818746000 [RUN] Validate G4 Guard Condition: 
The ego vehicle E Detection.ArrivalTest == True.
 timestamp= 1619818746000 [RES] Global Validate result: 
false
 timestamp= 1619818746000 [RUN] Validate step: 
The test system VALIDATES THAT the Apollo A Status.GetControl is nearly equal to {"acceleration": 0.12, "throttle": 15.7, "steering_target": 0.34, "brake": 0.0, "steering_rate": 100.0, "speed": 8.61}
 timestamp= 1619818746000 [RES] Validate result: 
true
 timestamp= 1619818746000 [RUN] Generate steps
 timestamp= 1619818746000 [RUN] Validate step: 
The test system VALIDATES THAT the simulator S Status.GetEnvironment is nearly equal to {"x": -286.03, "y": 10.12, "z": 189.87, "rain": 0.0, "fog": 0.0, "wetness": 0.0, "timeofday": 12.0, "signal": -1.0, "rx": 0.01, "ry": 90.46, "rz": 359.99, "speed": 8.55}
 timestamp= 1619818746000 [RES] Validate result: 
true
 timestamp= 1619818746000 [RUN] Execute API step: 
The environment controller C INVOKES API Control.Agents.NPCVehicle.NPCVehicleMaintainLane(which_lane=Right_Lane&which_car=BoxTruck).
 timestamp= 1619818751000 [RES] API result: 
{"pose_arr":[{"vx":-0.08,"ay":-0.26,"az":9.81,"ax":-0.01,"pz":10.12,"vy":-0.08,"px":552587.59,"py":4182675.89},{"vx":-0.08,"ay":-0.26,"az":9.82,"ax":-0.02,"pz":10.12,"vy":-0.08,"px":552592.29,"py":4182675.84},{"vx":-0.05,"ay":-0.29,"az":9.81,"ax":0.02,"pz":10.12,"vy":-0.05,"px":552596.91,"py":4182675.81},{"vx":-0.06,"ay":-0.26,"az":9.81,"ax":-0.02,"pz":10.12,"vy":-0.06,"px":552601.95,"py":4182675.78},{"vx":0.81,"ay":-0.17,"az":9.81,"ax":0.01,"pz":10.12,"vy":0.81,"px":552608.58,"py":4182675.86},{"vx":0.98,"ay":2.64,"az":9.82,"ax":-0.51,"pz":10.13,"vy":0.98,"px":552611.91,"py":4182676.15},{"vx":0.59,"ay":1.39,"az":9.8,"ax":-0.19,"pz":10.13,"vy":0.59,"px":552616.02,"py":4182676.64},{"vx":0.51,"ay":0.59,"az":9.79,"ax":0.07,"pz":10.13,"vy":0.51,"px":552619.43,"py":4182676.95}],"traffic_light":[0,1,1,0,1,1],"state_arr":[{"acceleration":0.26,"throttle":15.7,"steering_target":-0.5,"brake":0,"steering_rate":100,"speed":8.55},{"acceleration":0.22,"throttle":15.7,"steering_target":0.87,"brake":0,"steering_rate":100,"speed":8.67},{"acceleration":0.11,"throttle":15.7,"steering_target":-0.18,"brake":0,"steering_rate":100,"speed":8.81},{"acceleration":0.17,"throttle":15.7,"steering_target":0.35,"brake":0,"steering_rate":100,"speed":8.95},{"acceleration":0.1,"throttle":15.7,"steering_target":8.8,"brake":0,"steering_rate":100,"speed":9.06},{"acceleration":0,"throttle":0,"steering_target":0,"brake":50,"steering_rate":0,"speed":0},{"acceleration":-1.76,"throttle":0,"steering_target":-4.18,"brake":27.15,"steering_rate":100,"speed":7.58},{"acceleration":-1.06,"throttle":0,"steering_target":-1.6,"brake":20.57,"steering_rate":100,"speed":6.8},{"acceleration":0.07,"throttle":15.7,"steering_target":3.37,"brake":0,"steering_rate":100,"speed":6.17}],"obstacle_arr":[[],[{"acceleration":{"y":0,"x":0,"z":0},"position":{"y":4182669.22,"x":552587.53,"z":10.41},"volume":92.39,"type":"VEHICLE","velocity":{"y":0,"x":0,"z":0}}],[{"acceleration":{"y":0.01,"x":0.02,"z":0},"position":{"y":4182672.12,"x":552591.53,"z":10.44},"volume":9.1,"type":"VEHICLE","velocity":{"y":0.47,"x":0.78,"z":0}}],[{"acceleration":{"y":-0.45,"x":-0.75,"z":0},"position":{"y":4182669.88,"x":552588.26,"z":10.13},"volume":138.59,"type":"VEHICLE","velocity":{"y":0,"x":0,"z":0}}],[{"acceleration":{"y":1.33,"x":0.4,"z":0},"position":{"y":4182675.67,"x":552591.69,"z":10.01},"volume":131.81,"type":"VEHICLE","velocity":{"y":0.05,"x":0,"z":0}}],[{"acceleration":{"y":3.79,"x":0.77,"z":0},"position":{"y":4182684.68,"x":552593.85,"z":9.98},"volume":114.36,"type":"VEHICLE","velocity":{"y":1.86,"x":0.48,"z":0}}],[{"acceleration":{"y":6.12,"x":2.66,"z":0},"position":{"y":4182697.81,"x":552598.74,"z":10.68},"volume":80.5,"type":"VEHICLE","velocity":{"y":4.78,"x":1.39,"z":0}}],[{"acceleration":{"y":7.24,"x":4.58,"z":0},"position":{"y":4182703.22,"x":552602.35,"z":10.38},"volume":63.46,"type":"VEHICLE","velocity":{"y":9.02,"x":3.8,"z":0}}]],"action_description":"NPC vehicle (BoxTruck) driving on the right lane","ev_state":[-253.019744873047,10.1242599487305,191.048797607422,0,0,0,12,-1,0.0641812533140183,85.3701095581055,0.0022439849562943,6.166912550669153],"collision_probability":0}
 timestamp= 1619818751000 [RUN] Validate G1 Guard Condition: 
The ego vehicle E Detection.Collision == True.
 timestamp= 1619818751000 [RES] Global Validate result: 
false
 timestamp= 1619818751000 [RUN] Validate G2 Guard Condition: 
The ego vehicle E Detection.OffRoad == True.
 timestamp= 1619818751000 [RES] Global Validate result: 
false
 timestamp= 1619818751000 [RUN] Validate G3 Guard Condition: 
The ego vehicle E Detection.HardBrake == True.
 timestamp= 1619818751000 [RES] Global Validate result: 
false
 timestamp= 1619818751000 [RUN] Validate G4 Guard Condition: 
The ego vehicle E Detection.ArrivalTest == True.
 timestamp= 1619818751000 [RES] Global Validate result: 
false
 timestamp= 1619818751000 [RUN] Validate step: 
The test system VALIDATES THAT the Apollo A Status.GetControl is nearly equal to {"acceleration": 0.07, "throttle": 15.7, "steering_target": 3.37, "brake": 0.0, "steering_rate": 100.0, "speed": 6.17}
 timestamp= 1619818751000 [RES] Validate result: 
true
 timestamp= 1619818751000 [RUN] Generate steps
 timestamp= 1619818751000 [RUN] Validate step: 
The test system VALIDATES THAT the simulator S Status.GetEnvironment is nearly equal to {"x": -253.02, "y": 10.12, "z": 191.05, "rain": 0.0, "fog": 0.0, "wetness": 0.0, "timeofday": 12.0, "signal": -1.0, "rx": 0.06, "ry": 85.37, "rz": 0.0, "speed": 6.17}
 timestamp= 1619818751000 [RES] Validate result: 
true
 timestamp= 1619818751000 [RUN] Execute API step: 
The environment controller C INVOKES API Control.Agents.NPCVehicle.NPCVehicleMaintainLane(which_lane=Right_Lane&which_car=BoxTruck).
 timestamp= 1619818755000 [RES] API result: 
{"pose_arr":[{"vx":0.67,"ay":-0.56,"az":9.8,"ax":0.06,"pz":10.12,"vy":0.67,"px":552621.99,"py":4182677.16},{"vx":0.56,"ay":-1.17,"az":9.81,"ax":0.1,"pz":10.12,"vy":0.56,"px":552626.1,"py":4182677.57},{"vx":0.54,"ay":-0.36,"az":9.81,"ax":0.06,"pz":10.12,"vy":0.54,"px":552629.11,"py":4182677.83},{"vx":0.57,"ay":-0.24,"az":9.83,"ax":-0.05,"pz":10.12,"vy":0.57,"px":552632.79,"py":4182678.1},{"vx":0.47,"ay":-0.63,"az":9.87,"ax":0.17,"pz":10.12,"vy":0.47,"px":552637.05,"py":4182678.4},{"vx":0.5,"ay":0.62,"az":9.82,"ax":-0.1,"pz":10.12,"vy":0.5,"px":552641.61,"py":4182678.65},{"vx":0.31,"ay":0.62,"az":9.81,"ax":0.02,"pz":10.12,"vy":0.31,"px":552645.68,"py":4182678.87},{"vx":0.28,"ay":0.71,"az":9.81,"ax":0.01,"pz":10.12,"vy":0.28,"px":552649.21,"py":4182679.01}],"traffic_light":[1,1,1,1,1,1,1,1],"state_arr":[{"acceleration":1.17,"throttle":15.7,"steering_target":1.1,"brake":0,"steering_rate":100,"speed":6.37},{"acceleration":1.09,"throttle":15.7,"steering_target":-3.34,"brake":0,"steering_rate":100,"speed":6.88},{"acceleration":1.32,"throttle":30.21,"steering_target":-0.4,"brake":0,"steering_rate":100,"speed":7.17},{"acceleration":1.15,"throttle":53.19,"steering_target":-1.05,"brake":0,"steering_rate":100,"speed":7.59},{"acceleration":-0.6,"throttle":0,"steering_target":-0.85,"brake":14.5,"steering_rate":100,"speed":8.81},{"acceleration":-0.52,"throttle":0,"steering_target":-0.4,"brake":14.5,"steering_rate":100,"speed":8.56},{"acceleration":-0.22,"throttle":0,"steering_target":-1.33,"brake":14.5,"steering_rate":100,"speed":8.26},{"acceleration":0.13,"throttle":15.7,"steering_target":0.2,"brake":0,"steering_rate":100,"speed":7.89}],"obstacle_arr":[[],[{"acceleration":{"y":0,"x":0.01,"z":0},"position":{"y":4182669.26,"x":552622.52,"z":10.33},"volume":130.44,"type":"VEHICLE","velocity":{"y":0.27,"x":1.42,"z":0}},{"acceleration":{"y":-0.02,"x":0,"z":0},"position":{"y":4182723.92,"x":552618.66,"z":11.57},"volume":49.97,"type":"VEHICLE","velocity":{"y":23.62,"x":17.1,"z":0}}],[{"acceleration":{"y":0.08,"x":0.14,"z":0},"position":{"y":4182669.48,"x":552623.05,"z":10.34},"volume":119.38,"type":"VEHICLE","velocity":{"y":0.31,"x":1.49,"z":0}},{"acceleration":{"y":-0.01,"x":0,"z":0},"position":{"y":4182730.97,"x":552624.18,"z":10.3},"volume":56.53,"type":"VEHICLE","velocity":{"y":23.51,"x":17.07,"z":0}}],[{"acceleration":{"y":0.56,"x":2.29,"z":0},"position":{"y":4182670.15,"x":552626.12,"z":10.34},"volume":127.24,"type":"VEHICLE","velocity":{"y":0.64,"x":3.14,"z":0}}],[{"acceleration":{"y":0.46,"x":1.78,"z":0},"position":{"y":4182670.78,"x":552629.27,"z":10.35},"volume":116.82,"type":"VEHICLE","velocity":{"y":1,"x":4.5,"z":0}}],[{"acceleration":{"y":0.27,"x":1.28,"z":0},"position":{"y":4182671.3,"x":552632.58,"z":10.32},"volume":103.62,"type":"VEHICLE","velocity":{"y":1.22,"x":5.4,"z":0}}],[]],"action_description":"NPC vehicle (BoxTruck) driving on the right lane","ev_state":[-222.556228637695,10.1238794326782,193.066482543945,0,0,0,12,-1,0.0397181920707226,87.9892730712891,0.00789966061711311,7.887507669587438],"collision_probability":0}
 timestamp= 1619818755000 [RUN] Validate G1 Guard Condition: 
The ego vehicle E Detection.Collision == True.
 timestamp= 1619818755000 [RES] Global Validate result: 
false
 timestamp= 1619818755000 [RUN] Validate G2 Guard Condition: 
The ego vehicle E Detection.OffRoad == True.
 timestamp= 1619818755000 [RES] Global Validate result: 
false
 timestamp= 1619818755000 [RUN] Validate G3 Guard Condition: 
The ego vehicle E Detection.HardBrake == True.
 timestamp= 1619818755000 [RES] Global Validate result: 
false
 timestamp= 1619818755000 [RUN] Validate G4 Guard Condition: 
The ego vehicle E Detection.ArrivalTest == True.
 timestamp= 1619818755000 [RES] Global Validate result: 
false
 timestamp= 1619818755000 [RUN] Validate step: 
The test system VALIDATES THAT the Apollo A Status.GetControl is nearly equal to {"acceleration": 0.13, "throttle": 15.7, "steering_target": 0.2, "brake": 0.0, "steering_rate": 100.0, "speed": 7.89}
 timestamp= 1619818755000 [RES] Validate result: 
true
 timestamp= 1619818755000 [RUN] Generate steps
 timestamp= 1619818755000 [RUN] Validate step: 
The test system VALIDATES THAT the simulator S Status.GetEnvironment is nearly equal to {"x": -222.56, "y": 10.12, "z": 193.07, "rain": 0.0, "fog": 0.0, "wetness": 0.0, "timeofday": 12.0, "signal": -1.0, "rx": 0.04, "ry": 87.99, "rz": 0.01, "speed": 7.89}
 timestamp= 1619818755000 [RES] Validate result: 
true
 timestamp= 1619818755000 [RUN] Execute API step: 
The environment controller C INVOKES API Control.Agents.NPCVehicle.NPCVehicleMaintainLane(which_lane=Right_Lane&which_car=BoxTruck).
 timestamp= 1619818759000 [RES] API result: 
{"pose_arr":[{"vx":0.26,"ay":-0.23,"az":9.8,"ax":-0.03,"pz":10.12,"vy":0.26,"px":552653.21,"py":4182679.15},{"vx":0.18,"ay":-0.59,"az":9.81,"ax":0.07,"pz":10.12,"vy":0.18,"px":552657.05,"py":4182679.27},{"vx":0.17,"ay":-0.22,"az":9.81,"ax":0.11,"pz":10.12,"vy":0.17,"px":552661.92,"py":4182679.37},{"vx":0.17,"ay":-0.35,"az":9.81,"ax":-0.01,"pz":10.12,"vy":0.17,"px":552665.74,"py":4182679.45},{"vx":0.08,"ay":-0.25,"az":9.81,"ax":0.06,"pz":10.12,"vy":0.08,"px":552670.85,"py":4182679.54},{"vx":0.12,"ay":-0.23,"az":9.81,"ax":0,"pz":10.12,"vy":0.12,"px":552674.32,"py":4182679.57},{"vx":0.06,"ay":0.63,"az":9.82,"ax":0.05,"pz":10.12,"vy":0.06,"px":552680.63,"py":4182679.65}],"traffic_light":[1,1,1,1,1,1],"state_arr":[{"acceleration":0.72,"throttle":15.7,"steering_target":-0.92,"brake":0,"steering_rate":100,"speed":7.91},{"acceleration":0.77,"throttle":23.29,"steering_target":-1.11,"brake":0,"steering_rate":100,"speed":8.1},{"acceleration":0.5,"throttle":19.55,"steering_target":0.69,"brake":0,"steering_rate":100,"speed":8.39},{"acceleration":0.62,"throttle":15.7,"steering_target":-0.49,"brake":0,"steering_rate":100,"speed":8.51},{"acceleration":0.59,"throttle":15.7,"steering_target":-0.99,"brake":0,"steering_rate":100,"speed":8.63},{"acceleration":0.21,"throttle":15.7,"steering_target":0.69,"brake":0,"steering_rate":100,"speed":8.79},{"acceleration":-0.06,"throttle":0,"steering_target":-1.28,"brake":14.5,"steering_rate":100,"speed":8.92},{"acceleration":-0.13,"throttle":0,"steering_target":1.02,"brake":14.5,"steering_rate":100,"speed":8.54}],"obstacle_arr":[[],[{"acceleration":{"y":0,"x":0.03,"z":0},"position":{"y":4182672.77,"x":552630.02,"z":10.15},"volume":292.26,"type":"VEHICLE","velocity":{"y":0,"x":0,"z":0}},{"acceleration":{"y":0,"x":0.01,"z":0},"position":{"y":4182671.32,"x":552651.85,"z":10.12},"volume":161.3,"type":"VEHICLE","velocity":{"y":0,"x":0,"z":0}},{"acceleration":{"y":0,"x":0,"z":0},"position":{"y":4182690.91,"x":552646.2,"z":10.34},"volume":3.94,"type":"UNKNOWN","velocity":{"y":0,"x":0,"z":0}}],[{"acceleration":{"y":-0.04,"x":0.41,"z":0},"position":{"y":4182673.59,"x":552637.88,"z":10.15},"volume":21.84,"type":"VEHICLE","velocity":{"y":0,"x":0,"z":0}},{"acceleration":{"y":0,"x":0,"z":0},"position":{"y":4182671.24,"x":552649.85,"z":10.13},"volume":180.7,"type":"VEHICLE","velocity":{"y":0,"x":0,"z":0}},{"acceleration":{"y":0,"x":0,"z":0},"position":{"y":4182690.61,"x":552646.7,"z":10.65},"volume":0.03,"type":"PEDESTRIAN","velocity":{"y":0,"x":0,"z":0}}],[],[],[],[{"acceleration":{"y":0,"x":0,"z":0},"position":{"y":4182674.96,"x":552646.07,"z":10.42},"volume":8.46,"type":"VEHICLE","velocity":{"y":0,"x":0,"z":0}}],[{"acceleration":{"y":0.02,"x":0.02,"z":0},"position":{"y":4182675.85,"x":552648.14,"z":10.36},"volume":5.97,"type":"VEHICLE","velocity":{"y":0.5,"x":2.81,"z":0}}]],"action_description":"NPC vehicle (BoxTruck) driving on the right lane","ev_state":[-188.596740722656,10.1237764358521,193.673583984375,0,0,0,12,-1,0.0356288477778435,89.3936157226563,359.979370117188,8.396892050520812],"collision_probability":0}
 timestamp= 1619818759000 [RUN] Validate G1 Guard Condition: 
The ego vehicle E Detection.Collision == True.
 timestamp= 1619818759000 [RES] Global Validate result: 
false
 timestamp= 1619818759000 [RUN] Validate G2 Guard Condition: 
The ego vehicle E Detection.OffRoad == True.
 timestamp= 1619818759000 [RES] Global Validate result: 
false
 timestamp= 1619818759000 [RUN] Validate G3 Guard Condition: 
The ego vehicle E Detection.HardBrake == True.
 timestamp= 1619818759000 [RES] Global Validate result: 
false
 timestamp= 1619818759000 [RUN] Validate G4 Guard Condition: 
The ego vehicle E Detection.ArrivalTest == True.
 timestamp= 1619818759000 [RES] Global Validate result: 
false
 timestamp= 1619818759000 [RUN] Validate step: 
The test system VALIDATES THAT the Apollo A Status.GetControl is nearly equal to {"acceleration": -0.13, "throttle": 0.0, "steering_target": 1.02, "brake": 14.5, "steering_rate": 100.0, "speed": 8.54}
 timestamp= 1619818759000 [RES] Validate result: 
true
 timestamp= 1619818759000 [RUN] Generate steps
 timestamp= 1619818759000 [RUN] Validate step: 
The test system VALIDATES THAT the simulator S Status.GetEnvironment is nearly equal to {"x": -188.6, "y": 10.12, "z": 193.67, "rain": 0.0, "fog": 0.0, "wetness": 0.0, "timeofday": 12.0, "signal": -1.0, "rx": 0.04, "ry": 89.39, "rz": 359.98, "speed": 8.4}
 timestamp= 1619818759000 [RES] Validate result: 
true
 timestamp= 1619818759000 [RUN] Execute API step: 
The environment controller C INVOKES API Control.Agents.NPCVehicle.NPCVehicleMaintainLane(which_lane=Right_Lane&which_car=BoxTruck).
 timestamp= 1619818764000 [RES] API result: 
{"pose_arr":[{"vx":0.09,"ay":0.62,"az":9.81,"ax":0.01,"pz":10.12,"vy":0.09,"px":552683.36,"py":4182679.67},{"vx":0.09,"ay":0.01,"az":9.8,"ax":-0.02,"pz":10.12,"vy":0.09,"px":552687.6,"py":4182679.72},{"vx":0.02,"ay":0.61,"az":9.81,"ax":0.08,"pz":10.12,"vy":0.02,"px":552691.84,"py":4182679.76},{"vx":0.06,"ay":0.6,"az":9.81,"ax":-0.34,"pz":10.12,"vy":0.06,"px":552695.92,"py":4182679.77},{"vx":-0.04,"ay":0.61,"az":9.81,"ax":0.11,"pz":10.12,"vy":-0.04,"px":552699.65,"py":4182679.79},{"vx":0.04,"ay":0.59,"az":9.81,"ax":0.02,"pz":10.12,"vy":0.04,"px":552703.05,"py":4182679.78},{"vx":0.03,"ay":0.58,"az":9.81,"ax":-0.09,"pz":10.12,"vy":0.03,"px":552706.74,"py":4182679.8},{"vx":-0.02,"ay":0.64,"az":9.8,"ax":0.26,"pz":10.13,"vy":-0.02,"px":552710.33,"py":4182679.81},{"vx":0.06,"ay":0.72,"az":9.81,"ax":-0.03,"pz":10.13,"vy":0.06,"px":552713.14,"py":4182679.81}],"traffic_light":[1,1,1,1,1,1,1,1],"state_arr":[{"acceleration":0.04,"throttle":15.7,"steering_target":0.09,"brake":0,"steering_rate":100,"speed":8.4},{"acceleration":-0.18,"throttle":0,"steering_target":-0.92,"brake":14.5,"steering_rate":100,"speed":8.33},{"acceleration":-0.22,"throttle":0,"steering_target":0.66,"brake":14.5,"steering_rate":100,"speed":8.04},{"acceleration":-0.38,"throttle":0,"steering_target":-0.97,"brake":14.5,"steering_rate":100,"speed":7.74},{"acceleration":-0.29,"throttle":0,"steering_target":-0.37,"brake":14.5,"steering_rate":100,"speed":7.47},{"acceleration":-0.25,"throttle":0,"steering_target":1.46,"brake":14.5,"steering_rate":100,"speed":7.19},{"acceleration":-0.39,"throttle":0,"steering_target":-0.97,"brake":14.5,"steering_rate":100,"speed":6.96},{"acceleration":-0.63,"throttle":0,"steering_target":-0.54,"brake":15.06,"steering_rate":100,"speed":6.76},{"acceleration":-0.78,"throttle":0,"steering_target":1.61,"brake":16.92,"steering_rate":100,"speed":6.44}],"obstacle_arr":[[{"acceleration":{"y":0.06,"x":0.1,"z":0},"position":{"y":4182676.04,"x":552650.42,"z":11.09},"volume":1.82,"type":"VEHICLE","velocity":{"y":0.34,"x":2.76,"z":0}},{"acceleration":{"y":0,"x":0,"z":0},"position":{"y":4182672.08,"x":552652.95,"z":10.3},"volume":48.69,"type":"VEHICLE","velocity":{"y":0,"x":0,"z":0}}],[{"acceleration":{"y":-0.52,"x":0.26,"z":0},"position":{"y":4182676.32,"x":552653.98,"z":11.06},"volume":1.4,"type":"VEHICLE","velocity":{"y":-0.22,"x":2.98,"z":0}},{"acceleration":{"y":0,"x":-0.02,"z":0},"position":{"y":4182671.5,"x":552652.05,"z":10.25},"volume":59.39,"type":"VEHICLE","velocity":{"y":-0.12,"x":-1.21,"z":0}}],[{"acceleration":{"y":0.21,"x":-1.24,"z":0},"position":{"y":4182677.2,"x":552657.5,"z":10.98},"volume":0.39,"type":"VEHICLE","velocity":{"y":0.09,"x":2.01,"z":0}},{"acceleration":{"y":-0.01,"x":0.01,"z":0},"position":{"y":4182673.16,"x":552684.22,"z":10.11},"volume":118.12,"type":"VEHICLE","velocity":{"y":0.2,"x":-0.77,"z":0}},{"acceleration":{"y":-0.02,"x":-0.03,"z":0},"position":{"y":4182671.42,"x":552651.79,"z":10.89},"volume":56.95,"type":"VEHICLE","velocity":{"y":0,"x":0,"z":0}}],[{"acceleration":{"y":-0.11,"x":-2.13,"z":0},"position":{"y":4182677.76,"x":552661.2,"z":10.98},"volume":0.8,"type":"VEHICLE","velocity":{"y":0.03,"x":0.6,"z":0}},{"acceleration":{"y":-0.35,"x":1.17,"z":0},"position":{"y":4182673.43,"x":552684.97,"z":10.11},"volume":115,"type":"VEHICLE","velocity":{"y":0,"x":0,"z":0}}],[{"acceleration":{"y":-0.02,"x":0.06,"z":0},"position":{"y":4182673.67,"x":552684.53,"z":10.12},"volume":96.32,"type":"VEHICLE","velocity":{"y":0,"x":0,"z":0}}],[{"acceleration":{"y":-0.01,"x":-0.17,"z":0},"position":{"y":4182678.17,"x":552665.51,"z":10.87},"volume":3.72,"type":"VEHICLE","velocity":{"y":0,"x":0,"z":0}},{"acceleration":{"y":0,"x":0,"z":0},"position":{"y":4182673.95,"x":552684.71,"z":10.1},"volume":99.49,"type":"VEHICLE","velocity":{"y":0,"x":0,"z":0}}],[{"acceleration":{"y":0,"x":0,"z":0},"position":{"y":4182674.43,"x":552685.73,"z":10.12},"volume":74.73,"type":"VEHICLE","velocity":{"y":0,"x":0,"z":0}}],[{"acceleration":{"y":0,"x":0,"z":0},"position":{"y":4182674.71,"x":552687.54,"z":10.11},"volume":92.6,"type":"VEHICLE","velocity":{"y":0,"x":0,"z":0}},{"acceleration":{"y":0,"x":0.02,"z":0},"position":{"y":4182679.16,"x":552671.59,"z":10.79},"volume":6.74,"type":"VEHICLE","velocity":{"y":0,"x":0,"z":0}}]],"action_description":"NPC vehicle (BoxTruck) driving on the right lane","ev_state":[-158.942321777344,10.1242418289185,193.808258056641,0,0,0,12,-1,0.04166005179286,89.5093536376953,359.963806152344,6.162680982938369],"collision_probability":0}
 timestamp= 1619818764000 [RUN] Validate G1 Guard Condition: 
The ego vehicle E Detection.Collision == True.
 timestamp= 1619818764000 [RES] Global Validate result: 
false
 timestamp= 1619818764000 [RUN] Validate G2 Guard Condition: 
The ego vehicle E Detection.OffRoad == True.
 timestamp= 1619818764000 [RES] Global Validate result: 
false
 timestamp= 1619818764000 [RUN] Validate G3 Guard Condition: 
The ego vehicle E Detection.HardBrake == True.
 timestamp= 1619818764000 [RES] Global Validate result: 
false
 timestamp= 1619818764000 [RUN] Validate G4 Guard Condition: 
The ego vehicle E Detection.ArrivalTest == True.
 timestamp= 1619818764000 [RES] Global Validate result: 
false
 timestamp= 1619818764000 [RUN] Validate step: 
The test system VALIDATES THAT the Apollo A Status.GetControl is nearly equal to {"acceleration": -0.78, "throttle": 0.0, "steering_target": 1.61, "brake": 16.92, "steering_rate": 100.0, "speed": 6.44}
 timestamp= 1619818764000 [RES] Validate result: 
true
 timestamp= 1619818764000 [RUN] Generate steps
 timestamp= 1619818764000 [RUN] Validate step: 
The test system VALIDATES THAT the simulator S Status.GetEnvironment is nearly equal to {"x": -158.94, "y": 10.12, "z": 193.81, "rain": 0.0, "fog": 0.0, "wetness": 0.0, "timeofday": 12.0, "signal": -1.0, "rx": 0.04, "ry": 89.51, "rz": 359.96, "speed": 6.16}
 timestamp= 1619818764000 [RES] Validate result: 
true
 timestamp= 1619818764000 [RUN] Execute API step: 
The environment controller C INVOKES API Control.Agents.NPCVehicle.NPCVehicleMaintainLane(which_lane=Right_Lane&which_car=BoxTruck).
 timestamp= 1619818768000 [RES] API result: 
{"pose_arr":[{"vx":0.02,"ay":1.99,"az":9.81,"ax":-0.01,"pz":10.13,"vy":0.02,"px":552716.28,"py":4182679.84},{"vx":0,"ay":0.55,"az":9.8,"ax":0.07,"pz":10.13,"vy":0,"px":552718.56,"py":4182679.85},{"vx":0.01,"ay":1.67,"az":9.81,"ax":0.04,"pz":10.13,"vy":0.01,"px":552721.05,"py":4182679.85},{"vx":0.01,"ay":0.71,"az":9.81,"ax":0,"pz":10.13,"vy":0.01,"px":552723.29,"py":4182679.85},{"vx":0,"ay":0.62,"az":9.8,"ax":0,"pz":10.13,"vy":0,"px":552724.99,"py":4182679.86},{"vx":0,"ay":0.62,"az":9.81,"ax":0,"pz":10.13,"vy":0,"px":552726.57,"py":4182679.86},{"vx":0,"ay":0.75,"az":9.81,"ax":0,"pz":10.13,"vy":0,"px":552728.01,"py":4182679.86},{"vx":0,"ay":0.79,"az":9.81,"ax":0,"pz":10.13,"vy":0,"px":552729.3,"py":4182679.86}],"traffic_light":[1,1,1,1,1,1,1,1],"state_arr":[{"acceleration":-0.86,"throttle":0,"steering_target":-0.64,"brake":34.59,"steering_rate":100,"speed":6.16},{"acceleration":-0.45,"throttle":0,"steering_target":-0.97,"brake":14.5,"steering_rate":100,"speed":5.16},{"acceleration":-0.62,"throttle":0,"steering_target":0.27,"brake":15.09,"steering_rate":100,"speed":4.89},{"acceleration":-0.66,"throttle":0,"steering_target":0.26,"brake":15.93,"steering_rate":100,"speed":4.4},{"acceleration":-0.74,"throttle":0,"steering_target":-0.15,"brake":16.93,"steering_rate":100,"speed":4.09},{"acceleration":-0.5,"throttle":0,"steering_target":-0.19,"brake":14.5,"steering_rate":100,"speed":3.45},{"acceleration":-0.68,"throttle":0,"steering_target":-0.09,"brake":16.47,"steering_rate":100,"speed":3.21},{"acceleration":-0.79,"throttle":0,"steering_target":-0.07,"brake":18.34,"steering_rate":100,"speed":2.95},{"acceleration":-0.83,"throttle":0,"steering_target":-0.08,"brake":19.05,"steering_rate":100,"speed":2.58},{"acceleration":-0.88,"throttle":0,"steering_target":-0.07,"brake":19.5,"steering_rate":100,"speed":2.26}],"obstacle_arr":[[{"acceleration":{"y":0,"x":0,"z":0},"position":{"y":4182674.96,"x":552689.68,"z":10.08},"volume":67.9,"type":"VEHICLE","velocity":{"y":0,"x":0,"z":0}},{"acceleration":{"y":0.02,"x":0.1,"z":0},"position":{"y":4182679.18,"x":552672.84,"z":10.78},"volume":1.47,"type":"VEHICLE","velocity":{"y":0.76,"x":4.6,"z":0}}],[{"acceleration":{"y":-0.3,"x":-0.05,"z":0},"position":{"y":4182678.97,"x":552674.82,"z":10.81},"volume":0.44,"type":"VEHICLE","velocity":{"y":0.44,"x":4.56,"z":0}}],[{"acceleration":{"y":-0.8,"x":-1.6,"z":0},"position":{"y":4182678.83,"x":552676.29,"z":10.72},"volume":0.26,"type":"VEHICLE","velocity":{"y":-0.18,"x":3.12,"z":0}},{"acceleration":{"y":0,"x":0,"z":0},"position":{"y":4182675.1,"x":552697.53,"z":10.4},"volume":20.02,"type":"VEHICLE","velocity":{"y":0,"x":0,"z":0}}],[{"acceleration":{"y":-0.41,"x":-3.68,"z":0},"position":{"y":4182678.74,"x":552678.04,"z":10.71},"volume":1.45,"type":"VEHICLE","velocity":{"y":-0.38,"x":0.72,"z":0}},{"acceleration":{"y":0,"x":0,"z":0},"position":{"y":4182675.25,"x":552697.76,"z":10.54},"volume":55.52,"type":"VEHICLE","velocity":{"y":0,"x":0,"z":0}}],[{"acceleration":{"y":0.5,"x":-1.81,"z":0},"position":{"y":4182679.13,"x":552679.47,"z":10.71},"volume":12.14,"type":"VEHICLE","velocity":{"y":0,"x":0,"z":0}},{"acceleration":{"y":0,"x":0,"z":0},"position":{"y":4182675.78,"x":552704.5,"z":10.67},"volume":2.33,"type":"VEHICLE","velocity":{"y":0,"x":0,"z":0}}],[{"acceleration":{"y":0.03,"x":-0.1,"z":0},"position":{"y":4182678.79,"x":552683.38,"z":10.75},"volume":0.21,"type":"VEHICLE","velocity":{"y":0,"x":0,"z":0}},{"acceleration":{"y":0,"x":0,"z":0},"position":{"y":4182676.03,"x":552707.29,"z":10.78},"volume":1.76,"type":"VEHICLE","velocity":{"y":0,"x":0,"z":0}}],[{"acceleration":{"y":-0.06,"x":1.46,"z":0},"position":{"y":4182679.19,"x":552686.02,"z":10.78},"volume":2.11,"type":"VEHICLE","velocity":{"y":-0.05,"x":1.25,"z":0}}],[{"acceleration":{"y":-0.01,"x":0.57,"z":0},"position":{"y":4182679.23,"x":552689.29,"z":10.84},"volume":3.33,"type":"VEHICLE","velocity":{"y":-0.03,"x":1.14,"z":0}},{"acceleration":{"y":0.01,"x":0.06,"z":0},"position":{"y":4182676.53,"x":552712.12,"z":10.41},"volume":18.31,"type":"VEHICLE","velocity":{"y":0.16,"x":1.66,"z":0}}]],"action_description":"NPC vehicle (BoxTruck) driving on the right lane","ev_state":[-143.12370300293,10.1247491836548,193.842575073242,0,0,0,12,-1,0.0489444173872471,89.9739685058594,0.000320752180414274,2.258604101076577],"collision_probability":0}
 timestamp= 1619818768000 [RUN] Validate G1 Guard Condition: 
The ego vehicle E Detection.Collision == True.
 timestamp= 1619818768000 [RES] Global Validate result: 
false
 timestamp= 1619818768000 [RUN] Validate G2 Guard Condition: 
The ego vehicle E Detection.OffRoad == True.
 timestamp= 1619818768000 [RES] Global Validate result: 
false
 timestamp= 1619818768000 [RUN] Validate G3 Guard Condition: 
The ego vehicle E Detection.HardBrake == True.
 timestamp= 1619818768000 [RES] Global Validate result: 
false
 timestamp= 1619818768000 [RUN] Validate G4 Guard Condition: 
The ego vehicle E Detection.ArrivalTest == True.
 timestamp= 1619818768000 [RES] Global Validate result: 
false
 timestamp= 1619818768000 [RUN] Validate step: 
The test system VALIDATES THAT the Apollo A Status.GetControl is nearly equal to {"acceleration": -0.88, "throttle": 0.0, "steering_target": -0.07, "brake": 19.5, "steering_rate": 100.0, "speed": 2.26}
 timestamp= 1619818768000 [RES] Validate result: 
true
 timestamp= 1619818768000 [RUN] Generate steps
 timestamp= 1619818768000 [RUN] Validate step: 
The test system VALIDATES THAT the simulator S Status.GetEnvironment is nearly equal to {"x": -143.12, "y": 10.12, "z": 193.84, "rain": 0.0, "fog": 0.0, "wetness": 0.0, "timeofday": 12.0, "signal": -1.0, "rx": 0.05, "ry": 89.97, "rz": 0.0, "speed": 2.26}
 timestamp= 1619818768000 [RES] Validate result: 
true
 timestamp= 1619818768000 [RUN] Execute API step: 
The environment controller C INVOKES API Control.Agents.NPCVehicle.NPCVehicleMaintainLane(which_lane=Right_Lane&which_car=BoxTruck).
 timestamp= 1619818773000 [RES] API result: 
{"pose_arr":[{"vx":0,"ay":0.87,"az":9.81,"ax":0,"pz":10.13,"vy":0,"px":552729.65,"py":4182679.86},{"vx":0,"ay":0.89,"az":9.81,"ax":0,"pz":10.13,"vy":0,"px":552730.49,"py":4182679.86},{"vx":0,"ay":0.68,"az":9.8,"ax":0,"pz":10.13,"vy":0,"px":552731.28,"py":4182679.86},{"vx":0,"ay":0.66,"az":9.81,"ax":0,"pz":10.13,"vy":0,"px":552731.94,"py":4182679.86},{"vx":0,"ay":0.62,"az":9.81,"ax":0,"pz":10.13,"vy":0,"px":552732.44,"py":4182679.86},{"vx":0,"ay":0.58,"az":9.81,"ax":0,"pz":10.13,"vy":0,"px":552732.84,"py":4182679.86},{"vx":0,"ay":0.05,"az":9.81,"ax":0,"pz":10.13,"vy":0,"px":552733.02,"py":4182679.86},{"vx":0,"ay":0,"az":9.81,"ax":0,"pz":10.12,"vy":0,"px":552733.02,"py":4182679.86},{"vx":0,"ay":0,"az":9.81,"ax":0,"pz":10.12,"vy":0,"px":552733.02,"py":4182679.86}],"traffic_light":[1,3,3,3,3,3,3,3],"state_arr":[{"acceleration":-0.72,"throttle":0,"steering_target":-0.01,"brake":17.4,"steering_rate":100,"speed":1.98},{"acceleration":-0.69,"throttle":0,"steering_target":-0.03,"brake":16.99,"steering_rate":100,"speed":1.62},{"acceleration":-0.75,"throttle":0,"steering_target":-0.05,"brake":18.02,"steering_rate":100,"speed":1.49},{"acceleration":-0.71,"throttle":0,"steering_target":-0.07,"brake":17.37,"steering_rate":100,"speed":1.15},{"acceleration":-0.65,"throttle":0,"steering_target":-0.08,"brake":16.4,"steering_rate":100,"speed":0.83},{"acceleration":-0.58,"throttle":0,"steering_target":-0.09,"brake":15.27,"steering_rate":100,"speed":0.54},{"acceleration":-3,"throttle":0,"steering_target":-0.1,"brake":69.95,"steering_rate":100,"speed":0},{"acceleration":-3,"throttle":0,"steering_target":-0.1,"brake":69.98,"steering_rate":100,"speed":0},{"acceleration":-3,"throttle":0,"steering_target":-0.1,"brake":69.99,"steering_rate":100,"speed":0}],"obstacle_arr":[[{"acceleration":{"y":0.03,"x":0.29,"z":0},"position":{"y":4182679.24,"x":552690.71,"z":10.88},"volume":0.38,"type":"VEHICLE","velocity":{"y":0,"x":1.22,"z":0}},{"acceleration":{"y":0.01,"x":0.11,"z":0},"position":{"y":4182676.87,"x":552714.79,"z":10.73},"volume":1.42,"type":"VEHICLE","velocity":{"y":0.36,"x":3.73,"z":0}}],[{"acceleration":{"y":0.02,"x":-1.27,"z":0},"position":{"y":4182679.26,"x":552693.88,"z":10.96},"volume":0.78,"type":"VEHICLE","velocity":{"y":0,"x":0,"z":0}},{"acceleration":{"y":0.13,"x":1.72,"z":0},"position":{"y":4182677.11,"x":552717.46,"z":10.52},"volume":7.38,"type":"VEHICLE","velocity":{"y":0.39,"x":4.47,"z":0}}],[{"acceleration":{"y":-0.01,"x":-0.35,"z":0},"position":{"y":4182679.29,"x":552696.52,"z":11.03},"volume":0.36,"type":"VEHICLE","velocity":{"y":0,"x":0,"z":0}},{"acceleration":{"y":0.11,"x":1.74,"z":0},"position":{"y":4182677.35,"x":552719.94,"z":10.42},"volume":9.87,"type":"VEHICLE","velocity":{"y":0.47,"x":5.46,"z":0}},{"acceleration":{"y":0,"x":0,"z":0},"position":{"y":4182665.39,"x":552733.16,"z":10.32},"volume":94.61,"type":"VEHICLE","velocity":{"y":0,"x":0,"z":0}}],[{"acceleration":{"y":0,"x":-0.02,"z":0},"position":{"y":4182679.6,"x":552699.35,"z":11.12},"volume":0.19,"type":"VEHICLE","velocity":{"y":0,"x":0,"z":0}},{"acceleration":{"y":-0.22,"x":-0.64,"z":0},"position":{"y":4182677.67,"x":552722.83,"z":10.51},"volume":10.65,"type":"VEHICLE","velocity":{"y":0.25,"x":4.66,"z":0}},{"acceleration":{"y":0,"x":0.01,"z":0},"position":{"y":4182665.66,"x":552734.3,"z":10.32},"volume":117.7,"type":"VEHICLE","velocity":{"y":0.26,"x":1.12,"z":0}}],[{"acceleration":{"y":0,"x":0,"z":0},"position":{"y":4182679.88,"x":552702.05,"z":11.21},"volume":0.23,"type":"VEHICLE","velocity":{"y":0,"x":0,"z":0}},{"acceleration":{"y":-0.11,"x":-1.85,"z":0},"position":{"y":4182678.03,"x":552726.11,"z":10.74},"volume":2.31,"type":"VEHICLE","velocity":{"y":0.23,"x":3.64,"z":0}},{"acceleration":{"y":-0.28,"x":-1.18,"z":0},"position":{"y":4182666.18,"x":552734.75,"z":10.32},"volume":115.88,"type":"VEHICLE","velocity":{"y":0,"x":0,"z":0}}],[{"acceleration":{"y":0,"x":0,"z":0},"position":{"y":4182680.1,"x":552705.34,"z":10.68},"volume":0,"type":"VEHICLE","velocity":{"y":0,"x":0,"z":0}},{"acceleration":{"y":-0.23,"x":-1.69,"z":0},"position":{"y":4182678.24,"x":552727.89,"z":10.67},"volume":4.1,"type":"VEHICLE","velocity":{"y":0.02,"x":2.25,"z":0}},{"acceleration":{"y":0.78,"x":0.57,"z":0},"position":{"y":4182666.79,"x":552734.97,"z":10.32},"volume":123.96,"type":"VEHICLE","velocity":{"y":0.63,"x":0.51,"z":0}}],[{"acceleration":{"y":0,"x":0,"z":0},"position":{"y":4182680.51,"x":552708.03,"z":10.86},"volume":0,"type":"VEHICLE","velocity":{"y":0,"x":0,"z":0}},{"acceleration":{"y":-0.37,"x":-1.97,"z":0},"position":{"y":4182678.24,"x":552728.1,"z":10.37},"volume":8.29,"type":"VEHICLE","velocity":{"y":-0.2,"x":0.97,"z":0}},{"acceleration":{"y":-0.27,"x":-0.03,"z":0},"position":{"y":4182666.69,"x":552735,"z":10.32},"volume":116.43,"type":"VEHICLE","velocity":{"y":0.16,"x":0.27,"z":0}}],[{"acceleration":{"y":0,"x":0,"z":0},"position":{"y":4182680.44,"x":552710.21,"z":10.39},"volume":0.09,"type":"VEHICLE","velocity":{"y":0,"x":0,"z":0}},{"acceleration":{"y":0.22,"x":-2,"z":0},"position":{"y":4182678.26,"x":552728.19,"z":10.5},"volume":7.74,"type":"VEHICLE","velocity":{"y":0,"x":0,"z":0}},{"acceleration":{"y":-0.42,"x":-0.56,"z":0},"position":{"y":4182666.98,"x":552735.41,"z":10.33},"volume":103.68,"type":"VEHICLE","velocity":{"y":0,"x":0,"z":0}}]],"action_description":"NPC vehicle (BoxTruck) driving on the right lane","ev_state":[-139.615707397461,10.1248044967651,193.842575073242,0,0,0,12,1,0.000112416986667085,90.0052185058594,0.00000284902148450783,0.00008635219999009835],"collision_probability":0}
 timestamp= 1619818773000 [RUN] Validate G1 Guard Condition: 
The ego vehicle E Detection.Collision == True.
 timestamp= 1619818773000 [RES] Global Validate result: 
false
 timestamp= 1619818773000 [RUN] Validate G2 Guard Condition: 
The ego vehicle E Detection.OffRoad == True.
 timestamp= 1619818773000 [RES] Global Validate result: 
false
 timestamp= 1619818773000 [RUN] Validate G3 Guard Condition: 
The ego vehicle E Detection.HardBrake == True.
 timestamp= 1619818773000 [RES] Global Validate result: 
false
 timestamp= 1619818773000 [RUN] Validate G4 Guard Condition: 
The ego vehicle E Detection.ArrivalTest == True.
 timestamp= 1619818773000 [RES] Global Validate result: 
true
 timestamp= 1619818773000 [RUN] ArrivalTest == True
 timestamp= 1619818773000 [RUN] The simulator S INVOKES API Command.Simulation.Stop() to stop simulation.
 timestamp= 1619818773000 [WARNING] The test system Stop the Simulator S!
 timestamp= 1619818773000 [RES] Basic PostCondition Validate result: 
true
 timestamp= 1619818773000 [STOP] numberOfStep: 40 basicFlow: 
[{"name":"","description":"","eClass":"Sentence","content":"The test system VALIDATES THAT the simulator S Status.GetEnvironment is nearly equal to {\"x\": -440.87, \"y\": 10.12, \"z\": 213.91, \"rain\": 0.0, \"fog\": 0.0, \"wetness\": 0.0, \"timeofday\": 12.0, \"signal\": 1.0, \"rx\": 359.97, \"ry\": 210.06, \"rz\": 0.0, \"speed\": 3.2}","natures":[]},{"name":"","description":"","eClass":"Sentence","content":"The environment controller C INVOKES API Control.Agents.NPCVehicle.NPCVehicleMaintainLane(which_lane=Right_Lane&which_car=BoxTruck).","natures":[]},{"name":"","description":"","eClass":"Sentence","content":"The test system VALIDATES THAT the Apollo A Status.GetControl is nearly equal to {\"acceleration\": -0.37, \"throttle\": 0.0, \"steering_target\": 26.28, \"brake\": 14.5, \"steering_rate\": 100.0, \"speed\": 3.36}","natures":[]},{"name":"","description":"","eClass":"Sentence","content":"The test system VALIDATES THAT the simulator S Status.GetEnvironment is nearly equal to {\"x\": -446.98, \"y\": 10.12, \"z\": 201.65, \"rain\": 0.0, \"fog\": 0.0, \"wetness\": 0.0, \"timeofday\": 12.0, \"signal\": 1.0, \"rx\": -0.0, \"ry\": 197.49, \"rz\": 359.81, \"speed\": 3.36}","natures":[]},{"name":"","description":"","eClass":"Sentence","content":"The environment controller C INVOKES API Control.Agents.NPCVehicle.NPCVehicleMaintainLane(which_lane=Right_Lane&which_car=BoxTruck).","natures":[]},{"name":"","description":"","eClass":"Sentence","content":"The test system VALIDATES THAT the Apollo A Status.GetControl is nearly equal to {\"acceleration\": 0.6, \"throttle\": 20.74, \"steering_target\": 28.77, \"brake\": 0.0, \"steering_rate\": 100.0, \"speed\": 2.73}","natures":[]},{"name":"","description":"","eClass":"Sentence","content":"The test system VALIDATES THAT the simulator S Status.GetEnvironment is nearly equal to {\"x\": -441.95, \"y\": 10.12, \"z\": 191.7, \"rain\": 0.0, \"fog\": 0.0, \"wetness\": 0.0, \"timeofday\": 12.0, \"signal\": 0.0, \"rx\": 0.04, \"ry\": 119.12, \"rz\": 359.82, \"speed\": 2.73}","natures":[]},{"name":"","description":"","eClass":"Sentence","content":"The environment controller C INVOKES API Control.Agents.NPCVehicle.NPCVehicleMaintainLane(which_lane=Right_Lane&which_car=BoxTruck).","natures":[]},{"name":"","description":"","eClass":"Sentence","content":"The test system VALIDATES THAT the Apollo A Status.GetControl is nearly equal to {\"acceleration\": 0.66, \"throttle\": 15.7, \"steering_target\": 4.89, \"brake\": 0.0, \"steering_rate\": 100.0, \"speed\": 6.7}","natures":[]},{"name":"","description":"","eClass":"Sentence","content":"The test system VALIDATES THAT the simulator S Status.GetEnvironment is nearly equal to {\"x\": -421.79, \"y\": 10.12, \"z\": 189.49, \"rain\": 0.0, \"fog\": 0.0, \"wetness\": 0.0, \"timeofday\": 12.0, \"signal\": -1.0, \"rx\": 359.96, \"ry\": 91.15, \"rz\": -0.0, \"speed\": 6.7}","natures":[]},{"name":"","description":"","eClass":"Sentence","content":"The environment controller C INVOKES API Control.Agents.NPCVehicle.NPCVehicleMaintainLane(which_lane=Right_Lane&which_car=BoxTruck).","natures":[]},{"name":"","description":"","eClass":"Sentence","content":"The test system VALIDATES THAT the Apollo A Status.GetControl is nearly equal to {\"acceleration\": 0.12, \"throttle\": 15.7, \"steering_target\": 0.39, \"brake\": 0.0, \"steering_rate\": 100.0, \"speed\": 8.39}","natures":[]},{"name":"","description":"","eClass":"Sentence","content":"The test system VALIDATES THAT the simulator S Status.GetEnvironment is nearly equal to {\"x\": -390.66, \"y\": 10.12, \"z\": 189.7, \"rain\": 0.0, \"fog\": 0.0, \"wetness\": 0.0, \"timeofday\": 12.0, \"signal\": -1.0, \"rx\": 359.98, \"ry\": 89.57, \"rz\": 0.01, \"speed\": 8.45}","natures":[]},{"name":"","description":"","eClass":"Sentence","content":"The environment controller C INVOKES API Control.Agents.NPCVehicle.NPCVehicleMaintainLane(which_lane=Right_Lane&which_car=BoxTruck).","natures":[]},{"name":"","description":"","eClass":"Sentence","content":"The test system VALIDATES THAT the Apollo A Status.GetControl is nearly equal to {\"acceleration\": -0.09, \"throttle\": 0.0, \"steering_target\": -0.3, \"brake\": 14.5, \"steering_rate\": 100.0, \"speed\": 8.62}","natures":[]},{"name":"","description":"","eClass":"Sentence","content":"The test system VALIDATES THAT the simulator S Status.GetEnvironment is nearly equal to {\"x\": -355.81, \"y\": 10.12, \"z\": 190.02, \"rain\": 0.0, \"fog\": 0.0, \"wetness\": 0.0, \"timeofday\": 12.0, \"signal\": 1.0, \"rx\": 0.0, \"ry\": 89.88, \"rz\": 0.04, \"speed\": 8.57}","natures":[]},{"name":"","description":"","eClass":"Sentence","content":"The environment controller C INVOKES API Control.Agents.NPCVehicle.NPCVehicleMaintainLane(which_lane=Right_Lane&which_car=BoxTruck).","natures":[]},{"name":"","description":"","eClass":"Sentence","content":"The test system VALIDATES THAT the Apollo A Status.GetControl is nearly equal to {\"acceleration\": -0.12, \"throttle\": 0.0, \"steering_target\": 0.06, \"brake\": 14.5, \"steering_rate\": 100.0, \"speed\": 8.83}","natures":[]},{"name":"","description":"","eClass":"Sentence","content":"The test system VALIDATES THAT the simulator S Status.GetEnvironment is nearly equal to {\"x\": -320.37, \"y\": 10.12, \"z\": 190.18, \"rain\": 0.0, \"fog\": 0.0, \"wetness\": 0.0, \"timeofday\": 12.0, \"signal\": 0.0, \"rx\": -0.0, \"ry\": 90.07, \"rz\": 0.0, \"speed\": 8.85}","natures":[]},{"name":"","description":"","eClass":"Sentence","content":"The environment controller C INVOKES API Control.Agents.NPCVehicle.NPCVehicleMaintainLane(which_lane=Right_Lane&which_car=BoxTruck).","natures":[]},{"name":"","description":"","eClass":"Sentence","content":"The test system VALIDATES THAT the Apollo A Status.GetControl is nearly equal to {\"acceleration\": 0.12, \"throttle\": 15.7, \"steering_target\": 0.34, \"brake\": 0.0, \"steering_rate\": 100.0, \"speed\": 8.61}","natures":[]},{"name":"","description":"","eClass":"Sentence","content":"The test system VALIDATES THAT the simulator S Status.GetEnvironment is nearly equal to {\"x\": -286.03, \"y\": 10.12, \"z\": 189.87, \"rain\": 0.0, \"fog\": 0.0, \"wetness\": 0.0, \"timeofday\": 12.0, \"signal\": -1.0, \"rx\": 0.01, \"ry\": 90.46, \"rz\": 359.99, \"speed\": 8.55}","natures":[]},{"name":"","description":"","eClass":"Sentence","content":"The environment controller C INVOKES API Control.Agents.NPCVehicle.NPCVehicleMaintainLane(which_lane=Right_Lane&which_car=BoxTruck).","natures":[]},{"name":"","description":"","eClass":"Sentence","content":"The test system VALIDATES THAT the Apollo A Status.GetControl is nearly equal to {\"acceleration\": 0.07, \"throttle\": 15.7, \"steering_target\": 3.37, \"brake\": 0.0, \"steering_rate\": 100.0, \"speed\": 6.17}","natures":[]},{"name":"","description":"","eClass":"Sentence","content":"The test system VALIDATES THAT the simulator S Status.GetEnvironment is nearly equal to {\"x\": -253.02, \"y\": 10.12, \"z\": 191.05, \"rain\": 0.0, \"fog\": 0.0, \"wetness\": 0.0, \"timeofday\": 12.0, \"signal\": -1.0, \"rx\": 0.06, \"ry\": 85.37, \"rz\": 0.0, \"speed\": 6.17}","natures":[]},{"name":"","description":"","eClass":"Sentence","content":"The environment controller C INVOKES API Control.Agents.NPCVehicle.NPCVehicleMaintainLane(which_lane=Right_Lane&which_car=BoxTruck).","natures":[]},{"name":"","description":"","eClass":"Sentence","content":"The test system VALIDATES THAT the Apollo A Status.GetControl is nearly equal to {\"acceleration\": 0.13, \"throttle\": 15.7, \"steering_target\": 0.2, \"brake\": 0.0, \"steering_rate\": 100.0, \"speed\": 7.89}","natures":[]},{"name":"","description":"","eClass":"Sentence","content":"The test system VALIDATES THAT the simulator S Status.GetEnvironment is nearly equal to {\"x\": -222.56, \"y\": 10.12, \"z\": 193.07, \"rain\": 0.0, \"fog\": 0.0, \"wetness\": 0.0, \"timeofday\": 12.0, \"signal\": -1.0, \"rx\": 0.04, \"ry\": 87.99, \"rz\": 0.01, \"speed\": 7.89}","natures":[]},{"name":"","description":"","eClass":"Sentence","content":"The environment controller C INVOKES API Control.Agents.NPCVehicle.NPCVehicleMaintainLane(which_lane=Right_Lane&which_car=BoxTruck).","natures":[]},{"name":"","description":"","eClass":"Sentence","content":"The test system VALIDATES THAT the Apollo A Status.GetControl is nearly equal to {\"acceleration\": -0.13, \"throttle\": 0.0, \"steering_target\": 1.02, \"brake\": 14.5, \"steering_rate\": 100.0, \"speed\": 8.54}","natures":[]},{"name":"","description":"","eClass":"Sentence","content":"The test system VALIDATES THAT the simulator S Status.GetEnvironment is nearly equal to {\"x\": -188.6, \"y\": 10.12, \"z\": 193.67, \"rain\": 0.0, \"fog\": 0.0, \"wetness\": 0.0, \"timeofday\": 12.0, \"signal\": -1.0, \"rx\": 0.04, \"ry\": 89.39, \"rz\": 359.98, \"speed\": 8.4}","natures":[]},{"name":"","description":"","eClass":"Sentence","content":"The environment controller C INVOKES API Control.Agents.NPCVehicle.NPCVehicleMaintainLane(which_lane=Right_Lane&which_car=BoxTruck).","natures":[]},{"name":"","description":"","eClass":"Sentence","content":"The test system VALIDATES THAT the Apollo A Status.GetControl is nearly equal to {\"acceleration\": -0.78, \"throttle\": 0.0, \"steering_target\": 1.61, \"brake\": 16.92, \"steering_rate\": 100.0, \"speed\": 6.44}","natures":[]},{"name":"","description":"","eClass":"Sentence","content":"The test system VALIDATES THAT the simulator S Status.GetEnvironment is nearly equal to {\"x\": -158.94, \"y\": 10.12, \"z\": 193.81, \"rain\": 0.0, \"fog\": 0.0, \"wetness\": 0.0, \"timeofday\": 12.0, \"signal\": -1.0, \"rx\": 0.04, \"ry\": 89.51, \"rz\": 359.96, \"speed\": 6.16}","natures":[]},{"name":"","description":"","eClass":"Sentence","content":"The environment controller C INVOKES API Control.Agents.NPCVehicle.NPCVehicleMaintainLane(which_lane=Right_Lane&which_car=BoxTruck).","natures":[]},{"name":"","description":"","eClass":"Sentence","content":"The test system VALIDATES THAT the Apollo A Status.GetControl is nearly equal to {\"acceleration\": -0.88, \"throttle\": 0.0, \"steering_target\": -0.07, \"brake\": 19.5, \"steering_rate\": 100.0, \"speed\": 2.26}","natures":[]},{"name":"","description":"","eClass":"Sentence","content":"The test system VALIDATES THAT the simulator S Status.GetEnvironment is nearly equal to {\"x\": -143.12, \"y\": 10.12, \"z\": 193.84, \"rain\": 0.0, \"fog\": 0.0, \"wetness\": 0.0, \"timeofday\": 12.0, \"signal\": -1.0, \"rx\": 0.05, \"ry\": 89.97, \"rz\": 0.0, \"speed\": 2.26}","natures":[]},{"name":"","description":"","eClass":"Sentence","content":"The environment controller C INVOKES API Control.Agents.NPCVehicle.NPCVehicleMaintainLane(which_lane=Right_Lane&which_car=BoxTruck).","natures":[]},{"name":"","description":"","eClass":"Sentence","content":"The test system VALIDATES THAT the Apollo A Status.GetControl is nearly equal to {\"acceleration\": -3.0, \"throttle\": 0.0, \"steering_target\": -0.1, \"brake\": 69.99, \"steering_rate\": 100.0, \"speed\": 0.0}","natures":[]},{"name":"","description":"","eClass":"Sentence","content":"","natures":[]}]
