 timestamp= 1619804699000 [START] Now Run TCS Maintain Lane On Road1 Mode: dynamic Roadnum: 1 Second: 4
 timestamp= 1619804699000 [SUCCESS] TCS Check Success 
 timestamp= 1619804702000 [RUN] Run BasicFlow
 timestamp= 1619804702000 [RUN] Generate steps
 timestamp= 1619804702000 [RUN] Validate step: 
The test system VALIDATES THAT the simulator S Status.GetEnvironment is nearly equal to {"x": 215.36, "y": 10.12, "z": 201.8, "rain": 0.0, "fog": 0.0, "wetness": 0.0, "timeofday": 12.0, "signal": -1.0, "rx": 359.9, "ry": 268.83, "rz": 359.99, "speed": 3.09}
 timestamp= 1619804702000 [RES] Validate result: 
true
 timestamp= 1619804702000 [RUN] Execute API step: 
The environment controller C INVOKES API Control.Agents.Pedestrians.WalkRandomly(which_lane=Current_Lane).
 timestamp= 1619804705000 [RES] API result: 
{"pose_arr":[{"vx":-0.07,"ay":0.96,"az":9.82,"ax":-0.01,"pz":10.12,"vy":-0.07,"px":553090.69,"py":4182687.84},{"vx":-0.1,"ay":0,"az":9.81,"ax":0,"pz":10.12,"vy":-0.1,"px":553088.76,"py":4182687.8},{"vx":-0.08,"ay":0.4,"az":9.82,"ax":-0.01,"pz":10.12,"vy":-0.08,"px":553085.23,"py":4182687.73},{"vx":-0.07,"ay":0.69,"az":9.81,"ax":-0.03,"pz":10.12,"vy":-0.07,"px":553082.21,"py":4182687.68},{"vx":-0.05,"ay":0,"az":9.81,"ax":0,"pz":10.12,"vy":-0.05,"px":553078.97,"py":4182687.64},{"vx":-0.04,"ay":0.26,"az":9.81,"ax":0,"pz":10.12,"vy":-0.04,"px":553074.56,"py":4182687.6},{"vx":-0.03,"ay":1.58,"az":9.8,"ax":0.01,"pz":10.12,"vy":-0.03,"px":553070.91,"py":4182687.58}],"traffic_light":[3,3,3,3,3,3,3],"state_arr":[{"acceleration":1.17,"throttle":46.91,"steering_target":0.45,"brake":0,"steering_rate":100,"speed":3.07},{"acceleration":0.71,"throttle":22.58,"steering_target":-0.58,"brake":0,"steering_rate":100,"speed":4.29},{"acceleration":0.89,"throttle":15.7,"steering_target":-0.61,"brake":0,"steering_rate":100,"speed":4.61},{"acceleration":0.81,"throttle":23.94,"steering_target":-0.43,"brake":0,"steering_rate":100,"speed":5.14},{"acceleration":0.47,"throttle":18.39,"steering_target":-0.56,"brake":0,"steering_rate":100,"speed":5.47},{"acceleration":1.12,"throttle":15.7,"steering_target":-0.14,"brake":0,"steering_rate":100,"speed":5.69},{"acceleration":0.69,"throttle":15.7,"steering_target":-0.31,"brake":0,"steering_rate":100,"speed":6.46}],"obstacle_arr":[[],[],[],[],[],[],[]],"action_description":"Pedestrian walking on the front lane","ev_state":[194.805023193359,10.1241226196289,201.550231933594,0,0,0,12,-1,359.880767822266,269.746154785156,0.00667524291202426,6.785555655424277],"collision_probability":0}
 timestamp= 1619804705000 [RUN] Validate G1 Guard Condition: 
The ego vehicle E Detection.Collision == True.
 timestamp= 1619804705000 [RES] Global Validate result: 
false
 timestamp= 1619804705000 [RUN] Validate G2 Guard Condition: 
The ego vehicle E Detection.OffRoad == True.
 timestamp= 1619804705000 [RES] Global Validate result: 
false
 timestamp= 1619804705000 [RUN] Validate G3 Guard Condition: 
The ego vehicle E Detection.HardBrake == True.
 timestamp= 1619804705000 [RES] Global Validate result: 
false
 timestamp= 1619804705000 [RUN] Validate G4 Guard Condition: 
The ego vehicle E Detection.ArrivalTest == True.
 timestamp= 1619804705000 [RES] Global Validate result: 
false
 timestamp= 1619804705000 [RUN] Validate step: 
The test system VALIDATES THAT the Apollo A Status.GetControl is nearly equal to {"acceleration": 0.69, "throttle": 15.7, "steering_target": -0.31, "brake": 0.0, "steering_rate": 100.0, "speed": 6.46}
 timestamp= 1619804705000 [RES] Validate result: 
true
 timestamp= 1619804705000 [RUN] Generate steps
 timestamp= 1619804705000 [RUN] Validate step: 
The test system VALIDATES THAT the simulator S Status.GetEnvironment is nearly equal to {"x": 194.81, "y": 10.12, "z": 201.55, "rain": 0.0, "fog": 0.0, "wetness": 0.0, "timeofday": 12.0, "signal": -1.0, "rx": 359.88, "ry": 269.75, "rz": 0.01, "speed": 6.79}
 timestamp= 1619804705000 [RES] Validate result: 
true
 timestamp= 1619804705000 [RUN] Execute API step: 
The environment controller C INVOKES API Control.Agents.Pedestrians.WalkRandomly(which_lane=Current_Lane).
 timestamp= 1619804709000 [RES] API result: 
{"pose_arr":[{"vx":-0.01,"ay":0,"az":9.81,"ax":0,"pz":10.12,"vy":-0.01,"px":553066.71,"py":4182687.56},{"vx":-0.01,"ay":0.24,"az":9.81,"ax":0,"pz":10.12,"vy":-0.01,"px":553061.45,"py":4182687.55},{"vx":-0.01,"ay":0.24,"az":9.81,"ax":0,"pz":10.12,"vy":-0.01,"px":553056.78,"py":4182687.55},{"vx":-0.02,"ay":0.31,"az":9.82,"ax":0,"pz":10.12,"vy":-0.02,"px":553052.19,"py":4182687.54},{"vx":-0.03,"ay":-0.96,"az":9.85,"ax":0,"pz":10.12,"vy":-0.03,"px":553047.63,"py":4182687.53},{"vx":0.27,"ay":-19.5,"az":9.73,"ax":-1.55,"pz":10.11,"vy":0.27,"px":553042.66,"py":4182687.52}],"traffic_light":[3,3,3,3,2,2],"state_arr":[{"acceleration":0.83,"throttle":17.53,"steering_target":-0.27,"brake":0,"steering_rate":100,"speed":6.84},{"acceleration":0.61,"throttle":15.7,"steering_target":0.03,"brake":0,"steering_rate":100,"speed":6.99},{"acceleration":0.59,"throttle":15.7,"steering_target":-0.07,"brake":0,"steering_rate":100,"speed":7.16},{"acceleration":0.57,"throttle":15.7,"steering_target":0.13,"brake":0,"steering_rate":100,"speed":7.28},{"acceleration":0.49,"throttle":19.83,"steering_target":0.13,"brake":0,"steering_rate":100,"speed":7.44},{"acceleration":-0.81,"throttle":0,"steering_target":0.21,"brake":24.39,"steering_rate":100,"speed":7.25},{"acceleration":-0.65,"throttle":0,"steering_target":0.08,"brake":16.32,"steering_rate":100,"speed":1.82}],"obstacle_arr":[[],[],[],[],[],[]],"action_description":"Pedestrian walking on the front lane","ev_state":[167.022888183594,10.1132707595825,201.512924194336,0,0,0,12,0,359.580932617188,269.932312011719,358.032836914063,1.8221383501397008],"collision_probability":1}
 timestamp= 1619804709000 [RUN] Validate G1 Guard Condition: 
The ego vehicle E Detection.Collision == True.
 timestamp= 1619804709000 [RES] Global Validate result: 
true
 timestamp= 1619804709000 [RUN] Collision == True
 timestamp= 1619804709000 [RUN] Validate G2 Guard Condition: 
The ego vehicle E Detection.OffRoad == True.
 timestamp= 1619804709000 [RES] Global Validate result: 
false
 timestamp= 1619804709000 [RUN] Validate G3 Guard Condition: 
The ego vehicle E Detection.HardBrake == True.
 timestamp= 1619804709000 [RES] Global Validate result: 
true
 timestamp= 1619804709000 [RUN] HardBrake == True
 timestamp= 1619804709000 [RUN] RESUME STEP @preStep
 timestamp= 1619804709000 [RUN] Resume step basicflow4
 timestamp= 1619804709000 [RUN] Validate G4 Guard Condition: 
The ego vehicle E Detection.ArrivalTest == True.
 timestamp= 1619804709000 [RES] Global Validate result: 
false
 timestamp= 1619804709000 [RUN] Validate step: 
The test system VALIDATES THAT the Apollo A Status.GetControl is nearly equal to {"acceleration": -0.65, "throttle": 0.0, "steering_target": 0.08, "brake": 16.32, "steering_rate": 100.0, "speed": 1.82}
 timestamp= 1619804709000 [RES] Validate result: 
true
 timestamp= 1619804709000 [RUN] Generate steps
 timestamp= 1619804709000 [RUN] Validate step: 
The test system VALIDATES THAT the simulator S Status.GetEnvironment is nearly equal to {"x": 167.02, "y": 10.11, "z": 201.51, "rain": 0.0, "fog": 0.0, "wetness": 0.0, "timeofday": 12.0, "signal": 0.0, "rx": 359.58, "ry": 269.93, "rz": 358.03, "speed": 1.82}
 timestamp= 1619804709000 [RES] Validate result: 
true
 timestamp= 1619804709000 [RUN] Execute API step: 
The environment controller C INVOKES API Control.Agents.Pedestrians.WalkRandomly(which_lane=Current_Lane).
 timestamp= 1619804712000 [RES] API result: 
{"pose_arr":[{"vx":-0.04,"ay":0,"az":9.81,"ax":0,"pz":10.12,"vy":-0.04,"px":553042.02,"py":4182687.54},{"vx":-0.01,"ay":2.79,"az":9.81,"ax":0,"pz":10.12,"vy":-0.01,"px":553041.04,"py":4182687.53},{"vx":-0.04,"ay":-0.49,"az":9.84,"ax":0.05,"pz":10.12,"vy":-0.04,"px":553039.41,"py":4182687.55},{"vx":-0.04,"ay":-0.49,"az":9.81,"ax":0.1,"pz":10.13,"vy":-0.04,"px":553038.38,"py":4182687.56},{"vx":-0.03,"ay":0.9,"az":9.8,"ax":0,"pz":10.12,"vy":-0.03,"px":553036.72,"py":4182687.55},{"vx":-0.03,"ay":0.88,"az":9.83,"ax":-0.01,"pz":10.12,"vy":-0.03,"px":553034.16,"py":4182687.52},{"vx":-0.05,"ay":0.27,"az":9.81,"ax":0,"pz":10.12,"vy":-0.05,"px":553031.17,"py":4182687.5}],"traffic_light":[2,2,2,3,3,3],"state_arr":[{"acceleration":-0.28,"throttle":0,"steering_target":1.54,"brake":14.5,"steering_rate":100,"speed":1.45},{"acceleration":0.97,"throttle":53.68,"steering_target":1.93,"brake":0,"steering_rate":100,"speed":1.66},{"acceleration":-0.1,"throttle":0,"steering_target":2.81,"brake":14.5,"steering_rate":100,"speed":2.68},{"acceleration":0.03,"throttle":15.7,"steering_target":0.91,"brake":0,"steering_rate":100,"speed":2.42},{"acceleration":0.72,"throttle":60.62,"steering_target":-1.64,"brake":0,"steering_rate":100,"speed":2.59},{"acceleration":0.64,"throttle":21.53,"steering_target":-0.72,"brake":0,"steering_rate":100,"speed":3.89},{"acceleration":0.62,"throttle":21.12,"steering_target":0.54,"brake":0,"steering_rate":100,"speed":4.25}],"obstacle_arr":[[],[],[],[],[],[]],"action_description":"Pedestrian walking on the front lane","ev_state":[155.837631225586,10.1245212554932,201.46305847168,0,0,0,12,-1,359.978271484375,269.413299560547,359.993560791016,4.413014333588219],"collision_probability":1}
 timestamp= 1619804712000 [RUN] Validate G1 Guard Condition: 
The ego vehicle E Detection.Collision == True.
 timestamp= 1619804712000 [RES] Global Validate result: 
true
 timestamp= 1619804712000 [RUN] Collision == True
 timestamp= 1619804712000 [RUN] Validate G2 Guard Condition: 
The ego vehicle E Detection.OffRoad == True.
 timestamp= 1619804712000 [RES] Global Validate result: 
false
 timestamp= 1619804712000 [RUN] Validate G3 Guard Condition: 
The ego vehicle E Detection.HardBrake == True.
 timestamp= 1619804712000 [RES] Global Validate result: 
false
 timestamp= 1619804712000 [RUN] Validate G4 Guard Condition: 
The ego vehicle E Detection.ArrivalTest == True.
 timestamp= 1619804712000 [RES] Global Validate result: 
false
 timestamp= 1619804712000 [RUN] Validate step: 
The test system VALIDATES THAT the Apollo A Status.GetControl is nearly equal to {"acceleration": 0.62, "throttle": 21.12, "steering_target": 0.54, "brake": 0.0, "steering_rate": 100.0, "speed": 4.25}
 timestamp= 1619804712000 [RES] Validate result: 
true
 timestamp= 1619804712000 [RUN] Generate steps
 timestamp= 1619804712000 [RUN] Validate step: 
The test system VALIDATES THAT the simulator S Status.GetEnvironment is nearly equal to {"x": 155.84, "y": 10.12, "z": 201.46, "rain": 0.0, "fog": 0.0, "wetness": 0.0, "timeofday": 12.0, "signal": -1.0, "rx": 359.98, "ry": 269.41, "rz": 359.99, "speed": 4.41}
 timestamp= 1619804712000 [RES] Validate result: 
true
 timestamp= 1619804712000 [RUN] Execute API step: 
The environment controller C INVOKES API Control.Agents.Pedestrians.WalkRandomly(which_lane=Current_Lane).
 timestamp= 1619804716000 [RES] API result: 
{"pose_arr":[{"vx":-0.05,"ay":0.27,"az":9.81,"ax":0,"pz":10.12,"vy":-0.05,"px":553029.97,"py":4182687.48},{"vx":-0.04,"ay":-0.53,"az":9.81,"ax":0.01,"pz":10.13,"vy":-0.04,"px":553026.78,"py":4182687.45},{"vx":-0.05,"ay":0.7,"az":9.8,"ax":-0.01,"pz":10.12,"vy":-0.05,"px":553024.95,"py":4182687.43},{"vx":-0.02,"ay":3.78,"az":9.86,"ax":-0.04,"pz":10.11,"vy":-0.02,"px":553021.88,"py":4182687.4},{"vx":-0.04,"ay":-0.66,"az":9.81,"ax":0.01,"pz":10.12,"vy":-0.04,"px":553019.1,"py":4182687.37},{"vx":-0.02,"ay":-3.32,"az":9.81,"ax":0.02,"pz":10.13,"vy":-0.02,"px":553017.81,"py":4182687.36}],"traffic_light":[3,3,3,3,3,3],"state_arr":[{"acceleration":0.91,"throttle":15.7,"steering_target":0.26,"brake":0,"steering_rate":100,"speed":4.41},{"acceleration":-0.32,"throttle":0,"steering_target":-0.12,"brake":14.5,"steering_rate":100,"speed":4.46},{"acceleration":0.72,"throttle":22.73,"steering_target":-0.08,"brake":0,"steering_rate":100,"speed":4.18},{"acceleration":0.84,"throttle":24.83,"steering_target":-0.08,"brake":0,"steering_rate":100,"speed":4.66},{"acceleration":1.49,"throttle":42.42,"steering_target":0.42,"brake":0,"steering_rate":100,"speed":3.52},{"acceleration":-2.64,"throttle":0,"steering_target":-0.27,"brake":40.66,"steering_rate":100,"speed":3.88},{"acceleration":-1.89,"throttle":0,"steering_target":-0.21,"brake":30.39,"steering_rate":100,"speed":2.44},{"acceleration":-1.58,"throttle":0,"steering_target":-0.11,"brake":27.77,"steering_rate":100,"speed":1.47}],"obstacle_arr":[[{"acceleration":{"y":0,"x":0,"z":0},"position":{"y":4182687.17,"x":553039.05,"z":10.39},"volume":0.06,"type":"PEDESTRIAN","velocity":{"y":0.11,"x":0.53,"z":0}},{"acceleration":{"y":0,"x":0,"z":0},"position":{"y":4182687.55,"x":553019.09,"z":10.13},"volume":0.19,"type":"PEDESTRIAN","velocity":{"y":0,"x":0,"z":0}}],[{"acceleration":{"y":0,"x":0,"z":0},"position":{"y":4182687.18,"x":553040.12,"z":10.71},"volume":0.05,"type":"PEDESTRIAN","velocity":{"y":0.11,"x":0.53,"z":0}}],[{"acceleration":{"y":0,"x":0,"z":0},"position":{"y":4182687.09,"x":553039.66,"z":10.56},"volume":0.05,"type":"PEDESTRIAN","velocity":{"y":0.11,"x":0.52,"z":0}},{"acceleration":{"y":0,"x":0,"z":0},"position":{"y":4182667.46,"x":553003.19,"z":10.52},"volume":0.61,"type":"UNKNOWN","velocity":{"y":0,"x":0,"z":0}},{"acceleration":{"y":0,"x":0,"z":0},"position":{"y":4182667.22,"x":553009.28,"z":10.75},"volume":0.89,"type":"UNKNOWN","velocity":{"y":0,"x":0,"z":0}}],[{"acceleration":{"y":0.15,"x":1.24,"z":0},"position":{"y":4182687.15,"x":553039.54,"z":10.72},"volume":0.04,"type":"PEDESTRIAN","velocity":{"y":0,"x":0,"z":0}}],[{"acceleration":{"y":-0.34,"x":-1.45,"z":0},"position":{"y":4182687.4,"x":553018.14,"z":10.87},"volume":0.07,"type":"PEDESTRIAN","velocity":{"y":-0.31,"x":-1.3,"z":0}}],[],[{"acceleration":{"y":0.41,"x":-1.15,"z":0},"position":{"y":4182687.51,"x":553013.78,"z":10.79},"volume":0.1,"type":"PEDESTRIAN","velocity":{"y":0.15,"x":-3.68,"z":0}}]],"action_description":"Pedestrian walking on the front lane","ev_state":[141.214202880859,10.1250276565552,201.3193359375,0,0,0,12,-1,0.0978170782327652,269.547210693359,0.00281279138289392,1.474343107173098],"collision_probability":1}
 timestamp= 1619804716000 [RUN] Validate G1 Guard Condition: 
The ego vehicle E Detection.Collision == True.
 timestamp= 1619804716000 [RES] Global Validate result: 
true
 timestamp= 1619804716000 [RUN] Collision == True
 timestamp= 1619804716000 [RUN] Validate G2 Guard Condition: 
The ego vehicle E Detection.OffRoad == True.
 timestamp= 1619804716000 [RES] Global Validate result: 
false
 timestamp= 1619804716000 [RUN] Validate G3 Guard Condition: 
The ego vehicle E Detection.HardBrake == True.
 timestamp= 1619804716000 [RES] Global Validate result: 
true
 timestamp= 1619804716000 [RUN] HardBrake == True
 timestamp= 1619804716000 [RUN] RESUME STEP @preStep
 timestamp= 1619804716000 [RUN] Resume step basicflow10
 timestamp= 1619804716000 [RUN] Validate G4 Guard Condition: 
The ego vehicle E Detection.ArrivalTest == True.
 timestamp= 1619804716000 [RES] Global Validate result: 
false
 timestamp= 1619804716000 [RUN] Validate step: 
The test system VALIDATES THAT the Apollo A Status.GetControl is nearly equal to {"acceleration": -1.58, "throttle": 0.0, "steering_target": -0.11, "brake": 27.77, "steering_rate": 100.0, "speed": 1.47}
 timestamp= 1619804716000 [RES] Validate result: 
true
 timestamp= 1619804716000 [RUN] Generate steps
 timestamp= 1619804716000 [RUN] Validate step: 
The test system VALIDATES THAT the simulator S Status.GetEnvironment is nearly equal to {"x": 141.21, "y": 10.13, "z": 201.32, "rain": 0.0, "fog": 0.0, "wetness": 0.0, "timeofday": 12.0, "signal": -1.0, "rx": 0.1, "ry": 269.55, "rz": 0.0, "speed": 1.47}
 timestamp= 1619804716000 [RES] Validate result: 
true
 timestamp= 1619804716000 [RUN] Execute API step: 
The environment controller C INVOKES API Control.Agents.Pedestrians.WalkRandomly(which_lane=Current_Lane).
 timestamp= 1619804720000 [RES] API result: 
{"pose_arr":[{"vx":-0.01,"ay":-1.71,"az":9.81,"ax":0.01,"pz":10.13,"vy":-0.01,"px":553016.67,"py":4182687.35},{"vx":0,"ay":0,"az":9.81,"ax":0,"pz":10.13,"vy":0,"px":553016,"py":4182687.34},{"vx":-0.01,"ay":0.7,"az":9.81,"ax":-0.01,"pz":10.12,"vy":-0.01,"px":553015.6,"py":4182687.34},{"vx":-0.01,"ay":-0.47,"az":9.81,"ax":0.01,"pz":10.13,"vy":-0.01,"px":553015.09,"py":4182687.34},{"vx":-0.02,"ay":1.9,"az":9.81,"ax":0.07,"pz":10.12,"vy":-0.02,"px":553014.56,"py":4182687.32},{"vx":-0.01,"ay":4.16,"az":9.79,"ax":0.05,"pz":10.12,"vy":-0.01,"px":553013.73,"py":4182687.3},{"vx":0.07,"ay":-0.49,"az":9.76,"ax":-0.11,"pz":10.12,"vy":0.07,"px":553011.96,"py":4182687.26}],"traffic_light":[0,0,0,0,0,0],"state_arr":[{"acceleration":-0.71,"throttle":0,"steering_target":-0.21,"brake":17.33,"steering_rate":100,"speed":0.8},{"acceleration":0.06,"throttle":27.39,"steering_target":-0.62,"brake":0,"steering_rate":100,"speed":0.52},{"acceleration":-0.22,"throttle":0,"steering_target":-1.44,"brake":14.5,"steering_rate":100,"speed":0.91},{"acceleration":0.4,"throttle":29.59,"steering_target":-1.94,"brake":0,"steering_rate":100,"speed":0.67},{"acceleration":-0.18,"throttle":0,"steering_target":-5.22,"brake":14.5,"steering_rate":100,"speed":2.08},{"acceleration":-0.18,"throttle":0,"steering_target":-4.64,"brake":14.5,"steering_rate":100,"speed":2.8},{"acceleration":0.12,"throttle":15.7,"steering_target":-4.31,"brake":0,"steering_rate":100,"speed":2.92}],"obstacle_arr":[[{"acceleration":{"y":0.65,"x":-1.29,"z":0},"position":{"y":4182687.8,"x":553012.84,"z":10.77},"volume":0.16,"type":"PEDESTRIAN","velocity":{"y":0.48,"x":-4.18,"z":0}},{"acceleration":{"y":0,"x":0,"z":0},"position":{"y":4182667.03,"x":553008.73,"z":10.66},"volume":2.32,"type":"UNKNOWN","velocity":{"y":0,"x":0,"z":0}},{"acceleration":{"y":0,"x":0,"z":0},"position":{"y":4182667.42,"x":553002.94,"z":10.98},"volume":0.5,"type":"VEHICLE","velocity":{"y":0,"x":0,"z":0}}],[{"acceleration":{"y":0.55,"x":0.69,"z":0},"position":{"y":4182688.08,"x":553012.33,"z":10.78},"volume":0.2,"type":"PEDESTRIAN","velocity":{"y":0.8,"x":-1.66,"z":0}},{"acceleration":{"y":0,"x":0,"z":0},"position":{"y":4182666.7,"x":553001.66,"z":10.91},"volume":0.02,"type":"VEHICLE","velocity":{"y":0,"x":0,"z":0}},{"acceleration":{"y":0,"x":0,"z":0},"position":{"y":4182667.09,"x":553008.67,"z":10.62},"volume":3.32,"type":"UNKNOWN","velocity":{"y":0,"x":0,"z":0}}],[{"acceleration":{"y":-0.04,"x":2.56,"z":0},"position":{"y":4182688.36,"x":553012.11,"z":10.85},"volume":0.21,"type":"PEDESTRIAN","velocity":{"y":0.63,"x":0.06,"z":0}},{"acceleration":{"y":0,"x":0,"z":0},"position":{"y":4182667.4,"x":553001.87,"z":10.89},"volume":2.47,"type":"VEHICLE","velocity":{"y":0,"x":0,"z":0}},{"acceleration":{"y":0,"x":0,"z":0},"position":{"y":4182667.05,"x":553008.61,"z":10.66},"volume":2.45,"type":"UNKNOWN","velocity":{"y":0,"x":0,"z":0}}],[{"acceleration":{"y":0,"x":0,"z":0},"position":{"y":4182667.07,"x":553008.58,"z":10.63},"volume":3.19,"type":"UNKNOWN","velocity":{"y":0,"x":0,"z":0}}],[{"acceleration":{"y":0,"x":0,"z":0},"position":{"y":4182667.05,"x":553008.78,"z":10.52},"volume":2.28,"type":"UNKNOWN","velocity":{"y":0,"x":0,"z":0}}],[{"acceleration":{"y":0,"x":0,"z":0},"position":{"y":4182666.71,"x":553002.24,"z":10.96},"volume":3.93,"type":"VEHICLE","velocity":{"y":0,"x":0,"z":0}}],[]],"action_description":"Pedestrian walking on the front lane","ev_state":[135.266265869141,10.124737739563,201.297561645508,0,0,0,12,-1,359.982849121094,271.422332763672,0.0248525198549032,2.970765466995788],"collision_probability":0.583}
 timestamp= 1619804720000 [RUN] Validate G1 Guard Condition: 
The ego vehicle E Detection.Collision == True.
 timestamp= 1619804720000 [RES] Global Validate result: 
false
 timestamp= 1619804720000 [RUN] Validate G2 Guard Condition: 
The ego vehicle E Detection.OffRoad == True.
 timestamp= 1619804720000 [RES] Global Validate result: 
false
 timestamp= 1619804720000 [RUN] Validate G3 Guard Condition: 
The ego vehicle E Detection.HardBrake == True.
 timestamp= 1619804720000 [RES] Global Validate result: 
true
 timestamp= 1619804720000 [RUN] HardBrake == True
 timestamp= 1619804720000 [RUN] RESUME STEP @preStep
 timestamp= 1619804720000 [RUN] Resume step basicflow13
 timestamp= 1619804720000 [RUN] Validate G4 Guard Condition: 
The ego vehicle E Detection.ArrivalTest == True.
 timestamp= 1619804720000 [RES] Global Validate result: 
false
 timestamp= 1619804720000 [RUN] Validate step: 
The test system VALIDATES THAT the Apollo A Status.GetControl is nearly equal to {"acceleration": 0.12, "throttle": 15.7, "steering_target": -4.31, "brake": 0.0, "steering_rate": 100.0, "speed": 2.92}
 timestamp= 1619804720000 [RES] Validate result: 
true
 timestamp= 1619804720000 [RUN] Generate steps
 timestamp= 1619804720000 [RUN] Validate step: 
The test system VALIDATES THAT the simulator S Status.GetEnvironment is nearly equal to {"x": 135.27, "y": 10.12, "z": 201.3, "rain": 0.0, "fog": 0.0, "wetness": 0.0, "timeofday": 12.0, "signal": -1.0, "rx": 359.98, "ry": 271.42, "rz": 0.02, "speed": 2.97}
 timestamp= 1619804720000 [RES] Validate result: 
true
 timestamp= 1619804720000 [RUN] Execute API step: 
The environment controller C INVOKES API Control.Agents.Pedestrians.WalkRandomly(which_lane=Current_Lane).
 timestamp= 1619804723000 [RES] API result: 
{"pose_arr":[{"vx":0.11,"ay":0.65,"az":9.81,"ax":0.09,"pz":10.12,"vy":0.11,"px":553010.61,"py":4182687.28},{"vx":0.26,"ay":0.49,"az":9.83,"ax":0.11,"pz":10.12,"vy":0.26,"px":553009.11,"py":4182687.34},{"vx":0.71,"ay":0.25,"az":9.81,"ax":0.08,"pz":10.12,"vy":0.71,"px":553006.29,"py":4182687.56},{"vx":1.49,"ay":0.46,"az":9.81,"ax":0.17,"pz":10.12,"vy":1.49,"px":553003.52,"py":4182688.1},{"vx":2.45,"ay":1.28,"az":9.82,"ax":0.38,"pz":10.12,"vy":2.45,"px":553000.93,"py":4182689.05},{"vx":3.15,"ay":0.27,"az":9.81,"ax":0.19,"pz":10.12,"vy":3.15,"px":552997.18,"py":4182691.03},{"vx":3.85,"ay":0.6,"az":9.81,"ax":0.44,"pz":10.12,"vy":3.85,"px":552993.43,"py":4182693.56}],"traffic_light":[0,0,0,0,0,0],"state_arr":[{"acceleration":0.56,"throttle":20.06,"steering_target":-7.29,"brake":0,"steering_rate":100,"speed":3.2},{"acceleration":0.24,"throttle":15.7,"steering_target":-14.15,"brake":0,"steering_rate":100,"speed":3.91},{"acceleration":0.43,"throttle":15.7,"steering_target":-21.26,"brake":0,"steering_rate":100,"speed":4.03},{"acceleration":1.12,"throttle":58.41,"steering_target":-24.33,"brake":0,"steering_rate":100,"speed":4.29},{"acceleration":0.55,"throttle":20.04,"steering_target":-12.65,"brake":0,"steering_rate":100,"speed":5.4},{"acceleration":0.89,"throttle":24.62,"steering_target":-10.17,"brake":0,"steering_rate":100,"speed":5.68},{"acceleration":0.89,"throttle":24.91,"steering_target":-7.17,"brake":0,"steering_rate":100,"speed":6.09}],"obstacle_arr":[[{"acceleration":{"y":0,"x":0.02,"z":0},"position":{"y":4182691.9,"x":553011.66,"z":10.56},"volume":1.57,"type":"PEDESTRIAN","velocity":{"y":-0.03,"x":1.03,"z":0}},{"acceleration":{"y":0.01,"x":0.01,"z":0},"position":{"y":4182667.68,"x":553009.35,"z":10.71},"volume":0.29,"type":"VEHICLE","velocity":{"y":0,"x":0,"z":0}}],[{"acceleration":{"y":0,"x":0.01,"z":0},"position":{"y":4182691.89,"x":553011.64,"z":10.58},"volume":1.43,"type":"PEDESTRIAN","velocity":{"y":0.03,"x":1.02,"z":0}}],[{"acceleration":{"y":0,"x":0,"z":0},"position":{"y":4182687.7,"x":553014.89,"z":10.53},"volume":0.24,"type":"PEDESTRIAN","velocity":{"y":0,"x":0,"z":0}},{"acceleration":{"y":0,"x":0,"z":0},"position":{"y":4182666.65,"x":553001.83,"z":11.03},"volume":4.85,"type":"VEHICLE","velocity":{"y":0,"x":0,"z":0}}],[{"acceleration":{"y":0,"x":0,"z":0},"position":{"y":4182666.87,"x":553001.96,"z":10.63},"volume":7.69,"type":"VEHICLE","velocity":{"y":0,"x":0,"z":0}}],[],[{"acceleration":{"y":0,"x":0,"z":0},"position":{"y":4182687.13,"x":552991.87,"z":10.6},"volume":0.1,"type":"PEDESTRIAN","velocity":{"y":0,"x":0,"z":0}}],[{"acceleration":{"y":-0.12,"x":0.35,"z":0},"position":{"y":4182687.31,"x":552991.6,"z":10.47},"volume":0.17,"type":"PEDESTRIAN","velocity":{"y":0,"x":0,"z":0}}]],"action_description":"Pedestrian walking on the front lane","ev_state":[118.115417480469,10.1242027282715,208.545272827148,0,0,0,12,-1,359.961395263672,307.145111083984,0.173570975661278,6.318667827319766],"collision_probability":0}
 timestamp= 1619804723000 [RUN] Validate G1 Guard Condition: 
The ego vehicle E Detection.Collision == True.
 timestamp= 1619804723000 [RES] Global Validate result: 
false
 timestamp= 1619804723000 [RUN] Validate G2 Guard Condition: 
The ego vehicle E Detection.OffRoad == True.
 timestamp= 1619804723000 [RES] Global Validate result: 
false
 timestamp= 1619804723000 [RUN] Validate G3 Guard Condition: 
The ego vehicle E Detection.HardBrake == True.
 timestamp= 1619804723000 [RES] Global Validate result: 
false
 timestamp= 1619804723000 [RUN] Validate G4 Guard Condition: 
The ego vehicle E Detection.ArrivalTest == True.
 timestamp= 1619804723000 [RES] Global Validate result: 
false
 timestamp= 1619804723000 [RUN] Validate step: 
The test system VALIDATES THAT the Apollo A Status.GetControl is nearly equal to {"acceleration": 0.89, "throttle": 24.91, "steering_target": -7.17, "brake": 0.0, "steering_rate": 100.0, "speed": 6.09}
 timestamp= 1619804723000 [RES] Validate result: 
true
 timestamp= 1619804723000 [RUN] Generate steps
 timestamp= 1619804723000 [RUN] Validate step: 
The test system VALIDATES THAT the simulator S Status.GetEnvironment is nearly equal to {"x": 118.12, "y": 10.12, "z": 208.55, "rain": 0.0, "fog": 0.0, "wetness": 0.0, "timeofday": 12.0, "signal": -1.0, "rx": 359.96, "ry": 307.15, "rz": 0.17, "speed": 6.32}
 timestamp= 1619804723000 [RES] Validate result: 
true
 timestamp= 1619804723000 [RUN] Execute API step: 
The environment controller C INVOKES API Control.Agents.Pedestrians.WalkRandomly(which_lane=Current_Lane).
 timestamp= 1619804727000 [RES] API result: 
{"pose_arr":[{"vx":4.01,"ay":0.2,"az":9.81,"ax":0.15,"pz":10.12,"vy":4.01,"px":552991.2,"py":4182695.27},{"vx":4.37,"ay":0.86,"az":9.8,"ax":0.69,"pz":10.12,"vy":4.37,"px":552988.26,"py":4182697.62},{"vx":4.45,"ay":0.18,"az":9.81,"ax":0.17,"pz":10.12,"vy":4.45,"px":552985.57,"py":4182699.82},{"vx":4.61,"ay":0.2,"az":9.82,"ax":0.13,"pz":10.12,"vy":4.61,"px":552981.57,"py":4182703.1},{"vx":4.7,"ay":0.18,"az":9.81,"ax":0.15,"pz":10.12,"vy":4.7,"px":552977.53,"py":4182706.36},{"vx":5.16,"ay":0.38,"az":9.85,"ax":0.3,"pz":10.12,"vy":5.16,"px":552974,"py":4182709.16},{"vx":5.2,"ay":0.17,"az":9.81,"ax":0.14,"pz":10.12,"vy":5.2,"px":552970.67,"py":4182711.76}],"traffic_light":[0,0,0,0,1,3],"state_arr":[{"acceleration":1.12,"throttle":15.7,"steering_target":-2.46,"brake":0,"steering_rate":100,"speed":6.32},{"acceleration":1.31,"throttle":30.38,"steering_target":-1.83,"brake":0,"steering_rate":100,"speed":6.52},{"acceleration":1.19,"throttle":15.7,"steering_target":0.26,"brake":0,"steering_rate":100,"speed":6.97},{"acceleration":1.09,"throttle":23.07,"steering_target":0.15,"brake":0,"steering_rate":100,"speed":7.14},{"acceleration":1.18,"throttle":15.7,"steering_target":1.22,"brake":0,"steering_rate":100,"speed":7.38},{"acceleration":0.85,"throttle":18.58,"steering_target":0.59,"brake":0,"steering_rate":100,"speed":7.64},{"acceleration":0.28,"throttle":15.7,"steering_target":0.77,"brake":0,"steering_rate":100,"speed":8.39},{"acceleration":0.21,"throttle":15.7,"steering_target":0.49,"brake":0,"steering_rate":100,"speed":8.53}],"obstacle_arr":[[],[{"acceleration":{"y":0.4,"x":-0.51,"z":0},"position":{"y":4182686.85,"x":552992.06,"z":10.75},"volume":0.07,"type":"PEDESTRIAN","velocity":{"y":0.34,"x":-0.36,"z":0}}],[{"acceleration":{"y":0.25,"x":-0.28,"z":0},"position":{"y":4182687.23,"x":552991.4,"z":11.02},"volume":0.02,"type":"PEDESTRIAN","velocity":{"y":0.52,"x":-0.59,"z":0}}],[],[],[],[]],"action_description":"Pedestrian walking on the front lane","ev_state":[95.2455215454102,10.1237525939941,226.847915649414,0,0,0,12,-1,359.979827880859,307.632720947266,359.966430664063,8.528233189339792],"collision_probability":0}
 timestamp= 1619804727000 [RUN] Validate G1 Guard Condition: 
The ego vehicle E Detection.Collision == True.
 timestamp= 1619804727000 [RES] Global Validate result: 
false
 timestamp= 1619804727000 [RUN] Validate G2 Guard Condition: 
The ego vehicle E Detection.OffRoad == True.
 timestamp= 1619804727000 [RES] Global Validate result: 
false
 timestamp= 1619804727000 [RUN] Validate G3 Guard Condition: 
The ego vehicle E Detection.HardBrake == True.
 timestamp= 1619804727000 [RES] Global Validate result: 
false
 timestamp= 1619804727000 [RUN] Validate G4 Guard Condition: 
The ego vehicle E Detection.ArrivalTest == True.
 timestamp= 1619804727000 [RES] Global Validate result: 
false
 timestamp= 1619804727000 [RUN] Validate step: 
The test system VALIDATES THAT the Apollo A Status.GetControl is nearly equal to {"acceleration": 0.21, "throttle": 15.7, "steering_target": 0.49, "brake": 0.0, "steering_rate": 100.0, "speed": 8.53}
 timestamp= 1619804727000 [RES] Validate result: 
true
 timestamp= 1619804727000 [RUN] Generate steps
 timestamp= 1619804727000 [RUN] Validate step: 
The test system VALIDATES THAT the simulator S Status.GetEnvironment is nearly equal to {"x": 95.25, "y": 10.12, "z": 226.85, "rain": 0.0, "fog": 0.0, "wetness": 0.0, "timeofday": 12.0, "signal": -1.0, "rx": 359.98, "ry": 307.63, "rz": 359.97, "speed": 8.53}
 timestamp= 1619804727000 [RES] Validate result: 
true
 timestamp= 1619804727000 [RUN] Execute API step: 
The environment controller C INVOKES API Control.Agents.Pedestrians.WalkRandomly(which_lane=Current_Lane).
 timestamp= 1619804731000 [RES] API result: 
{"pose_arr":[{"vx":5.26,"ay":0.24,"az":9.81,"ax":0.17,"pz":10.12,"vy":5.26,"px":552967.16,"py":4182714.45},{"vx":5.28,"ay":-0.49,"az":9.84,"ax":-0.37,"pz":10.12,"vy":5.28,"px":552963.06,"py":4182717.58},{"vx":5.16,"ay":0.18,"az":9.8,"ax":0.12,"pz":10.12,"vy":5.16,"px":552958.78,"py":4182720.79},{"vx":2.03,"ay":-8,"az":10.39,"ax":-7.22,"pz":10.11,"vy":2.03,"px":552954.94,"py":4182723.72},{"vx":0.68,"ay":-1.48,"az":9.79,"ax":-1.14,"pz":10.12,"vy":0.68,"px":552954.03,"py":4182724.43},{"vx":0.66,"ay":1.31,"az":9.76,"ax":0.87,"pz":10.12,"vy":0.66,"px":552953.63,"py":4182724.73}],"traffic_light":[3,3,3,1,0,1],"state_arr":[{"acceleration":0.06,"throttle":15.7,"steering_target":0.49,"brake":0,"steering_rate":100,"speed":8.68},{"acceleration":-0.09,"throttle":0,"steering_target":0.52,"brake":14.5,"steering_rate":100,"speed":8.79},{"acceleration":0.08,"throttle":15.7,"steering_target":0.01,"brake":0,"steering_rate":100,"speed":8.63},{"acceleration":-2.39,"throttle":0,"steering_target":0.18,"brake":33.61,"steering_rate":100,"speed":7.97},{"acceleration":-0.72,"throttle":0,"steering_target":2.53,"brake":17.55,"steering_rate":100,"speed":1.55},{"acceleration":0.29,"throttle":45.69,"steering_target":1.56,"brake":0,"steering_rate":100,"speed":1.05},{"acceleration":1.05,"throttle":28.76,"steering_target":1.83,"brake":0,"steering_rate":100,"speed":2.91}],"obstacle_arr":[[],[],[{"acceleration":{"y":0,"x":0,"z":0},"position":{"y":4182723.94,"x":552953.73,"z":10.65},"volume":0.03,"type":"PEDESTRIAN","velocity":{"y":0,"x":0,"z":0}}],[{"acceleration":{"y":0.01,"x":-0.01,"z":0},"position":{"y":4182724.47,"x":552953.07,"z":10.58},"volume":0.14,"type":"PEDESTRIAN","velocity":{"y":1.29,"x":-1.81,"z":0}}],[],[]],"action_description":"Pedestrian walking on the front lane","ev_state":[77.6188888549805,10.1254482269287,240.256484985352,0,0,0,12,1,359.727416992188,306.877075195313,359.865295410156,3.4240363167230634],"collision_probability":1}
 timestamp= 1619804731000 [RUN] Validate G1 Guard Condition: 
The ego vehicle E Detection.Collision == True.
 timestamp= 1619804731000 [RES] Global Validate result: 
true
 timestamp= 1619804731000 [RUN] Collision == True
 timestamp= 1619804731000 [RUN] Validate G2 Guard Condition: 
The ego vehicle E Detection.OffRoad == True.
 timestamp= 1619804731000 [RES] Global Validate result: 
false
 timestamp= 1619804731000 [RUN] Validate G3 Guard Condition: 
The ego vehicle E Detection.HardBrake == True.
 timestamp= 1619804731000 [RES] Global Validate result: 
true
 timestamp= 1619804731000 [RUN] HardBrake == True
 timestamp= 1619804731000 [RUN] RESUME STEP @preStep
 timestamp= 1619804731000 [RUN] Resume step basicflow22
 timestamp= 1619804731000 [RUN] Validate G4 Guard Condition: 
The ego vehicle E Detection.ArrivalTest == True.
 timestamp= 1619804731000 [RES] Global Validate result: 
false
 timestamp= 1619804731000 [RUN] Validate step: 
The test system VALIDATES THAT the Apollo A Status.GetControl is nearly equal to {"acceleration": 1.05, "throttle": 28.76, "steering_target": 1.83, "brake": 0.0, "steering_rate": 100.0, "speed": 2.91}
 timestamp= 1619804731000 [RES] Validate result: 
true
 timestamp= 1619804731000 [RUN] Generate steps
 timestamp= 1619804731000 [RUN] Validate step: 
The test system VALIDATES THAT the simulator S Status.GetEnvironment is nearly equal to {"x": 77.62, "y": 10.13, "z": 240.26, "rain": 0.0, "fog": 0.0, "wetness": 0.0, "timeofday": 12.0, "signal": 1.0, "rx": 359.73, "ry": 306.88, "rz": 359.87, "speed": 3.42}
 timestamp= 1619804731000 [RES] Validate result: 
true
 timestamp= 1619804731000 [RUN] Execute API step: 
The environment controller C INVOKES API Control.Agents.Pedestrians.WalkRandomly(which_lane=Current_Lane).
 timestamp= 1619804735000 [RES] API result: 
{"pose_arr":[{"vx":2.03,"ay":3.82,"az":9.83,"ax":2.96,"pz":10.12,"vy":2.03,"px":552952.68,"py":4182725.47},{"vx":2.29,"ay":0.66,"az":9.79,"ax":0.64,"pz":10.12,"vy":2.29,"px":552951.31,"py":4182726.52},{"vx":2.89,"ay":0.61,"az":9.82,"ax":0.41,"pz":10.12,"vy":2.89,"px":552948.92,"py":4182728.27},{"vx":3.03,"ay":0.36,"az":9.81,"ax":0.27,"pz":10.12,"vy":3.03,"px":552946.08,"py":4182730.39},{"vx":3.57,"ay":0.49,"az":9.84,"ax":0.37,"pz":10.12,"vy":3.57,"px":552943.27,"py":4182732.48},{"vx":3.75,"ay":0.54,"az":9.81,"ax":0.41,"pz":10.12,"vy":3.75,"px":552941,"py":4182734.19},{"vx":4.01,"ay":0.2,"az":9.81,"ax":0.15,"pz":10.12,"vy":4.01,"px":552937.18,"py":4182737.04}],"traffic_light":[3,3,3,3,3,3,3],"state_arr":[{"acceleration":0.99,"throttle":27.26,"steering_target":0.26,"brake":0,"steering_rate":100,"speed":3.69},{"acceleration":0.72,"throttle":22.73,"steering_target":-1.51,"brake":0,"steering_rate":100,"speed":4.66},{"acceleration":0.97,"throttle":18.89,"steering_target":0.27,"brake":0,"steering_rate":100,"speed":4.91},{"acceleration":1.14,"throttle":15.7,"steering_target":-0.21,"brake":0,"steering_rate":100,"speed":5.12},{"acceleration":0.72,"throttle":22.69,"steering_target":-0.1,"brake":0,"steering_rate":100,"speed":5.97},{"acceleration":0.8,"throttle":23.31,"steering_target":-0.12,"brake":0,"steering_rate":100,"speed":6.29},{"acceleration":0.08,"throttle":15.7,"steering_target":-0.13,"brake":0,"steering_rate":100,"speed":6.58}],"obstacle_arr":[[],[],[],[{"acceleration":{"y":0,"x":0,"z":0},"position":{"y":4182724.86,"x":552952.89,"z":10.44},"volume":0.11,"type":"PEDESTRIAN","velocity":{"y":-0.37,"x":0.39,"z":0}}],[],[{"acceleration":{"y":0,"x":0,"z":0},"position":{"y":4182725.06,"x":552952.57,"z":10.52},"volume":0.01,"type":"PEDESTRIAN","velocity":{"y":0,"x":0,"z":0}}],[{"acceleration":{"y":0,"x":0,"z":0},"position":{"y":4182742.98,"x":552930.51,"z":10.38},"volume":0.1,"type":"PEDESTRIAN","velocity":{"y":0,"x":0,"z":0}}]],"action_description":"Pedestrian walking on the front lane","ev_state":[60.4698104858398,10.1241769790649,253.067596435547,0,0,0,12,1,0.009667350910604,306.898681640625,0.00346536771394312,6.571905911736305],"collision_probability":0.4}
 timestamp= 1619804735000 [RUN] Validate G1 Guard Condition: 
The ego vehicle E Detection.Collision == True.
 timestamp= 1619804735000 [RES] Global Validate result: 
false
 timestamp= 1619804735000 [RUN] Validate G2 Guard Condition: 
The ego vehicle E Detection.OffRoad == True.
 timestamp= 1619804735000 [RES] Global Validate result: 
false
 timestamp= 1619804735000 [RUN] Validate G3 Guard Condition: 
The ego vehicle E Detection.HardBrake == True.
 timestamp= 1619804735000 [RES] Global Validate result: 
false
 timestamp= 1619804735000 [RUN] Validate G4 Guard Condition: 
The ego vehicle E Detection.ArrivalTest == True.
 timestamp= 1619804735000 [RES] Global Validate result: 
false
 timestamp= 1619804735000 [RUN] Validate step: 
The test system VALIDATES THAT the Apollo A Status.GetControl is nearly equal to {"acceleration": 0.08, "throttle": 15.7, "steering_target": -0.13, "brake": 0.0, "steering_rate": 100.0, "speed": 6.58}
 timestamp= 1619804735000 [RES] Validate result: 
true
 timestamp= 1619804735000 [RUN] Generate steps
 timestamp= 1619804735000 [RUN] Validate step: 
The test system VALIDATES THAT the simulator S Status.GetEnvironment is nearly equal to {"x": 60.47, "y": 10.12, "z": 253.07, "rain": 0.0, "fog": 0.0, "wetness": 0.0, "timeofday": 12.0, "signal": 1.0, "rx": 0.01, "ry": 306.9, "rz": 0.0, "speed": 6.57}
 timestamp= 1619804735000 [RES] Validate result: 
true
 timestamp= 1619804735000 [RUN] Execute API step: 
The environment controller C INVOKES API Control.Agents.Pedestrians.WalkRandomly(which_lane=Current_Lane).
 timestamp= 1619804739000 [RES] API result: 
{"pose_arr":[{"vx":4,"ay":0.9,"az":9.78,"ax":0.68,"pz":10.12,"vy":4,"px":552934.9,"py":4182738.75},{"vx":1.37,"ay":-10.78,"az":10.18,"ax":-6.15,"pz":10.11,"vy":1.37,"px":552931.77,"py":4182741.07},{"vx":1,"ay":0.31,"az":9.85,"ax":0.16,"pz":10.12,"vy":1,"px":552931.05,"py":4182741.58},{"vx":0.85,"ay":0.07,"az":9.81,"ax":0.02,"pz":10.13,"vy":0.85,"px":552930.38,"py":4182742.07},{"vx":1.78,"ay":3.26,"az":9.74,"ax":2.5,"pz":10.12,"vy":1.78,"px":552929.44,"py":4182742.75},{"vx":1.96,"ay":0.75,"az":9.81,"ax":0.36,"pz":10.12,"vy":1.96,"px":552927.95,"py":4182743.84},{"vx":2.51,"ay":3.71,"az":9.76,"ax":2.86,"pz":10.12,"vy":2.51,"px":552926.32,"py":4182745.11}],"traffic_light":[3,0,3,3,3,3,3],"state_arr":[{"acceleration":1.26,"throttle":25.27,"steering_target":-0.09,"brake":0,"steering_rate":100,"speed":6.57},{"acceleration":1.25,"throttle":22.66,"steering_target":-0.12,"brake":0,"steering_rate":100,"speed":6.8},{"acceleration":1.52,"throttle":83.91,"steering_target":-2.47,"brake":0,"steering_rate":100,"speed":1.15},{"acceleration":-0.14,"throttle":0,"steering_target":-4.12,"brake":14.5,"steering_rate":100,"speed":1.68},{"acceleration":0.76,"throttle":74.58,"steering_target":-5.21,"brake":0,"steering_rate":100,"speed":1.81},{"acceleration":0.37,"throttle":16.53,"steering_target":-4.26,"brake":0,"steering_rate":100,"speed":3.03},{"acceleration":0.96,"throttle":26.9,"steering_target":1.89,"brake":0,"steering_rate":100,"speed":3.34},{"acceleration":0.64,"throttle":21.42,"steering_target":1.4,"brake":0,"steering_rate":100,"speed":4.46}],"obstacle_arr":[[],[{"acceleration":{"y":0,"x":0,"z":0},"position":{"y":4182743.46,"x":552930.18,"z":10.85},"volume":0.06,"type":"PEDESTRIAN","velocity":{"y":0,"x":0,"z":0}}],[],[],[],[],[]],"action_description":"Pedestrian walking on the front lane","ev_state":[50.1307716369629,10.1244306564331,260.794830322266,0,0,0,12,1,359.898529052734,307.524261474609,359.977752685547,4.596370030586754],"collision_probability":1}
 timestamp= 1619804739000 [RUN] Validate G1 Guard Condition: 
The ego vehicle E Detection.Collision == True.
 timestamp= 1619804739000 [RES] Global Validate result: 
true
 timestamp= 1619804739000 [RUN] Collision == True
 timestamp= 1619804739000 [RUN] Validate G2 Guard Condition: 
The ego vehicle E Detection.OffRoad == True.
 timestamp= 1619804739000 [RES] Global Validate result: 
false
 timestamp= 1619804739000 [RUN] Validate G3 Guard Condition: 
The ego vehicle E Detection.HardBrake == True.
 timestamp= 1619804739000 [RES] Global Validate result: 
true
 timestamp= 1619804739000 [RUN] HardBrake == True
 timestamp= 1619804739000 [RUN] RESUME STEP @preStep
 timestamp= 1619804739000 [RUN] Resume step basicflow28
 timestamp= 1619804739000 [RUN] Validate G4 Guard Condition: 
The ego vehicle E Detection.ArrivalTest == True.
 timestamp= 1619804739000 [RES] Global Validate result: 
false
 timestamp= 1619804739000 [RUN] Validate step: 
The test system VALIDATES THAT the Apollo A Status.GetControl is nearly equal to {"acceleration": 0.64, "throttle": 21.42, "steering_target": 1.4, "brake": 0.0, "steering_rate": 100.0, "speed": 4.46}
 timestamp= 1619804739000 [RES] Validate result: 
true
 timestamp= 1619804739000 [RUN] Generate steps
 timestamp= 1619804739000 [RUN] Validate step: 
The test system VALIDATES THAT the simulator S Status.GetEnvironment is nearly equal to {"x": 50.13, "y": 10.12, "z": 260.79, "rain": 0.0, "fog": 0.0, "wetness": 0.0, "timeofday": 12.0, "signal": 1.0, "rx": 359.9, "ry": 307.52, "rz": 359.98, "speed": 4.6}
 timestamp= 1619804739000 [RES] Validate result: 
true
 timestamp= 1619804739000 [RUN] Execute API step: 
The environment controller C INVOKES API Control.Agents.Pedestrians.WalkRandomly(which_lane=Current_Lane).
 timestamp= 1619804743000 [RES] API result: 
{"pose_arr":[{"vx":2.87,"ay":2.07,"az":9.81,"ax":1.72,"pz":10.12,"vy":2.87,"px":552924.91,"py":4182746.21},{"vx":3.37,"ay":0.5,"az":9.82,"ax":0.38,"pz":10.12,"vy":3.37,"px":552922.3,"py":4182748.2},{"vx":3.54,"ay":0.48,"az":9.81,"ax":0.36,"pz":10.12,"vy":3.54,"px":552919.56,"py":4182750.3},{"vx":3.94,"ay":0.32,"az":9.82,"ax":0.24,"pz":10.12,"vy":3.94,"px":552916.95,"py":4182752.28},{"vx":1.08,"ay":-8.79,"az":10.1,"ax":-6.69,"pz":10.1,"vy":1.08,"px":552914.22,"py":4182754.37},{"vx":0.34,"ay":-0.31,"az":9.77,"ax":-0.23,"pz":10.11,"vy":0.34,"px":552913.88,"py":4182754.62},{"vx":0.61,"ay":-0.58,"az":9.77,"ax":-0.36,"pz":10.12,"vy":0.61,"px":552913.52,"py":4182754.89}],"traffic_light":[3,3,3,3,3,3,3],"state_arr":[{"acceleration":1.3,"throttle":60.31,"steering_target":0.06,"brake":0,"steering_rate":100,"speed":4.6},{"acceleration":0.83,"throttle":24.17,"steering_target":0.29,"brake":0,"steering_rate":100,"speed":5.52},{"acceleration":1.09,"throttle":15.7,"steering_target":0.16,"brake":0,"steering_rate":100,"speed":5.77},{"acceleration":1.33,"throttle":35.57,"steering_target":0.01,"brake":0,"steering_rate":100,"speed":6.04},{"acceleration":0.75,"throttle":22.18,"steering_target":-0.01,"brake":0,"steering_rate":100,"speed":6.55},{"acceleration":1.34,"throttle":66.48,"steering_target":-0.2,"brake":0,"steering_rate":100,"speed":0.65},{"acceleration":-0.71,"throttle":0,"steering_target":1.51,"brake":17.35,"steering_rate":100,"speed":1.09},{"acceleration":-0.63,"throttle":0,"steering_target":0.95,"brake":16.12,"steering_rate":100,"speed":0.73}],"obstacle_arr":[[],[{"acceleration":{"y":0,"x":0,"z":0},"position":{"y":4182743.29,"x":552929.74,"z":10.49},"volume":0.14,"type":"PEDESTRIAN","velocity":{"y":0,"x":0,"z":0}},{"acceleration":{"y":0,"x":0,"z":0},"position":{"y":4182754.82,"x":552918.84,"z":10.34},"volume":0.03,"type":"UNKNOWN","velocity":{"y":0,"x":0,"z":0}}],[{"acceleration":{"y":-0.01,"x":0.01,"z":0},"position":{"y":4182742.73,"x":552930.41,"z":10.57},"volume":0.02,"type":"PEDESTRIAN","velocity":{"y":-0.33,"x":0.39,"z":0}},{"acceleration":{"y":0,"x":0,"z":0},"position":{"y":4182754.27,"x":552919.52,"z":10.34},"volume":0.04,"type":"UNKNOWN","velocity":{"y":0,"x":0,"z":0}}],[],[],[{"acceleration":{"y":-0.01,"x":0.02,"z":0},"position":{"y":4182756.98,"x":552911.24,"z":10.8},"volume":0.07,"type":"PEDESTRIAN","velocity":{"y":1.04,"x":-1.39,"z":0}}],[{"acceleration":{"y":-0.64,"x":1.4,"z":0},"position":{"y":4182757.28,"x":552911.05,"z":10.8},"volume":0.18,"type":"PEDESTRIAN","velocity":{"y":0.6,"x":-0.34,"z":0}}],[{"acceleration":{"y":-0.45,"x":0.17,"z":0},"position":{"y":4182757.62,"x":552910.59,"z":10.78},"volume":0.18,"type":"PEDESTRIAN","velocity":{"y":0.32,"x":-0.42,"z":0}}]],"action_description":"Pedestrian walking on the front lane","ev_state":[38.1574897766113,10.1258087158203,269.908447265625,0,0,0,12,-1,359.966583251953,306.928833007813,0.0147168384864926,0.5300882964772519],"collision_probability":1}
 timestamp= 1619804743000 [RUN] Validate G1 Guard Condition: 
The ego vehicle E Detection.Collision == True.
 timestamp= 1619804743000 [RES] Global Validate result: 
true
 timestamp= 1619804743000 [RUN] Collision == True
 timestamp= 1619804743000 [RUN] Validate G2 Guard Condition: 
The ego vehicle E Detection.OffRoad == True.
 timestamp= 1619804743000 [RES] Global Validate result: 
false
 timestamp= 1619804743000 [RUN] Validate G3 Guard Condition: 
The ego vehicle E Detection.HardBrake == True.
 timestamp= 1619804743000 [RES] Global Validate result: 
true
 timestamp= 1619804743000 [RUN] HardBrake == True
 timestamp= 1619804743000 [RUN] RESUME STEP @preStep
 timestamp= 1619804743000 [RUN] Resume step basicflow31
 timestamp= 1619804743000 [RUN] Validate G4 Guard Condition: 
The ego vehicle E Detection.ArrivalTest == True.
 timestamp= 1619804743000 [RES] Global Validate result: 
false
 timestamp= 1619804743000 [RUN] Validate step: 
The test system VALIDATES THAT the Apollo A Status.GetControl is nearly equal to {"acceleration": -0.63, "throttle": 0.0, "steering_target": 0.95, "brake": 16.12, "steering_rate": 100.0, "speed": 0.73}
 timestamp= 1619804743000 [RES] Validate result: 
true
 timestamp= 1619804743000 [RUN] Generate steps
 timestamp= 1619804743000 [RUN] Validate step: 
The test system VALIDATES THAT the simulator S Status.GetEnvironment is nearly equal to {"x": 38.16, "y": 10.13, "z": 269.91, "rain": 0.0, "fog": 0.0, "wetness": 0.0, "timeofday": 12.0, "signal": -1.0, "rx": 359.97, "ry": 306.93, "rz": 0.01, "speed": 0.53}
 timestamp= 1619804743000 [RES] Validate result: 
true
 timestamp= 1619804743000 [RUN] Execute API step: 
The environment controller C INVOKES API Control.Agents.Pedestrians.WalkRandomly(which_lane=Current_Lane).
 timestamp= 1619804747000 [RES] API result: 
{"pose_arr":[{"vx":0.32,"ay":-0.54,"az":9.8,"ax":-0.4,"pz":10.13,"vy":0.32,"px":552913.22,"py":4182755.12},{"vx":0.11,"ay":-0.47,"az":9.81,"ax":-0.35,"pz":10.12,"vy":0.11,"px":552913.07,"py":4182755.23},{"vx":0.01,"ay":0.11,"az":9.81,"ax":0.08,"pz":10.12,"vy":0.01,"px":552913.05,"py":4182755.24},{"vx":0,"ay":0,"az":9.81,"ax":0,"pz":10.12,"vy":0,"px":552913.05,"py":4182755.25},{"vx":0,"ay":0,"az":9.81,"ax":0,"pz":10.12,"vy":0,"px":552913.05,"py":4182755.24},{"vx":0.01,"ay":0.1,"az":9.8,"ax":0.08,"pz":10.12,"vy":0.01,"px":552913.06,"py":4182755.24},{"vx":0,"ay":0,"az":9.81,"ax":0,"pz":10.12,"vy":0,"px":552913.06,"py":4182755.24},{"vx":0,"ay":0,"az":9.81,"ax":0,"pz":10.12,"vy":0,"px":552913.06,"py":4182755.24}],"traffic_light":[3,3,3,3,2,2],"state_arr":[{"acceleration":-0.24,"throttle":0,"steering_target":1,"brake":14.5,"steering_rate":100,"speed":0.53},{"acceleration":-0.1,"throttle":0,"steering_target":1.09,"brake":14.5,"steering_rate":100,"speed":0.24},{"acceleration":0.01,"throttle":15.7,"steering_target":0,"brake":0,"steering_rate":100,"speed":0},{"acceleration":-0.01,"throttle":0,"steering_target":0,"brake":35.23,"steering_rate":100,"speed":0.04},{"acceleration":-0.01,"throttle":0,"steering_target":0,"brake":34.75,"steering_rate":100,"speed":0.03},{"acceleration":-0.01,"throttle":0,"steering_target":0,"brake":38.64,"steering_rate":100,"speed":0.03},{"acceleration":-0.01,"throttle":0,"steering_target":0,"brake":39.38,"steering_rate":100,"speed":0.03},{"acceleration":0,"throttle":0,"steering_target":0,"brake":14.5,"steering_rate":100,"speed":0}],"obstacle_arr":[[{"acceleration":{"y":-0.48,"x":-0.23,"z":0},"position":{"y":4182757.72,"x":552910.32,"z":10.78},"volume":0.21,"type":"PEDESTRIAN","velocity":{"y":0.03,"x":-0.56,"z":0}}],[{"acceleration":{"y":-0.19,"x":1.07,"z":0},"position":{"y":4182757.77,"x":552910.19,"z":10.75},"volume":0.18,"type":"PEDESTRIAN","velocity":{"y":0,"x":0,"z":0}},{"acceleration":{"y":0,"x":0,"z":0},"position":{"y":4182755.12,"x":552918.34,"z":10.35},"volume":0.02,"type":"UNKNOWN","velocity":{"y":0,"x":0,"z":0}}],[{"acceleration":{"y":-0.01,"x":0.06,"z":0},"position":{"y":4182757.76,"x":552910.21,"z":10.73},"volume":0.21,"type":"PEDESTRIAN","velocity":{"y":0,"x":0,"z":0}},{"acceleration":{"y":0,"x":0,"z":0},"position":{"y":4182755.14,"x":552918.34,"z":10.39},"volume":0.01,"type":"UNKNOWN","velocity":{"y":0,"x":0,"z":0}}],[{"acceleration":{"y":0,"x":0,"z":0},"position":{"y":4182757.78,"x":552910.2,"z":10.74},"volume":0.22,"type":"PEDESTRIAN","velocity":{"y":0,"x":0,"z":0}}],[{"acceleration":{"y":0,"x":0,"z":0},"position":{"y":4182757.76,"x":552910.17,"z":10.76},"volume":0.18,"type":"PEDESTRIAN","velocity":{"y":0,"x":0,"z":0}}],[{"acceleration":{"y":0,"x":0,"z":0},"position":{"y":4182757.76,"x":552910.2,"z":10.75},"volume":0.21,"type":"PEDESTRIAN","velocity":{"y":0,"x":0,"z":0}}],[{"acceleration":{"y":0,"x":0,"z":0},"position":{"y":4182757.78,"x":552910.27,"z":10.75},"volume":0.24,"type":"PEDESTRIAN","velocity":{"y":0,"x":0,"z":0}}]],"action_description":"Pedestrian walking on the front lane","ev_state":[37.9947814941406,10.1252918243408,270.025360107422,0,0,0,12,-1,359.939025878906,306.687805175781,359.982147216797,0.00038238179088975397],"collision_probability":0.36}
 timestamp= 1619804747000 [RUN] Validate G1 Guard Condition: 
The ego vehicle E Detection.Collision == True.
 timestamp= 1619804747000 [RES] Global Validate result: 
false
 timestamp= 1619804747000 [RUN] Validate G2 Guard Condition: 
The ego vehicle E Detection.OffRoad == True.
 timestamp= 1619804747000 [RES] Global Validate result: 
false
 timestamp= 1619804747000 [RUN] Validate G3 Guard Condition: 
The ego vehicle E Detection.HardBrake == True.
 timestamp= 1619804747000 [RES] Global Validate result: 
false
 timestamp= 1619804747000 [RUN] Validate G4 Guard Condition: 
The ego vehicle E Detection.ArrivalTest == True.
 timestamp= 1619804747000 [RES] Global Validate result: 
false
 timestamp= 1619804747000 [RUN] Validate step: 
The test system VALIDATES THAT the Apollo A Status.GetControl is nearly equal to {"acceleration": -0.0, "throttle": 0.0, "steering_target": 0.0, "brake": 14.5, "steering_rate": 100.0, "speed": 0.0}
 timestamp= 1619804747000 [RES] Validate result: 
true
 timestamp= 1619804747000 [RUN] Generate steps
 timestamp= 1619804747000 [RUN] Validate step: 
The test system VALIDATES THAT the simulator S Status.GetEnvironment is nearly equal to {"x": 37.99, "y": 10.13, "z": 270.03, "rain": 0.0, "fog": 0.0, "wetness": 0.0, "timeofday": 12.0, "signal": -1.0, "rx": 359.94, "ry": 306.69, "rz": 359.98, "speed": 0.0}
 timestamp= 1619804747000 [RES] Validate result: 
true
 timestamp= 1619804747000 [RUN] Execute API step: 
The environment controller C INVOKES API Control.Agents.Pedestrians.WalkRandomly(which_lane=Current_Lane).
 timestamp= 1619804751000 [RES] API result: 
{"pose_arr":[{"vx":0,"ay":0,"az":9.81,"ax":0,"pz":10.12,"vy":0,"px":552913.06,"py":4182755.24},{"vx":0,"ay":0,"az":9.81,"ax":0,"pz":10.12,"vy":0,"px":552913.06,"py":4182755.24},{"vx":0,"ay":0,"az":9.81,"ax":0,"pz":10.12,"vy":0,"px":552913.06,"py":4182755.24},{"vx":0,"ay":0,"az":9.81,"ax":0,"pz":10.12,"vy":0,"px":552913.06,"py":4182755.24},{"vx":0,"ay":0,"az":9.81,"ax":0,"pz":10.12,"vy":0,"px":552913.06,"py":4182755.24},{"vx":0,"ay":0,"az":9.81,"ax":0,"pz":10.12,"vy":0,"px":552913.06,"py":4182755.24},{"vx":0,"ay":0,"az":9.81,"ax":0,"pz":10.12,"vy":0,"px":552913.06,"py":4182755.24}],"traffic_light":[2,2,2,1,3,3,3],"state_arr":[{"acceleration":0,"throttle":0,"steering_target":0,"brake":14.5,"steering_rate":100,"speed":0},{"acceleration":0,"throttle":0,"steering_target":0,"brake":14.5,"steering_rate":100,"speed":0},{"acceleration":0,"throttle":0,"steering_target":0,"brake":14.5,"steering_rate":100,"speed":0},{"acceleration":0,"throttle":0,"steering_target":0,"brake":14.5,"steering_rate":100,"speed":0},{"acceleration":0,"throttle":0,"steering_target":0,"brake":14.5,"steering_rate":100,"speed":0},{"acceleration":0,"throttle":0,"steering_target":0,"brake":14.5,"steering_rate":100,"speed":0},{"acceleration":0,"throttle":0,"steering_target":0,"brake":14.5,"steering_rate":100,"speed":0},{"acceleration":0,"throttle":0,"steering_target":0,"brake":14.5,"steering_rate":100,"speed":0},{"acceleration":0,"throttle":0,"steering_target":0,"brake":14.5,"steering_rate":100,"speed":0}],"obstacle_arr":[[{"acceleration":{"y":0,"x":0,"z":0},"position":{"y":4182757.82,"x":552910.21,"z":10.76},"volume":0.18,"type":"PEDESTRIAN","velocity":{"y":0,"x":0,"z":0}}],[{"acceleration":{"y":0,"x":0,"z":0},"position":{"y":4182757.8,"x":552910.2,"z":10.77},"volume":0.22,"type":"PEDESTRIAN","velocity":{"y":0,"x":0,"z":0}}],[{"acceleration":{"y":0,"x":0,"z":0},"position":{"y":4182757.76,"x":552910.19,"z":10.75},"volume":0.23,"type":"PEDESTRIAN","velocity":{"y":0,"x":0,"z":0}}],[{"acceleration":{"y":0,"x":0,"z":0},"position":{"y":4182757.83,"x":552910.17,"z":10.79},"volume":0.18,"type":"PEDESTRIAN","velocity":{"y":0,"x":0,"z":0}}],[{"acceleration":{"y":0,"x":0,"z":0},"position":{"y":4182757.77,"x":552910.21,"z":10.78},"volume":0.19,"type":"PEDESTRIAN","velocity":{"y":0,"x":0,"z":0}}],[{"acceleration":{"y":0,"x":0,"z":0},"position":{"y":4182757.81,"x":552910.21,"z":10.77},"volume":0.2,"type":"PEDESTRIAN","velocity":{"y":0,"x":0,"z":0}}],[{"acceleration":{"y":0,"x":0,"z":0},"position":{"y":4182757.79,"x":552910.22,"z":10.8},"volume":0.17,"type":"PEDESTRIAN","velocity":{"y":0,"x":0,"z":0}}],[{"acceleration":{"y":0,"x":0,"z":0},"position":{"y":4182757.81,"x":552910.2,"z":10.79},"volume":0.18,"type":"PEDESTRIAN","velocity":{"y":0,"x":0,"z":0}}]],"action_description":"Pedestrian walking on the front lane","ev_state":[37.9979019165039,10.1253070831299,270.025512695313,0,0,0,12,1,359.9375,306.668762207031,0.00739309377968311,0.00026349671579721723],"collision_probability":0.36}
 timestamp= 1619804751000 [RUN] Validate G1 Guard Condition: 
The ego vehicle E Detection.Collision == True.
 timestamp= 1619804751000 [RES] Global Validate result: 
false
 timestamp= 1619804751000 [RUN] Validate G2 Guard Condition: 
The ego vehicle E Detection.OffRoad == True.
 timestamp= 1619804751000 [RES] Global Validate result: 
false
 timestamp= 1619804751000 [RUN] Validate G3 Guard Condition: 
The ego vehicle E Detection.HardBrake == True.
 timestamp= 1619804751000 [RES] Global Validate result: 
false
 timestamp= 1619804751000 [RUN] Validate G4 Guard Condition: 
The ego vehicle E Detection.ArrivalTest == True.
 timestamp= 1619804751000 [RES] Global Validate result: 
false
 timestamp= 1619804751000 [RUN] Validate step: 
The test system VALIDATES THAT the Apollo A Status.GetControl is nearly equal to {"acceleration": -0.0, "throttle": 0.0, "steering_target": 0.0, "brake": 14.5, "steering_rate": 100.0, "speed": 0.0}
 timestamp= 1619804751000 [RES] Validate result: 
true
 timestamp= 1619804751000 [RUN] Generate steps
 timestamp= 1619804751000 [RUN] Validate step: 
The test system VALIDATES THAT the simulator S Status.GetEnvironment is nearly equal to {"x": 38.0, "y": 10.13, "z": 270.03, "rain": 0.0, "fog": 0.0, "wetness": 0.0, "timeofday": 12.0, "signal": 1.0, "rx": 359.94, "ry": 306.67, "rz": 0.01, "speed": 0.0}
 timestamp= 1619804751000 [RES] Validate result: 
true
 timestamp= 1619804751000 [RUN] Execute API step: 
The environment controller C INVOKES API Control.Weather.Wetness(wetness_level=Light).
 timestamp= 1619804755000 [RES] API result: 
{"pose_arr":[{"vx":0,"ay":0,"az":9.81,"ax":0,"pz":10.12,"vy":0,"px":552913.06,"py":4182755.24},{"vx":0,"ay":0,"az":9.81,"ax":0,"pz":10.12,"vy":0,"px":552913.06,"py":4182755.24},{"vx":0,"ay":0,"az":9.81,"ax":0,"pz":10.12,"vy":0,"px":552913.06,"py":4182755.24},{"vx":0,"ay":0,"az":9.81,"ax":0,"pz":10.12,"vy":0,"px":552913.06,"py":4182755.24},{"vx":0,"ay":0,"az":9.81,"ax":0,"pz":10.12,"vy":0,"px":552913.07,"py":4182755.24},{"vx":0,"ay":0,"az":9.81,"ax":0,"pz":10.12,"vy":0,"px":552913.07,"py":4182755.24},{"vx":0,"ay":0,"az":9.81,"ax":0,"pz":10.12,"vy":0,"px":552913.07,"py":4182755.24},{"vx":0,"ay":0,"az":9.81,"ax":0,"pz":10.12,"vy":0,"px":552913.07,"py":4182755.24}],"traffic_light":[3,1,3,1,3,3,1],"state_arr":[{"acceleration":0,"throttle":0,"steering_target":0,"brake":14.5,"steering_rate":100,"speed":0},{"acceleration":0,"throttle":0,"steering_target":0,"brake":14.5,"steering_rate":100,"speed":0},{"acceleration":0,"throttle":0,"steering_target":0,"brake":14.5,"steering_rate":100,"speed":0},{"acceleration":0,"throttle":0,"steering_target":0,"brake":14.5,"steering_rate":100,"speed":0},{"acceleration":0,"throttle":0,"steering_target":0,"brake":14.5,"steering_rate":100,"speed":0},{"acceleration":0,"throttle":0,"steering_target":0,"brake":14.5,"steering_rate":100,"speed":0},{"acceleration":0,"throttle":0,"steering_target":0,"brake":14.5,"steering_rate":100,"speed":0},{"acceleration":0,"throttle":0,"steering_target":0,"brake":14.5,"steering_rate":100,"speed":0}],"obstacle_arr":[[{"acceleration":{"y":0,"x":0,"z":0},"position":{"y":4182757.76,"x":552910.21,"z":10.77},"volume":0.21,"type":"PEDESTRIAN","velocity":{"y":0,"x":0,"z":0}}],[{"acceleration":{"y":0,"x":0,"z":0},"position":{"y":4182757.76,"x":552910.21,"z":10.75},"volume":0.23,"type":"PEDESTRIAN","velocity":{"y":0,"x":0,"z":0}}],[{"acceleration":{"y":0,"x":0,"z":0},"position":{"y":4182757.79,"x":552910.23,"z":10.75},"volume":0.23,"type":"PEDESTRIAN","velocity":{"y":0,"x":0,"z":0}}],[{"acceleration":{"y":0,"x":0,"z":0},"position":{"y":4182757.76,"x":552910.2,"z":10.77},"volume":0.21,"type":"PEDESTRIAN","velocity":{"y":0,"x":0,"z":0}}],[{"acceleration":{"y":0,"x":0,"z":0},"position":{"y":4182757.81,"x":552910.23,"z":10.76},"volume":0.25,"type":"PEDESTRIAN","velocity":{"y":0,"x":0,"z":0}}],[{"acceleration":{"y":0,"x":0,"z":0},"position":{"y":4182757.78,"x":552910.22,"z":10.77},"volume":0.2,"type":"PEDESTRIAN","velocity":{"y":0,"x":0,"z":0}}],[{"acceleration":{"y":0,"x":0,"z":0},"position":{"y":4182757.79,"x":552910.24,"z":10.76},"volume":0.22,"type":"PEDESTRIAN","velocity":{"y":0,"x":0,"z":0}}]],"action_description":"Light wetness","ev_state":[38.0009498596191,10.1253108978271,270.025512695313,0,0,0.200000002980232,12,1,359.937133789063,306.649291992188,0.00747461244463921,0.0002506551804840497],"collision_probability":0.36}
 timestamp= 1619804755000 [RUN] Validate G1 Guard Condition: 
The ego vehicle E Detection.Collision == True.
 timestamp= 1619804755000 [RES] Global Validate result: 
false
 timestamp= 1619804755000 [RUN] Validate G2 Guard Condition: 
The ego vehicle E Detection.OffRoad == True.
 timestamp= 1619804755000 [RES] Global Validate result: 
false
 timestamp= 1619804755000 [RUN] Validate G3 Guard Condition: 
The ego vehicle E Detection.HardBrake == True.
 timestamp= 1619804755000 [RES] Global Validate result: 
false
 timestamp= 1619804755000 [RUN] Validate G4 Guard Condition: 
The ego vehicle E Detection.ArrivalTest == True.
 timestamp= 1619804755000 [RES] Global Validate result: 
false
 timestamp= 1619804755000 [RUN] Validate step: 
The test system VALIDATES THAT the Apollo A Status.GetControl is nearly equal to {"acceleration": -0.0, "throttle": 0.0, "steering_target": 0.0, "brake": 14.5, "steering_rate": 100.0, "speed": 0.0}
 timestamp= 1619804755000 [RES] Validate result: 
true
 timestamp= 1619804755000 [RUN] Generate steps
 timestamp= 1619804755000 [RUN] Validate step: 
The test system VALIDATES THAT the simulator S Status.GetEnvironment is nearly equal to {"x": 38.0, "y": 10.13, "z": 270.03, "rain": 0.0, "fog": 0.0, "wetness": 0.2, "timeofday": 12.0, "signal": 1.0, "rx": 359.94, "ry": 306.65, "rz": 0.01, "speed": 0.0}
 timestamp= 1619804755000 [RES] Validate result: 
true
 timestamp= 1619804755000 [RUN] Execute API step: 
The environment controller C INVOKES API Control.Agents.Pedestrians.WalkRandomly(which_lane=Current_Lane).
 timestamp= 1619804760000 [RES] API result: 
{"pose_arr":[{"vx":0,"ay":0,"az":9.81,"ax":0,"pz":10.12,"vy":0,"px":552913.07,"py":4182755.24},{"vx":0,"ay":0,"az":9.81,"ax":0,"pz":10.12,"vy":0,"px":552913.07,"py":4182755.24},{"vx":0,"ay":0,"az":9.81,"ax":0,"pz":10.12,"vy":0,"px":552913.07,"py":4182755.24},{"vx":0,"ay":0,"az":9.81,"ax":0,"pz":10.12,"vy":0,"px":552913.07,"py":4182755.24},{"vx":0,"ay":0,"az":9.82,"ax":0,"pz":10.12,"vy":0,"px":552913.07,"py":4182755.24},{"vx":0,"ay":0,"az":9.81,"ax":0,"pz":10.12,"vy":0,"px":552913.07,"py":4182755.24},{"vx":0,"ay":0,"az":9.81,"ax":0,"pz":10.12,"vy":0,"px":552913.07,"py":4182755.24}],"traffic_light":[3,3,3,1,3,3,1],"state_arr":[{"acceleration":0,"throttle":0,"steering_target":0,"brake":14.5,"steering_rate":100,"speed":0},{"acceleration":0,"throttle":0,"steering_target":0,"brake":14.5,"steering_rate":100,"speed":0},{"acceleration":0,"throttle":0,"steering_target":0,"brake":14.5,"steering_rate":100,"speed":0},{"acceleration":0,"throttle":0,"steering_target":0,"brake":14.5,"steering_rate":100,"speed":0},{"acceleration":0,"throttle":0,"steering_target":0,"brake":14.5,"steering_rate":100,"speed":0},{"acceleration":0,"throttle":0,"steering_target":0,"brake":14.5,"steering_rate":100,"speed":0},{"acceleration":0,"throttle":0,"steering_target":0,"brake":14.5,"steering_rate":100,"speed":0},{"acceleration":0,"throttle":0,"steering_target":0,"brake":14.5,"steering_rate":100,"speed":0},{"acceleration":0,"throttle":0,"steering_target":0,"brake":14.5,"steering_rate":100,"speed":0}],"obstacle_arr":[[{"acceleration":{"y":0,"x":0,"z":0},"position":{"y":4182757.75,"x":552910.2,"z":10.75},"volume":0.22,"type":"PEDESTRIAN","velocity":{"y":0,"x":0,"z":0}}],[{"acceleration":{"y":0,"x":0,"z":0},"position":{"y":4182757.8,"x":552910.2,"z":10.76},"volume":0.19,"type":"PEDESTRIAN","velocity":{"y":0,"x":0,"z":0}}],[{"acceleration":{"y":0,"x":0,"z":0},"position":{"y":4182757.78,"x":552910.21,"z":10.78},"volume":0.17,"type":"PEDESTRIAN","velocity":{"y":0,"x":0,"z":0}}],[{"acceleration":{"y":0,"x":0,"z":0},"position":{"y":4182757.82,"x":552910.17,"z":10.79},"volume":0.19,"type":"PEDESTRIAN","velocity":{"y":0,"x":0,"z":0}}],[{"acceleration":{"y":0,"x":0,"z":0},"position":{"y":4182757.79,"x":552910.22,"z":10.79},"volume":0.2,"type":"PEDESTRIAN","velocity":{"y":0,"x":0,"z":0}},{"acceleration":{"y":0,"x":0,"z":0},"position":{"y":4182755.13,"x":552918.35,"z":10.35},"volume":0.02,"type":"UNKNOWN","velocity":{"y":0,"x":0,"z":0}}],[{"acceleration":{"y":0,"x":0,"z":0},"position":{"y":4182757.78,"x":552910.21,"z":10.76},"volume":0.22,"type":"PEDESTRIAN","velocity":{"y":0,"x":0,"z":0}},{"acceleration":{"y":0,"x":0,"z":0},"position":{"y":4182755.13,"x":552918.35,"z":10.35},"volume":0.02,"type":"UNKNOWN","velocity":{"y":0,"x":0,"z":0}}],[{"acceleration":{"y":0,"x":0,"z":0},"position":{"y":4182757.79,"x":552910.24,"z":10.76},"volume":0.22,"type":"PEDESTRIAN","velocity":{"y":0,"x":0,"z":0}},{"acceleration":{"y":0,"x":0,"z":0},"position":{"y":4182755.13,"x":552918.35,"z":10.35},"volume":0.02,"type":"UNKNOWN","velocity":{"y":0,"x":0,"z":0}}],[{"acceleration":{"y":0,"x":0,"z":0},"position":{"y":4182757.75,"x":552910.21,"z":10.75},"volume":0.21,"type":"PEDESTRIAN","velocity":{"y":0,"x":0,"z":0}},{"acceleration":{"y":0,"x":0,"z":0},"position":{"y":4182755.13,"x":552918.35,"z":10.35},"volume":0.02,"type":"UNKNOWN","velocity":{"y":0,"x":0,"z":0}}]],"action_description":"Pedestrian walking on the front lane","ev_state":[38.0040016174316,10.1253108978271,270.025512695313,0,0,0.200000002980232,12,1,359.937133789063,306.629821777344,0.00742164859548211,0.00025949141798184],"collision_probability":0.36}
 timestamp= 1619804760000 [RUN] Validate G1 Guard Condition: 
The ego vehicle E Detection.Collision == True.
 timestamp= 1619804760000 [RES] Global Validate result: 
false
 timestamp= 1619804760000 [RUN] Validate G2 Guard Condition: 
The ego vehicle E Detection.OffRoad == True.
 timestamp= 1619804760000 [RES] Global Validate result: 
true
 timestamp= 1619804760000 [RUN] OffRoad == True
 timestamp= 1619804760000 [RUN] The simulator S INVOKES API Command.Simulation.Stop() to stop simulation.
 timestamp= 1619804760000 [WARNING] The test system Stop the Simulator S!
 timestamp= 1619804760000 [RUN] ABORT.
 timestamp= 1619804760000 [ERROR] The test system Abort!
 timestamp= 1619804760000 [RUN] Validate G3 Guard Condition: 
The ego vehicle E Detection.HardBrake == True.
 timestamp= 1619804760000 [RES] Global Validate result: 
false
 timestamp= 1619804760000 [RUN] Validate G4 Guard Condition: 
The ego vehicle E Detection.ArrivalTest == True.
 timestamp= 1619804760000 [RES] Global Validate result: 
false
 timestamp= 1619804760000 [RES] Basic PostCondition Validate result: 
false
 timestamp= 1619804760000 [STOP] numberOfStep: 46 basicFlow: 
[{"name":"","description":"","eClass":"Sentence","content":"The test system VALIDATES THAT the simulator S Status.GetEnvironment is nearly equal to {\"x\": 215.36, \"y\": 10.12, \"z\": 201.8, \"rain\": 0.0, \"fog\": 0.0, \"wetness\": 0.0, \"timeofday\": 12.0, \"signal\": -1.0, \"rx\": 359.9, \"ry\": 268.83, \"rz\": 359.99, \"speed\": 3.09}","natures":[]},{"name":"","description":"","eClass":"Sentence","content":"The environment controller C INVOKES API Control.Agents.Pedestrians.WalkRandomly(which_lane=Current_Lane).","natures":[]},{"name":"","description":"","eClass":"Sentence","content":"The test system VALIDATES THAT the Apollo A Status.GetControl is nearly equal to {\"acceleration\": 0.69, \"throttle\": 15.7, \"steering_target\": -0.31, \"brake\": 0.0, \"steering_rate\": 100.0, \"speed\": 6.46}","natures":[]},{"name":"","description":"","eClass":"Sentence","content":"The test system VALIDATES THAT the simulator S Status.GetEnvironment is nearly equal to {\"x\": 194.81, \"y\": 10.12, \"z\": 201.55, \"rain\": 0.0, \"fog\": 0.0, \"wetness\": 0.0, \"timeofday\": 12.0, \"signal\": -1.0, \"rx\": 359.88, \"ry\": 269.75, \"rz\": 0.01, \"speed\": 6.79}","natures":[]},{"name":"","description":"","eClass":"Sentence","content":"The environment controller C INVOKES API Control.Agents.Pedestrians.WalkRandomly(which_lane=Current_Lane).","natures":[]},{"name":"","description":"","eClass":"Sentence","content":"The test system VALIDATES THAT the Apollo A Status.GetControl is nearly equal to {\"acceleration\": -0.65, \"throttle\": 0.0, \"steering_target\": 0.08, \"brake\": 16.32, \"steering_rate\": 100.0, \"speed\": 1.82}","natures":[]},{"name":"","description":"","eClass":"Sentence","content":"The test system VALIDATES THAT the simulator S Status.GetEnvironment is nearly equal to {\"x\": 167.02, \"y\": 10.11, \"z\": 201.51, \"rain\": 0.0, \"fog\": 0.0, \"wetness\": 0.0, \"timeofday\": 12.0, \"signal\": 0.0, \"rx\": 359.58, \"ry\": 269.93, \"rz\": 358.03, \"speed\": 1.82}","natures":[]},{"name":"","description":"","eClass":"Sentence","content":"The environment controller C INVOKES API Control.Agents.Pedestrians.WalkRandomly(which_lane=Current_Lane).","natures":[]},{"name":"","description":"","eClass":"Sentence","content":"The test system VALIDATES THAT the Apollo A Status.GetControl is nearly equal to {\"acceleration\": 0.62, \"throttle\": 21.12, \"steering_target\": 0.54, \"brake\": 0.0, \"steering_rate\": 100.0, \"speed\": 4.25}","natures":[]},{"name":"","description":"","eClass":"Sentence","content":"The test system VALIDATES THAT the simulator S Status.GetEnvironment is nearly equal to {\"x\": 155.84, \"y\": 10.12, \"z\": 201.46, \"rain\": 0.0, \"fog\": 0.0, \"wetness\": 0.0, \"timeofday\": 12.0, \"signal\": -1.0, \"rx\": 359.98, \"ry\": 269.41, \"rz\": 359.99, \"speed\": 4.41}","natures":[]},{"name":"","description":"","eClass":"Sentence","content":"The environment controller C INVOKES API Control.Agents.Pedestrians.WalkRandomly(which_lane=Current_Lane).","natures":[]},{"name":"","description":"","eClass":"Sentence","content":"The test system VALIDATES THAT the Apollo A Status.GetControl is nearly equal to {\"acceleration\": -1.58, \"throttle\": 0.0, \"steering_target\": -0.11, \"brake\": 27.77, \"steering_rate\": 100.0, \"speed\": 1.47}","natures":[]},{"name":"","description":"","eClass":"Sentence","content":"The test system VALIDATES THAT the simulator S Status.GetEnvironment is nearly equal to {\"x\": 141.21, \"y\": 10.13, \"z\": 201.32, \"rain\": 0.0, \"fog\": 0.0, \"wetness\": 0.0, \"timeofday\": 12.0, \"signal\": -1.0, \"rx\": 0.1, \"ry\": 269.55, \"rz\": 0.0, \"speed\": 1.47}","natures":[]},{"name":"","description":"","eClass":"Sentence","content":"The environment controller C INVOKES API Control.Agents.Pedestrians.WalkRandomly(which_lane=Current_Lane).","natures":[]},{"name":"","description":"","eClass":"Sentence","content":"The test system VALIDATES THAT the Apollo A Status.GetControl is nearly equal to {\"acceleration\": 0.12, \"throttle\": 15.7, \"steering_target\": -4.31, \"brake\": 0.0, \"steering_rate\": 100.0, \"speed\": 2.92}","natures":[]},{"name":"","description":"","eClass":"Sentence","content":"The test system VALIDATES THAT the simulator S Status.GetEnvironment is nearly equal to {\"x\": 135.27, \"y\": 10.12, \"z\": 201.3, \"rain\": 0.0, \"fog\": 0.0, \"wetness\": 0.0, \"timeofday\": 12.0, \"signal\": -1.0, \"rx\": 359.98, \"ry\": 271.42, \"rz\": 0.02, \"speed\": 2.97}","natures":[]},{"name":"","description":"","eClass":"Sentence","content":"The environment controller C INVOKES API Control.Agents.Pedestrians.WalkRandomly(which_lane=Current_Lane).","natures":[]},{"name":"","description":"","eClass":"Sentence","content":"The test system VALIDATES THAT the Apollo A Status.GetControl is nearly equal to {\"acceleration\": 0.89, \"throttle\": 24.91, \"steering_target\": -7.17, \"brake\": 0.0, \"steering_rate\": 100.0, \"speed\": 6.09}","natures":[]},{"name":"","description":"","eClass":"Sentence","content":"The test system VALIDATES THAT the simulator S Status.GetEnvironment is nearly equal to {\"x\": 118.12, \"y\": 10.12, \"z\": 208.55, \"rain\": 0.0, \"fog\": 0.0, \"wetness\": 0.0, \"timeofday\": 12.0, \"signal\": -1.0, \"rx\": 359.96, \"ry\": 307.15, \"rz\": 0.17, \"speed\": 6.32}","natures":[]},{"name":"","description":"","eClass":"Sentence","content":"The environment controller C INVOKES API Control.Agents.Pedestrians.WalkRandomly(which_lane=Current_Lane).","natures":[]},{"name":"","description":"","eClass":"Sentence","content":"The test system VALIDATES THAT the Apollo A Status.GetControl is nearly equal to {\"acceleration\": 0.21, \"throttle\": 15.7, \"steering_target\": 0.49, \"brake\": 0.0, \"steering_rate\": 100.0, \"speed\": 8.53}","natures":[]},{"name":"","description":"","eClass":"Sentence","content":"The test system VALIDATES THAT the simulator S Status.GetEnvironment is nearly equal to {\"x\": 95.25, \"y\": 10.12, \"z\": 226.85, \"rain\": 0.0, \"fog\": 0.0, \"wetness\": 0.0, \"timeofday\": 12.0, \"signal\": -1.0, \"rx\": 359.98, \"ry\": 307.63, \"rz\": 359.97, \"speed\": 8.53}","natures":[]},{"name":"","description":"","eClass":"Sentence","content":"The environment controller C INVOKES API Control.Agents.Pedestrians.WalkRandomly(which_lane=Current_Lane).","natures":[]},{"name":"","description":"","eClass":"Sentence","content":"The test system VALIDATES THAT the Apollo A Status.GetControl is nearly equal to {\"acceleration\": 1.05, \"throttle\": 28.76, \"steering_target\": 1.83, \"brake\": 0.0, \"steering_rate\": 100.0, \"speed\": 2.91}","natures":[]},{"name":"","description":"","eClass":"Sentence","content":"The test system VALIDATES THAT the simulator S Status.GetEnvironment is nearly equal to {\"x\": 77.62, \"y\": 10.13, \"z\": 240.26, \"rain\": 0.0, \"fog\": 0.0, \"wetness\": 0.0, \"timeofday\": 12.0, \"signal\": 1.0, \"rx\": 359.73, \"ry\": 306.88, \"rz\": 359.87, \"speed\": 3.42}","natures":[]},{"name":"","description":"","eClass":"Sentence","content":"The environment controller C INVOKES API Control.Agents.Pedestrians.WalkRandomly(which_lane=Current_Lane).","natures":[]},{"name":"","description":"","eClass":"Sentence","content":"The test system VALIDATES THAT the Apollo A Status.GetControl is nearly equal to {\"acceleration\": 0.08, \"throttle\": 15.7, \"steering_target\": -0.13, \"brake\": 0.0, \"steering_rate\": 100.0, \"speed\": 6.58}","natures":[]},{"name":"","description":"","eClass":"Sentence","content":"The test system VALIDATES THAT the simulator S Status.GetEnvironment is nearly equal to {\"x\": 60.47, \"y\": 10.12, \"z\": 253.07, \"rain\": 0.0, \"fog\": 0.0, \"wetness\": 0.0, \"timeofday\": 12.0, \"signal\": 1.0, \"rx\": 0.01, \"ry\": 306.9, \"rz\": 0.0, \"speed\": 6.57}","natures":[]},{"name":"","description":"","eClass":"Sentence","content":"The environment controller C INVOKES API Control.Agents.Pedestrians.WalkRandomly(which_lane=Current_Lane).","natures":[]},{"name":"","description":"","eClass":"Sentence","content":"The test system VALIDATES THAT the Apollo A Status.GetControl is nearly equal to {\"acceleration\": 0.64, \"throttle\": 21.42, \"steering_target\": 1.4, \"brake\": 0.0, \"steering_rate\": 100.0, \"speed\": 4.46}","natures":[]},{"name":"","description":"","eClass":"Sentence","content":"The test system VALIDATES THAT the simulator S Status.GetEnvironment is nearly equal to {\"x\": 50.13, \"y\": 10.12, \"z\": 260.79, \"rain\": 0.0, \"fog\": 0.0, \"wetness\": 0.0, \"timeofday\": 12.0, \"signal\": 1.0, \"rx\": 359.9, \"ry\": 307.52, \"rz\": 359.98, \"speed\": 4.6}","natures":[]},{"name":"","description":"","eClass":"Sentence","content":"The environment controller C INVOKES API Control.Agents.Pedestrians.WalkRandomly(which_lane=Current_Lane).","natures":[]},{"name":"","description":"","eClass":"Sentence","content":"The test system VALIDATES THAT the Apollo A Status.GetControl is nearly equal to {\"acceleration\": -0.63, \"throttle\": 0.0, \"steering_target\": 0.95, \"brake\": 16.12, \"steering_rate\": 100.0, \"speed\": 0.73}","natures":[]},{"name":"","description":"","eClass":"Sentence","content":"The test system VALIDATES THAT the simulator S Status.GetEnvironment is nearly equal to {\"x\": 38.16, \"y\": 10.13, \"z\": 269.91, \"rain\": 0.0, \"fog\": 0.0, \"wetness\": 0.0, \"timeofday\": 12.0, \"signal\": -1.0, \"rx\": 359.97, \"ry\": 306.93, \"rz\": 0.01, \"speed\": 0.53}","natures":[]},{"name":"","description":"","eClass":"Sentence","content":"The environment controller C INVOKES API Control.Agents.Pedestrians.WalkRandomly(which_lane=Current_Lane).","natures":[]},{"name":"","description":"","eClass":"Sentence","content":"The test system VALIDATES THAT the Apollo A Status.GetControl is nearly equal to {\"acceleration\": -0.0, \"throttle\": 0.0, \"steering_target\": 0.0, \"brake\": 14.5, \"steering_rate\": 100.0, \"speed\": 0.0}","natures":[]},{"name":"","description":"","eClass":"Sentence","content":"The test system VALIDATES THAT the simulator S Status.GetEnvironment is nearly equal to {\"x\": 37.99, \"y\": 10.13, \"z\": 270.03, \"rain\": 0.0, \"fog\": 0.0, \"wetness\": 0.0, \"timeofday\": 12.0, \"signal\": -1.0, \"rx\": 359.94, \"ry\": 306.69, \"rz\": 359.98, \"speed\": 0.0}","natures":[]},{"name":"","description":"","eClass":"Sentence","content":"The environment controller C INVOKES API Control.Agents.Pedestrians.WalkRandomly(which_lane=Current_Lane).","natures":[]},{"name":"","description":"","eClass":"Sentence","content":"The test system VALIDATES THAT the Apollo A Status.GetControl is nearly equal to {\"acceleration\": -0.0, \"throttle\": 0.0, \"steering_target\": 0.0, \"brake\": 14.5, \"steering_rate\": 100.0, \"speed\": 0.0}","natures":[]},{"name":"","description":"","eClass":"Sentence","content":"The test system VALIDATES THAT the simulator S Status.GetEnvironment is nearly equal to {\"x\": 38.0, \"y\": 10.13, \"z\": 270.03, \"rain\": 0.0, \"fog\": 0.0, \"wetness\": 0.0, \"timeofday\": 12.0, \"signal\": 1.0, \"rx\": 359.94, \"ry\": 306.67, \"rz\": 0.01, \"speed\": 0.0}","natures":[]},{"name":"","description":"","eClass":"Sentence","content":"The environment controller C INVOKES API Control.Weather.Wetness(wetness_level=Light).","natures":[]},{"name":"","description":"","eClass":"Sentence","content":"The test system VALIDATES THAT the Apollo A Status.GetControl is nearly equal to {\"acceleration\": -0.0, \"throttle\": 0.0, \"steering_target\": 0.0, \"brake\": 14.5, \"steering_rate\": 100.0, \"speed\": 0.0}","natures":[]},{"name":"","description":"","eClass":"Sentence","content":"The test system VALIDATES THAT the simulator S Status.GetEnvironment is nearly equal to {\"x\": 38.0, \"y\": 10.13, \"z\": 270.03, \"rain\": 0.0, \"fog\": 0.0, \"wetness\": 0.2, \"timeofday\": 12.0, \"signal\": 1.0, \"rx\": 359.94, \"ry\": 306.65, \"rz\": 0.01, \"speed\": 0.0}","natures":[]},{"name":"","description":"","eClass":"Sentence","content":"The environment controller C INVOKES API Control.Agents.Pedestrians.WalkRandomly(which_lane=Current_Lane).","natures":[]},{"name":"","description":"","eClass":"Sentence","content":"The test system VALIDATES THAT the Apollo A Status.GetControl is nearly equal to {\"acceleration\": -0.0, \"throttle\": 0.0, \"steering_target\": 0.0, \"brake\": 14.5, \"steering_rate\": 100.0, \"speed\": 0.0}","natures":[]},{"name":"","description":"","eClass":"Sentence","content":"","natures":[]}]
