 timestamp= 1619811914000 [START] Now Run TCS Maintain Lane On Road1 Mode: dynamic Roadnum: 3 Second: 4
 timestamp= 1619811914000 [SUCCESS] TCS Check Success 
 timestamp= 1619811917000 [RUN] Run BasicFlow
 timestamp= 1619811917000 [RUN] Generate steps
 timestamp= 1619811917000 [RUN] Validate step: 
The test system VALIDATES THAT the simulator S Status.GetEnvironment is nearly equal to {"x": -244.8, "y": 10.12, "z": 465.33, "rain": 0.0, "fog": 0.0, "wetness": 0.0, "timeofday": 12.0, "signal": 1.0, "rx": 0.0, "ry": 305.81, "rz": -0.0, "speed": 0.0}
 timestamp= 1619811917000 [RES] Validate result: 
true
 timestamp= 1619811917000 [RUN] Execute API step: 
The environment controller C INVOKES API Control.Agents.Pedestrians.WalkRandomly(which_lane=Current_Lane).
 timestamp= 1619811920000 [RES] API result: 
{"pose_arr":[{"vx":0,"ay":0,"az":9.81,"ax":0,"pz":10.12,"vy":0,"px":552630.27,"py":4182950.56},{"vx":0,"ay":0,"az":9.81,"ax":0,"pz":10.12,"vy":0,"px":552630.27,"py":4182950.56},{"vx":0,"ay":0,"az":9.81,"ax":0,"pz":10.12,"vy":0,"px":552630.27,"py":4182950.56},{"vx":0,"ay":0,"az":9.81,"ax":0,"pz":10.12,"vy":0,"px":552630.27,"py":4182950.56},{"vx":0,"ay":0,"az":9.81,"ax":0,"pz":10.12,"vy":0,"px":552630.27,"py":4182950.56},{"vx":0,"ay":0,"az":9.81,"ax":0,"pz":10.12,"vy":0,"px":552630.27,"py":4182950.56}],"traffic_light":[1,1,1,1,1],"state_arr":[{"acceleration":-3,"throttle":0,"steering_target":26.81,"brake":70,"steering_rate":100,"speed":0},{"acceleration":-3,"throttle":0,"steering_target":26.81,"brake":69.98,"steering_rate":100,"speed":0},{"acceleration":-3,"throttle":0,"steering_target":26.81,"brake":69.99,"steering_rate":100,"speed":0},{"acceleration":-3,"throttle":0,"steering_target":26.81,"brake":69.99,"steering_rate":100,"speed":0},{"acceleration":-3,"throttle":0,"steering_target":26.81,"brake":69.99,"steering_rate":100,"speed":0},{"acceleration":-3,"throttle":0,"steering_target":26.81,"brake":69.99,"steering_rate":100,"speed":0}],"obstacle_arr":[[],[],[],[],[],[]],"action_description":"Pedestrian walking on the front lane","ev_state":[-244.802841186523,10.1248035430908,465.330169677734,0,0,0,12,1,0.00000706984246789943,305.809204101563,-0.00000913151234271936,0.000024379070954877673],"collision_probability":0}
 timestamp= 1619811920000 [RUN] Validate G1 Guard Condition: 
The ego vehicle E Detection.Collision == True.
 timestamp= 1619811920000 [RES] Global Validate result: 
false
 timestamp= 1619811920000 [RUN] Validate G2 Guard Condition: 
The ego vehicle E Detection.OffRoad == True.
 timestamp= 1619811920000 [RES] Global Validate result: 
false
 timestamp= 1619811920000 [RUN] Validate G3 Guard Condition: 
The ego vehicle E Detection.HardBrake == True.
 timestamp= 1619811920000 [RES] Global Validate result: 
false
 timestamp= 1619811920000 [RUN] Validate G4 Guard Condition: 
The ego vehicle E Detection.ArrivalTest == True.
 timestamp= 1619811920000 [RES] Global Validate result: 
false
 timestamp= 1619811920000 [RUN] Validate step: 
The test system VALIDATES THAT the Apollo A Status.GetControl is nearly equal to {"acceleration": -3.0, "throttle": 0.0, "steering_target": 26.81, "brake": 69.99, "steering_rate": 100.0, "speed": 0.0}
 timestamp= 1619811920000 [RES] Validate result: 
true
 timestamp= 1619811920000 [RUN] Generate steps
 timestamp= 1619811920000 [RUN] Validate step: 
The test system VALIDATES THAT the simulator S Status.GetEnvironment is nearly equal to {"x": -244.8, "y": 10.12, "z": 465.33, "rain": 0.0, "fog": 0.0, "wetness": 0.0, "timeofday": 12.0, "signal": 1.0, "rx": 0.0, "ry": 305.81, "rz": -0.0, "speed": 0.0}
 timestamp= 1619811920000 [RES] Validate result: 
true
 timestamp= 1619811920000 [RUN] Execute API step: 
The environment controller C INVOKES API Control.Agents.Pedestrians.WalkRandomly(which_lane=Current_Lane).
 timestamp= 1619811923000 [RES] API result: 
{"pose_arr":[{"vx":0,"ay":0,"az":9.81,"ax":0,"pz":10.12,"vy":0,"px":552630.27,"py":4182950.56},{"vx":0,"ay":0,"az":9.81,"ax":0,"pz":10.12,"vy":0,"px":552630.27,"py":4182950.56},{"vx":0,"ay":0,"az":9.81,"ax":0,"pz":10.12,"vy":0,"px":552630.27,"py":4182950.56},{"vx":0,"ay":0,"az":9.81,"ax":0,"pz":10.12,"vy":0,"px":552630.27,"py":4182950.56},{"vx":0,"ay":0,"az":9.81,"ax":0,"pz":10.12,"vy":0,"px":552630.27,"py":4182950.56}],"traffic_light":[1,1,1,1,1],"state_arr":[{"acceleration":-3,"throttle":0,"steering_target":26.81,"brake":70,"steering_rate":100,"speed":0},{"acceleration":-3,"throttle":0,"steering_target":26.81,"brake":70,"steering_rate":100,"speed":0},{"acceleration":-3,"throttle":0,"steering_target":26.81,"brake":70,"steering_rate":100,"speed":0},{"acceleration":-3,"throttle":0,"steering_target":26.81,"brake":70,"steering_rate":100,"speed":0},{"acceleration":-3,"throttle":0,"steering_target":26.81,"brake":69.99,"steering_rate":100,"speed":0},{"acceleration":-3,"throttle":0,"steering_target":26.81,"brake":69.99,"steering_rate":100,"speed":0}],"obstacle_arr":[[],[],[],[],[]],"action_description":"Pedestrian walking on the front lane","ev_state":[-244.802841186523,10.1248035430908,465.330169677734,0,0,0,12,0,0.00000735707817511866,305.809204101563,-0.00000903871205082396,0.00008966790125769752],"collision_probability":0}
 timestamp= 1619811923000 [RUN] Validate G1 Guard Condition: 
The ego vehicle E Detection.Collision == True.
 timestamp= 1619811923000 [RES] Global Validate result: 
false
 timestamp= 1619811923000 [RUN] Validate G2 Guard Condition: 
The ego vehicle E Detection.OffRoad == True.
 timestamp= 1619811923000 [RES] Global Validate result: 
false
 timestamp= 1619811923000 [RUN] Validate G3 Guard Condition: 
The ego vehicle E Detection.HardBrake == True.
 timestamp= 1619811923000 [RES] Global Validate result: 
false
 timestamp= 1619811923000 [RUN] Validate G4 Guard Condition: 
The ego vehicle E Detection.ArrivalTest == True.
 timestamp= 1619811923000 [RES] Global Validate result: 
false
 timestamp= 1619811923000 [RUN] Validate step: 
The test system VALIDATES THAT the Apollo A Status.GetControl is nearly equal to {"acceleration": -3.0, "throttle": 0.0, "steering_target": 26.81, "brake": 69.99, "steering_rate": 100.0, "speed": 0.0}
 timestamp= 1619811923000 [RES] Validate result: 
true
 timestamp= 1619811923000 [RUN] Generate steps
 timestamp= 1619811923000 [RUN] Validate step: 
The test system VALIDATES THAT the simulator S Status.GetEnvironment is nearly equal to {"x": -244.8, "y": 10.12, "z": 465.33, "rain": 0.0, "fog": 0.0, "wetness": 0.0, "timeofday": 12.0, "signal": 0.0, "rx": 0.0, "ry": 305.81, "rz": -0.0, "speed": 0.0}
 timestamp= 1619811923000 [RES] Validate result: 
true
 timestamp= 1619811923000 [RUN] Execute API step: 
The environment controller C INVOKES API Control.Agents.Pedestrians.WalkRandomly(which_lane=Current_Lane).
 timestamp= 1619811926000 [RES] API result: 
{"pose_arr":[{"vx":0,"ay":0,"az":9.81,"ax":0,"pz":10.12,"vy":0,"px":552630.27,"py":4182950.56},{"vx":0,"ay":0,"az":9.81,"ax":0,"pz":10.12,"vy":0,"px":552630.27,"py":4182950.56},{"vx":0,"ay":0,"az":9.81,"ax":0,"pz":10.12,"vy":0,"px":552630.27,"py":4182950.56},{"vx":0.85,"ay":2.07,"az":9.8,"ax":1.48,"pz":10.12,"vy":0.85,"px":552629.95,"py":4182950.79},{"vx":1.26,"ay":-0.48,"az":9.82,"ax":-0.34,"pz":10.12,"vy":1.26,"px":552628.69,"py":4182951.69},{"vx":1.23,"ay":0.98,"az":9.8,"ax":0.68,"pz":10.12,"vy":1.23,"px":552627.36,"py":4182952.63}],"traffic_light":[1,1,3,3,3,3],"state_arr":[{"acceleration":-3,"throttle":0,"steering_target":26.81,"brake":69.99,"steering_rate":100,"speed":0},{"acceleration":-3,"throttle":0,"steering_target":26.81,"brake":69.99,"steering_rate":100,"speed":0},{"acceleration":-3,"throttle":0,"steering_target":26.81,"brake":70,"steering_rate":100,"speed":0},{"acceleration":0.54,"throttle":43.77,"steering_target":-0.78,"brake":0,"steering_rate":100,"speed":0.93},{"acceleration":-0.68,"throttle":0,"steering_target":2.1,"brake":16.52,"steering_rate":100,"speed":2.39},{"acceleration":0.39,"throttle":19.5,"steering_target":1.27,"brake":0,"steering_rate":100,"speed":1.98},{"acceleration":-0.13,"throttle":0,"steering_target":7.27,"brake":14.5,"steering_rate":100,"speed":2.32}],"obstacle_arr":[[],[],[],[],[],[]],"action_description":"Pedestrian walking on the front lane","ev_state":[-248.211395263672,10.124719619751,467.706726074219,0,0,0,12,-1,359.958190917969,304.620544433594,359.976287841797,2.3160993710433577],"collision_probability":0}
 timestamp= 1619811926000 [RUN] Validate G1 Guard Condition: 
The ego vehicle E Detection.Collision == True.
 timestamp= 1619811926000 [RES] Global Validate result: 
false
 timestamp= 1619811926000 [RUN] Validate G2 Guard Condition: 
The ego vehicle E Detection.OffRoad == True.
 timestamp= 1619811926000 [RES] Global Validate result: 
false
 timestamp= 1619811926000 [RUN] Validate G3 Guard Condition: 
The ego vehicle E Detection.HardBrake == True.
 timestamp= 1619811926000 [RES] Global Validate result: 
false
 timestamp= 1619811926000 [RUN] Validate G4 Guard Condition: 
The ego vehicle E Detection.ArrivalTest == True.
 timestamp= 1619811926000 [RES] Global Validate result: 
false
 timestamp= 1619811926000 [RUN] Validate step: 
The test system VALIDATES THAT the Apollo A Status.GetControl is nearly equal to {"acceleration": -0.13, "throttle": 0.0, "steering_target": 7.27, "brake": 14.5, "steering_rate": 100.0, "speed": 2.32}
 timestamp= 1619811926000 [RES] Validate result: 
true
 timestamp= 1619811926000 [RUN] Generate steps
 timestamp= 1619811926000 [RUN] Validate step: 
The test system VALIDATES THAT the simulator S Status.GetEnvironment is nearly equal to {"x": -248.21, "y": 10.12, "z": 467.71, "rain": 0.0, "fog": 0.0, "wetness": 0.0, "timeofday": 12.0, "signal": -1.0, "rx": 359.96, "ry": 304.62, "rz": 359.98, "speed": 2.32}
 timestamp= 1619811926000 [RES] Validate result: 
true
 timestamp= 1619811926000 [RUN] Execute API step: 
The environment controller C INVOKES API Control.Agents.Pedestrians.WalkRandomly(which_lane=Current_Lane).
 timestamp= 1619811929000 [RES] API result: 
{"pose_arr":[{"vx":1.22,"ay":-0.41,"az":9.82,"ax":-0.26,"pz":10.12,"vy":1.22,"px":552626.58,"py":4182953.17},{"vx":1.27,"ay":-0.42,"az":9.81,"ax":-0.25,"pz":10.13,"vy":1.27,"px":552625.02,"py":4182954.19},{"vx":1.04,"ay":-0.45,"az":9.82,"ax":-0.21,"pz":10.12,"vy":1.04,"px":552623.29,"py":4182955.22},{"vx":0.72,"ay":0.26,"az":9.81,"ax":0.08,"pz":10.12,"vy":0.72,"px":552621.57,"py":4182956.01},{"vx":0.27,"ay":-0.52,"az":9.82,"ax":-0.14,"pz":10.12,"vy":0.27,"px":552619.96,"py":4182956.52},{"vx":-0.35,"ay":-0.54,"az":9.82,"ax":0.06,"pz":10.13,"vy":-0.35,"px":552618.06,"py":4182956.76}],"traffic_light":[3,3,3,0,0,0],"state_arr":[{"acceleration":-0.37,"throttle":0,"steering_target":7.89,"brake":14.5,"steering_rate":100,"speed":2.67},{"acceleration":0.02,"throttle":42.86,"steering_target":12.8,"brake":0,"steering_rate":100,"speed":2.38},{"acceleration":0.04,"throttle":28.82,"steering_target":25.78,"brake":0,"steering_rate":100,"speed":2.51},{"acceleration":0.11,"throttle":15.7,"steering_target":32.13,"brake":0,"steering_rate":100,"speed":2.55},{"acceleration":-0.04,"throttle":0,"steering_target":42.59,"brake":14.5,"steering_rate":100,"speed":2.67},{"acceleration":-0.04,"throttle":0,"steering_target":54.02,"brake":14.5,"steering_rate":100,"speed":2.73}],"obstacle_arr":[[],[],[],[],[],[]],"action_description":"Pedestrian walking on the front lane","ev_state":[-257.685485839844,10.1247406005859,470.6982421875,0,0,0,12,-1,0.0387665964663029,268.156066894531,359.769805908203,2.5903758500681806],"collision_probability":0}
 timestamp= 1619811929000 [RUN] Validate G1 Guard Condition: 
The ego vehicle E Detection.Collision == True.
 timestamp= 1619811929000 [RES] Global Validate result: 
false
 timestamp= 1619811929000 [RUN] Validate G2 Guard Condition: 
The ego vehicle E Detection.OffRoad == True.
 timestamp= 1619811929000 [RES] Global Validate result: 
false
 timestamp= 1619811929000 [RUN] Validate G3 Guard Condition: 
The ego vehicle E Detection.HardBrake == True.
 timestamp= 1619811929000 [RES] Global Validate result: 
false
 timestamp= 1619811929000 [RUN] Validate G4 Guard Condition: 
The ego vehicle E Detection.ArrivalTest == True.
 timestamp= 1619811929000 [RES] Global Validate result: 
false
 timestamp= 1619811929000 [RUN] Validate step: 
The test system VALIDATES THAT the Apollo A Status.GetControl is nearly equal to {"acceleration": -0.04, "throttle": 0.0, "steering_target": 54.02, "brake": 14.5, "steering_rate": 100.0, "speed": 2.73}
 timestamp= 1619811929000 [RES] Validate result: 
true
 timestamp= 1619811929000 [RUN] Generate steps
 timestamp= 1619811929000 [RUN] Validate step: 
The test system VALIDATES THAT the simulator S Status.GetEnvironment is nearly equal to {"x": -257.69, "y": 10.12, "z": 470.7, "rain": 0.0, "fog": 0.0, "wetness": 0.0, "timeofday": 12.0, "signal": -1.0, "rx": 0.04, "ry": 268.16, "rz": 359.77, "speed": 2.59}
 timestamp= 1619811929000 [RES] Validate result: 
true
 timestamp= 1619811929000 [RUN] Execute API step: 
The environment controller C INVOKES API Control.Agents.Pedestrians.WalkRandomly(which_lane=Current_Lane).
 timestamp= 1619811933000 [RES] API result: 
{"pose_arr":[{"vx":-0.85,"ay":0.3,"az":9.8,"ax":-0.1,"pz":10.12,"vy":-0.85,"px":552616.66,"py":4182956.66},{"vx":-1.74,"ay":0.49,"az":9.83,"ax":-0.07,"pz":10.12,"vy":-1.74,"px":552614.98,"py":4182956.21},{"vx":-1.92,"ay":0.32,"az":9.8,"ax":-0.06,"pz":10.13,"vy":-1.92,"px":552612.92,"py":4182955.14},{"vx":-2.62,"ay":0.56,"az":9.81,"ax":-0.49,"pz":10.12,"vy":-2.62,"px":552610.9,"py":4182953.62},{"vx":-3.53,"ay":0.78,"az":9.84,"ax":-0.71,"pz":10.12,"vy":-3.53,"px":552609.34,"py":4182952.11},{"vx":-4.01,"ay":0.25,"az":9.81,"ax":-0.3,"pz":10.12,"vy":-4.01,"px":552606.9,"py":4182949.41}],"traffic_light":[0,1,0,0,1],"state_arr":[{"acceleration":0.35,"throttle":16.21,"steering_target":51.26,"brake":0,"steering_rate":100,"speed":2.62},{"acceleration":0.07,"throttle":15.7,"steering_target":47.13,"brake":0,"steering_rate":100,"speed":3.41},{"acceleration":-0.12,"throttle":0,"steering_target":31.04,"brake":14.5,"steering_rate":100,"speed":3.17},{"acceleration":0.9,"throttle":25.79,"steering_target":25.22,"brake":0,"steering_rate":100,"speed":3.25},{"acceleration":1.44,"throttle":75.44,"steering_target":13.42,"brake":0,"steering_rate":100,"speed":3.8},{"acceleration":0.88,"throttle":17.92,"steering_target":7.53,"brake":0,"steering_rate":100,"speed":4.84},{"acceleration":1.02,"throttle":26.53,"steering_target":5.85,"brake":0,"steering_rate":100,"speed":5.2}],"obstacle_arr":[[{"acceleration":{"y":0,"x":-0.01,"z":0},"position":{"y":4183018.25,"x":552632.39,"z":11.2},"volume":4.57,"type":"VEHICLE","velocity":{"y":0,"x":0,"z":0}}],[],[{"acceleration":{"y":0,"x":0,"z":0},"position":{"y":4183018.8,"x":552631.84,"z":11.09},"volume":37,"type":"VEHICLE","velocity":{"y":3.37,"x":-4.83,"z":0}}],[],[],[]],"action_description":"Pedestrian walking on the front lane","ev_state":[-269.007690429688,10.124418258667,460.980865478516,0,0,0,12,-1,359.977264404297,217.94873046875,359.869750976563,5.257737171259766],"collision_probability":0}
 timestamp= 1619811933000 [RUN] Validate G1 Guard Condition: 
The ego vehicle E Detection.Collision == True.
 timestamp= 1619811933000 [RES] Global Validate result: 
false
 timestamp= 1619811933000 [RUN] Validate G2 Guard Condition: 
The ego vehicle E Detection.OffRoad == True.
 timestamp= 1619811933000 [RES] Global Validate result: 
false
 timestamp= 1619811933000 [RUN] Validate G3 Guard Condition: 
The ego vehicle E Detection.HardBrake == True.
 timestamp= 1619811933000 [RES] Global Validate result: 
false
 timestamp= 1619811933000 [RUN] Validate G4 Guard Condition: 
The ego vehicle E Detection.ArrivalTest == True.
 timestamp= 1619811933000 [RES] Global Validate result: 
false
 timestamp= 1619811933000 [RUN] Validate step: 
The test system VALIDATES THAT the Apollo A Status.GetControl is nearly equal to {"acceleration": 1.02, "throttle": 26.53, "steering_target": 5.85, "brake": 0.0, "steering_rate": 100.0, "speed": 5.2}
 timestamp= 1619811933000 [RES] Validate result: 
true
 timestamp= 1619811933000 [RUN] Generate steps
 timestamp= 1619811933000 [RUN] Validate step: 
The test system VALIDATES THAT the simulator S Status.GetEnvironment is nearly equal to {"x": -269.01, "y": 10.12, "z": 460.98, "rain": 0.0, "fog": 0.0, "wetness": 0.0, "timeofday": 12.0, "signal": -1.0, "rx": 359.98, "ry": 217.95, "rz": 359.87, "speed": 5.26}
 timestamp= 1619811933000 [RES] Validate result: 
true
 timestamp= 1619811933000 [RUN] Execute API step: 
The environment controller C INVOKES API Control.Agents.Pedestrians.WalkRandomly(which_lane=Current_Lane).
 timestamp= 1619811936000 [RES] API result: 
{"pose_arr":[{"vx":-4.6,"ay":1.69,"az":9.77,"ax":-2.16,"pz":10.12,"vy":-4.6,"px":552605.23,"py":4182947.32},{"vx":-5.32,"ay":0.13,"az":9.82,"ax":-0.21,"pz":10.12,"vy":-5.32,"px":552602.58,"py":4182943.78},{"vx":-5.51,"ay":0.15,"az":9.81,"ax":-0.19,"pz":10.12,"vy":-5.51,"px":552600.27,"py":4182940.6},{"vx":-5.67,"ay":0.13,"az":9.81,"ax":-0.2,"pz":10.12,"vy":-5.67,"px":552597.65,"py":4182936.86},{"vx":-5.83,"ay":0.14,"az":9.81,"ax":-0.2,"pz":10.12,"vy":-5.83,"px":552594.9,"py":4182932.87},{"vx":-5.96,"ay":0.14,"az":9.81,"ax":-0.19,"pz":10.12,"vy":-5.96,"px":552592.29,"py":4182929.04},{"vx":-5.9,"ay":0,"az":9.8,"ax":0.01,"pz":10.12,"vy":-5.9,"px":552590.45,"py":4182926.34}],"traffic_light":[3,1,3,3,1],"state_arr":[{"acceleration":0.48,"throttle":15.7,"steering_target":1.18,"brake":0,"steering_rate":100,"speed":6.42},{"acceleration":0.55,"throttle":15.7,"steering_target":2.06,"brake":0,"steering_rate":100,"speed":6.62},{"acceleration":0.7,"throttle":15.7,"steering_target":0.73,"brake":0,"steering_rate":100,"speed":6.74},{"acceleration":0.6,"throttle":15.7,"steering_target":0.79,"brake":0,"steering_rate":100,"speed":6.89},{"acceleration":0.69,"throttle":15.7,"steering_target":0.26,"brake":0,"steering_rate":100,"speed":7.03},{"acceleration":0.62,"throttle":15.7,"steering_target":-0.11,"brake":0,"steering_rate":100,"speed":7.19},{"acceleration":0.4,"throttle":15.7,"steering_target":-0.29,"brake":0,"steering_rate":100,"speed":7.11}],"obstacle_arr":[[],[],[],[],[],[],[]],"action_description":"Pedestrian walking on the front lane","ev_state":[-284.597991943359,10.1240577697754,438.76806640625,0,0,0,12,-1,0.00708482461050153,214.378799438477,0.00617486191913486,7.109769700863724],"collision_probability":0}
 timestamp= 1619811936000 [RUN] Validate G1 Guard Condition: 
The ego vehicle E Detection.Collision == True.
 timestamp= 1619811936000 [RES] Global Validate result: 
false
 timestamp= 1619811936000 [RUN] Validate G2 Guard Condition: 
The ego vehicle E Detection.OffRoad == True.
 timestamp= 1619811936000 [RES] Global Validate result: 
false
 timestamp= 1619811936000 [RUN] Validate G3 Guard Condition: 
The ego vehicle E Detection.HardBrake == True.
 timestamp= 1619811936000 [RES] Global Validate result: 
false
 timestamp= 1619811936000 [RUN] Validate G4 Guard Condition: 
The ego vehicle E Detection.ArrivalTest == True.
 timestamp= 1619811936000 [RES] Global Validate result: 
false
 timestamp= 1619811936000 [RUN] Validate step: 
The test system VALIDATES THAT the Apollo A Status.GetControl is nearly equal to {"acceleration": 0.4, "throttle": 15.7, "steering_target": -0.29, "brake": 0.0, "steering_rate": 100.0, "speed": 7.11}
 timestamp= 1619811936000 [RES] Validate result: 
true
 timestamp= 1619811936000 [RUN] Generate steps
 timestamp= 1619811936000 [RUN] Validate step: 
The test system VALIDATES THAT the simulator S Status.GetEnvironment is nearly equal to {"x": -284.6, "y": 10.12, "z": 438.77, "rain": 0.0, "fog": 0.0, "wetness": 0.0, "timeofday": 12.0, "signal": -1.0, "rx": 0.01, "ry": 214.38, "rz": 0.01, "speed": 7.11}
 timestamp= 1619811936000 [RES] Validate result: 
true
 timestamp= 1619811936000 [RUN] Execute API step: 
The environment controller C INVOKES API Control.Agents.Pedestrians.WalkRandomly(which_lane=Current_Lane).
 timestamp= 1619811940000 [RES] API result: 
{"pose_arr":[{"vx":-6.02,"ay":0.13,"az":9.81,"ax":-0.19,"pz":10.12,"vy":-6.02,"px":552588.23,"py":4182923.11},{"vx":-6.28,"ay":-0.55,"az":9.84,"ax":0.82,"pz":10.12,"vy":-6.28,"px":552585.74,"py":4182919.53},{"vx":-5.52,"ay":-0.33,"az":9.79,"ax":0.48,"pz":10.13,"vy":-5.52,"px":552583.09,"py":4182915.75},{"vx":-5.46,"ay":0.14,"az":9.81,"ax":-0.2,"pz":10.12,"vy":-5.46,"px":552580.17,"py":4182911.63},{"vx":-5.58,"ay":0.15,"az":9.81,"ax":-0.2,"pz":10.12,"vy":-5.58,"px":552578.14,"py":4182908.75},{"vx":-5.12,"ay":-0.66,"az":9.83,"ax":0.91,"pz":10.13,"vy":-5.12,"px":552575.81,"py":4182905.45}],"traffic_light":[3,1,1,3,1,1],"state_arr":[{"acceleration":0.92,"throttle":25.3,"steering_target":-0.65,"brake":0,"steering_rate":100,"speed":7.33},{"acceleration":-0.08,"throttle":0,"steering_target":0.28,"brake":14.5,"steering_rate":100,"speed":7.69},{"acceleration":-0.08,"throttle":0,"steering_target":-0.43,"brake":14.5,"steering_rate":100,"speed":6.88},{"acceleration":0.48,"throttle":15.7,"steering_target":0.28,"brake":0,"steering_rate":100,"speed":6.59},{"acceleration":1.16,"throttle":15.7,"steering_target":0.01,"brake":0,"steering_rate":100,"speed":6.75},{"acceleration":-1.21,"throttle":0,"steering_target":-0.21,"brake":21.98,"steering_rate":100,"speed":6.74},{"acceleration":-0.33,"throttle":0,"steering_target":0.04,"brake":14.5,"steering_rate":100,"speed":5.83}],"obstacle_arr":[[],[],[],[{"acceleration":{"y":0,"x":0,"z":0},"position":{"y":4182908.18,"x":552574.39,"z":10.36},"volume":0.1,"type":"PEDESTRIAN","velocity":{"y":0,"x":0,"z":0}}],[{"acceleration":{"y":0,"x":0,"z":0},"position":{"y":4182908.05,"x":552574.28,"z":10.42},"volume":0.15,"type":"PEDESTRIAN","velocity":{"y":0,"x":0,"z":0}}],[{"acceleration":{"y":0,"x":0,"z":0},"position":{"y":4182908.13,"x":552574.37,"z":10.77},"volume":0.16,"type":"PEDESTRIAN","velocity":{"y":0,"x":0,"z":0}}]],"action_description":"Pedestrian walking on the front lane","ev_state":[-300.357635498047,10.1243467330933,416.350616455078,0,0,0,12,-1,0.0766821950674057,215.331298828125,0.0000387950422009453,5.679806711210812],"collision_probability":0.332}
 timestamp= 1619811940000 [RUN] Validate G1 Guard Condition: 
The ego vehicle E Detection.Collision == True.
 timestamp= 1619811940000 [RES] Global Validate result: 
false
 timestamp= 1619811940000 [RUN] Validate G2 Guard Condition: 
The ego vehicle E Detection.OffRoad == True.
 timestamp= 1619811940000 [RES] Global Validate result: 
false
 timestamp= 1619811940000 [RUN] Validate G3 Guard Condition: 
The ego vehicle E Detection.HardBrake == True.
 timestamp= 1619811940000 [RES] Global Validate result: 
false
 timestamp= 1619811940000 [RUN] Validate G4 Guard Condition: 
The ego vehicle E Detection.ArrivalTest == True.
 timestamp= 1619811940000 [RES] Global Validate result: 
false
 timestamp= 1619811940000 [RUN] Validate step: 
The test system VALIDATES THAT the Apollo A Status.GetControl is nearly equal to {"acceleration": -0.33, "throttle": 0.0, "steering_target": 0.04, "brake": 14.5, "steering_rate": 100.0, "speed": 5.83}
 timestamp= 1619811940000 [RES] Validate result: 
true
 timestamp= 1619811940000 [RUN] Generate steps
 timestamp= 1619811940000 [RUN] Validate step: 
The test system VALIDATES THAT the simulator S Status.GetEnvironment is nearly equal to {"x": -300.36, "y": 10.12, "z": 416.35, "rain": 0.0, "fog": 0.0, "wetness": 0.0, "timeofday": 12.0, "signal": -1.0, "rx": 0.08, "ry": 215.33, "rz": 0.0, "speed": 5.68}
 timestamp= 1619811940000 [RES] Validate result: 
true
 timestamp= 1619811940000 [RUN] Execute API step: 
The environment controller C INVOKES API Control.Agents.Pedestrians.WalkRandomly(which_lane=Current_Lane).
 timestamp= 1619811944000 [RES] API result: 
{"pose_arr":[{"vx":-4.63,"ay":0,"az":9.81,"ax":0,"pz":10.13,"vy":-4.63,"px":552574.41,"py":4182903.47},{"vx":-4.91,"ay":0.63,"az":9.8,"ax":-0.88,"pz":10.12,"vy":-4.91,"px":552572.3,"py":4182900.5},{"vx":-5.61,"ay":0.4,"az":9.81,"ax":-0.56,"pz":10.12,"vy":-5.61,"px":552569.85,"py":4182897.05},{"vx":-5.36,"ay":-0.54,"az":9.81,"ax":0.76,"pz":10.13,"vy":-5.36,"px":552566.94,"py":4182892.95},{"vx":-3.77,"ay":-2.33,"az":9.82,"ax":3.32,"pz":10.13,"vy":-3.77,"px":552565.41,"py":4182890.81},{"vx":-1.79,"ay":-1.72,"az":9.81,"ax":2.43,"pz":10.13,"vy":-1.79,"px":552564.12,"py":4182888.99},{"vx":-0.56,"ay":-1.07,"az":9.81,"ax":1.5,"pz":10.13,"vy":-0.56,"px":552563.62,"py":4182888.29}],"traffic_light":[3,3,1,1,1,3,3],"state_arr":[{"acceleration":0.76,"throttle":23.26,"steering_target":-0.05,"brake":0,"steering_rate":100,"speed":5.71},{"acceleration":1.42,"throttle":48.03,"steering_target":-0.1,"brake":0,"steering_rate":100,"speed":6.02},{"acceleration":0.75,"throttle":15.7,"steering_target":-0.05,"brake":0,"steering_rate":100,"speed":6.88},{"acceleration":-3.84,"throttle":0,"steering_target":0.24,"brake":46.15,"steering_rate":100,"speed":6.69},{"acceleration":-3.29,"throttle":0,"steering_target":0.06,"brake":42.4,"steering_rate":100,"speed":4.64},{"acceleration":-2.87,"throttle":0,"steering_target":-0.06,"brake":38.79,"steering_rate":100,"speed":2.63},{"acceleration":-2.07,"throttle":0,"steering_target":0.01,"brake":32.21,"steering_rate":100,"speed":1.19},{"acceleration":-1.17,"throttle":0,"steering_target":-0.01,"brake":24.27,"steering_rate":100,"speed":0.3}],"obstacle_arr":[[{"acceleration":{"y":0.57,"x":0.39,"z":0},"position":{"y":4182908.48,"x":552574.61,"z":10.38},"volume":0.14,"type":"PEDESTRIAN","velocity":{"y":0.46,"x":0.31,"z":0}}],[{"acceleration":{"y":0.03,"x":0.03,"z":0},"position":{"y":4182908.24,"x":552574.4,"z":10.51},"volume":0.09,"type":"PEDESTRIAN","velocity":{"y":0,"x":0,"z":0}}],[],[{"acceleration":{"y":0,"x":0,"z":0},"position":{"y":4182883.92,"x":552561.04,"z":10.19},"volume":0.06,"type":"PEDESTRIAN","velocity":{"y":0,"x":0,"z":0}}],[{"acceleration":{"y":0,"x":0,"z":0},"position":{"y":4182884,"x":552561.2,"z":10.7},"volume":0.1,"type":"PEDESTRIAN","velocity":{"y":0,"x":0,"z":0}}],[{"acceleration":{"y":0,"x":0,"z":0},"position":{"y":4182884.05,"x":552561.25,"z":10.55},"volume":0.11,"type":"PEDESTRIAN","velocity":{"y":0,"x":0,"z":0}}],[{"acceleration":{"y":0,"x":0,"z":0},"position":{"y":4182883.97,"x":552561.17,"z":10.35},"volume":0.18,"type":"PEDESTRIAN","velocity":{"y":0,"x":0,"z":0}}]],"action_description":"Pedestrian walking on the front lane","ev_state":[-311.208526611328,10.1248693466187,401.073913574219,0,0,0,12,1,0.109016411006451,215.394515991211,-0.000115149581688456,0.30457866193907196],"collision_probability":0.161}
 timestamp= 1619811944000 [RUN] Validate G1 Guard Condition: 
The ego vehicle E Detection.Collision == True.
 timestamp= 1619811944000 [RES] Global Validate result: 
false
 timestamp= 1619811944000 [RUN] Validate G2 Guard Condition: 
The ego vehicle E Detection.OffRoad == True.
 timestamp= 1619811944000 [RES] Global Validate result: 
false
 timestamp= 1619811944000 [RUN] Validate G3 Guard Condition: 
The ego vehicle E Detection.HardBrake == True.
 timestamp= 1619811944000 [RES] Global Validate result: 
true
 timestamp= 1619811944000 [RUN] HardBrake == True
 timestamp= 1619811944000 [RUN] RESUME STEP @preStep
 timestamp= 1619811944000 [RUN] Resume step basicflow22
 timestamp= 1619811944000 [RUN] Validate G4 Guard Condition: 
The ego vehicle E Detection.ArrivalTest == True.
 timestamp= 1619811944000 [RES] Global Validate result: 
false
 timestamp= 1619811944000 [RUN] Validate step: 
The test system VALIDATES THAT the Apollo A Status.GetControl is nearly equal to {"acceleration": -1.17, "throttle": 0.0, "steering_target": -0.01, "brake": 24.27, "steering_rate": 100.0, "speed": 0.3}
 timestamp= 1619811944000 [RES] Validate result: 
true
 timestamp= 1619811944000 [RUN] Generate steps
 timestamp= 1619811944000 [RUN] Validate step: 
The test system VALIDATES THAT the simulator S Status.GetEnvironment is nearly equal to {"x": -311.21, "y": 10.12, "z": 401.07, "rain": 0.0, "fog": 0.0, "wetness": 0.0, "timeofday": 12.0, "signal": 1.0, "rx": 0.11, "ry": 215.39, "rz": -0.0, "speed": 0.3}
 timestamp= 1619811944000 [RES] Validate result: 
true
 timestamp= 1619811944000 [RUN] Execute API step: 
The environment controller C INVOKES API Control.Agents.Pedestrians.WalkRandomly(which_lane=Current_Lane).
 timestamp= 1619811948000 [RES] API result: 
{"pose_arr":[{"vx":-0.16,"ay":-0.43,"az":9.81,"ax":0.61,"pz":10.13,"vy":-0.16,"px":552563.54,"py":4182888.17},{"vx":0,"ay":0,"az":9.81,"ax":0,"pz":10.13,"vy":0,"px":552563.52,"py":4182888.14},{"vx":0,"ay":0,"az":9.81,"ax":0,"pz":10.12,"vy":0,"px":552563.52,"py":4182888.14},{"vx":0,"ay":0,"az":9.81,"ax":0,"pz":10.12,"vy":0,"px":552563.52,"py":4182888.14},{"vx":0,"ay":0,"az":9.81,"ax":0,"pz":10.12,"vy":0,"px":552563.52,"py":4182888.14},{"vx":0,"ay":0,"az":9.81,"ax":0,"pz":10.12,"vy":0,"px":552563.52,"py":4182888.14},{"vx":0,"ay":0,"az":9.81,"ax":0,"pz":10.12,"vy":0,"px":552563.52,"py":4182888.14}],"traffic_light":[3,3,3,3,3,3,3],"state_arr":[{"acceleration":-0.36,"throttle":0,"steering_target":-0.02,"brake":26.92,"steering_rate":100,"speed":0.03},{"acceleration":-3,"throttle":0,"steering_target":-0.02,"brake":69.99,"steering_rate":100,"speed":0},{"acceleration":-3,"throttle":0,"steering_target":-0.02,"brake":69.99,"steering_rate":100,"speed":0},{"acceleration":-3,"throttle":0,"steering_target":-0.02,"brake":69.99,"steering_rate":100,"speed":0},{"acceleration":-3,"throttle":0,"steering_target":-0.02,"brake":69.99,"steering_rate":100,"speed":0},{"acceleration":-3,"throttle":0,"steering_target":-0.02,"brake":69.99,"steering_rate":100,"speed":0},{"acceleration":-3,"throttle":0,"steering_target":-0.02,"brake":70,"steering_rate":100,"speed":0},{"acceleration":-3,"throttle":0,"steering_target":-0.02,"brake":70,"steering_rate":100,"speed":0}],"obstacle_arr":[[{"acceleration":{"y":0,"x":0,"z":0},"position":{"y":4182883.83,"x":552561.13,"z":10.42},"volume":0.2,"type":"PEDESTRIAN","velocity":{"y":0,"x":0,"z":0}}],[{"acceleration":{"y":0,"x":0,"z":0},"position":{"y":4182883.84,"x":552561.05,"z":10.34},"volume":0.16,"type":"PEDESTRIAN","velocity":{"y":0,"x":0,"z":0}}],[{"acceleration":{"y":0,"x":0,"z":0},"position":{"y":4182883.82,"x":552561.04,"z":10.33},"volume":0.17,"type":"PEDESTRIAN","velocity":{"y":0,"x":0,"z":0}}],[{"acceleration":{"y":0,"x":0,"z":0},"position":{"y":4182883.85,"x":552561.12,"z":10.45},"volume":0.16,"type":"PEDESTRIAN","velocity":{"y":0,"x":0,"z":0}}],[{"acceleration":{"y":0,"x":0,"z":0},"position":{"y":4182883.87,"x":552561.09,"z":10.35},"volume":0.19,"type":"PEDESTRIAN","velocity":{"y":0,"x":0,"z":0}}],[{"acceleration":{"y":0,"x":0,"z":0},"position":{"y":4182883.86,"x":552561.09,"z":10.33},"volume":0.19,"type":"PEDESTRIAN","velocity":{"y":0,"x":0,"z":0}}],[{"acceleration":{"y":0,"x":0,"z":0},"position":{"y":4182883.82,"x":552561.09,"z":10.34},"volume":0.15,"type":"PEDESTRIAN","velocity":{"y":0,"x":0,"z":0}}]],"action_description":"Pedestrian walking on the front lane","ev_state":[-311.243103027344,10.1248035430908,401.025207519531,0,0,0,12,1,0.0000072876900958363,215.394729614258,-0.00000879614981386112,0.000012758780032152333],"collision_probability":0.169}
 timestamp= 1619811948000 [RUN] Validate G1 Guard Condition: 
The ego vehicle E Detection.Collision == True.
 timestamp= 1619811948000 [RES] Global Validate result: 
false
 timestamp= 1619811948000 [RUN] Validate G2 Guard Condition: 
The ego vehicle E Detection.OffRoad == True.
 timestamp= 1619811948000 [RES] Global Validate result: 
false
 timestamp= 1619811948000 [RUN] Validate G3 Guard Condition: 
The ego vehicle E Detection.HardBrake == True.
 timestamp= 1619811948000 [RES] Global Validate result: 
false
 timestamp= 1619811948000 [RUN] Validate G4 Guard Condition: 
The ego vehicle E Detection.ArrivalTest == True.
 timestamp= 1619811948000 [RES] Global Validate result: 
false
 timestamp= 1619811948000 [RUN] Validate step: 
The test system VALIDATES THAT the Apollo A Status.GetControl is nearly equal to {"acceleration": -3.0, "throttle": 0.0, "steering_target": -0.02, "brake": 70.0, "steering_rate": 100.0, "speed": 0.0}
 timestamp= 1619811948000 [RES] Validate result: 
true
 timestamp= 1619811948000 [RUN] Generate steps
 timestamp= 1619811948000 [RUN] Validate step: 
The test system VALIDATES THAT the simulator S Status.GetEnvironment is nearly equal to {"x": -311.24, "y": 10.12, "z": 401.03, "rain": 0.0, "fog": 0.0, "wetness": 0.0, "timeofday": 12.0, "signal": 1.0, "rx": 0.0, "ry": 215.39, "rz": -0.0, "speed": 0.0}
 timestamp= 1619811948000 [RES] Validate result: 
true
 timestamp= 1619811948000 [RUN] Execute API step: 
The environment controller C INVOKES API Control.Agents.Pedestrians.WalkRandomly(which_lane=Current_Lane).
 timestamp= 1619811952000 [RES] API result: 
{"pose_arr":[{"vx":0,"ay":0,"az":9.81,"ax":0,"pz":10.12,"vy":0,"px":552563.52,"py":4182888.14},{"vx":0,"ay":0,"az":9.81,"ax":0,"pz":10.12,"vy":0,"px":552563.52,"py":4182888.14},{"vx":0,"ay":0,"az":9.81,"ax":0,"pz":10.12,"vy":0,"px":552563.52,"py":4182888.14},{"vx":0,"ay":0,"az":9.81,"ax":0,"pz":10.12,"vy":0,"px":552563.52,"py":4182888.14},{"vx":0,"ay":0,"az":9.81,"ax":0,"pz":10.12,"vy":0,"px":552563.52,"py":4182888.14},{"vx":0,"ay":0,"az":9.81,"ax":0,"pz":10.12,"vy":0,"px":552563.52,"py":4182888.14},{"vx":0,"ay":0,"az":9.81,"ax":0,"pz":10.12,"vy":0,"px":552563.52,"py":4182888.14},{"vx":0,"ay":0,"az":9.81,"ax":0,"pz":10.12,"vy":0,"px":552563.52,"py":4182888.14}],"traffic_light":[3,3,3,3,3,3],"state_arr":[{"acceleration":-3,"throttle":0,"steering_target":-0.02,"brake":70,"steering_rate":100,"speed":0},{"acceleration":-3,"throttle":0,"steering_target":-0.02,"brake":70,"steering_rate":100,"speed":0},{"acceleration":-3,"throttle":0,"steering_target":-0.02,"brake":70,"steering_rate":100,"speed":0},{"acceleration":-3,"throttle":0,"steering_target":-0.02,"brake":69.99,"steering_rate":100,"speed":0},{"acceleration":-3,"throttle":0,"steering_target":-0.02,"brake":69.99,"steering_rate":100,"speed":0},{"acceleration":-3,"throttle":0,"steering_target":-0.02,"brake":69.99,"steering_rate":100,"speed":0},{"acceleration":-3,"throttle":0,"steering_target":-0.02,"brake":69.99,"steering_rate":100,"speed":0},{"acceleration":-3,"throttle":0,"steering_target":-0.02,"brake":69.99,"steering_rate":100,"speed":0}],"obstacle_arr":[[{"acceleration":{"y":0,"x":0,"z":0},"position":{"y":4182883.81,"x":552561.08,"z":10.33},"volume":0.17,"type":"PEDESTRIAN","velocity":{"y":0,"x":0,"z":0}}],[{"acceleration":{"y":0,"x":0,"z":0},"position":{"y":4182883.83,"x":552561.12,"z":10.33},"volume":0.14,"type":"PEDESTRIAN","velocity":{"y":0,"x":0,"z":0}}],[{"acceleration":{"y":0,"x":0,"z":0},"position":{"y":4182883.89,"x":552561.23,"z":10.33},"volume":0.09,"type":"PEDESTRIAN","velocity":{"y":0,"x":0,"z":0}}],[{"acceleration":{"y":0,"x":0,"z":0},"position":{"y":4182883.88,"x":552561.22,"z":10.33},"volume":0.08,"type":"PEDESTRIAN","velocity":{"y":0,"x":0,"z":0}}],[{"acceleration":{"y":0,"x":0,"z":0},"position":{"y":4182883.87,"x":552561.2,"z":10.45},"volume":0.06,"type":"PEDESTRIAN","velocity":{"y":0,"x":0,"z":0}}],[{"acceleration":{"y":0,"x":0,"z":0},"position":{"y":4182883.85,"x":552561.2,"z":10.33},"volume":0.07,"type":"PEDESTRIAN","velocity":{"y":0,"x":0,"z":0}}],[{"acceleration":{"y":0,"x":0,"z":0},"position":{"y":4182883.85,"x":552561.21,"z":10.45},"volume":0.09,"type":"PEDESTRIAN","velocity":{"y":0,"x":0,"z":0}}],[{"acceleration":{"y":0,"x":0,"z":0},"position":{"y":4182883.85,"x":552561.2,"z":10.33},"volume":0.11,"type":"PEDESTRIAN","velocity":{"y":0,"x":0,"z":0}}]],"action_description":"Pedestrian walking on the front lane","ev_state":[-311.243103027344,10.1248035430908,401.025207519531,0,0,0,12,1,0.00000754722805140773,215.394729614258,-0.00000960951911110897,0.00009352093777994795],"collision_probability":0.167}
 timestamp= 1619811952000 [RUN] Validate G1 Guard Condition: 
The ego vehicle E Detection.Collision == True.
 timestamp= 1619811952000 [RES] Global Validate result: 
false
 timestamp= 1619811952000 [RUN] Validate G2 Guard Condition: 
The ego vehicle E Detection.OffRoad == True.
 timestamp= 1619811952000 [RES] Global Validate result: 
false
 timestamp= 1619811952000 [RUN] Validate G3 Guard Condition: 
The ego vehicle E Detection.HardBrake == True.
 timestamp= 1619811952000 [RES] Global Validate result: 
false
 timestamp= 1619811952000 [RUN] Validate G4 Guard Condition: 
The ego vehicle E Detection.ArrivalTest == True.
 timestamp= 1619811952000 [RES] Global Validate result: 
false
 timestamp= 1619811952000 [RUN] Validate step: 
The test system VALIDATES THAT the Apollo A Status.GetControl is nearly equal to {"acceleration": -3.0, "throttle": 0.0, "steering_target": -0.02, "brake": 69.99, "steering_rate": 100.0, "speed": 0.0}
 timestamp= 1619811952000 [RES] Validate result: 
true
 timestamp= 1619811952000 [RUN] Generate steps
 timestamp= 1619811952000 [RUN] Validate step: 
The test system VALIDATES THAT the simulator S Status.GetEnvironment is nearly equal to {"x": -311.24, "y": 10.12, "z": 401.03, "rain": 0.0, "fog": 0.0, "wetness": 0.0, "timeofday": 12.0, "signal": 1.0, "rx": 0.0, "ry": 215.39, "rz": -0.0, "speed": 0.0}
 timestamp= 1619811952000 [RES] Validate result: 
true
 timestamp= 1619811952000 [RUN] Execute API step: 
The environment controller C INVOKES API Control.Agents.Pedestrians.WalkRandomly(which_lane=Current_Lane).
 timestamp= 1619811956000 [RES] API result: 
{"pose_arr":[{"vx":0,"ay":0,"az":9.81,"ax":0,"pz":10.12,"vy":0,"px":552563.52,"py":4182888.14},{"vx":0,"ay":0,"az":9.81,"ax":0,"pz":10.12,"vy":0,"px":552563.52,"py":4182888.14},{"vx":0,"ay":0,"az":9.81,"ax":0,"pz":10.12,"vy":0,"px":552563.52,"py":4182888.14},{"vx":0,"ay":0,"az":9.81,"ax":0,"pz":10.12,"vy":0,"px":552563.52,"py":4182888.14},{"vx":0,"ay":0,"az":9.81,"ax":0,"pz":10.12,"vy":0,"px":552563.52,"py":4182888.14},{"vx":0,"ay":0,"az":9.81,"ax":0,"pz":10.12,"vy":0,"px":552563.52,"py":4182888.14}],"traffic_light":[3,3,3,3,3,3],"state_arr":[{"acceleration":-3,"throttle":0,"steering_target":-0.02,"brake":69.99,"steering_rate":100,"speed":0},{"acceleration":-3,"throttle":0,"steering_target":-0.02,"brake":69.99,"steering_rate":100,"speed":0},{"acceleration":-3,"throttle":0,"steering_target":-0.02,"brake":70,"steering_rate":100,"speed":0},{"acceleration":-3,"throttle":0,"steering_target":-0.02,"brake":70,"steering_rate":100,"speed":0},{"acceleration":-3,"throttle":0,"steering_target":-0.02,"brake":70,"steering_rate":100,"speed":0},{"acceleration":-3,"throttle":0,"steering_target":-0.02,"brake":69.99,"steering_rate":100,"speed":0},{"acceleration":-3,"throttle":0,"steering_target":-0.02,"brake":69.99,"steering_rate":100,"speed":0}],"obstacle_arr":[[{"acceleration":{"y":0,"x":0,"z":0},"position":{"y":4182883.85,"x":552561.21,"z":10.45},"volume":0.1,"type":"PEDESTRIAN","velocity":{"y":0,"x":0,"z":0}}],[{"acceleration":{"y":0,"x":0,"z":0},"position":{"y":4182883.84,"x":552561.2,"z":10.45},"volume":0.09,"type":"PEDESTRIAN","velocity":{"y":0,"x":0,"z":0}}],[{"acceleration":{"y":0,"x":0,"z":0},"position":{"y":4182883.83,"x":552561.17,"z":10.45},"volume":0.1,"type":"PEDESTRIAN","velocity":{"y":0,"x":0,"z":0}}],[{"acceleration":{"y":0,"x":0,"z":0},"position":{"y":4182883.83,"x":552561.2,"z":10.35},"volume":0.09,"type":"PEDESTRIAN","velocity":{"y":0,"x":0,"z":0}}],[{"acceleration":{"y":0,"x":0,"z":0},"position":{"y":4182883.87,"x":552561.22,"z":10.35},"volume":0.1,"type":"PEDESTRIAN","velocity":{"y":0,"x":0,"z":0}}],[{"acceleration":{"y":0,"x":0,"z":0},"position":{"y":4182883.85,"x":552561.18,"z":10.35},"volume":0.13,"type":"PEDESTRIAN","velocity":{"y":0,"x":0,"z":0}}],[{"acceleration":{"y":0,"x":0,"z":0},"position":{"y":4182883.83,"x":552561.2,"z":10.45},"volume":0.11,"type":"PEDESTRIAN","velocity":{"y":0,"x":0,"z":0}}]],"action_description":"Pedestrian walking on the front lane","ev_state":[-311.243103027344,10.1248044967651,401.025207519531,0,0,0,12,1,0.00000764455489843385,215.394729614258,-0.00000991453180176904,0.000051927727637031716],"collision_probability":0.169}
 timestamp= 1619811956000 [RUN] Validate G1 Guard Condition: 
The ego vehicle E Detection.Collision == True.
 timestamp= 1619811956000 [RES] Global Validate result: 
false
 timestamp= 1619811956000 [RUN] Validate G2 Guard Condition: 
The ego vehicle E Detection.OffRoad == True.
 timestamp= 1619811956000 [RES] Global Validate result: 
true
 timestamp= 1619811956000 [RUN] OffRoad == True
 timestamp= 1619811956000 [RUN] The simulator S INVOKES API Command.Simulation.Stop() to stop simulation.
 timestamp= 1619811956000 [WARNING] The test system Stop the Simulator S!
 timestamp= 1619811956000 [RUN] ABORT.
 timestamp= 1619811956000 [ERROR] The test system Abort!
 timestamp= 1619811956000 [RUN] Validate G3 Guard Condition: 
The ego vehicle E Detection.HardBrake == True.
 timestamp= 1619811956000 [RES] Global Validate result: 
false
 timestamp= 1619811956000 [RUN] Validate G4 Guard Condition: 
The ego vehicle E Detection.ArrivalTest == True.
 timestamp= 1619811956000 [RES] Global Validate result: 
false
 timestamp= 1619811956000 [RES] Basic PostCondition Validate result: 
false
 timestamp= 1619811956000 [STOP] numberOfStep: 34 basicFlow: 
[{"name":"","description":"","eClass":"Sentence","content":"The test system VALIDATES THAT the simulator S Status.GetEnvironment is nearly equal to {\"x\": -244.8, \"y\": 10.12, \"z\": 465.33, \"rain\": 0.0, \"fog\": 0.0, \"wetness\": 0.0, \"timeofday\": 12.0, \"signal\": 1.0, \"rx\": 0.0, \"ry\": 305.81, \"rz\": -0.0, \"speed\": 0.0}","natures":[]},{"name":"","description":"","eClass":"Sentence","content":"The environment controller C INVOKES API Control.Agents.Pedestrians.WalkRandomly(which_lane=Current_Lane).","natures":[]},{"name":"","description":"","eClass":"Sentence","content":"The test system VALIDATES THAT the Apollo A Status.GetControl is nearly equal to {\"acceleration\": -3.0, \"throttle\": 0.0, \"steering_target\": 26.81, \"brake\": 69.99, \"steering_rate\": 100.0, \"speed\": 0.0}","natures":[]},{"name":"","description":"","eClass":"Sentence","content":"The test system VALIDATES THAT the simulator S Status.GetEnvironment is nearly equal to {\"x\": -244.8, \"y\": 10.12, \"z\": 465.33, \"rain\": 0.0, \"fog\": 0.0, \"wetness\": 0.0, \"timeofday\": 12.0, \"signal\": 1.0, \"rx\": 0.0, \"ry\": 305.81, \"rz\": -0.0, \"speed\": 0.0}","natures":[]},{"name":"","description":"","eClass":"Sentence","content":"The environment controller C INVOKES API Control.Agents.Pedestrians.WalkRandomly(which_lane=Current_Lane).","natures":[]},{"name":"","description":"","eClass":"Sentence","content":"The test system VALIDATES THAT the Apollo A Status.GetControl is nearly equal to {\"acceleration\": -3.0, \"throttle\": 0.0, \"steering_target\": 26.81, \"brake\": 69.99, \"steering_rate\": 100.0, \"speed\": 0.0}","natures":[]},{"name":"","description":"","eClass":"Sentence","content":"The test system VALIDATES THAT the simulator S Status.GetEnvironment is nearly equal to {\"x\": -244.8, \"y\": 10.12, \"z\": 465.33, \"rain\": 0.0, \"fog\": 0.0, \"wetness\": 0.0, \"timeofday\": 12.0, \"signal\": 0.0, \"rx\": 0.0, \"ry\": 305.81, \"rz\": -0.0, \"speed\": 0.0}","natures":[]},{"name":"","description":"","eClass":"Sentence","content":"The environment controller C INVOKES API Control.Agents.Pedestrians.WalkRandomly(which_lane=Current_Lane).","natures":[]},{"name":"","description":"","eClass":"Sentence","content":"The test system VALIDATES THAT the Apollo A Status.GetControl is nearly equal to {\"acceleration\": -0.13, \"throttle\": 0.0, \"steering_target\": 7.27, \"brake\": 14.5, \"steering_rate\": 100.0, \"speed\": 2.32}","natures":[]},{"name":"","description":"","eClass":"Sentence","content":"The test system VALIDATES THAT the simulator S Status.GetEnvironment is nearly equal to {\"x\": -248.21, \"y\": 10.12, \"z\": 467.71, \"rain\": 0.0, \"fog\": 0.0, \"wetness\": 0.0, \"timeofday\": 12.0, \"signal\": -1.0, \"rx\": 359.96, \"ry\": 304.62, \"rz\": 359.98, \"speed\": 2.32}","natures":[]},{"name":"","description":"","eClass":"Sentence","content":"The environment controller C INVOKES API Control.Agents.Pedestrians.WalkRandomly(which_lane=Current_Lane).","natures":[]},{"name":"","description":"","eClass":"Sentence","content":"The test system VALIDATES THAT the Apollo A Status.GetControl is nearly equal to {\"acceleration\": -0.04, \"throttle\": 0.0, \"steering_target\": 54.02, \"brake\": 14.5, \"steering_rate\": 100.0, \"speed\": 2.73}","natures":[]},{"name":"","description":"","eClass":"Sentence","content":"The test system VALIDATES THAT the simulator S Status.GetEnvironment is nearly equal to {\"x\": -257.69, \"y\": 10.12, \"z\": 470.7, \"rain\": 0.0, \"fog\": 0.0, \"wetness\": 0.0, \"timeofday\": 12.0, \"signal\": -1.0, \"rx\": 0.04, \"ry\": 268.16, \"rz\": 359.77, \"speed\": 2.59}","natures":[]},{"name":"","description":"","eClass":"Sentence","content":"The environment controller C INVOKES API Control.Agents.Pedestrians.WalkRandomly(which_lane=Current_Lane).","natures":[]},{"name":"","description":"","eClass":"Sentence","content":"The test system VALIDATES THAT the Apollo A Status.GetControl is nearly equal to {\"acceleration\": 1.02, \"throttle\": 26.53, \"steering_target\": 5.85, \"brake\": 0.0, \"steering_rate\": 100.0, \"speed\": 5.2}","natures":[]},{"name":"","description":"","eClass":"Sentence","content":"The test system VALIDATES THAT the simulator S Status.GetEnvironment is nearly equal to {\"x\": -269.01, \"y\": 10.12, \"z\": 460.98, \"rain\": 0.0, \"fog\": 0.0, \"wetness\": 0.0, \"timeofday\": 12.0, \"signal\": -1.0, \"rx\": 359.98, \"ry\": 217.95, \"rz\": 359.87, \"speed\": 5.26}","natures":[]},{"name":"","description":"","eClass":"Sentence","content":"The environment controller C INVOKES API Control.Agents.Pedestrians.WalkRandomly(which_lane=Current_Lane).","natures":[]},{"name":"","description":"","eClass":"Sentence","content":"The test system VALIDATES THAT the Apollo A Status.GetControl is nearly equal to {\"acceleration\": 0.4, \"throttle\": 15.7, \"steering_target\": -0.29, \"brake\": 0.0, \"steering_rate\": 100.0, \"speed\": 7.11}","natures":[]},{"name":"","description":"","eClass":"Sentence","content":"The test system VALIDATES THAT the simulator S Status.GetEnvironment is nearly equal to {\"x\": -284.6, \"y\": 10.12, \"z\": 438.77, \"rain\": 0.0, \"fog\": 0.0, \"wetness\": 0.0, \"timeofday\": 12.0, \"signal\": -1.0, \"rx\": 0.01, \"ry\": 214.38, \"rz\": 0.01, \"speed\": 7.11}","natures":[]},{"name":"","description":"","eClass":"Sentence","content":"The environment controller C INVOKES API Control.Agents.Pedestrians.WalkRandomly(which_lane=Current_Lane).","natures":[]},{"name":"","description":"","eClass":"Sentence","content":"The test system VALIDATES THAT the Apollo A Status.GetControl is nearly equal to {\"acceleration\": -0.33, \"throttle\": 0.0, \"steering_target\": 0.04, \"brake\": 14.5, \"steering_rate\": 100.0, \"speed\": 5.83}","natures":[]},{"name":"","description":"","eClass":"Sentence","content":"The test system VALIDATES THAT the simulator S Status.GetEnvironment is nearly equal to {\"x\": -300.36, \"y\": 10.12, \"z\": 416.35, \"rain\": 0.0, \"fog\": 0.0, \"wetness\": 0.0, \"timeofday\": 12.0, \"signal\": -1.0, \"rx\": 0.08, \"ry\": 215.33, \"rz\": 0.0, \"speed\": 5.68}","natures":[]},{"name":"","description":"","eClass":"Sentence","content":"The environment controller C INVOKES API Control.Agents.Pedestrians.WalkRandomly(which_lane=Current_Lane).","natures":[]},{"name":"","description":"","eClass":"Sentence","content":"The test system VALIDATES THAT the Apollo A Status.GetControl is nearly equal to {\"acceleration\": -1.17, \"throttle\": 0.0, \"steering_target\": -0.01, \"brake\": 24.27, \"steering_rate\": 100.0, \"speed\": 0.3}","natures":[]},{"name":"","description":"","eClass":"Sentence","content":"The test system VALIDATES THAT the simulator S Status.GetEnvironment is nearly equal to {\"x\": -311.21, \"y\": 10.12, \"z\": 401.07, \"rain\": 0.0, \"fog\": 0.0, \"wetness\": 0.0, \"timeofday\": 12.0, \"signal\": 1.0, \"rx\": 0.11, \"ry\": 215.39, \"rz\": -0.0, \"speed\": 0.3}","natures":[]},{"name":"","description":"","eClass":"Sentence","content":"The environment controller C INVOKES API Control.Agents.Pedestrians.WalkRandomly(which_lane=Current_Lane).","natures":[]},{"name":"","description":"","eClass":"Sentence","content":"The test system VALIDATES THAT the Apollo A Status.GetControl is nearly equal to {\"acceleration\": -3.0, \"throttle\": 0.0, \"steering_target\": -0.02, \"brake\": 70.0, \"steering_rate\": 100.0, \"speed\": 0.0}","natures":[]},{"name":"","description":"","eClass":"Sentence","content":"The test system VALIDATES THAT the simulator S Status.GetEnvironment is nearly equal to {\"x\": -311.24, \"y\": 10.12, \"z\": 401.03, \"rain\": 0.0, \"fog\": 0.0, \"wetness\": 0.0, \"timeofday\": 12.0, \"signal\": 1.0, \"rx\": 0.0, \"ry\": 215.39, \"rz\": -0.0, \"speed\": 0.0}","natures":[]},{"name":"","description":"","eClass":"Sentence","content":"The environment controller C INVOKES API Control.Agents.Pedestrians.WalkRandomly(which_lane=Current_Lane).","natures":[]},{"name":"","description":"","eClass":"Sentence","content":"The test system VALIDATES THAT the Apollo A Status.GetControl is nearly equal to {\"acceleration\": -3.0, \"throttle\": 0.0, \"steering_target\": -0.02, \"brake\": 69.99, \"steering_rate\": 100.0, \"speed\": 0.0}","natures":[]},{"name":"","description":"","eClass":"Sentence","content":"The test system VALIDATES THAT the simulator S Status.GetEnvironment is nearly equal to {\"x\": -311.24, \"y\": 10.12, \"z\": 401.03, \"rain\": 0.0, \"fog\": 0.0, \"wetness\": 0.0, \"timeofday\": 12.0, \"signal\": 1.0, \"rx\": 0.0, \"ry\": 215.39, \"rz\": -0.0, \"speed\": 0.0}","natures":[]},{"name":"","description":"","eClass":"Sentence","content":"The environment controller C INVOKES API Control.Agents.Pedestrians.WalkRandomly(which_lane=Current_Lane).","natures":[]},{"name":"","description":"","eClass":"Sentence","content":"The test system VALIDATES THAT the Apollo A Status.GetControl is nearly equal to {\"acceleration\": -3.0, \"throttle\": 0.0, \"steering_target\": -0.02, \"brake\": 69.99, \"steering_rate\": 100.0, \"speed\": 0.0}","natures":[]},{"name":"","description":"","eClass":"Sentence","content":"","natures":[]}]
