 timestamp= 1619817086000 [START] Now Run TCS Maintain Lane On Road1 Mode: dynamic Roadnum: 3 Second: 4
 timestamp= 1619817086000 [SUCCESS] TCS Check Success 
 timestamp= 1619817089000 [RUN] Run BasicFlow
 timestamp= 1619817089000 [RUN] Generate steps
 timestamp= 1619817089000 [RUN] Validate step: 
The test system VALIDATES THAT the simulator S Status.GetEnvironment is nearly equal to {"x": -245.88, "y": 10.12, "z": 466.1, "rain": 0.0, "fog": 0.0, "wetness": 0.0, "timeofday": 12.0, "signal": 1.0, "rx": 359.88, "ry": 305.64, "rz": -0.01, "speed": 2.08}
 timestamp= 1619817089000 [RES] Validate result: 
true
 timestamp= 1619817089000 [RUN] Execute API step: 
The environment controller C INVOKES API Control.Agents.Pedestrians.WalkRandomly(which_lane=Current_Lane).
 timestamp= 1619817092000 [RES] API result: 
{"pose_arr":[{"vx":1.2,"ay":-0.31,"az":9.83,"ax":-0.4,"pz":10.12,"vy":1.2,"px":552629.2,"py":4182951.33},{"vx":1.23,"ay":-0.38,"az":9.82,"ax":-0.31,"pz":10.12,"vy":1.23,"px":552627.82,"py":4182952.32},{"vx":1.21,"ay":-0.41,"az":9.82,"ax":-0.27,"pz":10.12,"vy":1.21,"px":552626.69,"py":4182953.1},{"vx":1.29,"ay":-0.42,"az":9.81,"ax":-0.26,"pz":10.12,"vy":1.29,"px":552625.29,"py":4182954.03},{"vx":1.04,"ay":0.25,"az":9.81,"ax":0.1,"pz":10.12,"vy":1.04,"px":552623.61,"py":4182955.04},{"vx":1,"ay":-0.51,"az":9.82,"ax":-0.06,"pz":10.12,"vy":1,"px":552621.69,"py":4182955.96}],"traffic_light":[3,3,1,1,3,0],"state_arr":[{"acceleration":-0.37,"throttle":0,"steering_target":3,"brake":14.5,"steering_rate":100,"speed":2.08},{"acceleration":-0.04,"throttle":0,"steering_target":3.38,"brake":14.5,"steering_rate":100,"speed":2.05},{"acceleration":-0.04,"throttle":0,"steering_target":5.98,"brake":14.5,"steering_rate":100,"speed":2.2},{"acceleration":-0.27,"throttle":0,"steering_target":8.86,"brake":14.5,"steering_rate":100,"speed":2.57},{"acceleration":0.25,"throttle":15.7,"steering_target":20.08,"brake":0,"steering_rate":100,"speed":2.36},{"acceleration":0,"throttle":63.04,"steering_target":25.17,"brake":0,"steering_rate":100,"speed":2.58}],"obstacle_arr":[[],[],[],[],[],[]],"action_description":"Pedestrian walking on the front lane","ev_state":[-254.327346801758,10.1246471405029,470.660339355469,0,0,0,12,1,359.986785888672,288.814056396484,359.800445556641,3.2225658948202343],"collision_probability":0}
 timestamp= 1619817092000 [RUN] Validate G1 Guard Condition: 
The ego vehicle E Detection.Collision == True.
 timestamp= 1619817092000 [RES] Global Validate result: 
false
 timestamp= 1619817092000 [RUN] Validate G2 Guard Condition: 
The ego vehicle E Detection.OffRoad == True.
 timestamp= 1619817092000 [RES] Global Validate result: 
false
 timestamp= 1619817092000 [RUN] Validate G3 Guard Condition: 
The ego vehicle E Detection.HardBrake == True.
 timestamp= 1619817092000 [RES] Global Validate result: 
false
 timestamp= 1619817092000 [RUN] Validate G4 Guard Condition: 
The ego vehicle E Detection.ArrivalTest == True.
 timestamp= 1619817092000 [RES] Global Validate result: 
false
 timestamp= 1619817092000 [RUN] Validate step: 
The test system VALIDATES THAT the Apollo A Status.GetControl is nearly equal to {"acceleration": 0.0, "throttle": 63.04, "steering_target": 25.17, "brake": 0.0, "steering_rate": 100.0, "speed": 2.58}
 timestamp= 1619817092000 [RES] Validate result: 
true
 timestamp= 1619817092000 [RUN] Generate steps
 timestamp= 1619817092000 [RUN] Validate step: 
The test system VALIDATES THAT the simulator S Status.GetEnvironment is nearly equal to {"x": -254.33, "y": 10.12, "z": 470.66, "rain": 0.0, "fog": 0.0, "wetness": 0.0, "timeofday": 12.0, "signal": 1.0, "rx": 359.99, "ry": 288.81, "rz": 359.8, "speed": 3.22}
 timestamp= 1619817092000 [RES] Validate result: 
true
 timestamp= 1619817092000 [RUN] Execute API step: 
The environment controller C INVOKES API Control.Agents.Pedestrians.WalkRandomly(which_lane=Current_Lane).
 timestamp= 1619817095000 [RES] API result: 
{"pose_arr":[{"vx":0.38,"ay":-0.53,"az":9.81,"ax":-0.1,"pz":10.13,"vy":0.38,"px":552620,"py":4182956.53},{"vx":-0.41,"ay":-0.98,"az":9.81,"ax":-0.88,"pz":10.13,"vy":-0.41,"px":552618.17,"py":4182956.79},{"vx":-1.25,"ay":0.69,"az":9.82,"ax":-0.33,"pz":10.12,"vy":-1.25,"px":552616.29,"py":4182956.58},{"vx":-1.57,"ay":-0.83,"az":9.81,"ax":0.58,"pz":10.13,"vy":-1.57,"px":552614.19,"py":4182955.77},{"vx":-2.12,"ay":1.05,"az":9.82,"ax":-0.3,"pz":10.12,"vy":-2.12,"px":552612.75,"py":4182954.87},{"vx":-2.97,"ay":2.43,"az":9.76,"ax":-2.35,"pz":10.12,"vy":-2.97,"px":552610.42,"py":4182952.96}],"traffic_light":[0,0,0,0,0],"state_arr":[{"acceleration":-0.6,"throttle":0,"steering_target":39.49,"brake":15.2,"steering_rate":100,"speed":3.22},{"acceleration":-0.4,"throttle":0,"steering_target":54.22,"brake":14.5,"steering_rate":100,"speed":2.93},{"acceleration":-0.06,"throttle":0,"steering_target":53.89,"brake":14.5,"steering_rate":100,"speed":2.47},{"acceleration":-0.14,"throttle":0,"steering_target":48.14,"brake":14.5,"steering_rate":100,"speed":3.07},{"acceleration":0.48,"throttle":18.59,"steering_target":33.54,"brake":0,"steering_rate":100,"speed":2.68},{"acceleration":0.31,"throttle":15.7,"steering_target":18.2,"brake":0,"steering_rate":100,"speed":3.56},{"acceleration":0.55,"throttle":17.34,"steering_target":12.9,"brake":0,"steering_rate":100,"speed":4.21}],"obstacle_arr":[[],[],[],[],[{"acceleration":{"y":0,"x":0,"z":0},"position":{"y":4183018.46,"x":552634.08,"z":11.22},"volume":37.3,"type":"VEHICLE","velocity":{"y":0,"x":0,"z":0}}],[]],"action_description":"Pedestrian walking on the front lane","ev_state":[-264.883026123047,10.1245241165161,465.691528320313,0,0,0,12,0,359.901947021484,226.519088745117,359.872894287109,4.320606489702082],"collision_probability":0}
 timestamp= 1619817095000 [RUN] Validate G1 Guard Condition: 
The ego vehicle E Detection.Collision == True.
 timestamp= 1619817095000 [RES] Global Validate result: 
false
 timestamp= 1619817095000 [RUN] Validate G2 Guard Condition: 
The ego vehicle E Detection.OffRoad == True.
 timestamp= 1619817095000 [RES] Global Validate result: 
false
 timestamp= 1619817095000 [RUN] Validate G3 Guard Condition: 
The ego vehicle E Detection.HardBrake == True.
 timestamp= 1619817095000 [RES] Global Validate result: 
false
 timestamp= 1619817095000 [RUN] Validate G4 Guard Condition: 
The ego vehicle E Detection.ArrivalTest == True.
 timestamp= 1619817095000 [RES] Global Validate result: 
false
 timestamp= 1619817095000 [RUN] Validate step: 
The test system VALIDATES THAT the Apollo A Status.GetControl is nearly equal to {"acceleration": 0.55, "throttle": 17.34, "steering_target": 12.9, "brake": 0.0, "steering_rate": 100.0, "speed": 4.21}
 timestamp= 1619817095000 [RES] Validate result: 
true
 timestamp= 1619817095000 [RUN] Generate steps
 timestamp= 1619817095000 [RUN] Validate step: 
The test system VALIDATES THAT the simulator S Status.GetEnvironment is nearly equal to {"x": -264.88, "y": 10.12, "z": 465.69, "rain": 0.0, "fog": 0.0, "wetness": 0.0, "timeofday": 12.0, "signal": 0.0, "rx": 359.9, "ry": 226.52, "rz": 359.87, "speed": 4.32}
 timestamp= 1619817095000 [RES] Validate result: 
true
 timestamp= 1619817095000 [RUN] Execute API step: 
The environment controller C INVOKES API Control.TimeOfDay(time_of_day=Morning).
 timestamp= 1619817098000 [RES] API result: 
{"pose_arr":[{"vx":-3.89,"ay":2.75,"az":9.76,"ax":-3.08,"pz":10.12,"vy":-3.89,"px":552609.05,"py":4182951.62},{"vx":-4.33,"ay":1.18,"az":9.81,"ax":0.09,"pz":10.12,"vy":-4.33,"px":552606.9,"py":4182949.16},{"vx":-4.88,"ay":0.26,"az":9.81,"ax":-0.33,"pz":10.12,"vy":-4.88,"px":552603.67,"py":4182945.2},{"vx":-5.2,"ay":0.48,"az":9.81,"ax":-0.02,"pz":10.12,"vy":-5.2,"px":552601.18,"py":4182941.81},{"vx":-5.55,"ay":0.14,"az":9.81,"ax":-0.2,"pz":10.12,"vy":-5.55,"px":552598.07,"py":4182937.45},{"vx":-5.71,"ay":-0.1,"az":9.81,"ax":-0.37,"pz":10.12,"vy":-5.71,"px":552595.36,"py":4182933.46}],"traffic_light":[0,0,2,3,1],"state_arr":[{"acceleration":1.12,"throttle":28.26,"steering_target":12.91,"brake":0,"steering_rate":100,"speed":4.8},{"acceleration":0.7,"throttle":22.39,"steering_target":0.52,"brake":0,"steering_rate":100,"speed":5.65},{"acceleration":0.91,"throttle":19.21,"steering_target":6.98,"brake":0,"steering_rate":100,"speed":5.92},{"acceleration":0.54,"throttle":15.7,"steering_target":-2.05,"brake":0,"steering_rate":100,"speed":6.37},{"acceleration":0.83,"throttle":23.63,"steering_target":3.84,"brake":0,"steering_rate":100,"speed":6.57},{"acceleration":0.63,"throttle":15.7,"steering_target":-2.54,"brake":0,"steering_rate":100,"speed":6.87}],"obstacle_arr":[[],[],[],[],[],[]],"action_description":"Evening","ev_state":[-279.452117919922,10.1241025924683,446.240905761719,0,0,0,10,-1,359.981964111328,214.647476196289,0.0612423047423363,6.960912839933156],"collision_probability":0}
 timestamp= 1619817098000 [RUN] Validate G1 Guard Condition: 
The ego vehicle E Detection.Collision == True.
 timestamp= 1619817098000 [RES] Global Validate result: 
false
 timestamp= 1619817098000 [RUN] Validate G2 Guard Condition: 
The ego vehicle E Detection.OffRoad == True.
 timestamp= 1619817098000 [RES] Global Validate result: 
false
 timestamp= 1619817098000 [RUN] Validate G3 Guard Condition: 
The ego vehicle E Detection.HardBrake == True.
 timestamp= 1619817098000 [RES] Global Validate result: 
false
 timestamp= 1619817098000 [RUN] Validate G4 Guard Condition: 
The ego vehicle E Detection.ArrivalTest == True.
 timestamp= 1619817098000 [RES] Global Validate result: 
false
 timestamp= 1619817098000 [RUN] Validate step: 
The test system VALIDATES THAT the Apollo A Status.GetControl is nearly equal to {"acceleration": 0.63, "throttle": 15.7, "steering_target": -2.54, "brake": 0.0, "steering_rate": 100.0, "speed": 6.87}
 timestamp= 1619817098000 [RES] Validate result: 
true
 timestamp= 1619817098000 [RUN] Generate steps
 timestamp= 1619817098000 [RUN] Validate step: 
The test system VALIDATES THAT the simulator S Status.GetEnvironment is nearly equal to {"x": -279.45, "y": 10.12, "z": 446.24, "rain": 0.0, "fog": 0.0, "wetness": 0.0, "timeofday": 10.0, "signal": -1.0, "rx": 359.98, "ry": 214.65, "rz": 0.06, "speed": 6.96}
 timestamp= 1619817098000 [RES] Validate result: 
true
 timestamp= 1619817098000 [RUN] Execute API step: 
The environment controller C INVOKES API Control.Agents.Pedestrians.WalkRandomly(which_lane=Current_Lane).
 timestamp= 1619817102000 [RES] API result: 
{"pose_arr":[{"vx":-5.89,"ay":0.22,"az":9.81,"ax":-0.32,"pz":10.12,"vy":-5.89,"px":552593.33,"py":4182930.51},{"vx":-5.92,"ay":0,"az":9.81,"ax":0.01,"pz":10.12,"vy":-5.92,"px":552591.56,"py":4182927.92},{"vx":-5.55,"ay":-0.32,"az":9.81,"ax":0.49,"pz":10.12,"vy":-5.55,"px":552588.59,"py":4182923.58},{"vx":-5.54,"ay":0.4,"az":9.8,"ax":-0.58,"pz":10.12,"vy":-5.54,"px":552585.7,"py":4182919.41},{"vx":-5.5,"ay":-0.51,"az":9.83,"ax":0.35,"pz":10.12,"vy":-5.5,"px":552583.64,"py":4182916.48},{"vx":-5.15,"ay":-0.33,"az":9.81,"ax":0.47,"pz":10.13,"vy":-5.15,"px":552581.14,"py":4182912.98}],"traffic_light":[1,1,1,3,1,3],"state_arr":[{"acceleration":0.27,"throttle":17.81,"steering_target":1.35,"brake":0,"steering_rate":100,"speed":6.96},{"acceleration":0.05,"throttle":15.7,"steering_target":-0.53,"brake":0,"steering_rate":100,"speed":7.1},{"acceleration":-0.17,"throttle":0,"steering_target":-0.05,"brake":14.5,"steering_rate":100,"speed":7},{"acceleration":0.32,"throttle":15.7,"steering_target":-1.98,"brake":0,"steering_rate":100,"speed":6.58},{"acceleration":0.81,"throttle":16.57,"steering_target":-1.96,"brake":0,"steering_rate":100,"speed":6.78},{"acceleration":-0.58,"throttle":0,"steering_target":-0.48,"brake":16.83,"steering_rate":100,"speed":6.68},{"acceleration":0.21,"throttle":15.7,"steering_target":-0.53,"brake":0,"steering_rate":100,"speed":6.29}],"obstacle_arr":[[],[],[],[],[],[]],"action_description":"Pedestrian walking on the front lane","ev_state":[-294.979949951172,10.1242332458496,424.014190673828,0,0,0,10,-1,0.014832760207355,216.057220458984,0.0269278530031443,6.2752266598287445],"collision_probability":0}
 timestamp= 1619817102000 [RUN] Validate G1 Guard Condition: 
The ego vehicle E Detection.Collision == True.
 timestamp= 1619817102000 [RES] Global Validate result: 
false
 timestamp= 1619817102000 [RUN] Validate G2 Guard Condition: 
The ego vehicle E Detection.OffRoad == True.
 timestamp= 1619817102000 [RES] Global Validate result: 
false
 timestamp= 1619817102000 [RUN] Validate G3 Guard Condition: 
The ego vehicle E Detection.HardBrake == True.
 timestamp= 1619817102000 [RES] Global Validate result: 
false
 timestamp= 1619817102000 [RUN] Validate G4 Guard Condition: 
The ego vehicle E Detection.ArrivalTest == True.
 timestamp= 1619817102000 [RES] Global Validate result: 
false
 timestamp= 1619817102000 [RUN] Validate step: 
The test system VALIDATES THAT the Apollo A Status.GetControl is nearly equal to {"acceleration": 0.21, "throttle": 15.7, "steering_target": -0.53, "brake": 0.0, "steering_rate": 100.0, "speed": 6.29}
 timestamp= 1619817102000 [RES] Validate result: 
true
 timestamp= 1619817102000 [RUN] Generate steps
 timestamp= 1619817102000 [RUN] Validate step: 
The test system VALIDATES THAT the simulator S Status.GetEnvironment is nearly equal to {"x": -294.98, "y": 10.12, "z": 424.01, "rain": 0.0, "fog": 0.0, "wetness": 0.0, "timeofday": 10.0, "signal": -1.0, "rx": 0.01, "ry": 216.06, "rz": 0.03, "speed": 6.28}
 timestamp= 1619817102000 [RES] Validate result: 
true
 timestamp= 1619817102000 [RUN] Execute API step: 
The environment controller C INVOKES API Control.Agents.NPCVehicle.NPCVehicleMaintainLane(which_lane=Left_Lane&which_car=Hatchback).
 timestamp= 1619817105000 [RES] API result: 
{"pose_arr":[{"vx":-5.12,"ay":0.12,"az":9.8,"ax":-0.22,"pz":10.12,"vy":-5.12,"px":552579.26,"py":4182910.39},{"vx":-5.54,"ay":0.14,"az":9.83,"ax":-0.2,"pz":10.12,"vy":-5.54,"px":552576.56,"py":4182906.62},{"vx":-5.29,"ay":-0.46,"az":9.81,"ax":0.48,"pz":10.12,"vy":-5.29,"px":552574.15,"py":4182903.24},{"vx":-4.55,"ay":-1.13,"az":9.82,"ax":1.64,"pz":10.13,"vy":-4.55,"px":552571.23,"py":4182899.16},{"vx":-2.91,"ay":-2.01,"az":9.82,"ax":2.81,"pz":10.13,"vy":-2.91,"px":552569.34,"py":4182896.5},{"vx":-1.31,"ay":-1.34,"az":9.81,"ax":1.89,"pz":10.13,"vy":-1.31,"px":552568.34,"py":4182895.1}],"traffic_light":[1,3,3,3,3,1],"state_arr":[{"acceleration":1.28,"throttle":29.37,"steering_target":1.75,"brake":0,"steering_rate":100,"speed":6.31},{"acceleration":0.79,"throttle":15.7,"steering_target":-1.1,"brake":0,"steering_rate":100,"speed":6.79},{"acceleration":-0.1,"throttle":0,"steering_target":0.88,"brake":14.5,"steering_rate":100,"speed":6.54},{"acceleration":-1.14,"throttle":0,"steering_target":-0.25,"brake":21.62,"steering_rate":100,"speed":6.07},{"acceleration":-3.51,"throttle":0,"steering_target":-0.17,"brake":44.13,"steering_rate":100,"speed":4.71},{"acceleration":-2.62,"throttle":0,"steering_target":0.29,"brake":36.57,"steering_rate":100,"speed":2.51},{"acceleration":-1.8,"throttle":0,"steering_target":0.07,"brake":29.7,"steering_rate":100,"speed":0.9}],"obstacle_arr":[[],[{"acceleration":{"y":0,"x":0,"z":0},"position":{"y":4182905.98,"x":552585.29,"z":10.33},"volume":9.53,"type":"VEHICLE","velocity":{"y":0,"x":0,"z":0}}],[{"acceleration":{"y":-0.01,"x":-0.01,"z":0},"position":{"y":4182904.22,"x":552583.81,"z":10.34},"volume":8.6,"type":"VEHICLE","velocity":{"y":-1.83,"x":-1.79,"z":0}}],[{"acceleration":{"y":-1.32,"x":-0.89,"z":0},"position":{"y":4182902.98,"x":552582.56,"z":10.12},"volume":12.04,"type":"VEHICLE","velocity":{"y":-2.84,"x":-2.59,"z":0}},{"acceleration":{"y":-0.02,"x":-0.01,"z":0},"position":{"y":4182891.83,"x":552566.24,"z":10.41},"volume":0.08,"type":"PEDESTRIAN","velocity":{"y":0,"x":0,"z":0}}],[{"acceleration":{"y":-1.97,"x":-2.21,"z":0},"position":{"y":4182899.36,"x":552579.08,"z":10.13},"volume":10.37,"type":"VEHICLE","velocity":{"y":-4.5,"x":-4.34,"z":0}},{"acceleration":{"y":-0.77,"x":-0.49,"z":0},"position":{"y":4182891.8,"x":552566.21,"z":10.51},"volume":0.12,"type":"PEDESTRIAN","velocity":{"y":0,"x":0,"z":0}}],[{"acceleration":{"y":-1.26,"x":-1.12,"z":0},"position":{"y":4182897.66,"x":552577.28,"z":10.13},"volume":10.72,"type":"VEHICLE","velocity":{"y":-5.54,"x":-5.2,"z":0}},{"acceleration":{"y":-0.02,"x":-0.01,"z":0},"position":{"y":4182891.87,"x":552566.32,"z":10.45},"volume":0.15,"type":"PEDESTRIAN","velocity":{"y":0,"x":0,"z":0}}],[{"acceleration":{"y":-0.19,"x":-0.1,"z":0},"position":{"y":4182895.39,"x":552575.16,"z":10.13},"volume":10.02,"type":"VEHICLE","velocity":{"y":-6.14,"x":-5.49,"z":0}},{"acceleration":{"y":0,"x":0,"z":0},"position":{"y":4182891.59,"x":552566.06,"z":10.52},"volume":0.14,"type":"PEDESTRIAN","velocity":{"y":0,"x":0,"z":0}}]],"action_description":"NPC vehicle (Hatchback) driving on the left lane","ev_state":[-306.673156738281,10.1248645782471,407.640167236328,0,0,0,10,-1,0.136012241244316,215.48974609375,0.000206657146918587,0.8658164514194233],"collision_probability":0.342}
 timestamp= 1619817105000 [RUN] Validate G1 Guard Condition: 
The ego vehicle E Detection.Collision == True.
 timestamp= 1619817105000 [RES] Global Validate result: 
false
 timestamp= 1619817105000 [RUN] Validate G2 Guard Condition: 
The ego vehicle E Detection.OffRoad == True.
 timestamp= 1619817105000 [RES] Global Validate result: 
false
 timestamp= 1619817105000 [RUN] Validate G3 Guard Condition: 
The ego vehicle E Detection.HardBrake == True.
 timestamp= 1619817105000 [RES] Global Validate result: 
true
 timestamp= 1619817105000 [RUN] HardBrake == True
 timestamp= 1619817105000 [RUN] RESUME STEP @preStep
 timestamp= 1619817105000 [RUN] Resume step basicflow13
 timestamp= 1619817105000 [RUN] Validate G4 Guard Condition: 
The ego vehicle E Detection.ArrivalTest == True.
 timestamp= 1619817105000 [RES] Global Validate result: 
false
 timestamp= 1619817105000 [RUN] Validate step: 
The test system VALIDATES THAT the Apollo A Status.GetControl is nearly equal to {"acceleration": -1.8, "throttle": 0.0, "steering_target": 0.07, "brake": 29.7, "steering_rate": 100.0, "speed": 0.9}
 timestamp= 1619817105000 [RES] Validate result: 
true
 timestamp= 1619817105000 [RUN] Generate steps
 timestamp= 1619817105000 [RUN] Validate step: 
The test system VALIDATES THAT the simulator S Status.GetEnvironment is nearly equal to {"x": -306.67, "y": 10.12, "z": 407.64, "rain": 0.0, "fog": 0.0, "wetness": 0.0, "timeofday": 10.0, "signal": -1.0, "rx": 0.14, "ry": 215.49, "rz": 0.0, "speed": 0.87}
 timestamp= 1619817105000 [RES] Validate result: 
true
 timestamp= 1619817105000 [RUN] Execute API step: 
The environment controller C INVOKES API Control.Agents.Pedestrians.WalkRandomly(which_lane=Current_Lane).
 timestamp= 1619817109000 [RES] API result: 
{"pose_arr":[{"vx":-0.65,"ay":-0.79,"az":9.81,"ax":1.12,"pz":10.13,"vy":-0.65,"px":552568.07,"py":4182894.73},{"vx":0,"ay":0,"az":9.8,"ax":0,"pz":10.13,"vy":0,"px":552567.98,"py":4182894.61},{"vx":-0.03,"ay":0.01,"az":9.81,"ax":-0.01,"pz":10.12,"vy":-0.03,"px":552567.98,"py":4182894.6},{"vx":0,"ay":0,"az":9.81,"ax":0,"pz":10.12,"vy":0,"px":552567.98,"py":4182894.59},{"vx":-0.03,"ay":0.01,"az":9.81,"ax":-0.02,"pz":10.12,"vy":-0.03,"px":552567.97,"py":4182894.58},{"vx":-0.03,"ay":0,"az":9.81,"ax":0.01,"pz":10.12,"vy":-0.03,"px":552567.96,"py":4182894.56},{"vx":-0.03,"ay":0,"az":9.81,"ax":0,"pz":10.12,"vy":-0.03,"px":552567.94,"py":4182894.54}],"traffic_light":[3,1,3,1,3],"state_arr":[{"acceleration":-1.05,"throttle":0,"steering_target":0.05,"brake":22.45,"steering_rate":100,"speed":0.43},{"acceleration":-0.1,"throttle":0,"steering_target":0.03,"brake":49.59,"steering_rate":100,"speed":0},{"acceleration":0,"throttle":15.7,"steering_target":0.03,"brake":0,"steering_rate":100,"speed":0.03},{"acceleration":0.13,"throttle":15.7,"steering_target":0.03,"brake":0,"steering_rate":100,"speed":0},{"acceleration":0.11,"throttle":15.7,"steering_target":0.03,"brake":0,"steering_rate":100,"speed":0.03},{"acceleration":0.11,"throttle":15.7,"steering_target":0.03,"brake":0,"steering_rate":100,"speed":0.04},{"acceleration":0.1,"throttle":15.7,"steering_target":0.03,"brake":0,"steering_rate":100,"speed":0.03}],"obstacle_arr":[[{"acceleration":{"y":1.52,"x":1.37,"z":0},"position":{"y":4182894.16,"x":552573.89,"z":10.4},"volume":7.73,"type":"VEHICLE","velocity":{"y":-5.67,"x":-5.05,"z":0}},{"acceleration":{"y":0,"x":0,"z":0},"position":{"y":4182891.52,"x":552566,"z":10.82},"volume":0.08,"type":"PEDESTRIAN","velocity":{"y":0,"x":0,"z":0}}],[{"acceleration":{"y":2.75,"x":2.41,"z":0},"position":{"y":4182893.02,"x":552572.77,"z":10.36},"volume":7.38,"type":"VEHICLE","velocity":{"y":-0.32,"x":-0.47,"z":0}},{"acceleration":{"y":0,"x":0,"z":0},"position":{"y":4182891.43,"x":552565.98,"z":10.81},"volume":0.12,"type":"PEDESTRIAN","velocity":{"y":0,"x":0,"z":0}}],[{"acceleration":{"y":-0.9,"x":-0.81,"z":0},"position":{"y":4182891.79,"x":552571.59,"z":10.4},"volume":6.69,"type":"VEHICLE","velocity":{"y":-0.76,"x":-0.89,"z":0}},{"acceleration":{"y":0,"x":0,"z":0},"position":{"y":4182891.51,"x":552565.99,"z":10.85},"volume":0.08,"type":"PEDESTRIAN","velocity":{"y":0,"x":0,"z":0}}],[{"acceleration":{"y":-0.56,"x":-0.51,"z":0},"position":{"y":4182891.12,"x":552570.9,"z":10.39},"volume":6.61,"type":"VEHICLE","velocity":{"y":-1.07,"x":-1.13,"z":0}},{"acceleration":{"y":0,"x":0,"z":0},"position":{"y":4182891.48,"x":552565.98,"z":10.82},"volume":0.07,"type":"PEDESTRIAN","velocity":{"y":0,"x":0,"z":0}}],[{"acceleration":{"y":0.9,"x":0.77,"z":0},"position":{"y":4182890.71,"x":552570.44,"z":10.38},"volume":6.56,"type":"VEHICLE","velocity":{"y":-0.66,"x":-0.81,"z":0}},{"acceleration":{"y":0,"x":0,"z":0},"position":{"y":4182891.47,"x":552565.96,"z":10.83},"volume":0.07,"type":"PEDESTRIAN","velocity":{"y":0,"x":0,"z":0}}],[{"acceleration":{"y":0.55,"x":0.77,"z":0},"position":{"y":4182890.07,"x":552569.91,"z":10.39},"volume":6.79,"type":"VEHICLE","velocity":{"y":-0.45,"x":-0.44,"z":0}},{"acceleration":{"y":0,"x":0,"z":0},"position":{"y":4182891.46,"x":552565.96,"z":10.81},"volume":0.09,"type":"PEDESTRIAN","velocity":{"y":0,"x":0,"z":0}}]],"action_description":"Pedestrian walking on the front lane","ev_state":[-306.826049804688,10.1245269775391,407.427429199219,0,0,0,10,-1,359.981658935547,215.60090637207,359.946380615234,0.03441513631009898],"collision_probability":1}
 timestamp= 1619817109000 [RUN] Validate G1 Guard Condition: 
The ego vehicle E Detection.Collision == True.
 timestamp= 1619817109000 [RES] Global Validate result: 
true
 timestamp= 1619817109000 [RUN] Collision == True
 timestamp= 1619817109000 [RUN] Validate G2 Guard Condition: 
The ego vehicle E Detection.OffRoad == True.
 timestamp= 1619817109000 [RES] Global Validate result: 
false
 timestamp= 1619817109000 [RUN] Validate G3 Guard Condition: 
The ego vehicle E Detection.HardBrake == True.
 timestamp= 1619817109000 [RES] Global Validate result: 
false
 timestamp= 1619817109000 [RUN] Validate G4 Guard Condition: 
The ego vehicle E Detection.ArrivalTest == True.
 timestamp= 1619817109000 [RES] Global Validate result: 
false
 timestamp= 1619817109000 [RUN] Validate step: 
The test system VALIDATES THAT the Apollo A Status.GetControl is nearly equal to {"acceleration": 0.1, "throttle": 15.7, "steering_target": 0.03, "brake": 0.0, "steering_rate": 100.0, "speed": 0.03}
 timestamp= 1619817109000 [RES] Validate result: 
true
 timestamp= 1619817109000 [RUN] Generate steps
 timestamp= 1619817109000 [RUN] Validate step: 
The test system VALIDATES THAT the simulator S Status.GetEnvironment is nearly equal to {"x": -306.83, "y": 10.12, "z": 407.43, "rain": 0.0, "fog": 0.0, "wetness": 0.0, "timeofday": 10.0, "signal": -1.0, "rx": 359.98, "ry": 215.6, "rz": 359.95, "speed": 0.03}
 timestamp= 1619817109000 [RES] Validate result: 
true
 timestamp= 1619817109000 [RUN] Execute API step: 
The environment controller C INVOKES API Control.Agents.Pedestrians.WalkRandomly(which_lane=Current_Lane).
 timestamp= 1619817112000 [RES] API result: 
{"pose_arr":[{"vx":-0.03,"ay":0,"az":9.81,"ax":0.01,"pz":10.12,"vy":-0.03,"px":552567.94,"py":4182894.53},{"vx":-0.03,"ay":0.02,"az":9.81,"ax":-0.03,"pz":10.12,"vy":-0.03,"px":552567.93,"py":4182894.52},{"vx":-0.03,"ay":0,"az":9.81,"ax":0.01,"pz":10.12,"vy":-0.03,"px":552567.92,"py":4182894.5},{"vx":-0.03,"ay":-0.01,"az":9.81,"ax":0.01,"pz":10.12,"vy":-0.03,"px":552567.9,"py":4182894.48},{"vx":-0.03,"ay":0,"az":9.81,"ax":-0.02,"pz":10.12,"vy":-0.03,"px":552567.89,"py":4182894.46},{"vx":-0.03,"ay":0.02,"az":9.81,"ax":-0.02,"pz":10.12,"vy":-0.03,"px":552567.88,"py":4182894.45}],"traffic_light":[3,1,1,3,3,1,1],"state_arr":[{"acceleration":0.1,"throttle":15.7,"steering_target":0.03,"brake":0,"steering_rate":100,"speed":0.03},{"acceleration":0.09,"throttle":15.7,"steering_target":0.03,"brake":0,"steering_rate":100,"speed":0.03},{"acceleration":0.09,"throttle":15.7,"steering_target":0.03,"brake":0,"steering_rate":100,"speed":0.03},{"acceleration":0.08,"throttle":15.7,"steering_target":0.03,"brake":0,"steering_rate":100,"speed":0.03},{"acceleration":0.08,"throttle":15.7,"steering_target":0.03,"brake":0,"steering_rate":100,"speed":0.03},{"acceleration":0.07,"throttle":15.7,"steering_target":0.03,"brake":0,"steering_rate":100,"speed":0.03},{"acceleration":0.06,"throttle":15.7,"steering_target":0.03,"brake":0,"steering_rate":100,"speed":0.04}],"obstacle_arr":[[{"acceleration":{"y":0.12,"x":0.07,"z":0},"position":{"y":4182889.89,"x":552569.64,"z":10.38},"volume":6.29,"type":"VEHICLE","velocity":{"y":-0.36,"x":-0.36,"z":0}},{"acceleration":{"y":0,"x":0,"z":0},"position":{"y":4182891.39,"x":552566.03,"z":10.82},"volume":0.11,"type":"PEDESTRIAN","velocity":{"y":0,"x":0,"z":0}}],[{"acceleration":{"y":0.65,"x":0.63,"z":0},"position":{"y":4182889.67,"x":552569.38,"z":10.38},"volume":6.09,"type":"VEHICLE","velocity":{"y":0,"x":0,"z":0}},{"acceleration":{"y":0,"x":0,"z":0},"position":{"y":4182891.45,"x":552565.96,"z":10.85},"volume":0.08,"type":"PEDESTRIAN","velocity":{"y":0,"x":0,"z":0}}],[{"acceleration":{"y":0.01,"x":0,"z":0},"position":{"y":4182889.48,"x":552569.22,"z":10.34},"volume":6.32,"type":"VEHICLE","velocity":{"y":0,"x":0,"z":0}},{"acceleration":{"y":0,"x":0,"z":0},"position":{"y":4182891.39,"x":552565.93,"z":10.81},"volume":0.09,"type":"PEDESTRIAN","velocity":{"y":0,"x":0,"z":0}}],[{"acceleration":{"y":0,"x":0,"z":0},"position":{"y":4182889.4,"x":552569.14,"z":10.35},"volume":6.29,"type":"VEHICLE","velocity":{"y":0,"x":0,"z":0}},{"acceleration":{"y":0,"x":0,"z":0},"position":{"y":4182891.37,"x":552565.92,"z":10.81},"volume":0.09,"type":"PEDESTRIAN","velocity":{"y":0,"x":0,"z":0}}],[{"acceleration":{"y":0,"x":0,"z":0},"position":{"y":4182889.44,"x":552569.19,"z":10.38},"volume":5.93,"type":"VEHICLE","velocity":{"y":0,"x":0,"z":0}},{"acceleration":{"y":0,"x":0,"z":0},"position":{"y":4182891.39,"x":552565.92,"z":10.84},"volume":0.1,"type":"PEDESTRIAN","velocity":{"y":0,"x":0,"z":0}}],[{"acceleration":{"y":0,"x":0,"z":0},"position":{"y":4182889.42,"x":552569.21,"z":10.37},"volume":6.37,"type":"VEHICLE","velocity":{"y":0,"x":0,"z":0}},{"acceleration":{"y":0,"x":0,"z":0},"position":{"y":4182891.37,"x":552565.96,"z":10.85},"volume":0.08,"type":"PEDESTRIAN","velocity":{"y":0,"x":0,"z":0}}],[{"acceleration":{"y":0,"x":0,"z":0},"position":{"y":4182889.4,"x":552569.18,"z":10.37},"volume":6.29,"type":"VEHICLE","velocity":{"y":0,"x":0,"z":0}},{"acceleration":{"y":0,"x":0,"z":0},"position":{"y":4182891.33,"x":552565.94,"z":10.85},"volume":0.08,"type":"PEDESTRIAN","velocity":{"y":0,"x":0,"z":0}}]],"action_description":"Pedestrian walking on the front lane","ev_state":[-306.904510498047,10.124584197998,407.314239501953,0,0,0,10,-1,359.975219726563,215.725677490234,359.939666748047,0.034369095974036236],"collision_probability":0.366}
 timestamp= 1619817112000 [RUN] Validate G1 Guard Condition: 
The ego vehicle E Detection.Collision == True.
 timestamp= 1619817112000 [RES] Global Validate result: 
false
 timestamp= 1619817112000 [RUN] Validate G2 Guard Condition: 
The ego vehicle E Detection.OffRoad == True.
 timestamp= 1619817112000 [RES] Global Validate result: 
false
 timestamp= 1619817112000 [RUN] Validate G3 Guard Condition: 
The ego vehicle E Detection.HardBrake == True.
 timestamp= 1619817113000 [RES] Global Validate result: 
false
 timestamp= 1619817113000 [RUN] Validate G4 Guard Condition: 
The ego vehicle E Detection.ArrivalTest == True.
 timestamp= 1619817113000 [RES] Global Validate result: 
false
 timestamp= 1619817113000 [RUN] Validate step: 
The test system VALIDATES THAT the Apollo A Status.GetControl is nearly equal to {"acceleration": 0.06, "throttle": 15.7, "steering_target": 0.03, "brake": 0.0, "steering_rate": 100.0, "speed": 0.04}
 timestamp= 1619817113000 [RES] Validate result: 
true
 timestamp= 1619817113000 [RUN] Generate steps
 timestamp= 1619817113000 [RUN] Validate step: 
The test system VALIDATES THAT the simulator S Status.GetEnvironment is nearly equal to {"x": -306.9, "y": 10.12, "z": 407.31, "rain": 0.0, "fog": 0.0, "wetness": 0.0, "timeofday": 10.0, "signal": -1.0, "rx": 359.98, "ry": 215.73, "rz": 359.94, "speed": 0.03}
 timestamp= 1619817113000 [RES] Validate result: 
true
 timestamp= 1619817113000 [RUN] Execute API step: 
The environment controller C INVOKES API Control.Agents.Pedestrians.WalkRandomly(which_lane=Current_Lane).
 timestamp= 1619817116000 [RES] API result: 
{"pose_arr":[{"vx":-0.03,"ay":0,"az":9.81,"ax":0,"pz":10.12,"vy":-0.03,"px":552567.87,"py":4182894.43},{"vx":-0.03,"ay":0,"az":9.81,"ax":0.02,"pz":10.12,"vy":-0.03,"px":552567.86,"py":4182894.41},{"vx":-0.16,"ay":0.19,"az":9.81,"ax":-0.25,"pz":10.12,"vy":-0.16,"px":552567.83,"py":4182894.37},{"vx":-0.02,"ay":0.01,"az":9.81,"ax":-0.01,"pz":10.12,"vy":-0.02,"px":552567.81,"py":4182894.35},{"vx":-0.03,"ay":0,"az":9.81,"ax":0.01,"pz":10.12,"vy":-0.03,"px":552567.8,"py":4182894.34},{"vx":-0.03,"ay":-0.01,"az":9.81,"ax":0.01,"pz":10.12,"vy":-0.03,"px":552567.79,"py":4182894.32},{"vx":-0.05,"ay":0.13,"az":9.81,"ax":-0.19,"pz":10.12,"vy":-0.05,"px":552567.77,"py":4182894.3}],"traffic_light":[1,3,1,3,3,3],"state_arr":[{"acceleration":0.06,"throttle":15.7,"steering_target":0.03,"brake":0,"steering_rate":100,"speed":0.03},{"acceleration":0.06,"throttle":15.7,"steering_target":0.03,"brake":0,"steering_rate":100,"speed":0.03},{"acceleration":-0.01,"throttle":0,"steering_target":-6.97,"brake":14.5,"steering_rate":100,"speed":0.15},{"acceleration":0.05,"throttle":15.7,"steering_target":-6.77,"brake":0,"steering_rate":100,"speed":0.03},{"acceleration":0.04,"throttle":15.7,"steering_target":-6.77,"brake":0,"steering_rate":100,"speed":0.03},{"acceleration":0.03,"throttle":15.7,"steering_target":-6.77,"brake":0,"steering_rate":100,"speed":0.04},{"acceleration":0.02,"throttle":15.7,"steering_target":-6.77,"brake":0,"steering_rate":100,"speed":0.04},{"acceleration":-0.06,"throttle":0,"steering_target":0.01,"brake":14.5,"steering_rate":100,"speed":0.18}],"obstacle_arr":[[{"acceleration":{"y":0,"x":0,"z":0},"position":{"y":4182889.41,"x":552569.15,"z":10.36},"volume":6.2,"type":"VEHICLE","velocity":{"y":0,"x":0,"z":0}},{"acceleration":{"y":0,"x":0,"z":0},"position":{"y":4182891.3,"x":552565.92,"z":10.84},"volume":0.08,"type":"PEDESTRIAN","velocity":{"y":0,"x":0,"z":0}}],[{"acceleration":{"y":0,"x":0,"z":0},"position":{"y":4182889.39,"x":552569.14,"z":10.37},"volume":6.17,"type":"VEHICLE","velocity":{"y":0,"x":0,"z":0}},{"acceleration":{"y":0,"x":0,"z":0},"position":{"y":4182891.31,"x":552565.9,"z":10.85},"volume":0.07,"type":"PEDESTRIAN","velocity":{"y":0,"x":0,"z":0}}],[{"acceleration":{"y":0,"x":0,"z":0},"position":{"y":4182889.47,"x":552569.21,"z":10.37},"volume":6.16,"type":"VEHICLE","velocity":{"y":0,"x":0,"z":0}},{"acceleration":{"y":0,"x":0,"z":0},"position":{"y":4182891.32,"x":552565.89,"z":10.87},"volume":0.07,"type":"PEDESTRIAN","velocity":{"y":0,"x":0,"z":0}}],[{"acceleration":{"y":0,"x":0,"z":0},"position":{"y":4182889.41,"x":552569.16,"z":10.38},"volume":6.27,"type":"VEHICLE","velocity":{"y":0,"x":0,"z":0}},{"acceleration":{"y":0,"x":0,"z":0},"position":{"y":4182891.2,"x":552565.92,"z":10.87},"volume":0.12,"type":"PEDESTRIAN","velocity":{"y":0,"x":0,"z":0}}],[{"acceleration":{"y":0,"x":0,"z":0},"position":{"y":4182889.36,"x":552569.16,"z":10.32},"volume":7.08,"type":"VEHICLE","velocity":{"y":0,"x":0,"z":0}},{"acceleration":{"y":0,"x":0,"z":0},"position":{"y":4182891.24,"x":552565.87,"z":10.84},"volume":0.07,"type":"PEDESTRIAN","velocity":{"y":0,"x":0,"z":0}}],[{"acceleration":{"y":0,"x":0,"z":0},"position":{"y":4182889.43,"x":552569.15,"z":10.32},"volume":6.57,"type":"VEHICLE","velocity":{"y":0,"x":0,"z":0}},{"acceleration":{"y":0,"x":0,"z":0},"position":{"y":4182891.13,"x":552565.8,"z":10.85},"volume":0.22,"type":"PEDESTRIAN","velocity":{"y":0,"x":0,"z":0}}],[{"acceleration":{"y":0,"x":0,"z":0},"position":{"y":4182889.42,"x":552569.16,"z":10.32},"volume":6.74,"type":"VEHICLE","velocity":{"y":0,"x":0,"z":0}},{"acceleration":{"y":0,"x":0,"z":0},"position":{"y":4182891.23,"x":552565.88,"z":10.86},"volume":0.08,"type":"PEDESTRIAN","velocity":{"y":0,"x":0,"z":0}}]],"action_description":"Pedestrian walking on the front lane","ev_state":[-307.025421142578,10.1240482330322,407.164611816406,0,0,0,10,1,359.945617675781,216.016754150391,359.903869628906,0.17978752643535353],"collision_probability":0.369}
 timestamp= 1619817116000 [RUN] Validate G1 Guard Condition: 
The ego vehicle E Detection.Collision == True.
 timestamp= 1619817116000 [RES] Global Validate result: 
false
 timestamp= 1619817116000 [RUN] Validate G2 Guard Condition: 
The ego vehicle E Detection.OffRoad == True.
 timestamp= 1619817116000 [RES] Global Validate result: 
false
 timestamp= 1619817116000 [RUN] Validate G3 Guard Condition: 
The ego vehicle E Detection.HardBrake == True.
 timestamp= 1619817116000 [RES] Global Validate result: 
false
 timestamp= 1619817116000 [RUN] Validate G4 Guard Condition: 
The ego vehicle E Detection.ArrivalTest == True.
 timestamp= 1619817116000 [RES] Global Validate result: 
false
 timestamp= 1619817116000 [RUN] Validate step: 
The test system VALIDATES THAT the Apollo A Status.GetControl is nearly equal to {"acceleration": -0.06, "throttle": 0.0, "steering_target": 0.01, "brake": 14.5, "steering_rate": 100.0, "speed": 0.18}
 timestamp= 1619817116000 [RES] Validate result: 
true
 timestamp= 1619817116000 [RUN] Generate steps
 timestamp= 1619817116000 [RUN] Validate step: 
The test system VALIDATES THAT the simulator S Status.GetEnvironment is nearly equal to {"x": -307.03, "y": 10.12, "z": 407.16, "rain": 0.0, "fog": 0.0, "wetness": 0.0, "timeofday": 10.0, "signal": 1.0, "rx": 359.95, "ry": 216.02, "rz": 359.9, "speed": 0.18}
 timestamp= 1619817116000 [RES] Validate result: 
true
 timestamp= 1619817116000 [RUN] Execute API step: 
The environment controller C INVOKES API Control.Agents.Pedestrians.WalkRandomly(which_lane=Current_Lane).
 timestamp= 1619817120000 [RES] API result: 
{"pose_arr":[{"vx":0,"ay":-0.03,"az":9.8,"ax":-0.02,"pz":10.12,"vy":0,"px":552567.74,"py":4182894.26},{"vx":-0.02,"ay":0.01,"az":9.81,"ax":-0.02,"pz":10.12,"vy":-0.02,"px":552567.74,"py":4182894.26},{"vx":-0.02,"ay":0.01,"az":9.81,"ax":-0.02,"pz":10.12,"vy":-0.02,"px":552567.73,"py":4182894.25},{"vx":-0.01,"ay":0.06,"az":9.81,"ax":-0.08,"pz":10.12,"vy":-0.01,"px":552567.73,"py":4182894.24},{"vx":0,"ay":0.01,"az":9.81,"ax":0,"pz":10.12,"vy":0,"px":552567.73,"py":4182894.24},{"vx":0,"ay":0.01,"az":9.81,"ax":0.01,"pz":10.12,"vy":0,"px":552567.72,"py":4182894.24},{"vx":0,"ay":0,"az":9.81,"ax":0,"pz":10.12,"vy":0,"px":552567.72,"py":4182894.24}],"traffic_light":[3,3,3,3,3,3],"state_arr":[{"acceleration":0.01,"throttle":15.7,"steering_target":0.01,"brake":0,"steering_rate":100,"speed":0},{"acceleration":0,"throttle":0,"steering_target":0.01,"brake":14.5,"steering_rate":100,"speed":0.03},{"acceleration":-0.01,"throttle":0,"steering_target":0.01,"brake":24.73,"steering_rate":100,"speed":0.03},{"acceleration":-0.01,"throttle":0,"steering_target":0.01,"brake":23.65,"steering_rate":100,"speed":0.02},{"acceleration":-0.02,"throttle":0,"steering_target":0.01,"brake":37.4,"steering_rate":100,"speed":0.04},{"acceleration":-0.01,"throttle":0,"steering_target":0.01,"brake":40.13,"steering_rate":100,"speed":0.02},{"acceleration":0,"throttle":0,"steering_target":0.01,"brake":14.5,"steering_rate":100,"speed":0}],"obstacle_arr":[[{"acceleration":{"y":0,"x":0,"z":0},"position":{"y":4182889.38,"x":552569.17,"z":10.33},"volume":6.98,"type":"VEHICLE","velocity":{"y":0,"x":0,"z":0}},{"acceleration":{"y":0,"x":0,"z":0},"position":{"y":4182891.1,"x":552565.86,"z":10.88},"volume":0.12,"type":"PEDESTRIAN","velocity":{"y":0,"x":0,"z":0}}],[{"acceleration":{"y":0,"x":0,"z":0},"position":{"y":4182889.12,"x":552568.93,"z":10.34},"volume":6.31,"type":"VEHICLE","velocity":{"y":0,"x":0,"z":0}},{"acceleration":{"y":0,"x":0,"z":0},"position":{"y":4182891.21,"x":552565.86,"z":10.88},"volume":0.07,"type":"PEDESTRIAN","velocity":{"y":0,"x":0,"z":0}}],[{"acceleration":{"y":0,"x":0,"z":0},"position":{"y":4182886.75,"x":552567.05,"z":10.12},"volume":9.02,"type":"VEHICLE","velocity":{"y":0,"x":0,"z":0}},{"acceleration":{"y":0,"x":0,"z":0},"position":{"y":4182891.15,"x":552565.84,"z":10.85},"volume":0.05,"type":"PEDESTRIAN","velocity":{"y":0,"x":0,"z":0}}],[{"acceleration":{"y":-3.6,"x":-1.88,"z":0},"position":{"y":4182883.52,"x":552565,"z":10.12},"volume":10.21,"type":"VEHICLE","velocity":{"y":-2.26,"x":-1.13,"z":0}},{"acceleration":{"y":0,"x":0,"z":0},"position":{"y":4182891.11,"x":552565.82,"z":10.82},"volume":0.07,"type":"PEDESTRIAN","velocity":{"y":0,"x":0,"z":0}}],[{"acceleration":{"y":-4.45,"x":4.37,"z":0},"position":{"y":4182876.71,"x":552565.77,"z":10.12},"volume":9.74,"type":"VEHICLE","velocity":{"y":-5.7,"x":0.46,"z":0}},{"acceleration":{"y":0,"x":0,"z":0},"position":{"y":4182891.06,"x":552565.82,"z":10.79},"volume":0.16,"type":"PEDESTRIAN","velocity":{"y":0,"x":0,"z":0}}],[{"acceleration":{"y":-2.51,"x":6.84,"z":0},"position":{"y":4182873.08,"x":552570.62,"z":10.35},"volume":4.21,"type":"VEHICLE","velocity":{"y":-8.02,"x":5.28,"z":0}},{"acceleration":{"y":0,"x":0,"z":0},"position":{"y":4182890.99,"x":552565.85,"z":10.81},"volume":0.15,"type":"PEDESTRIAN","velocity":{"y":0,"x":0,"z":0}}],[{"acceleration":{"y":-2.35,"x":5.83,"z":0},"position":{"y":4182869.56,"x":552576.04,"z":10.36},"volume":4.44,"type":"VEHICLE","velocity":{"y":-9.86,"x":10.15,"z":0}},{"acceleration":{"y":0,"x":0,"z":0},"position":{"y":4182891.04,"x":552565.82,"z":10.82},"volume":0.15,"type":"PEDESTRIAN","velocity":{"y":0,"x":0,"z":0}}]],"action_description":"Pedestrian walking on the front lane","ev_state":[-307.056793212891,10.1249580383301,407.133575439453,0,0,0,10,1,359.982788085938,216.266204833984,359.980346679688,0.00019261119579147556],"collision_probability":0.37}
 timestamp= 1619817120000 [RUN] Validate G1 Guard Condition: 
The ego vehicle E Detection.Collision == True.
 timestamp= 1619817120000 [RES] Global Validate result: 
false
 timestamp= 1619817120000 [RUN] Validate G2 Guard Condition: 
The ego vehicle E Detection.OffRoad == True.
 timestamp= 1619817120000 [RES] Global Validate result: 
false
 timestamp= 1619817120000 [RUN] Validate G3 Guard Condition: 
The ego vehicle E Detection.HardBrake == True.
 timestamp= 1619817120000 [RES] Global Validate result: 
false
 timestamp= 1619817120000 [RUN] Validate G4 Guard Condition: 
The ego vehicle E Detection.ArrivalTest == True.
 timestamp= 1619817120000 [RES] Global Validate result: 
false
 timestamp= 1619817120000 [RUN] Validate step: 
The test system VALIDATES THAT the Apollo A Status.GetControl is nearly equal to {"acceleration": -0.0, "throttle": 0.0, "steering_target": 0.01, "brake": 14.5, "steering_rate": 100.0, "speed": 0.0}
 timestamp= 1619817120000 [RES] Validate result: 
true
 timestamp= 1619817120000 [RUN] Generate steps
 timestamp= 1619817120000 [RUN] Validate step: 
The test system VALIDATES THAT the simulator S Status.GetEnvironment is nearly equal to {"x": -307.06, "y": 10.12, "z": 407.13, "rain": 0.0, "fog": 0.0, "wetness": 0.0, "timeofday": 10.0, "signal": 1.0, "rx": 359.98, "ry": 216.27, "rz": 359.98, "speed": 0.0}
 timestamp= 1619817120000 [RES] Validate result: 
true
 timestamp= 1619817120000 [RUN] Execute API step: 
The environment controller C INVOKES API Control.Agents.NPCVehicle.NPCVehicleMaintainLane(which_lane=Right_Lane&which_car=BoxTruck).
 timestamp= 1619817124000 [RES] API result: 
{"pose_arr":[{"vx":0,"ay":0,"az":9.81,"ax":-0.01,"pz":10.12,"vy":0,"px":552567.72,"py":4182894.24},{"vx":0,"ay":0,"az":9.81,"ax":0,"pz":10.12,"vy":0,"px":552567.72,"py":4182894.24},{"vx":0,"ay":0,"az":9.81,"ax":0,"pz":10.12,"vy":0,"px":552567.72,"py":4182894.24},{"vx":0,"ay":0,"az":9.81,"ax":0,"pz":10.12,"vy":0,"px":552567.72,"py":4182894.24},{"vx":0,"ay":0,"az":9.81,"ax":0,"pz":10.12,"vy":0,"px":552567.72,"py":4182894.24},{"vx":0,"ay":0,"az":9.81,"ax":0,"pz":10.12,"vy":0,"px":552567.72,"py":4182894.24},{"vx":0,"ay":0,"az":9.81,"ax":0.01,"pz":10.12,"vy":0,"px":552567.72,"py":4182894.24}],"traffic_light":[3,3,3,3,0,3],"state_arr":[{"acceleration":0,"throttle":0,"steering_target":0.01,"brake":14.5,"steering_rate":100,"speed":0},{"acceleration":0,"throttle":0,"steering_target":0.01,"brake":14.5,"steering_rate":100,"speed":0},{"acceleration":0,"throttle":0,"steering_target":0.01,"brake":14.5,"steering_rate":100,"speed":0},{"acceleration":0,"throttle":0,"steering_target":0.01,"brake":14.5,"steering_rate":100,"speed":0},{"acceleration":0,"throttle":0,"steering_target":0.01,"brake":14.5,"steering_rate":100,"speed":0},{"acceleration":0,"throttle":0,"steering_target":0.01,"brake":14.5,"steering_rate":100,"speed":0},{"acceleration":0,"throttle":0,"steering_target":0.01,"brake":14.5,"steering_rate":100,"speed":0},{"acceleration":0,"throttle":0,"steering_target":0.01,"brake":14.5,"steering_rate":100,"speed":0}],"obstacle_arr":[[{"acceleration":{"y":-2.3,"x":5.39,"z":0},"position":{"y":4182866,"x":552581.19,"z":10.5},"volume":1.56,"type":"VEHICLE","velocity":{"y":-10.78,"x":12.53,"z":0}},{"acceleration":{"y":0,"x":0,"z":0},"position":{"y":4182891.03,"x":552565.78,"z":10.79},"volume":0.15,"type":"PEDESTRIAN","velocity":{"y":0,"x":0,"z":0}}],[{"acceleration":{"y":0,"x":0,"z":0},"position":{"y":4182891.02,"x":552565.78,"z":10.83},"volume":0.14,"type":"PEDESTRIAN","velocity":{"y":0,"x":0,"z":0}},{"acceleration":{"y":-0.06,"x":-0.01,"z":0},"position":{"y":4182896.93,"x":552560.95,"z":10.13},"volume":100.17,"type":"VEHICLE","velocity":{"y":-1.13,"x":-0.17,"z":0}}],[{"acceleration":{"y":0,"x":0,"z":0},"position":{"y":4182891.02,"x":552565.82,"z":10.8},"volume":0.14,"type":"PEDESTRIAN","velocity":{"y":0,"x":0,"z":0}},{"acceleration":{"y":-0.67,"x":-0.66,"z":0},"position":{"y":4182893.98,"x":552560.08,"z":10.13},"volume":84.79,"type":"VEHICLE","velocity":{"y":-1.14,"x":-0.52,"z":0}}],[{"acceleration":{"y":0,"x":0,"z":0},"position":{"y":4182890.99,"x":552565.84,"z":10.79},"volume":0.15,"type":"PEDESTRIAN","velocity":{"y":0,"x":0,"z":0}},{"acceleration":{"y":-1.21,"x":-0.91,"z":0},"position":{"y":4182889.24,"x":552557.92,"z":10.12},"volume":133.28,"type":"VEHICLE","velocity":{"y":-2,"x":-1.07,"z":0}}],[{"acceleration":{"y":0,"x":0,"z":0},"position":{"y":4182891.01,"x":552565.84,"z":10.8},"volume":0.15,"type":"PEDESTRIAN","velocity":{"y":0,"x":0,"z":0}},{"acceleration":{"y":-2.98,"x":-2.57,"z":0},"position":{"y":4182878.92,"x":552551.84,"z":10.12},"volume":106.57,"type":"VEHICLE","velocity":{"y":-3.45,"x":-2.29,"z":0}}],[{"acceleration":{"y":0,"x":0,"z":0},"position":{"y":4182891.03,"x":552565.79,"z":10.79},"volume":0.15,"type":"PEDESTRIAN","velocity":{"y":0,"x":0,"z":0}}],[{"acceleration":{"y":0,"x":0,"z":0},"position":{"y":4182891.03,"x":552565.81,"z":10.82},"volume":0.15,"type":"PEDESTRIAN","velocity":{"y":0,"x":0,"z":0}}]],"action_description":"NPC vehicle (BoxTruck) driving on the right lane","ev_state":[-307.056793212891,10.1248559951782,407.133636474609,0,0,0,10,1,359.989624023438,216.267471313477,359.985656738281,0.00007822520478851894],"collision_probability":0.371}
 timestamp= 1619817124000 [RUN] Validate G1 Guard Condition: 
The ego vehicle E Detection.Collision == True.
 timestamp= 1619817124000 [RES] Global Validate result: 
false
 timestamp= 1619817124000 [RUN] Validate G2 Guard Condition: 
The ego vehicle E Detection.OffRoad == True.
 timestamp= 1619817124000 [RES] Global Validate result: 
false
 timestamp= 1619817124000 [RUN] Validate G3 Guard Condition: 
The ego vehicle E Detection.HardBrake == True.
 timestamp= 1619817124000 [RES] Global Validate result: 
false
 timestamp= 1619817124000 [RUN] Validate G4 Guard Condition: 
The ego vehicle E Detection.ArrivalTest == True.
 timestamp= 1619817124000 [RES] Global Validate result: 
false
 timestamp= 1619817124000 [RUN] Validate step: 
The test system VALIDATES THAT the Apollo A Status.GetControl is nearly equal to {"acceleration": -0.0, "throttle": 0.0, "steering_target": 0.01, "brake": 14.5, "steering_rate": 100.0, "speed": 0.0}
 timestamp= 1619817124000 [RES] Validate result: 
true
 timestamp= 1619817124000 [RUN] Generate steps
 timestamp= 1619817124000 [RUN] Validate step: 
The test system VALIDATES THAT the simulator S Status.GetEnvironment is nearly equal to {"x": -307.06, "y": 10.12, "z": 407.13, "rain": 0.0, "fog": 0.0, "wetness": 0.0, "timeofday": 10.0, "signal": 1.0, "rx": 359.99, "ry": 216.27, "rz": 359.99, "speed": 0.0}
 timestamp= 1619817124000 [RES] Validate result: 
true
 timestamp= 1619817124000 [RUN] Execute API step: 
The environment controller C INVOKES API Control.Agents.Pedestrians.WalkRandomly(which_lane=Current_Lane).
 timestamp= 1619817128000 [RES] API result: 
{"pose_arr":[{"vx":0,"ay":0,"az":9.81,"ax":0,"pz":10.12,"vy":0,"px":552567.72,"py":4182894.24},{"vx":0,"ay":0,"az":9.81,"ax":0,"pz":10.12,"vy":0,"px":552567.72,"py":4182894.24},{"vx":0,"ay":0,"az":9.81,"ax":0,"pz":10.12,"vy":0,"px":552567.72,"py":4182894.24},{"vx":0,"ay":0,"az":9.81,"ax":0,"pz":10.12,"vy":0,"px":552567.72,"py":4182894.24},{"vx":0,"ay":0,"az":9.81,"ax":0,"pz":10.12,"vy":0,"px":552567.72,"py":4182894.24},{"vx":0,"ay":0,"az":9.81,"ax":0,"pz":10.12,"vy":0,"px":552567.72,"py":4182894.24},{"vx":0,"ay":0,"az":9.81,"ax":0,"pz":10.12,"vy":0,"px":552567.72,"py":4182894.24}],"traffic_light":[3,3,3,3,3,3,3],"state_arr":[{"acceleration":0,"throttle":0,"steering_target":0.01,"brake":14.5,"steering_rate":100,"speed":0},{"acceleration":0,"throttle":0,"steering_target":0.01,"brake":14.5,"steering_rate":100,"speed":0},{"acceleration":0,"throttle":0,"steering_target":0.01,"brake":14.5,"steering_rate":100,"speed":0},{"acceleration":0,"throttle":0,"steering_target":0.01,"brake":14.5,"steering_rate":100,"speed":0},{"acceleration":0,"throttle":0,"steering_target":0.01,"brake":14.5,"steering_rate":100,"speed":0},{"acceleration":0,"throttle":0,"steering_target":0.01,"brake":14.5,"steering_rate":100,"speed":0},{"acceleration":0,"throttle":0,"steering_target":0.01,"brake":14.5,"steering_rate":100,"speed":0},{"acceleration":0,"throttle":0,"steering_target":0.01,"brake":14.5,"steering_rate":100,"speed":0}],"obstacle_arr":[[{"acceleration":{"y":0,"x":0,"z":0},"position":{"y":4182891.02,"x":552565.83,"z":10.81},"volume":0.13,"type":"PEDESTRIAN","velocity":{"y":0,"x":0,"z":0}}],[{"acceleration":{"y":0,"x":0,"z":0},"position":{"y":4182891,"x":552565.85,"z":10.82},"volume":0.15,"type":"PEDESTRIAN","velocity":{"y":0,"x":0,"z":0}}],[{"acceleration":{"y":0,"x":0,"z":0},"position":{"y":4182891,"x":552565.85,"z":10.82},"volume":0.15,"type":"PEDESTRIAN","velocity":{"y":0,"x":0,"z":0}}],[{"acceleration":{"y":0,"x":0,"z":0},"position":{"y":4182891.05,"x":552565.83,"z":10.81},"volume":0.15,"type":"PEDESTRIAN","velocity":{"y":0,"x":0,"z":0}}],[{"acceleration":{"y":0,"x":0,"z":0},"position":{"y":4182891.02,"x":552565.79,"z":10.82},"volume":0.16,"type":"PEDESTRIAN","velocity":{"y":0,"x":0,"z":0}}],[{"acceleration":{"y":0,"x":0,"z":0},"position":{"y":4182891.03,"x":552565.83,"z":10.8},"volume":0.13,"type":"PEDESTRIAN","velocity":{"y":0,"x":0,"z":0}}],[{"acceleration":{"y":0,"x":0,"z":0},"position":{"y":4182891,"x":552565.87,"z":10.82},"volume":0.12,"type":"PEDESTRIAN","velocity":{"y":0,"x":0,"z":0}}]],"action_description":"Pedestrian walking on the front lane","ev_state":[-307.056793212891,10.1248636245728,407.133636474609,0,0,0,10,1,359.991577148438,216.26872253418,359.989440917969,0.000034665285003889495],"collision_probability":0.372}
 timestamp= 1619817128000 [RUN] Validate G1 Guard Condition: 
The ego vehicle E Detection.Collision == True.
 timestamp= 1619817128000 [RES] Global Validate result: 
false
 timestamp= 1619817128000 [RUN] Validate G2 Guard Condition: 
The ego vehicle E Detection.OffRoad == True.
 timestamp= 1619817128000 [RES] Global Validate result: 
false
 timestamp= 1619817128000 [RUN] Validate G3 Guard Condition: 
The ego vehicle E Detection.HardBrake == True.
 timestamp= 1619817128000 [RES] Global Validate result: 
false
 timestamp= 1619817128000 [RUN] Validate G4 Guard Condition: 
The ego vehicle E Detection.ArrivalTest == True.
 timestamp= 1619817128000 [RES] Global Validate result: 
false
 timestamp= 1619817128000 [RUN] Validate step: 
The test system VALIDATES THAT the Apollo A Status.GetControl is nearly equal to {"acceleration": -0.0, "throttle": 0.0, "steering_target": 0.01, "brake": 14.5, "steering_rate": 100.0, "speed": 0.0}
 timestamp= 1619817128000 [RES] Validate result: 
true
 timestamp= 1619817128000 [RUN] Generate steps
 timestamp= 1619817128000 [RUN] Validate step: 
The test system VALIDATES THAT the simulator S Status.GetEnvironment is nearly equal to {"x": -307.06, "y": 10.12, "z": 407.13, "rain": 0.0, "fog": 0.0, "wetness": 0.0, "timeofday": 10.0, "signal": 1.0, "rx": 359.99, "ry": 216.27, "rz": 359.99, "speed": 0.0}
 timestamp= 1619817128000 [RES] Validate result: 
true
 timestamp= 1619817128000 [RUN] Execute API step: 
The environment controller C INVOKES API Control.Agents.Pedestrians.WalkRandomly(which_lane=Current_Lane).
 timestamp= 1619817132000 [RES] API result: 
{"pose_arr":[{"vx":0,"ay":0,"az":9.81,"ax":-0.01,"pz":10.12,"vy":0,"px":552567.72,"py":4182894.24},{"vx":0,"ay":0,"az":9.81,"ax":0,"pz":10.12,"vy":0,"px":552567.72,"py":4182894.24},{"vx":0,"ay":0,"az":9.81,"ax":0,"pz":10.12,"vy":0,"px":552567.72,"py":4182894.24},{"vx":0,"ay":0,"az":9.81,"ax":0,"pz":10.12,"vy":0,"px":552567.72,"py":4182894.24},{"vx":0,"ay":0,"az":9.81,"ax":-0.01,"pz":10.12,"vy":0,"px":552567.72,"py":4182894.24},{"vx":0,"ay":0,"az":9.81,"ax":0,"pz":10.12,"vy":0,"px":552567.72,"py":4182894.24},{"vx":0,"ay":0,"az":9.81,"ax":0,"pz":10.12,"vy":0,"px":552567.72,"py":4182894.24}],"traffic_light":[3,3,3,3,2,2],"state_arr":[{"acceleration":0,"throttle":0,"steering_target":0.01,"brake":14.5,"steering_rate":100,"speed":0},{"acceleration":0,"throttle":0,"steering_target":0.01,"brake":14.5,"steering_rate":100,"speed":0},{"acceleration":0,"throttle":0,"steering_target":0.01,"brake":14.5,"steering_rate":100,"speed":0},{"acceleration":0,"throttle":0,"steering_target":0.01,"brake":14.5,"steering_rate":100,"speed":0},{"acceleration":0,"throttle":0,"steering_target":0.01,"brake":14.5,"steering_rate":100,"speed":0},{"acceleration":0,"throttle":0,"steering_target":0.01,"brake":14.5,"steering_rate":100,"speed":0},{"acceleration":0,"throttle":0,"steering_target":0.01,"brake":14.5,"steering_rate":100,"speed":0},{"acceleration":0,"throttle":0,"steering_target":0.01,"brake":14.5,"steering_rate":100,"speed":0}],"obstacle_arr":[[{"acceleration":{"y":0,"x":0,"z":0},"position":{"y":4182891,"x":552565.87,"z":10.82},"volume":0.17,"type":"PEDESTRIAN","velocity":{"y":0,"x":0,"z":0}}],[{"acceleration":{"y":0,"x":0,"z":0},"position":{"y":4182891.05,"x":552565.83,"z":10.81},"volume":0.15,"type":"PEDESTRIAN","velocity":{"y":0,"x":0,"z":0}}],[{"acceleration":{"y":0,"x":0,"z":0},"position":{"y":4182891.05,"x":552565.82,"z":10.82},"volume":0.14,"type":"PEDESTRIAN","velocity":{"y":0,"x":0,"z":0}}],[{"acceleration":{"y":0,"x":0,"z":0},"position":{"y":4182891,"x":552565.84,"z":10.8},"volume":0.15,"type":"PEDESTRIAN","velocity":{"y":0,"x":0,"z":0}}],[{"acceleration":{"y":0,"x":0,"z":0},"position":{"y":4182891.01,"x":552565.87,"z":10.83},"volume":0.12,"type":"PEDESTRIAN","velocity":{"y":0,"x":0,"z":0}}],[{"acceleration":{"y":0,"x":0,"z":0},"position":{"y":4182890.98,"x":552565.89,"z":10.8},"volume":0.15,"type":"PEDESTRIAN","velocity":{"y":0,"x":0,"z":0}}],[{"acceleration":{"y":0,"x":0,"z":0},"position":{"y":4182891.02,"x":552565.86,"z":10.82},"volume":0.15,"type":"PEDESTRIAN","velocity":{"y":0,"x":0,"z":0}}]],"action_description":"Pedestrian walking on the front lane","ev_state":[-307.056793212891,10.1248388290405,407.133666992188,0,0,0,10,0,359.993255615234,216.269897460938,359.990478515625,0.00011253497388927854],"collision_probability":0.372}
 timestamp= 1619817132000 [RUN] Validate G1 Guard Condition: 
The ego vehicle E Detection.Collision == True.
 timestamp= 1619817132000 [RES] Global Validate result: 
false
 timestamp= 1619817132000 [RUN] Validate G2 Guard Condition: 
The ego vehicle E Detection.OffRoad == True.
 timestamp= 1619817132000 [RES] Global Validate result: 
true
 timestamp= 1619817132000 [RUN] OffRoad == True
 timestamp= 1619817132000 [RUN] The simulator S INVOKES API Command.Simulation.Stop() to stop simulation.
 timestamp= 1619817132000 [WARNING] The test system Stop the Simulator S!
 timestamp= 1619817132000 [RUN] ABORT.
 timestamp= 1619817132000 [ERROR] The test system Abort!
 timestamp= 1619817132000 [RUN] Validate G3 Guard Condition: 
The ego vehicle E Detection.HardBrake == True.
 timestamp= 1619817132000 [RES] Global Validate result: 
false
 timestamp= 1619817132000 [RUN] Validate G4 Guard Condition: 
The ego vehicle E Detection.ArrivalTest == True.
 timestamp= 1619817132000 [RES] Global Validate result: 
false
 timestamp= 1619817132000 [RES] Basic PostCondition Validate result: 
false
 timestamp= 1619817132000 [STOP] numberOfStep: 37 basicFlow: 
[{"name":"","description":"","eClass":"Sentence","content":"The test system VALIDATES THAT the simulator S Status.GetEnvironment is nearly equal to {\"x\": -245.88, \"y\": 10.12, \"z\": 466.1, \"rain\": 0.0, \"fog\": 0.0, \"wetness\": 0.0, \"timeofday\": 12.0, \"signal\": 1.0, \"rx\": 359.88, \"ry\": 305.64, \"rz\": -0.01, \"speed\": 2.08}","natures":[]},{"name":"","description":"","eClass":"Sentence","content":"The environment controller C INVOKES API Control.Agents.Pedestrians.WalkRandomly(which_lane=Current_Lane).","natures":[]},{"name":"","description":"","eClass":"Sentence","content":"The test system VALIDATES THAT the Apollo A Status.GetControl is nearly equal to {\"acceleration\": 0.0, \"throttle\": 63.04, \"steering_target\": 25.17, \"brake\": 0.0, \"steering_rate\": 100.0, \"speed\": 2.58}","natures":[]},{"name":"","description":"","eClass":"Sentence","content":"The test system VALIDATES THAT the simulator S Status.GetEnvironment is nearly equal to {\"x\": -254.33, \"y\": 10.12, \"z\": 470.66, \"rain\": 0.0, \"fog\": 0.0, \"wetness\": 0.0, \"timeofday\": 12.0, \"signal\": 1.0, \"rx\": 359.99, \"ry\": 288.81, \"rz\": 359.8, \"speed\": 3.22}","natures":[]},{"name":"","description":"","eClass":"Sentence","content":"The environment controller C INVOKES API Control.Agents.Pedestrians.WalkRandomly(which_lane=Current_Lane).","natures":[]},{"name":"","description":"","eClass":"Sentence","content":"The test system VALIDATES THAT the Apollo A Status.GetControl is nearly equal to {\"acceleration\": 0.55, \"throttle\": 17.34, \"steering_target\": 12.9, \"brake\": 0.0, \"steering_rate\": 100.0, \"speed\": 4.21}","natures":[]},{"name":"","description":"","eClass":"Sentence","content":"The test system VALIDATES THAT the simulator S Status.GetEnvironment is nearly equal to {\"x\": -264.88, \"y\": 10.12, \"z\": 465.69, \"rain\": 0.0, \"fog\": 0.0, \"wetness\": 0.0, \"timeofday\": 12.0, \"signal\": 0.0, \"rx\": 359.9, \"ry\": 226.52, \"rz\": 359.87, \"speed\": 4.32}","natures":[]},{"name":"","description":"","eClass":"Sentence","content":"The environment controller C INVOKES API Control.TimeOfDay(time_of_day=Morning).","natures":[]},{"name":"","description":"","eClass":"Sentence","content":"The test system VALIDATES THAT the Apollo A Status.GetControl is nearly equal to {\"acceleration\": 0.63, \"throttle\": 15.7, \"steering_target\": -2.54, \"brake\": 0.0, \"steering_rate\": 100.0, \"speed\": 6.87}","natures":[]},{"name":"","description":"","eClass":"Sentence","content":"The test system VALIDATES THAT the simulator S Status.GetEnvironment is nearly equal to {\"x\": -279.45, \"y\": 10.12, \"z\": 446.24, \"rain\": 0.0, \"fog\": 0.0, \"wetness\": 0.0, \"timeofday\": 10.0, \"signal\": -1.0, \"rx\": 359.98, \"ry\": 214.65, \"rz\": 0.06, \"speed\": 6.96}","natures":[]},{"name":"","description":"","eClass":"Sentence","content":"The environment controller C INVOKES API Control.Agents.Pedestrians.WalkRandomly(which_lane=Current_Lane).","natures":[]},{"name":"","description":"","eClass":"Sentence","content":"The test system VALIDATES THAT the Apollo A Status.GetControl is nearly equal to {\"acceleration\": 0.21, \"throttle\": 15.7, \"steering_target\": -0.53, \"brake\": 0.0, \"steering_rate\": 100.0, \"speed\": 6.29}","natures":[]},{"name":"","description":"","eClass":"Sentence","content":"The test system VALIDATES THAT the simulator S Status.GetEnvironment is nearly equal to {\"x\": -294.98, \"y\": 10.12, \"z\": 424.01, \"rain\": 0.0, \"fog\": 0.0, \"wetness\": 0.0, \"timeofday\": 10.0, \"signal\": -1.0, \"rx\": 0.01, \"ry\": 216.06, \"rz\": 0.03, \"speed\": 6.28}","natures":[]},{"name":"","description":"","eClass":"Sentence","content":"The environment controller C INVOKES API Control.Agents.NPCVehicle.NPCVehicleMaintainLane(which_lane=Left_Lane&which_car=Hatchback).","natures":[]},{"name":"","description":"","eClass":"Sentence","content":"The test system VALIDATES THAT the Apollo A Status.GetControl is nearly equal to {\"acceleration\": -1.8, \"throttle\": 0.0, \"steering_target\": 0.07, \"brake\": 29.7, \"steering_rate\": 100.0, \"speed\": 0.9}","natures":[]},{"name":"","description":"","eClass":"Sentence","content":"The test system VALIDATES THAT the simulator S Status.GetEnvironment is nearly equal to {\"x\": -306.67, \"y\": 10.12, \"z\": 407.64, \"rain\": 0.0, \"fog\": 0.0, \"wetness\": 0.0, \"timeofday\": 10.0, \"signal\": -1.0, \"rx\": 0.14, \"ry\": 215.49, \"rz\": 0.0, \"speed\": 0.87}","natures":[]},{"name":"","description":"","eClass":"Sentence","content":"The environment controller C INVOKES API Control.Agents.Pedestrians.WalkRandomly(which_lane=Current_Lane).","natures":[]},{"name":"","description":"","eClass":"Sentence","content":"The test system VALIDATES THAT the Apollo A Status.GetControl is nearly equal to {\"acceleration\": 0.1, \"throttle\": 15.7, \"steering_target\": 0.03, \"brake\": 0.0, \"steering_rate\": 100.0, \"speed\": 0.03}","natures":[]},{"name":"","description":"","eClass":"Sentence","content":"The test system VALIDATES THAT the simulator S Status.GetEnvironment is nearly equal to {\"x\": -306.83, \"y\": 10.12, \"z\": 407.43, \"rain\": 0.0, \"fog\": 0.0, \"wetness\": 0.0, \"timeofday\": 10.0, \"signal\": -1.0, \"rx\": 359.98, \"ry\": 215.6, \"rz\": 359.95, \"speed\": 0.03}","natures":[]},{"name":"","description":"","eClass":"Sentence","content":"The environment controller C INVOKES API Control.Agents.Pedestrians.WalkRandomly(which_lane=Current_Lane).","natures":[]},{"name":"","description":"","eClass":"Sentence","content":"The test system VALIDATES THAT the Apollo A Status.GetControl is nearly equal to {\"acceleration\": 0.06, \"throttle\": 15.7, \"steering_target\": 0.03, \"brake\": 0.0, \"steering_rate\": 100.0, \"speed\": 0.04}","natures":[]},{"name":"","description":"","eClass":"Sentence","content":"The test system VALIDATES THAT the simulator S Status.GetEnvironment is nearly equal to {\"x\": -306.9, \"y\": 10.12, \"z\": 407.31, \"rain\": 0.0, \"fog\": 0.0, \"wetness\": 0.0, \"timeofday\": 10.0, \"signal\": -1.0, \"rx\": 359.98, \"ry\": 215.73, \"rz\": 359.94, \"speed\": 0.03}","natures":[]},{"name":"","description":"","eClass":"Sentence","content":"The environment controller C INVOKES API Control.Agents.Pedestrians.WalkRandomly(which_lane=Current_Lane).","natures":[]},{"name":"","description":"","eClass":"Sentence","content":"The test system VALIDATES THAT the Apollo A Status.GetControl is nearly equal to {\"acceleration\": -0.06, \"throttle\": 0.0, \"steering_target\": 0.01, \"brake\": 14.5, \"steering_rate\": 100.0, \"speed\": 0.18}","natures":[]},{"name":"","description":"","eClass":"Sentence","content":"The test system VALIDATES THAT the simulator S Status.GetEnvironment is nearly equal to {\"x\": -307.03, \"y\": 10.12, \"z\": 407.16, \"rain\": 0.0, \"fog\": 0.0, \"wetness\": 0.0, \"timeofday\": 10.0, \"signal\": 1.0, \"rx\": 359.95, \"ry\": 216.02, \"rz\": 359.9, \"speed\": 0.18}","natures":[]},{"name":"","description":"","eClass":"Sentence","content":"The environment controller C INVOKES API Control.Agents.Pedestrians.WalkRandomly(which_lane=Current_Lane).","natures":[]},{"name":"","description":"","eClass":"Sentence","content":"The test system VALIDATES THAT the Apollo A Status.GetControl is nearly equal to {\"acceleration\": -0.0, \"throttle\": 0.0, \"steering_target\": 0.01, \"brake\": 14.5, \"steering_rate\": 100.0, \"speed\": 0.0}","natures":[]},{"name":"","description":"","eClass":"Sentence","content":"The test system VALIDATES THAT the simulator S Status.GetEnvironment is nearly equal to {\"x\": -307.06, \"y\": 10.12, \"z\": 407.13, \"rain\": 0.0, \"fog\": 0.0, \"wetness\": 0.0, \"timeofday\": 10.0, \"signal\": 1.0, \"rx\": 359.98, \"ry\": 216.27, \"rz\": 359.98, \"speed\": 0.0}","natures":[]},{"name":"","description":"","eClass":"Sentence","content":"The environment controller C INVOKES API Control.Agents.NPCVehicle.NPCVehicleMaintainLane(which_lane=Right_Lane&which_car=BoxTruck).","natures":[]},{"name":"","description":"","eClass":"Sentence","content":"The test system VALIDATES THAT the Apollo A Status.GetControl is nearly equal to {\"acceleration\": -0.0, \"throttle\": 0.0, \"steering_target\": 0.01, \"brake\": 14.5, \"steering_rate\": 100.0, \"speed\": 0.0}","natures":[]},{"name":"","description":"","eClass":"Sentence","content":"The test system VALIDATES THAT the simulator S Status.GetEnvironment is nearly equal to {\"x\": -307.06, \"y\": 10.12, \"z\": 407.13, \"rain\": 0.0, \"fog\": 0.0, \"wetness\": 0.0, \"timeofday\": 10.0, \"signal\": 1.0, \"rx\": 359.99, \"ry\": 216.27, \"rz\": 359.99, \"speed\": 0.0}","natures":[]},{"name":"","description":"","eClass":"Sentence","content":"The environment controller C INVOKES API Control.Agents.Pedestrians.WalkRandomly(which_lane=Current_Lane).","natures":[]},{"name":"","description":"","eClass":"Sentence","content":"The test system VALIDATES THAT the Apollo A Status.GetControl is nearly equal to {\"acceleration\": -0.0, \"throttle\": 0.0, \"steering_target\": 0.01, \"brake\": 14.5, \"steering_rate\": 100.0, \"speed\": 0.0}","natures":[]},{"name":"","description":"","eClass":"Sentence","content":"The test system VALIDATES THAT the simulator S Status.GetEnvironment is nearly equal to {\"x\": -307.06, \"y\": 10.12, \"z\": 407.13, \"rain\": 0.0, \"fog\": 0.0, \"wetness\": 0.0, \"timeofday\": 10.0, \"signal\": 1.0, \"rx\": 359.99, \"ry\": 216.27, \"rz\": 359.99, \"speed\": 0.0}","natures":[]},{"name":"","description":"","eClass":"Sentence","content":"The environment controller C INVOKES API Control.Agents.Pedestrians.WalkRandomly(which_lane=Current_Lane).","natures":[]},{"name":"","description":"","eClass":"Sentence","content":"The test system VALIDATES THAT the Apollo A Status.GetControl is nearly equal to {\"acceleration\": -0.0, \"throttle\": 0.0, \"steering_target\": 0.01, \"brake\": 14.5, \"steering_rate\": 100.0, \"speed\": 0.0}","natures":[]},{"name":"","description":"","eClass":"Sentence","content":"","natures":[]}]
