 timestamp= 1619804138000 [START] Now Run TCS Maintain Lane On Road1 Mode: dynamic Roadnum: 1 Second: 4
 timestamp= 1619804138000 [SUCCESS] TCS Check Success 
 timestamp= 1619804141000 [RUN] Run BasicFlow
 timestamp= 1619804141000 [RUN] Generate steps
 timestamp= 1619804141000 [RUN] Validate step: 
The test system VALIDATES THAT the simulator S Status.GetEnvironment is nearly equal to {"x": 215.15, "y": 10.12, "z": 201.81, "rain": 0.0, "fog": 0.0, "wetness": 0.0, "timeofday": 12.0, "signal": -1.0, "rx": 359.91, "ry": 269.13, "rz": 0.0, "speed": 3.26}
 timestamp= 1619804141000 [RES] Validate result: 
true
 timestamp= 1619804141000 [RUN] Execute API step: 
The environment controller C INVOKES API Control.Agents.Pedestrians.WalkRandomly(which_lane=Current_Lane).
 timestamp= 1619804144000 [RES] API result: 
{"pose_arr":[{"vx":-0.05,"ay":0,"az":9.81,"ax":0,"pz":10.12,"vy":-0.05,"px":553090.48,"py":4182687.85},{"vx":-0.06,"ay":0.57,"az":9.83,"ax":-0.01,"pz":10.12,"vy":-0.06,"px":553088.16,"py":4182687.82},{"vx":-0.05,"ay":1,"az":9.8,"ax":-0.01,"pz":10.12,"vy":-0.05,"px":553084.41,"py":4182687.78},{"vx":-0.04,"ay":0.26,"az":9.82,"ax":0,"pz":10.12,"vy":-0.04,"px":553081.07,"py":4182687.74},{"vx":-0.03,"ay":0.87,"az":9.8,"ax":-0.01,"pz":10.12,"vy":-0.03,"px":553077.34,"py":4182687.71},{"vx":-0.02,"ay":0.25,"az":9.82,"ax":0,"pz":10.12,"vy":-0.02,"px":553072.43,"py":4182687.69}],"traffic_light":[3,3,3,3,3,3],"state_arr":[{"acceleration":1.23,"throttle":29.81,"steering_target":-0.36,"brake":0,"steering_rate":100,"speed":3.23},{"acceleration":0.8,"throttle":24.26,"steering_target":-0.28,"brake":0,"steering_rate":100,"speed":4.44},{"acceleration":0.87,"throttle":20.53,"steering_target":-0.25,"brake":0,"steering_rate":100,"speed":4.87},{"acceleration":0.94,"throttle":15.7,"steering_target":-0.27,"brake":0,"steering_rate":100,"speed":5.26},{"acceleration":1.21,"throttle":15.7,"steering_target":-0.22,"brake":0,"steering_rate":100,"speed":5.45},{"acceleration":0.53,"throttle":15.7,"steering_target":-0.28,"brake":0,"steering_rate":100,"speed":6.42},{"acceleration":0.76,"throttle":18.1,"steering_target":-0.1,"brake":0,"steering_rate":100,"speed":6.67}],"obstacle_arr":[[],[],[],[],[],[],[]],"action_description":"Pedestrian walking on the front lane","ev_state":[193.732620239258,10.1241130828857,201.649993896484,0,0,0,12,-1,359.960021972656,269.855255126953,0.00569545011967421,6.833031503831365],"collision_probability":0}
 timestamp= 1619804144000 [RUN] Validate G1 Guard Condition: 
The ego vehicle E Detection.Collision == True.
 timestamp= 1619804144000 [RES] Global Validate result: 
false
 timestamp= 1619804144000 [RUN] Validate G2 Guard Condition: 
The ego vehicle E Detection.OffRoad == True.
 timestamp= 1619804144000 [RES] Global Validate result: 
false
 timestamp= 1619804144000 [RUN] Validate G3 Guard Condition: 
The ego vehicle E Detection.HardBrake == True.
 timestamp= 1619804144000 [RES] Global Validate result: 
false
 timestamp= 1619804144000 [RUN] Validate G4 Guard Condition: 
The ego vehicle E Detection.ArrivalTest == True.
 timestamp= 1619804144000 [RES] Global Validate result: 
false
 timestamp= 1619804144000 [RUN] Validate step: 
The test system VALIDATES THAT the Apollo A Status.GetControl is nearly equal to {"acceleration": 0.76, "throttle": 18.1, "steering_target": -0.1, "brake": 0.0, "steering_rate": 100.0, "speed": 6.67}
 timestamp= 1619804144000 [RES] Validate result: 
true
 timestamp= 1619804144000 [RUN] Generate steps
 timestamp= 1619804144000 [RUN] Validate step: 
The test system VALIDATES THAT the simulator S Status.GetEnvironment is nearly equal to {"x": 193.73, "y": 10.12, "z": 201.65, "rain": 0.0, "fog": 0.0, "wetness": 0.0, "timeofday": 12.0, "signal": -1.0, "rx": 359.96, "ry": 269.86, "rz": 0.01, "speed": 6.83}
 timestamp= 1619804144000 [RES] Validate result: 
true
 timestamp= 1619804144000 [RUN] Execute API step: 
The environment controller C INVOKES API Control.Agents.Pedestrians.WalkRandomly(which_lane=Current_Lane).
 timestamp= 1619804148000 [RES] API result: 
{"pose_arr":[{"vx":-0.02,"ay":0.29,"az":9.81,"ax":-0.03,"pz":10.12,"vy":-0.02,"px":553069.2,"py":4182687.67},{"vx":-0.02,"ay":0.24,"az":9.84,"ax":0.01,"pz":10.12,"vy":-0.02,"px":553065.47,"py":4182687.66},{"vx":-0.02,"ay":0.28,"az":9.82,"ax":0,"pz":10.12,"vy":-0.02,"px":553060.59,"py":4182687.65},{"vx":-0.02,"ay":0.23,"az":9.81,"ax":0,"pz":10.12,"vy":-0.02,"px":553055.3,"py":4182687.64},{"vx":-0.03,"ay":0.23,"az":9.81,"ax":-0.01,"pz":10.12,"vy":-0.03,"px":553050.67,"py":4182687.63},{"vx":-0.06,"ay":-1.81,"az":9.86,"ax":0.01,"pz":10.12,"vy":-0.06,"px":553043.58,"py":4182687.59},{"vx":0,"ay":-3.94,"az":9.91,"ax":-0.81,"pz":10.11,"vy":0,"px":553041.79,"py":4182687.63}],"traffic_light":[3,3,3,3,2,0],"state_arr":[{"acceleration":1.13,"throttle":15.7,"steering_target":0.04,"brake":0,"steering_rate":100,"speed":6.83},{"acceleration":0.84,"throttle":15.7,"steering_target":-0.11,"brake":0,"steering_rate":100,"speed":7.28},{"acceleration":0.76,"throttle":15.7,"steering_target":0.07,"brake":0,"steering_rate":100,"speed":7.5},{"acceleration":0.4,"throttle":17.89,"steering_target":0.1,"brake":0,"steering_rate":100,"speed":7.67},{"acceleration":0.29,"throttle":15.7,"steering_target":0.17,"brake":0,"steering_rate":100,"speed":7.81},{"acceleration":0.29,"throttle":15.7,"steering_target":0.16,"brake":0,"steering_rate":100,"speed":7.95},{"acceleration":0.03,"throttle":60.07,"steering_target":4.35,"brake":0,"steering_rate":100,"speed":2.72}],"obstacle_arr":[[],[],[],[],[],[{"acceleration":{"y":0,"x":0,"z":0},"position":{"y":4182687.32,"x":553039.73,"z":10.41},"volume":0.13,"type":"PEDESTRIAN","velocity":{"y":0,"x":0,"z":0}}]],"action_description":"Pedestrian walking on the front lane","ev_state":[166.412094116211,10.1187887191772,201.623458862305,0,0,0,12,0,359.659423828125,270.68505859375,358.541656494141,0.3594898200296001],"collision_probability":1}
 timestamp= 1619804148000 [RUN] Validate G1 Guard Condition: 
The ego vehicle E Detection.Collision == True.
 timestamp= 1619804148000 [RES] Global Validate result: 
true
 timestamp= 1619804148000 [RUN] Collision == True
 timestamp= 1619804148000 [RUN] Validate G2 Guard Condition: 
The ego vehicle E Detection.OffRoad == True.
 timestamp= 1619804148000 [RES] Global Validate result: 
false
 timestamp= 1619804148000 [RUN] Validate G3 Guard Condition: 
The ego vehicle E Detection.HardBrake == True.
 timestamp= 1619804148000 [RES] Global Validate result: 
true
 timestamp= 1619804148000 [RUN] HardBrake == True
 timestamp= 1619804148000 [RUN] RESUME STEP @preStep
 timestamp= 1619804148000 [RUN] Resume step basicflow4
 timestamp= 1619804148000 [RUN] Validate G4 Guard Condition: 
The ego vehicle E Detection.ArrivalTest == True.
 timestamp= 1619804148000 [RES] Global Validate result: 
false
 timestamp= 1619804148000 [RUN] Validate step: 
The test system VALIDATES THAT the Apollo A Status.GetControl is nearly equal to {"acceleration": 0.03, "throttle": 60.07, "steering_target": 4.35, "brake": 0.0, "steering_rate": 100.0, "speed": 2.72}
 timestamp= 1619804148000 [RES] Validate result: 
true
 timestamp= 1619804148000 [RUN] Generate steps
 timestamp= 1619804148000 [RUN] Validate step: 
The test system VALIDATES THAT the simulator S Status.GetEnvironment is nearly equal to {"x": 166.41, "y": 10.12, "z": 201.62, "rain": 0.0, "fog": 0.0, "wetness": 0.0, "timeofday": 12.0, "signal": 0.0, "rx": 359.66, "ry": 270.69, "rz": 358.54, "speed": 0.36}
 timestamp= 1619804148000 [RES] Validate result: 
true
 timestamp= 1619804148000 [RUN] Execute API step: 
The environment controller C INVOKES API Control.Agents.Pedestrians.WalkRandomly(which_lane=Current_Lane).
 timestamp= 1619804151000 [RES] API result: 
{"pose_arr":[{"vx":-0.01,"ay":0,"az":9.78,"ax":0.01,"pz":10.12,"vy":-0.01,"px":553041.72,"py":4182687.63},{"vx":0,"ay":0,"az":9.81,"ax":0,"pz":10.12,"vy":0,"px":553041.54,"py":4182687.63},{"vx":0.01,"ay":3.5,"az":9.8,"ax":0.03,"pz":10.12,"vy":0.01,"px":553040.85,"py":4182687.64},{"vx":-0.02,"ay":-0.01,"az":9.83,"ax":0.09,"pz":10.13,"vy":-0.02,"px":553039.37,"py":4182687.69},{"vx":-0.06,"ay":0,"az":9.81,"ax":0,"pz":10.12,"vy":-0.06,"px":553037.84,"py":4182687.72},{"vx":-0.05,"ay":0.53,"az":9.81,"ax":-0.01,"pz":10.12,"vy":-0.05,"px":553035.33,"py":4182687.69}],"traffic_light":[2,2,3,3,3,3],"state_arr":[{"acceleration":-2.7,"throttle":0,"steering_target":1.17,"brake":38.28,"steering_rate":100,"speed":0.36},{"acceleration":0.28,"throttle":39.21,"steering_target":1.17,"brake":0,"steering_rate":100,"speed":0.01},{"acceleration":0.39,"throttle":25.14,"steering_target":3.85,"brake":0,"steering_rate":100,"speed":0.87},{"acceleration":-0.76,"throttle":0,"steering_target":5.63,"brake":17.91,"steering_rate":100,"speed":2.26},{"acceleration":0.52,"throttle":19.49,"steering_target":3.27,"brake":0,"steering_rate":100,"speed":2.07},{"acceleration":0.09,"throttle":15.7,"steering_target":-1.09,"brake":0,"steering_rate":100,"speed":3.43},{"acceleration":0.8,"throttle":61.1,"steering_target":0.84,"brake":0,"steering_rate":100,"speed":3.72}],"obstacle_arr":[[{"acceleration":{"y":0.18,"x":-1.25,"z":0},"position":{"y":4182687,"x":553038.24,"z":10.9},"volume":0.18,"type":"PEDESTRIAN","velocity":{"y":-0.21,"x":-1.36,"z":0}}],[{"acceleration":{"y":0.23,"x":1.74,"z":0},"position":{"y":4182686.93,"x":553038.55,"z":10.93},"volume":0.02,"type":"PEDESTRIAN","velocity":{"y":0,"x":0,"z":0}}],[],[],[],[],[]],"action_description":"Pedestrian walking on the front lane","ev_state":[158.713500976563,10.1244821548462,201.642974853516,0,0,0,12,-1,359.889953613281,269.263793945313,359.988830566406,4.448573627442822],"collision_probability":1}
 timestamp= 1619804151000 [RUN] Validate G1 Guard Condition: 
The ego vehicle E Detection.Collision == True.
 timestamp= 1619804151000 [RES] Global Validate result: 
true
 timestamp= 1619804151000 [RUN] Collision == True
 timestamp= 1619804151000 [RUN] Validate G2 Guard Condition: 
The ego vehicle E Detection.OffRoad == True.
 timestamp= 1619804151000 [RES] Global Validate result: 
false
 timestamp= 1619804151000 [RUN] Validate G3 Guard Condition: 
The ego vehicle E Detection.HardBrake == True.
 timestamp= 1619804151000 [RES] Global Validate result: 
false
 timestamp= 1619804151000 [RUN] Validate G4 Guard Condition: 
The ego vehicle E Detection.ArrivalTest == True.
 timestamp= 1619804151000 [RES] Global Validate result: 
false
 timestamp= 1619804151000 [RUN] Validate step: 
The test system VALIDATES THAT the Apollo A Status.GetControl is nearly equal to {"acceleration": 0.8, "throttle": 61.1, "steering_target": 0.84, "brake": 0.0, "steering_rate": 100.0, "speed": 3.72}
 timestamp= 1619804151000 [RES] Validate result: 
true
 timestamp= 1619804151000 [RUN] Generate steps
 timestamp= 1619804151000 [RUN] Validate step: 
The test system VALIDATES THAT the simulator S Status.GetEnvironment is nearly equal to {"x": 158.71, "y": 10.12, "z": 201.64, "rain": 0.0, "fog": 0.0, "wetness": 0.0, "timeofday": 12.0, "signal": -1.0, "rx": 359.89, "ry": 269.26, "rz": 359.99, "speed": 4.45}
 timestamp= 1619804152000 [RES] Validate result: 
true
 timestamp= 1619804152000 [RUN] Execute API step: 
The environment controller C INVOKES API Control.Agents.Pedestrians.WalkRandomly(which_lane=Current_Lane).
 timestamp= 1619804155000 [RES] API result: 
{"pose_arr":[{"vx":-0.07,"ay":1.59,"az":9.82,"ax":0,"pz":10.12,"vy":-0.07,"px":553033.62,"py":4182687.67},{"vx":-0.07,"ay":0.34,"az":9.82,"ax":0,"pz":10.12,"vy":-0.07,"px":553029.7,"py":4182687.62},{"vx":-0.08,"ay":-0.25,"az":9.82,"ax":0.05,"pz":10.12,"vy":-0.08,"px":553026.78,"py":4182687.58},{"vx":-0.07,"ay":0.26,"az":9.81,"ax":0,"pz":10.12,"vy":-0.07,"px":553022.06,"py":4182687.51},{"vx":0,"ay":-2.38,"az":9.83,"ax":0.04,"pz":10.11,"vy":0,"px":553020.78,"py":4182687.49},{"vx":0,"ay":0,"az":9.79,"ax":0,"pz":10.12,"vy":0,"px":553020.76,"py":4182687.48}],"traffic_light":[3,3,3,3,3,3],"state_arr":[{"acceleration":1.08,"throttle":45.83,"steering_target":0.38,"brake":0,"steering_rate":100,"speed":4.45},{"acceleration":0.44,"throttle":17.91,"steering_target":-0.26,"brake":0,"steering_rate":100,"speed":5.2},{"acceleration":0.46,"throttle":18.33,"steering_target":0.21,"brake":0,"steering_rate":100,"speed":5.37},{"acceleration":0.26,"throttle":15.7,"steering_target":-0.29,"brake":0,"steering_rate":100,"speed":5.43},{"acceleration":2.02,"throttle":86.1,"steering_target":-0.1,"brake":0,"steering_rate":100,"speed":2.26},{"acceleration":-2.91,"throttle":0,"steering_target":0.1,"brake":49.14,"steering_rate":100,"speed":0.14},{"acceleration":0,"throttle":0,"steering_target":0,"brake":50,"steering_rate":0,"speed":0}],"obstacle_arr":[[],[],[{"acceleration":{"y":-0.01,"x":-0.16,"z":0},"position":{"y":4182687.38,"x":553039.27,"z":10.59},"volume":0.11,"type":"PEDESTRIAN","velocity":{"y":0.01,"x":-0.23,"z":0}},{"acceleration":{"y":0,"x":0,"z":0},"position":{"y":4182666.98,"x":553003.28,"z":10.51},"volume":1.21,"type":"VEHICLE","velocity":{"y":0,"x":0,"z":0}}],[],[{"acceleration":{"y":0.06,"x":-1.6,"z":0},"position":{"y":4182687.85,"x":553017.08,"z":10.81},"volume":0.15,"type":"PEDESTRIAN","velocity":{"y":0.06,"x":-1.42,"z":0}}],[{"acceleration":{"y":0.24,"x":1.12,"z":0},"position":{"y":4182687.98,"x":553016.97,"z":10.8},"volume":0.18,"type":"PEDESTRIAN","velocity":{"y":0.21,"x":-0.69,"z":0}}]],"action_description":"Pedestrian walking on the front lane","ev_state":[145.427032470703,10.1250953674316,201.449493408203,0,0,0,12,-1,359.955932617188,269.437805175781,0.00163258227985352,0.00042619796858256996],"collision_probability":1}
 timestamp= 1619804155000 [RUN] Validate G1 Guard Condition: 
The ego vehicle E Detection.Collision == True.
 timestamp= 1619804155000 [RES] Global Validate result: 
true
 timestamp= 1619804155000 [RUN] Collision == True
 timestamp= 1619804155000 [RUN] Validate G2 Guard Condition: 
The ego vehicle E Detection.OffRoad == True.
 timestamp= 1619804155000 [RES] Global Validate result: 
false
 timestamp= 1619804155000 [RUN] Validate G3 Guard Condition: 
The ego vehicle E Detection.HardBrake == True.
 timestamp= 1619804155000 [RES] Global Validate result: 
true
 timestamp= 1619804155000 [RUN] HardBrake == True
 timestamp= 1619804155000 [RUN] RESUME STEP @preStep
 timestamp= 1619804155000 [RUN] Resume step basicflow10
 timestamp= 1619804155000 [RUN] Validate G4 Guard Condition: 
The ego vehicle E Detection.ArrivalTest == True.
 timestamp= 1619804155000 [RES] Global Validate result: 
false
 timestamp= 1619804155000 [RUN] Validate step: 
The test system VALIDATES THAT the Apollo A Status.GetControl is nearly equal to {"acceleration": 0.0, "throttle": 0.0, "steering_target": 0.0, "brake": 50.0, "steering_rate": 0.0, "speed": 0.0}
 timestamp= 1619804155000 [RES] Validate result: 
true
 timestamp= 1619804155000 [RUN] Generate steps
 timestamp= 1619804155000 [RUN] Validate step: 
The test system VALIDATES THAT the simulator S Status.GetEnvironment is nearly equal to {"x": 145.43, "y": 10.13, "z": 201.45, "rain": 0.0, "fog": 0.0, "wetness": 0.0, "timeofday": 12.0, "signal": -1.0, "rx": 359.96, "ry": 269.44, "rz": 0.0, "speed": 0.0}
 timestamp= 1619804155000 [RES] Validate result: 
true
 timestamp= 1619804155000 [RUN] Execute API step: 
The environment controller C INVOKES API Control.Agents.Pedestrians.WalkRandomly(which_lane=Current_Lane).
 timestamp= 1619804159000 [RES] API result: 
{"pose_arr":[{"vx":0,"ay":0,"az":9.81,"ax":0,"pz":10.12,"vy":0,"px":553020.76,"py":4182687.48},{"vx":0,"ay":2.46,"az":9.78,"ax":-0.02,"pz":10.12,"vy":0,"px":553020.68,"py":4182687.48},{"vx":-0.01,"ay":2.22,"az":9.76,"ax":-0.02,"pz":10.12,"vy":-0.01,"px":553020.36,"py":4182687.48},{"vx":-0.01,"ay":-0.59,"az":9.8,"ax":0.01,"pz":10.12,"vy":-0.01,"px":553020,"py":4182687.47},{"vx":0,"ay":-0.59,"az":9.81,"ax":0.01,"pz":10.12,"vy":0,"px":553019.83,"py":4182687.47},{"vx":0,"ay":0.12,"az":9.81,"ax":0,"pz":10.12,"vy":0,"px":553019.82,"py":4182687.47},{"vx":0,"ay":-0.59,"az":9.81,"ax":0.01,"pz":10.12,"vy":0,"px":553019.8,"py":4182687.47}],"traffic_light":[1,3,3,1,3,3],"state_arr":[{"acceleration":0.3,"throttle":35.81,"steering_target":0.1,"brake":0,"steering_rate":100,"speed":0},{"acceleration":-0.64,"throttle":0,"steering_target":0.2,"brake":16.21,"steering_rate":100,"speed":0.66},{"acceleration":0.01,"throttle":43.57,"steering_target":0.19,"brake":0,"steering_rate":100,"speed":0.36},{"acceleration":-0.2,"throttle":0,"steering_target":0.07,"brake":14.5,"steering_rate":100,"speed":0.54},{"acceleration":-0.05,"throttle":0,"steering_target":0,"brake":14.5,"steering_rate":100,"speed":0.21},{"acceleration":0.04,"throttle":15.7,"steering_target":0,"brake":0,"steering_rate":100,"speed":0.02},{"acceleration":-0.01,"throttle":0,"steering_target":0,"brake":16.54,"steering_rate":100,"speed":0.1},{"acceleration":0.01,"throttle":15.7,"steering_target":0,"brake":0,"steering_rate":100,"speed":0.05}],"obstacle_arr":[[{"acceleration":{"y":-0.28,"x":1.41,"z":0},"position":{"y":4182687.96,"x":553016.95,"z":10.77},"volume":0.23,"type":"PEDESTRIAN","velocity":{"y":0,"x":0,"z":0}}],[{"acceleration":{"y":-0.09,"x":0.31,"z":0},"position":{"y":4182687.94,"x":553017.02,"z":10.76},"volume":0.21,"type":"PEDESTRIAN","velocity":{"y":0,"x":0,"z":0}}],[{"acceleration":{"y":0,"x":0.02,"z":0},"position":{"y":4182687.84,"x":553016.79,"z":10.74},"volume":0.17,"type":"PEDESTRIAN","velocity":{"y":0,"x":0,"z":0}}],[{"acceleration":{"y":-0.13,"x":-0.9,"z":0},"position":{"y":4182687.72,"x":553016.26,"z":10.79},"volume":0.23,"type":"PEDESTRIAN","velocity":{"y":-0.11,"x":-0.63,"z":0}}],[{"acceleration":{"y":-0.19,"x":-0.83,"z":0},"position":{"y":4182687.68,"x":553016.03,"z":10.76},"volume":0.23,"type":"PEDESTRIAN","velocity":{"y":-0.14,"x":-0.59,"z":0}}],[{"acceleration":{"y":0.03,"x":0.16,"z":0},"position":{"y":4182687.64,"x":553016.04,"z":10.78},"volume":0.18,"type":"PEDESTRIAN","velocity":{"y":0,"x":0,"z":0}}],[{"acceleration":{"y":0,"x":0.01,"z":0},"position":{"y":4182687.67,"x":553015.96,"z":10.77},"volume":0.2,"type":"PEDESTRIAN","velocity":{"y":0,"x":0,"z":0}},{"acceleration":{"y":0,"x":0,"z":0},"position":{"y":4182667.47,"x":553008.75,"z":11},"volume":0.58,"type":"UNKNOWN","velocity":{"y":0,"x":0,"z":0}}]],"action_description":"Pedestrian walking on the front lane","ev_state":[144.469924926758,10.1252841949463,201.438049316406,0,0,0,12,-1,359.938354492188,269.539306640625,359.992401123047,0.06038936669448776],"collision_probability":0.361}
 timestamp= 1619804159000 [RUN] Validate G1 Guard Condition: 
The ego vehicle E Detection.Collision == True.
 timestamp= 1619804159000 [RES] Global Validate result: 
false
 timestamp= 1619804159000 [RUN] Validate G2 Guard Condition: 
The ego vehicle E Detection.OffRoad == True.
 timestamp= 1619804159000 [RES] Global Validate result: 
false
 timestamp= 1619804159000 [RUN] Validate G3 Guard Condition: 
The ego vehicle E Detection.HardBrake == True.
 timestamp= 1619804159000 [RES] Global Validate result: 
false
 timestamp= 1619804159000 [RUN] Validate G4 Guard Condition: 
The ego vehicle E Detection.ArrivalTest == True.
 timestamp= 1619804159000 [RES] Global Validate result: 
false
 timestamp= 1619804159000 [RUN] Validate step: 
The test system VALIDATES THAT the Apollo A Status.GetControl is nearly equal to {"acceleration": 0.01, "throttle": 15.7, "steering_target": 0.0, "brake": 0.0, "steering_rate": 100.0, "speed": 0.05}
 timestamp= 1619804159000 [RES] Validate result: 
true
 timestamp= 1619804159000 [RUN] Generate steps
 timestamp= 1619804159000 [RUN] Validate step: 
The test system VALIDATES THAT the simulator S Status.GetEnvironment is nearly equal to {"x": 144.47, "y": 10.13, "z": 201.44, "rain": 0.0, "fog": 0.0, "wetness": 0.0, "timeofday": 12.0, "signal": -1.0, "rx": 359.94, "ry": 269.54, "rz": 359.99, "speed": 0.06}
 timestamp= 1619804159000 [RES] Validate result: 
true
 timestamp= 1619804159000 [RUN] Execute API step: 
The environment controller C INVOKES API Control.Agents.Pedestrians.WalkRandomly(which_lane=Current_Lane).
 timestamp= 1619804163000 [RES] API result: 
{"pose_arr":[{"vx":0,"ay":0.12,"az":9.81,"ax":0,"pz":10.12,"vy":0,"px":553019.8,"py":4182687.47},{"vx":0,"ay":0.14,"az":9.84,"ax":-0.04,"pz":10.12,"vy":0,"px":553019.79,"py":4182687.47},{"vx":0,"ay":0.12,"az":9.81,"ax":0,"pz":10.12,"vy":0,"px":553019.8,"py":4182687.47},{"vx":0,"ay":0.12,"az":9.81,"ax":0,"pz":10.12,"vy":0,"px":553019.79,"py":4182687.47},{"vx":0,"ay":0.12,"az":9.81,"ax":0,"pz":10.12,"vy":0,"px":553019.79,"py":4182687.47},{"vx":0,"ay":0,"az":9.81,"ax":0,"pz":10.12,"vy":0,"px":553019.79,"py":4182687.47},{"vx":0,"ay":0,"az":9.81,"ax":0,"pz":10.12,"vy":0,"px":553019.79,"py":4182687.46}],"traffic_light":[3,3,3,3,3,3],"state_arr":[{"acceleration":0,"throttle":15.7,"steering_target":0,"brake":0,"steering_rate":100,"speed":0.05},{"acceleration":0.02,"throttle":23.47,"steering_target":0,"brake":0,"steering_rate":100,"speed":0},{"acceleration":-0.02,"throttle":0,"steering_target":-0.02,"brake":27.96,"steering_rate":100,"speed":0.08},{"acceleration":-0.01,"throttle":0,"steering_target":0,"brake":30.08,"steering_rate":100,"speed":0.06},{"acceleration":0,"throttle":15.7,"steering_target":0,"brake":0,"steering_rate":100,"speed":0.02},{"acceleration":0.01,"throttle":15.7,"steering_target":0,"brake":0,"steering_rate":100,"speed":0},{"acceleration":-0.03,"throttle":0,"steering_target":0,"brake":33.41,"steering_rate":100,"speed":0.06}],"obstacle_arr":[[{"acceleration":{"y":0,"x":0,"z":0},"position":{"y":4182687.67,"x":553015.96,"z":10.8},"volume":0.17,"type":"PEDESTRIAN","velocity":{"y":0,"x":0,"z":0}},{"acceleration":{"y":0,"x":0,"z":0},"position":{"y":4182687.38,"x":553038.94,"z":10.74},"volume":0.01,"type":"PEDESTRIAN","velocity":{"y":0,"x":0,"z":0}}],[{"acceleration":{"y":0,"x":0,"z":0},"position":{"y":4182687.69,"x":553015.99,"z":10.79},"volume":0.17,"type":"PEDESTRIAN","velocity":{"y":0,"x":0,"z":0}},{"acceleration":{"y":0,"x":0,"z":0},"position":{"y":4182687.34,"x":553038.94,"z":10.74},"volume":0.01,"type":"PEDESTRIAN","velocity":{"y":0,"x":0,"z":0}}],[{"acceleration":{"y":0,"x":0,"z":0},"position":{"y":4182687.75,"x":553015.98,"z":10.78},"volume":0.18,"type":"PEDESTRIAN","velocity":{"y":0,"x":0,"z":0}}],[{"acceleration":{"y":0,"x":0,"z":0},"position":{"y":4182687.81,"x":553015.98,"z":10.78},"volume":0.21,"type":"PEDESTRIAN","velocity":{"y":0,"x":0,"z":0}}],[{"acceleration":{"y":0,"x":0,"z":0},"position":{"y":4182687.79,"x":553015.97,"z":10.79},"volume":0.21,"type":"PEDESTRIAN","velocity":{"y":0,"x":0,"z":0}}],[{"acceleration":{"y":0,"x":0,"z":0},"position":{"y":4182687.83,"x":553015.96,"z":10.77},"volume":0.2,"type":"PEDESTRIAN","velocity":{"y":0,"x":0,"z":0}}],[{"acceleration":{"y":0,"x":0,"z":0},"position":{"y":4182687.82,"x":553016,"z":10.75},"volume":0.22,"type":"PEDESTRIAN","velocity":{"y":0,"x":0,"z":0}}]],"action_description":"Pedestrian walking on the front lane","ev_state":[144.460891723633,10.1253814697266,201.43034362793,0,0,0,12,-1,359.938171386719,269.401702880859,0.00198205024935305,0.025677527221529318],"collision_probability":0.361}
 timestamp= 1619804163000 [RUN] Validate G1 Guard Condition: 
The ego vehicle E Detection.Collision == True.
 timestamp= 1619804163000 [RES] Global Validate result: 
false
 timestamp= 1619804163000 [RUN] Validate G2 Guard Condition: 
The ego vehicle E Detection.OffRoad == True.
 timestamp= 1619804163000 [RES] Global Validate result: 
false
 timestamp= 1619804163000 [RUN] Validate G3 Guard Condition: 
The ego vehicle E Detection.HardBrake == True.
 timestamp= 1619804163000 [RES] Global Validate result: 
false
 timestamp= 1619804163000 [RUN] Validate G4 Guard Condition: 
The ego vehicle E Detection.ArrivalTest == True.
 timestamp= 1619804163000 [RES] Global Validate result: 
false
 timestamp= 1619804163000 [RUN] Validate step: 
The test system VALIDATES THAT the Apollo A Status.GetControl is nearly equal to {"acceleration": -0.03, "throttle": 0.0, "steering_target": 0.0, "brake": 33.41, "steering_rate": 100.0, "speed": 0.06}
 timestamp= 1619804163000 [RES] Validate result: 
true
 timestamp= 1619804163000 [RUN] Generate steps
 timestamp= 1619804163000 [RUN] Validate step: 
The test system VALIDATES THAT the simulator S Status.GetEnvironment is nearly equal to {"x": 144.46, "y": 10.13, "z": 201.43, "rain": 0.0, "fog": 0.0, "wetness": 0.0, "timeofday": 12.0, "signal": -1.0, "rx": 359.94, "ry": 269.4, "rz": 0.0, "speed": 0.03}
 timestamp= 1619804163000 [RES] Validate result: 
true
 timestamp= 1619804163000 [RUN] Execute API step: 
The environment controller C INVOKES API Control.Agents.Pedestrians.WalkRandomly(which_lane=Current_Lane).
 timestamp= 1619804167000 [RES] API result: 
{"pose_arr":[{"vx":0,"ay":0,"az":9.81,"ax":0.01,"pz":10.12,"vy":0,"px":553019.79,"py":4182687.46},{"vx":0,"ay":0,"az":9.81,"ax":0,"pz":10.12,"vy":0,"px":553019.79,"py":4182687.46},{"vx":0,"ay":0,"az":9.81,"ax":0,"pz":10.12,"vy":0,"px":553019.79,"py":4182687.46},{"vx":0,"ay":0,"az":9.81,"ax":0,"pz":10.12,"vy":0,"px":553019.79,"py":4182687.46},{"vx":0,"ay":0,"az":9.81,"ax":0,"pz":10.12,"vy":0,"px":553019.79,"py":4182687.46},{"vx":0,"ay":0,"az":9.81,"ax":0,"pz":10.12,"vy":0,"px":553019.79,"py":4182687.46},{"vx":0,"ay":0,"az":9.81,"ax":0,"pz":10.12,"vy":0,"px":553019.79,"py":4182687.46}],"traffic_light":[3,1,3,3,3,3],"state_arr":[{"acceleration":-0.01,"throttle":0,"steering_target":0,"brake":39.4,"steering_rate":100,"speed":0.03},{"acceleration":0,"throttle":0,"steering_target":0,"brake":14.5,"steering_rate":100,"speed":0},{"acceleration":0,"throttle":0,"steering_target":0,"brake":14.5,"steering_rate":100,"speed":0},{"acceleration":0,"throttle":0,"steering_target":0,"brake":14.5,"steering_rate":100,"speed":0},{"acceleration":0,"throttle":0,"steering_target":0,"brake":14.5,"steering_rate":100,"speed":0},{"acceleration":0,"throttle":0,"steering_target":0,"brake":14.5,"steering_rate":100,"speed":0},{"acceleration":0,"throttle":0,"steering_target":0,"brake":14.5,"steering_rate":100,"speed":0},{"acceleration":0,"throttle":0,"steering_target":0,"brake":14.5,"steering_rate":100,"speed":0}],"obstacle_arr":[[{"acceleration":{"y":0,"x":0,"z":0},"position":{"y":4182687.83,"x":553015.99,"z":10.78},"volume":0.18,"type":"PEDESTRIAN","velocity":{"y":0,"x":0,"z":0}}],[{"acceleration":{"y":0,"x":0,"z":0},"position":{"y":4182687.85,"x":553015.95,"z":10.8},"volume":0.18,"type":"PEDESTRIAN","velocity":{"y":0,"x":0,"z":0}}],[{"acceleration":{"y":0,"x":0,"z":0},"position":{"y":4182687.89,"x":553016.02,"z":10.75},"volume":0.2,"type":"PEDESTRIAN","velocity":{"y":0,"x":0,"z":0}}],[{"acceleration":{"y":0,"x":0,"z":0},"position":{"y":4182687.87,"x":553016.02,"z":10.77},"volume":0.15,"type":"PEDESTRIAN","velocity":{"y":0,"x":0,"z":0}}],[{"acceleration":{"y":0,"x":0,"z":0},"position":{"y":4182687.89,"x":553015.97,"z":10.79},"volume":0.19,"type":"PEDESTRIAN","velocity":{"y":0,"x":0,"z":0}}],[{"acceleration":{"y":0,"x":0,"z":0},"position":{"y":4182687.88,"x":553015.98,"z":10.77},"volume":0.19,"type":"PEDESTRIAN","velocity":{"y":0,"x":0,"z":0}}],[{"acceleration":{"y":0,"x":0,"z":0},"position":{"y":4182687.88,"x":553015.98,"z":10.79},"volume":0.17,"type":"PEDESTRIAN","velocity":{"y":0,"x":0,"z":0}}]],"action_description":"Pedestrian walking on the front lane","ev_state":[144.461395263672,10.1253328323364,201.427276611328,0,0,0,12,-1,359.935607910156,269.417938232422,0.0142958061769605,0.0003192765319200941],"collision_probability":0.361}
 timestamp= 1619804167000 [RUN] Validate G1 Guard Condition: 
The ego vehicle E Detection.Collision == True.
 timestamp= 1619804167000 [RES] Global Validate result: 
false
 timestamp= 1619804167000 [RUN] Validate G2 Guard Condition: 
The ego vehicle E Detection.OffRoad == True.
 timestamp= 1619804167000 [RES] Global Validate result: 
false
 timestamp= 1619804167000 [RUN] Validate G3 Guard Condition: 
The ego vehicle E Detection.HardBrake == True.
 timestamp= 1619804167000 [RES] Global Validate result: 
false
 timestamp= 1619804167000 [RUN] Validate G4 Guard Condition: 
The ego vehicle E Detection.ArrivalTest == True.
 timestamp= 1619804167000 [RES] Global Validate result: 
false
 timestamp= 1619804167000 [RUN] Validate step: 
The test system VALIDATES THAT the Apollo A Status.GetControl is nearly equal to {"acceleration": -0.0, "throttle": 0.0, "steering_target": 0.0, "brake": 14.5, "steering_rate": 100.0, "speed": 0.0}
 timestamp= 1619804167000 [RES] Validate result: 
true
 timestamp= 1619804167000 [RUN] Generate steps
 timestamp= 1619804167000 [RUN] Validate step: 
The test system VALIDATES THAT the simulator S Status.GetEnvironment is nearly equal to {"x": 144.46, "y": 10.13, "z": 201.43, "rain": 0.0, "fog": 0.0, "wetness": 0.0, "timeofday": 12.0, "signal": -1.0, "rx": 359.94, "ry": 269.42, "rz": 0.01, "speed": 0.0}
 timestamp= 1619804167000 [RES] Validate result: 
true
 timestamp= 1619804167000 [RUN] Execute API step: 
The environment controller C INVOKES API Control.Agents.Pedestrians.WalkRandomly(which_lane=Current_Lane).
 timestamp= 1619804170000 [RES] API result: 
{"pose_arr":[{"vx":0,"ay":0,"az":9.81,"ax":0,"pz":10.12,"vy":0,"px":553019.79,"py":4182687.46},{"vx":0,"ay":0,"az":9.81,"ax":0,"pz":10.12,"vy":0,"px":553019.79,"py":4182687.46},{"vx":0,"ay":0,"az":9.81,"ax":0,"pz":10.12,"vy":0,"px":553019.79,"py":4182687.46},{"vx":0,"ay":0,"az":9.81,"ax":0,"pz":10.12,"vy":0,"px":553019.79,"py":4182687.46},{"vx":0,"ay":0,"az":9.81,"ax":0,"pz":10.12,"vy":0,"px":553019.79,"py":4182687.46},{"vx":0,"ay":0,"az":9.81,"ax":0,"pz":10.12,"vy":0,"px":553019.79,"py":4182687.46},{"vx":0,"ay":0,"az":9.81,"ax":0,"pz":10.12,"vy":0,"px":553019.79,"py":4182687.46}],"traffic_light":[3,3,3,3,3,3],"state_arr":[{"acceleration":0,"throttle":0,"steering_target":0,"brake":14.5,"steering_rate":100,"speed":0},{"acceleration":0,"throttle":0,"steering_target":0,"brake":14.5,"steering_rate":100,"speed":0},{"acceleration":0,"throttle":0,"steering_target":0,"brake":14.5,"steering_rate":100,"speed":0},{"acceleration":0,"throttle":0,"steering_target":0,"brake":14.5,"steering_rate":100,"speed":0},{"acceleration":0,"throttle":0,"steering_target":0,"brake":14.5,"steering_rate":100,"speed":0},{"acceleration":0,"throttle":0,"steering_target":0,"brake":14.5,"steering_rate":100,"speed":0},{"acceleration":0,"throttle":0,"steering_target":0,"brake":14.5,"steering_rate":100,"speed":0},{"acceleration":0,"throttle":0,"steering_target":0,"brake":14.5,"steering_rate":100,"speed":0}],"obstacle_arr":[[{"acceleration":{"y":0,"x":0,"z":0},"position":{"y":4182687.89,"x":553016.01,"z":10.75},"volume":0.16,"type":"PEDESTRIAN","velocity":{"y":0,"x":0,"z":0}}],[{"acceleration":{"y":0,"x":0,"z":0},"position":{"y":4182687.91,"x":553016.03,"z":10.75},"volume":0.18,"type":"PEDESTRIAN","velocity":{"y":0,"x":0,"z":0}}],[{"acceleration":{"y":0,"x":0,"z":0},"position":{"y":4182687.88,"x":553016.01,"z":10.76},"volume":0.14,"type":"PEDESTRIAN","velocity":{"y":0,"x":0,"z":0}}],[{"acceleration":{"y":0,"x":0,"z":0},"position":{"y":4182687.88,"x":553015.97,"z":10.77},"volume":0.19,"type":"PEDESTRIAN","velocity":{"y":0,"x":0,"z":0}}],[{"acceleration":{"y":0,"x":0,"z":0},"position":{"y":4182687.89,"x":553015.97,"z":10.79},"volume":0.19,"type":"PEDESTRIAN","velocity":{"y":0,"x":0,"z":0}}],[{"acceleration":{"y":0,"x":0,"z":0},"position":{"y":4182687.89,"x":553015.99,"z":10.74},"volume":0.2,"type":"PEDESTRIAN","velocity":{"y":0,"x":0,"z":0}}],[{"acceleration":{"y":0,"x":0,"z":0},"position":{"y":4182687.89,"x":553015.96,"z":10.79},"volume":0.23,"type":"PEDESTRIAN","velocity":{"y":0,"x":0,"z":0}}]],"action_description":"Pedestrian walking on the front lane","ev_state":[144.461395263672,10.1253328323364,201.427291870117,0,0,0,12,1,359.935607910156,269.417938232422,0.0144202690571547,0.0003261208915968049],"collision_probability":0.361}
 timestamp= 1619804170000 [RUN] Validate G1 Guard Condition: 
The ego vehicle E Detection.Collision == True.
 timestamp= 1619804171000 [RES] Global Validate result: 
false
 timestamp= 1619804171000 [RUN] Validate G2 Guard Condition: 
The ego vehicle E Detection.OffRoad == True.
 timestamp= 1619804171000 [RES] Global Validate result: 
false
 timestamp= 1619804171000 [RUN] Validate G3 Guard Condition: 
The ego vehicle E Detection.HardBrake == True.
 timestamp= 1619804171000 [RES] Global Validate result: 
false
 timestamp= 1619804171000 [RUN] Validate G4 Guard Condition: 
The ego vehicle E Detection.ArrivalTest == True.
 timestamp= 1619804171000 [RES] Global Validate result: 
false
 timestamp= 1619804171000 [RUN] Validate step: 
The test system VALIDATES THAT the Apollo A Status.GetControl is nearly equal to {"acceleration": -0.0, "throttle": 0.0, "steering_target": 0.0, "brake": 14.5, "steering_rate": 100.0, "speed": 0.0}
 timestamp= 1619804171000 [RES] Validate result: 
true
 timestamp= 1619804171000 [RUN] Generate steps
 timestamp= 1619804171000 [RUN] Validate step: 
The test system VALIDATES THAT the simulator S Status.GetEnvironment is nearly equal to {"x": 144.46, "y": 10.13, "z": 201.43, "rain": 0.0, "fog": 0.0, "wetness": 0.0, "timeofday": 12.0, "signal": 1.0, "rx": 359.94, "ry": 269.42, "rz": 0.01, "speed": 0.0}
 timestamp= 1619804171000 [RES] Validate result: 
true
 timestamp= 1619804171000 [RUN] Execute API step: 
The environment controller C INVOKES API Control.Agents.Pedestrians.WalkRandomly(which_lane=Current_Lane).
 timestamp= 1619804175000 [RES] API result: 
{"pose_arr":[{"vx":0,"ay":0,"az":9.81,"ax":0,"pz":10.12,"vy":0,"px":553019.79,"py":4182687.46},{"vx":0,"ay":0,"az":9.81,"ax":0,"pz":10.12,"vy":0,"px":553019.79,"py":4182687.46},{"vx":0,"ay":0,"az":9.81,"ax":0,"pz":10.12,"vy":0,"px":553019.79,"py":4182687.46},{"vx":0,"ay":0,"az":9.81,"ax":0,"pz":10.12,"vy":0,"px":553019.79,"py":4182687.46},{"vx":0,"ay":0,"az":9.81,"ax":0,"pz":10.12,"vy":0,"px":553019.79,"py":4182687.46},{"vx":0,"ay":0,"az":9.81,"ax":0,"pz":10.12,"vy":0,"px":553019.79,"py":4182687.46},{"vx":0,"ay":0,"az":9.81,"ax":0,"pz":10.12,"vy":0,"px":553019.79,"py":4182687.46}],"traffic_light":[3,3,3,3,3,3],"state_arr":[{"acceleration":0,"throttle":0,"steering_target":0,"brake":14.5,"steering_rate":100,"speed":0},{"acceleration":0,"throttle":0,"steering_target":0,"brake":14.5,"steering_rate":100,"speed":0},{"acceleration":0,"throttle":0,"steering_target":0,"brake":14.5,"steering_rate":100,"speed":0},{"acceleration":0,"throttle":0,"steering_target":0,"brake":14.5,"steering_rate":100,"speed":0},{"acceleration":0,"throttle":0,"steering_target":0,"brake":14.5,"steering_rate":100,"speed":0},{"acceleration":0,"throttle":0,"steering_target":0,"brake":14.5,"steering_rate":100,"speed":0},{"acceleration":0,"throttle":0,"steering_target":0,"brake":14.5,"steering_rate":100,"speed":0},{"acceleration":0,"throttle":0,"steering_target":0,"brake":14.5,"steering_rate":100,"speed":0}],"obstacle_arr":[[{"acceleration":{"y":0,"x":0,"z":0},"position":{"y":4182687.86,"x":553016,"z":10.77},"volume":0.16,"type":"PEDESTRIAN","velocity":{"y":0,"x":0,"z":0}}],[{"acceleration":{"y":0,"x":0,"z":0},"position":{"y":4182687.91,"x":553016.04,"z":10.78},"volume":0.26,"type":"PEDESTRIAN","velocity":{"y":0,"x":0,"z":0}}],[{"acceleration":{"y":0,"x":0,"z":0},"position":{"y":4182687.88,"x":553015.99,"z":10.76},"volume":0.16,"type":"PEDESTRIAN","velocity":{"y":0,"x":0,"z":0}}],[{"acceleration":{"y":0,"x":0,"z":0},"position":{"y":4182687.87,"x":553015.96,"z":10.79},"volume":0.2,"type":"PEDESTRIAN","velocity":{"y":0,"x":0,"z":0}}],[{"acceleration":{"y":0,"x":0,"z":0},"position":{"y":4182687.89,"x":553016,"z":10.74},"volume":0.2,"type":"PEDESTRIAN","velocity":{"y":0,"x":0,"z":0}}],[{"acceleration":{"y":0,"x":0,"z":0},"position":{"y":4182687.85,"x":553015.94,"z":10.77},"volume":0.22,"type":"PEDESTRIAN","velocity":{"y":0,"x":0,"z":0}}],[{"acceleration":{"y":0,"x":0,"z":0},"position":{"y":4182687.87,"x":553016.04,"z":10.72},"volume":0.25,"type":"PEDESTRIAN","velocity":{"y":0,"x":0,"z":0}}]],"action_description":"Pedestrian walking on the front lane","ev_state":[144.461395263672,10.1253328323364,201.427291870117,0,0,0,12,1,359.935607910156,269.417938232422,0.0144167840480804,0.0003264543570914344],"collision_probability":0.361}
 timestamp= 1619804175000 [RUN] Validate G1 Guard Condition: 
The ego vehicle E Detection.Collision == True.
 timestamp= 1619804175000 [RES] Global Validate result: 
false
 timestamp= 1619804175000 [RUN] Validate G2 Guard Condition: 
The ego vehicle E Detection.OffRoad == True.
 timestamp= 1619804175000 [RES] Global Validate result: 
true
 timestamp= 1619804175000 [RUN] OffRoad == True
 timestamp= 1619804175000 [RUN] The simulator S INVOKES API Command.Simulation.Stop() to stop simulation.
 timestamp= 1619804175000 [WARNING] The test system Stop the Simulator S!
 timestamp= 1619804175000 [RUN] ABORT.
 timestamp= 1619804175000 [ERROR] The test system Abort!
 timestamp= 1619804175000 [RUN] Validate G3 Guard Condition: 
The ego vehicle E Detection.HardBrake == True.
 timestamp= 1619804175000 [RES] Global Validate result: 
false
 timestamp= 1619804175000 [RUN] Validate G4 Guard Condition: 
The ego vehicle E Detection.ArrivalTest == True.
 timestamp= 1619804175000 [RES] Global Validate result: 
false
 timestamp= 1619804175000 [RES] Basic PostCondition Validate result: 
false
 timestamp= 1619804175000 [STOP] numberOfStep: 28 basicFlow: 
[{"name":"","description":"","eClass":"Sentence","content":"The test system VALIDATES THAT the simulator S Status.GetEnvironment is nearly equal to {\"x\": 215.15, \"y\": 10.12, \"z\": 201.81, \"rain\": 0.0, \"fog\": 0.0, \"wetness\": 0.0, \"timeofday\": 12.0, \"signal\": -1.0, \"rx\": 359.91, \"ry\": 269.13, \"rz\": 0.0, \"speed\": 3.26}","natures":[]},{"name":"","description":"","eClass":"Sentence","content":"The environment controller C INVOKES API Control.Agents.Pedestrians.WalkRandomly(which_lane=Current_Lane).","natures":[]},{"name":"","description":"","eClass":"Sentence","content":"The test system VALIDATES THAT the Apollo A Status.GetControl is nearly equal to {\"acceleration\": 0.76, \"throttle\": 18.1, \"steering_target\": -0.1, \"brake\": 0.0, \"steering_rate\": 100.0, \"speed\": 6.67}","natures":[]},{"name":"","description":"","eClass":"Sentence","content":"The test system VALIDATES THAT the simulator S Status.GetEnvironment is nearly equal to {\"x\": 193.73, \"y\": 10.12, \"z\": 201.65, \"rain\": 0.0, \"fog\": 0.0, \"wetness\": 0.0, \"timeofday\": 12.0, \"signal\": -1.0, \"rx\": 359.96, \"ry\": 269.86, \"rz\": 0.01, \"speed\": 6.83}","natures":[]},{"name":"","description":"","eClass":"Sentence","content":"The environment controller C INVOKES API Control.Agents.Pedestrians.WalkRandomly(which_lane=Current_Lane).","natures":[]},{"name":"","description":"","eClass":"Sentence","content":"The test system VALIDATES THAT the Apollo A Status.GetControl is nearly equal to {\"acceleration\": 0.03, \"throttle\": 60.07, \"steering_target\": 4.35, \"brake\": 0.0, \"steering_rate\": 100.0, \"speed\": 2.72}","natures":[]},{"name":"","description":"","eClass":"Sentence","content":"The test system VALIDATES THAT the simulator S Status.GetEnvironment is nearly equal to {\"x\": 166.41, \"y\": 10.12, \"z\": 201.62, \"rain\": 0.0, \"fog\": 0.0, \"wetness\": 0.0, \"timeofday\": 12.0, \"signal\": 0.0, \"rx\": 359.66, \"ry\": 270.69, \"rz\": 358.54, \"speed\": 0.36}","natures":[]},{"name":"","description":"","eClass":"Sentence","content":"The environment controller C INVOKES API Control.Agents.Pedestrians.WalkRandomly(which_lane=Current_Lane).","natures":[]},{"name":"","description":"","eClass":"Sentence","content":"The test system VALIDATES THAT the Apollo A Status.GetControl is nearly equal to {\"acceleration\": 0.8, \"throttle\": 61.1, \"steering_target\": 0.84, \"brake\": 0.0, \"steering_rate\": 100.0, \"speed\": 3.72}","natures":[]},{"name":"","description":"","eClass":"Sentence","content":"The test system VALIDATES THAT the simulator S Status.GetEnvironment is nearly equal to {\"x\": 158.71, \"y\": 10.12, \"z\": 201.64, \"rain\": 0.0, \"fog\": 0.0, \"wetness\": 0.0, \"timeofday\": 12.0, \"signal\": -1.0, \"rx\": 359.89, \"ry\": 269.26, \"rz\": 359.99, \"speed\": 4.45}","natures":[]},{"name":"","description":"","eClass":"Sentence","content":"The environment controller C INVOKES API Control.Agents.Pedestrians.WalkRandomly(which_lane=Current_Lane).","natures":[]},{"name":"","description":"","eClass":"Sentence","content":"The test system VALIDATES THAT the Apollo A Status.GetControl is nearly equal to {\"acceleration\": 0.0, \"throttle\": 0.0, \"steering_target\": 0.0, \"brake\": 50.0, \"steering_rate\": 0.0, \"speed\": 0.0}","natures":[]},{"name":"","description":"","eClass":"Sentence","content":"The test system VALIDATES THAT the simulator S Status.GetEnvironment is nearly equal to {\"x\": 145.43, \"y\": 10.13, \"z\": 201.45, \"rain\": 0.0, \"fog\": 0.0, \"wetness\": 0.0, \"timeofday\": 12.0, \"signal\": -1.0, \"rx\": 359.96, \"ry\": 269.44, \"rz\": 0.0, \"speed\": 0.0}","natures":[]},{"name":"","description":"","eClass":"Sentence","content":"The environment controller C INVOKES API Control.Agents.Pedestrians.WalkRandomly(which_lane=Current_Lane).","natures":[]},{"name":"","description":"","eClass":"Sentence","content":"The test system VALIDATES THAT the Apollo A Status.GetControl is nearly equal to {\"acceleration\": 0.01, \"throttle\": 15.7, \"steering_target\": 0.0, \"brake\": 0.0, \"steering_rate\": 100.0, \"speed\": 0.05}","natures":[]},{"name":"","description":"","eClass":"Sentence","content":"The test system VALIDATES THAT the simulator S Status.GetEnvironment is nearly equal to {\"x\": 144.47, \"y\": 10.13, \"z\": 201.44, \"rain\": 0.0, \"fog\": 0.0, \"wetness\": 0.0, \"timeofday\": 12.0, \"signal\": -1.0, \"rx\": 359.94, \"ry\": 269.54, \"rz\": 359.99, \"speed\": 0.06}","natures":[]},{"name":"","description":"","eClass":"Sentence","content":"The environment controller C INVOKES API Control.Agents.Pedestrians.WalkRandomly(which_lane=Current_Lane).","natures":[]},{"name":"","description":"","eClass":"Sentence","content":"The test system VALIDATES THAT the Apollo A Status.GetControl is nearly equal to {\"acceleration\": -0.03, \"throttle\": 0.0, \"steering_target\": 0.0, \"brake\": 33.41, \"steering_rate\": 100.0, \"speed\": 0.06}","natures":[]},{"name":"","description":"","eClass":"Sentence","content":"The test system VALIDATES THAT the simulator S Status.GetEnvironment is nearly equal to {\"x\": 144.46, \"y\": 10.13, \"z\": 201.43, \"rain\": 0.0, \"fog\": 0.0, \"wetness\": 0.0, \"timeofday\": 12.0, \"signal\": -1.0, \"rx\": 359.94, \"ry\": 269.4, \"rz\": 0.0, \"speed\": 0.03}","natures":[]},{"name":"","description":"","eClass":"Sentence","content":"The environment controller C INVOKES API Control.Agents.Pedestrians.WalkRandomly(which_lane=Current_Lane).","natures":[]},{"name":"","description":"","eClass":"Sentence","content":"The test system VALIDATES THAT the Apollo A Status.GetControl is nearly equal to {\"acceleration\": -0.0, \"throttle\": 0.0, \"steering_target\": 0.0, \"brake\": 14.5, \"steering_rate\": 100.0, \"speed\": 0.0}","natures":[]},{"name":"","description":"","eClass":"Sentence","content":"The test system VALIDATES THAT the simulator S Status.GetEnvironment is nearly equal to {\"x\": 144.46, \"y\": 10.13, \"z\": 201.43, \"rain\": 0.0, \"fog\": 0.0, \"wetness\": 0.0, \"timeofday\": 12.0, \"signal\": -1.0, \"rx\": 359.94, \"ry\": 269.42, \"rz\": 0.01, \"speed\": 0.0}","natures":[]},{"name":"","description":"","eClass":"Sentence","content":"The environment controller C INVOKES API Control.Agents.Pedestrians.WalkRandomly(which_lane=Current_Lane).","natures":[]},{"name":"","description":"","eClass":"Sentence","content":"The test system VALIDATES THAT the Apollo A Status.GetControl is nearly equal to {\"acceleration\": -0.0, \"throttle\": 0.0, \"steering_target\": 0.0, \"brake\": 14.5, \"steering_rate\": 100.0, \"speed\": 0.0}","natures":[]},{"name":"","description":"","eClass":"Sentence","content":"The test system VALIDATES THAT the simulator S Status.GetEnvironment is nearly equal to {\"x\": 144.46, \"y\": 10.13, \"z\": 201.43, \"rain\": 0.0, \"fog\": 0.0, \"wetness\": 0.0, \"timeofday\": 12.0, \"signal\": 1.0, \"rx\": 359.94, \"ry\": 269.42, \"rz\": 0.01, \"speed\": 0.0}","natures":[]},{"name":"","description":"","eClass":"Sentence","content":"The environment controller C INVOKES API Control.Agents.Pedestrians.WalkRandomly(which_lane=Current_Lane).","natures":[]},{"name":"","description":"","eClass":"Sentence","content":"The test system VALIDATES THAT the Apollo A Status.GetControl is nearly equal to {\"acceleration\": -0.0, \"throttle\": 0.0, \"steering_target\": 0.0, \"brake\": 14.5, \"steering_rate\": 100.0, \"speed\": 0.0}","natures":[]},{"name":"","description":"","eClass":"Sentence","content":"","natures":[]}]
