 timestamp= 1619810059000 [START] Now Run TCS Maintain Lane On Road1 Mode: dynamic Roadnum: 2 Second: 4
 timestamp= 1619810059000 [SUCCESS] TCS Check Success 
 timestamp= 1619810062000 [RUN] Run BasicFlow
 timestamp= 1619810062000 [RUN] Generate steps
 timestamp= 1619810062000 [RUN] Validate step: 
The test system VALIDATES THAT the simulator S Status.GetEnvironment is nearly equal to {"x": -12.21, "y": 10.12, "z": 308.4, "rain": 0.0, "fog": 0.0, "wetness": 0.0, "timeofday": 12.0, "signal": -1.0, "rx": 359.9, "ry": 308.11, "rz": 359.99, "speed": 3.95}
 timestamp= 1619810062000 [RES] Validate result: 
true
 timestamp= 1619810062000 [RUN] Execute API step: 
The environment controller C INVOKES API Control.Agents.Pedestrians.WalkRandomly(which_lane=Left_Lane).
 timestamp= 1619810065000 [RES] API result: 
{"pose_arr":[{"vx":2.43,"ay":0.74,"az":9.83,"ax":0.58,"pz":10.12,"vy":2.43,"px":552862.83,"py":4182793.59},{"vx":3.21,"ay":0.21,"az":9.82,"ax":0.16,"pz":10.12,"vy":3.21,"px":552859.81,"py":4182795.95},{"vx":3.35,"ay":0,"az":9.81,"ax":0,"pz":10.12,"vy":3.35,"px":552856.75,"py":4182798.31},{"vx":3.6,"ay":0.57,"az":9.81,"ax":0.44,"pz":10.12,"vy":3.6,"px":552852.4,"py":4182801.63},{"vx":3.8,"ay":0,"az":9.81,"ax":0,"pz":10.12,"vy":3.8,"px":552849.74,"py":4182803.65},{"vx":3.48,"ay":-0.46,"az":9.8,"ax":-0.33,"pz":10.13,"vy":3.48,"px":552845.73,"py":4182806.68}],"traffic_light":[3,3,3,3,3,0],"state_arr":[{"acceleration":1.27,"throttle":51.52,"steering_target":0.61,"brake":0,"steering_rate":100,"speed":3.87},{"acceleration":0.44,"throttle":17.82,"steering_target":0.46,"brake":0,"steering_rate":100,"speed":5.18},{"acceleration":0.51,"throttle":19.32,"steering_target":0.47,"brake":0,"steering_rate":100,"speed":5.41},{"acceleration":0.89,"throttle":24.14,"steering_target":0.54,"brake":0,"steering_rate":100,"speed":5.71},{"acceleration":0.8,"throttle":23.61,"steering_target":0.1,"brake":0,"steering_rate":100,"speed":6.08},{"acceleration":-0.92,"throttle":0,"steering_target":0.27,"brake":38.06,"steering_rate":100,"speed":6.1},{"acceleration":0.64,"throttle":21.53,"steering_target":0.04,"brake":0,"steering_rate":100,"speed":5.69}],"obstacle_arr":[[],[],[],[],[{"acceleration":{"y":0,"x":0,"z":0},"position":{"y":4182802.98,"x":552847.16,"z":10.4},"volume":0.19,"type":"PEDESTRIAN","velocity":{"y":-0.45,"x":0.95,"z":0}}],[]],"action_description":"Pedestrian crossing the road (left to right)","ev_state":[-30.1308994293213,10.1243419647217,322.069427490234,0,0,0,12,1,0.0361308939754963,306.919677734375,-0.00289722206071019,5.694960759173875],"collision_probability":0.404}
 timestamp= 1619810065000 [RUN] Validate G1 Guard Condition: 
The ego vehicle E Detection.Collision == True.
 timestamp= 1619810065000 [RES] Global Validate result: 
false
 timestamp= 1619810065000 [RUN] Validate G2 Guard Condition: 
The ego vehicle E Detection.OffRoad == True.
 timestamp= 1619810065000 [RES] Global Validate result: 
false
 timestamp= 1619810065000 [RUN] Validate G3 Guard Condition: 
The ego vehicle E Detection.HardBrake == True.
 timestamp= 1619810065000 [RES] Global Validate result: 
false
 timestamp= 1619810065000 [RUN] Validate G4 Guard Condition: 
The ego vehicle E Detection.ArrivalTest == True.
 timestamp= 1619810065000 [RES] Global Validate result: 
false
 timestamp= 1619810065000 [RUN] Validate step: 
The test system VALIDATES THAT the Apollo A Status.GetControl is nearly equal to {"acceleration": 0.64, "throttle": 21.53, "steering_target": 0.04, "brake": 0.0, "steering_rate": 100.0, "speed": 5.69}
 timestamp= 1619810065000 [RES] Validate result: 
true
 timestamp= 1619810065000 [RUN] Generate steps
 timestamp= 1619810065000 [RUN] Validate step: 
The test system VALIDATES THAT the simulator S Status.GetEnvironment is nearly equal to {"x": -30.13, "y": 10.12, "z": 322.07, "rain": 0.0, "fog": 0.0, "wetness": 0.0, "timeofday": 12.0, "signal": 1.0, "rx": 0.04, "ry": 306.92, "rz": -0.0, "speed": 5.69}
 timestamp= 1619810065000 [RES] Validate result: 
true
 timestamp= 1619810065000 [RUN] Execute API step: 
The environment controller C INVOKES API Control.Agents.Pedestrians.WalkRandomly(which_lane=Left_Lane).
 timestamp= 1619810068000 [RES] API result: 
{"pose_arr":[{"vx":3.59,"ay":0.94,"az":9.79,"ax":0.71,"pz":10.12,"vy":3.59,"px":552843.33,"py":4182808.48},{"vx":4.07,"ay":0.4,"az":9.82,"ax":0.31,"pz":10.12,"vy":4.07,"px":552839.98,"py":4182810.99},{"vx":4.18,"ay":0.42,"az":9.81,"ax":0.32,"pz":10.12,"vy":4.18,"px":552835.91,"py":4182814.04},{"vx":4.33,"ay":0.24,"az":9.81,"ax":0.17,"pz":10.12,"vy":4.33,"px":552831.68,"py":4182817.22},{"vx":4.36,"ay":0.19,"az":9.8,"ax":0.14,"pz":10.12,"vy":4.36,"px":552827.06,"py":4182820.69}],"traffic_light":[0,3,3,3,2],"state_arr":[{"acceleration":0.78,"throttle":22.87,"steering_target":0.09,"brake":0,"steering_rate":100,"speed":6.45},{"acceleration":0.64,"throttle":15.7,"steering_target":-0.02,"brake":0,"steering_rate":100,"speed":6.78},{"acceleration":0.71,"throttle":15.7,"steering_target":-0.07,"brake":0,"steering_rate":100,"speed":6.98},{"acceleration":0.36,"throttle":15.7,"steering_target":-0.06,"brake":0,"steering_rate":100,"speed":7.21},{"acceleration":0.44,"throttle":15.7,"steering_target":-0.14,"brake":0,"steering_rate":100,"speed":7.23},{"acceleration":0.36,"throttle":15.7,"steering_target":-0.15,"brake":0,"steering_rate":100,"speed":7.38}],"obstacle_arr":[[],[{"acceleration":{"y":0,"x":0,"z":0},"position":{"y":4182802.83,"x":552848.64,"z":10.48},"volume":0.14,"type":"PEDESTRIAN","velocity":{"y":0,"x":0,"z":0}}],[{"acceleration":{"y":-0.01,"x":0.01,"z":0},"position":{"y":4182802.34,"x":552850.1,"z":10.55},"volume":0.07,"type":"PEDESTRIAN","velocity":{"y":-0.26,"x":1.06,"z":0}}],[{"acceleration":{"y":-0.01,"x":0,"z":0},"position":{"y":4182824.76,"x":552852.9,"z":10.74},"volume":0.06,"type":"VEHICLE","velocity":{"y":0,"x":0,"z":0}}],[{"acceleration":{"y":0,"x":0,"z":0},"position":{"y":4182826.51,"x":552852.68,"z":10.35},"volume":2.27,"type":"VEHICLE","velocity":{"y":0,"x":0,"z":0}}],[]],"action_description":"Pedestrian crossing the road (left to right)","ev_state":[-52.3088226318359,10.124002456665,338.733367919922,0,0,0,12,0,359.983978271484,307.073608398438,0.00447587110102177,7.431359642113776],"collision_probability":0.478}
 timestamp= 1619810068000 [RUN] Validate G1 Guard Condition: 
The ego vehicle E Detection.Collision == True.
 timestamp= 1619810068000 [RES] Global Validate result: 
false
 timestamp= 1619810068000 [RUN] Validate G2 Guard Condition: 
The ego vehicle E Detection.OffRoad == True.
 timestamp= 1619810068000 [RES] Global Validate result: 
false
 timestamp= 1619810068000 [RUN] Validate G3 Guard Condition: 
The ego vehicle E Detection.HardBrake == True.
 timestamp= 1619810068000 [RES] Global Validate result: 
false
 timestamp= 1619810068000 [RUN] Validate G4 Guard Condition: 
The ego vehicle E Detection.ArrivalTest == True.
 timestamp= 1619810068000 [RES] Global Validate result: 
false
 timestamp= 1619810068000 [RUN] Validate step: 
The test system VALIDATES THAT the Apollo A Status.GetControl is nearly equal to {"acceleration": 0.36, "throttle": 15.7, "steering_target": -0.15, "brake": 0.0, "steering_rate": 100.0, "speed": 7.38}
 timestamp= 1619810068000 [RES] Validate result: 
true
 timestamp= 1619810068000 [RUN] Generate steps
 timestamp= 1619810068000 [RUN] Validate step: 
The test system VALIDATES THAT the simulator S Status.GetEnvironment is nearly equal to {"x": -52.31, "y": 10.12, "z": 338.73, "rain": 0.0, "fog": 0.0, "wetness": 0.0, "timeofday": 12.0, "signal": 0.0, "rx": 359.98, "ry": 307.07, "rz": 0.0, "speed": 7.43}
 timestamp= 1619810068000 [RES] Validate result: 
true
 timestamp= 1619810068000 [RUN] Execute API step: 
The environment controller C INVOKES API Control.Agents.Pedestrians.WalkRandomly(which_lane=Left_Lane).
 timestamp= 1619810072000 [RES] API result: 
{"pose_arr":[{"vx":4.47,"ay":0.21,"az":9.81,"ax":0.16,"pz":10.12,"vy":4.47,"px":552822.99,"py":4182823.76},{"vx":4.61,"ay":0.18,"az":9.81,"ax":0.14,"pz":10.12,"vy":4.61,"px":552818.37,"py":4182827.26},{"vx":4.72,"ay":0.31,"az":9.8,"ax":0.23,"pz":10.12,"vy":4.72,"px":552814.03,"py":4182830.54},{"vx":4.82,"ay":0,"az":9.81,"ax":0,"pz":10.12,"vy":4.82,"px":552810.47,"py":4182833.24},{"vx":4.69,"ay":-1,"az":9.84,"ax":-0.76,"pz":10.12,"vy":4.69,"px":552805.53,"py":4182836.99},{"vx":4.65,"ay":0.18,"az":9.8,"ax":0.14,"pz":10.12,"vy":4.65,"px":552801.46,"py":4182840.06}],"traffic_light":[2,2,2,3,3],"state_arr":[{"acceleration":0.68,"throttle":15.7,"steering_target":-0.11,"brake":0,"steering_rate":100,"speed":7.52},{"acceleration":0.46,"throttle":19.15,"steering_target":-0.03,"brake":0,"steering_rate":100,"speed":7.69},{"acceleration":0.34,"throttle":16.12,"steering_target":-0.02,"brake":0,"steering_rate":100,"speed":7.85},{"acceleration":0.05,"throttle":15.7,"steering_target":0.07,"brake":0,"steering_rate":100,"speed":8.02},{"acceleration":0.17,"throttle":15.7,"steering_target":0.1,"brake":0,"steering_rate":100,"speed":7.77},{"acceleration":0.55,"throttle":15.7,"steering_target":0.14,"brake":0,"steering_rate":100,"speed":7.73},{"acceleration":0.32,"throttle":15.7,"steering_target":0.1,"brake":0,"steering_rate":100,"speed":7.89}],"obstacle_arr":[[],[],[],[],[],[{"acceleration":{"y":0,"x":0,"z":0},"position":{"y":4182834.94,"x":552807.35,"z":10.42},"volume":0.1,"type":"PEDESTRIAN","velocity":{"y":0,"x":0,"z":0}}]],"action_description":"Pedestrian crossing the road (left to right)","ev_state":[-77.0859375,10.1238985061646,357.485290527344,0,0,0,12,-1,359.980407714844,306.977661132813,-0.00403939560055733,7.892232958213245],"collision_probability":0.505}
 timestamp= 1619810072000 [RUN] Validate G1 Guard Condition: 
The ego vehicle E Detection.Collision == True.
 timestamp= 1619810072000 [RES] Global Validate result: 
false
 timestamp= 1619810072000 [RUN] Validate G2 Guard Condition: 
The ego vehicle E Detection.OffRoad == True.
 timestamp= 1619810072000 [RES] Global Validate result: 
false
 timestamp= 1619810072000 [RUN] Validate G3 Guard Condition: 
The ego vehicle E Detection.HardBrake == True.
 timestamp= 1619810072000 [RES] Global Validate result: 
false
 timestamp= 1619810072000 [RUN] Validate G4 Guard Condition: 
The ego vehicle E Detection.ArrivalTest == True.
 timestamp= 1619810072000 [RES] Global Validate result: 
false
 timestamp= 1619810072000 [RUN] Validate step: 
The test system VALIDATES THAT the Apollo A Status.GetControl is nearly equal to {"acceleration": 0.32, "throttle": 15.7, "steering_target": 0.1, "brake": 0.0, "steering_rate": 100.0, "speed": 7.89}
 timestamp= 1619810072000 [RES] Validate result: 
true
 timestamp= 1619810072000 [RUN] Generate steps
 timestamp= 1619810072000 [RUN] Validate step: 
The test system VALIDATES THAT the simulator S Status.GetEnvironment is nearly equal to {"x": -77.09, "y": 10.12, "z": 357.49, "rain": 0.0, "fog": 0.0, "wetness": 0.0, "timeofday": 12.0, "signal": -1.0, "rx": 359.98, "ry": 306.98, "rz": -0.0, "speed": 7.89}
 timestamp= 1619810072000 [RES] Validate result: 
true
 timestamp= 1619810072000 [RUN] Execute API step: 
The environment controller C INVOKES API Control.Agents.Pedestrians.WalkRandomly(which_lane=Left_Lane).
 timestamp= 1619810075000 [RES] API result: 
{"pose_arr":[{"vx":4.83,"ay":0.21,"az":9.82,"ax":0.16,"pz":10.12,"vy":4.83,"px":552794.63,"py":4182845.21},{"vx":4.93,"ay":0.18,"az":9.81,"ax":0.13,"pz":10.12,"vy":4.93,"px":552789.94,"py":4182848.73},{"vx":4.8,"ay":0.18,"az":9.79,"ax":0.13,"pz":10.12,"vy":4.8,"px":552785.08,"py":4182852.36},{"vx":4.81,"ay":0.18,"az":9.8,"ax":0.13,"pz":10.12,"vy":4.81,"px":552782.16,"py":4182854.54},{"vx":4.96,"ay":0.18,"az":9.81,"ax":0.13,"pz":10.12,"vy":4.96,"px":552776.64,"py":4182858.65},{"vx":4.86,"ay":0.18,"az":9.79,"ax":0.13,"pz":10.12,"vy":4.86,"px":552772.09,"py":4182862.02}],"traffic_light":[3,3,3,3,3,1],"state_arr":[{"acceleration":0.36,"throttle":16.62,"steering_target":0.17,"brake":0,"steering_rate":100,"speed":8.04},{"acceleration":-0.04,"throttle":0,"steering_target":0.03,"brake":14.5,"steering_rate":100,"speed":8.21},{"acceleration":0.06,"throttle":15.7,"steering_target":0.15,"brake":0,"steering_rate":100,"speed":8.06},{"acceleration":0.05,"throttle":15.7,"steering_target":0.07,"brake":0,"steering_rate":100,"speed":8.05},{"acceleration":0.11,"throttle":15.7,"steering_target":0.03,"brake":0,"steering_rate":100,"speed":8.26},{"acceleration":-0.13,"throttle":0,"steering_target":0.06,"brake":14.5,"steering_rate":100,"speed":8.29}],"obstacle_arr":[[{"acceleration":{"y":0,"x":0,"z":0},"position":{"y":4182835.26,"x":552807.67,"z":10.67},"volume":0.03,"type":"PEDESTRIAN","velocity":{"y":-0.05,"x":0.88,"z":0}}],[],[{"acceleration":{"y":0,"x":0,"z":0},"position":{"y":4182852.86,"x":552780.61,"z":10.45},"volume":0.22,"type":"PEDESTRIAN","velocity":{"y":0,"x":0,"z":0}}],[],[],[{"acceleration":{"y":0,"x":0,"z":0},"position":{"y":4182853.7,"x":552781.98,"z":10.45},"volume":0.18,"type":"PEDESTRIAN","velocity":{"y":0,"x":0,"z":0}}]],"action_description":"Pedestrian crossing the road (left to right)","ev_state":[-103.171974182129,10.1238384246826,376.953826904297,0,0,0,12,1,0.0158598367124796,306.584197998047,-0.0020309838000685,8.167481464464457],"collision_probability":0.463}
 timestamp= 1619810075000 [RUN] Validate G1 Guard Condition: 
The ego vehicle E Detection.Collision == True.
 timestamp= 1619810075000 [RES] Global Validate result: 
false
 timestamp= 1619810075000 [RUN] Validate G2 Guard Condition: 
The ego vehicle E Detection.OffRoad == True.
 timestamp= 1619810075000 [RES] Global Validate result: 
false
 timestamp= 1619810075000 [RUN] Validate G3 Guard Condition: 
The ego vehicle E Detection.HardBrake == True.
 timestamp= 1619810075000 [RES] Global Validate result: 
false
 timestamp= 1619810075000 [RUN] Validate G4 Guard Condition: 
The ego vehicle E Detection.ArrivalTest == True.
 timestamp= 1619810075000 [RES] Global Validate result: 
false
 timestamp= 1619810075000 [RUN] Validate step: 
The test system VALIDATES THAT the Apollo A Status.GetControl is nearly equal to {"acceleration": -0.13, "throttle": 0.0, "steering_target": 0.06, "brake": 14.5, "steering_rate": 100.0, "speed": 8.29}
 timestamp= 1619810075000 [RES] Validate result: 
true
 timestamp= 1619810075000 [RUN] Generate steps
 timestamp= 1619810075000 [RUN] Validate step: 
The test system VALIDATES THAT the simulator S Status.GetEnvironment is nearly equal to {"x": -103.17, "y": 10.12, "z": 376.95, "rain": 0.0, "fog": 0.0, "wetness": 0.0, "timeofday": 12.0, "signal": 1.0, "rx": 0.02, "ry": 306.58, "rz": -0.0, "speed": 8.17}
 timestamp= 1619810075000 [RES] Validate result: 
true
 timestamp= 1619810075000 [RUN] Execute API step: 
The environment controller C INVOKES API Control.Agents.Pedestrians.WalkRandomly(which_lane=Left_Lane).
 timestamp= 1619810079000 [RES] API result: 
{"pose_arr":[{"vx":4.75,"ay":-0.97,"az":9.84,"ax":-0.71,"pz":10.12,"vy":4.75,"px":552769.36,"py":4182864.05},{"vx":4.39,"ay":-1.33,"az":9.84,"ax":-1.01,"pz":10.13,"vy":4.39,"px":552765.03,"py":4182867.27},{"vx":3.83,"ay":-0.99,"az":9.81,"ax":-0.72,"pz":10.13,"vy":3.83,"px":552761.71,"py":4182869.72},{"vx":3.2,"ay":-1.27,"az":9.81,"ax":-0.9,"pz":10.13,"vy":3.2,"px":552758.32,"py":4182872.22},{"vx":2.69,"ay":-1.18,"az":9.81,"ax":-0.86,"pz":10.13,"vy":2.69,"px":552755.91,"py":4182873.99},{"vx":2.3,"ay":-1.06,"az":9.81,"ax":-0.72,"pz":10.13,"vy":2.3,"px":552754.29,"py":4182875.18}],"traffic_light":[3,1,3,1,1,3],"state_arr":[{"acceleration":0.1,"throttle":15.7,"steering_target":0.04,"brake":0,"steering_rate":100,"speed":8.17},{"acceleration":-0.96,"throttle":0,"steering_target":0.07,"brake":30.41,"steering_rate":100,"speed":7.81},{"acceleration":-1.75,"throttle":0,"steering_target":-0.08,"brake":27.15,"steering_rate":100,"speed":7.06},{"acceleration":-0.9,"throttle":0,"steering_target":0.04,"brake":37.68,"steering_rate":100,"speed":6.36},{"acceleration":-1.39,"throttle":0,"steering_target":0.13,"brake":24.46,"steering_rate":100,"speed":5.27},{"acceleration":-1.41,"throttle":0,"steering_target":0.23,"brake":25.1,"steering_rate":100,"speed":4.54},{"acceleration":-0.69,"throttle":0,"steering_target":0.26,"brake":16.42,"steering_rate":100,"speed":3.87}],"obstacle_arr":[[],[],[{"acceleration":{"y":0,"x":0,"z":0},"position":{"y":4182870.84,"x":552755.13,"z":10.72},"volume":0.16,"type":"PEDESTRIAN","velocity":{"y":0,"x":0,"z":0}}],[{"acceleration":{"y":0,"x":0,"z":0},"position":{"y":4182871.47,"x":552754.57,"z":10.48},"volume":0.21,"type":"PEDESTRIAN","velocity":{"y":0,"x":0,"z":0}}],[{"acceleration":{"y":0,"x":0,"z":0},"position":{"y":4182871.3,"x":552755.54,"z":10.69},"volume":0.13,"type":"PEDESTRIAN","velocity":{"y":0,"x":0,"z":0}}],[{"acceleration":{"y":-1.25,"x":1.63,"z":0},"position":{"y":4182871.12,"x":552756.05,"z":10.45},"volume":0.18,"type":"PEDESTRIAN","velocity":{"y":-1.18,"x":2.18,"z":0}}],[{"acceleration":{"y":-0.41,"x":0.44,"z":0},"position":{"y":4182871.3,"x":552756.42,"z":10.56},"volume":0.06,"type":"PEDESTRIAN","velocity":{"y":-1.41,"x":2.47,"z":0}}]],"action_description":"Pedestrian crossing the road (left to right)","ev_state":[-122.377479553223,10.1246242523193,391.112060546875,0,0,0,12,1,0.0370754301548004,306.070617675781,-0.00245570577681065,3.5729237151097193],"collision_probability":0.359}
 timestamp= 1619810079000 [RUN] Validate G1 Guard Condition: 
The ego vehicle E Detection.Collision == True.
 timestamp= 1619810079000 [RES] Global Validate result: 
false
 timestamp= 1619810079000 [RUN] Validate G2 Guard Condition: 
The ego vehicle E Detection.OffRoad == True.
 timestamp= 1619810079000 [RES] Global Validate result: 
false
 timestamp= 1619810079000 [RUN] Validate G3 Guard Condition: 
The ego vehicle E Detection.HardBrake == True.
 timestamp= 1619810079000 [RES] Global Validate result: 
false
 timestamp= 1619810079000 [RUN] Validate G4 Guard Condition: 
The ego vehicle E Detection.ArrivalTest == True.
 timestamp= 1619810079000 [RES] Global Validate result: 
false
 timestamp= 1619810079000 [RUN] Validate step: 
The test system VALIDATES THAT the Apollo A Status.GetControl is nearly equal to {"acceleration": -0.69, "throttle": 0.0, "steering_target": 0.26, "brake": 16.42, "steering_rate": 100.0, "speed": 3.87}
 timestamp= 1619810079000 [RES] Validate result: 
true
 timestamp= 1619810079000 [RUN] Generate steps
 timestamp= 1619810079000 [RUN] Validate step: 
The test system VALIDATES THAT the simulator S Status.GetEnvironment is nearly equal to {"x": -122.38, "y": 10.12, "z": 391.11, "rain": 0.0, "fog": 0.0, "wetness": 0.0, "timeofday": 12.0, "signal": 1.0, "rx": 0.04, "ry": 306.07, "rz": -0.0, "speed": 3.57}
 timestamp= 1619810079000 [RES] Validate result: 
true
 timestamp= 1619810079000 [RUN] Execute API step: 
The environment controller C INVOKES API Control.Agents.Pedestrians.WalkRandomly(which_lane=Left_Lane).
 timestamp= 1619810082000 [RES] API result: 
{"pose_arr":[{"vx":2.08,"ay":-0.81,"az":9.81,"ax":-0.61,"pz":10.13,"vy":2.08,"px":552752.55,"py":4182876.44},{"vx":2.14,"ay":0.69,"az":9.79,"ax":0.5,"pz":10.12,"vy":2.14,"px":552750.68,"py":4182877.81},{"vx":1.66,"ay":-2.7,"az":9.82,"ax":-1.94,"pz":10.13,"vy":1.66,"px":552748.72,"py":4182879.22},{"vx":0.71,"ay":-2,"az":9.81,"ax":-1.44,"pz":10.13,"vy":0.71,"px":552747.82,"py":4182879.86},{"vx":0,"ay":0,"az":9.81,"ax":0,"pz":10.13,"vy":0,"px":552747.53,"py":4182880.08},{"vx":0,"ay":0,"az":9.81,"ax":0,"pz":10.12,"vy":0,"px":552747.53,"py":4182880.08},{"vx":0.38,"ay":2.12,"az":9.81,"ax":1.52,"pz":10.12,"vy":0.38,"px":552747.45,"py":4182880.14}],"traffic_light":[3,3,1,3,3,3],"state_arr":[{"acceleration":-1.1,"throttle":0,"steering_target":0.46,"brake":21.71,"steering_rate":100,"speed":3.57},{"acceleration":0.67,"throttle":24.73,"steering_target":0.43,"brake":0,"steering_rate":100,"speed":3.34},{"acceleration":-3.37,"throttle":0,"steering_target":0.26,"brake":42.8,"steering_rate":100,"speed":3.75},{"acceleration":-2.6,"throttle":0,"steering_target":0.2,"brake":36.68,"steering_rate":100,"speed":1.73},{"acceleration":-1.45,"throttle":0,"steering_target":0.41,"brake":27.28,"steering_rate":100,"speed":0.22},{"acceleration":-0.7,"throttle":0,"steering_target":0.49,"brake":39.41,"steering_rate":100,"speed":0},{"acceleration":0.16,"throttle":15.7,"steering_target":0.49,"brake":0,"steering_rate":100,"speed":0}],"obstacle_arr":[[{"acceleration":{"y":1.02,"x":-0.78,"z":0},"position":{"y":4182871.12,"x":552756.99,"z":10.44},"volume":0.13,"type":"PEDESTRIAN","velocity":{"y":-0.71,"x":1.88,"z":0}}],[{"acceleration":{"y":1.23,"x":-2.21,"z":0},"position":{"y":4182871.19,"x":552757.42,"z":10.56},"volume":0.12,"type":"PEDESTRIAN","velocity":{"y":0,"x":0,"z":0}},{"acceleration":{"y":0,"x":0,"z":0},"position":{"y":4182885.96,"x":552734.22,"z":10.14},"volume":0.01,"type":"PEDESTRIAN","velocity":{"y":0,"x":0,"z":0}}],[],[],[{"acceleration":{"y":0,"x":0,"z":0},"position":{"y":4182886.09,"x":552736.25,"z":10.88},"volume":0.04,"type":"PEDESTRIAN","velocity":{"y":0,"x":0,"z":0}}],[{"acceleration":{"y":0,"x":0,"z":0},"position":{"y":4182886.25,"x":552736.63,"z":10.13},"volume":0.24,"type":"PEDESTRIAN","velocity":{"y":0,"x":0,"z":0}}]],"action_description":"Pedestrian crossing the road (left to right)","ev_state":[-127.67463684082,10.1247310638428,394.936950683594,0,0,0,12,0,359.889953613281,305.766540527344,-0.000680992437992245,0.8511694113087341],"collision_probability":0}
 timestamp= 1619810082000 [RUN] Validate G1 Guard Condition: 
The ego vehicle E Detection.Collision == True.
 timestamp= 1619810082000 [RES] Global Validate result: 
false
 timestamp= 1619810082000 [RUN] Validate G2 Guard Condition: 
The ego vehicle E Detection.OffRoad == True.
 timestamp= 1619810082000 [RES] Global Validate result: 
false
 timestamp= 1619810082000 [RUN] Validate G3 Guard Condition: 
The ego vehicle E Detection.HardBrake == True.
 timestamp= 1619810082000 [RES] Global Validate result: 
true
 timestamp= 1619810082000 [RUN] HardBrake == True
 timestamp= 1619810082000 [RUN] RESUME STEP @preStep
 timestamp= 1619810082000 [RUN] Resume step basicflow16
 timestamp= 1619810082000 [RUN] Validate G4 Guard Condition: 
The ego vehicle E Detection.ArrivalTest == True.
 timestamp= 1619810082000 [RES] Global Validate result: 
false
 timestamp= 1619810082000 [RUN] Validate step: 
The test system VALIDATES THAT the Apollo A Status.GetControl is nearly equal to {"acceleration": 0.16, "throttle": 15.7, "steering_target": 0.49, "brake": 0.0, "steering_rate": 100.0, "speed": 0.0}
 timestamp= 1619810082000 [RES] Validate result: 
true
 timestamp= 1619810082000 [RUN] Generate steps
 timestamp= 1619810082000 [RUN] Validate step: 
The test system VALIDATES THAT the simulator S Status.GetEnvironment is nearly equal to {"x": -127.67, "y": 10.12, "z": 394.94, "rain": 0.0, "fog": 0.0, "wetness": 0.0, "timeofday": 12.0, "signal": 0.0, "rx": 359.89, "ry": 305.77, "rz": -0.0, "speed": 0.85}
 timestamp= 1619810082000 [RES] Validate result: 
true
 timestamp= 1619810082000 [RUN] Execute API step: 
The environment controller C INVOKES API Control.Agents.Pedestrians.WalkRandomly(which_lane=Left_Lane).
 timestamp= 1619810086000 [RES] API result: 
{"pose_arr":[{"vx":0.91,"ay":1.9,"az":9.8,"ax":1.5,"pz":10.12,"vy":0.91,"px":552747.01,"py":4182880.46},{"vx":0.59,"ay":-1.4,"az":9.81,"ax":-1.02,"pz":10.13,"vy":0.59,"px":552746.24,"py":4182881.02},{"vx":0,"ay":-0.01,"az":9.81,"ax":-0.01,"pz":10.13,"vy":0,"px":552746.02,"py":4182881.19},{"vx":0,"ay":0,"az":9.81,"ax":0,"pz":10.12,"vy":0,"px":552746.01,"py":4182881.19},{"vx":0.72,"ay":-0.69,"az":9.82,"ax":-0.46,"pz":10.12,"vy":0.72,"px":552745.71,"py":4182881.42},{"vx":0.32,"ay":-0.68,"az":9.81,"ax":-0.49,"pz":10.13,"vy":0.32,"px":552745.26,"py":4182881.75}],"traffic_light":[3,3,1,3,3,3],"state_arr":[{"acceleration":-0.71,"throttle":0,"steering_target":1.94,"brake":17.36,"steering_rate":100,"speed":1.55},{"acceleration":-1.89,"throttle":0,"steering_target":1.99,"brake":30.77,"steering_rate":100,"speed":1.23},{"acceleration":-1.06,"throttle":0,"steering_target":1.99,"brake":33.41,"steering_rate":100,"speed":0.15},{"acceleration":-0.22,"throttle":0,"steering_target":2.09,"brake":73.97,"steering_rate":100,"speed":0},{"acceleration":0.46,"throttle":52.12,"steering_target":1.67,"brake":0,"steering_rate":100,"speed":0.67},{"acceleration":-1.12,"throttle":0,"steering_target":1.18,"brake":22.5,"steering_rate":100,"speed":0.79},{"acceleration":-0.17,"throttle":0,"steering_target":1.06,"brake":14.5,"steering_rate":100,"speed":0.32}],"obstacle_arr":[[{"acceleration":{"y":-0.11,"x":0.59,"z":0},"position":{"y":4182886.23,"x":552737.63,"z":10.11},"volume":0.31,"type":"PEDESTRIAN","velocity":{"y":-0.1,"x":0.53,"z":0}}],[{"acceleration":{"y":0.49,"x":0.02,"z":0},"position":{"y":4182886.41,"x":552738.19,"z":10.13},"volume":0.2,"type":"PEDESTRIAN","velocity":{"y":0.16,"x":0.53,"z":0}}],[],[{"acceleration":{"y":-0.11,"x":-0.7,"z":0},"position":{"y":4182886.59,"x":552738.92,"z":10.13},"volume":0.38,"type":"PEDESTRIAN","velocity":{"y":0,"x":0,"z":0}}],[],[{"acceleration":{"y":-0.34,"x":-0.06,"z":0},"position":{"y":4182886.58,"x":552740.69,"z":10.55},"volume":0.09,"type":"PEDESTRIAN","velocity":{"y":-0.19,"x":0.85,"z":0}}],[{"acceleration":{"y":0.29,"x":-0.42,"z":0},"position":{"y":4182886.74,"x":552741.11,"z":10.52},"volume":0.08,"type":"PEDESTRIAN","velocity":{"y":0.11,"x":0.65,"z":0}}]],"action_description":"Pedestrian crossing the road (left to right)","ev_state":[-129.922592163086,10.1248388290405,396.604766845703,0,0,0,12,-1,0.0484586022794247,306.176635742188,0.00031496086739935,0.31970391358456196],"collision_probability":0}
 timestamp= 1619810086000 [RUN] Validate G1 Guard Condition: 
The ego vehicle E Detection.Collision == True.
 timestamp= 1619810086000 [RES] Global Validate result: 
false
 timestamp= 1619810086000 [RUN] Validate G2 Guard Condition: 
The ego vehicle E Detection.OffRoad == True.
 timestamp= 1619810086000 [RES] Global Validate result: 
false
 timestamp= 1619810086000 [RUN] Validate G3 Guard Condition: 
The ego vehicle E Detection.HardBrake == True.
 timestamp= 1619810086000 [RES] Global Validate result: 
false
 timestamp= 1619810086000 [RUN] Validate G4 Guard Condition: 
The ego vehicle E Detection.ArrivalTest == True.
 timestamp= 1619810086000 [RES] Global Validate result: 
false
 timestamp= 1619810086000 [RUN] Validate step: 
The test system VALIDATES THAT the Apollo A Status.GetControl is nearly equal to {"acceleration": -0.17, "throttle": 0.0, "steering_target": 1.06, "brake": 14.5, "steering_rate": 100.0, "speed": 0.32}
 timestamp= 1619810086000 [RES] Validate result: 
true
 timestamp= 1619810086000 [RUN] Generate steps
 timestamp= 1619810086000 [RUN] Validate step: 
The test system VALIDATES THAT the simulator S Status.GetEnvironment is nearly equal to {"x": -129.92, "y": 10.12, "z": 396.6, "rain": 0.0, "fog": 0.0, "wetness": 0.0, "timeofday": 12.0, "signal": -1.0, "rx": 0.05, "ry": 306.18, "rz": 0.0, "speed": 0.32}
 timestamp= 1619810086000 [RES] Validate result: 
true
 timestamp= 1619810086000 [RUN] Execute API step: 
The environment controller C INVOKES API Control.Agents.Pedestrians.WalkRandomly(which_lane=Left_Lane).
 timestamp= 1619810090000 [RES] API result: 
{"pose_arr":[{"vx":0.28,"ay":1.45,"az":9.81,"ax":1.05,"pz":10.12,"vy":0.28,"px":552745.1,"py":4182881.86},{"vx":1.24,"ay":2.33,"az":9.81,"ax":1.7,"pz":10.12,"vy":1.24,"px":552744.44,"py":4182882.35},{"vx":1.72,"ay":0.28,"az":9.81,"ax":0.2,"pz":10.12,"vy":1.72,"px":552742.82,"py":4182883.52},{"vx":1.93,"ay":0.52,"az":9.81,"ax":0.37,"pz":10.12,"vy":1.93,"px":552741.55,"py":4182884.45},{"vx":1.93,"ay":-0.55,"az":9.82,"ax":-0.39,"pz":10.12,"vy":1.93,"px":552740.24,"py":4182885.39},{"vx":1.25,"ay":-2.24,"az":9.82,"ax":-1.59,"pz":10.13,"vy":1.25,"px":552739.05,"py":4182886.24},{"vx":0.4,"ay":-1.36,"az":9.81,"ax":-0.97,"pz":10.13,"vy":0.4,"px":552738.34,"py":4182886.74}],"traffic_light":[3,3,3,3,0,3],"state_arr":[{"acceleration":0.62,"throttle":56.55,"steering_target":0.64,"brake":0,"steering_rate":100,"speed":0.94},{"acceleration":-0.07,"throttle":0,"steering_target":0.46,"brake":14.5,"steering_rate":100,"speed":2.51},{"acceleration":-0.43,"throttle":0,"steering_target":0.6,"brake":14.5,"steering_rate":100,"speed":2.94},{"acceleration":0.38,"throttle":16.79,"steering_target":0.83,"brake":0,"steering_rate":100,"speed":3.31},{"acceleration":-2.01,"throttle":0,"steering_target":0.68,"brake":30.69,"steering_rate":100,"speed":3.31},{"acceleration":-2.63,"throttle":0,"steering_target":0.61,"brake":36.94,"steering_rate":100,"speed":2.11},{"acceleration":-1.61,"throttle":0,"steering_target":0.7,"brake":27.88,"steering_rate":100,"speed":0.68}],"obstacle_arr":[[{"acceleration":{"y":-0.18,"x":0.82,"z":0},"position":{"y":4182886.77,"x":552741.7,"z":10.54},"volume":0.16,"type":"PEDESTRIAN","velocity":{"y":-0.06,"x":1.09,"z":0}}],[{"acceleration":{"y":-0.12,"x":-0.38,"z":0},"position":{"y":4182886.71,"x":552742.29,"z":10.55},"volume":0.12,"type":"PEDESTRIAN","velocity":{"y":0,"x":0.71,"z":0}},{"acceleration":{"y":-0.17,"x":0.31,"z":0},"position":{"y":4182888.74,"x":552732.92,"z":10.52},"volume":0.03,"type":"PEDESTRIAN","velocity":{"y":-0.42,"x":1.03,"z":0}}],[{"acceleration":{"y":0.36,"x":-0.35,"z":0},"position":{"y":4182886.79,"x":552742.76,"z":10.54},"volume":0.35,"type":"PEDESTRIAN","velocity":{"y":0.18,"x":0.66,"z":0}}],[{"acceleration":{"y":-0.2,"x":1.01,"z":0},"position":{"y":4182886.82,"x":552743.63,"z":10.54},"volume":0.3,"type":"PEDESTRIAN","velocity":{"y":-0.08,"x":1.01,"z":0}},{"acceleration":{"y":0,"x":0,"z":0},"position":{"y":4182888.54,"x":552734.49,"z":10.5},"volume":0.15,"type":"PEDESTRIAN","velocity":{"y":-0.23,"x":0.67,"z":0}}],[{"acceleration":{"y":-0.08,"x":0.05,"z":0},"position":{"y":4182886.85,"x":552744.39,"z":10.49},"volume":0.21,"type":"PEDESTRIAN","velocity":{"y":-0.13,"x":1.1,"z":0}},{"acceleration":{"y":0.16,"x":0.26,"z":0},"position":{"y":4182888.4,"x":552735.1,"z":10.47},"volume":0.2,"type":"PEDESTRIAN","velocity":{"y":-0.29,"x":0.92,"z":0}},{"acceleration":{"y":0,"x":0,"z":0},"position":{"y":4182890.48,"x":552729.06,"z":10.46},"volume":0.18,"type":"PEDESTRIAN","velocity":{"y":0,"x":0,"z":0}}],[{"acceleration":{"y":0.13,"x":-0.64,"z":0},"position":{"y":4182887.11,"x":552744.58,"z":10.48},"volume":0.21,"type":"PEDESTRIAN","velocity":{"y":0.05,"x":0.5,"z":0}},{"acceleration":{"y":0.11,"x":-0.58,"z":0},"position":{"y":4182888.55,"x":552735.33,"z":10.55},"volume":0.28,"type":"PEDESTRIAN","velocity":{"y":-0.12,"x":0.5,"z":0}},{"acceleration":{"y":-0.01,"x":0.01,"z":0},"position":{"y":4182890.7,"x":552729.23,"z":10.56},"volume":0.09,"type":"PEDESTRIAN","velocity":{"y":0.6,"x":-0.5,"z":0}}],[{"acceleration":{"y":-0.1,"x":-0.87,"z":0},"position":{"y":4182886.8,"x":552744.75,"z":10.5},"volume":0.08,"type":"PEDESTRIAN","velocity":{"y":0,"x":0,"z":0}},{"acceleration":{"y":0.06,"x":-0.26,"z":0},"position":{"y":4182888.73,"x":552735.08,"z":10.79},"volume":0.2,"type":"PEDESTRIAN","velocity":{"y":0,"x":0,"z":0}},{"acceleration":{"y":-0.45,"x":0.38,"z":0},"position":{"y":4182890.62,"x":552729.69,"z":10.56},"volume":0.09,"type":"PEDESTRIAN","velocity":{"y":0,"x":0,"z":0}}]],"action_description":"Pedestrian crossing the road (left to right)","ev_state":[-136.844451904297,10.1243505477905,401.587890625,0,0,0,12,-1,0.126023188233376,305.84814453125,0.00325484946370125,0.09865458300146708],"collision_probability":1}
 timestamp= 1619810090000 [RUN] Validate G1 Guard Condition: 
The ego vehicle E Detection.Collision == True.
 timestamp= 1619810090000 [RES] Global Validate result: 
true
 timestamp= 1619810090000 [RUN] Collision == True
 timestamp= 1619810090000 [RUN] Validate G2 Guard Condition: 
The ego vehicle E Detection.OffRoad == True.
 timestamp= 1619810090000 [RES] Global Validate result: 
false
 timestamp= 1619810090000 [RUN] Validate G3 Guard Condition: 
The ego vehicle E Detection.HardBrake == True.
 timestamp= 1619810090000 [RES] Global Validate result: 
true
 timestamp= 1619810090000 [RUN] HardBrake == True
 timestamp= 1619810090000 [RUN] RESUME STEP @preStep
 timestamp= 1619810090000 [RUN] Resume step basicflow22
 timestamp= 1619810090000 [RUN] Validate G4 Guard Condition: 
The ego vehicle E Detection.ArrivalTest == True.
 timestamp= 1619810090000 [RES] Global Validate result: 
false
 timestamp= 1619810090000 [RUN] Validate step: 
The test system VALIDATES THAT the Apollo A Status.GetControl is nearly equal to {"acceleration": -1.61, "throttle": 0.0, "steering_target": 0.7, "brake": 27.88, "steering_rate": 100.0, "speed": 0.68}
 timestamp= 1619810090000 [RES] Validate result: 
true
 timestamp= 1619810090000 [RUN] Generate steps
 timestamp= 1619810090000 [RUN] Validate step: 
The test system VALIDATES THAT the simulator S Status.GetEnvironment is nearly equal to {"x": -136.84, "y": 10.12, "z": 401.59, "rain": 0.0, "fog": 0.0, "wetness": 0.0, "timeofday": 12.0, "signal": -1.0, "rx": 0.13, "ry": 305.85, "rz": 0.0, "speed": 0.1}
 timestamp= 1619810090000 [RES] Validate result: 
true
 timestamp= 1619810090000 [RUN] Execute API step: 
The environment controller C INVOKES API Control.Agents.Pedestrians.WalkRandomly(which_lane=Left_Lane).
 timestamp= 1619810094000 [RES] API result: 
{"pose_arr":[{"vx":0.02,"ay":-0.99,"az":9.81,"ax":-0.71,"pz":10.13,"vy":0.02,"px":552738.23,"py":4182886.82},{"vx":0,"ay":0,"az":9.81,"ax":0,"pz":10.12,"vy":0,"px":552738.23,"py":4182886.82},{"vx":0,"ay":0,"az":9.81,"ax":0,"pz":10.12,"vy":0,"px":552738.23,"py":4182886.82},{"vx":0,"ay":0,"az":9.81,"ax":0,"pz":10.12,"vy":0,"px":552738.24,"py":4182886.82},{"vx":0,"ay":0,"az":9.81,"ax":0,"pz":10.12,"vy":0,"px":552738.24,"py":4182886.82},{"vx":0,"ay":0,"az":9.81,"ax":0,"pz":10.12,"vy":0,"px":552738.24,"py":4182886.82},{"vx":0,"ay":0,"az":9.81,"ax":0,"pz":10.12,"vy":0,"px":552738.24,"py":4182886.82}],"traffic_light":[3,3,3,3,3,3,3],"state_arr":[{"acceleration":-0.64,"throttle":0,"steering_target":0.86,"brake":25.8,"steering_rate":100,"speed":0.1},{"acceleration":-0.04,"throttle":0,"steering_target":0.86,"brake":47.4,"steering_rate":100,"speed":0},{"acceleration":-0.09,"throttle":0,"steering_target":0.86,"brake":48.99,"steering_rate":100,"speed":0},{"acceleration":-0.09,"throttle":0,"steering_target":0.86,"brake":49.02,"steering_rate":100,"speed":0},{"acceleration":-0.09,"throttle":0,"steering_target":0.86,"brake":49.05,"steering_rate":100,"speed":0},{"acceleration":-0.09,"throttle":0,"steering_target":0.86,"brake":49.07,"steering_rate":100,"speed":0},{"acceleration":-0.09,"throttle":0,"steering_target":0.86,"brake":49.08,"steering_rate":100,"speed":0},{"acceleration":0,"throttle":0,"steering_target":0,"brake":50,"steering_rate":0,"speed":0}],"obstacle_arr":[[{"acceleration":{"y":-0.01,"x":-0.12,"z":0},"position":{"y":4182886.47,"x":552744.86,"z":10.6},"volume":0.05,"type":"PEDESTRIAN","velocity":{"y":0,"x":0,"z":0}},{"acceleration":{"y":0,"x":-0.01,"z":0},"position":{"y":4182888.73,"x":552735.02,"z":10.82},"volume":0.17,"type":"PEDESTRIAN","velocity":{"y":0,"x":0,"z":0}},{"acceleration":{"y":-0.02,"x":0.02,"z":0},"position":{"y":4182890.57,"x":552729.98,"z":10.63},"volume":0.11,"type":"PEDESTRIAN","velocity":{"y":0,"x":0,"z":0}}],[{"acceleration":{"y":-0.47,"x":0.16,"z":0},"position":{"y":4182885.98,"x":552744.99,"z":10.54},"volume":0.11,"type":"PEDESTRIAN","velocity":{"y":-0.62,"x":0.18,"z":0}},{"acceleration":{"y":0,"x":0,"z":0},"position":{"y":4182888.72,"x":552735.07,"z":10.83},"volume":0.14,"type":"PEDESTRIAN","velocity":{"y":0,"x":0,"z":0}},{"acceleration":{"y":0,"x":0,"z":0},"position":{"y":4182890.38,"x":552730.49,"z":10.56},"volume":0.07,"type":"PEDESTRIAN","velocity":{"y":0,"x":0,"z":0}}],[{"acceleration":{"y":0,"x":0,"z":0},"position":{"y":4182888.67,"x":552735.06,"z":10.82},"volume":0.13,"type":"PEDESTRIAN","velocity":{"y":0,"x":0,"z":0}},{"acceleration":{"y":-0.17,"x":0.63,"z":0},"position":{"y":4182890.23,"x":552731.3,"z":10.78},"volume":0.12,"type":"PEDESTRIAN","velocity":{"y":-0.17,"x":0.78,"z":0}}],[{"acceleration":{"y":0,"x":0,"z":0},"position":{"y":4182888.69,"x":552735.08,"z":10.78},"volume":0.14,"type":"PEDESTRIAN","velocity":{"y":0,"x":0,"z":0}},{"acceleration":{"y":-0.15,"x":0.11,"z":0},"position":{"y":4182890.05,"x":552731.83,"z":10.9},"volume":0.1,"type":"PEDESTRIAN","velocity":{"y":-0.24,"x":0.88,"z":0}}],[{"acceleration":{"y":0,"x":0,"z":0},"position":{"y":4182888.66,"x":552735.06,"z":10.82},"volume":0.12,"type":"PEDESTRIAN","velocity":{"y":0,"x":0,"z":0}},{"acceleration":{"y":-0.06,"x":-0.18,"z":0},"position":{"y":4182890,"x":552732.28,"z":10.59},"volume":0.17,"type":"PEDESTRIAN","velocity":{"y":-0.22,"x":0.73,"z":0}}],[{"acceleration":{"y":0,"x":0,"z":0},"position":{"y":4182888.68,"x":552735.04,"z":10.81},"volume":0.16,"type":"PEDESTRIAN","velocity":{"y":0,"x":0,"z":0}},{"acceleration":{"y":-0.31,"x":1.22,"z":0},"position":{"y":4182889.9,"x":552732.96,"z":10.47},"volume":0.22,"type":"PEDESTRIAN","velocity":{"y":-0.22,"x":0.78,"z":0}}],[{"acceleration":{"y":0,"x":0,"z":0},"position":{"y":4182888.63,"x":552735.07,"z":10.84},"volume":0.13,"type":"PEDESTRIAN","velocity":{"y":0,"x":0,"z":0}},{"acceleration":{"y":0.17,"x":0.06,"z":0},"position":{"y":4182889.74,"x":552733.49,"z":10.41},"volume":0.24,"type":"PEDESTRIAN","velocity":{"y":-0.14,"x":0.88,"z":0}},{"acceleration":{"y":-0.03,"x":0.14,"z":0},"position":{"y":4182884.02,"x":552746.2,"z":10.53},"volume":0.17,"type":"PEDESTRIAN","velocity":{"y":-0.51,"x":0.56,"z":0}}]],"action_description":"Pedestrian crossing the road (left to right)","ev_state":[-136.834930419922,10.1253833770752,401.589294433594,0,0,0,12,-1,359.939300537109,305.951110839844,359.935363769531,0.001374817560230113],"collision_probability":0.373}
 timestamp= 1619810094000 [RUN] Validate G1 Guard Condition: 
The ego vehicle E Detection.Collision == True.
 timestamp= 1619810094000 [RES] Global Validate result: 
false
 timestamp= 1619810094000 [RUN] Validate G2 Guard Condition: 
The ego vehicle E Detection.OffRoad == True.
 timestamp= 1619810094000 [RES] Global Validate result: 
false
 timestamp= 1619810094000 [RUN] Validate G3 Guard Condition: 
The ego vehicle E Detection.HardBrake == True.
 timestamp= 1619810094000 [RES] Global Validate result: 
false
 timestamp= 1619810094000 [RUN] Validate G4 Guard Condition: 
The ego vehicle E Detection.ArrivalTest == True.
 timestamp= 1619810094000 [RES] Global Validate result: 
false
 timestamp= 1619810094000 [RUN] Validate step: 
The test system VALIDATES THAT the Apollo A Status.GetControl is nearly equal to {"acceleration": 0.0, "throttle": 0.0, "steering_target": 0.0, "brake": 50.0, "steering_rate": 0.0, "speed": 0.0}
 timestamp= 1619810094000 [RES] Validate result: 
true
 timestamp= 1619810094000 [RUN] Generate steps
 timestamp= 1619810094000 [RUN] Validate step: 
The test system VALIDATES THAT the simulator S Status.GetEnvironment is nearly equal to {"x": -136.83, "y": 10.13, "z": 401.59, "rain": 0.0, "fog": 0.0, "wetness": 0.0, "timeofday": 12.0, "signal": -1.0, "rx": 359.94, "ry": 305.95, "rz": 359.94, "speed": 0.0}
 timestamp= 1619810094000 [RES] Validate result: 
true
 timestamp= 1619810094000 [RUN] Execute API step: 
The environment controller C INVOKES API Control.Agents.Pedestrians.WalkRandomly(which_lane=Left_Lane).
 timestamp= 1619810098000 [RES] API result: 
{"pose_arr":[{"vx":0,"ay":0,"az":9.81,"ax":0,"pz":10.12,"vy":0,"px":552738.24,"py":4182886.82},{"vx":0,"ay":0,"az":9.81,"ax":0,"pz":10.12,"vy":0,"px":552738.24,"py":4182886.82},{"vx":0,"ay":0,"az":9.81,"ax":0,"pz":10.12,"vy":0,"px":552738.24,"py":4182886.82},{"vx":0,"ay":-0.07,"az":9.54,"ax":-0.03,"pz":10.17,"vy":0,"px":552738.25,"py":4182886.82},{"vx":-0.01,"ay":0.01,"az":9.71,"ax":0.01,"pz":10.2,"vy":-0.01,"px":552738.25,"py":4182886.82},{"vx":-0.01,"ay":0.01,"az":9.8,"ax":0,"pz":10.2,"vy":-0.01,"px":552738.25,"py":4182886.82},{"vx":0,"ay":0.01,"az":9.77,"ax":0,"pz":10.2,"vy":0,"px":552738.25,"py":4182886.82}],"traffic_light":[3,3,3,3,3,3,3],"state_arr":[{"acceleration":0,"throttle":0,"steering_target":0,"brake":50,"steering_rate":0,"speed":0},{"acceleration":0,"throttle":0,"steering_target":0,"brake":50,"steering_rate":0,"speed":0},{"acceleration":0,"throttle":0,"steering_target":0,"brake":50,"steering_rate":0,"speed":0},{"acceleration":-0.81,"throttle":0,"steering_target":-0.03,"brake":18.7,"steering_rate":100,"speed":0.23},{"acceleration":-0.19,"throttle":0,"steering_target":-0.5,"brake":52.26,"steering_rate":100,"speed":0.07},{"acceleration":-0.12,"throttle":0,"steering_target":-0.5,"brake":39.06,"steering_rate":100,"speed":0.05},{"acceleration":-0.12,"throttle":0,"steering_target":-0.5,"brake":43.01,"steering_rate":100,"speed":0.04},{"acceleration":-0.21,"throttle":0,"steering_target":0,"brake":14.5,"steering_rate":100,"speed":0.19}],"obstacle_arr":[[{"acceleration":{"y":0,"x":0,"z":0},"position":{"y":4182888.67,"x":552735.08,"z":10.81},"volume":0.14,"type":"PEDESTRIAN","velocity":{"y":0,"x":0,"z":0}},{"acceleration":{"y":0.01,"x":0.08,"z":0},"position":{"y":4182889.71,"x":552733.74,"z":10.44},"volume":0.28,"type":"PEDESTRIAN","velocity":{"y":-0.16,"x":0.91,"z":0}}],[{"acceleration":{"y":0,"x":0,"z":0},"position":{"y":4182888.64,"x":552735.04,"z":10.8},"volume":0.2,"type":"PEDESTRIAN","velocity":{"y":0,"x":0,"z":0}},{"acceleration":{"y":0.08,"x":-0.53,"z":0},"position":{"y":4182889.52,"x":552734.42,"z":10.36},"volume":0.25,"type":"PEDESTRIAN","velocity":{"y":-0.14,"x":0.7,"z":0}}],[{"acceleration":{"y":0,"x":0,"z":0},"position":{"y":4182888.61,"x":552735.06,"z":10.84},"volume":0.14,"type":"PEDESTRIAN","velocity":{"y":0,"x":0,"z":0}},{"acceleration":{"y":0,"x":0.48,"z":0},"position":{"y":4182889.46,"x":552734.78,"z":10.56},"volume":0.26,"type":"PEDESTRIAN","velocity":{"y":-0.12,"x":0.95,"z":0}}],[{"acceleration":{"y":0,"x":0,"z":0},"position":{"y":4182889,"x":552735.24,"z":10.81},"volume":0.7,"type":"PEDESTRIAN","velocity":{"y":0,"x":0,"z":0}}],[{"acceleration":{"y":0,"x":0,"z":0},"position":{"y":4182888.62,"x":552735.07,"z":10.9},"volume":0.16,"type":"PEDESTRIAN","velocity":{"y":0,"x":0,"z":0}},{"acceleration":{"y":0,"x":0,"z":0},"position":{"y":4182889.6,"x":552735.67,"z":10.85},"volume":0.17,"type":"PEDESTRIAN","velocity":{"y":0,"x":0,"z":0}}],[{"acceleration":{"y":0,"x":0,"z":0},"position":{"y":4182888.58,"x":552735.06,"z":10.9},"volume":0.13,"type":"PEDESTRIAN","velocity":{"y":0,"x":0,"z":0}},{"acceleration":{"y":0.79,"x":0.82,"z":0},"position":{"y":4182889.81,"x":552736.04,"z":10.9},"volume":0.16,"type":"PEDESTRIAN","velocity":{"y":0.39,"x":0.38,"z":0}}],[{"acceleration":{"y":0,"x":0,"z":0},"position":{"y":4182888.59,"x":552735.01,"z":10.9},"volume":0.14,"type":"PEDESTRIAN","velocity":{"y":0,"x":0,"z":0}},{"acceleration":{"y":-0.37,"x":0.39,"z":0},"position":{"y":4182889.7,"x":552736.55,"z":11.06},"volume":0.05,"type":"PEDESTRIAN","velocity":{"y":-0.14,"x":0.56,"z":0}}]],"action_description":"Pedestrian crossing the road (left to right)","ev_state":[-136.823837280273,10.1779079437256,401.588562011719,0,0,0,12,-1,359.903900146484,306.017700195313,359.797393798828,0.1883076811864122],"collision_probability":1}
 timestamp= 1619810098000 [RUN] Validate G1 Guard Condition: 
The ego vehicle E Detection.Collision == True.
 timestamp= 1619810098000 [RES] Global Validate result: 
true
 timestamp= 1619810098000 [RUN] Collision == True
 timestamp= 1619810098000 [RUN] Validate G2 Guard Condition: 
The ego vehicle E Detection.OffRoad == True.
 timestamp= 1619810098000 [RES] Global Validate result: 
false
 timestamp= 1619810098000 [RUN] Validate G3 Guard Condition: 
The ego vehicle E Detection.HardBrake == True.
 timestamp= 1619810098000 [RES] Global Validate result: 
false
 timestamp= 1619810098000 [RUN] Validate G4 Guard Condition: 
The ego vehicle E Detection.ArrivalTest == True.
 timestamp= 1619810098000 [RES] Global Validate result: 
false
 timestamp= 1619810098000 [RUN] Validate step: 
The test system VALIDATES THAT the Apollo A Status.GetControl is nearly equal to {"acceleration": -0.21, "throttle": 0.0, "steering_target": 0.0, "brake": 14.5, "steering_rate": 100.0, "speed": 0.19}
 timestamp= 1619810098000 [RES] Validate result: 
true
 timestamp= 1619810098000 [RUN] Generate steps
 timestamp= 1619810098000 [RUN] Validate step: 
The test system VALIDATES THAT the simulator S Status.GetEnvironment is nearly equal to {"x": -136.82, "y": 10.18, "z": 401.59, "rain": 0.0, "fog": 0.0, "wetness": 0.0, "timeofday": 12.0, "signal": -1.0, "rx": 359.9, "ry": 306.02, "rz": 359.8, "speed": 0.19}
 timestamp= 1619810098000 [RES] Validate result: 
true
 timestamp= 1619810098000 [RUN] Execute API step: 
The environment controller C INVOKES API Control.Agents.Pedestrians.WalkRandomly(which_lane=Left_Lane).
 timestamp= 1619810102000 [RES] API result: 
{"pose_arr":[{"vx":0,"ay":0.03,"az":9.98,"ax":-0.02,"pz":10.17,"vy":0,"px":552738.25,"py":4182886.82},{"vx":0,"ay":0,"az":9.85,"ax":0,"pz":10.12,"vy":0,"px":552738.25,"py":4182886.82},{"vx":0,"ay":0,"az":9.81,"ax":0,"pz":10.12,"vy":0,"px":552738.25,"py":4182886.82},{"vx":0,"ay":0,"az":9.81,"ax":0,"pz":10.12,"vy":0,"px":552738.25,"py":4182886.81},{"vx":0,"ay":0,"az":9.81,"ax":0,"pz":10.12,"vy":0,"px":552738.25,"py":4182886.81},{"vx":0,"ay":0,"az":9.81,"ax":0,"pz":10.12,"vy":0,"px":552738.26,"py":4182886.81},{"vx":0,"ay":0,"az":9.81,"ax":0,"pz":10.12,"vy":0,"px":552738.26,"py":4182886.81}],"traffic_light":[3,3,3,3,3,3,3],"state_arr":[{"acceleration":-0.15,"throttle":0,"steering_target":0,"brake":48.67,"steering_rate":100,"speed":0.02},{"acceleration":-0.14,"throttle":0,"steering_target":0,"brake":51.69,"steering_rate":100,"speed":0},{"acceleration":-0.14,"throttle":0,"steering_target":0,"brake":51.87,"steering_rate":100,"speed":0},{"acceleration":-0.14,"throttle":0,"steering_target":0,"brake":52,"steering_rate":100,"speed":0},{"acceleration":-0.14,"throttle":0,"steering_target":0,"brake":52.05,"steering_rate":100,"speed":0},{"acceleration":-0.14,"throttle":0,"steering_target":0,"brake":52.14,"steering_rate":100,"speed":0},{"acceleration":-0.14,"throttle":0,"steering_target":0,"brake":52.17,"steering_rate":100,"speed":0},{"acceleration":-0.14,"throttle":0,"steering_target":0,"brake":52.2,"steering_rate":100,"speed":0}],"obstacle_arr":[[{"acceleration":{"y":0,"x":0,"z":0},"position":{"y":4182888.57,"x":552735.02,"z":10.88},"volume":0.16,"type":"PEDESTRIAN","velocity":{"y":0,"x":0,"z":0}}],[{"acceleration":{"y":0,"x":0,"z":0},"position":{"y":4182888.56,"x":552735.08,"z":10.85},"volume":0.12,"type":"PEDESTRIAN","velocity":{"y":0,"x":0,"z":0}}],[{"acceleration":{"y":0,"x":0,"z":0},"position":{"y":4182888.56,"x":552735.06,"z":10.85},"volume":0.21,"type":"PEDESTRIAN","velocity":{"y":0,"x":0,"z":0}}],[{"acceleration":{"y":0,"x":0,"z":0},"position":{"y":4182888.57,"x":552735.08,"z":10.86},"volume":0.12,"type":"PEDESTRIAN","velocity":{"y":0,"x":0,"z":0}}],[{"acceleration":{"y":0,"x":0,"z":0},"position":{"y":4182888.56,"x":552735.05,"z":10.85},"volume":0.23,"type":"PEDESTRIAN","velocity":{"y":0,"x":0,"z":0}},{"acceleration":{"y":0,"x":0,"z":0},"position":{"y":4182889.07,"x":552738.9,"z":11.24},"volume":0.11,"type":"PEDESTRIAN","velocity":{"y":0,"x":0,"z":0}}],[{"acceleration":{"y":0,"x":0,"z":0},"position":{"y":4182888.53,"x":552735.08,"z":10.84},"volume":0.13,"type":"PEDESTRIAN","velocity":{"y":0,"x":0,"z":0}},{"acceleration":{"y":-0.57,"x":1.53,"z":0},"position":{"y":4182888.88,"x":552739.39,"z":11.14},"volume":0.07,"type":"PEDESTRIAN","velocity":{"y":-0.25,"x":0.68,"z":0}}],[{"acceleration":{"y":0,"x":0,"z":0},"position":{"y":4182888.56,"x":552735.06,"z":10.81},"volume":0.21,"type":"PEDESTRIAN","velocity":{"y":0,"x":0,"z":0}},{"acceleration":{"y":0.13,"x":-0.34,"z":0},"position":{"y":4182888.74,"x":552739.86,"z":10.87},"volume":0.12,"type":"PEDESTRIAN","velocity":{"y":-0.15,"x":0.6,"z":0}}]],"action_description":"Pedestrian crossing the road (left to right)","ev_state":[-136.814056396484,10.1268339157104,401.588958740234,0,0,0,12,-1,359.831237792969,306.100799560547,359.826324462891,0.0011656772726509682],"collision_probability":0.519}
 timestamp= 1619810102000 [RUN] Validate G1 Guard Condition: 
The ego vehicle E Detection.Collision == True.
 timestamp= 1619810102000 [RES] Global Validate result: 
false
 timestamp= 1619810102000 [RUN] Validate G2 Guard Condition: 
The ego vehicle E Detection.OffRoad == True.
 timestamp= 1619810102000 [RES] Global Validate result: 
true
 timestamp= 1619810102000 [RUN] OffRoad == True
 timestamp= 1619810102000 [RUN] The simulator S INVOKES API Command.Simulation.Stop() to stop simulation.
 timestamp= 1619810102000 [WARNING] The test system Stop the Simulator S!
 timestamp= 1619810102000 [RUN] ABORT.
 timestamp= 1619810102000 [ERROR] The test system Abort!
 timestamp= 1619810102000 [RUN] Validate G3 Guard Condition: 
The ego vehicle E Detection.HardBrake == True.
 timestamp= 1619810102000 [RES] Global Validate result: 
false
 timestamp= 1619810102000 [RUN] Validate G4 Guard Condition: 
The ego vehicle E Detection.ArrivalTest == True.
 timestamp= 1619810102000 [RES] Global Validate result: 
false
 timestamp= 1619810102000 [RES] Basic PostCondition Validate result: 
false
 timestamp= 1619810102000 [STOP] numberOfStep: 34 basicFlow: 
[{"name":"","description":"","eClass":"Sentence","content":"The test system VALIDATES THAT the simulator S Status.GetEnvironment is nearly equal to {\"x\": -12.21, \"y\": 10.12, \"z\": 308.4, \"rain\": 0.0, \"fog\": 0.0, \"wetness\": 0.0, \"timeofday\": 12.0, \"signal\": -1.0, \"rx\": 359.9, \"ry\": 308.11, \"rz\": 359.99, \"speed\": 3.95}","natures":[]},{"name":"","description":"","eClass":"Sentence","content":"The environment controller C INVOKES API Control.Agents.Pedestrians.WalkRandomly(which_lane=Left_Lane).","natures":[]},{"name":"","description":"","eClass":"Sentence","content":"The test system VALIDATES THAT the Apollo A Status.GetControl is nearly equal to {\"acceleration\": 0.64, \"throttle\": 21.53, \"steering_target\": 0.04, \"brake\": 0.0, \"steering_rate\": 100.0, \"speed\": 5.69}","natures":[]},{"name":"","description":"","eClass":"Sentence","content":"The test system VALIDATES THAT the simulator S Status.GetEnvironment is nearly equal to {\"x\": -30.13, \"y\": 10.12, \"z\": 322.07, \"rain\": 0.0, \"fog\": 0.0, \"wetness\": 0.0, \"timeofday\": 12.0, \"signal\": 1.0, \"rx\": 0.04, \"ry\": 306.92, \"rz\": -0.0, \"speed\": 5.69}","natures":[]},{"name":"","description":"","eClass":"Sentence","content":"The environment controller C INVOKES API Control.Agents.Pedestrians.WalkRandomly(which_lane=Left_Lane).","natures":[]},{"name":"","description":"","eClass":"Sentence","content":"The test system VALIDATES THAT the Apollo A Status.GetControl is nearly equal to {\"acceleration\": 0.36, \"throttle\": 15.7, \"steering_target\": -0.15, \"brake\": 0.0, \"steering_rate\": 100.0, \"speed\": 7.38}","natures":[]},{"name":"","description":"","eClass":"Sentence","content":"The test system VALIDATES THAT the simulator S Status.GetEnvironment is nearly equal to {\"x\": -52.31, \"y\": 10.12, \"z\": 338.73, \"rain\": 0.0, \"fog\": 0.0, \"wetness\": 0.0, \"timeofday\": 12.0, \"signal\": 0.0, \"rx\": 359.98, \"ry\": 307.07, \"rz\": 0.0, \"speed\": 7.43}","natures":[]},{"name":"","description":"","eClass":"Sentence","content":"The environment controller C INVOKES API Control.Agents.Pedestrians.WalkRandomly(which_lane=Left_Lane).","natures":[]},{"name":"","description":"","eClass":"Sentence","content":"The test system VALIDATES THAT the Apollo A Status.GetControl is nearly equal to {\"acceleration\": 0.32, \"throttle\": 15.7, \"steering_target\": 0.1, \"brake\": 0.0, \"steering_rate\": 100.0, \"speed\": 7.89}","natures":[]},{"name":"","description":"","eClass":"Sentence","content":"The test system VALIDATES THAT the simulator S Status.GetEnvironment is nearly equal to {\"x\": -77.09, \"y\": 10.12, \"z\": 357.49, \"rain\": 0.0, \"fog\": 0.0, \"wetness\": 0.0, \"timeofday\": 12.0, \"signal\": -1.0, \"rx\": 359.98, \"ry\": 306.98, \"rz\": -0.0, \"speed\": 7.89}","natures":[]},{"name":"","description":"","eClass":"Sentence","content":"The environment controller C INVOKES API Control.Agents.Pedestrians.WalkRandomly(which_lane=Left_Lane).","natures":[]},{"name":"","description":"","eClass":"Sentence","content":"The test system VALIDATES THAT the Apollo A Status.GetControl is nearly equal to {\"acceleration\": -0.13, \"throttle\": 0.0, \"steering_target\": 0.06, \"brake\": 14.5, \"steering_rate\": 100.0, \"speed\": 8.29}","natures":[]},{"name":"","description":"","eClass":"Sentence","content":"The test system VALIDATES THAT the simulator S Status.GetEnvironment is nearly equal to {\"x\": -103.17, \"y\": 10.12, \"z\": 376.95, \"rain\": 0.0, \"fog\": 0.0, \"wetness\": 0.0, \"timeofday\": 12.0, \"signal\": 1.0, \"rx\": 0.02, \"ry\": 306.58, \"rz\": -0.0, \"speed\": 8.17}","natures":[]},{"name":"","description":"","eClass":"Sentence","content":"The environment controller C INVOKES API Control.Agents.Pedestrians.WalkRandomly(which_lane=Left_Lane).","natures":[]},{"name":"","description":"","eClass":"Sentence","content":"The test system VALIDATES THAT the Apollo A Status.GetControl is nearly equal to {\"acceleration\": -0.69, \"throttle\": 0.0, \"steering_target\": 0.26, \"brake\": 16.42, \"steering_rate\": 100.0, \"speed\": 3.87}","natures":[]},{"name":"","description":"","eClass":"Sentence","content":"The test system VALIDATES THAT the simulator S Status.GetEnvironment is nearly equal to {\"x\": -122.38, \"y\": 10.12, \"z\": 391.11, \"rain\": 0.0, \"fog\": 0.0, \"wetness\": 0.0, \"timeofday\": 12.0, \"signal\": 1.0, \"rx\": 0.04, \"ry\": 306.07, \"rz\": -0.0, \"speed\": 3.57}","natures":[]},{"name":"","description":"","eClass":"Sentence","content":"The environment controller C INVOKES API Control.Agents.Pedestrians.WalkRandomly(which_lane=Left_Lane).","natures":[]},{"name":"","description":"","eClass":"Sentence","content":"The test system VALIDATES THAT the Apollo A Status.GetControl is nearly equal to {\"acceleration\": 0.16, \"throttle\": 15.7, \"steering_target\": 0.49, \"brake\": 0.0, \"steering_rate\": 100.0, \"speed\": 0.0}","natures":[]},{"name":"","description":"","eClass":"Sentence","content":"The test system VALIDATES THAT the simulator S Status.GetEnvironment is nearly equal to {\"x\": -127.67, \"y\": 10.12, \"z\": 394.94, \"rain\": 0.0, \"fog\": 0.0, \"wetness\": 0.0, \"timeofday\": 12.0, \"signal\": 0.0, \"rx\": 359.89, \"ry\": 305.77, \"rz\": -0.0, \"speed\": 0.85}","natures":[]},{"name":"","description":"","eClass":"Sentence","content":"The environment controller C INVOKES API Control.Agents.Pedestrians.WalkRandomly(which_lane=Left_Lane).","natures":[]},{"name":"","description":"","eClass":"Sentence","content":"The test system VALIDATES THAT the Apollo A Status.GetControl is nearly equal to {\"acceleration\": -0.17, \"throttle\": 0.0, \"steering_target\": 1.06, \"brake\": 14.5, \"steering_rate\": 100.0, \"speed\": 0.32}","natures":[]},{"name":"","description":"","eClass":"Sentence","content":"The test system VALIDATES THAT the simulator S Status.GetEnvironment is nearly equal to {\"x\": -129.92, \"y\": 10.12, \"z\": 396.6, \"rain\": 0.0, \"fog\": 0.0, \"wetness\": 0.0, \"timeofday\": 12.0, \"signal\": -1.0, \"rx\": 0.05, \"ry\": 306.18, \"rz\": 0.0, \"speed\": 0.32}","natures":[]},{"name":"","description":"","eClass":"Sentence","content":"The environment controller C INVOKES API Control.Agents.Pedestrians.WalkRandomly(which_lane=Left_Lane).","natures":[]},{"name":"","description":"","eClass":"Sentence","content":"The test system VALIDATES THAT the Apollo A Status.GetControl is nearly equal to {\"acceleration\": -1.61, \"throttle\": 0.0, \"steering_target\": 0.7, \"brake\": 27.88, \"steering_rate\": 100.0, \"speed\": 0.68}","natures":[]},{"name":"","description":"","eClass":"Sentence","content":"The test system VALIDATES THAT the simulator S Status.GetEnvironment is nearly equal to {\"x\": -136.84, \"y\": 10.12, \"z\": 401.59, \"rain\": 0.0, \"fog\": 0.0, \"wetness\": 0.0, \"timeofday\": 12.0, \"signal\": -1.0, \"rx\": 0.13, \"ry\": 305.85, \"rz\": 0.0, \"speed\": 0.1}","natures":[]},{"name":"","description":"","eClass":"Sentence","content":"The environment controller C INVOKES API Control.Agents.Pedestrians.WalkRandomly(which_lane=Left_Lane).","natures":[]},{"name":"","description":"","eClass":"Sentence","content":"The test system VALIDATES THAT the Apollo A Status.GetControl is nearly equal to {\"acceleration\": 0.0, \"throttle\": 0.0, \"steering_target\": 0.0, \"brake\": 50.0, \"steering_rate\": 0.0, \"speed\": 0.0}","natures":[]},{"name":"","description":"","eClass":"Sentence","content":"The test system VALIDATES THAT the simulator S Status.GetEnvironment is nearly equal to {\"x\": -136.83, \"y\": 10.13, \"z\": 401.59, \"rain\": 0.0, \"fog\": 0.0, \"wetness\": 0.0, \"timeofday\": 12.0, \"signal\": -1.0, \"rx\": 359.94, \"ry\": 305.95, \"rz\": 359.94, \"speed\": 0.0}","natures":[]},{"name":"","description":"","eClass":"Sentence","content":"The environment controller C INVOKES API Control.Agents.Pedestrians.WalkRandomly(which_lane=Left_Lane).","natures":[]},{"name":"","description":"","eClass":"Sentence","content":"The test system VALIDATES THAT the Apollo A Status.GetControl is nearly equal to {\"acceleration\": -0.21, \"throttle\": 0.0, \"steering_target\": 0.0, \"brake\": 14.5, \"steering_rate\": 100.0, \"speed\": 0.19}","natures":[]},{"name":"","description":"","eClass":"Sentence","content":"The test system VALIDATES THAT the simulator S Status.GetEnvironment is nearly equal to {\"x\": -136.82, \"y\": 10.18, \"z\": 401.59, \"rain\": 0.0, \"fog\": 0.0, \"wetness\": 0.0, \"timeofday\": 12.0, \"signal\": -1.0, \"rx\": 359.9, \"ry\": 306.02, \"rz\": 359.8, \"speed\": 0.19}","natures":[]},{"name":"","description":"","eClass":"Sentence","content":"The environment controller C INVOKES API Control.Agents.Pedestrians.WalkRandomly(which_lane=Left_Lane).","natures":[]},{"name":"","description":"","eClass":"Sentence","content":"The test system VALIDATES THAT the Apollo A Status.GetControl is nearly equal to {\"acceleration\": -0.14, \"throttle\": 0.0, \"steering_target\": -0.0, \"brake\": 52.2, \"steering_rate\": 100.0, \"speed\": 0.0}","natures":[]},{"name":"","description":"","eClass":"Sentence","content":"","natures":[]}]
