 timestamp= 1619801305000 [START] Now Run TCS Maintain Lane On Road1 Mode: dynamic Roadnum: 1 Second: 4
 timestamp= 1619801305000 [SUCCESS] TCS Check Success 
 timestamp= 1619801308000 [RUN] Run BasicFlow
 timestamp= 1619801308000 [RUN] Generate steps
 timestamp= 1619801308000 [RUN] Validate step: 
The test system VALIDATES THAT the simulator S Status.GetEnvironment is nearly equal to {"x": 215.13, "y": 10.12, "z": 201.88, "rain": 0.0, "fog": 0.0, "wetness": 0.0, "timeofday": 12.0, "signal": -1.0, "rx": 359.89, "ry": 269.95, "rz": -0.0, "speed": 3.4}
 timestamp= 1619801308000 [RES] Validate result: 
true
 timestamp= 1619801308000 [RUN] Execute API step: 
The environment controller C INVOKES API Control.Agents.Pedestrians.WalkRandomly(which_lane=Current_Lane).
 timestamp= 1619801311000 [RES] API result: 
{"pose_arr":[{"vx":0,"ay":0.49,"az":9.83,"ax":0,"pz":10.12,"vy":0,"px":553090.46,"py":4182687.9},{"vx":-0.01,"ay":0.97,"az":9.81,"ax":0,"pz":10.12,"vy":-0.01,"px":553088.76,"py":4182687.9},{"vx":-0.01,"ay":0.27,"az":9.83,"ax":0,"pz":10.12,"vy":-0.01,"px":553085.06,"py":4182687.89},{"vx":-0.01,"ay":0.75,"az":9.8,"ax":0,"pz":10.12,"vy":-0.01,"px":553081.64,"py":4182687.88},{"vx":-0.01,"ay":0.53,"az":9.83,"ax":0,"pz":10.12,"vy":-0.01,"px":553078.61,"py":4182687.88},{"vx":-0.01,"ay":0.26,"az":9.81,"ax":0,"pz":10.12,"vy":-0.01,"px":553073.85,"py":4182687.86}],"traffic_light":[3,3,3,3,3,3],"state_arr":[{"acceleration":0.88,"throttle":25.37,"steering_target":0.11,"brake":0,"steering_rate":100,"speed":3.34},{"acceleration":1.26,"throttle":44.67,"steering_target":0.06,"brake":0,"steering_rate":100,"speed":3.86},{"acceleration":0.76,"throttle":23.3,"steering_target":0.03,"brake":0,"steering_rate":100,"speed":4.85},{"acceleration":0.8,"throttle":23.78,"steering_target":0.02,"brake":0,"steering_rate":100,"speed":5.36},{"acceleration":0.33,"throttle":15.76,"steering_target":0.01,"brake":0,"steering_rate":100,"speed":5.53},{"acceleration":1,"throttle":15.7,"steering_target":-0.01,"brake":0,"steering_rate":100,"speed":5.83},{"acceleration":1.05,"throttle":21.88,"steering_target":0.01,"brake":0,"steering_rate":100,"speed":6.06}],"obstacle_arr":[[],[],[],[],[],[]],"action_description":"Pedestrian walking on the front lane","ev_state":[194.600875854492,10.1242532730103,201.83088684082,0,0,0,12,-1,359.983062744141,269.862670898438,0.000395310547901317,6.114427268872754],"collision_probability":0}
 timestamp= 1619801311000 [RUN] Validate G1 Guard Condition: 
The ego vehicle E Detection.Collision == True.
 timestamp= 1619801311000 [RES] Global Validate result: 
false
 timestamp= 1619801311000 [RUN] Validate G2 Guard Condition: 
The ego vehicle E Detection.OffRoad == True.
 timestamp= 1619801311000 [RES] Global Validate result: 
false
 timestamp= 1619801311000 [RUN] Validate G3 Guard Condition: 
The ego vehicle E Detection.HardBrake == True.
 timestamp= 1619801311000 [RES] Global Validate result: 
false
 timestamp= 1619801311000 [RUN] Validate G4 Guard Condition: 
The ego vehicle E Detection.ArrivalTest == True.
 timestamp= 1619801311000 [RES] Global Validate result: 
false
 timestamp= 1619801311000 [RUN] Validate step: 
The test system VALIDATES THAT the Apollo A Status.GetControl is nearly equal to {"acceleration": 1.05, "throttle": 21.88, "steering_target": 0.01, "brake": 0.0, "steering_rate": 100.0, "speed": 6.06}
 timestamp= 1619801311000 [RES] Validate result: 
true
 timestamp= 1619801311000 [RUN] Generate steps
 timestamp= 1619801311000 [RUN] Validate step: 
The test system VALIDATES THAT the simulator S Status.GetEnvironment is nearly equal to {"x": 194.6, "y": 10.12, "z": 201.83, "rain": 0.0, "fog": 0.0, "wetness": 0.0, "timeofday": 12.0, "signal": -1.0, "rx": 359.98, "ry": 269.86, "rz": 0.0, "speed": 6.11}
 timestamp= 1619801311000 [RES] Validate result: 
true
 timestamp= 1619801311000 [RUN] Execute API step: 
The environment controller C INVOKES API Control.Agents.NPCVehicle.NPCVehicleMaintainLane(which_lane=Right_Lane&which_car=Jeep).
 timestamp= 1619801315000 [RES] API result: 
{"pose_arr":[{"vx":-0.01,"ay":0,"az":9.81,"ax":0,"pz":10.12,"vy":-0.01,"px":553069.93,"py":4182687.85},{"vx":-0.02,"ay":0.28,"az":9.82,"ax":0,"pz":10.12,"vy":-0.02,"px":553066.45,"py":4182687.85},{"vx":-0.02,"ay":0.24,"az":9.81,"ax":0,"pz":10.12,"vy":-0.02,"px":553061.4,"py":4182687.83},{"vx":-0.03,"ay":0.24,"az":9.82,"ax":0,"pz":10.12,"vy":-0.03,"px":553057.15,"py":4182687.81},{"vx":-0.05,"ay":0.42,"az":9.82,"ax":0,"pz":10.12,"vy":-0.05,"px":553051.72,"py":4182687.79},{"vx":-0.07,"ay":-1.03,"az":9.83,"ax":0.01,"pz":10.12,"vy":-0.07,"px":553046.49,"py":4182687.75},{"vx":-0.08,"ay":-21.9,"az":9.6,"ax":0.54,"pz":10.12,"vy":-0.08,"px":553042.63,"py":4182687.71}],"traffic_light":[3,3,3,3,2,2],"state_arr":[{"acceleration":2.16,"throttle":36.65,"steering_target":0.04,"brake":0,"steering_rate":100,"speed":6.11},{"acceleration":0.92,"throttle":15.89,"steering_target":0.05,"brake":0,"steering_rate":100,"speed":6.52},{"acceleration":0.86,"throttle":20.45,"steering_target":0.08,"brake":0,"steering_rate":100,"speed":6.82},{"acceleration":0.6,"throttle":15.7,"steering_target":0.12,"brake":0,"steering_rate":100,"speed":7.25},{"acceleration":0.45,"throttle":18.62,"steering_target":0.15,"brake":0,"steering_rate":100,"speed":7.4},{"acceleration":-1.05,"throttle":0,"steering_target":0.26,"brake":20.34,"steering_rate":100,"speed":7.56},{"acceleration":-1.59,"throttle":0,"steering_target":0.13,"brake":25.47,"steering_rate":100,"speed":6.86}],"obstacle_arr":[[{"acceleration":{"y":0,"x":0,"z":0},"position":{"y":4182672.62,"x":553090.36,"z":10.36},"volume":18.46,"type":"VEHICLE","velocity":{"y":0,"x":0,"z":0}}],[{"acceleration":{"y":0,"x":0,"z":0},"position":{"y":4182695.7,"x":553069.11,"z":10.35},"volume":7.92,"type":"VEHICLE","velocity":{"y":0,"x":0,"z":0}}],[{"acceleration":{"y":-1.02,"x":-1.02,"z":0},"position":{"y":4182694.78,"x":553068.73,"z":10.34},"volume":9.3,"type":"VEHICLE","velocity":{"y":-0.54,"x":-0.51,"z":0}}],[{"acceleration":{"y":-0.39,"x":0.3,"z":0},"position":{"y":4182693.48,"x":553067.09,"z":10.34},"volume":12.55,"type":"VEHICLE","velocity":{"y":-0.8,"x":-0.09,"z":0}}],[{"acceleration":{"y":-1.48,"x":-0.73,"z":0},"position":{"y":4182691.26,"x":553064.44,"z":10.14},"volume":11.03,"type":"VEHICLE","velocity":{"y":-1.67,"x":-0.3,"z":0}}],[{"acceleration":{"y":-1.85,"x":-1.36,"z":0},"position":{"y":4182689.03,"x":553063.12,"z":10.32},"volume":7.81,"type":"VEHICLE","velocity":{"y":-2.75,"x":-1.02,"z":0}}]],"action_description":"NPC vehicle (Jeep) driving on the right lane","ev_state":[167.109039306641,10.1186466217041,201.671081542969,0,0,0,12,0,359.61328125,269.536743164063,0.176964774727821,1.9500548562974278],"collision_probability":1}
 timestamp= 1619801315000 [RUN] Validate G1 Guard Condition: 
The ego vehicle E Detection.Collision == True.
 timestamp= 1619801315000 [RES] Global Validate result: 
true
 timestamp= 1619801315000 [RUN] Collision == True
 timestamp= 1619801315000 [RUN] Validate G2 Guard Condition: 
The ego vehicle E Detection.OffRoad == True.
 timestamp= 1619801315000 [RES] Global Validate result: 
false
 timestamp= 1619801315000 [RUN] Validate G3 Guard Condition: 
The ego vehicle E Detection.HardBrake == True.
 timestamp= 1619801315000 [RES] Global Validate result: 
true
 timestamp= 1619801315000 [RUN] HardBrake == True
 timestamp= 1619801315000 [RUN] RESUME STEP @preStep
 timestamp= 1619801315000 [RUN] Resume step basicflow4
 timestamp= 1619801315000 [RUN] Validate G4 Guard Condition: 
The ego vehicle E Detection.ArrivalTest == True.
 timestamp= 1619801315000 [RES] Global Validate result: 
false
 timestamp= 1619801315000 [RUN] Validate step: 
The test system VALIDATES THAT the Apollo A Status.GetControl is nearly equal to {"acceleration": -1.59, "throttle": 0.0, "steering_target": 0.13, "brake": 25.47, "steering_rate": 100.0, "speed": 6.86}
 timestamp= 1619801315000 [RES] Validate result: 
true
 timestamp= 1619801315000 [RUN] Generate steps
 timestamp= 1619801315000 [RUN] Validate step: 
The test system VALIDATES THAT the simulator S Status.GetEnvironment is nearly equal to {"x": 167.11, "y": 10.12, "z": 201.67, "rain": 0.0, "fog": 0.0, "wetness": 0.0, "timeofday": 12.0, "signal": 0.0, "rx": 359.61, "ry": 269.54, "rz": 0.18, "speed": 1.95}
 timestamp= 1619801315000 [RES] Validate result: 
true
 timestamp= 1619801315000 [RUN] Execute API step: 
The environment controller C INVOKES API Control.Agents.Pedestrians.WalkRandomly(which_lane=Current_Lane).
 timestamp= 1619801318000 [RES] API result: 
{"pose_arr":[{"vx":-0.01,"ay":-2.23,"az":9.72,"ax":0.01,"pz":10.12,"vy":-0.01,"px":553041.96,"py":4182687.7},{"vx":0,"ay":0,"az":9.8,"ax":0,"pz":10.12,"vy":0,"px":553041.76,"py":4182687.7},{"vx":0,"ay":1.06,"az":9.82,"ax":-0.01,"pz":10.12,"vy":0,"px":553041.73,"py":4182687.7},{"vx":-0.01,"ay":-0.6,"az":9.79,"ax":0.01,"pz":10.12,"vy":-0.01,"px":553041.38,"py":4182687.69},{"vx":0,"ay":0.16,"az":9.81,"ax":0,"pz":10.12,"vy":0,"px":553041.15,"py":4182687.69},{"vx":0,"ay":-0.6,"az":9.8,"ax":0.01,"pz":10.12,"vy":0,"px":553040.97,"py":4182687.69}],"traffic_light":[2,2,3,3,1],"state_arr":[{"acceleration":-1.51,"throttle":0,"steering_target":0.27,"brake":26.87,"steering_rate":100,"speed":1.95},{"acceleration":-1.11,"throttle":0,"steering_target":0.24,"brake":23.29,"steering_rate":100,"speed":0.6},{"acceleration":-0.18,"throttle":0,"steering_target":0.21,"brake":74,"steering_rate":100,"speed":0},{"acceleration":0.23,"throttle":61.68,"steering_target":0.21,"brake":0,"steering_rate":100,"speed":0.14},{"acceleration":-0.07,"throttle":0,"steering_target":0.12,"brake":14.5,"steering_rate":100,"speed":0.56},{"acceleration":0.05,"throttle":15.7,"steering_target":0,"brake":0,"steering_rate":100,"speed":0.19},{"acceleration":-0.13,"throttle":0,"steering_target":-0.01,"brake":14.5,"steering_rate":100,"speed":0.45}],"obstacle_arr":[[{"acceleration":{"y":-1.48,"x":-1.65,"z":0},"position":{"y":4182685.97,"x":553059.44,"z":10.45},"volume":6.47,"type":"VEHICLE","velocity":{"y":-4.48,"x":-2.62,"z":0}},{"acceleration":{"y":0,"x":0,"z":0},"position":{"y":4182688.13,"x":553038.79,"z":10.72},"volume":0.15,"type":"PEDESTRIAN","velocity":{"y":0,"x":0,"z":0}}],[{"acceleration":{"y":-0.12,"x":-1.26,"z":0},"position":{"y":4182685.04,"x":553057.19,"z":10.46},"volume":5.38,"type":"VEHICLE","velocity":{"y":-4.98,"x":-4.1,"z":0}},{"acceleration":{"y":0,"x":0.02,"z":0},"position":{"y":4182687.96,"x":553038.06,"z":10.78},"volume":0.17,"type":"PEDESTRIAN","velocity":{"y":-0.08,"x":-0.9,"z":0}}],[{"acceleration":{"y":0.06,"x":-0.58,"z":0},"position":{"y":4182684.82,"x":553055.87,"z":10.56},"volume":6.27,"type":"VEHICLE","velocity":{"y":-4.84,"x":-4.54,"z":0}},{"acceleration":{"y":0.13,"x":1.46,"z":0},"position":{"y":4182688,"x":553037.96,"z":10.77},"volume":0.21,"type":"PEDESTRIAN","velocity":{"y":0,"x":0,"z":0}},{"acceleration":{"y":0,"x":0,"z":0},"position":{"y":4182690.33,"x":553042.24,"z":10.78},"volume":0.01,"type":"PEDESTRIAN","velocity":{"y":0,"x":0,"z":0}}],[{"acceleration":{"y":0.07,"x":-0.19,"z":0},"position":{"y":4182684.7,"x":553054.76,"z":10.45},"volume":6.99,"type":"VEHICLE","velocity":{"y":-4.64,"x":-4.63,"z":0}},{"acceleration":{"y":-0.01,"x":0.22,"z":0},"position":{"y":4182688.06,"x":553038.02,"z":10.77},"volume":0.17,"type":"PEDESTRIAN","velocity":{"y":0,"x":0,"z":0}}],[{"acceleration":{"y":0.03,"x":-0.15,"z":0},"position":{"y":4182684.54,"x":553051.49,"z":10.39},"volume":7.03,"type":"VEHICLE","velocity":{"y":-4.35,"x":-4.48,"z":0}},{"acceleration":{"y":-0.02,"x":-0.23,"z":0},"position":{"y":4182688.01,"x":553037.52,"z":10.78},"volume":0.24,"type":"PEDESTRIAN","velocity":{"y":0,"x":0,"z":0}}],[{"acceleration":{"y":0.07,"x":-0.43,"z":0},"position":{"y":4182684.48,"x":553048.57,"z":10.46},"volume":8.27,"type":"VEHICLE","velocity":{"y":-4.07,"x":-4.57,"z":0}},{"acceleration":{"y":0.01,"x":0.1,"z":0},"position":{"y":4182688.01,"x":553037.41,"z":10.75},"volume":0.21,"type":"PEDESTRIAN","velocity":{"y":0,"x":0,"z":0}}]],"action_description":"Pedestrian walking on the front lane","ev_state":[165.594055175781,10.125828742981,201.648941040039,0,0,0,12,-1,359.937377929688,269.226867675781,0.00867074355483055,0.15270758344301796],"collision_probability":0.361}
 timestamp= 1619801318000 [RUN] Validate G1 Guard Condition: 
The ego vehicle E Detection.Collision == True.
 timestamp= 1619801318000 [RES] Global Validate result: 
false
 timestamp= 1619801318000 [RUN] Validate G2 Guard Condition: 
The ego vehicle E Detection.OffRoad == True.
 timestamp= 1619801318000 [RES] Global Validate result: 
false
 timestamp= 1619801318000 [RUN] Validate G3 Guard Condition: 
The ego vehicle E Detection.HardBrake == True.
 timestamp= 1619801318000 [RES] Global Validate result: 
false
 timestamp= 1619801318000 [RUN] Validate G4 Guard Condition: 
The ego vehicle E Detection.ArrivalTest == True.
 timestamp= 1619801318000 [RES] Global Validate result: 
false
 timestamp= 1619801318000 [RUN] Validate step: 
The test system VALIDATES THAT the Apollo A Status.GetControl is nearly equal to {"acceleration": -0.13, "throttle": 0.0, "steering_target": -0.01, "brake": 14.5, "steering_rate": 100.0, "speed": 0.45}
 timestamp= 1619801318000 [RES] Validate result: 
true
 timestamp= 1619801318000 [RUN] Generate steps
 timestamp= 1619801318000 [RUN] Validate step: 
The test system VALIDATES THAT the simulator S Status.GetEnvironment is nearly equal to {"x": 165.59, "y": 10.13, "z": 201.65, "rain": 0.0, "fog": 0.0, "wetness": 0.0, "timeofday": 12.0, "signal": -1.0, "rx": 359.94, "ry": 269.23, "rz": 0.01, "speed": 0.15}
 timestamp= 1619801318000 [RES] Validate result: 
true
 timestamp= 1619801318000 [RUN] Execute API step: 
The environment controller C INVOKES API Control.Agents.Pedestrians.WalkRandomly(which_lane=Current_Lane).
 timestamp= 1619801322000 [RES] API result: 
{"pose_arr":[{"vx":0,"ay":-0.6,"az":9.81,"ax":0.01,"pz":10.12,"vy":0,"px":553040.91,"py":4182687.69},{"vx":0,"ay":0.12,"az":9.81,"ax":0,"pz":10.12,"vy":0,"px":553040.91,"py":4182687.69},{"vx":0,"ay":0.12,"az":9.81,"ax":0,"pz":10.12,"vy":0,"px":553040.9,"py":4182687.68},{"vx":0,"ay":0,"az":9.8,"ax":0.01,"pz":10.12,"vy":0,"px":553040.89,"py":4182687.68},{"vx":0,"ay":0.53,"az":9.81,"ax":-0.01,"pz":10.12,"vy":0,"px":553040.89,"py":4182687.68},{"vx":0,"ay":0.12,"az":9.81,"ax":0,"pz":10.12,"vy":0,"px":553040.89,"py":4182687.68}],"traffic_light":[3,3,3,3,3,3],"state_arr":[{"acceleration":-0.02,"throttle":0,"steering_target":0,"brake":14.5,"steering_rate":100,"speed":0.15},{"acceleration":0.04,"throttle":15.7,"steering_target":0,"brake":0,"steering_rate":100,"speed":0.03},{"acceleration":0,"throttle":0,"steering_target":0,"brake":14.5,"steering_rate":100,"speed":0.09},{"acceleration":0.01,"throttle":15.7,"steering_target":0,"brake":0,"steering_rate":100,"speed":0.04},{"acceleration":0,"throttle":0,"steering_target":0,"brake":50,"steering_rate":0,"speed":0},{"acceleration":-0.02,"throttle":0,"steering_target":-0.39,"brake":46.68,"steering_rate":100,"speed":0},{"acceleration":-0.06,"throttle":0,"steering_target":-0.39,"brake":35.14,"steering_rate":100,"speed":0.06},{"acceleration":0.01,"throttle":15.7,"steering_target":-0.39,"brake":0,"steering_rate":100,"speed":0.03}],"obstacle_arr":[[{"acceleration":{"y":0.09,"x":-0.8,"z":0},"position":{"y":4182684.43,"x":553044.49,"z":10.38},"volume":9.03,"type":"VEHICLE","velocity":{"y":-3.76,"x":-5.17,"z":0}},{"acceleration":{"y":0,"x":0,"z":0},"position":{"y":4182687.97,"x":553037.09,"z":10.78},"volume":0.21,"type":"PEDESTRIAN","velocity":{"y":0,"x":0,"z":0}}],[{"acceleration":{"y":0.1,"x":-0.71,"z":0},"position":{"y":4182684.51,"x":553040.9,"z":10.4},"volume":7.84,"type":"VEHICLE","velocity":{"y":-3.39,"x":-5.81,"z":0}},{"acceleration":{"y":0,"x":0,"z":0},"position":{"y":4182688.03,"x":553037.12,"z":10.76},"volume":0.21,"type":"PEDESTRIAN","velocity":{"y":0,"x":0,"z":0}}],[{"acceleration":{"y":0.08,"x":-0.36,"z":0},"position":{"y":4182684.69,"x":553038.41,"z":10.37},"volume":5.48,"type":"VEHICLE","velocity":{"y":0.08,"x":-3.68,"z":0}},{"acceleration":{"y":0,"x":0,"z":0},"position":{"y":4182688.06,"x":553037.07,"z":10.81},"volume":0.16,"type":"PEDESTRIAN","velocity":{"y":0,"x":0,"z":0}}],[{"acceleration":{"y":-0.17,"x":0.63,"z":0},"position":{"y":4182684.26,"x":553034.14,"z":10.37},"volume":9.65,"type":"VEHICLE","velocity":{"y":-0.12,"x":-3.19,"z":0}},{"acceleration":{"y":0,"x":0,"z":0},"position":{"y":4182688.1,"x":553037.12,"z":10.76},"volume":0.17,"type":"PEDESTRIAN","velocity":{"y":0,"x":0,"z":0}}],[{"acceleration":{"y":0.07,"x":-1.25,"z":0},"position":{"y":4182684.24,"x":553031.76,"z":10.4},"volume":9.12,"type":"VEHICLE","velocity":{"y":-0.08,"x":-3.78,"z":0}},{"acceleration":{"y":0,"x":0,"z":0},"position":{"y":4182688.1,"x":553037.08,"z":10.76},"volume":0.19,"type":"PEDESTRIAN","velocity":{"y":0,"x":0,"z":0}}],[{"acceleration":{"y":0.07,"x":1.11,"z":0},"position":{"y":4182684.18,"x":553030.33,"z":10.4},"volume":7.32,"type":"VEHICLE","velocity":{"y":-0.07,"x":-2.86,"z":0}},{"acceleration":{"y":0,"x":0,"z":0},"position":{"y":4182688.15,"x":553037.1,"z":10.76},"volume":0.21,"type":"PEDESTRIAN","velocity":{"y":0,"x":0,"z":0}}],[{"acceleration":{"y":-0.16,"x":1.1,"z":0},"position":{"y":4182684.15,"x":553028.64,"z":10.38},"volume":8.56,"type":"VEHICLE","velocity":{"y":-0.1,"x":-2.22,"z":0}},{"acceleration":{"y":0,"x":0,"z":0},"position":{"y":4182688.11,"x":553037.1,"z":10.76},"volume":0.2,"type":"PEDESTRIAN","velocity":{"y":0,"x":0,"z":0}}]],"action_description":"Pedestrian walking on the front lane","ev_state":[165.565780639648,10.1253681182861,201.638336181641,0,0,0,12,-1,359.938049316406,269.292541503906,0.00870632845908403,0.029980256718012636],"collision_probability":0.361}
 timestamp= 1619801322000 [RUN] Validate G1 Guard Condition: 
The ego vehicle E Detection.Collision == True.
 timestamp= 1619801322000 [RES] Global Validate result: 
false
 timestamp= 1619801322000 [RUN] Validate G2 Guard Condition: 
The ego vehicle E Detection.OffRoad == True.
 timestamp= 1619801322000 [RES] Global Validate result: 
false
 timestamp= 1619801322000 [RUN] Validate G3 Guard Condition: 
The ego vehicle E Detection.HardBrake == True.
 timestamp= 1619801322000 [RES] Global Validate result: 
false
 timestamp= 1619801322000 [RUN] Validate G4 Guard Condition: 
The ego vehicle E Detection.ArrivalTest == True.
 timestamp= 1619801322000 [RES] Global Validate result: 
false
 timestamp= 1619801322000 [RUN] Validate step: 
The test system VALIDATES THAT the Apollo A Status.GetControl is nearly equal to {"acceleration": 0.01, "throttle": 15.7, "steering_target": -0.39, "brake": 0.0, "steering_rate": 100.0, "speed": 0.03}
 timestamp= 1619801322000 [RES] Validate result: 
true
 timestamp= 1619801322000 [RUN] Generate steps
 timestamp= 1619801322000 [RUN] Validate step: 
The test system VALIDATES THAT the simulator S Status.GetEnvironment is nearly equal to {"x": 165.57, "y": 10.13, "z": 201.64, "rain": 0.0, "fog": 0.0, "wetness": 0.0, "timeofday": 12.0, "signal": -1.0, "rx": 359.94, "ry": 269.29, "rz": 0.01, "speed": 0.03}
 timestamp= 1619801322000 [RES] Validate result: 
true
 timestamp= 1619801322000 [RUN] Execute API step: 
The environment controller C INVOKES API Control.Agents.Pedestrians.WalkRandomly(which_lane=Current_Lane).
 timestamp= 1619801326000 [RES] API result: 
{"pose_arr":[{"vx":0,"ay":0.12,"az":9.81,"ax":0,"pz":10.12,"vy":0,"px":553040.9,"py":4182687.67},{"vx":0,"ay":0.12,"az":9.81,"ax":0,"pz":10.12,"vy":0,"px":553040.9,"py":4182687.67},{"vx":0,"ay":0,"az":9.81,"ax":0,"pz":10.12,"vy":0,"px":553040.9,"py":4182687.67},{"vx":0,"ay":0.12,"az":9.81,"ax":0.02,"pz":10.12,"vy":0,"px":553040.88,"py":4182687.67},{"vx":0,"ay":0.12,"az":9.81,"ax":0,"pz":10.12,"vy":0,"px":553040.88,"py":4182687.66},{"vx":0,"ay":0.12,"az":9.81,"ax":0,"pz":10.12,"vy":0,"px":553040.88,"py":4182687.66},{"vx":0,"ay":0,"az":9.81,"ax":0,"pz":10.12,"vy":0,"px":553040.88,"py":4182687.66}],"traffic_light":[3,1,3,3,3,1],"state_arr":[{"acceleration":0.02,"throttle":15.7,"steering_target":-0.39,"brake":0,"steering_rate":100,"speed":0},{"acceleration":-0.03,"throttle":0,"steering_target":-0.39,"brake":32.83,"steering_rate":100,"speed":0.06},{"acceleration":0,"throttle":15.7,"steering_target":-0.39,"brake":0,"steering_rate":100,"speed":0.05},{"acceleration":0,"throttle":15.7,"steering_target":-0.73,"brake":0,"steering_rate":100,"speed":0},{"acceleration":-0.01,"throttle":0,"steering_target":-0.73,"brake":24.73,"steering_rate":100,"speed":0.02},{"acceleration":-0.01,"throttle":0,"steering_target":-0.73,"brake":37.86,"steering_rate":100,"speed":0.03},{"acceleration":-0.04,"throttle":0,"steering_target":-0.73,"brake":47.39,"steering_rate":100,"speed":0}],"obstacle_arr":[[{"acceleration":{"y":0.09,"x":2.34,"z":0},"position":{"y":4182684.15,"x":553028.15,"z":10.39},"volume":7.31,"type":"VEHICLE","velocity":{"y":-0.06,"x":-1.21,"z":0}},{"acceleration":{"y":0,"x":0,"z":0},"position":{"y":4182688.17,"x":553037.07,"z":10.8},"volume":0.18,"type":"PEDESTRIAN","velocity":{"y":0,"x":0,"z":0}}],[{"acceleration":{"y":0.03,"x":1.18,"z":0},"position":{"y":4182684.18,"x":553027,"z":10.48},"volume":6.88,"type":"VEHICLE","velocity":{"y":0.04,"x":-0.43,"z":0}},{"acceleration":{"y":0,"x":0,"z":0},"position":{"y":4182688.16,"x":553037.08,"z":10.79},"volume":0.18,"type":"PEDESTRIAN","velocity":{"y":0,"x":0,"z":0}}],[{"acceleration":{"y":-0.05,"x":1.02,"z":0},"position":{"y":4182684.18,"x":553026.62,"z":10.43},"volume":6.35,"type":"VEHICLE","velocity":{"y":0,"x":0,"z":0}},{"acceleration":{"y":0,"x":0,"z":0},"position":{"y":4182688.19,"x":553037.1,"z":10.75},"volume":0.22,"type":"PEDESTRIAN","velocity":{"y":0,"x":0,"z":0}}],[{"acceleration":{"y":0,"x":0.05,"z":0},"position":{"y":4182684.11,"x":553026.19,"z":10.37},"volume":6.18,"type":"VEHICLE","velocity":{"y":0,"x":0,"z":0}},{"acceleration":{"y":0,"x":0,"z":0},"position":{"y":4182688.18,"x":553037.1,"z":10.74},"volume":0.27,"type":"PEDESTRIAN","velocity":{"y":0,"x":0,"z":0}}],[{"acceleration":{"y":0,"x":0,"z":0},"position":{"y":4182684.19,"x":553025.27,"z":10.64},"volume":5.49,"type":"VEHICLE","velocity":{"y":0,"x":0,"z":0}},{"acceleration":{"y":0,"x":0,"z":0},"position":{"y":4182688.19,"x":553037.08,"z":10.72},"volume":0.21,"type":"PEDESTRIAN","velocity":{"y":0,"x":0,"z":0}}],[{"acceleration":{"y":0,"x":0,"z":0},"position":{"y":4182684.13,"x":553024.88,"z":10.59},"volume":6.12,"type":"VEHICLE","velocity":{"y":0,"x":0,"z":0}},{"acceleration":{"y":0,"x":0,"z":0},"position":{"y":4182688.19,"x":553037.08,"z":10.79},"volume":0.18,"type":"PEDESTRIAN","velocity":{"y":0,"x":0,"z":0}}],[{"acceleration":{"y":0,"x":0,"z":0},"position":{"y":4182684.08,"x":553024.72,"z":10.55},"volume":5.38,"type":"VEHICLE","velocity":{"y":0,"x":0,"z":0}},{"acceleration":{"y":0,"x":0,"z":0},"position":{"y":4182688.23,"x":553037.05,"z":10.79},"volume":0.18,"type":"PEDESTRIAN","velocity":{"y":0,"x":0,"z":0}}]],"action_description":"Pedestrian walking on the front lane","ev_state":[165.552490234375,10.1253337860107,201.626754760742,0,0,0,12,-1,359.9375,269.635101318359,0.0107168918475509,0.0005760902022526595],"collision_probability":0.36}
 timestamp= 1619801326000 [RUN] Validate G1 Guard Condition: 
The ego vehicle E Detection.Collision == True.
 timestamp= 1619801326000 [RES] Global Validate result: 
false
 timestamp= 1619801326000 [RUN] Validate G2 Guard Condition: 
The ego vehicle E Detection.OffRoad == True.
 timestamp= 1619801326000 [RES] Global Validate result: 
false
 timestamp= 1619801326000 [RUN] Validate G3 Guard Condition: 
The ego vehicle E Detection.HardBrake == True.
 timestamp= 1619801326000 [RES] Global Validate result: 
false
 timestamp= 1619801326000 [RUN] Validate G4 Guard Condition: 
The ego vehicle E Detection.ArrivalTest == True.
 timestamp= 1619801326000 [RES] Global Validate result: 
false
 timestamp= 1619801326000 [RUN] Validate step: 
The test system VALIDATES THAT the Apollo A Status.GetControl is nearly equal to {"acceleration": -0.04, "throttle": 0.0, "steering_target": -0.73, "brake": 47.39, "steering_rate": 100.0, "speed": 0.0}
 timestamp= 1619801326000 [RES] Validate result: 
true
 timestamp= 1619801326000 [RUN] Generate steps
 timestamp= 1619801326000 [RUN] Validate step: 
The test system VALIDATES THAT the simulator S Status.GetEnvironment is nearly equal to {"x": 165.55, "y": 10.13, "z": 201.63, "rain": 0.0, "fog": 0.0, "wetness": 0.0, "timeofday": 12.0, "signal": -1.0, "rx": 359.94, "ry": 269.64, "rz": 0.01, "speed": 0.0}
 timestamp= 1619801326000 [RES] Validate result: 
true
 timestamp= 1619801326000 [RUN] Execute API step: 
The environment controller C INVOKES API Control.Agents.Pedestrians.WalkRandomly(which_lane=Current_Lane).
 timestamp= 1619801330000 [RES] API result: 
{"pose_arr":[{"vx":0,"ay":0.12,"az":9.81,"ax":0,"pz":10.12,"vy":0,"px":553040.89,"py":4182687.65},{"vx":0,"ay":0,"az":9.81,"ax":0,"pz":10.12,"vy":0,"px":553040.89,"py":4182687.65},{"vx":0,"ay":0,"az":9.81,"ax":0,"pz":10.12,"vy":0,"px":553040.9,"py":4182687.65},{"vx":0,"ay":0,"az":9.81,"ax":0,"pz":10.12,"vy":0,"px":553040.9,"py":4182687.64},{"vx":0,"ay":0,"az":9.81,"ax":0,"pz":10.12,"vy":0,"px":553040.9,"py":4182687.64},{"vx":0,"ay":0,"az":9.81,"ax":0,"pz":10.12,"vy":0,"px":553040.91,"py":4182687.64},{"vx":0,"ay":0,"az":9.81,"ax":0,"pz":10.12,"vy":0,"px":553040.91,"py":4182687.64}],"traffic_light":[3,3,3,3,1,1],"state_arr":[{"acceleration":0,"throttle":0,"steering_target":-0.73,"brake":16.28,"steering_rate":100,"speed":0.01},{"acceleration":0,"throttle":0,"steering_target":-0.73,"brake":18.9,"steering_rate":100,"speed":0.01},{"acceleration":-0.02,"throttle":0,"steering_target":-0.73,"brake":37.73,"steering_rate":100,"speed":0.04},{"acceleration":0,"throttle":15.7,"steering_target":-0.73,"brake":0,"steering_rate":100,"speed":0},{"acceleration":0,"throttle":0,"steering_target":-0.73,"brake":14.5,"steering_rate":100,"speed":0},{"acceleration":0,"throttle":0,"steering_target":-0.73,"brake":14.5,"steering_rate":100,"speed":0},{"acceleration":0,"throttle":0,"steering_target":-0.73,"brake":14.5,"steering_rate":100,"speed":0},{"acceleration":0,"throttle":0,"steering_target":-0.73,"brake":14.5,"steering_rate":100,"speed":0}],"obstacle_arr":[[{"acceleration":{"y":0,"x":0,"z":0},"position":{"y":4182684.07,"x":553024.69,"z":10.55},"volume":5.37,"type":"VEHICLE","velocity":{"y":0,"x":0,"z":0}},{"acceleration":{"y":0,"x":0,"z":0},"position":{"y":4182688.2,"x":553037.09,"z":10.76},"volume":0.21,"type":"PEDESTRIAN","velocity":{"y":0,"x":0,"z":0}}],[{"acceleration":{"y":0,"x":0,"z":0},"position":{"y":4182684.08,"x":553024.66,"z":10.54},"volume":5.3,"type":"VEHICLE","velocity":{"y":0,"x":0,"z":0}},{"acceleration":{"y":0,"x":0,"z":0},"position":{"y":4182688.17,"x":553037.12,"z":10.76},"volume":0.24,"type":"PEDESTRIAN","velocity":{"y":0,"x":0,"z":0}}],[{"acceleration":{"y":0,"x":0,"z":0},"position":{"y":4182684.09,"x":553024.65,"z":10.54},"volume":5.25,"type":"VEHICLE","velocity":{"y":0,"x":0,"z":0}},{"acceleration":{"y":0,"x":0,"z":0},"position":{"y":4182688.19,"x":553037.07,"z":10.75},"volume":0.22,"type":"PEDESTRIAN","velocity":{"y":0,"x":0,"z":0}}],[{"acceleration":{"y":0,"x":0,"z":0},"position":{"y":4182684.08,"x":553024.64,"z":10.55},"volume":5.28,"type":"VEHICLE","velocity":{"y":0,"x":0,"z":0}},{"acceleration":{"y":0,"x":0,"z":0},"position":{"y":4182688.18,"x":553037.1,"z":10.77},"volume":0.23,"type":"PEDESTRIAN","velocity":{"y":0,"x":0,"z":0}}],[{"acceleration":{"y":0,"x":0,"z":0},"position":{"y":4182684.1,"x":553024.62,"z":10.55},"volume":5.32,"type":"VEHICLE","velocity":{"y":0,"x":0,"z":0}},{"acceleration":{"y":0,"x":0,"z":0},"position":{"y":4182688.23,"x":553037.09,"z":10.75},"volume":0.28,"type":"PEDESTRIAN","velocity":{"y":0,"x":0,"z":0}}],[{"acceleration":{"y":0,"x":0,"z":0},"position":{"y":4182684.1,"x":553024.61,"z":10.54},"volume":5.33,"type":"VEHICLE","velocity":{"y":0,"x":0,"z":0}},{"acceleration":{"y":0,"x":0,"z":0},"position":{"y":4182688.24,"x":553037.09,"z":10.79},"volume":0.18,"type":"PEDESTRIAN","velocity":{"y":0,"x":0,"z":0}}],[{"acceleration":{"y":0,"x":0,"z":0},"position":{"y":4182684.1,"x":553024.61,"z":10.54},"volume":5.32,"type":"VEHICLE","velocity":{"y":0,"x":0,"z":0}},{"acceleration":{"y":0,"x":0,"z":0},"position":{"y":4182688.22,"x":553037.09,"z":10.77},"volume":0.2,"type":"PEDESTRIAN","velocity":{"y":0,"x":0,"z":0}}]],"action_description":"Pedestrian walking on the front lane","ev_state":[165.573883056641,10.125319480896,201.617630004883,0,0,0,12,-1,359.936737060547,269.856079101563,0.0205090027302504,0.000488497605571397],"collision_probability":0.36}
 timestamp= 1619801330000 [RUN] Validate G1 Guard Condition: 
The ego vehicle E Detection.Collision == True.
 timestamp= 1619801330000 [RES] Global Validate result: 
false
 timestamp= 1619801330000 [RUN] Validate G2 Guard Condition: 
The ego vehicle E Detection.OffRoad == True.
 timestamp= 1619801330000 [RES] Global Validate result: 
false
 timestamp= 1619801330000 [RUN] Validate G3 Guard Condition: 
The ego vehicle E Detection.HardBrake == True.
 timestamp= 1619801330000 [RES] Global Validate result: 
false
 timestamp= 1619801330000 [RUN] Validate G4 Guard Condition: 
The ego vehicle E Detection.ArrivalTest == True.
 timestamp= 1619801330000 [RES] Global Validate result: 
false
 timestamp= 1619801330000 [RUN] Validate step: 
The test system VALIDATES THAT the Apollo A Status.GetControl is nearly equal to {"acceleration": -0.0, "throttle": 0.0, "steering_target": -0.73, "brake": 14.5, "steering_rate": 100.0, "speed": 0.0}
 timestamp= 1619801330000 [RES] Validate result: 
true
 timestamp= 1619801330000 [RUN] Generate steps
 timestamp= 1619801330000 [RUN] Validate step: 
The test system VALIDATES THAT the simulator S Status.GetEnvironment is nearly equal to {"x": 165.57, "y": 10.13, "z": 201.62, "rain": 0.0, "fog": 0.0, "wetness": 0.0, "timeofday": 12.0, "signal": -1.0, "rx": 359.94, "ry": 269.86, "rz": 0.02, "speed": 0.0}
 timestamp= 1619801330000 [RES] Validate result: 
true
 timestamp= 1619801330000 [RUN] Execute API step: 
The environment controller C INVOKES API Control.Agents.Pedestrians.WalkRandomly(which_lane=Current_Lane).
 timestamp= 1619801334000 [RES] API result: 
{"pose_arr":[{"vx":0,"ay":0,"az":9.81,"ax":0,"pz":10.12,"vy":0,"px":553040.91,"py":4182687.64},{"vx":0,"ay":0,"az":9.81,"ax":0,"pz":10.12,"vy":0,"px":553040.91,"py":4182687.64},{"vx":0,"ay":0,"az":9.81,"ax":0,"pz":10.12,"vy":0,"px":553040.91,"py":4182687.64},{"vx":0,"ay":0,"az":9.81,"ax":0,"pz":10.12,"vy":0,"px":553040.91,"py":4182687.64},{"vx":0,"ay":0,"az":9.81,"ax":0,"pz":10.12,"vy":0,"px":553040.91,"py":4182687.64},{"vx":0,"ay":0,"az":9.81,"ax":0,"pz":10.12,"vy":0,"px":553040.91,"py":4182687.64},{"vx":0,"ay":0,"az":9.81,"ax":0,"pz":10.12,"vy":0,"px":553040.91,"py":4182687.64}],"traffic_light":[3,3,1,1,3,3],"state_arr":[{"acceleration":0,"throttle":0,"steering_target":-0.73,"brake":14.5,"steering_rate":100,"speed":0},{"acceleration":0,"throttle":0,"steering_target":-0.73,"brake":14.5,"steering_rate":100,"speed":0},{"acceleration":0,"throttle":0,"steering_target":-0.73,"brake":14.5,"steering_rate":100,"speed":0},{"acceleration":0,"throttle":0,"steering_target":-0.73,"brake":14.5,"steering_rate":100,"speed":0},{"acceleration":0,"throttle":0,"steering_target":-0.73,"brake":14.5,"steering_rate":100,"speed":0},{"acceleration":0,"throttle":0,"steering_target":-0.73,"brake":14.5,"steering_rate":100,"speed":0},{"acceleration":0,"throttle":0,"steering_target":-0.73,"brake":14.5,"steering_rate":100,"speed":0},{"acceleration":0,"throttle":0,"steering_target":-0.73,"brake":14.56,"steering_rate":100,"speed":0}],"obstacle_arr":[[{"acceleration":{"y":0,"x":0,"z":0},"position":{"y":4182684.1,"x":553024.61,"z":10.54},"volume":5.32,"type":"VEHICLE","velocity":{"y":0,"x":0,"z":0}},{"acceleration":{"y":0,"x":0,"z":0},"position":{"y":4182688.24,"x":553037.11,"z":10.76},"volume":0.19,"type":"PEDESTRIAN","velocity":{"y":0,"x":0,"z":0}}],[{"acceleration":{"y":0,"x":0,"z":0},"position":{"y":4182684.12,"x":553024.6,"z":10.54},"volume":5.36,"type":"VEHICLE","velocity":{"y":0,"x":0,"z":0}},{"acceleration":{"y":0,"x":0,"z":0},"position":{"y":4182688.2,"x":553037.09,"z":10.75},"volume":0.23,"type":"PEDESTRIAN","velocity":{"y":0,"x":0,"z":0}}],[{"acceleration":{"y":0,"x":0,"z":0},"position":{"y":4182684.13,"x":553024.6,"z":10.54},"volume":5.37,"type":"VEHICLE","velocity":{"y":0,"x":0,"z":0}},{"acceleration":{"y":0,"x":0,"z":0},"position":{"y":4182688.21,"x":553037.1,"z":10.76},"volume":0.2,"type":"PEDESTRIAN","velocity":{"y":0,"x":0,"z":0}}],[{"acceleration":{"y":0,"x":0,"z":0},"position":{"y":4182684.14,"x":553024.6,"z":10.54},"volume":5.4,"type":"VEHICLE","velocity":{"y":0,"x":0,"z":0}},{"acceleration":{"y":0,"x":0,"z":0},"position":{"y":4182688.23,"x":553037.11,"z":10.74},"volume":0.25,"type":"PEDESTRIAN","velocity":{"y":0,"x":0,"z":0}}],[{"acceleration":{"y":0,"x":0,"z":0},"position":{"y":4182684.16,"x":553024.59,"z":10.54},"volume":5.42,"type":"VEHICLE","velocity":{"y":0,"x":0,"z":0}},{"acceleration":{"y":0,"x":0,"z":0},"position":{"y":4182688.21,"x":553037.1,"z":10.76},"volume":0.2,"type":"PEDESTRIAN","velocity":{"y":0,"x":0,"z":0}}],[{"acceleration":{"y":0,"x":0,"z":0},"position":{"y":4182684.16,"x":553024.59,"z":10.54},"volume":5.43,"type":"VEHICLE","velocity":{"y":0,"x":0,"z":0}},{"acceleration":{"y":0,"x":0,"z":0},"position":{"y":4182688.23,"x":553037.09,"z":10.77},"volume":0.19,"type":"PEDESTRIAN","velocity":{"y":0,"x":0,"z":0}}],[{"acceleration":{"y":0,"x":0,"z":0},"position":{"y":4182684.16,"x":553024.59,"z":10.54},"volume":5.44,"type":"VEHICLE","velocity":{"y":0,"x":0,"z":0}},{"acceleration":{"y":0,"x":0,"z":0},"position":{"y":4182688.22,"x":553037.1,"z":10.79},"volume":0.17,"type":"PEDESTRIAN","velocity":{"y":0,"x":0,"z":0}}]],"action_description":"Pedestrian walking on the front lane","ev_state":[165.579666137695,10.125319480896,201.617630004883,0,0,0,12,-1,359.936920166016,269.879272460938,0.0206332951784134,0.0005043651448324334],"collision_probability":0.36}
 timestamp= 1619801334000 [RUN] Validate G1 Guard Condition: 
The ego vehicle E Detection.Collision == True.
 timestamp= 1619801334000 [RES] Global Validate result: 
false
 timestamp= 1619801334000 [RUN] Validate G2 Guard Condition: 
The ego vehicle E Detection.OffRoad == True.
 timestamp= 1619801334000 [RES] Global Validate result: 
true
 timestamp= 1619801334000 [RUN] OffRoad == True
 timestamp= 1619801334000 [RUN] The simulator S INVOKES API Command.Simulation.Stop() to stop simulation.
 timestamp= 1619801334000 [WARNING] The test system Stop the Simulator S!
 timestamp= 1619801334000 [RUN] ABORT.
 timestamp= 1619801334000 [ERROR] The test system Abort!
 timestamp= 1619801334000 [RUN] Validate G3 Guard Condition: 
The ego vehicle E Detection.HardBrake == True.
 timestamp= 1619801334000 [RES] Global Validate result: 
false
 timestamp= 1619801334000 [RUN] Validate G4 Guard Condition: 
The ego vehicle E Detection.ArrivalTest == True.
 timestamp= 1619801334000 [RES] Global Validate result: 
false
 timestamp= 1619801334000 [RES] Basic PostCondition Validate result: 
false
 timestamp= 1619801334000 [STOP] numberOfStep: 22 basicFlow: 
[{"name":"","description":"","eClass":"Sentence","content":"The test system VALIDATES THAT the simulator S Status.GetEnvironment is nearly equal to {\"x\": 215.13, \"y\": 10.12, \"z\": 201.88, \"rain\": 0.0, \"fog\": 0.0, \"wetness\": 0.0, \"timeofday\": 12.0, \"signal\": -1.0, \"rx\": 359.89, \"ry\": 269.95, \"rz\": -0.0, \"speed\": 3.4}","natures":[]},{"name":"","description":"","eClass":"Sentence","content":"The environment controller C INVOKES API Control.Agents.Pedestrians.WalkRandomly(which_lane=Current_Lane).","natures":[]},{"name":"","description":"","eClass":"Sentence","content":"The test system VALIDATES THAT the Apollo A Status.GetControl is nearly equal to {\"acceleration\": 1.05, \"throttle\": 21.88, \"steering_target\": 0.01, \"brake\": 0.0, \"steering_rate\": 100.0, \"speed\": 6.06}","natures":[]},{"name":"","description":"","eClass":"Sentence","content":"The test system VALIDATES THAT the simulator S Status.GetEnvironment is nearly equal to {\"x\": 194.6, \"y\": 10.12, \"z\": 201.83, \"rain\": 0.0, \"fog\": 0.0, \"wetness\": 0.0, \"timeofday\": 12.0, \"signal\": -1.0, \"rx\": 359.98, \"ry\": 269.86, \"rz\": 0.0, \"speed\": 6.11}","natures":[]},{"name":"","description":"","eClass":"Sentence","content":"The environment controller C INVOKES API Control.Agents.NPCVehicle.NPCVehicleMaintainLane(which_lane=Right_Lane&which_car=Jeep).","natures":[]},{"name":"","description":"","eClass":"Sentence","content":"The test system VALIDATES THAT the Apollo A Status.GetControl is nearly equal to {\"acceleration\": -1.59, \"throttle\": 0.0, \"steering_target\": 0.13, \"brake\": 25.47, \"steering_rate\": 100.0, \"speed\": 6.86}","natures":[]},{"name":"","description":"","eClass":"Sentence","content":"The test system VALIDATES THAT the simulator S Status.GetEnvironment is nearly equal to {\"x\": 167.11, \"y\": 10.12, \"z\": 201.67, \"rain\": 0.0, \"fog\": 0.0, \"wetness\": 0.0, \"timeofday\": 12.0, \"signal\": 0.0, \"rx\": 359.61, \"ry\": 269.54, \"rz\": 0.18, \"speed\": 1.95}","natures":[]},{"name":"","description":"","eClass":"Sentence","content":"The environment controller C INVOKES API Control.Agents.Pedestrians.WalkRandomly(which_lane=Current_Lane).","natures":[]},{"name":"","description":"","eClass":"Sentence","content":"The test system VALIDATES THAT the Apollo A Status.GetControl is nearly equal to {\"acceleration\": -0.13, \"throttle\": 0.0, \"steering_target\": -0.01, \"brake\": 14.5, \"steering_rate\": 100.0, \"speed\": 0.45}","natures":[]},{"name":"","description":"","eClass":"Sentence","content":"The test system VALIDATES THAT the simulator S Status.GetEnvironment is nearly equal to {\"x\": 165.59, \"y\": 10.13, \"z\": 201.65, \"rain\": 0.0, \"fog\": 0.0, \"wetness\": 0.0, \"timeofday\": 12.0, \"signal\": -1.0, \"rx\": 359.94, \"ry\": 269.23, \"rz\": 0.01, \"speed\": 0.15}","natures":[]},{"name":"","description":"","eClass":"Sentence","content":"The environment controller C INVOKES API Control.Agents.Pedestrians.WalkRandomly(which_lane=Current_Lane).","natures":[]},{"name":"","description":"","eClass":"Sentence","content":"The test system VALIDATES THAT the Apollo A Status.GetControl is nearly equal to {\"acceleration\": 0.01, \"throttle\": 15.7, \"steering_target\": -0.39, \"brake\": 0.0, \"steering_rate\": 100.0, \"speed\": 0.03}","natures":[]},{"name":"","description":"","eClass":"Sentence","content":"The test system VALIDATES THAT the simulator S Status.GetEnvironment is nearly equal to {\"x\": 165.57, \"y\": 10.13, \"z\": 201.64, \"rain\": 0.0, \"fog\": 0.0, \"wetness\": 0.0, \"timeofday\": 12.0, \"signal\": -1.0, \"rx\": 359.94, \"ry\": 269.29, \"rz\": 0.01, \"speed\": 0.03}","natures":[]},{"name":"","description":"","eClass":"Sentence","content":"The environment controller C INVOKES API Control.Agents.Pedestrians.WalkRandomly(which_lane=Current_Lane).","natures":[]},{"name":"","description":"","eClass":"Sentence","content":"The test system VALIDATES THAT the Apollo A Status.GetControl is nearly equal to {\"acceleration\": -0.04, \"throttle\": 0.0, \"steering_target\": -0.73, \"brake\": 47.39, \"steering_rate\": 100.0, \"speed\": 0.0}","natures":[]},{"name":"","description":"","eClass":"Sentence","content":"The test system VALIDATES THAT the simulator S Status.GetEnvironment is nearly equal to {\"x\": 165.55, \"y\": 10.13, \"z\": 201.63, \"rain\": 0.0, \"fog\": 0.0, \"wetness\": 0.0, \"timeofday\": 12.0, \"signal\": -1.0, \"rx\": 359.94, \"ry\": 269.64, \"rz\": 0.01, \"speed\": 0.0}","natures":[]},{"name":"","description":"","eClass":"Sentence","content":"The environment controller C INVOKES API Control.Agents.Pedestrians.WalkRandomly(which_lane=Current_Lane).","natures":[]},{"name":"","description":"","eClass":"Sentence","content":"The test system VALIDATES THAT the Apollo A Status.GetControl is nearly equal to {\"acceleration\": -0.0, \"throttle\": 0.0, \"steering_target\": -0.73, \"brake\": 14.5, \"steering_rate\": 100.0, \"speed\": 0.0}","natures":[]},{"name":"","description":"","eClass":"Sentence","content":"The test system VALIDATES THAT the simulator S Status.GetEnvironment is nearly equal to {\"x\": 165.57, \"y\": 10.13, \"z\": 201.62, \"rain\": 0.0, \"fog\": 0.0, \"wetness\": 0.0, \"timeofday\": 12.0, \"signal\": -1.0, \"rx\": 359.94, \"ry\": 269.86, \"rz\": 0.02, \"speed\": 0.0}","natures":[]},{"name":"","description":"","eClass":"Sentence","content":"The environment controller C INVOKES API Control.Agents.Pedestrians.WalkRandomly(which_lane=Current_Lane).","natures":[]},{"name":"","description":"","eClass":"Sentence","content":"The test system VALIDATES THAT the Apollo A Status.GetControl is nearly equal to {\"acceleration\": -0.0, \"throttle\": 0.0, \"steering_target\": -0.73, \"brake\": 14.56, \"steering_rate\": 100.0, \"speed\": 0.0}","natures":[]},{"name":"","description":"","eClass":"Sentence","content":"","natures":[]}]
