 timestamp= 1619804899000 [START] Now Run TCS Maintain Lane On Road1 Mode: dynamic Roadnum: 2 Second: 4
 timestamp= 1619804899000 [SUCCESS] TCS Check Success 
 timestamp= 1619804901000 [RUN] Run BasicFlow
 timestamp= 1619804901000 [RUN] Generate steps
 timestamp= 1619804901000 [RUN] Validate step: 
The test system VALIDATES THAT the simulator S Status.GetEnvironment is nearly equal to {"x": -11.24, "y": 10.12, "z": 307.56, "rain": 0.0, "fog": 0.0, "wetness": 0.0, "timeofday": 12.0, "signal": -1.0, "rx": 359.92, "ry": 307.31, "rz": -0.0, "speed": 2.7}
 timestamp= 1619804901000 [RES] Validate result: 
true
 timestamp= 1619804901000 [RUN] Execute API step: 
The environment controller C INVOKES API Control.Agents.Pedestrians.WalkRandomly(which_lane=Left_Lane).
 timestamp= 1619804904000 [RES] API result: 
{"pose_arr":[{"vx":1.64,"ay":0,"az":9.81,"ax":0,"pz":10.12,"vy":1.64,"px":552863.82,"py":4182792.77},{"vx":2.24,"ay":3.55,"az":9.77,"ax":2.7,"pz":10.12,"vy":2.24,"px":552861.94,"py":4182794.2},{"vx":2.71,"ay":0.55,"az":9.82,"ax":0.41,"pz":10.12,"vy":2.71,"px":552859.43,"py":4182796.1},{"vx":2.92,"ay":0.31,"az":9.81,"ax":0.23,"pz":10.12,"vy":2.92,"px":552856.07,"py":4182798.65},{"vx":3.25,"ay":0.22,"az":9.82,"ax":0.17,"pz":10.12,"vy":3.25,"px":552852.9,"py":4182801.05},{"vx":3.15,"ay":-0.44,"az":9.81,"ax":-0.33,"pz":10.13,"vy":3.15,"px":552849.5,"py":4182803.61}],"traffic_light":[3,3,3,0,0,3],"state_arr":[{"acceleration":0.79,"throttle":43.91,"steering_target":0.13,"brake":0,"steering_rate":100,"speed":2.69},{"acceleration":1.31,"throttle":79.06,"steering_target":0.14,"brake":0,"steering_rate":100,"speed":3.16},{"acceleration":0.73,"throttle":23.05,"steering_target":0.15,"brake":0,"steering_rate":100,"speed":4.41},{"acceleration":0.49,"throttle":15.7,"steering_target":0.22,"brake":0,"steering_rate":100,"speed":4.67},{"acceleration":0.98,"throttle":15.7,"steering_target":0.08,"brake":0,"steering_rate":100,"speed":5.27},{"acceleration":0.96,"throttle":15.7,"steering_target":0.11,"brake":0,"steering_rate":100,"speed":5.43},{"acceleration":-4.08,"throttle":0,"steering_target":0.07,"brake":48.44,"steering_rate":100,"speed":5.23}],"obstacle_arr":[[],[],[],[{"acceleration":{"y":0,"x":0,"z":0},"position":{"y":4182802.13,"x":552847.14,"z":10.61},"volume":0.09,"type":"PEDESTRIAN","velocity":{"y":0,"x":0,"z":0}}],[],[{"acceleration":{"y":-0.66,"x":0.66,"z":0},"position":{"y":4182802.01,"x":552848.19,"z":10.79},"volume":0.01,"type":"PEDESTRIAN","velocity":{"y":-0.34,"x":0.89,"z":0}}]],"action_description":"Pedestrian crossing the road (left to right)","ev_state":[-25.6488914489746,10.1244039535522,318.466003417969,0,0,0,12,1,0.0271009355783463,306.975372314453,-0.00168333831243217,5.234767106588051],"collision_probability":0.394}
 timestamp= 1619804904000 [RUN] Validate G1 Guard Condition: 
The ego vehicle E Detection.Collision == True.
 timestamp= 1619804904000 [RES] Global Validate result: 
false
 timestamp= 1619804904000 [RUN] Validate G2 Guard Condition: 
The ego vehicle E Detection.OffRoad == True.
 timestamp= 1619804904000 [RES] Global Validate result: 
false
 timestamp= 1619804904000 [RUN] Validate G3 Guard Condition: 
The ego vehicle E Detection.HardBrake == True.
 timestamp= 1619804904000 [RES] Global Validate result: 
false
 timestamp= 1619804904000 [RUN] Validate G4 Guard Condition: 
The ego vehicle E Detection.ArrivalTest == True.
 timestamp= 1619804904000 [RES] Global Validate result: 
false
 timestamp= 1619804904000 [RUN] Validate step: 
The test system VALIDATES THAT the Apollo A Status.GetControl is nearly equal to {"acceleration": -4.08, "throttle": 0.0, "steering_target": 0.07, "brake": 48.44, "steering_rate": 100.0, "speed": 5.23}
 timestamp= 1619804904000 [RES] Validate result: 
true
 timestamp= 1619804904000 [RUN] Generate steps
 timestamp= 1619804904000 [RUN] Validate step: 
The test system VALIDATES THAT the simulator S Status.GetEnvironment is nearly equal to {"x": -25.65, "y": 10.12, "z": 318.47, "rain": 0.0, "fog": 0.0, "wetness": 0.0, "timeofday": 12.0, "signal": 1.0, "rx": 0.03, "ry": 306.98, "rz": -0.0, "speed": 5.23}
 timestamp= 1619804904000 [RES] Validate result: 
true
 timestamp= 1619804904000 [RUN] Execute API step: 
The environment controller C INVOKES API Control.Agents.Pedestrians.WalkRandomly(which_lane=Left_Lane).
 timestamp= 1619804908000 [RES] API result: 
{"pose_arr":[{"vx":2.29,"ay":-2.79,"az":9.82,"ax":-2.1,"pz":10.13,"vy":2.29,"px":552847.96,"py":4182804.76},{"vx":1.13,"ay":-1.48,"az":9.8,"ax":-1.11,"pz":10.13,"vy":1.13,"px":552846.53,"py":4182805.85},{"vx":0.48,"ay":-0.62,"az":9.81,"ax":-0.47,"pz":10.13,"vy":0.48,"px":552845.75,"py":4182806.43},{"vx":0.46,"ay":0.31,"az":9.81,"ax":0.23,"pz":10.12,"vy":0.46,"px":552845.41,"py":4182806.68},{"vx":1.53,"ay":1.21,"az":9.81,"ax":0.91,"pz":10.12,"vy":1.53,"px":552844.07,"py":4182807.7},{"vx":2.05,"ay":0.41,"az":9.82,"ax":0.31,"pz":10.12,"vy":2.05,"px":552842.6,"py":4182808.8}],"traffic_light":[3,0,0,0,0,2],"state_arr":[{"acceleration":-2.84,"throttle":0,"steering_target":0.07,"brake":41.38,"steering_rate":100,"speed":3.45},{"acceleration":-1.68,"throttle":0,"steering_target":0.04,"brake":28.86,"steering_rate":100,"speed":1.72},{"acceleration":-0.47,"throttle":0,"steering_target":0.05,"brake":14.5,"steering_rate":100,"speed":0.71},{"acceleration":0.47,"throttle":54.06,"steering_target":0.04,"brake":0,"steering_rate":100,"speed":0.78},{"acceleration":0.56,"throttle":38.65,"steering_target":0.02,"brake":0,"steering_rate":100,"speed":2.1},{"acceleration":0.62,"throttle":21.21,"steering_target":-0.01,"brake":0,"steering_rate":100,"speed":3.27}],"obstacle_arr":[[],[],[{"acceleration":{"y":0,"x":0,"z":0},"position":{"y":4182801.73,"x":552850.12,"z":10.49},"volume":0.21,"type":"PEDESTRIAN","velocity":{"y":-0.23,"x":0.8,"z":0}}],[{"acceleration":{"y":0.05,"x":-0.04,"z":0},"position":{"y":4182801.55,"x":552850.69,"z":10.47},"volume":0.11,"type":"PEDESTRIAN","velocity":{"y":-0.16,"x":0.77,"z":0}}],[],[{"acceleration":{"y":0.15,"x":-0.3,"z":0},"position":{"y":4182801.19,"x":552852.05,"z":10.56},"volume":0.11,"type":"PEDESTRIAN","velocity":{"y":-0.02,"x":0.62,"z":0}},{"acceleration":{"y":0,"x":0,"z":0},"position":{"y":4182814.92,"x":552833.22,"z":10.46},"volume":0.05,"type":"PEDESTRIAN","velocity":{"y":0,"x":0,"z":0}}]],"action_description":"Pedestrian crossing the road (left to right)","ev_state":[-32.5401992797852,10.1246061325073,323.648315429688,0,0,0,12,0,359.943237304688,306.935363769531,0.000110983957711142,3.435025406215723],"collision_probability":0.084}
 timestamp= 1619804908000 [RUN] Validate G1 Guard Condition: 
The ego vehicle E Detection.Collision == True.
 timestamp= 1619804908000 [RES] Global Validate result: 
false
 timestamp= 1619804908000 [RUN] Validate G2 Guard Condition: 
The ego vehicle E Detection.OffRoad == True.
 timestamp= 1619804908000 [RES] Global Validate result: 
false
 timestamp= 1619804908000 [RUN] Validate G3 Guard Condition: 
The ego vehicle E Detection.HardBrake == True.
 timestamp= 1619804908000 [RES] Global Validate result: 
false
 timestamp= 1619804908000 [RUN] Validate G4 Guard Condition: 
The ego vehicle E Detection.ArrivalTest == True.
 timestamp= 1619804908000 [RES] Global Validate result: 
false
 timestamp= 1619804908000 [RUN] Validate step: 
The test system VALIDATES THAT the Apollo A Status.GetControl is nearly equal to {"acceleration": 0.62, "throttle": 21.21, "steering_target": -0.01, "brake": 0.0, "steering_rate": 100.0, "speed": 3.27}
 timestamp= 1619804908000 [RES] Validate result: 
true
 timestamp= 1619804908000 [RUN] Generate steps
 timestamp= 1619804908000 [RUN] Validate step: 
The test system VALIDATES THAT the simulator S Status.GetEnvironment is nearly equal to {"x": -32.54, "y": 10.12, "z": 323.65, "rain": 0.0, "fog": 0.0, "wetness": 0.0, "timeofday": 12.0, "signal": 0.0, "rx": 359.94, "ry": 306.94, "rz": 0.0, "speed": 3.44}
 timestamp= 1619804908000 [RES] Validate result: 
true
 timestamp= 1619804908000 [RUN] Execute API step: 
The environment controller C INVOKES API Control.Agents.Pedestrians.WalkRandomly(which_lane=Left_Lane).
 timestamp= 1619804911000 [RES] API result: 
{"pose_arr":[{"vx":2.58,"ay":0.96,"az":9.83,"ax":0.72,"pz":10.12,"vy":2.58,"px":552841.09,"py":4182809.93},{"vx":2.84,"ay":0.21,"az":9.81,"ax":0.16,"pz":10.12,"vy":2.84,"px":552838.61,"py":4182811.8},{"vx":2.23,"ay":-2.37,"az":9.82,"ax":-1.79,"pz":10.13,"vy":2.23,"px":552835.91,"py":4182813.83},{"vx":1.57,"ay":-1.45,"az":9.81,"ax":-1.09,"pz":10.13,"vy":1.57,"px":552834.71,"py":4182814.74},{"vx":1.03,"ay":-0.56,"az":9.81,"ax":-0.42,"pz":10.13,"vy":1.03,"px":552833.37,"py":4182815.75},{"vx":0.99,"ay":0.22,"az":9.81,"ax":0.17,"pz":10.12,"vy":0.99,"px":552832.49,"py":4182816.41}],"traffic_light":[2,2,1,1,3,1],"state_arr":[{"acceleration":0.75,"throttle":62.77,"steering_target":-0.03,"brake":0,"steering_rate":100,"speed":3.59},{"acceleration":0.68,"throttle":22.19,"steering_target":-0.05,"brake":0,"steering_rate":100,"speed":4.5},{"acceleration":0.9,"throttle":15.7,"steering_target":-0.08,"brake":0,"steering_rate":100,"speed":4.86},{"acceleration":-2.18,"throttle":0,"steering_target":-0.06,"brake":32.42,"steering_rate":100,"speed":3.38},{"acceleration":-1.27,"throttle":0,"steering_target":-0.07,"brake":23.59,"steering_rate":100,"speed":2.4},{"acceleration":-0.38,"throttle":0,"steering_target":-0.04,"brake":14.5,"steering_rate":100,"speed":1.66},{"acceleration":0.36,"throttle":24.04,"steering_target":-0.06,"brake":0,"steering_rate":100,"speed":1.64}],"obstacle_arr":[[{"acceleration":{"y":-0.42,"x":0.44,"z":0},"position":{"y":4182801.11,"x":552852.66,"z":10.4},"volume":0.09,"type":"PEDESTRIAN","velocity":{"y":-0.31,"x":0.84,"z":0}}],[],[{"acceleration":{"y":0,"x":0,"z":0},"position":{"y":4182826.61,"x":552852.83,"z":10.36},"volume":2.59,"type":"VEHICLE","velocity":{"y":0,"x":0,"z":0}},{"acceleration":{"y":-0.9,"x":0.95,"z":0},"position":{"y":4182816.15,"x":552834.85,"z":10.49},"volume":0.28,"type":"PEDESTRIAN","velocity":{"y":0.45,"x":0.54,"z":0}}],[],[],[{"acceleration":{"y":0,"x":0,"z":0},"position":{"y":4182826.4,"x":552852.8,"z":10.45},"volume":1.1,"type":"VEHICLE","velocity":{"y":0,"x":0,"z":0}},{"acceleration":{"y":0,"x":0,"z":0},"position":{"y":4182817.71,"x":552847.15,"z":10.33},"volume":2.26,"type":"VEHICLE","velocity":{"y":0,"x":0,"z":0}},{"acceleration":{"y":0,"x":0,"z":0},"position":{"y":4182820.04,"x":552826.48,"z":10.47},"volume":0.25,"type":"PEDESTRIAN","velocity":{"y":0,"x":0,"z":0}}]],"action_description":"Pedestrian crossing the road (left to right)","ev_state":[-42.730152130127,10.1247606277466,331.323394775391,0,0,0,12,-1,0.000266534218098968,307.038421630859,0.000129888227093033,1.5760678333753866],"collision_probability":0.52}
 timestamp= 1619804911000 [RUN] Validate G1 Guard Condition: 
The ego vehicle E Detection.Collision == True.
 timestamp= 1619804911000 [RES] Global Validate result: 
false
 timestamp= 1619804911000 [RUN] Validate G2 Guard Condition: 
The ego vehicle E Detection.OffRoad == True.
 timestamp= 1619804911000 [RES] Global Validate result: 
false
 timestamp= 1619804911000 [RUN] Validate G3 Guard Condition: 
The ego vehicle E Detection.HardBrake == True.
 timestamp= 1619804911000 [RES] Global Validate result: 
false
 timestamp= 1619804911000 [RUN] Validate G4 Guard Condition: 
The ego vehicle E Detection.ArrivalTest == True.
 timestamp= 1619804911000 [RES] Global Validate result: 
false
 timestamp= 1619804911000 [RUN] Validate step: 
The test system VALIDATES THAT the Apollo A Status.GetControl is nearly equal to {"acceleration": 0.36, "throttle": 24.04, "steering_target": -0.06, "brake": 0.0, "steering_rate": 100.0, "speed": 1.64}
 timestamp= 1619804911000 [RES] Validate result: 
true
 timestamp= 1619804911000 [RUN] Generate steps
 timestamp= 1619804911000 [RUN] Validate step: 
The test system VALIDATES THAT the simulator S Status.GetEnvironment is nearly equal to {"x": -42.73, "y": 10.12, "z": 331.32, "rain": 0.0, "fog": 0.0, "wetness": 0.0, "timeofday": 12.0, "signal": -1.0, "rx": 0.0, "ry": 307.04, "rz": 0.0, "speed": 1.58}
 timestamp= 1619804911000 [RES] Validate result: 
true
 timestamp= 1619804911000 [RUN] Execute API step: 
The environment controller C INVOKES API Control.Agents.Pedestrians.WalkRandomly(which_lane=Left_Lane).
 timestamp= 1619804915000 [RES] API result: 
{"pose_arr":[{"vx":1.3,"ay":2.48,"az":9.79,"ax":1.87,"pz":10.12,"vy":1.3,"px":552831.9,"py":4182816.85},{"vx":2.31,"ay":0,"az":9.81,"ax":0,"pz":10.12,"vy":2.31,"px":552830.27,"py":4182818.09},{"vx":2.35,"ay":0,"az":9.81,"ax":0,"pz":10.12,"vy":2.35,"px":552828.54,"py":4182819.39},{"vx":2.7,"ay":1.88,"az":9.79,"ax":1.4,"pz":10.12,"vy":2.7,"px":552826.22,"py":4182821.14},{"vx":3.21,"ay":-0.44,"az":9.83,"ax":-0.33,"pz":10.12,"vy":3.21,"px":552823.36,"py":4182823.31},{"vx":3,"ay":0,"az":9.81,"ax":0,"pz":10.13,"vy":3,"px":552821.18,"py":4182824.98}],"traffic_light":[1,1,3,1,3],"state_arr":[{"acceleration":1.25,"throttle":58.47,"steering_target":-0.09,"brake":0,"steering_rate":100,"speed":2.17},{"acceleration":0.73,"throttle":28.74,"steering_target":-0.16,"brake":0,"steering_rate":100,"speed":3.94},{"acceleration":-0.59,"throttle":0,"steering_target":-0.81,"brake":14.79,"steering_rate":100,"speed":3.91},{"acceleration":1.61,"throttle":79.65,"steering_target":-0.41,"brake":0,"steering_rate":100,"speed":3.64},{"acceleration":-0.41,"throttle":0,"steering_target":1,"brake":14.5,"steering_rate":100,"speed":5.34},{"acceleration":-0.79,"throttle":0,"steering_target":0.47,"brake":19.88,"steering_rate":100,"speed":5.05},{"acceleration":-2.06,"throttle":0,"steering_target":-0.23,"brake":31.48,"steering_rate":100,"speed":4.3}],"obstacle_arr":[[{"acceleration":{"y":0,"x":0,"z":0},"position":{"y":4182826.45,"x":552852.82,"z":10.42},"volume":2.13,"type":"VEHICLE","velocity":{"y":0,"x":0,"z":0}}],[],[{"acceleration":{"y":0,"x":0,"z":0},"position":{"y":4182826.38,"x":552853.05,"z":10.39},"volume":2.68,"type":"VEHICLE","velocity":{"y":0,"x":0,"z":0}}],[],[{"acceleration":{"y":0.22,"x":1.13,"z":0},"position":{"y":4182826.44,"x":552816.22,"z":10.5},"volume":0.1,"type":"PEDESTRIAN","velocity":{"y":0.09,"x":0.61,"z":0}}],[{"acceleration":{"y":-0.7,"x":1.14,"z":0},"position":{"y":4182826.77,"x":552816.37,"z":10.44},"volume":0.28,"type":"PEDESTRIAN","velocity":{"y":-0.41,"x":1.34,"z":0}}]],"action_description":"Pedestrian crossing the road (left to right)","ev_state":[-55.7246131896973,10.1244344711304,341.176086425781,0,0,0,12,-1,0.0601416826248169,307.286560058594,359.968688964844,4.2963272593821085],"collision_probability":1}
 timestamp= 1619804915000 [RUN] Validate G1 Guard Condition: 
The ego vehicle E Detection.Collision == True.
 timestamp= 1619804915000 [RES] Global Validate result: 
true
 timestamp= 1619804915000 [RUN] Collision == True
 timestamp= 1619804915000 [RUN] Validate G2 Guard Condition: 
The ego vehicle E Detection.OffRoad == True.
 timestamp= 1619804915000 [RES] Global Validate result: 
false
 timestamp= 1619804915000 [RUN] Validate G3 Guard Condition: 
The ego vehicle E Detection.HardBrake == True.
 timestamp= 1619804915000 [RES] Global Validate result: 
false
 timestamp= 1619804915000 [RUN] Validate G4 Guard Condition: 
The ego vehicle E Detection.ArrivalTest == True.
 timestamp= 1619804915000 [RES] Global Validate result: 
false
 timestamp= 1619804915000 [RUN] Validate step: 
The test system VALIDATES THAT the Apollo A Status.GetControl is nearly equal to {"acceleration": -2.06, "throttle": 0.0, "steering_target": -0.23, "brake": 31.48, "steering_rate": 100.0, "speed": 4.3}
 timestamp= 1619804915000 [RES] Validate result: 
true
 timestamp= 1619804915000 [RUN] Generate steps
 timestamp= 1619804915000 [RUN] Validate step: 
The test system VALIDATES THAT the simulator S Status.GetEnvironment is nearly equal to {"x": -55.72, "y": 10.12, "z": 341.18, "rain": 0.0, "fog": 0.0, "wetness": 0.0, "timeofday": 12.0, "signal": -1.0, "rx": 0.06, "ry": 307.29, "rz": 359.97, "speed": 4.3}
 timestamp= 1619804915000 [RES] Validate result: 
true
 timestamp= 1619804915000 [RUN] Execute API step: 
The environment controller C INVOKES API Control.Agents.Pedestrians.WalkRandomly(which_lane=Left_Lane).
 timestamp= 1619804918000 [RES] API result: 
{"pose_arr":[{"vx":2.57,"ay":-0.87,"az":9.86,"ax":-0.91,"pz":10.13,"vy":2.57,"px":552819.18,"py":4182826.5},{"vx":2.16,"ay":-0.43,"az":9.81,"ax":-0.29,"pz":10.13,"vy":2.16,"px":552816.99,"py":4182828.19},{"vx":2.46,"ay":2.87,"az":9.76,"ax":2.19,"pz":10.12,"vy":2.46,"px":552814.92,"py":4182829.76},{"vx":2.95,"ay":1.66,"az":9.81,"ax":1.18,"pz":10.12,"vy":2.95,"px":552813.17,"py":4182831.08},{"vx":3.25,"ay":0.63,"az":9.81,"ax":0.48,"pz":10.12,"vy":3.25,"px":552809.93,"py":4182833.55},{"vx":3.16,"ay":-0.43,"az":9.81,"ax":-0.34,"pz":10.13,"vy":3.16,"px":552807.07,"py":4182835.72},{"vx":3,"ay":-0.43,"az":9.81,"ax":-0.33,"pz":10.13,"vy":3,"px":552805.17,"py":4182837.17}],"traffic_light":[3,1,1,1,3,3],"state_arr":[{"acceleration":-0.67,"throttle":0,"steering_target":0.07,"brake":16.1,"steering_rate":100,"speed":3.84},{"acceleration":0.38,"throttle":15.7,"steering_target":-2.01,"brake":0,"steering_rate":100,"speed":3.48},{"acceleration":0.91,"throttle":37.4,"steering_target":-1.21,"brake":0,"steering_rate":100,"speed":4.07},{"acceleration":0.98,"throttle":22.37,"steering_target":0.36,"brake":0,"steering_rate":100,"speed":4.94},{"acceleration":1.01,"throttle":18.2,"steering_target":-0.15,"brake":0,"steering_rate":100,"speed":5.33},{"acceleration":-0.3,"throttle":0,"steering_target":0.09,"brake":14.5,"steering_rate":100,"speed":5.22},{"acceleration":-2.22,"throttle":0,"steering_target":0.13,"brake":32.84,"steering_rate":100,"speed":4.92}],"obstacle_arr":[[],[],[],[],[{"acceleration":{"y":0,"x":0,"z":0},"position":{"y":4182836.3,"x":552803.28,"z":10.41},"volume":0.31,"type":"PEDESTRIAN","velocity":{"y":0,"x":0,"z":0}},{"acceleration":{"y":0,"x":0,"z":0},"position":{"y":4182828.15,"x":552817.86,"z":10.54},"volume":0.1,"type":"PEDESTRIAN","velocity":{"y":0,"x":0,"z":0}}],[{"acceleration":{"y":-0.16,"x":1.37,"z":0},"position":{"y":4182836.45,"x":552803.59,"z":10.57},"volume":0.24,"type":"PEDESTRIAN","velocity":{"y":-0.05,"x":0.58,"z":0}}]],"action_description":"Pedestrian crossing the road (left to right)","ev_state":[-70.2044830322266,10.1244525909424,352.200347900391,0,0,0,12,-1,0.0325285643339157,307.210662841797,-0.00260093272663653,4.915037926167908],"collision_probability":0.59}
 timestamp= 1619804918000 [RUN] Validate G1 Guard Condition: 
The ego vehicle E Detection.Collision == True.
 timestamp= 1619804918000 [RES] Global Validate result: 
false
 timestamp= 1619804918000 [RUN] Validate G2 Guard Condition: 
The ego vehicle E Detection.OffRoad == True.
 timestamp= 1619804918000 [RES] Global Validate result: 
false
 timestamp= 1619804918000 [RUN] Validate G3 Guard Condition: 
The ego vehicle E Detection.HardBrake == True.
 timestamp= 1619804918000 [RES] Global Validate result: 
false
 timestamp= 1619804918000 [RUN] Validate G4 Guard Condition: 
The ego vehicle E Detection.ArrivalTest == True.
 timestamp= 1619804918000 [RES] Global Validate result: 
false
 timestamp= 1619804918000 [RUN] Validate step: 
The test system VALIDATES THAT the Apollo A Status.GetControl is nearly equal to {"acceleration": -2.22, "throttle": 0.0, "steering_target": 0.13, "brake": 32.84, "steering_rate": 100.0, "speed": 4.92}
 timestamp= 1619804918000 [RES] Validate result: 
true
 timestamp= 1619804918000 [RUN] Generate steps
 timestamp= 1619804918000 [RUN] Validate step: 
The test system VALIDATES THAT the simulator S Status.GetEnvironment is nearly equal to {"x": -70.2, "y": 10.12, "z": 352.2, "rain": 0.0, "fog": 0.0, "wetness": 0.0, "timeofday": 12.0, "signal": -1.0, "rx": 0.03, "ry": 307.21, "rz": -0.0, "speed": 4.92}
 timestamp= 1619804918000 [RES] Validate result: 
true
 timestamp= 1619804918000 [RUN] Execute API step: 
The environment controller C INVOKES API Control.Agents.Pedestrians.WalkRandomly(which_lane=Left_Lane).
 timestamp= 1619804922000 [RES] API result: 
{"pose_arr":[{"vx":2.62,"ay":-1.27,"az":9.84,"ax":-0.97,"pz":10.13,"vy":2.62,"px":552803.23,"py":4182838.63},{"vx":2.89,"ay":0.21,"az":9.82,"ax":0.16,"pz":10.12,"vy":2.89,"px":552800.76,"py":4182840.51},{"vx":3.27,"ay":0.21,"az":9.82,"ax":0.16,"pz":10.12,"vy":3.27,"px":552797.9,"py":4182842.67},{"vx":3.6,"ay":0.6,"az":9.81,"ax":0.46,"pz":10.12,"vy":3.6,"px":552795.1,"py":4182844.79},{"vx":3.46,"ay":-2.5,"az":9.81,"ax":1.25,"pz":10.13,"vy":3.46,"px":552792.76,"py":4182846.57},{"vx":3.06,"ay":-0.66,"az":9.94,"ax":-1.09,"pz":10.13,"vy":3.06,"px":552790.14,"py":4182849.03}],"traffic_light":[1,3,3,3,3,1],"state_arr":[{"acceleration":-0.19,"throttle":0,"steering_target":0.08,"brake":14.5,"steering_rate":100,"speed":4.34},{"acceleration":0.25,"throttle":15.7,"steering_target":0.12,"brake":0,"steering_rate":100,"speed":4.75},{"acceleration":1.21,"throttle":19.18,"steering_target":0.13,"brake":0,"steering_rate":100,"speed":4.96},{"acceleration":0.8,"throttle":23.82,"steering_target":0.22,"brake":0,"steering_rate":100,"speed":5.76},{"acceleration":-1.07,"throttle":0,"steering_target":-11.09,"brake":21.08,"steering_rate":100,"speed":5.73},{"acceleration":-2.06,"throttle":0,"steering_target":-0.34,"brake":31.65,"steering_rate":100,"speed":4.94},{"acceleration":0.77,"throttle":23.45,"steering_target":22.17,"brake":0,"steering_rate":100,"speed":4.1}],"obstacle_arr":[[],[],[{"acceleration":{"y":0,"x":0,"z":0},"position":{"y":4182836.55,"x":552805.78,"z":10.51},"volume":0.1,"type":"PEDESTRIAN","velocity":{"y":-0.29,"x":0.82,"z":0}}],[{"acceleration":{"y":-0.02,"x":0.37,"z":0},"position":{"y":4182836.15,"x":552806.65,"z":10.48},"volume":0.12,"type":"PEDESTRIAN","velocity":{"y":-0.44,"x":1.27,"z":0}}],[{"acceleration":{"y":0,"x":0,"z":0},"position":{"y":4182848.61,"x":552787.71,"z":10.43},"volume":0.16,"type":"PEDESTRIAN","velocity":{"y":0,"x":0,"z":0}}],[{"acceleration":{"y":0,"x":0,"z":0},"position":{"y":4182849.22,"x":552788.03,"z":10.56},"volume":0.29,"type":"PEDESTRIAN","velocity":{"y":0,"x":0,"z":0}}],[]],"action_description":"Pedestrian crossing the road (left to right)","ev_state":[-85.8713226318359,10.1242570877075,364.892547607422,0,0,0,12,-1,0.0747792944312096,311.001831054688,359.643737792969,4.104167832631803],"collision_probability":1}
 timestamp= 1619804922000 [RUN] Validate G1 Guard Condition: 
The ego vehicle E Detection.Collision == True.
 timestamp= 1619804922000 [RES] Global Validate result: 
true
 timestamp= 1619804922000 [RUN] Collision == True
 timestamp= 1619804922000 [RUN] Validate G2 Guard Condition: 
The ego vehicle E Detection.OffRoad == True.
 timestamp= 1619804922000 [RES] Global Validate result: 
false
 timestamp= 1619804922000 [RUN] Validate G3 Guard Condition: 
The ego vehicle E Detection.HardBrake == True.
 timestamp= 1619804922000 [RES] Global Validate result: 
false
 timestamp= 1619804922000 [RUN] Validate G4 Guard Condition: 
The ego vehicle E Detection.ArrivalTest == True.
 timestamp= 1619804922000 [RES] Global Validate result: 
false
 timestamp= 1619804922000 [RUN] Validate step: 
The test system VALIDATES THAT the Apollo A Status.GetControl is nearly equal to {"acceleration": 0.77, "throttle": 23.45, "steering_target": 22.17, "brake": 0.0, "steering_rate": 100.0, "speed": 4.1}
 timestamp= 1619804922000 [RES] Validate result: 
true
 timestamp= 1619804922000 [RUN] Generate steps
 timestamp= 1619804922000 [RUN] Validate step: 
The test system VALIDATES THAT the simulator S Status.GetEnvironment is nearly equal to {"x": -85.87, "y": 10.12, "z": 364.89, "rain": 0.0, "fog": 0.0, "wetness": 0.0, "timeofday": 12.0, "signal": -1.0, "rx": 0.07, "ry": 311.0, "rz": 359.64, "speed": 4.1}
 timestamp= 1619804922000 [RES] Validate result: 
true
 timestamp= 1619804922000 [RUN] Execute API step: 
The environment controller C INVOKES API Control.Agents.Pedestrians.WalkRandomly(which_lane=Left_Lane).
 timestamp= 1619804925000 [RES] API result: 
{"pose_arr":[{"vx":2.75,"ay":3.11,"az":9.71,"ax":2.49,"pz":10.12,"vy":2.75,"px":552788.53,"py":4182850.55},{"vx":3.64,"ay":0.48,"az":9.82,"ax":0.42,"pz":10.12,"vy":3.64,"px":552785.58,"py":4182852.82},{"vx":3.54,"ay":-0.06,"az":9.81,"ax":0.67,"pz":10.12,"vy":3.54,"px":552782.77,"py":4182855.08},{"vx":3.15,"ay":-0.43,"az":9.81,"ax":-0.34,"pz":10.13,"vy":3.15,"px":552779.93,"py":4182857.24},{"vx":2.54,"ay":-1.41,"az":9.82,"ax":-1.05,"pz":10.13,"vy":2.54,"px":552777.24,"py":4182859.27},{"vx":1.52,"ay":-2.31,"az":9.81,"ax":-1.71,"pz":10.13,"vy":1.52,"px":552775.66,"py":4182860.44},{"vx":0.87,"ay":-1.67,"az":9.81,"ax":-1.32,"pz":10.13,"vy":0.87,"px":552774.94,"py":4182860.97}],"traffic_light":[0,1,3,1,1,1],"state_arr":[{"acceleration":1.36,"throttle":90.22,"steering_target":-0.02,"brake":0,"steering_rate":100,"speed":4.88},{"acceleration":0.36,"throttle":16.59,"steering_target":-1.22,"brake":0,"steering_rate":100,"speed":5.74},{"acceleration":-0.61,"throttle":0,"steering_target":1.01,"brake":14.5,"steering_rate":100,"speed":5.93},{"acceleration":-0.04,"throttle":0,"steering_target":1.05,"brake":14.5,"steering_rate":100,"speed":5.29},{"acceleration":-0.75,"throttle":0,"steering_target":0.93,"brake":16.92,"steering_rate":100,"speed":4.75},{"acceleration":-3.43,"throttle":0,"steering_target":0.52,"brake":43.24,"steering_rate":100,"speed":3.88},{"acceleration":-2.23,"throttle":0,"steering_target":2.86,"brake":33.38,"steering_rate":100,"speed":2.01}],"obstacle_arr":[[],[],[],[{"acceleration":{"y":-0.04,"x":0.26,"z":0},"position":{"y":4182861.19,"x":552772.43,"z":10.5},"volume":0.22,"type":"PEDESTRIAN","velocity":{"y":-0.27,"x":1.42,"z":0}},{"acceleration":{"y":0,"x":0,"z":0},"position":{"y":4182851.38,"x":552787.94,"z":10.47},"volume":0.18,"type":"PEDESTRIAN","velocity":{"y":0,"x":0,"z":0}}],[{"acceleration":{"y":0.43,"x":-0.59,"z":0},"position":{"y":4182860.97,"x":552773.06,"z":10.54},"volume":0.17,"type":"PEDESTRIAN","velocity":{"y":-0.03,"x":1.02,"z":0}}],[{"acceleration":{"y":0.14,"x":-0.92,"z":0},"position":{"y":4182861.14,"x":552773.63,"z":10.53},"volume":0.3,"type":"PEDESTRIAN","velocity":{"y":0.09,"x":0.56,"z":0}}],[]],"action_description":"Pedestrian crossing the road (left to right)","ev_state":[-100.232055664063,10.1247692108154,375.860015869141,0,0,0,12,-1,0.138229355216026,307.404296875,359.939178466797,1.2294712414188338],"collision_probability":1}
 timestamp= 1619804925000 [RUN] Validate G1 Guard Condition: 
The ego vehicle E Detection.Collision == True.
 timestamp= 1619804925000 [RES] Global Validate result: 
true
 timestamp= 1619804925000 [RUN] Collision == True
 timestamp= 1619804925000 [RUN] Validate G2 Guard Condition: 
The ego vehicle E Detection.OffRoad == True.
 timestamp= 1619804925000 [RES] Global Validate result: 
false
 timestamp= 1619804925000 [RUN] Validate G3 Guard Condition: 
The ego vehicle E Detection.HardBrake == True.
 timestamp= 1619804925000 [RES] Global Validate result: 
true
 timestamp= 1619804925000 [RUN] HardBrake == True
 timestamp= 1619804925000 [RUN] RESUME STEP @preStep
 timestamp= 1619804925000 [RUN] Resume step basicflow19
 timestamp= 1619804925000 [RUN] Validate G4 Guard Condition: 
The ego vehicle E Detection.ArrivalTest == True.
 timestamp= 1619804925000 [RES] Global Validate result: 
false
 timestamp= 1619804925000 [RUN] Validate step: 
The test system VALIDATES THAT the Apollo A Status.GetControl is nearly equal to {"acceleration": -2.23, "throttle": 0.0, "steering_target": 2.86, "brake": 33.38, "steering_rate": 100.0, "speed": 2.01}
 timestamp= 1619804925000 [RES] Validate result: 
true
 timestamp= 1619804925000 [RUN] Generate steps
 timestamp= 1619804925000 [RUN] Validate step: 
The test system VALIDATES THAT the simulator S Status.GetEnvironment is nearly equal to {"x": -100.23, "y": 10.12, "z": 375.86, "rain": 0.0, "fog": 0.0, "wetness": 0.0, "timeofday": 12.0, "signal": -1.0, "rx": 0.14, "ry": 307.4, "rz": 359.94, "speed": 1.23}
 timestamp= 1619804925000 [RES] Validate result: 
true
 timestamp= 1619804925000 [RUN] Execute API step: 
The environment controller C INVOKES API Control.Agents.NPCVehicle.NPCVehicleSwitchLane(which_lane=Right_Lane&which_car=Jeep).
 timestamp= 1619804929000 [RES] API result: 
{"pose_arr":[{"vx":0.38,"ay":-1.07,"az":9.82,"ax":-0.81,"pz":10.13,"vy":0.38,"px":552774.54,"py":4182861.28},{"vx":0.16,"ay":-0.37,"az":9.81,"ax":-0.27,"pz":10.13,"vy":0.16,"px":552774.38,"py":4182861.4},{"vx":0.57,"ay":0.82,"az":9.8,"ax":0.59,"pz":10.12,"vy":0.57,"px":552774.14,"py":4182861.6},{"vx":1.46,"ay":-0.42,"az":9.91,"ax":-0.26,"pz":10.12,"vy":1.46,"px":552773.14,"py":4182862.39},{"vx":1.43,"ay":0.22,"az":9.81,"ax":0.16,"pz":10.12,"vy":1.43,"px":552771.8,"py":4182863.37},{"vx":1.54,"ay":0.29,"az":9.81,"ax":0.18,"pz":10.12,"vy":1.54,"px":552770.61,"py":4182864.21}],"traffic_light":[1,1,3,1,1,1],"state_arr":[{"acceleration":-1.6,"throttle":0,"steering_target":2.78,"brake":28,"steering_rate":100,"speed":1.23},{"acceleration":-0.66,"throttle":0,"steering_target":1.92,"brake":16.91,"steering_rate":100,"speed":0.5},{"acceleration":0.31,"throttle":32.37,"steering_target":1.37,"brake":0,"steering_rate":100,"speed":0.25},{"acceleration":0.55,"throttle":34.66,"steering_target":4.99,"brake":0,"steering_rate":100,"speed":1.66},{"acceleration":-0.16,"throttle":0,"steering_target":1.68,"brake":14.5,"steering_rate":100,"speed":2.44},{"acceleration":0.25,"throttle":15.7,"steering_target":-0.25,"brake":0,"steering_rate":100,"speed":2.5},{"acceleration":0.4,"throttle":17.11,"steering_target":0.09,"brake":0,"steering_rate":100,"speed":2.66},{"acceleration":-0.08,"throttle":0,"steering_target":0.2,"brake":14.5,"steering_rate":100,"speed":3.56}],"obstacle_arr":[[],[],[],[],[],[],[{"acceleration":{"y":0,"x":0,"z":0},"position":{"y":4182882.05,"x":552758.29,"z":10.3},"volume":7.9,"type":"VEHICLE","velocity":{"y":0,"x":0,"z":0}},{"acceleration":{"y":0,"x":0,"z":0},"position":{"y":4182861.55,"x":552774.97,"z":10.42},"volume":0.3,"type":"PEDESTRIAN","velocity":{"y":0,"x":0,"z":0}}]],"action_description":"NPC vehicle (Jeep) switching lane (right to left)","ev_state":[-105.799102783203,10.1245832443237,379.927368164063,0,0,0,12,-1,359.869476318359,305.524444580078,-0.00187398458365351,3.5607386731271573],"collision_probability":0.595}
 timestamp= 1619804929000 [RUN] Validate G1 Guard Condition: 
The ego vehicle E Detection.Collision == True.
 timestamp= 1619804929000 [RES] Global Validate result: 
false
 timestamp= 1619804929000 [RUN] Validate G2 Guard Condition: 
The ego vehicle E Detection.OffRoad == True.
 timestamp= 1619804929000 [RES] Global Validate result: 
false
 timestamp= 1619804929000 [RUN] Validate G3 Guard Condition: 
The ego vehicle E Detection.HardBrake == True.
 timestamp= 1619804929000 [RES] Global Validate result: 
true
 timestamp= 1619804929000 [RUN] HardBrake == True
 timestamp= 1619804929000 [RUN] RESUME STEP @preStep
 timestamp= 1619804929000 [RUN] Resume step basicflow22
 timestamp= 1619804929000 [RUN] Validate G4 Guard Condition: 
The ego vehicle E Detection.ArrivalTest == True.
 timestamp= 1619804929000 [RES] Global Validate result: 
false
 timestamp= 1619804929000 [RUN] Validate step: 
The test system VALIDATES THAT the Apollo A Status.GetControl is nearly equal to {"acceleration": -0.08, "throttle": 0.0, "steering_target": 0.2, "brake": 14.5, "steering_rate": 100.0, "speed": 3.56}
 timestamp= 1619804929000 [RES] Validate result: 
true
 timestamp= 1619804929000 [RUN] Generate steps
 timestamp= 1619804929000 [RUN] Validate step: 
The test system VALIDATES THAT the simulator S Status.GetEnvironment is nearly equal to {"x": -105.8, "y": 10.12, "z": 379.93, "rain": 0.0, "fog": 0.0, "wetness": 0.0, "timeofday": 12.0, "signal": -1.0, "rx": 359.87, "ry": 305.52, "rz": -0.0, "speed": 3.56}
 timestamp= 1619804929000 [RES] Validate result: 
true
 timestamp= 1619804929000 [RUN] Execute API step: 
The environment controller C INVOKES API Control.Agents.Pedestrians.WalkRandomly(which_lane=Left_Lane).
 timestamp= 1619804933000 [RES] API result: 
{"pose_arr":[{"vx":2.06,"ay":0.37,"az":9.79,"ax":0.27,"pz":10.12,"vy":2.06,"px":552769.37,"py":4182865.1},{"vx":2.59,"ay":0.83,"az":9.81,"ax":0.6,"pz":10.12,"vy":2.59,"px":552767.99,"py":4182866.09},{"vx":2.86,"ay":0.59,"az":9.82,"ax":0.44,"pz":10.12,"vy":2.86,"px":552765.37,"py":4182867.95},{"vx":3.37,"ay":2.52,"az":9.76,"ax":1.79,"pz":10.12,"vy":3.37,"px":552762.72,"py":4182869.84},{"vx":3.68,"ay":0.2,"az":9.82,"ax":0.15,"pz":10.12,"vy":3.68,"px":552759.4,"py":4182872.2},{"vx":3.84,"ay":0.5,"az":9.8,"ax":0.31,"pz":10.12,"vy":3.84,"px":552756.47,"py":4182874.28},{"vx":3.55,"ay":0.23,"az":9.8,"ax":0.12,"pz":10.12,"vy":3.55,"px":552752.81,"py":4182876.88}],"traffic_light":[3,3,3,3,3,3,3],"state_arr":[{"acceleration":0.58,"throttle":20.28,"steering_target":0.13,"brake":0,"steering_rate":100,"speed":4.54},{"acceleration":0.89,"throttle":18.01,"steering_target":-0.05,"brake":0,"steering_rate":100,"speed":4.88},{"acceleration":1.27,"throttle":37.14,"steering_target":0.15,"brake":0,"steering_rate":100,"speed":5.13},{"acceleration":0.55,"throttle":15.7,"steering_target":0.27,"brake":0,"steering_rate":100,"speed":6.28},{"acceleration":0.78,"throttle":22.82,"steering_target":-0.27,"brake":0,"steering_rate":100,"speed":6.4},{"acceleration":-0.58,"throttle":0,"steering_target":0.68,"brake":17.97,"steering_rate":100,"speed":6.62},{"acceleration":0.28,"throttle":15.7,"steering_target":0.5,"brake":0,"steering_rate":100,"speed":6.14}],"obstacle_arr":[[],[{"acceleration":{"y":0,"x":0,"z":0},"position":{"y":4182880.43,"x":552760.7,"z":10.33},"volume":11.25,"type":"VEHICLE","velocity":{"y":0,"x":0,"z":0}}],[{"acceleration":{"y":0,"x":0,"z":0},"position":{"y":4182879.1,"x":552762.3,"z":10.33},"volume":10.67,"type":"VEHICLE","velocity":{"y":0,"x":0,"z":0}}],[{"acceleration":{"y":0,"x":0,"z":0},"position":{"y":4182876.24,"x":552764.01,"z":10.34},"volume":2.37,"type":"VEHICLE","velocity":{"y":0,"x":0,"z":0}}],[{"acceleration":{"y":0.65,"x":-0.11,"z":0},"position":{"y":4182876.48,"x":552765.92,"z":10.34},"volume":10.89,"type":"VEHICLE","velocity":{"y":0,"x":0,"z":0}},{"acceleration":{"y":0.05,"x":-0.02,"z":0},"position":{"y":4182876.57,"x":552751.52,"z":10.42},"volume":0.16,"type":"PEDESTRIAN","velocity":{"y":0.66,"x":-0.22,"z":0}}],[{"acceleration":{"y":0.05,"x":1.83,"z":0},"position":{"y":4182874.17,"x":552768.98,"z":10.32},"volume":8.29,"type":"VEHICLE","velocity":{"y":0.13,"x":1.85,"z":0}}]],"action_description":"Pedestrian crossing the road (left to right)","ev_state":[-124.160598754883,10.1242275238037,392.967681884766,0,0,0,12,-1,-0.00552720623090863,305.312652587891,359.984191894531,6.200943424869956],"collision_probability":1}
 timestamp= 1619804933000 [RUN] Validate G1 Guard Condition: 
The ego vehicle E Detection.Collision == True.
 timestamp= 1619804933000 [RES] Global Validate result: 
true
 timestamp= 1619804933000 [RUN] Collision == True
 timestamp= 1619804933000 [RUN] Validate G2 Guard Condition: 
The ego vehicle E Detection.OffRoad == True.
 timestamp= 1619804933000 [RES] Global Validate result: 
false
 timestamp= 1619804933000 [RUN] Validate G3 Guard Condition: 
The ego vehicle E Detection.HardBrake == True.
 timestamp= 1619804933000 [RES] Global Validate result: 
false
 timestamp= 1619804933000 [RUN] Validate G4 Guard Condition: 
The ego vehicle E Detection.ArrivalTest == True.
 timestamp= 1619804933000 [RES] Global Validate result: 
false
 timestamp= 1619804933000 [RUN] Validate step: 
The test system VALIDATES THAT the Apollo A Status.GetControl is nearly equal to {"acceleration": 0.28, "throttle": 15.7, "steering_target": 0.5, "brake": 0.0, "steering_rate": 100.0, "speed": 6.14}
 timestamp= 1619804933000 [RES] Validate result: 
true
 timestamp= 1619804933000 [RUN] Generate steps
 timestamp= 1619804933000 [RUN] Validate step: 
The test system VALIDATES THAT the simulator S Status.GetEnvironment is nearly equal to {"x": -124.16, "y": 10.12, "z": 392.97, "rain": 0.0, "fog": 0.0, "wetness": 0.0, "timeofday": 12.0, "signal": -1.0, "rx": -0.01, "ry": 305.31, "rz": 359.98, "speed": 6.2}
 timestamp= 1619804933000 [RES] Validate result: 
true
 timestamp= 1619804933000 [RUN] Execute API step: 
The environment controller C INVOKES API Control.Weather.Rain(rain_level=Heavy).
 timestamp= 1619804937000 [RES] API result: 
{"pose_arr":[{"vx":3.57,"ay":0.49,"az":9.82,"ax":0.15,"pz":10.12,"vy":3.57,"px":552750.65,"py":4182878.4},{"vx":3.85,"ay":0.15,"az":9.83,"ax":0.21,"pz":10.12,"vy":3.85,"px":552747.17,"py":4182880.86},{"vx":4.11,"ay":0.97,"az":9.78,"ax":0.67,"pz":10.12,"vy":4.11,"px":552743.53,"py":4182883.36},{"vx":4.11,"ay":0.2,"az":9.81,"ax":0.13,"pz":10.12,"vy":4.11,"px":552739.8,"py":4182885.97},{"vx":4.21,"ay":0.18,"az":9.81,"ax":0.16,"pz":10.12,"vy":4.21,"px":552737.27,"py":4182887.7},{"vx":4.7,"ay":0.19,"az":9.87,"ax":0.17,"pz":10.12,"vy":4.7,"px":552732.84,"py":4182890.74},{"vx":4.79,"ay":0.18,"az":9.81,"ax":0.12,"pz":10.12,"vy":4.79,"px":552728.31,"py":4182893.82}],"traffic_light":[3,3,3,0,3,3,3],"state_arr":[{"acceleration":1.44,"throttle":31.94,"steering_target":1.49,"brake":0,"steering_rate":100,"speed":6.2},{"acceleration":1.11,"throttle":15.7,"steering_target":-0.57,"brake":0,"steering_rate":100,"speed":6.78},{"acceleration":1.14,"throttle":15.7,"steering_target":-1.46,"brake":0,"steering_rate":100,"speed":7.04},{"acceleration":1.13,"throttle":15.7,"steering_target":1.83,"brake":0,"steering_rate":100,"speed":7.29},{"acceleration":1.1,"throttle":15.7,"steering_target":-0.47,"brake":0,"steering_rate":100,"speed":7.43},{"acceleration":0.31,"throttle":15.7,"steering_target":0.77,"brake":0,"steering_rate":100,"speed":8.32},{"acceleration":0.08,"throttle":15.7,"steering_target":-0.4,"brake":0,"steering_rate":100,"speed":8.47},{"acceleration":0.06,"throttle":15.7,"steering_target":0.34,"brake":0,"steering_rate":100,"speed":8.57}],"obstacle_arr":[[],[],[],[{"acceleration":{"y":0,"x":-0.01,"z":0},"position":{"y":4182880.91,"x":552746.76,"z":10.51},"volume":0.18,"type":"PEDESTRIAN","velocity":{"y":0,"x":0,"z":0}}],[{"acceleration":{"y":0,"x":0,"z":0},"position":{"y":4182880.92,"x":552747.79,"z":10.6},"volume":0.12,"type":"PEDESTRIAN","velocity":{"y":0,"x":0,"z":0}}],[],[]],"action_description":"Heavy rain","ev_state":[-148.69660949707,10.1237344741821,409.855865478516,1,0,1,12,1,359.984619140625,304.296417236328,0.0157181359827518,8.573888500008692],"collision_probability":0.596}
 timestamp= 1619804937000 [RUN] Validate G1 Guard Condition: 
The ego vehicle E Detection.Collision == True.
 timestamp= 1619804937000 [RES] Global Validate result: 
false
 timestamp= 1619804937000 [RUN] Validate G2 Guard Condition: 
The ego vehicle E Detection.OffRoad == True.
 timestamp= 1619804937000 [RES] Global Validate result: 
false
 timestamp= 1619804937000 [RUN] Validate G3 Guard Condition: 
The ego vehicle E Detection.HardBrake == True.
 timestamp= 1619804937000 [RES] Global Validate result: 
false
 timestamp= 1619804937000 [RUN] Validate G4 Guard Condition: 
The ego vehicle E Detection.ArrivalTest == True.
 timestamp= 1619804937000 [RES] Global Validate result: 
false
 timestamp= 1619804937000 [RUN] Validate step: 
The test system VALIDATES THAT the Apollo A Status.GetControl is nearly equal to {"acceleration": 0.06, "throttle": 15.7, "steering_target": 0.34, "brake": 0.0, "steering_rate": 100.0, "speed": 8.57}
 timestamp= 1619804937000 [RES] Validate result: 
true
 timestamp= 1619804937000 [RUN] Generate steps
 timestamp= 1619804937000 [RUN] Validate step: 
The test system VALIDATES THAT the simulator S Status.GetEnvironment is nearly equal to {"x": -148.7, "y": 10.12, "z": 409.86, "rain": 1.0, "fog": 0.0, "wetness": 1.0, "timeofday": 12.0, "signal": 1.0, "rx": 359.98, "ry": 304.3, "rz": 0.02, "speed": 8.57}
 timestamp= 1619804937000 [RES] Validate result: 
true
 timestamp= 1619804937000 [RUN] Execute API step: 
The environment controller C INVOKES API Control.Agents.Pedestrians.WalkRandomly(which_lane=Left_Lane).
 timestamp= 1619804940000 [RES] API result: 
{"pose_arr":[{"vx":4.83,"ay":0.22,"az":9.81,"ax":0.06,"pz":10.12,"vy":4.83,"px":552725.16,"py":4182895.96},{"vx":4.32,"ay":-0.54,"az":9.84,"ax":-0.34,"pz":10.12,"vy":4.32,"px":552719.8,"py":4182899.42},{"vx":4.52,"ay":0.35,"az":9.8,"ax":-0.57,"pz":10.12,"vy":4.52,"px":552715.69,"py":4182901.8},{"vx":4.18,"ay":0,"az":9.81,"ax":0,"pz":10.12,"vy":4.18,"px":552710.83,"py":4182904.69},{"vx":4.17,"ay":0.2,"az":9.8,"ax":0.1,"pz":10.12,"vy":4.17,"px":552705.78,"py":4182907.61},{"vx":4.3,"ay":0.29,"az":9.81,"ax":0.17,"pz":10.12,"vy":4.3,"px":552700.95,"py":4182910.43},{"vx":4.37,"ay":0.19,"az":9.81,"ax":0.11,"pz":10.12,"vy":4.37,"px":552697.76,"py":4182912.31}],"traffic_light":[3,0,3,3,3,3],"state_arr":[{"acceleration":-0.06,"throttle":0,"steering_target":6.93,"brake":14.5,"steering_rate":100,"speed":8.68},{"acceleration":0.02,"throttle":15.7,"steering_target":-3.56,"brake":0,"steering_rate":100,"speed":8.63},{"acceleration":-0.07,"throttle":0,"steering_target":3.97,"brake":14.5,"steering_rate":100,"speed":8.61},{"acceleration":-0.98,"throttle":0,"steering_target":-2.35,"brake":17.1,"steering_rate":100,"speed":8.46},{"acceleration":0.21,"throttle":15.7,"steering_target":0.84,"brake":0,"steering_rate":100,"speed":8.21},{"acceleration":0.34,"throttle":16.15,"steering_target":-0.95,"brake":0,"steering_rate":100,"speed":8.4},{"acceleration":0.25,"throttle":15.7,"steering_target":-0.27,"brake":0,"steering_rate":100,"speed":8.52}],"obstacle_arr":[[],[],[],[],[],[{"acceleration":{"y":0,"x":0,"z":0},"position":{"y":4182904.88,"x":552710.18,"z":10.52},"volume":0.18,"type":"PEDESTRIAN","velocity":{"y":0,"x":0,"z":0}}]],"action_description":"Pedestrian crossing the road (left to right)","ev_state":[-177.863677978516,10.1237182617188,427.259643554688,1,0,1,12,1,359.983551025391,300.681518554688,0.0152531145140529,8.574018552023986],"collision_probability":1}
 timestamp= 1619804940000 [RUN] Validate G1 Guard Condition: 
The ego vehicle E Detection.Collision == True.
 timestamp= 1619804940000 [RES] Global Validate result: 
true
 timestamp= 1619804940000 [RUN] Collision == True
 timestamp= 1619804940000 [RUN] Validate G2 Guard Condition: 
The ego vehicle E Detection.OffRoad == True.
 timestamp= 1619804940000 [RES] Global Validate result: 
false
 timestamp= 1619804940000 [RUN] Validate G3 Guard Condition: 
The ego vehicle E Detection.HardBrake == True.
 timestamp= 1619804940000 [RES] Global Validate result: 
false
 timestamp= 1619804940000 [RUN] Validate G4 Guard Condition: 
The ego vehicle E Detection.ArrivalTest == True.
 timestamp= 1619804941000 [RES] Global Validate result: 
false
 timestamp= 1619804941000 [RUN] Validate step: 
The test system VALIDATES THAT the Apollo A Status.GetControl is nearly equal to {"acceleration": 0.25, "throttle": 15.7, "steering_target": -0.27, "brake": 0.0, "steering_rate": 100.0, "speed": 8.52}
 timestamp= 1619804941000 [RES] Validate result: 
true
 timestamp= 1619804941000 [RUN] Generate steps
 timestamp= 1619804941000 [RUN] Validate step: 
The test system VALIDATES THAT the simulator S Status.GetEnvironment is nearly equal to {"x": -177.86, "y": 10.12, "z": 427.26, "rain": 1.0, "fog": 0.0, "wetness": 1.0, "timeofday": 12.0, "signal": 1.0, "rx": 359.98, "ry": 300.68, "rz": 0.02, "speed": 8.57}
 timestamp= 1619804941000 [RES] Validate result: 
true
 timestamp= 1619804941000 [RUN] Execute API step: 
The environment controller C INVOKES API Control.Agents.Pedestrians.WalkRandomly(which_lane=Left_Lane).
 timestamp= 1619804944000 [RES] API result: 
{"pose_arr":[{"vx":4.49,"ay":0.23,"az":9.81,"ax":0.14,"pz":10.12,"vy":4.49,"px":552693.56,"py":4182914.8},{"vx":4.25,"ay":-0.04,"az":9.81,"ax":0.04,"pz":10.12,"vy":4.25,"px":552689.86,"py":4182916.99},{"vx":4.23,"ay":-0.42,"az":9.84,"ax":-0.56,"pz":10.12,"vy":4.23,"px":552685.52,"py":4182919.39},{"vx":3.94,"ay":-0.55,"az":9.81,"ax":-0.29,"pz":10.12,"vy":3.94,"px":552680.38,"py":4182922.16},{"vx":3.75,"ay":-0.54,"az":9.81,"ax":-0.29,"pz":10.12,"vy":3.75,"px":552675.13,"py":4182924.97},{"vx":3.62,"ay":-0.54,"az":9.81,"ax":-0.26,"pz":10.12,"vy":3.62,"px":552671.6,"py":4182926.87}],"traffic_light":[3,3,3,3,3,3],"state_arr":[{"acceleration":0.37,"throttle":16.85,"steering_target":-0.55,"brake":0,"steering_rate":100,"speed":8.66},{"acceleration":0.25,"throttle":15.7,"steering_target":4.72,"brake":0,"steering_rate":100,"speed":8.78},{"acceleration":-0.12,"throttle":0,"steering_target":0.35,"brake":14.5,"steering_rate":100,"speed":8.89},{"acceleration":-0.3,"throttle":0,"steering_target":0.38,"brake":14.5,"steering_rate":100,"speed":8.56},{"acceleration":-0.12,"throttle":0,"steering_target":-0.43,"brake":14.5,"steering_rate":100,"speed":8.21},{"acceleration":-0.33,"throttle":0,"steering_target":-0.16,"brake":14.5,"steering_rate":100,"speed":7.91},{"acceleration":-0.28,"throttle":0,"steering_target":-0.92,"brake":18.85,"steering_rate":100,"speed":7.6}],"obstacle_arr":[[{"acceleration":{"y":0,"x":0,"z":0},"position":{"y":4182919.51,"x":552696.85,"z":10.34},"volume":0.02,"type":"UNKNOWN","velocity":{"y":0,"x":0,"z":0}}],[{"acceleration":{"y":0,"x":0,"z":0},"position":{"y":4182919.84,"x":552696.24,"z":10.34},"volume":0.05,"type":"UNKNOWN","velocity":{"y":0,"x":0,"z":0}}],[{"acceleration":{"y":0,"x":0,"z":0},"position":{"y":4182919.72,"x":552678.94,"z":10.61},"volume":0.15,"type":"PEDESTRIAN","velocity":{"y":0.71,"x":-0.77,"z":0}}],[{"acceleration":{"y":0,"x":0,"z":0},"position":{"y":4182919.73,"x":552679.29,"z":10.42},"volume":0.17,"type":"PEDESTRIAN","velocity":{"y":0.49,"x":-0.55,"z":0}}],[{"acceleration":{"y":-0.66,"x":0.57,"z":0},"position":{"y":4182919.38,"x":552680.41,"z":10.79},"volume":0.24,"type":"PEDESTRIAN","velocity":{"y":0,"x":0,"z":0}}],[{"acceleration":{"y":-0.01,"x":0,"z":0},"position":{"y":4182919.77,"x":552680.2,"z":10.42},"volume":0.22,"type":"PEDESTRIAN","velocity":{"y":0,"x":0,"z":0}}],[{"acceleration":{"y":0,"x":0,"z":0},"position":{"y":4182919.39,"x":552681.14,"z":10.54},"volume":0.09,"type":"PEDESTRIAN","velocity":{"y":0,"x":0,"z":0}}]],"action_description":"Pedestrian crossing the road (left to right)","ev_state":[-206.993881225586,10.1240243911743,443.351806640625,1,0,1,12,0,0.0375957377254963,298.745239257813,0.0295235626399517,7.263313440407323],"collision_probability":0.332}
 timestamp= 1619804944000 [RUN] Validate G1 Guard Condition: 
The ego vehicle E Detection.Collision == True.
 timestamp= 1619804944000 [RES] Global Validate result: 
false
 timestamp= 1619804944000 [RUN] Validate G2 Guard Condition: 
The ego vehicle E Detection.OffRoad == True.
 timestamp= 1619804944000 [RES] Global Validate result: 
false
 timestamp= 1619804944000 [RUN] Validate G3 Guard Condition: 
The ego vehicle E Detection.HardBrake == True.
 timestamp= 1619804944000 [RES] Global Validate result: 
false
 timestamp= 1619804944000 [RUN] Validate G4 Guard Condition: 
The ego vehicle E Detection.ArrivalTest == True.
 timestamp= 1619804944000 [RES] Global Validate result: 
false
 timestamp= 1619804944000 [RUN] Validate step: 
The test system VALIDATES THAT the Apollo A Status.GetControl is nearly equal to {"acceleration": -0.28, "throttle": 0.0, "steering_target": -0.92, "brake": 18.85, "steering_rate": 100.0, "speed": 7.6}
 timestamp= 1619804944000 [RES] Validate result: 
true
 timestamp= 1619804944000 [RUN] Generate steps
 timestamp= 1619804944000 [RUN] Validate step: 
The test system VALIDATES THAT the simulator S Status.GetEnvironment is nearly equal to {"x": -206.99, "y": 10.12, "z": 443.35, "rain": 1.0, "fog": 0.0, "wetness": 1.0, "timeofday": 12.0, "signal": 0.0, "rx": 0.04, "ry": 298.75, "rz": 0.03, "speed": 7.26}
 timestamp= 1619804944000 [RES] Validate result: 
true
 timestamp= 1619804944000 [RUN] Execute API step: 
The environment controller C INVOKES API Control.Agents.Pedestrians.WalkRandomly(which_lane=Left_Lane).
 timestamp= 1619804948000 [RES] API result: 
{"pose_arr":[{"vx":3.51,"ay":-0.52,"az":9.8,"ax":-0.29,"pz":10.12,"vy":3.51,"px":552668.46,"py":4182928.57},{"vx":3.43,"ay":0,"az":9.81,"ax":0,"pz":10.12,"vy":3.43,"px":552665.05,"py":4182930.44},{"vx":3.32,"ay":-0.5,"az":9.82,"ax":-0.3,"pz":10.12,"vy":3.32,"px":552661.59,"py":4182932.37},{"vx":3.18,"ay":-0.5,"az":9.81,"ax":-0.28,"pz":10.12,"vy":3.18,"px":552657.9,"py":4182934.48},{"vx":3.08,"ay":-0.48,"az":9.81,"ax":-0.29,"pz":10.13,"vy":3.08,"px":552654.49,"py":4182936.47},{"vx":2.92,"ay":-0.48,"az":9.81,"ax":-0.29,"pz":10.13,"vy":2.92,"px":552651.4,"py":4182938.32},{"vx":2.73,"ay":-0.51,"az":9.8,"ax":-0.32,"pz":10.13,"vy":2.73,"px":552649.17,"py":4182939.68}],"traffic_light":[3,3,3,3,3,3],"state_arr":[{"acceleration":-0.09,"throttle":0,"steering_target":-0.53,"brake":14.5,"steering_rate":100,"speed":7.26},{"acceleration":-0.21,"throttle":0,"steering_target":-0.75,"brake":14.5,"steering_rate":100,"speed":7.06},{"acceleration":-0.19,"throttle":0,"steering_target":-0.86,"brake":14.5,"steering_rate":100,"speed":6.77},{"acceleration":-0.21,"throttle":0,"steering_target":-0.92,"brake":14.5,"steering_rate":100,"speed":6.48},{"acceleration":-0.33,"throttle":0,"steering_target":-1.7,"brake":14.5,"steering_rate":100,"speed":6.13},{"acceleration":-0.54,"throttle":0,"steering_target":-0.59,"brake":14.5,"steering_rate":100,"speed":5.91},{"acceleration":-0.74,"throttle":0,"steering_target":-0.9,"brake":16.69,"steering_rate":100,"speed":5.49},{"acceleration":-0.71,"throttle":0,"steering_target":-0.71,"brake":16.49,"steering_rate":100,"speed":4.99}],"obstacle_arr":[[{"acceleration":{"y":-0.15,"x":0.5,"z":0},"position":{"y":4182919.17,"x":552682.1,"z":10.59},"volume":0.09,"type":"PEDESTRIAN","velocity":{"y":-0.02,"x":0.09,"z":0}}],[],[],[],[{"acceleration":{"y":-0.01,"x":0.07,"z":0},"position":{"y":4182933.76,"x":552649.48,"z":10.39},"volume":0.24,"type":"PEDESTRIAN","velocity":{"y":0,"x":0,"z":0}}],[{"acceleration":{"y":0.17,"x":-0.65,"z":0},"position":{"y":4182933.45,"x":552649.68,"z":10.42},"volume":0.23,"type":"PEDESTRIAN","velocity":{"y":0,"x":0,"z":0}}],[{"acceleration":{"y":0.26,"x":-0.7,"z":0},"position":{"y":4182932.92,"x":552650.12,"z":10.42},"volume":0.12,"type":"PEDESTRIAN","velocity":{"y":0.16,"x":-0.52,"z":0}}]],"action_description":"Pedestrian crossing the road (left to right)","ev_state":[-228.153793334961,10.1245079040527,455.712646484375,1,0,1,12,-1,0.0556061565876007,301.737823486328,0.0103606944903731,4.61407457878785],"collision_probability":0}
 timestamp= 1619804948000 [RUN] Validate G1 Guard Condition: 
The ego vehicle E Detection.Collision == True.
 timestamp= 1619804948000 [RES] Global Validate result: 
false
 timestamp= 1619804948000 [RUN] Validate G2 Guard Condition: 
The ego vehicle E Detection.OffRoad == True.
 timestamp= 1619804948000 [RES] Global Validate result: 
false
 timestamp= 1619804948000 [RUN] Validate G3 Guard Condition: 
The ego vehicle E Detection.HardBrake == True.
 timestamp= 1619804948000 [RES] Global Validate result: 
false
 timestamp= 1619804948000 [RUN] Validate G4 Guard Condition: 
The ego vehicle E Detection.ArrivalTest == True.
 timestamp= 1619804948000 [RES] Global Validate result: 
false
 timestamp= 1619804948000 [RUN] Validate step: 
The test system VALIDATES THAT the Apollo A Status.GetControl is nearly equal to {"acceleration": -0.71, "throttle": 0.0, "steering_target": -0.71, "brake": 16.49, "steering_rate": 100.0, "speed": 4.99}
 timestamp= 1619804948000 [RES] Validate result: 
true
 timestamp= 1619804948000 [RUN] Generate steps
 timestamp= 1619804948000 [RUN] Validate step: 
The test system VALIDATES THAT the simulator S Status.GetEnvironment is nearly equal to {"x": -228.15, "y": 10.12, "z": 455.71, "rain": 1.0, "fog": 0.0, "wetness": 1.0, "timeofday": 12.0, "signal": -1.0, "rx": 0.06, "ry": 301.74, "rz": 0.01, "speed": 4.61}
 timestamp= 1619804948000 [RES] Validate result: 
true
 timestamp= 1619804948000 [RUN] Execute API step: 
The environment controller C INVOKES API Control.Agents.Pedestrians.WalkRandomly(which_lane=Left_Lane).
 timestamp= 1619804952000 [RES] API result: 
{"pose_arr":[{"vx":2.45,"ay":-0.45,"az":9.8,"ax":-0.29,"pz":10.13,"vy":2.45,"px":552647.29,"py":4182940.83},{"vx":2.28,"ay":-0.57,"az":9.81,"ax":-0.36,"pz":10.13,"vy":2.28,"px":552645.16,"py":4182942.15},{"vx":1.97,"ay":-0.52,"az":9.8,"ax":-0.33,"pz":10.13,"vy":1.97,"px":552643.36,"py":4182943.28},{"vx":1.75,"ay":-0.59,"az":9.81,"ax":-0.37,"pz":10.13,"vy":1.75,"px":552641.46,"py":4182944.47},{"vx":1.52,"ay":-0.67,"az":9.81,"ax":-0.42,"pz":10.13,"vy":1.52,"px":552639.95,"py":4182945.41},{"vx":1.26,"ay":-0.69,"az":9.81,"ax":-0.44,"pz":10.13,"vy":1.26,"px":552638.62,"py":4182946.26},{"vx":1.02,"ay":-0.65,"az":9.81,"ax":-0.41,"pz":10.13,"vy":1.02,"px":552637.55,"py":4182946.93},{"vx":0.86,"ay":-0.5,"az":9.81,"ax":-0.32,"pz":10.13,"vy":0.86,"px":552636.84,"py":4182947.38}],"traffic_light":[3,3,3,3,3,3,3],"state_arr":[{"acceleration":-0.77,"throttle":0,"steering_target":-0.58,"brake":17.39,"steering_rate":100,"speed":4.61},{"acceleration":-0.89,"throttle":0,"steering_target":-0.48,"brake":26.7,"steering_rate":100,"speed":4.29},{"acceleration":-0.67,"throttle":0,"steering_target":-0.4,"brake":16.17,"steering_rate":100,"speed":3.64},{"acceleration":-0.77,"throttle":0,"steering_target":-0.29,"brake":17.77,"steering_rate":100,"speed":3.32},{"acceleration":-0.8,"throttle":0,"steering_target":-0.19,"brake":18.48,"steering_rate":100,"speed":2.85},{"acceleration":-0.87,"throttle":0,"steering_target":-0.12,"brake":19.4,"steering_rate":100,"speed":2.55},{"acceleration":-0.72,"throttle":0,"steering_target":-0.08,"brake":17.41,"steering_rate":100,"speed":2.05},{"acceleration":-0.64,"throttle":0,"steering_target":-0.07,"brake":16.26,"steering_rate":100,"speed":1.72}],"obstacle_arr":[[{"acceleration":{"y":0.12,"x":-0.41,"z":0},"position":{"y":4182932.52,"x":552650.37,"z":10.48},"volume":0.12,"type":"PEDESTRIAN","velocity":{"y":0.25,"x":-0.77,"z":0}}],[{"acceleration":{"y":0.02,"x":-0.35,"z":0},"position":{"y":4182932.12,"x":552650.8,"z":10.55},"volume":0.08,"type":"PEDESTRIAN","velocity":{"y":0.29,"x":-1.01,"z":0}}],[{"acceleration":{"y":0,"x":0,"z":0},"position":{"y":4182931.69,"x":552651.22,"z":10.82},"volume":0.08,"type":"PEDESTRIAN","velocity":{"y":0,"x":0,"z":0}}],[{"acceleration":{"y":-0.6,"x":0.56,"z":0},"position":{"y":4182931.16,"x":552651.82,"z":10.55},"volume":0.1,"type":"PEDESTRIAN","velocity":{"y":-0.35,"x":0.35,"z":0}}],[{"acceleration":{"y":0.02,"x":-0.01,"z":0},"position":{"y":4182946.77,"x":552628.62,"z":10.46},"volume":0.14,"type":"PEDESTRIAN","velocity":{"y":0,"x":0,"z":0}}],[{"acceleration":{"y":0.3,"x":-0.21,"z":0},"position":{"y":4182946.53,"x":552628.8,"z":10.48},"volume":0.12,"type":"PEDESTRIAN","velocity":{"y":0,"x":0,"z":0}}],[]],"action_description":"Pedestrian crossing the road (left to right)","ev_state":[-238.391708374023,10.1247854232788,462.149444580078,1,0,1,12,-1,0.0369267128407955,302.298889160156,0.000149045212310739,1.5619237349660073],"collision_probability":0}
 timestamp= 1619804952000 [RUN] Validate G1 Guard Condition: 
The ego vehicle E Detection.Collision == True.
 timestamp= 1619804952000 [RES] Global Validate result: 
false
 timestamp= 1619804952000 [RUN] Validate G2 Guard Condition: 
The ego vehicle E Detection.OffRoad == True.
 timestamp= 1619804952000 [RES] Global Validate result: 
false
 timestamp= 1619804952000 [RUN] Validate G3 Guard Condition: 
The ego vehicle E Detection.HardBrake == True.
 timestamp= 1619804952000 [RES] Global Validate result: 
false
 timestamp= 1619804952000 [RUN] Validate G4 Guard Condition: 
The ego vehicle E Detection.ArrivalTest == True.
 timestamp= 1619804952000 [RES] Global Validate result: 
true
 timestamp= 1619804952000 [RUN] ArrivalTest == True
 timestamp= 1619804952000 [RUN] The simulator S INVOKES API Command.Simulation.Stop() to stop simulation.
 timestamp= 1619804952000 [WARNING] The test system Stop the Simulator S!
 timestamp= 1619804952000 [RES] Basic PostCondition Validate result: 
true
 timestamp= 1619804952000 [STOP] numberOfStep: 43 basicFlow: 
[{"name":"","description":"","eClass":"Sentence","content":"The test system VALIDATES THAT the simulator S Status.GetEnvironment is nearly equal to {\"x\": -11.24, \"y\": 10.12, \"z\": 307.56, \"rain\": 0.0, \"fog\": 0.0, \"wetness\": 0.0, \"timeofday\": 12.0, \"signal\": -1.0, \"rx\": 359.92, \"ry\": 307.31, \"rz\": -0.0, \"speed\": 2.7}","natures":[]},{"name":"","description":"","eClass":"Sentence","content":"The environment controller C INVOKES API Control.Agents.Pedestrians.WalkRandomly(which_lane=Left_Lane).","natures":[]},{"name":"","description":"","eClass":"Sentence","content":"The test system VALIDATES THAT the Apollo A Status.GetControl is nearly equal to {\"acceleration\": -4.08, \"throttle\": 0.0, \"steering_target\": 0.07, \"brake\": 48.44, \"steering_rate\": 100.0, \"speed\": 5.23}","natures":[]},{"name":"","description":"","eClass":"Sentence","content":"The test system VALIDATES THAT the simulator S Status.GetEnvironment is nearly equal to {\"x\": -25.65, \"y\": 10.12, \"z\": 318.47, \"rain\": 0.0, \"fog\": 0.0, \"wetness\": 0.0, \"timeofday\": 12.0, \"signal\": 1.0, \"rx\": 0.03, \"ry\": 306.98, \"rz\": -0.0, \"speed\": 5.23}","natures":[]},{"name":"","description":"","eClass":"Sentence","content":"The environment controller C INVOKES API Control.Agents.Pedestrians.WalkRandomly(which_lane=Left_Lane).","natures":[]},{"name":"","description":"","eClass":"Sentence","content":"The test system VALIDATES THAT the Apollo A Status.GetControl is nearly equal to {\"acceleration\": 0.62, \"throttle\": 21.21, \"steering_target\": -0.01, \"brake\": 0.0, \"steering_rate\": 100.0, \"speed\": 3.27}","natures":[]},{"name":"","description":"","eClass":"Sentence","content":"The test system VALIDATES THAT the simulator S Status.GetEnvironment is nearly equal to {\"x\": -32.54, \"y\": 10.12, \"z\": 323.65, \"rain\": 0.0, \"fog\": 0.0, \"wetness\": 0.0, \"timeofday\": 12.0, \"signal\": 0.0, \"rx\": 359.94, \"ry\": 306.94, \"rz\": 0.0, \"speed\": 3.44}","natures":[]},{"name":"","description":"","eClass":"Sentence","content":"The environment controller C INVOKES API Control.Agents.Pedestrians.WalkRandomly(which_lane=Left_Lane).","natures":[]},{"name":"","description":"","eClass":"Sentence","content":"The test system VALIDATES THAT the Apollo A Status.GetControl is nearly equal to {\"acceleration\": 0.36, \"throttle\": 24.04, \"steering_target\": -0.06, \"brake\": 0.0, \"steering_rate\": 100.0, \"speed\": 1.64}","natures":[]},{"name":"","description":"","eClass":"Sentence","content":"The test system VALIDATES THAT the simulator S Status.GetEnvironment is nearly equal to {\"x\": -42.73, \"y\": 10.12, \"z\": 331.32, \"rain\": 0.0, \"fog\": 0.0, \"wetness\": 0.0, \"timeofday\": 12.0, \"signal\": -1.0, \"rx\": 0.0, \"ry\": 307.04, \"rz\": 0.0, \"speed\": 1.58}","natures":[]},{"name":"","description":"","eClass":"Sentence","content":"The environment controller C INVOKES API Control.Agents.Pedestrians.WalkRandomly(which_lane=Left_Lane).","natures":[]},{"name":"","description":"","eClass":"Sentence","content":"The test system VALIDATES THAT the Apollo A Status.GetControl is nearly equal to {\"acceleration\": -2.06, \"throttle\": 0.0, \"steering_target\": -0.23, \"brake\": 31.48, \"steering_rate\": 100.0, \"speed\": 4.3}","natures":[]},{"name":"","description":"","eClass":"Sentence","content":"The test system VALIDATES THAT the simulator S Status.GetEnvironment is nearly equal to {\"x\": -55.72, \"y\": 10.12, \"z\": 341.18, \"rain\": 0.0, \"fog\": 0.0, \"wetness\": 0.0, \"timeofday\": 12.0, \"signal\": -1.0, \"rx\": 0.06, \"ry\": 307.29, \"rz\": 359.97, \"speed\": 4.3}","natures":[]},{"name":"","description":"","eClass":"Sentence","content":"The environment controller C INVOKES API Control.Agents.Pedestrians.WalkRandomly(which_lane=Left_Lane).","natures":[]},{"name":"","description":"","eClass":"Sentence","content":"The test system VALIDATES THAT the Apollo A Status.GetControl is nearly equal to {\"acceleration\": -2.22, \"throttle\": 0.0, \"steering_target\": 0.13, \"brake\": 32.84, \"steering_rate\": 100.0, \"speed\": 4.92}","natures":[]},{"name":"","description":"","eClass":"Sentence","content":"The test system VALIDATES THAT the simulator S Status.GetEnvironment is nearly equal to {\"x\": -70.2, \"y\": 10.12, \"z\": 352.2, \"rain\": 0.0, \"fog\": 0.0, \"wetness\": 0.0, \"timeofday\": 12.0, \"signal\": -1.0, \"rx\": 0.03, \"ry\": 307.21, \"rz\": -0.0, \"speed\": 4.92}","natures":[]},{"name":"","description":"","eClass":"Sentence","content":"The environment controller C INVOKES API Control.Agents.Pedestrians.WalkRandomly(which_lane=Left_Lane).","natures":[]},{"name":"","description":"","eClass":"Sentence","content":"The test system VALIDATES THAT the Apollo A Status.GetControl is nearly equal to {\"acceleration\": 0.77, \"throttle\": 23.45, \"steering_target\": 22.17, \"brake\": 0.0, \"steering_rate\": 100.0, \"speed\": 4.1}","natures":[]},{"name":"","description":"","eClass":"Sentence","content":"The test system VALIDATES THAT the simulator S Status.GetEnvironment is nearly equal to {\"x\": -85.87, \"y\": 10.12, \"z\": 364.89, \"rain\": 0.0, \"fog\": 0.0, \"wetness\": 0.0, \"timeofday\": 12.0, \"signal\": -1.0, \"rx\": 0.07, \"ry\": 311.0, \"rz\": 359.64, \"speed\": 4.1}","natures":[]},{"name":"","description":"","eClass":"Sentence","content":"The environment controller C INVOKES API Control.Agents.Pedestrians.WalkRandomly(which_lane=Left_Lane).","natures":[]},{"name":"","description":"","eClass":"Sentence","content":"The test system VALIDATES THAT the Apollo A Status.GetControl is nearly equal to {\"acceleration\": -2.23, \"throttle\": 0.0, \"steering_target\": 2.86, \"brake\": 33.38, \"steering_rate\": 100.0, \"speed\": 2.01}","natures":[]},{"name":"","description":"","eClass":"Sentence","content":"The test system VALIDATES THAT the simulator S Status.GetEnvironment is nearly equal to {\"x\": -100.23, \"y\": 10.12, \"z\": 375.86, \"rain\": 0.0, \"fog\": 0.0, \"wetness\": 0.0, \"timeofday\": 12.0, \"signal\": -1.0, \"rx\": 0.14, \"ry\": 307.4, \"rz\": 359.94, \"speed\": 1.23}","natures":[]},{"name":"","description":"","eClass":"Sentence","content":"The environment controller C INVOKES API Control.Agents.NPCVehicle.NPCVehicleSwitchLane(which_lane=Right_Lane&which_car=Jeep).","natures":[]},{"name":"","description":"","eClass":"Sentence","content":"The test system VALIDATES THAT the Apollo A Status.GetControl is nearly equal to {\"acceleration\": -0.08, \"throttle\": 0.0, \"steering_target\": 0.2, \"brake\": 14.5, \"steering_rate\": 100.0, \"speed\": 3.56}","natures":[]},{"name":"","description":"","eClass":"Sentence","content":"The test system VALIDATES THAT the simulator S Status.GetEnvironment is nearly equal to {\"x\": -105.8, \"y\": 10.12, \"z\": 379.93, \"rain\": 0.0, \"fog\": 0.0, \"wetness\": 0.0, \"timeofday\": 12.0, \"signal\": -1.0, \"rx\": 359.87, \"ry\": 305.52, \"rz\": -0.0, \"speed\": 3.56}","natures":[]},{"name":"","description":"","eClass":"Sentence","content":"The environment controller C INVOKES API Control.Agents.Pedestrians.WalkRandomly(which_lane=Left_Lane).","natures":[]},{"name":"","description":"","eClass":"Sentence","content":"The test system VALIDATES THAT the Apollo A Status.GetControl is nearly equal to {\"acceleration\": 0.28, \"throttle\": 15.7, \"steering_target\": 0.5, \"brake\": 0.0, \"steering_rate\": 100.0, \"speed\": 6.14}","natures":[]},{"name":"","description":"","eClass":"Sentence","content":"The test system VALIDATES THAT the simulator S Status.GetEnvironment is nearly equal to {\"x\": -124.16, \"y\": 10.12, \"z\": 392.97, \"rain\": 0.0, \"fog\": 0.0, \"wetness\": 0.0, \"timeofday\": 12.0, \"signal\": -1.0, \"rx\": -0.01, \"ry\": 305.31, \"rz\": 359.98, \"speed\": 6.2}","natures":[]},{"name":"","description":"","eClass":"Sentence","content":"The environment controller C INVOKES API Control.Weather.Rain(rain_level=Heavy).","natures":[]},{"name":"","description":"","eClass":"Sentence","content":"The test system VALIDATES THAT the Apollo A Status.GetControl is nearly equal to {\"acceleration\": 0.06, \"throttle\": 15.7, \"steering_target\": 0.34, \"brake\": 0.0, \"steering_rate\": 100.0, \"speed\": 8.57}","natures":[]},{"name":"","description":"","eClass":"Sentence","content":"The test system VALIDATES THAT the simulator S Status.GetEnvironment is nearly equal to {\"x\": -148.7, \"y\": 10.12, \"z\": 409.86, \"rain\": 1.0, \"fog\": 0.0, \"wetness\": 1.0, \"timeofday\": 12.0, \"signal\": 1.0, \"rx\": 359.98, \"ry\": 304.3, \"rz\": 0.02, \"speed\": 8.57}","natures":[]},{"name":"","description":"","eClass":"Sentence","content":"The environment controller C INVOKES API Control.Agents.Pedestrians.WalkRandomly(which_lane=Left_Lane).","natures":[]},{"name":"","description":"","eClass":"Sentence","content":"The test system VALIDATES THAT the Apollo A Status.GetControl is nearly equal to {\"acceleration\": 0.25, \"throttle\": 15.7, \"steering_target\": -0.27, \"brake\": 0.0, \"steering_rate\": 100.0, \"speed\": 8.52}","natures":[]},{"name":"","description":"","eClass":"Sentence","content":"The test system VALIDATES THAT the simulator S Status.GetEnvironment is nearly equal to {\"x\": -177.86, \"y\": 10.12, \"z\": 427.26, \"rain\": 1.0, \"fog\": 0.0, \"wetness\": 1.0, \"timeofday\": 12.0, \"signal\": 1.0, \"rx\": 359.98, \"ry\": 300.68, \"rz\": 0.02, \"speed\": 8.57}","natures":[]},{"name":"","description":"","eClass":"Sentence","content":"The environment controller C INVOKES API Control.Agents.Pedestrians.WalkRandomly(which_lane=Left_Lane).","natures":[]},{"name":"","description":"","eClass":"Sentence","content":"The test system VALIDATES THAT the Apollo A Status.GetControl is nearly equal to {\"acceleration\": -0.28, \"throttle\": 0.0, \"steering_target\": -0.92, \"brake\": 18.85, \"steering_rate\": 100.0, \"speed\": 7.6}","natures":[]},{"name":"","description":"","eClass":"Sentence","content":"The test system VALIDATES THAT the simulator S Status.GetEnvironment is nearly equal to {\"x\": -206.99, \"y\": 10.12, \"z\": 443.35, \"rain\": 1.0, \"fog\": 0.0, \"wetness\": 1.0, \"timeofday\": 12.0, \"signal\": 0.0, \"rx\": 0.04, \"ry\": 298.75, \"rz\": 0.03, \"speed\": 7.26}","natures":[]},{"name":"","description":"","eClass":"Sentence","content":"The environment controller C INVOKES API Control.Agents.Pedestrians.WalkRandomly(which_lane=Left_Lane).","natures":[]},{"name":"","description":"","eClass":"Sentence","content":"The test system VALIDATES THAT the Apollo A Status.GetControl is nearly equal to {\"acceleration\": -0.71, \"throttle\": 0.0, \"steering_target\": -0.71, \"brake\": 16.49, \"steering_rate\": 100.0, \"speed\": 4.99}","natures":[]},{"name":"","description":"","eClass":"Sentence","content":"The test system VALIDATES THAT the simulator S Status.GetEnvironment is nearly equal to {\"x\": -228.15, \"y\": 10.12, \"z\": 455.71, \"rain\": 1.0, \"fog\": 0.0, \"wetness\": 1.0, \"timeofday\": 12.0, \"signal\": -1.0, \"rx\": 0.06, \"ry\": 301.74, \"rz\": 0.01, \"speed\": 4.61}","natures":[]},{"name":"","description":"","eClass":"Sentence","content":"The environment controller C INVOKES API Control.Agents.Pedestrians.WalkRandomly(which_lane=Left_Lane).","natures":[]},{"name":"","description":"","eClass":"Sentence","content":"The test system VALIDATES THAT the Apollo A Status.GetControl is nearly equal to {\"acceleration\": -0.64, \"throttle\": 0.0, \"steering_target\": -0.07, \"brake\": 16.26, \"steering_rate\": 100.0, \"speed\": 1.72}","natures":[]},{"name":"","description":"","eClass":"Sentence","content":"","natures":[]}]
