 timestamp= 1619804760000 [START] Now Run TCS Maintain Lane On Road1 Mode: dynamic Roadnum: 2 Second: 4
 timestamp= 1619804760000 [SUCCESS] TCS Check Success 
 timestamp= 1619804762000 [RUN] Run BasicFlow
 timestamp= 1619804762000 [RUN] Generate steps
 timestamp= 1619804762000 [RUN] Validate step: 
The test system VALIDATES THAT the simulator S Status.GetEnvironment is nearly equal to {"x": -12.34, "y": 10.12, "z": 308.4, "rain": 0.0, "fog": 0.0, "wetness": 0.0, "timeofday": 12.0, "signal": -1.0, "rx": 359.91, "ry": 307.3, "rz": -0.0, "speed": 3.73}
 timestamp= 1619804762000 [RES] Validate result: 
true
 timestamp= 1619804762000 [RUN] Execute API step: 
The environment controller C INVOKES API Control.Agents.Pedestrians.WalkRandomly(which_lane=Left_Lane).
 timestamp= 1619804766000 [RES] API result: 
{"pose_arr":[{"vx":2.26,"ay":0,"az":9.81,"ax":0,"pz":10.12,"vy":2.26,"px":552862.72,"py":4182793.61},{"vx":2.76,"ay":1.23,"az":9.8,"ax":0.93,"pz":10.12,"vy":2.76,"px":552860.07,"py":4182795.62},{"vx":3.11,"ay":0.21,"az":9.83,"ax":0.16,"pz":10.12,"vy":3.11,"px":552857.54,"py":4182797.54},{"vx":3.37,"ay":0.21,"az":9.82,"ax":0.16,"pz":10.12,"vy":3.37,"px":552854.04,"py":4182800.19},{"vx":3.55,"ay":0.48,"az":9.82,"ax":0.37,"pz":10.12,"vy":3.55,"px":552850.64,"py":4182802.75},{"vx":3.41,"ay":-1.08,"az":9.83,"ax":-0.81,"pz":10.13,"vy":3.41,"px":552847.23,"py":4182805.32}],"traffic_light":[3,3,3,3,3],"state_arr":[{"acceleration":0.85,"throttle":34.46,"steering_target":0.18,"brake":0,"steering_rate":100,"speed":3.63},{"acceleration":1.01,"throttle":28.58,"steering_target":0.15,"brake":0,"steering_rate":100,"speed":4.29},{"acceleration":1.06,"throttle":27.04,"steering_target":0.15,"brake":0,"steering_rate":100,"speed":4.81},{"acceleration":0.86,"throttle":24.64,"steering_target":0.14,"brake":0,"steering_rate":100,"speed":5.45},{"acceleration":0.51,"throttle":19.38,"steering_target":0.17,"brake":0,"steering_rate":100,"speed":5.77},{"acceleration":-0.66,"throttle":0,"steering_target":0.02,"brake":18.33,"steering_rate":100,"speed":6.02},{"acceleration":0.25,"throttle":15.7,"steering_target":0.05,"brake":0,"steering_rate":100,"speed":5.27}],"obstacle_arr":[[],[],[],[],[{"acceleration":{"y":0,"x":0,"z":0},"position":{"y":4182802.95,"x":552846.54,"z":10.47},"volume":0.16,"type":"PEDESTRIAN","velocity":{"y":0,"x":0,"z":0}}],[]],"action_description":"Pedestrian crossing the road (left to right)","ev_state":[-28.968879699707,10.1243925094604,320.966400146484,0,0,0,12,1,0.0817044079303741,306.943939208984,-0.000539735483471304,5.272436179430705],"collision_probability":0.444}
 timestamp= 1619804766000 [RUN] Validate G1 Guard Condition: 
The ego vehicle E Detection.Collision == True.
 timestamp= 1619804766000 [RES] Global Validate result: 
false
 timestamp= 1619804766000 [RUN] Validate G2 Guard Condition: 
The ego vehicle E Detection.OffRoad == True.
 timestamp= 1619804766000 [RES] Global Validate result: 
false
 timestamp= 1619804766000 [RUN] Validate G3 Guard Condition: 
The ego vehicle E Detection.HardBrake == True.
 timestamp= 1619804766000 [RES] Global Validate result: 
false
 timestamp= 1619804766000 [RUN] Validate G4 Guard Condition: 
The ego vehicle E Detection.ArrivalTest == True.
 timestamp= 1619804766000 [RES] Global Validate result: 
false
 timestamp= 1619804766000 [RUN] Validate step: 
The test system VALIDATES THAT the Apollo A Status.GetControl is nearly equal to {"acceleration": 0.25, "throttle": 15.7, "steering_target": 0.05, "brake": 0.0, "steering_rate": 100.0, "speed": 5.27}
 timestamp= 1619804766000 [RES] Validate result: 
true
 timestamp= 1619804766000 [RUN] Generate steps
 timestamp= 1619804766000 [RUN] Validate step: 
The test system VALIDATES THAT the simulator S Status.GetEnvironment is nearly equal to {"x": -28.97, "y": 10.12, "z": 320.97, "rain": 0.0, "fog": 0.0, "wetness": 0.0, "timeofday": 12.0, "signal": 1.0, "rx": 0.08, "ry": 306.94, "rz": -0.0, "speed": 5.27}
 timestamp= 1619804766000 [RES] Validate result: 
true
 timestamp= 1619804766000 [RUN] Execute API step: 
The environment controller C INVOKES API Control.Agents.Pedestrians.WalkRandomly(which_lane=Left_Lane).
 timestamp= 1619804769000 [RES] API result: 
{"pose_arr":[{"vx":3.25,"ay":0.57,"az":9.78,"ax":0.43,"pz":10.12,"vy":3.25,"px":552845.05,"py":4182806.96},{"vx":3.83,"ay":0.5,"az":9.84,"ax":0.37,"pz":10.12,"vy":3.83,"px":552841.73,"py":4182809.46},{"vx":4.04,"ay":0.42,"az":9.81,"ax":0.32,"pz":10.12,"vy":4.04,"px":552837.19,"py":4182812.87},{"vx":4.17,"ay":0.19,"az":9.81,"ax":0.15,"pz":10.12,"vy":4.17,"px":552833.83,"py":4182815.4},{"vx":4.17,"ay":-0.5,"az":9.82,"ax":-0.33,"pz":10.12,"vy":4.17,"px":552829.38,"py":4182818.77},{"vx":4.38,"ay":0.19,"az":9.81,"ax":0.14,"pz":10.12,"vy":4.38,"px":552825.22,"py":4182821.91}],"traffic_light":[0,3,3,3,2,2],"state_arr":[{"acceleration":1.13,"throttle":15.7,"steering_target":0.01,"brake":0,"steering_rate":100,"speed":5.57},{"acceleration":0.73,"throttle":21.48,"steering_target":-0.06,"brake":0,"steering_rate":100,"speed":6.39},{"acceleration":0.72,"throttle":15.7,"steering_target":-0.06,"brake":0,"steering_rate":100,"speed":6.67},{"acceleration":0.37,"throttle":15.7,"steering_target":-0.11,"brake":0,"steering_rate":100,"speed":6.93},{"acceleration":0.85,"throttle":15.7,"steering_target":-0.19,"brake":0,"steering_rate":100,"speed":7.05},{"acceleration":0.79,"throttle":15.7,"steering_target":-0.72,"brake":0,"steering_rate":100,"speed":7.17}],"obstacle_arr":[[],[],[],[{"acceleration":{"y":-0.01,"x":0,"z":0},"position":{"y":4182824.88,"x":552852.91,"z":10.36},"volume":0.15,"type":"VEHICLE","velocity":{"y":0,"x":0,"z":0}}],[{"acceleration":{"y":0,"x":0,"z":0},"position":{"y":4182818.01,"x":552828.22,"z":10.42},"volume":0.23,"type":"PEDESTRIAN","velocity":{"y":0,"x":0,"z":0}}],[]],"action_description":"Pedestrian crossing the road (left to right)","ev_state":[-49.9556045532227,10.1240320205688,336.7919921875,0,0,0,12,0,359.97998046875,307.238708496094,0.0245334543287754,7.231290245915526],"collision_probability":1}
 timestamp= 1619804769000 [RUN] Validate G1 Guard Condition: 
The ego vehicle E Detection.Collision == True.
 timestamp= 1619804769000 [RES] Global Validate result: 
true
 timestamp= 1619804769000 [RUN] Collision == True
 timestamp= 1619804769000 [RUN] Validate G2 Guard Condition: 
The ego vehicle E Detection.OffRoad == True.
 timestamp= 1619804769000 [RES] Global Validate result: 
false
 timestamp= 1619804769000 [RUN] Validate G3 Guard Condition: 
The ego vehicle E Detection.HardBrake == True.
 timestamp= 1619804769000 [RES] Global Validate result: 
false
 timestamp= 1619804769000 [RUN] Validate G4 Guard Condition: 
The ego vehicle E Detection.ArrivalTest == True.
 timestamp= 1619804769000 [RES] Global Validate result: 
false
 timestamp= 1619804769000 [RUN] Validate step: 
The test system VALIDATES THAT the Apollo A Status.GetControl is nearly equal to {"acceleration": 0.79, "throttle": 15.7, "steering_target": -0.72, "brake": 0.0, "steering_rate": 100.0, "speed": 7.17}
 timestamp= 1619804769000 [RES] Validate result: 
true
 timestamp= 1619804769000 [RUN] Generate steps
 timestamp= 1619804769000 [RUN] Validate step: 
The test system VALIDATES THAT the simulator S Status.GetEnvironment is nearly equal to {"x": -49.96, "y": 10.12, "z": 336.79, "rain": 0.0, "fog": 0.0, "wetness": 0.0, "timeofday": 12.0, "signal": 0.0, "rx": 359.98, "ry": 307.24, "rz": 0.02, "speed": 7.23}
 timestamp= 1619804769000 [RES] Validate result: 
true
 timestamp= 1619804769000 [RUN] Execute API step: 
The environment controller C INVOKES API Control.Agents.Pedestrians.WalkRandomly(which_lane=Current_Lane).
 timestamp= 1619804772000 [RES] API result: 
{"pose_arr":[{"vx":4.57,"ay":0.18,"az":9.82,"ax":0.14,"pz":10.12,"vy":4.57,"px":552822.15,"py":4182824.24},{"vx":4.69,"ay":0.18,"az":9.81,"ax":0.14,"pz":10.12,"vy":4.69,"px":552818.06,"py":4182827.34},{"vx":4.82,"ay":0.17,"az":9.81,"ax":0.15,"pz":10.12,"vy":4.82,"px":552813.13,"py":4182831.1},{"vx":4.91,"ay":0.18,"az":9.81,"ax":0.13,"pz":10.12,"vy":4.91,"px":552808.88,"py":4182834.33},{"vx":5.02,"ay":0.18,"az":9.81,"ax":0.13,"pz":10.12,"vy":5.02,"px":552803.89,"py":4182838.13}],"traffic_light":[2,2,2,3,1],"state_arr":[{"acceleration":0.83,"throttle":16.59,"steering_target":0.23,"brake":0,"steering_rate":100,"speed":7.42},{"acceleration":0.67,"throttle":15.7,"steering_target":-0.33,"brake":0,"steering_rate":100,"speed":7.66},{"acceleration":0.34,"throttle":16.32,"steering_target":0.14,"brake":0,"steering_rate":100,"speed":7.83},{"acceleration":0.16,"throttle":15.7,"steering_target":-0.12,"brake":0,"steering_rate":100,"speed":8},{"acceleration":0.02,"throttle":15.7,"steering_target":0.19,"brake":0,"steering_rate":100,"speed":8.17},{"acceleration":-0.02,"throttle":0,"steering_target":0.13,"brake":14.5,"steering_rate":100,"speed":8.32},{"acceleration":-0.08,"throttle":0,"steering_target":0.13,"brake":14.5,"steering_rate":100,"speed":8.42}],"obstacle_arr":[[],[{"acceleration":{"y":0.01,"x":-0.01,"z":0},"position":{"y":4182819.14,"x":552829.33,"z":10.45},"volume":0.23,"type":"PEDESTRIAN","velocity":{"y":0.45,"x":0.3,"z":0}}],[],[],[],[]],"action_description":"Pedestrian walking on the front lane","ev_state":[-75.2308349609375,10.1237668991089,356.006927490234,0,0,0,12,-1,359.984985351563,307.123107910156,359.993286132813,8.424918922661059],"collision_probability":0}
 timestamp= 1619804772000 [RUN] Validate G1 Guard Condition: 
The ego vehicle E Detection.Collision == True.
 timestamp= 1619804772000 [RES] Global Validate result: 
false
 timestamp= 1619804772000 [RUN] Validate G2 Guard Condition: 
The ego vehicle E Detection.OffRoad == True.
 timestamp= 1619804772000 [RES] Global Validate result: 
false
 timestamp= 1619804772000 [RUN] Validate G3 Guard Condition: 
The ego vehicle E Detection.HardBrake == True.
 timestamp= 1619804772000 [RES] Global Validate result: 
false
 timestamp= 1619804772000 [RUN] Validate G4 Guard Condition: 
The ego vehicle E Detection.ArrivalTest == True.
 timestamp= 1619804772000 [RES] Global Validate result: 
false
 timestamp= 1619804772000 [RUN] Validate step: 
The test system VALIDATES THAT the Apollo A Status.GetControl is nearly equal to {"acceleration": -0.08, "throttle": 0.0, "steering_target": 0.13, "brake": 14.5, "steering_rate": 100.0, "speed": 8.42}
 timestamp= 1619804772000 [RES] Validate result: 
true
 timestamp= 1619804772000 [RUN] Generate steps
 timestamp= 1619804772000 [RUN] Validate step: 
The test system VALIDATES THAT the simulator S Status.GetEnvironment is nearly equal to {"x": -75.23, "y": 10.12, "z": 356.01, "rain": 0.0, "fog": 0.0, "wetness": 0.0, "timeofday": 12.0, "signal": -1.0, "rx": 359.98, "ry": 307.12, "rz": 359.99, "speed": 8.42}
 timestamp= 1619804772000 [RES] Validate result: 
true
 timestamp= 1619804772000 [RUN] Execute API step: 
The environment controller C INVOKES API Control.Agents.Pedestrians.WalkRandomly(which_lane=Left_Lane).
 timestamp= 1619804776000 [RES] API result: 
{"pose_arr":[{"vx":5.08,"ay":0,"az":9.81,"ax":0,"pz":10.12,"vy":5.08,"px":552799.83,"py":4182841.21},{"vx":5.05,"ay":-0.34,"az":9.83,"ax":-0.26,"pz":10.12,"vy":5.05,"px":552794.72,"py":4182845.07},{"vx":5.02,"ay":0.18,"az":9.8,"ax":0.13,"pz":10.12,"vy":5.02,"px":552789.93,"py":4182848.68},{"vx":2.22,"ay":-19.22,"az":9.67,"ax":-13.94,"pz":10.12,"vy":2.22,"px":552786.85,"py":4182850.98},{"vx":1.7,"ay":0,"az":9.81,"ax":0,"pz":10.12,"vy":1.7,"px":552785.03,"py":4182852.34},{"vx":1.15,"ay":-1.28,"az":9.68,"ax":-1,"pz":10.2,"vy":1.15,"px":552783.83,"py":4182853.26},{"vx":0.63,"ay":-1.48,"az":9.79,"ax":-1.1,"pz":10.2,"vy":0.63,"px":552783.17,"py":4182853.77}],"traffic_light":[3,3,3,3,3,3,3],"state_arr":[{"acceleration":-0.05,"throttle":0,"steering_target":0.16,"brake":14.5,"steering_rate":100,"speed":8.53},{"acceleration":0.23,"throttle":15.7,"steering_target":0.16,"brake":0,"steering_rate":100,"speed":8.29},{"acceleration":0.04,"throttle":15.7,"steering_target":0.1,"brake":0,"steering_rate":100,"speed":8.21},{"acceleration":0.01,"throttle":79.82,"steering_target":-0.01,"brake":0,"steering_rate":100,"speed":3.02},{"acceleration":-1.7,"throttle":0,"steering_target":0.28,"brake":28.06,"steering_rate":100,"speed":2.58},{"acceleration":-1.21,"throttle":0,"steering_target":0.68,"brake":23.68,"steering_rate":100,"speed":1.81},{"acceleration":-1.45,"throttle":0,"steering_target":0.27,"brake":26.09,"steering_rate":100,"speed":0.94}],"obstacle_arr":[[],[],[{"acceleration":{"y":0,"x":0,"z":0},"position":{"y":4182852.99,"x":552784.7,"z":10.43},"volume":0.18,"type":"PEDESTRIAN","velocity":{"y":0,"x":0,"z":0}},{"acceleration":{"y":0.01,"x":0,"z":0},"position":{"y":4182851.85,"x":552781.84,"z":10.46},"volume":0.06,"type":"PEDESTRIAN","velocity":{"y":0.64,"x":0.01,"z":0}}],[{"acceleration":{"y":0,"x":0,"z":0},"position":{"y":4182853.1,"x":552784.56,"z":10.53},"volume":0.11,"type":"PEDESTRIAN","velocity":{"y":0,"x":0,"z":0}},{"acceleration":{"y":-0.36,"x":0.39,"z":0},"position":{"y":4182852.29,"x":552782.01,"z":10.45},"volume":0.2,"type":"PEDESTRIAN","velocity":{"y":0.27,"x":0.57,"z":0}}],[{"acceleration":{"y":0.22,"x":-0.54,"z":0},"position":{"y":4182854.53,"x":552782.98,"z":10.76},"volume":0.24,"type":"PEDESTRIAN","velocity":{"y":0.54,"x":0.07,"z":0}}],[{"acceleration":{"y":0.84,"x":-1.15,"z":0},"position":{"y":4182855.4,"x":552781.73,"z":10.83},"volume":0.17,"type":"PEDESTRIAN","velocity":{"y":1.25,"x":-1,"z":0}}],[{"acceleration":{"y":1.1,"x":-2.27,"z":0},"position":{"y":4182856.23,"x":552780.57,"z":10.86},"volume":0.16,"type":"PEDESTRIAN","velocity":{"y":1.82,"x":-2.7,"z":0}}]],"action_description":"Pedestrian crossing the road (left to right)","ev_state":[-91.943733215332,10.1989812850952,368.594329833984,0,0,0,12,1,0.198564946651459,306.731018066406,359.966400146484,0.9446812413515386],"collision_probability":1}
 timestamp= 1619804776000 [RUN] Validate G1 Guard Condition: 
The ego vehicle E Detection.Collision == True.
 timestamp= 1619804776000 [RES] Global Validate result: 
true
 timestamp= 1619804776000 [RUN] Collision == True
 timestamp= 1619804776000 [RUN] Validate G2 Guard Condition: 
The ego vehicle E Detection.OffRoad == True.
 timestamp= 1619804776000 [RES] Global Validate result: 
false
 timestamp= 1619804776000 [RUN] Validate G3 Guard Condition: 
The ego vehicle E Detection.HardBrake == True.
 timestamp= 1619804776000 [RES] Global Validate result: 
true
 timestamp= 1619804776000 [RUN] HardBrake == True
 timestamp= 1619804776000 [RUN] RESUME STEP @preStep
 timestamp= 1619804776000 [RUN] Resume step basicflow10
 timestamp= 1619804776000 [RUN] Validate G4 Guard Condition: 
The ego vehicle E Detection.ArrivalTest == True.
 timestamp= 1619804776000 [RES] Global Validate result: 
false
 timestamp= 1619804776000 [RUN] Validate step: 
The test system VALIDATES THAT the Apollo A Status.GetControl is nearly equal to {"acceleration": -1.45, "throttle": 0.0, "steering_target": 0.27, "brake": 26.09, "steering_rate": 100.0, "speed": 0.94}
 timestamp= 1619804776000 [RES] Validate result: 
true
 timestamp= 1619804776000 [RUN] Generate steps
 timestamp= 1619804776000 [RUN] Validate step: 
The test system VALIDATES THAT the simulator S Status.GetEnvironment is nearly equal to {"x": -91.94, "y": 10.2, "z": 368.59, "rain": 0.0, "fog": 0.0, "wetness": 0.0, "timeofday": 12.0, "signal": 1.0, "rx": 0.2, "ry": 306.73, "rz": 359.97, "speed": 0.94}
 timestamp= 1619804776000 [RES] Validate result: 
true
 timestamp= 1619804776000 [RUN] Execute API step: 
The environment controller C INVOKES API Control.Agents.Pedestrians.WalkRandomly(which_lane=Left_Lane).
 timestamp= 1619804779000 [RES] API result: 
{"pose_arr":[{"vx":0.28,"ay":-0.78,"az":9.8,"ax":-0.59,"pz":10.2,"vy":0.28,"px":552782.91,"py":4182853.98},{"vx":0.19,"ay":1.01,"az":9.82,"ax":0.75,"pz":10.2,"vy":0.19,"px":552782.77,"py":4182854.11},{"vx":0.15,"ay":-2.36,"az":9.77,"ax":-1.7,"pz":10.2,"vy":0.15,"px":552782.55,"py":4182854.31},{"vx":0.15,"ay":0.18,"az":9.81,"ax":0.13,"pz":10.2,"vy":0.15,"px":552782.48,"py":4182854.41},{"vx":0.24,"ay":-0.42,"az":9.81,"ax":-0.28,"pz":10.2,"vy":0.24,"px":552782.13,"py":4182854.71},{"vx":0.09,"ay":-0.41,"az":9.81,"ax":-0.27,"pz":10.2,"vy":0.09,"px":552782,"py":4182854.79}],"traffic_light":[1,1,3,1,3],"state_arr":[{"acceleration":-0.6,"throttle":0,"steering_target":0.11,"brake":16.34,"steering_rate":100,"speed":0.39},{"acceleration":0.2,"throttle":38.61,"steering_target":0.07,"brake":0,"steering_rate":100,"speed":0.15},{"acceleration":-0.07,"throttle":0,"steering_target":-0.53,"brake":14.5,"steering_rate":100,"speed":0.6},{"acceleration":0.09,"throttle":15.7,"steering_target":-0.03,"brake":0,"steering_rate":100,"speed":0.19},{"acceleration":-0.2,"throttle":0,"steering_target":-0.04,"brake":14.5,"steering_rate":100,"speed":0.66},{"acceleration":-0.13,"throttle":0,"steering_target":-0.02,"brake":14.5,"steering_rate":100,"speed":0.35},{"acceleration":-0.04,"throttle":0,"steering_target":0,"brake":24.72,"steering_rate":100,"speed":0.1}],"obstacle_arr":[[{"acceleration":{"y":-0.63,"x":0.57,"z":0},"position":{"y":4182856.49,"x":552780.2,"z":10.85},"volume":0.15,"type":"PEDESTRIAN","velocity":{"y":1.3,"x":-2.1,"z":0}},{"acceleration":{"y":0,"x":0,"z":0},"position":{"y":4182857.97,"x":552782.02,"z":10.53},"volume":0,"type":"UNKNOWN","velocity":{"y":0,"x":0,"z":0}}],[{"acceleration":{"y":-2.18,"x":3.46,"z":0},"position":{"y":4182856.73,"x":552779.95,"z":10.85},"volume":0.19,"type":"PEDESTRIAN","velocity":{"y":0,"x":0,"z":0}},{"acceleration":{"y":0,"x":0,"z":0},"position":{"y":4182857.99,"x":552782,"z":10.64},"volume":0,"type":"UNKNOWN","velocity":{"y":0,"x":0,"z":0}}],[{"acceleration":{"y":-0.03,"x":0.05,"z":0},"position":{"y":4182856.79,"x":552779.85,"z":10.86},"volume":0.16,"type":"PEDESTRIAN","velocity":{"y":0,"x":0,"z":0}},{"acceleration":{"y":0,"x":0,"z":0},"position":{"y":4182857.97,"x":552782.01,"z":10.74},"volume":0,"type":"UNKNOWN","velocity":{"y":0,"x":0,"z":0}}],[{"acceleration":{"y":0,"x":0,"z":0},"position":{"y":4182856.94,"x":552779.72,"z":10.84},"volume":0.16,"type":"PEDESTRIAN","velocity":{"y":0,"x":0,"z":0}},{"acceleration":{"y":0,"x":0,"z":0},"position":{"y":4182858,"x":552782.01,"z":10.82},"volume":0.01,"type":"UNKNOWN","velocity":{"y":0,"x":0,"z":0}},{"acceleration":{"y":0,"x":0,"z":0},"position":{"y":4182860.35,"x":552783.91,"z":10.42},"volume":0,"type":"UNKNOWN","velocity":{"y":0,"x":0,"z":0}}],[{"acceleration":{"y":0,"x":0,"z":0},"position":{"y":4182857.12,"x":552779.4,"z":10.87},"volume":0.17,"type":"PEDESTRIAN","velocity":{"y":0,"x":0,"z":0}},{"acceleration":{"y":0,"x":0,"z":0},"position":{"y":4182857.99,"x":552782.02,"z":10.91},"volume":0,"type":"UNKNOWN","velocity":{"y":0,"x":0,"z":0}}],[{"acceleration":{"y":0,"x":0,"z":0},"position":{"y":4182857.28,"x":552779.16,"z":10.87},"volume":0.19,"type":"PEDESTRIAN","velocity":{"y":0,"x":0,"z":0}},{"acceleration":{"y":0,"x":0,"z":0},"position":{"y":4182858.02,"x":552782,"z":10.98},"volume":0.01,"type":"UNKNOWN","velocity":{"y":0,"x":0,"z":0}}]],"action_description":"Pedestrian crossing the road (left to right)","ev_state":[-93.1180648803711,10.1983547210693,369.522613525391,0,0,0,12,1,0.16404977440834,303.384674072266,359.955963134766,0.10427101347562072],"collision_probability":0.57}
 timestamp= 1619804779000 [RUN] Validate G1 Guard Condition: 
The ego vehicle E Detection.Collision == True.
 timestamp= 1619804779000 [RES] Global Validate result: 
false
 timestamp= 1619804779000 [RUN] Validate G2 Guard Condition: 
The ego vehicle E Detection.OffRoad == True.
 timestamp= 1619804779000 [RES] Global Validate result: 
false
 timestamp= 1619804779000 [RUN] Validate G3 Guard Condition: 
The ego vehicle E Detection.HardBrake == True.
 timestamp= 1619804779000 [RES] Global Validate result: 
false
 timestamp= 1619804779000 [RUN] Validate G4 Guard Condition: 
The ego vehicle E Detection.ArrivalTest == True.
 timestamp= 1619804779000 [RES] Global Validate result: 
false
 timestamp= 1619804779000 [RUN] Validate step: 
The test system VALIDATES THAT the Apollo A Status.GetControl is nearly equal to {"acceleration": -0.04, "throttle": 0.0, "steering_target": 0.0, "brake": 24.72, "steering_rate": 100.0, "speed": 0.1}
 timestamp= 1619804779000 [RES] Validate result: 
true
 timestamp= 1619804779000 [RUN] Generate steps
 timestamp= 1619804779000 [RUN] Validate step: 
The test system VALIDATES THAT the simulator S Status.GetEnvironment is nearly equal to {"x": -93.12, "y": 10.2, "z": 369.52, "rain": 0.0, "fog": 0.0, "wetness": 0.0, "timeofday": 12.0, "signal": 1.0, "rx": 0.16, "ry": 303.38, "rz": 359.96, "speed": 0.1}
 timestamp= 1619804779000 [RES] Validate result: 
true
 timestamp= 1619804779000 [RUN] Execute API step: 
The environment controller C INVOKES API Control.Agents.Pedestrians.WalkRandomly(which_lane=Left_Lane).
 timestamp= 1619804783000 [RES] API result: 
{"pose_arr":[{"vx":0,"ay":0,"az":9.81,"ax":0,"pz":10.2,"vy":0,"px":552781.99,"py":4182854.8},{"vx":-0.01,"ay":0.01,"az":10.38,"ax":0.01,"pz":10.15,"vy":-0.01,"px":552781.99,"py":4182854.8},{"vx":0,"ay":0,"az":9.8,"ax":0,"pz":10.12,"vy":0,"px":552781.96,"py":4182854.82},{"vx":0,"ay":0,"az":9.81,"ax":0,"pz":10.12,"vy":0,"px":552781.96,"py":4182854.82},{"vx":0,"ay":0,"az":9.81,"ax":0,"pz":10.12,"vy":0,"px":552781.96,"py":4182854.82},{"vx":0,"ay":0,"az":9.81,"ax":0,"pz":10.12,"vy":0,"px":552781.96,"py":4182854.82}],"traffic_light":[3,1,1,3,1,3,1],"state_arr":[{"acceleration":-0.01,"throttle":0,"steering_target":0,"brake":27.64,"steering_rate":100,"speed":0.02},{"acceleration":-0.1,"throttle":0,"steering_target":-0.43,"brake":14.5,"steering_rate":100,"speed":0.18},{"acceleration":-0.04,"throttle":0,"steering_target":-0.95,"brake":27.78,"steering_rate":100,"speed":0.09},{"acceleration":0,"throttle":0,"steering_target":0,"brake":50,"steering_rate":0,"speed":0},{"acceleration":0,"throttle":0,"steering_target":-1.1,"brake":23.67,"steering_rate":100,"speed":0},{"acceleration":0,"throttle":0,"steering_target":-1.1,"brake":23.71,"steering_rate":100,"speed":0},{"acceleration":0,"throttle":0,"steering_target":-1.1,"brake":23.31,"steering_rate":100,"speed":0}],"obstacle_arr":[[{"acceleration":{"y":0,"x":0,"z":0},"position":{"y":4182857.33,"x":552779.08,"z":10.87},"volume":0.15,"type":"PEDESTRIAN","velocity":{"y":0,"x":0,"z":0}},{"acceleration":{"y":0,"x":0,"z":0},"position":{"y":4182858.02,"x":552781.99,"z":10.99},"volume":0,"type":"UNKNOWN","velocity":{"y":0,"x":0,"z":0}}],[{"acceleration":{"y":0,"x":0,"z":0},"position":{"y":4182857.34,"x":552779.09,"z":10.85},"volume":0.2,"type":"PEDESTRIAN","velocity":{"y":0,"x":0,"z":0}},{"acceleration":{"y":0,"x":0,"z":0},"position":{"y":4182858.02,"x":552781.99,"z":11},"volume":0,"type":"PEDESTRIAN","velocity":{"y":0,"x":0,"z":0}}],[{"acceleration":{"y":0,"x":0,"z":0},"position":{"y":4182857.31,"x":552779.07,"z":10.76},"volume":0.19,"type":"PEDESTRIAN","velocity":{"y":0,"x":0,"z":0}},{"acceleration":{"y":0,"x":0,"z":0},"position":{"y":4182858.02,"x":552781.97,"z":10.95},"volume":0,"type":"PEDESTRIAN","velocity":{"y":0,"x":0,"z":0}}],[{"acceleration":{"y":0,"x":0,"z":0},"position":{"y":4182857.35,"x":552779.03,"z":10.77},"volume":0.17,"type":"PEDESTRIAN","velocity":{"y":0,"x":0,"z":0}},{"acceleration":{"y":0,"x":0,"z":0},"position":{"y":4182858.02,"x":552781.94,"z":10.95},"volume":0,"type":"PEDESTRIAN","velocity":{"y":0,"x":0,"z":0}}],[{"acceleration":{"y":0,"x":0,"z":0},"position":{"y":4182857.31,"x":552779.04,"z":10.79},"volume":0.18,"type":"PEDESTRIAN","velocity":{"y":0,"x":0,"z":0}},{"acceleration":{"y":0,"x":0,"z":0},"position":{"y":4182858.03,"x":552781.95,"z":10.94},"volume":0,"type":"PEDESTRIAN","velocity":{"y":0,"x":0,"z":0}}],[{"acceleration":{"y":0,"x":0,"z":0},"position":{"y":4182857.29,"x":552779.05,"z":10.78},"volume":0.16,"type":"PEDESTRIAN","velocity":{"y":0,"x":0,"z":0}},{"acceleration":{"y":0,"x":0,"z":0},"position":{"y":4182858.04,"x":552781.96,"z":10.93},"volume":0,"type":"PEDESTRIAN","velocity":{"y":0,"x":0,"z":0}}],[{"acceleration":{"y":0,"x":0,"z":0},"position":{"y":4182857.27,"x":552779.09,"z":10.73},"volume":0.21,"type":"PEDESTRIAN","velocity":{"y":0,"x":0,"z":0}},{"acceleration":{"y":0,"x":0,"z":0},"position":{"y":4182858.03,"x":552781.96,"z":10.93},"volume":0,"type":"PEDESTRIAN","velocity":{"y":0,"x":0,"z":0}}]],"action_description":"Pedestrian crossing the road (left to right)","ev_state":[-93.1494064331055,10.1272640228271,369.544097900391,0,0,0,12,0,359.773498535156,303.4453125,0.0521411225199699,0.0008665277377814119],"collision_probability":0.362}
 timestamp= 1619804783000 [RUN] Validate G1 Guard Condition: 
The ego vehicle E Detection.Collision == True.
 timestamp= 1619804783000 [RES] Global Validate result: 
false
 timestamp= 1619804783000 [RUN] Validate G2 Guard Condition: 
The ego vehicle E Detection.OffRoad == True.
 timestamp= 1619804783000 [RES] Global Validate result: 
false
 timestamp= 1619804783000 [RUN] Validate G3 Guard Condition: 
The ego vehicle E Detection.HardBrake == True.
 timestamp= 1619804783000 [RES] Global Validate result: 
false
 timestamp= 1619804783000 [RUN] Validate G4 Guard Condition: 
The ego vehicle E Detection.ArrivalTest == True.
 timestamp= 1619804783000 [RES] Global Validate result: 
false
 timestamp= 1619804783000 [RUN] Validate step: 
The test system VALIDATES THAT the Apollo A Status.GetControl is nearly equal to {"acceleration": -0.0, "throttle": 0.0, "steering_target": -1.1, "brake": 23.31, "steering_rate": 100.0, "speed": 0.0}
 timestamp= 1619804783000 [RES] Validate result: 
true
 timestamp= 1619804783000 [RUN] Generate steps
 timestamp= 1619804783000 [RUN] Validate step: 
The test system VALIDATES THAT the simulator S Status.GetEnvironment is nearly equal to {"x": -93.15, "y": 10.13, "z": 369.54, "rain": 0.0, "fog": 0.0, "wetness": 0.0, "timeofday": 12.0, "signal": 0.0, "rx": 359.77, "ry": 303.45, "rz": 0.05, "speed": 0.0}
 timestamp= 1619804783000 [RES] Validate result: 
true
 timestamp= 1619804783000 [RUN] Execute API step: 
The environment controller C INVOKES API Control.Agents.Pedestrians.WalkRandomly(which_lane=Left_Lane).
 timestamp= 1619804787000 [RES] API result: 
{"pose_arr":[{"vx":0,"ay":0,"az":9.81,"ax":0,"pz":10.12,"vy":0,"px":552781.96,"py":4182854.82},{"vx":0,"ay":0,"az":9.81,"ax":0,"pz":10.12,"vy":0,"px":552781.96,"py":4182854.82},{"vx":0,"ay":0,"az":9.81,"ax":0,"pz":10.12,"vy":0,"px":552781.96,"py":4182854.82},{"vx":0,"ay":0,"az":9.81,"ax":0,"pz":10.12,"vy":0,"px":552781.96,"py":4182854.82},{"vx":0,"ay":0,"az":9.81,"ax":0,"pz":10.12,"vy":0,"px":552781.96,"py":4182854.82},{"vx":0,"ay":0,"az":9.81,"ax":0,"pz":10.12,"vy":0,"px":552781.97,"py":4182854.82},{"vx":0,"ay":0,"az":9.81,"ax":0,"pz":10.12,"vy":0,"px":552781.97,"py":4182854.82}],"traffic_light":[3,3,3,3,1,1],"state_arr":[{"acceleration":0,"throttle":0,"steering_target":-1.1,"brake":23.34,"steering_rate":100,"speed":0},{"acceleration":0,"throttle":0,"steering_target":-1.1,"brake":23.36,"steering_rate":100,"speed":0},{"acceleration":0,"throttle":0,"steering_target":-1.1,"brake":23.27,"steering_rate":100,"speed":0},{"acceleration":0,"throttle":0,"steering_target":-1.1,"brake":23.21,"steering_rate":100,"speed":0},{"acceleration":0,"throttle":0,"steering_target":-1.1,"brake":23.24,"steering_rate":100,"speed":0},{"acceleration":0,"throttle":0,"steering_target":-1.1,"brake":23.34,"steering_rate":100,"speed":0},{"acceleration":0,"throttle":0,"steering_target":-1.1,"brake":23.43,"steering_rate":100,"speed":0}],"obstacle_arr":[[{"acceleration":{"y":0,"x":0,"z":0},"position":{"y":4182857.31,"x":552779.05,"z":10.77},"volume":0.21,"type":"PEDESTRIAN","velocity":{"y":0,"x":0,"z":0}},{"acceleration":{"y":0,"x":0,"z":0},"position":{"y":4182858.03,"x":552781.96,"z":10.93},"volume":0,"type":"PEDESTRIAN","velocity":{"y":0,"x":0,"z":0}}],[{"acceleration":{"y":0,"x":0,"z":0},"position":{"y":4182857.3,"x":552779.03,"z":10.77},"volume":0.19,"type":"PEDESTRIAN","velocity":{"y":0,"x":0,"z":0}},{"acceleration":{"y":0,"x":0,"z":0},"position":{"y":4182858.03,"x":552781.96,"z":10.93},"volume":0,"type":"PEDESTRIAN","velocity":{"y":0,"x":0,"z":0}}],[{"acceleration":{"y":0,"x":0,"z":0},"position":{"y":4182857.31,"x":552779.03,"z":10.79},"volume":0.17,"type":"PEDESTRIAN","velocity":{"y":0,"x":0,"z":0}},{"acceleration":{"y":0,"x":0,"z":0},"position":{"y":4182858.03,"x":552781.96,"z":10.93},"volume":0,"type":"PEDESTRIAN","velocity":{"y":0,"x":0,"z":0}}],[{"acceleration":{"y":0,"x":0,"z":0},"position":{"y":4182857.29,"x":552779.04,"z":10.76},"volume":0.21,"type":"PEDESTRIAN","velocity":{"y":0,"x":0,"z":0}},{"acceleration":{"y":0,"x":0,"z":0},"position":{"y":4182858.03,"x":552781.96,"z":10.93},"volume":0,"type":"PEDESTRIAN","velocity":{"y":0,"x":0,"z":0}}],[{"acceleration":{"y":0,"x":0,"z":0},"position":{"y":4182857.25,"x":552779.05,"z":10.75},"volume":0.21,"type":"PEDESTRIAN","velocity":{"y":0,"x":0,"z":0}},{"acceleration":{"y":0,"x":0,"z":0},"position":{"y":4182858.03,"x":552781.96,"z":10.93},"volume":0,"type":"PEDESTRIAN","velocity":{"y":0,"x":0,"z":0}}],[{"acceleration":{"y":0,"x":0,"z":0},"position":{"y":4182857.29,"x":552779.01,"z":10.8},"volume":0.15,"type":"PEDESTRIAN","velocity":{"y":0,"x":0,"z":0}},{"acceleration":{"y":0,"x":0,"z":0},"position":{"y":4182858.03,"x":552781.97,"z":10.93},"volume":0,"type":"PEDESTRIAN","velocity":{"y":0,"x":0,"z":0}}],[{"acceleration":{"y":0,"x":0,"z":0},"position":{"y":4182857.31,"x":552779.02,"z":10.8},"volume":0.18,"type":"PEDESTRIAN","velocity":{"y":0,"x":0,"z":0}},{"acceleration":{"y":0,"x":0,"z":0},"position":{"y":4182858.03,"x":552781.96,"z":10.93},"volume":0,"type":"PEDESTRIAN","velocity":{"y":0,"x":0,"z":0}}]],"action_description":"Pedestrian crossing the road (left to right)","ev_state":[-93.1426773071289,10.1255159378052,369.543395996094,0,0,0,12,-1,359.920166015625,303.443511962891,0.0154883358627558,0.00017571052645398572],"collision_probability":0.361}
 timestamp= 1619804787000 [RUN] Validate G1 Guard Condition: 
The ego vehicle E Detection.Collision == True.
 timestamp= 1619804787000 [RES] Global Validate result: 
false
 timestamp= 1619804787000 [RUN] Validate G2 Guard Condition: 
The ego vehicle E Detection.OffRoad == True.
 timestamp= 1619804787000 [RES] Global Validate result: 
false
 timestamp= 1619804787000 [RUN] Validate G3 Guard Condition: 
The ego vehicle E Detection.HardBrake == True.
 timestamp= 1619804787000 [RES] Global Validate result: 
false
 timestamp= 1619804787000 [RUN] Validate G4 Guard Condition: 
The ego vehicle E Detection.ArrivalTest == True.
 timestamp= 1619804787000 [RES] Global Validate result: 
false
 timestamp= 1619804787000 [RUN] Validate step: 
The test system VALIDATES THAT the Apollo A Status.GetControl is nearly equal to {"acceleration": -0.0, "throttle": 0.0, "steering_target": -1.1, "brake": 23.43, "steering_rate": 100.0, "speed": 0.0}
 timestamp= 1619804787000 [RES] Validate result: 
true
 timestamp= 1619804787000 [RUN] Generate steps
 timestamp= 1619804787000 [RUN] Validate step: 
The test system VALIDATES THAT the simulator S Status.GetEnvironment is nearly equal to {"x": -93.14, "y": 10.13, "z": 369.54, "rain": 0.0, "fog": 0.0, "wetness": 0.0, "timeofday": 12.0, "signal": -1.0, "rx": 359.92, "ry": 303.44, "rz": 0.02, "speed": 0.0}
 timestamp= 1619804787000 [RES] Validate result: 
true
 timestamp= 1619804787000 [RUN] Execute API step: 
The environment controller C INVOKES API Control.Agents.Pedestrians.WalkRandomly(which_lane=Left_Lane).
 timestamp= 1619804790000 [RES] API result: 
{"pose_arr":[{"vx":0,"ay":0,"az":9.81,"ax":0,"pz":10.12,"vy":0,"px":552781.97,"py":4182854.82},{"vx":0,"ay":0,"az":9.81,"ax":0,"pz":10.12,"vy":0,"px":552781.97,"py":4182854.82},{"vx":0,"ay":0,"az":9.81,"ax":0,"pz":10.12,"vy":0,"px":552781.97,"py":4182854.82},{"vx":0,"ay":0,"az":9.81,"ax":0,"pz":10.12,"vy":0,"px":552781.97,"py":4182854.82},{"vx":0,"ay":0,"az":9.81,"ax":0,"pz":10.12,"vy":0,"px":552781.97,"py":4182854.82},{"vx":0,"ay":0,"az":9.81,"ax":0,"pz":10.12,"vy":0,"px":552781.97,"py":4182854.82}],"traffic_light":[1,1,3,3,3,3],"state_arr":[{"acceleration":0,"throttle":0,"steering_target":-1.1,"brake":23.64,"steering_rate":100,"speed":0},{"acceleration":0,"throttle":0,"steering_target":-1.1,"brake":23.75,"steering_rate":100,"speed":0},{"acceleration":0,"throttle":0,"steering_target":-1.1,"brake":23.87,"steering_rate":100,"speed":0},{"acceleration":0,"throttle":0,"steering_target":-1.1,"brake":23.92,"steering_rate":100,"speed":0},{"acceleration":0,"throttle":0,"steering_target":-1.1,"brake":24.09,"steering_rate":100,"speed":0},{"acceleration":0,"throttle":0,"steering_target":-1.1,"brake":24.18,"steering_rate":100,"speed":0},{"acceleration":0,"throttle":0,"steering_target":-1.1,"brake":24.23,"steering_rate":100,"speed":0},{"acceleration":0,"throttle":0,"steering_target":-1.1,"brake":24.4,"steering_rate":100,"speed":0}],"obstacle_arr":[[{"acceleration":{"y":0,"x":0,"z":0},"position":{"y":4182857.28,"x":552779.04,"z":10.79},"volume":0.2,"type":"PEDESTRIAN","velocity":{"y":0,"x":0,"z":0}},{"acceleration":{"y":0,"x":0,"z":0},"position":{"y":4182858.03,"x":552781.96,"z":10.93},"volume":0,"type":"PEDESTRIAN","velocity":{"y":0,"x":0,"z":0}}],[{"acceleration":{"y":0,"x":0,"z":0},"position":{"y":4182857.25,"x":552779.03,"z":10.75},"volume":0.22,"type":"PEDESTRIAN","velocity":{"y":0,"x":0,"z":0}},{"acceleration":{"y":0,"x":0,"z":0},"position":{"y":4182858.02,"x":552781.96,"z":10.93},"volume":0,"type":"PEDESTRIAN","velocity":{"y":0,"x":0,"z":0}}],[{"acceleration":{"y":0,"x":0,"z":0},"position":{"y":4182857.28,"x":552779.02,"z":10.77},"volume":0.25,"type":"PEDESTRIAN","velocity":{"y":0,"x":0,"z":0}},{"acceleration":{"y":0,"x":0,"z":0},"position":{"y":4182858.02,"x":552781.97,"z":10.93},"volume":0,"type":"PEDESTRIAN","velocity":{"y":0,"x":0,"z":0}}],[{"acceleration":{"y":0,"x":0,"z":0},"position":{"y":4182857.23,"x":552778.99,"z":10.75},"volume":0.27,"type":"PEDESTRIAN","velocity":{"y":0,"x":0,"z":0}},{"acceleration":{"y":0,"x":0,"z":0},"position":{"y":4182858.02,"x":552781.97,"z":10.93},"volume":0,"type":"PEDESTRIAN","velocity":{"y":0,"x":0,"z":0}}],[{"acceleration":{"y":0,"x":0,"z":0},"position":{"y":4182857.26,"x":552779,"z":10.79},"volume":0.19,"type":"PEDESTRIAN","velocity":{"y":0,"x":0,"z":0}},{"acceleration":{"y":0,"x":0,"z":0},"position":{"y":4182858.01,"x":552781.96,"z":10.93},"volume":0,"type":"PEDESTRIAN","velocity":{"y":0,"x":0,"z":0}}],[{"acceleration":{"y":0,"x":0,"z":0},"position":{"y":4182857.25,"x":552779.01,"z":10.73},"volume":0.23,"type":"PEDESTRIAN","velocity":{"y":0,"x":0,"z":0}},{"acceleration":{"y":0,"x":0,"z":0},"position":{"y":4182858.01,"x":552781.96,"z":10.93},"volume":0,"type":"PEDESTRIAN","velocity":{"y":0,"x":0,"z":0}}]],"action_description":"Pedestrian crossing the road (left to right)","ev_state":[-93.1365280151367,10.125373840332,369.543365478516,0,0,0,12,-1,359.932037353516,303.436737060547,0.0120355924591422,0.0001734031293280484],"collision_probability":0.361}
 timestamp= 1619804790000 [RUN] Validate G1 Guard Condition: 
The ego vehicle E Detection.Collision == True.
 timestamp= 1619804790000 [RES] Global Validate result: 
false
 timestamp= 1619804790000 [RUN] Validate G2 Guard Condition: 
The ego vehicle E Detection.OffRoad == True.
 timestamp= 1619804790000 [RES] Global Validate result: 
false
 timestamp= 1619804790000 [RUN] Validate G3 Guard Condition: 
The ego vehicle E Detection.HardBrake == True.
 timestamp= 1619804790000 [RES] Global Validate result: 
false
 timestamp= 1619804790000 [RUN] Validate G4 Guard Condition: 
The ego vehicle E Detection.ArrivalTest == True.
 timestamp= 1619804790000 [RES] Global Validate result: 
false
 timestamp= 1619804790000 [RUN] Validate step: 
The test system VALIDATES THAT the Apollo A Status.GetControl is nearly equal to {"acceleration": -0.0, "throttle": 0.0, "steering_target": -1.1, "brake": 24.4, "steering_rate": 100.0, "speed": 0.0}
 timestamp= 1619804790000 [RES] Validate result: 
true
 timestamp= 1619804791000 [RUN] Generate steps
 timestamp= 1619804791000 [RUN] Validate step: 
The test system VALIDATES THAT the simulator S Status.GetEnvironment is nearly equal to {"x": -93.14, "y": 10.13, "z": 369.54, "rain": 0.0, "fog": 0.0, "wetness": 0.0, "timeofday": 12.0, "signal": -1.0, "rx": 359.93, "ry": 303.44, "rz": 0.01, "speed": 0.0}
 timestamp= 1619804791000 [RES] Validate result: 
true
 timestamp= 1619804791000 [RUN] Execute API step: 
The environment controller C INVOKES API Control.Agents.Pedestrians.WalkRandomly(which_lane=Left_Lane).
 timestamp= 1619804794000 [RES] API result: 
{"pose_arr":[{"vx":0,"ay":0,"az":9.81,"ax":0,"pz":10.12,"vy":0,"px":552781.97,"py":4182854.82},{"vx":0,"ay":0,"az":9.81,"ax":0,"pz":10.12,"vy":0,"px":552781.97,"py":4182854.82},{"vx":0,"ay":0,"az":9.81,"ax":0,"pz":10.12,"vy":0,"px":552781.97,"py":4182854.82},{"vx":0,"ay":0,"az":9.81,"ax":0,"pz":10.12,"vy":0,"px":552781.98,"py":4182854.82},{"vx":0,"ay":0,"az":9.81,"ax":0,"pz":10.12,"vy":0,"px":552781.98,"py":4182854.82},{"vx":0,"ay":0,"az":9.81,"ax":0,"pz":10.12,"vy":0,"px":552781.98,"py":4182854.82},{"vx":0,"ay":0,"az":9.82,"ax":0,"pz":10.12,"vy":0,"px":552781.98,"py":4182854.82},{"vx":0,"ay":0,"az":9.81,"ax":0,"pz":10.12,"vy":0,"px":552781.98,"py":4182854.82}],"traffic_light":[3,3,3,3,3,3],"state_arr":[{"acceleration":0,"throttle":0,"steering_target":-1.1,"brake":24.37,"steering_rate":100,"speed":0},{"acceleration":0,"throttle":0,"steering_target":-1.1,"brake":24.59,"steering_rate":100,"speed":0},{"acceleration":0,"throttle":0,"steering_target":-1.1,"brake":24.68,"steering_rate":100,"speed":0},{"acceleration":0,"throttle":0,"steering_target":-1.1,"brake":24.78,"steering_rate":100,"speed":0},{"acceleration":0,"throttle":0,"steering_target":-1.1,"brake":24.79,"steering_rate":100,"speed":0},{"acceleration":0,"throttle":0,"steering_target":-1.1,"brake":24.9,"steering_rate":100,"speed":0},{"acceleration":0,"throttle":0,"steering_target":-1.1,"brake":24.96,"steering_rate":100,"speed":0},{"acceleration":-0.01,"throttle":0,"steering_target":-1.1,"brake":25.17,"steering_rate":100,"speed":0}],"obstacle_arr":[[{"acceleration":{"y":0,"x":0,"z":0},"position":{"y":4182857.26,"x":552779.02,"z":10.73},"volume":0.28,"type":"PEDESTRIAN","velocity":{"y":0,"x":0,"z":0}},{"acceleration":{"y":0,"x":0,"z":0},"position":{"y":4182858.01,"x":552781.96,"z":10.93},"volume":0,"type":"PEDESTRIAN","velocity":{"y":0,"x":0,"z":0}}],[{"acceleration":{"y":0,"x":0,"z":0},"position":{"y":4182857.23,"x":552779,"z":10.77},"volume":0.18,"type":"PEDESTRIAN","velocity":{"y":0,"x":0,"z":0}},{"acceleration":{"y":0,"x":0,"z":0},"position":{"y":4182858.01,"x":552781.97,"z":10.93},"volume":0,"type":"PEDESTRIAN","velocity":{"y":0,"x":0,"z":0}}],[{"acceleration":{"y":0,"x":0,"z":0},"position":{"y":4182857.26,"x":552779.02,"z":10.75},"volume":0.23,"type":"PEDESTRIAN","velocity":{"y":0,"x":0,"z":0}},{"acceleration":{"y":0,"x":0,"z":0},"position":{"y":4182858.01,"x":552781.97,"z":10.93},"volume":0,"type":"PEDESTRIAN","velocity":{"y":0,"x":0,"z":0}}],[{"acceleration":{"y":0,"x":0,"z":0},"position":{"y":4182857.24,"x":552779.04,"z":10.77},"volume":0.17,"type":"PEDESTRIAN","velocity":{"y":0,"x":0,"z":0}},{"acceleration":{"y":0,"x":0,"z":0},"position":{"y":4182858.01,"x":552781.97,"z":10.93},"volume":0,"type":"PEDESTRIAN","velocity":{"y":0,"x":0,"z":0}}],[{"acceleration":{"y":0,"x":0,"z":0},"position":{"y":4182857.25,"x":552778.99,"z":10.75},"volume":0.19,"type":"PEDESTRIAN","velocity":{"y":0,"x":0,"z":0}},{"acceleration":{"y":0,"x":0,"z":0},"position":{"y":4182858.01,"x":552781.97,"z":10.93},"volume":0,"type":"PEDESTRIAN","velocity":{"y":0,"x":0,"z":0}}],[{"acceleration":{"y":0,"x":0,"z":0},"position":{"y":4182857.25,"x":552779,"z":10.76},"volume":0.21,"type":"PEDESTRIAN","velocity":{"y":0,"x":0,"z":0}},{"acceleration":{"y":0,"x":0,"z":0},"position":{"y":4182858.01,"x":552781.97,"z":10.93},"volume":0,"type":"PEDESTRIAN","velocity":{"y":0,"x":0,"z":0}}],[{"acceleration":{"y":0,"x":0,"z":0},"position":{"y":4182857.24,"x":552779.03,"z":10.75},"volume":0.21,"type":"PEDESTRIAN","velocity":{"y":0,"x":0,"z":0}},{"acceleration":{"y":0,"x":0,"z":0},"position":{"y":4182858.01,"x":552781.97,"z":10.93},"volume":0,"type":"PEDESTRIAN","velocity":{"y":0,"x":0,"z":0}}],[{"acceleration":{"y":0,"x":0,"z":0},"position":{"y":4182857.22,"x":552779.02,"z":10.76},"volume":0.19,"type":"PEDESTRIAN","velocity":{"y":0,"x":0,"z":0}},{"acceleration":{"y":0,"x":0,"z":0},"position":{"y":4182858.01,"x":552781.97,"z":10.93},"volume":0,"type":"PEDESTRIAN","velocity":{"y":0,"x":0,"z":0}}]],"action_description":"Pedestrian crossing the road (left to right)","ev_state":[-93.1304244995117,10.1253643035889,369.543334960938,0,0,0,12,-1,359.932800292969,303.42724609375,0.0109366849064827,0.00016271072266938724],"collision_probability":0.361}
 timestamp= 1619804794000 [RUN] Validate G1 Guard Condition: 
The ego vehicle E Detection.Collision == True.
 timestamp= 1619804794000 [RES] Global Validate result: 
false
 timestamp= 1619804794000 [RUN] Validate G2 Guard Condition: 
The ego vehicle E Detection.OffRoad == True.
 timestamp= 1619804794000 [RES] Global Validate result: 
true
 timestamp= 1619804794000 [RUN] OffRoad == True
 timestamp= 1619804794000 [RUN] The simulator S INVOKES API Command.Simulation.Stop() to stop simulation.
 timestamp= 1619804794000 [WARNING] The test system Stop the Simulator S!
 timestamp= 1619804794000 [RUN] ABORT.
 timestamp= 1619804794000 [ERROR] The test system Abort!
 timestamp= 1619804794000 [RUN] Validate G3 Guard Condition: 
The ego vehicle E Detection.HardBrake == True.
 timestamp= 1619804794000 [RES] Global Validate result: 
false
 timestamp= 1619804794000 [RUN] Validate G4 Guard Condition: 
The ego vehicle E Detection.ArrivalTest == True.
 timestamp= 1619804794000 [RES] Global Validate result: 
false
 timestamp= 1619804794000 [RES] Basic PostCondition Validate result: 
false
 timestamp= 1619804794000 [STOP] numberOfStep: 28 basicFlow: 
[{"name":"","description":"","eClass":"Sentence","content":"The test system VALIDATES THAT the simulator S Status.GetEnvironment is nearly equal to {\"x\": -12.34, \"y\": 10.12, \"z\": 308.4, \"rain\": 0.0, \"fog\": 0.0, \"wetness\": 0.0, \"timeofday\": 12.0, \"signal\": -1.0, \"rx\": 359.91, \"ry\": 307.3, \"rz\": -0.0, \"speed\": 3.73}","natures":[]},{"name":"","description":"","eClass":"Sentence","content":"The environment controller C INVOKES API Control.Agents.Pedestrians.WalkRandomly(which_lane=Left_Lane).","natures":[]},{"name":"","description":"","eClass":"Sentence","content":"The test system VALIDATES THAT the Apollo A Status.GetControl is nearly equal to {\"acceleration\": 0.25, \"throttle\": 15.7, \"steering_target\": 0.05, \"brake\": 0.0, \"steering_rate\": 100.0, \"speed\": 5.27}","natures":[]},{"name":"","description":"","eClass":"Sentence","content":"The test system VALIDATES THAT the simulator S Status.GetEnvironment is nearly equal to {\"x\": -28.97, \"y\": 10.12, \"z\": 320.97, \"rain\": 0.0, \"fog\": 0.0, \"wetness\": 0.0, \"timeofday\": 12.0, \"signal\": 1.0, \"rx\": 0.08, \"ry\": 306.94, \"rz\": -0.0, \"speed\": 5.27}","natures":[]},{"name":"","description":"","eClass":"Sentence","content":"The environment controller C INVOKES API Control.Agents.Pedestrians.WalkRandomly(which_lane=Left_Lane).","natures":[]},{"name":"","description":"","eClass":"Sentence","content":"The test system VALIDATES THAT the Apollo A Status.GetControl is nearly equal to {\"acceleration\": 0.79, \"throttle\": 15.7, \"steering_target\": -0.72, \"brake\": 0.0, \"steering_rate\": 100.0, \"speed\": 7.17}","natures":[]},{"name":"","description":"","eClass":"Sentence","content":"The test system VALIDATES THAT the simulator S Status.GetEnvironment is nearly equal to {\"x\": -49.96, \"y\": 10.12, \"z\": 336.79, \"rain\": 0.0, \"fog\": 0.0, \"wetness\": 0.0, \"timeofday\": 12.0, \"signal\": 0.0, \"rx\": 359.98, \"ry\": 307.24, \"rz\": 0.02, \"speed\": 7.23}","natures":[]},{"name":"","description":"","eClass":"Sentence","content":"The environment controller C INVOKES API Control.Agents.Pedestrians.WalkRandomly(which_lane=Current_Lane).","natures":[]},{"name":"","description":"","eClass":"Sentence","content":"The test system VALIDATES THAT the Apollo A Status.GetControl is nearly equal to {\"acceleration\": -0.08, \"throttle\": 0.0, \"steering_target\": 0.13, \"brake\": 14.5, \"steering_rate\": 100.0, \"speed\": 8.42}","natures":[]},{"name":"","description":"","eClass":"Sentence","content":"The test system VALIDATES THAT the simulator S Status.GetEnvironment is nearly equal to {\"x\": -75.23, \"y\": 10.12, \"z\": 356.01, \"rain\": 0.0, \"fog\": 0.0, \"wetness\": 0.0, \"timeofday\": 12.0, \"signal\": -1.0, \"rx\": 359.98, \"ry\": 307.12, \"rz\": 359.99, \"speed\": 8.42}","natures":[]},{"name":"","description":"","eClass":"Sentence","content":"The environment controller C INVOKES API Control.Agents.Pedestrians.WalkRandomly(which_lane=Left_Lane).","natures":[]},{"name":"","description":"","eClass":"Sentence","content":"The test system VALIDATES THAT the Apollo A Status.GetControl is nearly equal to {\"acceleration\": -1.45, \"throttle\": 0.0, \"steering_target\": 0.27, \"brake\": 26.09, \"steering_rate\": 100.0, \"speed\": 0.94}","natures":[]},{"name":"","description":"","eClass":"Sentence","content":"The test system VALIDATES THAT the simulator S Status.GetEnvironment is nearly equal to {\"x\": -91.94, \"y\": 10.2, \"z\": 368.59, \"rain\": 0.0, \"fog\": 0.0, \"wetness\": 0.0, \"timeofday\": 12.0, \"signal\": 1.0, \"rx\": 0.2, \"ry\": 306.73, \"rz\": 359.97, \"speed\": 0.94}","natures":[]},{"name":"","description":"","eClass":"Sentence","content":"The environment controller C INVOKES API Control.Agents.Pedestrians.WalkRandomly(which_lane=Left_Lane).","natures":[]},{"name":"","description":"","eClass":"Sentence","content":"The test system VALIDATES THAT the Apollo A Status.GetControl is nearly equal to {\"acceleration\": -0.04, \"throttle\": 0.0, \"steering_target\": 0.0, \"brake\": 24.72, \"steering_rate\": 100.0, \"speed\": 0.1}","natures":[]},{"name":"","description":"","eClass":"Sentence","content":"The test system VALIDATES THAT the simulator S Status.GetEnvironment is nearly equal to {\"x\": -93.12, \"y\": 10.2, \"z\": 369.52, \"rain\": 0.0, \"fog\": 0.0, \"wetness\": 0.0, \"timeofday\": 12.0, \"signal\": 1.0, \"rx\": 0.16, \"ry\": 303.38, \"rz\": 359.96, \"speed\": 0.1}","natures":[]},{"name":"","description":"","eClass":"Sentence","content":"The environment controller C INVOKES API Control.Agents.Pedestrians.WalkRandomly(which_lane=Left_Lane).","natures":[]},{"name":"","description":"","eClass":"Sentence","content":"The test system VALIDATES THAT the Apollo A Status.GetControl is nearly equal to {\"acceleration\": -0.0, \"throttle\": 0.0, \"steering_target\": -1.1, \"brake\": 23.31, \"steering_rate\": 100.0, \"speed\": 0.0}","natures":[]},{"name":"","description":"","eClass":"Sentence","content":"The test system VALIDATES THAT the simulator S Status.GetEnvironment is nearly equal to {\"x\": -93.15, \"y\": 10.13, \"z\": 369.54, \"rain\": 0.0, \"fog\": 0.0, \"wetness\": 0.0, \"timeofday\": 12.0, \"signal\": 0.0, \"rx\": 359.77, \"ry\": 303.45, \"rz\": 0.05, \"speed\": 0.0}","natures":[]},{"name":"","description":"","eClass":"Sentence","content":"The environment controller C INVOKES API Control.Agents.Pedestrians.WalkRandomly(which_lane=Left_Lane).","natures":[]},{"name":"","description":"","eClass":"Sentence","content":"The test system VALIDATES THAT the Apollo A Status.GetControl is nearly equal to {\"acceleration\": -0.0, \"throttle\": 0.0, \"steering_target\": -1.1, \"brake\": 23.43, \"steering_rate\": 100.0, \"speed\": 0.0}","natures":[]},{"name":"","description":"","eClass":"Sentence","content":"The test system VALIDATES THAT the simulator S Status.GetEnvironment is nearly equal to {\"x\": -93.14, \"y\": 10.13, \"z\": 369.54, \"rain\": 0.0, \"fog\": 0.0, \"wetness\": 0.0, \"timeofday\": 12.0, \"signal\": -1.0, \"rx\": 359.92, \"ry\": 303.44, \"rz\": 0.02, \"speed\": 0.0}","natures":[]},{"name":"","description":"","eClass":"Sentence","content":"The environment controller C INVOKES API Control.Agents.Pedestrians.WalkRandomly(which_lane=Left_Lane).","natures":[]},{"name":"","description":"","eClass":"Sentence","content":"The test system VALIDATES THAT the Apollo A Status.GetControl is nearly equal to {\"acceleration\": -0.0, \"throttle\": 0.0, \"steering_target\": -1.1, \"brake\": 24.4, \"steering_rate\": 100.0, \"speed\": 0.0}","natures":[]},{"name":"","description":"","eClass":"Sentence","content":"The test system VALIDATES THAT the simulator S Status.GetEnvironment is nearly equal to {\"x\": -93.14, \"y\": 10.13, \"z\": 369.54, \"rain\": 0.0, \"fog\": 0.0, \"wetness\": 0.0, \"timeofday\": 12.0, \"signal\": -1.0, \"rx\": 359.93, \"ry\": 303.44, \"rz\": 0.01, \"speed\": 0.0}","natures":[]},{"name":"","description":"","eClass":"Sentence","content":"The environment controller C INVOKES API Control.Agents.Pedestrians.WalkRandomly(which_lane=Left_Lane).","natures":[]},{"name":"","description":"","eClass":"Sentence","content":"The test system VALIDATES THAT the Apollo A Status.GetControl is nearly equal to {\"acceleration\": -0.01, \"throttle\": 0.0, \"steering_target\": -1.1, \"brake\": 25.17, \"steering_rate\": 100.0, \"speed\": 0.0}","natures":[]},{"name":"","description":"","eClass":"Sentence","content":"","natures":[]}]
