 timestamp= 1619805378000 [START] Now Run TCS Maintain Lane On Road1 Mode: dynamic Roadnum: 2 Second: 4
 timestamp= 1619805378000 [SUCCESS] TCS Check Success 
 timestamp= 1619805381000 [RUN] Run BasicFlow
 timestamp= 1619805381000 [RUN] Generate steps
 timestamp= 1619805381000 [RUN] Validate step: 
The test system VALIDATES THAT the simulator S Status.GetEnvironment is nearly equal to {"x": -12.9, "y": 10.12, "z": 308.92, "rain": 0.0, "fog": 0.0, "wetness": 0.0, "timeofday": 12.0, "signal": -1.0, "rx": 359.91, "ry": 307.86, "rz": 359.99, "speed": 3.81}
 timestamp= 1619805381000 [RES] Validate result: 
true
 timestamp= 1619805381000 [RUN] Execute API step: 
The environment controller C INVOKES API Control.Agents.Pedestrians.WalkRandomly(which_lane=Left_Lane).
 timestamp= 1619805384000 [RES] API result: 
{"pose_arr":[{"vx":2.33,"ay":0.79,"az":9.8,"ax":0.63,"pz":10.12,"vy":2.33,"px":552862.15,"py":4182794.11},{"vx":3.31,"ay":0.26,"az":9.84,"ax":0.2,"pz":10.12,"vy":3.31,"px":552859.33,"py":4182796.29},{"vx":3.44,"ay":0.28,"az":9.81,"ax":0.22,"pz":10.12,"vy":3.44,"px":552856.18,"py":4182798.7},{"vx":3.65,"ay":0.35,"az":9.81,"ax":0.27,"pz":10.12,"vy":3.65,"px":552852.31,"py":4182801.65},{"vx":3.88,"ay":0.2,"az":9.82,"ax":0.15,"pz":10.12,"vy":3.88,"px":552848.77,"py":4182804.33},{"vx":3.43,"ay":0.22,"az":9.79,"ax":0.17,"pz":10.13,"vy":3.43,"px":552845.34,"py":4182806.92}],"traffic_light":[3,3,0,3,0,0],"state_arr":[{"acceleration":1.37,"throttle":43.35,"steering_target":0.75,"brake":0,"steering_rate":100,"speed":3.66},{"acceleration":0.36,"throttle":16.4,"steering_target":0.29,"brake":0,"steering_rate":100,"speed":5.4},{"acceleration":0.44,"throttle":17.65,"steering_target":0.35,"brake":0,"steering_rate":100,"speed":5.64},{"acceleration":0.38,"throttle":16.98,"steering_target":0.44,"brake":0,"steering_rate":100,"speed":5.94},{"acceleration":0.53,"throttle":15.7,"steering_target":0.08,"brake":0,"steering_rate":100,"speed":6.32},{"acceleration":-0.14,"throttle":0,"steering_target":0.2,"brake":14.5,"steering_rate":100,"speed":5.78},{"acceleration":0.88,"throttle":24.87,"steering_target":0.04,"brake":0,"steering_rate":100,"speed":5.8}],"obstacle_arr":[[],[],[],[{"acceleration":{"y":0,"x":0,"z":0},"position":{"y":4182803.85,"x":552845.26,"z":10.64},"volume":0.11,"type":"PEDESTRIAN","velocity":{"y":0,"x":0,"z":0}}],[{"acceleration":{"y":0,"x":0,"z":0},"position":{"y":4182803.54,"x":552846.2,"z":10.4},"volume":0.24,"type":"PEDESTRIAN","velocity":{"y":0,"x":0,"z":0}}],[]],"action_description":"Pedestrian crossing the road (left to right)","ev_state":[-31.0332927703857,10.124321937561,322.693511962891,0,0,0,12,1,359.989654541016,306.904998779297,-0.00361768458969891,5.803762429287967],"collision_probability":0.416}
 timestamp= 1619805384000 [RUN] Validate G1 Guard Condition: 
The ego vehicle E Detection.Collision == True.
 timestamp= 1619805384000 [RES] Global Validate result: 
false
 timestamp= 1619805384000 [RUN] Validate G2 Guard Condition: 
The ego vehicle E Detection.OffRoad == True.
 timestamp= 1619805384000 [RES] Global Validate result: 
false
 timestamp= 1619805384000 [RUN] Validate G3 Guard Condition: 
The ego vehicle E Detection.HardBrake == True.
 timestamp= 1619805384000 [RES] Global Validate result: 
false
 timestamp= 1619805384000 [RUN] Validate G4 Guard Condition: 
The ego vehicle E Detection.ArrivalTest == True.
 timestamp= 1619805384000 [RES] Global Validate result: 
false
 timestamp= 1619805384000 [RUN] Validate step: 
The test system VALIDATES THAT the Apollo A Status.GetControl is nearly equal to {"acceleration": 0.88, "throttle": 24.87, "steering_target": 0.04, "brake": 0.0, "steering_rate": 100.0, "speed": 5.8}
 timestamp= 1619805384000 [RES] Validate result: 
true
 timestamp= 1619805384000 [RUN] Generate steps
 timestamp= 1619805384000 [RUN] Validate step: 
The test system VALIDATES THAT the simulator S Status.GetEnvironment is nearly equal to {"x": -31.03, "y": 10.12, "z": 322.69, "rain": 0.0, "fog": 0.0, "wetness": 0.0, "timeofday": 12.0, "signal": 1.0, "rx": 359.99, "ry": 306.9, "rz": -0.0, "speed": 5.8}
 timestamp= 1619805384000 [RES] Validate result: 
true
 timestamp= 1619805384000 [RUN] Execute API step: 
The environment controller C INVOKES API Control.Agents.Pedestrians.WalkRandomly(which_lane=Left_Lane).
 timestamp= 1619805387000 [RES] API result: 
{"pose_arr":[{"vx":3.52,"ay":0.2,"az":9.81,"ax":0.15,"pz":10.12,"vy":3.52,"px":552842.96,"py":4182808.71},{"vx":3.89,"ay":0.32,"az":9.82,"ax":0.24,"pz":10.12,"vy":3.89,"px":552839.42,"py":4182811.36},{"vx":4.1,"ay":0.26,"az":9.81,"ax":0.2,"pz":10.12,"vy":4.1,"px":552835.28,"py":4182814.47},{"vx":4.25,"ay":0.19,"az":9.81,"ax":0.14,"pz":10.12,"vy":4.25,"px":552831.24,"py":4182817.5},{"vx":4.32,"ay":0.17,"az":9.81,"ax":0.16,"pz":10.12,"vy":4.32,"px":552827.71,"py":4182820.16},{"vx":4.46,"ay":0.23,"az":9.81,"ax":0.09,"pz":10.12,"vy":4.46,"px":552823.04,"py":4182823.68}],"traffic_light":[3,3,3,2,2],"state_arr":[{"acceleration":1.04,"throttle":23.33,"steering_target":-0.01,"brake":0,"steering_rate":100,"speed":6.33},{"acceleration":1.17,"throttle":15.7,"steering_target":-0.03,"brake":0,"steering_rate":100,"speed":6.54},{"acceleration":0.9,"throttle":24.98,"steering_target":-0.09,"brake":0,"steering_rate":100,"speed":6.85},{"acceleration":0.57,"throttle":15.7,"steering_target":-0.1,"brake":0,"steering_rate":100,"speed":7.09},{"acceleration":0.65,"throttle":15.7,"steering_target":-0.15,"brake":0,"steering_rate":100,"speed":7.2},{"acceleration":0.59,"throttle":15.7,"steering_target":-0.32,"brake":0,"steering_rate":100,"speed":7.37}],"obstacle_arr":[[],[],[],[],[],[]],"action_description":"Pedestrian crossing the road (left to right)","ev_state":[-52.845573425293,10.1240062713623,339.098083496094,0,0,0,12,0,359.984710693359,307.238586425781,0.0268264133483171,7.4030882304861185],"collision_probability":1}
 timestamp= 1619805387000 [RUN] Validate G1 Guard Condition: 
The ego vehicle E Detection.Collision == True.
 timestamp= 1619805387000 [RES] Global Validate result: 
true
 timestamp= 1619805387000 [RUN] Collision == True
 timestamp= 1619805387000 [RUN] Validate G2 Guard Condition: 
The ego vehicle E Detection.OffRoad == True.
 timestamp= 1619805387000 [RES] Global Validate result: 
false
 timestamp= 1619805387000 [RUN] Validate G3 Guard Condition: 
The ego vehicle E Detection.HardBrake == True.
 timestamp= 1619805387000 [RES] Global Validate result: 
false
 timestamp= 1619805387000 [RUN] Validate G4 Guard Condition: 
The ego vehicle E Detection.ArrivalTest == True.
 timestamp= 1619805387000 [RES] Global Validate result: 
false
 timestamp= 1619805387000 [RUN] Validate step: 
The test system VALIDATES THAT the Apollo A Status.GetControl is nearly equal to {"acceleration": 0.59, "throttle": 15.7, "steering_target": -0.32, "brake": 0.0, "steering_rate": 100.0, "speed": 7.37}
 timestamp= 1619805387000 [RES] Validate result: 
true
 timestamp= 1619805387000 [RUN] Generate steps
 timestamp= 1619805387000 [RUN] Validate step: 
The test system VALIDATES THAT the simulator S Status.GetEnvironment is nearly equal to {"x": -52.85, "y": 10.12, "z": 339.1, "rain": 0.0, "fog": 0.0, "wetness": 0.0, "timeofday": 12.0, "signal": 0.0, "rx": 359.98, "ry": 307.24, "rz": 0.03, "speed": 7.4}
 timestamp= 1619805387000 [RES] Validate result: 
true
 timestamp= 1619805387000 [RUN] Execute API step: 
The environment controller C INVOKES API Control.Agents.NPCVehicle.NPCVehicleMaintainLane(which_lane=Left_Lane&which_car=SchoolBus).
 timestamp= 1619805391000 [RES] API result: 
{"pose_arr":[{"vx":4.56,"ay":0.18,"az":9.81,"ax":0.14,"pz":10.12,"vy":4.56,"px":552820.16,"py":4182825.86},{"vx":4.67,"ay":0.18,"az":9.81,"ax":0.14,"pz":10.12,"vy":4.67,"px":552816.43,"py":4182828.68},{"vx":4.76,"ay":0,"az":9.81,"ax":0,"pz":10.12,"vy":4.76,"px":552813.05,"py":4182831.25},{"vx":4.88,"ay":0.18,"az":9.81,"ax":0.13,"pz":10.12,"vy":4.88,"px":552808.25,"py":4182834.89},{"vx":4.96,"ay":0.18,"az":9.81,"ax":0.13,"pz":10.12,"vy":4.96,"px":552803.93,"py":4182838.17},{"vx":5.06,"ay":0.18,"az":9.83,"ax":0.12,"pz":10.12,"vy":5.06,"px":552799.32,"py":4182841.65}],"traffic_light":[2,2,2,1,3],"state_arr":[{"acceleration":0.71,"throttle":15.7,"steering_target":0.51,"brake":0,"steering_rate":100,"speed":7.53},{"acceleration":0.49,"throttle":19.9,"steering_target":-0.24,"brake":0,"steering_rate":100,"speed":7.72},{"acceleration":0.45,"throttle":18.98,"steering_target":0.21,"brake":0,"steering_rate":100,"speed":7.87},{"acceleration":0.15,"throttle":15.7,"steering_target":-0.21,"brake":0,"steering_rate":100,"speed":8.05},{"acceleration":0.06,"throttle":15.7,"steering_target":0.37,"brake":0,"steering_rate":100,"speed":8.18},{"acceleration":0.21,"throttle":15.7,"steering_target":-0.06,"brake":0,"steering_rate":100,"speed":8.36},{"acceleration":-0.19,"throttle":0,"steering_target":0.3,"brake":14.5,"steering_rate":100,"speed":8.48}],"obstacle_arr":[[{"acceleration":{"y":0,"x":0,"z":0},"position":{"y":4182820.32,"x":552827.05,"z":10.53},"volume":0.16,"type":"PEDESTRIAN","velocity":{"y":0,"x":0,"z":0}}],[{"acceleration":{"y":0,"x":0,"z":0},"position":{"y":4182819.15,"x":552817.05,"z":10.45},"volume":38.42,"type":"VEHICLE","velocity":{"y":0,"x":0,"z":0}}],[{"acceleration":{"y":0,"x":-0.01,"z":0},"position":{"y":4182819.17,"x":552816.31,"z":10.46},"volume":52.89,"type":"VEHICLE","velocity":{"y":1.18,"x":-2.2,"z":0}}],[{"acceleration":{"y":0.78,"x":-1.17,"z":0},"position":{"y":4182821.5,"x":552812.29,"z":10.42},"volume":61.01,"type":"VEHICLE","velocity":{"y":1.84,"x":-3.22,"z":0}}],[{"acceleration":{"y":0.8,"x":-1.16,"z":0},"position":{"y":4182823.63,"x":552808.94,"z":10.43},"volume":56.14,"type":"VEHICLE","velocity":{"y":2.73,"x":-4.53,"z":0}}],[{"acceleration":{"y":0.89,"x":-1.32,"z":0},"position":{"y":4182825.05,"x":552806.42,"z":10.43},"volume":56.17,"type":"VEHICLE","velocity":{"y":3.27,"x":-5.31,"z":0}}]],"action_description":"NPC vehicle (SchoolBus) driving on the left lane","ev_state":[-78.3255996704102,10.1237478256226,358.401824951172,0,0,0,12,-1,359.984985351563,307.025207519531,359.99267578125,8.475020524893175],"collision_probability":0}
 timestamp= 1619805391000 [RUN] Validate G1 Guard Condition: 
The ego vehicle E Detection.Collision == True.
 timestamp= 1619805391000 [RES] Global Validate result: 
false
 timestamp= 1619805391000 [RUN] Validate G2 Guard Condition: 
The ego vehicle E Detection.OffRoad == True.
 timestamp= 1619805391000 [RES] Global Validate result: 
false
 timestamp= 1619805391000 [RUN] Validate G3 Guard Condition: 
The ego vehicle E Detection.HardBrake == True.
 timestamp= 1619805391000 [RES] Global Validate result: 
false
 timestamp= 1619805391000 [RUN] Validate G4 Guard Condition: 
The ego vehicle E Detection.ArrivalTest == True.
 timestamp= 1619805391000 [RES] Global Validate result: 
false
 timestamp= 1619805391000 [RUN] Validate step: 
The test system VALIDATES THAT the Apollo A Status.GetControl is nearly equal to {"acceleration": -0.19, "throttle": 0.0, "steering_target": 0.3, "brake": 14.5, "steering_rate": 100.0, "speed": 8.48}
 timestamp= 1619805391000 [RES] Validate result: 
true
 timestamp= 1619805391000 [RUN] Generate steps
 timestamp= 1619805391000 [RUN] Validate step: 
The test system VALIDATES THAT the simulator S Status.GetEnvironment is nearly equal to {"x": -78.33, "y": 10.12, "z": 358.4, "rain": 0.0, "fog": 0.0, "wetness": 0.0, "timeofday": 12.0, "signal": -1.0, "rx": 359.98, "ry": 307.03, "rz": 359.99, "speed": 8.48}
 timestamp= 1619805391000 [RES] Validate result: 
true
 timestamp= 1619805391000 [RUN] Execute API step: 
The environment controller C INVOKES API Control.Agents.Pedestrians.WalkRandomly(which_lane=Left_Lane).
 timestamp= 1619805394000 [RES] API result: 
{"pose_arr":[{"vx":5.11,"ay":0.17,"az":9.82,"ax":0.13,"pz":10.12,"vy":5.11,"px":552795.85,"py":4182844.27},{"vx":5.02,"ay":-0.49,"az":9.82,"ax":-0.37,"pz":10.12,"vy":5.02,"px":552791.46,"py":4182847.58},{"vx":4.98,"ay":0.18,"az":9.8,"ax":0.12,"pz":10.12,"vy":4.98,"px":552787.25,"py":4182850.73},{"vx":4.94,"ay":0.18,"az":9.8,"ax":0.13,"pz":10.12,"vy":4.94,"px":552782.05,"py":4182854.61},{"vx":5.03,"ay":0.18,"az":9.81,"ax":0.13,"pz":10.12,"vy":5.03,"px":552777.4,"py":4182858.08},{"vx":4.56,"ay":0,"az":9.81,"ax":0,"pz":10.13,"vy":4.56,"px":552773.41,"py":4182861.04}],"traffic_light":[3,3,3,3,1,3],"state_arr":[{"acceleration":0.17,"throttle":15.7,"steering_target":0.16,"brake":0,"steering_rate":100,"speed":8.43},{"acceleration":0.17,"throttle":15.7,"steering_target":0.07,"brake":0,"steering_rate":100,"speed":8.23},{"acceleration":-0.02,"throttle":0,"steering_target":0.19,"brake":14.5,"steering_rate":100,"speed":8.27},{"acceleration":0.03,"throttle":15.7,"steering_target":-0.05,"brake":0,"steering_rate":100,"speed":8.28},{"acceleration":0.07,"throttle":15.7,"steering_target":0.21,"brake":0,"steering_rate":100,"speed":8.43},{"acceleration":-1.16,"throttle":0,"steering_target":-0.08,"brake":21.32,"steering_rate":100,"speed":7.65},{"acceleration":-0.83,"throttle":0,"steering_target":-0.02,"brake":20.35,"steering_rate":100,"speed":7.06}],"obstacle_arr":[[{"acceleration":{"y":0.72,"x":-1.05,"z":0},"position":{"y":4182827.46,"x":552802.49,"z":10.44},"volume":60.67,"type":"VEHICLE","velocity":{"y":3.85,"x":-6.17,"z":0}}],[{"acceleration":{"y":0.25,"x":-0.34,"z":0},"position":{"y":4182829.13,"x":552799.57,"z":10.49},"volume":56.38,"type":"VEHICLE","velocity":{"y":4.25,"x":-6.72,"z":0}}],[{"acceleration":{"y":0.15,"x":-0.19,"z":0},"position":{"y":4182831.06,"x":552796.69,"z":10.44},"volume":52.44,"type":"VEHICLE","velocity":{"y":4.25,"x":-6.7,"z":0}}],[{"acceleration":{"y":0.17,"x":-0.34,"z":0},"position":{"y":4182832.95,"x":552793.14,"z":10.6},"volume":53.88,"type":"VEHICLE","velocity":{"y":4.27,"x":-6.77,"z":0}}],[{"acceleration":{"y":0.21,"x":-0.39,"z":0},"position":{"y":4182834.62,"x":552790.42,"z":10.46},"volume":60.58,"type":"VEHICLE","velocity":{"y":4.32,"x":-6.92,"z":0}}],[{"acceleration":{"y":0.29,"x":-0.35,"z":0},"position":{"y":4182836.95,"x":552787.1,"z":10.54},"volume":51.88,"type":"VEHICLE","velocity":{"y":4.44,"x":-7.06,"z":0}},{"acceleration":{"y":0,"x":0,"z":0},"position":{"y":4182855.81,"x":552779.71,"z":10.42},"volume":0.15,"type":"PEDESTRIAN","velocity":{"y":0,"x":0,"z":0}}]],"action_description":"Pedestrian crossing the road (left to right)","ev_state":[-104.623268127441,10.1240425109863,378.028442382813,0,0,0,12,1,0.0741414800286293,306.601715087891,0.001731360796839,7.064583739284525],"collision_probability":0.513}
 timestamp= 1619805394000 [RUN] Validate G1 Guard Condition: 
The ego vehicle E Detection.Collision == True.
 timestamp= 1619805394000 [RES] Global Validate result: 
false
 timestamp= 1619805394000 [RUN] Validate G2 Guard Condition: 
The ego vehicle E Detection.OffRoad == True.
 timestamp= 1619805394000 [RES] Global Validate result: 
false
 timestamp= 1619805394000 [RUN] Validate G3 Guard Condition: 
The ego vehicle E Detection.HardBrake == True.
 timestamp= 1619805394000 [RES] Global Validate result: 
false
 timestamp= 1619805394000 [RUN] Validate G4 Guard Condition: 
The ego vehicle E Detection.ArrivalTest == True.
 timestamp= 1619805394000 [RES] Global Validate result: 
false
 timestamp= 1619805394000 [RUN] Validate step: 
The test system VALIDATES THAT the Apollo A Status.GetControl is nearly equal to {"acceleration": -0.83, "throttle": 0.0, "steering_target": -0.02, "brake": 20.35, "steering_rate": 100.0, "speed": 7.06}
 timestamp= 1619805394000 [RES] Validate result: 
true
 timestamp= 1619805394000 [RUN] Generate steps
 timestamp= 1619805394000 [RUN] Validate step: 
The test system VALIDATES THAT the simulator S Status.GetEnvironment is nearly equal to {"x": -104.62, "y": 10.12, "z": 378.03, "rain": 0.0, "fog": 0.0, "wetness": 0.0, "timeofday": 12.0, "signal": 1.0, "rx": 0.07, "ry": 306.6, "rz": 0.0, "speed": 7.06}
 timestamp= 1619805394000 [RES] Validate result: 
true
 timestamp= 1619805394000 [RUN] Execute API step: 
The environment controller C INVOKES API Control.Agents.Pedestrians.WalkRandomly(which_lane=Left_Lane).
 timestamp= 1619805398000 [RES] API result: 
{"pose_arr":[{"vx":4.19,"ay":-0.47,"az":9.81,"ax":-0.35,"pz":10.13,"vy":4.19,"px":552770.13,"py":4182863.48},{"vx":3.85,"ay":-0.84,"az":9.82,"ax":-0.63,"pz":10.13,"vy":3.85,"px":552766.19,"py":4182866.4},{"vx":3.4,"ay":-0.59,"az":9.81,"ax":-0.43,"pz":10.13,"vy":3.4,"px":552763.05,"py":4182868.72},{"vx":2.9,"ay":-2.75,"az":9.85,"ax":-2.03,"pz":10.13,"vy":2.9,"px":552760.91,"py":4182870.31},{"vx":2.73,"ay":-0.45,"az":9.81,"ax":-0.29,"pz":10.13,"vy":2.73,"px":552759.06,"py":4182871.67},{"vx":2.28,"ay":-1.71,"az":9.83,"ax":-1.25,"pz":10.13,"vy":2.28,"px":552756.28,"py":4182873.72},{"vx":1.97,"ay":-0.42,"az":9.81,"ax":-0.3,"pz":10.13,"vy":1.97,"px":552754.32,"py":4182875.16}],"traffic_light":[1,1,1,1,1,1],"state_arr":[{"acceleration":-1.01,"throttle":0,"steering_target":0.21,"brake":20.1,"steering_rate":100,"speed":6.86},{"acceleration":-0.74,"throttle":0,"steering_target":-0.21,"brake":16.55,"steering_rate":100,"speed":6.01},{"acceleration":-0.72,"throttle":0,"steering_target":0.46,"brake":16.52,"steering_rate":100,"speed":5.48},{"acceleration":-0.52,"throttle":0,"steering_target":-0.1,"brake":14.5,"steering_rate":100,"speed":4.75},{"acceleration":-0.65,"throttle":0,"steering_target":0.4,"brake":15.88,"steering_rate":100,"speed":4.37},{"acceleration":-0.4,"throttle":0,"steering_target":0.47,"brake":14.5,"steering_rate":100,"speed":3.54},{"acceleration":-0.67,"throttle":0,"steering_target":0.34,"brake":16.25,"steering_rate":100,"speed":3.29}],"obstacle_arr":[[{"acceleration":{"y":0.2,"x":-0.21,"z":0},"position":{"y":4182837.94,"x":552785.58,"z":10.47},"volume":41.06,"type":"VEHICLE","velocity":{"y":4.55,"x":-7.1,"z":0}}],[{"acceleration":{"y":0.15,"x":-0.13,"z":0},"position":{"y":4182839.73,"x":552783.41,"z":10.54},"volume":36.88,"type":"VEHICLE","velocity":{"y":4.49,"x":-6.91,"z":0}}],[{"acceleration":{"y":0.13,"x":-0.09,"z":0},"position":{"y":4182841.59,"x":552780.72,"z":10.56},"volume":40.75,"type":"VEHICLE","velocity":{"y":4.45,"x":-6.74,"z":0}}],[{"acceleration":{"y":0.16,"x":-0.15,"z":0},"position":{"y":4182843.18,"x":552778.52,"z":10.53},"volume":40.9,"type":"VEHICLE","velocity":{"y":4.42,"x":-6.59,"z":0}},{"acceleration":{"y":0,"x":0,"z":0},"position":{"y":4182872.47,"x":552753.18,"z":10.75},"volume":0.12,"type":"PEDESTRIAN","velocity":{"y":0,"x":0,"z":0}}],[{"acceleration":{"y":0.19,"x":-0.18,"z":0},"position":{"y":4182845.57,"x":552775.54,"z":10.54},"volume":37.04,"type":"VEHICLE","velocity":{"y":4.46,"x":-6.52,"z":0}},{"acceleration":{"y":0,"x":0,"z":0},"position":{"y":4182872.09,"x":552754.46,"z":10.61},"volume":0.14,"type":"PEDESTRIAN","velocity":{"y":0,"x":0,"z":0}}],[{"acceleration":{"y":0.13,"x":-0.13,"z":0},"position":{"y":4182847.61,"x":552772.54,"z":10.54},"volume":34.99,"type":"VEHICLE","velocity":{"y":4.46,"x":-6.45,"z":0}},{"acceleration":{"y":-0.01,"x":0.03,"z":0},"position":{"y":4182872.06,"x":552754.96,"z":10.96},"volume":0.06,"type":"PEDESTRIAN","velocity":{"y":-0.15,"x":0.59,"z":0}}],[{"acceleration":{"y":0.1,"x":-0.13,"z":0},"position":{"y":4182849.25,"x":552770.1,"z":10.47},"volume":49.09,"type":"VEHICLE","velocity":{"y":4.41,"x":-6.37,"z":0}},{"acceleration":{"y":-0.06,"x":-0.08,"z":0},"position":{"y":4182872.07,"x":552754.99,"z":11.09},"volume":0.01,"type":"PEDESTRIAN","velocity":{"y":-0.19,"x":0.5,"z":0}}]],"action_description":"Pedestrian crossing the road (left to right)","ev_state":[-121.037864685059,10.1246538162231,390.138610839844,0,0,0,12,1,0.0329724587500095,306.134002685547,-0.000549411750398576,3.286092106499023],"collision_probability":0.378}
 timestamp= 1619805398000 [RUN] Validate G1 Guard Condition: 
The ego vehicle E Detection.Collision == True.
 timestamp= 1619805398000 [RES] Global Validate result: 
false
 timestamp= 1619805398000 [RUN] Validate G2 Guard Condition: 
The ego vehicle E Detection.OffRoad == True.
 timestamp= 1619805398000 [RES] Global Validate result: 
false
 timestamp= 1619805398000 [RUN] Validate G3 Guard Condition: 
The ego vehicle E Detection.HardBrake == True.
 timestamp= 1619805398000 [RES] Global Validate result: 
false
 timestamp= 1619805398000 [RUN] Validate G4 Guard Condition: 
The ego vehicle E Detection.ArrivalTest == True.
 timestamp= 1619805398000 [RES] Global Validate result: 
false
 timestamp= 1619805398000 [RUN] Validate step: 
The test system VALIDATES THAT the Apollo A Status.GetControl is nearly equal to {"acceleration": -0.67, "throttle": 0.0, "steering_target": 0.34, "brake": 16.25, "steering_rate": 100.0, "speed": 3.29}
 timestamp= 1619805398000 [RES] Validate result: 
true
 timestamp= 1619805398000 [RUN] Generate steps
 timestamp= 1619805398000 [RUN] Validate step: 
The test system VALIDATES THAT the simulator S Status.GetEnvironment is nearly equal to {"x": -121.04, "y": 10.12, "z": 390.14, "rain": 0.0, "fog": 0.0, "wetness": 0.0, "timeofday": 12.0, "signal": 1.0, "rx": 0.03, "ry": 306.13, "rz": -0.0, "speed": 3.29}
 timestamp= 1619805398000 [RES] Validate result: 
true
 timestamp= 1619805398000 [RUN] Execute API step: 
The environment controller C INVOKES API Control.Agents.Pedestrians.WalkRandomly(which_lane=Left_Lane).
 timestamp= 1619805402000 [RES] API result: 
{"pose_arr":[{"vx":1.87,"ay":0.22,"az":9.8,"ax":0.16,"pz":10.13,"vy":1.87,"px":552753.13,"py":4182876.02},{"vx":2.53,"ay":2.89,"az":9.78,"ax":2.09,"pz":10.12,"vy":2.53,"px":552751.3,"py":4182877.35},{"vx":2.72,"ay":0,"az":9.81,"ax":0,"pz":10.12,"vy":2.72,"px":552749.39,"py":4182878.74},{"vx":2.28,"ay":-1.97,"az":9.84,"ax":-1.41,"pz":10.13,"vy":2.28,"px":552747.09,"py":4182880.4},{"vx":1.38,"ay":-2.54,"az":9.82,"ax":-1.81,"pz":10.13,"vy":1.38,"px":552745.39,"py":4182881.62},{"vx":0.75,"ay":-0.38,"az":9.8,"ax":-0.27,"pz":10.13,"vy":0.75,"px":552744.58,"py":4182882.2}],"traffic_light":[3,1,3,3,3,3],"state_arr":[{"acceleration":0.34,"throttle":15.94,"steering_target":0.39,"brake":0,"steering_rate":100,"speed":3.22},{"acceleration":0.33,"throttle":15.84,"steering_target":0.39,"brake":0,"steering_rate":100,"speed":4.32},{"acceleration":0.29,"throttle":15.7,"steering_target":0.42,"brake":0,"steering_rate":100,"speed":4.65},{"acceleration":-2.58,"throttle":0,"steering_target":0.42,"brake":36.17,"steering_rate":100,"speed":4.27},{"acceleration":-2.18,"throttle":0,"steering_target":0.4,"brake":32.43,"steering_rate":100,"speed":3.13},{"acceleration":-0.64,"throttle":0,"steering_target":0.49,"brake":16.16,"steering_rate":100,"speed":1.74},{"acceleration":-1.76,"throttle":0,"steering_target":0.5,"brake":29.32,"steering_rate":100,"speed":0.83}],"obstacle_arr":[[{"acceleration":{"y":0.13,"x":-0.14,"z":0},"position":{"y":4182851.19,"x":552767.49,"z":10.46},"volume":44.8,"type":"VEHICLE","velocity":{"y":4.39,"x":-6.31,"z":0}}],[{"acceleration":{"y":-0.31,"x":0.43,"z":0},"position":{"y":4182853.38,"x":552764.81,"z":10.55},"volume":47.4,"type":"VEHICLE","velocity":{"y":2.67,"x":-3.75,"z":0}},{"acceleration":{"y":0,"x":0,"z":0},"position":{"y":4182872.14,"x":552755.96,"z":10.44},"volume":0.11,"type":"PEDESTRIAN","velocity":{"y":0,"x":0,"z":0}}],[{"acceleration":{"y":-0.43,"x":0.99,"z":0},"position":{"y":4182854.78,"x":552762.84,"z":10.56},"volume":56.62,"type":"VEHICLE","velocity":{"y":2.55,"x":-3.11,"z":0}},{"acceleration":{"y":0,"x":0,"z":0},"position":{"y":4182872.13,"x":552756.29,"z":10.53},"volume":0.04,"type":"PEDESTRIAN","velocity":{"y":-0.24,"x":0.8,"z":0}},{"acceleration":{"y":0,"x":0,"z":0},"position":{"y":4182885.12,"x":552735.93,"z":10.15},"volume":0.03,"type":"PEDESTRIAN","velocity":{"y":0,"x":0,"z":0}}],[{"acceleration":{"y":0.19,"x":-0.59,"z":0},"position":{"y":4182856.66,"x":552760.2,"z":10.47},"volume":49.64,"type":"VEHICLE","velocity":{"y":2.71,"x":-3.65,"z":0}},{"acceleration":{"y":0,"x":0,"z":0},"position":{"y":4182885.25,"x":552736.56,"z":10.32},"volume":0.11,"type":"PEDESTRIAN","velocity":{"y":0,"x":0,"z":0}}],[{"acceleration":{"y":-0.15,"x":-0.17,"z":0},"position":{"y":4182859.27,"x":552756.69,"z":10.5},"volume":53.08,"type":"VEHICLE","velocity":{"y":2.6,"x":-3.72,"z":0}},{"acceleration":{"y":-0.22,"x":0.51,"z":0},"position":{"y":4182885.45,"x":552737.51,"z":10.56},"volume":0.11,"type":"PEDESTRIAN","velocity":{"y":0.54,"x":0.38,"z":0}}],[{"acceleration":{"y":1.15,"x":-1.76,"z":0},"position":{"y":4182861.23,"x":552754.05,"z":10.6},"volume":45.85,"type":"VEHICLE","velocity":{"y":3.45,"x":-4.87,"z":0}},{"acceleration":{"y":-0.63,"x":0.28,"z":0},"position":{"y":4182885.55,"x":552737.85,"z":10.55},"volume":0.21,"type":"PEDESTRIAN","velocity":{"y":0.1,"x":0.51,"z":0}}]],"action_description":"Pedestrian crossing the road (left to right)","ev_state":[-130.946685791016,10.1248588562012,397.274353027344,0,0,0,12,0,0.0996592789888382,305.524719238281,0.000282729568425566,0.42643850659696947],"collision_probability":0}
 timestamp= 1619805402000 [RUN] Validate G1 Guard Condition: 
The ego vehicle E Detection.Collision == True.
 timestamp= 1619805402000 [RES] Global Validate result: 
false
 timestamp= 1619805402000 [RUN] Validate G2 Guard Condition: 
The ego vehicle E Detection.OffRoad == True.
 timestamp= 1619805402000 [RES] Global Validate result: 
false
 timestamp= 1619805402000 [RUN] Validate G3 Guard Condition: 
The ego vehicle E Detection.HardBrake == True.
 timestamp= 1619805402000 [RES] Global Validate result: 
true
 timestamp= 1619805402000 [RUN] HardBrake == True
 timestamp= 1619805402000 [RUN] RESUME STEP @preStep
 timestamp= 1619805402000 [RUN] Resume step basicflow16
 timestamp= 1619805402000 [RUN] Validate G4 Guard Condition: 
The ego vehicle E Detection.ArrivalTest == True.
 timestamp= 1619805402000 [RES] Global Validate result: 
false
 timestamp= 1619805402000 [RUN] Validate step: 
The test system VALIDATES THAT the Apollo A Status.GetControl is nearly equal to {"acceleration": -1.76, "throttle": 0.0, "steering_target": 0.5, "brake": 29.32, "steering_rate": 100.0, "speed": 0.83}
 timestamp= 1619805402000 [RES] Validate result: 
true
 timestamp= 1619805402000 [RUN] Generate steps
 timestamp= 1619805402000 [RUN] Validate step: 
The test system VALIDATES THAT the simulator S Status.GetEnvironment is nearly equal to {"x": -130.95, "y": 10.12, "z": 397.27, "rain": 0.0, "fog": 0.0, "wetness": 0.0, "timeofday": 12.0, "signal": 0.0, "rx": 0.1, "ry": 305.52, "rz": 0.0, "speed": 0.43}
 timestamp= 1619805402000 [RES] Validate result: 
true
 timestamp= 1619805402000 [RUN] Execute API step: 
The environment controller C INVOKES API Control.Agents.Pedestrians.WalkRandomly(which_lane=Left_Lane).
 timestamp= 1619805405000 [RES] API result: 
{"pose_arr":[{"vx":0.36,"ay":-1.44,"az":9.81,"ax":-1.03,"pz":10.13,"vy":0.36,"px":552744.18,"py":4182882.48},{"vx":0,"ay":0,"az":9.81,"ax":0,"pz":10.13,"vy":0,"px":552744.06,"py":4182882.56},{"vx":0.38,"ay":2.21,"az":9.81,"ax":1.57,"pz":10.12,"vy":0.38,"px":552743.99,"py":4182882.61},{"vx":0.69,"ay":-0.38,"az":9.81,"ax":-0.27,"pz":10.12,"vy":0.69,"px":552743.4,"py":4182883.04},{"vx":0,"ay":-0.08,"az":9.81,"ax":-0.06,"pz":10.13,"vy":0,"px":552743.11,"py":4182883.24},{"vx":0,"ay":0,"az":9.81,"ax":0,"pz":10.12,"vy":0,"px":552743.11,"py":4182883.24},{"vx":0.86,"ay":3.18,"az":9.81,"ax":2.26,"pz":10.12,"vy":0.86,"px":552742.85,"py":4182883.42}],"traffic_light":[3,3,1,3,3,3,3],"state_arr":[{"acceleration":-0.87,"throttle":0,"steering_target":0.53,"brake":19.7,"steering_rate":100,"speed":0.3},{"acceleration":0.06,"throttle":15.7,"steering_target":0.54,"brake":0,"steering_rate":100,"speed":0},{"acceleration":0.06,"throttle":34.27,"steering_target":0.51,"brake":0,"steering_rate":100,"speed":0.66},{"acceleration":-3,"throttle":0,"steering_target":0.48,"brake":41.3,"steering_rate":100,"speed":1.19},{"acceleration":-3,"throttle":0,"steering_target":0.52,"brake":69.96,"steering_rate":100,"speed":0},{"acceleration":0.48,"throttle":70.44,"steering_target":0.52,"brake":0,"steering_rate":100,"speed":0},{"acceleration":0.65,"throttle":72.2,"steering_target":0.44,"brake":0,"steering_rate":100,"speed":1.73},{"acceleration":0.25,"throttle":15.75,"steering_target":0.66,"brake":0,"steering_rate":100,"speed":2.38}],"obstacle_arr":[[{"acceleration":{"y":0.25,"x":-0.35,"z":0},"position":{"y":4182862.58,"x":552752.17,"z":10.43},"volume":54.06,"type":"VEHICLE","velocity":{"y":3.49,"x":-4.84,"z":0}},{"acceleration":{"y":-0.23,"x":0.39,"z":0},"position":{"y":4182885.77,"x":552738.33,"z":10.45},"volume":0.24,"type":"PEDESTRIAN","velocity":{"y":-0.02,"x":0.71,"z":0}}],[{"acceleration":{"y":-0.33,"x":0.84,"z":0},"position":{"y":4182864.68,"x":552749.07,"z":10.33},"volume":56.92,"type":"VEHICLE","velocity":{"y":3.34,"x":-4.42,"z":0}},{"acceleration":{"y":0.07,"x":-0.02,"z":0},"position":{"y":4182886.09,"x":552739.07,"z":10.45},"volume":0.23,"type":"PEDESTRIAN","velocity":{"y":0.17,"x":0.84,"z":0}}],[{"acceleration":{"y":-2.55,"x":3.07,"z":0},"position":{"y":4182865.79,"x":552747.76,"z":10.35},"volume":53,"type":"VEHICLE","velocity":{"y":1.4,"x":-2.04,"z":0}},{"acceleration":{"y":-0.23,"x":0.52,"z":0},"position":{"y":4182886.11,"x":552739.89,"z":10.44},"volume":0.19,"type":"PEDESTRIAN","velocity":{"y":-0.02,"x":0.99,"z":0}}],[{"acceleration":{"y":-1.51,"x":1.94,"z":0},"position":{"y":4182866.59,"x":552746.53,"z":10.38},"volume":61.68,"type":"VEHICLE","velocity":{"y":0.29,"x":-0.68,"z":0}},{"acceleration":{"y":0.19,"x":-0.19,"z":0},"position":{"y":4182886.35,"x":552740.34,"z":10.49},"volume":0.3,"type":"PEDESTRIAN","velocity":{"y":0.22,"x":0.68,"z":0}}],[{"acceleration":{"y":-0.2,"x":0.49,"z":0},"position":{"y":4182867.27,"x":552745.58,"z":10.39},"volume":63.09,"type":"VEHICLE","velocity":{"y":0.24,"x":-0.51,"z":0}},{"acceleration":{"y":0.13,"x":-0.22,"z":0},"position":{"y":4182886.51,"x":552740.78,"z":10.54},"volume":0.27,"type":"PEDESTRIAN","velocity":{"y":0.26,"x":0.59,"z":0}},{"acceleration":{"y":0,"x":0,"z":0},"position":{"y":4182891.33,"x":552727.09,"z":10.62},"volume":0,"type":"PEDESTRIAN","velocity":{"y":0,"x":0,"z":0}}],[{"acceleration":{"y":0.14,"x":0.01,"z":0},"position":{"y":4182868.14,"x":552744.77,"z":10.45},"volume":54.43,"type":"VEHICLE","velocity":{"y":0.38,"x":-0.39,"z":0}},{"acceleration":{"y":-0.09,"x":0.16,"z":0},"position":{"y":4182886.72,"x":552741.47,"z":10.67},"volume":0.23,"type":"PEDESTRIAN","velocity":{"y":0.21,"x":0.91,"z":0}}],[{"acceleration":{"y":-0.01,"x":-0.19,"z":0},"position":{"y":4182868.42,"x":552744.29,"z":10.38},"volume":54.78,"type":"VEHICLE","velocity":{"y":0.21,"x":-0.31,"z":0}},{"acceleration":{"y":-0.65,"x":-0.22,"z":0},"position":{"y":4182886.7,"x":552742.09,"z":10.95},"volume":0.1,"type":"PEDESTRIAN","velocity":{"y":-0.22,"x":0.75,"z":0}}]],"action_description":"Pedestrian crossing the road (left to right)","ev_state":[-133.196640014648,10.124683380127,398.868927001953,0,0,0,12,-1,359.923645019531,305.32080078125,-0.0029794960282743,2.379580142331737],"collision_probability":0.481}
 timestamp= 1619805405000 [RUN] Validate G1 Guard Condition: 
The ego vehicle E Detection.Collision == True.
 timestamp= 1619805405000 [RES] Global Validate result: 
false
 timestamp= 1619805405000 [RUN] Validate G2 Guard Condition: 
The ego vehicle E Detection.OffRoad == True.
 timestamp= 1619805405000 [RES] Global Validate result: 
false
 timestamp= 1619805405000 [RUN] Validate G3 Guard Condition: 
The ego vehicle E Detection.HardBrake == True.
 timestamp= 1619805405000 [RES] Global Validate result: 
true
 timestamp= 1619805405000 [RUN] HardBrake == True
 timestamp= 1619805405000 [RUN] RESUME STEP @preStep
 timestamp= 1619805405000 [RUN] Resume step basicflow19
 timestamp= 1619805405000 [RUN] Validate G4 Guard Condition: 
The ego vehicle E Detection.ArrivalTest == True.
 timestamp= 1619805405000 [RES] Global Validate result: 
false
 timestamp= 1619805405000 [RUN] Validate step: 
The test system VALIDATES THAT the Apollo A Status.GetControl is nearly equal to {"acceleration": 0.25, "throttle": 15.75, "steering_target": 0.66, "brake": 0.0, "steering_rate": 100.0, "speed": 2.38}
 timestamp= 1619805405000 [RES] Validate result: 
true
 timestamp= 1619805405000 [RUN] Generate steps
 timestamp= 1619805405000 [RUN] Validate step: 
The test system VALIDATES THAT the simulator S Status.GetEnvironment is nearly equal to {"x": -133.2, "y": 10.12, "z": 398.87, "rain": 0.0, "fog": 0.0, "wetness": 0.0, "timeofday": 12.0, "signal": -1.0, "rx": 359.92, "ry": 305.32, "rz": -0.0, "speed": 2.38}
 timestamp= 1619805405000 [RES] Validate result: 
true
 timestamp= 1619805405000 [RUN] Execute API step: 
The environment controller C INVOKES API Control.Agents.Pedestrians.WalkRandomly(which_lane=Left_Lane).
 timestamp= 1619805409000 [RES] API result: 
{"pose_arr":[{"vx":1.37,"ay":0.23,"az":9.83,"ax":0.16,"pz":10.12,"vy":1.37,"px":552741.85,"py":4182884.14},{"vx":1.67,"ay":0.65,"az":9.81,"ax":0.46,"pz":10.12,"vy":1.67,"px":552740.57,"py":4182885.04},{"vx":2.04,"ay":0.46,"az":9.82,"ax":0.32,"pz":10.12,"vy":2.04,"px":552738.77,"py":4182886.3},{"vx":2.09,"ay":-0.61,"az":9.82,"ax":-0.43,"pz":10.12,"vy":2.09,"px":552737.09,"py":4182887.48},{"vx":1.63,"ay":-1.53,"az":9.82,"ax":-1.1,"pz":10.13,"vy":1.63,"px":552735.58,"py":4182888.54},{"vx":0.66,"ay":0,"az":9.81,"ax":0,"pz":10.13,"vy":0.66,"px":552734.63,"py":4182889.22},{"vx":0,"ay":0,"az":9.79,"ax":0,"pz":10.13,"vy":0,"px":552734.38,"py":4182889.39}],"traffic_light":[3,0,3,3,3,3],"state_arr":[{"acceleration":0.72,"throttle":63.16,"steering_target":0.5,"brake":0,"steering_rate":100,"speed":2.79},{"acceleration":0.75,"throttle":62.25,"steering_target":0.37,"brake":0,"steering_rate":100,"speed":3.18},{"acceleration":-0.57,"throttle":0,"steering_target":0.29,"brake":14.5,"steering_rate":100,"speed":3.84},{"acceleration":-1.84,"throttle":0,"steering_target":-1.55,"brake":29.07,"steering_rate":100,"speed":3.52},{"acceleration":-2.99,"throttle":0,"steering_target":-0.09,"brake":40.72,"steering_rate":100,"speed":2.25},{"acceleration":-2.07,"throttle":0,"steering_target":0.39,"brake":32.02,"steering_rate":100,"speed":0.84},{"acceleration":-1.06,"throttle":0,"steering_target":0.74,"brake":66.25,"steering_rate":100,"speed":0}],"obstacle_arr":[[{"acceleration":{"y":-0.21,"x":0.35,"z":0},"position":{"y":4182868.59,"x":552744.13,"z":10.38},"volume":52.4,"type":"VEHICLE","velocity":{"y":0,"x":0,"z":0}},{"acceleration":{"y":-0.72,"x":-0.01,"z":0},"position":{"y":4182886.32,"x":552742.57,"z":11.31},"volume":0.03,"type":"PEDESTRIAN","velocity":{"y":-0.67,"x":0.9,"z":0}},{"acceleration":{"y":0,"x":0,"z":0},"position":{"y":4182890.77,"x":552729.08,"z":10.37},"volume":0.04,"type":"PEDESTRIAN","velocity":{"y":0,"x":0,"z":0}}],[{"acceleration":{"y":0,"x":0.01,"z":0},"position":{"y":4182868.64,"x":552743.76,"z":10.37},"volume":62.1,"type":"VEHICLE","velocity":{"y":0,"x":0,"z":0}},{"acceleration":{"y":0.17,"x":-0.28,"z":0},"position":{"y":4182886.11,"x":552743.01,"z":10.74},"volume":0.19,"type":"PEDESTRIAN","velocity":{"y":-0.57,"x":0.71,"z":0}},{"acceleration":{"y":0,"x":0,"z":0},"position":{"y":4182890.75,"x":552729.56,"z":10.41},"volume":0.05,"type":"PEDESTRIAN","velocity":{"y":-0.19,"x":0.67,"z":0}}],[{"acceleration":{"y":0,"x":0,"z":0},"position":{"y":4182868.77,"x":552743.64,"z":10.35},"volume":53.92,"type":"VEHICLE","velocity":{"y":0,"x":0,"z":0}},{"acceleration":{"y":-0.16,"x":0.37,"z":0},"position":{"y":4182885.48,"x":552743.85,"z":10.47},"volume":0.13,"type":"PEDESTRIAN","velocity":{"y":-0.82,"x":1.18,"z":0}},{"acceleration":{"y":0.07,"x":0.27,"z":0},"position":{"y":4182890.31,"x":552730.45,"z":10.44},"volume":0.11,"type":"PEDESTRIAN","velocity":{"y":-0.24,"x":0.76,"z":0}}],[{"acceleration":{"y":0,"x":0,"z":0},"position":{"y":4182868.99,"x":552743.34,"z":10.48},"volume":52.75,"type":"VEHICLE","velocity":{"y":0,"x":0,"z":0}},{"acceleration":{"y":-0.17,"x":0.26,"z":0},"position":{"y":4182885.4,"x":552744.08,"z":10.43},"volume":0.26,"type":"PEDESTRIAN","velocity":{"y":-0.91,"x":1.22,"z":0}},{"acceleration":{"y":-0.45,"x":1.2,"z":0},"position":{"y":4182890.36,"x":552730.76,"z":10.54},"volume":0.22,"type":"PEDESTRIAN","velocity":{"y":-0.28,"x":0.86,"z":0}}],[{"acceleration":{"y":0,"x":0,"z":0},"position":{"y":4182869.05,"x":552743.05,"z":10.46},"volume":58.8,"type":"VEHICLE","velocity":{"y":0,"x":0,"z":0}},{"acceleration":{"y":0.62,"x":-0.75,"z":0},"position":{"y":4182885.18,"x":552744.38,"z":10.43},"volume":0.16,"type":"PEDESTRIAN","velocity":{"y":-0.54,"x":0.77,"z":0}},{"acceleration":{"y":0.44,"x":-0.42,"z":0},"position":{"y":4182890.36,"x":552731.14,"z":10.53},"volume":0.18,"type":"PEDESTRIAN","velocity":{"y":0.01,"x":0.58,"z":0}},{"acceleration":{"y":0,"x":0,"z":0},"position":{"y":4182892.79,"x":552724.96,"z":10.76},"volume":0.07,"type":"PEDESTRIAN","velocity":{"y":0,"x":0,"z":0}}],[{"acceleration":{"y":0,"x":0,"z":0},"position":{"y":4182869.36,"x":552742.62,"z":10.41},"volume":55.8,"type":"VEHICLE","velocity":{"y":0,"x":0,"z":0}},{"acceleration":{"y":-0.15,"x":-0.04,"z":0},"position":{"y":4182890.4,"x":552731.37,"z":10.79},"volume":0.26,"type":"PEDESTRIAN","velocity":{"y":0,"x":0,"z":0}},{"acceleration":{"y":0.24,"x":-0.86,"z":0},"position":{"y":4182892.78,"x":552725.41,"z":10.64},"volume":0.13,"type":"PEDESTRIAN","velocity":{"y":0,"x":0,"z":0}}],[{"acceleration":{"y":0,"x":0,"z":0},"position":{"y":4182869.3,"x":552742.77,"z":10.33},"volume":57.62,"type":"VEHICLE","velocity":{"y":0,"x":0,"z":0}},{"acceleration":{"y":-0.04,"x":0.61,"z":0},"position":{"y":4182892.61,"x":552726,"z":10.61},"volume":0.1,"type":"PEDESTRIAN","velocity":{"y":-0.05,"x":0.61,"z":0}}]],"action_description":"Pedestrian crossing the road (left to right)","ev_state":[-140.700759887695,10.1242065429688,404.15576171875,0,0,0,12,1,0.030369870364666,305.718200683594,359.971405029297,0.002252243089010453],"collision_probability":1}
 timestamp= 1619805409000 [RUN] Validate G1 Guard Condition: 
The ego vehicle E Detection.Collision == True.
 timestamp= 1619805409000 [RES] Global Validate result: 
true
 timestamp= 1619805409000 [RUN] Collision == True
 timestamp= 1619805409000 [RUN] Validate G2 Guard Condition: 
The ego vehicle E Detection.OffRoad == True.
 timestamp= 1619805409000 [RES] Global Validate result: 
false
 timestamp= 1619805409000 [RUN] Validate G3 Guard Condition: 
The ego vehicle E Detection.HardBrake == True.
 timestamp= 1619805409000 [RES] Global Validate result: 
true
 timestamp= 1619805409000 [RUN] HardBrake == True
 timestamp= 1619805409000 [RUN] RESUME STEP @preStep
 timestamp= 1619805409000 [RUN] Resume step basicflow22
 timestamp= 1619805409000 [RUN] Validate G4 Guard Condition: 
The ego vehicle E Detection.ArrivalTest == True.
 timestamp= 1619805409000 [RES] Global Validate result: 
false
 timestamp= 1619805409000 [RUN] Validate step: 
The test system VALIDATES THAT the Apollo A Status.GetControl is nearly equal to {"acceleration": -1.06, "throttle": 0.0, "steering_target": 0.74, "brake": 66.25, "steering_rate": 100.0, "speed": 0.0}
 timestamp= 1619805409000 [RES] Validate result: 
true
 timestamp= 1619805409000 [RUN] Generate steps
 timestamp= 1619805409000 [RUN] Validate step: 
The test system VALIDATES THAT the simulator S Status.GetEnvironment is nearly equal to {"x": -140.7, "y": 10.12, "z": 404.16, "rain": 0.0, "fog": 0.0, "wetness": 0.0, "timeofday": 12.0, "signal": 1.0, "rx": 0.03, "ry": 305.72, "rz": 359.97, "speed": 0.0}
 timestamp= 1619805409000 [RES] Validate result: 
true
 timestamp= 1619805409000 [RUN] Execute API step: 
The environment controller C INVOKES API Control.Agents.Pedestrians.WalkRandomly(which_lane=Left_Lane).
 timestamp= 1619805413000 [RES] API result: 
{"pose_arr":[{"vx":0,"ay":0,"az":9.81,"ax":0,"pz":10.12,"vy":0,"px":552734.38,"py":4182889.39},{"vx":0,"ay":0,"az":9.81,"ax":0,"pz":10.12,"vy":0,"px":552734.38,"py":4182889.39},{"vx":0,"ay":0,"az":9.81,"ax":0,"pz":10.13,"vy":0,"px":552734.38,"py":4182889.39},{"vx":0,"ay":0,"az":9.81,"ax":0,"pz":10.13,"vy":0,"px":552734.38,"py":4182889.39},{"vx":0,"ay":0,"az":9.8,"ax":0,"pz":10.13,"vy":0,"px":552734.38,"py":4182889.39},{"vx":0,"ay":0,"az":9.81,"ax":0,"pz":10.13,"vy":0,"px":552734.38,"py":4182889.39},{"vx":0,"ay":0,"az":9.81,"ax":0,"pz":10.13,"vy":0,"px":552734.38,"py":4182889.39}],"traffic_light":[3,3,3,3,3,3,3],"state_arr":[{"acceleration":-0.25,"throttle":0,"steering_target":0.74,"brake":64.64,"steering_rate":100,"speed":0},{"acceleration":-0.29,"throttle":0,"steering_target":0.74,"brake":52.43,"steering_rate":100,"speed":0},{"acceleration":-3,"throttle":0,"steering_target":0.74,"brake":69.56,"steering_rate":100,"speed":0},{"acceleration":-3,"throttle":0,"steering_target":0.74,"brake":69.84,"steering_rate":100,"speed":0},{"acceleration":-3,"throttle":0,"steering_target":0.74,"brake":69.86,"steering_rate":100,"speed":0},{"acceleration":-3,"throttle":0,"steering_target":0.74,"brake":69.83,"steering_rate":100,"speed":0},{"acceleration":-3,"throttle":0,"steering_target":0.74,"brake":69.85,"steering_rate":100,"speed":0},{"acceleration":-3,"throttle":0,"steering_target":0.74,"brake":69.87,"steering_rate":100,"speed":0}],"obstacle_arr":[[{"acceleration":{"y":0,"x":0,"z":0},"position":{"y":4182870.58,"x":552740.86,"z":10.35},"volume":62.01,"type":"VEHICLE","velocity":{"y":0,"x":0,"z":0}},{"acceleration":{"y":-0.17,"x":0.33,"z":0},"position":{"y":4182892.5,"x":552726.35,"z":10.54},"volume":0.2,"type":"PEDESTRIAN","velocity":{"y":-0.17,"x":0.75,"z":0}}],[{"acceleration":{"y":1.33,"x":-1.82,"z":0},"position":{"y":4182874.56,"x":552735.56,"z":10.33},"volume":58.84,"type":"VEHICLE","velocity":{"y":0.83,"x":-1.13,"z":0}},{"acceleration":{"y":-0.15,"x":0.45,"z":0},"position":{"y":4182892.36,"x":552726.84,"z":10.69},"volume":0.13,"type":"PEDESTRIAN","velocity":{"y":-0.22,"x":0.89,"z":0}}],[{"acceleration":{"y":4.05,"x":-5.49,"z":0},"position":{"y":4182881.73,"x":552727.21,"z":10.42},"volume":12.42,"type":"VEHICLE","velocity":{"y":2.63,"x":-3.59,"z":0}},{"acceleration":{"y":-0.14,"x":0.49,"z":0},"position":{"y":4182892.18,"x":552727.47,"z":10.55},"volume":0.13,"type":"PEDESTRIAN","velocity":{"y":-0.23,"x":0.95,"z":0}}],[{"acceleration":{"y":3.96,"x":-5.33,"z":0},"position":{"y":4182886.13,"x":552719.72,"z":10.43},"volume":64.64,"type":"VEHICLE","velocity":{"y":6.2,"x":-8.38,"z":0}},{"acceleration":{"y":0.08,"x":-0.1,"z":0},"position":{"y":4182892.07,"x":552727.95,"z":10.44},"volume":0.26,"type":"PEDESTRIAN","velocity":{"y":-0.16,"x":0.67,"z":0}}],[{"acceleration":{"y":3.12,"x":-4.57,"z":0},"position":{"y":4182890.51,"x":552713.12,"z":10.46},"volume":53.75,"type":"VEHICLE","velocity":{"y":8.59,"x":-11.74,"z":0}},{"acceleration":{"y":0.03,"x":0.16,"z":0},"position":{"y":4182891.92,"x":552728.57,"z":10.44},"volume":0.2,"type":"PEDESTRIAN","velocity":{"y":-0.15,"x":0.77,"z":0}}],[{"acceleration":{"y":2.92,"x":-4.2,"z":0},"position":{"y":4182895.34,"x":552706.07,"z":10.55},"volume":59.78,"type":"VEHICLE","velocity":{"y":10.18,"x":-14.06,"z":0}},{"acceleration":{"y":0.1,"x":-0.66,"z":0},"position":{"y":4182891.85,"x":552728.95,"z":10.41},"volume":0.23,"type":"PEDESTRIAN","velocity":{"y":-0.12,"x":0.56,"z":0}}],[{"acceleration":{"y":2.52,"x":-3.76,"z":0},"position":{"y":4182902.96,"x":552695.51,"z":10.79},"volume":23.16,"type":"VEHICLE","velocity":{"y":12.21,"x":-17.05,"z":0}},{"acceleration":{"y":-0.2,"x":0.53,"z":0},"position":{"y":4182891.63,"x":552729.78,"z":10.5},"volume":0.2,"type":"PEDESTRIAN","velocity":{"y":-0.31,"x":1.16,"z":0}}]],"action_description":"Pedestrian crossing the road (left to right)","ev_state":[-140.694458007813,10.1249675750732,404.162109375,0,0,0,12,1,0.0105247274041176,305.704711914063,359.979797363281,0.0008920732148938115],"collision_probability":0.593}
 timestamp= 1619805413000 [RUN] Validate G1 Guard Condition: 
The ego vehicle E Detection.Collision == True.
 timestamp= 1619805413000 [RES] Global Validate result: 
false
 timestamp= 1619805413000 [RUN] Validate G2 Guard Condition: 
The ego vehicle E Detection.OffRoad == True.
 timestamp= 1619805413000 [RES] Global Validate result: 
false
 timestamp= 1619805413000 [RUN] Validate G3 Guard Condition: 
The ego vehicle E Detection.HardBrake == True.
 timestamp= 1619805413000 [RES] Global Validate result: 
false
 timestamp= 1619805413000 [RUN] Validate G4 Guard Condition: 
The ego vehicle E Detection.ArrivalTest == True.
 timestamp= 1619805413000 [RES] Global Validate result: 
false
 timestamp= 1619805413000 [RUN] Validate step: 
The test system VALIDATES THAT the Apollo A Status.GetControl is nearly equal to {"acceleration": -3.0, "throttle": 0.0, "steering_target": 0.74, "brake": 69.87, "steering_rate": 100.0, "speed": 0.0}
 timestamp= 1619805413000 [RES] Validate result: 
true
 timestamp= 1619805413000 [RUN] Generate steps
 timestamp= 1619805413000 [RUN] Validate step: 
The test system VALIDATES THAT the simulator S Status.GetEnvironment is nearly equal to {"x": -140.69, "y": 10.12, "z": 404.16, "rain": 0.0, "fog": 0.0, "wetness": 0.0, "timeofday": 12.0, "signal": 1.0, "rx": 0.01, "ry": 305.7, "rz": 359.98, "speed": 0.0}
 timestamp= 1619805413000 [RES] Validate result: 
true
 timestamp= 1619805413000 [RUN] Execute API step: 
The environment controller C INVOKES API Control.Agents.Pedestrians.WalkRandomly(which_lane=Left_Lane).
 timestamp= 1619805417000 [RES] API result: 
{"pose_arr":[{"vx":0,"ay":0,"az":9.81,"ax":0,"pz":10.12,"vy":0,"px":552734.38,"py":4182889.4},{"vx":0,"ay":0,"az":9.81,"ax":0,"pz":10.12,"vy":0,"px":552734.38,"py":4182889.4},{"vx":0,"ay":0,"az":9.81,"ax":0,"pz":10.12,"vy":0,"px":552734.39,"py":4182889.39},{"vx":0,"ay":0,"az":9.81,"ax":0,"pz":10.12,"vy":0,"px":552734.39,"py":4182889.39},{"vx":0,"ay":0,"az":9.81,"ax":0,"pz":10.12,"vy":0,"px":552734.39,"py":4182889.39},{"vx":0,"ay":0,"az":9.81,"ax":0,"pz":10.12,"vy":0,"px":552734.39,"py":4182889.39},{"vx":0,"ay":0,"az":9.81,"ax":0,"pz":10.12,"vy":0,"px":552734.39,"py":4182889.39}],"traffic_light":[3,3,3,3,3,1],"state_arr":[{"acceleration":-3,"throttle":0,"steering_target":0.74,"brake":69.97,"steering_rate":100,"speed":0},{"acceleration":-3,"throttle":0,"steering_target":0.74,"brake":69.99,"steering_rate":100,"speed":0},{"acceleration":-3,"throttle":0,"steering_target":0.74,"brake":69.76,"steering_rate":100,"speed":0},{"acceleration":-0.3,"throttle":0,"steering_target":0.74,"brake":48.86,"steering_rate":100,"speed":0},{"acceleration":-0.3,"throttle":0,"steering_target":0.74,"brake":48.92,"steering_rate":100,"speed":0},{"acceleration":-0.3,"throttle":0,"steering_target":0.74,"brake":48.94,"steering_rate":100,"speed":0},{"acceleration":-0.3,"throttle":0,"steering_target":0.74,"brake":48.96,"steering_rate":100,"speed":0},{"acceleration":-0.3,"throttle":0,"steering_target":0.74,"brake":48.85,"steering_rate":100,"speed":0}],"obstacle_arr":[[{"acceleration":{"y":2.2,"x":-3.35,"z":0},"position":{"y":4182907.15,"x":552688.98,"z":10.64},"volume":23.76,"type":"VEHICLE","velocity":{"y":13.19,"x":-18.57,"z":0}},{"acceleration":{"y":0.12,"x":0.14,"z":0},"position":{"y":4182891.51,"x":552730.26,"z":10.37},"volume":0.27,"type":"PEDESTRIAN","velocity":{"y":-0.24,"x":1.18,"z":0}}],[{"acceleration":{"y":-0.13,"x":0.35,"z":0},"position":{"y":4182891.36,"x":552730.79,"z":10.58},"volume":0.22,"type":"PEDESTRIAN","velocity":{"y":-0.34,"x":1.42,"z":0}}],[{"acceleration":{"y":0.13,"x":-0.5,"z":0},"position":{"y":4182891.28,"x":552731.18,"z":10.77},"volume":0.17,"type":"PEDESTRIAN","velocity":{"y":-0.2,"x":0.89,"z":0}}],[{"acceleration":{"y":0.3,"x":-1.38,"z":0},"position":{"y":4182891.18,"x":552731.2,"z":10.79},"volume":0.14,"type":"PEDESTRIAN","velocity":{"y":0,"x":0,"z":0}}],[{"acceleration":{"y":0.02,"x":-0.06,"z":0},"position":{"y":4182891.14,"x":552731.2,"z":10.8},"volume":0.19,"type":"PEDESTRIAN","velocity":{"y":0,"x":0,"z":0}}],[{"acceleration":{"y":0,"x":0,"z":0},"position":{"y":4182891.06,"x":552731.19,"z":10.82},"volume":0.14,"type":"PEDESTRIAN","velocity":{"y":0,"x":0,"z":0}}],[{"acceleration":{"y":0,"x":0,"z":0},"position":{"y":4182891.03,"x":552731.18,"z":10.85},"volume":0.15,"type":"PEDESTRIAN","velocity":{"y":0,"x":0,"z":0}}]],"action_description":"Pedestrian crossing the road (left to right)","ev_state":[-140.686019897461,10.1255102157593,404.162017822266,0,0,0,12,1,359.932434082031,305.761383056641,359.904052734375,0.001473343367231364],"collision_probability":1}
 timestamp= 1619805417000 [RUN] Validate G1 Guard Condition: 
The ego vehicle E Detection.Collision == True.
 timestamp= 1619805417000 [RES] Global Validate result: 
true
 timestamp= 1619805417000 [RUN] Collision == True
 timestamp= 1619805417000 [RUN] Validate G2 Guard Condition: 
The ego vehicle E Detection.OffRoad == True.
 timestamp= 1619805417000 [RES] Global Validate result: 
false
 timestamp= 1619805417000 [RUN] Validate G3 Guard Condition: 
The ego vehicle E Detection.HardBrake == True.
 timestamp= 1619805417000 [RES] Global Validate result: 
false
 timestamp= 1619805417000 [RUN] Validate G4 Guard Condition: 
The ego vehicle E Detection.ArrivalTest == True.
 timestamp= 1619805417000 [RES] Global Validate result: 
false
 timestamp= 1619805417000 [RUN] Validate step: 
The test system VALIDATES THAT the Apollo A Status.GetControl is nearly equal to {"acceleration": -0.3, "throttle": 0.0, "steering_target": 0.74, "brake": 48.85, "steering_rate": 100.0, "speed": 0.0}
 timestamp= 1619805417000 [RES] Validate result: 
true
 timestamp= 1619805417000 [RUN] Generate steps
 timestamp= 1619805417000 [RUN] Validate step: 
The test system VALIDATES THAT the simulator S Status.GetEnvironment is nearly equal to {"x": -140.69, "y": 10.13, "z": 404.16, "rain": 0.0, "fog": 0.0, "wetness": 0.0, "timeofday": 12.0, "signal": 1.0, "rx": 359.93, "ry": 305.76, "rz": 359.9, "speed": 0.0}
 timestamp= 1619805417000 [RES] Validate result: 
true
 timestamp= 1619805417000 [RUN] Execute API step: 
The environment controller C INVOKES API Control.Agents.Pedestrians.WalkRandomly(which_lane=Left_Lane).
 timestamp= 1619805421000 [RES] API result: 
{"pose_arr":[{"vx":0,"ay":0,"az":9.81,"ax":0,"pz":10.12,"vy":0,"px":552734.39,"py":4182889.39},{"vx":0,"ay":0,"az":9.81,"ax":0,"pz":10.12,"vy":0,"px":552734.39,"py":4182889.39},{"vx":0,"ay":0,"az":9.81,"ax":0,"pz":10.12,"vy":0,"px":552734.39,"py":4182889.39},{"vx":0,"ay":0,"az":9.81,"ax":0,"pz":10.12,"vy":0,"px":552734.39,"py":4182889.39},{"vx":1.13,"ay":0,"az":9.81,"ax":0,"pz":10.12,"vy":1.13,"px":552734.12,"py":4182889.6},{"vx":2.08,"ay":3.85,"az":9.82,"ax":0.12,"pz":10.12,"vy":2.08,"px":552733.45,"py":4182890.22},{"vx":2.34,"ay":0.13,"az":9.82,"ax":0.3,"pz":10.12,"vy":2.34,"px":552731.89,"py":4182891.71}],"traffic_light":[3,3,3,3,0,0,0],"state_arr":[{"acceleration":0,"throttle":0,"steering_target":0,"brake":50,"steering_rate":0,"speed":0},{"acceleration":0,"throttle":0,"steering_target":0,"brake":50,"steering_rate":0,"speed":0},{"acceleration":0,"throttle":0,"steering_target":0,"brake":50,"steering_rate":0,"speed":0},{"acceleration":0.47,"throttle":83.61,"steering_target":0.74,"brake":0,"steering_rate":100,"speed":0},{"acceleration":1.19,"throttle":68.3,"steering_target":-60.15,"brake":0,"steering_rate":100,"speed":1},{"acceleration":0.32,"throttle":15.7,"steering_target":-2.24,"brake":0,"steering_rate":100,"speed":2.69},{"acceleration":0.2,"throttle":15.7,"steering_target":20.19,"brake":0,"steering_rate":100,"speed":3.72},{"acceleration":0.72,"throttle":22.72,"steering_target":3.99,"brake":0,"steering_rate":100,"speed":4.08}],"obstacle_arr":[[{"acceleration":{"y":0,"x":0,"z":0},"position":{"y":4182890.89,"x":552731.14,"z":10.87},"volume":0.16,"type":"PEDESTRIAN","velocity":{"y":0,"x":0,"z":0}}],[{"acceleration":{"y":0,"x":0,"z":0},"position":{"y":4182890.68,"x":552731.23,"z":10.94},"volume":0.17,"type":"PEDESTRIAN","velocity":{"y":0,"x":0,"z":0}},{"acceleration":{"y":0,"x":0,"z":0},"position":{"y":4182887.63,"x":552739.83,"z":10.42},"volume":0.24,"type":"PEDESTRIAN","velocity":{"y":0,"x":0,"z":0}}],[{"acceleration":{"y":-0.13,"x":-0.19,"z":0},"position":{"y":4182887.6,"x":552740.33,"z":10.53},"volume":0.08,"type":"PEDESTRIAN","velocity":{"y":-0.04,"x":0.64,"z":0}}],[{"acceleration":{"y":-0.19,"x":1.08,"z":0},"position":{"y":4182887.51,"x":552741,"z":10.47},"volume":0.17,"type":"PEDESTRIAN","velocity":{"y":-0.12,"x":0.84,"z":0}}],[{"acceleration":{"y":0.18,"x":0.13,"z":0},"position":{"y":4182887.6,"x":552741.63,"z":10.41},"volume":0.13,"type":"PEDESTRIAN","velocity":{"y":0.08,"x":0.82,"z":0}}],[{"acceleration":{"y":-0.38,"x":0.4,"z":0},"position":{"y":4182887.33,"x":552742.45,"z":10.58},"volume":0.14,"type":"PEDESTRIAN","velocity":{"y":-0.22,"x":1.16,"z":0}}],[]],"action_description":"Pedestrian crossing the road (left to right)","ev_state":[-144.478713989258,10.1246223449707,407.512664794922,0,0,0,12,1,359.972869873047,306.588256835938,359.889923095703,4.079826088294331],"collision_probability":0.588}
 timestamp= 1619805421000 [RUN] Validate G1 Guard Condition: 
The ego vehicle E Detection.Collision == True.
 timestamp= 1619805421000 [RES] Global Validate result: 
false
 timestamp= 1619805421000 [RUN] Validate G2 Guard Condition: 
The ego vehicle E Detection.OffRoad == True.
 timestamp= 1619805421000 [RES] Global Validate result: 
false
 timestamp= 1619805421000 [RUN] Validate G3 Guard Condition: 
The ego vehicle E Detection.HardBrake == True.
 timestamp= 1619805421000 [RES] Global Validate result: 
true
 timestamp= 1619805421000 [RUN] HardBrake == True
 timestamp= 1619805421000 [RUN] RESUME STEP @preStep
 timestamp= 1619805421000 [RUN] Resume step basicflow31
 timestamp= 1619805421000 [RUN] Validate G4 Guard Condition: 
The ego vehicle E Detection.ArrivalTest == True.
 timestamp= 1619805421000 [RES] Global Validate result: 
false
 timestamp= 1619805421000 [RUN] Validate step: 
The test system VALIDATES THAT the Apollo A Status.GetControl is nearly equal to {"acceleration": 0.72, "throttle": 22.72, "steering_target": 3.99, "brake": 0.0, "steering_rate": 100.0, "speed": 4.08}
 timestamp= 1619805421000 [RES] Validate result: 
true
 timestamp= 1619805421000 [RUN] Generate steps
 timestamp= 1619805421000 [RUN] Validate step: 
The test system VALIDATES THAT the simulator S Status.GetEnvironment is nearly equal to {"x": -144.48, "y": 10.12, "z": 407.51, "rain": 0.0, "fog": 0.0, "wetness": 0.0, "timeofday": 12.0, "signal": 1.0, "rx": 359.97, "ry": 306.59, "rz": 359.89, "speed": 4.08}
 timestamp= 1619805421000 [RES] Validate result: 
true
 timestamp= 1619805421000 [RUN] Execute API step: 
The environment controller C INVOKES API Control.Agents.Pedestrians.WalkRandomly(which_lane=Left_Lane).
 timestamp= 1619805425000 [RES] API result: 
{"pose_arr":[{"vx":2.35,"ay":0.06,"az":9.82,"ax":1,"pz":10.12,"vy":2.35,"px":552730.52,"py":4182892.78},{"vx":3.1,"ay":0.55,"az":9.83,"ax":0.33,"pz":10.12,"vy":3.1,"px":552728.14,"py":4182894.52},{"vx":3.28,"ay":0.58,"az":9.81,"ax":0.43,"pz":10.12,"vy":3.28,"px":552725.54,"py":4182896.38},{"vx":3.15,"ay":0.2,"az":9.81,"ax":0.15,"pz":10.12,"vy":3.15,"px":552722.77,"py":4182898.28},{"vx":3.48,"ay":0.78,"az":9.82,"ax":0.49,"pz":10.12,"vy":3.48,"px":552719.15,"py":4182900.51},{"vx":3.33,"ay":0,"az":9.81,"ax":0,"pz":10.12,"vy":3.33,"px":552716.22,"py":4182902.27},{"vx":2.94,"ay":-1.49,"az":9.81,"ax":-0.77,"pz":10.13,"vy":2.94,"px":552713.93,"py":4182903.62},{"vx":2.56,"ay":0,"az":9.81,"ax":0,"pz":10.13,"vy":2.56,"px":552711.03,"py":4182905.27}],"traffic_light":[3,3,3,3,3,3,3],"state_arr":[{"acceleration":0.52,"throttle":19.18,"steering_target":0.55,"brake":0,"steering_rate":100,"speed":5.04},{"acceleration":0.71,"throttle":22.52,"steering_target":1.58,"brake":0,"steering_rate":100,"speed":5.46},{"acceleration":0.98,"throttle":15.7,"steering_target":7.48,"brake":0,"steering_rate":100,"speed":5.7},{"acceleration":1,"throttle":15.7,"steering_target":3.67,"brake":0,"steering_rate":100,"speed":6.05},{"acceleration":0.75,"throttle":15.7,"steering_target":-0.52,"brake":0,"steering_rate":100,"speed":6.72},{"acceleration":-0.5,"throttle":0,"steering_target":2.31,"brake":14.83,"steering_rate":100,"speed":6.55},{"acceleration":-1.24,"throttle":0,"steering_target":1.45,"brake":22.86,"steering_rate":100,"speed":5.94},{"acceleration":-0.33,"throttle":0,"steering_target":-0.74,"brake":14.5,"steering_rate":100,"speed":5.18}],"obstacle_arr":[[{"acceleration":{"y":0.01,"x":0,"z":0},"position":{"y":4182886.66,"x":552743.46,"z":10.34},"volume":0.17,"type":"PEDESTRIAN","velocity":{"y":-0.25,"x":1.27,"z":0}}],[],[{"acceleration":{"y":0,"x":0,"z":0},"position":{"y":4182890.21,"x":552733.71,"z":10.12},"volume":0.37,"type":"PEDESTRIAN","velocity":{"y":0,"x":0,"z":0}}],[{"acceleration":{"y":0,"x":0,"z":0},"position":{"y":4182890.11,"x":552734.59,"z":10.37},"volume":0.14,"type":"PEDESTRIAN","velocity":{"y":0.12,"x":0.62,"z":0}}],[],[{"acceleration":{"y":0,"x":0,"z":0},"position":{"y":4182904.09,"x":552713.59,"z":10.39},"volume":0.19,"type":"PEDESTRIAN","velocity":{"y":0,"x":0,"z":0}}],[],[]],"action_description":"Pedestrian crossing the road (left to right)","ev_state":[-164.12760925293,10.1245536804199,419.915924072266,0,0,0,12,0,0.0443333722651005,299.476745605469,0.0592804737389088,5.180831924316932],"collision_probability":1}
 timestamp= 1619805425000 [RUN] Validate G1 Guard Condition: 
The ego vehicle E Detection.Collision == True.
 timestamp= 1619805425000 [RES] Global Validate result: 
true
 timestamp= 1619805425000 [RUN] Collision == True
 timestamp= 1619805425000 [RUN] Validate G2 Guard Condition: 
The ego vehicle E Detection.OffRoad == True.
 timestamp= 1619805425000 [RES] Global Validate result: 
false
 timestamp= 1619805425000 [RUN] Validate G3 Guard Condition: 
The ego vehicle E Detection.HardBrake == True.
 timestamp= 1619805425000 [RES] Global Validate result: 
false
 timestamp= 1619805425000 [RUN] Validate G4 Guard Condition: 
The ego vehicle E Detection.ArrivalTest == True.
 timestamp= 1619805425000 [RES] Global Validate result: 
false
 timestamp= 1619805425000 [RUN] Validate step: 
The test system VALIDATES THAT the Apollo A Status.GetControl is nearly equal to {"acceleration": -0.33, "throttle": 0.0, "steering_target": -0.74, "brake": 14.5, "steering_rate": 100.0, "speed": 5.18}
 timestamp= 1619805425000 [RES] Validate result: 
true
 timestamp= 1619805425000 [RUN] Generate steps
 timestamp= 1619805425000 [RUN] Validate step: 
The test system VALIDATES THAT the simulator S Status.GetEnvironment is nearly equal to {"x": -164.13, "y": 10.12, "z": 419.92, "rain": 0.0, "fog": 0.0, "wetness": 0.0, "timeofday": 12.0, "signal": 0.0, "rx": 0.04, "ry": 299.48, "rz": 0.06, "speed": 5.18}
 timestamp= 1619805425000 [RES] Validate result: 
true
 timestamp= 1619805425000 [RUN] Execute API step: 
The environment controller C INVOKES API Control.Agents.Pedestrians.WalkRandomly(which_lane=Left_Lane).
 timestamp= 1619805429000 [RES] API result: 
{"pose_arr":[{"vx":2.65,"ay":0.5,"az":9.81,"ax":0.3,"pz":10.12,"vy":2.65,"px":552708.91,"py":4182906.48},{"vx":3.22,"ay":3.85,"az":9.75,"ax":2.14,"pz":10.12,"vy":3.22,"px":552706.82,"py":4182907.65},{"vx":3.51,"ay":0.61,"az":9.81,"ax":0.47,"pz":10.12,"vy":3.51,"px":552703.31,"py":4182909.62},{"vx":3.55,"ay":0.4,"az":9.81,"ax":0.37,"pz":10.12,"vy":3.55,"px":552700.45,"py":4182911.25},{"vx":3.78,"ay":0.24,"az":9.82,"ax":0.12,"pz":10.12,"vy":3.78,"px":552697.36,"py":4182912.98},{"vx":3.87,"ay":-0.69,"az":9.86,"ax":-0.01,"pz":10.12,"vy":3.87,"px":552693.2,"py":4182915.38},{"vx":3.71,"ay":-0.38,"az":9.86,"ax":-4.06,"pz":10.13,"vy":3.71,"px":552689.82,"py":4182917.52}],"traffic_light":[3,3,3,3,3,3,0,0],"state_arr":[{"acceleration":0.74,"throttle":22.73,"steering_target":-0.35,"brake":0,"steering_rate":100,"speed":5.21},{"acceleration":1.42,"throttle":71.71,"steering_target":0.43,"brake":0,"steering_rate":100,"speed":5.66},{"acceleration":0.93,"throttle":23.22,"steering_target":-0.15,"brake":0,"steering_rate":100,"speed":6.77},{"acceleration":0.99,"throttle":26.14,"steering_target":2.06,"brake":0,"steering_rate":100,"speed":7.05},{"acceleration":0.9,"throttle":24.11,"steering_target":-1.68,"brake":0,"steering_rate":100,"speed":7.32},{"acceleration":0.75,"throttle":15.7,"steering_target":-0.09,"brake":0,"steering_rate":100,"speed":7.66},{"acceleration":-1.6,"throttle":0,"steering_target":-13.55,"brake":25.46,"steering_rate":100,"speed":7.54},{"acceleration":-0.55,"throttle":0,"steering_target":20.04,"brake":14.5,"steering_rate":100,"speed":6.96}],"obstacle_arr":[[],[],[],[{"acceleration":{"y":0,"x":0.01,"z":0},"position":{"y":4182912.36,"x":552693.04,"z":10.46},"volume":0.13,"type":"PEDESTRIAN","velocity":{"y":0.02,"x":0.76,"z":0}}],[{"acceleration":{"y":-1.19,"x":2.46,"z":0},"position":{"y":4182912.2,"x":552693.79,"z":10.47},"volume":0.23,"type":"PEDESTRIAN","velocity":{"y":-0.6,"x":2.1,"z":0}},{"acceleration":{"y":0,"x":0,"z":0},"position":{"y":4182919.34,"x":552697.15,"z":10.42},"volume":0.01,"type":"UNKNOWN","velocity":{"y":0,"x":0,"z":0}},{"acceleration":{"y":0,"x":0,"z":0},"position":{"y":4182909.29,"x":552705.94,"z":10.46},"volume":0.26,"type":"PEDESTRIAN","velocity":{"y":0,"x":0,"z":0}}],[{"acceleration":{"y":-0.02,"x":0.05,"z":0},"position":{"y":4182912.04,"x":552694.64,"z":10.9},"volume":0.19,"type":"PEDESTRIAN","velocity":{"y":-0.54,"x":2,"z":0}},{"acceleration":{"y":0,"x":0,"z":0},"position":{"y":4182919.07,"x":552697.6,"z":10.43},"volume":0.01,"type":"UNKNOWN","velocity":{"y":0,"x":0,"z":0}},{"acceleration":{"y":0,"x":0,"z":0},"position":{"y":4182908.47,"x":552706.64,"z":10.54},"volume":0.1,"type":"PEDESTRIAN","velocity":{"y":0,"x":0,"z":0}}],[{"acceleration":{"y":0,"x":0,"z":0},"position":{"y":4182919.54,"x":552696.87,"z":10.31},"volume":0.04,"type":"UNKNOWN","velocity":{"y":0,"x":0,"z":0}}],[{"acceleration":{"y":0,"x":0,"z":0},"position":{"y":4182919.54,"x":552696.62,"z":10.4},"volume":0.01,"type":"UNKNOWN","velocity":{"y":0,"x":0,"z":0}},{"acceleration":{"y":0,"x":0,"z":0},"position":{"y":4182912.65,"x":552694.71,"z":10.42},"volume":0.1,"type":"PEDESTRIAN","velocity":{"y":-0.25,"x":1.51,"z":0}}]],"action_description":"Pedestrian crossing the road (left to right)","ev_state":[-187.706207275391,10.1242218017578,433.647155761719,0,0,0,12,-1,0.051453422755003,298.386322021484,359.574645996094,6.459521824614269],"collision_probability":0.593}
 timestamp= 1619805429000 [RUN] Validate G1 Guard Condition: 
The ego vehicle E Detection.Collision == True.
 timestamp= 1619805429000 [RES] Global Validate result: 
false
 timestamp= 1619805429000 [RUN] Validate G2 Guard Condition: 
The ego vehicle E Detection.OffRoad == True.
 timestamp= 1619805429000 [RES] Global Validate result: 
false
 timestamp= 1619805429000 [RUN] Validate G3 Guard Condition: 
The ego vehicle E Detection.HardBrake == True.
 timestamp= 1619805429000 [RES] Global Validate result: 
false
 timestamp= 1619805429000 [RUN] Validate G4 Guard Condition: 
The ego vehicle E Detection.ArrivalTest == True.
 timestamp= 1619805429000 [RES] Global Validate result: 
false
 timestamp= 1619805429000 [RUN] Validate step: 
The test system VALIDATES THAT the Apollo A Status.GetControl is nearly equal to {"acceleration": -0.55, "throttle": 0.0, "steering_target": 20.04, "brake": 14.5, "steering_rate": 100.0, "speed": 6.96}
 timestamp= 1619805429000 [RES] Validate result: 
true
 timestamp= 1619805429000 [RUN] Generate steps
 timestamp= 1619805429000 [RUN] Validate step: 
The test system VALIDATES THAT the simulator S Status.GetEnvironment is nearly equal to {"x": -187.71, "y": 10.12, "z": 433.65, "rain": 0.0, "fog": 0.0, "wetness": 0.0, "timeofday": 12.0, "signal": -1.0, "rx": 0.05, "ry": 298.39, "rz": 359.57, "speed": 6.46}
 timestamp= 1619805429000 [RES] Validate result: 
true
 timestamp= 1619805429000 [RUN] Execute API step: 
The environment controller C INVOKES API Control.Agents.Pedestrians.WalkRandomly(which_lane=Left_Lane).
 timestamp= 1619805434000 [RES] API result: 
{"pose_arr":[{"vx":2.95,"ay":-0.85,"az":9.8,"ax":0.46,"pz":10.13,"vy":2.95,"px":552687.75,"py":4182918.87},{"vx":3.39,"ay":1.04,"az":9.79,"ax":0.35,"pz":10.12,"vy":3.39,"px":552685,"py":4182920.37},{"vx":3.32,"ay":0.53,"az":9.81,"ax":0.81,"pz":10.12,"vy":3.32,"px":552681.3,"py":4182922.5},{"vx":3.45,"ay":0.19,"az":9.83,"ax":0.14,"pz":10.12,"vy":3.45,"px":552677.69,"py":4182924.43},{"vx":3.49,"ay":0.2,"az":9.81,"ax":0.11,"pz":10.12,"vy":3.49,"px":552674.03,"py":4182926.38},{"vx":3.24,"ay":-1.46,"az":9.83,"ax":-0.77,"pz":10.13,"vy":3.24,"px":552670.71,"py":4182928.15},{"vx":2.87,"ay":-0.88,"az":9.8,"ax":-0.47,"pz":10.13,"vy":2.87,"px":552667.51,"py":4182929.84},{"vx":2.79,"ay":0.22,"az":9.8,"ax":0.12,"pz":10.12,"vy":2.79,"px":552664.54,"py":4182931.43}],"traffic_light":[3,3,3,3,3,3,3],"state_arr":[{"acceleration":0.89,"throttle":24.8,"steering_target":-5.06,"brake":0,"steering_rate":100,"speed":6.46},{"acceleration":1.25,"throttle":21.05,"steering_target":1.89,"brake":0,"steering_rate":100,"speed":6.71},{"acceleration":1,"throttle":26.29,"steering_target":3.87,"brake":0,"steering_rate":100,"speed":7.01},{"acceleration":0.11,"throttle":15.7,"steering_target":-2.22,"brake":0,"steering_rate":100,"speed":7.33},{"acceleration":-0.06,"throttle":0,"steering_target":2.05,"brake":14.5,"steering_rate":100,"speed":7.44},{"acceleration":-1.47,"throttle":0,"steering_target":-1.41,"brake":24.36,"steering_rate":100,"speed":7.22},{"acceleration":-0.46,"throttle":0,"steering_target":-0.17,"brake":14.5,"steering_rate":100,"speed":6.45},{"acceleration":-0.17,"throttle":0,"steering_target":-0.27,"brake":14.5,"steering_rate":100,"speed":5.86},{"acceleration":0.01,"throttle":15.7,"steering_target":-0.95,"brake":0,"steering_rate":100,"speed":5.94}],"obstacle_arr":[[],[],[{"acceleration":{"y":0,"x":0,"z":0},"position":{"y":4182926.05,"x":552668.31,"z":10.75},"volume":0.07,"type":"PEDESTRIAN","velocity":{"y":0,"x":0,"z":0}}],[{"acceleration":{"y":0,"x":0,"z":0},"position":{"y":4182926.05,"x":552669.18,"z":10.48},"volume":0.27,"type":"PEDESTRIAN","velocity":{"y":0,"x":0,"z":0}}],[{"acceleration":{"y":0,"x":0,"z":0},"position":{"y":4182925.83,"x":552670.19,"z":10.47},"volume":0.26,"type":"PEDESTRIAN","velocity":{"y":0,"x":0,"z":0}}],[{"acceleration":{"y":-0.01,"x":0.01,"z":0},"position":{"y":4182925.63,"x":552670.97,"z":10.88},"volume":0.12,"type":"PEDESTRIAN","velocity":{"y":0,"x":0,"z":0}}],[],[{"acceleration":{"y":0.17,"x":-0.07,"z":0},"position":{"y":4182926.02,"x":552671.57,"z":10.54},"volume":0.16,"type":"PEDESTRIAN","velocity":{"y":0,"x":0,"z":0}}]],"action_description":"Pedestrian crossing the road (left to right)","ev_state":[-211.541442871094,10.1242780685425,446.542877197266,0,0,0,12,-1,359.990509033203,298.294006347656,0.011217855848372,5.9444916401802],"collision_probability":0.392}
 timestamp= 1619805434000 [RUN] Validate G1 Guard Condition: 
The ego vehicle E Detection.Collision == True.
 timestamp= 1619805434000 [RES] Global Validate result: 
false
 timestamp= 1619805434000 [RUN] Validate G2 Guard Condition: 
The ego vehicle E Detection.OffRoad == True.
 timestamp= 1619805434000 [RES] Global Validate result: 
false
 timestamp= 1619805434000 [RUN] Validate G3 Guard Condition: 
The ego vehicle E Detection.HardBrake == True.
 timestamp= 1619805434000 [RES] Global Validate result: 
false
 timestamp= 1619805434000 [RUN] Validate G4 Guard Condition: 
The ego vehicle E Detection.ArrivalTest == True.
 timestamp= 1619805434000 [RES] Global Validate result: 
false
 timestamp= 1619805434000 [RUN] Validate step: 
The test system VALIDATES THAT the Apollo A Status.GetControl is nearly equal to {"acceleration": 0.01, "throttle": 15.7, "steering_target": -0.95, "brake": 0.0, "steering_rate": 100.0, "speed": 5.94}
 timestamp= 1619805434000 [RES] Validate result: 
true
 timestamp= 1619805434000 [RUN] Generate steps
 timestamp= 1619805434000 [RUN] Validate step: 
The test system VALIDATES THAT the simulator S Status.GetEnvironment is nearly equal to {"x": -211.54, "y": 10.12, "z": 446.54, "rain": 0.0, "fog": 0.0, "wetness": 0.0, "timeofday": 12.0, "signal": -1.0, "rx": 359.99, "ry": 298.29, "rz": 0.01, "speed": 5.94}
 timestamp= 1619805434000 [RES] Validate result: 
true
 timestamp= 1619805434000 [RUN] Execute API step: 
The environment controller C INVOKES API Control.Agents.Pedestrians.WalkRandomly(which_lane=Left_Lane).
 timestamp= 1619805438000 [RES] API result: 
{"pose_arr":[{"vx":2.87,"ay":0.22,"az":9.81,"ax":0.12,"pz":10.12,"vy":2.87,"px":552662.63,"py":4182932.46},{"vx":2.86,"ay":-0.49,"az":9.82,"ax":-0.27,"pz":10.12,"vy":2.86,"px":552659.36,"py":4182934.25},{"vx":2.74,"ay":-0.49,"az":9.81,"ax":-0.26,"pz":10.13,"vy":2.74,"px":552656.5,"py":4182935.83},{"vx":2.6,"ay":-0.48,"az":9.81,"ax":-0.27,"pz":10.13,"vy":2.6,"px":552654.07,"py":4182937.2},{"vx":2.47,"ay":-0.47,"az":9.81,"ax":-0.27,"pz":10.13,"vy":2.47,"px":552651.43,"py":4182938.72},{"vx":1.86,"ay":-2.66,"az":9.82,"ax":-1.57,"pz":10.13,"vy":1.86,"px":552649.71,"py":4182939.72},{"vx":1.03,"ay":-2.49,"az":9.81,"ax":-1.48,"pz":10.13,"vy":1.03,"px":552648.39,"py":4182940.5},{"vx":0.53,"ay":-1.52,"az":9.81,"ax":-0.91,"pz":10.13,"vy":0.53,"px":552647.76,"py":4182940.87}],"traffic_light":[3,3,3,3,3,3,3],"state_arr":[{"acceleration":-0.11,"throttle":0,"steering_target":-0.9,"brake":14.5,"steering_rate":100,"speed":6.04},{"acceleration":-0.22,"throttle":0,"steering_target":-0.84,"brake":14.5,"steering_rate":100,"speed":5.84},{"acceleration":-0.14,"throttle":0,"steering_target":-1.03,"brake":14.5,"steering_rate":100,"speed":5.58},{"acceleration":-0.26,"throttle":0,"steering_target":-0.92,"brake":14.5,"steering_rate":100,"speed":5.24},{"acceleration":-1.21,"throttle":0,"steering_target":-1.31,"brake":22.57,"steering_rate":100,"speed":4.99},{"acceleration":-3.26,"throttle":0,"steering_target":-1.3,"brake":42.13,"steering_rate":100,"speed":4.29},{"acceleration":-2.71,"throttle":0,"steering_target":-0.95,"brake":37.44,"steering_rate":100,"speed":2.71},{"acceleration":-1.87,"throttle":0,"steering_target":-0.56,"brake":30.63,"steering_rate":100,"speed":1.74}],"obstacle_arr":[[{"acceleration":{"y":0.77,"x":-0.34,"z":0},"position":{"y":4182925.91,"x":552672.26,"z":10.45},"volume":0.06,"type":"PEDESTRIAN","velocity":{"y":0.68,"x":-0.38,"z":0}}],[{"acceleration":{"y":0.8,"x":-0.32,"z":0},"position":{"y":4182926.49,"x":552672.13,"z":10.42},"volume":0.09,"type":"PEDESTRIAN","velocity":{"y":1.12,"x":-0.59,"z":0}}],[{"acceleration":{"y":0.01,"x":0,"z":0},"position":{"y":4182938.77,"x":552645.06,"z":10.59},"volume":0.03,"type":"PEDESTRIAN","velocity":{"y":0.21,"x":0.33,"z":0}}],[{"acceleration":{"y":-0.12,"x":0.03,"z":0},"position":{"y":4182938.47,"x":552646.05,"z":10.59},"volume":0.11,"type":"PEDESTRIAN","velocity":{"y":0.09,"x":0.57,"z":0}}],[{"acceleration":{"y":0.45,"x":-0.33,"z":0},"position":{"y":4182939.18,"x":552645.38,"z":10.49},"volume":0.21,"type":"PEDESTRIAN","velocity":{"y":0.4,"x":0.03,"z":0}}],[{"acceleration":{"y":-0.41,"x":-0.16,"z":0},"position":{"y":4182939,"x":552646.4,"z":10.47},"volume":0.26,"type":"PEDESTRIAN","velocity":{"y":0,"x":0,"z":0}}],[{"acceleration":{"y":-0.16,"x":-0.05,"z":0},"position":{"y":4182939.09,"x":552646.51,"z":10.87},"volume":0.03,"type":"PEDESTRIAN","velocity":{"y":0,"x":0,"z":0}}],[]],"action_description":"Pedestrian crossing the road (left to right)","ev_state":[-227.394195556641,10.1248483657837,455.544311523438,0,0,0,12,-1,0.120789639651775,300.693359375,-0.000559779873583466,1.024259277792298],"collision_probability":0.471}
 timestamp= 1619805438000 [RUN] Validate G1 Guard Condition: 
The ego vehicle E Detection.Collision == True.
 timestamp= 1619805438000 [RES] Global Validate result: 
false
 timestamp= 1619805438000 [RUN] Validate G2 Guard Condition: 
The ego vehicle E Detection.OffRoad == True.
 timestamp= 1619805438000 [RES] Global Validate result: 
false
 timestamp= 1619805438000 [RUN] Validate G3 Guard Condition: 
The ego vehicle E Detection.HardBrake == True.
 timestamp= 1619805438000 [RES] Global Validate result: 
true
 timestamp= 1619805438000 [RUN] HardBrake == True
 timestamp= 1619805438000 [RUN] RESUME STEP @preStep
 timestamp= 1619805438000 [RUN] Resume step basicflow43
 timestamp= 1619805438000 [RUN] Validate G4 Guard Condition: 
The ego vehicle E Detection.ArrivalTest == True.
 timestamp= 1619805438000 [RES] Global Validate result: 
false
 timestamp= 1619805438000 [RUN] Validate step: 
The test system VALIDATES THAT the Apollo A Status.GetControl is nearly equal to {"acceleration": -1.87, "throttle": 0.0, "steering_target": -0.56, "brake": 30.63, "steering_rate": 100.0, "speed": 1.74}
 timestamp= 1619805438000 [RES] Validate result: 
true
 timestamp= 1619805438000 [RUN] Generate steps
 timestamp= 1619805438000 [RUN] Validate step: 
The test system VALIDATES THAT the simulator S Status.GetEnvironment is nearly equal to {"x": -227.39, "y": 10.12, "z": 455.54, "rain": 0.0, "fog": 0.0, "wetness": 0.0, "timeofday": 12.0, "signal": -1.0, "rx": 0.12, "ry": 300.69, "rz": -0.0, "speed": 1.02}
 timestamp= 1619805438000 [RES] Validate result: 
true
 timestamp= 1619805438000 [RUN] Execute API step: 
The environment controller C INVOKES API Control.Agents.Pedestrians.WalkRandomly(which_lane=Left_Lane).
 timestamp= 1619805442000 [RES] API result: 
{"pose_arr":[{"vx":0.4,"ay":-0.63,"az":9.81,"ax":-0.38,"pz":10.13,"vy":0.4,"px":552647.53,"py":4182941.01},{"vx":0.41,"ay":0.24,"az":9.81,"ax":0.14,"pz":10.12,"vy":0.41,"px":552647.16,"py":4182941.23},{"vx":0.86,"ay":0.62,"az":9.81,"ax":0.34,"pz":10.12,"vy":0.86,"px":552646.54,"py":4182941.6},{"vx":1.12,"ay":2.01,"az":9.79,"ax":1.2,"pz":10.12,"vy":1.12,"px":552645.87,"py":4182942},{"vx":1.08,"ay":-0.72,"az":9.82,"ax":-0.44,"pz":10.13,"vy":1.08,"px":552644.89,"py":4182942.58},{"vx":0.93,"ay":-0.4,"az":9.81,"ax":-0.27,"pz":10.13,"vy":0.93,"px":552644.06,"py":4182943.08},{"vx":0.79,"ay":-0.41,"az":9.81,"ax":-0.24,"pz":10.13,"vy":0.79,"px":552643.25,"py":4182943.57},{"vx":0.68,"ay":-0.4,"az":9.81,"ax":-0.24,"pz":10.13,"vy":0.68,"px":552642.73,"py":4182943.89}],"traffic_light":[3,3,3,3,3,3,3],"state_arr":[{"acceleration":-0.95,"throttle":0,"steering_target":-0.72,"brake":20.7,"steering_rate":100,"speed":1.02},{"acceleration":-0.03,"throttle":0,"steering_target":-0.85,"brake":14.5,"steering_rate":100,"speed":0.66},{"acceleration":0.62,"throttle":52.3,"steering_target":-0.7,"brake":0,"steering_rate":100,"speed":0.91},{"acceleration":0.09,"throttle":19.92,"steering_target":-0.39,"brake":0,"steering_rate":100,"speed":1.69},{"acceleration":-1.04,"throttle":0,"steering_target":-0.86,"brake":21.12,"steering_rate":100,"speed":2.42},{"acceleration":-0.6,"throttle":0,"steering_target":-0.83,"brake":15.57,"steering_rate":100,"speed":2},{"acceleration":-0.18,"throttle":0,"steering_target":-0.4,"brake":14.5,"steering_rate":100,"speed":1.74},{"acceleration":-0.15,"throttle":0,"steering_target":-0.53,"brake":14.5,"steering_rate":100,"speed":1.5},{"acceleration":-0.04,"throttle":0,"steering_target":-0.59,"brake":14.5,"steering_rate":100,"speed":1.27}],"obstacle_arr":[[],[],[],[],[],[{"acceleration":{"y":0,"x":0.01,"z":0},"position":{"y":4182940.02,"x":552649.98,"z":10.44},"volume":0.18,"type":"PEDESTRIAN","velocity":{"y":0.08,"x":0.79,"z":0}}],[{"acceleration":{"y":0,"x":0,"z":0},"position":{"y":4182940.22,"x":552650.41,"z":10.41},"volume":0.09,"type":"PEDESTRIAN","velocity":{"y":0.19,"x":0.75,"z":0}}],[{"acceleration":{"y":-0.13,"x":0.06,"z":0},"position":{"y":4182940.29,"x":552650.92,"z":10.78},"volume":0.08,"type":"PEDESTRIAN","velocity":{"y":0.12,"x":0.79,"z":0}}]],"action_description":"Pedestrian crossing the road (left to right)","ev_state":[-232.50798034668,10.124794960022,458.625640869141,0,0,0,12,-1,0.0287379641085863,301.200531005859,0.000600576458964497,1.2662049353555287],"collision_probability":0.424}
 timestamp= 1619805442000 [RUN] Validate G1 Guard Condition: 
The ego vehicle E Detection.Collision == True.
 timestamp= 1619805442000 [RES] Global Validate result: 
false
 timestamp= 1619805442000 [RUN] Validate G2 Guard Condition: 
The ego vehicle E Detection.OffRoad == True.
 timestamp= 1619805442000 [RES] Global Validate result: 
false
 timestamp= 1619805442000 [RUN] Validate G3 Guard Condition: 
The ego vehicle E Detection.HardBrake == True.
 timestamp= 1619805442000 [RES] Global Validate result: 
false
 timestamp= 1619805442000 [RUN] Validate G4 Guard Condition: 
The ego vehicle E Detection.ArrivalTest == True.
 timestamp= 1619805442000 [RES] Global Validate result: 
false
 timestamp= 1619805442000 [RUN] Validate step: 
The test system VALIDATES THAT the Apollo A Status.GetControl is nearly equal to {"acceleration": -0.04, "throttle": 0.0, "steering_target": -0.59, "brake": 14.5, "steering_rate": 100.0, "speed": 1.27}
 timestamp= 1619805442000 [RES] Validate result: 
true
 timestamp= 1619805442000 [RUN] Generate steps
 timestamp= 1619805442000 [RUN] Validate step: 
The test system VALIDATES THAT the simulator S Status.GetEnvironment is nearly equal to {"x": -232.51, "y": 10.12, "z": 458.63, "rain": 0.0, "fog": 0.0, "wetness": 0.0, "timeofday": 12.0, "signal": -1.0, "rx": 0.03, "ry": 301.2, "rz": 0.0, "speed": 1.27}
 timestamp= 1619805442000 [RES] Validate result: 
true
 timestamp= 1619805442000 [RUN] Execute API step: 
The environment controller C INVOKES API Control.Agents.Pedestrians.WalkRandomly(which_lane=Left_Lane).
 timestamp= 1619805447000 [RES] API result: 
{"pose_arr":[{"vx":0.98,"ay":2.38,"az":9.8,"ax":1.45,"pz":10.12,"vy":0.98,"px":552642.11,"py":4182944.26},{"vx":0.95,"ay":0,"az":9.81,"ax":0,"pz":10.13,"vy":0.95,"px":552641.15,"py":4182944.85},{"vx":0.83,"ay":-0.41,"az":9.81,"ax":-0.25,"pz":10.13,"vy":0.83,"px":552640.45,"py":4182945.27},{"vx":0.72,"ay":-0.4,"az":9.81,"ax":-0.25,"pz":10.13,"vy":0.72,"px":552639.92,"py":4182945.6},{"vx":0.6,"ay":-0.4,"az":9.81,"ax":-0.24,"pz":10.13,"vy":0.6,"px":552639.35,"py":4182945.94},{"vx":0.48,"ay":-0.39,"az":9.81,"ax":-0.24,"pz":10.13,"vy":0.48,"px":552638.93,"py":4182946.2},{"vx":0.36,"ay":-0.39,"az":9.81,"ax":-0.24,"pz":10.13,"vy":0.36,"px":552638.59,"py":4182946.41},{"vx":0.59,"ay":-0.4,"az":9.82,"ax":-0.25,"pz":10.12,"vy":0.59,"px":552638.15,"py":4182946.68}],"traffic_light":[2,2,2,2,2,2,3,3],"state_arr":[{"acceleration":-0.32,"throttle":0,"steering_target":-0.52,"brake":14.5,"steering_rate":100,"speed":1.87},{"acceleration":-0.47,"throttle":0,"steering_target":-0.44,"brake":14.5,"steering_rate":100,"speed":1.89},{"acceleration":-0.49,"throttle":0,"steering_target":-0.41,"brake":14.5,"steering_rate":100,"speed":1.74},{"acceleration":-0.44,"throttle":0,"steering_target":-0.44,"brake":14.5,"steering_rate":100,"speed":1.51},{"acceleration":-0.35,"throttle":0,"steering_target":-0.46,"brake":14.5,"steering_rate":100,"speed":1.27},{"acceleration":-0.26,"throttle":0,"steering_target":-0.45,"brake":14.5,"steering_rate":100,"speed":1.04},{"acceleration":-0.15,"throttle":0,"steering_target":-0.46,"brake":14.5,"steering_rate":100,"speed":0.87},{"acceleration":0.01,"throttle":40.5,"steering_target":-0.46,"brake":0,"steering_rate":100,"speed":0.64},{"acceleration":-0.24,"throttle":0,"steering_target":-0.37,"brake":14.5,"steering_rate":100,"speed":1.11}],"obstacle_arr":[[{"acceleration":{"y":-0.11,"x":-0.13,"z":0},"position":{"y":4182940.41,"x":552651.17,"z":10.44},"volume":0.18,"type":"PEDESTRIAN","velocity":{"y":0.06,"x":0.64,"z":0}}],[{"acceleration":{"y":-0.04,"x":0.17,"z":0},"position":{"y":4182940.58,"x":552651.61,"z":10.89},"volume":0.02,"type":"PEDESTRIAN","velocity":{"y":0.04,"x":0.77,"z":0}}],[{"acceleration":{"y":-0.02,"x":0.21,"z":0},"position":{"y":4182940.58,"x":552652.41,"z":10.71},"volume":0.04,"type":"PEDESTRIAN","velocity":{"y":-0.01,"x":1.06,"z":0}}],[],[],[{"acceleration":{"y":-0.01,"x":0,"z":0},"position":{"y":4182940.97,"x":552653.62,"z":10.69},"volume":0.1,"type":"PEDESTRIAN","velocity":{"y":-0.12,"x":0.57,"z":0}}],[],[]],"action_description":"Pedestrian crossing the road (left to right)","ev_state":[-237.007507324219,10.1247463226318,461.383422851563,0,0,0,12,-1,359.960876464844,301.577575683594,0.000407912099035457,1.1073739786424752],"collision_probability":0}
 timestamp= 1619805447000 [RUN] Validate G1 Guard Condition: 
The ego vehicle E Detection.Collision == True.
 timestamp= 1619805447000 [RES] Global Validate result: 
false
 timestamp= 1619805447000 [RUN] Validate G2 Guard Condition: 
The ego vehicle E Detection.OffRoad == True.
 timestamp= 1619805447000 [RES] Global Validate result: 
false
 timestamp= 1619805447000 [RUN] Validate G3 Guard Condition: 
The ego vehicle E Detection.HardBrake == True.
 timestamp= 1619805447000 [RES] Global Validate result: 
false
 timestamp= 1619805447000 [RUN] Validate G4 Guard Condition: 
The ego vehicle E Detection.ArrivalTest == True.
 timestamp= 1619805447000 [RES] Global Validate result: 
true
 timestamp= 1619805447000 [RUN] ArrivalTest == True
 timestamp= 1619805447000 [RUN] The simulator S INVOKES API Command.Simulation.Stop() to stop simulation.
 timestamp= 1619805447000 [WARNING] The test system Stop the Simulator S!
 timestamp= 1619805447000 [RES] Basic PostCondition Validate result: 
true
 timestamp= 1619805447000 [STOP] numberOfStep: 52 basicFlow: 
[{"name":"","description":"","eClass":"Sentence","content":"The test system VALIDATES THAT the simulator S Status.GetEnvironment is nearly equal to {\"x\": -12.9, \"y\": 10.12, \"z\": 308.92, \"rain\": 0.0, \"fog\": 0.0, \"wetness\": 0.0, \"timeofday\": 12.0, \"signal\": -1.0, \"rx\": 359.91, \"ry\": 307.86, \"rz\": 359.99, \"speed\": 3.81}","natures":[]},{"name":"","description":"","eClass":"Sentence","content":"The environment controller C INVOKES API Control.Agents.Pedestrians.WalkRandomly(which_lane=Left_Lane).","natures":[]},{"name":"","description":"","eClass":"Sentence","content":"The test system VALIDATES THAT the Apollo A Status.GetControl is nearly equal to {\"acceleration\": 0.88, \"throttle\": 24.87, \"steering_target\": 0.04, \"brake\": 0.0, \"steering_rate\": 100.0, \"speed\": 5.8}","natures":[]},{"name":"","description":"","eClass":"Sentence","content":"The test system VALIDATES THAT the simulator S Status.GetEnvironment is nearly equal to {\"x\": -31.03, \"y\": 10.12, \"z\": 322.69, \"rain\": 0.0, \"fog\": 0.0, \"wetness\": 0.0, \"timeofday\": 12.0, \"signal\": 1.0, \"rx\": 359.99, \"ry\": 306.9, \"rz\": -0.0, \"speed\": 5.8}","natures":[]},{"name":"","description":"","eClass":"Sentence","content":"The environment controller C INVOKES API Control.Agents.Pedestrians.WalkRandomly(which_lane=Left_Lane).","natures":[]},{"name":"","description":"","eClass":"Sentence","content":"The test system VALIDATES THAT the Apollo A Status.GetControl is nearly equal to {\"acceleration\": 0.59, \"throttle\": 15.7, \"steering_target\": -0.32, \"brake\": 0.0, \"steering_rate\": 100.0, \"speed\": 7.37}","natures":[]},{"name":"","description":"","eClass":"Sentence","content":"The test system VALIDATES THAT the simulator S Status.GetEnvironment is nearly equal to {\"x\": -52.85, \"y\": 10.12, \"z\": 339.1, \"rain\": 0.0, \"fog\": 0.0, \"wetness\": 0.0, \"timeofday\": 12.0, \"signal\": 0.0, \"rx\": 359.98, \"ry\": 307.24, \"rz\": 0.03, \"speed\": 7.4}","natures":[]},{"name":"","description":"","eClass":"Sentence","content":"The environment controller C INVOKES API Control.Agents.NPCVehicle.NPCVehicleMaintainLane(which_lane=Left_Lane&which_car=SchoolBus).","natures":[]},{"name":"","description":"","eClass":"Sentence","content":"The test system VALIDATES THAT the Apollo A Status.GetControl is nearly equal to {\"acceleration\": -0.19, \"throttle\": 0.0, \"steering_target\": 0.3, \"brake\": 14.5, \"steering_rate\": 100.0, \"speed\": 8.48}","natures":[]},{"name":"","description":"","eClass":"Sentence","content":"The test system VALIDATES THAT the simulator S Status.GetEnvironment is nearly equal to {\"x\": -78.33, \"y\": 10.12, \"z\": 358.4, \"rain\": 0.0, \"fog\": 0.0, \"wetness\": 0.0, \"timeofday\": 12.0, \"signal\": -1.0, \"rx\": 359.98, \"ry\": 307.03, \"rz\": 359.99, \"speed\": 8.48}","natures":[]},{"name":"","description":"","eClass":"Sentence","content":"The environment controller C INVOKES API Control.Agents.Pedestrians.WalkRandomly(which_lane=Left_Lane).","natures":[]},{"name":"","description":"","eClass":"Sentence","content":"The test system VALIDATES THAT the Apollo A Status.GetControl is nearly equal to {\"acceleration\": -0.83, \"throttle\": 0.0, \"steering_target\": -0.02, \"brake\": 20.35, \"steering_rate\": 100.0, \"speed\": 7.06}","natures":[]},{"name":"","description":"","eClass":"Sentence","content":"The test system VALIDATES THAT the simulator S Status.GetEnvironment is nearly equal to {\"x\": -104.62, \"y\": 10.12, \"z\": 378.03, \"rain\": 0.0, \"fog\": 0.0, \"wetness\": 0.0, \"timeofday\": 12.0, \"signal\": 1.0, \"rx\": 0.07, \"ry\": 306.6, \"rz\": 0.0, \"speed\": 7.06}","natures":[]},{"name":"","description":"","eClass":"Sentence","content":"The environment controller C INVOKES API Control.Agents.Pedestrians.WalkRandomly(which_lane=Left_Lane).","natures":[]},{"name":"","description":"","eClass":"Sentence","content":"The test system VALIDATES THAT the Apollo A Status.GetControl is nearly equal to {\"acceleration\": -0.67, \"throttle\": 0.0, \"steering_target\": 0.34, \"brake\": 16.25, \"steering_rate\": 100.0, \"speed\": 3.29}","natures":[]},{"name":"","description":"","eClass":"Sentence","content":"The test system VALIDATES THAT the simulator S Status.GetEnvironment is nearly equal to {\"x\": -121.04, \"y\": 10.12, \"z\": 390.14, \"rain\": 0.0, \"fog\": 0.0, \"wetness\": 0.0, \"timeofday\": 12.0, \"signal\": 1.0, \"rx\": 0.03, \"ry\": 306.13, \"rz\": -0.0, \"speed\": 3.29}","natures":[]},{"name":"","description":"","eClass":"Sentence","content":"The environment controller C INVOKES API Control.Agents.Pedestrians.WalkRandomly(which_lane=Left_Lane).","natures":[]},{"name":"","description":"","eClass":"Sentence","content":"The test system VALIDATES THAT the Apollo A Status.GetControl is nearly equal to {\"acceleration\": -1.76, \"throttle\": 0.0, \"steering_target\": 0.5, \"brake\": 29.32, \"steering_rate\": 100.0, \"speed\": 0.83}","natures":[]},{"name":"","description":"","eClass":"Sentence","content":"The test system VALIDATES THAT the simulator S Status.GetEnvironment is nearly equal to {\"x\": -130.95, \"y\": 10.12, \"z\": 397.27, \"rain\": 0.0, \"fog\": 0.0, \"wetness\": 0.0, \"timeofday\": 12.0, \"signal\": 0.0, \"rx\": 0.1, \"ry\": 305.52, \"rz\": 0.0, \"speed\": 0.43}","natures":[]},{"name":"","description":"","eClass":"Sentence","content":"The environment controller C INVOKES API Control.Agents.Pedestrians.WalkRandomly(which_lane=Left_Lane).","natures":[]},{"name":"","description":"","eClass":"Sentence","content":"The test system VALIDATES THAT the Apollo A Status.GetControl is nearly equal to {\"acceleration\": 0.25, \"throttle\": 15.75, \"steering_target\": 0.66, \"brake\": 0.0, \"steering_rate\": 100.0, \"speed\": 2.38}","natures":[]},{"name":"","description":"","eClass":"Sentence","content":"The test system VALIDATES THAT the simulator S Status.GetEnvironment is nearly equal to {\"x\": -133.2, \"y\": 10.12, \"z\": 398.87, \"rain\": 0.0, \"fog\": 0.0, \"wetness\": 0.0, \"timeofday\": 12.0, \"signal\": -1.0, \"rx\": 359.92, \"ry\": 305.32, \"rz\": -0.0, \"speed\": 2.38}","natures":[]},{"name":"","description":"","eClass":"Sentence","content":"The environment controller C INVOKES API Control.Agents.Pedestrians.WalkRandomly(which_lane=Left_Lane).","natures":[]},{"name":"","description":"","eClass":"Sentence","content":"The test system VALIDATES THAT the Apollo A Status.GetControl is nearly equal to {\"acceleration\": -1.06, \"throttle\": 0.0, \"steering_target\": 0.74, \"brake\": 66.25, \"steering_rate\": 100.0, \"speed\": 0.0}","natures":[]},{"name":"","description":"","eClass":"Sentence","content":"The test system VALIDATES THAT the simulator S Status.GetEnvironment is nearly equal to {\"x\": -140.7, \"y\": 10.12, \"z\": 404.16, \"rain\": 0.0, \"fog\": 0.0, \"wetness\": 0.0, \"timeofday\": 12.0, \"signal\": 1.0, \"rx\": 0.03, \"ry\": 305.72, \"rz\": 359.97, \"speed\": 0.0}","natures":[]},{"name":"","description":"","eClass":"Sentence","content":"The environment controller C INVOKES API Control.Agents.Pedestrians.WalkRandomly(which_lane=Left_Lane).","natures":[]},{"name":"","description":"","eClass":"Sentence","content":"The test system VALIDATES THAT the Apollo A Status.GetControl is nearly equal to {\"acceleration\": -3.0, \"throttle\": 0.0, \"steering_target\": 0.74, \"brake\": 69.87, \"steering_rate\": 100.0, \"speed\": 0.0}","natures":[]},{"name":"","description":"","eClass":"Sentence","content":"The test system VALIDATES THAT the simulator S Status.GetEnvironment is nearly equal to {\"x\": -140.69, \"y\": 10.12, \"z\": 404.16, \"rain\": 0.0, \"fog\": 0.0, \"wetness\": 0.0, \"timeofday\": 12.0, \"signal\": 1.0, \"rx\": 0.01, \"ry\": 305.7, \"rz\": 359.98, \"speed\": 0.0}","natures":[]},{"name":"","description":"","eClass":"Sentence","content":"The environment controller C INVOKES API Control.Agents.Pedestrians.WalkRandomly(which_lane=Left_Lane).","natures":[]},{"name":"","description":"","eClass":"Sentence","content":"The test system VALIDATES THAT the Apollo A Status.GetControl is nearly equal to {\"acceleration\": -0.3, \"throttle\": 0.0, \"steering_target\": 0.74, \"brake\": 48.85, \"steering_rate\": 100.0, \"speed\": 0.0}","natures":[]},{"name":"","description":"","eClass":"Sentence","content":"The test system VALIDATES THAT the simulator S Status.GetEnvironment is nearly equal to {\"x\": -140.69, \"y\": 10.13, \"z\": 404.16, \"rain\": 0.0, \"fog\": 0.0, \"wetness\": 0.0, \"timeofday\": 12.0, \"signal\": 1.0, \"rx\": 359.93, \"ry\": 305.76, \"rz\": 359.9, \"speed\": 0.0}","natures":[]},{"name":"","description":"","eClass":"Sentence","content":"The environment controller C INVOKES API Control.Agents.Pedestrians.WalkRandomly(which_lane=Left_Lane).","natures":[]},{"name":"","description":"","eClass":"Sentence","content":"The test system VALIDATES THAT the Apollo A Status.GetControl is nearly equal to {\"acceleration\": 0.72, \"throttle\": 22.72, \"steering_target\": 3.99, \"brake\": 0.0, \"steering_rate\": 100.0, \"speed\": 4.08}","natures":[]},{"name":"","description":"","eClass":"Sentence","content":"The test system VALIDATES THAT the simulator S Status.GetEnvironment is nearly equal to {\"x\": -144.48, \"y\": 10.12, \"z\": 407.51, \"rain\": 0.0, \"fog\": 0.0, \"wetness\": 0.0, \"timeofday\": 12.0, \"signal\": 1.0, \"rx\": 359.97, \"ry\": 306.59, \"rz\": 359.89, \"speed\": 4.08}","natures":[]},{"name":"","description":"","eClass":"Sentence","content":"The environment controller C INVOKES API Control.Agents.Pedestrians.WalkRandomly(which_lane=Left_Lane).","natures":[]},{"name":"","description":"","eClass":"Sentence","content":"The test system VALIDATES THAT the Apollo A Status.GetControl is nearly equal to {\"acceleration\": -0.33, \"throttle\": 0.0, \"steering_target\": -0.74, \"brake\": 14.5, \"steering_rate\": 100.0, \"speed\": 5.18}","natures":[]},{"name":"","description":"","eClass":"Sentence","content":"The test system VALIDATES THAT the simulator S Status.GetEnvironment is nearly equal to {\"x\": -164.13, \"y\": 10.12, \"z\": 419.92, \"rain\": 0.0, \"fog\": 0.0, \"wetness\": 0.0, \"timeofday\": 12.0, \"signal\": 0.0, \"rx\": 0.04, \"ry\": 299.48, \"rz\": 0.06, \"speed\": 5.18}","natures":[]},{"name":"","description":"","eClass":"Sentence","content":"The environment controller C INVOKES API Control.Agents.Pedestrians.WalkRandomly(which_lane=Left_Lane).","natures":[]},{"name":"","description":"","eClass":"Sentence","content":"The test system VALIDATES THAT the Apollo A Status.GetControl is nearly equal to {\"acceleration\": -0.55, \"throttle\": 0.0, \"steering_target\": 20.04, \"brake\": 14.5, \"steering_rate\": 100.0, \"speed\": 6.96}","natures":[]},{"name":"","description":"","eClass":"Sentence","content":"The test system VALIDATES THAT the simulator S Status.GetEnvironment is nearly equal to {\"x\": -187.71, \"y\": 10.12, \"z\": 433.65, \"rain\": 0.0, \"fog\": 0.0, \"wetness\": 0.0, \"timeofday\": 12.0, \"signal\": -1.0, \"rx\": 0.05, \"ry\": 298.39, \"rz\": 359.57, \"speed\": 6.46}","natures":[]},{"name":"","description":"","eClass":"Sentence","content":"The environment controller C INVOKES API Control.Agents.Pedestrians.WalkRandomly(which_lane=Left_Lane).","natures":[]},{"name":"","description":"","eClass":"Sentence","content":"The test system VALIDATES THAT the Apollo A Status.GetControl is nearly equal to {\"acceleration\": 0.01, \"throttle\": 15.7, \"steering_target\": -0.95, \"brake\": 0.0, \"steering_rate\": 100.0, \"speed\": 5.94}","natures":[]},{"name":"","description":"","eClass":"Sentence","content":"The test system VALIDATES THAT the simulator S Status.GetEnvironment is nearly equal to {\"x\": -211.54, \"y\": 10.12, \"z\": 446.54, \"rain\": 0.0, \"fog\": 0.0, \"wetness\": 0.0, \"timeofday\": 12.0, \"signal\": -1.0, \"rx\": 359.99, \"ry\": 298.29, \"rz\": 0.01, \"speed\": 5.94}","natures":[]},{"name":"","description":"","eClass":"Sentence","content":"The environment controller C INVOKES API Control.Agents.Pedestrians.WalkRandomly(which_lane=Left_Lane).","natures":[]},{"name":"","description":"","eClass":"Sentence","content":"The test system VALIDATES THAT the Apollo A Status.GetControl is nearly equal to {\"acceleration\": -1.87, \"throttle\": 0.0, \"steering_target\": -0.56, \"brake\": 30.63, \"steering_rate\": 100.0, \"speed\": 1.74}","natures":[]},{"name":"","description":"","eClass":"Sentence","content":"The test system VALIDATES THAT the simulator S Status.GetEnvironment is nearly equal to {\"x\": -227.39, \"y\": 10.12, \"z\": 455.54, \"rain\": 0.0, \"fog\": 0.0, \"wetness\": 0.0, \"timeofday\": 12.0, \"signal\": -1.0, \"rx\": 0.12, \"ry\": 300.69, \"rz\": -0.0, \"speed\": 1.02}","natures":[]},{"name":"","description":"","eClass":"Sentence","content":"The environment controller C INVOKES API Control.Agents.Pedestrians.WalkRandomly(which_lane=Left_Lane).","natures":[]},{"name":"","description":"","eClass":"Sentence","content":"The test system VALIDATES THAT the Apollo A Status.GetControl is nearly equal to {\"acceleration\": -0.04, \"throttle\": 0.0, \"steering_target\": -0.59, \"brake\": 14.5, \"steering_rate\": 100.0, \"speed\": 1.27}","natures":[]},{"name":"","description":"","eClass":"Sentence","content":"The test system VALIDATES THAT the simulator S Status.GetEnvironment is nearly equal to {\"x\": -232.51, \"y\": 10.12, \"z\": 458.63, \"rain\": 0.0, \"fog\": 0.0, \"wetness\": 0.0, \"timeofday\": 12.0, \"signal\": -1.0, \"rx\": 0.03, \"ry\": 301.2, \"rz\": 0.0, \"speed\": 1.27}","natures":[]},{"name":"","description":"","eClass":"Sentence","content":"The environment controller C INVOKES API Control.Agents.Pedestrians.WalkRandomly(which_lane=Left_Lane).","natures":[]},{"name":"","description":"","eClass":"Sentence","content":"The test system VALIDATES THAT the Apollo A Status.GetControl is nearly equal to {\"acceleration\": -0.24, \"throttle\": 0.0, \"steering_target\": -0.37, \"brake\": 14.5, \"steering_rate\": 100.0, \"speed\": 1.11}","natures":[]},{"name":"","description":"","eClass":"Sentence","content":"","natures":[]}]
