 timestamp= 1619803370000 [START] Now Run TCS Maintain Lane On Road1 Mode: dynamic Roadnum: 1 Second: 4
 timestamp= 1619803370000 [SUCCESS] TCS Check Success 
 timestamp= 1619803373000 [RUN] Run BasicFlow
 timestamp= 1619803373000 [RUN] Generate steps
 timestamp= 1619803373000 [RUN] Validate step: 
The test system VALIDATES THAT the simulator S Status.GetEnvironment is nearly equal to {"x": 214.46, "y": 10.12, "z": 201.88, "rain": 0.0, "fog": 0.0, "wetness": 0.0, "timeofday": 12.0, "signal": -1.0, "rx": 359.91, "ry": 269.94, "rz": -0.0, "speed": 3.75}
 timestamp= 1619803373000 [RES] Validate result: 
true
 timestamp= 1619803373000 [RUN] Execute API step: 
The environment controller C INVOKES API Control.Agents.Pedestrians.WalkRandomly(which_lane=Current_Lane).
 timestamp= 1619803376000 [RES] API result: 
{"pose_arr":[{"vx":-0.01,"ay":1.82,"az":9.82,"ax":0,"pz":10.12,"vy":-0.01,"px":553089.79,"py":4182687.9},{"vx":-0.01,"ay":0.65,"az":9.83,"ax":0,"pz":10.12,"vy":-0.01,"px":553087.55,"py":4182687.89},{"vx":-0.01,"ay":2.68,"az":9.77,"ax":-0.01,"pz":10.12,"vy":-0.01,"px":553084.13,"py":4182687.89},{"vx":-0.01,"ay":0.62,"az":9.81,"ax":0,"pz":10.12,"vy":-0.01,"px":553080.25,"py":4182687.88},{"vx":-0.02,"ay":0.25,"az":9.81,"ax":0,"pz":10.12,"vy":-0.02,"px":553074.91,"py":4182687.87},{"vx":-0.02,"ay":0.73,"az":9.8,"ax":0,"pz":10.12,"vy":-0.02,"px":553071.42,"py":4182687.86}],"traffic_light":[3,3,3,3,3,3],"state_arr":[{"acceleration":0.74,"throttle":49.51,"steering_target":0.1,"brake":0,"steering_rate":100,"speed":3.72},{"acceleration":0.76,"throttle":23.55,"steering_target":0.04,"brake":0,"steering_rate":100,"speed":4.43},{"acceleration":1.09,"throttle":32.87,"steering_target":0.04,"brake":0,"steering_rate":100,"speed":4.74},{"acceleration":0.68,"throttle":22.09,"steering_target":0.01,"brake":0,"steering_rate":100,"speed":5.58},{"acceleration":0.9,"throttle":20.85,"steering_target":0.01,"brake":0,"steering_rate":100,"speed":5.91},{"acceleration":0.87,"throttle":24.53,"steering_target":-0.01,"brake":0,"steering_rate":100,"speed":6.18},{"acceleration":0.77,"throttle":22.59,"steering_target":0.04,"brake":0,"steering_rate":100,"speed":6.51}],"obstacle_arr":[[],[],[],[],[],[],[]],"action_description":"Pedestrian walking on the front lane","ev_state":[192.640853881836,10.1241512298584,201.824996948242,0,0,0,12,-1,359.964111328125,269.844390869141,-0.000720229931175709,6.651002951566135],"collision_probability":0}
 timestamp= 1619803376000 [RUN] Validate G1 Guard Condition: 
The ego vehicle E Detection.Collision == True.
 timestamp= 1619803376000 [RES] Global Validate result: 
false
 timestamp= 1619803376000 [RUN] Validate G2 Guard Condition: 
The ego vehicle E Detection.OffRoad == True.
 timestamp= 1619803376000 [RES] Global Validate result: 
false
 timestamp= 1619803376000 [RUN] Validate G3 Guard Condition: 
The ego vehicle E Detection.HardBrake == True.
 timestamp= 1619803376000 [RES] Global Validate result: 
false
 timestamp= 1619803376000 [RUN] Validate G4 Guard Condition: 
The ego vehicle E Detection.ArrivalTest == True.
 timestamp= 1619803376000 [RES] Global Validate result: 
false
 timestamp= 1619803376000 [RUN] Validate step: 
The test system VALIDATES THAT the Apollo A Status.GetControl is nearly equal to {"acceleration": 0.77, "throttle": 22.59, "steering_target": 0.04, "brake": 0.0, "steering_rate": 100.0, "speed": 6.51}
 timestamp= 1619803376000 [RES] Validate result: 
true
 timestamp= 1619803376000 [RUN] Generate steps
 timestamp= 1619803376000 [RUN] Validate step: 
The test system VALIDATES THAT the simulator S Status.GetEnvironment is nearly equal to {"x": 192.64, "y": 10.12, "z": 201.82, "rain": 0.0, "fog": 0.0, "wetness": 0.0, "timeofday": 12.0, "signal": -1.0, "rx": 359.96, "ry": 269.84, "rz": -0.0, "speed": 6.65}
 timestamp= 1619803376000 [RES] Validate result: 
true
 timestamp= 1619803376000 [RUN] Execute API step: 
The environment controller C INVOKES API Control.Agents.Pedestrians.WalkRandomly(which_lane=Current_Lane).
 timestamp= 1619803379000 [RES] API result: 
{"pose_arr":[{"vx":-0.02,"ay":0.47,"az":9.8,"ax":0,"pz":10.12,"vy":-0.02,"px":553068.4,"py":4182687.85},{"vx":-0.02,"ay":0.24,"az":9.81,"ax":0,"pz":10.12,"vy":-0.02,"px":553063.26,"py":4182687.84},{"vx":-0.03,"ay":0.78,"az":9.8,"ax":0,"pz":10.12,"vy":-0.03,"px":553058.17,"py":4182687.82},{"vx":-0.04,"ay":0.4,"az":9.81,"ax":0,"pz":10.12,"vy":-0.04,"px":553054.42,"py":4182687.8},{"vx":-0.07,"ay":0.23,"az":9.81,"ax":0,"pz":10.12,"vy":-0.07,"px":553046.96,"py":4182687.75},{"vx":-0.08,"ay":0,"az":9.81,"ax":0,"pz":10.13,"vy":-0.08,"px":553042.42,"py":4182687.71}],"traffic_light":[3,3,3,3,2,2],"state_arr":[{"acceleration":1.11,"throttle":15.7,"steering_target":0.02,"brake":0,"steering_rate":100,"speed":6.71},{"acceleration":0.89,"throttle":21.86,"steering_target":0.08,"brake":0,"steering_rate":100,"speed":7.11},{"acceleration":0.74,"throttle":15.7,"steering_target":0.12,"brake":0,"steering_rate":100,"speed":7.46},{"acceleration":0.44,"throttle":18.76,"steering_target":0.17,"brake":0,"steering_rate":100,"speed":7.7},{"acceleration":0.16,"throttle":15.7,"steering_target":0.19,"brake":0,"steering_rate":100,"speed":7.87},{"acceleration":-2.36,"throttle":0,"steering_target":0.16,"brake":33.24,"steering_rate":100,"speed":7.52},{"acceleration":-1.86,"throttle":0,"steering_target":0.29,"brake":41.78,"steering_rate":100,"speed":0.14}],"obstacle_arr":[[],[],[],[],[{"acceleration":{"y":0,"x":0,"z":0},"position":{"y":4182688.17,"x":553038.93,"z":10.47},"volume":0.08,"type":"PEDESTRIAN","velocity":{"y":0,"x":0,"z":0}}],[{"acceleration":{"y":0,"x":0,"z":0},"position":{"y":4182688.09,"x":553038.4,"z":10.71},"volume":0.15,"type":"PEDESTRIAN","velocity":{"y":0,"x":0,"z":0}}]],"action_description":"Pedestrian walking on the front lane","ev_state":[166.124710083008,10.1222047805786,201.663696289063,0,0,0,12,0,359.783905029297,269.589752197266,0.114096365869045,0.019150278387844104],"collision_probability":1}
 timestamp= 1619803379000 [RUN] Validate G1 Guard Condition: 
The ego vehicle E Detection.Collision == True.
 timestamp= 1619803379000 [RES] Global Validate result: 
true
 timestamp= 1619803379000 [RUN] Collision == True
 timestamp= 1619803379000 [RUN] Validate G2 Guard Condition: 
The ego vehicle E Detection.OffRoad == True.
 timestamp= 1619803379000 [RES] Global Validate result: 
false
 timestamp= 1619803379000 [RUN] Validate G3 Guard Condition: 
The ego vehicle E Detection.HardBrake == True.
 timestamp= 1619803379000 [RES] Global Validate result: 
true
 timestamp= 1619803379000 [RUN] HardBrake == True
 timestamp= 1619803379000 [RUN] RESUME STEP @preStep
 timestamp= 1619803379000 [RUN] Resume step basicflow4
 timestamp= 1619803379000 [RUN] Validate G4 Guard Condition: 
The ego vehicle E Detection.ArrivalTest == True.
 timestamp= 1619803379000 [RES] Global Validate result: 
false
 timestamp= 1619803379000 [RUN] Validate step: 
The test system VALIDATES THAT the Apollo A Status.GetControl is nearly equal to {"acceleration": -1.86, "throttle": 0.0, "steering_target": 0.29, "brake": 41.78, "steering_rate": 100.0, "speed": 0.14}
 timestamp= 1619803379000 [RES] Validate result: 
true
 timestamp= 1619803379000 [RUN] Generate steps
 timestamp= 1619803379000 [RUN] Validate step: 
The test system VALIDATES THAT the simulator S Status.GetEnvironment is nearly equal to {"x": 166.12, "y": 10.12, "z": 201.66, "rain": 0.0, "fog": 0.0, "wetness": 0.0, "timeofday": 12.0, "signal": 0.0, "rx": 359.78, "ry": 269.59, "rz": 0.11, "speed": 0.02}
 timestamp= 1619803379000 [RES] Validate result: 
true
 timestamp= 1619803379000 [RUN] Execute API step: 
The environment controller C INVOKES API Control.Agents.Pedestrians.WalkRandomly(which_lane=Current_Lane).
 timestamp= 1619803383000 [RES] API result: 
{"pose_arr":[{"vx":0,"ay":0,"az":9.81,"ax":0,"pz":10.12,"vy":0,"px":553041.27,"py":4182687.69},{"vx":0,"ay":-0.6,"az":9.81,"ax":0.01,"pz":10.12,"vy":0,"px":553040.89,"py":4182687.69},{"vx":0,"ay":-0.6,"az":9.83,"ax":0.01,"pz":10.12,"vy":0,"px":553040.7,"py":4182687.69},{"vx":0,"ay":-0.6,"az":9.81,"ax":0.01,"pz":10.12,"vy":0,"px":553040.56,"py":4182687.69},{"vx":0,"ay":0.12,"az":9.81,"ax":0,"pz":10.12,"vy":0,"px":553040.53,"py":4182687.69},{"vx":0,"ay":0.12,"az":9.81,"ax":0,"pz":10.12,"vy":0,"px":553040.52,"py":4182687.69}],"traffic_light":[2,2,3,3,3,3],"state_arr":[{"acceleration":0.06,"throttle":30.78,"steering_target":-1.88,"brake":0,"steering_rate":100,"speed":0.44},{"acceleration":-0.09,"throttle":0,"steering_target":0,"brake":14.5,"steering_rate":100,"speed":0.56},{"acceleration":0.01,"throttle":33.51,"steering_target":0,"brake":0,"steering_rate":100,"speed":0.23},{"acceleration":-0.11,"throttle":0,"steering_target":-0.01,"brake":14.5,"steering_rate":100,"speed":0.38},{"acceleration":0.01,"throttle":15.7,"steering_target":0,"brake":0,"steering_rate":100,"speed":0.08},{"acceleration":0.03,"throttle":15.7,"steering_target":0,"brake":0,"steering_rate":100,"speed":0},{"acceleration":0,"throttle":15.7,"steering_target":0,"brake":0,"steering_rate":100,"speed":0.05}],"obstacle_arr":[[{"acceleration":{"y":0.02,"x":-0.84,"z":0},"position":{"y":4182688.11,"x":553037.75,"z":10.74},"volume":0.12,"type":"PEDESTRIAN","velocity":{"y":0.02,"x":-0.62,"z":0}},{"acceleration":{"y":0,"x":0,"z":0},"position":{"y":4182690.32,"x":553042.29,"z":10.68},"volume":0.01,"type":"PEDESTRIAN","velocity":{"y":0,"x":0,"z":0}}],[{"acceleration":{"y":-0.11,"x":0.02,"z":0},"position":{"y":4182687.96,"x":553037.47,"z":10.73},"volume":0.23,"type":"PEDESTRIAN","velocity":{"y":-0.09,"x":-0.57,"z":0}}],[{"acceleration":{"y":0.12,"x":0.71,"z":0},"position":{"y":4182687.98,"x":553037.12,"z":10.76},"volume":0.23,"type":"PEDESTRIAN","velocity":{"y":0,"x":0,"z":0}}],[{"acceleration":{"y":-0.03,"x":-0.53,"z":0},"position":{"y":4182688,"x":553036.81,"z":10.71},"volume":0.23,"type":"PEDESTRIAN","velocity":{"y":-0.02,"x":-0.53,"z":0}}],[{"acceleration":{"y":0.01,"x":0.2,"z":0},"position":{"y":4182687.99,"x":553036.74,"z":10.8},"volume":0.16,"type":"PEDESTRIAN","velocity":{"y":0,"x":0,"z":0}}],[{"acceleration":{"y":0,"x":0.01,"z":0},"position":{"y":4182688.02,"x":553036.7,"z":10.81},"volume":0.21,"type":"PEDESTRIAN","velocity":{"y":0,"x":0,"z":0}}],[{"acceleration":{"y":0,"x":0,"z":0},"position":{"y":4182688.07,"x":553036.72,"z":10.77},"volume":0.22,"type":"PEDESTRIAN","velocity":{"y":0,"x":0,"z":0}}]],"action_description":"Pedestrian walking on the front lane","ev_state":[165.183898925781,10.1253252029419,201.649566650391,0,0,0,12,-1,359.933288574219,269.280090332031,0.0103527484461665,0.07705542527074316],"collision_probability":0.361}
 timestamp= 1619803383000 [RUN] Validate G1 Guard Condition: 
The ego vehicle E Detection.Collision == True.
 timestamp= 1619803383000 [RES] Global Validate result: 
false
 timestamp= 1619803383000 [RUN] Validate G2 Guard Condition: 
The ego vehicle E Detection.OffRoad == True.
 timestamp= 1619803383000 [RES] Global Validate result: 
false
 timestamp= 1619803383000 [RUN] Validate G3 Guard Condition: 
The ego vehicle E Detection.HardBrake == True.
 timestamp= 1619803383000 [RES] Global Validate result: 
false
 timestamp= 1619803383000 [RUN] Validate G4 Guard Condition: 
The ego vehicle E Detection.ArrivalTest == True.
 timestamp= 1619803383000 [RES] Global Validate result: 
false
 timestamp= 1619803383000 [RUN] Validate step: 
The test system VALIDATES THAT the Apollo A Status.GetControl is nearly equal to {"acceleration": 0.0, "throttle": 15.7, "steering_target": -0.0, "brake": 0.0, "steering_rate": 100.0, "speed": 0.05}
 timestamp= 1619803383000 [RES] Validate result: 
true
 timestamp= 1619803383000 [RUN] Generate steps
 timestamp= 1619803383000 [RUN] Validate step: 
The test system VALIDATES THAT the simulator S Status.GetEnvironment is nearly equal to {"x": 165.18, "y": 10.13, "z": 201.65, "rain": 0.0, "fog": 0.0, "wetness": 0.0, "timeofday": 12.0, "signal": -1.0, "rx": 359.93, "ry": 269.28, "rz": 0.01, "speed": 0.08}
 timestamp= 1619803383000 [RES] Validate result: 
true
 timestamp= 1619803383000 [RUN] Execute API step: 
The environment controller C INVOKES API Control.Agents.Pedestrians.WalkRandomly(which_lane=Current_Lane).
 timestamp= 1619803387000 [RES] API result: 
{"pose_arr":[{"vx":0,"ay":0,"az":9.81,"ax":0,"pz":10.12,"vy":0,"px":553040.51,"py":4182687.69},{"vx":0,"ay":0,"az":9.81,"ax":0,"pz":10.12,"vy":0,"px":553040.5,"py":4182687.68},{"vx":0,"ay":0,"az":9.81,"ax":0,"pz":10.12,"vy":0,"px":553040.5,"py":4182687.68},{"vx":0,"ay":0.12,"az":9.81,"ax":0,"pz":10.12,"vy":0,"px":553040.51,"py":4182687.68},{"vx":0,"ay":0,"az":9.81,"ax":0.01,"pz":10.12,"vy":0,"px":553040.52,"py":4182687.68},{"vx":0,"ay":0,"az":9.81,"ax":0,"pz":10.12,"vy":0,"px":553040.52,"py":4182687.67}],"traffic_light":[3,3,3,3,1,1],"state_arr":[{"acceleration":0.02,"throttle":30.09,"steering_target":0,"brake":0,"steering_rate":100,"speed":0},{"acceleration":-0.08,"throttle":0,"steering_target":0.48,"brake":49.01,"steering_rate":100,"speed":0},{"acceleration":-0.01,"throttle":0,"steering_target":0.48,"brake":35.92,"steering_rate":100,"speed":0.04},{"acceleration":0.01,"throttle":15.7,"steering_target":0.48,"brake":0,"steering_rate":100,"speed":0},{"acceleration":0.01,"throttle":15.7,"steering_target":0.48,"brake":0,"steering_rate":100,"speed":0},{"acceleration":0,"throttle":15.7,"steering_target":0.48,"brake":0,"steering_rate":100,"speed":0},{"acceleration":-0.01,"throttle":0,"steering_target":0.48,"brake":37.52,"steering_rate":100,"speed":0.03}],"obstacle_arr":[[{"acceleration":{"y":0,"x":0,"z":0},"position":{"y":4182688.06,"x":553036.72,"z":10.76},"volume":0.21,"type":"PEDESTRIAN","velocity":{"y":0,"x":0,"z":0}}],[{"acceleration":{"y":0,"x":0,"z":0},"position":{"y":4182688.12,"x":553036.7,"z":10.77},"volume":0.24,"type":"PEDESTRIAN","velocity":{"y":0,"x":0,"z":0}}],[{"acceleration":{"y":0,"x":0,"z":0},"position":{"y":4182688.08,"x":553036.71,"z":10.77},"volume":0.25,"type":"PEDESTRIAN","velocity":{"y":0,"x":0,"z":0}}],[{"acceleration":{"y":0,"x":0,"z":0},"position":{"y":4182688.15,"x":553036.69,"z":10.79},"volume":0.18,"type":"PEDESTRIAN","velocity":{"y":0,"x":0,"z":0}}],[{"acceleration":{"y":0,"x":0,"z":0},"position":{"y":4182688.16,"x":553036.72,"z":10.76},"volume":0.22,"type":"PEDESTRIAN","velocity":{"y":0,"x":0,"z":0}}],[{"acceleration":{"y":0,"x":0,"z":0},"position":{"y":4182688.16,"x":553036.72,"z":10.76},"volume":0.24,"type":"PEDESTRIAN","velocity":{"y":0,"x":0,"z":0}}]],"action_description":"Pedestrian walking on the front lane","ev_state":[165.195251464844,10.1253290176392,201.639129638672,0,0,0,12,-1,359.937377929688,269.475036621094,0.00736034195870161,0.0007119082902680998],"collision_probability":0.361}
 timestamp= 1619803387000 [RUN] Validate G1 Guard Condition: 
The ego vehicle E Detection.Collision == True.
 timestamp= 1619803387000 [RES] Global Validate result: 
false
 timestamp= 1619803387000 [RUN] Validate G2 Guard Condition: 
The ego vehicle E Detection.OffRoad == True.
 timestamp= 1619803387000 [RES] Global Validate result: 
false
 timestamp= 1619803387000 [RUN] Validate G3 Guard Condition: 
The ego vehicle E Detection.HardBrake == True.
 timestamp= 1619803387000 [RES] Global Validate result: 
false
 timestamp= 1619803387000 [RUN] Validate G4 Guard Condition: 
The ego vehicle E Detection.ArrivalTest == True.
 timestamp= 1619803387000 [RES] Global Validate result: 
false
 timestamp= 1619803387000 [RUN] Validate step: 
The test system VALIDATES THAT the Apollo A Status.GetControl is nearly equal to {"acceleration": -0.01, "throttle": 0.0, "steering_target": 0.48, "brake": 37.52, "steering_rate": 100.0, "speed": 0.03}
 timestamp= 1619803387000 [RES] Validate result: 
true
 timestamp= 1619803387000 [RUN] Generate steps
 timestamp= 1619803387000 [RUN] Validate step: 
The test system VALIDATES THAT the simulator S Status.GetEnvironment is nearly equal to {"x": 165.2, "y": 10.13, "z": 201.64, "rain": 0.0, "fog": 0.0, "wetness": 0.0, "timeofday": 12.0, "signal": -1.0, "rx": 359.94, "ry": 269.48, "rz": 0.01, "speed": 0.0}
 timestamp= 1619803387000 [RES] Validate result: 
true
 timestamp= 1619803387000 [RUN] Execute API step: 
The environment controller C INVOKES API Control.Agents.Pedestrians.WalkRandomly(which_lane=Current_Lane).
 timestamp= 1619803390000 [RES] API result: 
{"pose_arr":[{"vx":0,"ay":0,"az":9.81,"ax":0,"pz":10.12,"vy":0,"px":553040.53,"py":4182687.67},{"vx":0,"ay":0.14,"az":9.81,"ax":-0.01,"pz":10.12,"vy":0,"px":553040.53,"py":4182687.67},{"vx":0,"ay":0.12,"az":9.8,"ax":0,"pz":10.12,"vy":0,"px":553040.54,"py":4182687.67},{"vx":0,"ay":0.12,"az":9.81,"ax":0,"pz":10.12,"vy":0,"px":553040.54,"py":4182687.66},{"vx":0,"ay":0,"az":9.81,"ax":0,"pz":10.12,"vy":0,"px":553040.55,"py":4182687.66},{"vx":0,"ay":0,"az":9.81,"ax":0,"pz":10.12,"vy":0,"px":553040.55,"py":4182687.66},{"vx":0,"ay":0,"az":9.81,"ax":0,"pz":10.12,"vy":0,"px":553040.55,"py":4182687.66}],"traffic_light":[3,3,3,3,3,3],"state_arr":[{"acceleration":0,"throttle":15.7,"steering_target":0.48,"brake":0,"steering_rate":100,"speed":0},{"acceleration":0,"throttle":15.7,"steering_target":0.48,"brake":0,"steering_rate":100,"speed":0},{"acceleration":-0.01,"throttle":0,"steering_target":0.48,"brake":28.21,"steering_rate":100,"speed":0.02},{"acceleration":-0.02,"throttle":0,"steering_target":0.48,"brake":37.97,"steering_rate":100,"speed":0.04},{"acceleration":0,"throttle":0,"steering_target":0.48,"brake":14.5,"steering_rate":100,"speed":0},{"acceleration":0,"throttle":0,"steering_target":0.48,"brake":14.5,"steering_rate":100,"speed":0},{"acceleration":0,"throttle":0,"steering_target":0.48,"brake":14.5,"steering_rate":100,"speed":0},{"acceleration":0,"throttle":0,"steering_target":0.48,"brake":14.5,"steering_rate":100,"speed":0}],"obstacle_arr":[[{"acceleration":{"y":0,"x":0,"z":0},"position":{"y":4182688.17,"x":553036.68,"z":10.79},"volume":0.26,"type":"PEDESTRIAN","velocity":{"y":0,"x":0,"z":0}}],[{"acceleration":{"y":0,"x":0,"z":0},"position":{"y":4182688.18,"x":553036.7,"z":10.8},"volume":0.16,"type":"PEDESTRIAN","velocity":{"y":0,"x":0,"z":0}}],[{"acceleration":{"y":0,"x":0,"z":0},"position":{"y":4182688.18,"x":553036.69,"z":10.78},"volume":0.19,"type":"PEDESTRIAN","velocity":{"y":0,"x":0,"z":0}}],[{"acceleration":{"y":0,"x":0,"z":0},"position":{"y":4182688.18,"x":553036.72,"z":10.77},"volume":0.2,"type":"PEDESTRIAN","velocity":{"y":0,"x":0,"z":0}}],[{"acceleration":{"y":0,"x":0,"z":0},"position":{"y":4182688.19,"x":553036.74,"z":10.74},"volume":0.23,"type":"PEDESTRIAN","velocity":{"y":0,"x":0,"z":0}}],[{"acceleration":{"y":0,"x":0,"z":0},"position":{"y":4182688.18,"x":553036.75,"z":10.79},"volume":0.17,"type":"PEDESTRIAN","velocity":{"y":0,"x":0,"z":0}}],[{"acceleration":{"y":0,"x":0,"z":0},"position":{"y":4182688.2,"x":553036.76,"z":10.74},"volume":0.21,"type":"PEDESTRIAN","velocity":{"y":0,"x":0,"z":0}}]],"action_description":"Pedestrian walking on the front lane","ev_state":[165.216171264648,10.125319480896,201.630798339844,0,0,0,12,-1,359.936584472656,269.656188964844,0.0185857377946377,0.0004434650102565547],"collision_probability":0.36}
 timestamp= 1619803390000 [RUN] Validate G1 Guard Condition: 
The ego vehicle E Detection.Collision == True.
 timestamp= 1619803390000 [RES] Global Validate result: 
false
 timestamp= 1619803390000 [RUN] Validate G2 Guard Condition: 
The ego vehicle E Detection.OffRoad == True.
 timestamp= 1619803390000 [RES] Global Validate result: 
false
 timestamp= 1619803390000 [RUN] Validate G3 Guard Condition: 
The ego vehicle E Detection.HardBrake == True.
 timestamp= 1619803390000 [RES] Global Validate result: 
false
 timestamp= 1619803390000 [RUN] Validate G4 Guard Condition: 
The ego vehicle E Detection.ArrivalTest == True.
 timestamp= 1619803390000 [RES] Global Validate result: 
false
 timestamp= 1619803390000 [RUN] Validate step: 
The test system VALIDATES THAT the Apollo A Status.GetControl is nearly equal to {"acceleration": -0.0, "throttle": 0.0, "steering_target": 0.48, "brake": 14.5, "steering_rate": 100.0, "speed": 0.0}
 timestamp= 1619803390000 [RES] Validate result: 
true
 timestamp= 1619803390000 [RUN] Generate steps
 timestamp= 1619803390000 [RUN] Validate step: 
The test system VALIDATES THAT the simulator S Status.GetEnvironment is nearly equal to {"x": 165.22, "y": 10.13, "z": 201.63, "rain": 0.0, "fog": 0.0, "wetness": 0.0, "timeofday": 12.0, "signal": -1.0, "rx": 359.94, "ry": 269.66, "rz": 0.02, "speed": 0.0}
 timestamp= 1619803390000 [RES] Validate result: 
true
 timestamp= 1619803390000 [RUN] Execute API step: 
The environment controller C INVOKES API Control.Agents.Pedestrians.WalkRandomly(which_lane=Current_Lane).
 timestamp= 1619803394000 [RES] API result: 
{"pose_arr":[{"vx":0,"ay":0,"az":9.81,"ax":0,"pz":10.12,"vy":0,"px":553040.55,"py":4182687.66},{"vx":0,"ay":0,"az":9.81,"ax":0,"pz":10.12,"vy":0,"px":553040.55,"py":4182687.66},{"vx":0,"ay":0,"az":9.81,"ax":0,"pz":10.12,"vy":0,"px":553040.55,"py":4182687.66},{"vx":0,"ay":0,"az":9.81,"ax":0,"pz":10.12,"vy":0,"px":553040.55,"py":4182687.66},{"vx":0,"ay":0,"az":9.81,"ax":0,"pz":10.12,"vy":0,"px":553040.55,"py":4182687.66},{"vx":0,"ay":0,"az":9.81,"ax":0,"pz":10.12,"vy":0,"px":553040.55,"py":4182687.66},{"vx":0,"ay":0,"az":9.81,"ax":0,"pz":10.12,"vy":0,"px":553040.55,"py":4182687.66}],"traffic_light":[3,3,3,3,3,3],"state_arr":[{"acceleration":0,"throttle":0,"steering_target":0.48,"brake":14.5,"steering_rate":100,"speed":0},{"acceleration":0,"throttle":0,"steering_target":0.48,"brake":14.5,"steering_rate":100,"speed":0},{"acceleration":0,"throttle":0,"steering_target":0.48,"brake":14.5,"steering_rate":100,"speed":0},{"acceleration":0,"throttle":0,"steering_target":0.48,"brake":14.5,"steering_rate":100,"speed":0},{"acceleration":0,"throttle":0,"steering_target":0.48,"brake":14.5,"steering_rate":100,"speed":0},{"acceleration":0,"throttle":0,"steering_target":0.48,"brake":14.5,"steering_rate":100,"speed":0},{"acceleration":0,"throttle":0,"steering_target":0.48,"brake":14.5,"steering_rate":100,"speed":0}],"obstacle_arr":[[{"acceleration":{"y":0,"x":0,"z":0},"position":{"y":4182688.22,"x":553036.79,"z":10.76},"volume":0.22,"type":"PEDESTRIAN","velocity":{"y":0,"x":0,"z":0}}],[{"acceleration":{"y":0,"x":0,"z":0},"position":{"y":4182688.18,"x":553036.71,"z":10.76},"volume":0.2,"type":"PEDESTRIAN","velocity":{"y":0,"x":0,"z":0}}],[{"acceleration":{"y":0,"x":0,"z":0},"position":{"y":4182688.18,"x":553036.75,"z":10.77},"volume":0.18,"type":"PEDESTRIAN","velocity":{"y":0,"x":0,"z":0}}],[{"acceleration":{"y":0,"x":0,"z":0},"position":{"y":4182688.18,"x":553036.74,"z":10.79},"volume":0.18,"type":"PEDESTRIAN","velocity":{"y":0,"x":0,"z":0}}],[{"acceleration":{"y":0,"x":0,"z":0},"position":{"y":4182688.2,"x":553036.78,"z":10.77},"volume":0.2,"type":"PEDESTRIAN","velocity":{"y":0,"x":0,"z":0}}],[{"acceleration":{"y":0,"x":0,"z":0},"position":{"y":4182688.17,"x":553036.77,"z":10.73},"volume":0.22,"type":"PEDESTRIAN","velocity":{"y":0,"x":0,"z":0}}],[{"acceleration":{"y":0,"x":0,"z":0},"position":{"y":4182688.17,"x":553036.73,"z":10.79},"volume":0.27,"type":"PEDESTRIAN","velocity":{"y":0,"x":0,"z":0}}]],"action_description":"Pedestrian walking on the front lane","ev_state":[165.217071533203,10.125319480896,201.630798339844,0,0,0,12,-1,359.936828613281,269.671630859375,0.0186084341257811,0.00044386894697688735],"collision_probability":0.36}
 timestamp= 1619803394000 [RUN] Validate G1 Guard Condition: 
The ego vehicle E Detection.Collision == True.
 timestamp= 1619803394000 [RES] Global Validate result: 
false
 timestamp= 1619803394000 [RUN] Validate G2 Guard Condition: 
The ego vehicle E Detection.OffRoad == True.
 timestamp= 1619803394000 [RES] Global Validate result: 
false
 timestamp= 1619803394000 [RUN] Validate G3 Guard Condition: 
The ego vehicle E Detection.HardBrake == True.
 timestamp= 1619803394000 [RES] Global Validate result: 
false
 timestamp= 1619803394000 [RUN] Validate G4 Guard Condition: 
The ego vehicle E Detection.ArrivalTest == True.
 timestamp= 1619803394000 [RES] Global Validate result: 
false
 timestamp= 1619803394000 [RUN] Validate step: 
The test system VALIDATES THAT the Apollo A Status.GetControl is nearly equal to {"acceleration": -0.0, "throttle": 0.0, "steering_target": 0.48, "brake": 14.5, "steering_rate": 100.0, "speed": 0.0}
 timestamp= 1619803394000 [RES] Validate result: 
true
 timestamp= 1619803394000 [RUN] Generate steps
 timestamp= 1619803394000 [RUN] Validate step: 
The test system VALIDATES THAT the simulator S Status.GetEnvironment is nearly equal to {"x": 165.22, "y": 10.13, "z": 201.63, "rain": 0.0, "fog": 0.0, "wetness": 0.0, "timeofday": 12.0, "signal": -1.0, "rx": 359.94, "ry": 269.67, "rz": 0.02, "speed": 0.0}
 timestamp= 1619803394000 [RES] Validate result: 
true
 timestamp= 1619803394000 [RUN] Execute API step: 
The environment controller C INVOKES API Control.Agents.Pedestrians.WalkRandomly(which_lane=Current_Lane).
 timestamp= 1619803398000 [RES] API result: 
{"pose_arr":[{"vx":0,"ay":0,"az":9.81,"ax":0,"pz":10.12,"vy":0,"px":553040.55,"py":4182687.66},{"vx":0,"ay":0,"az":9.81,"ax":0,"pz":10.12,"vy":0,"px":553040.55,"py":4182687.66},{"vx":0,"ay":0,"az":9.81,"ax":0,"pz":10.12,"vy":0,"px":553040.55,"py":4182687.66},{"vx":0,"ay":0,"az":9.81,"ax":0,"pz":10.12,"vy":0,"px":553040.55,"py":4182687.66},{"vx":0,"ay":0,"az":9.81,"ax":0,"pz":10.12,"vy":0,"px":553040.55,"py":4182687.66},{"vx":0,"ay":0,"az":9.81,"ax":0,"pz":10.12,"vy":0,"px":553040.55,"py":4182687.66},{"vx":0,"ay":0,"az":9.81,"ax":0,"pz":10.12,"vy":0,"px":553040.55,"py":4182687.66}],"traffic_light":[3,3,3,3,3,3,3],"state_arr":[{"acceleration":0,"throttle":0,"steering_target":0.48,"brake":14.5,"steering_rate":100,"speed":0},{"acceleration":0,"throttle":0,"steering_target":0.48,"brake":14.5,"steering_rate":100,"speed":0},{"acceleration":0,"throttle":0,"steering_target":0.48,"brake":14.5,"steering_rate":100,"speed":0},{"acceleration":0,"throttle":0,"steering_target":0.48,"brake":14.5,"steering_rate":100,"speed":0},{"acceleration":0,"throttle":0,"steering_target":0.48,"brake":14.5,"steering_rate":100,"speed":0},{"acceleration":0,"throttle":0,"steering_target":0.48,"brake":14.5,"steering_rate":100,"speed":0},{"acceleration":0,"throttle":0,"steering_target":0.48,"brake":14.5,"steering_rate":100,"speed":0},{"acceleration":0,"throttle":0,"steering_target":0.48,"brake":14.5,"steering_rate":100,"speed":0}],"obstacle_arr":[[{"acceleration":{"y":0,"x":0,"z":0},"position":{"y":4182688.15,"x":553036.71,"z":10.78},"volume":0.23,"type":"PEDESTRIAN","velocity":{"y":0,"x":0,"z":0}}],[{"acceleration":{"y":0,"x":0,"z":0},"position":{"y":4182688.19,"x":553036.75,"z":10.75},"volume":0.19,"type":"PEDESTRIAN","velocity":{"y":0,"x":0,"z":0}}],[{"acceleration":{"y":0,"x":0,"z":0},"position":{"y":4182688.21,"x":553036.76,"z":10.78},"volume":0.2,"type":"PEDESTRIAN","velocity":{"y":0,"x":0,"z":0}}],[{"acceleration":{"y":0,"x":0,"z":0},"position":{"y":4182688.19,"x":553036.76,"z":10.78},"volume":0.17,"type":"PEDESTRIAN","velocity":{"y":0,"x":0,"z":0}}],[{"acceleration":{"y":0,"x":0,"z":0},"position":{"y":4182688.19,"x":553036.75,"z":10.76},"volume":0.18,"type":"PEDESTRIAN","velocity":{"y":0,"x":0,"z":0}}],[{"acceleration":{"y":0,"x":0,"z":0},"position":{"y":4182688.19,"x":553036.71,"z":10.78},"volume":0.19,"type":"PEDESTRIAN","velocity":{"y":0,"x":0,"z":0}}],[{"acceleration":{"y":0,"x":0,"z":0},"position":{"y":4182688.23,"x":553036.75,"z":10.78},"volume":0.22,"type":"PEDESTRIAN","velocity":{"y":0,"x":0,"z":0}}]],"action_description":"Pedestrian walking on the front lane","ev_state":[165.217086791992,10.125319480896,201.630798339844,0,0,0,12,-1,359.936828613281,269.687103271484,0.0187486987560987,0.000445806936419262],"collision_probability":0.36}
 timestamp= 1619803398000 [RUN] Validate G1 Guard Condition: 
The ego vehicle E Detection.Collision == True.
 timestamp= 1619803398000 [RES] Global Validate result: 
false
 timestamp= 1619803398000 [RUN] Validate G2 Guard Condition: 
The ego vehicle E Detection.OffRoad == True.
 timestamp= 1619803398000 [RES] Global Validate result: 
true
 timestamp= 1619803398000 [RUN] OffRoad == True
 timestamp= 1619803398000 [RUN] The simulator S INVOKES API Command.Simulation.Stop() to stop simulation.
 timestamp= 1619803398000 [WARNING] The test system Stop the Simulator S!
 timestamp= 1619803398000 [RUN] ABORT.
 timestamp= 1619803398000 [ERROR] The test system Abort!
 timestamp= 1619803398000 [RUN] Validate G3 Guard Condition: 
The ego vehicle E Detection.HardBrake == True.
 timestamp= 1619803398000 [RES] Global Validate result: 
false
 timestamp= 1619803398000 [RUN] Validate G4 Guard Condition: 
The ego vehicle E Detection.ArrivalTest == True.
 timestamp= 1619803398000 [RES] Global Validate result: 
false
 timestamp= 1619803398000 [RES] Basic PostCondition Validate result: 
false
 timestamp= 1619803398000 [STOP] numberOfStep: 22 basicFlow: 
[{"name":"","description":"","eClass":"Sentence","content":"The test system VALIDATES THAT the simulator S Status.GetEnvironment is nearly equal to {\"x\": 214.46, \"y\": 10.12, \"z\": 201.88, \"rain\": 0.0, \"fog\": 0.0, \"wetness\": 0.0, \"timeofday\": 12.0, \"signal\": -1.0, \"rx\": 359.91, \"ry\": 269.94, \"rz\": -0.0, \"speed\": 3.75}","natures":[]},{"name":"","description":"","eClass":"Sentence","content":"The environment controller C INVOKES API Control.Agents.Pedestrians.WalkRandomly(which_lane=Current_Lane).","natures":[]},{"name":"","description":"","eClass":"Sentence","content":"The test system VALIDATES THAT the Apollo A Status.GetControl is nearly equal to {\"acceleration\": 0.77, \"throttle\": 22.59, \"steering_target\": 0.04, \"brake\": 0.0, \"steering_rate\": 100.0, \"speed\": 6.51}","natures":[]},{"name":"","description":"","eClass":"Sentence","content":"The test system VALIDATES THAT the simulator S Status.GetEnvironment is nearly equal to {\"x\": 192.64, \"y\": 10.12, \"z\": 201.82, \"rain\": 0.0, \"fog\": 0.0, \"wetness\": 0.0, \"timeofday\": 12.0, \"signal\": -1.0, \"rx\": 359.96, \"ry\": 269.84, \"rz\": -0.0, \"speed\": 6.65}","natures":[]},{"name":"","description":"","eClass":"Sentence","content":"The environment controller C INVOKES API Control.Agents.Pedestrians.WalkRandomly(which_lane=Current_Lane).","natures":[]},{"name":"","description":"","eClass":"Sentence","content":"The test system VALIDATES THAT the Apollo A Status.GetControl is nearly equal to {\"acceleration\": -1.86, \"throttle\": 0.0, \"steering_target\": 0.29, \"brake\": 41.78, \"steering_rate\": 100.0, \"speed\": 0.14}","natures":[]},{"name":"","description":"","eClass":"Sentence","content":"The test system VALIDATES THAT the simulator S Status.GetEnvironment is nearly equal to {\"x\": 166.12, \"y\": 10.12, \"z\": 201.66, \"rain\": 0.0, \"fog\": 0.0, \"wetness\": 0.0, \"timeofday\": 12.0, \"signal\": 0.0, \"rx\": 359.78, \"ry\": 269.59, \"rz\": 0.11, \"speed\": 0.02}","natures":[]},{"name":"","description":"","eClass":"Sentence","content":"The environment controller C INVOKES API Control.Agents.Pedestrians.WalkRandomly(which_lane=Current_Lane).","natures":[]},{"name":"","description":"","eClass":"Sentence","content":"The test system VALIDATES THAT the Apollo A Status.GetControl is nearly equal to {\"acceleration\": 0.0, \"throttle\": 15.7, \"steering_target\": -0.0, \"brake\": 0.0, \"steering_rate\": 100.0, \"speed\": 0.05}","natures":[]},{"name":"","description":"","eClass":"Sentence","content":"The test system VALIDATES THAT the simulator S Status.GetEnvironment is nearly equal to {\"x\": 165.18, \"y\": 10.13, \"z\": 201.65, \"rain\": 0.0, \"fog\": 0.0, \"wetness\": 0.0, \"timeofday\": 12.0, \"signal\": -1.0, \"rx\": 359.93, \"ry\": 269.28, \"rz\": 0.01, \"speed\": 0.08}","natures":[]},{"name":"","description":"","eClass":"Sentence","content":"The environment controller C INVOKES API Control.Agents.Pedestrians.WalkRandomly(which_lane=Current_Lane).","natures":[]},{"name":"","description":"","eClass":"Sentence","content":"The test system VALIDATES THAT the Apollo A Status.GetControl is nearly equal to {\"acceleration\": -0.01, \"throttle\": 0.0, \"steering_target\": 0.48, \"brake\": 37.52, \"steering_rate\": 100.0, \"speed\": 0.03}","natures":[]},{"name":"","description":"","eClass":"Sentence","content":"The test system VALIDATES THAT the simulator S Status.GetEnvironment is nearly equal to {\"x\": 165.2, \"y\": 10.13, \"z\": 201.64, \"rain\": 0.0, \"fog\": 0.0, \"wetness\": 0.0, \"timeofday\": 12.0, \"signal\": -1.0, \"rx\": 359.94, \"ry\": 269.48, \"rz\": 0.01, \"speed\": 0.0}","natures":[]},{"name":"","description":"","eClass":"Sentence","content":"The environment controller C INVOKES API Control.Agents.Pedestrians.WalkRandomly(which_lane=Current_Lane).","natures":[]},{"name":"","description":"","eClass":"Sentence","content":"The test system VALIDATES THAT the Apollo A Status.GetControl is nearly equal to {\"acceleration\": -0.0, \"throttle\": 0.0, \"steering_target\": 0.48, \"brake\": 14.5, \"steering_rate\": 100.0, \"speed\": 0.0}","natures":[]},{"name":"","description":"","eClass":"Sentence","content":"The test system VALIDATES THAT the simulator S Status.GetEnvironment is nearly equal to {\"x\": 165.22, \"y\": 10.13, \"z\": 201.63, \"rain\": 0.0, \"fog\": 0.0, \"wetness\": 0.0, \"timeofday\": 12.0, \"signal\": -1.0, \"rx\": 359.94, \"ry\": 269.66, \"rz\": 0.02, \"speed\": 0.0}","natures":[]},{"name":"","description":"","eClass":"Sentence","content":"The environment controller C INVOKES API Control.Agents.Pedestrians.WalkRandomly(which_lane=Current_Lane).","natures":[]},{"name":"","description":"","eClass":"Sentence","content":"The test system VALIDATES THAT the Apollo A Status.GetControl is nearly equal to {\"acceleration\": -0.0, \"throttle\": 0.0, \"steering_target\": 0.48, \"brake\": 14.5, \"steering_rate\": 100.0, \"speed\": 0.0}","natures":[]},{"name":"","description":"","eClass":"Sentence","content":"The test system VALIDATES THAT the simulator S Status.GetEnvironment is nearly equal to {\"x\": 165.22, \"y\": 10.13, \"z\": 201.63, \"rain\": 0.0, \"fog\": 0.0, \"wetness\": 0.0, \"timeofday\": 12.0, \"signal\": -1.0, \"rx\": 359.94, \"ry\": 269.67, \"rz\": 0.02, \"speed\": 0.0}","natures":[]},{"name":"","description":"","eClass":"Sentence","content":"The environment controller C INVOKES API Control.Agents.Pedestrians.WalkRandomly(which_lane=Current_Lane).","natures":[]},{"name":"","description":"","eClass":"Sentence","content":"The test system VALIDATES THAT the Apollo A Status.GetControl is nearly equal to {\"acceleration\": -0.0, \"throttle\": 0.0, \"steering_target\": 0.48, \"brake\": 14.5, \"steering_rate\": 100.0, \"speed\": 0.0}","natures":[]},{"name":"","description":"","eClass":"Sentence","content":"","natures":[]}]
