 timestamp= 1619814434000 [START] Now Run TCS Maintain Lane On Road1 Mode: dynamic Roadnum: 3 Second: 4
 timestamp= 1619814434000 [SUCCESS] TCS Check Success 
 timestamp= 1619814437000 [RUN] Run BasicFlow
 timestamp= 1619814437000 [RUN] Generate steps
 timestamp= 1619814437000 [RUN] Validate step: 
The test system VALIDATES THAT the simulator S Status.GetEnvironment is nearly equal to {"x": -245.44, "y": 10.12, "z": 465.79, "rain": 0.0, "fog": 0.0, "wetness": 0.0, "timeofday": 12.0, "signal": 1.0, "rx": 359.82, "ry": 305.87, "rz": -0.0, "speed": 2.01}
 timestamp= 1619814437000 [RES] Validate result: 
true
 timestamp= 1619814437000 [RUN] Execute API step: 
The environment controller C INVOKES API Control.Agents.Pedestrians.WalkRandomly(which_lane=Current_Lane).
 timestamp= 1619814440000 [RES] API result: 
{"pose_arr":[{"vx":1.18,"ay":1.63,"az":9.82,"ax":1.13,"pz":10.12,"vy":1.18,"px":552629.63,"py":4182951.02},{"vx":1.45,"ay":-0.69,"az":9.82,"ax":-0.48,"pz":10.13,"vy":1.45,"px":552628.03,"py":4182952.18},{"vx":1.17,"ay":0,"az":9.81,"ax":0,"pz":10.13,"vy":1.17,"px":552626.59,"py":4182953.17},{"vx":1.22,"ay":0.24,"az":9.81,"ax":0.14,"pz":10.12,"vy":1.22,"px":552624.95,"py":4182954.25},{"vx":1.16,"ay":-0.34,"az":9.81,"ax":-0.49,"pz":10.12,"vy":1.16,"px":552623.44,"py":4182955.13},{"vx":0.7,"ay":0.26,"az":9.8,"ax":0.08,"pz":10.13,"vy":0.7,"px":552621.64,"py":4182956}],"traffic_light":[3,3,3,3,1,0],"state_arr":[{"acceleration":0.64,"throttle":27.5,"steering_target":0.67,"brake":0,"steering_rate":100,"speed":1.99},{"acceleration":-0.78,"throttle":0,"steering_target":3.93,"brake":18.23,"steering_rate":100,"speed":2.66},{"acceleration":-0.12,"throttle":0,"steering_target":6.13,"brake":14.5,"steering_rate":100,"speed":2.18},{"acceleration":0.29,"throttle":23.63,"steering_target":10.77,"brake":0,"steering_rate":100,"speed":2.29},{"acceleration":0.12,"throttle":15.7,"steering_target":16.19,"brake":0,"steering_rate":100,"speed":2.52},{"acceleration":0,"throttle":0,"steering_target":27.98,"brake":14.5,"steering_rate":100,"speed":2.49}],"obstacle_arr":[[],[],[],[],[],[]],"action_description":"Pedestrian walking on the front lane","ev_state":[-253.959716796875,10.1247415542603,470.590087890625,0,0,0,12,1,0.00679417746141553,290.645690917969,359.873168945313,2.410570081265215],"collision_probability":0}
 timestamp= 1619814440000 [RUN] Validate G1 Guard Condition: 
The ego vehicle E Detection.Collision == True.
 timestamp= 1619814440000 [RES] Global Validate result: 
false
 timestamp= 1619814440000 [RUN] Validate G2 Guard Condition: 
The ego vehicle E Detection.OffRoad == True.
 timestamp= 1619814440000 [RES] Global Validate result: 
false
 timestamp= 1619814440000 [RUN] Validate G3 Guard Condition: 
The ego vehicle E Detection.HardBrake == True.
 timestamp= 1619814440000 [RES] Global Validate result: 
false
 timestamp= 1619814440000 [RUN] Validate G4 Guard Condition: 
The ego vehicle E Detection.ArrivalTest == True.
 timestamp= 1619814440000 [RES] Global Validate result: 
false
 timestamp= 1619814440000 [RUN] Validate step: 
The test system VALIDATES THAT the Apollo A Status.GetControl is nearly equal to {"acceleration": -0.0, "throttle": 0.0, "steering_target": 27.98, "brake": 14.5, "steering_rate": 100.0, "speed": 2.49}
 timestamp= 1619814440000 [RES] Validate result: 
true
 timestamp= 1619814440000 [RUN] Generate steps
 timestamp= 1619814440000 [RUN] Validate step: 
The test system VALIDATES THAT the simulator S Status.GetEnvironment is nearly equal to {"x": -253.96, "y": 10.12, "z": 470.59, "rain": 0.0, "fog": 0.0, "wetness": 0.0, "timeofday": 12.0, "signal": 1.0, "rx": 0.01, "ry": 290.65, "rz": 359.87, "speed": 2.41}
 timestamp= 1619814440000 [RES] Validate result: 
true
 timestamp= 1619814440000 [RUN] Execute API step: 
The environment controller C INVOKES API Control.Agents.Pedestrians.WalkRandomly(which_lane=Current_Lane).
 timestamp= 1619814443000 [RES] API result: 
{"pose_arr":[{"vx":0.36,"ay":0.25,"az":9.81,"ax":-0.3,"pz":10.12,"vy":0.36,"px":552620.32,"py":4182956.45},{"vx":-0.52,"ay":0.17,"az":9.82,"ax":-0.02,"pz":10.12,"vy":-0.52,"px":552618.15,"py":4182956.77},{"vx":-1.19,"ay":-0.29,"az":9.81,"ax":0.58,"pz":10.13,"vy":-1.19,"px":552616.09,"py":4182956.51},{"vx":-2.06,"ay":-0.17,"az":9.78,"ax":0.62,"pz":10.12,"vy":-2.06,"px":552614.49,"py":4182955.88},{"vx":-2.24,"ay":0.27,"az":9.81,"ax":-0.21,"pz":10.12,"vy":-2.24,"px":552612.28,"py":4182954.4}],"traffic_light":[0,0,0,0,0],"state_arr":[{"acceleration":0.18,"throttle":15.7,"steering_target":37.8,"brake":0,"steering_rate":100,"speed":2.41},{"acceleration":0.07,"throttle":43.7,"steering_target":47.05,"brake":0,"steering_rate":100,"speed":2.55},{"acceleration":-0.51,"throttle":0,"steering_target":54.99,"brake":14.5,"steering_rate":100,"speed":3.16},{"acceleration":-0.01,"throttle":0,"steering_target":52.44,"brake":14.5,"steering_rate":100,"speed":2.74},{"acceleration":0.11,"throttle":15.7,"steering_target":29.94,"brake":0,"steering_rate":100,"speed":3.33},{"acceleration":0.57,"throttle":20.2,"steering_target":15.42,"brake":0,"steering_rate":100,"speed":3.54},{"acceleration":0.55,"throttle":18.44,"steering_target":10.63,"brake":0,"steering_rate":100,"speed":4.33}],"obstacle_arr":[[],[],[],[],[],[]],"action_description":"Pedestrian walking on the front lane","ev_state":[-264.622497558594,10.1245594024658,465.724487304688,0,0,0,12,0,359.896362304688,224.547470092773,359.723205566406,4.329309423058901],"collision_probability":0}
 timestamp= 1619814443000 [RUN] Validate G1 Guard Condition: 
The ego vehicle E Detection.Collision == True.
 timestamp= 1619814443000 [RES] Global Validate result: 
false
 timestamp= 1619814443000 [RUN] Validate G2 Guard Condition: 
The ego vehicle E Detection.OffRoad == True.
 timestamp= 1619814443000 [RES] Global Validate result: 
false
 timestamp= 1619814443000 [RUN] Validate G3 Guard Condition: 
The ego vehicle E Detection.HardBrake == True.
 timestamp= 1619814443000 [RES] Global Validate result: 
false
 timestamp= 1619814443000 [RUN] Validate G4 Guard Condition: 
The ego vehicle E Detection.ArrivalTest == True.
 timestamp= 1619814443000 [RES] Global Validate result: 
false
 timestamp= 1619814443000 [RUN] Validate step: 
The test system VALIDATES THAT the Apollo A Status.GetControl is nearly equal to {"acceleration": 0.55, "throttle": 18.44, "steering_target": 10.63, "brake": 0.0, "steering_rate": 100.0, "speed": 4.33}
 timestamp= 1619814443000 [RES] Validate result: 
true
 timestamp= 1619814443000 [RUN] Generate steps
 timestamp= 1619814443000 [RUN] Validate step: 
The test system VALIDATES THAT the simulator S Status.GetEnvironment is nearly equal to {"x": -264.62, "y": 10.12, "z": 465.72, "rain": 0.0, "fog": 0.0, "wetness": 0.0, "timeofday": 12.0, "signal": 0.0, "rx": 359.9, "ry": 224.55, "rz": 359.72, "speed": 4.33}
 timestamp= 1619814443000 [RES] Validate result: 
true
 timestamp= 1619814443000 [RUN] Execute API step: 
The environment controller C INVOKES API Control.Agents.Pedestrians.WalkRandomly(which_lane=Current_Lane).
 timestamp= 1619814447000 [RES] API result: 
{"pose_arr":[{"vx":-3.21,"ay":2.12,"az":9.77,"ax":-1.98,"pz":10.12,"vy":-3.21,"px":552610.41,"py":4182952.81},{"vx":-4.06,"ay":0.45,"az":9.82,"ax":-0.5,"pz":10.12,"vy":-4.06,"px":552607.87,"py":4182950.05},{"vx":-4.55,"ay":0.19,"az":9.81,"ax":-0.65,"pz":10.12,"vy":-4.55,"px":552605.16,"py":4182946.89},{"vx":-5.03,"ay":0.33,"az":9.81,"ax":-0.44,"pz":10.12,"vy":-5.03,"px":552602.34,"py":4182943.27},{"vx":-5.27,"ay":0.12,"az":9.81,"ax":-0.22,"pz":10.12,"vy":-5.27,"px":552599.52,"py":4182939.43},{"vx":-5.46,"ay":0.25,"az":9.82,"ax":-0.13,"pz":10.12,"vy":-5.46,"px":552597.43,"py":4182936.49}],"traffic_light":[0,2,0,0,1],"state_arr":[{"acceleration":0.73,"throttle":22.69,"steering_target":1.8,"brake":0,"steering_rate":100,"speed":5.24},{"acceleration":0.93,"throttle":15.7,"steering_target":5.12,"brake":0,"steering_rate":100,"speed":5.5},{"acceleration":0.61,"throttle":21.07,"steering_target":3.72,"brake":0,"steering_rate":100,"speed":5.99},{"acceleration":0.59,"throttle":15.7,"steering_target":0.65,"brake":0,"steering_rate":100,"speed":6.37},{"acceleration":0.68,"throttle":15.7,"steering_target":2.42,"brake":0,"steering_rate":100,"speed":6.5},{"acceleration":0.35,"throttle":15.7,"steering_target":-0.68,"brake":0,"steering_rate":100,"speed":6.69}],"obstacle_arr":[[],[],[],[],[],[]],"action_description":"Pedestrian walking on the front lane","ev_state":[-279.172576904297,10.1241397857666,446.697052001953,0,0,0,12,-1,359.98388671875,214.858581542969,0.0119205294176936,6.7525883442918015],"collision_probability":0}
 timestamp= 1619814447000 [RUN] Validate G1 Guard Condition: 
The ego vehicle E Detection.Collision == True.
 timestamp= 1619814447000 [RES] Global Validate result: 
false
 timestamp= 1619814447000 [RUN] Validate G2 Guard Condition: 
The ego vehicle E Detection.OffRoad == True.
 timestamp= 1619814447000 [RES] Global Validate result: 
false
 timestamp= 1619814447000 [RUN] Validate G3 Guard Condition: 
The ego vehicle E Detection.HardBrake == True.
 timestamp= 1619814447000 [RES] Global Validate result: 
false
 timestamp= 1619814447000 [RUN] Validate G4 Guard Condition: 
The ego vehicle E Detection.ArrivalTest == True.
 timestamp= 1619814447000 [RES] Global Validate result: 
false
 timestamp= 1619814447000 [RUN] Validate step: 
The test system VALIDATES THAT the Apollo A Status.GetControl is nearly equal to {"acceleration": 0.35, "throttle": 15.7, "steering_target": -0.68, "brake": 0.0, "steering_rate": 100.0, "speed": 6.69}
 timestamp= 1619814447000 [RES] Validate result: 
true
 timestamp= 1619814447000 [RUN] Generate steps
 timestamp= 1619814447000 [RUN] Validate step: 
The test system VALIDATES THAT the simulator S Status.GetEnvironment is nearly equal to {"x": -279.17, "y": 10.12, "z": 446.7, "rain": 0.0, "fog": 0.0, "wetness": 0.0, "timeofday": 12.0, "signal": -1.0, "rx": 359.98, "ry": 214.86, "rz": 0.01, "speed": 6.75}
 timestamp= 1619814447000 [RES] Validate result: 
true
 timestamp= 1619814447000 [RUN] Execute API step: 
The environment controller C INVOKES API Control.Agents.Pedestrians.WalkRandomly(which_lane=Current_Lane).
 timestamp= 1619814450000 [RES] API result: 
{"pose_arr":[{"vx":-5.53,"ay":0.13,"az":9.81,"ax":-0.21,"pz":10.12,"vy":-5.53,"px":552595.6,"py":4182933.85},{"vx":-5.77,"ay":0.45,"az":9.8,"ax":-0.65,"pz":10.12,"vy":-5.77,"px":552592.95,"py":4182930.03},{"vx":-5.82,"ay":-0.33,"az":9.82,"ax":0.48,"pz":10.12,"vy":-5.82,"px":552590.07,"py":4182925.84},{"vx":-5.83,"ay":0,"az":9.81,"ax":0,"pz":10.12,"vy":-5.83,"px":552587.61,"py":4182922.28},{"vx":-5.74,"ay":-1.44,"az":9.88,"ax":2.04,"pz":10.12,"vy":-5.74,"px":552584.77,"py":4182918.22},{"vx":-5.18,"ay":-0.32,"az":9.81,"ax":0.47,"pz":10.12,"vy":-5.18,"px":552581.92,"py":4182914.18}],"traffic_light":[3,3,3,1,1,3],"state_arr":[{"acceleration":0.48,"throttle":15.7,"steering_target":0.77,"brake":0,"steering_rate":100,"speed":6.75},{"acceleration":0.73,"throttle":15.7,"steering_target":-0.06,"brake":0,"steering_rate":100,"speed":7.05},{"acceleration":0.01,"throttle":15.7,"steering_target":-0.28,"brake":0,"steering_rate":100,"speed":7.07},{"acceleration":0.73,"throttle":15.7,"steering_target":-1.11,"brake":0,"steering_rate":100,"speed":7.1},{"acceleration":-0.69,"throttle":0,"steering_target":0.08,"brake":36.54,"steering_rate":100,"speed":7.28},{"acceleration":-0.29,"throttle":0,"steering_target":0.44,"brake":14.5,"steering_rate":100,"speed":6.51},{"acceleration":-0.01,"throttle":0,"steering_target":-0.28,"brake":14.5,"steering_rate":100,"speed":6.14}],"obstacle_arr":[[],[],[],[],[{"acceleration":{"y":0,"x":0,"z":0},"position":{"y":4182916.76,"x":552574.44,"z":10.52},"volume":0.13,"type":"PEDESTRIAN","velocity":{"y":0,"x":0,"z":0}}],[{"acceleration":{"y":0.04,"x":0.03,"z":0},"position":{"y":4182916.74,"x":552574.41,"z":10.44},"volume":0.11,"type":"PEDESTRIAN","velocity":{"y":0,"x":0,"z":0}}]],"action_description":"Pedestrian walking on the front lane","ev_state":[-294.818084716797,10.1242704391479,424.260437011719,0,0,0,12,-1,0.0336836390197277,215.21940612793,0.00538772903382778,6.019689129801843],"collision_probability":0}
 timestamp= 1619814450000 [RUN] Validate G1 Guard Condition: 
The ego vehicle E Detection.Collision == True.
 timestamp= 1619814450000 [RES] Global Validate result: 
false
 timestamp= 1619814450000 [RUN] Validate G2 Guard Condition: 
The ego vehicle E Detection.OffRoad == True.
 timestamp= 1619814450000 [RES] Global Validate result: 
false
 timestamp= 1619814450000 [RUN] Validate G3 Guard Condition: 
The ego vehicle E Detection.HardBrake == True.
 timestamp= 1619814450000 [RES] Global Validate result: 
false
 timestamp= 1619814450000 [RUN] Validate G4 Guard Condition: 
The ego vehicle E Detection.ArrivalTest == True.
 timestamp= 1619814450000 [RES] Global Validate result: 
false
 timestamp= 1619814450000 [RUN] Validate step: 
The test system VALIDATES THAT the Apollo A Status.GetControl is nearly equal to {"acceleration": -0.01, "throttle": 0.0, "steering_target": -0.28, "brake": 14.5, "steering_rate": 100.0, "speed": 6.14}
 timestamp= 1619814450000 [RES] Validate result: 
true
 timestamp= 1619814450000 [RUN] Generate steps
 timestamp= 1619814450000 [RUN] Validate step: 
The test system VALIDATES THAT the simulator S Status.GetEnvironment is nearly equal to {"x": -294.82, "y": 10.12, "z": 424.26, "rain": 0.0, "fog": 0.0, "wetness": 0.0, "timeofday": 12.0, "signal": -1.0, "rx": 0.03, "ry": 215.22, "rz": 0.01, "speed": 6.02}
 timestamp= 1619814450000 [RES] Validate result: 
true
 timestamp= 1619814450000 [RUN] Execute API step: 
The environment controller C INVOKES API Control.Agents.Pedestrians.WalkRandomly(which_lane=Current_Lane).
 timestamp= 1619814454000 [RES] API result: 
{"pose_arr":[{"vx":-4.92,"ay":0,"az":9.81,"ax":0,"pz":10.13,"vy":-4.92,"px":552579.94,"py":4182911.38},{"vx":-5.11,"ay":0.84,"az":9.81,"ax":-1.17,"pz":10.12,"vy":-5.11,"px":552578.09,"py":4182908.76},{"vx":-5.97,"ay":0.14,"az":9.84,"ax":-0.19,"pz":10.12,"vy":-5.97,"px":552575.18,"py":4182904.64},{"vx":-5.49,"ay":-0.58,"az":9.8,"ax":0.82,"pz":10.13,"vy":-5.49,"px":552572.19,"py":4182900.42},{"vx":-5.83,"ay":0.64,"az":9.8,"ax":-0.91,"pz":10.12,"vy":-5.83,"px":552570.18,"py":4182897.59},{"vx":-5.66,"ay":-23.32,"az":9.09,"ax":36.28,"pz":10.12,"vy":-5.66,"px":552568.37,"py":4182895.04},{"vx":-2.82,"ay":0.06,"az":9.8,"ax":-0.09,"pz":10.12,"vy":-2.82,"px":552566.62,"py":4182892.58}],"traffic_light":[3,3,3,3,1,1],"state_arr":[{"acceleration":1.12,"throttle":15.7,"steering_target":0.11,"brake":0,"steering_rate":100,"speed":6.08},{"acceleration":1.02,"throttle":26.65,"steering_target":-0.28,"brake":0,"steering_rate":100,"speed":6.95},{"acceleration":0.19,"throttle":15.7,"steering_target":0.01,"brake":0,"steering_rate":100,"speed":7.35},{"acceleration":0.06,"throttle":15.7,"steering_target":-0.1,"brake":0,"steering_rate":100,"speed":6.69},{"acceleration":0.99,"throttle":26.23,"steering_target":-0.04,"brake":0,"steering_rate":100,"speed":7.17},{"acceleration":0.85,"throttle":39.98,"steering_target":0.15,"brake":0,"steering_rate":100,"speed":3.8},{"acceleration":0.47,"throttle":15.7,"steering_target":0.36,"brake":0,"steering_rate":100,"speed":3.45}],"obstacle_arr":[[],[],[],[],[],[{"acceleration":{"y":-0.01,"x":-0.01,"z":0},"position":{"y":4182891.47,"x":552566,"z":10.71},"volume":0.12,"type":"PEDESTRIAN","velocity":{"y":0,"x":0,"z":0}}],[{"acceleration":{"y":-1.07,"x":-0.89,"z":0},"position":{"y":4182889.47,"x":552565.1,"z":10.9},"volume":0.01,"type":"PEDESTRIAN","velocity":{"y":-0.7,"x":-0.78,"z":0}}]],"action_description":"Pedestrian walking on the front lane","ev_state":[-308.650543212891,10.1261205673218,404.760375976563,0,0,0,12,-1,359.867095947266,215.743133544922,359.889251708984,3.4968877896935897],"collision_probability":1}
 timestamp= 1619814454000 [RUN] Validate G1 Guard Condition: 
The ego vehicle E Detection.Collision == True.
 timestamp= 1619814454000 [RES] Global Validate result: 
true
 timestamp= 1619814454000 [RUN] Collision == True
 timestamp= 1619814454000 [RUN] Validate G2 Guard Condition: 
The ego vehicle E Detection.OffRoad == True.
 timestamp= 1619814454000 [RES] Global Validate result: 
false
 timestamp= 1619814454000 [RUN] Validate G3 Guard Condition: 
The ego vehicle E Detection.HardBrake == True.
 timestamp= 1619814454000 [RES] Global Validate result: 
true
 timestamp= 1619814454000 [RUN] HardBrake == True
 timestamp= 1619814454000 [RUN] RESUME STEP @preStep
 timestamp= 1619814454000 [RUN] Resume step basicflow13
 timestamp= 1619814454000 [RUN] Validate G4 Guard Condition: 
The ego vehicle E Detection.ArrivalTest == True.
 timestamp= 1619814454000 [RES] Global Validate result: 
false
 timestamp= 1619814454000 [RUN] Validate step: 
The test system VALIDATES THAT the Apollo A Status.GetControl is nearly equal to {"acceleration": 0.47, "throttle": 15.7, "steering_target": 0.36, "brake": 0.0, "steering_rate": 100.0, "speed": 3.45}
 timestamp= 1619814454000 [RES] Validate result: 
true
 timestamp= 1619814454000 [RUN] Generate steps
 timestamp= 1619814454000 [RUN] Validate step: 
The test system VALIDATES THAT the simulator S Status.GetEnvironment is nearly equal to {"x": -308.65, "y": 10.13, "z": 404.76, "rain": 0.0, "fog": 0.0, "wetness": 0.0, "timeofday": 12.0, "signal": -1.0, "rx": 359.87, "ry": 215.74, "rz": 359.89, "speed": 3.5}
 timestamp= 1619814454000 [RES] Validate result: 
true
 timestamp= 1619814454000 [RUN] Execute API step: 
The environment controller C INVOKES API Control.Agents.Pedestrians.WalkRandomly(which_lane=Current_Lane).
 timestamp= 1619814457000 [RES] API result: 
{"pose_arr":[{"vx":-2.68,"ay":-0.6,"az":9.81,"ax":0.83,"pz":10.12,"vy":-2.68,"px":552565.71,"py":4182891.3},{"vx":-1.99,"ay":-0.61,"az":9.81,"ax":0.84,"pz":10.12,"vy":-1.99,"px":552564.46,"py":4182889.59},{"vx":-1.7,"ay":-0.34,"az":9.81,"ax":0.47,"pz":10.12,"vy":-1.7,"px":552563.77,"py":4182888.63},{"vx":-1.64,"ay":0.26,"az":9.81,"ax":-0.39,"pz":10.12,"vy":-1.64,"px":552563.19,"py":4182887.83},{"vx":-2.97,"ay":2.88,"az":9.78,"ax":-4,"pz":10.12,"vy":-2.97,"px":552561.99,"py":4182886.2},{"vx":-3.67,"ay":0.35,"az":9.81,"ax":-0.47,"pz":10.12,"vy":-3.67,"px":552560.32,"py":4182883.87},{"vx":-3.9,"ay":0.22,"az":9.81,"ax":-0.63,"pz":10.12,"vy":-3.9,"px":552558.92,"py":4182881.89}],"traffic_light":[1,3,1,1,0,0],"state_arr":[{"acceleration":-1.03,"throttle":0,"steering_target":0.12,"brake":20.93,"steering_rate":100,"speed":3.5},{"acceleration":-0.84,"throttle":0,"steering_target":1.43,"brake":19.14,"steering_rate":100,"speed":2.66},{"acceleration":0.05,"throttle":15.7,"steering_target":1.54,"brake":0,"steering_rate":100,"speed":2.22},{"acceleration":0.52,"throttle":19.4,"steering_target":2.46,"brake":0,"steering_rate":100,"speed":2.02},{"acceleration":0.86,"throttle":26.02,"steering_target":3.41,"brake":0,"steering_rate":100,"speed":2.83},{"acceleration":0.55,"throttle":18,"steering_target":-0.67,"brake":0,"steering_rate":100,"speed":4.23},{"acceleration":0.76,"throttle":23.59,"steering_target":-2.77,"brake":0,"steering_rate":100,"speed":4.53}],"obstacle_arr":[[],[],[],[],[],[]],"action_description":"Pedestrian walking on the front lane","ev_state":[-315.990234375,10.1244564056396,394.583679199219,0,0,0,12,-1,359.960784912109,215.753799438477,0.0309905838221312,4.85986635866914],"collision_probability":0.574}
 timestamp= 1619814457000 [RUN] Validate G1 Guard Condition: 
The ego vehicle E Detection.Collision == True.
 timestamp= 1619814457000 [RES] Global Validate result: 
false
 timestamp= 1619814457000 [RUN] Validate G2 Guard Condition: 
The ego vehicle E Detection.OffRoad == True.
 timestamp= 1619814457000 [RES] Global Validate result: 
false
 timestamp= 1619814457000 [RUN] Validate G3 Guard Condition: 
The ego vehicle E Detection.HardBrake == True.
 timestamp= 1619814457000 [RES] Global Validate result: 
true
 timestamp= 1619814457000 [RUN] HardBrake == True
 timestamp= 1619814457000 [RUN] RESUME STEP @preStep
 timestamp= 1619814457000 [RUN] Resume step basicflow16
 timestamp= 1619814457000 [RUN] Validate G4 Guard Condition: 
The ego vehicle E Detection.ArrivalTest == True.
 timestamp= 1619814457000 [RES] Global Validate result: 
false
 timestamp= 1619814457000 [RUN] Validate step: 
The test system VALIDATES THAT the Apollo A Status.GetControl is nearly equal to {"acceleration": 0.76, "throttle": 23.59, "steering_target": -2.77, "brake": 0.0, "steering_rate": 100.0, "speed": 4.53}
 timestamp= 1619814457000 [RES] Validate result: 
true
 timestamp= 1619814457000 [RUN] Generate steps
 timestamp= 1619814457000 [RUN] Validate step: 
The test system VALIDATES THAT the simulator S Status.GetEnvironment is nearly equal to {"x": -315.99, "y": 10.12, "z": 394.58, "rain": 0.0, "fog": 0.0, "wetness": 0.0, "timeofday": 12.0, "signal": -1.0, "rx": 359.96, "ry": 215.75, "rz": 0.03, "speed": 4.86}
 timestamp= 1619814457000 [RES] Validate result: 
true
 timestamp= 1619814457000 [RUN] Execute API step: 
The environment controller C INVOKES API Control.Agents.NPCVehicle.NPCVehicleMaintainLane(which_lane=Left_Lane&which_car=Jeep).
 timestamp= 1619814461000 [RES] API result: 
{"pose_arr":[{"vx":-4.79,"ay":2.52,"az":9.75,"ax":-3.59,"pz":10.12,"vy":-4.79,"px":552557.48,"py":4182879.9},{"vx":-4.75,"ay":0,"az":9.81,"ax":0,"pz":10.13,"vy":-4.75,"px":552555.38,"py":4182877},{"vx":-5,"ay":0.4,"az":9.81,"ax":-0.55,"pz":10.12,"vy":-5,"px":552553.14,"py":4182873.92},{"vx":-2.43,"ay":2.53,"az":9.82,"ax":-3.52,"pz":10.12,"vy":-2.43,"px":552551.56,"py":4182871.78},{"vx":-3.07,"ay":-0.19,"az":9.81,"ax":0.15,"pz":10.12,"vy":-3.07,"px":552550.33,"py":4182870.06},{"vx":-2.63,"ay":-0.78,"az":9.55,"ax":1.06,"pz":10.12,"vy":-2.63,"px":552548.96,"py":4182868.18}],"traffic_light":[0,0,0,0,0,0],"state_arr":[{"acceleration":1.16,"throttle":21.2,"steering_target":-0.88,"brake":0,"steering_rate":100,"speed":4.86},{"acceleration":0.8,"throttle":23.35,"steering_target":0.44,"brake":0,"steering_rate":100,"speed":6.17},{"acceleration":0.81,"throttle":23.91,"steering_target":-0.25,"brake":0,"steering_rate":100,"speed":5.88},{"acceleration":1.04,"throttle":20.47,"steering_target":-0.16,"brake":0,"steering_rate":100,"speed":6.18},{"acceleration":1.25,"throttle":73.32,"steering_target":-1.86,"brake":0,"steering_rate":100,"speed":2.67},{"acceleration":-0.79,"throttle":0,"steering_target":-0.3,"brake":17.85,"steering_rate":100,"speed":3.75},{"acceleration":-1.19,"throttle":0,"steering_target":-0.55,"brake":22.63,"steering_rate":100,"speed":3.33},{"acceleration":-0.48,"throttle":0,"steering_target":-0.4,"brake":14.5,"steering_rate":100,"speed":2.73}],"obstacle_arr":[[],[{"acceleration":{"y":-0.01,"x":0,"z":0},"position":{"y":4182875.24,"x":552565.79,"z":10.37},"volume":9.15,"type":"VEHICLE","velocity":{"y":-1.51,"x":0.47,"z":0}}],[{"acceleration":{"y":0,"x":0,"z":0},"position":{"y":4182874.04,"x":552567.85,"z":10.68},"volume":1.71,"type":"VEHICLE","velocity":{"y":-1.51,"x":0.48,"z":0}},{"acceleration":{"y":1.77,"x":0.03,"z":0},"position":{"y":4182887.13,"x":552562.23,"z":10.68},"volume":0.04,"type":"PEDESTRIAN","velocity":{"y":1.05,"x":0.04,"z":0}}],[{"acceleration":{"y":0,"x":0,"z":0},"position":{"y":4182873.54,"x":552571.66,"z":10.84},"volume":0.63,"type":"VEHICLE","velocity":{"y":-1.52,"x":0.51,"z":0}},{"acceleration":{"y":0.71,"x":0.89,"z":0},"position":{"y":4182887.62,"x":552562.46,"z":10.61},"volume":0.08,"type":"PEDESTRIAN","velocity":{"y":1.62,"x":0.85,"z":0}},{"acceleration":{"y":-0.01,"x":0,"z":0},"position":{"y":4182870.26,"x":552550.55,"z":10.35},"volume":0.1,"type":"PEDESTRIAN","velocity":{"y":0,"x":0,"z":0}}],[{"acceleration":{"y":0,"x":0.01,"z":0},"position":{"y":4182873.59,"x":552576.4,"z":10.82},"volume":4.67,"type":"VEHICLE","velocity":{"y":-1.52,"x":0.57,"z":0}},{"acceleration":{"y":-0.76,"x":-0.67,"z":0},"position":{"y":4182868.92,"x":552549.53,"z":11.28},"volume":0.04,"type":"PEDESTRIAN","velocity":{"y":-0.54,"x":-0.49,"z":0}}],[{"acceleration":{"y":-1.63,"x":-2.23,"z":0},"position":{"y":4182866.72,"x":552548.02,"z":10.76},"volume":0.35,"type":"PEDESTRIAN","velocity":{"y":-1.52,"x":-2.28,"z":0}}],[]],"action_description":"NPC vehicle (Jeep) driving on the left lane","ev_state":[-326.530517578125,10.1258106231689,380.073394775391,0,0,0,12,-1,359.977447509766,215.953399658203,359.976226806641,2.734341347952707],"collision_probability":1}
 timestamp= 1619814461000 [RUN] Validate G1 Guard Condition: 
The ego vehicle E Detection.Collision == True.
 timestamp= 1619814461000 [RES] Global Validate result: 
true
 timestamp= 1619814461000 [RUN] Collision == True
 timestamp= 1619814461000 [RUN] Validate G2 Guard Condition: 
The ego vehicle E Detection.OffRoad == True.
 timestamp= 1619814461000 [RES] Global Validate result: 
false
 timestamp= 1619814461000 [RUN] Validate G3 Guard Condition: 
The ego vehicle E Detection.HardBrake == True.
 timestamp= 1619814461000 [RES] Global Validate result: 
true
 timestamp= 1619814461000 [RUN] HardBrake == True
 timestamp= 1619814461000 [RUN] RESUME STEP @preStep
 timestamp= 1619814461000 [RUN] Resume step basicflow19
 timestamp= 1619814461000 [RUN] Validate G4 Guard Condition: 
The ego vehicle E Detection.ArrivalTest == True.
 timestamp= 1619814461000 [RES] Global Validate result: 
false
 timestamp= 1619814461000 [RUN] Validate step: 
The test system VALIDATES THAT the Apollo A Status.GetControl is nearly equal to {"acceleration": -0.48, "throttle": 0.0, "steering_target": -0.4, "brake": 14.5, "steering_rate": 100.0, "speed": 2.73}
 timestamp= 1619814461000 [RES] Validate result: 
true
 timestamp= 1619814461000 [RUN] Generate steps
 timestamp= 1619814461000 [RUN] Validate step: 
The test system VALIDATES THAT the simulator S Status.GetEnvironment is nearly equal to {"x": -326.53, "y": 10.13, "z": 380.07, "rain": 0.0, "fog": 0.0, "wetness": 0.0, "timeofday": 12.0, "signal": -1.0, "rx": 359.98, "ry": 215.95, "rz": 359.98, "speed": 2.73}
 timestamp= 1619814461000 [RES] Validate result: 
true
 timestamp= 1619814461000 [RUN] Execute API step: 
The environment controller C INVOKES API Control.Agents.Pedestrians.WalkRandomly(which_lane=Current_Lane).
 timestamp= 1619814465000 [RES] API result: 
{"pose_arr":[{"vx":-2.23,"ay":-0.36,"az":9.8,"ax":0.49,"pz":10.13,"vy":-2.23,"px":552548.29,"py":4182867.25},{"vx":-1.71,"ay":0,"az":9.81,"ax":0,"pz":10.13,"vy":-1.71,"px":552547.53,"py":4182866.2},{"vx":-0.68,"ay":-0.76,"az":9.81,"ax":1.05,"pz":10.13,"vy":-0.68,"px":552546.96,"py":4182865.42},{"vx":-0.27,"ay":-0.33,"az":9.82,"ax":0.46,"pz":10.13,"vy":-0.27,"px":552546.8,"py":4182865.2},{"vx":-0.18,"ay":0.08,"az":9.81,"ax":-0.11,"pz":10.12,"vy":-0.18,"px":552546.72,"py":4182865.09},{"vx":-0.39,"ay":-0.32,"az":9.8,"ax":0.45,"pz":10.12,"vy":-0.39,"px":552546.58,"py":4182864.9},{"vx":-0.17,"ay":-0.33,"az":9.81,"ax":0.45,"pz":10.12,"vy":-0.17,"px":552546.49,"py":4182864.77},{"vx":0,"ay":0.44,"az":9.77,"ax":-0.05,"pz":10.12,"vy":0,"px":552546.48,"py":4182864.75}],"traffic_light":[0,0,0,0,0,0,0],"state_arr":[{"acceleration":-2.1,"throttle":0,"steering_target":-0.25,"brake":32.39,"steering_rate":100,"speed":2.12},{"acceleration":-1.43,"throttle":0,"steering_target":-0.05,"brake":26,"steering_rate":100,"speed":1.11},{"acceleration":-0.55,"throttle":0,"steering_target":-0.21,"brake":14.93,"steering_rate":100,"speed":0.47},{"acceleration":0.08,"throttle":15.7,"steering_target":-0.22,"brake":0,"steering_rate":100,"speed":0.18},{"acceleration":0.03,"throttle":53.89,"steering_target":-0.18,"brake":0,"steering_rate":100,"speed":0.23},{"acceleration":-0.13,"throttle":0,"steering_target":0,"brake":14.5,"steering_rate":100,"speed":0.47},{"acceleration":-0.03,"throttle":0,"steering_target":0,"brake":14.5,"steering_rate":100,"speed":0.19}],"obstacle_arr":[[{"acceleration":{"y":0,"x":0,"z":0},"position":{"y":4182864.18,"x":552545.98,"z":10.78},"volume":0.26,"type":"PEDESTRIAN","velocity":{"y":-2.96,"x":-2.54,"z":0}}],[{"acceleration":{"y":-0.19,"x":0,"z":0},"position":{"y":4182863.25,"x":552545.06,"z":10.77},"volume":0.32,"type":"PEDESTRIAN","velocity":{"y":-3.04,"x":-2.52,"z":0}}],[{"acceleration":{"y":2.85,"x":1.95,"z":0},"position":{"y":4182862.65,"x":552544.44,"z":10.77},"volume":0.17,"type":"PEDESTRIAN","velocity":{"y":-0.65,"x":-0.78,"z":0}}],[{"acceleration":{"y":1.66,"x":1.69,"z":0},"position":{"y":4182862.4,"x":552544.12,"z":10.8},"volume":0.17,"type":"PEDESTRIAN","velocity":{"y":0,"x":0,"z":0}}],[{"acceleration":{"y":0.14,"x":0.18,"z":0},"position":{"y":4182862.42,"x":552544.03,"z":10.8},"volume":0.19,"type":"PEDESTRIAN","velocity":{"y":0,"x":0,"z":0}}],[{"acceleration":{"y":0,"x":0,"z":0},"position":{"y":4182862.4,"x":552543.75,"z":10.78},"volume":0.18,"type":"PEDESTRIAN","velocity":{"y":0,"x":0,"z":0}}],[{"acceleration":{"y":0,"x":0,"z":0},"position":{"y":4182862.49,"x":552543.55,"z":10.85},"volume":0.17,"type":"PEDESTRIAN","velocity":{"y":0,"x":0,"z":0}}]],"action_description":"Pedestrian walking on the front lane","ev_state":[-328.291229248047,10.1254720687866,377.629821777344,0,0,0,12,1,359.967346191406,215.530868530273,0.103978849947453,0.0037564211271063326],"collision_probability":0.396}
 timestamp= 1619814465000 [RUN] Validate G1 Guard Condition: 
The ego vehicle E Detection.Collision == True.
 timestamp= 1619814465000 [RES] Global Validate result: 
false
 timestamp= 1619814465000 [RUN] Validate G2 Guard Condition: 
The ego vehicle E Detection.OffRoad == True.
 timestamp= 1619814465000 [RES] Global Validate result: 
false
 timestamp= 1619814465000 [RUN] Validate G3 Guard Condition: 
The ego vehicle E Detection.HardBrake == True.
 timestamp= 1619814465000 [RES] Global Validate result: 
false
 timestamp= 1619814465000 [RUN] Validate G4 Guard Condition: 
The ego vehicle E Detection.ArrivalTest == True.
 timestamp= 1619814465000 [RES] Global Validate result: 
false
 timestamp= 1619814465000 [RUN] Validate step: 
The test system VALIDATES THAT the Apollo A Status.GetControl is nearly equal to {"acceleration": -0.03, "throttle": 0.0, "steering_target": -0.0, "brake": 14.5, "steering_rate": 100.0, "speed": 0.19}
 timestamp= 1619814465000 [RES] Validate result: 
true
 timestamp= 1619814465000 [RUN] Generate steps
 timestamp= 1619814465000 [RUN] Validate step: 
The test system VALIDATES THAT the simulator S Status.GetEnvironment is nearly equal to {"x": -328.29, "y": 10.13, "z": 377.63, "rain": 0.0, "fog": 0.0, "wetness": 0.0, "timeofday": 12.0, "signal": 1.0, "rx": 359.97, "ry": 215.53, "rz": 0.1, "speed": 0.0}
 timestamp= 1619814465000 [RES] Validate result: 
true
 timestamp= 1619814465000 [RUN] Execute API step: 
The environment controller C INVOKES API Control.Agents.Pedestrians.WalkRandomly(which_lane=Current_Lane).
 timestamp= 1619814469000 [RES] API result: 
{"pose_arr":[{"vx":-0.09,"ay":0.15,"az":9.81,"ax":-0.21,"pz":10.12,"vy":-0.09,"px":552546.46,"py":4182864.73},{"vx":0,"ay":0,"az":9.81,"ax":0,"pz":10.12,"vy":0,"px":552546.46,"py":4182864.72},{"vx":-1.49,"ay":1.77,"az":9.81,"ax":-2.43,"pz":10.12,"vy":-1.49,"px":552546.13,"py":4182864.25},{"vx":-2.22,"ay":0.72,"az":9.83,"ax":-1.16,"pz":10.12,"vy":-2.22,"px":552545.26,"py":4182863},{"vx":-2.67,"ay":0.22,"az":9.81,"ax":-0.3,"pz":10.12,"vy":-2.67,"px":552544.06,"py":4182861.37},{"vx":-2.9,"ay":1.34,"az":9.81,"ax":-1.56,"pz":10.12,"vy":-2.9,"px":552542.92,"py":4182859.84}],"traffic_light":[0,0,0,0,0,0],"state_arr":[{"acceleration":0.06,"throttle":15.7,"steering_target":-0.01,"brake":0,"steering_rate":100,"speed":0},{"acceleration":-3,"throttle":0,"steering_target":-0.45,"brake":53.73,"steering_rate":100,"speed":0.12},{"acceleration":0.75,"throttle":72.94,"steering_target":-0.45,"brake":0,"steering_rate":100,"speed":0},{"acceleration":1.1,"throttle":40.5,"steering_target":-3.75,"brake":0,"steering_rate":100,"speed":1.53},{"acceleration":0.09,"throttle":17.09,"steering_target":-3.43,"brake":0,"steering_rate":100,"speed":2.74},{"acceleration":0.52,"throttle":19.32,"steering_target":1.35,"brake":0,"steering_rate":100,"speed":3.24},{"acceleration":0.63,"throttle":21.29,"steering_target":-0.19,"brake":0,"steering_rate":100,"speed":3.54},{"acceleration":0.64,"throttle":15.7,"steering_target":-0.22,"brake":0,"steering_rate":100,"speed":4.95}],"obstacle_arr":[[{"acceleration":{"y":0,"x":0,"z":0},"position":{"y":4182862.75,"x":552543.46,"z":10.86},"volume":0.15,"type":"PEDESTRIAN","velocity":{"y":0,"x":0,"z":0}}],[],[],[],[],[],[]],"action_description":"Pedestrian walking on the front lane","ev_state":[-333.319793701172,10.1243925094604,370.783935546875,0,0,0,12,1,359.816558837891,216.683609008789,0.0054519297555089,5.185361190117197],"collision_probability":0.579}
 timestamp= 1619814469000 [RUN] Validate G1 Guard Condition: 
The ego vehicle E Detection.Collision == True.
 timestamp= 1619814469000 [RES] Global Validate result: 
false
 timestamp= 1619814469000 [RUN] Validate G2 Guard Condition: 
The ego vehicle E Detection.OffRoad == True.
 timestamp= 1619814469000 [RES] Global Validate result: 
false
 timestamp= 1619814469000 [RUN] Validate G3 Guard Condition: 
The ego vehicle E Detection.HardBrake == True.
 timestamp= 1619814469000 [RES] Global Validate result: 
true
 timestamp= 1619814469000 [RUN] HardBrake == True
 timestamp= 1619814469000 [RUN] RESUME STEP @preStep
 timestamp= 1619814469000 [RUN] Resume step basicflow25
 timestamp= 1619814469000 [RUN] Validate G4 Guard Condition: 
The ego vehicle E Detection.ArrivalTest == True.
 timestamp= 1619814469000 [RES] Global Validate result: 
false
 timestamp= 1619814469000 [RUN] Validate step: 
The test system VALIDATES THAT the Apollo A Status.GetControl is nearly equal to {"acceleration": 0.64, "throttle": 15.7, "steering_target": -0.22, "brake": 0.0, "steering_rate": 100.0, "speed": 4.95}
 timestamp= 1619814469000 [RES] Validate result: 
true
 timestamp= 1619814469000 [RUN] Generate steps
 timestamp= 1619814469000 [RUN] Validate step: 
The test system VALIDATES THAT the simulator S Status.GetEnvironment is nearly equal to {"x": -333.32, "y": 10.12, "z": 370.78, "rain": 0.0, "fog": 0.0, "wetness": 0.0, "timeofday": 12.0, "signal": 1.0, "rx": 359.82, "ry": 216.68, "rz": 0.01, "speed": 5.19}
 timestamp= 1619814469000 [RES] Validate result: 
true
 timestamp= 1619814469000 [RUN] Execute API step: 
The environment controller C INVOKES API Control.Agents.Pedestrians.WalkRandomly(which_lane=Current_Lane).
 timestamp= 1619814473000 [RES] API result: 
{"pose_arr":[{"vx":-4.02,"ay":1.39,"az":9.8,"ax":-1.89,"pz":10.12,"vy":-4.02,"px":552541.7,"py":4182858.19},{"vx":-3.84,"ay":-2.46,"az":9.88,"ax":3.31,"pz":10.13,"vy":-3.84,"px":552539.47,"py":4182855.2},{"vx":-1.22,"ay":-7.06,"az":9.7,"ax":9.1,"pz":10.13,"vy":-1.22,"px":552538.17,"py":4182853.46},{"vx":0,"ay":0.01,"az":9.77,"ax":0,"pz":10.13,"vy":0,"px":552538.08,"py":4182853.34},{"vx":0,"ay":0,"az":9.81,"ax":0,"pz":10.12,"vy":0,"px":552538.08,"py":4182853.34},{"vx":-0.02,"ay":0.03,"az":9.81,"ax":-0.04,"pz":10.12,"vy":-0.02,"px":552538.08,"py":4182853.34},{"vx":-0.15,"ay":-0.52,"az":9.85,"ax":0.66,"pz":10.12,"vy":-0.15,"px":552538.01,"py":4182853.25}],"traffic_light":[0,0,0,0,0,0],"state_arr":[{"acceleration":-0.37,"throttle":0,"steering_target":0.2,"brake":14.5,"steering_rate":100,"speed":5.3},{"acceleration":-3.43,"throttle":0,"steering_target":0.11,"brake":43.24,"steering_rate":100,"speed":3.8},{"acceleration":-1.88,"throttle":0,"steering_target":0.25,"brake":30.1,"steering_rate":100,"speed":0.6},{"acceleration":-1.1,"throttle":0,"steering_target":0.24,"brake":69.78,"steering_rate":100,"speed":0},{"acceleration":-0.37,"throttle":0,"steering_target":0.24,"brake":26.39,"steering_rate":100,"speed":0},{"acceleration":0.3,"throttle":35.92,"steering_target":0.24,"brake":0,"steering_rate":100,"speed":0.03},{"acceleration":0.22,"throttle":62.04,"steering_target":0.23,"brake":0,"steering_rate":100,"speed":0.25},{"acceleration":0.2,"throttle":15.7,"steering_target":0,"brake":0,"steering_rate":100,"speed":0.07}],"obstacle_arr":[[{"acceleration":{"y":0,"x":0,"z":0},"position":{"y":4182864.59,"x":552545.85,"z":10.47},"volume":0.15,"type":"PEDESTRIAN","velocity":{"y":0,"x":0,"z":0}}],[{"acceleration":{"y":0,"x":0,"z":0},"position":{"y":4182864.97,"x":552546.6,"z":10.25},"volume":0.13,"type":"PEDESTRIAN","velocity":{"y":0,"x":0,"z":0}}],[{"acceleration":{"y":0,"x":0,"z":0},"position":{"y":4182864.86,"x":552546.85,"z":10.64},"volume":0.04,"type":"PEDESTRIAN","velocity":{"y":0,"x":0,"z":0}}],[{"acceleration":{"y":0.52,"x":0.34,"z":0},"position":{"y":4182850.22,"x":552536.04,"z":10.76},"volume":0.12,"type":"PEDESTRIAN","velocity":{"y":0,"x":0,"z":0}},{"acceleration":{"y":0.83,"x":0.4,"z":0},"position":{"y":4182860.83,"x":552552.83,"z":10.54},"volume":0.58,"type":"PEDESTRIAN","velocity":{"y":0,"x":0,"z":0}}],[{"acceleration":{"y":0.17,"x":0.09,"z":0},"position":{"y":4182850.25,"x":552536.06,"z":10.77},"volume":0.09,"type":"PEDESTRIAN","velocity":{"y":0,"x":0,"z":0}},{"acceleration":{"y":0.15,"x":0.09,"z":0},"position":{"y":4182860.84,"x":552552.83,"z":10.51},"volume":1.05,"type":"PEDESTRIAN","velocity":{"y":0,"x":0,"z":0}},{"acceleration":{"y":0,"x":0,"z":0},"position":{"y":4182865.28,"x":552547.57,"z":10.35},"volume":0.08,"type":"PEDESTRIAN","velocity":{"y":0,"x":0,"z":0}}],[{"acceleration":{"y":0,"x":0,"z":0},"position":{"y":4182850.27,"x":552536.05,"z":10.78},"volume":0.12,"type":"PEDESTRIAN","velocity":{"y":0,"x":0,"z":0}},{"acceleration":{"y":0,"x":0,"z":0},"position":{"y":4182860.85,"x":552552.84,"z":10.5},"volume":0.96,"type":"PEDESTRIAN","velocity":{"y":0,"x":0,"z":0}}],[{"acceleration":{"y":0,"x":0,"z":0},"position":{"y":4182850.14,"x":552536.03,"z":10.79},"volume":0.14,"type":"PEDESTRIAN","velocity":{"y":0,"x":0,"z":0}},{"acceleration":{"y":0,"x":0,"z":0},"position":{"y":4182860.89,"x":552552.7,"z":10.88},"volume":0.17,"type":"PEDESTRIAN","velocity":{"y":0,"x":0,"z":0}}]],"action_description":"Pedestrian walking on the front lane","ev_state":[-336.807708740234,10.1243162155151,366.121826171875,0,0,0,12,1,359.949615478516,217.002105712891,359.855010986328,0.06645920524544538],"collision_probability":1}
 timestamp= 1619814473000 [RUN] Validate G1 Guard Condition: 
The ego vehicle E Detection.Collision == True.
 timestamp= 1619814473000 [RES] Global Validate result: 
true
 timestamp= 1619814473000 [RUN] Collision == True
 timestamp= 1619814473000 [RUN] Validate G2 Guard Condition: 
The ego vehicle E Detection.OffRoad == True.
 timestamp= 1619814473000 [RES] Global Validate result: 
false
 timestamp= 1619814473000 [RUN] Validate G3 Guard Condition: 
The ego vehicle E Detection.HardBrake == True.
 timestamp= 1619814473000 [RES] Global Validate result: 
true
 timestamp= 1619814473000 [RUN] HardBrake == True
 timestamp= 1619814473000 [RUN] RESUME STEP @preStep
 timestamp= 1619814473000 [RUN] Resume step basicflow28
 timestamp= 1619814473000 [RUN] Validate G4 Guard Condition: 
The ego vehicle E Detection.ArrivalTest == True.
 timestamp= 1619814473000 [RES] Global Validate result: 
false
 timestamp= 1619814473000 [RUN] Validate step: 
The test system VALIDATES THAT the Apollo A Status.GetControl is nearly equal to {"acceleration": 0.2, "throttle": 15.7, "steering_target": 0.0, "brake": 0.0, "steering_rate": 100.0, "speed": 0.07}
 timestamp= 1619814473000 [RES] Validate result: 
true
 timestamp= 1619814473000 [RUN] Generate steps
 timestamp= 1619814473000 [RUN] Validate step: 
The test system VALIDATES THAT the simulator S Status.GetEnvironment is nearly equal to {"x": -336.81, "y": 10.12, "z": 366.12, "rain": 0.0, "fog": 0.0, "wetness": 0.0, "timeofday": 12.0, "signal": 1.0, "rx": 359.95, "ry": 217.0, "rz": 359.86, "speed": 0.07}
 timestamp= 1619814473000 [RES] Validate result: 
true
 timestamp= 1619814473000 [RUN] Execute API step: 
The environment controller C INVOKES API Control.Agents.NPCVehicle.NPCVehicleSwitchLane(which_lane=Left_Lane&which_car=Hatchback).
 timestamp= 1619814477000 [RES] API result: 
{"pose_arr":[{"vx":-0.05,"ay":-0.1,"az":9.8,"ax":0.12,"pz":10.12,"vy":-0.05,"px":552537.99,"py":4182853.22},{"vx":-0.11,"ay":0.09,"az":9.81,"ax":-0.11,"pz":10.12,"vy":-0.11,"px":552537.96,"py":4182853.18},{"vx":-0.18,"ay":0.09,"az":9.81,"ax":-0.11,"pz":10.12,"vy":-0.18,"px":552537.9,"py":4182853.1},{"vx":-0.87,"ay":1.71,"az":9.82,"ax":-2.16,"pz":10.12,"vy":-0.87,"px":552537.74,"py":4182852.89},{"vx":-0.62,"ay":-0.37,"az":9.8,"ax":0.46,"pz":10.12,"vy":-0.62,"px":552537.44,"py":4182852.51},{"vx":-0.35,"ay":-0.74,"az":9.81,"ax":0.89,"pz":10.12,"vy":-0.35,"px":552537.25,"py":4182852.27},{"vx":0,"ay":0,"az":9.81,"ax":0,"pz":10.12,"vy":0,"px":552537.2,"py":4182852.21},{"vx":-0.04,"ay":0.14,"az":9.81,"ax":-0.18,"pz":10.12,"vy":-0.04,"px":552537.2,"py":4182852.21}],"traffic_light":[0,0,0,0,0,0],"state_arr":[{"acceleration":0.16,"throttle":15.7,"steering_target":0.01,"brake":0,"steering_rate":100,"speed":0.12},{"acceleration":0.11,"throttle":17.7,"steering_target":0.01,"brake":0,"steering_rate":100,"speed":0.19},{"acceleration":0.04,"throttle":36.33,"steering_target":0.02,"brake":0,"steering_rate":100,"speed":0.26},{"acceleration":-0.45,"throttle":0,"steering_target":0.16,"brake":14.5,"steering_rate":100,"speed":1.03},{"acceleration":0.74,"throttle":75.36,"steering_target":-0.27,"brake":0,"steering_rate":100,"speed":0.73},{"acceleration":-1.13,"throttle":0,"steering_target":0.29,"brake":23.65,"steering_rate":100,"speed":0.32},{"acceleration":-0.21,"throttle":0,"steering_target":0.31,"brake":76.94,"steering_rate":100,"speed":0},{"acceleration":0.05,"throttle":15.7,"steering_target":0.31,"brake":0,"steering_rate":100,"speed":0.06}],"obstacle_arr":[[{"acceleration":{"y":0,"x":0,"z":0},"position":{"y":4182850.03,"x":552536.03,"z":10.79},"volume":0.15,"type":"PEDESTRIAN","velocity":{"y":0,"x":0,"z":0}},{"acceleration":{"y":0,"x":0,"z":0},"position":{"y":4182860.84,"x":552552.68,"z":10.9},"volume":0.17,"type":"PEDESTRIAN","velocity":{"y":0,"x":0,"z":0}},{"acceleration":{"y":0.01,"x":0.01,"z":0},"position":{"y":4182866.53,"x":552549.08,"z":10.42},"volume":0.04,"type":"PEDESTRIAN","velocity":{"y":0.57,"x":0.51,"z":0}}],[{"acceleration":{"y":0,"x":0,"z":0},"position":{"y":4182850.09,"x":552536.05,"z":10.83},"volume":0.14,"type":"PEDESTRIAN","velocity":{"y":0,"x":0,"z":0}},{"acceleration":{"y":-0.07,"x":-0.14,"z":0},"position":{"y":4182866.95,"x":552549.33,"z":10.41},"volume":0,"type":"PEDESTRIAN","velocity":{"y":0.5,"x":0.36,"z":0}},{"acceleration":{"y":0,"x":0,"z":0},"position":{"y":4182831.77,"x":552531.51,"z":10.56},"volume":5.73,"type":"VEHICLE","velocity":{"y":0,"x":0,"z":0}}],[{"acceleration":{"y":0,"x":0,"z":0},"position":{"y":4182850.02,"x":552535.97,"z":10.81},"volume":0.19,"type":"PEDESTRIAN","velocity":{"y":0,"x":0,"z":0}},{"acceleration":{"y":0,"x":0,"z":0},"position":{"y":4182860.96,"x":552552.73,"z":10.48},"volume":0.31,"type":"PEDESTRIAN","velocity":{"y":0,"x":0,"z":0}},{"acceleration":{"y":0,"x":0,"z":0},"position":{"y":4182831.25,"x":552530.34,"z":10.49},"volume":5.44,"type":"VEHICLE","velocity":{"y":0,"x":0,"z":0}}],[{"acceleration":{"y":0,"x":0,"z":0},"position":{"y":4182850.01,"x":552535.96,"z":10.83},"volume":0.15,"type":"PEDESTRIAN","velocity":{"y":0,"x":0,"z":0}},{"acceleration":{"y":0,"x":0,"z":0},"position":{"y":4182860.92,"x":552552.8,"z":10.91},"volume":0.25,"type":"PEDESTRIAN","velocity":{"y":0,"x":0,"z":0}},{"acceleration":{"y":-0.41,"x":-0.95,"z":0},"position":{"y":4182830.1,"x":552528.39,"z":10.43},"volume":5.83,"type":"VEHICLE","velocity":{"y":-0.39,"x":-0.91,"z":0}}],[{"acceleration":{"y":0,"x":0,"z":0},"position":{"y":4182849.58,"x":552535.7,"z":10.84},"volume":0.18,"type":"PEDESTRIAN","velocity":{"y":0,"x":0,"z":0}},{"acceleration":{"y":-1,"x":-2.12,"z":0},"position":{"y":4182829.01,"x":552526,"z":10.36},"volume":5.83,"type":"VEHICLE","velocity":{"y":-1.03,"x":-2.11,"z":0}}],[{"acceleration":{"y":-0.65,"x":-0.37,"z":0},"position":{"y":4182849.25,"x":552535.53,"z":10.83},"volume":0.19,"type":"PEDESTRIAN","velocity":{"y":-0.46,"x":-0.26,"z":0}},{"acceleration":{"y":-1.55,"x":-2.64,"z":0},"position":{"y":4182828.11,"x":552523.54,"z":10.77},"volume":3.44,"type":"VEHICLE","velocity":{"y":-1.79,"x":-3.35,"z":0}}],[{"acceleration":{"y":-0.21,"x":-0.14,"z":0},"position":{"y":4182849.04,"x":552535.48,"z":10.86},"volume":0.19,"type":"PEDESTRIAN","velocity":{"y":-0.35,"x":-0.2,"z":0}}]],"action_description":"NPC vehicle (SchoolBus) switching lane (left to right)","ev_state":[-337.637908935547,10.1255702972412,365.141906738281,0,0,0,12,1,359.935485839844,219.285125732422,359.855285644531,0.06412915641155646],"collision_probability":0.417}
 timestamp= 1619814477000 [RUN] Validate G1 Guard Condition: 
The ego vehicle E Detection.Collision == True.
 timestamp= 1619814477000 [RES] Global Validate result: 
false
 timestamp= 1619814477000 [RUN] Validate G2 Guard Condition: 
The ego vehicle E Detection.OffRoad == True.
 timestamp= 1619814477000 [RES] Global Validate result: 
false
 timestamp= 1619814477000 [RUN] Validate G3 Guard Condition: 
The ego vehicle E Detection.HardBrake == True.
 timestamp= 1619814477000 [RES] Global Validate result: 
false
 timestamp= 1619814477000 [RUN] Validate G4 Guard Condition: 
The ego vehicle E Detection.ArrivalTest == True.
 timestamp= 1619814477000 [RES] Global Validate result: 
false
 timestamp= 1619814477000 [RUN] Validate step: 
The test system VALIDATES THAT the Apollo A Status.GetControl is nearly equal to {"acceleration": 0.05, "throttle": 15.7, "steering_target": 0.31, "brake": 0.0, "steering_rate": 100.0, "speed": 0.06}
 timestamp= 1619814477000 [RES] Validate result: 
true
 timestamp= 1619814477000 [RUN] Generate steps
 timestamp= 1619814477000 [RUN] Validate step: 
The test system VALIDATES THAT the simulator S Status.GetEnvironment is nearly equal to {"x": -337.64, "y": 10.13, "z": 365.14, "rain": 0.0, "fog": 0.0, "wetness": 0.0, "timeofday": 12.0, "signal": 1.0, "rx": 359.94, "ry": 219.29, "rz": 359.86, "speed": 0.06}
 timestamp= 1619814477000 [RES] Validate result: 
true
 timestamp= 1619814477000 [RUN] Execute API step: 
The environment controller C INVOKES API Control.Agents.Pedestrians.WalkRandomly(which_lane=Current_Lane).
 timestamp= 1619814481000 [RES] API result: 
{"pose_arr":[{"vx":-0.13,"ay":0.24,"az":9.81,"ax":-0.3,"pz":10.12,"vy":-0.13,"px":552537.18,"py":4182852.17},{"vx":-0.06,"ay":-0.3,"az":9.81,"ax":0.35,"pz":10.13,"vy":-0.06,"px":552537.12,"py":4182852.09},{"vx":-1.02,"ay":1.81,"az":9.81,"ax":-2.29,"pz":10.12,"vy":-1.02,"px":552536.91,"py":4182851.85},{"vx":-2.77,"ay":-0.68,"az":9.87,"ax":0.27,"pz":10.12,"vy":-2.77,"px":552535.93,"py":4182850.7},{"vx":-3.23,"ay":0.14,"az":9.83,"ax":-0.23,"pz":10.12,"vy":-3.23,"px":552534.66,"py":4182848.93},{"vx":-3.67,"ay":0.43,"az":9.81,"ax":-0.77,"pz":10.12,"vy":-3.67,"px":552533.47,"py":4182846.96},{"vx":-4.17,"ay":0.12,"az":9.82,"ax":-0.23,"pz":10.12,"vy":-4.17,"px":552532.19,"py":4182844.75}],"traffic_light":[0,0,0,0,0,0,0],"state_arr":[{"acceleration":-0.05,"throttle":0,"steering_target":0.04,"brake":14.5,"steering_rate":100,"speed":0.21},{"acceleration":0.45,"throttle":80.99,"steering_target":0.09,"brake":0,"steering_rate":100,"speed":0.07},{"acceleration":0.97,"throttle":56.39,"steering_target":6.39,"brake":0,"steering_rate":100,"speed":1.32},{"acceleration":-0.17,"throttle":0,"steering_target":24.47,"brake":14.5,"steering_rate":100,"speed":3.09},{"acceleration":0,"throttle":78.03,"steering_target":20.59,"brake":0,"steering_rate":100,"speed":3.63},{"acceleration":0.42,"throttle":15.7,"steering_target":-2.58,"brake":0,"steering_rate":100,"speed":4},{"acceleration":0.58,"throttle":20.43,"steering_target":6.33,"brake":0,"steering_rate":100,"speed":4.45},{"acceleration":0.19,"throttle":15.7,"steering_target":7.01,"brake":0,"steering_rate":100,"speed":4.72}],"obstacle_arr":[[{"acceleration":{"y":0.28,"x":0.17,"z":0},"position":{"y":4182849.24,"x":552535.81,"z":10.88},"volume":0.14,"type":"PEDESTRIAN","velocity":{"y":0,"x":0,"z":0}},{"acceleration":{"y":-0.02,"x":-0.04,"z":0},"position":{"y":4182826.19,"x":552519.07,"z":10.56},"volume":2.99,"type":"VEHICLE","velocity":{"y":-0.79,"x":-1.58,"z":0}}],[{"acceleration":{"y":0.78,"x":1.48,"z":0},"position":{"y":4182826.06,"x":552518.86,"z":10.6},"volume":4.73,"type":"VEHICLE","velocity":{"y":-0.15,"x":-0.62,"z":0}}],[{"acceleration":{"y":0.16,"x":0.51,"z":0},"position":{"y":4182826.41,"x":552519.22,"z":10.62},"volume":1.9,"type":"VEHICLE","velocity":{"y":0,"x":0,"z":0}}],[{"acceleration":{"y":0,"x":0.01,"z":0},"position":{"y":4182826.51,"x":552519.48,"z":10.74},"volume":2.09,"type":"VEHICLE","velocity":{"y":0,"x":0,"z":0}}],[{"acceleration":{"y":0,"x":0,"z":0},"position":{"y":4182827.79,"x":552518.43,"z":10.76},"volume":2.7,"type":"VEHICLE","velocity":{"y":0,"x":0,"z":0}}],[{"acceleration":{"y":0,"x":0,"z":0},"position":{"y":4182826.08,"x":552518.92,"z":10.7},"volume":4.92,"type":"VEHICLE","velocity":{"y":0,"x":0,"z":0}}],[{"acceleration":{"y":0,"x":0,"z":0},"position":{"y":4182826.03,"x":552519.15,"z":10.47},"volume":2.92,"type":"VEHICLE","velocity":{"y":0,"x":0,"z":0}}]],"action_description":"Pedestrian walking on the front lane","ev_state":[-342.773803710938,10.1244840621948,356.874664306641,0,0,0,12,0,359.979278564453,207.720886230469,359.888977050781,4.730347750394512],"collision_probability":0.596}
 timestamp= 1619814481000 [RUN] Validate G1 Guard Condition: 
The ego vehicle E Detection.Collision == True.
 timestamp= 1619814481000 [RES] Global Validate result: 
false
 timestamp= 1619814481000 [RUN] Validate G2 Guard Condition: 
The ego vehicle E Detection.OffRoad == True.
 timestamp= 1619814481000 [RES] Global Validate result: 
false
 timestamp= 1619814481000 [RUN] Validate G3 Guard Condition: 
The ego vehicle E Detection.HardBrake == True.
 timestamp= 1619814481000 [RES] Global Validate result: 
true
 timestamp= 1619814481000 [RUN] HardBrake == True
 timestamp= 1619814481000 [RUN] RESUME STEP @preStep
 timestamp= 1619814481000 [RUN] Resume step basicflow34
 timestamp= 1619814481000 [RUN] Validate G4 Guard Condition: 
The ego vehicle E Detection.ArrivalTest == True.
 timestamp= 1619814481000 [RES] Global Validate result: 
false
 timestamp= 1619814481000 [RUN] Validate step: 
The test system VALIDATES THAT the Apollo A Status.GetControl is nearly equal to {"acceleration": 0.19, "throttle": 15.7, "steering_target": 7.01, "brake": 0.0, "steering_rate": 100.0, "speed": 4.72}
 timestamp= 1619814481000 [RES] Validate result: 
true
 timestamp= 1619814481000 [RUN] Generate steps
 timestamp= 1619814481000 [RUN] Validate step: 
The test system VALIDATES THAT the simulator S Status.GetEnvironment is nearly equal to {"x": -342.77, "y": 10.12, "z": 356.87, "rain": 0.0, "fog": 0.0, "wetness": 0.0, "timeofday": 12.0, "signal": 0.0, "rx": 359.98, "ry": 207.72, "rz": 359.89, "speed": 4.73}
 timestamp= 1619814481000 [RES] Validate result: 
true
 timestamp= 1619814481000 [RUN] Execute API step: 
The environment controller C INVOKES API Control.Agents.Pedestrians.WalkRandomly(which_lane=Current_Lane).
 timestamp= 1619814485000 [RES] API result: 
{"pose_arr":[{"vx":-4.23,"ay":0.16,"az":9.81,"ax":-0.22,"pz":10.12,"vy":-4.23,"px":552531.41,"py":4182843.27},{"vx":-4.57,"ay":0.24,"az":9.81,"ax":-0.54,"pz":10.12,"vy":-4.57,"px":552530.03,"py":4182840.65},{"vx":-4.72,"ay":0.7,"az":9.81,"ax":0.03,"pz":10.12,"vy":-4.72,"px":552528.7,"py":4182837.9},{"vx":-4.96,"ay":-0.33,"az":9.81,"ax":-0.4,"pz":10.12,"vy":-4.96,"px":552527.52,"py":4182835.47},{"vx":-4.78,"ay":-0.14,"az":9.83,"ax":0.59,"pz":10.12,"vy":-4.78,"px":552526.2,"py":4182832.65},{"vx":-4.89,"ay":1.18,"az":9.81,"ax":0.76,"pz":10.13,"vy":-4.89,"px":552525.14,"py":4182830.45},{"vx":-4.1,"ay":0.47,"az":9.79,"ax":0.22,"pz":10.13,"vy":-4.1,"px":552524.27,"py":4182828.14},{"vx":-3.96,"ay":-0.52,"az":9.81,"ax":-1.26,"pz":10.12,"vy":-3.96,"px":552523.04,"py":4182826.05}],"traffic_light":[0,0,0,0,0,0,0],"state_arr":[{"acceleration":0.91,"throttle":15.7,"steering_target":-1.79,"brake":0,"steering_rate":100,"speed":4.76},{"acceleration":0.6,"throttle":15.7,"steering_target":10.43,"brake":0,"steering_rate":100,"speed":4.96},{"acceleration":0.27,"throttle":15.7,"steering_target":-5.04,"brake":0,"steering_rate":100,"speed":5.23},{"acceleration":0.27,"throttle":15.7,"steering_target":8.93,"brake":0,"steering_rate":100,"speed":5.4},{"acceleration":-0.1,"throttle":0,"steering_target":-13.95,"brake":14.5,"steering_rate":100,"speed":5.52},{"acceleration":-0.17,"throttle":0,"steering_target":27.06,"brake":14.5,"steering_rate":100,"speed":5.31},{"acceleration":0.34,"throttle":16,"steering_target":-42.41,"brake":0,"steering_rate":100,"speed":4.88},{"acceleration":0.61,"throttle":15.7,"steering_target":-13.66,"brake":0,"steering_rate":100,"speed":5.06}],"obstacle_arr":[[{"acceleration":{"y":0,"x":0,"z":0},"position":{"y":4182826.12,"x":552519.2,"z":10.62},"volume":2.38,"type":"VEHICLE","velocity":{"y":0,"x":0,"z":0}},{"acceleration":{"y":0,"x":0,"z":0},"position":{"y":4182850.36,"x":552535.6,"z":10.43},"volume":0.24,"type":"PEDESTRIAN","velocity":{"y":0,"x":0,"z":0}}],[{"acceleration":{"y":0,"x":0,"z":0},"position":{"y":4182826.6,"x":552519.22,"z":10.49},"volume":5.33,"type":"VEHICLE","velocity":{"y":0,"x":0,"z":0}},{"acceleration":{"y":0,"x":0,"z":0},"position":{"y":4182850.52,"x":552535.66,"z":10.55},"volume":0.05,"type":"PEDESTRIAN","velocity":{"y":0,"x":0,"z":0}}],[{"acceleration":{"y":0,"x":0,"z":0},"position":{"y":4182826.71,"x":552519.3,"z":10.49},"volume":4.91,"type":"VEHICLE","velocity":{"y":0,"x":0,"z":0}},{"acceleration":{"y":0,"x":0,"z":0},"position":{"y":4182850.82,"x":552535.79,"z":10.98},"volume":0.04,"type":"PEDESTRIAN","velocity":{"y":0.56,"x":0.2,"z":0}}],[{"acceleration":{"y":0,"x":0,"z":0},"position":{"y":4182826.89,"x":552519.09,"z":10.42},"volume":5.79,"type":"VEHICLE","velocity":{"y":0,"x":0,"z":0}},{"acceleration":{"y":-0.55,"x":-0.2,"z":0},"position":{"y":4182850.84,"x":552536.06,"z":10.69},"volume":0.01,"type":"PEDESTRIAN","velocity":{"y":0,"x":0,"z":0}}],[{"acceleration":{"y":0,"x":0,"z":0},"position":{"y":4182826.28,"x":552519.08,"z":10.38},"volume":6.8,"type":"VEHICLE","velocity":{"y":0,"x":0,"z":0}}],[{"acceleration":{"y":0,"x":0,"z":0},"position":{"y":4182826.15,"x":552518.05,"z":10.45},"volume":14.65,"type":"VEHICLE","velocity":{"y":0,"x":0,"z":0}}],[{"acceleration":{"y":0,"x":0,"z":0},"position":{"y":4182826.34,"x":552519.27,"z":10.46},"volume":6.62,"type":"VEHICLE","velocity":{"y":0,"x":0,"z":0}}],[{"acceleration":{"y":0,"x":0,"z":0},"position":{"y":4182826.45,"x":552519.29,"z":10.34},"volume":8.73,"type":"VEHICLE","velocity":{"y":0,"x":0,"z":0}},{"acceleration":{"y":0.01,"x":0.02,"z":0},"position":{"y":4182823.66,"x":552517.44,"z":10.33},"volume":0.19,"type":"PEDESTRIAN","velocity":{"y":0.44,"x":0.55,"z":0}}]],"action_description":"Pedestrian walking on the front lane","ev_state":[-351.986053466797,10.124382019043,338.645263671875,0,0,0,12,-1,359.973114013672,217.3271484375,0.379542350769043,5.183397267592491],"collision_probability":0.242}
 timestamp= 1619814485000 [RUN] Validate G1 Guard Condition: 
The ego vehicle E Detection.Collision == True.
 timestamp= 1619814485000 [RES] Global Validate result: 
false
 timestamp= 1619814485000 [RUN] Validate G2 Guard Condition: 
The ego vehicle E Detection.OffRoad == True.
 timestamp= 1619814485000 [RES] Global Validate result: 
false
 timestamp= 1619814485000 [RUN] Validate G3 Guard Condition: 
The ego vehicle E Detection.HardBrake == True.
 timestamp= 1619814485000 [RES] Global Validate result: 
false
 timestamp= 1619814485000 [RUN] Validate G4 Guard Condition: 
The ego vehicle E Detection.ArrivalTest == True.
 timestamp= 1619814485000 [RES] Global Validate result: 
false
 timestamp= 1619814485000 [RUN] Validate step: 
The test system VALIDATES THAT the Apollo A Status.GetControl is nearly equal to {"acceleration": 0.61, "throttle": 15.7, "steering_target": -13.66, "brake": 0.0, "steering_rate": 100.0, "speed": 5.06}
 timestamp= 1619814485000 [RES] Validate result: 
true
 timestamp= 1619814485000 [RUN] Generate steps
 timestamp= 1619814485000 [RUN] Validate step: 
The test system VALIDATES THAT the simulator S Status.GetEnvironment is nearly equal to {"x": -351.99, "y": 10.12, "z": 338.65, "rain": 0.0, "fog": 0.0, "wetness": 0.0, "timeofday": 12.0, "signal": -1.0, "rx": 359.97, "ry": 217.33, "rz": 0.38, "speed": 5.18}
 timestamp= 1619814485000 [RES] Validate result: 
true
 timestamp= 1619814485000 [RUN] Execute API step: 
The environment controller C INVOKES API Control.Agents.Pedestrians.WalkRandomly(which_lane=Current_Lane).
 timestamp= 1619814489000 [RES] API result: 
{"pose_arr":[{"vx":-4.38,"ay":0.13,"az":9.81,"ax":-0.22,"pz":10.12,"vy":-4.38,"px":552521.5,"py":4182823.99},{"vx":-5.39,"ay":0.18,"az":9.86,"ax":-0.17,"pz":10.12,"vy":-5.39,"px":552519.55,"py":4182821.1},{"vx":-5.2,"ay":0.7,"az":9.8,"ax":-0.89,"pz":10.12,"vy":-5.2,"px":552517.6,"py":4182818.38},{"vx":-5.82,"ay":0.84,"az":9.81,"ax":-0.2,"pz":10.12,"vy":-5.82,"px":552515.56,"py":4182815.83},{"vx":-5.71,"ay":-0.01,"az":9.8,"ax":-1.04,"pz":10.12,"vy":-5.71,"px":552513.25,"py":4182812.84},{"vx":-6.46,"ay":0.73,"az":9.79,"ax":-1.05,"pz":10.12,"vy":-6.46,"px":552510.81,"py":4182809.91},{"vx":-6.52,"ay":0.03,"az":9.85,"ax":-0.27,"pz":10.12,"vy":-6.52,"px":552507.81,"py":4182806.25}],"traffic_light":[0,3,0,3,3,3,3,3],"state_arr":[{"acceleration":1.06,"throttle":17.99,"steering_target":10.14,"brake":0,"steering_rate":100,"speed":5.18},{"acceleration":1.35,"throttle":69.94,"steering_target":2.82,"brake":0,"steering_rate":100,"speed":5.55},{"acceleration":1.09,"throttle":15.7,"steering_target":-12.92,"brake":0,"steering_rate":100,"speed":6.53},{"acceleration":1.18,"throttle":15.7,"steering_target":5.81,"brake":0,"steering_rate":100,"speed":6.82},{"acceleration":1.11,"throttle":15.7,"steering_target":-6.72,"brake":0,"steering_rate":100,"speed":7.25},{"acceleration":1.05,"throttle":27.12,"steering_target":1.8,"brake":0,"steering_rate":100,"speed":7.52},{"acceleration":0.39,"throttle":17.22,"steering_target":-1.71,"brake":0,"steering_rate":100,"speed":8.36},{"acceleration":0.29,"throttle":15.7,"steering_target":-0.54,"brake":0,"steering_rate":100,"speed":8.53},{"acceleration":0.16,"throttle":15.7,"steering_target":1.13,"brake":0,"steering_rate":100,"speed":8.69}],"obstacle_arr":[[{"acceleration":{"y":0,"x":0,"z":0},"position":{"y":4182826.1,"x":552518.74,"z":10.38},"volume":10.43,"type":"VEHICLE","velocity":{"y":0,"x":0,"z":0}},{"acceleration":{"y":-0.01,"x":-0.01,"z":0},"position":{"y":4182823.47,"x":552516.88,"z":10.43},"volume":0.12,"type":"PEDESTRIAN","velocity":{"y":0,"x":0,"z":0}}],[{"acceleration":{"y":0,"x":0,"z":0},"position":{"y":4182826.33,"x":552518.73,"z":10.49},"volume":9.91,"type":"VEHICLE","velocity":{"y":0,"x":0,"z":0}},{"acceleration":{"y":0,"x":0,"z":0},"position":{"y":4182817.73,"x":552511.22,"z":10.57},"volume":0.04,"type":"PEDESTRIAN","velocity":{"y":0,"x":0,"z":0}}],[{"acceleration":{"y":0,"x":0,"z":0},"position":{"y":4182826.2,"x":552518.61,"z":10.37},"volume":11.09,"type":"VEHICLE","velocity":{"y":0,"x":0,"z":0}},{"acceleration":{"y":-0.26,"x":0.03,"z":0},"position":{"y":4182817.32,"x":552511.26,"z":10.31},"volume":0.15,"type":"PEDESTRIAN","velocity":{"y":-1.29,"x":-0.29,"z":0}},{"acceleration":{"y":-0.5,"x":-0.3,"z":0},"position":{"y":4182823.59,"x":552517.1,"z":10.36},"volume":0.08,"type":"PEDESTRIAN","velocity":{"y":0,"x":0,"z":0}}],[{"acceleration":{"y":0,"x":0,"z":0},"position":{"y":4182826.12,"x":552518.71,"z":10.43},"volume":10,"type":"VEHICLE","velocity":{"y":0,"x":0,"z":0}}],[{"acceleration":{"y":0,"x":0,"z":0},"position":{"y":4182826.79,"x":552519.05,"z":10.41},"volume":5.76,"type":"VEHICLE","velocity":{"y":0,"x":0,"z":0}},{"acceleration":{"y":1.1,"x":0.15,"z":0},"position":{"y":4182824.62,"x":552517.31,"z":10.49},"volume":0.06,"type":"PEDESTRIAN","velocity":{"y":1.18,"x":0.43,"z":0}},{"acceleration":{"y":1.46,"x":0.59,"z":0},"position":{"y":4182817.99,"x":552511.73,"z":10.4},"volume":0.14,"type":"PEDESTRIAN","velocity":{"y":0,"x":0,"z":0}}],[{"acceleration":{"y":0,"x":0,"z":0},"position":{"y":4182826.15,"x":552518.82,"z":10.44},"volume":7.59,"type":"VEHICLE","velocity":{"y":0,"x":0,"z":0}},{"acceleration":{"y":1.3,"x":0.48,"z":0},"position":{"y":4182823.73,"x":552517.29,"z":10.42},"volume":0.03,"type":"PEDESTRIAN","velocity":{"y":1.9,"x":0.97,"z":0}},{"acceleration":{"y":0,"x":0,"z":0},"position":{"y":4182813.37,"x":552505.28,"z":10.41},"volume":0.08,"type":"PEDESTRIAN","velocity":{"y":0,"x":0,"z":0}}],[{"acceleration":{"y":0,"x":0,"z":0},"position":{"y":4182825.92,"x":552518.48,"z":10.52},"volume":11.41,"type":"VEHICLE","velocity":{"y":0,"x":0,"z":0}},{"acceleration":{"y":0,"x":0,"z":0},"position":{"y":4182813.37,"x":552505.24,"z":10.39},"volume":0.08,"type":"PEDESTRIAN","velocity":{"y":0,"x":0,"z":0}}],[{"acceleration":{"y":0,"x":0,"z":0},"position":{"y":4182825.97,"x":552518.84,"z":10.52},"volume":7.03,"type":"VEHICLE","velocity":{"y":0,"x":0,"z":0}},{"acceleration":{"y":0,"x":0,"z":0},"position":{"y":4182813.71,"x":552505.5,"z":10.41},"volume":0.12,"type":"PEDESTRIAN","velocity":{"y":0,"x":0,"z":0}},{"acceleration":{"y":0,"x":0,"z":0},"position":{"y":4182817.95,"x":552511.69,"z":10.57},"volume":0.08,"type":"PEDESTRIAN","velocity":{"y":0,"x":0,"z":0}}]],"action_description":"Pedestrian walking on the front lane","ev_state":[-369.713684082031,10.1237030029297,316.039916992188,0,0,0,12,-1,359.978576660156,220.268676757813,0.0119049279019237,8.690076557242888],"collision_probability":0.27}
 timestamp= 1619814489000 [RUN] Validate G1 Guard Condition: 
The ego vehicle E Detection.Collision == True.
 timestamp= 1619814489000 [RES] Global Validate result: 
false
 timestamp= 1619814489000 [RUN] Validate G2 Guard Condition: 
The ego vehicle E Detection.OffRoad == True.
 timestamp= 1619814489000 [RES] Global Validate result: 
false
 timestamp= 1619814489000 [RUN] Validate G3 Guard Condition: 
The ego vehicle E Detection.HardBrake == True.
 timestamp= 1619814489000 [RES] Global Validate result: 
false
 timestamp= 1619814489000 [RUN] Validate G4 Guard Condition: 
The ego vehicle E Detection.ArrivalTest == True.
 timestamp= 1619814489000 [RES] Global Validate result: 
false
 timestamp= 1619814489000 [RUN] Validate step: 
The test system VALIDATES THAT the Apollo A Status.GetControl is nearly equal to {"acceleration": 0.16, "throttle": 15.7, "steering_target": 1.13, "brake": 0.0, "steering_rate": 100.0, "speed": 8.69}
 timestamp= 1619814489000 [RES] Validate result: 
true
 timestamp= 1619814489000 [RUN] Generate steps
 timestamp= 1619814489000 [RUN] Validate step: 
The test system VALIDATES THAT the simulator S Status.GetEnvironment is nearly equal to {"x": -369.71, "y": 10.12, "z": 316.04, "rain": 0.0, "fog": 0.0, "wetness": 0.0, "timeofday": 12.0, "signal": -1.0, "rx": 359.98, "ry": 220.27, "rz": 0.01, "speed": 8.69}
 timestamp= 1619814489000 [RES] Validate result: 
true
 timestamp= 1619814489000 [RUN] Execute API step: 
The environment controller C INVOKES API Control.Agents.Pedestrians.WalkRandomly(which_lane=Current_Lane).
 timestamp= 1619814494000 [RES] API result: 
{"pose_arr":[{"vx":-6.63,"ay":0.11,"az":9.81,"ax":-0.25,"pz":10.12,"vy":-6.63,"px":552505.28,"py":4182803.25},{"vx":-6.79,"ay":0.23,"az":9.81,"ax":-0.19,"pz":10.12,"vy":-6.79,"px":552502.49,"py":4182799.94},{"vx":-6.86,"ay":0.12,"az":9.81,"ax":-0.17,"pz":10.12,"vy":-6.86,"px":552499.47,"py":4182796.32},{"vx":-7.02,"ay":0.2,"az":9.8,"ax":-0.16,"pz":10.12,"vy":-7.02,"px":552496.72,"py":4182793.03},{"vx":-7,"ay":-0.53,"az":9.83,"ax":0.39,"pz":10.12,"vy":-7,"px":552493.8,"py":4182789.47},{"vx":-6.55,"ay":-0.89,"az":10.05,"ax":0.28,"pz":10.11,"vy":-6.55,"px":552491.06,"py":4182786.18},{"vx":-6.7,"ay":0.15,"az":9.82,"ax":-0.17,"pz":10.12,"vy":-6.7,"px":552488.76,"py":4182783.31},{"vx":-6.92,"ay":0.34,"az":9.81,"ax":-0.24,"pz":10.12,"vy":-6.92,"px":552485.56,"py":4182779.24},{"vx":-7.01,"ay":0.08,"az":9.81,"ax":-0.4,"pz":10.12,"vy":-7.01,"px":552482.91,"py":4182775.82}],"traffic_light":[3,3,3,3,3,0,3,3],"state_arr":[{"acceleration":0.36,"throttle":16.6,"steering_target":0.47,"brake":0,"steering_rate":100,"speed":8.79},{"acceleration":0.27,"throttle":15.7,"steering_target":-0.58,"brake":0,"steering_rate":100,"speed":8.91},{"acceleration":0.36,"throttle":15.7,"steering_target":1.3,"brake":0,"steering_rate":100,"speed":9.02},{"acceleration":-0.1,"throttle":0,"steering_target":-0.91,"brake":14.5,"steering_rate":100,"speed":9.11},{"acceleration":-0.32,"throttle":0,"steering_target":1.66,"brake":14.5,"steering_rate":100,"speed":9.07},{"acceleration":1.04,"throttle":26.5,"steering_target":-0.56,"brake":0,"steering_rate":100,"speed":8.37},{"acceleration":0.72,"throttle":15.7,"steering_target":1.45,"brake":0,"steering_rate":100,"speed":8.57},{"acceleration":0.41,"throttle":17.6,"steering_target":-1.04,"brake":0,"steering_rate":100,"speed":8.74},{"acceleration":0.27,"throttle":15.7,"steering_target":2.16,"brake":0,"steering_rate":100,"speed":8.91}],"obstacle_arr":[[{"acceleration":{"y":0,"x":0,"z":0},"position":{"y":4182826.18,"x":552519.01,"z":10.56},"volume":5.49,"type":"VEHICLE","velocity":{"y":0,"x":0,"z":0}},{"acceleration":{"y":0,"x":0,"z":0},"position":{"y":4182813.36,"x":552505.29,"z":10.65},"volume":0.04,"type":"PEDESTRIAN","velocity":{"y":0,"x":0,"z":0}}],[{"acceleration":{"y":0,"x":0,"z":0},"position":{"y":4182825.96,"x":552518.49,"z":10.48},"volume":4.6,"type":"VEHICLE","velocity":{"y":0,"x":0,"z":0}}],[{"acceleration":{"y":0,"x":0,"z":0},"position":{"y":4182786.08,"x":552492.25,"z":10.41},"volume":0.07,"type":"PEDESTRIAN","velocity":{"y":0,"x":0,"z":0}}],[],[],[],[],[{"acceleration":{"y":0,"x":0,"z":0},"position":{"y":4182786.71,"x":552492.76,"z":10.5},"volume":0.04,"type":"PEDESTRIAN","velocity":{"y":0,"x":0,"z":0}}]],"action_description":"Pedestrian walking on the front lane","ev_state":[-391.961364746094,10.123631477356,288.671173095703,0,0,0,12,-1,359.976013183594,218.10205078125,0.0318432413041592,8.914689608006249],"collision_probability":1}
 timestamp= 1619814494000 [RUN] Validate G1 Guard Condition: 
The ego vehicle E Detection.Collision == True.
 timestamp= 1619814494000 [RES] Global Validate result: 
true
 timestamp= 1619814494000 [RUN] Collision == True
 timestamp= 1619814494000 [RUN] Validate G2 Guard Condition: 
The ego vehicle E Detection.OffRoad == True.
 timestamp= 1619814494000 [RES] Global Validate result: 
false
 timestamp= 1619814494000 [RUN] Validate G3 Guard Condition: 
The ego vehicle E Detection.HardBrake == True.
 timestamp= 1619814494000 [RES] Global Validate result: 
false
 timestamp= 1619814494000 [RUN] Validate G4 Guard Condition: 
The ego vehicle E Detection.ArrivalTest == True.
 timestamp= 1619814494000 [RES] Global Validate result: 
false
 timestamp= 1619814494000 [RUN] Validate step: 
The test system VALIDATES THAT the Apollo A Status.GetControl is nearly equal to {"acceleration": 0.27, "throttle": 15.7, "steering_target": 2.16, "brake": 0.0, "steering_rate": 100.0, "speed": 8.91}
 timestamp= 1619814494000 [RES] Validate result: 
true
 timestamp= 1619814494000 [RUN] Generate steps
 timestamp= 1619814494000 [RUN] Validate step: 
The test system VALIDATES THAT the simulator S Status.GetEnvironment is nearly equal to {"x": -391.96, "y": 10.12, "z": 288.67, "rain": 0.0, "fog": 0.0, "wetness": 0.0, "timeofday": 12.0, "signal": -1.0, "rx": 359.98, "ry": 218.1, "rz": 0.03, "speed": 8.91}
 timestamp= 1619814494000 [RES] Validate result: 
true
 timestamp= 1619814494000 [RUN] Execute API step: 
The environment controller C INVOKES API Control.Agents.Pedestrians.WalkRandomly(which_lane=Current_Lane).
 timestamp= 1619814498000 [RES] API result: 
{"pose_arr":[{"vx":-7.25,"ay":0.23,"az":9.81,"ax":-0.29,"pz":10.12,"vy":-7.25,"px":552480.48,"py":4182772.7},{"vx":-7.33,"ay":0.11,"az":9.81,"ax":-0.17,"pz":10.12,"vy":-7.33,"px":552477.53,"py":4182768.79},{"vx":-7.51,"ay":0.13,"az":9.81,"ax":-0.15,"pz":10.12,"vy":-7.51,"px":552474.54,"py":4182764.84},{"vx":-7.6,"ay":-0.01,"az":9.8,"ax":0,"pz":10.12,"vy":-7.6,"px":552471.89,"py":4182761.21},{"vx":-7.39,"ay":-0.36,"az":9.81,"ax":0.53,"pz":10.12,"vy":-7.39,"px":552469.16,"py":4182757.44},{"vx":-7.17,"ay":-0.37,"az":9.81,"ax":0.51,"pz":10.12,"vy":-7.17,"px":552466.68,"py":4182753.91},{"vx":-6.96,"ay":-0.34,"az":9.8,"ax":0.52,"pz":10.12,"vy":-6.96,"px":552464.13,"py":4182750.22},{"vx":-6.75,"ay":-0.34,"az":9.81,"ax":0.51,"pz":10.12,"vy":-6.75,"px":552462,"py":4182747.07}],"traffic_light":[3,3,3,3,3,3,3,3],"state_arr":[{"acceleration":0.36,"throttle":15.7,"steering_target":0.57,"brake":0,"steering_rate":100,"speed":9.11},{"acceleration":0.25,"throttle":15.7,"steering_target":-0.03,"brake":0,"steering_rate":100,"speed":9.21},{"acceleration":0.19,"throttle":15.7,"steering_target":1.79,"brake":0,"steering_rate":100,"speed":9.29},{"acceleration":0.01,"throttle":15.7,"steering_target":0.37,"brake":0,"steering_rate":100,"speed":9.36},{"acceleration":-0.25,"throttle":0,"steering_target":1.54,"brake":14.5,"steering_rate":100,"speed":9.18},{"acceleration":-0.27,"throttle":0,"steering_target":0.45,"brake":14.5,"steering_rate":100,"speed":8.95},{"acceleration":-0.15,"throttle":0,"steering_target":1.25,"brake":14.5,"steering_rate":100,"speed":8.63},{"acceleration":-0.26,"throttle":0,"steering_target":0.69,"brake":14.5,"steering_rate":100,"speed":8.4},{"acceleration":-0.27,"throttle":0,"steering_target":1.37,"brake":14.5,"steering_rate":100,"speed":8.09}],"obstacle_arr":[[{"acceleration":{"y":0,"x":0,"z":0},"position":{"y":4182785.96,"x":552492.35,"z":10.58},"volume":0.04,"type":"PEDESTRIAN","velocity":{"y":0,"x":0,"z":0}}],[{"acceleration":{"y":-0.01,"x":0,"z":0},"position":{"y":4182765.17,"x":552472.63,"z":10.39},"volume":0.15,"type":"PEDESTRIAN","velocity":{"y":0,"x":0,"z":0}}],[{"acceleration":{"y":0,"x":0,"z":0},"position":{"y":4182765.39,"x":552472.76,"z":10.41},"volume":0.13,"type":"PEDESTRIAN","velocity":{"y":0,"x":0,"z":0}}],[],[],[],[{"acceleration":{"y":0,"x":0,"z":0},"position":{"y":4182764.99,"x":552472.36,"z":10.47},"volume":0.04,"type":"PEDESTRIAN","velocity":{"y":0,"x":0,"z":0}}],[]],"action_description":"Pedestrian walking on the front lane","ev_state":[-412.939880371094,10.1237754821777,259.626342773438,0,0,0,12,-1,0.0353721641004086,213.79313659668,359.969848632813,8.088859431313589],"collision_probability":0.509}
 timestamp= 1619814498000 [RUN] Validate G1 Guard Condition: 
The ego vehicle E Detection.Collision == True.
 timestamp= 1619814498000 [RES] Global Validate result: 
false
 timestamp= 1619814498000 [RUN] Validate G2 Guard Condition: 
The ego vehicle E Detection.OffRoad == True.
 timestamp= 1619814498000 [RES] Global Validate result: 
false
 timestamp= 1619814498000 [RUN] Validate G3 Guard Condition: 
The ego vehicle E Detection.HardBrake == True.
 timestamp= 1619814498000 [RES] Global Validate result: 
false
 timestamp= 1619814498000 [RUN] Validate G4 Guard Condition: 
The ego vehicle E Detection.ArrivalTest == True.
 timestamp= 1619814498000 [RES] Global Validate result: 
false
 timestamp= 1619814498000 [RUN] Validate step: 
The test system VALIDATES THAT the Apollo A Status.GetControl is nearly equal to {"acceleration": -0.27, "throttle": 0.0, "steering_target": 1.37, "brake": 14.5, "steering_rate": 100.0, "speed": 8.09}
 timestamp= 1619814498000 [RES] Validate result: 
true
 timestamp= 1619814498000 [RUN] Generate steps
 timestamp= 1619814498000 [RUN] Validate step: 
The test system VALIDATES THAT the simulator S Status.GetEnvironment is nearly equal to {"x": -412.94, "y": 10.12, "z": 259.63, "rain": 0.0, "fog": 0.0, "wetness": 0.0, "timeofday": 12.0, "signal": -1.0, "rx": 0.04, "ry": 213.79, "rz": 359.97, "speed": 8.09}
 timestamp= 1619814498000 [RES] Validate result: 
true
 timestamp= 1619814498000 [RUN] Execute API step: 
The environment controller C INVOKES API Control.Agents.Pedestrians.WalkRandomly(which_lane=Current_Lane).
 timestamp= 1619814503000 [RES] API result: 
{"pose_arr":[{"vx":-6.59,"ay":-0.33,"az":9.81,"ax":0.51,"pz":10.12,"vy":-6.59,"px":552460.27,"py":4182744.48},{"vx":-6.34,"ay":-0.35,"az":9.81,"ax":0.49,"pz":10.12,"vy":-6.34,"px":552458.01,"py":4182741.02},{"vx":-6.11,"ay":-0.32,"az":9.81,"ax":0.5,"pz":10.12,"vy":-6.11,"px":552456.09,"py":4182738.04},{"vx":-5.84,"ay":-0.31,"az":9.81,"ax":0.49,"pz":10.12,"vy":-5.84,"px":552454.16,"py":4182735},{"vx":-5.62,"ay":-0.54,"az":9.82,"ax":0.84,"pz":10.13,"vy":-5.62,"px":552452.95,"py":4182733.1},{"vx":-5.29,"ay":-0.67,"az":9.82,"ax":1.08,"pz":10.13,"vy":-5.29,"px":552451.19,"py":4182730.32},{"vx":-4.87,"ay":-0.3,"az":9.8,"ax":0.47,"pz":10.13,"vy":-4.87,"px":552449.55,"py":4182727.71},{"vx":-4.21,"ay":-0.89,"az":9.82,"ax":1.43,"pz":10.13,"vy":-4.21,"px":552448,"py":4182725.23}],"traffic_light":[2,2,2,2,2,3,3],"state_arr":[{"acceleration":-0.14,"throttle":0,"steering_target":0.4,"brake":14.5,"steering_rate":100,"speed":7.78},{"acceleration":-0.38,"throttle":0,"steering_target":1.62,"brake":15.65,"steering_rate":100,"speed":7.48},{"acceleration":-0.41,"throttle":0,"steering_target":0.52,"brake":14.5,"steering_rate":100,"speed":7.23},{"acceleration":-0.46,"throttle":0,"steering_target":-0.51,"brake":14.5,"steering_rate":100,"speed":6.98},{"acceleration":-0.62,"throttle":0,"steering_target":0.91,"brake":15.55,"steering_rate":100,"speed":6.72},{"acceleration":-0.83,"throttle":0,"steering_target":0.04,"brake":24.05,"steering_rate":100,"speed":6.44},{"acceleration":-0.51,"throttle":0,"steering_target":0.73,"brake":14.5,"steering_rate":100,"speed":5.87},{"acceleration":-0.84,"throttle":0,"steering_target":-0.04,"brake":38.96,"steering_rate":100,"speed":5.59},{"acceleration":-0.5,"throttle":0,"steering_target":0.17,"brake":14.5,"steering_rate":100,"speed":4.82}],"obstacle_arr":[[{"acceleration":{"y":0,"x":0,"z":0},"position":{"y":4182736.09,"x":552451.24,"z":10.58},"volume":0.05,"type":"PEDESTRIAN","velocity":{"y":0,"x":0,"z":0}}],[],[{"acceleration":{"y":0,"x":0,"z":0},"position":{"y":4182736.03,"x":552451.31,"z":10.43},"volume":0.09,"type":"PEDESTRIAN","velocity":{"y":-3.45,"x":-2.18,"z":0}}],[{"acceleration":{"y":0.01,"x":0,"z":0},"position":{"y":4182736.52,"x":552451.6,"z":10.41},"volume":0.09,"type":"PEDESTRIAN","velocity":{"y":-0.2,"x":-0.13,"z":0}}],[{"acceleration":{"y":0.37,"x":0.19,"z":0},"position":{"y":4182735.98,"x":552451.28,"z":10.72},"volume":0.17,"type":"PEDESTRIAN","velocity":{"y":0.51,"x":0.32,"z":0}}],[{"acceleration":{"y":0.34,"x":0.19,"z":0},"position":{"y":4182735.92,"x":552451.21,"z":10.4},"volume":0.1,"type":"PEDESTRIAN","velocity":{"y":0.72,"x":0.44,"z":0}}],[],[]],"action_description":"Pedestrian walking on the front lane","ev_state":[-427.302215576172,10.1244821548462,237.089813232422,0,0,0,12,-1,0.0680654272437096,211.910308837891,0.00184378877747804,4.8237222188712865],"collision_probability":0.341}
 timestamp= 1619814503000 [RUN] Validate G1 Guard Condition: 
The ego vehicle E Detection.Collision == True.
 timestamp= 1619814503000 [RES] Global Validate result: 
false
 timestamp= 1619814503000 [RUN] Validate G2 Guard Condition: 
The ego vehicle E Detection.OffRoad == True.
 timestamp= 1619814503000 [RES] Global Validate result: 
false
 timestamp= 1619814503000 [RUN] Validate G3 Guard Condition: 
The ego vehicle E Detection.HardBrake == True.
 timestamp= 1619814503000 [RES] Global Validate result: 
false
 timestamp= 1619814503000 [RUN] Validate G4 Guard Condition: 
The ego vehicle E Detection.ArrivalTest == True.
 timestamp= 1619814503000 [RES] Global Validate result: 
false
 timestamp= 1619814503000 [RUN] Validate step: 
The test system VALIDATES THAT the Apollo A Status.GetControl is nearly equal to {"acceleration": -0.5, "throttle": 0.0, "steering_target": 0.17, "brake": 14.5, "steering_rate": 100.0, "speed": 4.82}
 timestamp= 1619814503000 [RES] Validate result: 
true
 timestamp= 1619814503000 [RUN] Generate steps
 timestamp= 1619814503000 [RUN] Validate step: 
The test system VALIDATES THAT the simulator S Status.GetEnvironment is nearly equal to {"x": -427.3, "y": 10.12, "z": 237.09, "rain": 0.0, "fog": 0.0, "wetness": 0.0, "timeofday": 12.0, "signal": -1.0, "rx": 0.07, "ry": 211.91, "rz": 0.0, "speed": 4.82}
 timestamp= 1619814503000 [RES] Validate result: 
true
 timestamp= 1619814503000 [RUN] Execute API step: 
The environment controller C INVOKES API Control.Agents.Pedestrians.WalkRandomly(which_lane=Current_Lane).
 timestamp= 1619814508000 [RES] API result: 
{"pose_arr":[{"vx":-4.06,"ay":-0.3,"az":9.8,"ax":0.45,"pz":10.13,"vy":-4.06,"px":552447.19,"py":4182723.93},{"vx":-3.77,"ay":-0.41,"az":9.82,"ax":0.66,"pz":10.13,"vy":-3.77,"px":552445.81,"py":4182721.71},{"vx":-3.2,"ay":-0.3,"az":9.8,"ax":0.49,"pz":10.13,"vy":-3.2,"px":552444.75,"py":4182720},{"vx":-2.91,"ay":-0.39,"az":9.81,"ax":0.64,"pz":10.13,"vy":-2.91,"px":552443.8,"py":4182718.45},{"vx":-2.53,"ay":-0.45,"az":9.81,"ax":0.73,"pz":10.13,"vy":-2.53,"px":552442.84,"py":4182716.9},{"vx":-2.17,"ay":-0.47,"az":9.81,"ax":0.77,"pz":10.13,"vy":-2.17,"px":552442.15,"py":4182715.79},{"vx":-1.73,"ay":-0.49,"az":9.81,"ax":0.81,"pz":10.13,"vy":-1.73,"px":552441.46,"py":4182714.65},{"vx":-1.4,"ay":-0.35,"az":9.8,"ax":0.58,"pz":10.13,"vy":-1.4,"px":552440.99,"py":4182713.88}],"traffic_light":[3,3,3,3,3,3,3,3],"state_arr":[{"acceleration":-0.7,"throttle":0,"steering_target":0.32,"brake":16.37,"steering_rate":100,"speed":4.59},{"acceleration":-0.6,"throttle":0,"steering_target":0.26,"brake":14.91,"steering_rate":100,"speed":4.06},{"acceleration":-0.65,"throttle":0,"steering_target":0.25,"brake":15.98,"steering_rate":100,"speed":3.67},{"acceleration":-0.83,"throttle":0,"steering_target":0.32,"brake":18.62,"steering_rate":100,"speed":3.42},{"acceleration":-0.95,"throttle":0,"steering_target":0.34,"brake":19.98,"steering_rate":100,"speed":3.03},{"acceleration":-0.94,"throttle":0,"steering_target":0.38,"brake":20.02,"steering_rate":100,"speed":2.6},{"acceleration":-0.98,"throttle":0,"steering_target":0.37,"brake":20.42,"steering_rate":100,"speed":2.27},{"acceleration":-0.73,"throttle":0,"steering_target":0.16,"brake":17.55,"steering_rate":100,"speed":1.83},{"acceleration":-0.71,"throttle":0,"steering_target":0.26,"brake":17.37,"steering_rate":100,"speed":1.49}],"obstacle_arr":[[],[],[],[],[{"acceleration":{"y":0,"x":0,"z":0},"position":{"y":4182704.65,"x":552433.33,"z":10.52},"volume":0.06,"type":"PEDESTRIAN","velocity":{"y":0,"x":0,"z":0}}],[],[{"acceleration":{"y":0,"x":0,"z":0},"position":{"y":4182704.62,"x":552433.22,"z":10.51},"volume":0.02,"type":"PEDESTRIAN","velocity":{"y":0,"x":0,"z":0}}],[{"acceleration":{"y":0,"x":0,"z":0},"position":{"y":4182704.57,"x":552433.25,"z":10.44},"volume":0.12,"type":"PEDESTRIAN","velocity":{"y":0,"x":0,"z":0}}]],"action_description":"Pedestrian walking on the front lane","ev_state":[-433.882843017578,10.124792098999,226.408264160156,0,0,0,12,1,0.0419858172535896,211.432556152344,-0.0001064432435669,1.489619575023474],"collision_probability":0}
 timestamp= 1619814508000 [RUN] Validate G1 Guard Condition: 
The ego vehicle E Detection.Collision == True.
 timestamp= 1619814508000 [RES] Global Validate result: 
false
 timestamp= 1619814508000 [RUN] Validate G2 Guard Condition: 
The ego vehicle E Detection.OffRoad == True.
 timestamp= 1619814508000 [RES] Global Validate result: 
false
 timestamp= 1619814508000 [RUN] Validate G3 Guard Condition: 
The ego vehicle E Detection.HardBrake == True.
 timestamp= 1619814508000 [RES] Global Validate result: 
false
 timestamp= 1619814508000 [RUN] Validate G4 Guard Condition: 
The ego vehicle E Detection.ArrivalTest == True.
 timestamp= 1619814508000 [RES] Global Validate result: 
true
 timestamp= 1619814508000 [RUN] ArrivalTest == True
 timestamp= 1619814508000 [RUN] The simulator S INVOKES API Command.Simulation.Stop() to stop simulation.
 timestamp= 1619814508000 [WARNING] The test system Stop the Simulator S!
 timestamp= 1619814508000 [RES] Basic PostCondition Validate result: 
true
 timestamp= 1619814508000 [STOP] numberOfStep: 55 basicFlow: 
[{"name":"","description":"","eClass":"Sentence","content":"The test system VALIDATES THAT the simulator S Status.GetEnvironment is nearly equal to {\"x\": -245.44, \"y\": 10.12, \"z\": 465.79, \"rain\": 0.0, \"fog\": 0.0, \"wetness\": 0.0, \"timeofday\": 12.0, \"signal\": 1.0, \"rx\": 359.82, \"ry\": 305.87, \"rz\": -0.0, \"speed\": 2.01}","natures":[]},{"name":"","description":"","eClass":"Sentence","content":"The environment controller C INVOKES API Control.Agents.Pedestrians.WalkRandomly(which_lane=Current_Lane).","natures":[]},{"name":"","description":"","eClass":"Sentence","content":"The test system VALIDATES THAT the Apollo A Status.GetControl is nearly equal to {\"acceleration\": -0.0, \"throttle\": 0.0, \"steering_target\": 27.98, \"brake\": 14.5, \"steering_rate\": 100.0, \"speed\": 2.49}","natures":[]},{"name":"","description":"","eClass":"Sentence","content":"The test system VALIDATES THAT the simulator S Status.GetEnvironment is nearly equal to {\"x\": -253.96, \"y\": 10.12, \"z\": 470.59, \"rain\": 0.0, \"fog\": 0.0, \"wetness\": 0.0, \"timeofday\": 12.0, \"signal\": 1.0, \"rx\": 0.01, \"ry\": 290.65, \"rz\": 359.87, \"speed\": 2.41}","natures":[]},{"name":"","description":"","eClass":"Sentence","content":"The environment controller C INVOKES API Control.Agents.Pedestrians.WalkRandomly(which_lane=Current_Lane).","natures":[]},{"name":"","description":"","eClass":"Sentence","content":"The test system VALIDATES THAT the Apollo A Status.GetControl is nearly equal to {\"acceleration\": 0.55, \"throttle\": 18.44, \"steering_target\": 10.63, \"brake\": 0.0, \"steering_rate\": 100.0, \"speed\": 4.33}","natures":[]},{"name":"","description":"","eClass":"Sentence","content":"The test system VALIDATES THAT the simulator S Status.GetEnvironment is nearly equal to {\"x\": -264.62, \"y\": 10.12, \"z\": 465.72, \"rain\": 0.0, \"fog\": 0.0, \"wetness\": 0.0, \"timeofday\": 12.0, \"signal\": 0.0, \"rx\": 359.9, \"ry\": 224.55, \"rz\": 359.72, \"speed\": 4.33}","natures":[]},{"name":"","description":"","eClass":"Sentence","content":"The environment controller C INVOKES API Control.Agents.Pedestrians.WalkRandomly(which_lane=Current_Lane).","natures":[]},{"name":"","description":"","eClass":"Sentence","content":"The test system VALIDATES THAT the Apollo A Status.GetControl is nearly equal to {\"acceleration\": 0.35, \"throttle\": 15.7, \"steering_target\": -0.68, \"brake\": 0.0, \"steering_rate\": 100.0, \"speed\": 6.69}","natures":[]},{"name":"","description":"","eClass":"Sentence","content":"The test system VALIDATES THAT the simulator S Status.GetEnvironment is nearly equal to {\"x\": -279.17, \"y\": 10.12, \"z\": 446.7, \"rain\": 0.0, \"fog\": 0.0, \"wetness\": 0.0, \"timeofday\": 12.0, \"signal\": -1.0, \"rx\": 359.98, \"ry\": 214.86, \"rz\": 0.01, \"speed\": 6.75}","natures":[]},{"name":"","description":"","eClass":"Sentence","content":"The environment controller C INVOKES API Control.Agents.Pedestrians.WalkRandomly(which_lane=Current_Lane).","natures":[]},{"name":"","description":"","eClass":"Sentence","content":"The test system VALIDATES THAT the Apollo A Status.GetControl is nearly equal to {\"acceleration\": -0.01, \"throttle\": 0.0, \"steering_target\": -0.28, \"brake\": 14.5, \"steering_rate\": 100.0, \"speed\": 6.14}","natures":[]},{"name":"","description":"","eClass":"Sentence","content":"The test system VALIDATES THAT the simulator S Status.GetEnvironment is nearly equal to {\"x\": -294.82, \"y\": 10.12, \"z\": 424.26, \"rain\": 0.0, \"fog\": 0.0, \"wetness\": 0.0, \"timeofday\": 12.0, \"signal\": -1.0, \"rx\": 0.03, \"ry\": 215.22, \"rz\": 0.01, \"speed\": 6.02}","natures":[]},{"name":"","description":"","eClass":"Sentence","content":"The environment controller C INVOKES API Control.Agents.Pedestrians.WalkRandomly(which_lane=Current_Lane).","natures":[]},{"name":"","description":"","eClass":"Sentence","content":"The test system VALIDATES THAT the Apollo A Status.GetControl is nearly equal to {\"acceleration\": 0.47, \"throttle\": 15.7, \"steering_target\": 0.36, \"brake\": 0.0, \"steering_rate\": 100.0, \"speed\": 3.45}","natures":[]},{"name":"","description":"","eClass":"Sentence","content":"The test system VALIDATES THAT the simulator S Status.GetEnvironment is nearly equal to {\"x\": -308.65, \"y\": 10.13, \"z\": 404.76, \"rain\": 0.0, \"fog\": 0.0, \"wetness\": 0.0, \"timeofday\": 12.0, \"signal\": -1.0, \"rx\": 359.87, \"ry\": 215.74, \"rz\": 359.89, \"speed\": 3.5}","natures":[]},{"name":"","description":"","eClass":"Sentence","content":"The environment controller C INVOKES API Control.Agents.Pedestrians.WalkRandomly(which_lane=Current_Lane).","natures":[]},{"name":"","description":"","eClass":"Sentence","content":"The test system VALIDATES THAT the Apollo A Status.GetControl is nearly equal to {\"acceleration\": 0.76, \"throttle\": 23.59, \"steering_target\": -2.77, \"brake\": 0.0, \"steering_rate\": 100.0, \"speed\": 4.53}","natures":[]},{"name":"","description":"","eClass":"Sentence","content":"The test system VALIDATES THAT the simulator S Status.GetEnvironment is nearly equal to {\"x\": -315.99, \"y\": 10.12, \"z\": 394.58, \"rain\": 0.0, \"fog\": 0.0, \"wetness\": 0.0, \"timeofday\": 12.0, \"signal\": -1.0, \"rx\": 359.96, \"ry\": 215.75, \"rz\": 0.03, \"speed\": 4.86}","natures":[]},{"name":"","description":"","eClass":"Sentence","content":"The environment controller C INVOKES API Control.Agents.NPCVehicle.NPCVehicleMaintainLane(which_lane=Left_Lane&which_car=Jeep).","natures":[]},{"name":"","description":"","eClass":"Sentence","content":"The test system VALIDATES THAT the Apollo A Status.GetControl is nearly equal to {\"acceleration\": -0.48, \"throttle\": 0.0, \"steering_target\": -0.4, \"brake\": 14.5, \"steering_rate\": 100.0, \"speed\": 2.73}","natures":[]},{"name":"","description":"","eClass":"Sentence","content":"The test system VALIDATES THAT the simulator S Status.GetEnvironment is nearly equal to {\"x\": -326.53, \"y\": 10.13, \"z\": 380.07, \"rain\": 0.0, \"fog\": 0.0, \"wetness\": 0.0, \"timeofday\": 12.0, \"signal\": -1.0, \"rx\": 359.98, \"ry\": 215.95, \"rz\": 359.98, \"speed\": 2.73}","natures":[]},{"name":"","description":"","eClass":"Sentence","content":"The environment controller C INVOKES API Control.Agents.Pedestrians.WalkRandomly(which_lane=Current_Lane).","natures":[]},{"name":"","description":"","eClass":"Sentence","content":"The test system VALIDATES THAT the Apollo A Status.GetControl is nearly equal to {\"acceleration\": -0.03, \"throttle\": 0.0, \"steering_target\": -0.0, \"brake\": 14.5, \"steering_rate\": 100.0, \"speed\": 0.19}","natures":[]},{"name":"","description":"","eClass":"Sentence","content":"The test system VALIDATES THAT the simulator S Status.GetEnvironment is nearly equal to {\"x\": -328.29, \"y\": 10.13, \"z\": 377.63, \"rain\": 0.0, \"fog\": 0.0, \"wetness\": 0.0, \"timeofday\": 12.0, \"signal\": 1.0, \"rx\": 359.97, \"ry\": 215.53, \"rz\": 0.1, \"speed\": 0.0}","natures":[]},{"name":"","description":"","eClass":"Sentence","content":"The environment controller C INVOKES API Control.Agents.Pedestrians.WalkRandomly(which_lane=Current_Lane).","natures":[]},{"name":"","description":"","eClass":"Sentence","content":"The test system VALIDATES THAT the Apollo A Status.GetControl is nearly equal to {\"acceleration\": 0.64, \"throttle\": 15.7, \"steering_target\": -0.22, \"brake\": 0.0, \"steering_rate\": 100.0, \"speed\": 4.95}","natures":[]},{"name":"","description":"","eClass":"Sentence","content":"The test system VALIDATES THAT the simulator S Status.GetEnvironment is nearly equal to {\"x\": -333.32, \"y\": 10.12, \"z\": 370.78, \"rain\": 0.0, \"fog\": 0.0, \"wetness\": 0.0, \"timeofday\": 12.0, \"signal\": 1.0, \"rx\": 359.82, \"ry\": 216.68, \"rz\": 0.01, \"speed\": 5.19}","natures":[]},{"name":"","description":"","eClass":"Sentence","content":"The environment controller C INVOKES API Control.Agents.Pedestrians.WalkRandomly(which_lane=Current_Lane).","natures":[]},{"name":"","description":"","eClass":"Sentence","content":"The test system VALIDATES THAT the Apollo A Status.GetControl is nearly equal to {\"acceleration\": 0.2, \"throttle\": 15.7, \"steering_target\": 0.0, \"brake\": 0.0, \"steering_rate\": 100.0, \"speed\": 0.07}","natures":[]},{"name":"","description":"","eClass":"Sentence","content":"The test system VALIDATES THAT the simulator S Status.GetEnvironment is nearly equal to {\"x\": -336.81, \"y\": 10.12, \"z\": 366.12, \"rain\": 0.0, \"fog\": 0.0, \"wetness\": 0.0, \"timeofday\": 12.0, \"signal\": 1.0, \"rx\": 359.95, \"ry\": 217.0, \"rz\": 359.86, \"speed\": 0.07}","natures":[]},{"name":"","description":"","eClass":"Sentence","content":"The environment controller C INVOKES API Control.Agents.NPCVehicle.NPCVehicleSwitchLane(which_lane=Left_Lane&which_car=Hatchback).","natures":[]},{"name":"","description":"","eClass":"Sentence","content":"The test system VALIDATES THAT the Apollo A Status.GetControl is nearly equal to {\"acceleration\": 0.05, \"throttle\": 15.7, \"steering_target\": 0.31, \"brake\": 0.0, \"steering_rate\": 100.0, \"speed\": 0.06}","natures":[]},{"name":"","description":"","eClass":"Sentence","content":"The test system VALIDATES THAT the simulator S Status.GetEnvironment is nearly equal to {\"x\": -337.64, \"y\": 10.13, \"z\": 365.14, \"rain\": 0.0, \"fog\": 0.0, \"wetness\": 0.0, \"timeofday\": 12.0, \"signal\": 1.0, \"rx\": 359.94, \"ry\": 219.29, \"rz\": 359.86, \"speed\": 0.06}","natures":[]},{"name":"","description":"","eClass":"Sentence","content":"The environment controller C INVOKES API Control.Agents.Pedestrians.WalkRandomly(which_lane=Current_Lane).","natures":[]},{"name":"","description":"","eClass":"Sentence","content":"The test system VALIDATES THAT the Apollo A Status.GetControl is nearly equal to {\"acceleration\": 0.19, \"throttle\": 15.7, \"steering_target\": 7.01, \"brake\": 0.0, \"steering_rate\": 100.0, \"speed\": 4.72}","natures":[]},{"name":"","description":"","eClass":"Sentence","content":"The test system VALIDATES THAT the simulator S Status.GetEnvironment is nearly equal to {\"x\": -342.77, \"y\": 10.12, \"z\": 356.87, \"rain\": 0.0, \"fog\": 0.0, \"wetness\": 0.0, \"timeofday\": 12.0, \"signal\": 0.0, \"rx\": 359.98, \"ry\": 207.72, \"rz\": 359.89, \"speed\": 4.73}","natures":[]},{"name":"","description":"","eClass":"Sentence","content":"The environment controller C INVOKES API Control.Agents.Pedestrians.WalkRandomly(which_lane=Current_Lane).","natures":[]},{"name":"","description":"","eClass":"Sentence","content":"The test system VALIDATES THAT the Apollo A Status.GetControl is nearly equal to {\"acceleration\": 0.61, \"throttle\": 15.7, \"steering_target\": -13.66, \"brake\": 0.0, \"steering_rate\": 100.0, \"speed\": 5.06}","natures":[]},{"name":"","description":"","eClass":"Sentence","content":"The test system VALIDATES THAT the simulator S Status.GetEnvironment is nearly equal to {\"x\": -351.99, \"y\": 10.12, \"z\": 338.65, \"rain\": 0.0, \"fog\": 0.0, \"wetness\": 0.0, \"timeofday\": 12.0, \"signal\": -1.0, \"rx\": 359.97, \"ry\": 217.33, \"rz\": 0.38, \"speed\": 5.18}","natures":[]},{"name":"","description":"","eClass":"Sentence","content":"The environment controller C INVOKES API Control.Agents.Pedestrians.WalkRandomly(which_lane=Current_Lane).","natures":[]},{"name":"","description":"","eClass":"Sentence","content":"The test system VALIDATES THAT the Apollo A Status.GetControl is nearly equal to {\"acceleration\": 0.16, \"throttle\": 15.7, \"steering_target\": 1.13, \"brake\": 0.0, \"steering_rate\": 100.0, \"speed\": 8.69}","natures":[]},{"name":"","description":"","eClass":"Sentence","content":"The test system VALIDATES THAT the simulator S Status.GetEnvironment is nearly equal to {\"x\": -369.71, \"y\": 10.12, \"z\": 316.04, \"rain\": 0.0, \"fog\": 0.0, \"wetness\": 0.0, \"timeofday\": 12.0, \"signal\": -1.0, \"rx\": 359.98, \"ry\": 220.27, \"rz\": 0.01, \"speed\": 8.69}","natures":[]},{"name":"","description":"","eClass":"Sentence","content":"The environment controller C INVOKES API Control.Agents.Pedestrians.WalkRandomly(which_lane=Current_Lane).","natures":[]},{"name":"","description":"","eClass":"Sentence","content":"The test system VALIDATES THAT the Apollo A Status.GetControl is nearly equal to {\"acceleration\": 0.27, \"throttle\": 15.7, \"steering_target\": 2.16, \"brake\": 0.0, \"steering_rate\": 100.0, \"speed\": 8.91}","natures":[]},{"name":"","description":"","eClass":"Sentence","content":"The test system VALIDATES THAT the simulator S Status.GetEnvironment is nearly equal to {\"x\": -391.96, \"y\": 10.12, \"z\": 288.67, \"rain\": 0.0, \"fog\": 0.0, \"wetness\": 0.0, \"timeofday\": 12.0, \"signal\": -1.0, \"rx\": 359.98, \"ry\": 218.1, \"rz\": 0.03, \"speed\": 8.91}","natures":[]},{"name":"","description":"","eClass":"Sentence","content":"The environment controller C INVOKES API Control.Agents.Pedestrians.WalkRandomly(which_lane=Current_Lane).","natures":[]},{"name":"","description":"","eClass":"Sentence","content":"The test system VALIDATES THAT the Apollo A Status.GetControl is nearly equal to {\"acceleration\": -0.27, \"throttle\": 0.0, \"steering_target\": 1.37, \"brake\": 14.5, \"steering_rate\": 100.0, \"speed\": 8.09}","natures":[]},{"name":"","description":"","eClass":"Sentence","content":"The test system VALIDATES THAT the simulator S Status.GetEnvironment is nearly equal to {\"x\": -412.94, \"y\": 10.12, \"z\": 259.63, \"rain\": 0.0, \"fog\": 0.0, \"wetness\": 0.0, \"timeofday\": 12.0, \"signal\": -1.0, \"rx\": 0.04, \"ry\": 213.79, \"rz\": 359.97, \"speed\": 8.09}","natures":[]},{"name":"","description":"","eClass":"Sentence","content":"The environment controller C INVOKES API Control.Agents.Pedestrians.WalkRandomly(which_lane=Current_Lane).","natures":[]},{"name":"","description":"","eClass":"Sentence","content":"The test system VALIDATES THAT the Apollo A Status.GetControl is nearly equal to {\"acceleration\": -0.5, \"throttle\": 0.0, \"steering_target\": 0.17, \"brake\": 14.5, \"steering_rate\": 100.0, \"speed\": 4.82}","natures":[]},{"name":"","description":"","eClass":"Sentence","content":"The test system VALIDATES THAT the simulator S Status.GetEnvironment is nearly equal to {\"x\": -427.3, \"y\": 10.12, \"z\": 237.09, \"rain\": 0.0, \"fog\": 0.0, \"wetness\": 0.0, \"timeofday\": 12.0, \"signal\": -1.0, \"rx\": 0.07, \"ry\": 211.91, \"rz\": 0.0, \"speed\": 4.82}","natures":[]},{"name":"","description":"","eClass":"Sentence","content":"The environment controller C INVOKES API Control.Agents.Pedestrians.WalkRandomly(which_lane=Current_Lane).","natures":[]},{"name":"","description":"","eClass":"Sentence","content":"The test system VALIDATES THAT the Apollo A Status.GetControl is nearly equal to {\"acceleration\": -0.71, \"throttle\": 0.0, \"steering_target\": 0.26, \"brake\": 17.37, \"steering_rate\": 100.0, \"speed\": 1.49}","natures":[]},{"name":"","description":"","eClass":"Sentence","content":"","natures":[]}]
