 timestamp= 1619809135000 [START] Now Run TCS Maintain Lane On Road1 Mode: dynamic Roadnum: 2 Second: 4
 timestamp= 1619809135000 [SUCCESS] TCS Check Success 
 timestamp= 1619809138000 [RUN] Run BasicFlow
 timestamp= 1619809138000 [RUN] Generate steps
 timestamp= 1619809138000 [RUN] Validate step: 
The test system VALIDATES THAT the simulator S Status.GetEnvironment is nearly equal to {"x": -11.17, "y": 10.12, "z": 307.51, "rain": 0.0, "fog": 0.0, "wetness": 0.0, "timeofday": 12.0, "signal": -1.0, "rx": 359.92, "ry": 307.32, "rz": -0.0, "speed": 2.75}
 timestamp= 1619809138000 [RES] Validate result: 
true
 timestamp= 1619809138000 [RUN] Execute API step: 
The environment controller C INVOKES API Control.Agents.Pedestrians.WalkRandomly(which_lane=Left_Lane).
 timestamp= 1619809141000 [RES] API result: 
{"pose_arr":[{"vx":1.67,"ay":0.34,"az":9.83,"ax":0.26,"pz":10.12,"vy":1.67,"px":552863.89,"py":4182792.71},{"vx":1.96,"ay":0.74,"az":9.81,"ax":0.56,"pz":10.12,"vy":1.96,"px":552862.57,"py":4182793.72},{"vx":2.63,"ay":0.22,"az":9.82,"ax":0.16,"pz":10.12,"vy":2.63,"px":552860.22,"py":4182795.51},{"vx":2.95,"ay":0.67,"az":9.8,"ax":0.51,"pz":10.12,"vy":2.95,"px":552857.62,"py":4182797.48},{"vx":3.22,"ay":0.21,"az":9.82,"ax":0.16,"pz":10.12,"vy":3.22,"px":552853.7,"py":4182800.44},{"vx":2.9,"ay":-0.88,"az":9.71,"ax":-0.67,"pz":10.13,"vy":2.9,"px":552851.52,"py":4182802.09}],"traffic_light":[3,3,3,3,3,3],"state_arr":[{"acceleration":0.81,"throttle":38.39,"steering_target":0.16,"brake":0,"steering_rate":100,"speed":2.75},{"acceleration":1.4,"throttle":45.1,"steering_target":0.15,"brake":0,"steering_rate":100,"speed":3.18},{"acceleration":0.78,"throttle":24,"steering_target":0.14,"brake":0,"steering_rate":100,"speed":4.39},{"acceleration":0.91,"throttle":15.7,"steering_target":0.15,"brake":0,"steering_rate":100,"speed":4.88},{"acceleration":1,"throttle":22,"steering_target":0.18,"brake":0,"steering_rate":100,"speed":5.13},{"acceleration":-1.59,"throttle":0,"steering_target":0.07,"brake":26.92,"steering_rate":100,"speed":5},{"acceleration":-0.62,"throttle":0,"steering_target":0.09,"brake":14.92,"steering_rate":100,"speed":4.58}],"obstacle_arr":[[],[],[],[{"acceleration":{"y":0,"x":0,"z":0},"position":{"y":4182802.16,"x":552846.85,"z":10.42},"volume":0.19,"type":"PEDESTRIAN","velocity":{"y":-0.28,"x":0.65,"z":0}}],[{"acceleration":{"y":0.63,"x":-0.25,"z":0},"position":{"y":4182802.06,"x":552847.67,"z":10.51},"volume":0.17,"type":"PEDESTRIAN","velocity":{"y":-0.17,"x":0.82,"z":0}}],[{"acceleration":{"y":-0.01,"x":-0.17,"z":0},"position":{"y":4182801.92,"x":552848.18,"z":10.39},"volume":0.17,"type":"PEDESTRIAN","velocity":{"y":0,"x":0,"z":0}}]],"action_description":"Pedestrian crossing the road (left to right)","ev_state":[-25.4049186706543,10.1245069503784,318.282745361328,0,0,0,12,1,0.0324098020792007,306.980590820313,-0.00115715188439935,4.575436753500619],"collision_probability":0.417}
 timestamp= 1619809141000 [RUN] Validate G1 Guard Condition: 
The ego vehicle E Detection.Collision == True.
 timestamp= 1619809141000 [RES] Global Validate result: 
false
 timestamp= 1619809141000 [RUN] Validate G2 Guard Condition: 
The ego vehicle E Detection.OffRoad == True.
 timestamp= 1619809141000 [RES] Global Validate result: 
false
 timestamp= 1619809141000 [RUN] Validate G3 Guard Condition: 
The ego vehicle E Detection.HardBrake == True.
 timestamp= 1619809141000 [RES] Global Validate result: 
false
 timestamp= 1619809141000 [RUN] Validate G4 Guard Condition: 
The ego vehicle E Detection.ArrivalTest == True.
 timestamp= 1619809141000 [RES] Global Validate result: 
false
 timestamp= 1619809141000 [RUN] Validate step: 
The test system VALIDATES THAT the Apollo A Status.GetControl is nearly equal to {"acceleration": -0.62, "throttle": 0.0, "steering_target": 0.09, "brake": 14.92, "steering_rate": 100.0, "speed": 4.58}
 timestamp= 1619809141000 [RES] Validate result: 
true
 timestamp= 1619809141000 [RUN] Generate steps
 timestamp= 1619809141000 [RUN] Validate step: 
The test system VALIDATES THAT the simulator S Status.GetEnvironment is nearly equal to {"x": -25.4, "y": 10.12, "z": 318.28, "rain": 0.0, "fog": 0.0, "wetness": 0.0, "timeofday": 12.0, "signal": 1.0, "rx": 0.03, "ry": 306.98, "rz": -0.0, "speed": 4.58}
 timestamp= 1619809141000 [RES] Validate result: 
true
 timestamp= 1619809141000 [RUN] Execute API step: 
The environment controller C INVOKES API Control.Agents.Pedestrians.WalkRandomly(which_lane=Left_Lane).
 timestamp= 1619809144000 [RES] API result: 
{"pose_arr":[{"vx":2.72,"ay":-0.43,"az":9.81,"ax":-0.32,"pz":10.13,"vy":2.72,"px":552849.37,"py":4182803.71},{"vx":2.85,"ay":0.21,"az":9.81,"ax":0.16,"pz":10.12,"vy":2.85,"px":552846.59,"py":4182805.8},{"vx":3.52,"ay":0.39,"az":9.85,"ax":0.29,"pz":10.12,"vy":3.52,"px":552843.83,"py":4182807.88},{"vx":3.73,"ay":0.43,"az":9.81,"ax":0.32,"pz":10.12,"vy":3.73,"px":552840.53,"py":4182810.36},{"vx":3.94,"ay":-0.01,"az":9.82,"ax":-0.01,"pz":10.12,"vy":3.94,"px":552836.33,"py":4182813.51},{"vx":3.53,"ay":-1.81,"az":9.86,"ax":-1.35,"pz":10.13,"vy":3.53,"px":552833.57,"py":4182815.6}],"traffic_light":[3,0,3,3,3,2],"state_arr":[{"acceleration":0.4,"throttle":15.7,"steering_target":0.06,"brake":0,"steering_rate":100,"speed":4.57},{"acceleration":1.38,"throttle":76.51,"steering_target":0.02,"brake":0,"steering_rate":100,"speed":4.84},{"acceleration":0.6,"throttle":20.8,"steering_target":-0.03,"brake":0,"steering_rate":100,"speed":5.93},{"acceleration":0.46,"throttle":15.7,"steering_target":-0.05,"brake":0,"steering_rate":100,"speed":6.26},{"acceleration":0.12,"throttle":15.7,"steering_target":-0.09,"brake":0,"steering_rate":100,"speed":6.55},{"acceleration":-1.22,"throttle":0,"steering_target":0.06,"brake":22.62,"steering_rate":100,"speed":5.97}],"obstacle_arr":[[],[],[{"acceleration":{"y":0,"x":0,"z":0},"position":{"y":4182801.37,"x":552850.43,"z":10.48},"volume":0.11,"type":"PEDESTRIAN","velocity":{"y":0,"x":0,"z":0}}],[{"acceleration":{"y":-0.01,"x":0.01,"z":0},"position":{"y":4182801.41,"x":552850.94,"z":10.44},"volume":0.08,"type":"PEDESTRIAN","velocity":{"y":0.29,"x":0.07,"z":0}}],[{"acceleration":{"y":0,"x":0.02,"z":0},"position":{"y":4182814.79,"x":552832.75,"z":10.47},"volume":0.16,"type":"PEDESTRIAN","velocity":{"y":0.3,"x":0.75,"z":0}},{"acceleration":{"y":0,"x":0,"z":0},"position":{"y":4182826.45,"x":552853.1,"z":10.35},"volume":5.23,"type":"VEHICLE","velocity":{"y":0,"x":0,"z":0}}],[]],"action_description":"Pedestrian crossing the road (left to right)","ev_state":[-43.4374618530273,10.124475479126,331.860748291016,0,0,0,12,0,0.0892190709710121,306.776733398438,359.990997314453,5.129577225152895],"collision_probability":1}
 timestamp= 1619809144000 [RUN] Validate G1 Guard Condition: 
The ego vehicle E Detection.Collision == True.
 timestamp= 1619809144000 [RES] Global Validate result: 
true
 timestamp= 1619809144000 [RUN] Collision == True
 timestamp= 1619809144000 [RUN] Validate G2 Guard Condition: 
The ego vehicle E Detection.OffRoad == True.
 timestamp= 1619809144000 [RES] Global Validate result: 
false
 timestamp= 1619809144000 [RUN] Validate G3 Guard Condition: 
The ego vehicle E Detection.HardBrake == True.
 timestamp= 1619809144000 [RES] Global Validate result: 
false
 timestamp= 1619809144000 [RUN] Validate G4 Guard Condition: 
The ego vehicle E Detection.ArrivalTest == True.
 timestamp= 1619809144000 [RES] Global Validate result: 
false
 timestamp= 1619809144000 [RUN] Validate step: 
The test system VALIDATES THAT the Apollo A Status.GetControl is nearly equal to {"acceleration": -1.22, "throttle": 0.0, "steering_target": 0.06, "brake": 22.62, "steering_rate": 100.0, "speed": 5.97}
 timestamp= 1619809144000 [RES] Validate result: 
true
 timestamp= 1619809144000 [RUN] Generate steps
 timestamp= 1619809144000 [RUN] Validate step: 
The test system VALIDATES THAT the simulator S Status.GetEnvironment is nearly equal to {"x": -43.44, "y": 10.12, "z": 331.86, "rain": 0.0, "fog": 0.0, "wetness": 0.0, "timeofday": 12.0, "signal": 0.0, "rx": 0.09, "ry": 306.78, "rz": 359.99, "speed": 5.13}
 timestamp= 1619809144000 [RES] Validate result: 
true
 timestamp= 1619809144000 [RUN] Execute API step: 
The environment controller C INVOKES API Control.Agents.Pedestrians.WalkRandomly(which_lane=Left_Lane).
 timestamp= 1619809148000 [RES] API result: 
{"pose_arr":[{"vx":3.07,"ay":0.16,"az":9.78,"ax":0.32,"pz":10.13,"vy":3.07,"px":552831.4,"py":4182817.24},{"vx":3.5,"ay":2.97,"az":9.77,"ax":2.17,"pz":10.12,"vy":3.5,"px":552827.84,"py":4182819.92},{"vx":3.86,"ay":0.16,"az":9.84,"ax":0.2,"pz":10.12,"vy":3.86,"px":552824.7,"py":4182822.31},{"vx":4.08,"ay":0.2,"az":9.82,"ax":0.15,"pz":10.12,"vy":4.08,"px":552821.06,"py":4182825.06},{"vx":4.26,"ay":-0.01,"az":9.81,"ax":-0.01,"pz":10.12,"vy":4.26,"px":552817.06,"py":4182828.1},{"vx":4.09,"ay":0.19,"az":9.8,"ax":0.15,"pz":10.12,"vy":4.09,"px":552812.79,"py":4182831.34}],"traffic_light":[2,2,3,1,3],"state_arr":[{"acceleration":0.4,"throttle":17.03,"steering_target":-0.8,"brake":0,"steering_rate":100,"speed":5.13},{"acceleration":1.25,"throttle":22.99,"steering_target":-0.67,"brake":0,"steering_rate":100,"speed":5.37},{"acceleration":0.58,"throttle":15.7,"steering_target":0.14,"brake":0,"steering_rate":100,"speed":6.37},{"acceleration":0.77,"throttle":19.25,"steering_target":-0.07,"brake":0,"steering_rate":100,"speed":6.65},{"acceleration":0.7,"throttle":15.7,"steering_target":-0.18,"brake":0,"steering_rate":100,"speed":6.95},{"acceleration":0.1,"throttle":15.7,"steering_target":0.01,"brake":0,"steering_rate":100,"speed":6.79},{"acceleration":0.41,"throttle":15.7,"steering_target":-0.01,"brake":0,"steering_rate":100,"speed":6.83}],"obstacle_arr":[[{"acceleration":{"y":0.01,"x":-0.02,"z":0},"position":{"y":4182826.31,"x":552853.09,"z":10.37},"volume":2.44,"type":"VEHICLE","velocity":{"y":0,"x":0,"z":0}}],[],[{"acceleration":{"y":0,"x":0,"z":0},"position":{"y":4182826.81,"x":552813.8,"z":10.65},"volume":0.06,"type":"PEDESTRIAN","velocity":{"y":0,"x":0,"z":0}}],[{"acceleration":{"y":0,"x":0,"z":0},"position":{"y":4182826.83,"x":552814.78,"z":10.47},"volume":0.31,"type":"PEDESTRIAN","velocity":{"y":0,"x":0,"z":0}}],[{"acceleration":{"y":0,"x":0,"z":0},"position":{"y":4182826.19,"x":552816.05,"z":10.79},"volume":0.04,"type":"PEDESTRIAN","velocity":{"y":0,"x":0,"z":0}}],[]],"action_description":"Pedestrian crossing the road (left to right)","ev_state":[-63.7497482299805,10.1241292953491,347.26904296875,0,0,0,12,-1,359.987426757813,307.263549804688,-0.000773622305132449,6.826255658297472],"collision_probability":0.436}
 timestamp= 1619809148000 [RUN] Validate G1 Guard Condition: 
The ego vehicle E Detection.Collision == True.
 timestamp= 1619809148000 [RES] Global Validate result: 
false
 timestamp= 1619809148000 [RUN] Validate G2 Guard Condition: 
The ego vehicle E Detection.OffRoad == True.
 timestamp= 1619809148000 [RES] Global Validate result: 
false
 timestamp= 1619809148000 [RUN] Validate G3 Guard Condition: 
The ego vehicle E Detection.HardBrake == True.
 timestamp= 1619809148000 [RES] Global Validate result: 
false
 timestamp= 1619809148000 [RUN] Validate G4 Guard Condition: 
The ego vehicle E Detection.ArrivalTest == True.
 timestamp= 1619809148000 [RES] Global Validate result: 
false
 timestamp= 1619809148000 [RUN] Validate step: 
The test system VALIDATES THAT the Apollo A Status.GetControl is nearly equal to {"acceleration": 0.41, "throttle": 15.7, "steering_target": -0.01, "brake": 0.0, "steering_rate": 100.0, "speed": 6.83}
 timestamp= 1619809148000 [RES] Validate result: 
true
 timestamp= 1619809148000 [RUN] Generate steps
 timestamp= 1619809148000 [RUN] Validate step: 
The test system VALIDATES THAT the simulator S Status.GetEnvironment is nearly equal to {"x": -63.75, "y": 10.12, "z": 347.27, "rain": 0.0, "fog": 0.0, "wetness": 0.0, "timeofday": 12.0, "signal": -1.0, "rx": 359.99, "ry": 307.26, "rz": -0.0, "speed": 6.83}
 timestamp= 1619809148000 [RES] Validate result: 
true
 timestamp= 1619809148000 [RUN] Execute API step: 
The environment controller C INVOKES API Control.Agents.Pedestrians.WalkRandomly(which_lane=Left_Lane).
 timestamp= 1619809151000 [RES] API result: 
{"pose_arr":[{"vx":4.17,"ay":0.19,"az":9.81,"ax":0.15,"pz":10.12,"vy":4.17,"px":552809.94,"py":4182833.51},{"vx":4.35,"ay":0.65,"az":9.8,"ax":0.5,"pz":10.12,"vy":4.35,"px":552806.12,"py":4182836.41},{"vx":4.57,"ay":0.19,"az":9.81,"ax":0.14,"pz":10.12,"vy":4.57,"px":552801.39,"py":4182840.01},{"vx":4.68,"ay":0.26,"az":9.81,"ax":0.2,"pz":10.12,"vy":4.68,"px":552797.02,"py":4182843.32},{"vx":4.21,"ay":-1.62,"az":9.83,"ax":-1.22,"pz":10.13,"vy":4.21,"px":552793.99,"py":4182845.61},{"vx":3.71,"ay":0.52,"az":9.76,"ax":0.38,"pz":10.13,"vy":3.71,"px":552790.33,"py":4182848.36}],"traffic_light":[3,3,3,3,3],"state_arr":[{"acceleration":1.06,"throttle":21.81,"steering_target":0.04,"brake":0,"steering_rate":100,"speed":6.95},{"acceleration":1.01,"throttle":26.47,"steering_target":0.1,"brake":0,"steering_rate":100,"speed":7.25},{"acceleration":0.61,"throttle":15.7,"steering_target":0.11,"brake":0,"steering_rate":100,"speed":7.57},{"acceleration":-1.19,"throttle":0,"steering_target":0.14,"brake":21.69,"steering_rate":100,"speed":7.74},{"acceleration":-1.33,"throttle":0,"steering_target":0.23,"brake":23.06,"steering_rate":100,"speed":6.91},{"acceleration":0.99,"throttle":15.7,"steering_target":0.19,"brake":0,"steering_rate":100,"speed":6.12}],"obstacle_arr":[[{"acceleration":{"y":0,"x":0,"z":0},"position":{"y":4182826.95,"x":552816.6,"z":10.55},"volume":0.11,"type":"PEDESTRIAN","velocity":{"y":0,"x":0,"z":0}}],[{"acceleration":{"y":0,"x":0,"z":0},"position":{"y":4182826.65,"x":552817.68,"z":10.44},"volume":0.11,"type":"PEDESTRIAN","velocity":{"y":0,"x":0,"z":0}}],[],[{"acceleration":{"y":0,"x":0.01,"z":0},"position":{"y":4182842.09,"x":552794.77,"z":10.4},"volume":0.31,"type":"PEDESTRIAN","velocity":{"y":-0.46,"x":1.32,"z":0}}],[],[]],"action_description":"Pedestrian crossing the road (left to right)","ev_state":[-86.405403137207,10.1242189407349,364.400573730469,0,0,0,12,-1,359.987487792969,306.849670410156,-0.00418044021353126,6.298603284766562],"collision_probability":0.445}
 timestamp= 1619809151000 [RUN] Validate G1 Guard Condition: 
The ego vehicle E Detection.Collision == True.
 timestamp= 1619809151000 [RES] Global Validate result: 
false
 timestamp= 1619809151000 [RUN] Validate G2 Guard Condition: 
The ego vehicle E Detection.OffRoad == True.
 timestamp= 1619809151000 [RES] Global Validate result: 
false
 timestamp= 1619809151000 [RUN] Validate G3 Guard Condition: 
The ego vehicle E Detection.HardBrake == True.
 timestamp= 1619809151000 [RES] Global Validate result: 
false
 timestamp= 1619809151000 [RUN] Validate G4 Guard Condition: 
The ego vehicle E Detection.ArrivalTest == True.
 timestamp= 1619809151000 [RES] Global Validate result: 
false
 timestamp= 1619809151000 [RUN] Validate step: 
The test system VALIDATES THAT the Apollo A Status.GetControl is nearly equal to {"acceleration": 0.99, "throttle": 15.7, "steering_target": 0.19, "brake": 0.0, "steering_rate": 100.0, "speed": 6.12}
 timestamp= 1619809151000 [RES] Validate result: 
true
 timestamp= 1619809151000 [RUN] Generate steps
 timestamp= 1619809151000 [RUN] Validate step: 
The test system VALIDATES THAT the simulator S Status.GetEnvironment is nearly equal to {"x": -86.41, "y": 10.12, "z": 364.4, "rain": 0.0, "fog": 0.0, "wetness": 0.0, "timeofday": 12.0, "signal": -1.0, "rx": 359.99, "ry": 306.85, "rz": -0.0, "speed": 6.3}
 timestamp= 1619809151000 [RES] Validate result: 
true
 timestamp= 1619809151000 [RUN] Execute API step: 
The environment controller C INVOKES API Control.Agents.Pedestrians.WalkRandomly(which_lane=Left_Lane).
 timestamp= 1619809154000 [RES] API result: 
{"pose_arr":[{"vx":3.89,"ay":1.04,"az":9.79,"ax":0.78,"pz":10.12,"vy":3.89,"px":552787.76,"py":4182850.28},{"vx":4.24,"ay":0.55,"az":9.81,"ax":0.41,"pz":10.12,"vy":4.24,"px":552783.43,"py":4182853.53},{"vx":4.21,"ay":-0.47,"az":9.82,"ax":-0.35,"pz":10.12,"vy":4.21,"px":552780.7,"py":4182855.56},{"vx":4.04,"ay":-0.47,"az":9.82,"ax":-0.35,"pz":10.12,"vy":4.04,"px":552777.03,"py":4182858.3},{"vx":3.82,"ay":-0.46,"az":9.81,"ax":-0.34,"pz":10.12,"vy":3.82,"px":552773.63,"py":4182860.84},{"vx":3.81,"ay":-0.46,"az":9.83,"ax":-0.34,"pz":10.12,"vy":3.81,"px":552769.83,"py":4182863.66}],"traffic_light":[3,1,1,3,3,1],"state_arr":[{"acceleration":1.4,"throttle":31.49,"steering_target":0.06,"brake":0,"steering_rate":100,"speed":6.3},{"acceleration":1.06,"throttle":15.7,"steering_target":0.09,"brake":0,"steering_rate":100,"speed":6.92},{"acceleration":0.39,"throttle":15.7,"steering_target":0.07,"brake":0,"steering_rate":100,"speed":7.07},{"acceleration":-0.25,"throttle":0,"steering_target":0.06,"brake":14.5,"steering_rate":100,"speed":6.86},{"acceleration":-0.17,"throttle":0,"steering_target":0.07,"brake":14.5,"steering_rate":100,"speed":6.54},{"acceleration":0.56,"throttle":15.7,"steering_target":0.1,"brake":0,"steering_rate":100,"speed":6.28},{"acceleration":1.27,"throttle":27.87,"steering_target":0.01,"brake":0,"steering_rate":100,"speed":6.39}],"obstacle_arr":[[{"acceleration":{"y":0,"x":0,"z":0},"position":{"y":4182842.63,"x":552796.49,"z":10.48},"volume":0.14,"type":"PEDESTRIAN","velocity":{"y":0,"x":0,"z":0}}],[],[],[],[],[],[{"acceleration":{"y":0,"x":0,"z":0},"position":{"y":4182859.89,"x":552773.44,"z":10.44},"volume":0.1,"type":"PEDESTRIAN","velocity":{"y":0,"x":0,"z":0}}]],"action_description":"Pedestrian crossing the road (left to right)","ev_state":[-107.849647521973,10.1241674423218,380.387939453125,0,0,0,12,1,359.970245361328,306.619293212891,-0.00154199614189565,6.576284594310611],"collision_probability":0.399}
 timestamp= 1619809154000 [RUN] Validate G1 Guard Condition: 
The ego vehicle E Detection.Collision == True.
 timestamp= 1619809154000 [RES] Global Validate result: 
false
 timestamp= 1619809154000 [RUN] Validate G2 Guard Condition: 
The ego vehicle E Detection.OffRoad == True.
 timestamp= 1619809154000 [RES] Global Validate result: 
false
 timestamp= 1619809154000 [RUN] Validate G3 Guard Condition: 
The ego vehicle E Detection.HardBrake == True.
 timestamp= 1619809154000 [RES] Global Validate result: 
false
 timestamp= 1619809154000 [RUN] Validate G4 Guard Condition: 
The ego vehicle E Detection.ArrivalTest == True.
 timestamp= 1619809154000 [RES] Global Validate result: 
false
 timestamp= 1619809154000 [RUN] Validate step: 
The test system VALIDATES THAT the Apollo A Status.GetControl is nearly equal to {"acceleration": 1.27, "throttle": 27.87, "steering_target": 0.01, "brake": 0.0, "steering_rate": 100.0, "speed": 6.39}
 timestamp= 1619809154000 [RES] Validate result: 
true
 timestamp= 1619809154000 [RUN] Generate steps
 timestamp= 1619809154000 [RUN] Validate step: 
The test system VALIDATES THAT the simulator S Status.GetEnvironment is nearly equal to {"x": -107.85, "y": 10.12, "z": 380.39, "rain": 0.0, "fog": 0.0, "wetness": 0.0, "timeofday": 12.0, "signal": 1.0, "rx": 359.97, "ry": 306.62, "rz": -0.0, "speed": 6.58}
 timestamp= 1619809154000 [RES] Validate result: 
true
 timestamp= 1619809154000 [RUN] Execute API step: 
The environment controller C INVOKES API Control.Agents.Pedestrians.WalkRandomly(which_lane=Left_Lane).
 timestamp= 1619809158000 [RES] API result: 
{"pose_arr":[{"vx":3.91,"ay":0.28,"az":9.79,"ax":0.18,"pz":10.12,"vy":3.91,"px":552767.56,"py":4182865.35},{"vx":3.41,"ay":0,"az":9.81,"ax":0,"pz":10.13,"vy":3.41,"px":552764.71,"py":4182867.46},{"vx":3.18,"ay":-0.65,"az":9.82,"ax":-0.49,"pz":10.13,"vy":3.18,"px":552761.86,"py":4182869.57},{"vx":2.62,"ay":-0.43,"az":9.8,"ax":-0.31,"pz":10.13,"vy":2.62,"px":552759,"py":4182871.68},{"vx":2.4,"ay":-0.53,"az":9.81,"ax":-0.39,"pz":10.13,"vy":2.4,"px":552756.92,"py":4182873.22},{"vx":2.48,"ay":-0.4,"az":9.81,"ax":-0.34,"pz":10.13,"vy":2.48,"px":552755.43,"py":4182874.36},{"vx":1.68,"ay":-2.6,"az":9.83,"ax":-1.96,"pz":10.13,"vy":1.68,"px":552754.2,"py":4182875.34}],"traffic_light":[1,1,1,1,1,3,3],"state_arr":[{"acceleration":-0.84,"throttle":0,"steering_target":0.36,"brake":18.16,"steering_rate":100,"speed":6.58},{"acceleration":-0.47,"throttle":0,"steering_target":-0.02,"brake":14.5,"steering_rate":100,"speed":5.66},{"acceleration":-0.85,"throttle":0,"steering_target":0.14,"brake":41.47,"steering_rate":100,"speed":5.35},{"acceleration":-0.48,"throttle":0,"steering_target":0.17,"brake":14.5,"steering_rate":100,"speed":4.41},{"acceleration":-0.59,"throttle":0,"steering_target":0.35,"brake":14.68,"steering_rate":100,"speed":4.06},{"acceleration":-0.87,"throttle":0,"steering_target":0.6,"brake":19.17,"steering_rate":100,"speed":3.79},{"acceleration":-2.59,"throttle":0,"steering_target":3.84,"brake":36.35,"steering_rate":100,"speed":2.61},{"acceleration":-1.71,"throttle":0,"steering_target":1.66,"brake":29.19,"steering_rate":100,"speed":1.37}],"obstacle_arr":[[{"acceleration":{"y":0.02,"x":-0.02,"z":0},"position":{"y":4182860,"x":552773.79,"z":10.51},"volume":0.08,"type":"PEDESTRIAN","velocity":{"y":0.06,"x":0.63,"z":0}}],[],[],[{"acceleration":{"y":0,"x":0,"z":0},"position":{"y":4182876.14,"x":552749.94,"z":10.47},"volume":0.17,"type":"PEDESTRIAN","velocity":{"y":0,"x":0,"z":0}}],[{"acceleration":{"y":0.01,"x":0,"z":0},"position":{"y":4182876.48,"x":552750.53,"z":10.5},"volume":0.21,"type":"PEDESTRIAN","velocity":{"y":0.3,"x":0.42,"z":0}}],[{"acceleration":{"y":0.19,"x":-0.09,"z":0},"position":{"y":4182876.93,"x":552750.88,"z":10.4},"volume":0.45,"type":"PEDESTRIAN","velocity":{"y":0.37,"x":0.59,"z":0}}],[{"acceleration":{"y":0.44,"x":-0.16,"z":0},"position":{"y":4182877.43,"x":552750.79,"z":10.82},"volume":0.01,"type":"PEDESTRIAN","velocity":{"y":0.4,"x":0.08,"z":0}}]],"action_description":"Pedestrian crossing the road (left to right)","ev_state":[-121.732566833496,10.1247787475586,390.832275390625,0,0,0,12,0,0.13515205681324,307.66943359375,359.978729248047,1.368024841519932],"collision_probability":1}
 timestamp= 1619809158000 [RUN] Validate G1 Guard Condition: 
The ego vehicle E Detection.Collision == True.
 timestamp= 1619809158000 [RES] Global Validate result: 
true
 timestamp= 1619809158000 [RUN] Collision == True
 timestamp= 1619809158000 [RUN] Validate G2 Guard Condition: 
The ego vehicle E Detection.OffRoad == True.
 timestamp= 1619809158000 [RES] Global Validate result: 
false
 timestamp= 1619809158000 [RUN] Validate G3 Guard Condition: 
The ego vehicle E Detection.HardBrake == True.
 timestamp= 1619809158000 [RES] Global Validate result: 
true
 timestamp= 1619809158000 [RUN] HardBrake == True
 timestamp= 1619809158000 [RUN] RESUME STEP @preStep
 timestamp= 1619809158000 [RUN] Resume step basicflow16
 timestamp= 1619809158000 [RUN] Validate G4 Guard Condition: 
The ego vehicle E Detection.ArrivalTest == True.
 timestamp= 1619809158000 [RES] Global Validate result: 
false
 timestamp= 1619809158000 [RUN] Validate step: 
The test system VALIDATES THAT the Apollo A Status.GetControl is nearly equal to {"acceleration": -1.71, "throttle": 0.0, "steering_target": 1.66, "brake": 29.19, "steering_rate": 100.0, "speed": 1.37}
 timestamp= 1619809158000 [RES] Validate result: 
true
 timestamp= 1619809158000 [RUN] Generate steps
 timestamp= 1619809158000 [RUN] Validate step: 
The test system VALIDATES THAT the simulator S Status.GetEnvironment is nearly equal to {"x": -121.73, "y": 10.12, "z": 390.83, "rain": 0.0, "fog": 0.0, "wetness": 0.0, "timeofday": 12.0, "signal": 0.0, "rx": 0.14, "ry": 307.67, "rz": 359.98, "speed": 1.37}
 timestamp= 1619809158000 [RES] Validate result: 
true
 timestamp= 1619809158000 [RUN] Execute API step: 
The environment controller C INVOKES API Control.Agents.Pedestrians.WalkRandomly(which_lane=Left_Lane).
 timestamp= 1619809162000 [RES] API result: 
{"pose_arr":[{"vx":0.84,"ay":-1.67,"az":9.81,"ax":-1.17,"pz":10.13,"vy":0.84,"px":552753.33,"py":4182876.02},{"vx":0.4,"ay":0,"az":9.81,"ax":0,"pz":10.13,"vy":0.4,"px":552752.94,"py":4182876.32},{"vx":0.17,"ay":-0.42,"az":9.81,"ax":-0.32,"pz":10.13,"vy":0.17,"px":552752.72,"py":4182876.49},{"vx":0,"ay":0,"az":9.81,"ax":0,"pz":10.12,"vy":0,"px":552752.67,"py":4182876.52},{"vx":0.07,"ay":0.11,"az":9.81,"ax":0.09,"pz":10.12,"vy":0.07,"px":552752.66,"py":4182876.54},{"vx":0.22,"ay":0.84,"az":9.82,"ax":0.66,"pz":10.12,"vy":0.22,"px":552752.61,"py":4182876.57},{"vx":0.07,"ay":-0.45,"az":9.81,"ax":-0.35,"pz":10.12,"vy":0.07,"px":552752.44,"py":4182876.71}],"traffic_light":[3,3,3,3,3,3],"state_arr":[{"acceleration":-0.87,"throttle":0,"steering_target":1.64,"brake":19.77,"steering_rate":100,"speed":0.66},{"acceleration":-0.11,"throttle":0,"steering_target":1.71,"brake":14.5,"steering_rate":100,"speed":0.35},{"acceleration":0,"throttle":0,"steering_target":1.53,"brake":14.5,"steering_rate":100,"speed":0.09},{"acceleration":0.09,"throttle":15.7,"steering_target":1.53,"brake":0,"steering_rate":100,"speed":0.03},{"acceleration":0.04,"throttle":15.7,"steering_target":0,"brake":0,"steering_rate":100,"speed":0.11},{"acceleration":-0.13,"throttle":0,"steering_target":0.01,"brake":14.5,"steering_rate":100,"speed":0.33},{"acceleration":0,"throttle":0,"steering_target":0,"brake":14.5,"steering_rate":100,"speed":0.02}],"obstacle_arr":[[{"acceleration":{"y":0.04,"x":-0.58,"z":0},"position":{"y":4182877.83,"x":552750.16,"z":10.81},"volume":0.17,"type":"PEDESTRIAN","velocity":{"y":0.55,"x":-0.43,"z":0}}],[{"acceleration":{"y":0.19,"x":-0.08,"z":0},"position":{"y":4182878.41,"x":552749.77,"z":10.82},"volume":0.12,"type":"PEDESTRIAN","velocity":{"y":0.74,"x":-0.53,"z":0}}],[{"acceleration":{"y":-0.38,"x":0.21,"z":0},"position":{"y":4182878.63,"x":552749.66,"z":10.77},"volume":0.14,"type":"PEDESTRIAN","velocity":{"y":0.4,"x":-0.39,"z":0}}],[{"acceleration":{"y":-0.78,"x":0.72,"z":0},"position":{"y":4182878.96,"x":552749.79,"z":10.78},"volume":0.14,"type":"PEDESTRIAN","velocity":{"y":0,"x":0,"z":0}}],[{"acceleration":{"y":-0.05,"x":0.04,"z":0},"position":{"y":4182879.18,"x":552749.86,"z":10.74},"volume":0.22,"type":"PEDESTRIAN","velocity":{"y":0,"x":0,"z":0}},{"acceleration":{"y":0,"x":0,"z":0},"position":{"y":4182886.33,"x":552736.92,"z":10.53},"volume":0.11,"type":"PEDESTRIAN","velocity":{"y":0,"x":0,"z":0}}],[{"acceleration":{"y":0,"x":0,"z":0},"position":{"y":4182879.54,"x":552750.04,"z":10.77},"volume":0.16,"type":"PEDESTRIAN","velocity":{"y":0,"x":0,"z":0}}]],"action_description":"Pedestrian crossing the road (left to right)","ev_state":[-122.61092376709,10.1252031326294,391.521881103516,0,0,0,12,-1,359.968902587891,308.070861816406,0.0507987253367901,0.0014641411647202483],"collision_probability":0.381}
 timestamp= 1619809162000 [RUN] Validate G1 Guard Condition: 
The ego vehicle E Detection.Collision == True.
 timestamp= 1619809162000 [RES] Global Validate result: 
false
 timestamp= 1619809162000 [RUN] Validate G2 Guard Condition: 
The ego vehicle E Detection.OffRoad == True.
 timestamp= 1619809162000 [RES] Global Validate result: 
false
 timestamp= 1619809162000 [RUN] Validate G3 Guard Condition: 
The ego vehicle E Detection.HardBrake == True.
 timestamp= 1619809162000 [RES] Global Validate result: 
false
 timestamp= 1619809162000 [RUN] Validate G4 Guard Condition: 
The ego vehicle E Detection.ArrivalTest == True.
 timestamp= 1619809162000 [RES] Global Validate result: 
false
 timestamp= 1619809162000 [RUN] Validate step: 
The test system VALIDATES THAT the Apollo A Status.GetControl is nearly equal to {"acceleration": -0.0, "throttle": 0.0, "steering_target": 0.0, "brake": 14.5, "steering_rate": 100.0, "speed": 0.02}
 timestamp= 1619809162000 [RES] Validate result: 
true
 timestamp= 1619809162000 [RUN] Generate steps
 timestamp= 1619809162000 [RUN] Validate step: 
The test system VALIDATES THAT the simulator S Status.GetEnvironment is nearly equal to {"x": -122.61, "y": 10.13, "z": 391.52, "rain": 0.0, "fog": 0.0, "wetness": 0.0, "timeofday": 12.0, "signal": -1.0, "rx": 359.97, "ry": 308.07, "rz": 0.05, "speed": 0.0}
 timestamp= 1619809162000 [RES] Validate result: 
true
 timestamp= 1619809162000 [RUN] Execute API step: 
The environment controller C INVOKES API Control.Agents.Pedestrians.WalkRandomly(which_lane=Left_Lane).
 timestamp= 1619809166000 [RES] API result: 
{"pose_arr":[{"vx":0.01,"ay":0.16,"az":9.81,"ax":0.12,"pz":10.12,"vy":0.01,"px":552752.43,"py":4182876.71},{"vx":0,"ay":0,"az":9.81,"ax":-0.01,"pz":10.12,"vy":0,"px":552752.42,"py":4182876.72},{"vx":0.93,"ay":2.37,"az":9.81,"ax":1.85,"pz":10.12,"vy":0.93,"px":552752.12,"py":4182876.96},{"vx":0.77,"ay":-0.36,"az":9.81,"ax":-0.31,"pz":10.13,"vy":0.77,"px":552751.53,"py":4182877.41},{"vx":0.55,"ay":-0.38,"az":9.81,"ax":-0.29,"pz":10.13,"vy":0.55,"px":552750.93,"py":4182877.88},{"vx":1.36,"ay":3.42,"az":9.8,"ax":2.67,"pz":10.12,"vy":1.36,"px":552750.24,"py":4182878.41},{"vx":0.86,"ay":-1.15,"az":9.81,"ax":-0.86,"pz":10.13,"vy":0.86,"px":552749.34,"py":4182879.11}],"traffic_light":[3,1,3,3,3,1],"state_arr":[{"acceleration":0,"throttle":0,"steering_target":0,"brake":14.5,"steering_rate":100,"speed":0.02},{"acceleration":0.53,"throttle":49.32,"steering_target":0,"brake":0,"steering_rate":100,"speed":0.06},{"acceleration":-0.08,"throttle":0,"steering_target":-0.35,"brake":14.5,"steering_rate":100,"speed":0.93},{"acceleration":0.04,"throttle":34.86,"steering_target":0.98,"brake":0,"steering_rate":100,"speed":1.25},{"acceleration":0.16,"throttle":15.7,"steering_target":1.47,"brake":0,"steering_rate":100,"speed":1.02},{"acceleration":0.37,"throttle":33.84,"steering_target":1.55,"brake":0,"steering_rate":100,"speed":0.76},{"acceleration":-2.08,"throttle":0,"steering_target":2.76,"brake":32.1,"steering_rate":100,"speed":2.31},{"acceleration":-0.65,"throttle":0,"steering_target":1.54,"brake":16.49,"steering_rate":100,"speed":1.44}],"obstacle_arr":[[{"acceleration":{"y":0.35,"x":0.63,"z":0},"position":{"y":4182879.79,"x":552750.36,"z":10.82},"volume":0.18,"type":"PEDESTRIAN","velocity":{"y":0.26,"x":0.47,"z":0}}],[],[],[],[],[{"acceleration":{"y":0,"x":0,"z":0},"position":{"y":4182886.87,"x":552736.22,"z":10.29},"volume":0.14,"type":"PEDESTRIAN","velocity":{"y":0,"x":0,"z":0}},{"acceleration":{"y":0,"x":0,"z":0},"position":{"y":4182886.73,"x":552741.04,"z":10.31},"volume":0.27,"type":"PEDESTRIAN","velocity":{"y":0,"x":0,"z":0}}],[{"acceleration":{"y":0,"x":0,"z":0},"position":{"y":4182886.79,"x":552742.02,"z":10.14},"volume":0.32,"type":"PEDESTRIAN","velocity":{"y":0,"x":0,"z":0}}]],"action_description":"Pedestrian crossing the road (left to right)","ev_state":[-125.716766357422,10.1248302459717,393.908782958984,0,0,0,12,-1,0.0869958326220512,307.360076904297,-0.0055557950399816,1.4447645587124063],"collision_probability":0.552}
 timestamp= 1619809166000 [RUN] Validate G1 Guard Condition: 
The ego vehicle E Detection.Collision == True.
 timestamp= 1619809166000 [RES] Global Validate result: 
false
 timestamp= 1619809166000 [RUN] Validate G2 Guard Condition: 
The ego vehicle E Detection.OffRoad == True.
 timestamp= 1619809166000 [RES] Global Validate result: 
false
 timestamp= 1619809166000 [RUN] Validate G3 Guard Condition: 
The ego vehicle E Detection.HardBrake == True.
 timestamp= 1619809166000 [RES] Global Validate result: 
false
 timestamp= 1619809166000 [RUN] Validate G4 Guard Condition: 
The ego vehicle E Detection.ArrivalTest == True.
 timestamp= 1619809166000 [RES] Global Validate result: 
false
 timestamp= 1619809166000 [RUN] Validate step: 
The test system VALIDATES THAT the Apollo A Status.GetControl is nearly equal to {"acceleration": -0.65, "throttle": 0.0, "steering_target": 1.54, "brake": 16.49, "steering_rate": 100.0, "speed": 1.44}
 timestamp= 1619809166000 [RES] Validate result: 
true
 timestamp= 1619809166000 [RUN] Generate steps
 timestamp= 1619809166000 [RUN] Validate step: 
The test system VALIDATES THAT the simulator S Status.GetEnvironment is nearly equal to {"x": -125.72, "y": 10.12, "z": 393.91, "rain": 0.0, "fog": 0.0, "wetness": 0.0, "timeofday": 12.0, "signal": -1.0, "rx": 0.09, "ry": 307.36, "rz": -0.01, "speed": 1.44}
 timestamp= 1619809166000 [RES] Validate result: 
true
 timestamp= 1619809166000 [RUN] Execute API step: 
The environment controller C INVOKES API Control.Agents.Pedestrians.WalkRandomly(which_lane=Left_Lane).
 timestamp= 1619809170000 [RES] API result: 
{"pose_arr":[{"vx":0.79,"ay":0.22,"az":9.8,"ax":0.17,"pz":10.13,"vy":0.79,"px":552748.92,"py":4182879.43},{"vx":1.47,"ay":2.45,"az":9.8,"ax":1.84,"pz":10.12,"vy":1.47,"px":552748.08,"py":4182880.07},{"vx":1.95,"ay":0.26,"az":9.84,"ax":0.15,"pz":10.12,"vy":1.95,"px":552747.03,"py":4182880.85},{"vx":2.33,"ay":-2,"az":9.88,"ax":-1.45,"pz":10.12,"vy":2.33,"px":552744.87,"py":4182882.44},{"vx":1.38,"ay":-2.65,"az":9.82,"ax":-1.89,"pz":10.13,"vy":1.38,"px":552743.4,"py":4182883.5},{"vx":0.38,"ay":-1.58,"az":9.81,"ax":-1.13,"pz":10.13,"vy":0.38,"px":552742.64,"py":4182884.05},{"vx":0,"ay":0,"az":9.81,"ax":0,"pz":10.13,"vy":0,"px":552742.53,"py":4182884.12}],"traffic_light":[3,3,3,3,3,3,3],"state_arr":[{"acceleration":0.49,"throttle":36.06,"steering_target":1.47,"brake":0,"steering_rate":100,"speed":1.35},{"acceleration":0.53,"throttle":19.4,"steering_target":2.2,"brake":0,"steering_rate":100,"speed":2.47},{"acceleration":0.65,"throttle":21.63,"steering_target":1.21,"brake":0,"steering_rate":100,"speed":3.31},{"acceleration":-2.46,"throttle":0,"steering_target":3.38,"brake":35.08,"steering_rate":100,"speed":4.29},{"acceleration":-3.53,"throttle":0,"steering_target":0.51,"brake":43.55,"steering_rate":100,"speed":3.03},{"acceleration":-2.26,"throttle":0,"steering_target":0.47,"brake":33.65,"steering_rate":100,"speed":1.43},{"acceleration":-1.08,"throttle":0,"steering_target":1.05,"brake":22.98,"steering_rate":100,"speed":0.22}],"obstacle_arr":[[],[{"acceleration":{"y":0,"x":0,"z":0},"position":{"y":4182886.05,"x":552743.1,"z":10.11},"volume":0.49,"type":"PEDESTRIAN","velocity":{"y":-0.47,"x":0.65,"z":0}}],[],[{"acceleration":{"y":-0.22,"x":0.9,"z":0},"position":{"y":4182886.78,"x":552739.73,"z":10.44},"volume":0.29,"type":"PEDESTRIAN","velocity":{"y":-0.16,"x":0.66,"z":0}},{"acceleration":{"y":-0.01,"x":0.01,"z":0},"position":{"y":4182885.34,"x":552744.13,"z":10.42},"volume":0.36,"type":"PEDESTRIAN","velocity":{"y":-0.74,"x":1.07,"z":0}}],[{"acceleration":{"y":0,"x":0.12,"z":0},"position":{"y":4182886.99,"x":552739.84,"z":10.47},"volume":0.19,"type":"PEDESTRIAN","velocity":{"y":0,"x":0,"z":0}},{"acceleration":{"y":0,"x":0,"z":0},"position":{"y":4182888.77,"x":552732.58,"z":10.64},"volume":0.14,"type":"PEDESTRIAN","velocity":{"y":0,"x":0,"z":0}}],[{"acceleration":{"y":0.47,"x":0.06,"z":0},"position":{"y":4182887.08,"x":552740.52,"z":10.62},"volume":0.22,"type":"PEDESTRIAN","velocity":{"y":0.34,"x":0.62,"z":0}}],[{"acceleration":{"y":0,"x":0,"z":0},"position":{"y":4182884.77,"x":552745.23,"z":10.52},"volume":0.09,"type":"PEDESTRIAN","velocity":{"y":-0.37,"x":0.53,"z":0}},{"acceleration":{"y":0,"x":0,"z":0},"position":{"y":4182888.62,"x":552733.97,"z":10.47},"volume":0.12,"type":"PEDESTRIAN","velocity":{"y":0,"x":0,"z":0}}]],"action_description":"Pedestrian crossing the road (left to right)","ev_state":[-132.549438476563,10.1248302459717,398.886352539063,0,0,0,12,-1,0.0410041175782681,305.517974853516,0.000546813767869025,0.0005941395954658301],"collision_probability":0.523}
 timestamp= 1619809170000 [RUN] Validate G1 Guard Condition: 
The ego vehicle E Detection.Collision == True.
 timestamp= 1619809170000 [RES] Global Validate result: 
false
 timestamp= 1619809170000 [RUN] Validate G2 Guard Condition: 
The ego vehicle E Detection.OffRoad == True.
 timestamp= 1619809170000 [RES] Global Validate result: 
false
 timestamp= 1619809170000 [RUN] Validate G3 Guard Condition: 
The ego vehicle E Detection.HardBrake == True.
 timestamp= 1619809170000 [RES] Global Validate result: 
true
 timestamp= 1619809170000 [RUN] HardBrake == True
 timestamp= 1619809170000 [RUN] RESUME STEP @preStep
 timestamp= 1619809170000 [RUN] Resume step basicflow25
 timestamp= 1619809170000 [RUN] Validate G4 Guard Condition: 
The ego vehicle E Detection.ArrivalTest == True.
 timestamp= 1619809170000 [RES] Global Validate result: 
false
 timestamp= 1619809170000 [RUN] Validate step: 
The test system VALIDATES THAT the Apollo A Status.GetControl is nearly equal to {"acceleration": -1.08, "throttle": 0.0, "steering_target": 1.05, "brake": 22.98, "steering_rate": 100.0, "speed": 0.22}
 timestamp= 1619809170000 [RES] Validate result: 
true
 timestamp= 1619809170000 [RUN] Generate steps
 timestamp= 1619809170000 [RUN] Validate step: 
The test system VALIDATES THAT the simulator S Status.GetEnvironment is nearly equal to {"x": -132.55, "y": 10.12, "z": 398.89, "rain": 0.0, "fog": 0.0, "wetness": 0.0, "timeofday": 12.0, "signal": -1.0, "rx": 0.04, "ry": 305.52, "rz": 0.0, "speed": 0.0}
 timestamp= 1619809170000 [RES] Validate result: 
true
 timestamp= 1619809170000 [RUN] Execute API step: 
The environment controller C INVOKES API Control.Agents.Pedestrians.WalkRandomly(which_lane=Left_Lane).
 timestamp= 1619809173000 [RES] API result: 
{"pose_arr":[{"vx":0,"ay":0,"az":9.81,"ax":0,"pz":10.12,"vy":0,"px":552742.53,"py":4182884.12},{"vx":0,"ay":0,"az":9.81,"ax":0,"pz":10.12,"vy":0,"px":552742.53,"py":4182884.12},{"vx":0,"ay":0,"az":9.81,"ax":0,"pz":10.12,"vy":0,"px":552742.53,"py":4182884.12},{"vx":0,"ay":0,"az":9.81,"ax":0,"pz":10.12,"vy":0,"px":552742.53,"py":4182884.12},{"vx":0,"ay":0,"az":9.81,"ax":0,"pz":10.12,"vy":0,"px":552742.53,"py":4182884.12},{"vx":0,"ay":0,"az":9.81,"ax":0,"pz":10.12,"vy":0,"px":552742.53,"py":4182884.12}],"traffic_light":[3,3,3,3,3,3],"state_arr":[{"acceleration":-0.28,"throttle":0,"steering_target":1.05,"brake":55.93,"steering_rate":100,"speed":0},{"acceleration":-0.25,"throttle":0,"steering_target":1.05,"brake":66.23,"steering_rate":100,"speed":0},{"acceleration":-3,"throttle":0,"steering_target":1.05,"brake":69.99,"steering_rate":100,"speed":0},{"acceleration":-3,"throttle":0,"steering_target":1.05,"brake":69.99,"steering_rate":100,"speed":0},{"acceleration":-3,"throttle":0,"steering_target":1.05,"brake":70,"steering_rate":100,"speed":0},{"acceleration":-3,"throttle":0,"steering_target":1.05,"brake":70,"steering_rate":100,"speed":0},{"acceleration":-3,"throttle":0,"steering_target":1.05,"brake":69.99,"steering_rate":100,"speed":0},{"acceleration":-3,"throttle":0,"steering_target":1.05,"brake":69.99,"steering_rate":100,"speed":0}],"obstacle_arr":[[{"acceleration":{"y":0.07,"x":0.05,"z":0},"position":{"y":4182884.61,"x":552745.55,"z":10.48},"volume":0.18,"type":"PEDESTRIAN","velocity":{"y":-0.35,"x":0.55,"z":0}},{"acceleration":{"y":0,"x":0,"z":0},"position":{"y":4182888.64,"x":552734.32,"z":10.57},"volume":0.17,"type":"PEDESTRIAN","velocity":{"y":0,"x":0,"z":0}}],[{"acceleration":{"y":-0.31,"x":0.22,"z":0},"position":{"y":4182884.15,"x":552746.12,"z":10.45},"volume":0.11,"type":"PEDESTRIAN","velocity":{"y":-0.54,"x":0.64,"z":0}},{"acceleration":{"y":-0.06,"x":0.81,"z":0},"position":{"y":4182888.51,"x":552735.04,"z":10.36},"volume":0.14,"type":"PEDESTRIAN","velocity":{"y":-0.05,"x":0.77,"z":0}},{"acceleration":{"y":0,"x":0.02,"z":0},"position":{"y":4182887.2,"x":552742.24,"z":10.91},"volume":0.13,"type":"PEDESTRIAN","velocity":{"y":0.05,"x":0.63,"z":0}}],[{"acceleration":{"y":0,"x":0.07,"z":0},"position":{"y":4182888.47,"x":552735.45,"z":10.5},"volume":0.18,"type":"PEDESTRIAN","velocity":{"y":-0.02,"x":0.72,"z":0}},{"acceleration":{"y":0.06,"x":0.5,"z":0},"position":{"y":4182887.17,"x":552742.65,"z":11.05},"volume":0.09,"type":"PEDESTRIAN","velocity":{"y":0.08,"x":0.87,"z":0}}],[{"acceleration":{"y":0.01,"x":-0.03,"z":0},"position":{"y":4182888.42,"x":552735.99,"z":10.49},"volume":0.22,"type":"PEDESTRIAN","velocity":{"y":-0.07,"x":0.83,"z":0}},{"acceleration":{"y":0.09,"x":0.28,"z":0},"position":{"y":4182887.2,"x":552743.25,"z":10.91},"volume":0.15,"type":"PEDESTRIAN","velocity":{"y":0.08,"x":1.11,"z":0}}],[{"acceleration":{"y":0.04,"x":0.15,"z":0},"position":{"y":4182888.28,"x":552736.77,"z":10.49},"volume":0.2,"type":"PEDESTRIAN","velocity":{"y":-0.17,"x":1.12,"z":0}},{"acceleration":{"y":-0.02,"x":-0.21,"z":0},"position":{"y":4182887.17,"x":552743.97,"z":10.53},"volume":0.33,"type":"PEDESTRIAN","velocity":{"y":0.04,"x":1.11,"z":0}}],[{"acceleration":{"y":-0.01,"x":0,"z":0},"position":{"y":4182888.15,"x":552737.43,"z":10.53},"volume":0.17,"type":"PEDESTRIAN","velocity":{"y":-0.16,"x":0.92,"z":0}},{"acceleration":{"y":-0.59,"x":-0.35,"z":0},"position":{"y":4182887.11,"x":552744.61,"z":10.51},"volume":0.2,"type":"PEDESTRIAN","velocity":{"y":-0.28,"x":0.81,"z":0}}],[{"acceleration":{"y":0.11,"x":-0.53,"z":0},"position":{"y":4182888.12,"x":552737.87,"z":10.35},"volume":0.2,"type":"PEDESTRIAN","velocity":{"y":-0.09,"x":0.59,"z":0}},{"acceleration":{"y":-0.68,"x":-0.81,"z":0},"position":{"y":4182886.7,"x":552744.68,"z":10.5},"volume":0.2,"type":"PEDESTRIAN","velocity":{"y":-0.68,"x":0.26,"z":0}},{"acceleration":{"y":0,"x":0,"z":0},"position":{"y":4182882.36,"x":552748.01,"z":10.5},"volume":0.14,"type":"PEDESTRIAN","velocity":{"y":-0.37,"x":0.55,"z":0}}]],"action_description":"Pedestrian crossing the road (left to right)","ev_state":[-132.54963684082,10.1248035430908,398.886505126953,0,0,0,12,-1,-0.00000223043662117561,305.518005371094,-5.20418090843577e-8,0.00006811284828270512],"collision_probability":0.447}
 timestamp= 1619809173000 [RUN] Validate G1 Guard Condition: 
The ego vehicle E Detection.Collision == True.
 timestamp= 1619809173000 [RES] Global Validate result: 
false
 timestamp= 1619809173000 [RUN] Validate G2 Guard Condition: 
The ego vehicle E Detection.OffRoad == True.
 timestamp= 1619809173000 [RES] Global Validate result: 
false
 timestamp= 1619809173000 [RUN] Validate G3 Guard Condition: 
The ego vehicle E Detection.HardBrake == True.
 timestamp= 1619809173000 [RES] Global Validate result: 
false
 timestamp= 1619809173000 [RUN] Validate G4 Guard Condition: 
The ego vehicle E Detection.ArrivalTest == True.
 timestamp= 1619809173000 [RES] Global Validate result: 
false
 timestamp= 1619809173000 [RUN] Validate step: 
The test system VALIDATES THAT the Apollo A Status.GetControl is nearly equal to {"acceleration": -3.0, "throttle": 0.0, "steering_target": 1.05, "brake": 69.99, "steering_rate": 100.0, "speed": 0.0}
 timestamp= 1619809173000 [RES] Validate result: 
true
 timestamp= 1619809173000 [RUN] Generate steps
 timestamp= 1619809173000 [RUN] Validate step: 
The test system VALIDATES THAT the simulator S Status.GetEnvironment is nearly equal to {"x": -132.55, "y": 10.12, "z": 398.89, "rain": 0.0, "fog": 0.0, "wetness": 0.0, "timeofday": 12.0, "signal": -1.0, "rx": -0.0, "ry": 305.52, "rz": -0.0, "speed": 0.0}
 timestamp= 1619809173000 [RES] Validate result: 
true
 timestamp= 1619809173000 [RUN] Execute API step: 
The environment controller C INVOKES API Control.Agents.Pedestrians.WalkRandomly(which_lane=Left_Lane).
 timestamp= 1619809177000 [RES] API result: 
{"pose_arr":[{"vx":0,"ay":0,"az":9.81,"ax":0,"pz":10.12,"vy":0,"px":552742.53,"py":4182884.12},{"vx":0,"ay":0,"az":9.81,"ax":0,"pz":10.12,"vy":0,"px":552742.53,"py":4182884.12},{"vx":0,"ay":0,"az":9.81,"ax":0,"pz":10.12,"vy":0,"px":552742.53,"py":4182884.12},{"vx":0,"ay":0,"az":9.81,"ax":0,"pz":10.12,"vy":0,"px":552742.53,"py":4182884.12},{"vx":0.03,"ay":0.22,"az":9.81,"ax":0.16,"pz":10.12,"vy":0.03,"px":552742.53,"py":4182884.13},{"vx":0.96,"ay":2.06,"az":9.82,"ax":1.48,"pz":10.12,"vy":0.96,"px":552742.08,"py":4182884.45},{"vx":1.58,"ay":2.55,"az":9.8,"ax":1.79,"pz":10.12,"vy":1.58,"px":552740.99,"py":4182885.22}],"traffic_light":[3,3,3,3,0],"state_arr":[{"acceleration":-3,"throttle":0,"steering_target":1.05,"brake":69.99,"steering_rate":100,"speed":0},{"acceleration":-3,"throttle":0,"steering_target":1.05,"brake":69.99,"steering_rate":100,"speed":0},{"acceleration":-3,"throttle":0,"steering_target":1.05,"brake":69.99,"steering_rate":100,"speed":0},{"acceleration":-3,"throttle":0,"steering_target":1.05,"brake":69.99,"steering_rate":100,"speed":0},{"acceleration":0.64,"throttle":82.22,"steering_target":0.59,"brake":0,"steering_rate":100,"speed":0.37},{"acceleration":1.13,"throttle":33.89,"steering_target":0.09,"brake":0,"steering_rate":100,"speed":1.72},{"acceleration":0.68,"throttle":59.66,"steering_target":0.75,"brake":0,"steering_rate":100,"speed":2.53}],"obstacle_arr":[[{"acceleration":{"y":-0.06,"x":0.87,"z":0},"position":{"y":4182888.1,"x":552738.15,"z":10.35},"volume":0.35,"type":"PEDESTRIAN","velocity":{"y":-0.07,"x":0.7,"z":0}},{"acceleration":{"y":-0.01,"x":-0.27,"z":0},"position":{"y":4182886.43,"x":552744.9,"z":10.48},"volume":0.35,"type":"PEDESTRIAN","velocity":{"y":-0.76,"x":0.21,"z":0}},{"acceleration":{"y":0,"x":0,"z":0},"position":{"y":4182882.18,"x":552748.19,"z":10.49},"volume":0.2,"type":"PEDESTRIAN","velocity":{"y":-0.35,"x":0.55,"z":0}}],[{"acceleration":{"y":0.15,"x":0.56,"z":0},"position":{"y":4182888.02,"x":552738.82,"z":10.4},"volume":0.37,"type":"PEDESTRIAN","velocity":{"y":0.08,"x":1.11,"z":0}},{"acceleration":{"y":0.1,"x":-0.07,"z":0},"position":{"y":4182886.06,"x":552744.99,"z":10.48},"volume":0.27,"type":"PEDESTRIAN","velocity":{"y":-0.73,"x":0.2,"z":0}},{"acceleration":{"y":0.09,"x":-0.15,"z":0},"position":{"y":4182881.93,"x":552748.66,"z":10.57},"volume":0.15,"type":"PEDESTRIAN","velocity":{"y":-0.27,"x":0.45,"z":0}}],[{"acceleration":{"y":-0.23,"x":-0.16,"z":0},"position":{"y":4182887.86,"x":552739.43,"z":10.42},"volume":0.39,"type":"PEDESTRIAN","velocity":{"y":-0.15,"x":1.06,"z":0}},{"acceleration":{"y":0.35,"x":-0.02,"z":0},"position":{"y":4182885.49,"x":552745.2,"z":10.5},"volume":0.21,"type":"PEDESTRIAN","velocity":{"y":-0.58,"x":0.2,"z":0}},{"acceleration":{"y":-0.07,"x":-0.01,"z":0},"position":{"y":4182881.61,"x":552748.94,"z":10.53},"volume":0.07,"type":"PEDESTRIAN","velocity":{"y":-0.31,"x":0.44,"z":0}}],[{"acceleration":{"y":0.05,"x":-0.81,"z":0},"position":{"y":4182887.86,"x":552739.88,"z":10.42},"volume":0.25,"type":"PEDESTRIAN","velocity":{"y":-0.09,"x":0.74,"z":0}},{"acceleration":{"y":-0.01,"x":0.18,"z":0},"position":{"y":4182885.21,"x":552745.33,"z":10.48},"volume":0.26,"type":"PEDESTRIAN","velocity":{"y":-0.64,"x":0.28,"z":0}}],[{"acceleration":{"y":-0.08,"x":-0.46,"z":0},"position":{"y":4182887.81,"x":552740.34,"z":10.51},"volume":0.27,"type":"PEDESTRIAN","velocity":{"y":-0.19,"x":0.74,"z":0}},{"acceleration":{"y":0.39,"x":-0.18,"z":0},"position":{"y":4182884.81,"x":552745.48,"z":10.49},"volume":0.21,"type":"PEDESTRIAN","velocity":{"y":-0.56,"x":0.24,"z":0}},{"acceleration":{"y":0,"x":0,"z":0},"position":{"y":4182881.4,"x":552749.31,"z":10.63},"volume":0.11,"type":"PEDESTRIAN","velocity":{"y":0,"x":0,"z":0}}],[{"acceleration":{"y":-0.51,"x":0.02,"z":0},"position":{"y":4182887.63,"x":552741.24,"z":10.95},"volume":0.02,"type":"PEDESTRIAN","velocity":{"y":-0.45,"x":0.9,"z":0}},{"acceleration":{"y":-0.16,"x":0.67,"z":0},"position":{"y":4182884.4,"x":552745.97,"z":10.5},"volume":0.16,"type":"PEDESTRIAN","velocity":{"y":-0.61,"x":0.7,"z":0}}],[{"acceleration":{"y":-0.2,"x":0.23,"z":0},"position":{"y":4182887.49,"x":552741.89,"z":11.17},"volume":0.08,"type":"PEDESTRIAN","velocity":{"y":-0.6,"x":1.16,"z":0}},{"acceleration":{"y":-0.4,"x":0.66,"z":0},"position":{"y":4182883.89,"x":552746.37,"z":10.53},"volume":0.12,"type":"PEDESTRIAN","velocity":{"y":-0.93,"x":1.16,"z":0}}]],"action_description":"Pedestrian crossing the road (left to right)","ev_state":[-135.101501464844,10.124641418457,400.695648193359,0,0,0,12,-1,359.949798583984,305.296997070313,-0.00478192279115319,3.0888012970283447],"collision_probability":0.467}
 timestamp= 1619809177000 [RUN] Validate G1 Guard Condition: 
The ego vehicle E Detection.Collision == True.
 timestamp= 1619809177000 [RES] Global Validate result: 
false
 timestamp= 1619809177000 [RUN] Validate G2 Guard Condition: 
The ego vehicle E Detection.OffRoad == True.
 timestamp= 1619809177000 [RES] Global Validate result: 
false
 timestamp= 1619809177000 [RUN] Validate G3 Guard Condition: 
The ego vehicle E Detection.HardBrake == True.
 timestamp= 1619809177000 [RES] Global Validate result: 
false
 timestamp= 1619809177000 [RUN] Validate G4 Guard Condition: 
The ego vehicle E Detection.ArrivalTest == True.
 timestamp= 1619809177000 [RES] Global Validate result: 
false
 timestamp= 1619809177000 [RUN] Validate step: 
The test system VALIDATES THAT the Apollo A Status.GetControl is nearly equal to {"acceleration": 0.68, "throttle": 59.66, "steering_target": 0.75, "brake": 0.0, "steering_rate": 100.0, "speed": 2.53}
 timestamp= 1619809177000 [RES] Validate result: 
true
 timestamp= 1619809177000 [RUN] Generate steps
 timestamp= 1619809177000 [RUN] Validate step: 
The test system VALIDATES THAT the simulator S Status.GetEnvironment is nearly equal to {"x": -135.1, "y": 10.12, "z": 400.7, "rain": 0.0, "fog": 0.0, "wetness": 0.0, "timeofday": 12.0, "signal": -1.0, "rx": 359.95, "ry": 305.3, "rz": -0.0, "speed": 3.09}
 timestamp= 1619809177000 [RES] Validate result: 
true
 timestamp= 1619809177000 [RUN] Execute API step: 
The environment controller C INVOKES API Control.Agents.NPCVehicle.NPCVehicleMaintainLane(which_lane=Current_Lane&which_car=Jeep).
 timestamp= 1619809181000 [RES] API result: 
{"pose_arr":[{"vx":1.94,"ay":3.48,"az":9.78,"ax":2.45,"pz":10.12,"vy":1.94,"px":552739.76,"py":4182886.09},{"vx":2.37,"ay":-0.44,"az":9.83,"ax":-0.28,"pz":10.12,"vy":2.37,"px":552737.87,"py":4182887.42},{"vx":2,"ay":-1.63,"az":9.82,"ax":-1.12,"pz":10.13,"vy":2,"px":552735.98,"py":4182888.73},{"vx":1.28,"ay":-2.67,"az":9.8,"ax":-1.95,"pz":10.13,"vy":1.28,"px":552734.83,"py":4182889.52},{"vx":0.34,"ay":-1.63,"az":9.81,"ax":-1.14,"pz":10.13,"vy":0.34,"px":552734.12,"py":4182890},{"vx":0,"ay":0,"az":9.8,"ax":0,"pz":10.13,"vy":0,"px":552734.03,"py":4182890.06},{"vx":0,"ay":0,"az":9.81,"ax":0,"pz":10.13,"vy":0,"px":552734.03,"py":4182890.06},{"vx":0,"ay":0.03,"az":14.61,"ax":-0.04,"pz":10.13,"vy":0,"px":552734.03,"py":4182890.06}],"traffic_light":[0,3,1,3,3,3,1],"state_arr":[{"acceleration":1.21,"throttle":59.91,"steering_target":0.7,"brake":0,"steering_rate":100,"speed":3.05},{"acceleration":-0.19,"throttle":0,"steering_target":2.78,"brake":14.5,"steering_rate":100,"speed":4.12},{"acceleration":-1.66,"throttle":0,"steering_target":0.84,"brake":27.37,"steering_rate":100,"speed":3.97},{"acceleration":-3.4,"throttle":0,"steering_target":1.68,"brake":42.68,"steering_rate":100,"speed":3.04},{"acceleration":-2.47,"throttle":0,"steering_target":1.63,"brake":35.41,"steering_rate":100,"speed":1.4},{"acceleration":-1.46,"throttle":0,"steering_target":1.54,"brake":27.33,"steering_rate":100,"speed":0.34},{"acceleration":-0.54,"throttle":0,"steering_target":1.16,"brake":27.7,"steering_rate":100,"speed":0},{"acceleration":-0.32,"throttle":0,"steering_target":1.16,"brake":42.13,"steering_rate":100,"speed":0},{"acceleration":-0.39,"throttle":0,"steering_target":0,"brake":14.5,"steering_rate":100,"speed":0.25}],"obstacle_arr":[[{"acceleration":{"y":0.6,"x":-0.15,"z":0},"position":{"y":4182887.35,"x":552742.36,"z":10.68},"volume":0.19,"type":"PEDESTRIAN","velocity":{"y":-0.32,"x":1.12,"z":0}},{"acceleration":{"y":-0.22,"x":0.02,"z":0},"position":{"y":4182883.5,"x":552746.75,"z":10.52},"volume":0.11,"type":"PEDESTRIAN","velocity":{"y":-0.99,"x":1.11,"z":0}},{"acceleration":{"y":0,"x":0,"z":0},"position":{"y":4182892.2,"x":552727.44,"z":11},"volume":0.01,"type":"PEDESTRIAN","velocity":{"y":0,"x":0,"z":0}},{"acceleration":{"y":0,"x":0,"z":0},"position":{"y":4182890.95,"x":552731.09,"z":10.79},"volume":0.04,"type":"PEDESTRIAN","velocity":{"y":0,"x":0,"z":0}}],[{"acceleration":{"y":0.77,"x":-0.66,"z":0},"position":{"y":4182887.27,"x":552742.95,"z":10.45},"volume":0.22,"type":"PEDESTRIAN","velocity":{"y":0.08,"x":0.8,"z":0}},{"acceleration":{"y":0,"x":0.01,"z":0},"position":{"y":4182890.54,"x":552731.1,"z":10.56},"volume":0.17,"type":"PEDESTRIAN","velocity":{"y":0,"x":0,"z":0}},{"acceleration":{"y":0,"x":0,"z":0},"position":{"y":4182893.59,"x":552731.16,"z":10.49},"volume":8.17,"type":"VEHICLE","velocity":{"y":0,"x":0,"z":0}}],[{"acceleration":{"y":0.18,"x":-0.13,"z":0},"position":{"y":4182887.19,"x":552743.55,"z":10.64},"volume":0.08,"type":"PEDESTRIAN","velocity":{"y":0.2,"x":0.71,"z":0}},{"acceleration":{"y":0,"x":0,"z":0},"position":{"y":4182890.52,"x":552731.65,"z":10.47},"volume":0.25,"type":"PEDESTRIAN","velocity":{"y":0,"x":0,"z":0}},{"acceleration":{"y":0,"x":0,"z":0},"position":{"y":4182897.97,"x":552732.01,"z":10.44},"volume":11.46,"type":"VEHICLE","velocity":{"y":0,"x":0,"z":0}},{"acceleration":{"y":0.08,"x":-0.46,"z":0},"position":{"y":4182892.04,"x":552728.53,"z":10.48},"volume":0.14,"type":"PEDESTRIAN","velocity":{"y":-0.22,"x":0.97,"z":0}}],[{"acceleration":{"y":-0.1,"x":-0.79,"z":0},"position":{"y":4182887.25,"x":552744.05,"z":10.64},"volume":0.1,"type":"PEDESTRIAN","velocity":{"y":0,"x":0,"z":0}},{"acceleration":{"y":0,"x":0,"z":0},"position":{"y":4182901.59,"x":552733.78,"z":10.47},"volume":13.52,"type":"VEHICLE","velocity":{"y":0.16,"x":0.08,"z":0}},{"acceleration":{"y":-0.14,"x":-0.2,"z":0},"position":{"y":4182891.94,"x":552728.89,"z":10.42},"volume":0.33,"type":"PEDESTRIAN","velocity":{"y":-0.29,"x":0.66,"z":0}}],[{"acceleration":{"y":0,"x":0,"z":0},"position":{"y":4182907.44,"x":552737.33,"z":10.58},"volume":6.31,"type":"VEHICLE","velocity":{"y":0.43,"x":0.25,"z":0}},{"acceleration":{"y":0.14,"x":-0.54,"z":0},"position":{"y":4182891.99,"x":552729.32,"z":10.44},"volume":0.3,"type":"PEDESTRIAN","velocity":{"y":-0.04,"x":0.5,"z":0}}],[{"acceleration":{"y":0.02,"x":0.02,"z":0},"position":{"y":4182911.79,"x":552740.64,"z":10.63},"volume":5.15,"type":"VEHICLE","velocity":{"y":7.16,"x":5.4,"z":0}},{"acceleration":{"y":-0.01,"x":-0.19,"z":0},"position":{"y":4182891.83,"x":552729.71,"z":10.42},"volume":0.29,"type":"PEDESTRIAN","velocity":{"y":-0.08,"x":0.41,"z":0}}],[{"acceleration":{"y":1.24,"x":0.08,"z":0},"position":{"y":4182915.55,"x":552743.35,"z":10.85},"volume":4.25,"type":"VEHICLE","velocity":{"y":8.12,"x":5.4,"z":0}},{"acceleration":{"y":-0.03,"x":0.15,"z":0},"position":{"y":4182891.77,"x":552730.19,"z":10.42},"volume":0.28,"type":"PEDESTRIAN","velocity":{"y":-0.12,"x":0.62,"z":0}}],[{"acceleration":{"y":0.29,"x":0.63,"z":0},"position":{"y":4182919.57,"x":552746.46,"z":11.1},"volume":1.76,"type":"VEHICLE","velocity":{"y":7.77,"x":6,"z":0}},{"acceleration":{"y":-0.14,"x":0.46,"z":0},"position":{"y":4182891.67,"x":552730.62,"z":10.75},"volume":0.19,"type":"PEDESTRIAN","velocity":{"y":-0.19,"x":0.77,"z":0}}]],"action_description":"NPC vehicle (Jeep) driving on the current lane","ev_state":[-141.053848266602,10.141562461853,404.812469482422,0,0,0,12,0,0.0372477956116199,305.015655517578,359.930450439453,0.2450578397935569],"collision_probability":1}
 timestamp= 1619809181000 [RUN] Validate G1 Guard Condition: 
The ego vehicle E Detection.Collision == True.
 timestamp= 1619809181000 [RES] Global Validate result: 
true
 timestamp= 1619809181000 [RUN] Collision == True
 timestamp= 1619809181000 [RUN] Validate G2 Guard Condition: 
The ego vehicle E Detection.OffRoad == True.
 timestamp= 1619809181000 [RES] Global Validate result: 
false
 timestamp= 1619809181000 [RUN] Validate G3 Guard Condition: 
The ego vehicle E Detection.HardBrake == True.
 timestamp= 1619809181000 [RES] Global Validate result: 
true
 timestamp= 1619809181000 [RUN] HardBrake == True
 timestamp= 1619809181000 [RUN] RESUME STEP @preStep
 timestamp= 1619809181000 [RUN] Resume step basicflow34
 timestamp= 1619809181000 [RUN] Validate G4 Guard Condition: 
The ego vehicle E Detection.ArrivalTest == True.
 timestamp= 1619809181000 [RES] Global Validate result: 
false
 timestamp= 1619809181000 [RUN] Validate step: 
The test system VALIDATES THAT the Apollo A Status.GetControl is nearly equal to {"acceleration": -0.39, "throttle": 0.0, "steering_target": 0.0, "brake": 14.5, "steering_rate": 100.0, "speed": 0.25}
 timestamp= 1619809181000 [RES] Validate result: 
true
 timestamp= 1619809181000 [RUN] Generate steps
 timestamp= 1619809181000 [RUN] Validate step: 
The test system VALIDATES THAT the simulator S Status.GetEnvironment is nearly equal to {"x": -141.05, "y": 10.14, "z": 404.81, "rain": 0.0, "fog": 0.0, "wetness": 0.0, "timeofday": 12.0, "signal": 0.0, "rx": 0.04, "ry": 305.02, "rz": 359.93, "speed": 0.25}
 timestamp= 1619809181000 [RES] Validate result: 
true
 timestamp= 1619809181000 [RUN] Execute API step: 
The environment controller C INVOKES API Control.Agents.Pedestrians.WalkRandomly(which_lane=Left_Lane).
 timestamp= 1619809186000 [RES] API result: 
{"pose_arr":[{"vx":0,"ay":-0.01,"az":9.58,"ax":0,"pz":10.2,"vy":0,"px":552734.04,"py":4182890.06},{"vx":0,"ay":0,"az":9.8,"ax":0,"pz":10.2,"vy":0,"px":552734.04,"py":4182890.06},{"vx":0,"ay":0,"az":9.82,"ax":0,"pz":10.2,"vy":0,"px":552734.04,"py":4182890.06},{"vx":0.08,"ay":1.61,"az":9.78,"ax":1.09,"pz":10.2,"vy":0.08,"px":552734.04,"py":4182890.06},{"vx":0.98,"ay":2.7,"az":10.33,"ax":1.86,"pz":10.13,"vy":0.98,"px":552733.63,"py":4182890.35},{"vx":1.43,"ay":0.18,"az":9.81,"ax":0.11,"pz":10.13,"vy":1.43,"px":552732.68,"py":4182891.03},{"vx":1.98,"ay":3.64,"az":9.8,"ax":2.38,"pz":10.12,"vy":1.98,"px":552731.33,"py":4182891.97}],"traffic_light":[3,3,3,3,3,3,3],"state_arr":[{"acceleration":-0.34,"throttle":0,"steering_target":0,"brake":24.21,"steering_rate":100,"speed":0.09},{"acceleration":-0.3,"throttle":0,"steering_target":0,"brake":46.43,"steering_rate":100,"speed":0.01},{"acceleration":-0.3,"throttle":0,"steering_target":0,"brake":47.1,"steering_rate":100,"speed":0.01},{"acceleration":-0.14,"throttle":0,"steering_target":0,"brake":51.37,"steering_rate":100,"speed":0.01},{"acceleration":0.57,"throttle":87.41,"steering_target":1.45,"brake":0,"steering_rate":100,"speed":0.86},{"acceleration":0.08,"throttle":15.7,"steering_target":5.1,"brake":0,"steering_rate":100,"speed":2.25},{"acceleration":0.68,"throttle":62.56,"steering_target":3.48,"brake":0,"steering_rate":100,"speed":2.61},{"acceleration":0.68,"throttle":28.67,"steering_target":-1.1,"brake":0,"steering_rate":100,"speed":3.63}],"obstacle_arr":[[{"acceleration":{"y":0.18,"x":-0.88,"z":0},"position":{"y":4182891.57,"x":552730.75,"z":10.86},"volume":0.18,"type":"PEDESTRIAN","velocity":{"y":0,"x":0,"z":0}}],[{"acceleration":{"y":0.13,"x":-0.46,"z":0},"position":{"y":4182891.43,"x":552730.86,"z":10.88},"volume":0.14,"type":"PEDESTRIAN","velocity":{"y":0,"x":0,"z":0}}],[{"acceleration":{"y":0.01,"x":-0.02,"z":0},"position":{"y":4182891.11,"x":552730.95,"z":10.93},"volume":0.13,"type":"PEDESTRIAN","velocity":{"y":0,"x":0,"z":0}},{"acceleration":{"y":0,"x":0,"z":0},"position":{"y":4182888.99,"x":552709.72,"z":10.5},"volume":0.08,"type":"PEDESTRIAN","velocity":{"y":0,"x":0,"z":0}}],[],[],[],[]],"action_description":"Pedestrian crossing the road (left to right)","ev_state":[-144.56608581543,10.1244649887085,407.205902099609,0,0,0,12,-1,359.895690917969,303.302429199219,0.00501157902181149,3.840579612794006],"collision_probability":0.591}
 timestamp= 1619809186000 [RUN] Validate G1 Guard Condition: 
The ego vehicle E Detection.Collision == True.
 timestamp= 1619809186000 [RES] Global Validate result: 
false
 timestamp= 1619809186000 [RUN] Validate G2 Guard Condition: 
The ego vehicle E Detection.OffRoad == True.
 timestamp= 1619809186000 [RES] Global Validate result: 
false
 timestamp= 1619809186000 [RUN] Validate G3 Guard Condition: 
The ego vehicle E Detection.HardBrake == True.
 timestamp= 1619809186000 [RES] Global Validate result: 
true
 timestamp= 1619809186000 [RUN] HardBrake == True
 timestamp= 1619809186000 [RUN] RESUME STEP @preStep
 timestamp= 1619809186000 [RUN] Resume step basicflow37
 timestamp= 1619809186000 [RUN] Validate G4 Guard Condition: 
The ego vehicle E Detection.ArrivalTest == True.
 timestamp= 1619809186000 [RES] Global Validate result: 
false
 timestamp= 1619809186000 [RUN] Validate step: 
The test system VALIDATES THAT the Apollo A Status.GetControl is nearly equal to {"acceleration": 0.68, "throttle": 28.67, "steering_target": -1.1, "brake": 0.0, "steering_rate": 100.0, "speed": 3.63}
 timestamp= 1619809186000 [RES] Validate result: 
true
 timestamp= 1619809186000 [RUN] Generate steps
 timestamp= 1619809186000 [RUN] Validate step: 
The test system VALIDATES THAT the simulator S Status.GetEnvironment is nearly equal to {"x": -144.57, "y": 10.12, "z": 407.21, "rain": 0.0, "fog": 0.0, "wetness": 0.0, "timeofday": 12.0, "signal": -1.0, "rx": 359.9, "ry": 303.3, "rz": 0.01, "speed": 3.84}
 timestamp= 1619809186000 [RES] Validate result: 
true
 timestamp= 1619809186000 [RUN] Execute API step: 
The environment controller C INVOKES API Control.Agents.Pedestrians.WalkRandomly(which_lane=Left_Lane).
 timestamp= 1619809190000 [RES] API result: 
{"pose_arr":[{"vx":2.2,"ay":1.59,"az":9.82,"ax":1.1,"pz":10.12,"vy":2.2,"px":552730.28,"py":4182892.66},{"vx":2.9,"ay":0.3,"az":9.84,"ax":0.19,"pz":10.12,"vy":2.9,"px":552727.84,"py":4182894.28},{"vx":3.03,"ay":0.22,"az":9.82,"ax":0.15,"pz":10.12,"vy":3.03,"px":552725.66,"py":4182895.74},{"vx":3.39,"ay":4.23,"az":9.72,"ax":2.61,"pz":10.12,"vy":3.39,"px":552722.94,"py":4182897.5},{"vx":3.51,"ay":0.26,"az":9.82,"ax":0.04,"pz":10.12,"vy":3.51,"px":552719.31,"py":4182899.65},{"vx":3.5,"ay":0,"az":9.81,"ax":0,"pz":10.12,"vy":3.5,"px":552715.81,"py":4182901.73},{"vx":3.23,"ay":-1.5,"az":9.77,"ax":-0.76,"pz":10.12,"vy":3.23,"px":552713.19,"py":4182903.24},{"vx":3.05,"ay":-0.43,"az":9.81,"ax":-0.38,"pz":10.13,"vy":3.05,"px":552710.13,"py":4182905}],"traffic_light":[3,3,3,3,3,3,3],"state_arr":[{"acceleration":1.46,"throttle":81.77,"steering_target":-1.56,"brake":0,"steering_rate":100,"speed":3.84},{"acceleration":0.93,"throttle":18.29,"steering_target":-0.15,"brake":0,"steering_rate":100,"speed":5.09},{"acceleration":1.12,"throttle":15.7,"steering_target":-0.02,"brake":0,"steering_rate":100,"speed":5.4},{"acceleration":1.28,"throttle":29.63,"steering_target":5.06,"brake":0,"steering_rate":100,"speed":5.74},{"acceleration":0.76,"throttle":15.7,"steering_target":-1.48,"brake":0,"steering_rate":100,"speed":6.75},{"acceleration":0.86,"throttle":20.45,"steering_target":2.38,"brake":0,"steering_rate":100,"speed":6.87},{"acceleration":-0.57,"throttle":0,"steering_target":0.31,"brake":14.5,"steering_rate":100,"speed":6.94},{"acceleration":-0.57,"throttle":0,"steering_target":-0.65,"brake":16.19,"steering_rate":100,"speed":6.39},{"acceleration":0.22,"throttle":15.7,"steering_target":0.65,"brake":0,"steering_rate":100,"speed":6.07}],"obstacle_arr":[[{"acceleration":{"y":0,"x":0,"z":0},"position":{"y":4182888.42,"x":552736.92,"z":10.45},"volume":0.25,"type":"PEDESTRIAN","velocity":{"y":0,"x":0,"z":0}}],[{"acceleration":{"y":-0.77,"x":1.86,"z":0},"position":{"y":4182888.3,"x":552737.44,"z":10.15},"volume":0.13,"type":"PEDESTRIAN","velocity":{"y":-0.54,"x":1.32,"z":0}}],[{"acceleration":{"y":0,"x":0,"z":0},"position":{"y":4182890.64,"x":552733.99,"z":10.13},"volume":0.09,"type":"PEDESTRIAN","velocity":{"y":0,"x":0,"z":0}}],[{"acceleration":{"y":0,"x":0,"z":0},"position":{"y":4182890.54,"x":552734.68,"z":10.17},"volume":0.43,"type":"PEDESTRIAN","velocity":{"y":0,"x":0,"z":0}},{"acceleration":{"y":0,"x":0,"z":0},"position":{"y":4182888.47,"x":552710.45,"z":10.39},"volume":0.4,"type":"PEDESTRIAN","velocity":{"y":0,"x":0,"z":0}}],[],[{"acceleration":{"y":0,"x":0,"z":0},"position":{"y":4182902.78,"x":552713.32,"z":10.43},"volume":0.19,"type":"PEDESTRIAN","velocity":{"y":0.5,"x":0.15,"z":0}},{"acceleration":{"y":0,"x":0,"z":0},"position":{"y":4182902.97,"x":552719.05,"z":11.26},"volume":0.03,"type":"PEDESTRIAN","velocity":{"y":-0.92,"x":1.57,"z":0}}],[{"acceleration":{"y":0,"x":0,"z":0},"position":{"y":4182903.02,"x":552719.11,"z":10.12},"volume":0.56,"type":"PEDESTRIAN","velocity":{"y":-0.91,"x":1.56,"z":0}}],[]],"action_description":"Pedestrian crossing the road (left to right)","ev_state":[-165.210388183594,10.1242971420288,419.759399414063,0,0,0,12,-1,0.0372619554400444,299.994201660156,0.00810461118817329,6.067129035225318],"collision_probability":1}
 timestamp= 1619809190000 [RUN] Validate G1 Guard Condition: 
The ego vehicle E Detection.Collision == True.
 timestamp= 1619809190000 [RES] Global Validate result: 
true
 timestamp= 1619809190000 [RUN] Collision == True
 timestamp= 1619809190000 [RUN] Validate G2 Guard Condition: 
The ego vehicle E Detection.OffRoad == True.
 timestamp= 1619809190000 [RES] Global Validate result: 
false
 timestamp= 1619809190000 [RUN] Validate G3 Guard Condition: 
The ego vehicle E Detection.HardBrake == True.
 timestamp= 1619809190000 [RES] Global Validate result: 
false
 timestamp= 1619809190000 [RUN] Validate G4 Guard Condition: 
The ego vehicle E Detection.ArrivalTest == True.
 timestamp= 1619809190000 [RES] Global Validate result: 
false
 timestamp= 1619809190000 [RUN] Validate step: 
The test system VALIDATES THAT the Apollo A Status.GetControl is nearly equal to {"acceleration": 0.22, "throttle": 15.7, "steering_target": 0.65, "brake": 0.0, "steering_rate": 100.0, "speed": 6.07}
 timestamp= 1619809190000 [RES] Validate result: 
true
 timestamp= 1619809190000 [RUN] Generate steps
 timestamp= 1619809190000 [RUN] Validate step: 
The test system VALIDATES THAT the simulator S Status.GetEnvironment is nearly equal to {"x": -165.21, "y": 10.12, "z": 419.76, "rain": 0.0, "fog": 0.0, "wetness": 0.0, "timeofday": 12.0, "signal": -1.0, "rx": 0.04, "ry": 299.99, "rz": 0.01, "speed": 6.07}
 timestamp= 1619809190000 [RES] Validate result: 
true
 timestamp= 1619809190000 [RUN] Execute API step: 
The environment controller C INVOKES API Control.Agents.Pedestrians.WalkRandomly(which_lane=Left_Lane).
 timestamp= 1619809194000 [RES] API result: 
{"pose_arr":[{"vx":3.12,"ay":0.45,"az":9.8,"ax":0.31,"pz":10.12,"vy":3.12,"px":552707.46,"py":4182906.54},{"vx":3.42,"ay":1.19,"az":9.81,"ax":0.64,"pz":10.12,"vy":3.42,"px":552704.64,"py":4182908.16},{"vx":3.77,"ay":0.9,"az":9.81,"ax":0.22,"pz":10.12,"vy":3.77,"px":552701.66,"py":4182909.86},{"vx":3.8,"ay":0.44,"az":9.81,"ax":0.42,"pz":10.12,"vy":3.8,"px":552698.2,"py":4182911.89},{"vx":4.3,"ay":0.45,"az":9.84,"ax":0.2,"pz":10.12,"vy":4.3,"px":552694.62,"py":4182913.98},{"vx":4.03,"ay":-0.04,"az":9.83,"ax":0.62,"pz":10.12,"vy":4.03,"px":552690.35,"py":4182916.45},{"vx":4.16,"ay":0.19,"az":9.82,"ax":0.09,"pz":10.12,"vy":4.16,"px":552686.16,"py":4182918.72}],"traffic_light":[3,3,3,3,3,3,3],"state_arr":[{"acceleration":1.05,"throttle":26.59,"steering_target":-0.58,"brake":0,"steering_rate":100,"speed":6.32},{"acceleration":1.01,"throttle":26.52,"steering_target":-2.24,"brake":0,"steering_rate":100,"speed":6.97},{"acceleration":0.88,"throttle":23.36,"steering_target":0.8,"brake":0,"steering_rate":100,"speed":7.42},{"acceleration":1.04,"throttle":26.87,"steering_target":-0.7,"brake":0,"steering_rate":100,"speed":7.6},{"acceleration":0.26,"throttle":15.7,"steering_target":5.41,"brake":0,"steering_rate":100,"speed":8.34},{"acceleration":0.2,"throttle":15.7,"steering_target":-1.28,"brake":0,"steering_rate":100,"speed":8.5},{"acceleration":-0.09,"throttle":0,"steering_target":1.76,"brake":14.5,"steering_rate":100,"speed":8.63},{"acceleration":-0.21,"throttle":0,"steering_target":0.38,"brake":14.5,"steering_rate":100,"speed":8.64}],"obstacle_arr":[[],[],[{"acceleration":{"y":0,"x":0,"z":0},"position":{"y":4182911.83,"x":552692.16,"z":10.65},"volume":0.1,"type":"PEDESTRIAN","velocity":{"y":0,"x":0,"z":0}}],[{"acceleration":{"y":0,"x":0,"z":0},"position":{"y":4182912.26,"x":552692.44,"z":10.48},"volume":0.18,"type":"PEDESTRIAN","velocity":{"y":0,"x":0,"z":0}},{"acceleration":{"y":0,"x":0,"z":0},"position":{"y":4182906.6,"x":552707.41,"z":10.5},"volume":0.14,"type":"PEDESTRIAN","velocity":{"y":0,"x":0,"z":0}}],[{"acceleration":{"y":0.26,"x":-0.44,"z":0},"position":{"y":4182912.76,"x":552692.2,"z":10.71},"volume":0.11,"type":"PEDESTRIAN","velocity":{"y":-0.09,"x":0.88,"z":0}},{"acceleration":{"y":0,"x":0,"z":0},"position":{"y":4182907.39,"x":552706.98,"z":10.62},"volume":0.07,"type":"PEDESTRIAN","velocity":{"y":0,"x":0,"z":0}},{"acceleration":{"y":0,"x":-0.01,"z":0},"position":{"y":4182919.74,"x":552696.32,"z":10.33},"volume":0.08,"type":"UNKNOWN","velocity":{"y":0,"x":0,"z":0}}],[{"acceleration":{"y":0.34,"x":-1.64,"z":0},"position":{"y":4182912.6,"x":552692.79,"z":10.87},"volume":0.21,"type":"PEDESTRIAN","velocity":{"y":0.06,"x":-0.21,"z":0}},{"acceleration":{"y":0.08,"x":-0.19,"z":0},"position":{"y":4182919.66,"x":552696.58,"z":10.35},"volume":0.07,"type":"UNKNOWN","velocity":{"y":0,"x":0,"z":0}}],[{"acceleration":{"y":0.15,"x":-0.37,"z":0},"position":{"y":4182912.84,"x":552693.27,"z":10.42},"volume":0.18,"type":"PEDESTRIAN","velocity":{"y":0.17,"x":-0.81,"z":0}},{"acceleration":{"y":0,"x":-0.01,"z":0},"position":{"y":4182919.82,"x":552696.48,"z":10.46},"volume":0,"type":"UNKNOWN","velocity":{"y":0,"x":0,"z":0}}]],"action_description":"Pedestrian crossing the road (left to right)","ev_state":[-191.832183837891,10.1237030029297,434.87548828125,0,0,0,12,-1,-0.00239146337844431,298.041259765625,359.922546386719,8.641794712540161],"collision_probability":1}
 timestamp= 1619809194000 [RUN] Validate G1 Guard Condition: 
The ego vehicle E Detection.Collision == True.
 timestamp= 1619809194000 [RES] Global Validate result: 
true
 timestamp= 1619809194000 [RUN] Collision == True
 timestamp= 1619809194000 [RUN] Validate G2 Guard Condition: 
The ego vehicle E Detection.OffRoad == True.
 timestamp= 1619809194000 [RES] Global Validate result: 
false
 timestamp= 1619809194000 [RUN] Validate G3 Guard Condition: 
The ego vehicle E Detection.HardBrake == True.
 timestamp= 1619809194000 [RES] Global Validate result: 
false
 timestamp= 1619809194000 [RUN] Validate G4 Guard Condition: 
The ego vehicle E Detection.ArrivalTest == True.
 timestamp= 1619809194000 [RES] Global Validate result: 
false
 timestamp= 1619809194000 [RUN] Validate step: 
The test system VALIDATES THAT the Apollo A Status.GetControl is nearly equal to {"acceleration": -0.21, "throttle": 0.0, "steering_target": 0.38, "brake": 14.5, "steering_rate": 100.0, "speed": 8.64}
 timestamp= 1619809194000 [RES] Validate result: 
true
 timestamp= 1619809194000 [RUN] Generate steps
 timestamp= 1619809194000 [RUN] Validate step: 
The test system VALIDATES THAT the simulator S Status.GetEnvironment is nearly equal to {"x": -191.83, "y": 10.12, "z": 434.88, "rain": 0.0, "fog": 0.0, "wetness": 0.0, "timeofday": 12.0, "signal": -1.0, "rx": -0.0, "ry": 298.04, "rz": 359.92, "speed": 8.64}
 timestamp= 1619809194000 [RES] Validate result: 
true
 timestamp= 1619809194000 [RUN] Execute API step: 
The environment controller C INVOKES API Control.Agents.Pedestrians.WalkRandomly(which_lane=Left_Lane).
 timestamp= 1619809198000 [RES] API result: 
{"pose_arr":[{"vx":4.02,"ay":-0.63,"az":9.83,"ax":-0.15,"pz":10.12,"vy":4.02,"px":552682.73,"py":4182920.59},{"vx":3.95,"ay":-0.54,"az":9.83,"ax":-0.3,"pz":10.12,"vy":3.95,"px":552678.62,"py":4182922.76},{"vx":3.82,"ay":-0.61,"az":9.82,"ax":-0.31,"pz":10.12,"vy":3.82,"px":552674.74,"py":4182924.86},{"vx":3.75,"ay":-0.55,"az":9.82,"ax":-0.31,"pz":10.12,"vy":3.75,"px":552670.31,"py":4182927.26},{"vx":3.63,"ay":-0.52,"az":9.81,"ax":-0.29,"pz":10.12,"vy":3.63,"px":552666.07,"py":4182929.59},{"vx":3.26,"ay":-1.83,"az":9.82,"ax":-1,"pz":10.13,"vy":3.26,"px":552663.02,"py":4182931.31},{"vx":2.97,"ay":-0.96,"az":9.8,"ax":-0.56,"pz":10.13,"vy":2.97,"px":552660.29,"py":4182932.86},{"vx":2.84,"ay":-0.49,"az":9.81,"ax":-0.27,"pz":10.13,"vy":2.84,"px":552657.78,"py":4182934.32}],"traffic_light":[3,3,3,3,3,3,3],"state_arr":[{"acceleration":-0.15,"throttle":0,"steering_target":-1.69,"brake":14.5,"steering_rate":100,"speed":8.44},{"acceleration":-0.13,"throttle":0,"steering_target":0.16,"brake":14.5,"steering_rate":100,"speed":8.13},{"acceleration":-0.03,"throttle":0,"steering_target":-0.51,"brake":15.43,"steering_rate":100,"speed":7.85},{"acceleration":-0.18,"throttle":0,"steering_target":-1.25,"brake":14.5,"steering_rate":100,"speed":7.75},{"acceleration":-0.08,"throttle":0,"steering_target":-0.06,"brake":14.5,"steering_rate":100,"speed":7.42},{"acceleration":-1.62,"throttle":0,"steering_target":-1.08,"brake":25.75,"steering_rate":100,"speed":6.62},{"acceleration":-0.93,"throttle":0,"steering_target":-0.85,"brake":27.1,"steering_rate":100,"speed":5.93},{"acceleration":-0.15,"throttle":0,"steering_target":-1.1,"brake":14.5,"steering_rate":100,"speed":5.61}],"obstacle_arr":[[],[{"acceleration":{"y":-0.19,"x":0.3,"z":0},"position":{"y":4182912.8,"x":552694.55,"z":10.49},"volume":0.22,"type":"PEDESTRIAN","velocity":{"y":0.09,"x":-0.73,"z":0}}],[],[{"acceleration":{"y":0,"x":0,"z":0},"position":{"y":4182926.56,"x":552665.58,"z":10.46},"volume":0.2,"type":"PEDESTRIAN","velocity":{"y":0,"x":0,"z":0}}],[{"acceleration":{"y":0.01,"x":-0.01,"z":0},"position":{"y":4182926.97,"x":552665.45,"z":10.41},"volume":0.3,"type":"PEDESTRIAN","velocity":{"y":1.06,"x":-1.41,"z":0}}],[{"acceleration":{"y":-0.61,"x":1.78,"z":0},"position":{"y":4182926.89,"x":552666.12,"z":10.41},"volume":0.15,"type":"PEDESTRIAN","velocity":{"y":0.55,"x":-0.11,"z":0}}],[{"acceleration":{"y":-0.8,"x":1.76,"z":0},"position":{"y":4182926.83,"x":552666.76,"z":10.55},"volume":0.12,"type":"PEDESTRIAN","velocity":{"y":-0.11,"x":1.24,"z":0}}],[{"acceleration":{"y":-0.92,"x":1.87,"z":0},"position":{"y":4182926.85,"x":552667.46,"z":10.56},"volume":0.05,"type":"PEDESTRIAN","velocity":{"y":-0.73,"x":2.51,"z":0}}]],"action_description":"Pedestrian crossing the road (left to right)","ev_state":[-217.609634399414,10.1243495941162,449.122009277344,0,0,0,12,-1,0.0364307463169098,300.378265380859,0.0211573299020529,5.573315189931253],"collision_probability":0.258}
 timestamp= 1619809198000 [RUN] Validate G1 Guard Condition: 
The ego vehicle E Detection.Collision == True.
 timestamp= 1619809198000 [RES] Global Validate result: 
false
 timestamp= 1619809198000 [RUN] Validate G2 Guard Condition: 
The ego vehicle E Detection.OffRoad == True.
 timestamp= 1619809198000 [RES] Global Validate result: 
false
 timestamp= 1619809198000 [RUN] Validate G3 Guard Condition: 
The ego vehicle E Detection.HardBrake == True.
 timestamp= 1619809198000 [RES] Global Validate result: 
false
 timestamp= 1619809198000 [RUN] Validate G4 Guard Condition: 
The ego vehicle E Detection.ArrivalTest == True.
 timestamp= 1619809198000 [RES] Global Validate result: 
false
 timestamp= 1619809198000 [RUN] Validate step: 
The test system VALIDATES THAT the Apollo A Status.GetControl is nearly equal to {"acceleration": -0.15, "throttle": 0.0, "steering_target": -1.1, "brake": 14.5, "steering_rate": 100.0, "speed": 5.61}
 timestamp= 1619809198000 [RES] Validate result: 
true
 timestamp= 1619809198000 [RUN] Generate steps
 timestamp= 1619809198000 [RUN] Validate step: 
The test system VALIDATES THAT the simulator S Status.GetEnvironment is nearly equal to {"x": -217.61, "y": 10.12, "z": 449.12, "rain": 0.0, "fog": 0.0, "wetness": 0.0, "timeofday": 12.0, "signal": -1.0, "rx": 0.04, "ry": 300.38, "rz": 0.02, "speed": 5.57}
 timestamp= 1619809198000 [RES] Validate result: 
true
 timestamp= 1619809198000 [RUN] Execute API step: 
The environment controller C INVOKES API Control.Agents.NPCVehicle.NPCVehicleSwitchLane(which_lane=Right_Lane&which_car=Jeep).
 timestamp= 1619809203000 [RES] API result: 
{"pose_arr":[{"vx":2.75,"ay":-0.47,"az":9.81,"ax":-0.28,"pz":10.13,"vy":2.75,"px":552655.7,"py":4182935.54},{"vx":2.61,"ay":-0.46,"az":9.81,"ax":-0.29,"pz":10.13,"vy":2.61,"px":552653.14,"py":4182937.07},{"vx":2.48,"ay":-0.46,"az":9.81,"ax":-0.28,"pz":10.13,"vy":2.48,"px":552650.9,"py":4182938.43},{"vx":2.39,"ay":-0.45,"az":9.81,"ax":-0.29,"pz":10.13,"vy":2.39,"px":552649.31,"py":4182939.4},{"vx":2.26,"ay":-0.45,"az":9.81,"ax":-0.28,"pz":10.13,"vy":2.26,"px":552647.4,"py":4182940.58},{"vx":2.12,"ay":-0.46,"az":9.81,"ax":-0.3,"pz":10.13,"vy":2.12,"px":552645.53,"py":4182941.75},{"vx":1.9,"ay":-0.83,"az":9.8,"ax":-0.53,"pz":10.13,"vy":1.9,"px":552644.04,"py":4182942.68},{"vx":1.7,"ay":0,"az":9.81,"ax":0,"pz":10.13,"vy":1.7,"px":552642.36,"py":4182943.74}],"traffic_light":[3,3,3,3,3,1,3],"state_arr":[{"acceleration":-0.2,"throttle":0,"steering_target":-1.08,"brake":14.5,"steering_rate":100,"speed":5.5},{"acceleration":-0.22,"throttle":0,"steering_target":-0.91,"brake":14.5,"steering_rate":100,"speed":5.23},{"acceleration":-0.32,"throttle":0,"steering_target":-0.85,"brake":14.5,"steering_rate":100,"speed":4.95},{"acceleration":-0.36,"throttle":0,"steering_target":-0.83,"brake":14.5,"steering_rate":100,"speed":4.75},{"acceleration":-0.43,"throttle":0,"steering_target":-0.71,"brake":14.5,"steering_rate":100,"speed":4.48},{"acceleration":-0.59,"throttle":0,"steering_target":-0.64,"brake":14.54,"steering_rate":100,"speed":4.22},{"acceleration":-0.72,"throttle":0,"steering_target":-0.52,"brake":16.69,"steering_rate":100,"speed":3.95},{"acceleration":-0.62,"throttle":0,"steering_target":-0.45,"brake":15.18,"steering_rate":100,"speed":3.48},{"acceleration":-0.77,"throttle":0,"steering_target":-0.34,"brake":17.82,"steering_rate":100,"speed":3.18}],"obstacle_arr":[[],[{"acceleration":{"y":0,"x":0,"z":0},"position":{"y":4182952.23,"x":552643.34,"z":10.48},"volume":5.7,"type":"VEHICLE","velocity":{"y":0,"x":0,"z":0}}],[{"acceleration":{"y":0,"x":0,"z":0},"position":{"y":4182953.34,"x":552641.69,"z":10.39},"volume":8.87,"type":"VEHICLE","velocity":{"y":0,"x":0,"z":0}}],[{"acceleration":{"y":0,"x":-0.01,"z":0},"position":{"y":4182953.94,"x":552640.82,"z":10.41},"volume":5.85,"type":"VEHICLE","velocity":{"y":0.99,"x":-1.56,"z":0}}],[{"acceleration":{"y":0.14,"x":0.07,"z":0},"position":{"y":4182955.17,"x":552639.17,"z":10.42},"volume":7.02,"type":"VEHICLE","velocity":{"y":1.11,"x":-1.51,"z":0}}],[{"acceleration":{"y":0.75,"x":-0.58,"z":0},"position":{"y":4182955.57,"x":552638.33,"z":10.48},"volume":5.61,"type":"VEHICLE","velocity":{"y":1.46,"x":-1.91,"z":0}}],[{"acceleration":{"y":0.38,"x":-0.3,"z":0},"position":{"y":4182956.26,"x":552637.46,"z":10.54},"volume":6.51,"type":"VEHICLE","velocity":{"y":1.65,"x":-2,"z":0}}],[{"acceleration":{"y":-0.89,"x":0.53,"z":0},"position":{"y":4182957.09,"x":552636.12,"z":10.42},"volume":8.1,"type":"VEHICLE","velocity":{"y":1.13,"x":-1.78,"z":0}}]],"action_description":"NPC vehicle (Jeep) switching lane (right to left)","ev_state":[-232.763854980469,10.1246700286865,458.438537597656,0,0,0,12,-1,0.0384828820824623,302.268463134766,0.00273232790641487,3.176968143559429],"collision_probability":0}
 timestamp= 1619809203000 [RUN] Validate G1 Guard Condition: 
The ego vehicle E Detection.Collision == True.
 timestamp= 1619809203000 [RES] Global Validate result: 
false
 timestamp= 1619809203000 [RUN] Validate G2 Guard Condition: 
The ego vehicle E Detection.OffRoad == True.
 timestamp= 1619809203000 [RES] Global Validate result: 
false
 timestamp= 1619809203000 [RUN] Validate G3 Guard Condition: 
The ego vehicle E Detection.HardBrake == True.
 timestamp= 1619809203000 [RES] Global Validate result: 
false
 timestamp= 1619809203000 [RUN] Validate G4 Guard Condition: 
The ego vehicle E Detection.ArrivalTest == True.
 timestamp= 1619809203000 [RES] Global Validate result: 
false
 timestamp= 1619809203000 [RUN] Validate step: 
The test system VALIDATES THAT the Apollo A Status.GetControl is nearly equal to {"acceleration": -0.77, "throttle": 0.0, "steering_target": -0.34, "brake": 17.82, "steering_rate": 100.0, "speed": 3.18}
 timestamp= 1619809203000 [RES] Validate result: 
true
 timestamp= 1619809203000 [RUN] Generate steps
 timestamp= 1619809203000 [RUN] Validate step: 
The test system VALIDATES THAT the simulator S Status.GetEnvironment is nearly equal to {"x": -232.76, "y": 10.12, "z": 458.44, "rain": 0.0, "fog": 0.0, "wetness": 0.0, "timeofday": 12.0, "signal": -1.0, "rx": 0.04, "ry": 302.27, "rz": 0.0, "speed": 3.18}
 timestamp= 1619809203000 [RES] Validate result: 
true
 timestamp= 1619809203000 [RUN] Execute API step: 
The environment controller C INVOKES API Control.Agents.Pedestrians.WalkRandomly(which_lane=Left_Lane).
 timestamp= 1619809207000 [RES] API result: 
{"pose_arr":[{"vx":1.55,"ay":-0.59,"az":9.81,"ax":-0.38,"pz":10.13,"vy":1.55,"px":552641.36,"py":4182944.37},{"vx":1.37,"ay":-0.67,"az":9.81,"ax":-0.43,"pz":10.13,"vy":1.37,"px":552640.22,"py":4182945.09},{"vx":1.16,"ay":-0.61,"az":9.81,"ax":-0.39,"pz":10.13,"vy":1.16,"px":552639.22,"py":4182945.73},{"vx":0.97,"ay":-0.6,"az":9.81,"ax":-0.38,"pz":10.13,"vy":0.97,"px":552638.35,"py":4182946.28},{"vx":0.83,"ay":-0.47,"az":9.81,"ax":-0.3,"pz":10.13,"vy":0.83,"px":552637.69,"py":4182946.7},{"vx":0.68,"ay":-0.46,"az":9.81,"ax":-0.29,"pz":10.13,"vy":0.68,"px":552637.07,"py":4182947.09},{"vx":0.53,"ay":-0.43,"az":9.81,"ax":-0.27,"pz":10.13,"vy":0.53,"px":552636.59,"py":4182947.4},{"vx":0.41,"ay":-0.39,"az":9.81,"ax":-0.25,"pz":10.13,"vy":0.41,"px":552636.24,"py":4182947.62}],"traffic_light":[3,3,1,3,3,3,3,3],"state_arr":[{"acceleration":-0.69,"throttle":0,"steering_target":-0.3,"brake":16.66,"steering_rate":100,"speed":2.82},{"acceleration":-0.74,"throttle":0,"steering_target":-0.24,"brake":17.5,"steering_rate":100,"speed":2.56},{"acceleration":-0.66,"throttle":0,"steering_target":-0.18,"brake":16.48,"steering_rate":100,"speed":2.17},{"acceleration":-0.59,"throttle":0,"steering_target":-0.09,"brake":15.33,"steering_rate":100,"speed":1.82},{"acceleration":-0.59,"throttle":0,"steering_target":-0.09,"brake":15.46,"steering_rate":100,"speed":1.6},{"acceleration":-0.57,"throttle":0,"steering_target":-0.08,"brake":15.08,"steering_rate":100,"speed":1.32},{"acceleration":-0.57,"throttle":0,"steering_target":-0.07,"brake":15.24,"steering_rate":100,"speed":1.13},{"acceleration":-0.53,"throttle":0,"steering_target":-0.05,"brake":14.5,"steering_rate":100,"speed":0.89}],"obstacle_arr":[[{"acceleration":{"y":-1.25,"x":1.29,"z":0},"position":{"y":4182956.95,"x":552636.53,"z":10.44},"volume":7.39,"type":"VEHICLE","velocity":{"y":0.53,"x":-0.97,"z":0}}],[{"acceleration":{"y":-0.91,"x":1.53,"z":0},"position":{"y":4182957.53,"x":552635.61,"z":10.4},"volume":8.92,"type":"VEHICLE","velocity":{"y":0.24,"x":-0.4,"z":0}}],[{"acceleration":{"y":-0.34,"x":0.64,"z":0},"position":{"y":4182957.73,"x":552635.09,"z":10.41},"volume":8.13,"type":"VEHICLE","velocity":{"y":0,"x":0,"z":0}}],[{"acceleration":{"y":-0.02,"x":0.03,"z":0},"position":{"y":4182957.98,"x":552634.88,"z":10.44},"volume":8.44,"type":"VEHICLE","velocity":{"y":0,"x":0,"z":0}}],[{"acceleration":{"y":0,"x":0,"z":0},"position":{"y":4182958.15,"x":552634.64,"z":10.43},"volume":8.76,"type":"VEHICLE","velocity":{"y":0,"x":0,"z":0}}],[{"acceleration":{"y":0,"x":0,"z":0},"position":{"y":4182958.24,"x":552634.45,"z":10.48},"volume":7.85,"type":"VEHICLE","velocity":{"y":0,"x":0,"z":0}}],[{"acceleration":{"y":0,"x":0,"z":0},"position":{"y":4182958.42,"x":552634.19,"z":10.41},"volume":8.23,"type":"VEHICLE","velocity":{"y":0,"x":0,"z":0}}],[{"acceleration":{"y":0,"x":0,"z":0},"position":{"y":4182958.3,"x":552634.19,"z":10.45},"volume":7.25,"type":"VEHICLE","velocity":{"y":0,"x":0,"z":0}}]],"action_description":"Pedestrian crossing the road (left to right)","ev_state":[-238.954193115234,10.124813079834,462.372375488281,0,0,0,12,1,0.0285259820520878,302.471160888672,-4.86084047679469e-7,0.7129027627510899],"collision_probability":0}
 timestamp= 1619809207000 [RUN] Validate G1 Guard Condition: 
The ego vehicle E Detection.Collision == True.
 timestamp= 1619809207000 [RES] Global Validate result: 
false
 timestamp= 1619809207000 [RUN] Validate G2 Guard Condition: 
The ego vehicle E Detection.OffRoad == True.
 timestamp= 1619809207000 [RES] Global Validate result: 
false
 timestamp= 1619809207000 [RUN] Validate G3 Guard Condition: 
The ego vehicle E Detection.HardBrake == True.
 timestamp= 1619809207000 [RES] Global Validate result: 
false
 timestamp= 1619809207000 [RUN] Validate G4 Guard Condition: 
The ego vehicle E Detection.ArrivalTest == True.
 timestamp= 1619809207000 [RES] Global Validate result: 
true
 timestamp= 1619809207000 [RUN] ArrivalTest == True
 timestamp= 1619809207000 [RUN] The simulator S INVOKES API Command.Simulation.Stop() to stop simulation.
 timestamp= 1619809207000 [WARNING] The test system Stop the Simulator S!
 timestamp= 1619809207000 [RES] Basic PostCondition Validate result: 
true
 timestamp= 1619809207000 [STOP] numberOfStep: 55 basicFlow: 
[{"name":"","description":"","eClass":"Sentence","content":"The test system VALIDATES THAT the simulator S Status.GetEnvironment is nearly equal to {\"x\": -11.17, \"y\": 10.12, \"z\": 307.51, \"rain\": 0.0, \"fog\": 0.0, \"wetness\": 0.0, \"timeofday\": 12.0, \"signal\": -1.0, \"rx\": 359.92, \"ry\": 307.32, \"rz\": -0.0, \"speed\": 2.75}","natures":[]},{"name":"","description":"","eClass":"Sentence","content":"The environment controller C INVOKES API Control.Agents.Pedestrians.WalkRandomly(which_lane=Left_Lane).","natures":[]},{"name":"","description":"","eClass":"Sentence","content":"The test system VALIDATES THAT the Apollo A Status.GetControl is nearly equal to {\"acceleration\": -0.62, \"throttle\": 0.0, \"steering_target\": 0.09, \"brake\": 14.92, \"steering_rate\": 100.0, \"speed\": 4.58}","natures":[]},{"name":"","description":"","eClass":"Sentence","content":"The test system VALIDATES THAT the simulator S Status.GetEnvironment is nearly equal to {\"x\": -25.4, \"y\": 10.12, \"z\": 318.28, \"rain\": 0.0, \"fog\": 0.0, \"wetness\": 0.0, \"timeofday\": 12.0, \"signal\": 1.0, \"rx\": 0.03, \"ry\": 306.98, \"rz\": -0.0, \"speed\": 4.58}","natures":[]},{"name":"","description":"","eClass":"Sentence","content":"The environment controller C INVOKES API Control.Agents.Pedestrians.WalkRandomly(which_lane=Left_Lane).","natures":[]},{"name":"","description":"","eClass":"Sentence","content":"The test system VALIDATES THAT the Apollo A Status.GetControl is nearly equal to {\"acceleration\": -1.22, \"throttle\": 0.0, \"steering_target\": 0.06, \"brake\": 22.62, \"steering_rate\": 100.0, \"speed\": 5.97}","natures":[]},{"name":"","description":"","eClass":"Sentence","content":"The test system VALIDATES THAT the simulator S Status.GetEnvironment is nearly equal to {\"x\": -43.44, \"y\": 10.12, \"z\": 331.86, \"rain\": 0.0, \"fog\": 0.0, \"wetness\": 0.0, \"timeofday\": 12.0, \"signal\": 0.0, \"rx\": 0.09, \"ry\": 306.78, \"rz\": 359.99, \"speed\": 5.13}","natures":[]},{"name":"","description":"","eClass":"Sentence","content":"The environment controller C INVOKES API Control.Agents.Pedestrians.WalkRandomly(which_lane=Left_Lane).","natures":[]},{"name":"","description":"","eClass":"Sentence","content":"The test system VALIDATES THAT the Apollo A Status.GetControl is nearly equal to {\"acceleration\": 0.41, \"throttle\": 15.7, \"steering_target\": -0.01, \"brake\": 0.0, \"steering_rate\": 100.0, \"speed\": 6.83}","natures":[]},{"name":"","description":"","eClass":"Sentence","content":"The test system VALIDATES THAT the simulator S Status.GetEnvironment is nearly equal to {\"x\": -63.75, \"y\": 10.12, \"z\": 347.27, \"rain\": 0.0, \"fog\": 0.0, \"wetness\": 0.0, \"timeofday\": 12.0, \"signal\": -1.0, \"rx\": 359.99, \"ry\": 307.26, \"rz\": -0.0, \"speed\": 6.83}","natures":[]},{"name":"","description":"","eClass":"Sentence","content":"The environment controller C INVOKES API Control.Agents.Pedestrians.WalkRandomly(which_lane=Left_Lane).","natures":[]},{"name":"","description":"","eClass":"Sentence","content":"The test system VALIDATES THAT the Apollo A Status.GetControl is nearly equal to {\"acceleration\": 0.99, \"throttle\": 15.7, \"steering_target\": 0.19, \"brake\": 0.0, \"steering_rate\": 100.0, \"speed\": 6.12}","natures":[]},{"name":"","description":"","eClass":"Sentence","content":"The test system VALIDATES THAT the simulator S Status.GetEnvironment is nearly equal to {\"x\": -86.41, \"y\": 10.12, \"z\": 364.4, \"rain\": 0.0, \"fog\": 0.0, \"wetness\": 0.0, \"timeofday\": 12.0, \"signal\": -1.0, \"rx\": 359.99, \"ry\": 306.85, \"rz\": -0.0, \"speed\": 6.3}","natures":[]},{"name":"","description":"","eClass":"Sentence","content":"The environment controller C INVOKES API Control.Agents.Pedestrians.WalkRandomly(which_lane=Left_Lane).","natures":[]},{"name":"","description":"","eClass":"Sentence","content":"The test system VALIDATES THAT the Apollo A Status.GetControl is nearly equal to {\"acceleration\": 1.27, \"throttle\": 27.87, \"steering_target\": 0.01, \"brake\": 0.0, \"steering_rate\": 100.0, \"speed\": 6.39}","natures":[]},{"name":"","description":"","eClass":"Sentence","content":"The test system VALIDATES THAT the simulator S Status.GetEnvironment is nearly equal to {\"x\": -107.85, \"y\": 10.12, \"z\": 380.39, \"rain\": 0.0, \"fog\": 0.0, \"wetness\": 0.0, \"timeofday\": 12.0, \"signal\": 1.0, \"rx\": 359.97, \"ry\": 306.62, \"rz\": -0.0, \"speed\": 6.58}","natures":[]},{"name":"","description":"","eClass":"Sentence","content":"The environment controller C INVOKES API Control.Agents.Pedestrians.WalkRandomly(which_lane=Left_Lane).","natures":[]},{"name":"","description":"","eClass":"Sentence","content":"The test system VALIDATES THAT the Apollo A Status.GetControl is nearly equal to {\"acceleration\": -1.71, \"throttle\": 0.0, \"steering_target\": 1.66, \"brake\": 29.19, \"steering_rate\": 100.0, \"speed\": 1.37}","natures":[]},{"name":"","description":"","eClass":"Sentence","content":"The test system VALIDATES THAT the simulator S Status.GetEnvironment is nearly equal to {\"x\": -121.73, \"y\": 10.12, \"z\": 390.83, \"rain\": 0.0, \"fog\": 0.0, \"wetness\": 0.0, \"timeofday\": 12.0, \"signal\": 0.0, \"rx\": 0.14, \"ry\": 307.67, \"rz\": 359.98, \"speed\": 1.37}","natures":[]},{"name":"","description":"","eClass":"Sentence","content":"The environment controller C INVOKES API Control.Agents.Pedestrians.WalkRandomly(which_lane=Left_Lane).","natures":[]},{"name":"","description":"","eClass":"Sentence","content":"The test system VALIDATES THAT the Apollo A Status.GetControl is nearly equal to {\"acceleration\": -0.0, \"throttle\": 0.0, \"steering_target\": 0.0, \"brake\": 14.5, \"steering_rate\": 100.0, \"speed\": 0.02}","natures":[]},{"name":"","description":"","eClass":"Sentence","content":"The test system VALIDATES THAT the simulator S Status.GetEnvironment is nearly equal to {\"x\": -122.61, \"y\": 10.13, \"z\": 391.52, \"rain\": 0.0, \"fog\": 0.0, \"wetness\": 0.0, \"timeofday\": 12.0, \"signal\": -1.0, \"rx\": 359.97, \"ry\": 308.07, \"rz\": 0.05, \"speed\": 0.0}","natures":[]},{"name":"","description":"","eClass":"Sentence","content":"The environment controller C INVOKES API Control.Agents.Pedestrians.WalkRandomly(which_lane=Left_Lane).","natures":[]},{"name":"","description":"","eClass":"Sentence","content":"The test system VALIDATES THAT the Apollo A Status.GetControl is nearly equal to {\"acceleration\": -0.65, \"throttle\": 0.0, \"steering_target\": 1.54, \"brake\": 16.49, \"steering_rate\": 100.0, \"speed\": 1.44}","natures":[]},{"name":"","description":"","eClass":"Sentence","content":"The test system VALIDATES THAT the simulator S Status.GetEnvironment is nearly equal to {\"x\": -125.72, \"y\": 10.12, \"z\": 393.91, \"rain\": 0.0, \"fog\": 0.0, \"wetness\": 0.0, \"timeofday\": 12.0, \"signal\": -1.0, \"rx\": 0.09, \"ry\": 307.36, \"rz\": -0.01, \"speed\": 1.44}","natures":[]},{"name":"","description":"","eClass":"Sentence","content":"The environment controller C INVOKES API Control.Agents.Pedestrians.WalkRandomly(which_lane=Left_Lane).","natures":[]},{"name":"","description":"","eClass":"Sentence","content":"The test system VALIDATES THAT the Apollo A Status.GetControl is nearly equal to {\"acceleration\": -1.08, \"throttle\": 0.0, \"steering_target\": 1.05, \"brake\": 22.98, \"steering_rate\": 100.0, \"speed\": 0.22}","natures":[]},{"name":"","description":"","eClass":"Sentence","content":"The test system VALIDATES THAT the simulator S Status.GetEnvironment is nearly equal to {\"x\": -132.55, \"y\": 10.12, \"z\": 398.89, \"rain\": 0.0, \"fog\": 0.0, \"wetness\": 0.0, \"timeofday\": 12.0, \"signal\": -1.0, \"rx\": 0.04, \"ry\": 305.52, \"rz\": 0.0, \"speed\": 0.0}","natures":[]},{"name":"","description":"","eClass":"Sentence","content":"The environment controller C INVOKES API Control.Agents.Pedestrians.WalkRandomly(which_lane=Left_Lane).","natures":[]},{"name":"","description":"","eClass":"Sentence","content":"The test system VALIDATES THAT the Apollo A Status.GetControl is nearly equal to {\"acceleration\": -3.0, \"throttle\": 0.0, \"steering_target\": 1.05, \"brake\": 69.99, \"steering_rate\": 100.0, \"speed\": 0.0}","natures":[]},{"name":"","description":"","eClass":"Sentence","content":"The test system VALIDATES THAT the simulator S Status.GetEnvironment is nearly equal to {\"x\": -132.55, \"y\": 10.12, \"z\": 398.89, \"rain\": 0.0, \"fog\": 0.0, \"wetness\": 0.0, \"timeofday\": 12.0, \"signal\": -1.0, \"rx\": -0.0, \"ry\": 305.52, \"rz\": -0.0, \"speed\": 0.0}","natures":[]},{"name":"","description":"","eClass":"Sentence","content":"The environment controller C INVOKES API Control.Agents.Pedestrians.WalkRandomly(which_lane=Left_Lane).","natures":[]},{"name":"","description":"","eClass":"Sentence","content":"The test system VALIDATES THAT the Apollo A Status.GetControl is nearly equal to {\"acceleration\": 0.68, \"throttle\": 59.66, \"steering_target\": 0.75, \"brake\": 0.0, \"steering_rate\": 100.0, \"speed\": 2.53}","natures":[]},{"name":"","description":"","eClass":"Sentence","content":"The test system VALIDATES THAT the simulator S Status.GetEnvironment is nearly equal to {\"x\": -135.1, \"y\": 10.12, \"z\": 400.7, \"rain\": 0.0, \"fog\": 0.0, \"wetness\": 0.0, \"timeofday\": 12.0, \"signal\": -1.0, \"rx\": 359.95, \"ry\": 305.3, \"rz\": -0.0, \"speed\": 3.09}","natures":[]},{"name":"","description":"","eClass":"Sentence","content":"The environment controller C INVOKES API Control.Agents.NPCVehicle.NPCVehicleMaintainLane(which_lane=Current_Lane&which_car=Jeep).","natures":[]},{"name":"","description":"","eClass":"Sentence","content":"The test system VALIDATES THAT the Apollo A Status.GetControl is nearly equal to {\"acceleration\": -0.39, \"throttle\": 0.0, \"steering_target\": 0.0, \"brake\": 14.5, \"steering_rate\": 100.0, \"speed\": 0.25}","natures":[]},{"name":"","description":"","eClass":"Sentence","content":"The test system VALIDATES THAT the simulator S Status.GetEnvironment is nearly equal to {\"x\": -141.05, \"y\": 10.14, \"z\": 404.81, \"rain\": 0.0, \"fog\": 0.0, \"wetness\": 0.0, \"timeofday\": 12.0, \"signal\": 0.0, \"rx\": 0.04, \"ry\": 305.02, \"rz\": 359.93, \"speed\": 0.25}","natures":[]},{"name":"","description":"","eClass":"Sentence","content":"The environment controller C INVOKES API Control.Agents.Pedestrians.WalkRandomly(which_lane=Left_Lane).","natures":[]},{"name":"","description":"","eClass":"Sentence","content":"The test system VALIDATES THAT the Apollo A Status.GetControl is nearly equal to {\"acceleration\": 0.68, \"throttle\": 28.67, \"steering_target\": -1.1, \"brake\": 0.0, \"steering_rate\": 100.0, \"speed\": 3.63}","natures":[]},{"name":"","description":"","eClass":"Sentence","content":"The test system VALIDATES THAT the simulator S Status.GetEnvironment is nearly equal to {\"x\": -144.57, \"y\": 10.12, \"z\": 407.21, \"rain\": 0.0, \"fog\": 0.0, \"wetness\": 0.0, \"timeofday\": 12.0, \"signal\": -1.0, \"rx\": 359.9, \"ry\": 303.3, \"rz\": 0.01, \"speed\": 3.84}","natures":[]},{"name":"","description":"","eClass":"Sentence","content":"The environment controller C INVOKES API Control.Agents.Pedestrians.WalkRandomly(which_lane=Left_Lane).","natures":[]},{"name":"","description":"","eClass":"Sentence","content":"The test system VALIDATES THAT the Apollo A Status.GetControl is nearly equal to {\"acceleration\": 0.22, \"throttle\": 15.7, \"steering_target\": 0.65, \"brake\": 0.0, \"steering_rate\": 100.0, \"speed\": 6.07}","natures":[]},{"name":"","description":"","eClass":"Sentence","content":"The test system VALIDATES THAT the simulator S Status.GetEnvironment is nearly equal to {\"x\": -165.21, \"y\": 10.12, \"z\": 419.76, \"rain\": 0.0, \"fog\": 0.0, \"wetness\": 0.0, \"timeofday\": 12.0, \"signal\": -1.0, \"rx\": 0.04, \"ry\": 299.99, \"rz\": 0.01, \"speed\": 6.07}","natures":[]},{"name":"","description":"","eClass":"Sentence","content":"The environment controller C INVOKES API Control.Agents.Pedestrians.WalkRandomly(which_lane=Left_Lane).","natures":[]},{"name":"","description":"","eClass":"Sentence","content":"The test system VALIDATES THAT the Apollo A Status.GetControl is nearly equal to {\"acceleration\": -0.21, \"throttle\": 0.0, \"steering_target\": 0.38, \"brake\": 14.5, \"steering_rate\": 100.0, \"speed\": 8.64}","natures":[]},{"name":"","description":"","eClass":"Sentence","content":"The test system VALIDATES THAT the simulator S Status.GetEnvironment is nearly equal to {\"x\": -191.83, \"y\": 10.12, \"z\": 434.88, \"rain\": 0.0, \"fog\": 0.0, \"wetness\": 0.0, \"timeofday\": 12.0, \"signal\": -1.0, \"rx\": -0.0, \"ry\": 298.04, \"rz\": 359.92, \"speed\": 8.64}","natures":[]},{"name":"","description":"","eClass":"Sentence","content":"The environment controller C INVOKES API Control.Agents.Pedestrians.WalkRandomly(which_lane=Left_Lane).","natures":[]},{"name":"","description":"","eClass":"Sentence","content":"The test system VALIDATES THAT the Apollo A Status.GetControl is nearly equal to {\"acceleration\": -0.15, \"throttle\": 0.0, \"steering_target\": -1.1, \"brake\": 14.5, \"steering_rate\": 100.0, \"speed\": 5.61}","natures":[]},{"name":"","description":"","eClass":"Sentence","content":"The test system VALIDATES THAT the simulator S Status.GetEnvironment is nearly equal to {\"x\": -217.61, \"y\": 10.12, \"z\": 449.12, \"rain\": 0.0, \"fog\": 0.0, \"wetness\": 0.0, \"timeofday\": 12.0, \"signal\": -1.0, \"rx\": 0.04, \"ry\": 300.38, \"rz\": 0.02, \"speed\": 5.57}","natures":[]},{"name":"","description":"","eClass":"Sentence","content":"The environment controller C INVOKES API Control.Agents.NPCVehicle.NPCVehicleSwitchLane(which_lane=Right_Lane&which_car=Jeep).","natures":[]},{"name":"","description":"","eClass":"Sentence","content":"The test system VALIDATES THAT the Apollo A Status.GetControl is nearly equal to {\"acceleration\": -0.77, \"throttle\": 0.0, \"steering_target\": -0.34, \"brake\": 17.82, \"steering_rate\": 100.0, \"speed\": 3.18}","natures":[]},{"name":"","description":"","eClass":"Sentence","content":"The test system VALIDATES THAT the simulator S Status.GetEnvironment is nearly equal to {\"x\": -232.76, \"y\": 10.12, \"z\": 458.44, \"rain\": 0.0, \"fog\": 0.0, \"wetness\": 0.0, \"timeofday\": 12.0, \"signal\": -1.0, \"rx\": 0.04, \"ry\": 302.27, \"rz\": 0.0, \"speed\": 3.18}","natures":[]},{"name":"","description":"","eClass":"Sentence","content":"The environment controller C INVOKES API Control.Agents.Pedestrians.WalkRandomly(which_lane=Left_Lane).","natures":[]},{"name":"","description":"","eClass":"Sentence","content":"The test system VALIDATES THAT the Apollo A Status.GetControl is nearly equal to {\"acceleration\": -0.53, \"throttle\": 0.0, \"steering_target\": -0.05, \"brake\": 14.5, \"steering_rate\": 100.0, \"speed\": 0.89}","natures":[]},{"name":"","description":"","eClass":"Sentence","content":"","natures":[]}]
