 timestamp= 1619808800000 [START] Now Run TCS Maintain Lane On Road1 Mode: dynamic Roadnum: 2 Second: 4
 timestamp= 1619808800000 [SUCCESS] TCS Check Success 
 timestamp= 1619808803000 [RUN] Run BasicFlow
 timestamp= 1619808803000 [RUN] Generate steps
 timestamp= 1619808803000 [RUN] Validate step: 
The test system VALIDATES THAT the simulator S Status.GetEnvironment is nearly equal to {"x": -11.66, "y": 10.12, "z": 307.89, "rain": 0.0, "fog": 0.0, "wetness": 0.0, "timeofday": 12.0, "signal": -1.0, "rx": 359.89, "ry": 307.33, "rz": -0.0, "speed": 3.36}
 timestamp= 1619808803000 [RES] Validate result: 
true
 timestamp= 1619808803000 [RUN] Execute API step: 
The environment controller C INVOKES API Control.Agents.Pedestrians.WalkRandomly(which_lane=Left_Lane).
 timestamp= 1619808806000 [RES] API result: 
{"pose_arr":[{"vx":2.03,"ay":0.4,"az":9.82,"ax":0.31,"pz":10.12,"vy":2.03,"px":552863.4,"py":4182793.09},{"vx":2.43,"ay":0.83,"az":9.81,"ax":0.63,"pz":10.12,"vy":2.43,"px":552861.21,"py":4182794.76},{"vx":3.08,"ay":0.26,"az":9.79,"ax":0.2,"pz":10.12,"vy":3.08,"px":552858.41,"py":4182796.88},{"vx":3.28,"ay":0.42,"az":9.81,"ax":0.32,"pz":10.12,"vy":3.28,"px":552855.14,"py":4182799.36},{"vx":3.51,"ay":0.52,"az":9.86,"ax":0.39,"pz":10.12,"vy":3.51,"px":552851.91,"py":4182801.79},{"vx":3.66,"ay":0.59,"az":9.8,"ax":0.45,"pz":10.12,"vy":3.66,"px":552847.87,"py":4182804.84}],"traffic_light":[3,3,3,3,3],"state_arr":[{"acceleration":0.83,"throttle":33.75,"steering_target":0.26,"brake":0,"steering_rate":100,"speed":3.27},{"acceleration":1.28,"throttle":64.48,"steering_target":0.17,"brake":0,"steering_rate":100,"speed":3.77},{"acceleration":0.66,"throttle":15.7,"steering_target":0.13,"brake":0,"steering_rate":100,"speed":4.91},{"acceleration":0.43,"throttle":17.6,"steering_target":0.21,"brake":0,"steering_rate":100,"speed":5.33},{"acceleration":0.87,"throttle":24.75,"steering_target":0.06,"brake":0,"steering_rate":100,"speed":5.7},{"acceleration":0.82,"throttle":24.03,"steering_target":0.09,"brake":0,"steering_rate":100,"speed":5.98},{"acceleration":0.85,"throttle":24.12,"steering_target":0.03,"brake":0,"steering_rate":100,"speed":6.19}],"obstacle_arr":[[],[],[],[],[{"acceleration":{"y":-0.05,"x":-0.29,"z":0},"position":{"y":4182802.1,"x":552847.53,"z":10.39},"volume":0.13,"type":"PEDESTRIAN","velocity":{"y":-0.32,"x":0.91,"z":0}}],[{"acceleration":{"y":-0.47,"x":0.38,"z":0},"position":{"y":4182802.22,"x":552847.72,"z":10.74},"volume":0.18,"type":"PEDESTRIAN","velocity":{"y":-0.92,"x":1.6,"z":0}}]],"action_description":"Pedestrian crossing the road (left to right)","ev_state":[-27.8777561187744,10.1242551803589,320.145874023438,0,0,0,12,1,359.966430664063,306.942779541016,-0.0015599955804646,6.186619828042465],"collision_probability":0.425}
 timestamp= 1619808806000 [RUN] Validate G1 Guard Condition: 
The ego vehicle E Detection.Collision == True.
 timestamp= 1619808806000 [RES] Global Validate result: 
false
 timestamp= 1619808806000 [RUN] Validate G2 Guard Condition: 
The ego vehicle E Detection.OffRoad == True.
 timestamp= 1619808806000 [RES] Global Validate result: 
false
 timestamp= 1619808806000 [RUN] Validate G3 Guard Condition: 
The ego vehicle E Detection.HardBrake == True.
 timestamp= 1619808806000 [RES] Global Validate result: 
false
 timestamp= 1619808806000 [RUN] Validate G4 Guard Condition: 
The ego vehicle E Detection.ArrivalTest == True.
 timestamp= 1619808806000 [RES] Global Validate result: 
false
 timestamp= 1619808806000 [RUN] Validate step: 
The test system VALIDATES THAT the Apollo A Status.GetControl is nearly equal to {"acceleration": 0.85, "throttle": 24.12, "steering_target": 0.03, "brake": 0.0, "steering_rate": 100.0, "speed": 6.19}
 timestamp= 1619808806000 [RES] Validate result: 
true
 timestamp= 1619808806000 [RUN] Generate steps
 timestamp= 1619808806000 [RUN] Validate step: 
The test system VALIDATES THAT the simulator S Status.GetEnvironment is nearly equal to {"x": -27.88, "y": 10.12, "z": 320.15, "rain": 0.0, "fog": 0.0, "wetness": 0.0, "timeofday": 12.0, "signal": 1.0, "rx": 359.97, "ry": 306.94, "rz": -0.0, "speed": 6.19}
 timestamp= 1619808806000 [RES] Validate result: 
true
 timestamp= 1619808806000 [RUN] Execute API step: 
The environment controller C INVOKES API Control.Agents.Pedestrians.WalkRandomly(which_lane=Left_Lane).
 timestamp= 1619808809000 [RES] API result: 
{"pose_arr":[{"vx":3.78,"ay":0.2,"az":9.81,"ax":0.15,"pz":10.12,"vy":3.78,"px":552845.49,"py":4182806.63},{"vx":3.98,"ay":0.31,"az":9.82,"ax":0.23,"pz":10.12,"vy":3.98,"px":552842.13,"py":4182809.15},{"vx":4.25,"ay":0.68,"az":9.8,"ax":0.51,"pz":10.12,"vy":4.25,"px":552837.29,"py":4182812.79},{"vx":4.42,"ay":0.19,"az":9.82,"ax":0.14,"pz":10.12,"vy":4.42,"px":552833.95,"py":4182815.31},{"vx":4.33,"ay":0.13,"az":9.76,"ax":0.22,"pz":10.12,"vy":4.33,"px":552829.78,"py":4182818.46},{"vx":4.48,"ay":0.21,"az":9.81,"ax":0.11,"pz":10.12,"vy":4.48,"px":552825.5,"py":4182821.7}],"traffic_light":[0,3,3,3,2,2],"state_arr":[{"acceleration":1.11,"throttle":15.7,"steering_target":0,"brake":0,"steering_rate":100,"speed":6.36},{"acceleration":1.16,"throttle":15.7,"steering_target":-0.04,"brake":0,"steering_rate":100,"speed":6.62},{"acceleration":0.87,"throttle":19.77,"steering_target":-0.07,"brake":0,"steering_rate":100,"speed":7.06},{"acceleration":0.55,"throttle":15.7,"steering_target":-0.11,"brake":0,"steering_rate":100,"speed":7.35},{"acceleration":0.72,"throttle":15.7,"steering_target":-0.22,"brake":0,"steering_rate":100,"speed":7.24},{"acceleration":0.65,"throttle":15.7,"steering_target":-0.48,"brake":0,"steering_rate":100,"speed":7.35}],"obstacle_arr":[[],[{"acceleration":{"y":0,"x":0,"z":0},"position":{"y":4182801.63,"x":552849.46,"z":10.53},"volume":0.11,"type":"PEDESTRIAN","velocity":{"y":0,"x":0,"z":0}}],[{"acceleration":{"y":-0.82,"x":0.65,"z":0},"position":{"y":4182801.46,"x":552850.31,"z":10.73},"volume":0.02,"type":"PEDESTRIAN","velocity":{"y":0,"x":0,"z":0}}],[{"acceleration":{"y":0,"x":0,"z":0},"position":{"y":4182825.92,"x":552853.41,"z":10.58},"volume":2.1,"type":"VEHICLE","velocity":{"y":0,"x":0,"z":0}}],[],[]],"action_description":"Pedestrian crossing the road (left to right)","ev_state":[-50.0904388427734,10.1240015029907,336.895111083984,0,0,0,12,0,359.984008789063,307.258392333984,0.0177841205149889,7.425750993885506],"collision_probability":1}
 timestamp= 1619808809000 [RUN] Validate G1 Guard Condition: 
The ego vehicle E Detection.Collision == True.
 timestamp= 1619808809000 [RES] Global Validate result: 
true
 timestamp= 1619808809000 [RUN] Collision == True
 timestamp= 1619808809000 [RUN] Validate G2 Guard Condition: 
The ego vehicle E Detection.OffRoad == True.
 timestamp= 1619808809000 [RES] Global Validate result: 
false
 timestamp= 1619808809000 [RUN] Validate G3 Guard Condition: 
The ego vehicle E Detection.HardBrake == True.
 timestamp= 1619808809000 [RES] Global Validate result: 
false
 timestamp= 1619808809000 [RUN] Validate G4 Guard Condition: 
The ego vehicle E Detection.ArrivalTest == True.
 timestamp= 1619808809000 [RES] Global Validate result: 
false
 timestamp= 1619808809000 [RUN] Validate step: 
The test system VALIDATES THAT the Apollo A Status.GetControl is nearly equal to {"acceleration": 0.65, "throttle": 15.7, "steering_target": -0.48, "brake": 0.0, "steering_rate": 100.0, "speed": 7.35}
 timestamp= 1619808809000 [RES] Validate result: 
true
 timestamp= 1619808809000 [RUN] Generate steps
 timestamp= 1619808809000 [RUN] Validate step: 
The test system VALIDATES THAT the simulator S Status.GetEnvironment is nearly equal to {"x": -50.09, "y": 10.12, "z": 336.9, "rain": 0.0, "fog": 0.0, "wetness": 0.0, "timeofday": 12.0, "signal": 0.0, "rx": 359.98, "ry": 307.26, "rz": 0.02, "speed": 7.43}
 timestamp= 1619808809000 [RES] Validate result: 
true
 timestamp= 1619808809000 [RUN] Execute API step: 
The environment controller C INVOKES API Control.Agents.Pedestrians.WalkRandomly(which_lane=Left_Lane).
 timestamp= 1619808812000 [RES] API result: 
{"pose_arr":[{"vx":4.55,"ay":0.18,"az":9.81,"ax":0.15,"pz":10.12,"vy":4.55,"px":552822.52,"py":4182823.96},{"vx":4.71,"ay":0.62,"az":9.8,"ax":0.48,"pz":10.12,"vy":4.71,"px":552817.82,"py":4182827.53},{"vx":4.86,"ay":0.36,"az":9.8,"ax":0.27,"pz":10.12,"vy":4.86,"px":552812.72,"py":4182831.41},{"vx":4.74,"ay":0,"az":9.81,"ax":0,"pz":10.12,"vy":4.74,"px":552809.52,"py":4182833.85},{"vx":4.83,"ay":0.3,"az":9.81,"ax":0.21,"pz":10.12,"vy":4.83,"px":552804.81,"py":4182837.44},{"vx":5,"ay":0.23,"az":9.82,"ax":0.18,"pz":10.12,"vy":5,"px":552800.2,"py":4182840.92}],"traffic_light":[2,2,3,3,3],"state_arr":[{"acceleration":0.75,"throttle":15.7,"steering_target":0.35,"brake":0,"steering_rate":100,"speed":7.47},{"acceleration":0.53,"throttle":15.7,"steering_target":-0.41,"brake":0,"steering_rate":100,"speed":7.67},{"acceleration":0.57,"throttle":15.7,"steering_target":0.25,"brake":0,"steering_rate":100,"speed":7.88},{"acceleration":-0.09,"throttle":0,"steering_target":-0.24,"brake":14.5,"steering_rate":100,"speed":8.04},{"acceleration":0.23,"throttle":15.7,"steering_target":0.25,"brake":0,"steering_rate":100,"speed":7.9},{"acceleration":0.53,"throttle":20.33,"steering_target":0.11,"brake":0,"steering_rate":100,"speed":8.09},{"acceleration":0.24,"throttle":15.7,"steering_target":0.11,"brake":0,"steering_rate":100,"speed":8.3}],"obstacle_arr":[[{"acceleration":{"y":0,"x":0,"z":0},"position":{"y":4182818.05,"x":552829.98,"z":10.47},"volume":0.23,"type":"PEDESTRIAN","velocity":{"y":0,"x":0,"z":0}}],[],[],[],[],[{"acceleration":{"y":0,"x":0,"z":0},"position":{"y":4182834.41,"x":552808.81,"z":10.5},"volume":0.06,"type":"PEDESTRIAN","velocity":{"y":0.43,"x":0.26,"z":0}}]],"action_description":"Pedestrian crossing the road (left to right)","ev_state":[-75.1212310791016,10.1238021850586,355.917694091797,0,0,0,12,-1,359.973297119141,307.094451904297,-0.00256418692879379,8.29833309905247],"collision_probability":0.534}
 timestamp= 1619808812000 [RUN] Validate G1 Guard Condition: 
The ego vehicle E Detection.Collision == True.
 timestamp= 1619808812000 [RES] Global Validate result: 
false
 timestamp= 1619808812000 [RUN] Validate G2 Guard Condition: 
The ego vehicle E Detection.OffRoad == True.
 timestamp= 1619808812000 [RES] Global Validate result: 
false
 timestamp= 1619808812000 [RUN] Validate G3 Guard Condition: 
The ego vehicle E Detection.HardBrake == True.
 timestamp= 1619808812000 [RES] Global Validate result: 
false
 timestamp= 1619808812000 [RUN] Validate G4 Guard Condition: 
The ego vehicle E Detection.ArrivalTest == True.
 timestamp= 1619808812000 [RES] Global Validate result: 
false
 timestamp= 1619808812000 [RUN] Validate step: 
The test system VALIDATES THAT the Apollo A Status.GetControl is nearly equal to {"acceleration": 0.24, "throttle": 15.7, "steering_target": 0.11, "brake": 0.0, "steering_rate": 100.0, "speed": 8.3}
 timestamp= 1619808812000 [RES] Validate result: 
true
 timestamp= 1619808812000 [RUN] Generate steps
 timestamp= 1619808812000 [RUN] Validate step: 
The test system VALIDATES THAT the simulator S Status.GetEnvironment is nearly equal to {"x": -75.12, "y": 10.12, "z": 355.92, "rain": 0.0, "fog": 0.0, "wetness": 0.0, "timeofday": 12.0, "signal": -1.0, "rx": 359.97, "ry": 307.09, "rz": -0.0, "speed": 8.3}
 timestamp= 1619808812000 [RES] Validate result: 
true
 timestamp= 1619808812000 [RUN] Execute API step: 
The environment controller C INVOKES API Control.Agents.Pedestrians.WalkRandomly(which_lane=Left_Lane).
 timestamp= 1619808816000 [RES] API result: 
{"pose_arr":[{"vx":5.08,"ay":0.24,"az":9.81,"ax":0.18,"pz":10.12,"vy":5.08,"px":552797.1,"py":4182843.27},{"vx":5.05,"ay":0,"az":9.81,"ax":0,"pz":10.12,"vy":5.05,"px":552793.2,"py":4182846.2},{"vx":4.97,"ay":0.18,"az":9.8,"ax":0.13,"pz":10.12,"vy":4.97,"px":552788.54,"py":4182849.71},{"vx":4.89,"ay":0.18,"az":9.8,"ax":0.13,"pz":10.12,"vy":4.89,"px":552783.55,"py":4182853.44},{"vx":4.53,"ay":-0.48,"az":9.82,"ax":-0.38,"pz":10.13,"vy":4.53,"px":552779.99,"py":4182856.1},{"vx":4.29,"ay":-0.47,"az":9.81,"ax":-0.35,"pz":10.12,"vy":4.29,"px":552775.97,"py":4182859.09}],"traffic_light":[1,3,3,1,1,3],"state_arr":[{"acceleration":0.2,"throttle":15.7,"steering_target":0.18,"brake":0,"steering_rate":100,"speed":8.47},{"acceleration":0.11,"throttle":15.7,"steering_target":0.06,"brake":0,"steering_rate":100,"speed":8.43},{"acceleration":-0.53,"throttle":0,"steering_target":0.14,"brake":14.5,"steering_rate":100,"speed":8.25},{"acceleration":-0.41,"throttle":0,"steering_target":0.07,"brake":14.5,"steering_rate":100,"speed":8.13},{"acceleration":-0.21,"throttle":0,"steering_target":0.18,"brake":14.98,"steering_rate":100,"speed":7.59},{"acceleration":-0.3,"throttle":0,"steering_target":-0.04,"brake":14.5,"steering_rate":100,"speed":7.29}],"obstacle_arr":[[{"acceleration":{"y":-0.39,"x":0.54,"z":0},"position":{"y":4182834.17,"x":552809.75,"z":10.47},"volume":0.07,"type":"PEDESTRIAN","velocity":{"y":0.1,"x":0.72,"z":0}}],[],[],[],[],[{"acceleration":{"y":0,"x":0,"z":0},"position":{"y":4182858.4,"x":552783.8,"z":10.33},"volume":0.01,"type":"UNKNOWN","velocity":{"y":0,"x":0,"z":0}},{"acceleration":{"y":0,"x":0,"z":0},"position":{"y":4182852.61,"x":552783.86,"z":10.44},"volume":0.24,"type":"PEDESTRIAN","velocity":{"y":0,"x":0,"z":0}}]],"action_description":"Pedestrian crossing the road (left to right)","ev_state":[-100.803153991699,10.1240797042847,375.150512695313,0,0,0,12,1,0.0342415906488895,306.659759521484,0.00133865384850651,7.009721128949321],"collision_probability":0.52}
 timestamp= 1619808816000 [RUN] Validate G1 Guard Condition: 
The ego vehicle E Detection.Collision == True.
 timestamp= 1619808816000 [RES] Global Validate result: 
false
 timestamp= 1619808816000 [RUN] Validate G2 Guard Condition: 
The ego vehicle E Detection.OffRoad == True.
 timestamp= 1619808816000 [RES] Global Validate result: 
false
 timestamp= 1619808816000 [RUN] Validate G3 Guard Condition: 
The ego vehicle E Detection.HardBrake == True.
 timestamp= 1619808816000 [RES] Global Validate result: 
false
 timestamp= 1619808816000 [RUN] Validate G4 Guard Condition: 
The ego vehicle E Detection.ArrivalTest == True.
 timestamp= 1619808816000 [RES] Global Validate result: 
false
 timestamp= 1619808816000 [RUN] Validate step: 
The test system VALIDATES THAT the Apollo A Status.GetControl is nearly equal to {"acceleration": -0.3, "throttle": 0.0, "steering_target": -0.04, "brake": 14.5, "steering_rate": 100.0, "speed": 7.29}
 timestamp= 1619808816000 [RES] Validate result: 
true
 timestamp= 1619808816000 [RUN] Generate steps
 timestamp= 1619808816000 [RUN] Validate step: 
The test system VALIDATES THAT the simulator S Status.GetEnvironment is nearly equal to {"x": -100.8, "y": 10.12, "z": 375.15, "rain": 0.0, "fog": 0.0, "wetness": 0.0, "timeofday": 12.0, "signal": 1.0, "rx": 0.03, "ry": 306.66, "rz": 0.0, "speed": 7.01}
 timestamp= 1619808816000 [RES] Validate result: 
true
 timestamp= 1619808816000 [RUN] Execute API step: 
The environment controller C INVOKES API Control.Agents.Pedestrians.WalkRandomly(which_lane=Left_Lane).
 timestamp= 1619808819000 [RES] API result: 
{"pose_arr":[{"vx":4.19,"ay":0.19,"az":9.8,"ax":0.14,"pz":10.12,"vy":4.19,"px":552773.5,"py":4182860.93},{"vx":4.37,"ay":0.63,"az":9.8,"ax":0.47,"pz":10.12,"vy":4.37,"px":552768.88,"py":4182864.37},{"vx":4.33,"ay":-0.47,"az":9.83,"ax":-0.36,"pz":10.12,"vy":4.33,"px":552766.1,"py":4182866.43},{"vx":3.84,"ay":-1.07,"az":9.82,"ax":-0.8,"pz":10.13,"vy":3.84,"px":552762.37,"py":4182869.2},{"vx":3.12,"ay":-2.25,"az":9.83,"ax":-1.66,"pz":10.13,"vy":3.12,"px":552759.2,"py":4182871.54},{"vx":1.97,"ay":-1.8,"az":9.8,"ax":-1.35,"pz":10.13,"vy":1.97,"px":552756.78,"py":4182873.32},{"vx":1.49,"ay":-1.21,"az":9.81,"ax":-0.89,"pz":10.13,"vy":1.49,"px":552755.68,"py":4182874.13}],"traffic_light":[3,1,1,1,1,3],"state_arr":[{"acceleration":0.03,"throttle":15.7,"steering_target":0.1,"brake":0,"steering_rate":100,"speed":7.01},{"acceleration":0.89,"throttle":21.64,"steering_target":-0.03,"brake":0,"steering_rate":100,"speed":7.15},{"acceleration":-0.35,"throttle":0,"steering_target":0.27,"brake":14.5,"steering_rate":100,"speed":7.38},{"acceleration":-1.27,"throttle":0,"steering_target":-0.33,"brake":22.58,"steering_rate":100,"speed":6.6},{"acceleration":-2.33,"throttle":0,"steering_target":0.51,"brake":33.71,"steering_rate":100,"speed":5.94},{"acceleration":-2.74,"throttle":0,"steering_target":-0.03,"brake":37.5,"steering_rate":100,"speed":4.49},{"acceleration":-1.87,"throttle":0,"steering_target":0.39,"brake":29.39,"steering_rate":100,"speed":3.23}],"obstacle_arr":[[],[],[{"acceleration":{"y":0,"x":0,"z":0},"position":{"y":4182869.64,"x":552756.87,"z":10.45},"volume":0.05,"type":"PEDESTRIAN","velocity":{"y":0,"x":0,"z":0}}],[{"acceleration":{"y":0.01,"x":0.04,"z":0},"position":{"y":4182869.96,"x":552757.2,"z":10.53},"volume":0.25,"type":"PEDESTRIAN","velocity":{"y":-0.09,"x":0.66,"z":0}}],[{"acceleration":{"y":-0.14,"x":0.41,"z":0},"position":{"y":4182869.7,"x":552758.14,"z":10.97},"volume":0.05,"type":"PEDESTRIAN","velocity":{"y":-0.41,"x":1.33,"z":0}}],[]],"action_description":"Pedestrian crossing the road (left to right)","ev_state":[-119.543174743652,10.1247520446777,389.012817382813,0,0,0,12,1,0.0973412990570068,306.215209960938,-0.00183855427894741,2.433895704145151],"collision_probability":0.39}
 timestamp= 1619808819000 [RUN] Validate G1 Guard Condition: 
The ego vehicle E Detection.Collision == True.
 timestamp= 1619808819000 [RES] Global Validate result: 
false
 timestamp= 1619808819000 [RUN] Validate G2 Guard Condition: 
The ego vehicle E Detection.OffRoad == True.
 timestamp= 1619808819000 [RES] Global Validate result: 
false
 timestamp= 1619808819000 [RUN] Validate G3 Guard Condition: 
The ego vehicle E Detection.HardBrake == True.
 timestamp= 1619808819000 [RES] Global Validate result: 
true
 timestamp= 1619808819000 [RUN] HardBrake == True
 timestamp= 1619808819000 [RUN] RESUME STEP @preStep
 timestamp= 1619808819000 [RUN] Resume step basicflow13
 timestamp= 1619808819000 [RUN] Validate G4 Guard Condition: 
The ego vehicle E Detection.ArrivalTest == True.
 timestamp= 1619808819000 [RES] Global Validate result: 
false
 timestamp= 1619808819000 [RUN] Validate step: 
The test system VALIDATES THAT the Apollo A Status.GetControl is nearly equal to {"acceleration": -1.87, "throttle": 0.0, "steering_target": 0.39, "brake": 29.39, "steering_rate": 100.0, "speed": 3.23}
 timestamp= 1619808819000 [RES] Validate result: 
true
 timestamp= 1619808819000 [RUN] Generate steps
 timestamp= 1619808819000 [RUN] Validate step: 
The test system VALIDATES THAT the simulator S Status.GetEnvironment is nearly equal to {"x": -119.54, "y": 10.12, "z": 389.01, "rain": 0.0, "fog": 0.0, "wetness": 0.0, "timeofday": 12.0, "signal": 1.0, "rx": 0.1, "ry": 306.22, "rz": -0.0, "speed": 2.43}
 timestamp= 1619808819000 [RES] Validate result: 
true
 timestamp= 1619808819000 [RUN] Execute API step: 
The environment controller C INVOKES API Control.Agents.NPCVehicle.NPCVehicleSwitchLane(which_lane=Current_Lane&which_car=Sedan).
 timestamp= 1619808823000 [RES] API result: 
{"pose_arr":[{"vx":1.23,"ay":-0.47,"az":9.81,"ax":-0.35,"pz":10.13,"vy":1.23,"px":552754.73,"py":4182874.82},{"vx":1.24,"ay":-0.52,"az":9.82,"ax":-0.38,"pz":10.12,"vy":1.24,"px":552753.43,"py":4182875.77},{"vx":1.03,"ay":-0.39,"az":9.81,"ax":-0.28,"pz":10.13,"vy":1.03,"px":552752.41,"py":4182876.52},{"vx":1.38,"ay":0.25,"az":9.82,"ax":0.18,"pz":10.12,"vy":1.38,"px":552751.43,"py":4182877.23},{"vx":1.51,"ay":-1.5,"az":9.83,"ax":-1.09,"pz":10.12,"vy":1.51,"px":552749.87,"py":4182878.36},{"vx":0.61,"ay":-1.62,"az":9.81,"ax":-1.17,"pz":10.13,"vy":0.61,"px":552748.81,"py":4182879.13}],"traffic_light":[3,3,3,3,1,1],"state_arr":[{"acceleration":-0.96,"throttle":0,"steering_target":0.24,"brake":20.24,"steering_rate":100,"speed":2.43},{"acceleration":0.01,"throttle":49.86,"steering_target":0.36,"brake":0,"steering_rate":100,"speed":2.05},{"acceleration":-0.62,"throttle":0,"steering_target":0.37,"brake":15.84,"steering_rate":100,"speed":2.14},{"acceleration":-0.32,"throttle":0,"steering_target":0.21,"brake":14.5,"steering_rate":100,"speed":1.86},{"acceleration":0.28,"throttle":27.74,"steering_target":0.51,"brake":0,"steering_rate":100,"speed":2.29},{"acceleration":-0.13,"throttle":0,"steering_target":0.44,"brake":14.5,"steering_rate":100,"speed":2.76},{"acceleration":-2.58,"throttle":0,"steering_target":0.24,"brake":36.44,"steering_rate":100,"speed":1.94},{"acceleration":-1.52,"throttle":0,"steering_target":0.4,"brake":26.83,"steering_rate":100,"speed":0.86}],"obstacle_arr":[[],[{"acceleration":{"y":0,"x":0,"z":0},"position":{"y":4182869.89,"x":552759.55,"z":10.49},"volume":0.18,"type":"PEDESTRIAN","velocity":{"y":-0.11,"x":0.52,"z":0}},{"acceleration":{"y":0,"x":0,"z":0},"position":{"y":4182886.28,"x":552739.3,"z":10.13},"volume":8.23,"type":"VEHICLE","velocity":{"y":0,"x":0,"z":0}}],[{"acceleration":{"y":0.11,"x":0.05,"z":0},"position":{"y":4182870,"x":552759.81,"z":10.59},"volume":0.09,"type":"PEDESTRIAN","velocity":{"y":-0.02,"x":0.57,"z":0}},{"acceleration":{"y":-0.03,"x":0,"z":0},"position":{"y":4182886.85,"x":552739.04,"z":10.11},"volume":6.47,"type":"VEHICLE","velocity":{"y":0.38,"x":-0.22,"z":0}}],[{"acceleration":{"y":-0.15,"x":0.61,"z":0},"position":{"y":4182870,"x":552760.69,"z":10.53},"volume":0.03,"type":"PEDESTRIAN","velocity":{"y":-0.19,"x":1.29,"z":0}},{"acceleration":{"y":0.94,"x":0.5,"z":0},"position":{"y":4182889.18,"x":552739.33,"z":10.12},"volume":6.46,"type":"VEHICLE","velocity":{"y":1.21,"x":0.27,"z":0}}],[{"acceleration":{"y":0.21,"x":-0.32,"z":0},"position":{"y":4182870.11,"x":552761.45,"z":10.43},"volume":0.07,"type":"PEDESTRIAN","velocity":{"y":-0.09,"x":1.2,"z":0}},{"acceleration":{"y":1,"x":0.52,"z":0},"position":{"y":4182890.65,"x":552739.8,"z":10.1},"volume":8.62,"type":"VEHICLE","velocity":{"y":2.51,"x":0.81,"z":0}}],[{"acceleration":{"y":-0.3,"x":0.24,"z":0},"position":{"y":4182892.22,"x":552741,"z":10.11},"volume":8.29,"type":"VEHICLE","velocity":{"y":2.55,"x":1.08,"z":0}}],[{"acceleration":{"y":-0.36,"x":-0.04,"z":0},"position":{"y":4182895.61,"x":552742.43,"z":10.47},"volume":5.19,"type":"VEHICLE","velocity":{"y":2.33,"x":1.01,"z":0}}]],"action_description":"NPC vehicle (Sedan) switching lane (current to right)","ev_state":[-126.344879150391,10.1248617172241,393.947937011719,0,0,0,12,0,0.127501547336578,305.800384521484,0.0001435410376871,0.8590972489720983],"collision_probability":0}
 timestamp= 1619808823000 [RUN] Validate G1 Guard Condition: 
The ego vehicle E Detection.Collision == True.
 timestamp= 1619808823000 [RES] Global Validate result: 
false
 timestamp= 1619808823000 [RUN] Validate G2 Guard Condition: 
The ego vehicle E Detection.OffRoad == True.
 timestamp= 1619808823000 [RES] Global Validate result: 
false
 timestamp= 1619808823000 [RUN] Validate G3 Guard Condition: 
The ego vehicle E Detection.HardBrake == True.
 timestamp= 1619808823000 [RES] Global Validate result: 
true
 timestamp= 1619808823000 [RUN] HardBrake == True
 timestamp= 1619808823000 [RUN] RESUME STEP @preStep
 timestamp= 1619808823000 [RUN] Resume step basicflow16
 timestamp= 1619808823000 [RUN] Validate G4 Guard Condition: 
The ego vehicle E Detection.ArrivalTest == True.
 timestamp= 1619808823000 [RES] Global Validate result: 
false
 timestamp= 1619808823000 [RUN] Validate step: 
The test system VALIDATES THAT the Apollo A Status.GetControl is nearly equal to {"acceleration": -1.52, "throttle": 0.0, "steering_target": 0.4, "brake": 26.83, "steering_rate": 100.0, "speed": 0.86}
 timestamp= 1619808823000 [RES] Validate result: 
true
 timestamp= 1619808823000 [RUN] Generate steps
 timestamp= 1619808823000 [RUN] Validate step: 
The test system VALIDATES THAT the simulator S Status.GetEnvironment is nearly equal to {"x": -126.34, "y": 10.12, "z": 393.95, "rain": 0.0, "fog": 0.0, "wetness": 0.0, "timeofday": 12.0, "signal": 0.0, "rx": 0.13, "ry": 305.8, "rz": 0.0, "speed": 0.86}
 timestamp= 1619808823000 [RES] Validate result: 
true
 timestamp= 1619808823000 [RUN] Execute API step: 
The environment controller C INVOKES API Control.Agents.Pedestrians.WalkRandomly(which_lane=Left_Lane).
 timestamp= 1619808827000 [RES] API result: 
{"pose_arr":[{"vx":0.31,"ay":-0.87,"az":9.81,"ax":-0.63,"pz":10.13,"vy":0.31,"px":552748.58,"py":4182879.29},{"vx":0.07,"ay":-0.37,"az":9.81,"ax":-0.26,"pz":10.13,"vy":0.07,"px":552748.43,"py":4182879.4},{"vx":1.28,"ay":1.79,"az":9.82,"ax":1.28,"pz":10.12,"vy":1.28,"px":552747.78,"py":4182879.86},{"vx":1.75,"ay":2.69,"az":9.79,"ax":1.92,"pz":10.12,"vy":1.75,"px":552746.52,"py":4182880.77},{"vx":1.93,"ay":0.33,"az":9.81,"ax":0.24,"pz":10.12,"vy":1.93,"px":552744.75,"py":4182882.03},{"vx":2.24,"ay":0.45,"az":9.82,"ax":0.32,"pz":10.12,"vy":2.24,"px":552743.39,"py":4182883}],"traffic_light":[3,1,3,3,3,1],"state_arr":[{"acceleration":-0.58,"throttle":0,"steering_target":0.47,"brake":16.1,"steering_rate":100,"speed":0.32},{"acceleration":0.42,"throttle":75.38,"steering_target":0.51,"brake":0,"steering_rate":100,"speed":0.08},{"acceleration":0.69,"throttle":68.98,"steering_target":0.28,"brake":0,"steering_rate":100,"speed":1.64},{"acceleration":0.18,"throttle":15.7,"steering_target":0.49,"brake":0,"steering_rate":100,"speed":2.58},{"acceleration":0.43,"throttle":17.65,"steering_target":0.43,"brake":0,"steering_rate":100,"speed":3.21},{"acceleration":0.34,"throttle":15.74,"steering_target":0.35,"brake":0,"steering_rate":100,"speed":3.76},{"acceleration":0.26,"throttle":15.7,"steering_target":0.4,"brake":0,"steering_rate":100,"speed":4.04}],"obstacle_arr":[[{"acceleration":{"y":1.33,"x":0.98,"z":0},"position":{"y":4182897.86,"x":552743.58,"z":10.49},"volume":4.51,"type":"VEHICLE","velocity":{"y":3.16,"x":1.62,"z":0}}],[{"acceleration":{"y":1.02,"x":1.11,"z":0},"position":{"y":4182900.42,"x":552744.85,"z":10.64},"volume":1.93,"type":"VEHICLE","velocity":{"y":3.76,"x":2.52,"z":0}}],[{"acceleration":{"y":0.34,"x":0.27,"z":0},"position":{"y":4182903.82,"x":552746.8,"z":10.51},"volume":2.75,"type":"VEHICLE","velocity":{"y":4.41,"x":2.78,"z":0}}],[{"acceleration":{"y":0.23,"x":0.41,"z":0},"position":{"y":4182905.75,"x":552748.45,"z":10.91},"volume":0.51,"type":"VEHICLE","velocity":{"y":4.53,"x":3.01,"z":0}}],[{"acceleration":{"y":-0.25,"x":-0.16,"z":0},"position":{"y":4182908.96,"x":552749.21,"z":10.79},"volume":0.92,"type":"VEHICLE","velocity":{"y":4.55,"x":3.11,"z":0}}],[{"acceleration":{"y":-0.9,"x":-0.64,"z":0},"position":{"y":4182911.68,"x":552750.54,"z":10.65},"volume":0.35,"type":"VEHICLE","velocity":{"y":4,"x":2.7,"z":0}},{"acceleration":{"y":0.01,"x":0,"z":0},"position":{"y":4182888.2,"x":552732.67,"z":10.52},"volume":0.04,"type":"PEDESTRIAN","velocity":{"y":0.04,"x":0.51,"z":0}}],[{"acceleration":{"y":-1.07,"x":-0.66,"z":0},"position":{"y":4182915,"x":552753.33,"z":11.12},"volume":0.29,"type":"VEHICLE","velocity":{"y":3.08,"x":2.1,"z":0}},{"acceleration":{"y":-0.02,"x":0.06,"z":0},"position":{"y":4182887.81,"x":552733.72,"z":10.56},"volume":0.08,"type":"PEDESTRIAN","velocity":{"y":-0.37,"x":1.03,"z":0}}]],"action_description":"Pedestrian crossing the road (left to right)","ev_state":[-133.532836914063,10.1245527267456,399.068054199219,0,0,0,12,-1,359.980926513672,305.297058105469,-0.00346349785104394,4.106091018832557],"collision_probability":0}
 timestamp= 1619808827000 [RUN] Validate G1 Guard Condition: 
The ego vehicle E Detection.Collision == True.
 timestamp= 1619808827000 [RES] Global Validate result: 
false
 timestamp= 1619808827000 [RUN] Validate G2 Guard Condition: 
The ego vehicle E Detection.OffRoad == True.
 timestamp= 1619808827000 [RES] Global Validate result: 
false
 timestamp= 1619808827000 [RUN] Validate G3 Guard Condition: 
The ego vehicle E Detection.HardBrake == True.
 timestamp= 1619808827000 [RES] Global Validate result: 
true
 timestamp= 1619808827000 [RUN] HardBrake == True
 timestamp= 1619808827000 [RUN] RESUME STEP @preStep
 timestamp= 1619808827000 [RUN] Resume step basicflow19
 timestamp= 1619808827000 [RUN] Validate G4 Guard Condition: 
The ego vehicle E Detection.ArrivalTest == True.
 timestamp= 1619808827000 [RES] Global Validate result: 
false
 timestamp= 1619808827000 [RUN] Validate step: 
The test system VALIDATES THAT the Apollo A Status.GetControl is nearly equal to {"acceleration": 0.26, "throttle": 15.7, "steering_target": 0.4, "brake": 0.0, "steering_rate": 100.0, "speed": 4.04}
 timestamp= 1619808827000 [RES] Validate result: 
true
 timestamp= 1619808827000 [RUN] Generate steps
 timestamp= 1619808827000 [RUN] Validate step: 
The test system VALIDATES THAT the simulator S Status.GetEnvironment is nearly equal to {"x": -133.53, "y": 10.12, "z": 399.07, "rain": 0.0, "fog": 0.0, "wetness": 0.0, "timeofday": 12.0, "signal": -1.0, "rx": 359.98, "ry": 305.3, "rz": -0.0, "speed": 4.11}
 timestamp= 1619808827000 [RES] Validate result: 
true
 timestamp= 1619808827000 [RUN] Execute API step: 
The environment controller C INVOKES API Control.Agents.Pedestrians.WalkRandomly(which_lane=Left_Lane).
 timestamp= 1619808831000 [RES] API result: 
{"pose_arr":[{"vx":2.37,"ay":0.23,"az":9.82,"ax":0.15,"pz":10.12,"vy":2.37,"px":552741.5,"py":4182884.34},{"vx":1.3,"ay":-2.35,"az":9.81,"ax":-1.65,"pz":10.13,"vy":1.3,"px":552739.82,"py":4182885.53},{"vx":0.37,"ay":-1.46,"az":9.81,"ax":-1.03,"pz":10.13,"vy":0.37,"px":552739.02,"py":4182886.09},{"vx":0,"ay":0,"az":9.81,"ax":0,"pz":10.13,"vy":0,"px":552738.91,"py":4182886.17},{"vx":0,"ay":0,"az":9.83,"ax":0,"pz":10.12,"vy":0,"px":552738.91,"py":4182886.17},{"vx":0,"ay":0,"az":9.81,"ax":0,"pz":10.12,"vy":0,"px":552738.91,"py":4182886.17},{"vx":0,"ay":0,"az":9.81,"ax":0,"pz":10.12,"vy":0,"px":552738.91,"py":4182886.17}],"traffic_light":[3,0,3,3,3,3],"state_arr":[{"acceleration":-3.22,"throttle":0,"steering_target":0.57,"brake":41.66,"steering_rate":100,"speed":3.8},{"acceleration":-2.6,"throttle":0,"steering_target":0.4,"brake":36.57,"steering_rate":100,"speed":2.07},{"acceleration":-1.56,"throttle":0,"steering_target":0.35,"brake":27.53,"steering_rate":100,"speed":0.64},{"acceleration":-0.55,"throttle":0,"steering_target":0.46,"brake":27.96,"steering_rate":100,"speed":0},{"acceleration":-0.11,"throttle":0,"steering_target":0.46,"brake":49.48,"steering_rate":100,"speed":0},{"acceleration":-0.14,"throttle":0,"steering_target":0.46,"brake":51.73,"steering_rate":100,"speed":0},{"acceleration":-0.14,"throttle":0,"steering_target":0.46,"brake":51.76,"steering_rate":100,"speed":0},{"acceleration":-0.14,"throttle":0,"steering_target":0.46,"brake":51.79,"steering_rate":100,"speed":0}],"obstacle_arr":[[{"acceleration":{"y":0.29,"x":-0.36,"z":0},"position":{"y":4182887.91,"x":552734.09,"z":10.45},"volume":0.15,"type":"PEDESTRIAN","velocity":{"y":-0.14,"x":0.74,"z":0}}],[{"acceleration":{"y":0.07,"x":-0.31,"z":0},"position":{"y":4182888.15,"x":552734.1,"z":10.47},"volume":0.25,"type":"PEDESTRIAN","velocity":{"y":0,"x":0,"z":0}}],[{"acceleration":{"y":0.1,"x":0.2,"z":0},"position":{"y":4182888.2,"x":552734.65,"z":10.49},"volume":0.27,"type":"PEDESTRIAN","velocity":{"y":0.06,"x":0.54,"z":0}}],[{"acceleration":{"y":-0.07,"x":-0.2,"z":0},"position":{"y":4182888.14,"x":552735.02,"z":10.55},"volume":0.28,"type":"PEDESTRIAN","velocity":{"y":-0.01,"x":0.53,"z":0}}],[{"acceleration":{"y":0,"x":-0.18,"z":0},"position":{"y":4182888.1,"x":552735.72,"z":10.82},"volume":0.15,"type":"PEDESTRIAN","velocity":{"y":-0.01,"x":0.59,"z":0}}],[{"acceleration":{"y":0.01,"x":-0.38,"z":0},"position":{"y":4182888.1,"x":552735.72,"z":10.79},"volume":0.14,"type":"PEDESTRIAN","velocity":{"y":0,"x":0,"z":0}}],[{"acceleration":{"y":0,"x":-0.01,"z":0},"position":{"y":4182888.12,"x":552735.67,"z":10.78},"volume":0.2,"type":"PEDESTRIAN","velocity":{"y":0,"x":0,"z":0}}]],"action_description":"Pedestrian crossing the road (left to right)","ev_state":[-136.175354003906,10.1251373291016,400.929046630859,0,0,0,12,-1,359.957702636719,305.151062011719,359.95556640625,0.0016756481333886383],"collision_probability":1}
 timestamp= 1619808831000 [RUN] Validate G1 Guard Condition: 
The ego vehicle E Detection.Collision == True.
 timestamp= 1619808831000 [RES] Global Validate result: 
true
 timestamp= 1619808831000 [RUN] Collision == True
 timestamp= 1619808831000 [RUN] Validate G2 Guard Condition: 
The ego vehicle E Detection.OffRoad == True.
 timestamp= 1619808831000 [RES] Global Validate result: 
false
 timestamp= 1619808831000 [RUN] Validate G3 Guard Condition: 
The ego vehicle E Detection.HardBrake == True.
 timestamp= 1619808831000 [RES] Global Validate result: 
false
 timestamp= 1619808831000 [RUN] Validate G4 Guard Condition: 
The ego vehicle E Detection.ArrivalTest == True.
 timestamp= 1619808831000 [RES] Global Validate result: 
false
 timestamp= 1619808831000 [RUN] Validate step: 
The test system VALIDATES THAT the Apollo A Status.GetControl is nearly equal to {"acceleration": -0.14, "throttle": 0.0, "steering_target": 0.46, "brake": 51.79, "steering_rate": 100.0, "speed": 0.0}
 timestamp= 1619808831000 [RES] Validate result: 
true
 timestamp= 1619808831000 [RUN] Generate steps
 timestamp= 1619808831000 [RUN] Validate step: 
The test system VALIDATES THAT the simulator S Status.GetEnvironment is nearly equal to {"x": -136.18, "y": 10.13, "z": 400.93, "rain": 0.0, "fog": 0.0, "wetness": 0.0, "timeofday": 12.0, "signal": -1.0, "rx": 359.96, "ry": 305.15, "rz": 359.96, "speed": 0.0}
 timestamp= 1619808831000 [RES] Validate result: 
true
 timestamp= 1619808831000 [RUN] Execute API step: 
The environment controller C INVOKES API Control.Agents.Pedestrians.WalkRandomly(which_lane=Left_Lane).
 timestamp= 1619808835000 [RES] API result: 
{"pose_arr":[{"vx":0,"ay":0,"az":9.81,"ax":0,"pz":10.12,"vy":0,"px":552738.91,"py":4182886.17},{"vx":0,"ay":0,"az":9.81,"ax":0,"pz":10.12,"vy":0,"px":552738.91,"py":4182886.17},{"vx":0,"ay":0,"az":9.81,"ax":0,"pz":10.12,"vy":0,"px":552738.91,"py":4182886.17},{"vx":0,"ay":0,"az":9.81,"ax":0,"pz":10.12,"vy":0,"px":552738.92,"py":4182886.17},{"vx":0,"ay":0,"az":9.81,"ax":0,"pz":10.12,"vy":0,"px":552738.92,"py":4182886.17},{"vx":0,"ay":0,"az":9.81,"ax":0,"pz":10.12,"vy":0,"px":552738.92,"py":4182886.17},{"vx":0,"ay":0,"az":9.81,"ax":0,"pz":10.12,"vy":0,"px":552738.92,"py":4182886.17}],"traffic_light":[3,3,3,3,3,3,3],"state_arr":[{"acceleration":-0.14,"throttle":0,"steering_target":0.46,"brake":51.81,"steering_rate":100,"speed":0},{"acceleration":-0.14,"throttle":0,"steering_target":0.46,"brake":51.84,"steering_rate":100,"speed":0},{"acceleration":-0.14,"throttle":0,"steering_target":0.46,"brake":51.86,"steering_rate":100,"speed":0},{"acceleration":0,"throttle":0,"steering_target":0,"brake":50,"steering_rate":0,"speed":0},{"acceleration":0,"throttle":0,"steering_target":0,"brake":50,"steering_rate":0,"speed":0},{"acceleration":0,"throttle":0,"steering_target":0,"brake":50,"steering_rate":0,"speed":0},{"acceleration":0,"throttle":0,"steering_target":0,"brake":50,"steering_rate":0,"speed":0}],"obstacle_arr":[[{"acceleration":{"y":0,"x":0,"z":0},"position":{"y":4182888.12,"x":552735.73,"z":10.81},"volume":0.14,"type":"PEDESTRIAN","velocity":{"y":0,"x":0,"z":0}},{"acceleration":{"y":0,"x":0,"z":0},"position":{"y":4182892.56,"x":552726.08,"z":10.7},"volume":0.04,"type":"PEDESTRIAN","velocity":{"y":0,"x":0,"z":0}}],[{"acceleration":{"y":0,"x":0,"z":0},"position":{"y":4182888.15,"x":552735.72,"z":10.79},"volume":0.16,"type":"PEDESTRIAN","velocity":{"y":0,"x":0,"z":0}},{"acceleration":{"y":-0.02,"x":0.14,"z":0},"position":{"y":4182892.47,"x":552726.76,"z":10.48},"volume":0.04,"type":"PEDESTRIAN","velocity":{"y":0,"x":0,"z":0}}],[{"acceleration":{"y":0,"x":0,"z":0},"position":{"y":4182888.11,"x":552735.72,"z":10.8},"volume":0.15,"type":"PEDESTRIAN","velocity":{"y":0,"x":0,"z":0}},{"acceleration":{"y":-0.15,"x":0.35,"z":0},"position":{"y":4182892.35,"x":552727.34,"z":10.6},"volume":0.09,"type":"PEDESTRIAN","velocity":{"y":-0.19,"x":0.53,"z":0}}],[{"acceleration":{"y":0,"x":0,"z":0},"position":{"y":4182888.14,"x":552735.76,"z":10.81},"volume":0.14,"type":"PEDESTRIAN","velocity":{"y":0,"x":0,"z":0}},{"acceleration":{"y":-0.11,"x":0.47,"z":0},"position":{"y":4182892.23,"x":552727.81,"z":10.66},"volume":0.17,"type":"PEDESTRIAN","velocity":{"y":-0.16,"x":0.64,"z":0}},{"acceleration":{"y":0,"x":0,"z":0},"position":{"y":4182889.4,"x":552708.67,"z":11.23},"volume":0.15,"type":"VEHICLE","velocity":{"y":0,"x":0,"z":0}}],[{"acceleration":{"y":0,"x":0,"z":0},"position":{"y":4182888.14,"x":552735.74,"z":10.81},"volume":0.14,"type":"PEDESTRIAN","velocity":{"y":0,"x":0,"z":0}},{"acceleration":{"y":-0.07,"x":0.45,"z":0},"position":{"y":4182892.02,"x":552728.44,"z":10.51},"volume":0.08,"type":"PEDESTRIAN","velocity":{"y":-0.25,"x":0.95,"z":0}},{"acceleration":{"y":0,"x":0,"z":0},"position":{"y":4182889.41,"x":552708.67,"z":11.23},"volume":0.15,"type":"VEHICLE","velocity":{"y":0,"x":0,"z":0}}],[{"acceleration":{"y":0,"x":0,"z":0},"position":{"y":4182888.14,"x":552735.69,"z":10.81},"volume":0.21,"type":"PEDESTRIAN","velocity":{"y":0,"x":0,"z":0}},{"acceleration":{"y":-0.04,"x":0.1,"z":0},"position":{"y":4182891.96,"x":552728.96,"z":10.83},"volume":0.08,"type":"PEDESTRIAN","velocity":{"y":-0.27,"x":0.98,"z":0}},{"acceleration":{"y":0,"x":0,"z":0},"position":{"y":4182889.42,"x":552708.67,"z":10.68},"volume":1.13,"type":"VEHICLE","velocity":{"y":0,"x":0,"z":0}}],[{"acceleration":{"y":0,"x":0,"z":0},"position":{"y":4182888.15,"x":552735.76,"z":10.79},"volume":0.14,"type":"PEDESTRIAN","velocity":{"y":0,"x":0,"z":0}},{"acceleration":{"y":0.07,"x":-0.18,"z":0},"position":{"y":4182891.78,"x":552729.61,"z":10.51},"volume":0.12,"type":"PEDESTRIAN","velocity":{"y":-0.31,"x":0.84,"z":0}},{"acceleration":{"y":0,"x":0,"z":0},"position":{"y":4182889.43,"x":552708.67,"z":11.23},"volume":0.15,"type":"VEHICLE","velocity":{"y":0,"x":0,"z":0}}]],"action_description":"Pedestrian crossing the road (left to right)","ev_state":[-136.163299560547,10.1254405975342,400.929046630859,0,0,0,12,-1,359.934356689453,305.27099609375,359.943603515625,0.001685110184829768],"collision_probability":0.366}
 timestamp= 1619808835000 [RUN] Validate G1 Guard Condition: 
The ego vehicle E Detection.Collision == True.
 timestamp= 1619808835000 [RES] Global Validate result: 
false
 timestamp= 1619808835000 [RUN] Validate G2 Guard Condition: 
The ego vehicle E Detection.OffRoad == True.
 timestamp= 1619808835000 [RES] Global Validate result: 
false
 timestamp= 1619808835000 [RUN] Validate G3 Guard Condition: 
The ego vehicle E Detection.HardBrake == True.
 timestamp= 1619808835000 [RES] Global Validate result: 
false
 timestamp= 1619808835000 [RUN] Validate G4 Guard Condition: 
The ego vehicle E Detection.ArrivalTest == True.
 timestamp= 1619808835000 [RES] Global Validate result: 
false
 timestamp= 1619808835000 [RUN] Validate step: 
The test system VALIDATES THAT the Apollo A Status.GetControl is nearly equal to {"acceleration": 0.0, "throttle": 0.0, "steering_target": 0.0, "brake": 50.0, "steering_rate": 0.0, "speed": 0.0}
 timestamp= 1619808835000 [RES] Validate result: 
true
 timestamp= 1619808835000 [RUN] Generate steps
 timestamp= 1619808835000 [RUN] Validate step: 
The test system VALIDATES THAT the simulator S Status.GetEnvironment is nearly equal to {"x": -136.16, "y": 10.13, "z": 400.93, "rain": 0.0, "fog": 0.0, "wetness": 0.0, "timeofday": 12.0, "signal": -1.0, "rx": 359.93, "ry": 305.27, "rz": 359.94, "speed": 0.0}
 timestamp= 1619808835000 [RES] Validate result: 
true
 timestamp= 1619808835000 [RUN] Execute API step: 
The environment controller C INVOKES API Control.Agents.Pedestrians.WalkRandomly(which_lane=Left_Lane).
 timestamp= 1619808838000 [RES] API result: 
{"pose_arr":[{"vx":0,"ay":0,"az":9.81,"ax":0,"pz":10.12,"vy":0,"px":552738.92,"py":4182886.17},{"vx":0,"ay":0,"az":9.81,"ax":0,"pz":10.12,"vy":0,"px":552738.92,"py":4182886.17},{"vx":0,"ay":0,"az":9.81,"ax":0,"pz":10.12,"vy":0,"px":552738.93,"py":4182886.17},{"vx":0,"ay":0,"az":9.81,"ax":0,"pz":10.12,"vy":0,"px":552738.93,"py":4182886.17},{"vx":0,"ay":0,"az":9.81,"ax":0,"pz":10.12,"vy":0,"px":552738.93,"py":4182886.17},{"vx":0,"ay":0,"az":9.81,"ax":0,"pz":10.12,"vy":0,"px":552738.93,"py":4182886.17},{"vx":0,"ay":0,"az":9.81,"ax":0,"pz":10.12,"vy":0,"px":552738.93,"py":4182886.17}],"traffic_light":[3,3,3,3,3,3],"state_arr":[{"acceleration":0,"throttle":0,"steering_target":0,"brake":50,"steering_rate":0,"speed":0},{"acceleration":0,"throttle":0,"steering_target":0,"brake":50,"steering_rate":0,"speed":0},{"acceleration":0,"throttle":0,"steering_target":0,"brake":50,"steering_rate":0,"speed":0},{"acceleration":0,"throttle":0,"steering_target":0,"brake":50,"steering_rate":0,"speed":0},{"acceleration":0,"throttle":0,"steering_target":0,"brake":50,"steering_rate":0,"speed":0},{"acceleration":0,"throttle":0,"steering_target":0,"brake":50,"steering_rate":0,"speed":0},{"acceleration":0,"throttle":0,"steering_target":0,"brake":50,"steering_rate":0,"speed":0},{"acceleration":0,"throttle":0,"steering_target":0,"brake":50,"steering_rate":0,"speed":0}],"obstacle_arr":[[{"acceleration":{"y":0,"x":0,"z":0},"position":{"y":4182888.16,"x":552735.76,"z":10.8},"volume":0.15,"type":"PEDESTRIAN","velocity":{"y":0,"x":0,"z":0}},{"acceleration":{"y":0.05,"x":-0.19,"z":0},"position":{"y":4182891.64,"x":552729.9,"z":10.55},"volume":0.06,"type":"PEDESTRIAN","velocity":{"y":-0.29,"x":0.71,"z":0}},{"acceleration":{"y":0,"x":0,"z":0},"position":{"y":4182889.44,"x":552708.66,"z":10.68},"volume":1.17,"type":"VEHICLE","velocity":{"y":0,"x":0,"z":0}}],[{"acceleration":{"y":0,"x":0,"z":0},"position":{"y":4182888.15,"x":552735.76,"z":10.82},"volume":0.15,"type":"PEDESTRIAN","velocity":{"y":0,"x":0,"z":0}},{"acceleration":{"y":0.13,"x":-0.08,"z":0},"position":{"y":4182891.51,"x":552730.5,"z":10.45},"volume":0.11,"type":"PEDESTRIAN","velocity":{"y":-0.2,"x":0.7,"z":0}}],[{"acceleration":{"y":0,"x":0,"z":0},"position":{"y":4182888.17,"x":552735.77,"z":10.81},"volume":0.13,"type":"PEDESTRIAN","velocity":{"y":0,"x":0,"z":0}},{"acceleration":{"y":-0.06,"x":0.26,"z":0},"position":{"y":4182891.38,"x":552731.13,"z":10.55},"volume":0.09,"type":"PEDESTRIAN","velocity":{"y":-0.26,"x":0.84,"z":0}}],[{"acceleration":{"y":0,"x":0,"z":0},"position":{"y":4182888.17,"x":552735.74,"z":10.77},"volume":0.19,"type":"PEDESTRIAN","velocity":{"y":0,"x":0,"z":0}},{"acceleration":{"y":0.11,"x":-0.08,"z":0},"position":{"y":4182891.34,"x":552731.5,"z":10.49},"volume":0.13,"type":"PEDESTRIAN","velocity":{"y":-0.17,"x":0.72,"z":0}}],[{"acceleration":{"y":0,"x":0,"z":0},"position":{"y":4182888.13,"x":552735.78,"z":10.81},"volume":0.14,"type":"PEDESTRIAN","velocity":{"y":0,"x":0,"z":0}},{"acceleration":{"y":-0.03,"x":-0.23,"z":0},"position":{"y":4182891.17,"x":552732.07,"z":10.48},"volume":0.19,"type":"PEDESTRIAN","velocity":{"y":-0.23,"x":0.64,"z":0}}],[{"acceleration":{"y":0,"x":0,"z":0},"position":{"y":4182888.16,"x":552735.78,"z":10.78},"volume":0.12,"type":"PEDESTRIAN","velocity":{"y":0,"x":0,"z":0}},{"acceleration":{"y":0.19,"x":0.05,"z":0},"position":{"y":4182890.96,"x":552732.88,"z":10.51},"volume":0.17,"type":"PEDESTRIAN","velocity":{"y":-0.16,"x":0.77,"z":0}}],[{"acceleration":{"y":0,"x":0,"z":0},"position":{"y":4182888.2,"x":552735.78,"z":10.79},"volume":0.17,"type":"PEDESTRIAN","velocity":{"y":0,"x":0,"z":0}},{"acceleration":{"y":0,"x":-0.35,"z":0},"position":{"y":4182890.84,"x":552733.41,"z":10.48},"volume":0.15,"type":"PEDESTRIAN","velocity":{"y":-0.23,"x":0.64,"z":0}}]],"action_description":"Pedestrian crossing the road (left to right)","ev_state":[-136.151092529297,10.125449180603,400.929077148438,0,0,0,12,-1,359.93359375,305.394927978516,359.945159912109,0.001717983586374199],"collision_probability":0.364}
 timestamp= 1619808838000 [RUN] Validate G1 Guard Condition: 
The ego vehicle E Detection.Collision == True.
 timestamp= 1619808838000 [RES] Global Validate result: 
false
 timestamp= 1619808838000 [RUN] Validate G2 Guard Condition: 
The ego vehicle E Detection.OffRoad == True.
 timestamp= 1619808838000 [RES] Global Validate result: 
false
 timestamp= 1619808838000 [RUN] Validate G3 Guard Condition: 
The ego vehicle E Detection.HardBrake == True.
 timestamp= 1619808838000 [RES] Global Validate result: 
false
 timestamp= 1619808838000 [RUN] Validate G4 Guard Condition: 
The ego vehicle E Detection.ArrivalTest == True.
 timestamp= 1619808838000 [RES] Global Validate result: 
false
 timestamp= 1619808838000 [RUN] Validate step: 
The test system VALIDATES THAT the Apollo A Status.GetControl is nearly equal to {"acceleration": 0.0, "throttle": 0.0, "steering_target": 0.0, "brake": 50.0, "steering_rate": 0.0, "speed": 0.0}
 timestamp= 1619808838000 [RES] Validate result: 
true
 timestamp= 1619808838000 [RUN] Generate steps
 timestamp= 1619808838000 [RUN] Validate step: 
The test system VALIDATES THAT the simulator S Status.GetEnvironment is nearly equal to {"x": -136.15, "y": 10.13, "z": 400.93, "rain": 0.0, "fog": 0.0, "wetness": 0.0, "timeofday": 12.0, "signal": -1.0, "rx": 359.93, "ry": 305.39, "rz": 359.95, "speed": 0.0}
 timestamp= 1619808838000 [RES] Validate result: 
true
 timestamp= 1619808838000 [RUN] Execute API step: 
The environment controller C INVOKES API Control.Agents.Pedestrians.WalkRandomly(which_lane=Left_Lane).
 timestamp= 1619808843000 [RES] API result: 
{"pose_arr":[{"vx":0,"ay":0,"az":9.81,"ax":0,"pz":10.12,"vy":0,"px":552738.93,"py":4182886.17},{"vx":0,"ay":0,"az":9.81,"ax":0,"pz":10.12,"vy":0,"px":552738.93,"py":4182886.17},{"vx":0,"ay":0,"az":9.81,"ax":0,"pz":10.12,"vy":0,"px":552738.94,"py":4182886.17},{"vx":0,"ay":0,"az":9.81,"ax":0,"pz":10.12,"vy":0,"px":552738.94,"py":4182886.17},{"vx":0,"ay":0,"az":9.81,"ax":0,"pz":10.12,"vy":0,"px":552738.94,"py":4182886.17},{"vx":0,"ay":0,"az":9.81,"ax":0,"pz":10.12,"vy":0,"px":552738.94,"py":4182886.17},{"vx":0,"ay":0,"az":9.81,"ax":0,"pz":10.12,"vy":0,"px":552738.94,"py":4182886.17}],"traffic_light":[3,3,3,3,3,3,3],"state_arr":[{"acceleration":0,"throttle":0,"steering_target":0,"brake":50,"steering_rate":0,"speed":0},{"acceleration":0,"throttle":0,"steering_target":0,"brake":50,"steering_rate":0,"speed":0},{"acceleration":0,"throttle":0,"steering_target":0,"brake":50,"steering_rate":0,"speed":0},{"acceleration":0,"throttle":0,"steering_target":0,"brake":50,"steering_rate":0,"speed":0},{"acceleration":0,"throttle":0,"steering_target":0,"brake":50,"steering_rate":0,"speed":0},{"acceleration":0,"throttle":0,"steering_target":0,"brake":50,"steering_rate":0,"speed":0},{"acceleration":0,"throttle":0,"steering_target":0,"brake":50,"steering_rate":0,"speed":0},{"acceleration":0,"throttle":0,"steering_target":0,"brake":50,"steering_rate":0,"speed":0}],"obstacle_arr":[[{"acceleration":{"y":0,"x":0,"z":0},"position":{"y":4182888.19,"x":552735.75,"z":10.74},"volume":0.16,"type":"PEDESTRIAN","velocity":{"y":0,"x":0,"z":0}},{"acceleration":{"y":0.06,"x":0,"z":0},"position":{"y":4182890.67,"x":552733.81,"z":10.43},"volume":0.21,"type":"PEDESTRIAN","velocity":{"y":-0.16,"x":0.65,"z":0}}],[{"acceleration":{"y":0,"x":0,"z":0},"position":{"y":4182888.17,"x":552735.79,"z":10.81},"volume":0.15,"type":"PEDESTRIAN","velocity":{"y":0,"x":0,"z":0}},{"acceleration":{"y":-0.15,"x":0.67,"z":0},"position":{"y":4182890.57,"x":552734.4,"z":10.51},"volume":0.12,"type":"PEDESTRIAN","velocity":{"y":-0.24,"x":1,"z":0}}],[{"acceleration":{"y":0,"x":0,"z":0},"position":{"y":4182888.2,"x":552735.75,"z":10.77},"volume":0.19,"type":"PEDESTRIAN","velocity":{"y":0,"x":0,"z":0}},{"acceleration":{"y":-0.08,"x":-0.08,"z":0},"position":{"y":4182890.46,"x":552734.79,"z":10.4},"volume":0.34,"type":"PEDESTRIAN","velocity":{"y":-0.25,"x":0.89,"z":0}}],[{"acceleration":{"y":0,"x":0,"z":0},"position":{"y":4182888.18,"x":552735.79,"z":10.8},"volume":0.12,"type":"PEDESTRIAN","velocity":{"y":0,"x":0,"z":0}},{"acceleration":{"y":0.08,"x":-0.37,"z":0},"position":{"y":4182890.36,"x":552735.18,"z":10.38},"volume":0.28,"type":"PEDESTRIAN","velocity":{"y":-0.19,"x":0.62,"z":0}}],[{"acceleration":{"y":0,"x":0,"z":0},"position":{"y":4182888.19,"x":552735.76,"z":10.78},"volume":0.23,"type":"PEDESTRIAN","velocity":{"y":0,"x":0,"z":0}},{"acceleration":{"y":-0.13,"x":0.45,"z":0},"position":{"y":4182890.2,"x":552735.9,"z":10.41},"volume":0.22,"type":"PEDESTRIAN","velocity":{"y":-0.27,"x":0.9,"z":0}}],[{"acceleration":{"y":0,"x":0,"z":0},"position":{"y":4182888.17,"x":552735.8,"z":10.78},"volume":0.15,"type":"PEDESTRIAN","velocity":{"y":0,"x":0,"z":0}},{"acceleration":{"y":0.11,"x":-0.09,"z":0},"position":{"y":4182890.06,"x":552736.34,"z":10.37},"volume":0.38,"type":"PEDESTRIAN","velocity":{"y":-0.14,"x":0.7,"z":0}}],[{"acceleration":{"y":0,"x":0,"z":0},"position":{"y":4182888.22,"x":552735.76,"z":10.76},"volume":0.2,"type":"PEDESTRIAN","velocity":{"y":0,"x":0,"z":0}},{"acceleration":{"y":-0.1,"x":0.12,"z":0},"position":{"y":4182889.88,"x":552736.89,"z":10.5},"volume":0.27,"type":"PEDESTRIAN","velocity":{"y":-0.22,"x":0.7,"z":0}}],[{"acceleration":{"y":0,"x":0,"z":0},"position":{"y":4182888.21,"x":552735.79,"z":10.77},"volume":0.15,"type":"PEDESTRIAN","velocity":{"y":0,"x":0,"z":0}},{"acceleration":{"y":-0.03,"x":0.02,"z":0},"position":{"y":4182889.86,"x":552737.39,"z":10.6},"volume":0.35,"type":"PEDESTRIAN","velocity":{"y":-0.23,"x":0.78,"z":0}}]],"action_description":"Pedestrian crossing the road (left to right)","ev_state":[-136.138870239258,10.1254472732544,400.929107666016,0,0,0,12,-1,359.932373046875,305.523223876953,359.952026367188,0.0014628588131733648],"collision_probability":0.363}
 timestamp= 1619808843000 [RUN] Validate G1 Guard Condition: 
The ego vehicle E Detection.Collision == True.
 timestamp= 1619808843000 [RES] Global Validate result: 
false
 timestamp= 1619808843000 [RUN] Validate G2 Guard Condition: 
The ego vehicle E Detection.OffRoad == True.
 timestamp= 1619808843000 [RES] Global Validate result: 
false
 timestamp= 1619808843000 [RUN] Validate G3 Guard Condition: 
The ego vehicle E Detection.HardBrake == True.
 timestamp= 1619808843000 [RES] Global Validate result: 
false
 timestamp= 1619808843000 [RUN] Validate G4 Guard Condition: 
The ego vehicle E Detection.ArrivalTest == True.
 timestamp= 1619808843000 [RES] Global Validate result: 
false
 timestamp= 1619808843000 [RUN] Validate step: 
The test system VALIDATES THAT the Apollo A Status.GetControl is nearly equal to {"acceleration": 0.0, "throttle": 0.0, "steering_target": 0.0, "brake": 50.0, "steering_rate": 0.0, "speed": 0.0}
 timestamp= 1619808843000 [RES] Validate result: 
true
 timestamp= 1619808843000 [RUN] Generate steps
 timestamp= 1619808843000 [RUN] Validate step: 
The test system VALIDATES THAT the simulator S Status.GetEnvironment is nearly equal to {"x": -136.14, "y": 10.13, "z": 400.93, "rain": 0.0, "fog": 0.0, "wetness": 0.0, "timeofday": 12.0, "signal": -1.0, "rx": 359.93, "ry": 305.52, "rz": 359.95, "speed": 0.0}
 timestamp= 1619808843000 [RES] Validate result: 
true
 timestamp= 1619808843000 [RUN] Execute API step: 
The environment controller C INVOKES API Control.Agents.Pedestrians.WalkRandomly(which_lane=Left_Lane).
 timestamp= 1619808847000 [RES] API result: 
{"pose_arr":[{"vx":0,"ay":0,"az":9.81,"ax":0,"pz":10.12,"vy":0,"px":552738.94,"py":4182886.17},{"vx":0,"ay":0,"az":9.81,"ax":0,"pz":10.12,"vy":0,"px":552738.94,"py":4182886.17},{"vx":0,"ay":0.01,"az":9.81,"ax":0,"pz":10.12,"vy":0,"px":552738.94,"py":4182886.17},{"vx":0,"ay":0,"az":9.81,"ax":0,"pz":10.12,"vy":0,"px":552738.94,"py":4182886.17},{"vx":0,"ay":0,"az":9.81,"ax":0,"pz":10.12,"vy":0,"px":552738.94,"py":4182886.17},{"vx":0,"ay":0,"az":9.81,"ax":0,"pz":10.12,"vy":0,"px":552738.94,"py":4182886.17},{"vx":0,"ay":0,"az":9.81,"ax":0,"pz":10.12,"vy":0,"px":552738.94,"py":4182886.17},{"vx":0.3,"ay":-0.71,"az":9.82,"ax":-0.3,"pz":10.12,"vy":0.3,"px":552738.78,"py":4182886.28}],"traffic_light":[3,3,3,3,3,3,3,3],"state_arr":[{"acceleration":0,"throttle":0,"steering_target":0,"brake":50,"steering_rate":0,"speed":0},{"acceleration":-0.14,"throttle":0,"steering_target":0.46,"brake":52.13,"steering_rate":100,"speed":0},{"acceleration":-0.14,"throttle":0,"steering_target":0.46,"brake":52.11,"steering_rate":100,"speed":0},{"acceleration":-0.14,"throttle":0,"steering_target":0.46,"brake":52.15,"steering_rate":100,"speed":0},{"acceleration":-0.14,"throttle":0,"steering_target":0.46,"brake":52.11,"steering_rate":100,"speed":0},{"acceleration":-0.14,"throttle":0,"steering_target":0.46,"brake":52.06,"steering_rate":100,"speed":0},{"acceleration":-0.14,"throttle":0,"steering_target":0.46,"brake":52.03,"steering_rate":100,"speed":0},{"acceleration":0.62,"throttle":47.44,"steering_target":0.46,"brake":0,"steering_rate":100,"speed":0},{"acceleration":0.29,"throttle":30.98,"steering_target":11,"brake":0,"steering_rate":100,"speed":0.53}],"obstacle_arr":[[{"acceleration":{"y":0,"x":0,"z":0},"position":{"y":4182888.27,"x":552735.78,"z":10.77},"volume":0.22,"type":"PEDESTRIAN","velocity":{"y":0,"x":0,"z":0}},{"acceleration":{"y":-0.26,"x":0.24,"z":0},"position":{"y":4182889.63,"x":552737.87,"z":10.76},"volume":0.1,"type":"PEDESTRIAN","velocity":{"y":-0.39,"x":0.94,"z":0}}],[{"acceleration":{"y":0,"x":0,"z":0},"position":{"y":4182888.36,"x":552735.91,"z":10.8},"volume":0.12,"type":"PEDESTRIAN","velocity":{"y":0,"x":0,"z":0}},{"acceleration":{"y":0.24,"x":0,"z":0},"position":{"y":4182889.6,"x":552738.34,"z":10.82},"volume":0.2,"type":"PEDESTRIAN","velocity":{"y":-0.29,"x":1.12,"z":0}}],[{"acceleration":{"y":0,"x":0,"z":0},"position":{"y":4182888.62,"x":552735.99,"z":10.78},"volume":0.18,"type":"PEDESTRIAN","velocity":{"y":0,"x":0,"z":0}},{"acceleration":{"y":0.01,"x":-0.31,"z":0},"position":{"y":4182889.37,"x":552738.93,"z":10.85},"volume":0.1,"type":"PEDESTRIAN","velocity":{"y":-0.22,"x":1,"z":0}}],[{"acceleration":{"y":0,"x":0,"z":0},"position":{"y":4182888.76,"x":552736.1,"z":10.78},"volume":0.18,"type":"PEDESTRIAN","velocity":{"y":0,"x":0,"z":0}},{"acceleration":{"y":0.01,"x":-0.52,"z":0},"position":{"y":4182889.36,"x":552739.34,"z":10.94},"volume":0.2,"type":"PEDESTRIAN","velocity":{"y":-0.19,"x":0.72,"z":0}}],[{"acceleration":{"y":0,"x":0,"z":0},"position":{"y":4182888.96,"x":552736.35,"z":10.8},"volume":0.17,"type":"PEDESTRIAN","velocity":{"y":0,"x":0,"z":0}},{"acceleration":{"y":0.08,"x":-0.29,"z":0},"position":{"y":4182889.1,"x":552739.77,"z":10.84},"volume":0.14,"type":"PEDESTRIAN","velocity":{"y":-0.17,"x":0.64,"z":0}},{"acceleration":{"y":0,"x":0,"z":0},"position":{"y":4182896.11,"x":552730.25,"z":10.56},"volume":0.26,"type":"PEDESTRIAN","velocity":{"y":0,"x":0,"z":0}}],[{"acceleration":{"y":0,"x":0,"z":0},"position":{"y":4182889.12,"x":552736.62,"z":10.81},"volume":0.22,"type":"PEDESTRIAN","velocity":{"y":0,"x":0,"z":0}},{"acceleration":{"y":0.18,"x":-0.22,"z":0},"position":{"y":4182889.12,"x":552740.32,"z":10.62},"volume":0.29,"type":"PEDESTRIAN","velocity":{"y":-0.11,"x":0.67,"z":0}},{"acceleration":{"y":0,"x":0,"z":0},"position":{"y":4182895.91,"x":552730.75,"z":10.39},"volume":0.07,"type":"PEDESTRIAN","velocity":{"y":0,"x":0,"z":0}}],[{"acceleration":{"y":-0.03,"x":0.57,"z":0},"position":{"y":4182889.07,"x":552737.1,"z":10.93},"volume":0.07,"type":"PEDESTRIAN","velocity":{"y":-0.03,"x":0.56,"z":0}},{"acceleration":{"y":-0.04,"x":-0.04,"z":0},"position":{"y":4182888.97,"x":552740.76,"z":10.49},"volume":0.28,"type":"PEDESTRIAN","velocity":{"y":-0.11,"x":0.7,"z":0}}],[{"acceleration":{"y":-0.01,"x":-0.1,"z":0},"position":{"y":4182888.86,"x":552741.22,"z":10.46},"volume":0.38,"type":"PEDESTRIAN","velocity":{"y":-0.09,"x":0.55,"z":0}},{"acceleration":{"y":0,"x":0,"z":0},"position":{"y":4182898.15,"x":552728.91,"z":10.88},"volume":0.02,"type":"PEDESTRIAN","velocity":{"y":0,"x":0,"z":0}}]],"action_description":"Pedestrian crossing the road (left to right)","ev_state":[-136.324066162109,10.1247720718384,401.052886962891,0,0,0,12,-1,359.967742919922,305.204071044922,359.991638183594,0.5335229122758807],"collision_probability":0.501}
 timestamp= 1619808847000 [RUN] Validate G1 Guard Condition: 
The ego vehicle E Detection.Collision == True.
 timestamp= 1619808847000 [RES] Global Validate result: 
false
 timestamp= 1619808847000 [RUN] Validate G2 Guard Condition: 
The ego vehicle E Detection.OffRoad == True.
 timestamp= 1619808847000 [RES] Global Validate result: 
true
 timestamp= 1619808847000 [RUN] OffRoad == True
 timestamp= 1619808847000 [RUN] The simulator S INVOKES API Command.Simulation.Stop() to stop simulation.
 timestamp= 1619808847000 [WARNING] The test system Stop the Simulator S!
 timestamp= 1619808847000 [RUN] ABORT.
 timestamp= 1619808847000 [ERROR] The test system Abort!
 timestamp= 1619808847000 [RUN] Validate G3 Guard Condition: 
The ego vehicle E Detection.HardBrake == True.
 timestamp= 1619808847000 [RES] Global Validate result: 
false
 timestamp= 1619808847000 [RUN] Validate G4 Guard Condition: 
The ego vehicle E Detection.ArrivalTest == True.
 timestamp= 1619808847000 [RES] Global Validate result: 
false
 timestamp= 1619808847000 [RES] Basic PostCondition Validate result: 
false
 timestamp= 1619808847000 [STOP] numberOfStep: 37 basicFlow: 
[{"name":"","description":"","eClass":"Sentence","content":"The test system VALIDATES THAT the simulator S Status.GetEnvironment is nearly equal to {\"x\": -11.66, \"y\": 10.12, \"z\": 307.89, \"rain\": 0.0, \"fog\": 0.0, \"wetness\": 0.0, \"timeofday\": 12.0, \"signal\": -1.0, \"rx\": 359.89, \"ry\": 307.33, \"rz\": -0.0, \"speed\": 3.36}","natures":[]},{"name":"","description":"","eClass":"Sentence","content":"The environment controller C INVOKES API Control.Agents.Pedestrians.WalkRandomly(which_lane=Left_Lane).","natures":[]},{"name":"","description":"","eClass":"Sentence","content":"The test system VALIDATES THAT the Apollo A Status.GetControl is nearly equal to {\"acceleration\": 0.85, \"throttle\": 24.12, \"steering_target\": 0.03, \"brake\": 0.0, \"steering_rate\": 100.0, \"speed\": 6.19}","natures":[]},{"name":"","description":"","eClass":"Sentence","content":"The test system VALIDATES THAT the simulator S Status.GetEnvironment is nearly equal to {\"x\": -27.88, \"y\": 10.12, \"z\": 320.15, \"rain\": 0.0, \"fog\": 0.0, \"wetness\": 0.0, \"timeofday\": 12.0, \"signal\": 1.0, \"rx\": 359.97, \"ry\": 306.94, \"rz\": -0.0, \"speed\": 6.19}","natures":[]},{"name":"","description":"","eClass":"Sentence","content":"The environment controller C INVOKES API Control.Agents.Pedestrians.WalkRandomly(which_lane=Left_Lane).","natures":[]},{"name":"","description":"","eClass":"Sentence","content":"The test system VALIDATES THAT the Apollo A Status.GetControl is nearly equal to {\"acceleration\": 0.65, \"throttle\": 15.7, \"steering_target\": -0.48, \"brake\": 0.0, \"steering_rate\": 100.0, \"speed\": 7.35}","natures":[]},{"name":"","description":"","eClass":"Sentence","content":"The test system VALIDATES THAT the simulator S Status.GetEnvironment is nearly equal to {\"x\": -50.09, \"y\": 10.12, \"z\": 336.9, \"rain\": 0.0, \"fog\": 0.0, \"wetness\": 0.0, \"timeofday\": 12.0, \"signal\": 0.0, \"rx\": 359.98, \"ry\": 307.26, \"rz\": 0.02, \"speed\": 7.43}","natures":[]},{"name":"","description":"","eClass":"Sentence","content":"The environment controller C INVOKES API Control.Agents.Pedestrians.WalkRandomly(which_lane=Left_Lane).","natures":[]},{"name":"","description":"","eClass":"Sentence","content":"The test system VALIDATES THAT the Apollo A Status.GetControl is nearly equal to {\"acceleration\": 0.24, \"throttle\": 15.7, \"steering_target\": 0.11, \"brake\": 0.0, \"steering_rate\": 100.0, \"speed\": 8.3}","natures":[]},{"name":"","description":"","eClass":"Sentence","content":"The test system VALIDATES THAT the simulator S Status.GetEnvironment is nearly equal to {\"x\": -75.12, \"y\": 10.12, \"z\": 355.92, \"rain\": 0.0, \"fog\": 0.0, \"wetness\": 0.0, \"timeofday\": 12.0, \"signal\": -1.0, \"rx\": 359.97, \"ry\": 307.09, \"rz\": -0.0, \"speed\": 8.3}","natures":[]},{"name":"","description":"","eClass":"Sentence","content":"The environment controller C INVOKES API Control.Agents.Pedestrians.WalkRandomly(which_lane=Left_Lane).","natures":[]},{"name":"","description":"","eClass":"Sentence","content":"The test system VALIDATES THAT the Apollo A Status.GetControl is nearly equal to {\"acceleration\": -0.3, \"throttle\": 0.0, \"steering_target\": -0.04, \"brake\": 14.5, \"steering_rate\": 100.0, \"speed\": 7.29}","natures":[]},{"name":"","description":"","eClass":"Sentence","content":"The test system VALIDATES THAT the simulator S Status.GetEnvironment is nearly equal to {\"x\": -100.8, \"y\": 10.12, \"z\": 375.15, \"rain\": 0.0, \"fog\": 0.0, \"wetness\": 0.0, \"timeofday\": 12.0, \"signal\": 1.0, \"rx\": 0.03, \"ry\": 306.66, \"rz\": 0.0, \"speed\": 7.01}","natures":[]},{"name":"","description":"","eClass":"Sentence","content":"The environment controller C INVOKES API Control.Agents.Pedestrians.WalkRandomly(which_lane=Left_Lane).","natures":[]},{"name":"","description":"","eClass":"Sentence","content":"The test system VALIDATES THAT the Apollo A Status.GetControl is nearly equal to {\"acceleration\": -1.87, \"throttle\": 0.0, \"steering_target\": 0.39, \"brake\": 29.39, \"steering_rate\": 100.0, \"speed\": 3.23}","natures":[]},{"name":"","description":"","eClass":"Sentence","content":"The test system VALIDATES THAT the simulator S Status.GetEnvironment is nearly equal to {\"x\": -119.54, \"y\": 10.12, \"z\": 389.01, \"rain\": 0.0, \"fog\": 0.0, \"wetness\": 0.0, \"timeofday\": 12.0, \"signal\": 1.0, \"rx\": 0.1, \"ry\": 306.22, \"rz\": -0.0, \"speed\": 2.43}","natures":[]},{"name":"","description":"","eClass":"Sentence","content":"The environment controller C INVOKES API Control.Agents.NPCVehicle.NPCVehicleSwitchLane(which_lane=Current_Lane&which_car=Sedan).","natures":[]},{"name":"","description":"","eClass":"Sentence","content":"The test system VALIDATES THAT the Apollo A Status.GetControl is nearly equal to {\"acceleration\": -1.52, \"throttle\": 0.0, \"steering_target\": 0.4, \"brake\": 26.83, \"steering_rate\": 100.0, \"speed\": 0.86}","natures":[]},{"name":"","description":"","eClass":"Sentence","content":"The test system VALIDATES THAT the simulator S Status.GetEnvironment is nearly equal to {\"x\": -126.34, \"y\": 10.12, \"z\": 393.95, \"rain\": 0.0, \"fog\": 0.0, \"wetness\": 0.0, \"timeofday\": 12.0, \"signal\": 0.0, \"rx\": 0.13, \"ry\": 305.8, \"rz\": 0.0, \"speed\": 0.86}","natures":[]},{"name":"","description":"","eClass":"Sentence","content":"The environment controller C INVOKES API Control.Agents.Pedestrians.WalkRandomly(which_lane=Left_Lane).","natures":[]},{"name":"","description":"","eClass":"Sentence","content":"The test system VALIDATES THAT the Apollo A Status.GetControl is nearly equal to {\"acceleration\": 0.26, \"throttle\": 15.7, \"steering_target\": 0.4, \"brake\": 0.0, \"steering_rate\": 100.0, \"speed\": 4.04}","natures":[]},{"name":"","description":"","eClass":"Sentence","content":"The test system VALIDATES THAT the simulator S Status.GetEnvironment is nearly equal to {\"x\": -133.53, \"y\": 10.12, \"z\": 399.07, \"rain\": 0.0, \"fog\": 0.0, \"wetness\": 0.0, \"timeofday\": 12.0, \"signal\": -1.0, \"rx\": 359.98, \"ry\": 305.3, \"rz\": -0.0, \"speed\": 4.11}","natures":[]},{"name":"","description":"","eClass":"Sentence","content":"The environment controller C INVOKES API Control.Agents.Pedestrians.WalkRandomly(which_lane=Left_Lane).","natures":[]},{"name":"","description":"","eClass":"Sentence","content":"The test system VALIDATES THAT the Apollo A Status.GetControl is nearly equal to {\"acceleration\": -0.14, \"throttle\": 0.0, \"steering_target\": 0.46, \"brake\": 51.79, \"steering_rate\": 100.0, \"speed\": 0.0}","natures":[]},{"name":"","description":"","eClass":"Sentence","content":"The test system VALIDATES THAT the simulator S Status.GetEnvironment is nearly equal to {\"x\": -136.18, \"y\": 10.13, \"z\": 400.93, \"rain\": 0.0, \"fog\": 0.0, \"wetness\": 0.0, \"timeofday\": 12.0, \"signal\": -1.0, \"rx\": 359.96, \"ry\": 305.15, \"rz\": 359.96, \"speed\": 0.0}","natures":[]},{"name":"","description":"","eClass":"Sentence","content":"The environment controller C INVOKES API Control.Agents.Pedestrians.WalkRandomly(which_lane=Left_Lane).","natures":[]},{"name":"","description":"","eClass":"Sentence","content":"The test system VALIDATES THAT the Apollo A Status.GetControl is nearly equal to {\"acceleration\": 0.0, \"throttle\": 0.0, \"steering_target\": 0.0, \"brake\": 50.0, \"steering_rate\": 0.0, \"speed\": 0.0}","natures":[]},{"name":"","description":"","eClass":"Sentence","content":"The test system VALIDATES THAT the simulator S Status.GetEnvironment is nearly equal to {\"x\": -136.16, \"y\": 10.13, \"z\": 400.93, \"rain\": 0.0, \"fog\": 0.0, \"wetness\": 0.0, \"timeofday\": 12.0, \"signal\": -1.0, \"rx\": 359.93, \"ry\": 305.27, \"rz\": 359.94, \"speed\": 0.0}","natures":[]},{"name":"","description":"","eClass":"Sentence","content":"The environment controller C INVOKES API Control.Agents.Pedestrians.WalkRandomly(which_lane=Left_Lane).","natures":[]},{"name":"","description":"","eClass":"Sentence","content":"The test system VALIDATES THAT the Apollo A Status.GetControl is nearly equal to {\"acceleration\": 0.0, \"throttle\": 0.0, \"steering_target\": 0.0, \"brake\": 50.0, \"steering_rate\": 0.0, \"speed\": 0.0}","natures":[]},{"name":"","description":"","eClass":"Sentence","content":"The test system VALIDATES THAT the simulator S Status.GetEnvironment is nearly equal to {\"x\": -136.15, \"y\": 10.13, \"z\": 400.93, \"rain\": 0.0, \"fog\": 0.0, \"wetness\": 0.0, \"timeofday\": 12.0, \"signal\": -1.0, \"rx\": 359.93, \"ry\": 305.39, \"rz\": 359.95, \"speed\": 0.0}","natures":[]},{"name":"","description":"","eClass":"Sentence","content":"The environment controller C INVOKES API Control.Agents.Pedestrians.WalkRandomly(which_lane=Left_Lane).","natures":[]},{"name":"","description":"","eClass":"Sentence","content":"The test system VALIDATES THAT the Apollo A Status.GetControl is nearly equal to {\"acceleration\": 0.0, \"throttle\": 0.0, \"steering_target\": 0.0, \"brake\": 50.0, \"steering_rate\": 0.0, \"speed\": 0.0}","natures":[]},{"name":"","description":"","eClass":"Sentence","content":"The test system VALIDATES THAT the simulator S Status.GetEnvironment is nearly equal to {\"x\": -136.14, \"y\": 10.13, \"z\": 400.93, \"rain\": 0.0, \"fog\": 0.0, \"wetness\": 0.0, \"timeofday\": 12.0, \"signal\": -1.0, \"rx\": 359.93, \"ry\": 305.52, \"rz\": 359.95, \"speed\": 0.0}","natures":[]},{"name":"","description":"","eClass":"Sentence","content":"The environment controller C INVOKES API Control.Agents.Pedestrians.WalkRandomly(which_lane=Left_Lane).","natures":[]},{"name":"","description":"","eClass":"Sentence","content":"The test system VALIDATES THAT the Apollo A Status.GetControl is nearly equal to {\"acceleration\": 0.29, \"throttle\": 30.98, \"steering_target\": 11.0, \"brake\": 0.0, \"steering_rate\": 100.0, \"speed\": 0.53}","natures":[]},{"name":"","description":"","eClass":"Sentence","content":"","natures":[]}]
