 timestamp= 1619818391000 [START] Now Run TCS Maintain Lane On Road1 Mode: dynamic Roadnum: 4 Second: 4
 timestamp= 1619818391000 [SUCCESS] TCS Check Success 
 timestamp= 1619818394000 [RUN] Run BasicFlow
 timestamp= 1619818394000 [RUN] Generate steps
 timestamp= 1619818394000 [RUN] Validate step: 
The test system VALIDATES THAT the simulator S Status.GetEnvironment is nearly equal to {"x": -439.9, "y": 10.12, "z": 215.69, "rain": 0.0, "fog": 0.0, "wetness": 0.0, "timeofday": 12.0, "signal": 1.0, "rx": 359.95, "ry": 210.59, "rz": 359.99, "speed": 2.33}
 timestamp= 1619818394000 [RES] Validate result: 
true
 timestamp= 1619818394000 [RUN] Execute API step: 
The environment controller C INVOKES API Control.Agents.NPCVehicle.NPCVehicleMaintainLane(which_lane=Right_Lane&which_car=BoxTruck).
 timestamp= 1619818397000 [RES] API result: 
{"pose_arr":[{"vx":-2.02,"ay":0.19,"az":9.81,"ax":-0.3,"pz":10.12,"vy":-2.02,"px":552434.77,"py":4182702.87},{"vx":-2.34,"ay":0.19,"az":9.82,"ax":-0.28,"pz":10.12,"vy":-2.34,"px":552434.05,"py":4182701.64},{"vx":-2.57,"ay":0.14,"az":9.81,"ax":-0.25,"pz":10.12,"vy":-2.57,"px":552432.9,"py":4182699.65},{"vx":-2.72,"ay":0.17,"az":9.81,"ax":-0.22,"pz":10.12,"vy":-2.72,"px":552431.97,"py":4182698.02},{"vx":-2.86,"ay":-0.25,"az":9.82,"ax":0.44,"pz":10.12,"vy":-2.86,"px":552430.51,"py":4182695.48},{"vx":-2.85,"ay":0,"az":9.81,"ax":0,"pz":10.12,"vy":-2.85,"px":552429.55,"py":4182693.74}],"traffic_light":[3,3,1,3,0],"state_arr":[{"acceleration":0.51,"throttle":19,"steering_target":2.15,"brake":0,"steering_rate":100,"speed":2.33},{"acceleration":0.5,"throttle":18.88,"steering_target":1.26,"brake":0,"steering_rate":100,"speed":2.67},{"acceleration":0.25,"throttle":15.7,"steering_target":0.34,"brake":0,"steering_rate":100,"speed":2.97},{"acceleration":0.17,"throttle":15.7,"steering_target":0.21,"brake":0,"steering_rate":100,"speed":3.14},{"acceleration":0.07,"throttle":15.7,"steering_target":1.34,"brake":0,"steering_rate":100,"speed":3.27},{"acceleration":-0.1,"throttle":0,"steering_target":6.6,"brake":14.5,"steering_rate":100,"speed":3.34},{"acceleration":-0.18,"throttle":0,"steering_target":12.54,"brake":14.5,"steering_rate":100,"speed":3.37}],"obstacle_arr":[[],[],[{"acceleration":{"y":-1.29,"x":-0.69,"z":0},"position":{"y":4182705.96,"x":552427.33,"z":10.13},"volume":106.44,"type":"VEHICLE","velocity":{"y":-0.93,"x":-0.51,"z":0}}],[{"acceleration":{"y":0.63,"x":0.38,"z":0},"position":{"y":4182706.17,"x":552427.59,"z":10.42},"volume":89.95,"type":"VEHICLE","velocity":{"y":0,"x":0,"z":0}}],[{"acceleration":{"y":0.05,"x":0.03,"z":0},"position":{"y":4182705.93,"x":552427.53,"z":10.43},"volume":87.2,"type":"VEHICLE","velocity":{"y":0,"x":0,"z":0}}],[{"acceleration":{"y":-2.55,"x":-0.64,"z":0},"position":{"y":4182703.54,"x":552426.67,"z":10.41},"volume":102.68,"type":"VEHICLE","velocity":{"y":-1.7,"x":-0.43,"z":0}}]],"action_description":"NPC vehicle (BoxTruck) driving on the right lane","ev_state":[-445.770385742188,10.1246652603149,205.098327636719,0,0,0,12,1,359.977233886719,206.370376586914,359.917236328125,3.3734265928984906],"collision_probability":0}
 timestamp= 1619818397000 [RUN] Validate G1 Guard Condition: 
The ego vehicle E Detection.Collision == True.
 timestamp= 1619818397000 [RES] Global Validate result: 
false
 timestamp= 1619818397000 [RUN] Validate G2 Guard Condition: 
The ego vehicle E Detection.OffRoad == True.
 timestamp= 1619818397000 [RES] Global Validate result: 
false
 timestamp= 1619818397000 [RUN] Validate G3 Guard Condition: 
The ego vehicle E Detection.HardBrake == True.
 timestamp= 1619818397000 [RES] Global Validate result: 
false
 timestamp= 1619818397000 [RUN] Validate G4 Guard Condition: 
The ego vehicle E Detection.ArrivalTest == True.
 timestamp= 1619818397000 [RES] Global Validate result: 
false
 timestamp= 1619818397000 [RUN] Validate step: 
The test system VALIDATES THAT the Apollo A Status.GetControl is nearly equal to {"acceleration": -0.18, "throttle": 0.0, "steering_target": 12.54, "brake": 14.5, "steering_rate": 100.0, "speed": 3.37}
 timestamp= 1619818397000 [RES] Validate result: 
true
 timestamp= 1619818397000 [RUN] Generate steps
 timestamp= 1619818397000 [RUN] Validate step: 
The test system VALIDATES THAT the simulator S Status.GetEnvironment is nearly equal to {"x": -445.77, "y": 10.12, "z": 205.1, "rain": 0.0, "fog": 0.0, "wetness": 0.0, "timeofday": 12.0, "signal": 1.0, "rx": 359.98, "ry": 206.37, "rz": 359.92, "speed": 3.37}
 timestamp= 1619818397000 [RES] Validate result: 
true
 timestamp= 1619818397000 [RUN] Execute API step: 
The environment controller C INVOKES API Control.Agents.NPCVehicle.NPCVehicleMaintainLane(which_lane=Right_Lane&which_car=BoxTruck).
 timestamp= 1619818401000 [RES] API result: 
{"pose_arr":[{"vx":-3.04,"ay":0.83,"az":9.78,"ax":-1.64,"pz":10.12,"vy":-3.04,"px":552428.84,"py":4182692.39},{"vx":-2.89,"ay":0.08,"az":9.81,"ax":0.54,"pz":10.13,"vy":-2.89,"px":552427.89,"py":4182690.29},{"vx":-3.45,"ay":0.73,"az":9.76,"ax":-4,"pz":10.12,"vy":-3.45,"px":552427.17,"py":4182688.13},{"vx":-3.25,"ay":-0.64,"az":9.82,"ax":0.7,"pz":10.13,"vy":-3.25,"px":552426.82,"py":4182686.39},{"vx":-2.58,"ay":0.08,"az":9.81,"ax":0.61,"pz":10.13,"vy":-2.58,"px":552426.82,"py":4182683.84},{"vx":-2.29,"ay":0.05,"az":9.8,"ax":-0.34,"pz":10.13,"vy":-2.29,"px":552427.23,"py":4182682.33}],"traffic_light":[0,0,0,0,0,0],"state_arr":[{"acceleration":-0.12,"throttle":0,"steering_target":16.99,"brake":14.5,"steering_rate":100,"speed":3.16},{"acceleration":0.08,"throttle":15.7,"steering_target":23.7,"brake":0,"steering_rate":100,"speed":2.88},{"acceleration":-0.72,"throttle":0,"steering_target":31.92,"brake":16.79,"steering_rate":100,"speed":3.58},{"acceleration":-0.43,"throttle":0,"steering_target":47.14,"brake":14.5,"steering_rate":100,"speed":3.1},{"acceleration":-0.13,"throttle":0,"steering_target":56.33,"brake":14.5,"steering_rate":100,"speed":2.67},{"acceleration":0.11,"throttle":15.7,"steering_target":41.2,"brake":0,"steering_rate":100,"speed":2.55}],"obstacle_arr":[[{"acceleration":{"y":-4.28,"x":-1.76,"z":0},"position":{"y":4182692.38,"x":552423.29,"z":10.39},"volume":77.09,"type":"VEHICLE","velocity":{"y":-4.77,"x":-1.54,"z":0}}],[{"acceleration":{"y":-3.59,"x":1.02,"z":0},"position":{"y":4182687.86,"x":552423.06,"z":10.53},"volume":19.95,"type":"VEHICLE","velocity":{"y":-7.7,"x":-2.65,"z":0}}],[],[],[],[]],"action_description":"NPC vehicle (BoxTruck) driving on the right lane","ev_state":[-445.553436279297,10.124698638916,193.826553344727,0,0,0,12,0,359.950561523438,151.903381347656,359.681610107422,3.00758132758755],"collision_probability":0}
 timestamp= 1619818401000 [RUN] Validate G1 Guard Condition: 
The ego vehicle E Detection.Collision == True.
 timestamp= 1619818401000 [RES] Global Validate result: 
false
 timestamp= 1619818401000 [RUN] Validate G2 Guard Condition: 
The ego vehicle E Detection.OffRoad == True.
 timestamp= 1619818401000 [RES] Global Validate result: 
false
 timestamp= 1619818401000 [RUN] Validate G3 Guard Condition: 
The ego vehicle E Detection.HardBrake == True.
 timestamp= 1619818401000 [RES] Global Validate result: 
false
 timestamp= 1619818401000 [RUN] Validate G4 Guard Condition: 
The ego vehicle E Detection.ArrivalTest == True.
 timestamp= 1619818401000 [RES] Global Validate result: 
false
 timestamp= 1619818401000 [RUN] Validate step: 
The test system VALIDATES THAT the Apollo A Status.GetControl is nearly equal to {"acceleration": 0.11, "throttle": 15.7, "steering_target": 41.2, "brake": 0.0, "steering_rate": 100.0, "speed": 2.55}
 timestamp= 1619818401000 [RES] Validate result: 
true
 timestamp= 1619818401000 [RUN] Generate steps
 timestamp= 1619818401000 [RUN] Validate step: 
The test system VALIDATES THAT the simulator S Status.GetEnvironment is nearly equal to {"x": -445.55, "y": 10.12, "z": 193.83, "rain": 0.0, "fog": 0.0, "wetness": 0.0, "timeofday": 12.0, "signal": 0.0, "rx": 359.95, "ry": 151.9, "rz": 359.68, "speed": 3.01}
 timestamp= 1619818401000 [RES] Validate result: 
true
 timestamp= 1619818401000 [RUN] Execute API step: 
The environment controller C INVOKES API Control.Agents.NPCVehicle.NPCVehicleMaintainLane(which_lane=Right_Lane&which_car=BoxTruck).
 timestamp= 1619818404000 [RES] API result: 
{"pose_arr":[{"vx":-2.29,"ay":-2.94,"az":9.79,"ax":-0.97,"pz":10.12,"vy":-2.29,"px":552427.72,"py":4182681.18},{"vx":-1.56,"ay":0.02,"az":9.81,"ax":-0.27,"pz":10.13,"vy":-1.56,"px":552428.9,"py":4182679.44},{"vx":-1.11,"ay":-0.08,"az":9.81,"ax":-1.56,"pz":10.12,"vy":-1.11,"px":552430.39,"py":4182678.26},{"vx":-0.95,"ay":-0.74,"az":9.82,"ax":-0.42,"pz":10.12,"vy":-0.95,"px":552432.17,"py":4182677.4},{"vx":-0.79,"ay":-0.54,"az":9.81,"ax":0.03,"pz":10.12,"vy":-0.79,"px":552435.06,"py":4182676.53},{"vx":-0.41,"ay":-0.28,"az":9.83,"ax":-0.06,"pz":10.12,"vy":-0.41,"px":552438.65,"py":4182675.93}],"traffic_light":[0,0,0,0,0,3],"state_arr":[{"acceleration":-0.25,"throttle":0,"steering_target":39.49,"brake":14.5,"steering_rate":100,"speed":3.01},{"acceleration":0.37,"throttle":16.47,"steering_target":72.96,"brake":0,"steering_rate":100,"speed":2.8},{"acceleration":0.47,"throttle":18.37,"steering_target":42.24,"brake":0,"steering_rate":100,"speed":2.96},{"acceleration":0.61,"throttle":20.89,"steering_target":27.29,"brake":0,"steering_rate":100,"speed":3.61},{"acceleration":0.49,"throttle":15.7,"steering_target":15.49,"brake":0,"steering_rate":100,"speed":4.32},{"acceleration":1.26,"throttle":35.76,"steering_target":11.83,"brake":0,"steering_rate":100,"speed":4.56},{"acceleration":1.12,"throttle":15.7,"steering_target":8.13,"brake":0,"steering_rate":100,"speed":5.23}],"obstacle_arr":[[],[{"acceleration":{"y":0,"x":0.02,"z":0},"position":{"y":4182677.08,"x":552422.14,"z":10.42},"volume":95.85,"type":"VEHICLE","velocity":{"y":0,"x":0,"z":0}}],[{"acceleration":{"y":-0.04,"x":0.54,"z":0},"position":{"y":4182676.14,"x":552423.21,"z":10.46},"volume":90.32,"type":"VEHICLE","velocity":{"y":0,"x":0,"z":0}}],[{"acceleration":{"y":0,"x":0,"z":0},"position":{"y":4182675.58,"x":552424.52,"z":10.5},"volume":65.06,"type":"VEHICLE","velocity":{"y":0,"x":0,"z":0}}],[{"acceleration":{"y":0,"x":0,"z":0},"position":{"y":4182675.34,"x":552426.25,"z":10.62},"volume":34.95,"type":"VEHICLE","velocity":{"y":0,"x":0,"z":0}}],[{"acceleration":{"y":0,"x":0,"z":0},"position":{"y":4182676.12,"x":552426.99,"z":10.45},"volume":21.93,"type":"VEHICLE","velocity":{"y":0,"x":0,"z":0}}],[{"acceleration":{"y":0,"x":0,"z":0},"position":{"y":4182676.36,"x":552428.19,"z":10.1},"volume":172.21,"type":"VEHICLE","velocity":{"y":0,"x":0,"z":0}}]],"action_description":"NPC vehicle (BoxTruck) driving on the right lane","ev_state":[-431.115112304688,10.1243801116943,189.611740112305,0,0,0,12,-1,359.971893310547,92.7766265869141,359.856658935547,5.446274192620692],"collision_probability":0}
 timestamp= 1619818404000 [RUN] Validate G1 Guard Condition: 
The ego vehicle E Detection.Collision == True.
 timestamp= 1619818404000 [RES] Global Validate result: 
false
 timestamp= 1619818404000 [RUN] Validate G2 Guard Condition: 
The ego vehicle E Detection.OffRoad == True.
 timestamp= 1619818404000 [RES] Global Validate result: 
false
 timestamp= 1619818404000 [RUN] Validate G3 Guard Condition: 
The ego vehicle E Detection.HardBrake == True.
 timestamp= 1619818404000 [RES] Global Validate result: 
false
 timestamp= 1619818404000 [RUN] Validate G4 Guard Condition: 
The ego vehicle E Detection.ArrivalTest == True.
 timestamp= 1619818404000 [RES] Global Validate result: 
false
 timestamp= 1619818404000 [RUN] Validate step: 
The test system VALIDATES THAT the Apollo A Status.GetControl is nearly equal to {"acceleration": 1.12, "throttle": 15.7, "steering_target": 8.13, "brake": 0.0, "steering_rate": 100.0, "speed": 5.23}
 timestamp= 1619818404000 [RES] Validate result: 
true
 timestamp= 1619818404000 [RUN] Generate steps
 timestamp= 1619818404000 [RUN] Validate step: 
The test system VALIDATES THAT the simulator S Status.GetEnvironment is nearly equal to {"x": -431.12, "y": 10.12, "z": 189.61, "rain": 0.0, "fog": 0.0, "wetness": 0.0, "timeofday": 12.0, "signal": -1.0, "rx": 359.97, "ry": 92.78, "rz": 359.86, "speed": 5.45}
 timestamp= 1619818404000 [RES] Validate result: 
true
 timestamp= 1619818404000 [RUN] Execute API step: 
The environment controller C INVOKES API Control.Agents.NPCVehicle.NPCVehicleMaintainLane(which_lane=Right_Lane&which_car=BoxTruck).
 timestamp= 1619818408000 [RES] API result: 
{"pose_arr":[{"vx":-0.16,"ay":-0.26,"az":9.81,"ax":-0.03,"pz":10.12,"vy":-0.16,"px":552441.49,"py":4182675.7},{"vx":0.03,"ay":-2.68,"az":9.79,"ax":-0.39,"pz":10.12,"vy":0.03,"px":552444.46,"py":4182675.61},{"vx":-0.01,"ay":-0.24,"az":9.81,"ax":0,"pz":10.12,"vy":-0.01,"px":552450.09,"py":4182675.58},{"vx":0.15,"ay":-0.25,"az":9.81,"ax":-0.31,"pz":10.12,"vy":0.15,"px":552454.55,"py":4182675.6},{"vx":0.08,"ay":-0.23,"az":9.81,"ax":0.24,"pz":10.12,"vy":0.08,"px":552459.15,"py":4182675.68},{"vx":0.15,"ay":-0.23,"az":9.81,"ax":0,"pz":10.12,"vy":0.15,"px":552463.91,"py":4182675.74},{"vx":0.08,"ay":-0.23,"az":9.82,"ax":0.04,"pz":10.12,"vy":0.08,"px":552469.39,"py":4182675.84}],"traffic_light":[3,3,3,3,3,3],"state_arr":[{"acceleration":1.38,"throttle":89.22,"steering_target":6.51,"brake":0,"steering_rate":100,"speed":5.45},{"acceleration":0.53,"throttle":18.87,"steering_target":-0.74,"brake":0,"steering_rate":100,"speed":6.81},{"acceleration":0.8,"throttle":15.7,"steering_target":1.24,"brake":0,"steering_rate":100,"speed":6.94},{"acceleration":0.52,"throttle":16.46,"steering_target":1.27,"brake":0,"steering_rate":100,"speed":7.1},{"acceleration":0.59,"throttle":15.7,"steering_target":-0.68,"brake":0,"steering_rate":100,"speed":7.23},{"acceleration":0.54,"throttle":15.7,"steering_target":1.24,"brake":0,"steering_rate":100,"speed":7.41},{"acceleration":0.72,"throttle":15.7,"steering_target":-1.25,"brake":0,"steering_rate":100,"speed":7.6},{"acceleration":0.73,"throttle":15.7,"steering_target":0.4,"brake":0,"steering_rate":100,"speed":7.73}],"obstacle_arr":[[{"acceleration":{"y":0,"x":0,"z":0},"position":{"y":4182678.06,"x":552432.75,"z":10.11},"volume":130.01,"type":"VEHICLE","velocity":{"y":0,"x":0,"z":0}}],[{"acceleration":{"y":0.39,"x":3.03,"z":0},"position":{"y":4182679.2,"x":552444.7,"z":10.12},"volume":74.21,"type":"VEHICLE","velocity":{"y":0.64,"x":2.51,"z":0}},{"acceleration":{"y":0,"x":0,"z":0},"position":{"y":4182667.76,"x":552441.81,"z":10.34},"volume":138.98,"type":"VEHICLE","velocity":{"y":0,"x":0,"z":0}}],[{"acceleration":{"y":0.07,"x":4.33,"z":0},"position":{"y":4182679.41,"x":552452.91,"z":10.38},"volume":71.45,"type":"VEHICLE","velocity":{"y":0.74,"x":4.51,"z":0}},{"acceleration":{"y":0,"x":0,"z":0},"position":{"y":4182668.15,"x":552442.88,"z":10.34},"volume":117.33,"type":"VEHICLE","velocity":{"y":0,"x":0,"z":0}}],[{"acceleration":{"y":-0.13,"x":5.21,"z":0},"position":{"y":4182680.18,"x":552462.66,"z":10.12},"volume":114.79,"type":"VEHICLE","velocity":{"y":0.72,"x":7.21,"z":0}},{"acceleration":{"y":0,"x":0,"z":0},"position":{"y":4182668.37,"x":552445.25,"z":10.33},"volume":114.22,"type":"VEHICLE","velocity":{"y":0,"x":0,"z":0}}],[{"acceleration":{"y":-0.14,"x":5.75,"z":0},"position":{"y":4182679.98,"x":552480.5,"z":10.55},"volume":84.39,"type":"VEHICLE","velocity":{"y":0.58,"x":11.58,"z":0}},{"acceleration":{"y":0,"x":0,"z":0},"position":{"y":4182669.05,"x":552449.41,"z":10.34},"volume":121.87,"type":"VEHICLE","velocity":{"y":0,"x":0,"z":0}}],[{"acceleration":{"y":0,"x":0,"z":0},"position":{"y":4182669.54,"x":552451.51,"z":10.34},"volume":112.96,"type":"VEHICLE","velocity":{"y":0,"x":0,"z":0}}],[{"acceleration":{"y":0,"x":0.01,"z":0},"position":{"y":4182679.15,"x":552501.52,"z":11.04},"volume":19.12,"type":"VEHICLE","velocity":{"y":0,"x":0,"z":0}}]],"action_description":"NPC vehicle (BoxTruck) driving on the right lane","ev_state":[-402.706176757813,10.1239414215088,189.845550537109,0,0,0,12,-1,359.982574462891,89.3627700805664,0.0446059815585613,7.7325933734111265],"collision_probability":0}
 timestamp= 1619818408000 [RUN] Validate G1 Guard Condition: 
The ego vehicle E Detection.Collision == True.
 timestamp= 1619818408000 [RES] Global Validate result: 
false
 timestamp= 1619818408000 [RUN] Validate G2 Guard Condition: 
The ego vehicle E Detection.OffRoad == True.
 timestamp= 1619818408000 [RES] Global Validate result: 
false
 timestamp= 1619818408000 [RUN] Validate G3 Guard Condition: 
The ego vehicle E Detection.HardBrake == True.
 timestamp= 1619818408000 [RES] Global Validate result: 
false
 timestamp= 1619818408000 [RUN] Validate G4 Guard Condition: 
The ego vehicle E Detection.ArrivalTest == True.
 timestamp= 1619818408000 [RES] Global Validate result: 
false
 timestamp= 1619818408000 [RUN] Validate step: 
The test system VALIDATES THAT the Apollo A Status.GetControl is nearly equal to {"acceleration": 0.73, "throttle": 15.7, "steering_target": 0.4, "brake": 0.0, "steering_rate": 100.0, "speed": 7.73}
 timestamp= 1619818408000 [RES] Validate result: 
true
 timestamp= 1619818408000 [RUN] Generate steps
 timestamp= 1619818408000 [RUN] Validate step: 
The test system VALIDATES THAT the simulator S Status.GetEnvironment is nearly equal to {"x": -402.71, "y": 10.12, "z": 189.85, "rain": 0.0, "fog": 0.0, "wetness": 0.0, "timeofday": 12.0, "signal": -1.0, "rx": 359.98, "ry": 89.36, "rz": 0.04, "speed": 7.73}
 timestamp= 1619818408000 [RES] Validate result: 
true
 timestamp= 1619818408000 [RUN] Execute API step: 
The environment controller C INVOKES API Control.Agents.NPCVehicle.NPCVehicleMaintainLane(which_lane=Right_Lane&which_car=BoxTruck).
 timestamp= 1619818412000 [RES] API result: 
{"pose_arr":[{"vx":0.1,"ay":-0.23,"az":9.81,"ax":0.02,"pz":10.12,"vy":0.1,"px":552472.96,"py":4182675.88},{"vx":0.11,"ay":-0.74,"az":9.8,"ax":-0.12,"pz":10.12,"vy":0.11,"px":552476.9,"py":4182675.94},{"vx":0.05,"ay":-0.22,"az":9.81,"ax":-0.02,"pz":10.12,"vy":0.05,"px":552483.96,"py":4182675.99},{"vx":0.06,"ay":-0.21,"az":9.81,"ax":-0.05,"pz":10.12,"vy":0.06,"px":552489.05,"py":4182676.03},{"vx":0.04,"ay":-0.21,"az":9.81,"ax":0.06,"pz":10.12,"vy":0.04,"px":552494.57,"py":4182676.07},{"vx":0.06,"ay":0.33,"az":9.79,"ax":-0.01,"pz":10.12,"vy":0.06,"px":552498.38,"py":4182676.09}],"traffic_light":[3,3,3,3,3,3],"state_arr":[{"acceleration":0.85,"throttle":18.9,"steering_target":0.02,"brake":0,"steering_rate":100,"speed":7.85},{"acceleration":0.61,"throttle":17.74,"steering_target":-1.02,"brake":0,"steering_rate":100,"speed":8.25},{"acceleration":0.55,"throttle":16.51,"steering_target":0.84,"brake":0,"steering_rate":100,"speed":8.42},{"acceleration":0.23,"throttle":15.7,"steering_target":-0.76,"brake":0,"steering_rate":100,"speed":8.55},{"acceleration":0.11,"throttle":15.7,"steering_target":0.26,"brake":0,"steering_rate":100,"speed":8.68},{"acceleration":-0.02,"throttle":0,"steering_target":0.12,"brake":14.5,"steering_rate":100,"speed":8.7},{"acceleration":-0.01,"throttle":0,"steering_target":-0.4,"brake":14.5,"steering_rate":100,"speed":8.6}],"obstacle_arr":[[],[{"acceleration":{"y":0,"x":0,"z":0},"position":{"y":4182667.7,"x":552469.99,"z":10.34},"volume":148.14,"type":"VEHICLE","velocity":{"y":0,"x":0,"z":0}}],[{"acceleration":{"y":-0.02,"x":1.74,"z":0},"position":{"y":4182667.6,"x":552472.3,"z":10.34},"volume":112.1,"type":"VEHICLE","velocity":{"y":-0.01,"x":1.51,"z":0}},{"acceleration":{"y":-0.01,"x":-0.03,"z":0},"position":{"y":4182671.2,"x":552457.25,"z":10.13},"volume":301.86,"type":"VEHICLE","velocity":{"y":0,"x":0,"z":0}}],[{"acceleration":{"y":0,"x":0,"z":0},"position":{"y":4182672.55,"x":552464.01,"z":10.11},"volume":62.91,"type":"VEHICLE","velocity":{"y":0,"x":0,"z":0}}],[{"acceleration":{"y":0,"x":0,"z":0},"position":{"y":4182673.46,"x":552468.26,"z":10.13},"volume":24.52,"type":"VEHICLE","velocity":{"y":0,"x":0,"z":0}}],[{"acceleration":{"y":0,"x":0,"z":0},"position":{"y":4182673.31,"x":552470.13,"z":10.12},"volume":41.29,"type":"VEHICLE","velocity":{"y":0,"x":0,"z":0}}],[{"acceleration":{"y":0,"x":0,"z":0},"position":{"y":4182674.77,"x":552474.66,"z":10.14},"volume":21.53,"type":"VEHICLE","velocity":{"y":0,"x":0,"z":0}}]],"action_description":"NPC vehicle (BoxTruck) driving on the right lane","ev_state":[-369.090362548828,10.1237125396729,190.106430053711,0,0,0,12,-1,359.990203857422,89.7756729125977,0.0177902709692717,8.627569163711065],"collision_probability":0}
 timestamp= 1619818412000 [RUN] Validate G1 Guard Condition: 
The ego vehicle E Detection.Collision == True.
 timestamp= 1619818412000 [RES] Global Validate result: 
false
 timestamp= 1619818412000 [RUN] Validate G2 Guard Condition: 
The ego vehicle E Detection.OffRoad == True.
 timestamp= 1619818412000 [RES] Global Validate result: 
false
 timestamp= 1619818412000 [RUN] Validate G3 Guard Condition: 
The ego vehicle E Detection.HardBrake == True.
 timestamp= 1619818412000 [RES] Global Validate result: 
false
 timestamp= 1619818412000 [RUN] Validate G4 Guard Condition: 
The ego vehicle E Detection.ArrivalTest == True.
 timestamp= 1619818412000 [RES] Global Validate result: 
false
 timestamp= 1619818412000 [RUN] Validate step: 
The test system VALIDATES THAT the Apollo A Status.GetControl is nearly equal to {"acceleration": -0.01, "throttle": 0.0, "steering_target": -0.4, "brake": 14.5, "steering_rate": 100.0, "speed": 8.6}
 timestamp= 1619818412000 [RES] Validate result: 
true
 timestamp= 1619818412000 [RUN] Generate steps
 timestamp= 1619818412000 [RUN] Validate step: 
The test system VALIDATES THAT the simulator S Status.GetEnvironment is nearly equal to {"x": -369.09, "y": 10.12, "z": 190.11, "rain": 0.0, "fog": 0.0, "wetness": 0.0, "timeofday": 12.0, "signal": -1.0, "rx": 359.99, "ry": 89.78, "rz": 0.02, "speed": 8.63}
 timestamp= 1619818412000 [RES] Validate result: 
true
 timestamp= 1619818412000 [RUN] Execute API step: 
The environment controller C INVOKES API Control.Agents.NPCVehicle.NPCVehicleMaintainLane(which_lane=Right_Lane&which_car=BoxTruck).
 timestamp= 1619818416000 [RES] API result: 
{"pose_arr":[{"vx":0.03,"ay":0.54,"az":9.81,"ax":0.03,"pz":10.12,"vy":0.03,"px":552503.33,"py":4182676.12},{"vx":0.05,"ay":-0.37,"az":9.8,"ax":0.01,"pz":10.12,"vy":0.05,"px":552507.53,"py":4182676.14},{"vx":0.04,"ay":-0.21,"az":9.82,"ax":0.01,"pz":10.12,"vy":0.04,"px":552513.17,"py":4182676.17},{"vx":0.04,"ay":-0.21,"az":9.82,"ax":0,"pz":10.12,"vy":0.04,"px":552518.26,"py":4182676.19},{"vx":0.04,"ay":-0.21,"az":9.8,"ax":0.01,"pz":10.12,"vy":0.04,"px":552523.47,"py":4182676.21},{"vx":0.03,"ay":-0.21,"az":9.8,"ax":0,"pz":10.12,"vy":0.03,"px":552529.28,"py":4182676.23},{"vx":0.05,"ay":-0.21,"az":9.8,"ax":0,"pz":10.12,"vy":0.05,"px":552534.17,"py":4182676.25},{"vx":-0.01,"ay":0.63,"az":9.81,"ax":0.01,"pz":10.12,"vy":-0.01,"px":552538.64,"py":4182676.27}],"traffic_light":[3,3,3,3,3,3,3],"state_arr":[{"acceleration":0.32,"throttle":15.86,"steering_target":0.22,"brake":0,"steering_rate":100,"speed":8.63},{"acceleration":0.28,"throttle":15.7,"steering_target":-0.09,"brake":0,"steering_rate":100,"speed":8.75},{"acceleration":0.35,"throttle":16.53,"steering_target":-0.14,"brake":0,"steering_rate":100,"speed":8.86},{"acceleration":0.06,"throttle":15.7,"steering_target":0.24,"brake":0,"steering_rate":100,"speed":8.98},{"acceleration":0.09,"throttle":15.7,"steering_target":-0.33,"brake":0,"steering_rate":100,"speed":8.87},{"acceleration":0.03,"throttle":15.7,"steering_target":0.15,"brake":0,"steering_rate":100,"speed":8.83},{"acceleration":-0.03,"throttle":0,"steering_target":0.13,"brake":14.5,"steering_rate":100,"speed":8.86},{"acceleration":-0.14,"throttle":0,"steering_target":-0.67,"brake":14.5,"steering_rate":100,"speed":8.83}],"obstacle_arr":[[{"acceleration":{"y":0,"x":0,"z":0},"position":{"y":4182674.99,"x":552476.72,"z":10.14},"volume":28.15,"type":"VEHICLE","velocity":{"y":0,"x":0,"z":0}}],[{"acceleration":{"y":0,"x":0,"z":0},"position":{"y":4182675.12,"x":552476.4,"z":10.62},"volume":105.54,"type":"VEHICLE","velocity":{"y":0,"x":0,"z":0}}],[{"acceleration":{"y":0.27,"x":1.51,"z":0},"position":{"y":4182674.09,"x":552477.42,"z":10.98},"volume":2.96,"type":"VEHICLE","velocity":{"y":0.2,"x":1.11,"z":0}},{"acceleration":{"y":0,"x":0,"z":0},"position":{"y":4182668,"x":552505.13,"z":10.34},"volume":123.34,"type":"VEHICLE","velocity":{"y":0,"x":0,"z":0}}],[{"acceleration":{"y":0,"x":0.01,"z":0},"position":{"y":4182676.2,"x":552483.86,"z":10.89},"volume":59.67,"type":"VEHICLE","velocity":{"y":0,"x":0,"z":0}}],[{"acceleration":{"y":0,"x":0,"z":0},"position":{"y":4182676.58,"x":552485.72,"z":10.82},"volume":42.75,"type":"VEHICLE","velocity":{"y":0,"x":0,"z":0}},{"acceleration":{"y":0,"x":0,"z":0},"position":{"y":4182679.34,"x":552556.7,"z":11.09},"volume":3.33,"type":"VEHICLE","velocity":{"y":0,"x":0,"z":0}}],[{"acceleration":{"y":0,"x":0,"z":0},"position":{"y":4182677.46,"x":552489.27,"z":10.79},"volume":45.62,"type":"VEHICLE","velocity":{"y":0,"x":0,"z":0}},{"acceleration":{"y":0,"x":0,"z":0},"position":{"y":4182679.25,"x":552557.54,"z":10.52},"volume":18.14,"type":"UNKNOWN","velocity":{"y":0,"x":0,"z":0}}],[{"acceleration":{"y":0,"x":0.01,"z":0},"position":{"y":4182677.74,"x":552491.9,"z":10.77},"volume":86.05,"type":"VEHICLE","velocity":{"y":0.16,"x":1.82,"z":0}},{"acceleration":{"y":0,"x":0,"z":0},"position":{"y":4182668.9,"x":552512.49,"z":10.32},"volume":77.28,"type":"VEHICLE","velocity":{"y":0,"x":0,"z":0}}]],"action_description":"NPC vehicle (BoxTruck) driving on the right lane","ev_state":[-333.733001708984,10.1236972808838,190.247024536133,0,0,0,12,0,0.0335876792669296,90.0320053100586,0.0275800414383411,8.58596355574194],"collision_probability":0}
 timestamp= 1619818416000 [RUN] Validate G1 Guard Condition: 
The ego vehicle E Detection.Collision == True.
 timestamp= 1619818416000 [RES] Global Validate result: 
false
 timestamp= 1619818416000 [RUN] Validate G2 Guard Condition: 
The ego vehicle E Detection.OffRoad == True.
 timestamp= 1619818416000 [RES] Global Validate result: 
false
 timestamp= 1619818416000 [RUN] Validate G3 Guard Condition: 
The ego vehicle E Detection.HardBrake == True.
 timestamp= 1619818416000 [RES] Global Validate result: 
false
 timestamp= 1619818416000 [RUN] Validate G4 Guard Condition: 
The ego vehicle E Detection.ArrivalTest == True.
 timestamp= 1619818416000 [RES] Global Validate result: 
false
 timestamp= 1619818416000 [RUN] Validate step: 
The test system VALIDATES THAT the Apollo A Status.GetControl is nearly equal to {"acceleration": -0.14, "throttle": 0.0, "steering_target": -0.67, "brake": 14.5, "steering_rate": 100.0, "speed": 8.83}
 timestamp= 1619818416000 [RES] Validate result: 
true
 timestamp= 1619818416000 [RUN] Generate steps
 timestamp= 1619818416000 [RUN] Validate step: 
The test system VALIDATES THAT the simulator S Status.GetEnvironment is nearly equal to {"x": -333.73, "y": 10.12, "z": 190.25, "rain": 0.0, "fog": 0.0, "wetness": 0.0, "timeofday": 12.0, "signal": 0.0, "rx": 0.03, "ry": 90.03, "rz": 0.03, "speed": 8.59}
 timestamp= 1619818416000 [RES] Validate result: 
true
 timestamp= 1619818416000 [RUN] Execute API step: 
The environment controller C INVOKES API Control.Agents.NPCVehicle.NPCVehicleMaintainLane(which_lane=Right_Lane&which_car=BoxTruck).
 timestamp= 1619818420000 [RES] API result: 
{"pose_arr":[{"vx":0.01,"ay":-0.22,"az":9.79,"ax":-0.01,"pz":10.12,"vy":0.01,"px":552541.65,"py":4182676.27},{"vx":-0.02,"ay":0.63,"az":9.84,"ax":0,"pz":10.12,"vy":-0.02,"px":552546.96,"py":4182676.27},{"vx":-0.03,"ay":2.85,"az":9.83,"ax":0.03,"pz":10.13,"vy":-0.03,"px":552551.16,"py":4182676.26},{"vx":-0.02,"ay":2.8,"az":9.81,"ax":-0.02,"pz":10.13,"vy":-0.02,"px":552554.51,"py":4182676.25},{"vx":-0.03,"ay":0,"az":9.81,"ax":0,"pz":10.13,"vy":-0.03,"px":552557.54,"py":4182676.24},{"vx":-0.03,"ay":1.78,"az":9.81,"ax":0.01,"pz":10.13,"vy":-0.03,"px":552560.01,"py":4182676.23},{"vx":-0.02,"ay":1.55,"az":9.81,"ax":0.01,"pz":10.13,"vy":-0.02,"px":552561.75,"py":4182676.21}],"traffic_light":[2,2,2,2,2,1],"state_arr":[{"acceleration":0.34,"throttle":16.22,"steering_target":0.45,"brake":0,"steering_rate":100,"speed":8.59},{"acceleration":0.27,"throttle":15.7,"steering_target":-0.55,"brake":0,"steering_rate":100,"speed":8.68},{"acceleration":-2.47,"throttle":0,"steering_target":-0.17,"brake":38.24,"steering_rate":100,"speed":8.63},{"acceleration":-2.91,"throttle":0,"steering_target":0.18,"brake":37.97,"steering_rate":100,"speed":7.32},{"acceleration":-2.47,"throttle":0,"steering_target":-0.45,"brake":34.78,"steering_rate":100,"speed":5.94},{"acceleration":-2.25,"throttle":0,"steering_target":-0.21,"brake":33.11,"steering_rate":100,"speed":4.76},{"acceleration":-1.94,"throttle":0,"steering_target":-0.08,"brake":30,"steering_rate":100,"speed":3.69},{"acceleration":-1.7,"throttle":0,"steering_target":-0.14,"brake":27.93,"steering_rate":100,"speed":2.77},{"acceleration":-1.39,"throttle":0,"steering_target":-0.06,"brake":25.43,"steering_rate":100,"speed":1.99}],"obstacle_arr":[[{"acceleration":{"y":0.25,"x":0.21,"z":0},"position":{"y":4182678.58,"x":552496.15,"z":10.83},"volume":50.36,"type":"VEHICLE","velocity":{"y":0.38,"x":1.99,"z":0}},{"acceleration":{"y":0,"x":0.01,"z":0},"position":{"y":4182679.29,"x":552560.76,"z":10.56},"volume":84.97,"type":"VEHICLE","velocity":{"y":0,"x":0,"z":0}}],[{"acceleration":{"y":0.66,"x":2.26,"z":0},"position":{"y":4182678.24,"x":552496.47,"z":10.72},"volume":72.93,"type":"VEHICLE","velocity":{"y":0.8,"x":3.46,"z":0}},{"acceleration":{"y":0,"x":0.01,"z":0},"position":{"y":4182679.31,"x":552561.97,"z":10.44},"volume":97.85,"type":"VEHICLE","velocity":{"y":0,"x":0,"z":0}},{"acceleration":{"y":0,"x":0.01,"z":0},"position":{"y":4182668.39,"x":552540.04,"z":10.34},"volume":128.25,"type":"VEHICLE","velocity":{"y":0,"x":0,"z":0}}],[{"acceleration":{"y":-0.36,"x":-1.74,"z":0},"position":{"y":4182678.7,"x":552500.97,"z":10.5},"volume":0.18,"type":"VEHICLE","velocity":{"y":0,"x":0,"z":0}},{"acceleration":{"y":0,"x":0,"z":0},"position":{"y":4182679.06,"x":552561.15,"z":10.43},"volume":84.23,"type":"VEHICLE","velocity":{"y":0,"x":0,"z":0}}],[{"acceleration":{"y":-0.03,"x":-0.12,"z":0},"position":{"y":4182678.43,"x":552500.5,"z":10.45},"volume":45.52,"type":"VEHICLE","velocity":{"y":0,"x":0,"z":0}},{"acceleration":{"y":0.01,"x":0.02,"z":0},"position":{"y":4182679.14,"x":552561.82,"z":10.43},"volume":93.17,"type":"VEHICLE","velocity":{"y":0.05,"x":3.61,"z":0}}],[{"acceleration":{"y":0,"x":-0.01,"z":0},"position":{"y":4182678.44,"x":552501.54,"z":10.42},"volume":43.06,"type":"VEHICLE","velocity":{"y":0,"x":0,"z":0}},{"acceleration":{"y":-0.44,"x":0.86,"z":0},"position":{"y":4182679.12,"x":552561.2,"z":10.42},"volume":77.82,"type":"VEHICLE","velocity":{"y":-0.35,"x":4.09,"z":0}}],[{"acceleration":{"y":-0.2,"x":-0.31,"z":0},"position":{"y":4182678.55,"x":552564.06,"z":10.41},"volume":20.5,"type":"VEHICLE","velocity":{"y":-0.36,"x":3.85,"z":0}}],[{"acceleration":{"y":-0.02,"x":1.67,"z":0},"position":{"y":4182678.98,"x":552509.97,"z":10.44},"volume":1.72,"type":"VEHICLE","velocity":{"y":-0.03,"x":1.72,"z":0}}],[]],"action_description":"NPC vehicle (BoxTruck) driving on the right lane","ev_state":[-310.187835693359,10.1247873306274,190.177490234375,0,0,0,12,-1,0.0955530032515526,90.4419631958008,0.000564121699426323,1.9867684211303012],"collision_probability":0}
 timestamp= 1619818420000 [RUN] Validate G1 Guard Condition: 
The ego vehicle E Detection.Collision == True.
 timestamp= 1619818420000 [RES] Global Validate result: 
false
 timestamp= 1619818420000 [RUN] Validate G2 Guard Condition: 
The ego vehicle E Detection.OffRoad == True.
 timestamp= 1619818420000 [RES] Global Validate result: 
false
 timestamp= 1619818420000 [RUN] Validate G3 Guard Condition: 
The ego vehicle E Detection.HardBrake == True.
 timestamp= 1619818420000 [RES] Global Validate result: 
true
 timestamp= 1619818420000 [RUN] HardBrake == True
 timestamp= 1619818420000 [RUN] RESUME STEP @preStep
 timestamp= 1619818420000 [RUN] Resume step basicflow19
 timestamp= 1619818420000 [RUN] Validate G4 Guard Condition: 
The ego vehicle E Detection.ArrivalTest == True.
 timestamp= 1619818420000 [RES] Global Validate result: 
false
 timestamp= 1619818420000 [RUN] Validate step: 
The test system VALIDATES THAT the Apollo A Status.GetControl is nearly equal to {"acceleration": -1.39, "throttle": 0.0, "steering_target": -0.06, "brake": 25.43, "steering_rate": 100.0, "speed": 1.99}
 timestamp= 1619818420000 [RES] Validate result: 
true
 timestamp= 1619818420000 [RUN] Generate steps
 timestamp= 1619818420000 [RUN] Validate step: 
The test system VALIDATES THAT the simulator S Status.GetEnvironment is nearly equal to {"x": -310.19, "y": 10.12, "z": 190.18, "rain": 0.0, "fog": 0.0, "wetness": 0.0, "timeofday": 12.0, "signal": -1.0, "rx": 0.1, "ry": 90.44, "rz": 0.0, "speed": 1.99}
 timestamp= 1619818420000 [RES] Validate result: 
true
 timestamp= 1619818420000 [RUN] Execute API step: 
The environment controller C INVOKES API Control.Agents.NPCVehicle.NPCVehicleMaintainLane(which_lane=Right_Lane&which_car=BoxTruck).
 timestamp= 1619818424000 [RES] API result: 
{"pose_arr":[{"vx":-0.02,"ay":1.41,"az":9.81,"ax":0.01,"pz":10.13,"vy":-0.02,"px":552562.51,"py":4182676.21},{"vx":-0.01,"ay":0.54,"az":9.8,"ax":0,"pz":10.13,"vy":-0.01,"px":552563.32,"py":4182676.2},{"vx":-0.01,"ay":-1.14,"az":9.81,"ax":-0.01,"pz":10.12,"vy":-0.01,"px":552564.03,"py":4182676.2},{"vx":-0.03,"ay":-4.6,"az":9.8,"ax":-0.04,"pz":10.12,"vy":-0.03,"px":552565.13,"py":4182676.19},{"vx":-0.04,"ay":-0.96,"az":9.8,"ax":-0.01,"pz":10.12,"vy":-0.04,"px":552567.05,"py":4182676.17},{"vx":-0.06,"ay":-0.73,"az":9.8,"ax":-0.03,"pz":10.12,"vy":-0.06,"px":552569.45,"py":4182676.14},{"vx":-0.07,"ay":-0.26,"az":9.82,"ax":0,"pz":10.12,"vy":-0.07,"px":552572.65,"py":4182676.11},{"vx":-0.09,"ay":-1.71,"az":9.8,"ax":-0.02,"pz":10.12,"vy":-0.09,"px":552575.84,"py":4182676.06}],"traffic_light":[3,1,1,1,1,0,0],"state_arr":[{"acceleration":-0.26,"throttle":0,"steering_target":-0.11,"brake":14.5,"steering_rate":100,"speed":1.6},{"acceleration":0.71,"throttle":68.11,"steering_target":-0.16,"brake":0,"steering_rate":100,"speed":1.69},{"acceleration":0.88,"throttle":25.51,"steering_target":-0.26,"brake":0,"steering_rate":100,"speed":2.87},{"acceleration":0.68,"throttle":23.75,"steering_target":-0.21,"brake":0,"steering_rate":100,"speed":3.8},{"acceleration":1.05,"throttle":46.23,"steering_target":-0.39,"brake":0,"steering_rate":100,"speed":4.31},{"acceleration":0.89,"throttle":25.01,"steering_target":-0.02,"brake":0,"steering_rate":100,"speed":5.17},{"acceleration":1.17,"throttle":15.7,"steering_target":-0.33,"brake":0,"steering_rate":100,"speed":5.41},{"acceleration":0.48,"throttle":15.7,"steering_target":0.08,"brake":0,"steering_rate":100,"speed":6.43}],"obstacle_arr":[[],[{"acceleration":{"y":0,"x":0,"z":0},"position":{"y":4182677.33,"x":552509.29,"z":11.54},"volume":0,"type":"VEHICLE","velocity":{"y":0,"x":0,"z":0}},{"acceleration":{"y":0,"x":0,"z":0},"position":{"y":4182668.09,"x":552563.97,"z":10.54},"volume":79.31,"type":"VEHICLE","velocity":{"y":0,"x":0,"z":0}}],[{"acceleration":{"y":0,"x":0,"z":0},"position":{"y":4182678.56,"x":552521.3,"z":11.78},"volume":0.09,"type":"VEHICLE","velocity":{"y":-0.1,"x":1.16,"z":0}}],[{"acceleration":{"y":0.15,"x":-0.5,"z":0},"position":{"y":4182678.84,"x":552524.61,"z":10.75},"volume":1.43,"type":"VEHICLE","velocity":{"y":0.03,"x":0.8,"z":0}},{"acceleration":{"y":0,"x":0,"z":0},"position":{"y":4182678.67,"x":552562.06,"z":10.45},"volume":47.56,"type":"VEHICLE","velocity":{"y":0,"x":0,"z":0}}],[{"acceleration":{"y":-0.03,"x":-1.05,"z":0},"position":{"y":4182678.79,"x":552527.32,"z":10.87},"volume":1.59,"type":"VEHICLE","velocity":{"y":0,"x":0,"z":0}},{"acceleration":{"y":0,"x":-0.05,"z":0},"position":{"y":4182679.19,"x":552561.67,"z":10.47},"volume":89.55,"type":"VEHICLE","velocity":{"y":0,"x":0,"z":0}}],[{"acceleration":{"y":0,"x":-0.11,"z":0},"position":{"y":4182678.8,"x":552530.54,"z":10.82},"volume":1.85,"type":"VEHICLE","velocity":{"y":0,"x":0,"z":0}},{"acceleration":{"y":0.03,"x":-0.97,"z":0},"position":{"y":4182679.25,"x":552562.01,"z":10.42},"volume":97.63,"type":"VEHICLE","velocity":{"y":0,"x":0,"z":0}},{"acceleration":{"y":0,"x":0,"z":0},"position":{"y":4182646.97,"x":552584.5,"z":11.21},"volume":0.02,"type":"VEHICLE","velocity":{"y":0,"x":0,"z":0}}],[{"acceleration":{"y":0,"x":-0.01,"z":0},"position":{"y":4182678.92,"x":552531.01,"z":11.74},"volume":10.02,"type":"VEHICLE","velocity":{"y":0,"x":0,"z":0}},{"acceleration":{"y":0,"x":-0.13,"z":0},"position":{"y":4182679.27,"x":552561.64,"z":10.46},"volume":94.15,"type":"VEHICLE","velocity":{"y":0,"x":0,"z":0}}]],"action_description":"NPC vehicle (BoxTruck) driving on the right lane","ev_state":[-295.195404052734,10.124192237854,190.002471923828,0,0,0,12,-1,359.899688720703,90.8392333984375,0.00351512827910483,6.429923860779824],"collision_probability":0}
 timestamp= 1619818424000 [RUN] Validate G1 Guard Condition: 
The ego vehicle E Detection.Collision == True.
 timestamp= 1619818424000 [RES] Global Validate result: 
false
 timestamp= 1619818424000 [RUN] Validate G2 Guard Condition: 
The ego vehicle E Detection.OffRoad == True.
 timestamp= 1619818424000 [RES] Global Validate result: 
false
 timestamp= 1619818424000 [RUN] Validate G3 Guard Condition: 
The ego vehicle E Detection.HardBrake == True.
 timestamp= 1619818424000 [RES] Global Validate result: 
true
 timestamp= 1619818424000 [RUN] HardBrake == True
 timestamp= 1619818424000 [RUN] RESUME STEP @preStep
 timestamp= 1619818424000 [RUN] Resume step basicflow22
 timestamp= 1619818424000 [RUN] Validate G4 Guard Condition: 
The ego vehicle E Detection.ArrivalTest == True.
 timestamp= 1619818424000 [RES] Global Validate result: 
false
 timestamp= 1619818424000 [RUN] Validate step: 
The test system VALIDATES THAT the Apollo A Status.GetControl is nearly equal to {"acceleration": 0.48, "throttle": 15.7, "steering_target": 0.08, "brake": 0.0, "steering_rate": 100.0, "speed": 6.43}
 timestamp= 1619818424000 [RES] Validate result: 
true
 timestamp= 1619818424000 [RUN] Generate steps
 timestamp= 1619818424000 [RUN] Validate step: 
The test system VALIDATES THAT the simulator S Status.GetEnvironment is nearly equal to {"x": -295.2, "y": 10.12, "z": 190.0, "rain": 0.0, "fog": 0.0, "wetness": 0.0, "timeofday": 12.0, "signal": -1.0, "rx": 359.9, "ry": 90.84, "rz": 0.0, "speed": 6.43}
 timestamp= 1619818424000 [RES] Validate result: 
true
 timestamp= 1619818424000 [RUN] Execute API step: 
The environment controller C INVOKES API Control.Agents.NPCVehicle.NPCVehicleMaintainLane(which_lane=Current_Lane&which_car=Jeep).
 timestamp= 1619818429000 [RES] API result: 
{"pose_arr":[{"vx":-0.09,"ay":-0.25,"az":9.84,"ax":0.01,"pz":10.12,"vy":-0.09,"px":552578.18,"py":4182676.03},{"vx":-0.08,"ay":-0.74,"az":9.81,"ax":-0.01,"pz":10.12,"vy":-0.08,"px":552581.91,"py":4182675.98},{"vx":-0.07,"ay":1.09,"az":9.83,"ax":0.01,"pz":10.12,"vy":-0.07,"px":552586.02,"py":4182675.93},{"vx":-0.06,"ay":1.72,"az":9.82,"ax":0.02,"pz":10.13,"vy":-0.06,"px":552589.08,"py":4182675.9},{"vx":-0.05,"ay":2.14,"az":9.81,"ax":0.02,"pz":10.13,"vy":-0.05,"px":552592.45,"py":4182675.87},{"vx":-0.03,"ay":1.56,"az":9.8,"ax":0.01,"pz":10.13,"vy":-0.03,"px":552594.64,"py":4182675.85},{"vx":-0.03,"ay":0.1,"az":9.81,"ax":-0.02,"pz":10.12,"vy":-0.03,"px":552596.57,"py":4182675.83},{"vx":-0.02,"ay":2.15,"az":9.82,"ax":0.02,"pz":10.13,"vy":-0.02,"px":552598.23,"py":4182675.82}],"traffic_light":[0,0,0,0,3,1,1],"state_arr":[{"acceleration":1.23,"throttle":17.37,"steering_target":0.36,"brake":0,"steering_rate":100,"speed":6.47},{"acceleration":0.42,"throttle":15.7,"steering_target":0.05,"brake":0,"steering_rate":100,"speed":6.77},{"acceleration":-0.73,"throttle":0,"steering_target":0.28,"brake":15.96,"steering_rate":100,"speed":6.67},{"acceleration":-2.17,"throttle":0,"steering_target":-0.01,"brake":29.53,"steering_rate":100,"speed":6.22},{"acceleration":-3,"throttle":0,"steering_target":0.03,"brake":39.11,"steering_rate":100,"speed":5.2},{"acceleration":-1.58,"throttle":0,"steering_target":0.45,"brake":26.74,"steering_rate":100,"speed":4.21},{"acceleration":-0.28,"throttle":0,"steering_target":0.18,"brake":14.5,"steering_rate":100,"speed":3.82},{"acceleration":-2.22,"throttle":0,"steering_target":0.08,"brake":32.82,"steering_rate":100,"speed":3.62}],"obstacle_arr":[[{"acceleration":{"y":0,"x":0,"z":0},"position":{"y":4182678.87,"x":552537.02,"z":10.81},"volume":2.4,"type":"VEHICLE","velocity":{"y":0,"x":0,"z":0}},{"acceleration":{"y":0,"x":0,"z":0},"position":{"y":4182679.29,"x":552562.76,"z":10.49},"volume":81.18,"type":"VEHICLE","velocity":{"y":0,"x":0,"z":0}}],[{"acceleration":{"y":0,"x":0,"z":0},"position":{"y":4182678.4,"x":552540.35,"z":10.76},"volume":4.58,"type":"VEHICLE","velocity":{"y":0,"x":0,"z":0}},{"acceleration":{"y":0,"x":0,"z":0},"position":{"y":4182679.22,"x":552563.04,"z":10.5},"volume":66.9,"type":"VEHICLE","velocity":{"y":0,"x":0,"z":0}}],[{"acceleration":{"y":0,"x":0,"z":0},"position":{"y":4182679.29,"x":552562.12,"z":10.68},"volume":82.76,"type":"VEHICLE","velocity":{"y":0,"x":0,"z":0}},{"acceleration":{"y":0,"x":0.01,"z":0},"position":{"y":4182675.72,"x":552589.95,"z":10.38},"volume":4.76,"type":"VEHICLE","velocity":{"y":0.24,"x":2.95,"z":0}}],[{"acceleration":{"y":0,"x":0,"z":0},"position":{"y":4182679.06,"x":552563.68,"z":10.46},"volume":50.4,"type":"VEHICLE","velocity":{"y":0,"x":0,"z":0}},{"acceleration":{"y":-0.04,"x":1.42,"z":0},"position":{"y":4182675.52,"x":552593.42,"z":11.03},"volume":1.3,"type":"VEHICLE","velocity":{"y":0.12,"x":4.04,"z":0}},{"acceleration":{"y":0,"x":0,"z":0},"position":{"y":4182667.08,"x":552563.41,"z":10.64},"volume":79.57,"type":"VEHICLE","velocity":{"y":0,"x":0,"z":0}}],[{"acceleration":{"y":0,"x":0,"z":0},"position":{"y":4182679.13,"x":552565.02,"z":10.86},"volume":31.95,"type":"VEHICLE","velocity":{"y":0,"x":0,"z":0}},{"acceleration":{"y":0,"x":0,"z":0},"position":{"y":4182667.5,"x":552563.27,"z":10.72},"volume":69.71,"type":"VEHICLE","velocity":{"y":0,"x":0,"z":0}}],[{"acceleration":{"y":0,"x":0,"z":0},"position":{"y":4182679.26,"x":552566.81,"z":10.72},"volume":1.32,"type":"VEHICLE","velocity":{"y":0,"x":0,"z":0}}],[{"acceleration":{"y":0,"x":0,"z":0},"position":{"y":4182679.21,"x":552567,"z":11.26},"volume":4.73,"type":"VEHICLE","velocity":{"y":0,"x":0,"z":0}},{"acceleration":{"y":0,"x":0.01,"z":0},"position":{"y":4182675.63,"x":552602.13,"z":10.62},"volume":6.13,"type":"VEHICLE","velocity":{"y":0.04,"x":1.51,"z":0}}],[{"acceleration":{"y":0,"x":0,"z":0},"position":{"y":4182679.46,"x":552565.65,"z":10.34},"volume":20.99,"type":"VEHICLE","velocity":{"y":0,"x":0,"z":0}},{"acceleration":{"y":0,"x":0.02,"z":0},"position":{"y":4182675.61,"x":552603.64,"z":10.57},"volume":4.97,"type":"VEHICLE","velocity":{"y":-0.08,"x":3.62,"z":0}}]],"action_description":"NPC vehicle (Jeep) driving on the current lane","ev_state":[-274.089050292969,10.1247138977051,189.787445068359,0,0,0,12,-1,0.119128905236721,90.4148941040039,-0.000216952350456268,2.904629802504354],"collision_probability":0}
 timestamp= 1619818429000 [RUN] Validate G1 Guard Condition: 
The ego vehicle E Detection.Collision == True.
 timestamp= 1619818429000 [RES] Global Validate result: 
false
 timestamp= 1619818429000 [RUN] Validate G2 Guard Condition: 
The ego vehicle E Detection.OffRoad == True.
 timestamp= 1619818429000 [RES] Global Validate result: 
false
 timestamp= 1619818429000 [RUN] Validate G3 Guard Condition: 
The ego vehicle E Detection.HardBrake == True.
 timestamp= 1619818429000 [RES] Global Validate result: 
false
 timestamp= 1619818429000 [RUN] Validate G4 Guard Condition: 
The ego vehicle E Detection.ArrivalTest == True.
 timestamp= 1619818429000 [RES] Global Validate result: 
false
 timestamp= 1619818429000 [RUN] Validate step: 
The test system VALIDATES THAT the Apollo A Status.GetControl is nearly equal to {"acceleration": -2.22, "throttle": 0.0, "steering_target": 0.08, "brake": 32.82, "steering_rate": 100.0, "speed": 3.62}
 timestamp= 1619818429000 [RES] Validate result: 
true
 timestamp= 1619818429000 [RUN] Generate steps
 timestamp= 1619818429000 [RUN] Validate step: 
The test system VALIDATES THAT the simulator S Status.GetEnvironment is nearly equal to {"x": -274.09, "y": 10.12, "z": 189.79, "rain": 0.0, "fog": 0.0, "wetness": 0.0, "timeofday": 12.0, "signal": -1.0, "rx": 0.12, "ry": 90.41, "rz": -0.0, "speed": 2.9}
 timestamp= 1619818429000 [RES] Validate result: 
true
 timestamp= 1619818429000 [RUN] Execute API step: 
The environment controller C INVOKES API Control.Agents.NPCVehicle.NPCVehicleMaintainLane(which_lane=Right_Lane&which_car=BoxTruck).
 timestamp= 1619818433000 [RES] API result: 
{"pose_arr":[{"vx":-0.01,"ay":2.99,"az":9.81,"ax":0.02,"pz":10.13,"vy":-0.01,"px":552599.53,"py":4182675.81},{"vx":0,"ay":0.01,"az":9.81,"ax":0,"pz":10.13,"vy":0,"px":552599.8,"py":4182675.81},{"vx":-0.01,"ay":-3.78,"az":9.8,"ax":-0.02,"pz":10.12,"vy":-0.01,"px":552599.99,"py":4182675.81},{"vx":-0.01,"ay":0.47,"az":9.81,"ax":0,"pz":10.12,"vy":-0.01,"px":552600.63,"py":4182675.8},{"vx":0,"ay":-1.15,"az":9.81,"ax":0.03,"pz":10.12,"vy":0,"px":552601.4,"py":4182675.8},{"vx":0.08,"ay":-0.11,"az":9.81,"ax":3.81,"pz":10.12,"vy":0.08,"px":552602.62,"py":4182675.8},{"vx":0.31,"ay":-0.73,"az":9.78,"ax":-1.2,"pz":10.12,"vy":0.31,"px":552604.23,"py":4182675.85},{"vx":0.21,"ay":-1.02,"az":9.82,"ax":-0.13,"pz":10.12,"vy":0.21,"px":552606.57,"py":4182676}],"traffic_light":[1,1,1,1,1,1,1],"state_arr":[{"acceleration":-3.28,"throttle":0,"steering_target":0.17,"brake":43.23,"steering_rate":100,"speed":2.9},{"acceleration":-4.43,"throttle":0,"steering_target":0.14,"brake":53.55,"steering_rate":100,"speed":1.33},{"acceleration":-0.25,"throttle":0,"steering_target":0.23,"brake":64.43,"steering_rate":100,"speed":0},{"acceleration":-0.94,"throttle":0,"steering_target":0.15,"brake":20.21,"steering_rate":100,"speed":1.43},{"acceleration":0.15,"throttle":15.7,"steering_target":0.83,"brake":0,"steering_rate":100,"speed":1.24},{"acceleration":1.09,"throttle":41.18,"steering_target":2.47,"brake":0,"steering_rate":100,"speed":1.9},{"acceleration":-0.17,"throttle":0,"steering_target":21.97,"brake":14.5,"steering_rate":100,"speed":3.16},{"acceleration":0.43,"throttle":15.7,"steering_target":2.43,"brake":0,"steering_rate":100,"speed":3.77},{"acceleration":0.78,"throttle":23.67,"steering_target":-2.51,"brake":0,"steering_rate":100,"speed":4.22}],"obstacle_arr":[[{"acceleration":{"y":0,"x":0,"z":0},"position":{"y":4182679.43,"x":552566.16,"z":10.29},"volume":24.11,"type":"VEHICLE","velocity":{"y":0,"x":0,"z":0}},{"acceleration":{"y":-0.09,"x":1.05,"z":0},"position":{"y":4182675.58,"x":552606.9,"z":10.41},"volume":4.67,"type":"VEHICLE","velocity":{"y":-0.02,"x":4.27,"z":0}}],[{"acceleration":{"y":0,"x":0,"z":0},"position":{"y":4182679.28,"x":552566.32,"z":10.23},"volume":19.34,"type":"VEHICLE","velocity":{"y":0,"x":0,"z":0}},{"acceleration":{"y":0,"x":0,"z":0},"position":{"y":4182667.69,"x":552599.65,"z":10.29},"volume":119.63,"type":"VEHICLE","velocity":{"y":0,"x":0,"z":0}}],[{"acceleration":{"y":0,"x":0,"z":0},"position":{"y":4182679.36,"x":552564.98,"z":10.16},"volume":42.93,"type":"VEHICLE","velocity":{"y":0,"x":0,"z":0}},{"acceleration":{"y":0,"x":0,"z":0},"position":{"y":4182667.89,"x":552600.73,"z":10.33},"volume":116.16,"type":"VEHICLE","velocity":{"y":0,"x":0,"z":0}},{"acceleration":{"y":-0.01,"x":0,"z":0},"position":{"y":4182675.52,"x":552611.9,"z":10.4},"volume":2,"type":"VEHICLE","velocity":{"y":2.51,"x":3.74,"z":0}}],[{"acceleration":{"y":0,"x":0,"z":0},"position":{"y":4182679.32,"x":552566.31,"z":10.13},"volume":19.25,"type":"VEHICLE","velocity":{"y":0,"x":0,"z":0}},{"acceleration":{"y":0,"x":0,"z":0},"position":{"y":4182668.32,"x":552601.66,"z":10.34},"volume":87.94,"type":"VEHICLE","velocity":{"y":0,"x":0,"z":0}},{"acceleration":{"y":-0.01,"x":0.01,"z":0},"position":{"y":4182675.56,"x":552614.63,"z":10.35},"volume":2.42,"type":"VEHICLE","velocity":{"y":2.5,"x":3.72,"z":0}}],[{"acceleration":{"y":0.36,"x":1.8,"z":0},"position":{"y":4182668.49,"x":552603.76,"z":10.33},"volume":97.14,"type":"VEHICLE","velocity":{"y":0.32,"x":1.58,"z":0}}],[{"acceleration":{"y":0.49,"x":3.37,"z":0},"position":{"y":4182668.92,"x":552605.9,"z":10.33},"volume":93.47,"type":"VEHICLE","velocity":{"y":0.64,"x":3.58,"z":0}},{"acceleration":{"y":0,"x":0,"z":0},"position":{"y":4182675.43,"x":552619.93,"z":10.53},"volume":0.64,"type":"VEHICLE","velocity":{"y":0,"x":0,"z":0}}],[{"acceleration":{"y":0.46,"x":3.21,"z":0},"position":{"y":4182669.39,"x":552609.39,"z":10.34},"volume":115.26,"type":"VEHICLE","velocity":{"y":0.94,"x":5.9,"z":0}}],[{"acceleration":{"y":0.48,"x":2.53,"z":0},"position":{"y":4182669.82,"x":552611.58,"z":10.33},"volume":103.42,"type":"VEHICLE","velocity":{"y":1.26,"x":7.77,"z":0}},{"acceleration":{"y":-0.15,"x":-1.21,"z":0},"position":{"y":4182678.74,"x":552566.53,"z":10.88},"volume":4.66,"type":"VEHICLE","velocity":{"y":-0.16,"x":-1.26,"z":0}}]],"action_description":"NPC vehicle (BoxTruck) driving on the right lane","ev_state":[-265.93310546875,10.1245164871216,190.058151245117,0,0,0,12,-1,359.946868896484,86.82275390625,0.0359197668731213,4.3612356999968975],"collision_probability":0}
 timestamp= 1619818433000 [RUN] Validate G1 Guard Condition: 
The ego vehicle E Detection.Collision == True.
 timestamp= 1619818433000 [RES] Global Validate result: 
false
 timestamp= 1619818433000 [RUN] Validate G2 Guard Condition: 
The ego vehicle E Detection.OffRoad == True.
 timestamp= 1619818433000 [RES] Global Validate result: 
false
 timestamp= 1619818433000 [RUN] Validate G3 Guard Condition: 
The ego vehicle E Detection.HardBrake == True.
 timestamp= 1619818433000 [RES] Global Validate result: 
true
 timestamp= 1619818433000 [RUN] HardBrake == True
 timestamp= 1619818433000 [RUN] RESUME STEP @preStep
 timestamp= 1619818433000 [RUN] Resume step basicflow28
 timestamp= 1619818433000 [RUN] Validate G4 Guard Condition: 
The ego vehicle E Detection.ArrivalTest == True.
 timestamp= 1619818433000 [RES] Global Validate result: 
false
 timestamp= 1619818433000 [RUN] Validate step: 
The test system VALIDATES THAT the Apollo A Status.GetControl is nearly equal to {"acceleration": 0.78, "throttle": 23.67, "steering_target": -2.51, "brake": 0.0, "steering_rate": 100.0, "speed": 4.22}
 timestamp= 1619818433000 [RES] Validate result: 
true
 timestamp= 1619818433000 [RUN] Generate steps
 timestamp= 1619818433000 [RUN] Validate step: 
The test system VALIDATES THAT the simulator S Status.GetEnvironment is nearly equal to {"x": -265.93, "y": 10.12, "z": 190.06, "rain": 0.0, "fog": 0.0, "wetness": 0.0, "timeofday": 12.0, "signal": -1.0, "rx": 359.95, "ry": 86.82, "rz": 0.04, "speed": 4.36}
 timestamp= 1619818433000 [RES] Validate result: 
true
 timestamp= 1619818433000 [RUN] Execute API step: 
The environment controller C INVOKES API Control.Agents.NPCVehicle.NPCVehicleMaintainLane(which_lane=Right_Lane&which_car=BoxTruck).
 timestamp= 1619818437000 [RES] API result: 
{"pose_arr":[{"vx":0.54,"ay":-1.95,"az":9.78,"ax":0.16,"pz":10.12,"vy":0.54,"px":552608.76,"py":4182676.14},{"vx":0.37,"ay":-0.65,"az":9.82,"ax":-0.33,"pz":10.12,"vy":0.37,"px":552611.14,"py":4182676.35},{"vx":0.48,"ay":-0.32,"az":9.82,"ax":0.42,"pz":10.12,"vy":0.48,"px":552614.27,"py":4182676.58},{"vx":0.55,"ay":-0.34,"az":9.81,"ax":-0.18,"pz":10.12,"vy":0.55,"px":552616.68,"py":4182676.78},{"vx":0.53,"ay":0.55,"az":9.85,"ax":-0.05,"pz":10.12,"vy":0.53,"px":552619.84,"py":4182677.07},{"vx":0.52,"ay":-0.6,"az":9.82,"ax":0.11,"pz":10.12,"vy":0.52,"px":552623.83,"py":4182677.39},{"vx":0.57,"ay":-0.32,"az":9.81,"ax":-0.04,"pz":10.12,"vy":0.57,"px":552626.38,"py":4182677.59},{"vx":0.52,"ay":-0.25,"az":9.81,"ax":-0.09,"pz":10.12,"vy":0.52,"px":552629.68,"py":4182677.87}],"traffic_light":[1,1,1,1,1,1,1],"state_arr":[{"acceleration":1,"throttle":16.14,"steering_target":7.07,"brake":0,"steering_rate":100,"speed":4.36},{"acceleration":0.43,"throttle":17.66,"steering_target":-3.53,"brake":0,"steering_rate":100,"speed":5.16},{"acceleration":0.41,"throttle":17.18,"steering_target":-0.65,"brake":0,"steering_rate":100,"speed":5.44},{"acceleration":0.33,"throttle":15.8,"steering_target":2.2,"brake":0,"steering_rate":100,"speed":5.64},{"acceleration":1.06,"throttle":18.11,"steering_target":-1.45,"brake":0,"steering_rate":100,"speed":5.79},{"acceleration":-0.28,"throttle":0,"steering_target":-0.52,"brake":14.5,"steering_rate":100,"speed":6.47},{"acceleration":0.84,"throttle":23.88,"steering_target":1.07,"brake":0,"steering_rate":100,"speed":6.57},{"acceleration":1.1,"throttle":15.7,"steering_target":-1.66,"brake":0,"steering_rate":100,"speed":6.75},{"acceleration":1.02,"throttle":26.56,"steering_target":-1.29,"brake":0,"steering_rate":100,"speed":7.19}],"obstacle_arr":[[{"acceleration":{"y":0.08,"x":-0.28,"z":0},"position":{"y":4182680.14,"x":552566.36,"z":11.73},"volume":0.75,"type":"VEHICLE","velocity":{"y":-0.01,"x":-1,"z":0}}],[{"acceleration":{"y":0,"x":0.01,"z":0},"position":{"y":4182675.63,"x":552631.85,"z":10.64},"volume":0.53,"type":"VEHICLE","velocity":{"y":0,"x":0,"z":0}}],[{"acceleration":{"y":0,"x":0.01,"z":0},"position":{"y":4182675.44,"x":552636.03,"z":10.67},"volume":4.37,"type":"VEHICLE","velocity":{"y":0,"x":0,"z":0}}],[{"acceleration":{"y":0,"x":0,"z":0},"position":{"y":4182675.41,"x":552636.82,"z":10.66},"volume":0.55,"type":"VEHICLE","velocity":{"y":-0.01,"x":0.17,"z":0}}],[{"acceleration":{"y":0,"x":0,"z":0},"position":{"y":4182675.44,"x":552639.46,"z":10.69},"volume":0.49,"type":"VEHICLE","velocity":{"y":-0.01,"x":0.29,"z":0}}],[{"acceleration":{"y":0,"x":0,"z":0},"position":{"y":4182675.58,"x":552642.93,"z":10.7},"volume":0.34,"type":"VEHICLE","velocity":{"y":-0.01,"x":0.49,"z":0}}],[{"acceleration":{"y":0,"x":0,"z":0},"position":{"y":4182675.49,"x":552645.37,"z":10.73},"volume":4.08,"type":"VEHICLE","velocity":{"y":-0.01,"x":0.61,"z":0}}],[{"acceleration":{"y":0,"x":0,"z":0},"position":{"y":4182675.43,"x":552648.26,"z":10.75},"volume":0.4,"type":"VEHICLE","velocity":{"y":-0.01,"x":0.73,"z":0}}]],"action_description":"NPC vehicle (BoxTruck) driving on the right lane","ev_state":[-242.167526245117,10.1240453720093,192.004577636719,0,0,0,12,-1,359.948272705078,85.838005065918,0.054636150598526,7.18642226898405],"collision_probability":0}
 timestamp= 1619818437000 [RUN] Validate G1 Guard Condition: 
The ego vehicle E Detection.Collision == True.
 timestamp= 1619818437000 [RES] Global Validate result: 
false
 timestamp= 1619818437000 [RUN] Validate G2 Guard Condition: 
The ego vehicle E Detection.OffRoad == True.
 timestamp= 1619818437000 [RES] Global Validate result: 
false
 timestamp= 1619818437000 [RUN] Validate G3 Guard Condition: 
The ego vehicle E Detection.HardBrake == True.
 timestamp= 1619818437000 [RES] Global Validate result: 
false
 timestamp= 1619818437000 [RUN] Validate G4 Guard Condition: 
The ego vehicle E Detection.ArrivalTest == True.
 timestamp= 1619818438000 [RES] Global Validate result: 
false
 timestamp= 1619818438000 [RUN] Validate step: 
The test system VALIDATES THAT the Apollo A Status.GetControl is nearly equal to {"acceleration": 1.02, "throttle": 26.56, "steering_target": -1.29, "brake": 0.0, "steering_rate": 100.0, "speed": 7.19}
 timestamp= 1619818438000 [RES] Validate result: 
true
 timestamp= 1619818438000 [RUN] Generate steps
 timestamp= 1619818438000 [RUN] Validate step: 
The test system VALIDATES THAT the simulator S Status.GetEnvironment is nearly equal to {"x": -242.17, "y": 10.12, "z": 192.0, "rain": 0.0, "fog": 0.0, "wetness": 0.0, "timeofday": 12.0, "signal": -1.0, "rx": 359.95, "ry": 85.84, "rz": 0.05, "speed": 7.19}
 timestamp= 1619818438000 [RES] Validate result: 
true
 timestamp= 1619818438000 [RUN] Execute API step: 
The environment controller C INVOKES API Control.Agents.NPCVehicle.NPCVehicleMaintainLane(which_lane=Right_Lane&which_car=BoxTruck).
 timestamp= 1619818442000 [RES] API result: 
{"pose_arr":[{"vx":0.47,"ay":-1.15,"az":9.81,"ax":0.15,"pz":10.12,"vy":0.47,"px":552633.35,"py":4182678.13},{"vx":0.4,"ay":-0.23,"az":9.82,"ax":0.01,"pz":10.12,"vy":0.4,"px":552636.97,"py":4182678.35},{"vx":0.34,"ay":-0.22,"az":9.81,"ax":0.18,"pz":10.12,"vy":0.34,"px":552641.66,"py":4182678.57},{"vx":0.36,"ay":-0.53,"az":9.81,"ax":0,"pz":10.12,"vy":0.36,"px":552645.27,"py":4182678.73},{"vx":0.25,"ay":-0.34,"az":9.81,"ax":-0.04,"pz":10.12,"vy":0.25,"px":552649.91,"py":4182678.92},{"vx":0.24,"ay":-0.22,"az":9.81,"ax":-0.04,"pz":10.12,"vy":0.24,"px":552655.14,"py":4182679.07},{"vx":0.2,"ay":-0.21,"az":9.84,"ax":-0.02,"pz":10.12,"vy":0.2,"px":552659.72,"py":4182679.2}],"traffic_light":[1,1,1,1,1,3,1],"state_arr":[{"acceleration":1.25,"throttle":26.53,"steering_target":-0.71,"brake":0,"steering_rate":100,"speed":7.46},{"acceleration":0.5,"throttle":18.63,"steering_target":-1.21,"brake":0,"steering_rate":100,"speed":7.83},{"acceleration":0.7,"throttle":15.7,"steering_target":0.2,"brake":0,"steering_rate":100,"speed":7.93},{"acceleration":0.58,"throttle":20.91,"steering_target":-0.08,"brake":0,"steering_rate":100,"speed":8.13},{"acceleration":0.57,"throttle":15.7,"steering_target":-1.7,"brake":0,"steering_rate":100,"speed":8.36},{"acceleration":0.66,"throttle":15.7,"steering_target":0.1,"brake":0,"steering_rate":100,"speed":8.45},{"acceleration":0.67,"throttle":15.7,"steering_target":0,"brake":0,"steering_rate":100,"speed":8.56},{"acceleration":0.16,"throttle":15.7,"steering_target":-1.74,"brake":0,"steering_rate":100,"speed":8.69},{"acceleration":0.12,"throttle":15.7,"steering_target":1.44,"brake":0,"steering_rate":100,"speed":8.76}],"obstacle_arr":[[],[{"acceleration":{"y":0,"x":0,"z":0},"position":{"y":4182675.63,"x":552654.75,"z":10.46},"volume":6.32,"type":"VEHICLE","velocity":{"y":0.01,"x":0.88,"z":0}},{"acceleration":{"y":0,"x":0,"z":0},"position":{"y":4182670.17,"x":552631.96,"z":10.34},"volume":121.48,"type":"VEHICLE","velocity":{"y":0,"x":0,"z":0}}],[{"acceleration":{"y":0,"x":0,"z":0},"position":{"y":4182675.75,"x":552657.72,"z":10.62},"volume":6.2,"type":"VEHICLE","velocity":{"y":0.01,"x":1.02,"z":0}},{"acceleration":{"y":0,"x":0,"z":0},"position":{"y":4182670.45,"x":552633.06,"z":10.34},"volume":143.85,"type":"VEHICLE","velocity":{"y":0.19,"x":1.37,"z":0}}],[{"acceleration":{"y":0,"x":0,"z":0},"position":{"y":4182675.43,"x":552658.99,"z":10.72},"volume":3.71,"type":"VEHICLE","velocity":{"y":-0.42,"x":3.73,"z":0}},{"acceleration":{"y":0.2,"x":0.77,"z":0},"position":{"y":4182670.37,"x":552633.25,"z":10.34},"volume":119.13,"type":"VEHICLE","velocity":{"y":0.34,"x":1.85,"z":0}}],[{"acceleration":{"y":0.29,"x":0.55,"z":0},"position":{"y":4182675.71,"x":552663.37,"z":10.5},"volume":4.98,"type":"VEHICLE","velocity":{"y":-0.14,"x":4.5,"z":0}},{"acceleration":{"y":-0.46,"x":-0.68,"z":0},"position":{"y":4182670.11,"x":552635.43,"z":10.34},"volume":89.62,"type":"VEHICLE","velocity":{"y":-0.01,"x":1.51,"z":0}}],[{"acceleration":{"y":0.33,"x":0.29,"z":0},"position":{"y":4182675.59,"x":552665.34,"z":10.39},"volume":9.39,"type":"VEHICLE","velocity":{"y":0.02,"x":4.74,"z":0}}],[{"acceleration":{"y":0.3,"x":-0.06,"z":0},"position":{"y":4182675.61,"x":552668.24,"z":10.6},"volume":5.66,"type":"VEHICLE","velocity":{"y":0.21,"x":4.81,"z":0}}],[{"acceleration":{"y":0.24,"x":-0.27,"z":0},"position":{"y":4182675.57,"x":552672.08,"z":10.45},"volume":7.62,"type":"VEHICLE","velocity":{"y":0.37,"x":4.68,"z":0}}]],"action_description":"NPC vehicle (BoxTruck) driving on the right lane","ev_state":[-209.333740234375,10.1236619949341,193.268280029297,0,0,0,12,-1,359.987640380859,89.336311340332,0.0677490383386612,8.757275702612345],"collision_probability":0}
 timestamp= 1619818442000 [RUN] Validate G1 Guard Condition: 
The ego vehicle E Detection.Collision == True.
 timestamp= 1619818442000 [RES] Global Validate result: 
false
 timestamp= 1619818442000 [RUN] Validate G2 Guard Condition: 
The ego vehicle E Detection.OffRoad == True.
 timestamp= 1619818442000 [RES] Global Validate result: 
false
 timestamp= 1619818442000 [RUN] Validate G3 Guard Condition: 
The ego vehicle E Detection.HardBrake == True.
 timestamp= 1619818442000 [RES] Global Validate result: 
false
 timestamp= 1619818442000 [RUN] Validate G4 Guard Condition: 
The ego vehicle E Detection.ArrivalTest == True.
 timestamp= 1619818442000 [RES] Global Validate result: 
false
 timestamp= 1619818442000 [RUN] Validate step: 
The test system VALIDATES THAT the Apollo A Status.GetControl is nearly equal to {"acceleration": 0.12, "throttle": 15.7, "steering_target": 1.44, "brake": 0.0, "steering_rate": 100.0, "speed": 8.76}
 timestamp= 1619818442000 [RES] Validate result: 
true
 timestamp= 1619818442000 [RUN] Generate steps
 timestamp= 1619818442000 [RUN] Validate step: 
The test system VALIDATES THAT the simulator S Status.GetEnvironment is nearly equal to {"x": -209.33, "y": 10.12, "z": 193.27, "rain": 0.0, "fog": 0.0, "wetness": 0.0, "timeofday": 12.0, "signal": -1.0, "rx": 359.99, "ry": 89.34, "rz": 0.07, "speed": 8.76}
 timestamp= 1619818442000 [RES] Validate result: 
true
 timestamp= 1619818442000 [RUN] Execute API step: 
The environment controller C INVOKES API Control.Agents.NPCVehicle.NPCVehicleMaintainLane(which_lane=Right_Lane&which_car=BoxTruck).
 timestamp= 1619818447000 [RES] API result: 
{"pose_arr":[{"vx":0.09,"ay":0.6,"az":9.82,"ax":0.06,"pz":10.12,"vy":0.09,"px":552663.13,"py":4182679.27},{"vx":0.2,"ay":-0.41,"az":9.81,"ax":0.01,"pz":10.12,"vy":0.2,"px":552666.96,"py":4182679.32},{"vx":0.13,"ay":0.31,"az":9.81,"ax":0.23,"pz":10.12,"vy":0.13,"px":552671.91,"py":4182679.43},{"vx":0.19,"ay":0.49,"az":9.8,"ax":-0.02,"pz":10.12,"vy":0.19,"px":552676.05,"py":4182679.49},{"vx":0.13,"ay":0.63,"az":9.8,"ax":-0.04,"pz":10.12,"vy":0.13,"px":552679.98,"py":4182679.58},{"vx":0.04,"ay":0.63,"az":9.83,"ax":0.13,"pz":10.12,"vy":0.04,"px":552684.72,"py":4182679.63},{"vx":0.16,"ay":0.61,"az":9.81,"ax":-0.16,"pz":10.12,"vy":0.16,"px":552689.53,"py":4182679.67},{"vx":0,"ay":0.61,"az":9.81,"ax":0.06,"pz":10.12,"vy":0,"px":552693.15,"py":4182679.72},{"vx":0.06,"ay":0.61,"az":9.81,"ax":0.26,"pz":10.12,"vy":0.06,"px":552697.07,"py":4182679.73}],"traffic_light":[1,1,3,3,3,3,3,3],"state_arr":[{"acceleration":0.38,"throttle":17.05,"steering_target":-0.01,"brake":0,"steering_rate":100,"speed":8.9},{"acceleration":-0.18,"throttle":0,"steering_target":-0.12,"brake":14.5,"steering_rate":100,"speed":9.01},{"acceleration":-0.09,"throttle":0,"steering_target":0.56,"brake":14.5,"steering_rate":100,"speed":8.96},{"acceleration":-0.08,"throttle":0,"steering_target":-1.96,"brake":14.5,"steering_rate":100,"speed":8.77},{"acceleration":-0.11,"throttle":0,"steering_target":0.22,"brake":14.5,"steering_rate":100,"speed":8.67},{"acceleration":-0.24,"throttle":0,"steering_target":1.45,"brake":14.5,"steering_rate":100,"speed":8.48},{"acceleration":-0.28,"throttle":0,"steering_target":-2.2,"brake":14.5,"steering_rate":100,"speed":8.26},{"acceleration":-0.23,"throttle":0,"steering_target":1.04,"brake":14.5,"steering_rate":100,"speed":7.95},{"acceleration":-0.42,"throttle":0,"steering_target":-1.96,"brake":22.89,"steering_rate":100,"speed":7.64}],"obstacle_arr":[[{"acceleration":{"y":0.24,"x":-0.21,"z":0},"position":{"y":4182675.53,"x":552674.4,"z":10.45},"volume":7.9,"type":"VEHICLE","velocity":{"y":0.46,"x":4.57,"z":0}}],[{"acceleration":{"y":0.18,"x":-0.24,"z":0},"position":{"y":4182675.56,"x":552677.28,"z":10.4},"volume":9.76,"type":"VEHICLE","velocity":{"y":0.57,"x":4.41,"z":0}}],[{"acceleration":{"y":0.12,"x":-0.11,"z":0},"position":{"y":4182675.56,"x":552679.9,"z":10.42},"volume":8.82,"type":"VEHICLE","velocity":{"y":0.65,"x":4.24,"z":0}}],[{"acceleration":{"y":0.09,"x":0,"z":0},"position":{"y":4182675.58,"x":552682.69,"z":10.37},"volume":9.35,"type":"VEHICLE","velocity":{"y":0.69,"x":4.2,"z":0}}],[{"acceleration":{"y":0.1,"x":0.01,"z":0},"position":{"y":4182675.62,"x":552684.55,"z":10.38},"volume":10.37,"type":"VEHICLE","velocity":{"y":0.72,"x":4.18,"z":0}}],[{"acceleration":{"y":0.08,"x":0.13,"z":0},"position":{"y":4182675.71,"x":552688.06,"z":10.41},"volume":7.45,"type":"VEHICLE","velocity":{"y":0.75,"x":4.23,"z":0}},{"acceleration":{"y":0,"x":0,"z":0},"position":{"y":4182669.89,"x":552674.09,"z":10.11},"volume":115.9,"type":"VEHICLE","velocity":{"y":0,"x":0,"z":0}},{"acceleration":{"y":-0.01,"x":0,"z":0},"position":{"y":4182674.32,"x":552672.61,"z":10.11},"volume":40.6,"type":"VEHICLE","velocity":{"y":0,"x":0,"z":0}}],[{"acceleration":{"y":0.07,"x":0.24,"z":0},"position":{"y":4182675.68,"x":552690.84,"z":10.41},"volume":11.79,"type":"VEHICLE","velocity":{"y":0.77,"x":4.37,"z":0}},{"acceleration":{"y":0,"x":0,"z":0},"position":{"y":4182672.26,"x":552673.79,"z":10.11},"volume":197.85,"type":"VEHICLE","velocity":{"y":0,"x":0,"z":0}}],[{"acceleration":{"y":0.05,"x":0.4,"z":0},"position":{"y":4182675.66,"x":552694.73,"z":10.38},"volume":8.76,"type":"VEHICLE","velocity":{"y":0.76,"x":4.75,"z":0}},{"acceleration":{"y":0,"x":0,"z":0},"position":{"y":4182677.57,"x":552675.09,"z":10.66},"volume":8.66,"type":"VEHICLE","velocity":{"y":0,"x":0,"z":0}},{"acceleration":{"y":0,"x":-0.01,"z":0},"position":{"y":4182672.34,"x":552674.69,"z":10.11},"volume":148.31,"type":"PEDESTRIAN","velocity":{"y":0,"x":0,"z":0}}]],"action_description":"NPC vehicle (BoxTruck) driving on the right lane","ev_state":[-175.02995300293,10.1239366531372,193.719360351563,0,0,0,12,1,0.0353449247777462,89.5744934082031,359.964294433594,7.642303518686834],"collision_probability":0}
 timestamp= 1619818447000 [RUN] Validate G1 Guard Condition: 
The ego vehicle E Detection.Collision == True.
 timestamp= 1619818447000 [RES] Global Validate result: 
false
 timestamp= 1619818447000 [RUN] Validate G2 Guard Condition: 
The ego vehicle E Detection.OffRoad == True.
 timestamp= 1619818447000 [RES] Global Validate result: 
false
 timestamp= 1619818447000 [RUN] Validate G3 Guard Condition: 
The ego vehicle E Detection.HardBrake == True.
 timestamp= 1619818447000 [RES] Global Validate result: 
false
 timestamp= 1619818447000 [RUN] Validate G4 Guard Condition: 
The ego vehicle E Detection.ArrivalTest == True.
 timestamp= 1619818447000 [RES] Global Validate result: 
false
 timestamp= 1619818447000 [RUN] Validate step: 
The test system VALIDATES THAT the Apollo A Status.GetControl is nearly equal to {"acceleration": -0.42, "throttle": 0.0, "steering_target": -1.96, "brake": 22.89, "steering_rate": 100.0, "speed": 7.64}
 timestamp= 1619818447000 [RES] Validate result: 
true
 timestamp= 1619818447000 [RUN] Generate steps
 timestamp= 1619818447000 [RUN] Validate step: 
The test system VALIDATES THAT the simulator S Status.GetEnvironment is nearly equal to {"x": -175.03, "y": 10.12, "z": 193.72, "rain": 0.0, "fog": 0.0, "wetness": 0.0, "timeofday": 12.0, "signal": 1.0, "rx": 0.04, "ry": 89.57, "rz": 359.96, "speed": 7.64}
 timestamp= 1619818447000 [RES] Validate result: 
true
 timestamp= 1619818447000 [RUN] Execute API step: 
The environment controller C INVOKES API Control.Agents.NPCVehicle.NPCVehicleMaintainLane(which_lane=Right_Lane&which_car=BoxTruck).
 timestamp= 1619818451000 [RES] API result: 
{"pose_arr":[{"vx":-0.03,"ay":0.76,"az":9.81,"ax":0.01,"pz":10.12,"vy":-0.03,"px":552700.05,"py":4182679.74},{"vx":-0.08,"ay":0.59,"az":9.8,"ax":0,"pz":10.12,"vy":-0.08,"px":552703.57,"py":4182679.72},{"vx":0.03,"ay":0.58,"az":9.81,"ax":0,"pz":10.12,"vy":0.03,"px":552706.74,"py":4182679.7},{"vx":0.01,"ay":0.62,"az":9.81,"ax":0,"pz":10.12,"vy":0.01,"px":552710.11,"py":4182679.71},{"vx":-0.03,"ay":1.83,"az":9.83,"ax":0.01,"pz":10.13,"vy":-0.03,"px":552713.19,"py":4182679.72},{"vx":0.02,"ay":0.67,"az":9.81,"ax":0,"pz":10.13,"vy":0.02,"px":552716.17,"py":4182679.71},{"vx":0.01,"ay":0.67,"az":9.8,"ax":-0.03,"pz":10.13,"vy":0.01,"px":552718.57,"py":4182679.71},{"vx":0,"ay":0.53,"az":9.79,"ax":0,"pz":10.13,"vy":0,"px":552720.5,"py":4182679.72}],"traffic_light":[3,3,3,3,3,3,3],"state_arr":[{"acceleration":-0.32,"throttle":0,"steering_target":-2.05,"brake":18.97,"steering_rate":100,"speed":7.57},{"acceleration":-0.41,"throttle":0,"steering_target":1.89,"brake":14.5,"steering_rate":100,"speed":7.22},{"acceleration":-0.54,"throttle":0,"steering_target":2.09,"brake":14.5,"steering_rate":100,"speed":6.99},{"acceleration":-0.66,"throttle":0,"steering_target":-1.45,"brake":15.29,"steering_rate":100,"speed":6.69},{"acceleration":-0.87,"throttle":0,"steering_target":-0.41,"brake":32.56,"steering_rate":100,"speed":6.35},{"acceleration":-0.71,"throttle":0,"steering_target":1.41,"brake":16.32,"steering_rate":100,"speed":5.7},{"acceleration":-0.58,"throttle":0,"steering_target":0.21,"brake":14.5,"steering_rate":100,"speed":5.16},{"acceleration":-0.77,"throttle":0,"steering_target":-0.65,"brake":17.21,"steering_rate":100,"speed":4.88},{"acceleration":-0.62,"throttle":0,"steering_target":-0.12,"brake":15.01,"steering_rate":100,"speed":4.33}],"obstacle_arr":[[{"acceleration":{"y":0.05,"x":0.44,"z":0},"position":{"y":4182675.61,"x":552696.5,"z":10.42},"volume":8.47,"type":"VEHICLE","velocity":{"y":0.76,"x":4.83,"z":0}},{"acceleration":{"y":0,"x":0,"z":0},"position":{"y":4182673.56,"x":552675.23,"z":10.1},"volume":178.78,"type":"PEDESTRIAN","velocity":{"y":0,"x":0,"z":0}}],[{"acceleration":{"y":0.06,"x":0.47,"z":0},"position":{"y":4182675.6,"x":552699.39,"z":10.39},"volume":9.22,"type":"VEHICLE","velocity":{"y":0.75,"x":5.17,"z":0}}],[{"acceleration":{"y":0.06,"x":0.46,"z":0},"position":{"y":4182675.63,"x":552699.79,"z":10.4},"volume":8.83,"type":"VEHICLE","velocity":{"y":0.76,"x":5.5,"z":0}}],[{"acceleration":{"y":0.04,"x":0.35,"z":0},"position":{"y":4182675.64,"x":552703.61,"z":10.39},"volume":8.56,"type":"VEHICLE","velocity":{"y":0.75,"x":5.81,"z":0}}],[{"acceleration":{"y":0.03,"x":0.2,"z":0},"position":{"y":4182675.6,"x":552705.96,"z":10.39},"volume":8.97,"type":"VEHICLE","velocity":{"y":0.74,"x":5.96,"z":0}}],[{"acceleration":{"y":0.03,"x":0.06,"z":0},"position":{"y":4182675.62,"x":552708.63,"z":10.44},"volume":9.05,"type":"VEHICLE","velocity":{"y":0.73,"x":5.96,"z":0}},{"acceleration":{"y":0.01,"x":0.03,"z":0},"position":{"y":4182669.42,"x":552704.23,"z":10.31},"volume":101.96,"type":"VEHICLE","velocity":{"y":0.42,"x":1.78,"z":0}}],[{"acceleration":{"y":0.03,"x":-0.02,"z":0},"position":{"y":4182675.62,"x":552711.68,"z":10.42},"volume":8.19,"type":"VEHICLE","velocity":{"y":0.7,"x":5.84,"z":0}},{"acceleration":{"y":0.16,"x":-0.99,"z":0},"position":{"y":4182669.89,"x":552704.04,"z":10.33},"volume":77.92,"type":"VEHICLE","velocity":{"y":0.58,"x":0.86,"z":0}}],[{"acceleration":{"y":0.04,"x":-0.02,"z":0},"position":{"y":4182675.62,"x":552716.05,"z":10.37},"volume":8.81,"type":"VEHICLE","velocity":{"y":0.69,"x":5.64,"z":0}},{"acceleration":{"y":-0.42,"x":0.24,"z":0},"position":{"y":4182670.05,"x":552706.55,"z":10.29},"volume":133.69,"type":"VEHICLE","velocity":{"y":0.35,"x":1.19,"z":0}}],[{"acceleration":{"y":0.04,"x":-0.01,"z":0},"position":{"y":4182675.65,"x":552717.29,"z":10.38},"volume":8.53,"type":"VEHICLE","velocity":{"y":0.68,"x":5.56,"z":0}}]],"action_description":"NPC vehicle (BoxTruck) driving on the right lane","ev_state":[-150.733779907227,10.1245565414429,193.703384399414,0,0,0,12,1,0.0396532341837883,89.9522399902344,0.00193667761050165,4.154080277869175],"collision_probability":0}
 timestamp= 1619818451000 [RUN] Validate G1 Guard Condition: 
The ego vehicle E Detection.Collision == True.
 timestamp= 1619818451000 [RES] Global Validate result: 
false
 timestamp= 1619818451000 [RUN] Validate G2 Guard Condition: 
The ego vehicle E Detection.OffRoad == True.
 timestamp= 1619818451000 [RES] Global Validate result: 
false
 timestamp= 1619818451000 [RUN] Validate G3 Guard Condition: 
The ego vehicle E Detection.HardBrake == True.
 timestamp= 1619818451000 [RES] Global Validate result: 
false
 timestamp= 1619818451000 [RUN] Validate G4 Guard Condition: 
The ego vehicle E Detection.ArrivalTest == True.
 timestamp= 1619818451000 [RES] Global Validate result: 
false
 timestamp= 1619818451000 [RUN] Validate step: 
The test system VALIDATES THAT the Apollo A Status.GetControl is nearly equal to {"acceleration": -0.62, "throttle": 0.0, "steering_target": -0.12, "brake": 15.01, "steering_rate": 100.0, "speed": 4.33}
 timestamp= 1619818451000 [RES] Validate result: 
true
 timestamp= 1619818451000 [RUN] Generate steps
 timestamp= 1619818451000 [RUN] Validate step: 
The test system VALIDATES THAT the simulator S Status.GetEnvironment is nearly equal to {"x": -150.73, "y": 10.12, "z": 193.7, "rain": 0.0, "fog": 0.0, "wetness": 0.0, "timeofday": 12.0, "signal": 1.0, "rx": 0.04, "ry": 89.95, "rz": 0.0, "speed": 4.15}
 timestamp= 1619818451000 [RES] Validate result: 
true
 timestamp= 1619818451000 [RUN] Execute API step: 
The environment controller C INVOKES API Control.Agents.NPCVehicle.NPCVehicleMaintainLane(which_lane=Right_Lane&which_car=BoxTruck).
 timestamp= 1619818457000 [RES] API result: 
{"pose_arr":[{"vx":0,"ay":0.53,"az":9.8,"ax":0.01,"pz":10.13,"vy":0,"px":552721.55,"py":4182679.72},{"vx":0,"ay":0.58,"az":9.81,"ax":0,"pz":10.13,"vy":0,"px":552723.56,"py":4182679.72},{"vx":0,"ay":0.79,"az":9.81,"ax":0,"pz":10.13,"vy":0,"px":552725.6,"py":4182679.72},{"vx":0,"ay":0.87,"az":9.81,"ax":0,"pz":10.13,"vy":0,"px":552727.33,"py":4182679.73},{"vx":0,"ay":0.97,"az":9.81,"ax":0,"pz":10.13,"vy":0,"px":552728.6,"py":4182679.73},{"vx":0,"ay":0.97,"az":9.81,"ax":0,"pz":10.13,"vy":0,"px":552729.9,"py":4182679.73},{"vx":0,"ay":0.92,"az":9.81,"ax":0,"pz":10.13,"vy":0,"px":552730.97,"py":4182679.73},{"vx":0,"ay":0.72,"az":9.81,"ax":0,"pz":10.13,"vy":0,"px":552731.65,"py":4182679.73},{"vx":0,"ay":0.66,"az":9.81,"ax":0,"pz":10.13,"vy":0,"px":552732.22,"py":4182679.73}],"traffic_light":[3,3,3,3,3,3,3,3],"state_arr":[{"acceleration":-0.83,"throttle":0,"steering_target":0.09,"brake":40.46,"steering_rate":100,"speed":4.15},{"acceleration":-0.7,"throttle":0,"steering_target":0.05,"brake":16.49,"steering_rate":100,"speed":3.87},{"acceleration":-0.76,"throttle":0,"steering_target":0.03,"brake":17.41,"steering_rate":100,"speed":3.52},{"acceleration":-0.9,"throttle":0,"steering_target":0.02,"brake":19.54,"steering_rate":100,"speed":3.24},{"acceleration":-1.07,"throttle":0,"steering_target":0,"brake":21.3,"steering_rate":100,"speed":3},{"acceleration":-1.08,"throttle":0,"steering_target":-0.01,"brake":21.55,"steering_rate":100,"speed":2.62},{"acceleration":-0.99,"throttle":0,"steering_target":-0.02,"brake":20.56,"steering_rate":100,"speed":2.14},{"acceleration":-0.75,"throttle":0,"steering_target":-0.01,"brake":17.87,"steering_rate":100,"speed":1.69},{"acceleration":-0.7,"throttle":0,"steering_target":-0.01,"brake":17.23,"steering_rate":100,"speed":1.37},{"acceleration":-0.7,"throttle":0,"steering_target":-0.01,"brake":17.16,"steering_rate":100,"speed":1.14}],"obstacle_arr":[[{"acceleration":{"y":0.04,"x":-0.01,"z":0},"position":{"y":4182675.65,"x":552718.93,"z":10.38},"volume":7.96,"type":"VEHICLE","velocity":{"y":0.68,"x":5.52,"z":0}}],[{"acceleration":{"y":0.01,"x":0,"z":0},"position":{"y":4182675.62,"x":552722.33,"z":10.38},"volume":8.45,"type":"VEHICLE","velocity":{"y":-0.1,"x":3.88,"z":0}}],[{"acceleration":{"y":0.02,"x":0.13,"z":0},"position":{"y":4182675.73,"x":552725.04,"z":10.4},"volume":8.18,"type":"VEHICLE","velocity":{"y":-0.02,"x":3.69,"z":0}}],[{"acceleration":{"y":0,"x":0.13,"z":0},"position":{"y":4182675.72,"x":552727.75,"z":10.42},"volume":8.28,"type":"VEHICLE","velocity":{"y":-0.04,"x":3.84,"z":0}}],[{"acceleration":{"y":0.05,"x":0.58,"z":0},"position":{"y":4182675.74,"x":552730.45,"z":10.45},"volume":7.77,"type":"VEHICLE","velocity":{"y":0.02,"x":4.18,"z":0}}],[{"acceleration":{"y":0.2,"x":0.58,"z":0},"position":{"y":4182675.79,"x":552733.44,"z":10.42},"volume":8.41,"type":"VEHICLE","velocity":{"y":0.17,"x":4.68,"z":0}}],[{"acceleration":{"y":0.08,"x":0.4,"z":0},"position":{"y":4182675.66,"x":552734.54,"z":10.42},"volume":8.89,"type":"VEHICLE","velocity":{"y":0.24,"x":4.9,"z":0}}],[{"acceleration":{"y":-0.02,"x":0.37,"z":0},"position":{"y":4182675.64,"x":552737.14,"z":10.41},"volume":9.02,"type":"VEHICLE","velocity":{"y":0.23,"x":5.18,"z":0}}],[{"acceleration":{"y":-0.04,"x":0.78,"z":0},"position":{"y":4182675.69,"x":552743.26,"z":10.13},"volume":9.05,"type":"VEHICLE","velocity":{"y":0.23,"x":5.48,"z":0}},{"acceleration":{"y":0,"x":0,"z":0},"position":{"y":4182676.07,"x":552718.8,"z":10.44},"volume":13.01,"type":"VEHICLE","velocity":{"y":0,"x":0,"z":0}}]],"action_description":"NPC vehicle (BoxTruck) driving on the right lane","ev_state":[-140.332366943359,10.1248121261597,193.712097167969,0,0,0,12,1,0.0421521067619324,89.9519729614258,0.0000133385474327952,0.981771034148228],"collision_probability":0}
 timestamp= 1619818457000 [RUN] Validate G1 Guard Condition: 
The ego vehicle E Detection.Collision == True.
 timestamp= 1619818457000 [RES] Global Validate result: 
false
 timestamp= 1619818457000 [RUN] Validate G2 Guard Condition: 
The ego vehicle E Detection.OffRoad == True.
 timestamp= 1619818457000 [RES] Global Validate result: 
false
 timestamp= 1619818457000 [RUN] Validate G3 Guard Condition: 
The ego vehicle E Detection.HardBrake == True.
 timestamp= 1619818457000 [RES] Global Validate result: 
false
 timestamp= 1619818457000 [RUN] Validate G4 Guard Condition: 
The ego vehicle E Detection.ArrivalTest == True.
 timestamp= 1619818457000 [RES] Global Validate result: 
true
 timestamp= 1619818457000 [RUN] ArrivalTest == True
 timestamp= 1619818457000 [RUN] The simulator S INVOKES API Command.Simulation.Stop() to stop simulation.
 timestamp= 1619818457000 [WARNING] The test system Stop the Simulator S!
 timestamp= 1619818457000 [RES] Basic PostCondition Validate result: 
true
 timestamp= 1619818457000 [STOP] numberOfStep: 46 basicFlow: 
[{"name":"","description":"","eClass":"Sentence","content":"The test system VALIDATES THAT the simulator S Status.GetEnvironment is nearly equal to {\"x\": -439.9, \"y\": 10.12, \"z\": 215.69, \"rain\": 0.0, \"fog\": 0.0, \"wetness\": 0.0, \"timeofday\": 12.0, \"signal\": 1.0, \"rx\": 359.95, \"ry\": 210.59, \"rz\": 359.99, \"speed\": 2.33}","natures":[]},{"name":"","description":"","eClass":"Sentence","content":"The environment controller C INVOKES API Control.Agents.NPCVehicle.NPCVehicleMaintainLane(which_lane=Right_Lane&which_car=BoxTruck).","natures":[]},{"name":"","description":"","eClass":"Sentence","content":"The test system VALIDATES THAT the Apollo A Status.GetControl is nearly equal to {\"acceleration\": -0.18, \"throttle\": 0.0, \"steering_target\": 12.54, \"brake\": 14.5, \"steering_rate\": 100.0, \"speed\": 3.37}","natures":[]},{"name":"","description":"","eClass":"Sentence","content":"The test system VALIDATES THAT the simulator S Status.GetEnvironment is nearly equal to {\"x\": -445.77, \"y\": 10.12, \"z\": 205.1, \"rain\": 0.0, \"fog\": 0.0, \"wetness\": 0.0, \"timeofday\": 12.0, \"signal\": 1.0, \"rx\": 359.98, \"ry\": 206.37, \"rz\": 359.92, \"speed\": 3.37}","natures":[]},{"name":"","description":"","eClass":"Sentence","content":"The environment controller C INVOKES API Control.Agents.NPCVehicle.NPCVehicleMaintainLane(which_lane=Right_Lane&which_car=BoxTruck).","natures":[]},{"name":"","description":"","eClass":"Sentence","content":"The test system VALIDATES THAT the Apollo A Status.GetControl is nearly equal to {\"acceleration\": 0.11, \"throttle\": 15.7, \"steering_target\": 41.2, \"brake\": 0.0, \"steering_rate\": 100.0, \"speed\": 2.55}","natures":[]},{"name":"","description":"","eClass":"Sentence","content":"The test system VALIDATES THAT the simulator S Status.GetEnvironment is nearly equal to {\"x\": -445.55, \"y\": 10.12, \"z\": 193.83, \"rain\": 0.0, \"fog\": 0.0, \"wetness\": 0.0, \"timeofday\": 12.0, \"signal\": 0.0, \"rx\": 359.95, \"ry\": 151.9, \"rz\": 359.68, \"speed\": 3.01}","natures":[]},{"name":"","description":"","eClass":"Sentence","content":"The environment controller C INVOKES API Control.Agents.NPCVehicle.NPCVehicleMaintainLane(which_lane=Right_Lane&which_car=BoxTruck).","natures":[]},{"name":"","description":"","eClass":"Sentence","content":"The test system VALIDATES THAT the Apollo A Status.GetControl is nearly equal to {\"acceleration\": 1.12, \"throttle\": 15.7, \"steering_target\": 8.13, \"brake\": 0.0, \"steering_rate\": 100.0, \"speed\": 5.23}","natures":[]},{"name":"","description":"","eClass":"Sentence","content":"The test system VALIDATES THAT the simulator S Status.GetEnvironment is nearly equal to {\"x\": -431.12, \"y\": 10.12, \"z\": 189.61, \"rain\": 0.0, \"fog\": 0.0, \"wetness\": 0.0, \"timeofday\": 12.0, \"signal\": -1.0, \"rx\": 359.97, \"ry\": 92.78, \"rz\": 359.86, \"speed\": 5.45}","natures":[]},{"name":"","description":"","eClass":"Sentence","content":"The environment controller C INVOKES API Control.Agents.NPCVehicle.NPCVehicleMaintainLane(which_lane=Right_Lane&which_car=BoxTruck).","natures":[]},{"name":"","description":"","eClass":"Sentence","content":"The test system VALIDATES THAT the Apollo A Status.GetControl is nearly equal to {\"acceleration\": 0.73, \"throttle\": 15.7, \"steering_target\": 0.4, \"brake\": 0.0, \"steering_rate\": 100.0, \"speed\": 7.73}","natures":[]},{"name":"","description":"","eClass":"Sentence","content":"The test system VALIDATES THAT the simulator S Status.GetEnvironment is nearly equal to {\"x\": -402.71, \"y\": 10.12, \"z\": 189.85, \"rain\": 0.0, \"fog\": 0.0, \"wetness\": 0.0, \"timeofday\": 12.0, \"signal\": -1.0, \"rx\": 359.98, \"ry\": 89.36, \"rz\": 0.04, \"speed\": 7.73}","natures":[]},{"name":"","description":"","eClass":"Sentence","content":"The environment controller C INVOKES API Control.Agents.NPCVehicle.NPCVehicleMaintainLane(which_lane=Right_Lane&which_car=BoxTruck).","natures":[]},{"name":"","description":"","eClass":"Sentence","content":"The test system VALIDATES THAT the Apollo A Status.GetControl is nearly equal to {\"acceleration\": -0.01, \"throttle\": 0.0, \"steering_target\": -0.4, \"brake\": 14.5, \"steering_rate\": 100.0, \"speed\": 8.6}","natures":[]},{"name":"","description":"","eClass":"Sentence","content":"The test system VALIDATES THAT the simulator S Status.GetEnvironment is nearly equal to {\"x\": -369.09, \"y\": 10.12, \"z\": 190.11, \"rain\": 0.0, \"fog\": 0.0, \"wetness\": 0.0, \"timeofday\": 12.0, \"signal\": -1.0, \"rx\": 359.99, \"ry\": 89.78, \"rz\": 0.02, \"speed\": 8.63}","natures":[]},{"name":"","description":"","eClass":"Sentence","content":"The environment controller C INVOKES API Control.Agents.NPCVehicle.NPCVehicleMaintainLane(which_lane=Right_Lane&which_car=BoxTruck).","natures":[]},{"name":"","description":"","eClass":"Sentence","content":"The test system VALIDATES THAT the Apollo A Status.GetControl is nearly equal to {\"acceleration\": -0.14, \"throttle\": 0.0, \"steering_target\": -0.67, \"brake\": 14.5, \"steering_rate\": 100.0, \"speed\": 8.83}","natures":[]},{"name":"","description":"","eClass":"Sentence","content":"The test system VALIDATES THAT the simulator S Status.GetEnvironment is nearly equal to {\"x\": -333.73, \"y\": 10.12, \"z\": 190.25, \"rain\": 0.0, \"fog\": 0.0, \"wetness\": 0.0, \"timeofday\": 12.0, \"signal\": 0.0, \"rx\": 0.03, \"ry\": 90.03, \"rz\": 0.03, \"speed\": 8.59}","natures":[]},{"name":"","description":"","eClass":"Sentence","content":"The environment controller C INVOKES API Control.Agents.NPCVehicle.NPCVehicleMaintainLane(which_lane=Right_Lane&which_car=BoxTruck).","natures":[]},{"name":"","description":"","eClass":"Sentence","content":"The test system VALIDATES THAT the Apollo A Status.GetControl is nearly equal to {\"acceleration\": -1.39, \"throttle\": 0.0, \"steering_target\": -0.06, \"brake\": 25.43, \"steering_rate\": 100.0, \"speed\": 1.99}","natures":[]},{"name":"","description":"","eClass":"Sentence","content":"The test system VALIDATES THAT the simulator S Status.GetEnvironment is nearly equal to {\"x\": -310.19, \"y\": 10.12, \"z\": 190.18, \"rain\": 0.0, \"fog\": 0.0, \"wetness\": 0.0, \"timeofday\": 12.0, \"signal\": -1.0, \"rx\": 0.1, \"ry\": 90.44, \"rz\": 0.0, \"speed\": 1.99}","natures":[]},{"name":"","description":"","eClass":"Sentence","content":"The environment controller C INVOKES API Control.Agents.NPCVehicle.NPCVehicleMaintainLane(which_lane=Right_Lane&which_car=BoxTruck).","natures":[]},{"name":"","description":"","eClass":"Sentence","content":"The test system VALIDATES THAT the Apollo A Status.GetControl is nearly equal to {\"acceleration\": 0.48, \"throttle\": 15.7, \"steering_target\": 0.08, \"brake\": 0.0, \"steering_rate\": 100.0, \"speed\": 6.43}","natures":[]},{"name":"","description":"","eClass":"Sentence","content":"The test system VALIDATES THAT the simulator S Status.GetEnvironment is nearly equal to {\"x\": -295.2, \"y\": 10.12, \"z\": 190.0, \"rain\": 0.0, \"fog\": 0.0, \"wetness\": 0.0, \"timeofday\": 12.0, \"signal\": -1.0, \"rx\": 359.9, \"ry\": 90.84, \"rz\": 0.0, \"speed\": 6.43}","natures":[]},{"name":"","description":"","eClass":"Sentence","content":"The environment controller C INVOKES API Control.Agents.NPCVehicle.NPCVehicleMaintainLane(which_lane=Current_Lane&which_car=Jeep).","natures":[]},{"name":"","description":"","eClass":"Sentence","content":"The test system VALIDATES THAT the Apollo A Status.GetControl is nearly equal to {\"acceleration\": -2.22, \"throttle\": 0.0, \"steering_target\": 0.08, \"brake\": 32.82, \"steering_rate\": 100.0, \"speed\": 3.62}","natures":[]},{"name":"","description":"","eClass":"Sentence","content":"The test system VALIDATES THAT the simulator S Status.GetEnvironment is nearly equal to {\"x\": -274.09, \"y\": 10.12, \"z\": 189.79, \"rain\": 0.0, \"fog\": 0.0, \"wetness\": 0.0, \"timeofday\": 12.0, \"signal\": -1.0, \"rx\": 0.12, \"ry\": 90.41, \"rz\": -0.0, \"speed\": 2.9}","natures":[]},{"name":"","description":"","eClass":"Sentence","content":"The environment controller C INVOKES API Control.Agents.NPCVehicle.NPCVehicleMaintainLane(which_lane=Right_Lane&which_car=BoxTruck).","natures":[]},{"name":"","description":"","eClass":"Sentence","content":"The test system VALIDATES THAT the Apollo A Status.GetControl is nearly equal to {\"acceleration\": 0.78, \"throttle\": 23.67, \"steering_target\": -2.51, \"brake\": 0.0, \"steering_rate\": 100.0, \"speed\": 4.22}","natures":[]},{"name":"","description":"","eClass":"Sentence","content":"The test system VALIDATES THAT the simulator S Status.GetEnvironment is nearly equal to {\"x\": -265.93, \"y\": 10.12, \"z\": 190.06, \"rain\": 0.0, \"fog\": 0.0, \"wetness\": 0.0, \"timeofday\": 12.0, \"signal\": -1.0, \"rx\": 359.95, \"ry\": 86.82, \"rz\": 0.04, \"speed\": 4.36}","natures":[]},{"name":"","description":"","eClass":"Sentence","content":"The environment controller C INVOKES API Control.Agents.NPCVehicle.NPCVehicleMaintainLane(which_lane=Right_Lane&which_car=BoxTruck).","natures":[]},{"name":"","description":"","eClass":"Sentence","content":"The test system VALIDATES THAT the Apollo A Status.GetControl is nearly equal to {\"acceleration\": 1.02, \"throttle\": 26.56, \"steering_target\": -1.29, \"brake\": 0.0, \"steering_rate\": 100.0, \"speed\": 7.19}","natures":[]},{"name":"","description":"","eClass":"Sentence","content":"The test system VALIDATES THAT the simulator S Status.GetEnvironment is nearly equal to {\"x\": -242.17, \"y\": 10.12, \"z\": 192.0, \"rain\": 0.0, \"fog\": 0.0, \"wetness\": 0.0, \"timeofday\": 12.0, \"signal\": -1.0, \"rx\": 359.95, \"ry\": 85.84, \"rz\": 0.05, \"speed\": 7.19}","natures":[]},{"name":"","description":"","eClass":"Sentence","content":"The environment controller C INVOKES API Control.Agents.NPCVehicle.NPCVehicleMaintainLane(which_lane=Right_Lane&which_car=BoxTruck).","natures":[]},{"name":"","description":"","eClass":"Sentence","content":"The test system VALIDATES THAT the Apollo A Status.GetControl is nearly equal to {\"acceleration\": 0.12, \"throttle\": 15.7, \"steering_target\": 1.44, \"brake\": 0.0, \"steering_rate\": 100.0, \"speed\": 8.76}","natures":[]},{"name":"","description":"","eClass":"Sentence","content":"The test system VALIDATES THAT the simulator S Status.GetEnvironment is nearly equal to {\"x\": -209.33, \"y\": 10.12, \"z\": 193.27, \"rain\": 0.0, \"fog\": 0.0, \"wetness\": 0.0, \"timeofday\": 12.0, \"signal\": -1.0, \"rx\": 359.99, \"ry\": 89.34, \"rz\": 0.07, \"speed\": 8.76}","natures":[]},{"name":"","description":"","eClass":"Sentence","content":"The environment controller C INVOKES API Control.Agents.NPCVehicle.NPCVehicleMaintainLane(which_lane=Right_Lane&which_car=BoxTruck).","natures":[]},{"name":"","description":"","eClass":"Sentence","content":"The test system VALIDATES THAT the Apollo A Status.GetControl is nearly equal to {\"acceleration\": -0.42, \"throttle\": 0.0, \"steering_target\": -1.96, \"brake\": 22.89, \"steering_rate\": 100.0, \"speed\": 7.64}","natures":[]},{"name":"","description":"","eClass":"Sentence","content":"The test system VALIDATES THAT the simulator S Status.GetEnvironment is nearly equal to {\"x\": -175.03, \"y\": 10.12, \"z\": 193.72, \"rain\": 0.0, \"fog\": 0.0, \"wetness\": 0.0, \"timeofday\": 12.0, \"signal\": 1.0, \"rx\": 0.04, \"ry\": 89.57, \"rz\": 359.96, \"speed\": 7.64}","natures":[]},{"name":"","description":"","eClass":"Sentence","content":"The environment controller C INVOKES API Control.Agents.NPCVehicle.NPCVehicleMaintainLane(which_lane=Right_Lane&which_car=BoxTruck).","natures":[]},{"name":"","description":"","eClass":"Sentence","content":"The test system VALIDATES THAT the Apollo A Status.GetControl is nearly equal to {\"acceleration\": -0.62, \"throttle\": 0.0, \"steering_target\": -0.12, \"brake\": 15.01, \"steering_rate\": 100.0, \"speed\": 4.33}","natures":[]},{"name":"","description":"","eClass":"Sentence","content":"The test system VALIDATES THAT the simulator S Status.GetEnvironment is nearly equal to {\"x\": -150.73, \"y\": 10.12, \"z\": 193.7, \"rain\": 0.0, \"fog\": 0.0, \"wetness\": 0.0, \"timeofday\": 12.0, \"signal\": 1.0, \"rx\": 0.04, \"ry\": 89.95, \"rz\": 0.0, \"speed\": 4.15}","natures":[]},{"name":"","description":"","eClass":"Sentence","content":"The environment controller C INVOKES API Control.Agents.NPCVehicle.NPCVehicleMaintainLane(which_lane=Right_Lane&which_car=BoxTruck).","natures":[]},{"name":"","description":"","eClass":"Sentence","content":"The test system VALIDATES THAT the Apollo A Status.GetControl is nearly equal to {\"acceleration\": -0.7, \"throttle\": 0.0, \"steering_target\": -0.01, \"brake\": 17.16, \"steering_rate\": 100.0, \"speed\": 1.14}","natures":[]},{"name":"","description":"","eClass":"Sentence","content":"","natures":[]}]
