 timestamp= 1619818528000 [START] Now Run TCS Maintain Lane On Road1 Mode: dynamic Roadnum: 4 Second: 4
 timestamp= 1619818528000 [SUCCESS] TCS Check Success 
 timestamp= 1619818531000 [RUN] Run BasicFlow
 timestamp= 1619818531000 [RUN] Generate steps
 timestamp= 1619818531000 [RUN] Validate step: 
The test system VALIDATES THAT the simulator S Status.GetEnvironment is nearly equal to {"x": -440.11, "y": 10.12, "z": 215.25, "rain": 0.0, "fog": 0.0, "wetness": 0.0, "timeofday": 12.0, "signal": 1.0, "rx": 359.97, "ry": 210.07, "rz": 0.0, "speed": 2.57}
 timestamp= 1619818531000 [RES] Validate result: 
true
 timestamp= 1619818531000 [RUN] Execute API step: 
The environment controller C INVOKES API Control.Agents.NPCVehicle.NPCVehicleMaintainLane(which_lane=Right_Lane&which_car=BoxTruck).
 timestamp= 1619818534000 [RES] API result: 
{"pose_arr":[{"vx":-2.22,"ay":0.16,"az":9.81,"ax":-0.23,"pz":10.12,"vy":-2.22,"px":552434.55,"py":4182702.44},{"vx":-2.41,"ay":0.18,"az":9.81,"ax":-0.35,"pz":10.12,"vy":-2.41,"px":552433.77,"py":4182701.1},{"vx":-2.66,"ay":0.16,"az":9.81,"ax":-0.27,"pz":10.12,"vy":-2.66,"px":552432.69,"py":4182699.23},{"vx":-2.8,"ay":0.14,"az":9.81,"ax":-0.24,"pz":10.12,"vy":-2.8,"px":552431.74,"py":4182697.59},{"vx":-2.88,"ay":-0.27,"az":9.82,"ax":0.43,"pz":10.12,"vy":-2.88,"px":552430.45,"py":4182695.34},{"vx":-3.29,"ay":-0.27,"az":9.82,"ax":0.51,"pz":10.13,"vy":-3.29,"px":552429.12,"py":4182692.92}],"traffic_light":[3,3,3,3,0,0],"state_arr":[{"acceleration":0.38,"throttle":16.66,"steering_target":-0.11,"brake":0,"steering_rate":100,"speed":2.56},{"acceleration":0.58,"throttle":20.42,"steering_target":0.41,"brake":0,"steering_rate":100,"speed":2.75},{"acceleration":0.34,"throttle":16.01,"steering_target":0.09,"brake":0,"steering_rate":100,"speed":3.05},{"acceleration":0.15,"throttle":15.7,"steering_target":0.27,"brake":0,"steering_rate":100,"speed":3.24},{"acceleration":-0.02,"throttle":0,"steering_target":2.36,"brake":14.5,"steering_rate":100,"speed":3.4},{"acceleration":-0.63,"throttle":0,"steering_target":7.98,"brake":15.55,"steering_rate":100,"speed":3.8},{"acceleration":-0.36,"throttle":0,"steering_target":16.81,"brake":14.5,"steering_rate":100,"speed":3.43}],"obstacle_arr":[[],[{"acceleration":{"y":0,"x":0,"z":0},"position":{"y":4182705.89,"x":552427.45,"z":10.12},"volume":92.92,"type":"VEHICLE","velocity":{"y":0,"x":0,"z":0}}],[{"acceleration":{"y":0,"x":0,"z":0},"position":{"y":4182705.57,"x":552427.21,"z":10.44},"volume":91.79,"type":"VEHICLE","velocity":{"y":0,"x":0,"z":0}}],[{"acceleration":{"y":0,"x":0,"z":0},"position":{"y":4182705.92,"x":552427.28,"z":10.41},"volume":100.25,"type":"VEHICLE","velocity":{"y":0,"x":0,"z":0}}],[{"acceleration":{"y":0,"x":0,"z":0},"position":{"y":4182705.71,"x":552427.37,"z":10.42},"volume":87.64,"type":"VEHICLE","velocity":{"y":0,"x":0,"z":0}}],[{"acceleration":{"y":-1.62,"x":-0.48,"z":0},"position":{"y":4182701.63,"x":552425.94,"z":10.43},"volume":97.91,"type":"VEHICLE","velocity":{"y":-1.13,"x":-0.34,"z":0}}]],"action_description":"NPC vehicle (BoxTruck) driving on the right lane","ev_state":[-446.266326904297,10.1246557235718,203.934448242188,0,0,0,12,1,0.032419852912426,204.38313293457,359.903167724609,3.3722861896558043],"collision_probability":0}
 timestamp= 1619818534000 [RUN] Validate G1 Guard Condition: 
The ego vehicle E Detection.Collision == True.
 timestamp= 1619818534000 [RES] Global Validate result: 
false
 timestamp= 1619818534000 [RUN] Validate G2 Guard Condition: 
The ego vehicle E Detection.OffRoad == True.
 timestamp= 1619818534000 [RES] Global Validate result: 
false
 timestamp= 1619818534000 [RUN] Validate G3 Guard Condition: 
The ego vehicle E Detection.HardBrake == True.
 timestamp= 1619818534000 [RES] Global Validate result: 
false
 timestamp= 1619818534000 [RUN] Validate G4 Guard Condition: 
The ego vehicle E Detection.ArrivalTest == True.
 timestamp= 1619818534000 [RES] Global Validate result: 
false
 timestamp= 1619818534000 [RUN] Validate step: 
The test system VALIDATES THAT the Apollo A Status.GetControl is nearly equal to {"acceleration": -0.36, "throttle": 0.0, "steering_target": 16.81, "brake": 14.5, "steering_rate": 100.0, "speed": 3.43}
 timestamp= 1619818534000 [RES] Validate result: 
true
 timestamp= 1619818534000 [RUN] Generate steps
 timestamp= 1619818534000 [RUN] Validate step: 
The test system VALIDATES THAT the simulator S Status.GetEnvironment is nearly equal to {"x": -446.27, "y": 10.12, "z": 203.93, "rain": 0.0, "fog": 0.0, "wetness": 0.0, "timeofday": 12.0, "signal": 1.0, "rx": 0.03, "ry": 204.38, "rz": 359.9, "speed": 3.37}
 timestamp= 1619818534000 [RES] Validate result: 
true
 timestamp= 1619818534000 [RUN] Execute API step: 
The environment controller C INVOKES API Control.Agents.NPCVehicle.NPCVehicleMaintainLane(which_lane=Right_Lane&which_car=BoxTruck).
 timestamp= 1619818537000 [RES] API result: 
{"pose_arr":[{"vx":-3.12,"ay":0,"az":9.81,"ax":0,"pz":10.13,"vy":-3.12,"px":552428.27,"py":4182691.18},{"vx":-3.12,"ay":-0.09,"az":9.41,"ax":0.51,"pz":10.12,"vy":-3.12,"px":552427.35,"py":4182688.74},{"vx":-1.96,"ay":-2.46,"az":9.81,"ax":1.6,"pz":10.13,"vy":-1.96,"px":552426.88,"py":4182686.83},{"vx":-2,"ay":-0.43,"az":9.81,"ax":0.52,"pz":10.12,"vy":-2,"px":552426.7,"py":4182685.41},{"vx":-2.11,"ay":0,"az":9.81,"ax":0,"pz":10.12,"vy":-2.11,"px":552426.65,"py":4182684.16},{"vx":-1.77,"ay":-0.03,"az":9.81,"ax":-0.06,"pz":10.13,"vy":-1.77,"px":552427,"py":4182682.32}],"traffic_light":[0,0,0,0,0],"state_arr":[{"acceleration":-0.25,"throttle":0,"steering_target":22.04,"brake":14.5,"steering_rate":100,"speed":3.42},{"acceleration":-0.09,"throttle":0,"steering_target":30.97,"brake":14.5,"steering_rate":100,"speed":3.09},{"acceleration":-0.1,"throttle":0,"steering_target":31.28,"brake":14.5,"steering_rate":100,"speed":1.83},{"acceleration":-0.06,"throttle":0,"steering_target":63.16,"brake":14.5,"steering_rate":100,"speed":1.96},{"acceleration":0.02,"throttle":62.58,"steering_target":78.1,"brake":0,"steering_rate":100,"speed":2.13},{"acceleration":0.19,"throttle":15.7,"steering_target":72.53,"brake":0,"steering_rate":100,"speed":2.13}],"obstacle_arr":[[{"acceleration":{"y":-4.11,"x":-1.99,"z":0},"position":{"y":4182691.97,"x":552423.21,"z":10.43},"volume":72.88,"type":"VEHICLE","velocity":{"y":-3.61,"x":-1.34,"z":0}}],[{"acceleration":{"y":-0.24,"x":-1.45,"z":0},"position":{"y":4182685.88,"x":552424.63,"z":10.9},"volume":12.51,"type":"VEHICLE","velocity":{"y":-5.53,"x":-3.02,"z":0}}],[],[],[],[]],"action_description":"NPC vehicle (BoxTruck) driving on the right lane","ev_state":[-446.383911132813,10.1247720718384,194.844146728516,0,0,0,12,0,0.0169151946902275,157.460296630859,359.79150390625,2.155134883571426],"collision_probability":1}
 timestamp= 1619818537000 [RUN] Validate G1 Guard Condition: 
The ego vehicle E Detection.Collision == True.
 timestamp= 1619818537000 [RES] Global Validate result: 
true
 timestamp= 1619818537000 [RUN] Collision == True
 timestamp= 1619818537000 [RUN] Validate G2 Guard Condition: 
The ego vehicle E Detection.OffRoad == True.
 timestamp= 1619818537000 [RES] Global Validate result: 
false
 timestamp= 1619818537000 [RUN] Validate G3 Guard Condition: 
The ego vehicle E Detection.HardBrake == True.
 timestamp= 1619818537000 [RES] Global Validate result: 
false
 timestamp= 1619818537000 [RUN] Validate G4 Guard Condition: 
The ego vehicle E Detection.ArrivalTest == True.
 timestamp= 1619818537000 [RES] Global Validate result: 
false
 timestamp= 1619818537000 [RUN] Validate step: 
The test system VALIDATES THAT the Apollo A Status.GetControl is nearly equal to {"acceleration": 0.19, "throttle": 15.7, "steering_target": 72.53, "brake": 0.0, "steering_rate": 100.0, "speed": 2.13}
 timestamp= 1619818537000 [RES] Validate result: 
true
 timestamp= 1619818537000 [RUN] Generate steps
 timestamp= 1619818537000 [RUN] Validate step: 
The test system VALIDATES THAT the simulator S Status.GetEnvironment is nearly equal to {"x": -446.38, "y": 10.12, "z": 194.84, "rain": 0.0, "fog": 0.0, "wetness": 0.0, "timeofday": 12.0, "signal": 0.0, "rx": 0.02, "ry": 157.46, "rz": 359.79, "speed": 2.16}
 timestamp= 1619818537000 [RES] Validate result: 
true
 timestamp= 1619818537000 [RUN] Execute API step: 
The environment controller C INVOKES API Control.Agents.NPCVehicle.NPCVehicleMaintainLane(which_lane=Right_Lane&which_car=BoxTruck).
 timestamp= 1619818541000 [RES] API result: 
{"pose_arr":[{"vx":-1.92,"ay":-0.54,"az":9.79,"ax":-1.41,"pz":10.12,"vy":-1.92,"px":552427.44,"py":4182681.42},{"vx":-0.77,"ay":5.7,"az":10.47,"ax":4.15,"pz":10.11,"vy":-0.77,"px":552428.44,"py":4182680.16},{"vx":-0.42,"ay":-0.22,"az":9.8,"ax":-0.17,"pz":10.1,"vy":-0.42,"px":552428.89,"py":4182679.75},{"vx":-0.59,"ay":-0.67,"az":10.38,"ax":-0.9,"pz":10.1,"vy":-0.59,"px":552429.54,"py":4182679.25},{"vx":0.01,"ay":0.02,"az":9.82,"ax":-0.09,"pz":10.1,"vy":0.01,"px":552429.78,"py":4182679.11},{"vx":-0.03,"ay":0.33,"az":9.43,"ax":0.75,"pz":10.11,"vy":-0.03,"px":552429.78,"py":4182679.11}],"traffic_light":[0,0,0,0,3,3],"state_arr":[{"acceleration":0.58,"throttle":65.06,"steering_target":70.75,"brake":0,"steering_rate":100,"speed":2.16},{"acceleration":0.28,"throttle":15.7,"steering_target":55.39,"brake":0,"steering_rate":100,"speed":2.79},{"acceleration":1.86,"throttle":74.8,"steering_target":57.3,"brake":0,"steering_rate":100,"speed":0.76},{"acceleration":2.2,"throttle":92,"steering_target":41.27,"brake":0,"steering_rate":100,"speed":1.16},{"acceleration":2.59,"throttle":93.25,"steering_target":35.94,"brake":0,"steering_rate":100,"speed":1.01},{"acceleration":-0.16,"throttle":0,"steering_target":93.78,"brake":45.21,"steering_rate":100,"speed":0.04},{"acceleration":0.25,"throttle":55.23,"steering_target":100,"brake":0,"steering_rate":100,"speed":0.11}],"obstacle_arr":[[],[{"acceleration":{"y":0,"x":0,"z":0},"position":{"y":4182678.37,"x":552422.87,"z":10.44},"volume":69.96,"type":"VEHICLE","velocity":{"y":0,"x":0,"z":0}}],[{"acceleration":{"y":0,"x":0.01,"z":0},"position":{"y":4182676.84,"x":552426.98,"z":10.38},"volume":34.49,"type":"VEHICLE","velocity":{"y":-0.51,"x":5.39,"z":0}}],[{"acceleration":{"y":0.11,"x":-3.23,"z":0},"position":{"y":4182676.51,"x":552427.98,"z":10.26},"volume":38.6,"type":"VEHICLE","velocity":{"y":-0.46,"x":3.36,"z":0}}],[{"acceleration":{"y":1.07,"x":-4.26,"z":0},"position":{"y":4182676.32,"x":552428.96,"z":9.38},"volume":45.02,"type":"VEHICLE","velocity":{"y":0,"x":0,"z":0}}],[{"acceleration":{"y":0.14,"x":-0.31,"z":0},"position":{"y":4182676.35,"x":552429.12,"z":10.09},"volume":40.93,"type":"VEHICLE","velocity":{"y":0,"x":0,"z":0}}],[{"acceleration":{"y":0,"x":-0.01,"z":0},"position":{"y":4182676.45,"x":552429.07,"z":10.4},"volume":43.01,"type":"VEHICLE","velocity":{"y":0,"x":0,"z":0}}]],"action_description":"NPC vehicle (BoxTruck) driving on the right lane","ev_state":[-442.909912109375,10.1307525634766,192.355133056641,0,0,0,12,-1,359.419250488281,119.766387939453,0.891564846038818,0.8532607863026033],"collision_probability":1}
 timestamp= 1619818541000 [RUN] Validate G1 Guard Condition: 
The ego vehicle E Detection.Collision == True.
 timestamp= 1619818541000 [RES] Global Validate result: 
true
 timestamp= 1619818541000 [RUN] Collision == True
 timestamp= 1619818541000 [RUN] Validate G2 Guard Condition: 
The ego vehicle E Detection.OffRoad == True.
 timestamp= 1619818541000 [RES] Global Validate result: 
false
 timestamp= 1619818541000 [RUN] Validate G3 Guard Condition: 
The ego vehicle E Detection.HardBrake == True.
 timestamp= 1619818541000 [RES] Global Validate result: 
false
 timestamp= 1619818541000 [RUN] Validate G4 Guard Condition: 
The ego vehicle E Detection.ArrivalTest == True.
 timestamp= 1619818541000 [RES] Global Validate result: 
false
 timestamp= 1619818541000 [RUN] Validate step: 
The test system VALIDATES THAT the Apollo A Status.GetControl is nearly equal to {"acceleration": 0.25, "throttle": 55.23, "steering_target": 100.0, "brake": 0.0, "steering_rate": 100.0, "speed": 0.11}
 timestamp= 1619818541000 [RES] Validate result: 
true
 timestamp= 1619818541000 [RUN] Generate steps
 timestamp= 1619818541000 [RUN] Validate step: 
The test system VALIDATES THAT the simulator S Status.GetEnvironment is nearly equal to {"x": -442.91, "y": 10.13, "z": 192.36, "rain": 0.0, "fog": 0.0, "wetness": 0.0, "timeofday": 12.0, "signal": -1.0, "rx": 359.42, "ry": 119.77, "rz": 0.89, "speed": 0.85}
 timestamp= 1619818541000 [RES] Validate result: 
true
 timestamp= 1619818541000 [RUN] Execute API step: 
The environment controller C INVOKES API Control.Agents.NPCVehicle.NPCVehicleMaintainLane(which_lane=Right_Lane&which_car=BoxTruck).
 timestamp= 1619818544000 [RES] API result: 
{"pose_arr":[{"vx":-0.43,"ay":0,"az":9.81,"ax":0,"pz":10.12,"vy":-0.43,"px":552429.96,"py":4182679.01},{"vx":-0.14,"ay":-1.2,"az":9.71,"ax":-0.53,"pz":10.12,"vy":-0.14,"px":552430.2,"py":4182678.88},{"vx":-0.17,"ay":0.31,"az":9.93,"ax":0.19,"pz":10.12,"vy":-0.17,"px":552430.57,"py":4182678.69},{"vx":-0.08,"ay":0.42,"az":9.89,"ax":0.2,"pz":10.12,"vy":-0.08,"px":552430.79,"py":4182678.59},{"vx":-0.03,"ay":0.36,"az":9.99,"ax":-0.04,"pz":10.13,"vy":-0.03,"px":552430.92,"py":4182678.53},{"vx":0,"ay":-0.01,"az":9.69,"ax":-0.03,"pz":10.13,"vy":0,"px":552430.95,"py":4182678.52},{"vx":-0.09,"ay":0.58,"az":9.81,"ax":0.09,"pz":10.12,"vy":-0.09,"px":552431.27,"py":4182678.41}],"traffic_light":[3,0,3,0,3,0],"state_arr":[{"acceleration":-0.24,"throttle":0,"steering_target":-1.45,"brake":14.5,"steering_rate":100,"speed":0.85},{"acceleration":0.51,"throttle":88.74,"steering_target":50.65,"brake":0,"steering_rate":100,"speed":0.26},{"acceleration":-0.49,"throttle":0,"steering_target":36.64,"brake":14.5,"steering_rate":100,"speed":0.61},{"acceleration":-0.46,"throttle":0,"steering_target":46.8,"brake":14.5,"steering_rate":100,"speed":0.36},{"acceleration":-0.27,"throttle":0,"steering_target":68.76,"brake":14.5,"steering_rate":100,"speed":0.2},{"acceleration":-0.15,"throttle":0,"steering_target":68.81,"brake":51.93,"steering_rate":100,"speed":0},{"acceleration":-0.36,"throttle":0,"steering_target":57.12,"brake":14.5,"steering_rate":100,"speed":0.47}],"obstacle_arr":[[{"acceleration":{"y":0,"x":0,"z":0},"position":{"y":4182676.48,"x":552428.29,"z":10.34},"volume":29.62,"type":"VEHICLE","velocity":{"y":0,"x":0,"z":0}}],[{"acceleration":{"y":0,"x":0,"z":0},"position":{"y":4182676.36,"x":552429.61,"z":10.38},"volume":44.11,"type":"VEHICLE","velocity":{"y":0,"x":0,"z":0}}],[{"acceleration":{"y":0,"x":0,"z":0},"position":{"y":4182676.21,"x":552429.89,"z":10.38},"volume":40.52,"type":"VEHICLE","velocity":{"y":0,"x":0,"z":0}}],[{"acceleration":{"y":0,"x":0,"z":0},"position":{"y":4182676.32,"x":552430.07,"z":10.37},"volume":42.19,"type":"VEHICLE","velocity":{"y":0,"x":0,"z":0}}],[{"acceleration":{"y":0,"x":0,"z":0},"position":{"y":4182676.4,"x":552429.41,"z":10.35},"volume":21,"type":"VEHICLE","velocity":{"y":0,"x":0,"z":0}}],[{"acceleration":{"y":0,"x":0,"z":0},"position":{"y":4182676.29,"x":552430.44,"z":10.4},"volume":28.6,"type":"VEHICLE","velocity":{"y":0,"x":0,"z":0}}]],"action_description":"NPC vehicle (BoxTruck) driving on the right lane","ev_state":[-441.431579589844,10.124755859375,191.928802490234,0,0,0,12,-1,0.0110525507479906,109.580131530762,-0.00470429332926869,0.537920550559459],"collision_probability":1}
 timestamp= 1619818544000 [RUN] Validate G1 Guard Condition: 
The ego vehicle E Detection.Collision == True.
 timestamp= 1619818544000 [RES] Global Validate result: 
true
 timestamp= 1619818544000 [RUN] Collision == True
 timestamp= 1619818544000 [RUN] Validate G2 Guard Condition: 
The ego vehicle E Detection.OffRoad == True.
 timestamp= 1619818544000 [RES] Global Validate result: 
false
 timestamp= 1619818544000 [RUN] Validate G3 Guard Condition: 
The ego vehicle E Detection.HardBrake == True.
 timestamp= 1619818544000 [RES] Global Validate result: 
false
 timestamp= 1619818544000 [RUN] Validate G4 Guard Condition: 
The ego vehicle E Detection.ArrivalTest == True.
 timestamp= 1619818544000 [RES] Global Validate result: 
false
 timestamp= 1619818544000 [RUN] Validate step: 
The test system VALIDATES THAT the Apollo A Status.GetControl is nearly equal to {"acceleration": -0.36, "throttle": 0.0, "steering_target": 57.12, "brake": 14.5, "steering_rate": 100.0, "speed": 0.47}
 timestamp= 1619818544000 [RES] Validate result: 
true
 timestamp= 1619818544000 [RUN] Generate steps
 timestamp= 1619818544000 [RUN] Validate step: 
The test system VALIDATES THAT the simulator S Status.GetEnvironment is nearly equal to {"x": -441.43, "y": 10.12, "z": 191.93, "rain": 0.0, "fog": 0.0, "wetness": 0.0, "timeofday": 12.0, "signal": -1.0, "rx": 0.01, "ry": 109.58, "rz": -0.0, "speed": 0.54}
 timestamp= 1619818544000 [RES] Validate result: 
true
 timestamp= 1619818544000 [RUN] Execute API step: 
The environment controller C INVOKES API Control.Agents.NPCVehicle.NPCVehicleMaintainLane(which_lane=Right_Lane&which_car=BoxTruck).
 timestamp= 1619818548000 [RES] API result: 
{"pose_arr":[{"vx":-0.1,"ay":-0.26,"az":9.81,"ax":-0.04,"pz":10.12,"vy":-0.1,"px":552431.46,"py":4182678.34},{"vx":-0.34,"ay":-1.22,"az":9.81,"ax":-1.55,"pz":10.12,"vy":-0.34,"px":552432.18,"py":4182678.13},{"vx":-0.41,"ay":-1.62,"az":9.83,"ax":-0.31,"pz":10.12,"vy":-0.41,"px":552433.62,"py":4182677.77},{"vx":-0.42,"ay":-1.17,"az":9.8,"ax":-0.2,"pz":10.12,"vy":-0.42,"px":552435.3,"py":4182677.4},{"vx":-0.3,"ay":-0.92,"az":9.81,"ax":-0.09,"pz":10.12,"vy":-0.3,"px":552437.48,"py":4182677.08},{"vx":-0.26,"ay":-2.34,"az":9.82,"ax":-0.14,"pz":10.12,"vy":-0.26,"px":552439.46,"py":4182676.9}],"traffic_light":[0,0,0,3,0,3],"state_arr":[{"acceleration":-0.08,"throttle":0,"steering_target":46.72,"brake":14.5,"steering_rate":100,"speed":0.54},{"acceleration":0.8,"throttle":44.51,"steering_target":30.87,"brake":0,"steering_rate":100,"speed":0.92},{"acceleration":-0.48,"throttle":0,"steering_target":3.17,"brake":14.5,"steering_rate":100,"speed":1.97},{"acceleration":1.16,"throttle":36.52,"steering_target":7.33,"brake":0,"steering_rate":100,"speed":1.92},{"acceleration":0.69,"throttle":46.11,"steering_target":16.55,"brake":0,"steering_rate":100,"speed":3.13},{"acceleration":1.05,"throttle":27.82,"steering_target":11.28,"brake":0,"steering_rate":100,"speed":3.71},{"acceleration":0.67,"throttle":15.7,"steering_target":6.74,"brake":0,"steering_rate":100,"speed":4.8},{"acceleration":0.41,"throttle":17.31,"steering_target":3.45,"brake":0,"steering_rate":100,"speed":5.3}],"obstacle_arr":[[{"acceleration":{"y":0,"x":0,"z":0},"position":{"y":4182676.63,"x":552427.82,"z":10.43},"volume":10.51,"type":"VEHICLE","velocity":{"y":0,"x":0,"z":0}}],[{"acceleration":{"y":0,"x":0,"z":0},"position":{"y":4182676.35,"x":552430.21,"z":10.41},"volume":37.14,"type":"VEHICLE","velocity":{"y":0,"x":0,"z":0}}],[{"acceleration":{"y":0,"x":0,"z":0},"position":{"y":4182676.34,"x":552429.41,"z":10.43},"volume":19.19,"type":"VEHICLE","velocity":{"y":0,"x":0,"z":0}}],[],[{"acceleration":{"y":0,"x":0,"z":0},"position":{"y":4182675.24,"x":552431.09,"z":10.48},"volume":77.91,"type":"VEHICLE","velocity":{"y":0,"x":0,"z":0}}],[{"acceleration":{"y":0,"x":0,"z":0},"position":{"y":4182675.48,"x":552429.98,"z":10.68},"volume":79.87,"type":"VEHICLE","velocity":{"y":0,"x":0,"z":0}}],[{"acceleration":{"y":0,"x":0,"z":0},"position":{"y":4182675.33,"x":552429.85,"z":10.1},"volume":140.32,"type":"VEHICLE","velocity":{"y":0,"x":0,"z":0}}]],"action_description":"NPC vehicle (BoxTruck) driving on the right lane","ev_state":[-430.325958251953,10.1243953704834,190.689865112305,0,0,0,12,-1,359.954437255859,91.5902938842773,359.900787353516,5.3254551191421955],"collision_probability":1}
 timestamp= 1619818548000 [RUN] Validate G1 Guard Condition: 
The ego vehicle E Detection.Collision == True.
 timestamp= 1619818548000 [RES] Global Validate result: 
true
 timestamp= 1619818548000 [RUN] Collision == True
 timestamp= 1619818548000 [RUN] Validate G2 Guard Condition: 
The ego vehicle E Detection.OffRoad == True.
 timestamp= 1619818548000 [RES] Global Validate result: 
false
 timestamp= 1619818548000 [RUN] Validate G3 Guard Condition: 
The ego vehicle E Detection.HardBrake == True.
 timestamp= 1619818548000 [RES] Global Validate result: 
false
 timestamp= 1619818548000 [RUN] Validate G4 Guard Condition: 
The ego vehicle E Detection.ArrivalTest == True.
 timestamp= 1619818548000 [RES] Global Validate result: 
false
 timestamp= 1619818548000 [RUN] Validate step: 
The test system VALIDATES THAT the Apollo A Status.GetControl is nearly equal to {"acceleration": 0.41, "throttle": 17.31, "steering_target": 3.45, "brake": 0.0, "steering_rate": 100.0, "speed": 5.3}
 timestamp= 1619818548000 [RES] Validate result: 
true
 timestamp= 1619818548000 [RUN] Generate steps
 timestamp= 1619818548000 [RUN] Validate step: 
The test system VALIDATES THAT the simulator S Status.GetEnvironment is nearly equal to {"x": -430.33, "y": 10.12, "z": 190.69, "rain": 0.0, "fog": 0.0, "wetness": 0.0, "timeofday": 12.0, "signal": -1.0, "rx": 359.95, "ry": 91.59, "rz": 359.9, "speed": 5.33}
 timestamp= 1619818548000 [RES] Validate result: 
true
 timestamp= 1619818548000 [RUN] Execute API step: 
The environment controller C INVOKES API Control.Agents.NPCVehicle.NPCVehicleMaintainLane(which_lane=Right_Lane&which_car=BoxTruck).
 timestamp= 1619818552000 [RES] API result: 
{"pose_arr":[{"vx":-0.08,"ay":-0.58,"az":9.81,"ax":-0.18,"pz":10.12,"vy":-0.08,"px":552442.23,"py":4182676.75},{"vx":0.1,"ay":-1.06,"az":9.81,"ax":0,"pz":10.12,"vy":0.1,"px":552445.28,"py":4182676.71},{"vx":-0.09,"ay":-0.76,"az":9.81,"ax":-0.01,"pz":10.12,"vy":-0.09,"px":552450.04,"py":4182676.69},{"vx":-0.08,"ay":-0.24,"az":9.81,"ax":-0.03,"pz":10.12,"vy":-0.08,"px":552454.49,"py":4182676.65},{"vx":-0.05,"ay":-0.24,"az":9.81,"ax":0.01,"pz":10.12,"vy":-0.05,"px":552458.66,"py":4182676.61},{"vx":-0.02,"ay":-0.24,"az":9.81,"ax":-0.04,"pz":10.12,"vy":-0.02,"px":552462.84,"py":4182676.59},{"vx":-0.03,"ay":-0.25,"az":9.81,"ax":0,"pz":10.12,"vy":-0.03,"px":552468.26,"py":4182676.57}],"traffic_light":[3,3,3,3,3,3],"state_arr":[{"acceleration":1.11,"throttle":15.7,"steering_target":3.61,"brake":0,"steering_rate":100,"speed":6.05},{"acceleration":0.94,"throttle":15.7,"steering_target":-2.82,"brake":0,"steering_rate":100,"speed":6.58},{"acceleration":0.25,"throttle":15.7,"steering_target":0.43,"brake":0,"steering_rate":100,"speed":6.87},{"acceleration":0.18,"throttle":15.7,"steering_target":-1.44,"brake":0,"steering_rate":100,"speed":7.15},{"acceleration":0.34,"throttle":15.7,"steering_target":1.1,"brake":0,"steering_rate":100,"speed":7.28},{"acceleration":0.32,"throttle":16.18,"steering_target":-0.32,"brake":0,"steering_rate":100,"speed":7.4},{"acceleration":0.37,"throttle":17.21,"steering_target":0.19,"brake":0,"steering_rate":100,"speed":7.58},{"acceleration":0.35,"throttle":16.6,"steering_target":-0.43,"brake":0,"steering_rate":100,"speed":7.73}],"obstacle_arr":[[{"acceleration":{"y":0,"x":0,"z":0},"position":{"y":4182675.37,"x":552430.53,"z":10.12},"volume":111.6,"type":"VEHICLE","velocity":{"y":0,"x":0,"z":0}}],[{"acceleration":{"y":0,"x":0,"z":0},"position":{"y":4182675.02,"x":552429.83,"z":10.15},"volume":126.78,"type":"VEHICLE","velocity":{"y":0,"x":0,"z":0}},{"acceleration":{"y":0,"x":0,"z":0},"position":{"y":4182668.84,"x":552443.49,"z":10.33},"volume":132.65,"type":"VEHICLE","velocity":{"y":0,"x":0,"z":0}}],[{"acceleration":{"y":0,"x":0,"z":0},"position":{"y":4182675.39,"x":552429.88,"z":10.12},"volume":112.02,"type":"VEHICLE","velocity":{"y":0,"x":0,"z":0}},{"acceleration":{"y":0,"x":0,"z":0},"position":{"y":4182669.07,"x":552444.62,"z":10.35},"volume":121.76,"type":"VEHICLE","velocity":{"y":0,"x":0,"z":0}}],[{"acceleration":{"y":0,"x":0,"z":0},"position":{"y":4182674.2,"x":552429.76,"z":10.13},"volume":179.61,"type":"VEHICLE","velocity":{"y":0,"x":0,"z":0}},{"acceleration":{"y":0,"x":0,"z":0},"position":{"y":4182669.35,"x":552445.54,"z":10.34},"volume":122.29,"type":"VEHICLE","velocity":{"y":0,"x":0,"z":0}}],[{"acceleration":{"y":0,"x":0,"z":0},"position":{"y":4182674.89,"x":552429.76,"z":10.12},"volume":176.96,"type":"VEHICLE","velocity":{"y":0,"x":0,"z":0}},{"acceleration":{"y":0.56,"x":3.62,"z":0},"position":{"y":4182670.28,"x":552449.98,"z":10.33},"volume":135.16,"type":"VEHICLE","velocity":{"y":0.52,"x":2.61,"z":0}}],[{"acceleration":{"y":0,"x":0,"z":0},"position":{"y":4182675.16,"x":552429.54,"z":10.13},"volume":122.55,"type":"VEHICLE","velocity":{"y":0,"x":0,"z":0}}],[{"acceleration":{"y":0,"x":0,"z":0},"position":{"y":4182675.41,"x":552429.11,"z":10.11},"volume":156.49,"type":"VEHICLE","velocity":{"y":0,"x":0,"z":0}}]],"action_description":"NPC vehicle (BoxTruck) driving on the right lane","ev_state":[-402.216674804688,10.123950958252,190.534469604492,0,0,0,12,-1,359.981536865234,90.1208953857422,359.985992431641,7.729960141781993],"collision_probability":0}
 timestamp= 1619818552000 [RUN] Validate G1 Guard Condition: 
The ego vehicle E Detection.Collision == True.
 timestamp= 1619818552000 [RES] Global Validate result: 
false
 timestamp= 1619818552000 [RUN] Validate G2 Guard Condition: 
The ego vehicle E Detection.OffRoad == True.
 timestamp= 1619818552000 [RES] Global Validate result: 
false
 timestamp= 1619818552000 [RUN] Validate G3 Guard Condition: 
The ego vehicle E Detection.HardBrake == True.
 timestamp= 1619818552000 [RES] Global Validate result: 
false
 timestamp= 1619818552000 [RUN] Validate G4 Guard Condition: 
The ego vehicle E Detection.ArrivalTest == True.
 timestamp= 1619818552000 [RES] Global Validate result: 
false
 timestamp= 1619818552000 [RUN] Validate step: 
The test system VALIDATES THAT the Apollo A Status.GetControl is nearly equal to {"acceleration": 0.35, "throttle": 16.6, "steering_target": -0.43, "brake": 0.0, "steering_rate": 100.0, "speed": 7.73}
 timestamp= 1619818552000 [RES] Validate result: 
true
 timestamp= 1619818552000 [RUN] Generate steps
 timestamp= 1619818552000 [RUN] Validate step: 
The test system VALIDATES THAT the simulator S Status.GetEnvironment is nearly equal to {"x": -402.22, "y": 10.12, "z": 190.53, "rain": 0.0, "fog": 0.0, "wetness": 0.0, "timeofday": 12.0, "signal": -1.0, "rx": 359.98, "ry": 90.12, "rz": 359.99, "speed": 7.73}
 timestamp= 1619818552000 [RES] Validate result: 
true
 timestamp= 1619818552000 [RUN] Execute API step: 
The environment controller C INVOKES API Control.Agents.NPCVehicle.NPCVehicleMaintainLane(which_lane=Right_Lane&which_car=BoxTruck).
 timestamp= 1619818556000 [RES] API result: 
{"pose_arr":[{"vx":-0.01,"ay":-0.23,"az":9.82,"ax":-0.04,"pz":10.12,"vy":-0.01,"px":552471.27,"py":4182676.56},{"vx":-0.06,"ay":-0.23,"az":9.81,"ax":-0.01,"pz":10.12,"vy":-0.06,"px":552475.92,"py":4182676.54},{"vx":-0.05,"ay":-0.46,"az":9.8,"ax":0,"pz":10.12,"vy":-0.05,"px":552480.95,"py":4182676.51},{"vx":-0.04,"ay":-0.39,"az":9.81,"ax":-0.07,"pz":10.12,"vy":-0.04,"px":552485.51,"py":4182676.48},{"vx":-0.07,"ay":0,"az":9.81,"ax":0,"pz":10.12,"vy":-0.07,"px":552490.68,"py":4182676.45},{"vx":-0.01,"ay":-0.27,"az":9.81,"ax":-0.02,"pz":10.12,"vy":-0.01,"px":552494.55,"py":4182676.43},{"vx":-0.05,"ay":-0.21,"az":9.82,"ax":0.1,"pz":10.12,"vy":-0.05,"px":552499.9,"py":4182676.41}],"traffic_light":[2,2,2,2,2,3],"state_arr":[{"acceleration":0.47,"throttle":19.57,"steering_target":-0.54,"brake":0,"steering_rate":100,"speed":7.84},{"acceleration":0.75,"throttle":18.29,"steering_target":0.25,"brake":0,"steering_rate":100,"speed":7.96},{"acceleration":0.46,"throttle":18.73,"steering_target":0.23,"brake":0,"steering_rate":100,"speed":8.17},{"acceleration":0.45,"throttle":18.52,"steering_target":-0.45,"brake":0,"steering_rate":100,"speed":8.41},{"acceleration":0.2,"throttle":15.7,"steering_target":0.74,"brake":0,"steering_rate":100,"speed":8.55},{"acceleration":0.2,"throttle":15.7,"steering_target":-0.47,"brake":0,"steering_rate":100,"speed":8.7},{"acceleration":0.22,"throttle":15.7,"steering_target":0.01,"brake":0,"steering_rate":100,"speed":8.83},{"acceleration":-0.13,"throttle":0,"steering_target":0.47,"brake":14.5,"steering_rate":100,"speed":8.94}],"obstacle_arr":[[{"acceleration":{"y":0,"x":0.02,"z":0},"position":{"y":4182674.75,"x":552433.65,"z":10.91},"volume":15.13,"type":"VEHICLE","velocity":{"y":0,"x":0,"z":0}},{"acceleration":{"y":0,"x":0.05,"z":0},"position":{"y":4182672.4,"x":552461.89,"z":10.13},"volume":11.87,"type":"VEHICLE","velocity":{"y":0,"x":0,"z":0}}],[{"acceleration":{"y":0,"x":0,"z":0},"position":{"y":4182675.11,"x":552430.79,"z":10.74},"volume":48.39,"type":"VEHICLE","velocity":{"y":0,"x":0,"z":0}},{"acceleration":{"y":0,"x":0.01,"z":0},"position":{"y":4182673.12,"x":552463.47,"z":10.13},"volume":2.3,"type":"VEHICLE","velocity":{"y":0,"x":0,"z":0}},{"acceleration":{"y":0,"x":0,"z":0},"position":{"y":4182667.75,"x":552470.51,"z":10.34},"volume":134.55,"type":"VEHICLE","velocity":{"y":0,"x":0,"z":0}},{"acceleration":{"y":0,"x":0,"z":0},"position":{"y":4182673.04,"x":552464.87,"z":10.13},"volume":32.02,"type":"VEHICLE","velocity":{"y":0,"x":0,"z":0}}],[{"acceleration":{"y":0,"x":0,"z":0},"position":{"y":4182667.56,"x":552471.97,"z":10.34},"volume":142.53,"type":"VEHICLE","velocity":{"y":0,"x":0,"z":0}},{"acceleration":{"y":0,"x":0,"z":0},"position":{"y":4182671.37,"x":552464.46,"z":10.13},"volume":177.81,"type":"VEHICLE","velocity":{"y":0.27,"x":0.78,"z":0}}],[{"acceleration":{"y":0,"x":0,"z":0},"position":{"y":4182668.9,"x":552474.12,"z":10.34},"volume":238.17,"type":"VEHICLE","velocity":{"y":0,"x":0,"z":0}}],[{"acceleration":{"y":0,"x":0,"z":0},"position":{"y":4182668.33,"x":552475.74,"z":10.34},"volume":197.84,"type":"VEHICLE","velocity":{"y":0,"x":0,"z":0}},{"acceleration":{"y":0.4,"x":2.25,"z":0},"position":{"y":4182674.42,"x":552474.45,"z":10.13},"volume":21.6,"type":"VEHICLE","velocity":{"y":0.79,"x":2.47,"z":0}},{"acceleration":{"y":0,"x":0,"z":0},"position":{"y":4182670.4,"x":552467.5,"z":10.13},"volume":162.79,"type":"VEHICLE","velocity":{"y":0,"x":0,"z":0}}],[{"acceleration":{"y":0.38,"x":2.85,"z":0},"position":{"y":4182674.8,"x":552476.49,"z":10.13},"volume":26.34,"type":"VEHICLE","velocity":{"y":1.02,"x":4.1,"z":0}},{"acceleration":{"y":0,"x":0,"z":0},"position":{"y":4182672.87,"x":552472.11,"z":14.54},"volume":0,"type":"VEHICLE","velocity":{"y":0,"x":0,"z":0}},{"acceleration":{"y":0,"x":0,"z":0},"position":{"y":4182673.47,"x":552474.52,"z":12.53},"volume":0.78,"type":"VEHICLE","velocity":{"y":0,"x":0,"z":0}}],[{"acceleration":{"y":0.45,"x":2.64,"z":0},"position":{"y":4182675.01,"x":552475.66,"z":10.36},"volume":112.08,"type":"VEHICLE","velocity":{"y":1.36,"x":6.37,"z":0}}]],"action_description":"NPC vehicle (BoxTruck) driving on the right lane","ev_state":[-368.823272705078,10.1236486434937,190.366409301758,0,0,0,12,-1,359.984344482422,90.2395477294922,359.989776611328,8.943325009004642],"collision_probability":0}
 timestamp= 1619818556000 [RUN] Validate G1 Guard Condition: 
The ego vehicle E Detection.Collision == True.
 timestamp= 1619818556000 [RES] Global Validate result: 
false
 timestamp= 1619818556000 [RUN] Validate G2 Guard Condition: 
The ego vehicle E Detection.OffRoad == True.
 timestamp= 1619818556000 [RES] Global Validate result: 
false
 timestamp= 1619818556000 [RUN] Validate G3 Guard Condition: 
The ego vehicle E Detection.HardBrake == True.
 timestamp= 1619818556000 [RES] Global Validate result: 
false
 timestamp= 1619818556000 [RUN] Validate G4 Guard Condition: 
The ego vehicle E Detection.ArrivalTest == True.
 timestamp= 1619818556000 [RES] Global Validate result: 
false
 timestamp= 1619818556000 [RUN] Validate step: 
The test system VALIDATES THAT the Apollo A Status.GetControl is nearly equal to {"acceleration": -0.13, "throttle": 0.0, "steering_target": 0.47, "brake": 14.5, "steering_rate": 100.0, "speed": 8.94}
 timestamp= 1619818556000 [RES] Validate result: 
true
 timestamp= 1619818556000 [RUN] Generate steps
 timestamp= 1619818556000 [RUN] Validate step: 
The test system VALIDATES THAT the simulator S Status.GetEnvironment is nearly equal to {"x": -368.82, "y": 10.12, "z": 190.37, "rain": 0.0, "fog": 0.0, "wetness": 0.0, "timeofday": 12.0, "signal": -1.0, "rx": 359.98, "ry": 90.24, "rz": 359.99, "speed": 8.94}
 timestamp= 1619818556000 [RES] Validate result: 
true
 timestamp= 1619818556000 [RUN] Execute API step: 
The environment controller C INVOKES API Control.Agents.NPCVehicle.NPCVehicleMaintainLane(which_lane=Right_Lane&which_car=BoxTruck).
 timestamp= 1619818560000 [RES] API result: 
{"pose_arr":[{"vx":-0.03,"ay":-0.21,"az":9.81,"ax":0.01,"pz":10.12,"vy":-0.03,"px":552503.77,"py":4182676.39},{"vx":0,"ay":-0.21,"az":9.81,"ax":-0.05,"pz":10.12,"vy":0,"px":552507.63,"py":4182676.38},{"vx":-0.03,"ay":-0.14,"az":9.81,"ax":0.02,"pz":10.12,"vy":-0.03,"px":552512.06,"py":4182676.38},{"vx":0,"ay":-0.21,"az":9.82,"ax":-0.05,"pz":10.12,"vy":0,"px":552517.69,"py":4182676.36},{"vx":0,"ay":-0.21,"az":9.82,"ax":-0.01,"pz":10.12,"vy":0,"px":552522.55,"py":4182676.37},{"vx":-0.01,"ay":0.63,"az":9.82,"ax":-0.01,"pz":10.12,"vy":-0.01,"px":552528.19,"py":4182676.36},{"vx":0,"ay":0.8,"az":9.82,"ax":0.01,"pz":10.12,"vy":0,"px":552532.61,"py":4182676.36},{"vx":-0.01,"ay":-0.22,"az":9.79,"ax":-0.01,"pz":10.12,"vy":-0.01,"px":552536.73,"py":4182676.36}],"traffic_light":[3,3,3,3,3,1],"state_arr":[{"acceleration":0.04,"throttle":15.7,"steering_target":0.03,"brake":0,"steering_rate":100,"speed":9.03},{"acceleration":0.13,"throttle":15.7,"steering_target":-0.2,"brake":0,"steering_rate":100,"speed":8.81},{"acceleration":0.15,"throttle":15.7,"steering_target":0.6,"brake":0,"steering_rate":100,"speed":8.8},{"acceleration":-0.2,"throttle":0,"steering_target":-0.52,"brake":14.5,"steering_rate":100,"speed":8.92},{"acceleration":-0.66,"throttle":0,"steering_target":0.13,"brake":14.5,"steering_rate":100,"speed":8.83},{"acceleration":-1.36,"throttle":0,"steering_target":0.43,"brake":22.81,"steering_rate":100,"speed":8.62},{"acceleration":-0.57,"throttle":0,"steering_target":-0.26,"brake":14.5,"steering_rate":100,"speed":8.28},{"acceleration":-0.86,"throttle":0,"steering_target":0.36,"brake":16.23,"steering_rate":100,"speed":8.27}],"obstacle_arr":[[{"acceleration":{"y":0.49,"x":2.13,"z":0},"position":{"y":4182675.79,"x":552480.88,"z":10.72},"volume":63.37,"type":"VEHICLE","velocity":{"y":1.68,"x":7.91,"z":0}}],[{"acceleration":{"y":0.31,"x":1.29,"z":0},"position":{"y":4182676.37,"x":552484.42,"z":10.49},"volume":66.73,"type":"VEHICLE","velocity":{"y":2.01,"x":9.29,"z":0}}],[{"acceleration":{"y":0.2,"x":0.88,"z":0},"position":{"y":4182676.82,"x":552486.13,"z":10.49},"volume":86.74,"type":"VEHICLE","velocity":{"y":2.12,"x":9.75,"z":0}}],[{"acceleration":{"y":0.1,"x":0.63,"z":0},"position":{"y":4182677.53,"x":552490.05,"z":10.47},"volume":63.13,"type":"VEHICLE","velocity":{"y":2.17,"x":10.03,"z":0}}],[{"acceleration":{"y":0.03,"x":0.52,"z":0},"position":{"y":4182678.04,"x":552492.82,"z":10.72},"volume":91.45,"type":"VEHICLE","velocity":{"y":2.15,"x":10.1,"z":0}}],[{"acceleration":{"y":0,"x":0.43,"z":0},"position":{"y":4182678.29,"x":552496.66,"z":10.54},"volume":59.5,"type":"VEHICLE","velocity":{"y":2.07,"x":10.1,"z":0}}],[{"acceleration":{"y":-0.02,"x":0.26,"z":0},"position":{"y":4182678.62,"x":552496.27,"z":10.92},"volume":38.32,"type":"VEHICLE","velocity":{"y":1.99,"x":9.99,"z":0}}],[{"acceleration":{"y":0,"x":0,"z":0},"position":{"y":4182669.11,"x":552508.64,"z":10.32},"volume":207.14,"type":"VEHICLE","velocity":{"y":0,"x":0,"z":0}},{"acceleration":{"y":0,"x":0,"z":0},"position":{"y":4182678.62,"x":552500.28,"z":11.08},"volume":5.12,"type":"VEHICLE","velocity":{"y":0,"x":0,"z":0}},{"acceleration":{"y":0,"x":0,"z":0},"position":{"y":4182671.62,"x":552544.48,"z":10.34},"volume":0.8,"type":"UNKNOWN","velocity":{"y":0,"x":0,"z":0}},{"acceleration":{"y":0,"x":0,"z":0},"position":{"y":4182671.44,"x":552543.53,"z":10.34},"volume":0.43,"type":"UNKNOWN","velocity":{"y":0,"x":0,"z":0}}]],"action_description":"NPC vehicle (BoxTruck) driving on the right lane","ev_state":[-333.926849365234,10.1238059997559,190.336074829102,0,0,0,12,-1,0.00145687651820481,90.0561370849609,-0.00488223927095532,8.203349760205185],"collision_probability":0}
 timestamp= 1619818560000 [RUN] Validate G1 Guard Condition: 
The ego vehicle E Detection.Collision == True.
 timestamp= 1619818560000 [RES] Global Validate result: 
false
 timestamp= 1619818560000 [RUN] Validate G2 Guard Condition: 
The ego vehicle E Detection.OffRoad == True.
 timestamp= 1619818560000 [RES] Global Validate result: 
false
 timestamp= 1619818560000 [RUN] Validate G3 Guard Condition: 
The ego vehicle E Detection.HardBrake == True.
 timestamp= 1619818561000 [RES] Global Validate result: 
false
 timestamp= 1619818561000 [RUN] Validate G4 Guard Condition: 
The ego vehicle E Detection.ArrivalTest == True.
 timestamp= 1619818561000 [RES] Global Validate result: 
false
 timestamp= 1619818561000 [RUN] Validate step: 
The test system VALIDATES THAT the Apollo A Status.GetControl is nearly equal to {"acceleration": -0.86, "throttle": 0.0, "steering_target": 0.36, "brake": 16.23, "steering_rate": 100.0, "speed": 8.27}
 timestamp= 1619818561000 [RES] Validate result: 
true
 timestamp= 1619818561000 [RUN] Generate steps
 timestamp= 1619818561000 [RUN] Validate step: 
The test system VALIDATES THAT the simulator S Status.GetEnvironment is nearly equal to {"x": -333.93, "y": 10.12, "z": 190.34, "rain": 0.0, "fog": 0.0, "wetness": 0.0, "timeofday": 12.0, "signal": -1.0, "rx": 0.0, "ry": 90.06, "rz": -0.0, "speed": 8.2}
 timestamp= 1619818561000 [RES] Validate result: 
true
 timestamp= 1619818561000 [RUN] Execute API step: 
The environment controller C INVOKES API Control.Agents.NPCVehicle.NPCVehicleSwitchLane(which_lane=Right_Lane&which_car=SUV).
 timestamp= 1619818565000 [RES] API result: 
{"pose_arr":[{"vx":0,"ay":1.59,"az":9.86,"ax":-0.03,"pz":10.12,"vy":0,"px":552539.2,"py":4182676.36},{"vx":-0.01,"ay":0.79,"az":9.82,"ax":-0.04,"pz":10.13,"vy":-0.01,"px":552543.13,"py":4182676.36},{"vx":-0.03,"ay":1.51,"az":9.82,"ax":0.03,"pz":10.13,"vy":-0.03,"px":552546.83,"py":4182676.35},{"vx":-0.02,"ay":1.61,"az":9.82,"ax":0,"pz":10.13,"vy":-0.02,"px":552549.87,"py":4182676.34},{"vx":-0.03,"ay":0.55,"az":9.8,"ax":0,"pz":10.13,"vy":-0.03,"px":552552.71,"py":4182676.33},{"vx":-0.04,"ay":-0.6,"az":9.8,"ax":0,"pz":10.12,"vy":-0.04,"px":552555.3,"py":4182676.31},{"vx":-0.06,"ay":0.59,"az":9.92,"ax":0.01,"pz":10.12,"vy":-0.06,"px":552558.81,"py":4182676.29},{"vx":-0.06,"ay":-0.6,"az":9.78,"ax":-0.01,"pz":10.13,"vy":-0.06,"px":552562.32,"py":4182676.26}],"traffic_light":[1,3,3,3,3,1,3,1],"state_arr":[{"acceleration":-1.92,"throttle":0,"steering_target":0.13,"brake":28.71,"steering_rate":100,"speed":8.2},{"acceleration":-0.93,"throttle":0,"steering_target":-0.5,"brake":17.61,"steering_rate":100,"speed":7.39},{"acceleration":-1.7,"throttle":0,"steering_target":0.05,"brake":26.41,"steering_rate":100,"speed":6.66},{"acceleration":-1.66,"throttle":0,"steering_target":-0.09,"brake":27.63,"steering_rate":100,"speed":5.98},{"acceleration":-0.42,"throttle":0,"steering_target":-0.31,"brake":14.5,"steering_rate":100,"speed":5.3},{"acceleration":0.67,"throttle":21.72,"steering_target":-0.2,"brake":0,"steering_rate":100,"speed":5.26},{"acceleration":0.27,"throttle":16.46,"steering_target":-0.15,"brake":0,"steering_rate":100,"speed":6.87},{"acceleration":-1.08,"throttle":0,"steering_target":-0.21,"brake":20.71,"steering_rate":100,"speed":6.85},{"acceleration":0.84,"throttle":22.99,"steering_target":-0.12,"brake":0,"steering_rate":100,"speed":6.63}],"obstacle_arr":[[{"acceleration":{"y":0,"x":0.01,"z":0},"position":{"y":4182678.37,"x":552502.98,"z":10.94},"volume":1.51,"type":"VEHICLE","velocity":{"y":0.07,"x":1.07,"z":0}}],[{"acceleration":{"y":0,"x":0,"z":0},"position":{"y":4182678.48,"x":552505.16,"z":10.91},"volume":1.08,"type":"VEHICLE","velocity":{"y":0.07,"x":1.07,"z":0}},{"acceleration":{"y":-0.01,"x":-0.03,"z":0},"position":{"y":4182667.97,"x":552558.44,"z":10.35},"volume":5.86,"type":"VEHICLE","velocity":{"y":0,"x":0,"z":0}}],[{"acceleration":{"y":0,"x":0,"z":0},"position":{"y":4182678.72,"x":552507.12,"z":10.88},"volume":1.17,"type":"VEHICLE","velocity":{"y":0,"x":0,"z":0}}],[{"acceleration":{"y":-0.01,"x":-0.12,"z":0},"position":{"y":4182678.67,"x":552510,"z":10.87},"volume":0.58,"type":"VEHICLE","velocity":{"y":0,"x":0,"z":0}},{"acceleration":{"y":0,"x":0,"z":0},"position":{"y":4182668.98,"x":552560.34,"z":10.34},"volume":6.22,"type":"VEHICLE","velocity":{"y":0,"x":0,"z":0}}],[{"acceleration":{"y":0,"x":-0.01,"z":0},"position":{"y":4182678.71,"x":552513.65,"z":10.89},"volume":0.22,"type":"VEHICLE","velocity":{"y":0,"x":0,"z":0}}],[{"acceleration":{"y":0,"x":0,"z":0},"position":{"y":4182678.76,"x":552516.2,"z":10.92},"volume":1.66,"type":"VEHICLE","velocity":{"y":0,"x":0,"z":0}}],[{"acceleration":{"y":0,"x":0,"z":0},"position":{"y":4182678.82,"x":552518.18,"z":10.67},"volume":7.98,"type":"VEHICLE","velocity":{"y":0,"x":0,"z":0}}],[{"acceleration":{"y":0,"x":0,"z":0},"position":{"y":4182678.54,"x":552521.41,"z":10.84},"volume":1.05,"type":"VEHICLE","velocity":{"y":0,"x":0,"z":0}}]],"action_description":"NPC vehicle (SUV) switching lane (right to left)","ev_state":[-308.211639404297,10.1241483688354,190.203018188477,0,0,0,12,-1,359.977478027344,90.5820617675781,0.00403638929128647,6.7734944006665145],"collision_probability":0}
 timestamp= 1619818565000 [RUN] Validate G1 Guard Condition: 
The ego vehicle E Detection.Collision == True.
 timestamp= 1619818565000 [RES] Global Validate result: 
false
 timestamp= 1619818565000 [RUN] Validate G2 Guard Condition: 
The ego vehicle E Detection.OffRoad == True.
 timestamp= 1619818565000 [RES] Global Validate result: 
false
 timestamp= 1619818565000 [RUN] Validate G3 Guard Condition: 
The ego vehicle E Detection.HardBrake == True.
 timestamp= 1619818565000 [RES] Global Validate result: 
false
 timestamp= 1619818565000 [RUN] Validate G4 Guard Condition: 
The ego vehicle E Detection.ArrivalTest == True.
 timestamp= 1619818565000 [RES] Global Validate result: 
false
 timestamp= 1619818565000 [RUN] Validate step: 
The test system VALIDATES THAT the Apollo A Status.GetControl is nearly equal to {"acceleration": 0.84, "throttle": 22.99, "steering_target": -0.12, "brake": 0.0, "steering_rate": 100.0, "speed": 6.63}
 timestamp= 1619818565000 [RES] Validate result: 
true
 timestamp= 1619818565000 [RUN] Generate steps
 timestamp= 1619818565000 [RUN] Validate step: 
The test system VALIDATES THAT the simulator S Status.GetEnvironment is nearly equal to {"x": -308.21, "y": 10.12, "z": 190.2, "rain": 0.0, "fog": 0.0, "wetness": 0.0, "timeofday": 12.0, "signal": -1.0, "rx": 359.98, "ry": 90.58, "rz": 0.0, "speed": 6.77}
 timestamp= 1619818565000 [RES] Validate result: 
true
 timestamp= 1619818565000 [RUN] Execute API step: 
The environment controller C INVOKES API Control.Agents.NPCVehicle.NPCVehicleMaintainLane(which_lane=Right_Lane&which_car=BoxTruck).
 timestamp= 1619818569000 [RES] API result: 
{"pose_arr":[{"vx":-0.07,"ay":-0.64,"az":9.82,"ax":-0.01,"pz":10.12,"vy":-0.07,"px":552564.56,"py":4182676.24},{"vx":-0.08,"ay":-0.51,"az":9.81,"ax":-0.01,"pz":10.12,"vy":-0.08,"px":552567.57,"py":4182676.2},{"vx":-0.1,"ay":-0.78,"az":9.8,"ax":-0.02,"pz":10.12,"vy":-0.1,"px":552570.84,"py":4182676.16},{"vx":-0.11,"ay":-0.73,"az":9.82,"ax":-0.01,"pz":10.12,"vy":-0.11,"px":552574.37,"py":4182676.12},{"vx":-0.11,"ay":-0.23,"az":9.82,"ax":0,"pz":10.12,"vy":-0.11,"px":552578.18,"py":4182676.06},{"vx":-0.1,"ay":0,"az":9.81,"ax":0,"pz":10.12,"vy":-0.1,"px":552582.86,"py":4182675.99},{"vx":-0.1,"ay":0,"az":9.81,"ax":0,"pz":10.12,"vy":-0.1,"px":552586.94,"py":4182675.94},{"vx":-0.08,"ay":-0.22,"az":9.83,"ax":0,"pz":10.12,"vy":-0.08,"px":552591.65,"py":4182675.89}],"traffic_light":[3,1,0,0,0,0,0],"state_arr":[{"acceleration":1.15,"throttle":15.7,"steering_target":-0.13,"brake":0,"steering_rate":100,"speed":6.77},{"acceleration":0.8,"throttle":15.7,"steering_target":-0.19,"brake":0,"steering_rate":100,"speed":6.92},{"acceleration":0.83,"throttle":15.7,"steering_target":-0.12,"brake":0,"steering_rate":100,"speed":7.26},{"acceleration":0.8,"throttle":15.7,"steering_target":-0.06,"brake":0,"steering_rate":100,"speed":7.55},{"acceleration":0.84,"throttle":15.7,"steering_target":0.12,"brake":0,"steering_rate":100,"speed":7.74},{"acceleration":0.61,"throttle":21.44,"steering_target":0.16,"brake":0,"steering_rate":100,"speed":8},{"acceleration":0.61,"throttle":15.7,"steering_target":0.14,"brake":0,"steering_rate":100,"speed":8.35},{"acceleration":0.07,"throttle":15.7,"steering_target":0.31,"brake":0,"steering_rate":100,"speed":8.47},{"acceleration":0.07,"throttle":15.7,"steering_target":0.02,"brake":0,"steering_rate":100,"speed":8.57}],"obstacle_arr":[[{"acceleration":{"y":0,"x":0,"z":0},"position":{"y":4182678.33,"x":552518.6,"z":10.81},"volume":68.15,"type":"VEHICLE","velocity":{"y":0,"x":0,"z":0}}],[{"acceleration":{"y":0,"x":0,"z":0},"position":{"y":4182678.98,"x":552526.54,"z":10.79},"volume":1.43,"type":"VEHICLE","velocity":{"y":0,"x":0,"z":0}}],[{"acceleration":{"y":0,"x":0,"z":0},"position":{"y":4182678.49,"x":552525.04,"z":10.75},"volume":51.22,"type":"VEHICLE","velocity":{"y":0,"x":0,"z":0}}],[{"acceleration":{"y":0,"x":0,"z":0},"position":{"y":4182678.57,"x":552528.92,"z":11.54},"volume":31.64,"type":"VEHICLE","velocity":{"y":0,"x":0,"z":0}}],[{"acceleration":{"y":0,"x":0.01,"z":0},"position":{"y":4182678.74,"x":552537.17,"z":11.66},"volume":0.25,"type":"VEHICLE","velocity":{"y":0,"x":0,"z":0}}],[],[],[]],"action_description":"NPC vehicle (BoxTruck) driving on the right lane","ev_state":[-277.228057861328,10.1237411499023,189.823883056641,0,0,0,12,-1,359.985076904297,90.4228439331055,359.987823486328,8.574869648123281],"collision_probability":0}
 timestamp= 1619818569000 [RUN] Validate G1 Guard Condition: 
The ego vehicle E Detection.Collision == True.
 timestamp= 1619818569000 [RES] Global Validate result: 
false
 timestamp= 1619818569000 [RUN] Validate G2 Guard Condition: 
The ego vehicle E Detection.OffRoad == True.
 timestamp= 1619818569000 [RES] Global Validate result: 
false
 timestamp= 1619818569000 [RUN] Validate G3 Guard Condition: 
The ego vehicle E Detection.HardBrake == True.
 timestamp= 1619818569000 [RES] Global Validate result: 
false
 timestamp= 1619818569000 [RUN] Validate G4 Guard Condition: 
The ego vehicle E Detection.ArrivalTest == True.
 timestamp= 1619818569000 [RES] Global Validate result: 
false
 timestamp= 1619818569000 [RUN] Validate step: 
The test system VALIDATES THAT the Apollo A Status.GetControl is nearly equal to {"acceleration": 0.07, "throttle": 15.7, "steering_target": 0.02, "brake": 0.0, "steering_rate": 100.0, "speed": 8.57}
 timestamp= 1619818569000 [RES] Validate result: 
true
 timestamp= 1619818569000 [RUN] Generate steps
 timestamp= 1619818569000 [RUN] Validate step: 
The test system VALIDATES THAT the simulator S Status.GetEnvironment is nearly equal to {"x": -277.23, "y": 10.12, "z": 189.82, "rain": 0.0, "fog": 0.0, "wetness": 0.0, "timeofday": 12.0, "signal": -1.0, "rx": 359.99, "ry": 90.42, "rz": 359.99, "speed": 8.57}
 timestamp= 1619818569000 [RES] Validate result: 
true
 timestamp= 1619818569000 [RUN] Execute API step: 
The environment controller C INVOKES API Control.Agents.NPCVehicle.NPCVehicleMaintainLane(which_lane=Right_Lane&which_car=BoxTruck).
 timestamp= 1619818574000 [RES] API result: 
{"pose_arr":[{"vx":-0.06,"ay":-0.22,"az":9.81,"ax":-0.01,"pz":10.12,"vy":-0.06,"px":552594.55,"py":4182675.86},{"vx":-0.06,"ay":-0.32,"az":9.81,"ax":0,"pz":10.12,"vy":-0.06,"px":552599.12,"py":4182675.83},{"vx":0.05,"ay":-0.2,"az":9.81,"ax":0.38,"pz":10.12,"vy":0.05,"px":552603.25,"py":4182675.8},{"vx":0.66,"ay":-0.28,"az":9.81,"ax":-0.79,"pz":10.12,"vy":0.66,"px":552607.56,"py":4182675.88},{"vx":0.14,"ay":0.35,"az":9.8,"ax":0.67,"pz":10.12,"vy":0.14,"px":552612.24,"py":4182676.19},{"vx":0.84,"ay":-0.35,"az":9.81,"ax":-1.19,"pz":10.12,"vy":0.84,"px":552617.95,"py":4182676.35},{"vx":0.7,"ay":-0.13,"az":9.81,"ax":-0.05,"pz":10.12,"vy":0.7,"px":552622.81,"py":4182676.85},{"vx":0.45,"ay":-0.15,"az":9.8,"ax":-0.15,"pz":10.12,"vy":0.45,"px":552628.37,"py":4182677.13}],"traffic_light":[1,1,0,0,1,1,0],"state_arr":[{"acceleration":0.16,"throttle":15.7,"steering_target":0.01,"brake":0,"steering_rate":100,"speed":8.7},{"acceleration":0.3,"throttle":15.7,"steering_target":6.47,"brake":0,"steering_rate":100,"speed":8.82},{"acceleration":-0.15,"throttle":0,"steering_target":1.43,"brake":14.5,"steering_rate":100,"speed":8.9},{"acceleration":0.03,"throttle":15.7,"steering_target":-6.01,"brake":0,"steering_rate":100,"speed":8.86},{"acceleration":0.06,"throttle":15.7,"steering_target":10.95,"brake":0,"steering_rate":100,"speed":8.86},{"acceleration":0.04,"throttle":15.7,"steering_target":-7.77,"brake":0,"steering_rate":100,"speed":8.88},{"acceleration":-0.08,"throttle":0,"steering_target":-1.52,"brake":14.5,"steering_rate":100,"speed":8.83},{"acceleration":-0.06,"throttle":0,"steering_target":8.72,"brake":14.5,"steering_rate":100,"speed":8.86}],"obstacle_arr":[[],[{"acceleration":{"y":0,"x":0,"z":0},"position":{"y":4182668.05,"x":552596.38,"z":10.34},"volume":125.41,"type":"VEHICLE","velocity":{"y":0.2,"x":0.96,"z":0}}],[{"acceleration":{"y":-0.12,"x":1.08,"z":0},"position":{"y":4182668.15,"x":552597.26,"z":10.28},"volume":113.57,"type":"VEHICLE","velocity":{"y":0.09,"x":1.6,"z":0}}],[{"acceleration":{"y":0.18,"x":0.58,"z":0},"position":{"y":4182667.78,"x":552599.59,"z":10.3},"volume":89.96,"type":"VEHICLE","velocity":{"y":0.24,"x":1.91,"z":0}}],[{"acceleration":{"y":0.18,"x":0.49,"z":0},"position":{"y":4182669.16,"x":552601.03,"z":10.31},"volume":127.78,"type":"VEHICLE","velocity":{"y":0.38,"x":2.25,"z":0}}],[{"acceleration":{"y":0.41,"x":2.08,"z":0},"position":{"y":4182668.76,"x":552604.98,"z":10.29},"volume":97.34,"type":"VEHICLE","velocity":{"y":0.52,"x":3.53,"z":0}}],[],[]],"action_description":"NPC vehicle (BoxTruck) driving on the right lane","ev_state":[-241.935577392578,10.1237306594849,191.372451782227,0,0,0,12,-1,0.00955535471439362,83.6279525756836,359.469116210938,8.773622524688438],"collision_probability":0}
 timestamp= 1619818574000 [RUN] Validate G1 Guard Condition: 
The ego vehicle E Detection.Collision == True.
 timestamp= 1619818574000 [RES] Global Validate result: 
false
 timestamp= 1619818574000 [RUN] Validate G2 Guard Condition: 
The ego vehicle E Detection.OffRoad == True.
 timestamp= 1619818574000 [RES] Global Validate result: 
false
 timestamp= 1619818574000 [RUN] Validate G3 Guard Condition: 
The ego vehicle E Detection.HardBrake == True.
 timestamp= 1619818574000 [RES] Global Validate result: 
false
 timestamp= 1619818574000 [RUN] Validate G4 Guard Condition: 
The ego vehicle E Detection.ArrivalTest == True.
 timestamp= 1619818574000 [RES] Global Validate result: 
false
 timestamp= 1619818574000 [RUN] Validate step: 
The test system VALIDATES THAT the Apollo A Status.GetControl is nearly equal to {"acceleration": -0.06, "throttle": 0.0, "steering_target": 8.72, "brake": 14.5, "steering_rate": 100.0, "speed": 8.86}
 timestamp= 1619818574000 [RES] Validate result: 
true
 timestamp= 1619818574000 [RUN] Generate steps
 timestamp= 1619818574000 [RUN] Validate step: 
The test system VALIDATES THAT the simulator S Status.GetEnvironment is nearly equal to {"x": -241.94, "y": 10.12, "z": 191.37, "rain": 0.0, "fog": 0.0, "wetness": 0.0, "timeofday": 12.0, "signal": -1.0, "rx": 0.01, "ry": 83.63, "rz": 359.47, "speed": 8.77}
 timestamp= 1619818574000 [RES] Validate result: 
true
 timestamp= 1619818574000 [RUN] Execute API step: 
The environment controller C INVOKES API Control.Agents.NPCVehicle.NPCVehicleMaintainLane(which_lane=Right_Lane&which_car=BoxTruck).
 timestamp= 1619818578000 [RES] API result: 
{"pose_arr":[{"vx":1.15,"ay":0.21,"az":9.86,"ax":-1.76,"pz":10.12,"vy":1.15,"px":552630.84,"py":4182677.25},{"vx":0.43,"ay":-0.36,"az":9.8,"ax":0.57,"pz":10.12,"vy":0.43,"px":552634.17,"py":4182677.6},{"vx":0.65,"ay":0.07,"az":9.81,"ax":-2.82,"pz":10.12,"vy":0.65,"px":552639.04,"py":4182677.83},{"vx":0.08,"ay":-0.15,"az":9.81,"ax":-0.32,"pz":10.12,"vy":0.08,"px":552643.35,"py":4182678.07},{"vx":0.29,"ay":0.69,"az":9.83,"ax":0.05,"pz":10.12,"vy":0.29,"px":552647.52,"py":4182678.11},{"vx":0.59,"ay":-0.23,"az":9.8,"ax":-0.95,"pz":10.12,"vy":0.59,"px":552652.61,"py":4182678.35},{"vx":-0.11,"ay":-0.2,"az":9.81,"ax":0.38,"pz":10.12,"vy":-0.11,"px":552656.53,"py":4182678.55},{"vx":0.53,"ay":0.43,"az":9.8,"ax":0.15,"pz":10.12,"vy":0.53,"px":552661.86,"py":4182678.52},{"vx":0.24,"ay":0.36,"az":9.81,"ax":-0.2,"pz":10.12,"vy":0.24,"px":552666.37,"py":4182678.75}],"traffic_light":[0,3,0,1,1,0,1],"state_arr":[{"acceleration":0.47,"throttle":18.62,"steering_target":-9.04,"brake":0,"steering_rate":100,"speed":8.77},{"acceleration":0.45,"throttle":18.34,"steering_target":2.81,"brake":0,"steering_rate":100,"speed":8.91},{"acceleration":0.05,"throttle":15.7,"steering_target":-7.72,"brake":0,"steering_rate":100,"speed":8.99},{"acceleration":0.01,"throttle":15.7,"steering_target":3.52,"brake":0,"steering_rate":100,"speed":9.04},{"acceleration":0.17,"throttle":15.7,"steering_target":3.44,"brake":0,"steering_rate":100,"speed":8.92},{"acceleration":0,"throttle":15.7,"steering_target":-10.15,"brake":0,"steering_rate":100,"speed":9},{"acceleration":0.03,"throttle":15.7,"steering_target":7.45,"brake":0,"steering_rate":100,"speed":9.06},{"acceleration":-0.11,"throttle":0,"steering_target":-2.85,"brake":14.5,"steering_rate":100,"speed":9},{"acceleration":-0.19,"throttle":0,"steering_target":-2.02,"brake":14.5,"steering_rate":100,"speed":9.06}],"obstacle_arr":[[{"acceleration":{"y":0.17,"x":0.51,"z":0},"position":{"y":4182669.03,"x":552613,"z":10.32},"volume":74.5,"type":"VEHICLE","velocity":{"y":0.76,"x":5.61,"z":0}}],[{"acceleration":{"y":-0.48,"x":0.82,"z":0},"position":{"y":4182670.85,"x":552616.19,"z":10.29},"volume":80.8,"type":"VEHICLE","velocity":{"y":0.65,"x":6.06,"z":0}},{"acceleration":{"y":0,"x":0,"z":0},"position":{"y":4182669.72,"x":552632.78,"z":10.34},"volume":136.39,"type":"VEHICLE","velocity":{"y":0,"x":0,"z":0}}],[{"acceleration":{"y":0,"x":-0.01,"z":0},"position":{"y":4182669.62,"x":552633.43,"z":10.3},"volume":123.03,"type":"VEHICLE","velocity":{"y":0.31,"x":1.37,"z":0}}],[{"acceleration":{"y":-0.02,"x":-0.04,"z":0},"position":{"y":4182670.1,"x":552634.89,"z":10.33},"volume":136.33,"type":"VEHICLE","velocity":{"y":0.29,"x":1.37,"z":0}}],[{"acceleration":{"y":-0.21,"x":0.82,"z":0},"position":{"y":4182670.12,"x":552638.73,"z":10.3},"volume":150.52,"type":"VEHICLE","velocity":{"y":0.16,"x":2.07,"z":0}},{"acceleration":{"y":0.01,"x":0.03,"z":0},"position":{"y":4182671.67,"x":552625.09,"z":10.3},"volume":81.81,"type":"VEHICLE","velocity":{"y":0.72,"x":4.93,"z":0}}],[{"acceleration":{"y":-0.19,"x":1.41,"z":0},"position":{"y":4182669.34,"x":552637.83,"z":10.36},"volume":83.84,"type":"VEHICLE","velocity":{"y":0.09,"x":2.73,"z":0}}],[],[]],"action_description":"NPC vehicle (BoxTruck) driving on the right lane","ev_state":[-206.037979125977,10.1235818862915,192.781539916992,0,0,0,12,-1,359.989044189453,88.2708358764648,0.152640134096146,9.057121423783027],"collision_probability":0}
 timestamp= 1619818578000 [RUN] Validate G1 Guard Condition: 
The ego vehicle E Detection.Collision == True.
 timestamp= 1619818578000 [RES] Global Validate result: 
false
 timestamp= 1619818578000 [RUN] Validate G2 Guard Condition: 
The ego vehicle E Detection.OffRoad == True.
 timestamp= 1619818578000 [RES] Global Validate result: 
false
 timestamp= 1619818578000 [RUN] Validate G3 Guard Condition: 
The ego vehicle E Detection.HardBrake == True.
 timestamp= 1619818578000 [RES] Global Validate result: 
false
 timestamp= 1619818578000 [RUN] Validate G4 Guard Condition: 
The ego vehicle E Detection.ArrivalTest == True.
 timestamp= 1619818578000 [RES] Global Validate result: 
false
 timestamp= 1619818578000 [RUN] Validate step: 
The test system VALIDATES THAT the Apollo A Status.GetControl is nearly equal to {"acceleration": -0.19, "throttle": 0.0, "steering_target": -2.02, "brake": 14.5, "steering_rate": 100.0, "speed": 9.06}
 timestamp= 1619818578000 [RES] Validate result: 
true
 timestamp= 1619818578000 [RUN] Generate steps
 timestamp= 1619818578000 [RUN] Validate step: 
The test system VALIDATES THAT the simulator S Status.GetEnvironment is nearly equal to {"x": -206.04, "y": 10.12, "z": 192.78, "rain": 0.0, "fog": 0.0, "wetness": 0.0, "timeofday": 12.0, "signal": -1.0, "rx": 359.99, "ry": 88.27, "rz": 0.15, "speed": 9.06}
 timestamp= 1619818578000 [RES] Validate result: 
true
 timestamp= 1619818578000 [RUN] Execute API step: 
The environment controller C INVOKES API Control.Agents.NPCVehicle.NPCVehicleMaintainLane(which_lane=Right_Lane&which_car=BoxTruck).
 timestamp= 1619818583000 [RES] API result: 
{"pose_arr":[{"vx":0.19,"ay":-0.21,"az":9.8,"ax":-0.03,"pz":10.12,"vy":0.19,"px":552670.1,"py":4182678.85},{"vx":0.27,"ay":-0.21,"az":9.81,"ax":-0.09,"pz":10.12,"vy":0.27,"px":552674.5,"py":4182678.95},{"vx":0.15,"ay":0.64,"az":9.83,"ax":-0.07,"pz":10.12,"vy":0.15,"px":552679.49,"py":4182679.09},{"vx":0.19,"ay":0.63,"az":9.81,"ax":-0.01,"pz":10.12,"vy":0.19,"px":552684.69,"py":4182679.17},{"vx":0.15,"ay":0.62,"az":9.81,"ax":-0.03,"pz":10.12,"vy":0.15,"px":552688.44,"py":4182679.25},{"vx":0.11,"ay":0.62,"az":9.81,"ax":0.14,"pz":10.12,"vy":0.11,"px":552692.66,"py":4182679.32},{"vx":0.14,"ay":0.74,"az":9.81,"ax":-0.32,"pz":10.12,"vy":0.14,"px":552696.96,"py":4182679.38},{"vx":0.03,"ay":1.1,"az":9.81,"ax":0.08,"pz":10.13,"vy":0.03,"px":552700.75,"py":4182679.43}],"traffic_light":[1,1,3,3,3,3,3],"state_arr":[{"acceleration":0.24,"throttle":15.7,"steering_target":1.23,"brake":0,"steering_rate":100,"speed":9.08},{"acceleration":0.08,"throttle":15.7,"steering_target":0.3,"brake":0,"steering_rate":100,"speed":9.18},{"acceleration":-0.21,"throttle":0,"steering_target":-1.98,"brake":14.5,"steering_rate":100,"speed":9.25},{"acceleration":-0.07,"throttle":0,"steering_target":1.35,"brake":14.5,"steering_rate":100,"speed":9.14},{"acceleration":-0.56,"throttle":0,"steering_target":-0.53,"brake":14.5,"steering_rate":100,"speed":8.86},{"acceleration":-0.45,"throttle":0,"steering_target":-0.36,"brake":14.5,"steering_rate":100,"speed":8.54},{"acceleration":-0.51,"throttle":0,"steering_target":0.61,"brake":14.5,"steering_rate":100,"speed":8.23},{"acceleration":-0.72,"throttle":0,"steering_target":-1.66,"brake":27.42,"steering_rate":100,"speed":7.89},{"acceleration":-0.43,"throttle":0,"steering_target":-0.56,"brake":14.5,"steering_rate":100,"speed":7.39}],"obstacle_arr":[[],[{"acceleration":{"y":0,"x":0,"z":0},"position":{"y":4182671.31,"x":552668.86,"z":10.13},"volume":83.91,"type":"VEHICLE","velocity":{"y":0,"x":0,"z":0}}],[{"acceleration":{"y":-0.01,"x":0,"z":0},"position":{"y":4182670.24,"x":552669.36,"z":10.12},"volume":161.13,"type":"VEHICLE","velocity":{"y":0,"x":0,"z":0}}],[{"acceleration":{"y":0,"x":0,"z":0},"position":{"y":4182670.49,"x":552670.47,"z":10.12},"volume":141.4,"type":"VEHICLE","velocity":{"y":0,"x":0,"z":0}},{"acceleration":{"y":0.01,"x":-0.02,"z":0},"position":{"y":4182674.1,"x":552644.04,"z":10.07},"volume":124.82,"type":"VEHICLE","velocity":{"y":0,"x":0,"z":0}}],[{"acceleration":{"y":0,"x":0,"z":0},"position":{"y":4182671.91,"x":552670.37,"z":10.11},"volume":125.89,"type":"VEHICLE","velocity":{"y":0,"x":0,"z":0}}],[{"acceleration":{"y":2.27,"x":0.59,"z":0},"position":{"y":4182674.31,"x":552671.22,"z":10.12},"volume":138.52,"type":"VEHICLE","velocity":{"y":1.5,"x":0.44,"z":0}}],[{"acceleration":{"y":0.45,"x":2.02,"z":0},"position":{"y":4182674.8,"x":552673.23,"z":10.11},"volume":114.1,"type":"VEHICLE","velocity":{"y":1.46,"x":1.72,"z":0}}],[{"acceleration":{"y":-0.61,"x":2.86,"z":0},"position":{"y":4182676.11,"x":552675.65,"z":10.8},"volume":48.14,"type":"VEHICLE","velocity":{"y":1.36,"x":3.39,"z":0}}]],"action_description":"NPC vehicle (BoxTruck) driving on the right lane","ev_state":[-171.407577514648,10.1239986419678,193.422973632813,0,0,0,12,1,0.0631584227085114,89.7110900878906,0.0466568097472191,7.301985551850596],"collision_probability":0}
 timestamp= 1619818583000 [RUN] Validate G1 Guard Condition: 
The ego vehicle E Detection.Collision == True.
 timestamp= 1619818583000 [RES] Global Validate result: 
false
 timestamp= 1619818583000 [RUN] Validate G2 Guard Condition: 
The ego vehicle E Detection.OffRoad == True.
 timestamp= 1619818583000 [RES] Global Validate result: 
false
 timestamp= 1619818583000 [RUN] Validate G3 Guard Condition: 
The ego vehicle E Detection.HardBrake == True.
 timestamp= 1619818583000 [RES] Global Validate result: 
false
 timestamp= 1619818583000 [RUN] Validate G4 Guard Condition: 
The ego vehicle E Detection.ArrivalTest == True.
 timestamp= 1619818583000 [RES] Global Validate result: 
false
 timestamp= 1619818583000 [RUN] Validate step: 
The test system VALIDATES THAT the Apollo A Status.GetControl is nearly equal to {"acceleration": -0.43, "throttle": 0.0, "steering_target": -0.56, "brake": 14.5, "steering_rate": 100.0, "speed": 7.39}
 timestamp= 1619818583000 [RES] Validate result: 
true
 timestamp= 1619818583000 [RUN] Generate steps
 timestamp= 1619818583000 [RUN] Validate step: 
The test system VALIDATES THAT the simulator S Status.GetEnvironment is nearly equal to {"x": -171.41, "y": 10.12, "z": 193.42, "rain": 0.0, "fog": 0.0, "wetness": 0.0, "timeofday": 12.0, "signal": 1.0, "rx": 0.06, "ry": 89.71, "rz": 0.05, "speed": 7.3}
 timestamp= 1619818583000 [RES] Validate result: 
true
 timestamp= 1619818583000 [RUN] Execute API step: 
The environment controller C INVOKES API Control.Agents.NPCVehicle.NPCVehicleMaintainLane(which_lane=Right_Lane&which_car=BoxTruck).
 timestamp= 1619818588000 [RES] API result: 
{"pose_arr":[{"vx":0.06,"ay":0.59,"az":9.8,"ax":-0.01,"pz":10.13,"vy":0.06,"px":552702.49,"py":4182679.44},{"vx":0.06,"ay":0.58,"az":9.81,"ax":-0.01,"pz":10.12,"vy":0.06,"px":552706.08,"py":4182679.48},{"vx":0.01,"ay":0.64,"az":9.82,"ax":0.13,"pz":10.13,"vy":0.01,"px":552708.8,"py":4182679.5},{"vx":0.05,"ay":0.7,"az":9.82,"ax":-0.02,"pz":10.13,"vy":0.05,"px":552712.12,"py":4182679.51},{"vx":0.05,"ay":1.7,"az":9.84,"ax":-0.09,"pz":10.13,"vy":0.05,"px":552714.81,"py":4182679.53},{"vx":0.03,"ay":0.54,"az":9.8,"ax":0.12,"pz":10.13,"vy":0.03,"px":552717.2,"py":4182679.55},{"vx":0.06,"ay":0,"az":9.81,"ax":0,"pz":10.13,"vy":0.06,"px":552719.44,"py":4182679.57},{"vx":0.04,"ay":0.53,"az":9.81,"ax":-0.03,"pz":10.13,"vy":0.04,"px":552721.44,"py":4182679.59},{"vx":0.03,"ay":0.65,"az":9.81,"ax":0,"pz":10.13,"vy":0.03,"px":552723.52,"py":4182679.61}],"traffic_light":[3,3,3,3,3,3,3,3],"state_arr":[{"acceleration":-0.33,"throttle":0,"steering_target":1.5,"brake":14.5,"steering_rate":100,"speed":7.23},{"acceleration":-0.53,"throttle":0,"steering_target":-1.68,"brake":14.5,"steering_rate":100,"speed":6.99},{"acceleration":-0.64,"throttle":0,"steering_target":0.47,"brake":15.11,"steering_rate":100,"speed":6.62},{"acceleration":-0.77,"throttle":0,"steering_target":0.72,"brake":16.9,"steering_rate":100,"speed":6.28},{"acceleration":-0.79,"throttle":0,"steering_target":-0.35,"brake":20.61,"steering_rate":100,"speed":5.91},{"acceleration":-0.16,"throttle":0,"steering_target":0.33,"brake":14.5,"steering_rate":100,"speed":4.9},{"acceleration":-0.27,"throttle":0,"steering_target":0.75,"brake":14.5,"steering_rate":100,"speed":4.8},{"acceleration":-0.4,"throttle":0,"steering_target":-0.31,"brake":14.5,"steering_rate":100,"speed":4.53},{"acceleration":-0.65,"throttle":0,"steering_target":-0.35,"brake":15.76,"steering_rate":100,"speed":4.32},{"acceleration":-0.86,"throttle":0,"steering_target":-0.07,"brake":19.11,"steering_rate":100,"speed":4.01}],"obstacle_arr":[[{"acceleration":{"y":-0.89,"x":2.45,"z":0},"position":{"y":4182676.5,"x":552678.67,"z":10.63},"volume":53.2,"type":"VEHICLE","velocity":{"y":1.06,"x":4.37,"z":0}}],[{"acceleration":{"y":-0.82,"x":2.15,"z":0},"position":{"y":4182676.87,"x":552682.42,"z":10.37},"volume":16.3,"type":"VEHICLE","velocity":{"y":0.58,"x":5.61,"z":0}},{"acceleration":{"y":0,"x":0,"z":0},"position":{"y":4182678.27,"x":552663.63,"z":10.77},"volume":0.58,"type":"VEHICLE","velocity":{"y":0,"x":0,"z":0}}],[{"acceleration":{"y":-0.53,"x":1.84,"z":0},"position":{"y":4182676.92,"x":552684.5,"z":10.96},"volume":0.49,"type":"VEHICLE","velocity":{"y":0.04,"x":7.19,"z":0}},{"acceleration":{"y":0,"x":0,"z":0},"position":{"y":4182678.46,"x":552665.85,"z":10.79},"volume":0.72,"type":"VEHICLE","velocity":{"y":0,"x":0,"z":0}},{"acceleration":{"y":0.01,"x":0.02,"z":0},"position":{"y":4182671.72,"x":552702.71,"z":10.12},"volume":141.17,"type":"VEHICLE","velocity":{"y":0.53,"x":1.63,"z":0}}],[{"acceleration":{"y":-0.43,"x":1.24,"z":0},"position":{"y":4182677.12,"x":552686.58,"z":10.85},"volume":0.13,"type":"VEHICLE","velocity":{"y":-0.26,"x":8.16,"z":0}},{"acceleration":{"y":0,"x":0,"z":0},"position":{"y":4182679.02,"x":552668.82,"z":10.72},"volume":1.76,"type":"VEHICLE","velocity":{"y":0,"x":0,"z":0}},{"acceleration":{"y":0.01,"x":0.15,"z":0},"position":{"y":4182672.18,"x":552706.04,"z":10.11},"volume":109.98,"type":"VEHICLE","velocity":{"y":0.59,"x":3.93,"z":0}}],[{"acceleration":{"y":-0.33,"x":0.77,"z":0},"position":{"y":4182677.17,"x":552688.83,"z":10.77},"volume":1,"type":"VEHICLE","velocity":{"y":0.24,"x":3.23,"z":0}},{"acceleration":{"y":0,"x":0,"z":0},"position":{"y":4182679.24,"x":552671.7,"z":10.68},"volume":2.25,"type":"VEHICLE","velocity":{"y":0,"x":0,"z":0}},{"acceleration":{"y":0.61,"x":2.06,"z":0},"position":{"y":4182672.61,"x":552707.32,"z":10.09},"volume":123.8,"type":"VEHICLE","velocity":{"y":1.07,"x":4.83,"z":0}}],[{"acceleration":{"y":-0.04,"x":0.85,"z":0},"position":{"y":4182677.3,"x":552691.45,"z":10.82},"volume":0.77,"type":"VEHICLE","velocity":{"y":0.3,"x":3.75,"z":0}},{"acceleration":{"y":0,"x":0,"z":0},"position":{"y":4182679.04,"x":552673.98,"z":10.75},"volume":0.39,"type":"VEHICLE","velocity":{"y":0,"x":0,"z":0}},{"acceleration":{"y":0.68,"x":2.94,"z":0},"position":{"y":4182673.01,"x":552709.98,"z":10.11},"volume":127.11,"type":"VEHICLE","velocity":{"y":1.36,"x":6.5,"z":0}}],[{"acceleration":{"y":1.82,"x":-0.64,"z":0},"position":{"y":4182675.41,"x":552694.32,"z":10.11},"volume":78.74,"type":"VEHICLE","velocity":{"y":0.77,"x":3.75,"z":0}},{"acceleration":{"y":0,"x":0,"z":0},"position":{"y":4182679.23,"x":552675.45,"z":10.68},"volume":0.11,"type":"VEHICLE","velocity":{"y":0,"x":0,"z":0}},{"acceleration":{"y":0.15,"x":1.73,"z":0},"position":{"y":4182673.38,"x":552712.54,"z":10.11},"volume":139.73,"type":"VEHICLE","velocity":{"y":1.35,"x":7.35,"z":0}}],[{"acceleration":{"y":0.67,"x":-0.17,"z":0},"position":{"y":4182677.56,"x":552697.33,"z":10.88},"volume":1.39,"type":"VEHICLE","velocity":{"y":1.46,"x":3.5,"z":0}},{"acceleration":{"y":0,"x":0,"z":0},"position":{"y":4182679.28,"x":552676.61,"z":11.67},"volume":0.04,"type":"VEHICLE","velocity":{"y":0,"x":0,"z":0}},{"acceleration":{"y":-0.91,"x":-0.08,"z":0},"position":{"y":4182674.05,"x":552714.96,"z":10.12},"volume":121.38,"type":"VEHICLE","velocity":{"y":0.82,"x":7.09,"z":0}}]],"action_description":"NPC vehicle (BoxTruck) driving on the right lane","ev_state":[-148.891479492188,10.1245718002319,193.60383605957,0,0,0,12,1,0.0372999645769596,89.5390777587891,0.00309765455313027,4.009787035881896],"collision_probability":0}
 timestamp= 1619818588000 [RUN] Validate G1 Guard Condition: 
The ego vehicle E Detection.Collision == True.
 timestamp= 1619818588000 [RES] Global Validate result: 
false
 timestamp= 1619818588000 [RUN] Validate G2 Guard Condition: 
The ego vehicle E Detection.OffRoad == True.
 timestamp= 1619818588000 [RES] Global Validate result: 
false
 timestamp= 1619818588000 [RUN] Validate G3 Guard Condition: 
The ego vehicle E Detection.HardBrake == True.
 timestamp= 1619818588000 [RES] Global Validate result: 
false
 timestamp= 1619818588000 [RUN] Validate G4 Guard Condition: 
The ego vehicle E Detection.ArrivalTest == True.
 timestamp= 1619818588000 [RES] Global Validate result: 
false
 timestamp= 1619818588000 [RUN] Validate step: 
The test system VALIDATES THAT the Apollo A Status.GetControl is nearly equal to {"acceleration": -0.86, "throttle": 0.0, "steering_target": -0.07, "brake": 19.11, "steering_rate": 100.0, "speed": 4.01}
 timestamp= 1619818588000 [RES] Validate result: 
true
 timestamp= 1619818588000 [RUN] Generate steps
 timestamp= 1619818588000 [RUN] Validate step: 
The test system VALIDATES THAT the simulator S Status.GetEnvironment is nearly equal to {"x": -148.89, "y": 10.12, "z": 193.6, "rain": 0.0, "fog": 0.0, "wetness": 0.0, "timeofday": 12.0, "signal": 1.0, "rx": 0.04, "ry": 89.54, "rz": 0.0, "speed": 4.01}
 timestamp= 1619818588000 [RES] Validate result: 
true
 timestamp= 1619818588000 [RUN] Execute API step: 
The environment controller C INVOKES API Control.Agents.NPCVehicle.NPCVehicleMaintainLane(which_lane=Right_Lane&which_car=BoxTruck).
 timestamp= 1619818593000 [RES] API result: 
{"pose_arr":[{"vx":0.03,"ay":0.99,"az":9.81,"ax":0,"pz":10.13,"vy":0.03,"px":552725,"py":4182679.62},{"vx":0.02,"ay":2.18,"az":9.82,"ax":-0.02,"pz":10.13,"vy":0.02,"px":552726.34,"py":4182679.63},{"vx":0.02,"ay":0.57,"az":9.8,"ax":0,"pz":10.13,"vy":0.02,"px":552727.39,"py":4182679.64},{"vx":0.01,"ay":0.56,"az":9.81,"ax":0,"pz":10.13,"vy":0.01,"px":552728.35,"py":4182679.65},{"vx":0.01,"ay":0.64,"az":9.81,"ax":0,"pz":10.13,"vy":0.01,"px":552729.04,"py":4182679.65},{"vx":0.01,"ay":0.51,"az":9.81,"ax":0,"pz":10.13,"vy":0.01,"px":552730.18,"py":4182679.66},{"vx":0.01,"ay":0.54,"az":9.81,"ax":0,"pz":10.13,"vy":0.01,"px":552730.92,"py":4182679.67},{"vx":0.01,"ay":0.54,"az":9.81,"ax":0,"pz":10.13,"vy":0.01,"px":552731.51,"py":4182679.67},{"vx":0.01,"ay":0.54,"az":9.81,"ax":0,"pz":10.13,"vy":0.01,"px":552731.85,"py":4182679.67}],"traffic_light":[3,3,3,3,3,3,3,3],"state_arr":[{"acceleration":-1.11,"throttle":0,"steering_target":-0.04,"brake":21.78,"steering_rate":100,"speed":3.91},{"acceleration":-2.45,"throttle":0,"steering_target":-0.08,"brake":44.91,"steering_rate":100,"speed":3.53},{"acceleration":-0.57,"throttle":0,"steering_target":-0.09,"brake":14.85,"steering_rate":100,"speed":2.5},{"acceleration":-0.6,"throttle":0,"steering_target":-0.1,"brake":15.57,"steering_rate":100,"speed":2.21},{"acceleration":-0.53,"throttle":0,"steering_target":-0.04,"brake":14.5,"steering_rate":100,"speed":1.98},{"acceleration":-0.58,"throttle":0,"steering_target":-0.04,"brake":15.19,"steering_rate":100,"speed":1.81},{"acceleration":-0.59,"throttle":0,"steering_target":-0.07,"brake":15.4,"steering_rate":100,"speed":1.62},{"acceleration":-0.59,"throttle":0,"steering_target":-0.09,"brake":15.51,"steering_rate":100,"speed":1.36},{"acceleration":-0.58,"throttle":0,"steering_target":-0.11,"brake":15.31,"steering_rate":100,"speed":1.08},{"acceleration":-0.54,"throttle":0,"steering_target":-0.11,"brake":14.84,"steering_rate":100,"speed":0.84}],"obstacle_arr":[[{"acceleration":{"y":0.1,"x":-0.06,"z":0},"position":{"y":4182676.2,"x":552697.05,"z":10.94},"volume":101.54,"type":"VEHICLE","velocity":{"y":1.62,"x":3.46,"z":0}},{"acceleration":{"y":0,"x":0,"z":0},"position":{"y":4182679.79,"x":552678.41,"z":11.66},"volume":0,"type":"VEHICLE","velocity":{"y":0,"x":0,"z":0}},{"acceleration":{"y":-0.28,"x":-2.59,"z":0},"position":{"y":4182674.3,"x":552718.31,"z":10.11},"volume":153.53,"type":"VEHICLE","velocity":{"y":0.67,"x":5.48,"z":0}}],[{"acceleration":{"y":0.05,"x":-0.43,"z":0},"position":{"y":4182677.73,"x":552700.95,"z":10.36},"volume":4.42,"type":"VEHICLE","velocity":{"y":1.67,"x":3.32,"z":0}},{"acceleration":{"y":0,"x":0,"z":0},"position":{"y":4182679.4,"x":552679.04,"z":10.63},"volume":0.41,"type":"VEHICLE","velocity":{"y":0,"x":0,"z":0}},{"acceleration":{"y":-0.33,"x":-2.75,"z":0},"position":{"y":4182675.22,"x":552719.12,"z":10.4},"volume":88.05,"type":"VEHICLE","velocity":{"y":0.5,"x":3.9,"z":0}},{"acceleration":{"y":0,"x":0,"z":0},"position":{"y":4182677.57,"x":552699.02,"z":13.17},"volume":0.3,"type":"UNKNOWN","velocity":{"y":0,"x":0,"z":0}}],[{"acceleration":{"y":-0.07,"x":-0.78,"z":0},"position":{"y":4182675.27,"x":552699.2,"z":10.37},"volume":235.76,"type":"VEHICLE","velocity":{"y":0.09,"x":1.17,"z":0}},{"acceleration":{"y":0.19,"x":-1.76,"z":0},"position":{"y":4182675.6,"x":552722.02,"z":10.41},"volume":89.93,"type":"VEHICLE","velocity":{"y":0.68,"x":2.72,"z":0}},{"acceleration":{"y":0,"x":0,"z":0},"position":{"y":4182669.64,"x":552725.82,"z":10.31},"volume":79.23,"type":"VEHICLE","velocity":{"y":0,"x":0,"z":0}}],[{"acceleration":{"y":-0.13,"x":-1.46,"z":0},"position":{"y":4182678.01,"x":552707.72,"z":10.7},"volume":18.31,"type":"VEHICLE","velocity":{"y":0,"x":0,"z":0}},{"acceleration":{"y":-0.31,"x":-1.49,"z":0},"position":{"y":4182675.79,"x":552723.09,"z":10.41},"volume":95.75,"type":"VEHICLE","velocity":{"y":0.36,"x":1.78,"z":0}}],[{"acceleration":{"y":-0.06,"x":-0.78,"z":0},"position":{"y":4182678.12,"x":552710.49,"z":10.85},"volume":1.51,"type":"VEHICLE","velocity":{"y":0,"x":0,"z":0}},{"acceleration":{"y":-0.69,"x":-1.43,"z":0},"position":{"y":4182675.79,"x":552723.13,"z":10.41},"volume":92.41,"type":"VEHICLE","velocity":{"y":0.04,"x":1,"z":0}}],[{"acceleration":{"y":0,"x":-0.04,"z":0},"position":{"y":4182678.27,"x":552713.62,"z":10.65},"volume":1.43,"type":"VEHICLE","velocity":{"y":0,"x":0,"z":0}},{"acceleration":{"y":-0.2,"x":-1.59,"z":0},"position":{"y":4182675.9,"x":552723.53,"z":10.41},"volume":81.36,"type":"VEHICLE","velocity":{"y":0,"x":0,"z":0}}],[{"acceleration":{"y":0,"x":0,"z":0},"position":{"y":4182678.43,"x":552716.74,"z":10.46},"volume":10.13,"type":"VEHICLE","velocity":{"y":0,"x":0,"z":0}},{"acceleration":{"y":0.03,"x":-0.44,"z":0},"position":{"y":4182675.93,"x":552723.41,"z":10.47},"volume":81.59,"type":"VEHICLE","velocity":{"y":0,"x":0,"z":0}},{"acceleration":{"y":0,"x":0.02,"z":0},"position":{"y":4182675.23,"x":552706.6,"z":10.93},"volume":0.32,"type":"VEHICLE","velocity":{"y":0,"x":0,"z":0}}],[{"acceleration":{"y":0,"x":0,"z":0},"position":{"y":4182678.57,"x":552719.18,"z":10.43},"volume":8.56,"type":"VEHICLE","velocity":{"y":0,"x":0,"z":0}},{"acceleration":{"y":0,"x":-0.06,"z":0},"position":{"y":4182675.76,"x":552723.28,"z":10.38},"volume":92.82,"type":"VEHICLE","velocity":{"y":0,"x":0,"z":0}},{"acceleration":{"y":0,"x":0.02,"z":0},"position":{"y":4182675.44,"x":552711.5,"z":10.76},"volume":1.2,"type":"VEHICLE","velocity":{"y":0.01,"x":0.12,"z":0}}],[{"acceleration":{"y":0,"x":0,"z":0},"position":{"y":4182678.3,"x":552720.43,"z":10.49},"volume":43.13,"type":"VEHICLE","velocity":{"y":0,"x":0,"z":0}},{"acceleration":{"y":0,"x":0,"z":0},"position":{"y":4182675.71,"x":552724.48,"z":10.38},"volume":83.45,"type":"VEHICLE","velocity":{"y":0,"x":0,"z":0}}],[{"acceleration":{"y":0,"x":0,"z":0},"position":{"y":4182678.24,"x":552721.67,"z":10.62},"volume":30.81,"type":"VEHICLE","velocity":{"y":0,"x":0,"z":0}},{"acceleration":{"y":0,"x":0,"z":0},"position":{"y":4182675.7,"x":552725.6,"z":10.38},"volume":71.62,"type":"VEHICLE","velocity":{"y":0,"x":0,"z":0}}]],"action_description":"NPC vehicle (BoxTruck) driving on the right lane","ev_state":[-140.621383666992,10.1248121261597,193.661544799805,0,0,0,12,1,0.0329469777643681,89.6376037597656,0.0000414563837694004,0.8122970726424614],"collision_probability":0}
 timestamp= 1619818593000 [RUN] Validate G1 Guard Condition: 
The ego vehicle E Detection.Collision == True.
 timestamp= 1619818593000 [RES] Global Validate result: 
false
 timestamp= 1619818593000 [RUN] Validate G2 Guard Condition: 
The ego vehicle E Detection.OffRoad == True.
 timestamp= 1619818593000 [RES] Global Validate result: 
false
 timestamp= 1619818593000 [RUN] Validate G3 Guard Condition: 
The ego vehicle E Detection.HardBrake == True.
 timestamp= 1619818593000 [RES] Global Validate result: 
false
 timestamp= 1619818593000 [RUN] Validate G4 Guard Condition: 
The ego vehicle E Detection.ArrivalTest == True.
 timestamp= 1619818593000 [RES] Global Validate result: 
true
 timestamp= 1619818593000 [RUN] ArrivalTest == True
 timestamp= 1619818593000 [RUN] The simulator S INVOKES API Command.Simulation.Stop() to stop simulation.
 timestamp= 1619818593000 [WARNING] The test system Stop the Simulator S!
 timestamp= 1619818593000 [RES] Basic PostCondition Validate result: 
true
 timestamp= 1619818593000 [STOP] numberOfStep: 46 basicFlow: 
[{"name":"","description":"","eClass":"Sentence","content":"The test system VALIDATES THAT the simulator S Status.GetEnvironment is nearly equal to {\"x\": -440.11, \"y\": 10.12, \"z\": 215.25, \"rain\": 0.0, \"fog\": 0.0, \"wetness\": 0.0, \"timeofday\": 12.0, \"signal\": 1.0, \"rx\": 359.97, \"ry\": 210.07, \"rz\": 0.0, \"speed\": 2.57}","natures":[]},{"name":"","description":"","eClass":"Sentence","content":"The environment controller C INVOKES API Control.Agents.NPCVehicle.NPCVehicleMaintainLane(which_lane=Right_Lane&which_car=BoxTruck).","natures":[]},{"name":"","description":"","eClass":"Sentence","content":"The test system VALIDATES THAT the Apollo A Status.GetControl is nearly equal to {\"acceleration\": -0.36, \"throttle\": 0.0, \"steering_target\": 16.81, \"brake\": 14.5, \"steering_rate\": 100.0, \"speed\": 3.43}","natures":[]},{"name":"","description":"","eClass":"Sentence","content":"The test system VALIDATES THAT the simulator S Status.GetEnvironment is nearly equal to {\"x\": -446.27, \"y\": 10.12, \"z\": 203.93, \"rain\": 0.0, \"fog\": 0.0, \"wetness\": 0.0, \"timeofday\": 12.0, \"signal\": 1.0, \"rx\": 0.03, \"ry\": 204.38, \"rz\": 359.9, \"speed\": 3.37}","natures":[]},{"name":"","description":"","eClass":"Sentence","content":"The environment controller C INVOKES API Control.Agents.NPCVehicle.NPCVehicleMaintainLane(which_lane=Right_Lane&which_car=BoxTruck).","natures":[]},{"name":"","description":"","eClass":"Sentence","content":"The test system VALIDATES THAT the Apollo A Status.GetControl is nearly equal to {\"acceleration\": 0.19, \"throttle\": 15.7, \"steering_target\": 72.53, \"brake\": 0.0, \"steering_rate\": 100.0, \"speed\": 2.13}","natures":[]},{"name":"","description":"","eClass":"Sentence","content":"The test system VALIDATES THAT the simulator S Status.GetEnvironment is nearly equal to {\"x\": -446.38, \"y\": 10.12, \"z\": 194.84, \"rain\": 0.0, \"fog\": 0.0, \"wetness\": 0.0, \"timeofday\": 12.0, \"signal\": 0.0, \"rx\": 0.02, \"ry\": 157.46, \"rz\": 359.79, \"speed\": 2.16}","natures":[]},{"name":"","description":"","eClass":"Sentence","content":"The environment controller C INVOKES API Control.Agents.NPCVehicle.NPCVehicleMaintainLane(which_lane=Right_Lane&which_car=BoxTruck).","natures":[]},{"name":"","description":"","eClass":"Sentence","content":"The test system VALIDATES THAT the Apollo A Status.GetControl is nearly equal to {\"acceleration\": 0.25, \"throttle\": 55.23, \"steering_target\": 100.0, \"brake\": 0.0, \"steering_rate\": 100.0, \"speed\": 0.11}","natures":[]},{"name":"","description":"","eClass":"Sentence","content":"The test system VALIDATES THAT the simulator S Status.GetEnvironment is nearly equal to {\"x\": -442.91, \"y\": 10.13, \"z\": 192.36, \"rain\": 0.0, \"fog\": 0.0, \"wetness\": 0.0, \"timeofday\": 12.0, \"signal\": -1.0, \"rx\": 359.42, \"ry\": 119.77, \"rz\": 0.89, \"speed\": 0.85}","natures":[]},{"name":"","description":"","eClass":"Sentence","content":"The environment controller C INVOKES API Control.Agents.NPCVehicle.NPCVehicleMaintainLane(which_lane=Right_Lane&which_car=BoxTruck).","natures":[]},{"name":"","description":"","eClass":"Sentence","content":"The test system VALIDATES THAT the Apollo A Status.GetControl is nearly equal to {\"acceleration\": -0.36, \"throttle\": 0.0, \"steering_target\": 57.12, \"brake\": 14.5, \"steering_rate\": 100.0, \"speed\": 0.47}","natures":[]},{"name":"","description":"","eClass":"Sentence","content":"The test system VALIDATES THAT the simulator S Status.GetEnvironment is nearly equal to {\"x\": -441.43, \"y\": 10.12, \"z\": 191.93, \"rain\": 0.0, \"fog\": 0.0, \"wetness\": 0.0, \"timeofday\": 12.0, \"signal\": -1.0, \"rx\": 0.01, \"ry\": 109.58, \"rz\": -0.0, \"speed\": 0.54}","natures":[]},{"name":"","description":"","eClass":"Sentence","content":"The environment controller C INVOKES API Control.Agents.NPCVehicle.NPCVehicleMaintainLane(which_lane=Right_Lane&which_car=BoxTruck).","natures":[]},{"name":"","description":"","eClass":"Sentence","content":"The test system VALIDATES THAT the Apollo A Status.GetControl is nearly equal to {\"acceleration\": 0.41, \"throttle\": 17.31, \"steering_target\": 3.45, \"brake\": 0.0, \"steering_rate\": 100.0, \"speed\": 5.3}","natures":[]},{"name":"","description":"","eClass":"Sentence","content":"The test system VALIDATES THAT the simulator S Status.GetEnvironment is nearly equal to {\"x\": -430.33, \"y\": 10.12, \"z\": 190.69, \"rain\": 0.0, \"fog\": 0.0, \"wetness\": 0.0, \"timeofday\": 12.0, \"signal\": -1.0, \"rx\": 359.95, \"ry\": 91.59, \"rz\": 359.9, \"speed\": 5.33}","natures":[]},{"name":"","description":"","eClass":"Sentence","content":"The environment controller C INVOKES API Control.Agents.NPCVehicle.NPCVehicleMaintainLane(which_lane=Right_Lane&which_car=BoxTruck).","natures":[]},{"name":"","description":"","eClass":"Sentence","content":"The test system VALIDATES THAT the Apollo A Status.GetControl is nearly equal to {\"acceleration\": 0.35, \"throttle\": 16.6, \"steering_target\": -0.43, \"brake\": 0.0, \"steering_rate\": 100.0, \"speed\": 7.73}","natures":[]},{"name":"","description":"","eClass":"Sentence","content":"The test system VALIDATES THAT the simulator S Status.GetEnvironment is nearly equal to {\"x\": -402.22, \"y\": 10.12, \"z\": 190.53, \"rain\": 0.0, \"fog\": 0.0, \"wetness\": 0.0, \"timeofday\": 12.0, \"signal\": -1.0, \"rx\": 359.98, \"ry\": 90.12, \"rz\": 359.99, \"speed\": 7.73}","natures":[]},{"name":"","description":"","eClass":"Sentence","content":"The environment controller C INVOKES API Control.Agents.NPCVehicle.NPCVehicleMaintainLane(which_lane=Right_Lane&which_car=BoxTruck).","natures":[]},{"name":"","description":"","eClass":"Sentence","content":"The test system VALIDATES THAT the Apollo A Status.GetControl is nearly equal to {\"acceleration\": -0.13, \"throttle\": 0.0, \"steering_target\": 0.47, \"brake\": 14.5, \"steering_rate\": 100.0, \"speed\": 8.94}","natures":[]},{"name":"","description":"","eClass":"Sentence","content":"The test system VALIDATES THAT the simulator S Status.GetEnvironment is nearly equal to {\"x\": -368.82, \"y\": 10.12, \"z\": 190.37, \"rain\": 0.0, \"fog\": 0.0, \"wetness\": 0.0, \"timeofday\": 12.0, \"signal\": -1.0, \"rx\": 359.98, \"ry\": 90.24, \"rz\": 359.99, \"speed\": 8.94}","natures":[]},{"name":"","description":"","eClass":"Sentence","content":"The environment controller C INVOKES API Control.Agents.NPCVehicle.NPCVehicleMaintainLane(which_lane=Right_Lane&which_car=BoxTruck).","natures":[]},{"name":"","description":"","eClass":"Sentence","content":"The test system VALIDATES THAT the Apollo A Status.GetControl is nearly equal to {\"acceleration\": -0.86, \"throttle\": 0.0, \"steering_target\": 0.36, \"brake\": 16.23, \"steering_rate\": 100.0, \"speed\": 8.27}","natures":[]},{"name":"","description":"","eClass":"Sentence","content":"The test system VALIDATES THAT the simulator S Status.GetEnvironment is nearly equal to {\"x\": -333.93, \"y\": 10.12, \"z\": 190.34, \"rain\": 0.0, \"fog\": 0.0, \"wetness\": 0.0, \"timeofday\": 12.0, \"signal\": -1.0, \"rx\": 0.0, \"ry\": 90.06, \"rz\": -0.0, \"speed\": 8.2}","natures":[]},{"name":"","description":"","eClass":"Sentence","content":"The environment controller C INVOKES API Control.Agents.NPCVehicle.NPCVehicleSwitchLane(which_lane=Right_Lane&which_car=SUV).","natures":[]},{"name":"","description":"","eClass":"Sentence","content":"The test system VALIDATES THAT the Apollo A Status.GetControl is nearly equal to {\"acceleration\": 0.84, \"throttle\": 22.99, \"steering_target\": -0.12, \"brake\": 0.0, \"steering_rate\": 100.0, \"speed\": 6.63}","natures":[]},{"name":"","description":"","eClass":"Sentence","content":"The test system VALIDATES THAT the simulator S Status.GetEnvironment is nearly equal to {\"x\": -308.21, \"y\": 10.12, \"z\": 190.2, \"rain\": 0.0, \"fog\": 0.0, \"wetness\": 0.0, \"timeofday\": 12.0, \"signal\": -1.0, \"rx\": 359.98, \"ry\": 90.58, \"rz\": 0.0, \"speed\": 6.77}","natures":[]},{"name":"","description":"","eClass":"Sentence","content":"The environment controller C INVOKES API Control.Agents.NPCVehicle.NPCVehicleMaintainLane(which_lane=Right_Lane&which_car=BoxTruck).","natures":[]},{"name":"","description":"","eClass":"Sentence","content":"The test system VALIDATES THAT the Apollo A Status.GetControl is nearly equal to {\"acceleration\": 0.07, \"throttle\": 15.7, \"steering_target\": 0.02, \"brake\": 0.0, \"steering_rate\": 100.0, \"speed\": 8.57}","natures":[]},{"name":"","description":"","eClass":"Sentence","content":"The test system VALIDATES THAT the simulator S Status.GetEnvironment is nearly equal to {\"x\": -277.23, \"y\": 10.12, \"z\": 189.82, \"rain\": 0.0, \"fog\": 0.0, \"wetness\": 0.0, \"timeofday\": 12.0, \"signal\": -1.0, \"rx\": 359.99, \"ry\": 90.42, \"rz\": 359.99, \"speed\": 8.57}","natures":[]},{"name":"","description":"","eClass":"Sentence","content":"The environment controller C INVOKES API Control.Agents.NPCVehicle.NPCVehicleMaintainLane(which_lane=Right_Lane&which_car=BoxTruck).","natures":[]},{"name":"","description":"","eClass":"Sentence","content":"The test system VALIDATES THAT the Apollo A Status.GetControl is nearly equal to {\"acceleration\": -0.06, \"throttle\": 0.0, \"steering_target\": 8.72, \"brake\": 14.5, \"steering_rate\": 100.0, \"speed\": 8.86}","natures":[]},{"name":"","description":"","eClass":"Sentence","content":"The test system VALIDATES THAT the simulator S Status.GetEnvironment is nearly equal to {\"x\": -241.94, \"y\": 10.12, \"z\": 191.37, \"rain\": 0.0, \"fog\": 0.0, \"wetness\": 0.0, \"timeofday\": 12.0, \"signal\": -1.0, \"rx\": 0.01, \"ry\": 83.63, \"rz\": 359.47, \"speed\": 8.77}","natures":[]},{"name":"","description":"","eClass":"Sentence","content":"The environment controller C INVOKES API Control.Agents.NPCVehicle.NPCVehicleMaintainLane(which_lane=Right_Lane&which_car=BoxTruck).","natures":[]},{"name":"","description":"","eClass":"Sentence","content":"The test system VALIDATES THAT the Apollo A Status.GetControl is nearly equal to {\"acceleration\": -0.19, \"throttle\": 0.0, \"steering_target\": -2.02, \"brake\": 14.5, \"steering_rate\": 100.0, \"speed\": 9.06}","natures":[]},{"name":"","description":"","eClass":"Sentence","content":"The test system VALIDATES THAT the simulator S Status.GetEnvironment is nearly equal to {\"x\": -206.04, \"y\": 10.12, \"z\": 192.78, \"rain\": 0.0, \"fog\": 0.0, \"wetness\": 0.0, \"timeofday\": 12.0, \"signal\": -1.0, \"rx\": 359.99, \"ry\": 88.27, \"rz\": 0.15, \"speed\": 9.06}","natures":[]},{"name":"","description":"","eClass":"Sentence","content":"The environment controller C INVOKES API Control.Agents.NPCVehicle.NPCVehicleMaintainLane(which_lane=Right_Lane&which_car=BoxTruck).","natures":[]},{"name":"","description":"","eClass":"Sentence","content":"The test system VALIDATES THAT the Apollo A Status.GetControl is nearly equal to {\"acceleration\": -0.43, \"throttle\": 0.0, \"steering_target\": -0.56, \"brake\": 14.5, \"steering_rate\": 100.0, \"speed\": 7.39}","natures":[]},{"name":"","description":"","eClass":"Sentence","content":"The test system VALIDATES THAT the simulator S Status.GetEnvironment is nearly equal to {\"x\": -171.41, \"y\": 10.12, \"z\": 193.42, \"rain\": 0.0, \"fog\": 0.0, \"wetness\": 0.0, \"timeofday\": 12.0, \"signal\": 1.0, \"rx\": 0.06, \"ry\": 89.71, \"rz\": 0.05, \"speed\": 7.3}","natures":[]},{"name":"","description":"","eClass":"Sentence","content":"The environment controller C INVOKES API Control.Agents.NPCVehicle.NPCVehicleMaintainLane(which_lane=Right_Lane&which_car=BoxTruck).","natures":[]},{"name":"","description":"","eClass":"Sentence","content":"The test system VALIDATES THAT the Apollo A Status.GetControl is nearly equal to {\"acceleration\": -0.86, \"throttle\": 0.0, \"steering_target\": -0.07, \"brake\": 19.11, \"steering_rate\": 100.0, \"speed\": 4.01}","natures":[]},{"name":"","description":"","eClass":"Sentence","content":"The test system VALIDATES THAT the simulator S Status.GetEnvironment is nearly equal to {\"x\": -148.89, \"y\": 10.12, \"z\": 193.6, \"rain\": 0.0, \"fog\": 0.0, \"wetness\": 0.0, \"timeofday\": 12.0, \"signal\": 1.0, \"rx\": 0.04, \"ry\": 89.54, \"rz\": 0.0, \"speed\": 4.01}","natures":[]},{"name":"","description":"","eClass":"Sentence","content":"The environment controller C INVOKES API Control.Agents.NPCVehicle.NPCVehicleMaintainLane(which_lane=Right_Lane&which_car=BoxTruck).","natures":[]},{"name":"","description":"","eClass":"Sentence","content":"The test system VALIDATES THAT the Apollo A Status.GetControl is nearly equal to {\"acceleration\": -0.54, \"throttle\": 0.0, \"steering_target\": -0.11, \"brake\": 14.84, \"steering_rate\": 100.0, \"speed\": 0.84}","natures":[]},{"name":"","description":"","eClass":"Sentence","content":"","natures":[]}]
