 timestamp= 1619815799000 [START] Now Run TCS Maintain Lane On Road1 Mode: dynamic Roadnum: 3 Second: 4
 timestamp= 1619815799000 [SUCCESS] TCS Check Success 
 timestamp= 1619815802000 [RUN] Run BasicFlow
 timestamp= 1619815802000 [RUN] Generate steps
 timestamp= 1619815802000 [RUN] Validate step: 
The test system VALIDATES THAT the simulator S Status.GetEnvironment is nearly equal to {"x": -244.83, "y": 10.12, "z": 465.35, "rain": 0.0, "fog": 0.0, "wetness": 0.0, "timeofday": 12.0, "signal": 1.0, "rx": 0.0, "ry": 305.81, "rz": -0.0, "speed": 0.0}
 timestamp= 1619815802000 [RES] Validate result: 
true
 timestamp= 1619815802000 [RUN] Execute API step: 
The environment controller C INVOKES API Control.Agents.Pedestrians.WalkRandomly(which_lane=Current_Lane).
 timestamp= 1619815805000 [RES] API result: 
{"pose_arr":[{"vx":0,"ay":0,"az":9.81,"ax":0,"pz":10.12,"vy":0,"px":552630.25,"py":4182950.58},{"vx":0,"ay":0,"az":9.81,"ax":0,"pz":10.12,"vy":0,"px":552630.25,"py":4182950.58},{"vx":0,"ay":0,"az":9.81,"ax":0,"pz":10.12,"vy":0,"px":552630.25,"py":4182950.58},{"vx":0,"ay":0,"az":9.81,"ax":0,"pz":10.12,"vy":0,"px":552630.25,"py":4182950.58},{"vx":0,"ay":0,"az":9.81,"ax":0,"pz":10.12,"vy":0,"px":552630.25,"py":4182950.58},{"vx":0,"ay":0,"az":9.81,"ax":0,"pz":10.12,"vy":0,"px":552630.25,"py":4182950.58}],"traffic_light":[1,1,1,1,1,1],"state_arr":[{"acceleration":-3,"throttle":0,"steering_target":0.05,"brake":69.99,"steering_rate":100,"speed":0},{"acceleration":-3,"throttle":0,"steering_target":0.05,"brake":69.96,"steering_rate":100,"speed":0},{"acceleration":-3,"throttle":0,"steering_target":0.05,"brake":69.99,"steering_rate":100,"speed":0},{"acceleration":-3,"throttle":0,"steering_target":0.05,"brake":69.99,"steering_rate":100,"speed":0},{"acceleration":-3,"throttle":0,"steering_target":0.05,"brake":69.99,"steering_rate":100,"speed":0},{"acceleration":-3,"throttle":0,"steering_target":0.05,"brake":69.99,"steering_rate":100,"speed":0}],"obstacle_arr":[[],[],[],[],[],[]],"action_description":"Pedestrian walking on the front lane","ev_state":[-244.826583862305,10.1248035430908,465.347320556641,0,0,0,12,1,0.00000703200385032687,305.809844970703,-0.000009112090083363,0.000047821142283921775],"collision_probability":0}
 timestamp= 1619815805000 [RUN] Validate G1 Guard Condition: 
The ego vehicle E Detection.Collision == True.
 timestamp= 1619815805000 [RES] Global Validate result: 
false
 timestamp= 1619815805000 [RUN] Validate G2 Guard Condition: 
The ego vehicle E Detection.OffRoad == True.
 timestamp= 1619815805000 [RES] Global Validate result: 
false
 timestamp= 1619815805000 [RUN] Validate G3 Guard Condition: 
The ego vehicle E Detection.HardBrake == True.
 timestamp= 1619815805000 [RES] Global Validate result: 
false
 timestamp= 1619815805000 [RUN] Validate G4 Guard Condition: 
The ego vehicle E Detection.ArrivalTest == True.
 timestamp= 1619815805000 [RES] Global Validate result: 
false
 timestamp= 1619815805000 [RUN] Validate step: 
The test system VALIDATES THAT the Apollo A Status.GetControl is nearly equal to {"acceleration": -3.0, "throttle": 0.0, "steering_target": 0.05, "brake": 69.99, "steering_rate": 100.0, "speed": 0.0}
 timestamp= 1619815805000 [RES] Validate result: 
true
 timestamp= 1619815805000 [RUN] Generate steps
 timestamp= 1619815805000 [RUN] Validate step: 
The test system VALIDATES THAT the simulator S Status.GetEnvironment is nearly equal to {"x": -244.83, "y": 10.12, "z": 465.35, "rain": 0.0, "fog": 0.0, "wetness": 0.0, "timeofday": 12.0, "signal": 1.0, "rx": 0.0, "ry": 305.81, "rz": -0.0, "speed": 0.0}
 timestamp= 1619815805000 [RES] Validate result: 
true
 timestamp= 1619815805000 [RUN] Execute API step: 
The environment controller C INVOKES API Control.Agents.Pedestrians.WalkRandomly(which_lane=Current_Lane).
 timestamp= 1619815808000 [RES] API result: 
{"pose_arr":[{"vx":0,"ay":0,"az":9.81,"ax":0,"pz":10.12,"vy":0,"px":552630.25,"py":4182950.58},{"vx":0,"ay":0,"az":9.81,"ax":0,"pz":10.12,"vy":0,"px":552630.25,"py":4182950.58},{"vx":0,"ay":0,"az":9.81,"ax":0,"pz":10.12,"vy":0,"px":552630.25,"py":4182950.58},{"vx":0,"ay":0,"az":9.81,"ax":0,"pz":10.12,"vy":0,"px":552630.25,"py":4182950.58},{"vx":0,"ay":0,"az":9.81,"ax":0,"pz":10.12,"vy":0,"px":552630.25,"py":4182950.58}],"traffic_light":[1,1,1,1],"state_arr":[{"acceleration":-3,"throttle":0,"steering_target":0.05,"brake":69.99,"steering_rate":100,"speed":0},{"acceleration":-3,"throttle":0,"steering_target":0.05,"brake":69.99,"steering_rate":100,"speed":0},{"acceleration":-3,"throttle":0,"steering_target":0.05,"brake":70,"steering_rate":100,"speed":0},{"acceleration":-3,"throttle":0,"steering_target":0.05,"brake":70,"steering_rate":100,"speed":0},{"acceleration":-3,"throttle":0,"steering_target":0.05,"brake":70,"steering_rate":100,"speed":0},{"acceleration":-3,"throttle":0,"steering_target":0.05,"brake":70,"steering_rate":100,"speed":0}],"obstacle_arr":[[],[],[],[],[]],"action_description":"Pedestrian walking on the front lane","ev_state":[-244.826583862305,10.1248035430908,465.347320556641,0,0,0,12,0,0.00000682873906043824,305.809844970703,-0.000010446632586536,0.0000119458547930288],"collision_probability":0}
 timestamp= 1619815808000 [RUN] Validate G1 Guard Condition: 
The ego vehicle E Detection.Collision == True.
 timestamp= 1619815808000 [RES] Global Validate result: 
false
 timestamp= 1619815808000 [RUN] Validate G2 Guard Condition: 
The ego vehicle E Detection.OffRoad == True.
 timestamp= 1619815808000 [RES] Global Validate result: 
false
 timestamp= 1619815808000 [RUN] Validate G3 Guard Condition: 
The ego vehicle E Detection.HardBrake == True.
 timestamp= 1619815808000 [RES] Global Validate result: 
false
 timestamp= 1619815808000 [RUN] Validate G4 Guard Condition: 
The ego vehicle E Detection.ArrivalTest == True.
 timestamp= 1619815808000 [RES] Global Validate result: 
false
 timestamp= 1619815808000 [RUN] Validate step: 
The test system VALIDATES THAT the Apollo A Status.GetControl is nearly equal to {"acceleration": -3.0, "throttle": 0.0, "steering_target": 0.05, "brake": 70.0, "steering_rate": 100.0, "speed": 0.0}
 timestamp= 1619815808000 [RES] Validate result: 
true
 timestamp= 1619815808000 [RUN] Generate steps
 timestamp= 1619815808000 [RUN] Validate step: 
The test system VALIDATES THAT the simulator S Status.GetEnvironment is nearly equal to {"x": -244.83, "y": 10.12, "z": 465.35, "rain": 0.0, "fog": 0.0, "wetness": 0.0, "timeofday": 12.0, "signal": 0.0, "rx": 0.0, "ry": 305.81, "rz": -0.0, "speed": 0.0}
 timestamp= 1619815808000 [RES] Validate result: 
true
 timestamp= 1619815808000 [RUN] Execute API step: 
The environment controller C INVOKES API Control.Agents.Pedestrians.WalkRandomly(which_lane=Current_Lane).
 timestamp= 1619815811000 [RES] API result: 
{"pose_arr":[{"vx":0,"ay":0,"az":9.81,"ax":0,"pz":10.12,"vy":0,"px":552630.25,"py":4182950.58},{"vx":0,"ay":0,"az":9.81,"ax":0,"pz":10.12,"vy":0,"px":552630.25,"py":4182950.58},{"vx":0,"ay":0,"az":9.81,"ax":0,"pz":10.12,"vy":0,"px":552630.25,"py":4182950.58},{"vx":0.75,"ay":2.39,"az":9.81,"ax":1.73,"pz":10.12,"vy":0.75,"px":552630.03,"py":4182950.74},{"vx":1.33,"ay":0,"az":9.81,"ax":0,"pz":10.12,"vy":1.33,"px":552628.89,"py":4182951.56},{"vx":1.11,"ay":0.33,"az":9.8,"ax":0.23,"pz":10.13,"vy":1.11,"px":552627.56,"py":4182952.5}],"traffic_light":[1,1,3,3,3],"state_arr":[{"acceleration":-3,"throttle":0,"steering_target":0.05,"brake":70,"steering_rate":100,"speed":0},{"acceleration":-3,"throttle":0,"steering_target":0.05,"brake":70,"steering_rate":100,"speed":0},{"acceleration":-3,"throttle":0,"steering_target":0.05,"brake":70,"steering_rate":100,"speed":0},{"acceleration":0.94,"throttle":61.75,"steering_target":0.05,"brake":0,"steering_rate":100,"speed":0.46},{"acceleration":-0.16,"throttle":0,"steering_target":1.35,"brake":14.5,"steering_rate":100,"speed":2.18},{"acceleration":-0.14,"throttle":0,"steering_target":3.95,"brake":14.5,"steering_rate":100,"speed":2.1},{"acceleration":0.02,"throttle":60.61,"steering_target":5.24,"brake":0,"steering_rate":100,"speed":2.08}],"obstacle_arr":[[],[],[],[],[],[]],"action_description":"Pedestrian walking on the front lane","ev_state":[-247.909729003906,10.1247415542603,467.512420654297,0,0,0,12,-1,359.990325927734,304.794403076172,0.00294900592416525,2.0799637141332927],"collision_probability":0}
 timestamp= 1619815811000 [RUN] Validate G1 Guard Condition: 
The ego vehicle E Detection.Collision == True.
 timestamp= 1619815811000 [RES] Global Validate result: 
false
 timestamp= 1619815811000 [RUN] Validate G2 Guard Condition: 
The ego vehicle E Detection.OffRoad == True.
 timestamp= 1619815811000 [RES] Global Validate result: 
false
 timestamp= 1619815811000 [RUN] Validate G3 Guard Condition: 
The ego vehicle E Detection.HardBrake == True.
 timestamp= 1619815811000 [RES] Global Validate result: 
false
 timestamp= 1619815811000 [RUN] Validate G4 Guard Condition: 
The ego vehicle E Detection.ArrivalTest == True.
 timestamp= 1619815811000 [RES] Global Validate result: 
false
 timestamp= 1619815811000 [RUN] Validate step: 
The test system VALIDATES THAT the Apollo A Status.GetControl is nearly equal to {"acceleration": 0.02, "throttle": 60.61, "steering_target": 5.24, "brake": 0.0, "steering_rate": 100.0, "speed": 2.08}
 timestamp= 1619815811000 [RES] Validate result: 
true
 timestamp= 1619815811000 [RUN] Generate steps
 timestamp= 1619815811000 [RUN] Validate step: 
The test system VALIDATES THAT the simulator S Status.GetEnvironment is nearly equal to {"x": -247.91, "y": 10.12, "z": 467.51, "rain": 0.0, "fog": 0.0, "wetness": 0.0, "timeofday": 12.0, "signal": -1.0, "rx": 359.99, "ry": 304.79, "rz": 0.0, "speed": 2.08}
 timestamp= 1619815811000 [RES] Validate result: 
true
 timestamp= 1619815811000 [RUN] Execute API step: 
The environment controller C INVOKES API Control.Agents.NPCVehicle.NPCVehicleSwitchLane(which_lane=Left_Lane&which_car=Jeep).
 timestamp= 1619815814000 [RES] API result: 
{"pose_arr":[{"vx":1.18,"ay":0.23,"az":9.81,"ax":0.15,"pz":10.12,"vy":1.18,"px":552626.74,"py":4182953.07},{"vx":1.32,"ay":0.24,"az":9.81,"ax":0.14,"pz":10.12,"vy":1.32,"px":552625.42,"py":4182953.95},{"vx":1.2,"ay":-0.41,"az":9.82,"ax":-0.29,"pz":10.12,"vy":1.2,"px":552624.01,"py":4182954.82},{"vx":0.9,"ay":0.25,"az":9.81,"ax":0.1,"pz":10.12,"vy":0.9,"px":552622.39,"py":4182955.67},{"vx":0.47,"ay":-0.5,"az":9.81,"ax":-1.18,"pz":10.13,"vy":0.47,"px":552620.56,"py":4182956.38},{"vx":-0.25,"ay":-0.59,"az":9.82,"ax":0,"pz":10.13,"vy":-0.25,"px":552618.57,"py":4182956.77}],"traffic_light":[3,3,3,0,0,0],"state_arr":[{"acceleration":0.05,"throttle":15.7,"steering_target":7.18,"brake":0,"steering_rate":100,"speed":2.22},{"acceleration":-0.16,"throttle":0,"steering_target":12.74,"brake":14.5,"steering_rate":100,"speed":2.51},{"acceleration":0.11,"throttle":15.7,"steering_target":23.42,"brake":0,"steering_rate":100,"speed":2.48},{"acceleration":-0.07,"throttle":0,"steering_target":30.23,"brake":14.5,"steering_rate":100,"speed":2.84},{"acceleration":0.01,"throttle":74.44,"steering_target":39.42,"brake":0,"steering_rate":100,"speed":2.67},{"acceleration":-0.51,"throttle":0,"steering_target":48.4,"brake":14.5,"steering_rate":100,"speed":3.05}],"obstacle_arr":[[],[{"acceleration":{"y":0,"x":0,"z":0},"position":{"y":4182958.35,"x":552605.08,"z":10.62},"volume":5.81,"type":"VEHICLE","velocity":{"y":0,"x":0,"z":0}}],[{"acceleration":{"y":-2.61,"x":-2.88,"z":0},"position":{"y":4182957.14,"x":552603.57,"z":10.73},"volume":4.95,"type":"VEHICLE","velocity":{"y":-1.1,"x":-1.28,"z":0}}],[{"acceleration":{"y":-0.4,"x":-0.22,"z":0},"position":{"y":4182955.95,"x":552602.61,"z":10.49},"volume":5.88,"type":"VEHICLE","velocity":{"y":-1.7,"x":-1.6,"z":0}}],[{"acceleration":{"y":0.54,"x":0.36,"z":0},"position":{"y":4182955.68,"x":552602.18,"z":10.49},"volume":4.89,"type":"VEHICLE","velocity":{"y":-1.28,"x":-1.36,"z":0}}],[{"acceleration":{"y":0.57,"x":-0.27,"z":0},"position":{"y":4182952.58,"x":552599.95,"z":10.55},"volume":6.72,"type":"VEHICLE","velocity":{"y":-1.22,"x":-1.54,"z":0}}]],"action_description":"NPC vehicle (Jeep) switching lane (left to right)","ev_state":[-257.564819335938,10.1247310638428,470.756011962891,0,0,0,12,-1,0.0460067242383957,269.079528808594,359.735412597656,2.832159040779641],"collision_probability":0}
 timestamp= 1619815814000 [RUN] Validate G1 Guard Condition: 
The ego vehicle E Detection.Collision == True.
 timestamp= 1619815814000 [RES] Global Validate result: 
false
 timestamp= 1619815814000 [RUN] Validate G2 Guard Condition: 
The ego vehicle E Detection.OffRoad == True.
 timestamp= 1619815814000 [RES] Global Validate result: 
false
 timestamp= 1619815814000 [RUN] Validate G3 Guard Condition: 
The ego vehicle E Detection.HardBrake == True.
 timestamp= 1619815814000 [RES] Global Validate result: 
false
 timestamp= 1619815814000 [RUN] Validate G4 Guard Condition: 
The ego vehicle E Detection.ArrivalTest == True.
 timestamp= 1619815814000 [RES] Global Validate result: 
false
 timestamp= 1619815814000 [RUN] Validate step: 
The test system VALIDATES THAT the Apollo A Status.GetControl is nearly equal to {"acceleration": -0.51, "throttle": 0.0, "steering_target": 48.4, "brake": 14.5, "steering_rate": 100.0, "speed": 3.05}
 timestamp= 1619815814000 [RES] Validate result: 
true
 timestamp= 1619815814000 [RUN] Generate steps
 timestamp= 1619815814000 [RUN] Validate step: 
The test system VALIDATES THAT the simulator S Status.GetEnvironment is nearly equal to {"x": -257.56, "y": 10.12, "z": 470.76, "rain": 0.0, "fog": 0.0, "wetness": 0.0, "timeofday": 12.0, "signal": -1.0, "rx": 0.05, "ry": 269.08, "rz": 359.74, "speed": 2.83}
 timestamp= 1619815814000 [RES] Validate result: 
true
 timestamp= 1619815814000 [RUN] Execute API step: 
The environment controller C INVOKES API Control.Agents.Pedestrians.WalkRandomly(which_lane=Current_Lane).
 timestamp= 1619815818000 [RES] API result: 
{"pose_arr":[{"vx":-0.95,"ay":1.7,"az":9.78,"ax":-0.64,"pz":10.13,"vy":-0.95,"px":552617.08,"py":4182956.75},{"vx":-1.75,"ay":0.27,"az":9.81,"ax":-0.12,"pz":10.12,"vy":-1.75,"px":552614.96,"py":4182956.13},{"vx":-1.68,"ay":-0.9,"az":9.82,"ax":0.91,"pz":10.13,"vy":-1.68,"px":552613.79,"py":4182955.5},{"vx":-2.69,"ay":0.3,"az":9.85,"ax":-0.16,"pz":10.12,"vy":-2.69,"px":552611.99,"py":4182954.23},{"vx":-3.63,"ay":2.39,"az":9.77,"ax":-2.42,"pz":10.12,"vy":-3.63,"px":552609.77,"py":4182952.26},{"vx":-4.25,"ay":0.33,"az":9.82,"ax":-0.3,"pz":10.12,"vy":-4.25,"px":552607.55,"py":4182949.92}],"traffic_light":[0,1,0,1,3,3],"state_arr":[{"acceleration":0.12,"throttle":19.2,"steering_target":62.55,"brake":0,"steering_rate":100,"speed":2.83},{"acceleration":0.4,"throttle":17.04,"steering_target":51.99,"brake":0,"steering_rate":100,"speed":3.03},{"acceleration":0.34,"throttle":16.04,"steering_target":31.37,"brake":0,"steering_rate":100,"speed":2.9},{"acceleration":0.38,"throttle":15.7,"steering_target":18.8,"brake":0,"steering_rate":100,"speed":3.97},{"acceleration":1.21,"throttle":36.68,"steering_target":12.31,"brake":0,"steering_rate":100,"speed":4.2},{"acceleration":0.68,"throttle":22.18,"steering_target":8.1,"brake":0,"steering_rate":100,"speed":5.41},{"acceleration":0.62,"throttle":21.23,"steering_target":5.6,"brake":0,"steering_rate":100,"speed":5.75}],"obstacle_arr":[[{"acceleration":{"y":-2.16,"x":-1.22,"z":0},"position":{"y":4182950.66,"x":552597.89,"z":10.56},"volume":5.62,"type":"VEHICLE","velocity":{"y":-2.54,"x":-2.15,"z":0}}],[{"acceleration":{"y":-1.86,"x":-1.43,"z":0},"position":{"y":4182948.56,"x":552596.07,"z":10.48},"volume":5.74,"type":"VEHICLE","velocity":{"y":-3.73,"x":-2.94,"z":0}},{"acceleration":{"y":0,"x":0,"z":0},"position":{"y":4183018.35,"x":552633.51,"z":11.12},"volume":26.84,"type":"VEHICLE","velocity":{"y":0,"x":0,"z":0}}],[{"acceleration":{"y":-1.42,"x":-1.18,"z":0},"position":{"y":4182945.2,"x":552594.11,"z":10.58},"volume":4.98,"type":"VEHICLE","velocity":{"y":-5.12,"x":-4,"z":0}}],[{"acceleration":{"y":-1.18,"x":-0.85,"z":0},"position":{"y":4182941.8,"x":552591.63,"z":10.56},"volume":5.39,"type":"VEHICLE","velocity":{"y":-5.97,"x":-4.65,"z":0}},{"acceleration":{"y":0,"x":0,"z":0},"position":{"y":4183018.49,"x":552632.45,"z":11.17},"volume":39.66,"type":"VEHICLE","velocity":{"y":0,"x":0,"z":0}}],[{"acceleration":{"y":-0.79,"x":-0.55,"z":0},"position":{"y":4182939.74,"x":552590.21,"z":10.53},"volume":4.31,"type":"VEHICLE","velocity":{"y":-6.63,"x":-5.12,"z":0}}],[{"acceleration":{"y":-0.51,"x":-0.21,"z":0},"position":{"y":4182936.82,"x":552588.14,"z":10.54},"volume":4.43,"type":"VEHICLE","velocity":{"y":-6.95,"x":-5.27,"z":0}}]],"action_description":"Pedestrian walking on the front lane","ev_state":[-269.493927001953,10.1243152618408,460.2451171875,0,0,0,12,-1,359.967651367188,218.761322021484,359.880126953125,5.9026563443575295],"collision_probability":0}
 timestamp= 1619815818000 [RUN] Validate G1 Guard Condition: 
The ego vehicle E Detection.Collision == True.
 timestamp= 1619815818000 [RES] Global Validate result: 
false
 timestamp= 1619815818000 [RUN] Validate G2 Guard Condition: 
The ego vehicle E Detection.OffRoad == True.
 timestamp= 1619815818000 [RES] Global Validate result: 
false
 timestamp= 1619815818000 [RUN] Validate G3 Guard Condition: 
The ego vehicle E Detection.HardBrake == True.
 timestamp= 1619815818000 [RES] Global Validate result: 
false
 timestamp= 1619815818000 [RUN] Validate G4 Guard Condition: 
The ego vehicle E Detection.ArrivalTest == True.
 timestamp= 1619815818000 [RES] Global Validate result: 
false
 timestamp= 1619815818000 [RUN] Validate step: 
The test system VALIDATES THAT the Apollo A Status.GetControl is nearly equal to {"acceleration": 0.62, "throttle": 21.23, "steering_target": 5.6, "brake": 0.0, "steering_rate": 100.0, "speed": 5.75}
 timestamp= 1619815818000 [RES] Validate result: 
true
 timestamp= 1619815818000 [RUN] Generate steps
 timestamp= 1619815818000 [RUN] Validate step: 
The test system VALIDATES THAT the simulator S Status.GetEnvironment is nearly equal to {"x": -269.49, "y": 10.12, "z": 460.25, "rain": 0.0, "fog": 0.0, "wetness": 0.0, "timeofday": 12.0, "signal": -1.0, "rx": 359.97, "ry": 218.76, "rz": 359.88, "speed": 5.9}
 timestamp= 1619815818000 [RES] Validate result: 
true
 timestamp= 1619815818000 [RUN] Execute API step: 
The environment controller C INVOKES API Control.Agents.Pedestrians.WalkRandomly(which_lane=Current_Lane).
 timestamp= 1619815821000 [RES] API result: 
{"pose_arr":[{"vx":-4.63,"ay":0.36,"az":9.81,"ax":-0.4,"pz":10.12,"vy":-4.63,"px":552605.43,"py":4182947.43},{"vx":-5.66,"ay":0.87,"az":9.87,"ax":0.33,"pz":10.12,"vy":-5.66,"px":552603.21,"py":4182944.56},{"vx":-5.82,"ay":0.14,"az":9.81,"ax":-0.19,"pz":10.12,"vy":-5.82,"px":552600.32,"py":4182940.59},{"vx":-6.02,"ay":0.14,"az":9.81,"ax":-0.19,"pz":10.12,"vy":-6.02,"px":552597.63,"py":4182936.81},{"vx":-6.17,"ay":0.18,"az":9.8,"ax":-0.24,"pz":10.12,"vy":-6.17,"px":552595.09,"py":4182933.13},{"vx":-5.97,"ay":0.14,"az":9.8,"ax":-0.2,"pz":10.12,"vy":-5.97,"px":552592.19,"py":4182928.9},{"vx":-5.85,"ay":-0.33,"az":9.82,"ax":0.49,"pz":10.12,"vy":-5.85,"px":552589.34,"py":4182924.74}],"traffic_light":[1,3,3,1,3,3],"state_arr":[{"acceleration":1.39,"throttle":53.96,"steering_target":5.39,"brake":0,"steering_rate":100,"speed":5.96},{"acceleration":0.51,"throttle":15.7,"steering_target":-0.11,"brake":0,"steering_rate":100,"speed":7.04},{"acceleration":0.34,"throttle":15.7,"steering_target":1.9,"brake":0,"steering_rate":100,"speed":7.19},{"acceleration":0.37,"throttle":15.7,"steering_target":0.45,"brake":0,"steering_rate":100,"speed":7.36},{"acceleration":-0.21,"throttle":0,"steering_target":0.28,"brake":14.5,"steering_rate":100,"speed":7.49},{"acceleration":0.58,"throttle":15.7,"steering_target":-0.12,"brake":0,"steering_rate":100,"speed":7.21},{"acceleration":-0.11,"throttle":0,"steering_target":-0.32,"brake":14.5,"steering_rate":100,"speed":7.26}],"obstacle_arr":[[{"acceleration":{"y":-0.45,"x":-0.18,"z":0},"position":{"y":4182933.22,"x":552585.43,"z":10.55},"volume":4.29,"type":"VEHICLE","velocity":{"y":-7.07,"x":-5.23,"z":0}}],[{"acceleration":{"y":-0.44,"x":-0.16,"z":0},"position":{"y":4182929.63,"x":552583.27,"z":10.58},"volume":5.34,"type":"VEHICLE","velocity":{"y":-7.15,"x":-5.16,"z":0}}],[{"acceleration":{"y":-0.41,"x":-0.12,"z":0},"position":{"y":4182926.21,"x":552580.85,"z":10.45},"volume":5.67,"type":"VEHICLE","velocity":{"y":-7.17,"x":-5.05,"z":0}}],[{"acceleration":{"y":-0.38,"x":-0.16,"z":0},"position":{"y":4182925.36,"x":552580.01,"z":10.48},"volume":6.61,"type":"VEHICLE","velocity":{"y":-7.19,"x":-4.97,"z":0}}],[{"acceleration":{"y":-0.35,"x":-0.14,"z":0},"position":{"y":4182921.92,"x":552577.66,"z":10.66},"volume":3.85,"type":"VEHICLE","velocity":{"y":-7.17,"x":-4.92,"z":0}}],[{"acceleration":{"y":-0.33,"x":-0.18,"z":0},"position":{"y":4182918.41,"x":552575.04,"z":10.44},"volume":6.96,"type":"VEHICLE","velocity":{"y":-7.19,"x":-4.89,"z":0}}],[{"acceleration":{"y":-0.3,"x":-0.11,"z":0},"position":{"y":4182916.01,"x":552573.58,"z":10.55},"volume":6.13,"type":"VEHICLE","velocity":{"y":-7.17,"x":-4.84,"z":0}}]],"action_description":"Pedestrian walking on the front lane","ev_state":[-285.888885498047,10.1240739822388,436.915252685547,0,0,0,12,-1,0.0304905492812395,214.558853149414,0.0101194884628057,7.036778931127773],"collision_probability":0}
 timestamp= 1619815821000 [RUN] Validate G1 Guard Condition: 
The ego vehicle E Detection.Collision == True.
 timestamp= 1619815821000 [RES] Global Validate result: 
false
 timestamp= 1619815821000 [RUN] Validate G2 Guard Condition: 
The ego vehicle E Detection.OffRoad == True.
 timestamp= 1619815821000 [RES] Global Validate result: 
false
 timestamp= 1619815821000 [RUN] Validate G3 Guard Condition: 
The ego vehicle E Detection.HardBrake == True.
 timestamp= 1619815821000 [RES] Global Validate result: 
false
 timestamp= 1619815821000 [RUN] Validate G4 Guard Condition: 
The ego vehicle E Detection.ArrivalTest == True.
 timestamp= 1619815821000 [RES] Global Validate result: 
false
 timestamp= 1619815821000 [RUN] Validate step: 
The test system VALIDATES THAT the Apollo A Status.GetControl is nearly equal to {"acceleration": -0.11, "throttle": 0.0, "steering_target": -0.32, "brake": 14.5, "steering_rate": 100.0, "speed": 7.26}
 timestamp= 1619815821000 [RES] Validate result: 
true
 timestamp= 1619815821000 [RUN] Generate steps
 timestamp= 1619815821000 [RUN] Validate step: 
The test system VALIDATES THAT the simulator S Status.GetEnvironment is nearly equal to {"x": -285.89, "y": 10.12, "z": 436.92, "rain": 0.0, "fog": 0.0, "wetness": 0.0, "timeofday": 12.0, "signal": -1.0, "rx": 0.03, "ry": 214.56, "rz": 0.01, "speed": 7.04}
 timestamp= 1619815821000 [RES] Validate result: 
true
 timestamp= 1619815821000 [RUN] Execute API step: 
The environment controller C INVOKES API Control.Agents.Pedestrians.WalkRandomly(which_lane=Current_Lane).
 timestamp= 1619815825000 [RES] API result: 
{"pose_arr":[{"vx":-5.81,"ay":0.14,"az":9.8,"ax":-0.2,"pz":10.12,"vy":-5.81,"px":552587.74,"py":4182922.42},{"vx":-5.95,"ay":0.39,"az":9.8,"ax":-0.48,"pz":10.12,"vy":-5.95,"px":552585.16,"py":4182918.75},{"vx":-5.5,"ay":-1.24,"az":9.83,"ax":1.72,"pz":10.13,"vy":-5.5,"px":552583.11,"py":4182915.83},{"vx":-5.21,"ay":0.14,"az":9.8,"ax":-0.21,"pz":10.12,"vy":-5.21,"px":552580.21,"py":4182911.73},{"vx":-5.38,"ay":0.14,"az":9.81,"ax":-0.2,"pz":10.12,"vy":-5.38,"px":552577.46,"py":4182907.84},{"vx":-5.69,"ay":0.07,"az":9.82,"ax":-0.1,"pz":10.12,"vy":-5.69,"px":552575.29,"py":4182904.78}],"traffic_light":[3,3,1,3,3,3],"state_arr":[{"acceleration":0.02,"throttle":15.7,"steering_target":-1.29,"brake":0,"steering_rate":100,"speed":7.04},{"acceleration":0.45,"throttle":15.7,"steering_target":0.32,"brake":0,"steering_rate":100,"speed":7.15},{"acceleration":-0.66,"throttle":0,"steering_target":-0.78,"brake":27.5,"steering_rate":100,"speed":7.25},{"acceleration":0.08,"throttle":15.7,"steering_target":0.3,"brake":0,"steering_rate":100,"speed":6.4},{"acceleration":0.77,"throttle":22.74,"steering_target":0.01,"brake":0,"steering_rate":100,"speed":6.4},{"acceleration":1.13,"throttle":15.7,"steering_target":-0.2,"brake":0,"steering_rate":100,"speed":6.65},{"acceleration":0.48,"throttle":15.7,"steering_target":0.02,"brake":0,"steering_rate":100,"speed":6.97},{"acceleration":0.9,"throttle":23.46,"steering_target":-0.12,"brake":0,"steering_rate":100,"speed":7.24}],"obstacle_arr":[[{"acceleration":{"y":-0.24,"x":-0.07,"z":0},"position":{"y":4182914.18,"x":552572.14,"z":10.53},"volume":6.17,"type":"VEHICLE","velocity":{"y":-7.13,"x":-4.77,"z":0}}],[{"acceleration":{"y":-0.2,"x":-0.07,"z":0},"position":{"y":4182911.02,"x":552569.91,"z":10.38},"volume":6.66,"type":"VEHICLE","velocity":{"y":-3.43,"x":-2.42,"z":0}}],[{"acceleration":{"y":-1.3,"x":-0.75,"z":0},"position":{"y":4182908.88,"x":552568.45,"z":10.43},"volume":6,"type":"VEHICLE","velocity":{"y":-4.48,"x":-3.05,"z":0}}],[{"acceleration":{"y":0.19,"x":0.11,"z":0},"position":{"y":4182905.7,"x":552566.19,"z":10.46},"volume":6,"type":"VEHICLE","velocity":{"y":-4.33,"x":-3.11,"z":0}},{"acceleration":{"y":-0.02,"x":-0.02,"z":0},"position":{"y":4182908.17,"x":552573.49,"z":10.4},"volume":0.04,"type":"PEDESTRIAN","velocity":{"y":0,"x":0,"z":0}}],[{"acceleration":{"y":2.11,"x":1.07,"z":0},"position":{"y":4182903.47,"x":552564.51,"z":10.42},"volume":7.58,"type":"VEHICLE","velocity":{"y":-2.91,"x":-2.4,"z":0}},{"acceleration":{"y":-0.08,"x":-0.05,"z":0},"position":{"y":4182908.54,"x":552573.75,"z":10.41},"volume":0.18,"type":"PEDESTRIAN","velocity":{"y":0,"x":0,"z":0}}],[{"acceleration":{"y":1.99,"x":1.69,"z":0},"position":{"y":4182901.29,"x":552562.95,"z":10.39},"volume":8.8,"type":"VEHICLE","velocity":{"y":-1.68,"x":-1.29,"z":0}},{"acceleration":{"y":0,"x":0,"z":0},"position":{"y":4182907.71,"x":552573.26,"z":10.54},"volume":0.15,"type":"PEDESTRIAN","velocity":{"y":0,"x":0,"z":0}}]],"action_description":"Pedestrian walking on the front lane","ev_state":[-301.619018554688,10.1240482330322,414.636535644531,0,0,0,12,-1,359.959411621094,215.330749511719,0.000393691414501518,7.237184842193991],"collision_probability":0.265}
 timestamp= 1619815825000 [RUN] Validate G1 Guard Condition: 
The ego vehicle E Detection.Collision == True.
 timestamp= 1619815825000 [RES] Global Validate result: 
false
 timestamp= 1619815825000 [RUN] Validate G2 Guard Condition: 
The ego vehicle E Detection.OffRoad == True.
 timestamp= 1619815825000 [RES] Global Validate result: 
false
 timestamp= 1619815825000 [RUN] Validate G3 Guard Condition: 
The ego vehicle E Detection.HardBrake == True.
 timestamp= 1619815825000 [RES] Global Validate result: 
false
 timestamp= 1619815825000 [RUN] Validate G4 Guard Condition: 
The ego vehicle E Detection.ArrivalTest == True.
 timestamp= 1619815825000 [RES] Global Validate result: 
false
 timestamp= 1619815825000 [RUN] Validate step: 
The test system VALIDATES THAT the Apollo A Status.GetControl is nearly equal to {"acceleration": 0.9, "throttle": 23.46, "steering_target": -0.12, "brake": 0.0, "steering_rate": 100.0, "speed": 7.24}
 timestamp= 1619815825000 [RES] Validate result: 
true
 timestamp= 1619815825000 [RUN] Generate steps
 timestamp= 1619815825000 [RUN] Validate step: 
The test system VALIDATES THAT the simulator S Status.GetEnvironment is nearly equal to {"x": -301.62, "y": 10.12, "z": 414.64, "rain": 0.0, "fog": 0.0, "wetness": 0.0, "timeofday": 12.0, "signal": -1.0, "rx": 359.96, "ry": 215.33, "rz": 0.0, "speed": 7.24}
 timestamp= 1619815825000 [RES] Validate result: 
true
 timestamp= 1619815825000 [RUN] Execute API step: 
The environment controller C INVOKES API Control.Agents.Pedestrians.WalkRandomly(which_lane=Current_Lane).
 timestamp= 1619815829000 [RES] API result: 
{"pose_arr":[{"vx":-5.9,"ay":0,"az":9.81,"ax":0,"pz":10.12,"vy":-5.9,"px":552573.14,"py":4182901.76},{"vx":-6.15,"ay":0.43,"az":9.82,"ax":-0.62,"pz":10.12,"vy":-6.15,"px":552570.62,"py":4182898.2},{"vx":-6.17,"ay":-0.59,"az":9.84,"ax":0.83,"pz":10.12,"vy":-6.17,"px":552567.54,"py":4182893.86},{"vx":-5.63,"ay":-0.9,"az":9.82,"ax":1.26,"pz":10.13,"vy":-5.63,"px":552564.95,"py":4182890.23},{"vx":-4.96,"ay":-0.38,"az":9.79,"ax":0.53,"pz":10.13,"vy":-4.96,"px":552562.9,"py":4182887.35},{"vx":-4.13,"ay":-11.87,"az":8.9,"ax":24.33,"pz":10.13,"vy":-4.13,"px":552561.4,"py":4182885.26},{"vx":-0.75,"ay":-1.12,"az":9.77,"ax":1.57,"pz":10.13,"vy":-0.75,"px":552560.55,"py":4182884.1}],"traffic_light":[3,3,1,3,3,0,0],"state_arr":[{"acceleration":0.67,"throttle":15.7,"steering_target":-0.06,"brake":0,"steering_rate":100,"speed":7.5},{"acceleration":-0.65,"throttle":0,"steering_target":-0.07,"brake":20.59,"steering_rate":100,"speed":7.87},{"acceleration":-1.19,"throttle":0,"steering_target":-0.18,"brake":21.62,"steering_rate":100,"speed":7.49},{"acceleration":-0.96,"throttle":0,"steering_target":-0.06,"brake":42.29,"steering_rate":100,"speed":6.74},{"acceleration":-2.37,"throttle":0,"steering_target":0.72,"brake":33.97,"steering_rate":100,"speed":5.83},{"acceleration":-2.66,"throttle":0,"steering_target":0.94,"brake":37.23,"steering_rate":100,"speed":1.89},{"acceleration":-1.65,"throttle":0,"steering_target":1.02,"brake":28.28,"steering_rate":100,"speed":0.67}],"obstacle_arr":[[{"acceleration":{"y":0.8,"x":1.06,"z":0},"position":{"y":4182900.14,"x":552562.34,"z":10.39},"volume":7.07,"type":"VEHICLE","velocity":{"y":-1.34,"x":-0.67,"z":0}},{"acceleration":{"y":0,"x":0,"z":0},"position":{"y":4182908.21,"x":552573.6,"z":10.44},"volume":0.13,"type":"PEDESTRIAN","velocity":{"y":0,"x":0,"z":0}}],[{"acceleration":{"y":1.02,"x":0.67,"z":0},"position":{"y":4182899.41,"x":552561.88,"z":10.42},"volume":7.01,"type":"VEHICLE","velocity":{"y":-0.32,"x":-0.05,"z":0}},{"acceleration":{"y":0.22,"x":0.15,"z":0},"position":{"y":4182908.48,"x":552573.83,"z":10.54},"volume":0.03,"type":"PEDESTRIAN","velocity":{"y":0,"x":0,"z":0}}],[{"acceleration":{"y":-0.01,"x":-0.17,"z":0},"position":{"y":4182898.33,"x":552561.03,"z":10.45},"volume":7.51,"type":"VEHICLE","velocity":{"y":-0.37,"x":-0.18,"z":0}},{"acceleration":{"y":0,"x":0,"z":0},"position":{"y":4182882.88,"x":552560.2,"z":10.34},"volume":0.16,"type":"PEDESTRIAN","velocity":{"y":0.5,"x":0.31,"z":0}}],[{"acceleration":{"y":-0.22,"x":-0.34,"z":0},"position":{"y":4182897.11,"x":552560.16,"z":10.39},"volume":7.28,"type":"VEHICLE","velocity":{"y":-0.52,"x":-0.48,"z":0}},{"acceleration":{"y":0,"x":0,"z":0},"position":{"y":4182882.44,"x":552559.86,"z":10.43},"volume":0.08,"type":"PEDESTRIAN","velocity":{"y":0,"x":0,"z":0}}],[{"acceleration":{"y":-0.81,"x":-0.55,"z":0},"position":{"y":4182896.75,"x":552559.85,"z":10.52},"volume":8.31,"type":"VEHICLE","velocity":{"y":-0.71,"x":-0.65,"z":0}},{"acceleration":{"y":0,"x":0,"z":0},"position":{"y":4182882.46,"x":552559.89,"z":10.36},"volume":0.15,"type":"PEDESTRIAN","velocity":{"y":0,"x":0,"z":0}}],[{"acceleration":{"y":-0.65,"x":-0.42,"z":0},"position":{"y":4182896.31,"x":552559.43,"z":10.33},"volume":9.02,"type":"VEHICLE","velocity":{"y":-1.19,"x":-0.98,"z":0}}],[{"acceleration":{"y":-0.19,"x":-0.04,"z":0},"position":{"y":4182895.94,"x":552559.2,"z":10.38},"volume":7.81,"type":"VEHICLE","velocity":{"y":-0.62,"x":-0.36,"z":0}}]],"action_description":"Pedestrian walking on the front lane","ev_state":[-314.356597900391,10.1278619766235,396.820892333984,0,0,0,12,1,359.975128173828,216.554763793945,359.513275146484,0.2912200195413111],"collision_probability":1}
 timestamp= 1619815829000 [RUN] Validate G1 Guard Condition: 
The ego vehicle E Detection.Collision == True.
 timestamp= 1619815829000 [RES] Global Validate result: 
true
 timestamp= 1619815829000 [RUN] Collision == True
 timestamp= 1619815829000 [RUN] Validate G2 Guard Condition: 
The ego vehicle E Detection.OffRoad == True.
 timestamp= 1619815829000 [RES] Global Validate result: 
false
 timestamp= 1619815829000 [RUN] Validate G3 Guard Condition: 
The ego vehicle E Detection.HardBrake == True.
 timestamp= 1619815829000 [RES] Global Validate result: 
true
 timestamp= 1619815829000 [RUN] HardBrake == True
 timestamp= 1619815829000 [RUN] RESUME STEP @preStep
 timestamp= 1619815829000 [RUN] Resume step basicflow22
 timestamp= 1619815829000 [RUN] Validate G4 Guard Condition: 
The ego vehicle E Detection.ArrivalTest == True.
 timestamp= 1619815829000 [RES] Global Validate result: 
false
 timestamp= 1619815829000 [RUN] Validate step: 
The test system VALIDATES THAT the Apollo A Status.GetControl is nearly equal to {"acceleration": -1.65, "throttle": 0.0, "steering_target": 1.02, "brake": 28.28, "steering_rate": 100.0, "speed": 0.67}
 timestamp= 1619815829000 [RES] Validate result: 
true
 timestamp= 1619815829000 [RUN] Generate steps
 timestamp= 1619815829000 [RUN] Validate step: 
The test system VALIDATES THAT the simulator S Status.GetEnvironment is nearly equal to {"x": -314.36, "y": 10.13, "z": 396.82, "rain": 0.0, "fog": 0.0, "wetness": 0.0, "timeofday": 12.0, "signal": 1.0, "rx": 359.98, "ry": 216.55, "rz": 359.51, "speed": 0.29}
 timestamp= 1619815829000 [RES] Validate result: 
true
 timestamp= 1619815829000 [RUN] Execute API step: 
The environment controller C INVOKES API Control.Agents.Pedestrians.WalkRandomly(which_lane=Current_Lane).
 timestamp= 1619815833000 [RES] API result: 
{"pose_arr":[{"vx":-0.24,"ay":0,"az":9.81,"ax":0,"pz":10.13,"vy":-0.24,"px":552560.43,"py":4182883.92},{"vx":0,"ay":0,"az":9.82,"ax":0,"pz":10.13,"vy":0,"px":552560.41,"py":4182883.89},{"vx":-0.38,"ay":2.18,"az":9.8,"ax":-2.92,"pz":10.12,"vy":-0.38,"px":552560.39,"py":4182883.86},{"vx":-1.8,"ay":2.66,"az":9.77,"ax":-3.68,"pz":10.12,"vy":-1.8,"px":552559.92,"py":4182883.24},{"vx":-2.09,"ay":-0.25,"az":9.82,"ax":0.42,"pz":10.13,"vy":-2.09,"px":552558.86,"py":4182881.84},{"vx":-2.25,"ay":0.5,"az":9.81,"ax":-0.54,"pz":10.12,"vy":-2.25,"px":552558.06,"py":4182880.71},{"vx":-3.03,"ay":0,"az":9.81,"ax":0,"pz":10.12,"vy":-3.03,"px":552557.07,"py":4182879.29},{"vx":-3.42,"ay":0,"az":9.81,"ax":0,"pz":10.12,"vy":-3.42,"px":552555.93,"py":4182877.68}],"traffic_light":[0,0,0,0,0,0],"state_arr":[{"acceleration":-1.04,"throttle":0,"steering_target":0.52,"brake":22.3,"steering_rate":100,"speed":0.29},{"acceleration":-0.32,"throttle":0,"steering_target":0.15,"brake":43.35,"steering_rate":100,"speed":0},{"acceleration":0.48,"throttle":76.06,"steering_target":0.15,"brake":0,"steering_rate":100,"speed":0},{"acceleration":0.44,"throttle":63.78,"steering_target":5.27,"brake":0,"steering_rate":100,"speed":1.81},{"acceleration":-0.11,"throttle":0,"steering_target":4.34,"brake":14.5,"steering_rate":100,"speed":2.68},{"acceleration":0.62,"throttle":21.27,"steering_target":-0.7,"brake":0,"steering_rate":100,"speed":2.63},{"acceleration":0.7,"throttle":37.25,"steering_target":-2.2,"brake":0,"steering_rate":100,"speed":3.51},{"acceleration":1.06,"throttle":27.64,"steering_target":-0.79,"brake":0,"steering_rate":100,"speed":3.98}],"obstacle_arr":[[{"acceleration":{"y":0.72,"x":0.61,"z":0},"position":{"y":4182895.14,"x":552558.68,"z":10.43},"volume":7.43,"type":"VEHICLE","velocity":{"y":-0.36,"x":-0.13,"z":0}}],[{"acceleration":{"y":-3.28,"x":-2.42,"z":0},"position":{"y":4182891.39,"x":552556.01,"z":10.51},"volume":7.45,"type":"VEHICLE","velocity":{"y":-2,"x":-1.34,"z":0}}],[{"acceleration":{"y":-5.73,"x":-4.19,"z":0},"position":{"y":4182885.15,"x":552551.55,"z":10.58},"volume":3.9,"type":"VEHICLE","velocity":{"y":-4.94,"x":-3.48,"z":0}}],[{"acceleration":{"y":-6.52,"x":-4.81,"z":0},"position":{"y":4182879.4,"x":552547.17,"z":10.49},"volume":7.45,"type":"VEHICLE","velocity":{"y":-8.49,"x":-6.07,"z":0}}],[{"acceleration":{"y":-6.58,"x":-5.21,"z":0},"position":{"y":4182865.94,"x":552537.45,"z":10.74},"volume":3.72,"type":"VEHICLE","velocity":{"y":-14.25,"x":-10.5,"z":0}},{"acceleration":{"y":0,"x":0,"z":0},"position":{"y":4182861.48,"x":552553.15,"z":10.71},"volume":0.14,"type":"PEDESTRIAN","velocity":{"y":0,"x":0,"z":0}}],[],[]],"action_description":"Pedestrian walking on the front lane","ev_state":[-318.829956054688,10.1245346069336,390.555877685547,0,0,0,12,1,359.941192626953,215.315536499023,0.0084021370857954,4.1943215979644695],"collision_probability":0.595}
 timestamp= 1619815833000 [RUN] Validate G1 Guard Condition: 
The ego vehicle E Detection.Collision == True.
 timestamp= 1619815833000 [RES] Global Validate result: 
false
 timestamp= 1619815833000 [RUN] Validate G2 Guard Condition: 
The ego vehicle E Detection.OffRoad == True.
 timestamp= 1619815833000 [RES] Global Validate result: 
false
 timestamp= 1619815833000 [RUN] Validate G3 Guard Condition: 
The ego vehicle E Detection.HardBrake == True.
 timestamp= 1619815833000 [RES] Global Validate result: 
true
 timestamp= 1619815833000 [RUN] HardBrake == True
 timestamp= 1619815833000 [RUN] RESUME STEP @preStep
 timestamp= 1619815833000 [RUN] Resume step basicflow25
 timestamp= 1619815833000 [RUN] Validate G4 Guard Condition: 
The ego vehicle E Detection.ArrivalTest == True.
 timestamp= 1619815833000 [RES] Global Validate result: 
false
 timestamp= 1619815833000 [RUN] Validate step: 
The test system VALIDATES THAT the Apollo A Status.GetControl is nearly equal to {"acceleration": 1.06, "throttle": 27.64, "steering_target": -0.79, "brake": 0.0, "steering_rate": 100.0, "speed": 3.98}
 timestamp= 1619815833000 [RES] Validate result: 
true
 timestamp= 1619815833000 [RUN] Generate steps
 timestamp= 1619815833000 [RUN] Validate step: 
The test system VALIDATES THAT the simulator S Status.GetEnvironment is nearly equal to {"x": -318.83, "y": 10.12, "z": 390.56, "rain": 0.0, "fog": 0.0, "wetness": 0.0, "timeofday": 12.0, "signal": 1.0, "rx": 359.94, "ry": 215.32, "rz": 0.01, "speed": 4.19}
 timestamp= 1619815833000 [RES] Validate result: 
true
 timestamp= 1619815833000 [RUN] Execute API step: 
The environment controller C INVOKES API Control.Agents.NPCVehicle.NPCVehicleMaintainLane(which_lane=Left_Lane&which_car=Jeep).
 timestamp= 1619815837000 [RES] API result: 
{"pose_arr":[{"vx":-4.33,"ay":1.46,"az":9.82,"ax":-2.05,"pz":10.12,"vy":-4.33,"px":552554.81,"py":4182876.1},{"vx":-4.91,"ay":0.4,"az":9.81,"ax":-0.55,"pz":10.12,"vy":-4.91,"px":552552.33,"py":4182872.63},{"vx":-5.19,"ay":0.39,"az":9.81,"ax":-0.54,"pz":10.12,"vy":-5.19,"px":552550.34,"py":4182869.87},{"vx":-5.48,"ay":0.14,"az":9.82,"ax":-0.2,"pz":10.12,"vy":-5.48,"px":552548.02,"py":4182866.69},{"vx":-5.59,"ay":-16.35,"az":8.65,"ax":33.12,"pz":10.12,"vy":-5.59,"px":552545.52,"py":4182863.27},{"vx":-2.11,"ay":-1.56,"az":9.7,"ax":0.47,"pz":10.12,"vy":-2.11,"px":552544.45,"py":4182861.88},{"vx":-1.68,"ay":-0.29,"az":9.8,"ax":0.5,"pz":10.13,"vy":-1.68,"px":552543.67,"py":4182860.86}],"traffic_light":[0,0,0,0,0,0,0],"state_arr":[{"acceleration":1.77,"throttle":56.95,"steering_target":-0.6,"brake":0,"steering_rate":100,"speed":4.19},{"acceleration":0.69,"throttle":22.24,"steering_target":-0.55,"brake":0,"steering_rate":100,"speed":5.76},{"acceleration":0.77,"throttle":23.15,"steering_target":-0.43,"brake":0,"steering_rate":100,"speed":6.05},{"acceleration":0.74,"throttle":21.74,"steering_target":-0.31,"brake":0,"steering_rate":100,"speed":6.47},{"acceleration":0.72,"throttle":15.7,"steering_target":-0.3,"brake":0,"steering_rate":100,"speed":6.79},{"acceleration":0.63,"throttle":15.7,"steering_target":-0.16,"brake":0,"steering_rate":100,"speed":7.09},{"acceleration":-1.73,"throttle":0,"steering_target":4.85,"brake":28.31,"steering_rate":100,"speed":2.64},{"acceleration":-0.35,"throttle":0,"steering_target":4.32,"brake":14.5,"steering_rate":100,"speed":2.09}],"obstacle_arr":[[{"acceleration":{"y":0,"x":0,"z":0},"position":{"y":4182881.92,"x":552559.5,"z":10.43},"volume":0.09,"type":"PEDESTRIAN","velocity":{"y":0,"x":0,"z":0}}],[{"acceleration":{"y":0,"x":0,"z":0},"position":{"y":4182882.24,"x":552559.71,"z":10.47},"volume":0.09,"type":"PEDESTRIAN","velocity":{"y":0,"x":0,"z":0}},{"acceleration":{"y":0,"x":0,"z":0},"position":{"y":4182871,"x":552562.6,"z":10.36},"volume":8.86,"type":"VEHICLE","velocity":{"y":0,"x":0,"z":0}}],[{"acceleration":{"y":0,"x":0,"z":0},"position":{"y":4182882.29,"x":552559.74,"z":10.61},"volume":0.04,"type":"PEDESTRIAN","velocity":{"y":0,"x":0,"z":0}},{"acceleration":{"y":0,"x":0.01,"z":0},"position":{"y":4182868.76,"x":552567.69,"z":10.7},"volume":3.07,"type":"VEHICLE","velocity":{"y":0,"x":0,"z":0}}],[{"acceleration":{"y":0.01,"x":0.02,"z":0},"position":{"y":4182868.02,"x":552571.5,"z":10.62},"volume":2.88,"type":"VEHICLE","velocity":{"y":0.03,"x":3.79,"z":0}}],[{"acceleration":{"y":2.28,"x":1.41,"z":0},"position":{"y":4182868.25,"x":552576.97,"z":11.27},"volume":0,"type":"VEHICLE","velocity":{"y":0.4,"x":4.36,"z":0}}],[{"acceleration":{"y":-0.46,"x":-0.43,"z":0},"position":{"y":4182859.77,"x":552543.43,"z":10.82},"volume":0.18,"type":"PEDESTRIAN","velocity":{"y":0,"x":0,"z":0}}],[]],"action_description":"NPC vehicle (Jeep) driving on the left lane","ev_state":[-331.174957275391,10.1261587142944,373.697631835938,0,0,0,12,1,359.969207763672,217.263946533203,359.802185058594,2.0590268045109856],"collision_probability":1}
 timestamp= 1619815837000 [RUN] Validate G1 Guard Condition: 
The ego vehicle E Detection.Collision == True.
 timestamp= 1619815837000 [RES] Global Validate result: 
true
 timestamp= 1619815837000 [RUN] Collision == True
 timestamp= 1619815837000 [RUN] Validate G2 Guard Condition: 
The ego vehicle E Detection.OffRoad == True.
 timestamp= 1619815837000 [RES] Global Validate result: 
false
 timestamp= 1619815837000 [RUN] Validate G3 Guard Condition: 
The ego vehicle E Detection.HardBrake == True.
 timestamp= 1619815837000 [RES] Global Validate result: 
true
 timestamp= 1619815837000 [RUN] HardBrake == True
 timestamp= 1619815837000 [RUN] RESUME STEP @preStep
 timestamp= 1619815837000 [RUN] Resume step basicflow28
 timestamp= 1619815837000 [RUN] Validate G4 Guard Condition: 
The ego vehicle E Detection.ArrivalTest == True.
 timestamp= 1619815837000 [RES] Global Validate result: 
false
 timestamp= 1619815837000 [RUN] Validate step: 
The test system VALIDATES THAT the Apollo A Status.GetControl is nearly equal to {"acceleration": -0.35, "throttle": 0.0, "steering_target": 4.32, "brake": 14.5, "steering_rate": 100.0, "speed": 2.09}
 timestamp= 1619815837000 [RES] Validate result: 
true
 timestamp= 1619815837000 [RUN] Generate steps
 timestamp= 1619815837000 [RUN] Validate step: 
The test system VALIDATES THAT the simulator S Status.GetEnvironment is nearly equal to {"x": -331.17, "y": 10.13, "z": 373.7, "rain": 0.0, "fog": 0.0, "wetness": 0.0, "timeofday": 12.0, "signal": 1.0, "rx": 359.97, "ry": 217.26, "rz": 359.8, "speed": 2.06}
 timestamp= 1619815837000 [RES] Validate result: 
true
 timestamp= 1619815837000 [RUN] Execute API step: 
The environment controller C INVOKES API Control.Agents.Pedestrians.WalkRandomly(which_lane=Current_Lane).
 timestamp= 1619815841000 [RES] API result: 
{"pose_arr":[{"vx":-2.13,"ay":0.78,"az":9.82,"ax":-1.1,"pz":10.12,"vy":-2.13,"px":552543.05,"py":4182860.03},{"vx":-3.42,"ay":2.53,"az":9.8,"ax":-3.29,"pz":10.12,"vy":-3.42,"px":552541.85,"py":4182858.48},{"vx":-4.21,"ay":0.46,"az":9.85,"ax":-0.18,"pz":10.12,"vy":-4.21,"px":552540.25,"py":4182856.34},{"vx":-4.43,"ay":0.35,"az":9.81,"ax":-0.55,"pz":10.12,"vy":-4.43,"px":552538.39,"py":4182853.84},{"vx":-4.78,"ay":0.41,"az":9.81,"ax":-0.54,"pz":10.12,"vy":-4.78,"px":552536.21,"py":4182850.91},{"vx":-4.83,"ay":0.32,"az":9.8,"ax":-0.44,"pz":10.12,"vy":-4.83,"px":552534.01,"py":4182847.96},{"vx":-2.26,"ay":-10.18,"az":9.71,"ax":14.21,"pz":10.12,"vy":-2.26,"px":552532.07,"py":4182845.35}],"traffic_light":[0,0,0,0,0,0],"state_arr":[{"acceleration":1.05,"throttle":36.5,"steering_target":1.13,"brake":0,"steering_rate":100,"speed":2.31},{"acceleration":1.2,"throttle":29.46,"steering_target":2.67,"brake":0,"steering_rate":100,"speed":3.54},{"acceleration":1.06,"throttle":40.28,"steering_target":-0.76,"brake":0,"steering_rate":100,"speed":4.44},{"acceleration":0.57,"throttle":20.34,"steering_target":-1.44,"brake":0,"steering_rate":100,"speed":5.33},{"acceleration":0.79,"throttle":23.57,"steering_target":1.07,"brake":0,"steering_rate":100,"speed":5.62},{"acceleration":0.69,"throttle":22.18,"steering_target":-0.35,"brake":0,"steering_rate":100,"speed":6.02},{"acceleration":0.95,"throttle":15.7,"steering_target":0.27,"brake":0,"steering_rate":100,"speed":6.03},{"acceleration":1.4,"throttle":42.59,"steering_target":0.19,"brake":0,"steering_rate":100,"speed":6.05}],"obstacle_arr":[[],[],[],[],[{"acceleration":{"y":0,"x":0,"z":0},"position":{"y":4182859.15,"x":552542.6,"z":10.44},"volume":0.21,"type":"PEDESTRIAN","velocity":{"y":0.71,"x":0.28,"z":0}}],[{"acceleration":{"y":0.44,"x":0.11,"z":0},"position":{"y":4182859.43,"x":552542.44,"z":10.53},"volume":0.08,"type":"PEDESTRIAN","velocity":{"y":1.08,"x":0.36,"z":0}}],[]],"action_description":"Pedestrian walking on the front lane","ev_state":[-342.789978027344,10.1223993301392,358.139404296875,0,0,0,12,1,359.851531982422,216.625732421875,0.10206526517868,1.9864693213902433],"collision_probability":1}
 timestamp= 1619815841000 [RUN] Validate G1 Guard Condition: 
The ego vehicle E Detection.Collision == True.
 timestamp= 1619815841000 [RES] Global Validate result: 
true
 timestamp= 1619815841000 [RUN] Collision == True
 timestamp= 1619815841000 [RUN] Validate G2 Guard Condition: 
The ego vehicle E Detection.OffRoad == True.
 timestamp= 1619815841000 [RES] Global Validate result: 
false
 timestamp= 1619815841000 [RUN] Validate G3 Guard Condition: 
The ego vehicle E Detection.HardBrake == True.
 timestamp= 1619815841000 [RES] Global Validate result: 
true
 timestamp= 1619815841000 [RUN] HardBrake == True
 timestamp= 1619815841000 [RUN] RESUME STEP @preStep
 timestamp= 1619815841000 [RUN] Resume step basicflow31
 timestamp= 1619815841000 [RUN] Validate G4 Guard Condition: 
The ego vehicle E Detection.ArrivalTest == True.
 timestamp= 1619815841000 [RES] Global Validate result: 
false
 timestamp= 1619815841000 [RUN] Validate step: 
The test system VALIDATES THAT the Apollo A Status.GetControl is nearly equal to {"acceleration": 1.4, "throttle": 42.59, "steering_target": 0.19, "brake": 0.0, "steering_rate": 100.0, "speed": 6.05}
 timestamp= 1619815841000 [RES] Validate result: 
true
 timestamp= 1619815841000 [RUN] Generate steps
 timestamp= 1619815841000 [RUN] Validate step: 
The test system VALIDATES THAT the simulator S Status.GetEnvironment is nearly equal to {"x": -342.79, "y": 10.12, "z": 358.14, "rain": 0.0, "fog": 0.0, "wetness": 0.0, "timeofday": 12.0, "signal": 1.0, "rx": 359.85, "ry": 216.63, "rz": 0.1, "speed": 1.99}
 timestamp= 1619815841000 [RES] Validate result: 
true
 timestamp= 1619815841000 [RUN] Execute API step: 
The environment controller C INVOKES API Control.Agents.NPCVehicle.NPCVehicleSwitchLane(which_lane=Current_Lane&which_car=Hatchback).
 timestamp= 1619815845000 [RES] API result: 
{"pose_arr":[{"vx":-1.22,"ay":0.09,"az":9.78,"ax":-0.13,"pz":10.12,"vy":-1.22,"px":552531.72,"py":4182844.87},{"vx":-0.83,"ay":-0.88,"az":9.81,"ax":1.2,"pz":10.13,"vy":-0.83,"px":552531.23,"py":4182844.21},{"vx":-0.38,"ay":-0.58,"az":9.81,"ax":0.79,"pz":10.13,"vy":-0.38,"px":552531.04,"py":4182843.95},{"vx":-0.1,"ay":0.1,"az":9.8,"ax":-0.06,"pz":10.12,"vy":-0.1,"px":552530.96,"py":4182843.84},{"vx":-0.38,"ay":0.09,"az":9.84,"ax":-0.11,"pz":10.12,"vy":-0.38,"px":552530.88,"py":4182843.74},{"vx":-0.18,"ay":0.07,"az":9.8,"ax":-0.1,"pz":10.12,"vy":-0.18,"px":552530.78,"py":4182843.6},{"vx":-0.37,"ay":-0.35,"az":9.84,"ax":0.48,"pz":10.12,"vy":-0.37,"px":552530.67,"py":4182843.46}],"traffic_light":[0,0,0,0,0,0,0],"state_arr":[{"acceleration":0.14,"throttle":15.7,"steering_target":0.08,"brake":0,"steering_rate":100,"speed":1.49},{"acceleration":-1.23,"throttle":0,"steering_target":0.06,"brake":24,"steering_rate":100,"speed":1.5},{"acceleration":-0.94,"throttle":0,"steering_target":-0.03,"brake":20.51,"steering_rate":100,"speed":0.74},{"acceleration":-0.01,"throttle":0,"steering_target":0.06,"brake":14.5,"steering_rate":100,"speed":0.29},{"acceleration":0.16,"throttle":35.07,"steering_target":0.08,"brake":0,"steering_rate":100,"speed":0.2},{"acceleration":-0.02,"throttle":0,"steering_target":-0.01,"brake":14.5,"steering_rate":100,"speed":0.43},{"acceleration":0.04,"throttle":40.68,"steering_target":-0.01,"brake":0,"steering_rate":100,"speed":0.24},{"acceleration":-0.12,"throttle":0,"steering_target":-0.01,"brake":14.5,"steering_rate":100,"speed":0.42}],"obstacle_arr":[[{"acceleration":{"y":-0.03,"x":-0.02,"z":0},"position":{"y":4182842.59,"x":552529.48,"z":10.76},"volume":0.15,"type":"PEDESTRIAN","velocity":{"y":-0.89,"x":-0.71,"z":0}}],[{"acceleration":{"y":-0.7,"x":-0.32,"z":0},"position":{"y":4182841.8,"x":552529.03,"z":10.77},"volume":0.23,"type":"PEDESTRIAN","velocity":{"y":-1.22,"x":-0.79,"z":0}},{"acceleration":{"y":0,"x":0,"z":0},"position":{"y":4182828.6,"x":552519.3,"z":10.4},"volume":6.72,"type":"VEHICLE","velocity":{"y":0,"x":0,"z":0}}],[{"acceleration":{"y":-0.19,"x":-0.19,"z":0},"position":{"y":4182841.33,"x":552528.7,"z":10.8},"volume":0.14,"type":"PEDESTRIAN","velocity":{"y":-1.21,"x":-0.83,"z":0}},{"acceleration":{"y":-1.31,"x":0.26,"z":0},"position":{"y":4182827.37,"x":552519.48,"z":10.43},"volume":5.62,"type":"VEHICLE","velocity":{"y":-1.24,"x":0.24,"z":0}}],[{"acceleration":{"y":0.88,"x":0.39,"z":0},"position":{"y":4182841.01,"x":552528.45,"z":10.75},"volume":0.22,"type":"PEDESTRIAN","velocity":{"y":-0.59,"x":-0.51,"z":0}},{"acceleration":{"y":-2.71,"x":-0.37,"z":0},"position":{"y":4182825.26,"x":552520.14,"z":10.6},"volume":3.22,"type":"VEHICLE","velocity":{"y":-2.72,"x":0.09,"z":0}}],[{"acceleration":{"y":0.94,"x":0.75,"z":0},"position":{"y":4182841.03,"x":552528.44,"z":10.79},"volume":0.14,"type":"PEDESTRIAN","velocity":{"y":0,"x":0,"z":0}},{"acceleration":{"y":-1.43,"x":-1.56,"z":0},"position":{"y":4182825.02,"x":552520.34,"z":10.68},"volume":0.13,"type":"VEHICLE","velocity":{"y":-3.56,"x":-1.03,"z":0}}],[{"acceleration":{"y":0.07,"x":0.07,"z":0},"position":{"y":4182840.86,"x":552528.31,"z":10.79},"volume":0.15,"type":"PEDESTRIAN","velocity":{"y":0,"x":0,"z":0}}],[{"acceleration":{"y":0,"x":0,"z":0},"position":{"y":4182840.73,"x":552528.25,"z":10.8},"volume":0.15,"type":"PEDESTRIAN","velocity":{"y":0,"x":0,"z":0}},{"acceleration":{"y":-0.03,"x":-0.02,"z":0},"position":{"y":4182821.8,"x":552519.06,"z":10.44},"volume":1.51,"type":"VEHICLE","velocity":{"y":-1.06,"x":-0.55,"z":0}}],[{"acceleration":{"y":0,"x":0,"z":0},"position":{"y":4182840.51,"x":552528.15,"z":10.77},"volume":0.19,"type":"PEDESTRIAN","velocity":{"y":0,"x":0,"z":0}},{"acceleration":{"y":-0.94,"x":-0.57,"z":0},"position":{"y":4182819.92,"x":552517.82,"z":10.89},"volume":1.43,"type":"VEHICLE","velocity":{"y":-2.37,"x":-1.32,"z":0}}]],"action_description":"NPC vehicle (Hatchback) switching lane (current to right)","ev_state":[-344.179656982422,10.1256561279297,356.248474121094,0,0,0,12,0,359.949768066406,216.191055297852,0.00607199594378471,0.22356489719624978],"collision_probability":0.36}
 timestamp= 1619815845000 [RUN] Validate G1 Guard Condition: 
The ego vehicle E Detection.Collision == True.
 timestamp= 1619815845000 [RES] Global Validate result: 
false
 timestamp= 1619815845000 [RUN] Validate G2 Guard Condition: 
The ego vehicle E Detection.OffRoad == True.
 timestamp= 1619815845000 [RES] Global Validate result: 
false
 timestamp= 1619815845000 [RUN] Validate G3 Guard Condition: 
The ego vehicle E Detection.HardBrake == True.
 timestamp= 1619815845000 [RES] Global Validate result: 
false
 timestamp= 1619815845000 [RUN] Validate G4 Guard Condition: 
The ego vehicle E Detection.ArrivalTest == True.
 timestamp= 1619815845000 [RES] Global Validate result: 
false
 timestamp= 1619815845000 [RUN] Validate step: 
The test system VALIDATES THAT the Apollo A Status.GetControl is nearly equal to {"acceleration": -0.12, "throttle": 0.0, "steering_target": -0.01, "brake": 14.5, "steering_rate": 100.0, "speed": 0.42}
 timestamp= 1619815845000 [RES] Validate result: 
true
 timestamp= 1619815845000 [RUN] Generate steps
 timestamp= 1619815845000 [RUN] Validate step: 
The test system VALIDATES THAT the simulator S Status.GetEnvironment is nearly equal to {"x": -344.18, "y": 10.13, "z": 356.25, "rain": 0.0, "fog": 0.0, "wetness": 0.0, "timeofday": 12.0, "signal": 0.0, "rx": 359.95, "ry": 216.19, "rz": 0.01, "speed": 0.22}
 timestamp= 1619815845000 [RES] Validate result: 
true
 timestamp= 1619815845000 [RUN] Execute API step: 
The environment controller C INVOKES API Control.Agents.Pedestrians.WalkRandomly(which_lane=Current_Lane).
 timestamp= 1619815849000 [RES] API result: 
{"pose_arr":[{"vx":-0.18,"ay":-0.35,"az":9.8,"ax":0.48,"pz":10.12,"vy":-0.18,"px":552530.6,"py":4182843.36},{"vx":0,"ay":0,"az":9.82,"ax":0,"pz":10.12,"vy":0,"px":552530.58,"py":4182843.33},{"vx":-0.05,"ay":0.18,"az":9.81,"ax":-0.25,"pz":10.12,"vy":-0.05,"px":552530.58,"py":4182843.33},{"vx":-0.02,"ay":0,"az":9.81,"ax":0,"pz":10.12,"vy":-0.02,"px":552530.58,"py":4182843.33},{"vx":-0.01,"ay":0.07,"az":9.8,"ax":-0.1,"pz":10.12,"vy":-0.01,"px":552530.59,"py":4182843.34},{"vx":0,"ay":0,"az":9.81,"ax":0,"pz":10.12,"vy":0,"px":552530.58,"py":4182843.33},{"vx":0,"ay":0,"az":9.81,"ax":0,"pz":10.12,"vy":0,"px":552530.58,"py":4182843.33},{"vx":-0.03,"ay":0.07,"az":9.81,"ax":-0.1,"pz":10.12,"vy":-0.03,"px":552530.59,"py":4182843.33}],"traffic_light":[0,0,0,0,0,0,0],"state_arr":[{"acceleration":-0.06,"throttle":0,"steering_target":0,"brake":14.5,"steering_rate":100,"speed":0.22},{"acceleration":0.03,"throttle":15.7,"steering_target":-0.01,"brake":0,"steering_rate":100,"speed":0},{"acceleration":0,"throttle":0,"steering_target":-0.01,"brake":14.5,"steering_rate":100,"speed":0.07},{"acceleration":-0.05,"throttle":0,"steering_target":-0.01,"brake":41.96,"steering_rate":100,"speed":0.03},{"acceleration":0.03,"throttle":15.7,"steering_target":-0.01,"brake":0,"steering_rate":100,"speed":0},{"acceleration":-0.03,"throttle":0,"steering_target":0.12,"brake":25.56,"steering_rate":100,"speed":0.1},{"acceleration":-0.07,"throttle":0,"steering_target":0.1,"brake":42.48,"steering_rate":100,"speed":0.03},{"acceleration":0.01,"throttle":15.7,"steering_target":0.1,"brake":0,"steering_rate":100,"speed":0},{"acceleration":-0.01,"throttle":0,"steering_target":0.1,"brake":27.53,"steering_rate":100,"speed":0.03}],"obstacle_arr":[[{"acceleration":{"y":0,"x":0,"z":0},"position":{"y":4182840.46,"x":552528.11,"z":10.78},"volume":0.2,"type":"PEDESTRIAN","velocity":{"y":0,"x":0,"z":0}},{"acceleration":{"y":-0.18,"x":-0.52,"z":0},"position":{"y":4182819.06,"x":552517.4,"z":10.78},"volume":0.35,"type":"VEHICLE","velocity":{"y":-2.42,"x":-1.46,"z":0}}],[{"acceleration":{"y":0,"x":0,"z":0},"position":{"y":4182840.47,"x":552528.05,"z":10.75},"volume":0.22,"type":"PEDESTRIAN","velocity":{"y":0,"x":0,"z":0}},{"acceleration":{"y":-0.68,"x":-0.95,"z":0},"position":{"y":4182816.5,"x":552515.21,"z":10.62},"volume":0.97,"type":"VEHICLE","velocity":{"y":-2.91,"x":-2.1,"z":0}}],[{"acceleration":{"y":0,"x":0,"z":0},"position":{"y":4182840.46,"x":552528.04,"z":10.74},"volume":0.21,"type":"PEDESTRIAN","velocity":{"y":0,"x":0,"z":0}}],[{"acceleration":{"y":0,"x":0,"z":0},"position":{"y":4182840.5,"x":552528.01,"z":10.76},"volume":0.23,"type":"PEDESTRIAN","velocity":{"y":0,"x":0,"z":0}}],[{"acceleration":{"y":0,"x":0,"z":0},"position":{"y":4182840.54,"x":552527.97,"z":10.76},"volume":0.22,"type":"PEDESTRIAN","velocity":{"y":0,"x":0,"z":0}}],[{"acceleration":{"y":0,"x":0,"z":0},"position":{"y":4182840.52,"x":552527.94,"z":10.78},"volume":0.18,"type":"PEDESTRIAN","velocity":{"y":0,"x":0,"z":0}}],[{"acceleration":{"y":0,"x":0,"z":0},"position":{"y":4182840.53,"x":552527.94,"z":10.77},"volume":0.17,"type":"PEDESTRIAN","velocity":{"y":0,"x":0,"z":0}}]],"action_description":"Pedestrian walking on the front lane","ev_state":[-344.193298339844,10.1253108978271,356.221160888672,0,0,0,12,-1,359.937255859375,216.210952758789,0.0133945280686021,0.03283563418548184],"collision_probability":0.361}
 timestamp= 1619815849000 [RUN] Validate G1 Guard Condition: 
The ego vehicle E Detection.Collision == True.
 timestamp= 1619815849000 [RES] Global Validate result: 
false
 timestamp= 1619815849000 [RUN] Validate G2 Guard Condition: 
The ego vehicle E Detection.OffRoad == True.
 timestamp= 1619815849000 [RES] Global Validate result: 
false
 timestamp= 1619815849000 [RUN] Validate G3 Guard Condition: 
The ego vehicle E Detection.HardBrake == True.
 timestamp= 1619815849000 [RES] Global Validate result: 
false
 timestamp= 1619815849000 [RUN] Validate G4 Guard Condition: 
The ego vehicle E Detection.ArrivalTest == True.
 timestamp= 1619815849000 [RES] Global Validate result: 
false
 timestamp= 1619815849000 [RUN] Validate step: 
The test system VALIDATES THAT the Apollo A Status.GetControl is nearly equal to {"acceleration": -0.01, "throttle": 0.0, "steering_target": 0.1, "brake": 27.53, "steering_rate": 100.0, "speed": 0.03}
 timestamp= 1619815849000 [RES] Validate result: 
true
 timestamp= 1619815849000 [RUN] Generate steps
 timestamp= 1619815849000 [RUN] Validate step: 
The test system VALIDATES THAT the simulator S Status.GetEnvironment is nearly equal to {"x": -344.19, "y": 10.13, "z": 356.22, "rain": 0.0, "fog": 0.0, "wetness": 0.0, "timeofday": 12.0, "signal": -1.0, "rx": 359.94, "ry": 216.21, "rz": 0.01, "speed": 0.03}
 timestamp= 1619815849000 [RES] Validate result: 
true
 timestamp= 1619815849000 [RUN] Execute API step: 
The environment controller C INVOKES API Control.Agents.Pedestrians.WalkRandomly(which_lane=Current_Lane).
 timestamp= 1619815854000 [RES] API result: 
{"pose_arr":[{"vx":0,"ay":0,"az":9.81,"ax":0,"pz":10.12,"vy":0,"px":552530.59,"py":4182843.33},{"vx":0,"ay":0,"az":9.81,"ax":0,"pz":10.12,"vy":0,"px":552530.59,"py":4182843.33},{"vx":0,"ay":0,"az":9.81,"ax":0,"pz":10.12,"vy":0,"px":552530.59,"py":4182843.33},{"vx":0,"ay":0,"az":9.81,"ax":0,"pz":10.12,"vy":0,"px":552530.6,"py":4182843.34},{"vx":0,"ay":0,"az":9.81,"ax":0,"pz":10.12,"vy":0,"px":552530.6,"py":4182843.34},{"vx":0,"ay":0,"az":9.81,"ax":0,"pz":10.12,"vy":0,"px":552530.6,"py":4182843.34},{"vx":0,"ay":0,"az":9.81,"ax":0,"pz":10.12,"vy":0,"px":552530.6,"py":4182843.34},{"vx":0,"ay":0,"az":9.81,"ax":0,"pz":10.12,"vy":0,"px":552530.6,"py":4182843.34}],"traffic_light":[0,0,0,0,0,0,0],"state_arr":[{"acceleration":0,"throttle":0,"steering_target":0.1,"brake":14.5,"steering_rate":100,"speed":0.01},{"acceleration":-0.01,"throttle":0,"steering_target":0.1,"brake":35.8,"steering_rate":100,"speed":0.02},{"acceleration":-0.01,"throttle":0,"steering_target":0.1,"brake":39.23,"steering_rate":100,"speed":0.03},{"acceleration":0,"throttle":0,"steering_target":0.1,"brake":14.5,"steering_rate":100,"speed":0},{"acceleration":0,"throttle":0,"steering_target":0.1,"brake":14.5,"steering_rate":100,"speed":0},{"acceleration":0,"throttle":0,"steering_target":0.1,"brake":14.5,"steering_rate":100,"speed":0},{"acceleration":0,"throttle":0,"steering_target":0.1,"brake":14.5,"steering_rate":100,"speed":0},{"acceleration":0,"throttle":0,"steering_target":0.1,"brake":14.5,"steering_rate":100,"speed":0}],"obstacle_arr":[[{"acceleration":{"y":0,"x":0,"z":0},"position":{"y":4182840.56,"x":552527.92,"z":10.77},"volume":0.2,"type":"PEDESTRIAN","velocity":{"y":0,"x":0,"z":0}}],[{"acceleration":{"y":0,"x":0,"z":0},"position":{"y":4182840.57,"x":552527.9,"z":10.77},"volume":0.2,"type":"PEDESTRIAN","velocity":{"y":0,"x":0,"z":0}}],[{"acceleration":{"y":0,"x":0,"z":0},"position":{"y":4182840.61,"x":552527.92,"z":10.73},"volume":0.21,"type":"PEDESTRIAN","velocity":{"y":0,"x":0,"z":0}}],[{"acceleration":{"y":0,"x":0,"z":0},"position":{"y":4182840.61,"x":552527.88,"z":10.76},"volume":0.2,"type":"PEDESTRIAN","velocity":{"y":0,"x":0,"z":0}}],[{"acceleration":{"y":0,"x":0,"z":0},"position":{"y":4182840.59,"x":552527.87,"z":10.8},"volume":0.15,"type":"PEDESTRIAN","velocity":{"y":0,"x":0,"z":0}}],[{"acceleration":{"y":0,"x":0,"z":0},"position":{"y":4182840.61,"x":552527.86,"z":10.79},"volume":0.18,"type":"PEDESTRIAN","velocity":{"y":0,"x":0,"z":0}}],[{"acceleration":{"y":0,"x":0,"z":0},"position":{"y":4182840.61,"x":552527.88,"z":10.74},"volume":0.22,"type":"PEDESTRIAN","velocity":{"y":0,"x":0,"z":0}}],[{"acceleration":{"y":0,"x":0,"z":0},"position":{"y":4182840.65,"x":552527.87,"z":10.71},"volume":0.24,"type":"PEDESTRIAN","velocity":{"y":0,"x":0,"z":0}}]],"action_description":"Pedestrian walking on the front lane","ev_state":[-344.184509277344,10.1253242492676,356.230438232422,0,0,0,12,-1,359.936584472656,216.370300292969,0.0214679390192032,0.0005291253179211574],"collision_probability":0.36}
 timestamp= 1619815854000 [RUN] Validate G1 Guard Condition: 
The ego vehicle E Detection.Collision == True.
 timestamp= 1619815854000 [RES] Global Validate result: 
false
 timestamp= 1619815854000 [RUN] Validate G2 Guard Condition: 
The ego vehicle E Detection.OffRoad == True.
 timestamp= 1619815854000 [RES] Global Validate result: 
false
 timestamp= 1619815854000 [RUN] Validate G3 Guard Condition: 
The ego vehicle E Detection.HardBrake == True.
 timestamp= 1619815854000 [RES] Global Validate result: 
false
 timestamp= 1619815854000 [RUN] Validate G4 Guard Condition: 
The ego vehicle E Detection.ArrivalTest == True.
 timestamp= 1619815854000 [RES] Global Validate result: 
false
 timestamp= 1619815854000 [RUN] Validate step: 
The test system VALIDATES THAT the Apollo A Status.GetControl is nearly equal to {"acceleration": -0.0, "throttle": 0.0, "steering_target": 0.1, "brake": 14.5, "steering_rate": 100.0, "speed": 0.0}
 timestamp= 1619815854000 [RES] Validate result: 
true
 timestamp= 1619815854000 [RUN] Generate steps
 timestamp= 1619815854000 [RUN] Validate step: 
The test system VALIDATES THAT the simulator S Status.GetEnvironment is nearly equal to {"x": -344.18, "y": 10.13, "z": 356.23, "rain": 0.0, "fog": 0.0, "wetness": 0.0, "timeofday": 12.0, "signal": -1.0, "rx": 359.94, "ry": 216.37, "rz": 0.02, "speed": 0.0}
 timestamp= 1619815854000 [RES] Validate result: 
true
 timestamp= 1619815854000 [RUN] Execute API step: 
The environment controller C INVOKES API Control.Agents.Pedestrians.WalkRandomly(which_lane=Current_Lane).
 timestamp= 1619815858000 [RES] API result: 
{"pose_arr":[{"vx":0,"ay":0,"az":9.81,"ax":0,"pz":10.12,"vy":0,"px":552530.6,"py":4182843.34},{"vx":0,"ay":0,"az":9.81,"ax":0,"pz":10.12,"vy":0,"px":552530.6,"py":4182843.34},{"vx":0,"ay":0,"az":9.81,"ax":0,"pz":10.12,"vy":0,"px":552530.6,"py":4182843.34},{"vx":0,"ay":0,"az":9.81,"ax":0,"pz":10.12,"vy":0,"px":552530.6,"py":4182843.34},{"vx":0,"ay":0,"az":9.81,"ax":0,"pz":10.12,"vy":0,"px":552530.6,"py":4182843.34},{"vx":0,"ay":0,"az":9.81,"ax":0,"pz":10.12,"vy":0,"px":552530.6,"py":4182843.34},{"vx":0,"ay":0,"az":9.81,"ax":0,"pz":10.12,"vy":0,"px":552530.6,"py":4182843.34},{"vx":0,"ay":0,"az":9.81,"ax":0,"pz":10.12,"vy":0,"px":552530.6,"py":4182843.34}],"traffic_light":[0,0,0,0,0,0,0,0],"state_arr":[{"acceleration":0,"throttle":0,"steering_target":0.1,"brake":14.5,"steering_rate":100,"speed":0},{"acceleration":0,"throttle":0,"steering_target":0.1,"brake":14.5,"steering_rate":100,"speed":0},{"acceleration":0,"throttle":0,"steering_target":0.1,"brake":14.5,"steering_rate":100,"speed":0},{"acceleration":0,"throttle":0,"steering_target":0.1,"brake":14.5,"steering_rate":100,"speed":0},{"acceleration":0,"throttle":0,"steering_target":0.1,"brake":14.5,"steering_rate":100,"speed":0},{"acceleration":0,"throttle":0,"steering_target":0.1,"brake":14.5,"steering_rate":100,"speed":0},{"acceleration":0,"throttle":0,"steering_target":0.1,"brake":14.5,"steering_rate":100,"speed":0},{"acceleration":0,"throttle":0,"steering_target":0.1,"brake":14.5,"steering_rate":100,"speed":0},{"acceleration":0,"throttle":0,"steering_target":0.1,"brake":14.5,"steering_rate":100,"speed":0}],"obstacle_arr":[[{"acceleration":{"y":0,"x":0,"z":0},"position":{"y":4182840.65,"x":552527.85,"z":10.74},"volume":0.23,"type":"PEDESTRIAN","velocity":{"y":0,"x":0,"z":0}}],[{"acceleration":{"y":0,"x":0,"z":0},"position":{"y":4182840.63,"x":552527.9,"z":10.73},"volume":0.21,"type":"PEDESTRIAN","velocity":{"y":0,"x":0,"z":0}}],[{"acceleration":{"y":0,"x":0,"z":0},"position":{"y":4182840.61,"x":552527.83,"z":10.79},"volume":0.19,"type":"PEDESTRIAN","velocity":{"y":0,"x":0,"z":0}}],[{"acceleration":{"y":0,"x":0,"z":0},"position":{"y":4182840.64,"x":552527.86,"z":10.79},"volume":0.19,"type":"PEDESTRIAN","velocity":{"y":0,"x":0,"z":0}}],[{"acceleration":{"y":0,"x":0,"z":0},"position":{"y":4182840.65,"x":552527.91,"z":10.72},"volume":0.22,"type":"PEDESTRIAN","velocity":{"y":0,"x":0,"z":0}}],[{"acceleration":{"y":0,"x":0,"z":0},"position":{"y":4182840.67,"x":552527.86,"z":10.76},"volume":0.21,"type":"PEDESTRIAN","velocity":{"y":0,"x":0,"z":0}}],[{"acceleration":{"y":0,"x":0,"z":0},"position":{"y":4182840.66,"x":552527.89,"z":10.72},"volume":0.24,"type":"PEDESTRIAN","velocity":{"y":0,"x":0,"z":0}}],[{"acceleration":{"y":0,"x":0,"z":0},"position":{"y":4182840.66,"x":552527.86,"z":10.76},"volume":0.21,"type":"PEDESTRIAN","velocity":{"y":0,"x":0,"z":0}}]],"action_description":"Pedestrian walking on the front lane","ev_state":[-344.184509277344,10.1253242492676,356.230438232422,0,0,0,12,-1,359.936676025391,216.395629882813,0.0218430291861296,0.000535445711723661],"collision_probability":0.36}
 timestamp= 1619815858000 [RUN] Validate G1 Guard Condition: 
The ego vehicle E Detection.Collision == True.
 timestamp= 1619815858000 [RES] Global Validate result: 
false
 timestamp= 1619815858000 [RUN] Validate G2 Guard Condition: 
The ego vehicle E Detection.OffRoad == True.
 timestamp= 1619815858000 [RES] Global Validate result: 
true
 timestamp= 1619815858000 [RUN] OffRoad == True
 timestamp= 1619815858000 [RUN] The simulator S INVOKES API Command.Simulation.Stop() to stop simulation.
 timestamp= 1619815858000 [WARNING] The test system Stop the Simulator S!
 timestamp= 1619815858000 [RUN] ABORT.
 timestamp= 1619815858000 [ERROR] The test system Abort!
 timestamp= 1619815858000 [RUN] Validate G3 Guard Condition: 
The ego vehicle E Detection.HardBrake == True.
 timestamp= 1619815858000 [RES] Global Validate result: 
false
 timestamp= 1619815858000 [RUN] Validate G4 Guard Condition: 
The ego vehicle E Detection.ArrivalTest == True.
 timestamp= 1619815858000 [RES] Global Validate result: 
false
 timestamp= 1619815858000 [RES] Basic PostCondition Validate result: 
false
 timestamp= 1619815858000 [STOP] numberOfStep: 46 basicFlow: 
[{"name":"","description":"","eClass":"Sentence","content":"The test system VALIDATES THAT the simulator S Status.GetEnvironment is nearly equal to {\"x\": -244.83, \"y\": 10.12, \"z\": 465.35, \"rain\": 0.0, \"fog\": 0.0, \"wetness\": 0.0, \"timeofday\": 12.0, \"signal\": 1.0, \"rx\": 0.0, \"ry\": 305.81, \"rz\": -0.0, \"speed\": 0.0}","natures":[]},{"name":"","description":"","eClass":"Sentence","content":"The environment controller C INVOKES API Control.Agents.Pedestrians.WalkRandomly(which_lane=Current_Lane).","natures":[]},{"name":"","description":"","eClass":"Sentence","content":"The test system VALIDATES THAT the Apollo A Status.GetControl is nearly equal to {\"acceleration\": -3.0, \"throttle\": 0.0, \"steering_target\": 0.05, \"brake\": 69.99, \"steering_rate\": 100.0, \"speed\": 0.0}","natures":[]},{"name":"","description":"","eClass":"Sentence","content":"The test system VALIDATES THAT the simulator S Status.GetEnvironment is nearly equal to {\"x\": -244.83, \"y\": 10.12, \"z\": 465.35, \"rain\": 0.0, \"fog\": 0.0, \"wetness\": 0.0, \"timeofday\": 12.0, \"signal\": 1.0, \"rx\": 0.0, \"ry\": 305.81, \"rz\": -0.0, \"speed\": 0.0}","natures":[]},{"name":"","description":"","eClass":"Sentence","content":"The environment controller C INVOKES API Control.Agents.Pedestrians.WalkRandomly(which_lane=Current_Lane).","natures":[]},{"name":"","description":"","eClass":"Sentence","content":"The test system VALIDATES THAT the Apollo A Status.GetControl is nearly equal to {\"acceleration\": -3.0, \"throttle\": 0.0, \"steering_target\": 0.05, \"brake\": 70.0, \"steering_rate\": 100.0, \"speed\": 0.0}","natures":[]},{"name":"","description":"","eClass":"Sentence","content":"The test system VALIDATES THAT the simulator S Status.GetEnvironment is nearly equal to {\"x\": -244.83, \"y\": 10.12, \"z\": 465.35, \"rain\": 0.0, \"fog\": 0.0, \"wetness\": 0.0, \"timeofday\": 12.0, \"signal\": 0.0, \"rx\": 0.0, \"ry\": 305.81, \"rz\": -0.0, \"speed\": 0.0}","natures":[]},{"name":"","description":"","eClass":"Sentence","content":"The environment controller C INVOKES API Control.Agents.Pedestrians.WalkRandomly(which_lane=Current_Lane).","natures":[]},{"name":"","description":"","eClass":"Sentence","content":"The test system VALIDATES THAT the Apollo A Status.GetControl is nearly equal to {\"acceleration\": 0.02, \"throttle\": 60.61, \"steering_target\": 5.24, \"brake\": 0.0, \"steering_rate\": 100.0, \"speed\": 2.08}","natures":[]},{"name":"","description":"","eClass":"Sentence","content":"The test system VALIDATES THAT the simulator S Status.GetEnvironment is nearly equal to {\"x\": -247.91, \"y\": 10.12, \"z\": 467.51, \"rain\": 0.0, \"fog\": 0.0, \"wetness\": 0.0, \"timeofday\": 12.0, \"signal\": -1.0, \"rx\": 359.99, \"ry\": 304.79, \"rz\": 0.0, \"speed\": 2.08}","natures":[]},{"name":"","description":"","eClass":"Sentence","content":"The environment controller C INVOKES API Control.Agents.NPCVehicle.NPCVehicleSwitchLane(which_lane=Left_Lane&which_car=Jeep).","natures":[]},{"name":"","description":"","eClass":"Sentence","content":"The test system VALIDATES THAT the Apollo A Status.GetControl is nearly equal to {\"acceleration\": -0.51, \"throttle\": 0.0, \"steering_target\": 48.4, \"brake\": 14.5, \"steering_rate\": 100.0, \"speed\": 3.05}","natures":[]},{"name":"","description":"","eClass":"Sentence","content":"The test system VALIDATES THAT the simulator S Status.GetEnvironment is nearly equal to {\"x\": -257.56, \"y\": 10.12, \"z\": 470.76, \"rain\": 0.0, \"fog\": 0.0, \"wetness\": 0.0, \"timeofday\": 12.0, \"signal\": -1.0, \"rx\": 0.05, \"ry\": 269.08, \"rz\": 359.74, \"speed\": 2.83}","natures":[]},{"name":"","description":"","eClass":"Sentence","content":"The environment controller C INVOKES API Control.Agents.Pedestrians.WalkRandomly(which_lane=Current_Lane).","natures":[]},{"name":"","description":"","eClass":"Sentence","content":"The test system VALIDATES THAT the Apollo A Status.GetControl is nearly equal to {\"acceleration\": 0.62, \"throttle\": 21.23, \"steering_target\": 5.6, \"brake\": 0.0, \"steering_rate\": 100.0, \"speed\": 5.75}","natures":[]},{"name":"","description":"","eClass":"Sentence","content":"The test system VALIDATES THAT the simulator S Status.GetEnvironment is nearly equal to {\"x\": -269.49, \"y\": 10.12, \"z\": 460.25, \"rain\": 0.0, \"fog\": 0.0, \"wetness\": 0.0, \"timeofday\": 12.0, \"signal\": -1.0, \"rx\": 359.97, \"ry\": 218.76, \"rz\": 359.88, \"speed\": 5.9}","natures":[]},{"name":"","description":"","eClass":"Sentence","content":"The environment controller C INVOKES API Control.Agents.Pedestrians.WalkRandomly(which_lane=Current_Lane).","natures":[]},{"name":"","description":"","eClass":"Sentence","content":"The test system VALIDATES THAT the Apollo A Status.GetControl is nearly equal to {\"acceleration\": -0.11, \"throttle\": 0.0, \"steering_target\": -0.32, \"brake\": 14.5, \"steering_rate\": 100.0, \"speed\": 7.26}","natures":[]},{"name":"","description":"","eClass":"Sentence","content":"The test system VALIDATES THAT the simulator S Status.GetEnvironment is nearly equal to {\"x\": -285.89, \"y\": 10.12, \"z\": 436.92, \"rain\": 0.0, \"fog\": 0.0, \"wetness\": 0.0, \"timeofday\": 12.0, \"signal\": -1.0, \"rx\": 0.03, \"ry\": 214.56, \"rz\": 0.01, \"speed\": 7.04}","natures":[]},{"name":"","description":"","eClass":"Sentence","content":"The environment controller C INVOKES API Control.Agents.Pedestrians.WalkRandomly(which_lane=Current_Lane).","natures":[]},{"name":"","description":"","eClass":"Sentence","content":"The test system VALIDATES THAT the Apollo A Status.GetControl is nearly equal to {\"acceleration\": 0.9, \"throttle\": 23.46, \"steering_target\": -0.12, \"brake\": 0.0, \"steering_rate\": 100.0, \"speed\": 7.24}","natures":[]},{"name":"","description":"","eClass":"Sentence","content":"The test system VALIDATES THAT the simulator S Status.GetEnvironment is nearly equal to {\"x\": -301.62, \"y\": 10.12, \"z\": 414.64, \"rain\": 0.0, \"fog\": 0.0, \"wetness\": 0.0, \"timeofday\": 12.0, \"signal\": -1.0, \"rx\": 359.96, \"ry\": 215.33, \"rz\": 0.0, \"speed\": 7.24}","natures":[]},{"name":"","description":"","eClass":"Sentence","content":"The environment controller C INVOKES API Control.Agents.Pedestrians.WalkRandomly(which_lane=Current_Lane).","natures":[]},{"name":"","description":"","eClass":"Sentence","content":"The test system VALIDATES THAT the Apollo A Status.GetControl is nearly equal to {\"acceleration\": -1.65, \"throttle\": 0.0, \"steering_target\": 1.02, \"brake\": 28.28, \"steering_rate\": 100.0, \"speed\": 0.67}","natures":[]},{"name":"","description":"","eClass":"Sentence","content":"The test system VALIDATES THAT the simulator S Status.GetEnvironment is nearly equal to {\"x\": -314.36, \"y\": 10.13, \"z\": 396.82, \"rain\": 0.0, \"fog\": 0.0, \"wetness\": 0.0, \"timeofday\": 12.0, \"signal\": 1.0, \"rx\": 359.98, \"ry\": 216.55, \"rz\": 359.51, \"speed\": 0.29}","natures":[]},{"name":"","description":"","eClass":"Sentence","content":"The environment controller C INVOKES API Control.Agents.Pedestrians.WalkRandomly(which_lane=Current_Lane).","natures":[]},{"name":"","description":"","eClass":"Sentence","content":"The test system VALIDATES THAT the Apollo A Status.GetControl is nearly equal to {\"acceleration\": 1.06, \"throttle\": 27.64, \"steering_target\": -0.79, \"brake\": 0.0, \"steering_rate\": 100.0, \"speed\": 3.98}","natures":[]},{"name":"","description":"","eClass":"Sentence","content":"The test system VALIDATES THAT the simulator S Status.GetEnvironment is nearly equal to {\"x\": -318.83, \"y\": 10.12, \"z\": 390.56, \"rain\": 0.0, \"fog\": 0.0, \"wetness\": 0.0, \"timeofday\": 12.0, \"signal\": 1.0, \"rx\": 359.94, \"ry\": 215.32, \"rz\": 0.01, \"speed\": 4.19}","natures":[]},{"name":"","description":"","eClass":"Sentence","content":"The environment controller C INVOKES API Control.Agents.NPCVehicle.NPCVehicleMaintainLane(which_lane=Left_Lane&which_car=Jeep).","natures":[]},{"name":"","description":"","eClass":"Sentence","content":"The test system VALIDATES THAT the Apollo A Status.GetControl is nearly equal to {\"acceleration\": -0.35, \"throttle\": 0.0, \"steering_target\": 4.32, \"brake\": 14.5, \"steering_rate\": 100.0, \"speed\": 2.09}","natures":[]},{"name":"","description":"","eClass":"Sentence","content":"The test system VALIDATES THAT the simulator S Status.GetEnvironment is nearly equal to {\"x\": -331.17, \"y\": 10.13, \"z\": 373.7, \"rain\": 0.0, \"fog\": 0.0, \"wetness\": 0.0, \"timeofday\": 12.0, \"signal\": 1.0, \"rx\": 359.97, \"ry\": 217.26, \"rz\": 359.8, \"speed\": 2.06}","natures":[]},{"name":"","description":"","eClass":"Sentence","content":"The environment controller C INVOKES API Control.Agents.Pedestrians.WalkRandomly(which_lane=Current_Lane).","natures":[]},{"name":"","description":"","eClass":"Sentence","content":"The test system VALIDATES THAT the Apollo A Status.GetControl is nearly equal to {\"acceleration\": 1.4, \"throttle\": 42.59, \"steering_target\": 0.19, \"brake\": 0.0, \"steering_rate\": 100.0, \"speed\": 6.05}","natures":[]},{"name":"","description":"","eClass":"Sentence","content":"The test system VALIDATES THAT the simulator S Status.GetEnvironment is nearly equal to {\"x\": -342.79, \"y\": 10.12, \"z\": 358.14, \"rain\": 0.0, \"fog\": 0.0, \"wetness\": 0.0, \"timeofday\": 12.0, \"signal\": 1.0, \"rx\": 359.85, \"ry\": 216.63, \"rz\": 0.1, \"speed\": 1.99}","natures":[]},{"name":"","description":"","eClass":"Sentence","content":"The environment controller C INVOKES API Control.Agents.NPCVehicle.NPCVehicleSwitchLane(which_lane=Current_Lane&which_car=Hatchback).","natures":[]},{"name":"","description":"","eClass":"Sentence","content":"The test system VALIDATES THAT the Apollo A Status.GetControl is nearly equal to {\"acceleration\": -0.12, \"throttle\": 0.0, \"steering_target\": -0.01, \"brake\": 14.5, \"steering_rate\": 100.0, \"speed\": 0.42}","natures":[]},{"name":"","description":"","eClass":"Sentence","content":"The test system VALIDATES THAT the simulator S Status.GetEnvironment is nearly equal to {\"x\": -344.18, \"y\": 10.13, \"z\": 356.25, \"rain\": 0.0, \"fog\": 0.0, \"wetness\": 0.0, \"timeofday\": 12.0, \"signal\": 0.0, \"rx\": 359.95, \"ry\": 216.19, \"rz\": 0.01, \"speed\": 0.22}","natures":[]},{"name":"","description":"","eClass":"Sentence","content":"The environment controller C INVOKES API Control.Agents.Pedestrians.WalkRandomly(which_lane=Current_Lane).","natures":[]},{"name":"","description":"","eClass":"Sentence","content":"The test system VALIDATES THAT the Apollo A Status.GetControl is nearly equal to {\"acceleration\": -0.01, \"throttle\": 0.0, \"steering_target\": 0.1, \"brake\": 27.53, \"steering_rate\": 100.0, \"speed\": 0.03}","natures":[]},{"name":"","description":"","eClass":"Sentence","content":"The test system VALIDATES THAT the simulator S Status.GetEnvironment is nearly equal to {\"x\": -344.19, \"y\": 10.13, \"z\": 356.22, \"rain\": 0.0, \"fog\": 0.0, \"wetness\": 0.0, \"timeofday\": 12.0, \"signal\": -1.0, \"rx\": 359.94, \"ry\": 216.21, \"rz\": 0.01, \"speed\": 0.03}","natures":[]},{"name":"","description":"","eClass":"Sentence","content":"The environment controller C INVOKES API Control.Agents.Pedestrians.WalkRandomly(which_lane=Current_Lane).","natures":[]},{"name":"","description":"","eClass":"Sentence","content":"The test system VALIDATES THAT the Apollo A Status.GetControl is nearly equal to {\"acceleration\": -0.0, \"throttle\": 0.0, \"steering_target\": 0.1, \"brake\": 14.5, \"steering_rate\": 100.0, \"speed\": 0.0}","natures":[]},{"name":"","description":"","eClass":"Sentence","content":"The test system VALIDATES THAT the simulator S Status.GetEnvironment is nearly equal to {\"x\": -344.18, \"y\": 10.13, \"z\": 356.23, \"rain\": 0.0, \"fog\": 0.0, \"wetness\": 0.0, \"timeofday\": 12.0, \"signal\": -1.0, \"rx\": 359.94, \"ry\": 216.37, \"rz\": 0.02, \"speed\": 0.0}","natures":[]},{"name":"","description":"","eClass":"Sentence","content":"The environment controller C INVOKES API Control.Agents.Pedestrians.WalkRandomly(which_lane=Current_Lane).","natures":[]},{"name":"","description":"","eClass":"Sentence","content":"The test system VALIDATES THAT the Apollo A Status.GetControl is nearly equal to {\"acceleration\": -0.0, \"throttle\": 0.0, \"steering_target\": 0.1, \"brake\": 14.5, \"steering_rate\": 100.0, \"speed\": 0.0}","natures":[]},{"name":"","description":"","eClass":"Sentence","content":"","natures":[]}]
