 timestamp= 1619817855000 [START] Now Run TCS Maintain Lane On Road1 Mode: dynamic Roadnum: 4 Second: 4
 timestamp= 1619817855000 [SUCCESS] TCS Check Success 
 timestamp= 1619817858000 [RUN] Run BasicFlow
 timestamp= 1619817858000 [RUN] Generate steps
 timestamp= 1619817858000 [RUN] Validate step: 
The test system VALIDATES THAT the simulator S Status.GetEnvironment is nearly equal to {"x": -439.61, "y": 10.12, "z": 216.11, "rain": 0.0, "fog": 0.0, "wetness": 0.0, "timeofday": 12.0, "signal": 1.0, "rx": 359.89, "ry": 210.06, "rz": 0.0, "speed": 2.16}
 timestamp= 1619817858000 [RES] Validate result: 
true
 timestamp= 1619817858000 [RUN] Execute API step: 
The environment controller C INVOKES API Control.Agents.NPCVehicle.NPCVehicleMaintainLane(which_lane=Right_Lane&which_car=BoxTruck).
 timestamp= 1619817861000 [RES] API result: 
{"pose_arr":[{"vx":-1.87,"ay":0.15,"az":9.82,"ax":-0.24,"pz":10.12,"vy":-1.87,"px":552435.05,"py":4182703.3},{"vx":-2.17,"ay":0.29,"az":9.81,"ax":-0.5,"pz":10.12,"vy":-2.17,"px":552434.2,"py":4182701.83},{"vx":-2.42,"ay":0.17,"az":9.81,"ax":-0.29,"pz":10.12,"vy":-2.42,"px":552433.19,"py":4182700.09},{"vx":-2.63,"ay":0.14,"az":9.81,"ax":-0.24,"pz":10.12,"vy":-2.63,"px":552432.11,"py":4182698.22},{"vx":-2.81,"ay":0.2,"az":9.81,"ax":-0.2,"pz":10.12,"vy":-2.81,"px":552430.97,"py":4182696.25},{"vx":-3.38,"ay":-0.48,"az":9.82,"ax":0.35,"pz":10.12,"vy":-3.38,"px":552429.51,"py":4182693.66}],"traffic_light":[3,3,3,3,0],"state_arr":[{"acceleration":0.42,"throttle":17.4,"steering_target":-0.1,"brake":0,"steering_rate":100,"speed":2.11},{"acceleration":0.58,"throttle":22.34,"steering_target":-0.25,"brake":0,"steering_rate":100,"speed":2.39},{"acceleration":0.38,"throttle":16.81,"steering_target":0.58,"brake":0,"steering_rate":100,"speed":2.77},{"acceleration":0.24,"throttle":15.7,"steering_target":0.18,"brake":0,"steering_rate":100,"speed":2.97},{"acceleration":0.16,"throttle":15.7,"steering_target":1.04,"brake":0,"steering_rate":100,"speed":3.15},{"acceleration":-0.78,"throttle":0,"steering_target":4.55,"brake":31.31,"steering_rate":100,"speed":4.03},{"acceleration":-0.17,"throttle":0,"steering_target":13.35,"brake":14.5,"steering_rate":100,"speed":3.67}],"obstacle_arr":[[],[{"acceleration":{"y":0,"x":0,"z":0},"position":{"y":4182706.66,"x":552427.76,"z":10.4},"volume":78.69,"type":"VEHICLE","velocity":{"y":0,"x":0,"z":0}}],[{"acceleration":{"y":0.33,"x":0.18,"z":0},"position":{"y":4182706.58,"x":552427.59,"z":10.41},"volume":107.37,"type":"VEHICLE","velocity":{"y":0,"x":0,"z":0}}],[{"acceleration":{"y":0,"x":0,"z":0},"position":{"y":4182706.24,"x":552427.8,"z":10.43},"volume":86.7,"type":"VEHICLE","velocity":{"y":0,"x":0,"z":0}}],[{"acceleration":{"y":0,"x":0,"z":0},"position":{"y":4182706.03,"x":552427.66,"z":10.42},"volume":100.57,"type":"VEHICLE","velocity":{"y":0,"x":0,"z":0}}],[{"acceleration":{"y":-5.3,"x":-1.06,"z":0},"position":{"y":4182702.41,"x":552426.46,"z":10.45},"volume":89.07,"type":"VEHICLE","velocity":{"y":-3.77,"x":-1.03,"z":0}}]],"action_description":"NPC vehicle (BoxTruck) driving on the right lane","ev_state":[-445.512054443359,10.1246299743652,205.645706176758,0,0,0,12,1,0.0276680719107389,207.277145385742,359.916778564453,3.672472861803959],"collision_probability":0}
 timestamp= 1619817861000 [RUN] Validate G1 Guard Condition: 
The ego vehicle E Detection.Collision == True.
 timestamp= 1619817861000 [RES] Global Validate result: 
false
 timestamp= 1619817861000 [RUN] Validate G2 Guard Condition: 
The ego vehicle E Detection.OffRoad == True.
 timestamp= 1619817861000 [RES] Global Validate result: 
false
 timestamp= 1619817861000 [RUN] Validate G3 Guard Condition: 
The ego vehicle E Detection.HardBrake == True.
 timestamp= 1619817861000 [RES] Global Validate result: 
false
 timestamp= 1619817861000 [RUN] Validate G4 Guard Condition: 
The ego vehicle E Detection.ArrivalTest == True.
 timestamp= 1619817861000 [RES] Global Validate result: 
false
 timestamp= 1619817861000 [RUN] Validate step: 
The test system VALIDATES THAT the Apollo A Status.GetControl is nearly equal to {"acceleration": -0.17, "throttle": 0.0, "steering_target": 13.35, "brake": 14.5, "steering_rate": 100.0, "speed": 3.67}
 timestamp= 1619817861000 [RES] Validate result: 
true
 timestamp= 1619817861000 [RUN] Generate steps
 timestamp= 1619817861000 [RUN] Validate step: 
The test system VALIDATES THAT the simulator S Status.GetEnvironment is nearly equal to {"x": -445.51, "y": 10.12, "z": 205.65, "rain": 0.0, "fog": 0.0, "wetness": 0.0, "timeofday": 12.0, "signal": 1.0, "rx": 0.03, "ry": 207.28, "rz": 359.92, "speed": 3.67}
 timestamp= 1619817861000 [RES] Validate result: 
true
 timestamp= 1619817861000 [RUN] Execute API step: 
The environment controller C INVOKES API Control.Agents.NPCVehicle.NPCVehicleMaintainLane(which_lane=Right_Lane&which_car=BoxTruck).
 timestamp= 1619817864000 [RES] API result: 
{"pose_arr":[{"vx":-3.25,"ay":-0.22,"az":9.81,"ax":0.47,"pz":10.13,"vy":-3.25,"px":552428.68,"py":4182692.04},{"vx":-3.45,"ay":-0.17,"az":9.82,"ax":0.49,"pz":10.12,"vy":-3.45,"px":552427.75,"py":4182689.9},{"vx":-3.28,"ay":-0.04,"az":9.81,"ax":0.52,"pz":10.13,"vy":-3.28,"px":552426.99,"py":4182687.37},{"vx":-2.86,"ay":0.05,"az":9.81,"ax":0.54,"pz":10.13,"vy":-2.86,"px":552426.73,"py":4182685.14},{"vx":-2.72,"ay":-0.48,"az":9.82,"ax":1.28,"pz":10.13,"vy":-2.72,"px":552426.95,"py":4182683.25},{"vx":-2.13,"ay":-0.36,"az":9.8,"ax":-0.51,"pz":10.12,"vy":-2.13,"px":552427.74,"py":4182681.39}],"traffic_light":[0,0,0,0,0,0],"state_arr":[{"acceleration":0.03,"throttle":15.7,"steering_target":16.51,"brake":0,"steering_rate":100,"speed":3.41},{"acceleration":-0.44,"throttle":0,"steering_target":24.49,"brake":14.5,"steering_rate":100,"speed":3.61},{"acceleration":-0.2,"throttle":0,"steering_target":37.16,"brake":14.5,"steering_rate":100,"speed":3.19},{"acceleration":0.04,"throttle":52.82,"steering_target":51.98,"brake":0,"steering_rate":100,"speed":2.85},{"acceleration":-0.15,"throttle":0,"steering_target":57.27,"brake":14.5,"steering_rate":100,"speed":2.96},{"acceleration":-0.17,"throttle":0,"steering_target":53.75,"brake":14.5,"steering_rate":100,"speed":2.84}],"obstacle_arr":[[{"acceleration":{"y":-6.67,"x":-2.12,"z":0},"position":{"y":4182692.74,"x":552423.33,"z":10.39},"volume":75.94,"type":"VEHICLE","velocity":{"y":-9.21,"x":-2.25,"z":0}}],[{"acceleration":{"y":-2.69,"x":-5.43,"z":0},"position":{"y":4182687.9,"x":552418.4,"z":10.46},"volume":83.97,"type":"VEHICLE","velocity":{"y":-13.39,"x":-6.04,"z":0}}],[],[],[],[]],"action_description":"NPC vehicle (BoxTruck) driving on the right lane","ev_state":[-445.086883544922,10.124680519104,193.737976074219,0,0,0,12,0,359.938903808594,143.784820556641,359.659057617188,3.2408365283317475],"collision_probability":0}
 timestamp= 1619817864000 [RUN] Validate G1 Guard Condition: 
The ego vehicle E Detection.Collision == True.
 timestamp= 1619817864000 [RES] Global Validate result: 
false
 timestamp= 1619817864000 [RUN] Validate G2 Guard Condition: 
The ego vehicle E Detection.OffRoad == True.
 timestamp= 1619817864000 [RES] Global Validate result: 
false
 timestamp= 1619817864000 [RUN] Validate G3 Guard Condition: 
The ego vehicle E Detection.HardBrake == True.
 timestamp= 1619817864000 [RES] Global Validate result: 
false
 timestamp= 1619817864000 [RUN] Validate G4 Guard Condition: 
The ego vehicle E Detection.ArrivalTest == True.
 timestamp= 1619817864000 [RES] Global Validate result: 
false
 timestamp= 1619817864000 [RUN] Validate step: 
The test system VALIDATES THAT the Apollo A Status.GetControl is nearly equal to {"acceleration": -0.17, "throttle": 0.0, "steering_target": 53.75, "brake": 14.5, "steering_rate": 100.0, "speed": 2.84}
 timestamp= 1619817864000 [RES] Validate result: 
true
 timestamp= 1619817864000 [RUN] Generate steps
 timestamp= 1619817864000 [RUN] Validate step: 
The test system VALIDATES THAT the simulator S Status.GetEnvironment is nearly equal to {"x": -445.09, "y": 10.12, "z": 193.74, "rain": 0.0, "fog": 0.0, "wetness": 0.0, "timeofday": 12.0, "signal": 0.0, "rx": 359.94, "ry": 143.78, "rz": 359.66, "speed": 3.24}
 timestamp= 1619817864000 [RES] Validate result: 
true
 timestamp= 1619817864000 [RUN] Execute API step: 
The environment controller C INVOKES API Control.Agents.NPCVehicle.NPCVehicleMaintainLane(which_lane=Right_Lane&which_car=BoxTruck).
 timestamp= 1619817868000 [RES] API result: 
{"pose_arr":[{"vx":-2.12,"ay":0.62,"az":9.83,"ax":0.04,"pz":10.12,"vy":-2.12,"px":552428.41,"py":4182680.45},{"vx":-1.36,"ay":0.6,"az":9.81,"ax":-0.08,"pz":10.13,"vy":-1.36,"px":552429.81,"py":4182679.09},{"vx":-1.23,"ay":-1.09,"az":9.81,"ax":-0.47,"pz":10.12,"vy":-1.23,"px":552431.46,"py":4182678.06},{"vx":-1.11,"ay":-0.24,"az":9.84,"ax":-0.07,"pz":10.12,"vy":-1.11,"px":552433.94,"py":4182677.01},{"vx":-0.59,"ay":-0.55,"az":9.81,"ax":-0.09,"pz":10.12,"vy":-0.59,"px":552437.21,"py":4182676.19},{"vx":-0.13,"ay":-0.39,"az":9.81,"ax":-1.11,"pz":10.12,"vy":-0.13,"px":552439.7,"py":4182675.87},{"vx":-0.15,"ay":0,"az":9.81,"ax":0,"pz":10.12,"vy":-0.15,"px":552442.9,"py":4182675.74}],"traffic_light":[0,3,0,0,0,3],"state_arr":[{"acceleration":0.09,"throttle":15.7,"steering_target":51.96,"brake":0,"steering_rate":100,"speed":3.13},{"acceleration":0.05,"throttle":37.97,"steering_target":44.39,"brake":0,"steering_rate":100,"speed":2.95},{"acceleration":0.63,"throttle":21.31,"steering_target":29.32,"brake":0,"steering_rate":100,"speed":3.28},{"acceleration":0.16,"throttle":66.39,"steering_target":21.18,"brake":0,"steering_rate":100,"speed":4.37},{"acceleration":0.57,"throttle":20.18,"steering_target":15.81,"brake":0,"steering_rate":100,"speed":4.52},{"acceleration":0.73,"throttle":22.7,"steering_target":14.73,"brake":0,"steering_rate":100,"speed":4.78},{"acceleration":0.56,"throttle":20.15,"steering_target":0.73,"brake":0,"steering_rate":100,"speed":5.99}],"obstacle_arr":[[],[{"acceleration":{"y":-0.01,"x":0.01,"z":0},"position":{"y":4182671.04,"x":552425.72,"z":10.53},"volume":113.65,"type":"VEHICLE","velocity":{"y":-2.43,"x":3.04,"z":0}}],[{"acceleration":{"y":0,"x":0.01,"z":0},"position":{"y":4182668.25,"x":552434.26,"z":10.71},"volume":114.49,"type":"VEHICLE","velocity":{"y":-2.42,"x":3.05,"z":0}}],[],[],[{"acceleration":{"y":0,"x":0.01,"z":0},"position":{"y":4182688.39,"x":552457.91,"z":10.11},"volume":127.34,"type":"VEHICLE","velocity":{"y":0,"x":0,"z":0}}]],"action_description":"NPC vehicle (BoxTruck) driving on the right lane","ev_state":[-429.733764648438,10.1242446899414,189.680206298828,0,0,0,12,-1,359.906494140625,91.5193557739258,359.964965820313,6.019327734120067],"collision_probability":0.029}
 timestamp= 1619817868000 [RUN] Validate G1 Guard Condition: 
The ego vehicle E Detection.Collision == True.
 timestamp= 1619817868000 [RES] Global Validate result: 
false
 timestamp= 1619817868000 [RUN] Validate G2 Guard Condition: 
The ego vehicle E Detection.OffRoad == True.
 timestamp= 1619817868000 [RES] Global Validate result: 
false
 timestamp= 1619817868000 [RUN] Validate G3 Guard Condition: 
The ego vehicle E Detection.HardBrake == True.
 timestamp= 1619817868000 [RES] Global Validate result: 
false
 timestamp= 1619817868000 [RUN] Validate G4 Guard Condition: 
The ego vehicle E Detection.ArrivalTest == True.
 timestamp= 1619817868000 [RES] Global Validate result: 
false
 timestamp= 1619817868000 [RUN] Validate step: 
The test system VALIDATES THAT the Apollo A Status.GetControl is nearly equal to {"acceleration": 0.56, "throttle": 20.15, "steering_target": 0.73, "brake": 0.0, "steering_rate": 100.0, "speed": 5.99}
 timestamp= 1619817868000 [RES] Validate result: 
true
 timestamp= 1619817868000 [RUN] Generate steps
 timestamp= 1619817868000 [RUN] Validate step: 
The test system VALIDATES THAT the simulator S Status.GetEnvironment is nearly equal to {"x": -429.73, "y": 10.12, "z": 189.68, "rain": 0.0, "fog": 0.0, "wetness": 0.0, "timeofday": 12.0, "signal": -1.0, "rx": 359.91, "ry": 91.52, "rz": 359.96, "speed": 6.02}
 timestamp= 1619817868000 [RES] Validate result: 
true
 timestamp= 1619817868000 [RUN] Execute API step: 
The environment controller C INVOKES API Control.Agents.NPCVehicle.NPCVehicleMaintainLane(which_lane=Right_Lane&which_car=BoxTruck).
 timestamp= 1619817871000 [RES] API result: 
{"pose_arr":[{"vx":-0.14,"ay":-0.25,"az":9.81,"ax":0.03,"pz":10.12,"vy":-0.14,"px":552445.43,"py":4182675.67},{"vx":0,"ay":-0.24,"az":9.83,"ax":0,"pz":10.12,"vy":0,"px":552450.8,"py":4182675.58},{"vx":0.02,"ay":-0.78,"az":9.81,"ax":0,"pz":10.12,"vy":0.02,"px":552454.97,"py":4182675.59},{"vx":0.1,"ay":-0.23,"az":9.81,"ax":0,"pz":10.12,"vy":0.1,"px":552459.57,"py":4182675.61},{"vx":0.11,"ay":-0.49,"az":9.8,"ax":-0.06,"pz":10.12,"vy":0.11,"px":552462.86,"py":4182675.65},{"vx":0.1,"ay":-0.23,"az":9.81,"ax":0,"pz":10.12,"vy":0.1,"px":552468.96,"py":4182675.72}],"traffic_light":[3,3,3,3,1],"state_arr":[{"acceleration":1.21,"throttle":15.7,"steering_target":0.29,"brake":0,"steering_rate":100,"speed":6.02},{"acceleration":1.28,"throttle":30.02,"steering_target":2.11,"brake":0,"steering_rate":100,"speed":6.29},{"acceleration":0.92,"throttle":25.29,"steering_target":0.5,"brake":0,"steering_rate":100,"speed":6.89},{"acceleration":0.7,"throttle":15.7,"steering_target":0.47,"brake":0,"steering_rate":100,"speed":7.38},{"acceleration":0.68,"throttle":15.7,"steering_target":0.79,"brake":0,"steering_rate":100,"speed":7.5},{"acceleration":1,"throttle":26.43,"steering_target":-0.42,"brake":0,"steering_rate":100,"speed":7.69},{"acceleration":0.56,"throttle":15.7,"steering_target":0.78,"brake":0,"steering_rate":100,"speed":7.83},{"acceleration":0.66,"throttle":15.7,"steering_target":-1.27,"brake":0,"steering_rate":100,"speed":7.94}],"obstacle_arr":[[{"acceleration":{"y":0,"x":0.01,"z":0},"position":{"y":4182686.32,"x":552469.1,"z":10.12},"volume":100.21,"type":"VEHICLE","velocity":{"y":-0.02,"x":0.21,"z":0}}],[{"acceleration":{"y":0,"x":0.01,"z":0},"position":{"y":4182684.24,"x":552480.57,"z":10.12},"volume":120.16,"type":"VEHICLE","velocity":{"y":-0.13,"x":0.68,"z":0}},{"acceleration":{"y":0,"x":0,"z":0},"position":{"y":4182667.88,"x":552443.83,"z":10.35},"volume":126.8,"type":"VEHICLE","velocity":{"y":0,"x":0,"z":0}}],[{"acceleration":{"y":0,"x":0,"z":0},"position":{"y":4182681.78,"x":552488.32,"z":10.11},"volume":48.32,"type":"VEHICLE","velocity":{"y":-0.26,"x":1.3,"z":0}},{"acceleration":{"y":0,"x":0,"z":0},"position":{"y":4182668.11,"x":552445.69,"z":10.34},"volume":112.17,"type":"VEHICLE","velocity":{"y":0,"x":0,"z":0}}],[{"acceleration":{"y":0,"x":0,"z":0},"position":{"y":4182668.67,"x":552447.51,"z":10.34},"volume":96.8,"type":"VEHICLE","velocity":{"y":0.6,"x":4.58,"z":0}}],[{"acceleration":{"y":0.32,"x":-0.78,"z":0},"position":{"y":4182669.06,"x":552450.45,"z":10.33},"volume":132.65,"type":"VEHICLE","velocity":{"y":0.85,"x":4.17,"z":0}},{"acceleration":{"y":0,"x":0.01,"z":0},"position":{"y":4182678.35,"x":552506.78,"z":11.69},"volume":0.06,"type":"VEHICLE","velocity":{"y":0,"x":0,"z":0}}],[],[]],"action_description":"NPC vehicle (BoxTruck) driving on the right lane","ev_state":[-401.033447265625,10.1238861083984,189.761352539063,0,0,0,12,-1,359.984771728516,89.0618438720703,359.976654052734,7.93692047474778],"collision_probability":0}
 timestamp= 1619817871000 [RUN] Validate G1 Guard Condition: 
The ego vehicle E Detection.Collision == True.
 timestamp= 1619817871000 [RES] Global Validate result: 
false
 timestamp= 1619817871000 [RUN] Validate G2 Guard Condition: 
The ego vehicle E Detection.OffRoad == True.
 timestamp= 1619817871000 [RES] Global Validate result: 
false
 timestamp= 1619817871000 [RUN] Validate G3 Guard Condition: 
The ego vehicle E Detection.HardBrake == True.
 timestamp= 1619817871000 [RES] Global Validate result: 
false
 timestamp= 1619817871000 [RUN] Validate G4 Guard Condition: 
The ego vehicle E Detection.ArrivalTest == True.
 timestamp= 1619817871000 [RES] Global Validate result: 
false
 timestamp= 1619817871000 [RUN] Validate step: 
The test system VALIDATES THAT the Apollo A Status.GetControl is nearly equal to {"acceleration": 0.66, "throttle": 15.7, "steering_target": -1.27, "brake": 0.0, "steering_rate": 100.0, "speed": 7.94}
 timestamp= 1619817871000 [RES] Validate result: 
true
 timestamp= 1619817871000 [RUN] Generate steps
 timestamp= 1619817871000 [RUN] Validate step: 
The test system VALIDATES THAT the simulator S Status.GetEnvironment is nearly equal to {"x": -401.03, "y": 10.12, "z": 189.76, "rain": 0.0, "fog": 0.0, "wetness": 0.0, "timeofday": 12.0, "signal": -1.0, "rx": 359.98, "ry": 89.06, "rz": 359.98, "speed": 7.94}
 timestamp= 1619817871000 [RES] Validate result: 
true
 timestamp= 1619817871000 [RUN] Execute API step: 
The environment controller C INVOKES API Control.Agents.NPCVehicle.NPCVehicleMaintainLane(which_lane=Right_Lane&which_car=BoxTruck).
 timestamp= 1619817875000 [RES] API result: 
{"pose_arr":[{"vx":0.12,"ay":-0.84,"az":9.81,"ax":-0.27,"pz":10.12,"vy":0.12,"px":552472.08,"py":4182675.77},{"vx":0.05,"ay":-0.42,"az":9.85,"ax":0.07,"pz":10.12,"vy":0.05,"px":552476.67,"py":4182675.82},{"vx":0.11,"ay":-0.39,"az":9.81,"ax":0.02,"pz":10.12,"vy":0.11,"px":552482.59,"py":4182675.87},{"vx":0.02,"ay":-0.21,"az":9.81,"ax":0.06,"pz":10.12,"vy":0.02,"px":552487.83,"py":4182675.92},{"vx":0.07,"ay":0.42,"az":9.83,"ax":0.15,"pz":10.12,"vy":0.07,"px":552492.59,"py":4182675.94},{"vx":0.07,"ay":-0.08,"az":9.84,"ax":-0.03,"pz":10.12,"vy":0.07,"px":552497.96,"py":4182675.99},{"vx":0.04,"ay":-0.21,"az":9.81,"ax":-0.01,"pz":10.12,"vy":0.04,"px":552503.58,"py":4182676.02}],"traffic_light":[0,1,0,0,0],"state_arr":[{"acceleration":0.31,"throttle":15.7,"steering_target":-0.66,"brake":0,"steering_rate":100,"speed":8.5},{"acceleration":0.19,"throttle":15.7,"steering_target":0.34,"brake":0,"steering_rate":100,"speed":8.72},{"acceleration":0.01,"throttle":15.7,"steering_target":-1.17,"brake":0,"steering_rate":100,"speed":8.86},{"acceleration":-0.03,"throttle":0,"steering_target":0.89,"brake":14.5,"steering_rate":100,"speed":8.96},{"acceleration":-0.12,"throttle":0,"steering_target":0.2,"brake":14.5,"steering_rate":100,"speed":8.96},{"acceleration":0.22,"throttle":15.7,"steering_target":-0.88,"brake":0,"steering_rate":100,"speed":8.64},{"acceleration":-0.15,"throttle":0,"steering_target":0.8,"brake":14.5,"steering_rate":100,"speed":8.74}],"obstacle_arr":[[],[{"acceleration":{"y":0.01,"x":0.05,"z":0},"position":{"y":4182667.76,"x":552472.85,"z":10.34},"volume":145.49,"type":"VEHICLE","velocity":{"y":0.14,"x":1.36,"z":0}}],[{"acceleration":{"y":0.39,"x":0.98,"z":0},"position":{"y":4182667.78,"x":552474.21,"z":10.34},"volume":137.35,"type":"VEHICLE","velocity":{"y":0.4,"x":1.77,"z":0}}],[{"acceleration":{"y":0,"x":0,"z":0},"position":{"y":4182672.19,"x":552461.51,"z":10.13},"volume":71.93,"type":"VEHICLE","velocity":{"y":0,"x":0,"z":0}}],[{"acceleration":{"y":-0.04,"x":-0.36,"z":0},"position":{"y":4182671.59,"x":552464.74,"z":10.11},"volume":141.78,"type":"VEHICLE","velocity":{"y":0.19,"x":0.77,"z":0}}],[{"acceleration":{"y":0.13,"x":0.94,"z":0},"position":{"y":4182673.6,"x":552469.8,"z":10.14},"volume":21.91,"type":"VEHICLE","velocity":{"y":0.33,"x":1.61,"z":0}}],[{"acceleration":{"y":0.21,"x":0.99,"z":0},"position":{"y":4182673,"x":552467.85,"z":10.12},"volume":158.42,"type":"VEHICLE","velocity":{"y":0.3,"x":2.11,"z":0}}]],"action_description":"NPC vehicle (BoxTruck) driving on the right lane","ev_state":[-366.123992919922,10.1237087249756,190.02751159668,0,0,0,12,1,0.0157134514302015,89.4598007202148,359.965850830078,8.653379119844475],"collision_probability":0}
 timestamp= 1619817875000 [RUN] Validate G1 Guard Condition: 
The ego vehicle E Detection.Collision == True.
 timestamp= 1619817875000 [RES] Global Validate result: 
false
 timestamp= 1619817875000 [RUN] Validate G2 Guard Condition: 
The ego vehicle E Detection.OffRoad == True.
 timestamp= 1619817875000 [RES] Global Validate result: 
false
 timestamp= 1619817875000 [RUN] Validate G3 Guard Condition: 
The ego vehicle E Detection.HardBrake == True.
 timestamp= 1619817875000 [RES] Global Validate result: 
false
 timestamp= 1619817875000 [RUN] Validate G4 Guard Condition: 
The ego vehicle E Detection.ArrivalTest == True.
 timestamp= 1619817875000 [RES] Global Validate result: 
false
 timestamp= 1619817875000 [RUN] Validate step: 
The test system VALIDATES THAT the Apollo A Status.GetControl is nearly equal to {"acceleration": -0.15, "throttle": 0.0, "steering_target": 0.8, "brake": 14.5, "steering_rate": 100.0, "speed": 8.74}
 timestamp= 1619817875000 [RES] Validate result: 
true
 timestamp= 1619817875000 [RUN] Generate steps
 timestamp= 1619817875000 [RUN] Validate step: 
The test system VALIDATES THAT the simulator S Status.GetEnvironment is nearly equal to {"x": -366.12, "y": 10.12, "z": 190.03, "rain": 0.0, "fog": 0.0, "wetness": 0.0, "timeofday": 12.0, "signal": 1.0, "rx": 0.02, "ry": 89.46, "rz": 359.97, "speed": 8.65}
 timestamp= 1619817875000 [RES] Validate result: 
true
 timestamp= 1619817875000 [RUN] Execute API step: 
The environment controller C INVOKES API Control.Agents.NPCVehicle.NPCVehicleMaintainLane(which_lane=Right_Lane&which_car=BoxTruck).
 timestamp= 1619817879000 [RES] API result: 
{"pose_arr":[{"vx":0.1,"ay":0.63,"az":9.84,"ax":-0.07,"pz":10.12,"vy":0.1,"px":552506.77,"py":4182676.04},{"vx":0.04,"ay":-0.21,"az":9.82,"ax":0,"pz":10.12,"vy":0.04,"px":552512.3,"py":4182676.09},{"vx":0.04,"ay":-0.21,"az":9.81,"ax":-0.01,"pz":10.12,"vy":0.04,"px":552516.8,"py":4182676.11},{"vx":0.06,"ay":-0.21,"az":9.8,"ax":0.01,"pz":10.12,"vy":0.06,"px":552521.87,"py":4182676.14},{"vx":0.03,"ay":0.63,"az":9.82,"ax":-0.01,"pz":10.12,"vy":0.03,"px":552527.43,"py":4182676.17},{"vx":0.03,"ay":0.74,"az":9.81,"ax":0.02,"pz":10.12,"vy":0.03,"px":552531.7,"py":4182676.18},{"vx":0.05,"ay":-0.22,"az":9.8,"ax":-0.06,"pz":10.12,"vy":0.05,"px":552536.71,"py":4182676.2}],"traffic_light":[3,3,3,3,3,3],"state_arr":[{"acceleration":0.01,"throttle":15.7,"steering_target":-0.19,"brake":0,"steering_rate":100,"speed":8.65},{"acceleration":0.11,"throttle":15.7,"steering_target":-0.48,"brake":0,"steering_rate":100,"speed":8.74},{"acceleration":0.16,"throttle":15.7,"steering_target":0.58,"brake":0,"steering_rate":100,"speed":8.84},{"acceleration":0.12,"throttle":15.7,"steering_target":-0.33,"brake":0,"steering_rate":100,"speed":8.76},{"acceleration":-0.29,"throttle":0,"steering_target":-0.09,"brake":14.5,"steering_rate":100,"speed":8.8},{"acceleration":-0.73,"throttle":0,"steering_target":0.21,"brake":15.41,"steering_rate":100,"speed":8.49},{"acceleration":0.14,"throttle":15.7,"steering_target":0.02,"brake":0,"steering_rate":100,"speed":8.17},{"acceleration":-0.42,"throttle":0,"steering_target":-0.61,"brake":18.75,"steering_rate":100,"speed":8.01}],"obstacle_arr":[[{"acceleration":{"y":0.01,"x":1.66,"z":0},"position":{"y":4182674.45,"x":552473.93,"z":10.51},"volume":51.72,"type":"VEHICLE","velocity":{"y":0.35,"x":2.78,"z":0}}],[{"acceleration":{"y":0.3,"x":1.94,"z":0},"position":{"y":4182672.99,"x":552475.26,"z":10.13},"volume":266,"type":"VEHICLE","velocity":{"y":0.53,"x":4.36,"z":0}},{"acceleration":{"y":0,"x":0,"z":0},"position":{"y":4182668.02,"x":552507.12,"z":10.34},"volume":125.26,"type":"VEHICLE","velocity":{"y":0,"x":0,"z":0}}],[{"acceleration":{"y":0.34,"x":2.04,"z":0},"position":{"y":4182676.36,"x":552482.33,"z":11.06},"volume":4.15,"type":"VEHICLE","velocity":{"y":0.73,"x":5.59,"z":0}},{"acceleration":{"y":0,"x":0,"z":0},"position":{"y":4182668.07,"x":552507.58,"z":10.33},"volume":127.54,"type":"VEHICLE","velocity":{"y":0,"x":0,"z":0}}],[{"acceleration":{"y":0.34,"x":1.92,"z":0},"position":{"y":4182676.46,"x":552485.77,"z":11.07},"volume":0.41,"type":"VEHICLE","velocity":{"y":0.91,"x":6.63,"z":0}},{"acceleration":{"y":0,"x":0,"z":0},"position":{"y":4182668.4,"x":552509.67,"z":10.33},"volume":141.83,"type":"VEHICLE","velocity":{"y":0,"x":0,"z":0}},{"acceleration":{"y":0,"x":0.01,"z":0},"position":{"y":4182679.01,"x":552556.19,"z":10.97},"volume":6.32,"type":"VEHICLE","velocity":{"y":0,"x":0,"z":0}}],[{"acceleration":{"y":0.33,"x":1.75,"z":0},"position":{"y":4182677.45,"x":552490.62,"z":10.94},"volume":1.04,"type":"VEHICLE","velocity":{"y":1.14,"x":7.85,"z":0}}],[{"acceleration":{"y":0.21,"x":1.27,"z":0},"position":{"y":4182677.91,"x":552491.99,"z":10.72},"volume":33.75,"type":"VEHICLE","velocity":{"y":1.35,"x":8.98,"z":0}},{"acceleration":{"y":0,"x":0,"z":0},"position":{"y":4182678.87,"x":552555.96,"z":10.46},"volume":9.76,"type":"VEHICLE","velocity":{"y":0,"x":0,"z":0}}],[{"acceleration":{"y":0.02,"x":0.21,"z":0},"position":{"y":4182677.46,"x":552491.62,"z":10.59},"volume":77.49,"type":"VEHICLE","velocity":{"y":1.39,"x":9.41,"z":0}}]],"action_description":"NPC vehicle (BoxTruck) driving on the right lane","ev_state":[-331.93603515625,10.1238822937012,190.190139770508,0,0,0,12,0,0.0391400381922722,90.1809387207031,0.0303392801433802,7.805025700708588],"collision_probability":0}
 timestamp= 1619817879000 [RUN] Validate G1 Guard Condition: 
The ego vehicle E Detection.Collision == True.
 timestamp= 1619817879000 [RES] Global Validate result: 
false
 timestamp= 1619817879000 [RUN] Validate G2 Guard Condition: 
The ego vehicle E Detection.OffRoad == True.
 timestamp= 1619817879000 [RES] Global Validate result: 
false
 timestamp= 1619817879000 [RUN] Validate G3 Guard Condition: 
The ego vehicle E Detection.HardBrake == True.
 timestamp= 1619817879000 [RES] Global Validate result: 
false
 timestamp= 1619817879000 [RUN] Validate G4 Guard Condition: 
The ego vehicle E Detection.ArrivalTest == True.
 timestamp= 1619817879000 [RES] Global Validate result: 
false
 timestamp= 1619817879000 [RUN] Validate step: 
The test system VALIDATES THAT the Apollo A Status.GetControl is nearly equal to {"acceleration": -0.42, "throttle": 0.0, "steering_target": -0.61, "brake": 18.75, "steering_rate": 100.0, "speed": 8.01}
 timestamp= 1619817879000 [RES] Validate result: 
true
 timestamp= 1619817879000 [RUN] Generate steps
 timestamp= 1619817879000 [RUN] Validate step: 
The test system VALIDATES THAT the simulator S Status.GetEnvironment is nearly equal to {"x": -331.94, "y": 10.12, "z": 190.19, "rain": 0.0, "fog": 0.0, "wetness": 0.0, "timeofday": 12.0, "signal": 0.0, "rx": 0.04, "ry": 90.18, "rz": 0.03, "speed": 7.81}
 timestamp= 1619817879000 [RES] Validate result: 
true
 timestamp= 1619817879000 [RUN] Execute API step: 
The environment controller C INVOKES API Control.Agents.NPCVehicle.NPCVehicleMaintainLane(which_lane=Right_Lane&which_car=BoxTruck).
 timestamp= 1619817884000 [RES] API result: 
{"pose_arr":[{"vx":-0.02,"ay":0.61,"az":9.8,"ax":0.07,"pz":10.12,"vy":-0.02,"px":552540.03,"py":4182676.22},{"vx":0.05,"ay":0.6,"az":9.82,"ax":-0.02,"pz":10.12,"vy":0.05,"px":552544.25,"py":4182676.21},{"vx":-0.03,"ay":1.49,"az":9.81,"ax":0.01,"pz":10.13,"vy":-0.03,"px":552548.39,"py":4182676.23},{"vx":-0.01,"ay":1.55,"az":9.82,"ax":0.01,"pz":10.13,"vy":-0.01,"px":552552.08,"py":4182676.21},{"vx":-0.01,"ay":2.54,"az":9.82,"ax":0,"pz":10.13,"vy":-0.01,"px":552555.13,"py":4182676.21},{"vx":-0.02,"ay":1.63,"az":9.8,"ax":0.01,"pz":10.13,"vy":-0.02,"px":552557.17,"py":4182676.2},{"vx":-0.01,"ay":1.62,"az":9.81,"ax":0.01,"pz":10.13,"vy":-0.01,"px":552559.08,"py":4182676.19},{"vx":-0.01,"ay":0.51,"az":9.8,"ax":0,"pz":10.13,"vy":-0.01,"px":552560.38,"py":4182676.19}],"traffic_light":[2,2,2,2,2,3],"state_arr":[{"acceleration":0.8,"throttle":15.7,"steering_target":1.09,"brake":0,"steering_rate":100,"speed":7.81},{"acceleration":-1.69,"throttle":0,"steering_target":-0.76,"brake":26.52,"steering_rate":100,"speed":7.73},{"acceleration":-1.48,"throttle":0,"steering_target":-0.52,"brake":24.4,"steering_rate":100,"speed":6.8},{"acceleration":-1.68,"throttle":0,"steering_target":0.43,"brake":27.22,"steering_rate":100,"speed":6.09},{"acceleration":-2.73,"throttle":0,"steering_target":-0.44,"brake":37.08,"steering_rate":100,"speed":5.11},{"acceleration":-1.82,"throttle":0,"steering_target":-0.35,"brake":28.9,"steering_rate":100,"speed":3.85},{"acceleration":-1.78,"throttle":0,"steering_target":-0.15,"brake":28.52,"steering_rate":100,"speed":3.05},{"acceleration":-0.87,"throttle":0,"steering_target":-0.29,"brake":19.45,"steering_rate":100,"speed":2.28},{"acceleration":0.51,"throttle":25.77,"steering_target":-0.07,"brake":0,"steering_rate":100,"speed":1.93}],"obstacle_arr":[[{"acceleration":{"y":-0.01,"x":-0.07,"z":0},"position":{"y":4182678.85,"x":552497.89,"z":10.79},"volume":5.84,"type":"VEHICLE","velocity":{"y":1.38,"x":9.32,"z":0}},{"acceleration":{"y":0,"x":0,"z":0},"position":{"y":4182678.74,"x":552558.33,"z":10.54},"volume":69.42,"type":"VEHICLE","velocity":{"y":0.09,"x":2.28,"z":0}}],[{"acceleration":{"y":-0.03,"x":-0.23,"z":0},"position":{"y":4182678.45,"x":552500.78,"z":10.62},"volume":3.62,"type":"VEHICLE","velocity":{"y":1.29,"x":8.7,"z":0}},{"acceleration":{"y":-0.01,"x":-0.02,"z":0},"position":{"y":4182679.05,"x":552559.69,"z":10.5},"volume":93.46,"type":"VEHICLE","velocity":{"y":0.17,"x":2.08,"z":0}},{"acceleration":{"y":0.01,"x":0.02,"z":0},"position":{"y":4182668.64,"x":552541.74,"z":10.3},"volume":139.46,"type":"VEHICLE","velocity":{"y":0.32,"x":1.62,"z":0}}],[{"acceleration":{"y":-0.04,"x":-0.1,"z":0},"position":{"y":4182678.67,"x":552501.09,"z":10.54},"volume":2.35,"type":"VEHICLE","velocity":{"y":1.21,"x":8.33,"z":0}},{"acceleration":{"y":-0.21,"x":-0.51,"z":0},"position":{"y":4182678.97,"x":552559.27,"z":10.47},"volume":93.34,"type":"VEHICLE","velocity":{"y":0.04,"x":1.69,"z":0}},{"acceleration":{"y":0.87,"x":2.52,"z":0},"position":{"y":4182668.74,"x":552542.53,"z":10.31},"volume":113.07,"type":"VEHICLE","velocity":{"y":1.06,"x":4.21,"z":0}}],[{"acceleration":{"y":-0.03,"x":-0.14,"z":0},"position":{"y":4182678.34,"x":552499.46,"z":10.43},"volume":59.69,"type":"VEHICLE","velocity":{"y":1.14,"x":7.94,"z":0}},{"acceleration":{"y":-0.2,"x":-0.24,"z":0},"position":{"y":4182678.86,"x":552559.95,"z":10.47},"volume":83.68,"type":"VEHICLE","velocity":{"y":-0.05,"x":1.74,"z":0}},{"acceleration":{"y":0.63,"x":1.82,"z":0},"position":{"y":4182668.97,"x":552544.6,"z":10.3},"volume":114.56,"type":"VEHICLE","velocity":{"y":1.55,"x":5.57,"z":0}}],[{"acceleration":{"y":-0.02,"x":-0.08,"z":0},"position":{"y":4182678.73,"x":552505.14,"z":10.43},"volume":1.73,"type":"VEHICLE","velocity":{"y":1.08,"x":7.57,"z":0}},{"acceleration":{"y":0.04,"x":-1.24,"z":0},"position":{"y":4182678.18,"x":552561.47,"z":10.5},"volume":24.7,"type":"VEHICLE","velocity":{"y":-0.02,"x":0.77,"z":0}}],[{"acceleration":{"y":-0.02,"x":-0.05,"z":0},"position":{"y":4182678.79,"x":552507.48,"z":10.46},"volume":2.21,"type":"VEHICLE","velocity":{"y":1.02,"x":7.22,"z":0}},{"acceleration":{"y":0.03,"x":-1.51,"z":0},"position":{"y":4182678.25,"x":552562.75,"z":10.42},"volume":13.75,"type":"VEHICLE","velocity":{"y":0,"x":0,"z":0}}],[{"acceleration":{"y":-0.02,"x":0.06,"z":0},"position":{"y":4182678.78,"x":552510.44,"z":10.49},"volume":1.22,"type":"VEHICLE","velocity":{"y":0.96,"x":6.96,"z":0}}]],"action_description":"NPC vehicle (BoxTruck) driving on the right lane","ev_state":[-312.047454833984,10.1247653961182,190.156433105469,0,0,0,12,-1,0.041816521435976,90.3432083129883,0.000444847799371928,1.9293407588423128],"collision_probability":0}
 timestamp= 1619817884000 [RUN] Validate G1 Guard Condition: 
The ego vehicle E Detection.Collision == True.
 timestamp= 1619817884000 [RES] Global Validate result: 
false
 timestamp= 1619817884000 [RUN] Validate G2 Guard Condition: 
The ego vehicle E Detection.OffRoad == True.
 timestamp= 1619817884000 [RES] Global Validate result: 
false
 timestamp= 1619817884000 [RUN] Validate G3 Guard Condition: 
The ego vehicle E Detection.HardBrake == True.
 timestamp= 1619817884000 [RES] Global Validate result: 
true
 timestamp= 1619817884000 [RUN] HardBrake == True
 timestamp= 1619817884000 [RUN] RESUME STEP @preStep
 timestamp= 1619817884000 [RUN] Resume step basicflow19
 timestamp= 1619817884000 [RUN] Validate G4 Guard Condition: 
The ego vehicle E Detection.ArrivalTest == True.
 timestamp= 1619817884000 [RES] Global Validate result: 
false
 timestamp= 1619817884000 [RUN] Validate step: 
The test system VALIDATES THAT the Apollo A Status.GetControl is nearly equal to {"acceleration": 0.51, "throttle": 25.77, "steering_target": -0.07, "brake": 0.0, "steering_rate": 100.0, "speed": 1.93}
 timestamp= 1619817884000 [RES] Validate result: 
true
 timestamp= 1619817884000 [RUN] Generate steps
 timestamp= 1619817884000 [RUN] Validate step: 
The test system VALIDATES THAT the simulator S Status.GetEnvironment is nearly equal to {"x": -312.05, "y": 10.12, "z": 190.16, "rain": 0.0, "fog": 0.0, "wetness": 0.0, "timeofday": 12.0, "signal": -1.0, "rx": 0.04, "ry": 90.34, "rz": 0.0, "speed": 1.93}
 timestamp= 1619817884000 [RES] Validate result: 
true
 timestamp= 1619817884000 [RUN] Execute API step: 
The environment controller C INVOKES API Control.Agents.NPCVehicle.NPCVehicleMaintainLane(which_lane=Right_Lane&which_car=BoxTruck).
 timestamp= 1619817888000 [RES] API result: 
{"pose_arr":[{"vx":-0.01,"ay":-1.18,"az":9.8,"ax":-0.01,"pz":10.12,"vy":-0.01,"px":552560.95,"py":4182676.18},{"vx":-0.02,"ay":0.5,"az":9.84,"ax":0,"pz":10.12,"vy":-0.02,"px":552562.24,"py":4182676.17},{"vx":-0.02,"ay":2.54,"az":9.82,"ax":0.03,"pz":10.13,"vy":-0.02,"px":552563.92,"py":4182676.16},{"vx":-0.01,"ay":2.12,"az":9.81,"ax":0.02,"pz":10.13,"vy":-0.01,"px":552564.63,"py":4182676.16},{"vx":0,"ay":0.17,"az":9.81,"ax":0,"pz":10.13,"vy":0,"px":552564.87,"py":4182676.16},{"vx":0,"ay":0,"az":9.81,"ax":0,"pz":10.12,"vy":0,"px":552564.87,"py":4182676.16},{"vx":-0.01,"ay":-3.03,"az":9.81,"ax":-0.02,"pz":10.12,"vy":-0.01,"px":552565.15,"py":4182676.15},{"vx":-0.02,"ay":-1.62,"az":9.81,"ax":-0.01,"pz":10.12,"vy":-0.02,"px":552566.08,"py":4182676.15}],"traffic_light":[1,1,1,1,3,1,1],"state_arr":[{"acceleration":0.25,"throttle":15.7,"steering_target":-0.21,"brake":0,"steering_rate":100,"speed":2.67},{"acceleration":-1.3,"throttle":0,"steering_target":-0.24,"brake":23.89,"steering_rate":100,"speed":2.86},{"acceleration":-2.67,"throttle":0,"steering_target":-0.16,"brake":37.35,"steering_rate":100,"speed":1.75},{"acceleration":-1.68,"throttle":0,"steering_target":-0.15,"brake":28.51,"steering_rate":100,"speed":0.64},{"acceleration":-0.78,"throttle":0,"steering_target":-0.23,"brake":28.02,"steering_rate":100,"speed":0.13},{"acceleration":0.2,"throttle":15.7,"steering_target":-0.23,"brake":0,"steering_rate":100,"speed":0},{"acceleration":0.92,"throttle":54.43,"steering_target":-0.16,"brake":0,"steering_rate":100,"speed":0.91},{"acceleration":1.23,"throttle":44.85,"steering_target":-0.09,"brake":0,"steering_rate":100,"speed":1.94}],"obstacle_arr":[[{"acceleration":{"y":-0.04,"x":0.18,"z":0},"position":{"y":4182678.61,"x":552515.41,"z":11.71},"volume":0.24,"type":"VEHICLE","velocity":{"y":-0.13,"x":3.59,"z":0}}],[{"acceleration":{"y":0,"x":0,"z":0},"position":{"y":4182668.81,"x":552561.59,"z":10.34},"volume":145.82,"type":"VEHICLE","velocity":{"y":0,"x":0,"z":0}}],[{"acceleration":{"y":0,"x":0,"z":0},"position":{"y":4182668.2,"x":552562.15,"z":10.54},"volume":84.68,"type":"VEHICLE","velocity":{"y":0,"x":0,"z":0}},{"acceleration":{"y":0,"x":0.02,"z":0},"position":{"y":4182678.83,"x":552521.12,"z":10.69},"volume":1.51,"type":"VEHICLE","velocity":{"y":-0.13,"x":4.5,"z":0}}],[{"acceleration":{"y":0.11,"x":0.69,"z":0},"position":{"y":4182678.73,"x":552524.01,"z":10.83},"volume":0.2,"type":"VEHICLE","velocity":{"y":-0.08,"x":4.84,"z":0}}],[{"acceleration":{"y":-0.13,"x":-0.56,"z":0},"position":{"y":4182678.58,"x":552526.79,"z":10.92},"volume":1.68,"type":"VEHICLE","velocity":{"y":-0.17,"x":4.46,"z":0}},{"acceleration":{"y":0,"x":0,"z":0},"position":{"y":4182678.34,"x":552561.2,"z":10.43},"volume":34.92,"type":"VEHICLE","velocity":{"y":0,"x":0,"z":0}}],[{"acceleration":{"y":0.22,"x":-0.21,"z":0},"position":{"y":4182678.85,"x":552526.41,"z":10.78},"volume":36.07,"type":"VEHICLE","velocity":{"y":0.21,"x":4.32,"z":0}},{"acceleration":{"y":0,"x":0,"z":0},"position":{"y":4182678.85,"x":552561.24,"z":10.47},"volume":78.55,"type":"VEHICLE","velocity":{"y":0,"x":0,"z":0}}],[{"acceleration":{"y":-0.13,"x":0.3,"z":0},"position":{"y":4182678.75,"x":552529.77,"z":10.93},"volume":41.63,"type":"VEHICLE","velocity":{"y":-0.09,"x":4.61,"z":0}},{"acceleration":{"y":0,"x":0,"z":0},"position":{"y":4182678.93,"x":552561.12,"z":10.47},"volume":78.7,"type":"VEHICLE","velocity":{"y":0,"x":0,"z":0}}],[{"acceleration":{"y":-0.09,"x":-0.64,"z":0},"position":{"y":4182678.86,"x":552535.39,"z":10.48},"volume":0.46,"type":"VEHICLE","velocity":{"y":-0.2,"x":4.02,"z":0}},{"acceleration":{"y":0,"x":0,"z":0},"position":{"y":4182678.96,"x":552560.88,"z":10.5},"volume":84.86,"type":"VEHICLE","velocity":{"y":0,"x":0,"z":0}}]],"action_description":"NPC vehicle (BoxTruck) driving on the right lane","ev_state":[-306.274047851563,10.1246309280396,190.112564086914,0,0,0,12,-1,359.855316162109,90.4709396362305,0.000243919916101731,2.7435236904172053],"collision_probability":0}
 timestamp= 1619817888000 [RUN] Validate G1 Guard Condition: 
The ego vehicle E Detection.Collision == True.
 timestamp= 1619817888000 [RES] Global Validate result: 
false
 timestamp= 1619817888000 [RUN] Validate G2 Guard Condition: 
The ego vehicle E Detection.OffRoad == True.
 timestamp= 1619817888000 [RES] Global Validate result: 
false
 timestamp= 1619817888000 [RUN] Validate G3 Guard Condition: 
The ego vehicle E Detection.HardBrake == True.
 timestamp= 1619817888000 [RES] Global Validate result: 
true
 timestamp= 1619817888000 [RUN] HardBrake == True
 timestamp= 1619817888000 [RUN] RESUME STEP @preStep
 timestamp= 1619817888000 [RUN] Resume step basicflow22
 timestamp= 1619817888000 [RUN] Validate G4 Guard Condition: 
The ego vehicle E Detection.ArrivalTest == True.
 timestamp= 1619817888000 [RES] Global Validate result: 
false
 timestamp= 1619817888000 [RUN] Validate step: 
The test system VALIDATES THAT the Apollo A Status.GetControl is nearly equal to {"acceleration": 1.23, "throttle": 44.85, "steering_target": -0.09, "brake": 0.0, "steering_rate": 100.0, "speed": 1.94}
 timestamp= 1619817888000 [RES] Validate result: 
true
 timestamp= 1619817888000 [RUN] Generate steps
 timestamp= 1619817888000 [RUN] Validate step: 
The test system VALIDATES THAT the simulator S Status.GetEnvironment is nearly equal to {"x": -306.27, "y": 10.12, "z": 190.11, "rain": 0.0, "fog": 0.0, "wetness": 0.0, "timeofday": 12.0, "signal": -1.0, "rx": 359.86, "ry": 90.47, "rz": 0.0, "speed": 2.74}
 timestamp= 1619817888000 [RES] Validate result: 
true
 timestamp= 1619817888000 [RUN] Execute API step: 
The environment controller C INVOKES API Control.Agents.Pedestrians.WalkRandomly(which_lane=Current_Lane).
 timestamp= 1619817892000 [RES] API result: 
{"pose_arr":[{"vx":-0.03,"ay":-0.97,"az":9.81,"ax":-0.01,"pz":10.12,"vy":-0.03,"px":552567.62,"py":4182676.13},{"vx":-0.05,"ay":-3.99,"az":9.79,"ax":-0.03,"pz":10.12,"vy":-0.05,"px":552569.39,"py":4182676.12},{"vx":-0.06,"ay":-0.41,"az":9.83,"ax":0.02,"pz":10.12,"vy":-0.06,"px":552571.83,"py":4182676.09},{"vx":-0.07,"ay":-0.33,"az":9.82,"ax":-0.01,"pz":10.12,"vy":-0.07,"px":552575.09,"py":4182676.05},{"vx":-0.08,"ay":-0.25,"az":9.83,"ax":-0.01,"pz":10.12,"vy":-0.08,"px":552578.46,"py":4182676.01},{"vx":-0.07,"ay":-1.15,"az":9.8,"ax":-0.01,"pz":10.12,"vy":-0.07,"px":552581.99,"py":4182675.96},{"vx":-0.07,"ay":-1.15,"az":9.81,"ax":-0.01,"pz":10.12,"vy":-0.07,"px":552585.5,"py":4182675.93}],"traffic_light":[1,1,1,0,0,0,0],"state_arr":[{"acceleration":1.01,"throttle":28.75,"steering_target":-0.22,"brake":0,"steering_rate":100,"speed":2.74},{"acceleration":1.53,"throttle":65.82,"steering_target":-0.45,"brake":0,"steering_rate":100,"speed":3.24},{"acceleration":0.6,"throttle":15.7,"steering_target":-0.17,"brake":0,"steering_rate":100,"speed":4.95},{"acceleration":0.95,"throttle":15.7,"steering_target":-0.09,"brake":0,"steering_rate":100,"speed":5.13},{"acceleration":1.13,"throttle":15.7,"steering_target":-0.02,"brake":0,"steering_rate":100,"speed":5.48},{"acceleration":0.97,"throttle":15.7,"steering_target":0.12,"brake":0,"steering_rate":100,"speed":6.05},{"acceleration":1.39,"throttle":31.34,"steering_target":0.2,"brake":0,"steering_rate":100,"speed":6.21},{"acceleration":1.33,"throttle":30.68,"steering_target":-0.07,"brake":0,"steering_rate":100,"speed":6.7},{"acceleration":1.23,"throttle":15.7,"steering_target":0.23,"brake":0,"steering_rate":100,"speed":7.16}],"obstacle_arr":[[{"acceleration":{"y":-0.09,"x":-1.82,"z":0},"position":{"y":4182678.68,"x":552537.97,"z":10.57},"volume":6.98,"type":"VEHICLE","velocity":{"y":-0.22,"x":3.06,"z":0}},{"acceleration":{"y":0,"x":0,"z":0},"position":{"y":4182678.97,"x":552560.72,"z":10.49},"volume":95.68,"type":"VEHICLE","velocity":{"y":0,"x":0,"z":0}}],[{"acceleration":{"y":-0.12,"x":-1.78,"z":0},"position":{"y":4182678.38,"x":552539.69,"z":10.64},"volume":7.36,"type":"VEHICLE","velocity":{"y":-0.3,"x":2.13,"z":0}},{"acceleration":{"y":0,"x":0,"z":0},"position":{"y":4182678.97,"x":552560.56,"z":10.42},"volume":97.41,"type":"VEHICLE","velocity":{"y":0,"x":0,"z":0}}],[{"acceleration":{"y":0.28,"x":-1.65,"z":0},"position":{"y":4182678.27,"x":552540.99,"z":10.72},"volume":16.52,"type":"VEHICLE","velocity":{"y":-0.05,"x":0.99,"z":0}},{"acceleration":{"y":0,"x":0,"z":0},"position":{"y":4182679.07,"x":552560.97,"z":10.44},"volume":104.02,"type":"VEHICLE","velocity":{"y":0,"x":0,"z":0}}],[{"acceleration":{"y":-0.02,"x":-0.02,"z":0},"position":{"y":4182677.99,"x":552543.77,"z":10.76},"volume":6.74,"type":"VEHICLE","velocity":{"y":-0.09,"x":1.71,"z":0}},{"acceleration":{"y":0,"x":0,"z":0},"position":{"y":4182679.08,"x":552561.64,"z":10.49},"volume":83.12,"type":"VEHICLE","velocity":{"y":0,"x":0,"z":0}}],[{"acceleration":{"y":0,"x":0,"z":0},"position":{"y":4182679.08,"x":552563.73,"z":10.45},"volume":34.79,"type":"VEHICLE","velocity":{"y":0,"x":0,"z":0}},{"acceleration":{"y":0,"x":0,"z":0},"position":{"y":4182678.1,"x":552559.38,"z":10.53},"volume":2.76,"type":"VEHICLE","velocity":{"y":0,"x":0,"z":0}}],[{"acceleration":{"y":0,"x":0,"z":0},"position":{"y":4182679.09,"x":552564.08,"z":10.69},"volume":30.96,"type":"VEHICLE","velocity":{"y":0,"x":0,"z":0}}],[{"acceleration":{"y":0,"x":0,"z":0},"position":{"y":4182679.13,"x":552564.92,"z":10.81},"volume":12.35,"type":"VEHICLE","velocity":{"y":0,"x":0,"z":0}},{"acceleration":{"y":0,"x":0,"z":0},"position":{"y":4182669.3,"x":552566.12,"z":10.91},"volume":29.07,"type":"UNKNOWN","velocity":{"y":0,"x":0,"z":0}}],[{"acceleration":{"y":0,"x":0,"z":0},"position":{"y":4182679.12,"x":552563.61,"z":10.61},"volume":20.95,"type":"VEHICLE","velocity":{"y":0,"x":0,"z":0}}]],"action_description":"Pedestrian walking on the front lane","ev_state":[-285.002075195313,10.1240615844727,189.867904663086,0,0,0,12,-1,359.939514160156,90.6195831298828,0.00142626615706831,7.156873714155817],"collision_probability":0}
 timestamp= 1619817892000 [RUN] Validate G1 Guard Condition: 
The ego vehicle E Detection.Collision == True.
 timestamp= 1619817892000 [RES] Global Validate result: 
false
 timestamp= 1619817892000 [RUN] Validate G2 Guard Condition: 
The ego vehicle E Detection.OffRoad == True.
 timestamp= 1619817892000 [RES] Global Validate result: 
false
 timestamp= 1619817892000 [RUN] Validate G3 Guard Condition: 
The ego vehicle E Detection.HardBrake == True.
 timestamp= 1619817892000 [RES] Global Validate result: 
false
 timestamp= 1619817892000 [RUN] Validate G4 Guard Condition: 
The ego vehicle E Detection.ArrivalTest == True.
 timestamp= 1619817892000 [RES] Global Validate result: 
false
 timestamp= 1619817892000 [RUN] Validate step: 
The test system VALIDATES THAT the Apollo A Status.GetControl is nearly equal to {"acceleration": 1.23, "throttle": 15.7, "steering_target": 0.23, "brake": 0.0, "steering_rate": 100.0, "speed": 7.16}
 timestamp= 1619817892000 [RES] Validate result: 
true
 timestamp= 1619817892000 [RUN] Generate steps
 timestamp= 1619817892000 [RUN] Validate step: 
The test system VALIDATES THAT the simulator S Status.GetEnvironment is nearly equal to {"x": -285.0, "y": 10.12, "z": 189.87, "rain": 0.0, "fog": 0.0, "wetness": 0.0, "timeofday": 12.0, "signal": -1.0, "rx": 359.94, "ry": 90.62, "rz": 0.0, "speed": 7.16}
 timestamp= 1619817892000 [RES] Validate result: 
true
 timestamp= 1619817892000 [RUN] Execute API step: 
The environment controller C INVOKES API Control.Agents.NPCVehicle.NPCVehicleMaintainLane(which_lane=Right_Lane&which_car=BoxTruck).
 timestamp= 1619817897000 [RES] API result: 
{"pose_arr":[{"vx":-0.08,"ay":-1.5,"az":9.82,"ax":0.03,"pz":10.12,"vy":-0.08,"px":552588.06,"py":4182675.9},{"vx":-0.07,"ay":-1.29,"az":9.86,"ax":-0.01,"pz":10.12,"vy":-0.07,"px":552591.14,"py":4182675.87},{"vx":-0.06,"ay":-0.22,"az":9.83,"ax":-0.01,"pz":10.12,"vy":-0.06,"px":552595.05,"py":4182675.83},{"vx":-0.04,"ay":-0.21,"az":9.81,"ax":0.01,"pz":10.12,"vy":-0.04,"px":552599.63,"py":4182675.8},{"vx":0.03,"ay":-0.17,"az":9.81,"ax":0.86,"pz":10.12,"vy":0.03,"px":552603.96,"py":4182675.79},{"vx":0.76,"ay":-0.25,"az":9.81,"ax":-0.47,"pz":10.12,"vy":0.76,"px":552608.33,"py":4182675.88},{"vx":0.33,"ay":-0.18,"az":9.8,"ax":0.33,"pz":10.12,"vy":0.33,"px":552612.65,"py":4182676.22},{"vx":0.23,"ay":-0.65,"az":9.92,"ax":-0.96,"pz":10.11,"vy":0.23,"px":552615.53,"py":4182676.42},{"vx":0.25,"ay":-0.87,"az":9.81,"ax":0.02,"pz":10.11,"vy":0.25,"px":552616.84,"py":4182676.52}],"traffic_light":[0,1,1,1,0,0,0],"state_arr":[{"acceleration":0.51,"throttle":19.81,"steering_target":0.18,"brake":0,"steering_rate":100,"speed":8.34},{"acceleration":0.07,"throttle":15.7,"steering_target":0.29,"brake":0,"steering_rate":100,"speed":8.58},{"acceleration":-0.02,"throttle":0,"steering_target":0.24,"brake":14.5,"steering_rate":100,"speed":8.7},{"acceleration":0.1,"throttle":15.7,"steering_target":6.01,"brake":0,"steering_rate":100,"speed":8.77},{"acceleration":0.2,"throttle":15.7,"steering_target":6.2,"brake":0,"steering_rate":100,"speed":8.85},{"acceleration":0.13,"throttle":15.7,"steering_target":-8.37,"brake":0,"steering_rate":100,"speed":8.92},{"acceleration":0.39,"throttle":17.27,"steering_target":8.69,"brake":0,"steering_rate":100,"speed":8.74},{"acceleration":2.25,"throttle":98.83,"steering_target":0.62,"brake":0,"steering_rate":100,"speed":2.66}],"obstacle_arr":[[{"acceleration":{"y":0,"x":0,"z":0},"position":{"y":4182679.11,"x":552557.63,"z":10.92},"volume":92.43,"type":"VEHICLE","velocity":{"y":0,"x":0,"z":0}}],[{"acceleration":{"y":0,"x":0.01,"z":0},"position":{"y":4182669.54,"x":552589.93,"z":10.46},"volume":75.3,"type":"VEHICLE","velocity":{"y":0,"x":0,"z":0}},{"acceleration":{"y":0,"x":0,"z":0},"position":{"y":4182668.21,"x":552564.68,"z":10.66},"volume":108.59,"type":"VEHICLE","velocity":{"y":0,"x":0,"z":0}}],[{"acceleration":{"y":0,"x":0,"z":0},"position":{"y":4182671.51,"x":552592.31,"z":10.13},"volume":32.28,"type":"VEHICLE","velocity":{"y":0,"x":0,"z":0}},{"acceleration":{"y":0,"x":0.05,"z":0},"position":{"y":4182678.84,"x":552562.25,"z":10.1},"volume":79.49,"type":"VEHICLE","velocity":{"y":-0.05,"x":1.23,"z":0}}],[{"acceleration":{"y":0,"x":0,"z":0},"position":{"y":4182669.68,"x":552590.05,"z":10.12},"volume":141.94,"type":"VEHICLE","velocity":{"y":0,"x":0,"z":0}},{"acceleration":{"y":0.04,"x":0.66,"z":0},"position":{"y":4182679.45,"x":552565.48,"z":10.92},"volume":1.56,"type":"VEHICLE","velocity":{"y":0.02,"x":1.34,"z":0}}],[{"acceleration":{"y":1.06,"x":0.54,"z":0},"position":{"y":4182673.67,"x":552591.54,"z":10},"volume":129.89,"type":"VEHICLE","velocity":{"y":0.07,"x":0.04,"z":0}}],[{"acceleration":{"y":2.09,"x":0.55,"z":0},"position":{"y":4182676.92,"x":552591.63,"z":10.13},"volume":86.31,"type":"VEHICLE","velocity":{"y":1.14,"x":0.43,"z":0}}],[{"acceleration":{"y":2.51,"x":0.69,"z":0},"position":{"y":4182686.58,"x":552594.32,"z":11.09},"volume":113.31,"type":"VEHICLE","velocity":{"y":2.28,"x":0.7,"z":0}}],[{"acceleration":{"y":3.37,"x":1.42,"z":0},"position":{"y":4182691.77,"x":552597.04,"z":11.22},"volume":43.9,"type":"VEHICLE","velocity":{"y":4.45,"x":1.47,"z":0}}]],"action_description":"NPC vehicle (BoxTruck) driving on the right lane","ev_state":[-255.452133178711,10.1226272583008,190.608551025391,0,0,0,12,-1,359.473724365234,86.4570159912109,1.20245635509491,3.37395521610297],"collision_probability":1}
 timestamp= 1619817897000 [RUN] Validate G1 Guard Condition: 
The ego vehicle E Detection.Collision == True.
 timestamp= 1619817897000 [RES] Global Validate result: 
true
 timestamp= 1619817897000 [RUN] Collision == True
 timestamp= 1619817897000 [RUN] Validate G2 Guard Condition: 
The ego vehicle E Detection.OffRoad == True.
 timestamp= 1619817897000 [RES] Global Validate result: 
false
 timestamp= 1619817897000 [RUN] Validate G3 Guard Condition: 
The ego vehicle E Detection.HardBrake == True.
 timestamp= 1619817897000 [RES] Global Validate result: 
true
 timestamp= 1619817897000 [RUN] HardBrake == True
 timestamp= 1619817897000 [RUN] RESUME STEP @preStep
 timestamp= 1619817897000 [RUN] Resume step basicflow28
 timestamp= 1619817897000 [RUN] Validate G4 Guard Condition: 
The ego vehicle E Detection.ArrivalTest == True.
 timestamp= 1619817897000 [RES] Global Validate result: 
false
 timestamp= 1619817897000 [RUN] Validate step: 
The test system VALIDATES THAT the Apollo A Status.GetControl is nearly equal to {"acceleration": 2.25, "throttle": 98.83, "steering_target": 0.62, "brake": 0.0, "steering_rate": 100.0, "speed": 2.66}
 timestamp= 1619817897000 [RES] Validate result: 
true
 timestamp= 1619817897000 [RUN] Generate steps
 timestamp= 1619817897000 [RUN] Validate step: 
The test system VALIDATES THAT the simulator S Status.GetEnvironment is nearly equal to {"x": -255.45, "y": 10.12, "z": 190.61, "rain": 0.0, "fog": 0.0, "wetness": 0.0, "timeofday": 12.0, "signal": -1.0, "rx": 359.47, "ry": 86.46, "rz": 1.2, "speed": 3.37}
 timestamp= 1619817897000 [RES] Validate result: 
true
 timestamp= 1619817897000 [RUN] Execute API step: 
The environment controller C INVOKES API Control.Agents.NPCVehicle.NPCVehicleMaintainLane(which_lane=Right_Lane&which_car=BoxTruck).
 timestamp= 1619817901000 [RES] API result: 
{"pose_arr":[{"vx":0.33,"ay":-2.82,"az":9.8,"ax":0.25,"pz":10.12,"vy":0.33,"px":552618.81,"py":4182676.65},{"vx":0.36,"ay":-0.47,"az":9.81,"ax":0.01,"pz":10.12,"vy":0.36,"px":552620.97,"py":4182676.81},{"vx":0.46,"ay":-4.54,"az":9.76,"ax":0.34,"pz":10.12,"vy":0.46,"px":552623.74,"py":4182677.02},{"vx":0.48,"ay":-0.25,"az":9.82,"ax":0.02,"pz":10.12,"vy":0.48,"px":552627.32,"py":4182677.29},{"vx":0.49,"ay":-0.69,"az":9.81,"ax":0.04,"pz":10.12,"vy":0.49,"px":552629.95,"py":4182677.49},{"vx":0.48,"ay":-0.24,"az":9.81,"ax":0.01,"pz":10.12,"vy":0.48,"px":552632.88,"py":4182677.7},{"vx":0.47,"ay":-0.24,"az":9.82,"ax":0.02,"pz":10.12,"vy":0.47,"px":552636.81,"py":4182677.98},{"vx":0.4,"ay":-0.68,"az":9.81,"ax":0.06,"pz":10.12,"vy":0.4,"px":552640.57,"py":4182678.23}],"traffic_light":[1,1,1,1,1,1,1],"state_arr":[{"acceleration":0.55,"throttle":19.75,"steering_target":2.04,"brake":0,"steering_rate":100,"speed":3.37},{"acceleration":0.61,"throttle":20.99,"steering_target":1,"brake":0,"steering_rate":100,"speed":4.56},{"acceleration":0.99,"throttle":22.18,"steering_target":0.07,"brake":0,"steering_rate":100,"speed":4.77},{"acceleration":0.24,"throttle":15.7,"steering_target":-0.07,"brake":0,"steering_rate":100,"speed":6.12},{"acceleration":0.53,"throttle":15.7,"steering_target":-0.03,"brake":0,"steering_rate":100,"speed":6.29},{"acceleration":0.89,"throttle":24.81,"steering_target":-0.22,"brake":0,"steering_rate":100,"speed":6.48},{"acceleration":1.03,"throttle":22.14,"steering_target":-0.47,"brake":0,"steering_rate":100,"speed":6.68},{"acceleration":0.99,"throttle":26.15,"steering_target":-0.58,"brake":0,"steering_rate":100,"speed":7.06},{"acceleration":1.28,"throttle":24.66,"steering_target":-1.4,"brake":0,"steering_rate":100,"speed":7.15}],"obstacle_arr":[[{"acceleration":{"y":3.25,"x":1.49,"z":0},"position":{"y":4182694.56,"x":552598.07,"z":10.66},"volume":50.94,"type":"VEHICLE","velocity":{"y":5.38,"x":1.9,"z":0}},{"acceleration":{"y":0,"x":0,"z":0},"position":{"y":4182679.67,"x":552565.52,"z":11.87},"volume":3.17,"type":"VEHICLE","velocity":{"y":0,"x":0,"z":0}}],[{"acceleration":{"y":2.63,"x":1.49,"z":0},"position":{"y":4182700.05,"x":552600.62,"z":10.42},"volume":77.93,"type":"VEHICLE","velocity":{"y":7.09,"x":2.78,"z":0}},{"acceleration":{"y":0,"x":0,"z":0},"position":{"y":4182668.56,"x":552618.68,"z":10.34},"volume":121.66,"type":"VEHICLE","velocity":{"y":0,"x":0,"z":0}}],[{"acceleration":{"y":2.32,"x":1.41,"z":0},"position":{"y":4182704.93,"x":552604.3,"z":10.41},"volume":47.82,"type":"VEHICLE","velocity":{"y":8.53,"x":3.67,"z":0}},{"acceleration":{"y":0,"x":0,"z":0},"position":{"y":4182669.07,"x":552619.36,"z":10.35},"volume":120.79,"type":"VEHICLE","velocity":{"y":0,"x":0,"z":0}}],[{"acceleration":{"y":0,"x":0,"z":0},"position":{"y":4182669.13,"x":552620.4,"z":10.35},"volume":120.72,"type":"VEHICLE","velocity":{"y":0,"x":0,"z":0}},{"acceleration":{"y":0,"x":0,"z":0},"position":{"y":4182675.25,"x":552616.84,"z":10.52},"volume":0.15,"type":"PEDESTRIAN","velocity":{"y":0,"x":0,"z":0}}],[{"acceleration":{"y":0.44,"x":2.5,"z":0},"position":{"y":4182669.38,"x":552622.84,"z":10.34},"volume":135.42,"type":"VEHICLE","velocity":{"y":0.38,"x":2.15,"z":0}},{"acceleration":{"y":0,"x":0,"z":0},"position":{"y":4182675.2,"x":552616.9,"z":10.52},"volume":0.03,"type":"PEDESTRIAN","velocity":{"y":0,"x":0,"z":0}},{"acceleration":{"y":0,"x":0,"z":0},"position":{"y":4182719.15,"x":552614.15,"z":10.58},"volume":55.76,"type":"VEHICLE","velocity":{"y":0,"x":0,"z":0}}],[{"acceleration":{"y":0.54,"x":2.66,"z":0},"position":{"y":4182669.99,"x":552625.26,"z":10.34},"volume":139.5,"type":"VEHICLE","velocity":{"y":0.74,"x":3.76,"z":0}}],[{"acceleration":{"y":0.52,"x":2.62,"z":0},"position":{"y":4182670.85,"x":552628.65,"z":10.34},"volume":140.96,"type":"VEHICLE","velocity":{"y":1.08,"x":5.48,"z":0}}],[{"acceleration":{"y":0.34,"x":1.01,"z":0},"position":{"y":4182671.28,"x":552631.8,"z":10.13},"volume":126.99,"type":"VEHICLE","velocity":{"y":1.28,"x":5.84,"z":0}}]],"action_description":"NPC vehicle (BoxTruck) driving on the right lane","ev_state":[-231.635787963867,10.1240367889404,192.308319091797,0,0,0,12,-1,359.980407714844,86.7887496948242,0.0442244149744511,7.276854805241938],"collision_probability":0.423}
 timestamp= 1619817901000 [RUN] Validate G1 Guard Condition: 
The ego vehicle E Detection.Collision == True.
 timestamp= 1619817901000 [RES] Global Validate result: 
false
 timestamp= 1619817901000 [RUN] Validate G2 Guard Condition: 
The ego vehicle E Detection.OffRoad == True.
 timestamp= 1619817901000 [RES] Global Validate result: 
false
 timestamp= 1619817901000 [RUN] Validate G3 Guard Condition: 
The ego vehicle E Detection.HardBrake == True.
 timestamp= 1619817901000 [RES] Global Validate result: 
false
 timestamp= 1619817901000 [RUN] Validate G4 Guard Condition: 
The ego vehicle E Detection.ArrivalTest == True.
 timestamp= 1619817901000 [RES] Global Validate result: 
false
 timestamp= 1619817901000 [RUN] Validate step: 
The test system VALIDATES THAT the Apollo A Status.GetControl is nearly equal to {"acceleration": 1.28, "throttle": 24.66, "steering_target": -1.4, "brake": 0.0, "steering_rate": 100.0, "speed": 7.15}
 timestamp= 1619817901000 [RES] Validate result: 
true
 timestamp= 1619817901000 [RUN] Generate steps
 timestamp= 1619817901000 [RUN] Validate step: 
The test system VALIDATES THAT the simulator S Status.GetEnvironment is nearly equal to {"x": -231.64, "y": 10.12, "z": 192.31, "rain": 0.0, "fog": 0.0, "wetness": 0.0, "timeofday": 12.0, "signal": -1.0, "rx": 359.98, "ry": 86.79, "rz": 0.04, "speed": 7.28}
 timestamp= 1619817901000 [RES] Validate result: 
true
 timestamp= 1619817901000 [RUN] Execute API step: 
The environment controller C INVOKES API Control.Agents.NPCVehicle.NPCVehicleMaintainLane(which_lane=Right_Lane&which_car=BoxTruck).
 timestamp= 1619817906000 [RES] API result: 
{"pose_arr":[{"vx":0.33,"ay":-0.72,"az":9.81,"ax":0.1,"pz":10.12,"vy":0.33,"px":552643.62,"py":4182678.39},{"vx":0.36,"ay":-0.23,"az":9.84,"ax":-0.23,"pz":10.12,"vy":0.36,"px":552648.4,"py":4182678.6},{"vx":0.21,"ay":-0.26,"az":9.81,"ax":0.11,"pz":10.12,"vy":0.21,"px":552651.82,"py":4182678.74},{"vx":0.27,"ay":-0.27,"az":9.81,"ax":0,"pz":10.12,"vy":0.27,"px":552656.14,"py":4182678.85},{"vx":0.26,"ay":-0.35,"az":9.81,"ax":-0.03,"pz":10.12,"vy":0.26,"px":552660.38,"py":4182678.99},{"vx":0.14,"ay":-0.33,"az":9.81,"ax":0.1,"pz":10.12,"vy":0.14,"px":552664.7,"py":4182679.11},{"vx":0.22,"ay":-0.22,"az":9.81,"ax":-0.03,"pz":10.12,"vy":0.22,"px":552669.02,"py":4182679.19},{"vx":0.16,"ay":-0.22,"az":9.81,"ax":0.33,"pz":10.12,"vy":0.16,"px":552673.35,"py":4182679.3}],"traffic_light":[1,1,1,1,1,1,1],"state_arr":[{"acceleration":0.73,"throttle":15.7,"steering_target":-0.61,"brake":0,"steering_rate":100,"speed":7.28},{"acceleration":1.04,"throttle":26.92,"steering_target":0.12,"brake":0,"steering_rate":100,"speed":7.55},{"acceleration":0.09,"throttle":15.7,"steering_target":-2.43,"brake":0,"steering_rate":100,"speed":8.03},{"acceleration":0.15,"throttle":15.7,"steering_target":-0.43,"brake":0,"steering_rate":100,"speed":8.17},{"acceleration":0.27,"throttle":15.7,"steering_target":1.26,"brake":0,"steering_rate":100,"speed":8.31},{"acceleration":0.37,"throttle":16.69,"steering_target":-1.8,"brake":0,"steering_rate":100,"speed":8.48},{"acceleration":0.43,"throttle":17.88,"steering_target":-0.67,"brake":0,"steering_rate":100,"speed":8.6},{"acceleration":0.25,"throttle":15.7,"steering_target":1.38,"brake":0,"steering_rate":100,"speed":8.7},{"acceleration":0.04,"throttle":15.7,"steering_target":-0.79,"brake":0,"steering_rate":100,"speed":8.83}],"obstacle_arr":[[{"acceleration":{"y":0,"x":0.28,"z":0},"position":{"y":4182671.79,"x":552633.35,"z":10.11},"volume":143.45,"type":"VEHICLE","velocity":{"y":1.09,"x":5.92,"z":0}}],[],[],[],[],[],[],[]],"action_description":"NPC vehicle (BoxTruck) driving on the right lane","ev_state":[-198.527908325195,10.1236438751221,193.314987182617,0,0,0,12,-1,359.983703613281,89.0098495483398,0.0457925014197826,8.923859048161296],"collision_probability":0}
 timestamp= 1619817906000 [RUN] Validate G1 Guard Condition: 
The ego vehicle E Detection.Collision == True.
 timestamp= 1619817906000 [RES] Global Validate result: 
false
 timestamp= 1619817906000 [RUN] Validate G2 Guard Condition: 
The ego vehicle E Detection.OffRoad == True.
 timestamp= 1619817906000 [RES] Global Validate result: 
false
 timestamp= 1619817906000 [RUN] Validate G3 Guard Condition: 
The ego vehicle E Detection.HardBrake == True.
 timestamp= 1619817906000 [RES] Global Validate result: 
false
 timestamp= 1619817906000 [RUN] Validate G4 Guard Condition: 
The ego vehicle E Detection.ArrivalTest == True.
 timestamp= 1619817906000 [RES] Global Validate result: 
false
 timestamp= 1619817906000 [RUN] Validate step: 
The test system VALIDATES THAT the Apollo A Status.GetControl is nearly equal to {"acceleration": 0.04, "throttle": 15.7, "steering_target": -0.79, "brake": 0.0, "steering_rate": 100.0, "speed": 8.83}
 timestamp= 1619817906000 [RES] Validate result: 
true
 timestamp= 1619817906000 [RUN] Generate steps
 timestamp= 1619817906000 [RUN] Validate step: 
The test system VALIDATES THAT the simulator S Status.GetEnvironment is nearly equal to {"x": -198.53, "y": 10.12, "z": 193.31, "rain": 0.0, "fog": 0.0, "wetness": 0.0, "timeofday": 12.0, "signal": -1.0, "rx": 359.98, "ry": 89.01, "rz": 0.05, "speed": 8.92}
 timestamp= 1619817906000 [RES] Validate result: 
true
 timestamp= 1619817906000 [RUN] Execute API step: 
The environment controller C INVOKES API Control.Agents.NPCVehicle.NPCVehicleMaintainLane(which_lane=Right_Lane&which_car=BoxTruck).
 timestamp= 1619817911000 [RES] API result: 
{"pose_arr":[{"vx":0.23,"ay":-0.21,"az":9.81,"ax":0,"pz":10.12,"vy":0.23,"px":552678.14,"py":4182679.39},{"vx":0.16,"ay":0.63,"az":9.82,"ax":0.01,"pz":10.12,"vy":0.16,"px":552681.52,"py":4182679.47},{"vx":0.18,"ay":0.62,"az":9.8,"ax":-0.02,"pz":10.12,"vy":0.18,"px":552685.45,"py":4182679.54},{"vx":0.13,"ay":0.62,"az":9.81,"ax":0,"pz":10.12,"vy":0.13,"px":552689.49,"py":4182679.62},{"vx":0.15,"ay":0.61,"az":9.81,"ax":-0.02,"pz":10.12,"vy":0.15,"px":552694.13,"py":4182679.7},{"vx":0.09,"ay":0.6,"az":9.81,"ax":0,"pz":10.12,"vy":0.09,"px":552697.59,"py":4182679.77},{"vx":0.07,"ay":0.59,"az":9.81,"ax":-0.01,"pz":10.12,"vy":0.07,"px":552701,"py":4182679.8},{"vx":0.08,"ay":0.59,"az":9.81,"ax":-0.01,"pz":10.12,"vy":0.08,"px":552704.66,"py":4182679.84}],"traffic_light":[1,1,3,3,3,3,3,3],"state_arr":[{"acceleration":0.05,"throttle":15.7,"steering_target":0.86,"brake":0,"steering_rate":100,"speed":8.92},{"acceleration":-0.29,"throttle":0,"steering_target":-1.57,"brake":14.5,"steering_rate":100,"speed":8.99},{"acceleration":-0.15,"throttle":0,"steering_target":0.72,"brake":14.5,"steering_rate":100,"speed":8.68},{"acceleration":0.05,"throttle":15.7,"steering_target":0.1,"brake":0,"steering_rate":100,"speed":8.4},{"acceleration":-0.21,"throttle":0,"steering_target":-0.51,"brake":14.5,"steering_rate":100,"speed":8.18},{"acceleration":-0.17,"throttle":0,"steering_target":1.01,"brake":14.5,"steering_rate":100,"speed":7.94},{"acceleration":-0.09,"throttle":0,"steering_target":-1.79,"brake":14.5,"steering_rate":100,"speed":7.67},{"acceleration":-0.21,"throttle":0,"steering_target":0.48,"brake":14.5,"steering_rate":100,"speed":7.43},{"acceleration":-0.34,"throttle":0,"steering_target":0.03,"brake":14.5,"steering_rate":100,"speed":7.13},{"acceleration":-0.5,"throttle":0,"steering_target":-1.11,"brake":14.5,"steering_rate":100,"speed":6.84}],"obstacle_arr":[[],[],[],[],[],[],[],[]],"action_description":"NPC vehicle (BoxTruck) driving on the right lane","ev_state":[-166.417373657227,10.124116897583,193.854431152344,0,0,0,12,1,0.0345297530293465,89.3674468994141,0.00773404957726598,6.837251411812726],"collision_probability":0}
 timestamp= 1619817911000 [RUN] Validate G1 Guard Condition: 
The ego vehicle E Detection.Collision == True.
 timestamp= 1619817911000 [RES] Global Validate result: 
false
 timestamp= 1619817911000 [RUN] Validate G2 Guard Condition: 
The ego vehicle E Detection.OffRoad == True.
 timestamp= 1619817911000 [RES] Global Validate result: 
false
 timestamp= 1619817911000 [RUN] Validate G3 Guard Condition: 
The ego vehicle E Detection.HardBrake == True.
 timestamp= 1619817911000 [RES] Global Validate result: 
false
 timestamp= 1619817911000 [RUN] Validate G4 Guard Condition: 
The ego vehicle E Detection.ArrivalTest == True.
 timestamp= 1619817911000 [RES] Global Validate result: 
false
 timestamp= 1619817911000 [RUN] Validate step: 
The test system VALIDATES THAT the Apollo A Status.GetControl is nearly equal to {"acceleration": -0.5, "throttle": 0.0, "steering_target": -1.11, "brake": 14.5, "steering_rate": 100.0, "speed": 6.84}
 timestamp= 1619817911000 [RES] Validate result: 
true
 timestamp= 1619817911000 [RUN] Generate steps
 timestamp= 1619817911000 [RUN] Validate step: 
The test system VALIDATES THAT the simulator S Status.GetEnvironment is nearly equal to {"x": -166.42, "y": 10.12, "z": 193.85, "rain": 0.0, "fog": 0.0, "wetness": 0.0, "timeofday": 12.0, "signal": 1.0, "rx": 0.03, "ry": 89.37, "rz": 0.01, "speed": 6.84}
 timestamp= 1619817911000 [RES] Validate result: 
true
 timestamp= 1619817911000 [RUN] Execute API step: 
The environment controller C INVOKES API Control.Agents.NPCVehicle.NPCVehicleMaintainLane(which_lane=Right_Lane&which_car=BoxTruck).
 timestamp= 1619817915000 [RES] API result: 
{"pose_arr":[{"vx":0.06,"ay":0.58,"az":9.83,"ax":-0.05,"pz":10.12,"vy":0.06,"px":552706.39,"py":4182679.86},{"vx":0.01,"ay":0.58,"az":9.81,"ax":0.08,"pz":10.12,"vy":0.01,"px":552709.43,"py":4182679.89},{"vx":0.03,"ay":0.64,"az":9.81,"ax":-0.08,"pz":10.13,"vy":0.03,"px":552712.28,"py":4182679.9},{"vx":-0.02,"ay":0.69,"az":9.81,"ax":0.05,"pz":10.13,"vy":-0.02,"px":552715.53,"py":4182679.91},{"vx":0,"ay":1.16,"az":9.81,"ax":0.01,"pz":10.13,"vy":0,"px":552717.92,"py":4182679.9},{"vx":0.01,"ay":1.05,"az":9.8,"ax":-0.04,"pz":10.13,"vy":0.01,"px":552720.46,"py":4182679.9},{"vx":-0.01,"ay":3.18,"az":9.83,"ax":0.02,"pz":10.13,"vy":-0.01,"px":552722.82,"py":4182679.9},{"vx":0,"ay":0.64,"az":9.8,"ax":0,"pz":10.13,"vy":0,"px":552724.88,"py":4182679.9},{"vx":0,"ay":0.71,"az":9.81,"ax":0,"pz":10.13,"vy":0,"px":552726.49,"py":4182679.9}],"traffic_light":[3,3,3,3,3,3,3],"state_arr":[{"acceleration":-0.45,"throttle":0,"steering_target":-0.67,"brake":14.5,"steering_rate":100,"speed":6.65},{"acceleration":-0.49,"throttle":0,"steering_target":-0.24,"brake":14.5,"steering_rate":100,"speed":6.47},{"acceleration":-0.74,"throttle":0,"steering_target":-1.08,"brake":16.59,"steering_rate":100,"speed":6.21},{"acceleration":-0.94,"throttle":0,"steering_target":0.6,"brake":21.84,"steering_rate":100,"speed":5.86},{"acceleration":-0.9,"throttle":0,"steering_target":0.21,"brake":29.71,"steering_rate":100,"speed":5.33},{"acceleration":-0.78,"throttle":0,"steering_target":-0.36,"brake":17.58,"steering_rate":100,"speed":4.66},{"acceleration":-0.65,"throttle":0,"steering_target":-0.02,"brake":15.86,"steering_rate":100,"speed":4.01},{"acceleration":-0.65,"throttle":0,"steering_target":0.03,"brake":15.91,"steering_rate":100,"speed":3.51},{"acceleration":-0.76,"throttle":0,"steering_target":-0.03,"brake":17.71,"steering_rate":100,"speed":3.19}],"obstacle_arr":[[],[{"acceleration":{"y":0,"x":0,"z":0},"position":{"y":4182672.02,"x":552709.29,"z":10.13},"volume":194.58,"type":"VEHICLE","velocity":{"y":0,"x":0,"z":0}}],[{"acceleration":{"y":0.01,"x":0.01,"z":0},"position":{"y":4182672.03,"x":552707.95,"z":10.11},"volume":141.31,"type":"VEHICLE","velocity":{"y":0.58,"x":2.12,"z":0}}],[{"acceleration":{"y":0.18,"x":-0.11,"z":0},"position":{"y":4182672.64,"x":552709.87,"z":10.11},"volume":128.38,"type":"VEHICLE","velocity":{"y":0.67,"x":1.99,"z":0}}],[{"acceleration":{"y":0.18,"x":-0.12,"z":0},"position":{"y":4182672.66,"x":552712.13,"z":10.1},"volume":158.5,"type":"VEHICLE","velocity":{"y":0.79,"x":1.99,"z":0}}],[{"acceleration":{"y":0.62,"x":1.23,"z":0},"position":{"y":4182673.6,"x":552714.34,"z":10.11},"volume":140.52,"type":"VEHICLE","velocity":{"y":1.27,"x":3.09,"z":0}}],[],[]],"action_description":"NPC vehicle (BoxTruck) driving on the right lane","ev_state":[-145.826416015625,10.1246671676636,193.879806518555,0,0,0,12,1,0.041244201362133,90.0355987548828,0.000145368350786157,3.1851419218298305],"collision_probability":0}
 timestamp= 1619817915000 [RUN] Validate G1 Guard Condition: 
The ego vehicle E Detection.Collision == True.
 timestamp= 1619817915000 [RES] Global Validate result: 
false
 timestamp= 1619817915000 [RUN] Validate G2 Guard Condition: 
The ego vehicle E Detection.OffRoad == True.
 timestamp= 1619817915000 [RES] Global Validate result: 
false
 timestamp= 1619817915000 [RUN] Validate G3 Guard Condition: 
The ego vehicle E Detection.HardBrake == True.
 timestamp= 1619817915000 [RES] Global Validate result: 
false
 timestamp= 1619817915000 [RUN] Validate G4 Guard Condition: 
The ego vehicle E Detection.ArrivalTest == True.
 timestamp= 1619817915000 [RES] Global Validate result: 
false
 timestamp= 1619817915000 [RUN] Validate step: 
The test system VALIDATES THAT the Apollo A Status.GetControl is nearly equal to {"acceleration": -0.76, "throttle": 0.0, "steering_target": -0.03, "brake": 17.71, "steering_rate": 100.0, "speed": 3.19}
 timestamp= 1619817915000 [RES] Validate result: 
true
 timestamp= 1619817915000 [RUN] Generate steps
 timestamp= 1619817915000 [RUN] Validate step: 
The test system VALIDATES THAT the simulator S Status.GetEnvironment is nearly equal to {"x": -145.83, "y": 10.12, "z": 193.88, "rain": 0.0, "fog": 0.0, "wetness": 0.0, "timeofday": 12.0, "signal": 1.0, "rx": 0.04, "ry": 90.04, "rz": 0.0, "speed": 3.19}
 timestamp= 1619817915000 [RES] Validate result: 
true
 timestamp= 1619817915000 [RUN] Execute API step: 
The environment controller C INVOKES API Control.Agents.NPCVehicle.NPCVehicleMaintainLane(which_lane=Right_Lane&which_car=BoxTruck).
 timestamp= 1619817920000 [RES] API result: 
{"pose_arr":[{"vx":0,"ay":0.88,"az":9.81,"ax":0,"pz":10.13,"vy":0,"px":552727.97,"py":4182679.9},{"vx":0,"ay":0.92,"az":9.81,"ax":0,"pz":10.13,"vy":0,"px":552729.24,"py":4182679.9},{"vx":0,"ay":0.92,"az":9.81,"ax":0,"pz":10.13,"vy":0,"px":552730.38,"py":4182679.9},{"vx":0,"ay":0.69,"az":9.81,"ax":0,"pz":10.13,"vy":0,"px":552731.2,"py":4182679.9},{"vx":0,"ay":0.7,"az":9.81,"ax":0,"pz":10.13,"vy":0,"px":552731.87,"py":4182679.89},{"vx":0,"ay":0.64,"az":9.81,"ax":0,"pz":10.13,"vy":0,"px":552732.44,"py":4182679.89},{"vx":0,"ay":0.6,"az":9.81,"ax":0,"pz":10.13,"vy":0,"px":552732.88,"py":4182679.89},{"vx":0,"ay":0.94,"az":9.81,"ax":0,"pz":10.13,"vy":0,"px":552733.1,"py":4182679.89}],"traffic_light":[3,3,3,3,3,3,3,3],"state_arr":[{"acceleration":-0.91,"throttle":0,"steering_target":-0.05,"brake":19.65,"steering_rate":100,"speed":3.05},{"acceleration":-0.94,"throttle":0,"steering_target":-0.06,"brake":20,"steering_rate":100,"speed":2.62},{"acceleration":-1.02,"throttle":0,"steering_target":-0.06,"brake":20.85,"steering_rate":100,"speed":2.32},{"acceleration":-0.71,"throttle":0,"steering_target":-0.02,"brake":17.33,"steering_rate":100,"speed":1.88},{"acceleration":-0.72,"throttle":0,"steering_target":-0.04,"brake":17.51,"steering_rate":100,"speed":1.54},{"acceleration":-0.68,"throttle":0,"steering_target":-0.05,"brake":16.85,"steering_rate":100,"speed":1.2},{"acceleration":-0.63,"throttle":0,"steering_target":-0.06,"brake":16.13,"steering_rate":100,"speed":0.87},{"acceleration":-3,"throttle":0,"steering_target":-0.07,"brake":41.36,"steering_rate":100,"speed":0.64},{"acceleration":-3,"throttle":0,"steering_target":-0.09,"brake":63.33,"steering_rate":100,"speed":0.05}],"obstacle_arr":[[],[{"acceleration":{"y":0,"x":0,"z":0},"position":{"y":4182669.1,"x":552727.89,"z":10.32},"volume":183.16,"type":"VEHICLE","velocity":{"y":0,"x":0,"z":0}}],[],[],[],[],[],[]],"action_description":"NPC vehicle (BoxTruck) driving on the right lane","ev_state":[-139.516128540039,10.1248474121094,193.871475219727,0,0,0,12,1,0.0552564263343811,90.0819778442383,0.00016926736861933,0.0004758980458934834],"collision_probability":0.019}
 timestamp= 1619817920000 [RUN] Validate G1 Guard Condition: 
The ego vehicle E Detection.Collision == True.
 timestamp= 1619817920000 [RES] Global Validate result: 
false
 timestamp= 1619817920000 [RUN] Validate G2 Guard Condition: 
The ego vehicle E Detection.OffRoad == True.
 timestamp= 1619817920000 [RES] Global Validate result: 
false
 timestamp= 1619817920000 [RUN] Validate G3 Guard Condition: 
The ego vehicle E Detection.HardBrake == True.
 timestamp= 1619817920000 [RES] Global Validate result: 
false
 timestamp= 1619817920000 [RUN] Validate G4 Guard Condition: 
The ego vehicle E Detection.ArrivalTest == True.
 timestamp= 1619817920000 [RES] Global Validate result: 
true
 timestamp= 1619817920000 [RUN] ArrivalTest == True
 timestamp= 1619817920000 [RUN] The simulator S INVOKES API Command.Simulation.Stop() to stop simulation.
 timestamp= 1619817920000 [WARNING] The test system Stop the Simulator S!
 timestamp= 1619817920000 [RES] Basic PostCondition Validate result: 
true
 timestamp= 1619817920000 [STOP] numberOfStep: 46 basicFlow: 
[{"name":"","description":"","eClass":"Sentence","content":"The test system VALIDATES THAT the simulator S Status.GetEnvironment is nearly equal to {\"x\": -439.61, \"y\": 10.12, \"z\": 216.11, \"rain\": 0.0, \"fog\": 0.0, \"wetness\": 0.0, \"timeofday\": 12.0, \"signal\": 1.0, \"rx\": 359.89, \"ry\": 210.06, \"rz\": 0.0, \"speed\": 2.16}","natures":[]},{"name":"","description":"","eClass":"Sentence","content":"The environment controller C INVOKES API Control.Agents.NPCVehicle.NPCVehicleMaintainLane(which_lane=Right_Lane&which_car=BoxTruck).","natures":[]},{"name":"","description":"","eClass":"Sentence","content":"The test system VALIDATES THAT the Apollo A Status.GetControl is nearly equal to {\"acceleration\": -0.17, \"throttle\": 0.0, \"steering_target\": 13.35, \"brake\": 14.5, \"steering_rate\": 100.0, \"speed\": 3.67}","natures":[]},{"name":"","description":"","eClass":"Sentence","content":"The test system VALIDATES THAT the simulator S Status.GetEnvironment is nearly equal to {\"x\": -445.51, \"y\": 10.12, \"z\": 205.65, \"rain\": 0.0, \"fog\": 0.0, \"wetness\": 0.0, \"timeofday\": 12.0, \"signal\": 1.0, \"rx\": 0.03, \"ry\": 207.28, \"rz\": 359.92, \"speed\": 3.67}","natures":[]},{"name":"","description":"","eClass":"Sentence","content":"The environment controller C INVOKES API Control.Agents.NPCVehicle.NPCVehicleMaintainLane(which_lane=Right_Lane&which_car=BoxTruck).","natures":[]},{"name":"","description":"","eClass":"Sentence","content":"The test system VALIDATES THAT the Apollo A Status.GetControl is nearly equal to {\"acceleration\": -0.17, \"throttle\": 0.0, \"steering_target\": 53.75, \"brake\": 14.5, \"steering_rate\": 100.0, \"speed\": 2.84}","natures":[]},{"name":"","description":"","eClass":"Sentence","content":"The test system VALIDATES THAT the simulator S Status.GetEnvironment is nearly equal to {\"x\": -445.09, \"y\": 10.12, \"z\": 193.74, \"rain\": 0.0, \"fog\": 0.0, \"wetness\": 0.0, \"timeofday\": 12.0, \"signal\": 0.0, \"rx\": 359.94, \"ry\": 143.78, \"rz\": 359.66, \"speed\": 3.24}","natures":[]},{"name":"","description":"","eClass":"Sentence","content":"The environment controller C INVOKES API Control.Agents.NPCVehicle.NPCVehicleMaintainLane(which_lane=Right_Lane&which_car=BoxTruck).","natures":[]},{"name":"","description":"","eClass":"Sentence","content":"The test system VALIDATES THAT the Apollo A Status.GetControl is nearly equal to {\"acceleration\": 0.56, \"throttle\": 20.15, \"steering_target\": 0.73, \"brake\": 0.0, \"steering_rate\": 100.0, \"speed\": 5.99}","natures":[]},{"name":"","description":"","eClass":"Sentence","content":"The test system VALIDATES THAT the simulator S Status.GetEnvironment is nearly equal to {\"x\": -429.73, \"y\": 10.12, \"z\": 189.68, \"rain\": 0.0, \"fog\": 0.0, \"wetness\": 0.0, \"timeofday\": 12.0, \"signal\": -1.0, \"rx\": 359.91, \"ry\": 91.52, \"rz\": 359.96, \"speed\": 6.02}","natures":[]},{"name":"","description":"","eClass":"Sentence","content":"The environment controller C INVOKES API Control.Agents.NPCVehicle.NPCVehicleMaintainLane(which_lane=Right_Lane&which_car=BoxTruck).","natures":[]},{"name":"","description":"","eClass":"Sentence","content":"The test system VALIDATES THAT the Apollo A Status.GetControl is nearly equal to {\"acceleration\": 0.66, \"throttle\": 15.7, \"steering_target\": -1.27, \"brake\": 0.0, \"steering_rate\": 100.0, \"speed\": 7.94}","natures":[]},{"name":"","description":"","eClass":"Sentence","content":"The test system VALIDATES THAT the simulator S Status.GetEnvironment is nearly equal to {\"x\": -401.03, \"y\": 10.12, \"z\": 189.76, \"rain\": 0.0, \"fog\": 0.0, \"wetness\": 0.0, \"timeofday\": 12.0, \"signal\": -1.0, \"rx\": 359.98, \"ry\": 89.06, \"rz\": 359.98, \"speed\": 7.94}","natures":[]},{"name":"","description":"","eClass":"Sentence","content":"The environment controller C INVOKES API Control.Agents.NPCVehicle.NPCVehicleMaintainLane(which_lane=Right_Lane&which_car=BoxTruck).","natures":[]},{"name":"","description":"","eClass":"Sentence","content":"The test system VALIDATES THAT the Apollo A Status.GetControl is nearly equal to {\"acceleration\": -0.15, \"throttle\": 0.0, \"steering_target\": 0.8, \"brake\": 14.5, \"steering_rate\": 100.0, \"speed\": 8.74}","natures":[]},{"name":"","description":"","eClass":"Sentence","content":"The test system VALIDATES THAT the simulator S Status.GetEnvironment is nearly equal to {\"x\": -366.12, \"y\": 10.12, \"z\": 190.03, \"rain\": 0.0, \"fog\": 0.0, \"wetness\": 0.0, \"timeofday\": 12.0, \"signal\": 1.0, \"rx\": 0.02, \"ry\": 89.46, \"rz\": 359.97, \"speed\": 8.65}","natures":[]},{"name":"","description":"","eClass":"Sentence","content":"The environment controller C INVOKES API Control.Agents.NPCVehicle.NPCVehicleMaintainLane(which_lane=Right_Lane&which_car=BoxTruck).","natures":[]},{"name":"","description":"","eClass":"Sentence","content":"The test system VALIDATES THAT the Apollo A Status.GetControl is nearly equal to {\"acceleration\": -0.42, \"throttle\": 0.0, \"steering_target\": -0.61, \"brake\": 18.75, \"steering_rate\": 100.0, \"speed\": 8.01}","natures":[]},{"name":"","description":"","eClass":"Sentence","content":"The test system VALIDATES THAT the simulator S Status.GetEnvironment is nearly equal to {\"x\": -331.94, \"y\": 10.12, \"z\": 190.19, \"rain\": 0.0, \"fog\": 0.0, \"wetness\": 0.0, \"timeofday\": 12.0, \"signal\": 0.0, \"rx\": 0.04, \"ry\": 90.18, \"rz\": 0.03, \"speed\": 7.81}","natures":[]},{"name":"","description":"","eClass":"Sentence","content":"The environment controller C INVOKES API Control.Agents.NPCVehicle.NPCVehicleMaintainLane(which_lane=Right_Lane&which_car=BoxTruck).","natures":[]},{"name":"","description":"","eClass":"Sentence","content":"The test system VALIDATES THAT the Apollo A Status.GetControl is nearly equal to {\"acceleration\": 0.51, \"throttle\": 25.77, \"steering_target\": -0.07, \"brake\": 0.0, \"steering_rate\": 100.0, \"speed\": 1.93}","natures":[]},{"name":"","description":"","eClass":"Sentence","content":"The test system VALIDATES THAT the simulator S Status.GetEnvironment is nearly equal to {\"x\": -312.05, \"y\": 10.12, \"z\": 190.16, \"rain\": 0.0, \"fog\": 0.0, \"wetness\": 0.0, \"timeofday\": 12.0, \"signal\": -1.0, \"rx\": 0.04, \"ry\": 90.34, \"rz\": 0.0, \"speed\": 1.93}","natures":[]},{"name":"","description":"","eClass":"Sentence","content":"The environment controller C INVOKES API Control.Agents.NPCVehicle.NPCVehicleMaintainLane(which_lane=Right_Lane&which_car=BoxTruck).","natures":[]},{"name":"","description":"","eClass":"Sentence","content":"The test system VALIDATES THAT the Apollo A Status.GetControl is nearly equal to {\"acceleration\": 1.23, \"throttle\": 44.85, \"steering_target\": -0.09, \"brake\": 0.0, \"steering_rate\": 100.0, \"speed\": 1.94}","natures":[]},{"name":"","description":"","eClass":"Sentence","content":"The test system VALIDATES THAT the simulator S Status.GetEnvironment is nearly equal to {\"x\": -306.27, \"y\": 10.12, \"z\": 190.11, \"rain\": 0.0, \"fog\": 0.0, \"wetness\": 0.0, \"timeofday\": 12.0, \"signal\": -1.0, \"rx\": 359.86, \"ry\": 90.47, \"rz\": 0.0, \"speed\": 2.74}","natures":[]},{"name":"","description":"","eClass":"Sentence","content":"The environment controller C INVOKES API Control.Agents.Pedestrians.WalkRandomly(which_lane=Current_Lane).","natures":[]},{"name":"","description":"","eClass":"Sentence","content":"The test system VALIDATES THAT the Apollo A Status.GetControl is nearly equal to {\"acceleration\": 1.23, \"throttle\": 15.7, \"steering_target\": 0.23, \"brake\": 0.0, \"steering_rate\": 100.0, \"speed\": 7.16}","natures":[]},{"name":"","description":"","eClass":"Sentence","content":"The test system VALIDATES THAT the simulator S Status.GetEnvironment is nearly equal to {\"x\": -285.0, \"y\": 10.12, \"z\": 189.87, \"rain\": 0.0, \"fog\": 0.0, \"wetness\": 0.0, \"timeofday\": 12.0, \"signal\": -1.0, \"rx\": 359.94, \"ry\": 90.62, \"rz\": 0.0, \"speed\": 7.16}","natures":[]},{"name":"","description":"","eClass":"Sentence","content":"The environment controller C INVOKES API Control.Agents.NPCVehicle.NPCVehicleMaintainLane(which_lane=Right_Lane&which_car=BoxTruck).","natures":[]},{"name":"","description":"","eClass":"Sentence","content":"The test system VALIDATES THAT the Apollo A Status.GetControl is nearly equal to {\"acceleration\": 2.25, \"throttle\": 98.83, \"steering_target\": 0.62, \"brake\": 0.0, \"steering_rate\": 100.0, \"speed\": 2.66}","natures":[]},{"name":"","description":"","eClass":"Sentence","content":"The test system VALIDATES THAT the simulator S Status.GetEnvironment is nearly equal to {\"x\": -255.45, \"y\": 10.12, \"z\": 190.61, \"rain\": 0.0, \"fog\": 0.0, \"wetness\": 0.0, \"timeofday\": 12.0, \"signal\": -1.0, \"rx\": 359.47, \"ry\": 86.46, \"rz\": 1.2, \"speed\": 3.37}","natures":[]},{"name":"","description":"","eClass":"Sentence","content":"The environment controller C INVOKES API Control.Agents.NPCVehicle.NPCVehicleMaintainLane(which_lane=Right_Lane&which_car=BoxTruck).","natures":[]},{"name":"","description":"","eClass":"Sentence","content":"The test system VALIDATES THAT the Apollo A Status.GetControl is nearly equal to {\"acceleration\": 1.28, \"throttle\": 24.66, \"steering_target\": -1.4, \"brake\": 0.0, \"steering_rate\": 100.0, \"speed\": 7.15}","natures":[]},{"name":"","description":"","eClass":"Sentence","content":"The test system VALIDATES THAT the simulator S Status.GetEnvironment is nearly equal to {\"x\": -231.64, \"y\": 10.12, \"z\": 192.31, \"rain\": 0.0, \"fog\": 0.0, \"wetness\": 0.0, \"timeofday\": 12.0, \"signal\": -1.0, \"rx\": 359.98, \"ry\": 86.79, \"rz\": 0.04, \"speed\": 7.28}","natures":[]},{"name":"","description":"","eClass":"Sentence","content":"The environment controller C INVOKES API Control.Agents.NPCVehicle.NPCVehicleMaintainLane(which_lane=Right_Lane&which_car=BoxTruck).","natures":[]},{"name":"","description":"","eClass":"Sentence","content":"The test system VALIDATES THAT the Apollo A Status.GetControl is nearly equal to {\"acceleration\": 0.04, \"throttle\": 15.7, \"steering_target\": -0.79, \"brake\": 0.0, \"steering_rate\": 100.0, \"speed\": 8.83}","natures":[]},{"name":"","description":"","eClass":"Sentence","content":"The test system VALIDATES THAT the simulator S Status.GetEnvironment is nearly equal to {\"x\": -198.53, \"y\": 10.12, \"z\": 193.31, \"rain\": 0.0, \"fog\": 0.0, \"wetness\": 0.0, \"timeofday\": 12.0, \"signal\": -1.0, \"rx\": 359.98, \"ry\": 89.01, \"rz\": 0.05, \"speed\": 8.92}","natures":[]},{"name":"","description":"","eClass":"Sentence","content":"The environment controller C INVOKES API Control.Agents.NPCVehicle.NPCVehicleMaintainLane(which_lane=Right_Lane&which_car=BoxTruck).","natures":[]},{"name":"","description":"","eClass":"Sentence","content":"The test system VALIDATES THAT the Apollo A Status.GetControl is nearly equal to {\"acceleration\": -0.5, \"throttle\": 0.0, \"steering_target\": -1.11, \"brake\": 14.5, \"steering_rate\": 100.0, \"speed\": 6.84}","natures":[]},{"name":"","description":"","eClass":"Sentence","content":"The test system VALIDATES THAT the simulator S Status.GetEnvironment is nearly equal to {\"x\": -166.42, \"y\": 10.12, \"z\": 193.85, \"rain\": 0.0, \"fog\": 0.0, \"wetness\": 0.0, \"timeofday\": 12.0, \"signal\": 1.0, \"rx\": 0.03, \"ry\": 89.37, \"rz\": 0.01, \"speed\": 6.84}","natures":[]},{"name":"","description":"","eClass":"Sentence","content":"The environment controller C INVOKES API Control.Agents.NPCVehicle.NPCVehicleMaintainLane(which_lane=Right_Lane&which_car=BoxTruck).","natures":[]},{"name":"","description":"","eClass":"Sentence","content":"The test system VALIDATES THAT the Apollo A Status.GetControl is nearly equal to {\"acceleration\": -0.76, \"throttle\": 0.0, \"steering_target\": -0.03, \"brake\": 17.71, \"steering_rate\": 100.0, \"speed\": 3.19}","natures":[]},{"name":"","description":"","eClass":"Sentence","content":"The test system VALIDATES THAT the simulator S Status.GetEnvironment is nearly equal to {\"x\": -145.83, \"y\": 10.12, \"z\": 193.88, \"rain\": 0.0, \"fog\": 0.0, \"wetness\": 0.0, \"timeofday\": 12.0, \"signal\": 1.0, \"rx\": 0.04, \"ry\": 90.04, \"rz\": 0.0, \"speed\": 3.19}","natures":[]},{"name":"","description":"","eClass":"Sentence","content":"The environment controller C INVOKES API Control.Agents.NPCVehicle.NPCVehicleMaintainLane(which_lane=Right_Lane&which_car=BoxTruck).","natures":[]},{"name":"","description":"","eClass":"Sentence","content":"The test system VALIDATES THAT the Apollo A Status.GetControl is nearly equal to {\"acceleration\": -3.0, \"throttle\": 0.0, \"steering_target\": -0.09, \"brake\": 63.33, \"steering_rate\": 100.0, \"speed\": 0.05}","natures":[]},{"name":"","description":"","eClass":"Sentence","content":"","natures":[]}]
