 timestamp= 1619811694000 [START] Now Run TCS Maintain Lane On Road1 Mode: dynamic Roadnum: 3 Second: 4
 timestamp= 1619811694000 [SUCCESS] TCS Check Success 
 timestamp= 1619811697000 [RUN] Run BasicFlow
 timestamp= 1619811697000 [RUN] Generate steps
 timestamp= 1619811697000 [RUN] Validate step: 
The test system VALIDATES THAT the simulator S Status.GetEnvironment is nearly equal to {"x": -247.37, "y": 10.12, "z": 467.3, "rain": 0.0, "fog": 0.0, "wetness": 0.0, "timeofday": 12.0, "signal": 1.0, "rx": 359.98, "ry": 306.52, "rz": 359.97, "speed": 2.57}
 timestamp= 1619811697000 [RES] Validate result: 
true
 timestamp= 1619811697000 [RUN] Execute API step: 
The environment controller C INVOKES API Control.Agents.Pedestrians.WalkRandomly(which_lane=Current_Lane).
 timestamp= 1619811700000 [RES] API result: 
{"pose_arr":[{"vx":1.49,"ay":0.23,"az":9.81,"ax":0.15,"pz":10.12,"vy":1.49,"px":552627.7,"py":4182952.52},{"vx":1.55,"ay":-0.4,"az":9.83,"ax":-0.3,"pz":10.12,"vy":1.55,"px":552626.43,"py":4182953.44},{"vx":1.51,"ay":-0.43,"az":9.83,"ax":-0.25,"pz":10.12,"vy":1.51,"px":552624.74,"py":4182954.58},{"vx":1.12,"ay":0,"az":9.81,"ax":-1.48,"pz":10.13,"vy":1.12,"px":552623.13,"py":4182955.54},{"vx":0.66,"ay":-0.49,"az":9.82,"ax":-0.16,"pz":10.12,"vy":0.66,"px":552621.35,"py":4182956.37},{"vx":0.15,"ay":1.87,"az":9.82,"ax":-0.1,"pz":10.12,"vy":0.15,"px":552619.76,"py":4182956.85}],"traffic_light":[1,3,3,0,0,0],"state_arr":[{"acceleration":0.18,"throttle":15.7,"steering_target":6.28,"brake":0,"steering_rate":100,"speed":2.56},{"acceleration":-0.1,"throttle":0,"steering_target":7.93,"brake":14.5,"steering_rate":100,"speed":2.82},{"acceleration":-0.32,"throttle":0,"steering_target":12.76,"brake":14.5,"steering_rate":100,"speed":3.01},{"acceleration":-0.11,"throttle":0,"steering_target":24.98,"brake":14.5,"steering_rate":100,"speed":2.63},{"acceleration":-0.19,"throttle":0,"steering_target":35.26,"brake":14.5,"steering_rate":100,"speed":2.65},{"acceleration":0.08,"throttle":30.16,"steering_target":43.49,"brake":0,"steering_rate":100,"speed":2.51},{"acceleration":0.02,"throttle":72.3,"steering_target":62.27,"brake":0,"steering_rate":100,"speed":2.5}],"obstacle_arr":[[],[],[],[],[],[]],"action_description":"Pedestrian walking on the front lane","ev_state":[-257.051696777344,10.1247472763062,471.053344726563,0,0,0,12,1,0.0363196544349194,271.858978271484,359.782409667969,2.4977106205395643],"collision_probability":0}
 timestamp= 1619811700000 [RUN] Validate G1 Guard Condition: 
The ego vehicle E Detection.Collision == True.
 timestamp= 1619811700000 [RES] Global Validate result: 
false
 timestamp= 1619811700000 [RUN] Validate G2 Guard Condition: 
The ego vehicle E Detection.OffRoad == True.
 timestamp= 1619811700000 [RES] Global Validate result: 
false
 timestamp= 1619811700000 [RUN] Validate G3 Guard Condition: 
The ego vehicle E Detection.HardBrake == True.
 timestamp= 1619811700000 [RES] Global Validate result: 
false
 timestamp= 1619811700000 [RUN] Validate G4 Guard Condition: 
The ego vehicle E Detection.ArrivalTest == True.
 timestamp= 1619811700000 [RES] Global Validate result: 
false
 timestamp= 1619811700000 [RUN] Validate step: 
The test system VALIDATES THAT the Apollo A Status.GetControl is nearly equal to {"acceleration": 0.02, "throttle": 72.3, "steering_target": 62.27, "brake": 0.0, "steering_rate": 100.0, "speed": 2.5}
 timestamp= 1619811700000 [RES] Validate result: 
true
 timestamp= 1619811700000 [RUN] Generate steps
 timestamp= 1619811700000 [RUN] Validate step: 
The test system VALIDATES THAT the simulator S Status.GetEnvironment is nearly equal to {"x": -257.05, "y": 10.12, "z": 471.05, "rain": 0.0, "fog": 0.0, "wetness": 0.0, "timeofday": 12.0, "signal": 1.0, "rx": 0.04, "ry": 271.86, "rz": 359.78, "speed": 2.5}
 timestamp= 1619811700000 [RES] Validate result: 
true
 timestamp= 1619811700000 [RUN] Execute API step: 
The environment controller C INVOKES API Control.Agents.Pedestrians.WalkRandomly(which_lane=Current_Lane).
 timestamp= 1619811703000 [RES] API result: 
{"pose_arr":[{"vx":-0.3,"ay":-0.86,"az":9.81,"ax":-0.82,"pz":10.13,"vy":-0.3,"px":552618.38,"py":4182957.03},{"vx":-1.15,"ay":-0.55,"az":9.82,"ax":0.29,"pz":10.13,"vy":-1.15,"px":552616.35,"py":4182956.81},{"vx":-1.53,"ay":0.25,"az":9.81,"ax":-0.15,"pz":10.12,"vy":-1.53,"px":552614.7,"py":4182956.18},{"vx":-1.99,"ay":1.24,"az":9.81,"ax":0.55,"pz":10.12,"vy":-1.99,"px":552613.22,"py":4182955.27},{"vx":-3.04,"ay":1.8,"az":9.78,"ax":-2.44,"pz":10.12,"vy":-3.04,"px":552611.26,"py":4182953.6},{"vx":-3.73,"ay":1.2,"az":9.8,"ax":-0.24,"pz":10.12,"vy":-3.73,"px":552609.3,"py":4182951.41}],"traffic_light":[0,0,0,0,0],"state_arr":[{"acceleration":-0.1,"throttle":0,"steering_target":57.88,"brake":14.5,"steering_rate":100,"speed":2.78},{"acceleration":0.39,"throttle":16.82,"steering_target":46.51,"brake":0,"steering_rate":100,"speed":2.6},{"acceleration":0.27,"throttle":15.7,"steering_target":36.86,"brake":0,"steering_rate":100,"speed":2.93},{"acceleration":0.38,"throttle":15.7,"steering_target":14.59,"brake":0,"steering_rate":100,"speed":3.61},{"acceleration":0.97,"throttle":15.7,"steering_target":12.57,"brake":0,"steering_rate":100,"speed":4.37},{"acceleration":0.89,"throttle":25.31,"steering_target":-0.36,"brake":0,"steering_rate":100,"speed":5.07}],"obstacle_arr":[[],[],[],[],[],[]],"action_description":"Pedestrian walking on the front lane","ev_state":[-267.22265625,10.12437915802,462.190063476563,0,0,0,12,0,359.936920166016,218.416458129883,0.0124481273815036,5.335143641779025],"collision_probability":0}
 timestamp= 1619811703000 [RUN] Validate G1 Guard Condition: 
The ego vehicle E Detection.Collision == True.
 timestamp= 1619811703000 [RES] Global Validate result: 
false
 timestamp= 1619811703000 [RUN] Validate G2 Guard Condition: 
The ego vehicle E Detection.OffRoad == True.
 timestamp= 1619811703000 [RES] Global Validate result: 
false
 timestamp= 1619811703000 [RUN] Validate G3 Guard Condition: 
The ego vehicle E Detection.HardBrake == True.
 timestamp= 1619811703000 [RES] Global Validate result: 
false
 timestamp= 1619811703000 [RUN] Validate G4 Guard Condition: 
The ego vehicle E Detection.ArrivalTest == True.
 timestamp= 1619811703000 [RES] Global Validate result: 
false
 timestamp= 1619811703000 [RUN] Validate step: 
The test system VALIDATES THAT the Apollo A Status.GetControl is nearly equal to {"acceleration": 0.89, "throttle": 25.31, "steering_target": -0.36, "brake": 0.0, "steering_rate": 100.0, "speed": 5.07}
 timestamp= 1619811703000 [RES] Validate result: 
true
 timestamp= 1619811703000 [RUN] Generate steps
 timestamp= 1619811703000 [RUN] Validate step: 
The test system VALIDATES THAT the simulator S Status.GetEnvironment is nearly equal to {"x": -267.22, "y": 10.12, "z": 462.19, "rain": 0.0, "fog": 0.0, "wetness": 0.0, "timeofday": 12.0, "signal": 0.0, "rx": 359.94, "ry": 218.42, "rz": 0.01, "speed": 5.34}
 timestamp= 1619811703000 [RES] Validate result: 
true
 timestamp= 1619811703000 [RUN] Execute API step: 
The environment controller C INVOKES API Control.Agents.Pedestrians.WalkRandomly(which_lane=Current_Lane).
 timestamp= 1619811706000 [RES] API result: 
{"pose_arr":[{"vx":-4.13,"ay":0.46,"az":9.83,"ax":-0.55,"pz":10.12,"vy":-4.13,"px":552607.85,"py":4182949.58},{"vx":-4.49,"ay":0.05,"az":9.84,"ax":-0.28,"pz":10.12,"vy":-4.49,"px":552605.81,"py":4182946.99},{"vx":-5.42,"ay":0.21,"az":9.84,"ax":-0.29,"pz":10.12,"vy":-5.42,"px":552603.17,"py":4182943.41},{"vx":-5.59,"ay":0.14,"az":9.81,"ax":-0.2,"pz":10.12,"vy":-5.59,"px":552600.39,"py":4182939.54},{"vx":-5.75,"ay":0,"az":9.81,"ax":0,"pz":10.12,"vy":-5.75,"px":552598.18,"py":4182936.4},{"vx":-5.83,"ay":0.14,"az":9.81,"ax":-0.2,"pz":10.12,"vy":-5.83,"px":552595.26,"py":4182932.16},{"vx":-5.97,"ay":0.24,"az":9.8,"ax":-0.34,"pz":10.12,"vy":-5.97,"px":552592.3,"py":4182927.89}],"traffic_light":[2,2,1,1,3],"state_arr":[{"acceleration":1.25,"throttle":23.38,"steering_target":3.53,"brake":0,"steering_rate":100,"speed":5.4},{"acceleration":1.19,"throttle":15.7,"steering_target":3.42,"brake":0,"steering_rate":100,"speed":5.88},{"acceleration":0.47,"throttle":15.7,"steering_target":0.48,"brake":0,"steering_rate":100,"speed":6.72},{"acceleration":0.43,"throttle":15.7,"steering_target":1.47,"brake":0,"steering_rate":100,"speed":6.86},{"acceleration":0.28,"throttle":16.1,"steering_target":0.17,"brake":0,"steering_rate":100,"speed":7.05},{"acceleration":0.34,"throttle":15.7,"steering_target":-0.32,"brake":0,"steering_rate":100,"speed":7.12},{"acceleration":0.29,"throttle":15.7,"steering_target":-0.47,"brake":0,"steering_rate":100,"speed":7.28}],"obstacle_arr":[[],[],[],[],[],[]],"action_description":"Pedestrian walking on the front lane","ev_state":[-282.634613037109,10.1240282058716,440.490570068359,0,0,0,12,-1,359.981109619141,214.703903198242,-0.00107619247864932,7.276170400026704],"collision_probability":0}
 timestamp= 1619811706000 [RUN] Validate G1 Guard Condition: 
The ego vehicle E Detection.Collision == True.
 timestamp= 1619811706000 [RES] Global Validate result: 
false
 timestamp= 1619811706000 [RUN] Validate G2 Guard Condition: 
The ego vehicle E Detection.OffRoad == True.
 timestamp= 1619811706000 [RES] Global Validate result: 
false
 timestamp= 1619811706000 [RUN] Validate G3 Guard Condition: 
The ego vehicle E Detection.HardBrake == True.
 timestamp= 1619811706000 [RES] Global Validate result: 
false
 timestamp= 1619811706000 [RUN] Validate G4 Guard Condition: 
The ego vehicle E Detection.ArrivalTest == True.
 timestamp= 1619811706000 [RES] Global Validate result: 
false
 timestamp= 1619811706000 [RUN] Validate step: 
The test system VALIDATES THAT the Apollo A Status.GetControl is nearly equal to {"acceleration": 0.29, "throttle": 15.7, "steering_target": -0.47, "brake": 0.0, "steering_rate": 100.0, "speed": 7.28}
 timestamp= 1619811706000 [RES] Validate result: 
true
 timestamp= 1619811706000 [RUN] Generate steps
 timestamp= 1619811706000 [RUN] Validate step: 
The test system VALIDATES THAT the simulator S Status.GetEnvironment is nearly equal to {"x": -282.63, "y": 10.12, "z": 440.49, "rain": 0.0, "fog": 0.0, "wetness": 0.0, "timeofday": 12.0, "signal": -1.0, "rx": 359.98, "ry": 214.7, "rz": -0.0, "speed": 7.28}
 timestamp= 1619811706000 [RES] Validate result: 
true
 timestamp= 1619811706000 [RUN] Execute API step: 
The environment controller C INVOKES API Control.Agents.Pedestrians.WalkRandomly(which_lane=Current_Lane).
 timestamp= 1619811710000 [RES] API result: 
{"pose_arr":[{"vx":-6,"ay":0.16,"az":9.81,"ax":-0.22,"pz":10.12,"vy":-6,"px":552590.1,"py":4182924.72},{"vx":-5.84,"ay":-0.3,"az":9.82,"ax":0.51,"pz":10.12,"vy":-5.84,"px":552588.29,"py":4182922.13},{"vx":-5.77,"ay":0.19,"az":9.81,"ax":-0.3,"pz":10.12,"vy":-5.77,"px":552585.09,"py":4182917.64},{"vx":-5.93,"ay":0.14,"az":9.81,"ax":-0.19,"pz":10.12,"vy":-5.93,"px":552581.92,"py":4182913.26},{"vx":-5.81,"ay":-0.38,"az":9.82,"ax":0.51,"pz":10.12,"vy":-5.81,"px":552579.59,"py":4182910.03},{"vx":-5.95,"ay":0.22,"az":9.8,"ax":-0.3,"pz":10.12,"vy":-5.95,"px":552576.18,"py":4182905.32}],"traffic_light":[3,1,3,3,1,3],"state_arr":[{"acceleration":0.61,"throttle":15.7,"steering_target":-0.55,"brake":0,"steering_rate":100,"speed":7.33},{"acceleration":-0.45,"throttle":0,"steering_target":-1.07,"brake":14.5,"steering_rate":100,"speed":7.11},{"acceleration":0.54,"throttle":17.69,"steering_target":-0.13,"brake":0,"steering_rate":100,"speed":7.1},{"acceleration":0.45,"throttle":15.7,"steering_target":0.32,"brake":0,"steering_rate":100,"speed":7.29},{"acceleration":0.84,"throttle":15.7,"steering_target":-0.24,"brake":0,"steering_rate":100,"speed":7.17},{"acceleration":0.8,"throttle":15.7,"steering_target":0.01,"brake":0,"steering_rate":100,"speed":7.27}],"obstacle_arr":[[],[],[],[],[{"acceleration":{"y":0,"x":0,"z":0},"position":{"y":4182909.41,"x":552575.65,"z":10.41},"volume":0.18,"type":"PEDESTRIAN","velocity":{"y":-0.54,"x":-0.41,"z":0}}],[{"acceleration":{"y":0,"x":0,"z":0},"position":{"y":4182909.47,"x":552575.82,"z":10.94},"volume":0.07,"type":"PEDESTRIAN","velocity":{"y":-0.55,"x":-0.42,"z":0}}]],"action_description":"Pedestrian walking on the front lane","ev_state":[-299.484375,10.1239967346191,416.977142333984,0,0,0,12,-1,359.976531982422,215.894714355469,-0.000343822728609666,7.4331718425477336],"collision_probability":0.303}
 timestamp= 1619811710000 [RUN] Validate G1 Guard Condition: 
The ego vehicle E Detection.Collision == True.
 timestamp= 1619811710000 [RES] Global Validate result: 
false
 timestamp= 1619811710000 [RUN] Validate G2 Guard Condition: 
The ego vehicle E Detection.OffRoad == True.
 timestamp= 1619811710000 [RES] Global Validate result: 
false
 timestamp= 1619811710000 [RUN] Validate G3 Guard Condition: 
The ego vehicle E Detection.HardBrake == True.
 timestamp= 1619811710000 [RES] Global Validate result: 
false
 timestamp= 1619811710000 [RUN] Validate G4 Guard Condition: 
The ego vehicle E Detection.ArrivalTest == True.
 timestamp= 1619811710000 [RES] Global Validate result: 
false
 timestamp= 1619811710000 [RUN] Validate step: 
The test system VALIDATES THAT the Apollo A Status.GetControl is nearly equal to {"acceleration": 0.8, "throttle": 15.7, "steering_target": 0.01, "brake": 0.0, "steering_rate": 100.0, "speed": 7.27}
 timestamp= 1619811710000 [RES] Validate result: 
true
 timestamp= 1619811710000 [RUN] Generate steps
 timestamp= 1619811710000 [RUN] Validate step: 
The test system VALIDATES THAT the simulator S Status.GetEnvironment is nearly equal to {"x": -299.48, "y": 10.12, "z": 416.98, "rain": 0.0, "fog": 0.0, "wetness": 0.0, "timeofday": 12.0, "signal": -1.0, "rx": 359.98, "ry": 215.89, "rz": -0.0, "speed": 7.43}
 timestamp= 1619811710000 [RES] Validate result: 
true
 timestamp= 1619811710000 [RUN] Execute API step: 
The environment controller C INVOKES API Control.Weather.Wetness(wetness_level=Light).
 timestamp= 1619811713000 [RES] API result: 
{"pose_arr":[{"vx":-6.2,"ay":0.48,"az":9.8,"ax":-0.67,"pz":10.12,"vy":-6.2,"px":552573.99,"py":4182902.29},{"vx":-6.41,"ay":0.17,"az":9.81,"ax":-0.23,"pz":10.12,"vy":-6.41,"px":552570.85,"py":4182897.95},{"vx":-6.45,"ay":0.14,"az":9.81,"ax":-0.17,"pz":10.12,"vy":-6.45,"px":552567.21,"py":4182892.92},{"vx":-4.24,"ay":-9.54,"az":10.1,"ax":11.04,"pz":10.11,"vy":-4.24,"px":552563.87,"py":4182888.35},{"vx":-5.05,"ay":2.08,"az":9.81,"ax":-2.68,"pz":10.12,"vy":-5.05,"px":552561.68,"py":4182885.42},{"vx":-6.49,"ay":0.51,"az":9.84,"ax":-0.72,"pz":10.12,"vy":-6.49,"px":552558.43,"py":4182880.83}],"traffic_light":[3,3,1,3,3,0],"state_arr":[{"acceleration":0.87,"throttle":21.81,"steering_target":0.03,"brake":0,"steering_rate":100,"speed":7.43},{"acceleration":0.52,"throttle":15.7,"steering_target":-0.01,"brake":0,"steering_rate":100,"speed":7.83},{"acceleration":0.31,"throttle":15.7,"steering_target":0.11,"brake":0,"steering_rate":100,"speed":8.01},{"acceleration":0.31,"throttle":15.7,"steering_target":-0.16,"brake":0,"steering_rate":100,"speed":8.02},{"acceleration":1.9,"throttle":64.91,"steering_target":0.01,"brake":0,"steering_rate":100,"speed":5.28},{"acceleration":2.62,"throttle":58.48,"steering_target":1.13,"brake":0,"steering_rate":100,"speed":5.63},{"acceleration":1.41,"throttle":23.15,"steering_target":-2.46,"brake":0,"steering_rate":100,"speed":7.86}],"obstacle_arr":[[{"acceleration":{"y":0,"x":0,"z":0},"position":{"y":4182909.87,"x":552576.03,"z":10.5},"volume":0.13,"type":"PEDESTRIAN","velocity":{"y":-0.56,"x":-0.43,"z":0}}],[{"acceleration":{"y":0,"x":0,"z":0},"position":{"y":4182910.19,"x":552576.28,"z":10.52},"volume":0.04,"type":"PEDESTRIAN","velocity":{"y":-0.56,"x":-0.42,"z":0}}],[],[],[],[]],"action_description":"Light wetness","ev_state":[-316.710632324219,10.1238527297974,393.234222412109,0,0,0.200000002980232,12,-1,359.914764404297,216.413131713867,0.0921045914292336,8.11330573791494],"collision_probability":1}
 timestamp= 1619811713000 [RUN] Validate G1 Guard Condition: 
The ego vehicle E Detection.Collision == True.
 timestamp= 1619811713000 [RES] Global Validate result: 
true
 timestamp= 1619811713000 [RUN] Collision == True
 timestamp= 1619811713000 [RUN] Validate G2 Guard Condition: 
The ego vehicle E Detection.OffRoad == True.
 timestamp= 1619811713000 [RES] Global Validate result: 
false
 timestamp= 1619811713000 [RUN] Validate G3 Guard Condition: 
The ego vehicle E Detection.HardBrake == True.
 timestamp= 1619811713000 [RES] Global Validate result: 
true
 timestamp= 1619811713000 [RUN] HardBrake == True
 timestamp= 1619811713000 [RUN] RESUME STEP @preStep
 timestamp= 1619811713000 [RUN] Resume step basicflow13
 timestamp= 1619811713000 [RUN] Validate G4 Guard Condition: 
The ego vehicle E Detection.ArrivalTest == True.
 timestamp= 1619811713000 [RES] Global Validate result: 
false
 timestamp= 1619811713000 [RUN] Validate step: 
The test system VALIDATES THAT the Apollo A Status.GetControl is nearly equal to {"acceleration": 1.41, "throttle": 23.15, "steering_target": -2.46, "brake": 0.0, "steering_rate": 100.0, "speed": 7.86}
 timestamp= 1619811713000 [RES] Validate result: 
true
 timestamp= 1619811713000 [RUN] Generate steps
 timestamp= 1619811713000 [RUN] Validate step: 
The test system VALIDATES THAT the simulator S Status.GetEnvironment is nearly equal to {"x": -316.71, "y": 10.12, "z": 393.23, "rain": 0.0, "fog": 0.0, "wetness": 0.2, "timeofday": 12.0, "signal": -1.0, "rx": 359.91, "ry": 216.41, "rz": 0.09, "speed": 8.11}
 timestamp= 1619811713000 [RES] Validate result: 
true
 timestamp= 1619811713000 [RUN] Execute API step: 
The environment controller C INVOKES API Control.Agents.Pedestrians.WalkRandomly(which_lane=Current_Lane).
 timestamp= 1619811716000 [RES] API result: 
{"pose_arr":[{"vx":-7.41,"ay":0.23,"az":9.88,"ax":-0.09,"pz":10.12,"vy":-7.41,"px":552555.68,"py":4182877.08},{"vx":-7.28,"ay":-0.39,"az":9.84,"ax":0.5,"pz":10.12,"vy":-7.28,"px":552552.1,"py":4182872.13},{"vx":-6.96,"ay":-0.3,"az":9.81,"ax":0.56,"pz":10.12,"vy":-6.96,"px":552548.32,"py":4182867.01},{"vx":-6.73,"ay":0.13,"az":9.79,"ax":-0.18,"pz":10.12,"vy":-6.73,"px":552545.05,"py":4182862.57},{"vx":-6.88,"ay":0.24,"az":9.81,"ax":-0.15,"pz":10.12,"vy":-6.88,"px":552542.77,"py":4182859.51},{"vx":-6.92,"ay":-0.37,"az":9.84,"ax":0.5,"pz":10.12,"vy":-6.92,"px":552538.37,"py":4182853.58}],"traffic_light":[0,0,0,0,0,0],"state_arr":[{"acceleration":0.28,"throttle":15.7,"steering_target":1.91,"brake":0,"steering_rate":100,"speed":9.03},{"acceleration":0,"throttle":0,"steering_target":-1.77,"brake":14.5,"steering_rate":100,"speed":9.13},{"acceleration":-0.23,"throttle":0,"steering_target":0.82,"brake":14.5,"steering_rate":100,"speed":8.84},{"acceleration":-0.02,"throttle":0,"steering_target":-1.12,"brake":14.5,"steering_rate":100,"speed":8.56},{"acceleration":0.57,"throttle":15.7,"steering_target":0.75,"brake":0,"steering_rate":100,"speed":8.49},{"acceleration":0.02,"throttle":15.7,"steering_target":-0.59,"brake":0,"steering_rate":100,"speed":8.65},{"acceleration":-0.03,"throttle":0,"steering_target":0.3,"brake":14.5,"steering_rate":100,"speed":8.51}],"obstacle_arr":[[{"acceleration":{"y":0,"x":0,"z":0},"position":{"y":4182861.72,"x":552553.25,"z":10.37},"volume":0.35,"type":"PEDESTRIAN","velocity":{"y":0,"x":0,"z":0}},{"acceleration":{"y":0,"x":0,"z":0},"position":{"y":4182885.93,"x":552563.29,"z":10.51},"volume":0.14,"type":"PEDESTRIAN","velocity":{"y":0,"x":0,"z":0}}],[],[],[],[],[]],"action_description":"Pedestrian walking on the front lane","ev_state":[-337.420684814453,10.1237354278564,365.134063720703,0,0,0.200000002980232,12,-1,0.0237360261380672,216.59147644043,359.979919433594,8.51339968041501],"collision_probability":0}
 timestamp= 1619811716000 [RUN] Validate G1 Guard Condition: 
The ego vehicle E Detection.Collision == True.
 timestamp= 1619811716000 [RES] Global Validate result: 
false
 timestamp= 1619811716000 [RUN] Validate G2 Guard Condition: 
The ego vehicle E Detection.OffRoad == True.
 timestamp= 1619811716000 [RES] Global Validate result: 
false
 timestamp= 1619811716000 [RUN] Validate G3 Guard Condition: 
The ego vehicle E Detection.HardBrake == True.
 timestamp= 1619811716000 [RES] Global Validate result: 
false
 timestamp= 1619811716000 [RUN] Validate G4 Guard Condition: 
The ego vehicle E Detection.ArrivalTest == True.
 timestamp= 1619811716000 [RES] Global Validate result: 
false
 timestamp= 1619811716000 [RUN] Validate step: 
The test system VALIDATES THAT the Apollo A Status.GetControl is nearly equal to {"acceleration": -0.03, "throttle": 0.0, "steering_target": 0.3, "brake": 14.5, "steering_rate": 100.0, "speed": 8.51}
 timestamp= 1619811716000 [RES] Validate result: 
true
 timestamp= 1619811716000 [RUN] Generate steps
 timestamp= 1619811716000 [RUN] Validate step: 
The test system VALIDATES THAT the simulator S Status.GetEnvironment is nearly equal to {"x": -337.42, "y": 10.12, "z": 365.13, "rain": 0.0, "fog": 0.0, "wetness": 0.2, "timeofday": 12.0, "signal": -1.0, "rx": 0.02, "ry": 216.59, "rz": 359.98, "speed": 8.51}
 timestamp= 1619811716000 [RES] Validate result: 
true
 timestamp= 1619811716000 [RUN] Execute API step: 
The environment controller C INVOKES API Control.Agents.Pedestrians.WalkRandomly(which_lane=Current_Lane).
 timestamp= 1619811720000 [RES] API result: 
{"pose_arr":[{"vx":-6.88,"ay":0.12,"az":9.8,"ax":-0.18,"pz":10.12,"vy":-6.88,"px":552535.99,"py":4182850.39},{"vx":-6.91,"ay":0.13,"az":9.81,"ax":-0.17,"pz":10.12,"vy":-6.91,"px":552532.4,"py":4182845.55},{"vx":-6.05,"ay":-28.72,"az":8.88,"ax":41.61,"pz":10.13,"vy":-6.05,"px":552529.92,"py":4182842.21},{"vx":-0.38,"ay":-0.53,"az":9.74,"ax":0.74,"pz":10.12,"vy":-0.38,"px":552529.09,"py":4182841.1},{"vx":-0.09,"ay":0.05,"az":9.83,"ax":-0.07,"pz":10.12,"vy":-0.09,"px":552529.02,"py":4182841.01},{"vx":-0.24,"ay":0.46,"az":9.81,"ax":-0.62,"pz":10.12,"vy":-0.24,"px":552528.98,"py":4182840.95}],"traffic_light":[0,0,0,0,0,0],"state_arr":[{"acceleration":0.16,"throttle":15.7,"steering_target":-0.52,"brake":0,"steering_rate":100,"speed":8.61},{"acceleration":-0.67,"throttle":0,"steering_target":0.37,"brake":14.79,"steering_rate":100,"speed":8.61},{"acceleration":1.66,"throttle":40.45,"steering_target":-0.14,"brake":0,"steering_rate":100,"speed":6.03},{"acceleration":-0.52,"throttle":0,"steering_target":0.62,"brake":14.71,"steering_rate":100,"speed":0.71},{"acceleration":-0.09,"throttle":0,"steering_target":1.19,"brake":14.5,"steering_rate":100,"speed":0.19},{"acceleration":0.17,"throttle":32.07,"steering_target":0.29,"brake":0,"steering_rate":100,"speed":0.17},{"acceleration":0.03,"throttle":47.93,"steering_target":0.32,"brake":0,"steering_rate":100,"speed":0.39}],"obstacle_arr":[[],[{"acceleration":{"y":0,"x":0,"z":0},"position":{"y":4182839.87,"x":552527.95,"z":10.46},"volume":0.03,"type":"PEDESTRIAN","velocity":{"y":0,"x":0,"z":0}}],[],[{"acceleration":{"y":-0.01,"x":-0.01,"z":0},"position":{"y":4182838.46,"x":552526.91,"z":10.72},"volume":0.13,"type":"PEDESTRIAN","velocity":{"y":-1.54,"x":-1.18,"z":0}}],[{"acceleration":{"y":0.91,"x":0.31,"z":0},"position":{"y":4182838.18,"x":552526.53,"z":10.74},"volume":0.21,"type":"PEDESTRIAN","velocity":{"y":-0.9,"x":-0.93,"z":0}}],[{"acceleration":{"y":0.92,"x":1.13,"z":0},"position":{"y":4182838.11,"x":552526.5,"z":10.79},"volume":0.18,"type":"PEDESTRIAN","velocity":{"y":0,"x":0,"z":0}}],[{"acceleration":{"y":0.02,"x":0.03,"z":0},"position":{"y":4182837.97,"x":552526.45,"z":10.8},"volume":0.17,"type":"PEDESTRIAN","velocity":{"y":0,"x":0,"z":0}}]],"action_description":"Pedestrian walking on the front lane","ev_state":[-345.938537597656,10.1257448196411,353.683654785156,0,0,0.200000002980232,12,-1,359.872650146484,216.765899658203,359.992340087891,0.5872734099147071],"collision_probability":1}
 timestamp= 1619811720000 [RUN] Validate G1 Guard Condition: 
The ego vehicle E Detection.Collision == True.
 timestamp= 1619811720000 [RES] Global Validate result: 
true
 timestamp= 1619811720000 [RUN] Collision == True
 timestamp= 1619811720000 [RUN] Validate G2 Guard Condition: 
The ego vehicle E Detection.OffRoad == True.
 timestamp= 1619811720000 [RES] Global Validate result: 
false
 timestamp= 1619811720000 [RUN] Validate G3 Guard Condition: 
The ego vehicle E Detection.HardBrake == True.
 timestamp= 1619811720000 [RES] Global Validate result: 
true
 timestamp= 1619811720000 [RUN] HardBrake == True
 timestamp= 1619811720000 [RUN] RESUME STEP @preStep
 timestamp= 1619811720000 [RUN] Resume step basicflow19
 timestamp= 1619811720000 [RUN] Validate G4 Guard Condition: 
The ego vehicle E Detection.ArrivalTest == True.
 timestamp= 1619811720000 [RES] Global Validate result: 
false
 timestamp= 1619811720000 [RUN] Validate step: 
The test system VALIDATES THAT the Apollo A Status.GetControl is nearly equal to {"acceleration": 0.03, "throttle": 47.93, "steering_target": 0.32, "brake": 0.0, "steering_rate": 100.0, "speed": 0.39}
 timestamp= 1619811720000 [RES] Validate result: 
true
 timestamp= 1619811720000 [RUN] Generate steps
 timestamp= 1619811720000 [RUN] Validate step: 
The test system VALIDATES THAT the simulator S Status.GetEnvironment is nearly equal to {"x": -345.94, "y": 10.13, "z": 353.68, "rain": 0.0, "fog": 0.0, "wetness": 0.2, "timeofday": 12.0, "signal": -1.0, "rx": 359.87, "ry": 216.77, "rz": 359.99, "speed": 0.59}
 timestamp= 1619811720000 [RES] Validate result: 
true
 timestamp= 1619811720000 [RUN] Execute API step: 
The environment controller C INVOKES API Control.Agents.Pedestrians.WalkRandomly(which_lane=Current_Lane).
 timestamp= 1619811724000 [RES] API result: 
{"pose_arr":[{"vx":-0.43,"ay":0.79,"az":9.79,"ax":-1.07,"pz":10.12,"vy":-0.43,"px":552528.87,"py":4182840.8},{"vx":-0.2,"ay":-0.37,"az":9.81,"ax":0.49,"pz":10.12,"vy":-0.2,"px":552528.7,"py":4182840.58},{"vx":-0.17,"ay":0.07,"az":9.82,"ax":-0.09,"pz":10.12,"vy":-0.17,"px":552528.64,"py":4182840.51},{"vx":-0.1,"ay":0.9,"az":9.79,"ax":-1.2,"pz":10.12,"vy":-0.1,"px":552528.61,"py":4182840.47},{"vx":-0.02,"ay":-0.38,"az":9.8,"ax":0.51,"pz":10.12,"vy":-0.02,"px":552528.57,"py":4182840.42},{"vx":-0.04,"ay":0.07,"az":9.81,"ax":-0.09,"pz":10.12,"vy":-0.04,"px":552528.57,"py":4182840.42},{"vx":0,"ay":0,"az":9.81,"ax":0,"pz":10.12,"vy":0,"px":552528.55,"py":4182840.4}],"traffic_light":[0,0,0,0,0,0],"state_arr":[{"acceleration":-0.08,"throttle":0,"steering_target":0,"brake":14.5,"steering_rate":100,"speed":0.47},{"acceleration":0.02,"throttle":56.14,"steering_target":0,"brake":0,"steering_rate":100,"speed":0.17},{"acceleration":0.01,"throttle":15.7,"steering_target":0,"brake":0,"steering_rate":100,"speed":0.15},{"acceleration":0.01,"throttle":15.7,"steering_target":0,"brake":0,"steering_rate":100,"speed":0.12},{"acceleration":0.05,"throttle":15.7,"steering_target":0,"brake":0,"steering_rate":100,"speed":0},{"acceleration":0.01,"throttle":15.7,"steering_target":0,"brake":0,"steering_rate":100,"speed":0.06},{"acceleration":-0.02,"throttle":0,"steering_target":0.53,"brake":23.52,"steering_rate":100,"speed":0.1}],"obstacle_arr":[[{"acceleration":{"y":0,"x":0,"z":0},"position":{"y":4182837.77,"x":552526.46,"z":10.76},"volume":0.21,"type":"PEDESTRIAN","velocity":{"y":0,"x":0,"z":0}}],[{"acceleration":{"y":0.72,"x":0.17,"z":0},"position":{"y":4182837.55,"x":552526.44,"z":10.76},"volume":0.18,"type":"PEDESTRIAN","velocity":{"y":0,"x":0,"z":0}}],[{"acceleration":{"y":0.01,"x":0,"z":0},"position":{"y":4182837.45,"x":552526.39,"z":10.74},"volume":0.24,"type":"PEDESTRIAN","velocity":{"y":0,"x":0,"z":0}}],[{"acceleration":{"y":0,"x":0,"z":0},"position":{"y":4182837.33,"x":552526.29,"z":10.77},"volume":0.19,"type":"PEDESTRIAN","velocity":{"y":0,"x":0,"z":0}}],[{"acceleration":{"y":0,"x":0,"z":0},"position":{"y":4182837.34,"x":552526.33,"z":10.77},"volume":0.25,"type":"PEDESTRIAN","velocity":{"y":0,"x":0,"z":0}}],[{"acceleration":{"y":0,"x":0,"z":0},"position":{"y":4182837.32,"x":552526.3,"z":10.8},"volume":0.15,"type":"PEDESTRIAN","velocity":{"y":0,"x":0,"z":0}}],[{"acceleration":{"y":0,"x":0,"z":0},"position":{"y":4182837.33,"x":552526.33,"z":10.8},"volume":0.19,"type":"PEDESTRIAN","velocity":{"y":0,"x":0,"z":0}}]],"action_description":"Pedestrian walking on the front lane","ev_state":[-346.234741210938,10.1254844665527,353.299865722656,0,0,0.200000002980232,12,1,359.931274414063,216.48811340332,359.972473144531,0.030157077087421442],"collision_probability":0.361}
 timestamp= 1619811724000 [RUN] Validate G1 Guard Condition: 
The ego vehicle E Detection.Collision == True.
 timestamp= 1619811724000 [RES] Global Validate result: 
false
 timestamp= 1619811724000 [RUN] Validate G2 Guard Condition: 
The ego vehicle E Detection.OffRoad == True.
 timestamp= 1619811724000 [RES] Global Validate result: 
false
 timestamp= 1619811724000 [RUN] Validate G3 Guard Condition: 
The ego vehicle E Detection.HardBrake == True.
 timestamp= 1619811724000 [RES] Global Validate result: 
false
 timestamp= 1619811724000 [RUN] Validate G4 Guard Condition: 
The ego vehicle E Detection.ArrivalTest == True.
 timestamp= 1619811724000 [RES] Global Validate result: 
false
 timestamp= 1619811724000 [RUN] Validate step: 
The test system VALIDATES THAT the Apollo A Status.GetControl is nearly equal to {"acceleration": -0.02, "throttle": 0.0, "steering_target": 0.53, "brake": 23.52, "steering_rate": 100.0, "speed": 0.1}
 timestamp= 1619811724000 [RES] Validate result: 
true
 timestamp= 1619811724000 [RUN] Generate steps
 timestamp= 1619811724000 [RUN] Validate step: 
The test system VALIDATES THAT the simulator S Status.GetEnvironment is nearly equal to {"x": -346.23, "y": 10.13, "z": 353.3, "rain": 0.0, "fog": 0.0, "wetness": 0.2, "timeofday": 12.0, "signal": 1.0, "rx": 359.93, "ry": 216.49, "rz": 359.97, "speed": 0.03}
 timestamp= 1619811724000 [RES] Validate result: 
true
 timestamp= 1619811724000 [RUN] Execute API step: 
The environment controller C INVOKES API Control.Agents.Pedestrians.WalkRandomly(which_lane=Current_Lane).
 timestamp= 1619811727000 [RES] API result: 
{"pose_arr":[{"vx":0,"ay":0,"az":9.81,"ax":0,"pz":10.12,"vy":0,"px":552528.55,"py":4182840.4},{"vx":0,"ay":0,"az":9.81,"ax":0,"pz":10.12,"vy":0,"px":552528.55,"py":4182840.41},{"vx":0,"ay":0,"az":9.81,"ax":0,"pz":10.12,"vy":0,"px":552528.55,"py":4182840.41},{"vx":-0.01,"ay":0.07,"az":9.8,"ax":-0.1,"pz":10.12,"vy":-0.01,"px":552528.56,"py":4182840.42},{"vx":-0.06,"ay":-0.34,"az":9.82,"ax":0.46,"pz":10.12,"vy":-0.06,"px":552528.55,"py":4182840.41},{"vx":0,"ay":0,"az":9.8,"ax":0,"pz":10.12,"vy":0,"px":552528.55,"py":4182840.41},{"vx":0,"ay":0,"az":9.81,"ax":0,"pz":10.12,"vy":0,"px":552528.55,"py":4182840.41}],"traffic_light":[0,0,0,0,0,0],"state_arr":[{"acceleration":-0.01,"throttle":0,"steering_target":0.53,"brake":38.59,"steering_rate":100,"speed":0.03},{"acceleration":-0.01,"throttle":0,"steering_target":0.53,"brake":38.62,"steering_rate":100,"speed":0.03},{"acceleration":-0.07,"throttle":0,"steering_target":0.53,"brake":48.47,"steering_rate":100,"speed":0},{"acceleration":0.04,"throttle":15.7,"steering_target":0.53,"brake":0,"steering_rate":100,"speed":0},{"acceleration":-0.02,"throttle":0,"steering_target":0.53,"brake":29.86,"steering_rate":100,"speed":0.08},{"acceleration":-0.07,"throttle":0,"steering_target":0.53,"brake":36.23,"steering_rate":100,"speed":0.06},{"acceleration":-0.02,"throttle":0,"steering_target":0.53,"brake":30.24,"steering_rate":100,"speed":0.07},{"acceleration":-0.08,"throttle":0,"steering_target":0.53,"brake":41.99,"steering_rate":100,"speed":0.03}],"obstacle_arr":[[{"acceleration":{"y":0,"x":0,"z":0},"position":{"y":4182837.35,"x":552526.3,"z":10.79},"volume":0.2,"type":"PEDESTRIAN","velocity":{"y":0,"x":0,"z":0}}],[{"acceleration":{"y":0,"x":0,"z":0},"position":{"y":4182837.34,"x":552526.31,"z":10.75},"volume":0.23,"type":"PEDESTRIAN","velocity":{"y":0,"x":0,"z":0}}],[{"acceleration":{"y":0,"x":0,"z":0},"position":{"y":4182837.37,"x":552526.31,"z":10.75},"volume":0.2,"type":"PEDESTRIAN","velocity":{"y":0,"x":0,"z":0}}],[{"acceleration":{"y":0,"x":0,"z":0},"position":{"y":4182837.43,"x":552526.3,"z":10.74},"volume":0.24,"type":"PEDESTRIAN","velocity":{"y":0,"x":0,"z":0}}],[{"acceleration":{"y":0,"x":0,"z":0},"position":{"y":4182837.33,"x":552526.27,"z":10.79},"volume":0.19,"type":"PEDESTRIAN","velocity":{"y":0,"x":0,"z":0}}],[{"acceleration":{"y":0,"x":0,"z":0},"position":{"y":4182837.34,"x":552526.29,"z":10.78},"volume":0.21,"type":"PEDESTRIAN","velocity":{"y":0,"x":0,"z":0}}],[{"acceleration":{"y":0,"x":0,"z":0},"position":{"y":4182837.35,"x":552526.27,"z":10.79},"volume":0.18,"type":"PEDESTRIAN","velocity":{"y":0,"x":0,"z":0}}]],"action_description":"Pedestrian walking on the front lane","ev_state":[-346.233734130859,10.1253929138184,353.308868408203,0,0,0.200000002980232,12,1,359.934997558594,216.307006835938,359.976440429688,0.0331986210967201],"collision_probability":0.361}
 timestamp= 1619811727000 [RUN] Validate G1 Guard Condition: 
The ego vehicle E Detection.Collision == True.
 timestamp= 1619811727000 [RES] Global Validate result: 
false
 timestamp= 1619811727000 [RUN] Validate G2 Guard Condition: 
The ego vehicle E Detection.OffRoad == True.
 timestamp= 1619811727000 [RES] Global Validate result: 
false
 timestamp= 1619811727000 [RUN] Validate G3 Guard Condition: 
The ego vehicle E Detection.HardBrake == True.
 timestamp= 1619811727000 [RES] Global Validate result: 
false
 timestamp= 1619811727000 [RUN] Validate G4 Guard Condition: 
The ego vehicle E Detection.ArrivalTest == True.
 timestamp= 1619811727000 [RES] Global Validate result: 
false
 timestamp= 1619811727000 [RUN] Validate step: 
The test system VALIDATES THAT the Apollo A Status.GetControl is nearly equal to {"acceleration": -0.08, "throttle": 0.0, "steering_target": 0.53, "brake": 41.99, "steering_rate": 100.0, "speed": 0.03}
 timestamp= 1619811728000 [RES] Validate result: 
true
 timestamp= 1619811728000 [RUN] Generate steps
 timestamp= 1619811728000 [RUN] Validate step: 
The test system VALIDATES THAT the simulator S Status.GetEnvironment is nearly equal to {"x": -346.23, "y": 10.13, "z": 353.31, "rain": 0.0, "fog": 0.0, "wetness": 0.2, "timeofday": 12.0, "signal": 1.0, "rx": 359.93, "ry": 216.31, "rz": 359.98, "speed": 0.03}
 timestamp= 1619811728000 [RES] Validate result: 
true
 timestamp= 1619811728000 [RUN] Execute API step: 
The environment controller C INVOKES API Control.Agents.Pedestrians.WalkRandomly(which_lane=Current_Lane).
 timestamp= 1619811731000 [RES] API result: 
{"pose_arr":[{"vx":0,"ay":0,"az":9.81,"ax":0,"pz":10.12,"vy":0,"px":552528.55,"py":4182840.42},{"vx":-0.04,"ay":0.07,"az":9.81,"ax":-0.1,"pz":10.12,"vy":-0.04,"px":552528.55,"py":4182840.42},{"vx":-0.04,"ay":-0.52,"az":9.83,"ax":0.71,"pz":10.12,"vy":-0.04,"px":552528.55,"py":4182840.42},{"vx":0,"ay":0,"az":9.81,"ax":0,"pz":10.12,"vy":0,"px":552528.55,"py":4182840.43},{"vx":0,"ay":0,"az":9.81,"ax":0,"pz":10.12,"vy":0,"px":552528.55,"py":4182840.43},{"vx":0,"ay":0.35,"az":9.83,"ax":-0.5,"pz":10.12,"vy":0,"px":552528.55,"py":4182840.43},{"vx":-0.08,"ay":-1,"az":9.85,"ax":1.39,"pz":10.12,"vy":-0.08,"px":552528.54,"py":4182840.42}],"traffic_light":[0,0,0,0,0,0],"state_arr":[{"acceleration":0.01,"throttle":15.7,"steering_target":0.53,"brake":0,"steering_rate":100,"speed":0},{"acceleration":0.01,"throttle":15.7,"steering_target":0.53,"brake":0,"steering_rate":100,"speed":0},{"acceleration":0,"throttle":0,"steering_target":0.53,"brake":14.5,"steering_rate":100,"speed":0.02},{"acceleration":0,"throttle":15.7,"steering_target":0.53,"brake":0,"steering_rate":100,"speed":0},{"acceleration":0,"throttle":15.7,"steering_target":0.53,"brake":0,"steering_rate":100,"speed":0},{"acceleration":0,"throttle":15.7,"steering_target":0.53,"brake":0,"steering_rate":100,"speed":0},{"acceleration":-0.06,"throttle":0,"steering_target":-9.39,"brake":23.48,"steering_rate":100,"speed":0.11}],"obstacle_arr":[[{"acceleration":{"y":0,"x":0,"z":0},"position":{"y":4182837.35,"x":552526.32,"z":10.73},"volume":0.21,"type":"PEDESTRIAN","velocity":{"y":0,"x":0,"z":0}}],[{"acceleration":{"y":0,"x":0,"z":0},"position":{"y":4182837.35,"x":552526.28,"z":10.74},"volume":0.18,"type":"PEDESTRIAN","velocity":{"y":0,"x":0,"z":0}}],[{"acceleration":{"y":0,"x":0,"z":0},"position":{"y":4182837.35,"x":552526.29,"z":10.73},"volume":0.25,"type":"PEDESTRIAN","velocity":{"y":0,"x":0,"z":0}}],[{"acceleration":{"y":0,"x":0,"z":0},"position":{"y":4182837.37,"x":552526.27,"z":10.76},"volume":0.2,"type":"PEDESTRIAN","velocity":{"y":0,"x":0,"z":0}}],[{"acceleration":{"y":0,"x":0,"z":0},"position":{"y":4182837.39,"x":552526.29,"z":10.78},"volume":0.25,"type":"PEDESTRIAN","velocity":{"y":0,"x":0,"z":0}}],[{"acceleration":{"y":0,"x":0,"z":0},"position":{"y":4182837.37,"x":552526.3,"z":10.73},"volume":0.21,"type":"PEDESTRIAN","velocity":{"y":0,"x":0,"z":0}}]],"action_description":"Pedestrian walking on the front lane","ev_state":[-346.237060546875,10.1253528594971,353.310485839844,0,0,0.200000002980232,12,1,359.933349609375,216.18376159668,359.977416992188,0.033519196157760646],"collision_probability":0.361}
 timestamp= 1619811731000 [RUN] Validate G1 Guard Condition: 
The ego vehicle E Detection.Collision == True.
 timestamp= 1619811731000 [RES] Global Validate result: 
false
 timestamp= 1619811731000 [RUN] Validate G2 Guard Condition: 
The ego vehicle E Detection.OffRoad == True.
 timestamp= 1619811731000 [RES] Global Validate result: 
false
 timestamp= 1619811731000 [RUN] Validate G3 Guard Condition: 
The ego vehicle E Detection.HardBrake == True.
 timestamp= 1619811731000 [RES] Global Validate result: 
false
 timestamp= 1619811731000 [RUN] Validate G4 Guard Condition: 
The ego vehicle E Detection.ArrivalTest == True.
 timestamp= 1619811731000 [RES] Global Validate result: 
false
 timestamp= 1619811731000 [RUN] Validate step: 
The test system VALIDATES THAT the Apollo A Status.GetControl is nearly equal to {"acceleration": -0.06, "throttle": 0.0, "steering_target": -9.39, "brake": 23.48, "steering_rate": 100.0, "speed": 0.11}
 timestamp= 1619811731000 [RES] Validate result: 
true
 timestamp= 1619811731000 [RUN] Generate steps
 timestamp= 1619811731000 [RUN] Validate step: 
The test system VALIDATES THAT the simulator S Status.GetEnvironment is nearly equal to {"x": -346.24, "y": 10.13, "z": 353.31, "rain": 0.0, "fog": 0.0, "wetness": 0.2, "timeofday": 12.0, "signal": 1.0, "rx": 359.93, "ry": 216.18, "rz": 359.98, "speed": 0.03}
 timestamp= 1619811731000 [RES] Validate result: 
true
 timestamp= 1619811731000 [RUN] Execute API step: 
The environment controller C INVOKES API Control.Agents.Pedestrians.WalkRandomly(which_lane=Current_Lane).
 timestamp= 1619811735000 [RES] API result: 
{"pose_arr":[{"vx":0,"ay":0,"az":9.81,"ax":0,"pz":10.12,"vy":0,"px":552528.54,"py":4182840.42},{"vx":0,"ay":0,"az":9.81,"ax":0,"pz":10.12,"vy":0,"px":552528.54,"py":4182840.42},{"vx":0,"ay":0,"az":9.81,"ax":0,"pz":10.12,"vy":0,"px":552528.54,"py":4182840.42},{"vx":0,"ay":0,"az":9.81,"ax":0,"pz":10.12,"vy":0,"px":552528.54,"py":4182840.42},{"vx":0,"ay":0,"az":9.81,"ax":0,"pz":10.12,"vy":0,"px":552528.54,"py":4182840.42},{"vx":0,"ay":0,"az":9.81,"ax":0,"pz":10.12,"vy":0,"px":552528.54,"py":4182840.42},{"vx":0,"ay":0,"az":9.81,"ax":0,"pz":10.12,"vy":0,"px":552528.54,"py":4182840.42}],"traffic_light":[0,0,0,0,0,0,0],"state_arr":[{"acceleration":-0.06,"throttle":0,"steering_target":-11.5,"brake":48.01,"steering_rate":100,"speed":0},{"acceleration":0,"throttle":0,"steering_target":0,"brake":50,"steering_rate":0,"speed":0},{"acceleration":0,"throttle":0,"steering_target":-11.5,"brake":22.28,"steering_rate":100,"speed":0},{"acceleration":0,"throttle":0,"steering_target":-11.5,"brake":22.44,"steering_rate":100,"speed":0},{"acceleration":0,"throttle":0,"steering_target":-11.5,"brake":22.62,"steering_rate":100,"speed":0},{"acceleration":0,"throttle":0,"steering_target":-11.5,"brake":22.86,"steering_rate":100,"speed":0},{"acceleration":0,"throttle":0,"steering_target":-11.5,"brake":23.1,"steering_rate":100,"speed":0},{"acceleration":0,"throttle":0,"steering_target":-11.5,"brake":23.34,"steering_rate":100,"speed":0}],"obstacle_arr":[[{"acceleration":{"y":0,"x":0,"z":0},"position":{"y":4182837.25,"x":552526.27,"z":10.75},"volume":0.2,"type":"PEDESTRIAN","velocity":{"y":0,"x":0,"z":0}}],[{"acceleration":{"y":0,"x":0,"z":0},"position":{"y":4182837.33,"x":552526.28,"z":10.76},"volume":0.19,"type":"PEDESTRIAN","velocity":{"y":0,"x":0,"z":0}}],[{"acceleration":{"y":0,"x":0,"z":0},"position":{"y":4182837.35,"x":552526.29,"z":10.79},"volume":0.17,"type":"PEDESTRIAN","velocity":{"y":0,"x":0,"z":0}}],[{"acceleration":{"y":0,"x":0,"z":0},"position":{"y":4182837.35,"x":552526.27,"z":10.79},"volume":0.18,"type":"PEDESTRIAN","velocity":{"y":0,"x":0,"z":0}}],[{"acceleration":{"y":0,"x":0,"z":0},"position":{"y":4182837.38,"x":552526.29,"z":10.75},"volume":0.16,"type":"PEDESTRIAN","velocity":{"y":0,"x":0,"z":0}}],[{"acceleration":{"y":0,"x":0,"z":0},"position":{"y":4182837.34,"x":552526.28,"z":10.79},"volume":0.16,"type":"PEDESTRIAN","velocity":{"y":0,"x":0,"z":0}}],[{"acceleration":{"y":0,"x":0,"z":0},"position":{"y":4182837.37,"x":552526.32,"z":10.77},"volume":0.2,"type":"PEDESTRIAN","velocity":{"y":0,"x":0,"z":0}}]],"action_description":"Pedestrian walking on the front lane","ev_state":[-346.237030029297,10.1253662109375,353.310668945313,0,0,0.200000002980232,12,1,359.933624267578,216.177154541016,359.982818603516,0.00036672583373858255],"collision_probability":0.361}
 timestamp= 1619811735000 [RUN] Validate G1 Guard Condition: 
The ego vehicle E Detection.Collision == True.
 timestamp= 1619811735000 [RES] Global Validate result: 
false
 timestamp= 1619811735000 [RUN] Validate G2 Guard Condition: 
The ego vehicle E Detection.OffRoad == True.
 timestamp= 1619811735000 [RES] Global Validate result: 
false
 timestamp= 1619811735000 [RUN] Validate G3 Guard Condition: 
The ego vehicle E Detection.HardBrake == True.
 timestamp= 1619811735000 [RES] Global Validate result: 
false
 timestamp= 1619811735000 [RUN] Validate G4 Guard Condition: 
The ego vehicle E Detection.ArrivalTest == True.
 timestamp= 1619811735000 [RES] Global Validate result: 
false
 timestamp= 1619811735000 [RUN] Validate step: 
The test system VALIDATES THAT the Apollo A Status.GetControl is nearly equal to {"acceleration": -0.0, "throttle": 0.0, "steering_target": -11.5, "brake": 23.34, "steering_rate": 100.0, "speed": 0.0}
 timestamp= 1619811735000 [RES] Validate result: 
true
 timestamp= 1619811735000 [RUN] Generate steps
 timestamp= 1619811735000 [RUN] Validate step: 
The test system VALIDATES THAT the simulator S Status.GetEnvironment is nearly equal to {"x": -346.24, "y": 10.13, "z": 353.31, "rain": 0.0, "fog": 0.0, "wetness": 0.2, "timeofday": 12.0, "signal": 1.0, "rx": 359.93, "ry": 216.18, "rz": 359.98, "speed": 0.0}
 timestamp= 1619811735000 [RES] Validate result: 
true
 timestamp= 1619811735000 [RUN] Execute API step: 
The environment controller C INVOKES API Control.Agents.Pedestrians.WalkRandomly(which_lane=Current_Lane).
 timestamp= 1619811739000 [RES] API result: 
{"pose_arr":[{"vx":0,"ay":0,"az":9.81,"ax":0,"pz":10.12,"vy":0,"px":552528.54,"py":4182840.42},{"vx":0,"ay":0,"az":9.81,"ax":0,"pz":10.12,"vy":0,"px":552528.54,"py":4182840.42},{"vx":0,"ay":0,"az":9.81,"ax":0,"pz":10.12,"vy":0,"px":552528.54,"py":4182840.42},{"vx":0,"ay":0,"az":9.81,"ax":0,"pz":10.12,"vy":0,"px":552528.54,"py":4182840.42},{"vx":0,"ay":0,"az":9.81,"ax":0,"pz":10.12,"vy":0,"px":552528.54,"py":4182840.42},{"vx":0,"ay":0,"az":9.81,"ax":0,"pz":10.12,"vy":0,"px":552528.54,"py":4182840.42},{"vx":0,"ay":0,"az":9.81,"ax":0,"pz":10.12,"vy":0,"px":552528.54,"py":4182840.42}],"traffic_light":[0,0,0,0,0,0],"state_arr":[{"acceleration":0,"throttle":0,"steering_target":-11.5,"brake":23.58,"steering_rate":100,"speed":0},{"acceleration":0,"throttle":0,"steering_target":-11.5,"brake":23.84,"steering_rate":100,"speed":0},{"acceleration":0,"throttle":0,"steering_target":-11.5,"brake":24.06,"steering_rate":100,"speed":0},{"acceleration":0,"throttle":0,"steering_target":-11.5,"brake":24.29,"steering_rate":100,"speed":0},{"acceleration":0,"throttle":0,"steering_target":-11.5,"brake":24.55,"steering_rate":100,"speed":0},{"acceleration":0,"throttle":0,"steering_target":-11.5,"brake":24.77,"steering_rate":100,"speed":0},{"acceleration":-0.01,"throttle":0,"steering_target":-11.5,"brake":24.99,"steering_rate":100,"speed":0},{"acceleration":-0.01,"throttle":0,"steering_target":-11.5,"brake":25.24,"steering_rate":100,"speed":0}],"obstacle_arr":[[{"acceleration":{"y":0,"x":0,"z":0},"position":{"y":4182837.24,"x":552526.23,"z":10.78},"volume":0.24,"type":"PEDESTRIAN","velocity":{"y":0,"x":0,"z":0}}],[{"acceleration":{"y":0,"x":0,"z":0},"position":{"y":4182837.37,"x":552526.3,"z":10.75},"volume":0.18,"type":"PEDESTRIAN","velocity":{"y":0,"x":0,"z":0}}],[{"acceleration":{"y":0,"x":0,"z":0},"position":{"y":4182837.35,"x":552526.26,"z":10.76},"volume":0.16,"type":"PEDESTRIAN","velocity":{"y":0,"x":0,"z":0}}],[{"acceleration":{"y":0,"x":0,"z":0},"position":{"y":4182837.36,"x":552526.3,"z":10.79},"volume":0.18,"type":"PEDESTRIAN","velocity":{"y":0,"x":0,"z":0}}],[{"acceleration":{"y":0,"x":0,"z":0},"position":{"y":4182837.34,"x":552526.28,"z":10.79},"volume":0.18,"type":"PEDESTRIAN","velocity":{"y":0,"x":0,"z":0}}],[{"acceleration":{"y":0,"x":0,"z":0},"position":{"y":4182837.32,"x":552526.29,"z":10.78},"volume":0.18,"type":"PEDESTRIAN","velocity":{"y":0,"x":0,"z":0}}],[{"acceleration":{"y":0,"x":0,"z":0},"position":{"y":4182837.36,"x":552526.3,"z":10.78},"volume":0.17,"type":"PEDESTRIAN","velocity":{"y":0,"x":0,"z":0}}],[{"acceleration":{"y":0,"x":0,"z":0},"position":{"y":4182837.35,"x":552526.27,"z":10.75},"volume":0.19,"type":"PEDESTRIAN","velocity":{"y":0,"x":0,"z":0}}]],"action_description":"Pedestrian walking on the front lane","ev_state":[-346.237030029297,10.1253662109375,353.310668945313,0,0,0.200000002980232,12,0,359.933502197266,216.159881591797,359.982849121094,0.0003696048934822275],"collision_probability":0.361}
 timestamp= 1619811739000 [RUN] Validate G1 Guard Condition: 
The ego vehicle E Detection.Collision == True.
 timestamp= 1619811739000 [RES] Global Validate result: 
false
 timestamp= 1619811739000 [RUN] Validate G2 Guard Condition: 
The ego vehicle E Detection.OffRoad == True.
 timestamp= 1619811739000 [RES] Global Validate result: 
true
 timestamp= 1619811739000 [RUN] OffRoad == True
 timestamp= 1619811739000 [RUN] The simulator S INVOKES API Command.Simulation.Stop() to stop simulation.
 timestamp= 1619811739000 [WARNING] The test system Stop the Simulator S!
 timestamp= 1619811739000 [RUN] ABORT.
 timestamp= 1619811739000 [ERROR] The test system Abort!
 timestamp= 1619811739000 [RUN] Validate G3 Guard Condition: 
The ego vehicle E Detection.HardBrake == True.
 timestamp= 1619811739000 [RES] Global Validate result: 
false
 timestamp= 1619811739000 [RUN] Validate G4 Guard Condition: 
The ego vehicle E Detection.ArrivalTest == True.
 timestamp= 1619811739000 [RES] Global Validate result: 
false
 timestamp= 1619811739000 [RES] Basic PostCondition Validate result: 
false
 timestamp= 1619811739000 [STOP] numberOfStep: 37 basicFlow: 
[{"name":"","description":"","eClass":"Sentence","content":"The test system VALIDATES THAT the simulator S Status.GetEnvironment is nearly equal to {\"x\": -247.37, \"y\": 10.12, \"z\": 467.3, \"rain\": 0.0, \"fog\": 0.0, \"wetness\": 0.0, \"timeofday\": 12.0, \"signal\": 1.0, \"rx\": 359.98, \"ry\": 306.52, \"rz\": 359.97, \"speed\": 2.57}","natures":[]},{"name":"","description":"","eClass":"Sentence","content":"The environment controller C INVOKES API Control.Agents.Pedestrians.WalkRandomly(which_lane=Current_Lane).","natures":[]},{"name":"","description":"","eClass":"Sentence","content":"The test system VALIDATES THAT the Apollo A Status.GetControl is nearly equal to {\"acceleration\": 0.02, \"throttle\": 72.3, \"steering_target\": 62.27, \"brake\": 0.0, \"steering_rate\": 100.0, \"speed\": 2.5}","natures":[]},{"name":"","description":"","eClass":"Sentence","content":"The test system VALIDATES THAT the simulator S Status.GetEnvironment is nearly equal to {\"x\": -257.05, \"y\": 10.12, \"z\": 471.05, \"rain\": 0.0, \"fog\": 0.0, \"wetness\": 0.0, \"timeofday\": 12.0, \"signal\": 1.0, \"rx\": 0.04, \"ry\": 271.86, \"rz\": 359.78, \"speed\": 2.5}","natures":[]},{"name":"","description":"","eClass":"Sentence","content":"The environment controller C INVOKES API Control.Agents.Pedestrians.WalkRandomly(which_lane=Current_Lane).","natures":[]},{"name":"","description":"","eClass":"Sentence","content":"The test system VALIDATES THAT the Apollo A Status.GetControl is nearly equal to {\"acceleration\": 0.89, \"throttle\": 25.31, \"steering_target\": -0.36, \"brake\": 0.0, \"steering_rate\": 100.0, \"speed\": 5.07}","natures":[]},{"name":"","description":"","eClass":"Sentence","content":"The test system VALIDATES THAT the simulator S Status.GetEnvironment is nearly equal to {\"x\": -267.22, \"y\": 10.12, \"z\": 462.19, \"rain\": 0.0, \"fog\": 0.0, \"wetness\": 0.0, \"timeofday\": 12.0, \"signal\": 0.0, \"rx\": 359.94, \"ry\": 218.42, \"rz\": 0.01, \"speed\": 5.34}","natures":[]},{"name":"","description":"","eClass":"Sentence","content":"The environment controller C INVOKES API Control.Agents.Pedestrians.WalkRandomly(which_lane=Current_Lane).","natures":[]},{"name":"","description":"","eClass":"Sentence","content":"The test system VALIDATES THAT the Apollo A Status.GetControl is nearly equal to {\"acceleration\": 0.29, \"throttle\": 15.7, \"steering_target\": -0.47, \"brake\": 0.0, \"steering_rate\": 100.0, \"speed\": 7.28}","natures":[]},{"name":"","description":"","eClass":"Sentence","content":"The test system VALIDATES THAT the simulator S Status.GetEnvironment is nearly equal to {\"x\": -282.63, \"y\": 10.12, \"z\": 440.49, \"rain\": 0.0, \"fog\": 0.0, \"wetness\": 0.0, \"timeofday\": 12.0, \"signal\": -1.0, \"rx\": 359.98, \"ry\": 214.7, \"rz\": -0.0, \"speed\": 7.28}","natures":[]},{"name":"","description":"","eClass":"Sentence","content":"The environment controller C INVOKES API Control.Agents.Pedestrians.WalkRandomly(which_lane=Current_Lane).","natures":[]},{"name":"","description":"","eClass":"Sentence","content":"The test system VALIDATES THAT the Apollo A Status.GetControl is nearly equal to {\"acceleration\": 0.8, \"throttle\": 15.7, \"steering_target\": 0.01, \"brake\": 0.0, \"steering_rate\": 100.0, \"speed\": 7.27}","natures":[]},{"name":"","description":"","eClass":"Sentence","content":"The test system VALIDATES THAT the simulator S Status.GetEnvironment is nearly equal to {\"x\": -299.48, \"y\": 10.12, \"z\": 416.98, \"rain\": 0.0, \"fog\": 0.0, \"wetness\": 0.0, \"timeofday\": 12.0, \"signal\": -1.0, \"rx\": 359.98, \"ry\": 215.89, \"rz\": -0.0, \"speed\": 7.43}","natures":[]},{"name":"","description":"","eClass":"Sentence","content":"The environment controller C INVOKES API Control.Weather.Wetness(wetness_level=Light).","natures":[]},{"name":"","description":"","eClass":"Sentence","content":"The test system VALIDATES THAT the Apollo A Status.GetControl is nearly equal to {\"acceleration\": 1.41, \"throttle\": 23.15, \"steering_target\": -2.46, \"brake\": 0.0, \"steering_rate\": 100.0, \"speed\": 7.86}","natures":[]},{"name":"","description":"","eClass":"Sentence","content":"The test system VALIDATES THAT the simulator S Status.GetEnvironment is nearly equal to {\"x\": -316.71, \"y\": 10.12, \"z\": 393.23, \"rain\": 0.0, \"fog\": 0.0, \"wetness\": 0.2, \"timeofday\": 12.0, \"signal\": -1.0, \"rx\": 359.91, \"ry\": 216.41, \"rz\": 0.09, \"speed\": 8.11}","natures":[]},{"name":"","description":"","eClass":"Sentence","content":"The environment controller C INVOKES API Control.Agents.Pedestrians.WalkRandomly(which_lane=Current_Lane).","natures":[]},{"name":"","description":"","eClass":"Sentence","content":"The test system VALIDATES THAT the Apollo A Status.GetControl is nearly equal to {\"acceleration\": -0.03, \"throttle\": 0.0, \"steering_target\": 0.3, \"brake\": 14.5, \"steering_rate\": 100.0, \"speed\": 8.51}","natures":[]},{"name":"","description":"","eClass":"Sentence","content":"The test system VALIDATES THAT the simulator S Status.GetEnvironment is nearly equal to {\"x\": -337.42, \"y\": 10.12, \"z\": 365.13, \"rain\": 0.0, \"fog\": 0.0, \"wetness\": 0.2, \"timeofday\": 12.0, \"signal\": -1.0, \"rx\": 0.02, \"ry\": 216.59, \"rz\": 359.98, \"speed\": 8.51}","natures":[]},{"name":"","description":"","eClass":"Sentence","content":"The environment controller C INVOKES API Control.Agents.Pedestrians.WalkRandomly(which_lane=Current_Lane).","natures":[]},{"name":"","description":"","eClass":"Sentence","content":"The test system VALIDATES THAT the Apollo A Status.GetControl is nearly equal to {\"acceleration\": 0.03, \"throttle\": 47.93, \"steering_target\": 0.32, \"brake\": 0.0, \"steering_rate\": 100.0, \"speed\": 0.39}","natures":[]},{"name":"","description":"","eClass":"Sentence","content":"The test system VALIDATES THAT the simulator S Status.GetEnvironment is nearly equal to {\"x\": -345.94, \"y\": 10.13, \"z\": 353.68, \"rain\": 0.0, \"fog\": 0.0, \"wetness\": 0.2, \"timeofday\": 12.0, \"signal\": -1.0, \"rx\": 359.87, \"ry\": 216.77, \"rz\": 359.99, \"speed\": 0.59}","natures":[]},{"name":"","description":"","eClass":"Sentence","content":"The environment controller C INVOKES API Control.Agents.Pedestrians.WalkRandomly(which_lane=Current_Lane).","natures":[]},{"name":"","description":"","eClass":"Sentence","content":"The test system VALIDATES THAT the Apollo A Status.GetControl is nearly equal to {\"acceleration\": -0.02, \"throttle\": 0.0, \"steering_target\": 0.53, \"brake\": 23.52, \"steering_rate\": 100.0, \"speed\": 0.1}","natures":[]},{"name":"","description":"","eClass":"Sentence","content":"The test system VALIDATES THAT the simulator S Status.GetEnvironment is nearly equal to {\"x\": -346.23, \"y\": 10.13, \"z\": 353.3, \"rain\": 0.0, \"fog\": 0.0, \"wetness\": 0.2, \"timeofday\": 12.0, \"signal\": 1.0, \"rx\": 359.93, \"ry\": 216.49, \"rz\": 359.97, \"speed\": 0.03}","natures":[]},{"name":"","description":"","eClass":"Sentence","content":"The environment controller C INVOKES API Control.Agents.Pedestrians.WalkRandomly(which_lane=Current_Lane).","natures":[]},{"name":"","description":"","eClass":"Sentence","content":"The test system VALIDATES THAT the Apollo A Status.GetControl is nearly equal to {\"acceleration\": -0.08, \"throttle\": 0.0, \"steering_target\": 0.53, \"brake\": 41.99, \"steering_rate\": 100.0, \"speed\": 0.03}","natures":[]},{"name":"","description":"","eClass":"Sentence","content":"The test system VALIDATES THAT the simulator S Status.GetEnvironment is nearly equal to {\"x\": -346.23, \"y\": 10.13, \"z\": 353.31, \"rain\": 0.0, \"fog\": 0.0, \"wetness\": 0.2, \"timeofday\": 12.0, \"signal\": 1.0, \"rx\": 359.93, \"ry\": 216.31, \"rz\": 359.98, \"speed\": 0.03}","natures":[]},{"name":"","description":"","eClass":"Sentence","content":"The environment controller C INVOKES API Control.Agents.Pedestrians.WalkRandomly(which_lane=Current_Lane).","natures":[]},{"name":"","description":"","eClass":"Sentence","content":"The test system VALIDATES THAT the Apollo A Status.GetControl is nearly equal to {\"acceleration\": -0.06, \"throttle\": 0.0, \"steering_target\": -9.39, \"brake\": 23.48, \"steering_rate\": 100.0, \"speed\": 0.11}","natures":[]},{"name":"","description":"","eClass":"Sentence","content":"The test system VALIDATES THAT the simulator S Status.GetEnvironment is nearly equal to {\"x\": -346.24, \"y\": 10.13, \"z\": 353.31, \"rain\": 0.0, \"fog\": 0.0, \"wetness\": 0.2, \"timeofday\": 12.0, \"signal\": 1.0, \"rx\": 359.93, \"ry\": 216.18, \"rz\": 359.98, \"speed\": 0.03}","natures":[]},{"name":"","description":"","eClass":"Sentence","content":"The environment controller C INVOKES API Control.Agents.Pedestrians.WalkRandomly(which_lane=Current_Lane).","natures":[]},{"name":"","description":"","eClass":"Sentence","content":"The test system VALIDATES THAT the Apollo A Status.GetControl is nearly equal to {\"acceleration\": -0.0, \"throttle\": 0.0, \"steering_target\": -11.5, \"brake\": 23.34, \"steering_rate\": 100.0, \"speed\": 0.0}","natures":[]},{"name":"","description":"","eClass":"Sentence","content":"The test system VALIDATES THAT the simulator S Status.GetEnvironment is nearly equal to {\"x\": -346.24, \"y\": 10.13, \"z\": 353.31, \"rain\": 0.0, \"fog\": 0.0, \"wetness\": 0.2, \"timeofday\": 12.0, \"signal\": 1.0, \"rx\": 359.93, \"ry\": 216.18, \"rz\": 359.98, \"speed\": 0.0}","natures":[]},{"name":"","description":"","eClass":"Sentence","content":"The environment controller C INVOKES API Control.Agents.Pedestrians.WalkRandomly(which_lane=Current_Lane).","natures":[]},{"name":"","description":"","eClass":"Sentence","content":"The test system VALIDATES THAT the Apollo A Status.GetControl is nearly equal to {\"acceleration\": -0.01, \"throttle\": 0.0, \"steering_target\": -11.5, \"brake\": 25.24, \"steering_rate\": 100.0, \"speed\": 0.0}","natures":[]},{"name":"","description":"","eClass":"Sentence","content":"","natures":[]}]
