 timestamp= 1619784382000 [START] Now Run TCS Maintain Lane On Road1 Mode: dynamic Roadnum: 2 Second: 4
 timestamp= 1619784382000 [SUCCESS] TCS Check Success 
 timestamp= 1619784386000 [RUN] Run BasicFlow
 timestamp= 1619784386000 [RUN] Generate steps
 timestamp= 1619784386000 [RUN] Validate step: 
The test system VALIDATES THAT the simulator S Status.GetEnvironment is nearly equal to {"x": -13.2, "y": 10.12, "z": 309.06, "rain": 0.0, "fog": 0.0, "wetness": 0.0, "timeofday": 12.0, "signal": -1.0, "rx": 359.94, "ry": 307.26, "rz": -0.0, "speed": 4.37}
 timestamp= 1619784386000 [RES] Validate result: 
true
 timestamp= 1619784386000 [RUN] Execute API step: 
The environment controller C INVOKES API Control.Weather.Rain(rain_level=Heavy).
 timestamp= 1619784389000 [RES] API result: 
{"pose_arr":[{"vx":2.64,"ay":0.52,"az":9.82,"ax":0.39,"pz":10.12,"vy":2.64,"px":552861.86,"py":4182794.26},{"vx":2.94,"ay":0,"az":9.81,"ax":0,"pz":10.12,"vy":2.94,"px":552860.04,"py":4182795.64},{"vx":3.16,"ay":0.21,"az":9.81,"ax":0.16,"pz":10.12,"vy":3.16,"px":552856.79,"py":4182798.11},{"vx":3.3,"ay":0.21,"az":9.81,"ax":0.16,"pz":10.12,"vy":3.3,"px":552854.08,"py":4182800.16},{"vx":4.06,"ay":0.19,"az":9.88,"ax":0.15,"pz":10.12,"vy":4.06,"px":552850.82,"py":4182802.61},{"vx":4.15,"ay":0.19,"az":9.81,"ax":0.15,"pz":10.12,"vy":4.15,"px":552847.42,"py":4182805.18},{"vx":4.24,"ay":0.19,"az":9.81,"ax":0.14,"pz":10.12,"vy":4.24,"px":552843.54,"py":4182808.09}],"traffic_light":[3,3,3,3,3,0],"state_arr":[{"acceleration":0.85,"throttle":22.77,"steering_target":0.14,"brake":0,"steering_rate":100,"speed":4.37},{"acceleration":0.97,"throttle":15.7,"steering_target":0.15,"brake":0,"steering_rate":100,"speed":4.87},{"acceleration":0.97,"throttle":15.7,"steering_target":0.14,"brake":0,"steering_rate":100,"speed":5.22},{"acceleration":1.16,"throttle":15.7,"steering_target":0.12,"brake":0,"steering_rate":100,"speed":5.49},{"acceleration":0.29,"throttle":16.58,"steering_target":0.06,"brake":0,"steering_rate":100,"speed":6.72},{"acceleration":0.42,"throttle":15.7,"steering_target":0.08,"brake":0,"steering_rate":100,"speed":6.84},{"acceleration":0.8,"throttle":15.7,"steering_target":0,"brake":0,"steering_rate":100,"speed":6.96}],"obstacle_arr":[[],[],[],[],[],[],[]],"action_description":"Heavy rain","ev_state":[-31.9750823974609,10.1240730285645,323.223815917969,1,0,1,12,1,359.984466552734,306.923034667969,0.000168946266057901,7.082746950868727],"collision_probability":0}
 timestamp= 1619784389000 [RUN] Validate G1 Guard Condition: 
The ego vehicle E Detection.Collision == True.
 timestamp= 1619784389000 [RES] Global Validate result: 
false
 timestamp= 1619784389000 [RUN] Validate G2 Guard Condition: 
The ego vehicle E Detection.OffRoad == True.
 timestamp= 1619784389000 [RES] Global Validate result: 
false
 timestamp= 1619784389000 [RUN] Validate G3 Guard Condition: 
The ego vehicle E Detection.HardBrake == True.
 timestamp= 1619784389000 [RES] Global Validate result: 
false
 timestamp= 1619784389000 [RUN] Validate G4 Guard Condition: 
The ego vehicle E Detection.ArrivalTest == True.
 timestamp= 1619784389000 [RES] Global Validate result: 
false
 timestamp= 1619784389000 [RUN] Validate step: 
The test system VALIDATES THAT the Apollo A Status.GetControl is nearly equal to {"acceleration": 0.8, "throttle": 15.7, "steering_target": 0.0, "brake": 0.0, "steering_rate": 100.0, "speed": 6.96}
 timestamp= 1619784389000 [RES] Validate result: 
true
 timestamp= 1619784389000 [RUN] Generate steps
 timestamp= 1619784389000 [RUN] Validate step: 
The test system VALIDATES THAT the simulator S Status.GetEnvironment is nearly equal to {"x": -31.98, "y": 10.12, "z": 323.22, "rain": 1.0, "fog": 0.0, "wetness": 1.0, "timeofday": 12.0, "signal": 1.0, "rx": 359.98, "ry": 306.92, "rz": 0.0, "speed": 7.08}
 timestamp= 1619784389000 [RES] Validate result: 
true
 timestamp= 1619784389000 [RUN] Execute API step: 
The environment controller C INVOKES API Control.Weather.Rain(rain_level=Light).
 timestamp= 1619784392000 [RES] API result: 
{"pose_arr":[{"vx":4.37,"ay":0.81,"az":9.8,"ax":0.61,"pz":10.12,"vy":4.37,"px":552841.4,"py":4182809.7},{"vx":4.61,"ay":0.18,"az":9.82,"ax":0.14,"pz":10.12,"vy":4.61,"px":552837.83,"py":4182812.38},{"vx":4.76,"ay":0.32,"az":9.81,"ax":0.24,"pz":10.12,"vy":4.76,"px":552832.9,"py":4182816.1},{"vx":4.89,"ay":0.18,"az":9.81,"ax":0.14,"pz":10.12,"vy":4.89,"px":552828.05,"py":4182819.77},{"vx":4.93,"ay":-0.52,"az":9.87,"ax":-0.4,"pz":10.12,"vy":4.93,"px":552824.05,"py":4182822.8},{"vx":5.04,"ay":0.26,"az":9.81,"ax":0.2,"pz":10.12,"vy":5.04,"px":552819.43,"py":4182826.3}],"traffic_light":[3,3,3,3,2,2],"state_arr":[{"acceleration":1,"throttle":26.38,"steering_target":-0.06,"brake":0,"steering_rate":100,"speed":7.08},{"acceleration":1.01,"throttle":26.41,"steering_target":-0.02,"brake":0,"steering_rate":100,"speed":7.41},{"acceleration":0.47,"throttle":19.39,"steering_target":-0.14,"brake":0,"steering_rate":100,"speed":7.75},{"acceleration":0.29,"throttle":15.7,"steering_target":-0.1,"brake":0,"steering_rate":100,"speed":7.99},{"acceleration":0.02,"throttle":15.7,"steering_target":-0.12,"brake":0,"steering_rate":100,"speed":8.11},{"acceleration":0.48,"throttle":19.23,"steering_target":-0.15,"brake":0,"steering_rate":100,"speed":8.2},{"acceleration":0.16,"throttle":15.7,"steering_target":-0.02,"brake":0,"steering_rate":100,"speed":8.32}],"obstacle_arr":[[],[],[{"acceleration":{"y":0,"x":0,"z":0},"position":{"y":4182826.63,"x":552852.36,"z":10.52},"volume":1.68,"type":"VEHICLE","velocity":{"y":0,"x":0,"z":0}},{"acceleration":{"y":0,"x":0,"z":0},"position":{"y":4182817.86,"x":552846.8,"z":10.34},"volume":6.65,"type":"PEDESTRIAN","velocity":{"y":0,"x":0,"z":0}}],[{"acceleration":{"y":0,"x":0,"z":0},"position":{"y":4182825.48,"x":552853.95,"z":10.36},"volume":3.08,"type":"VEHICLE","velocity":{"y":0,"x":0,"z":0}}],[],[]],"action_description":"Light rain","ev_state":[-57.1909103393555,10.1237869262695,342.291473388672,0.200000002980232,0,0.200000002980232,12,0,359.979766845703,307.281005859375,0.00164667086210102,8.397016980063132],"collision_probability":0}
 timestamp= 1619784392000 [RUN] Validate G1 Guard Condition: 
The ego vehicle E Detection.Collision == True.
 timestamp= 1619784392000 [RES] Global Validate result: 
false
 timestamp= 1619784392000 [RUN] Validate G2 Guard Condition: 
The ego vehicle E Detection.OffRoad == True.
 timestamp= 1619784392000 [RES] Global Validate result: 
false
 timestamp= 1619784392000 [RUN] Validate G3 Guard Condition: 
The ego vehicle E Detection.HardBrake == True.
 timestamp= 1619784392000 [RES] Global Validate result: 
false
 timestamp= 1619784392000 [RUN] Validate G4 Guard Condition: 
The ego vehicle E Detection.ArrivalTest == True.
 timestamp= 1619784392000 [RES] Global Validate result: 
false
 timestamp= 1619784392000 [RUN] Validate step: 
The test system VALIDATES THAT the Apollo A Status.GetControl is nearly equal to {"acceleration": 0.16, "throttle": 15.7, "steering_target": -0.02, "brake": 0.0, "steering_rate": 100.0, "speed": 8.32}
 timestamp= 1619784392000 [RES] Validate result: 
true
 timestamp= 1619784392000 [RUN] Generate steps
 timestamp= 1619784392000 [RUN] Validate step: 
The test system VALIDATES THAT the simulator S Status.GetEnvironment is nearly equal to {"x": -57.19, "y": 10.12, "z": 342.29, "rain": 0.2, "fog": 0.0, "wetness": 0.2, "timeofday": 12.0, "signal": 0.0, "rx": 359.98, "ry": 307.28, "rz": 0.0, "speed": 8.4}
 timestamp= 1619784392000 [RES] Validate result: 
true
 timestamp= 1619784392000 [RUN] Execute API step: 
The environment controller C INVOKES API Control.Agents.NPCVehicle.NPCVehicleMaintainLane(which_lane=Left_Lane&which_car=Hatchback).
 timestamp= 1619784396000 [RES] API result: 
{"pose_arr":[{"vx":5.14,"ay":0.32,"az":9.81,"ax":0.24,"pz":10.12,"vy":5.14,"px":552816.19,"py":4182828.77},{"vx":5.23,"ay":0.17,"az":9.81,"ax":0.13,"pz":10.12,"vy":5.23,"px":552811.77,"py":4182832.14},{"vx":5.23,"ay":-0.32,"az":9.83,"ax":-0.24,"pz":10.12,"vy":5.23,"px":552808.08,"py":4182834.95},{"vx":5.06,"ay":-0.49,"az":9.83,"ax":-0.38,"pz":10.12,"vy":5.06,"px":552803.6,"py":4182838.35},{"vx":4.99,"ay":-0.49,"az":9.82,"ax":-0.37,"pz":10.12,"vy":4.99,"px":552798.86,"py":4182841.95},{"vx":4.99,"ay":0.25,"az":9.81,"ax":0.17,"pz":10.12,"vy":4.99,"px":552794.76,"py":4182845.04}],"traffic_light":[2,2,3,3,3],"state_arr":[{"acceleration":0.33,"throttle":15.8,"steering_target":-0.09,"brake":0,"steering_rate":100,"speed":8.45},{"acceleration":0,"throttle":15.7,"steering_target":0.05,"brake":0,"steering_rate":100,"speed":8.6},{"acceleration":-0.17,"throttle":0,"steering_target":0.06,"brake":14.5,"steering_rate":100,"speed":8.63},{"acceleration":-0.13,"throttle":0,"steering_target":0.15,"brake":14.5,"steering_rate":100,"speed":8.43},{"acceleration":-0.14,"throttle":0,"steering_target":0.11,"brake":14.5,"steering_rate":100,"speed":8.45},{"acceleration":0.65,"throttle":21.77,"steering_target":0.21,"brake":0,"steering_rate":100,"speed":8.15},{"acceleration":0.19,"throttle":15.7,"steering_target":0.13,"brake":0,"steering_rate":100,"speed":8.35}],"obstacle_arr":[[],[{"acceleration":{"y":0,"x":0,"z":0},"position":{"y":4182821.99,"x":552812.48,"z":10.43},"volume":5.71,"type":"VEHICLE","velocity":{"y":0.11,"x":-0.32,"z":0}}],[{"acceleration":{"y":0.62,"x":-0.86,"z":0},"position":{"y":4182823.04,"x":552810.83,"z":10.45},"volume":5.63,"type":"VEHICLE","velocity":{"y":0.67,"x":-1.11,"z":0}},{"acceleration":{"y":0,"x":0,"z":0},"position":{"y":4182835.95,"x":552811.37,"z":10.89},"volume":0.02,"type":"UNKNOWN","velocity":{"y":0,"x":0,"z":0}}],[{"acceleration":{"y":2.54,"x":-3.85,"z":0},"position":{"y":4182825.04,"x":552807.45,"z":10.41},"volume":5.62,"type":"VEHICLE","velocity":{"y":2.29,"x":-3.88,"z":0}}],[{"acceleration":{"y":2.92,"x":-4.26,"z":0},"position":{"y":4182826.28,"x":552805.23,"z":10.45},"volume":5.78,"type":"VEHICLE","velocity":{"y":4.15,"x":-6.64,"z":0}}],[{"acceleration":{"y":2.13,"x":-3.31,"z":0},"position":{"y":4182828.25,"x":552801.94,"z":10.48},"volume":4.27,"type":"VEHICLE","velocity":{"y":5.89,"x":-9.31,"z":0}}]],"action_description":"NPC vehicle (Hatchback) driving on the left lane","ev_state":[-84.1112899780273,10.1237688064575,362.698059082031,0.200000002980232,0,0.200000002980232,12,-1,359.981231689453,306.842407226563,359.990264892578,8.44630534088295],"collision_probability":0}
 timestamp= 1619784396000 [RUN] Validate G1 Guard Condition: 
The ego vehicle E Detection.Collision == True.
 timestamp= 1619784396000 [RES] Global Validate result: 
false
 timestamp= 1619784396000 [RUN] Validate G2 Guard Condition: 
The ego vehicle E Detection.OffRoad == True.
 timestamp= 1619784396000 [RES] Global Validate result: 
false
 timestamp= 1619784396000 [RUN] Validate G3 Guard Condition: 
The ego vehicle E Detection.HardBrake == True.
 timestamp= 1619784396000 [RES] Global Validate result: 
false
 timestamp= 1619784396000 [RUN] Validate G4 Guard Condition: 
The ego vehicle E Detection.ArrivalTest == True.
 timestamp= 1619784396000 [RES] Global Validate result: 
false
 timestamp= 1619784396000 [RUN] Validate step: 
The test system VALIDATES THAT the Apollo A Status.GetControl is nearly equal to {"acceleration": 0.19, "throttle": 15.7, "steering_target": 0.13, "brake": 0.0, "steering_rate": 100.0, "speed": 8.35}
 timestamp= 1619784396000 [RES] Validate result: 
true
 timestamp= 1619784396000 [RUN] Generate steps
 timestamp= 1619784396000 [RUN] Validate step: 
The test system VALIDATES THAT the simulator S Status.GetEnvironment is nearly equal to {"x": -84.11, "y": 10.12, "z": 362.7, "rain": 0.2, "fog": 0.0, "wetness": 0.2, "timeofday": 12.0, "signal": -1.0, "rx": 359.98, "ry": 306.84, "rz": 359.99, "speed": 8.45}
 timestamp= 1619784396000 [RES] Validate result: 
true
 timestamp= 1619784396000 [RUN] Execute API step: 
The environment controller C INVOKES API Control.Agents.NPCVehicle.NPCVehicleSwitchLane(which_lane=Left_Lane&which_car=SUV).
 timestamp= 1619784400000 [RES] API result: 
{"pose_arr":[{"vx":5.06,"ay":0,"az":9.81,"ax":0,"pz":10.12,"vy":5.06,"px":552790.95,"py":4182847.91},{"vx":5.15,"ay":0.32,"az":9.8,"ax":0.24,"pz":10.12,"vy":5.15,"px":552787.96,"py":4182850.15},{"vx":5.25,"ay":-0.54,"az":9.87,"ax":-0.32,"pz":10.12,"vy":5.25,"px":552783.64,"py":4182853.39},{"vx":5.04,"ay":-0.66,"az":9.82,"ax":-0.49,"pz":10.12,"vy":5.04,"px":552779.39,"py":4182856.56},{"vx":4.82,"ay":0.18,"az":9.79,"ax":0.13,"pz":10.12,"vy":4.82,"px":552774.98,"py":4182859.86},{"vx":4.61,"ay":-0.5,"az":9.81,"ax":-0.34,"pz":10.12,"vy":4.61,"px":552771.37,"py":4182862.54},{"vx":4.46,"ay":-0.78,"az":9.83,"ax":-0.58,"pz":10.12,"vy":4.46,"px":552766.53,"py":4182866.14}],"traffic_light":[3,3,1,1,3,1],"state_arr":[{"acceleration":0.39,"throttle":17.06,"steering_target":-0.12,"brake":0,"steering_rate":100,"speed":8.45},{"acceleration":0.42,"throttle":17.78,"steering_target":0.29,"brake":0,"steering_rate":100,"speed":8.61},{"acceleration":-0.06,"throttle":0,"steering_target":-0.2,"brake":14.5,"steering_rate":100,"speed":8.78},{"acceleration":-0.98,"throttle":0,"steering_target":0.2,"brake":16.97,"steering_rate":100,"speed":8.56},{"acceleration":-1,"throttle":0,"steering_target":0.26,"brake":17.69,"steering_rate":100,"speed":8.05},{"acceleration":0.19,"throttle":15.7,"steering_target":-0.35,"brake":0,"steering_rate":100,"speed":7.79},{"acceleration":0.2,"throttle":15.7,"steering_target":0.33,"brake":0,"steering_rate":100,"speed":7.76},{"acceleration":-1.56,"throttle":0,"steering_target":0.24,"brake":25.18,"steering_rate":100,"speed":7.25}],"obstacle_arr":[[{"acceleration":{"y":1.33,"x":-1.8,"z":0},"position":{"y":4182829.9,"x":552799.37,"z":10.49},"volume":4.46,"type":"VEHICLE","velocity":{"y":6.98,"x":-10.93,"z":0}}],[{"acceleration":{"y":0.39,"x":-0.57,"z":0},"position":{"y":4182830.03,"x":552798.64,"z":10.64},"volume":2.59,"type":"VEHICLE","velocity":{"y":7.49,"x":-11.62,"z":0}}],[{"acceleration":{"y":-0.23,"x":0.29,"z":0},"position":{"y":4182831.71,"x":552795.42,"z":10.51},"volume":3.35,"type":"VEHICLE","velocity":{"y":7.37,"x":-11.47,"z":0}},{"acceleration":{"y":0,"x":0,"z":0},"position":{"y":4182853.69,"x":552770.62,"z":10.44},"volume":7.82,"type":"VEHICLE","velocity":{"y":0,"x":0,"z":0}}],[{"acceleration":{"y":-0.4,"x":0.69,"z":0},"position":{"y":4182834.57,"x":552790.89,"z":10.49},"volume":5.31,"type":"VEHICLE","velocity":{"y":6.86,"x":-10.68,"z":0}},{"acceleration":{"y":0,"x":0,"z":0},"position":{"y":4182856.48,"x":552767.52,"z":10.43},"volume":7.66,"type":"VEHICLE","velocity":{"y":0,"x":0,"z":0}}],[{"acceleration":{"y":-0.35,"x":0.62,"z":0},"position":{"y":4182835.94,"x":552788.68,"z":10.8},"volume":2.54,"type":"VEHICLE","velocity":{"y":6.39,"x":-9.9,"z":0}},{"acceleration":{"y":0,"x":0,"z":0},"position":{"y":4182858.37,"x":552765.44,"z":10.44},"volume":9.31,"type":"VEHICLE","velocity":{"y":0,"x":0,"z":0}}],[{"acceleration":{"y":-0.21,"x":0.35,"z":0},"position":{"y":4182837.73,"x":552785.85,"z":10.66},"volume":3.19,"type":"VEHICLE","velocity":{"y":5.93,"x":-9.16,"z":0}},{"acceleration":{"y":0,"x":0,"z":0},"position":{"y":4182860.89,"x":552762.74,"z":10.45},"volume":8.98,"type":"VEHICLE","velocity":{"y":0.13,"x":-0.13,"z":0}}],[{"acceleration":{"y":-0.11,"x":0.2,"z":0},"position":{"y":4182838.69,"x":552784.3,"z":10.56},"volume":2.53,"type":"VEHICLE","velocity":{"y":5.67,"x":-8.74,"z":0}},{"acceleration":{"y":0.06,"x":-0.08,"z":0},"position":{"y":4182862.57,"x":552761.16,"z":10.46},"volume":8.89,"type":"VEHICLE","velocity":{"y":7.08,"x":-7.14,"z":0}}]],"action_description":"NPC vehicle (SUV) switching lane (left to right)","ev_state":[-110.284057617188,10.124044418335,382.212493896484,0.200000002980232,0,0.200000002980232,12,1,0.061241552233696,306.390228271484,359.978820800781,7.17681566495142],"collision_probability":0}
 timestamp= 1619784400000 [RUN] Validate G1 Guard Condition: 
The ego vehicle E Detection.Collision == True.
 timestamp= 1619784400000 [RES] Global Validate result: 
false
 timestamp= 1619784400000 [RUN] Validate G2 Guard Condition: 
The ego vehicle E Detection.OffRoad == True.
 timestamp= 1619784400000 [RES] Global Validate result: 
false
 timestamp= 1619784400000 [RUN] Validate G3 Guard Condition: 
The ego vehicle E Detection.HardBrake == True.
 timestamp= 1619784400000 [RES] Global Validate result: 
false
 timestamp= 1619784400000 [RUN] Validate G4 Guard Condition: 
The ego vehicle E Detection.ArrivalTest == True.
 timestamp= 1619784400000 [RES] Global Validate result: 
false
 timestamp= 1619784400000 [RUN] Validate step: 
The test system VALIDATES THAT the Apollo A Status.GetControl is nearly equal to {"acceleration": -1.56, "throttle": 0.0, "steering_target": 0.24, "brake": 25.18, "steering_rate": 100.0, "speed": 7.25}
 timestamp= 1619784400000 [RES] Validate result: 
true
 timestamp= 1619784400000 [RUN] Generate steps
 timestamp= 1619784400000 [RUN] Validate step: 
The test system VALIDATES THAT the simulator S Status.GetEnvironment is nearly equal to {"x": -110.28, "y": 10.12, "z": 382.21, "rain": 0.2, "fog": 0.0, "wetness": 0.2, "timeofday": 12.0, "signal": 1.0, "rx": 0.06, "ry": 306.39, "rz": 359.98, "speed": 7.18}
 timestamp= 1619784400000 [RES] Validate result: 
true
 timestamp= 1619784400000 [RUN] Execute API step: 
The environment controller C INVOKES API Control.Weather.Wetness(wetness_level=Heavy).
 timestamp= 1619784404000 [RES] API result: 
{"pose_arr":[{"vx":4.2,"ay":-0.98,"az":9.84,"ax":-0.69,"pz":10.13,"vy":4.2,"px":552764.41,"py":4182867.71},{"vx":3.64,"ay":-0.88,"az":9.8,"ax":-0.64,"pz":10.13,"vy":3.64,"px":552760.77,"py":4182870.38},{"vx":3.1,"ay":-1.05,"az":9.8,"ax":-0.77,"pz":10.13,"vy":3.1,"px":552757.44,"py":4182872.83},{"vx":2.74,"ay":-1.19,"az":9.81,"ax":-0.87,"pz":10.13,"vy":2.74,"px":552755.87,"py":4182873.98},{"vx":2.15,"ay":-0.75,"az":9.81,"ax":-0.54,"pz":10.13,"vy":2.15,"px":552753.22,"py":4182875.91},{"vx":1.78,"ay":-1.14,"az":9.81,"ax":-0.82,"pz":10.13,"vy":1.78,"px":552751.58,"py":4182877.1},{"vx":1.42,"ay":-0.4,"az":9.81,"ax":-0.29,"pz":10.13,"vy":1.42,"px":552750.07,"py":4182878.2}],"traffic_light":[1,1,1,1,3,3,3],"state_arr":[{"acceleration":-2.36,"throttle":0,"steering_target":-0.12,"brake":33.22,"steering_rate":100,"speed":7.02},{"acceleration":-1.31,"throttle":0,"steering_target":0.24,"brake":23.6,"steering_rate":100,"speed":5.99},{"acceleration":-1.36,"throttle":0,"steering_target":0.39,"brake":24.13,"steering_rate":100,"speed":5.24},{"acceleration":-1.34,"throttle":0,"steering_target":0.38,"brake":24.3,"steering_rate":100,"speed":4.47},{"acceleration":-1.38,"throttle":0,"steering_target":0.1,"brake":24.79,"steering_rate":100,"speed":3.81},{"acceleration":-1.52,"throttle":0,"steering_target":0.36,"brake":26.11,"steering_rate":100,"speed":3.38},{"acceleration":-0.64,"throttle":0,"steering_target":0.44,"brake":16.03,"steering_rate":100,"speed":2.7},{"acceleration":-0.21,"throttle":0,"steering_target":0.41,"brake":14.5,"steering_rate":100,"speed":2.41}],"obstacle_arr":[[{"acceleration":{"y":0.01,"x":0.07,"z":0},"position":{"y":4182839.7,"x":552782.82,"z":10.51},"volume":2.54,"type":"VEHICLE","velocity":{"y":5.48,"x":-8.4,"z":0}},{"acceleration":{"y":0.68,"x":-1.48,"z":0},"position":{"y":4182864.34,"x":552758.98,"z":10.45},"volume":9.59,"type":"VEHICLE","velocity":{"y":7.66,"x":-8,"z":0}}],[{"acceleration":{"y":0.02,"x":0.07,"z":0},"position":{"y":4182840.4,"x":552781.92,"z":10.46},"volume":2.48,"type":"VEHICLE","velocity":{"y":5.34,"x":-8.13,"z":0}},{"acceleration":{"y":0.55,"x":-1.12,"z":0},"position":{"y":4182866.29,"x":552757.31,"z":10.44},"volume":7.42,"type":"VEHICLE","velocity":{"y":8,"x":-8.71,"z":0}}],[{"acceleration":{"y":0,"x":0.08,"z":0},"position":{"y":4182842.26,"x":552779.7,"z":11.09},"volume":0.03,"type":"VEHICLE","velocity":{"y":5.17,"x":-7.83,"z":0}},{"acceleration":{"y":-0.51,"x":0.01,"z":0},"position":{"y":4182868.16,"x":552754.9,"z":10.45},"volume":11.36,"type":"VEHICLE","velocity":{"y":7.99,"x":-8.99,"z":0}}],[{"acceleration":{"y":-0.33,"x":0.1,"z":0},"position":{"y":4182843.8,"x":552777.56,"z":11.09},"volume":0.02,"type":"VEHICLE","velocity":{"y":4.71,"x":-7.53,"z":0}},{"acceleration":{"y":-1.21,"x":0.87,"z":0},"position":{"y":4182870.28,"x":552752.82,"z":10.45},"volume":8.37,"type":"VEHICLE","velocity":{"y":7.32,"x":-8.59,"z":0}},{"acceleration":{"y":0,"x":0,"z":0},"position":{"y":4182841.57,"x":552774.69,"z":10.3},"volume":2.45,"type":"VEHICLE","velocity":{"y":0,"x":0,"z":0}}],[{"acceleration":{"y":0,"x":0.25,"z":0},"position":{"y":4182846.8,"x":552773.2,"z":10.46},"volume":2.46,"type":"VEHICLE","velocity":{"y":4.33,"x":-6.94,"z":0}},{"acceleration":{"y":-1.48,"x":1.31,"z":0},"position":{"y":4182872.31,"x":552750.66,"z":10.41},"volume":9.9,"type":"VEHICLE","velocity":{"y":5.84,"x":-7.33,"z":0}}],[{"acceleration":{"y":0.03,"x":0.17,"z":0},"position":{"y":4182849.44,"x":552769.99,"z":10.5},"volume":1.64,"type":"VEHICLE","velocity":{"y":4.18,"x":-6.35,"z":0}},{"acceleration":{"y":-1.23,"x":1.16,"z":0},"position":{"y":4182873.55,"x":552749.37,"z":10.38},"volume":8.48,"type":"VEHICLE","velocity":{"y":4.64,"x":-6.16,"z":0}}],[{"acceleration":{"y":0.07,"x":0.02,"z":0},"position":{"y":4182850.72,"x":552768.23,"z":10.5},"volume":2.86,"type":"VEHICLE","velocity":{"y":4.1,"x":-6.1,"z":0}},{"acceleration":{"y":-1.04,"x":0.99,"z":0},"position":{"y":4182874.2,"x":552748.39,"z":10.4},"volume":11.49,"type":"VEHICLE","velocity":{"y":3.92,"x":-5.42,"z":0}}]],"action_description":"Heavy wetness","ev_state":[-125.063735961914,10.1247329711914,393.00830078125,0,0,1,12,1,0.0359476171433926,305.856689453125,-0.0015517562860623,2.4081467654733917],"collision_probability":0}
 timestamp= 1619784404000 [RUN] Validate G1 Guard Condition: 
The ego vehicle E Detection.Collision == True.
 timestamp= 1619784404000 [RES] Global Validate result: 
false
 timestamp= 1619784404000 [RUN] Validate G2 Guard Condition: 
The ego vehicle E Detection.OffRoad == True.
 timestamp= 1619784404000 [RES] Global Validate result: 
false
 timestamp= 1619784404000 [RUN] Validate G3 Guard Condition: 
The ego vehicle E Detection.HardBrake == True.
 timestamp= 1619784404000 [RES] Global Validate result: 
false
 timestamp= 1619784404000 [RUN] Validate G4 Guard Condition: 
The ego vehicle E Detection.ArrivalTest == True.
 timestamp= 1619784404000 [RES] Global Validate result: 
false
 timestamp= 1619784404000 [RUN] Validate step: 
The test system VALIDATES THAT the Apollo A Status.GetControl is nearly equal to {"acceleration": -0.21, "throttle": 0.0, "steering_target": 0.41, "brake": 14.5, "steering_rate": 100.0, "speed": 2.41}
 timestamp= 1619784404000 [RES] Validate result: 
true
 timestamp= 1619784404000 [RUN] Generate steps
 timestamp= 1619784404000 [RUN] Validate step: 
The test system VALIDATES THAT the simulator S Status.GetEnvironment is nearly equal to {"x": -125.06, "y": 10.12, "z": 393.01, "rain": 0.0, "fog": 0.0, "wetness": 1.0, "timeofday": 12.0, "signal": 1.0, "rx": 0.04, "ry": 305.86, "rz": -0.0, "speed": 2.41}
 timestamp= 1619784404000 [RES] Validate result: 
true
 timestamp= 1619784404000 [RUN] Execute API step: 
The environment controller C INVOKES API Control.Agents.NPCVehicle.NPCVehicleSwitchLane(which_lane=Current_Lane&which_car=SUV).
 timestamp= 1619784408000 [RES] API result: 
{"pose_arr":[{"vx":1.41,"ay":0,"az":9.81,"ax":0,"pz":10.13,"vy":1.41,"px":552750.01,"py":4182878.24},{"vx":1.66,"ay":1.4,"az":9.8,"ax":1.01,"pz":10.12,"vy":1.66,"px":552749.18,"py":4182878.84},{"vx":2.65,"ay":1.03,"az":9.6,"ax":0.77,"pz":10.12,"vy":2.65,"px":552747.42,"py":4182880.11},{"vx":2.26,"ay":-1.59,"az":9.83,"ax":-1.14,"pz":10.13,"vy":2.26,"px":552745.79,"py":4182881.28},{"vx":1.53,"ay":-0.94,"az":9.8,"ax":-0.67,"pz":10.13,"vy":1.53,"px":552743.96,"py":4182882.58},{"vx":1.44,"ay":2.33,"az":9.78,"ax":1.65,"pz":10.12,"vy":1.44,"px":552742.86,"py":4182883.36},{"vx":1.88,"ay":1.03,"az":9.82,"ax":0.72,"pz":10.12,"vy":1.88,"px":552741.2,"py":4182884.54},{"vx":2.53,"ay":0.8,"az":9.83,"ax":0.56,"pz":10.12,"vy":2.53,"px":552739.87,"py":4182885.48}],"traffic_light":[3,1,1,1,1,3],"state_arr":[{"acceleration":1.02,"throttle":29.23,"steering_target":0.42,"brake":0,"steering_rate":100,"speed":2.41},{"acceleration":1.91,"throttle":47.3,"steering_target":0.39,"brake":0,"steering_rate":100,"speed":3.02},{"acceleration":-1.96,"throttle":0,"steering_target":0.26,"brake":30.84,"steering_rate":100,"speed":4.48},{"acceleration":-2.04,"throttle":0,"steering_target":0.44,"brake":31.03,"steering_rate":100,"speed":3.61},{"acceleration":-0.99,"throttle":0,"steering_target":0.46,"brake":20.5,"steering_rate":100,"speed":2.64},{"acceleration":0.35,"throttle":15.86,"steering_target":0.43,"brake":0,"steering_rate":100,"speed":2.22},{"acceleration":0.73,"throttle":67.31,"steering_target":0.38,"brake":0,"steering_rate":100,"speed":3.1},{"acceleration":0.65,"throttle":21.68,"steering_target":0.33,"brake":0,"steering_rate":100,"speed":4.38}],"obstacle_arr":[[{"acceleration":{"y":0.11,"x":-0.11,"z":0},"position":{"y":4182853.32,"x":552764.37,"z":10.68},"volume":1.97,"type":"VEHICLE","velocity":{"y":4.09,"x":-5.99,"z":0}},{"acceleration":{"y":-0.78,"x":0.72,"z":0},"position":{"y":4182875.48,"x":552747.03,"z":10.39},"volume":10.99,"type":"VEHICLE","velocity":{"y":3.1,"x":-4.58,"z":0}}],[{"acceleration":{"y":0.1,"x":-0.09,"z":0},"position":{"y":4182854.63,"x":552762.9,"z":10.57},"volume":3.68,"type":"VEHICLE","velocity":{"y":4.08,"x":-5.95,"z":0}},{"acceleration":{"y":-0.73,"x":0.66,"z":0},"position":{"y":4182875.88,"x":552746.57,"z":10.4},"volume":11.74,"type":"VEHICLE","velocity":{"y":2.6,"x":-4.06,"z":0}},{"acceleration":{"y":0,"x":0,"z":0},"position":{"y":4182890.51,"x":552733.61,"z":10.07},"volume":12.12,"type":"VEHICLE","velocity":{"y":0,"x":0,"z":0}}],[{"acceleration":{"y":0.05,"x":-0.06,"z":0},"position":{"y":4182856.89,"x":552759.41,"z":10.58},"volume":4.38,"type":"VEHICLE","velocity":{"y":4.01,"x":-5.82,"z":0}},{"acceleration":{"y":-0.46,"x":0.43,"z":0},"position":{"y":4182876.93,"x":552745.4,"z":10.45},"volume":11.08,"type":"VEHICLE","velocity":{"y":0.9,"x":-1.17,"z":0}},{"acceleration":{"y":1.15,"x":0.19,"z":0},"position":{"y":4182891.93,"x":552733.69,"z":10.44},"volume":5.2,"type":"VEHICLE","velocity":{"y":0.7,"x":0.08,"z":0}}],[{"acceleration":{"y":0.08,"x":-0.07,"z":0},"position":{"y":4182858.96,"x":552756.93,"z":10.73},"volume":3.07,"type":"VEHICLE","velocity":{"y":3.97,"x":-5.74,"z":0}},{"acceleration":{"y":-0.07,"x":0.01,"z":0},"position":{"y":4182877.88,"x":552744.13,"z":10.43},"volume":12.11,"type":"VEHICLE","velocity":{"y":0.9,"x":-1.21,"z":0}},{"acceleration":{"y":0.44,"x":0.86,"z":0},"position":{"y":4182893.23,"x":552734.47,"z":10.42},"volume":3.21,"type":"VEHICLE","velocity":{"y":1,"x":0.77,"z":0}}],[{"acceleration":{"y":0.09,"x":-0.1,"z":0},"position":{"y":4182859.99,"x":552755.27,"z":10.8},"volume":3.01,"type":"VEHICLE","velocity":{"y":3.97,"x":-5.71,"z":0}},{"acceleration":{"y":0.57,"x":-0.76,"z":0},"position":{"y":4182879.22,"x":552742.55,"z":10.45},"volume":10.59,"type":"VEHICLE","velocity":{"y":1.35,"x":-1.78,"z":0}},{"acceleration":{"y":0.69,"x":0.75,"z":0},"position":{"y":4182894.21,"x":552734.76,"z":10.38},"volume":7.2,"type":"VEHICLE","velocity":{"y":1.46,"x":1.18,"z":0}}],[{"acceleration":{"y":0.1,"x":-0.07,"z":0},"position":{"y":4182862.24,"x":552752.5,"z":10.52},"volume":3.83,"type":"VEHICLE","velocity":{"y":3.97,"x":-5.66,"z":0}},{"acceleration":{"y":1.14,"x":-1.21,"z":0},"position":{"y":4182881.46,"x":552739.74,"z":10.45},"volume":9.01,"type":"VEHICLE","velocity":{"y":1.9,"x":-2.24,"z":0}},{"acceleration":{"y":0.72,"x":0.57,"z":0},"position":{"y":4182895.62,"x":552735.57,"z":10.44},"volume":5.26,"type":"VEHICLE","velocity":{"y":1.89,"x":1.5,"z":0}}],[{"acceleration":{"y":0.11,"x":-0.05,"z":0},"position":{"y":4182864.54,"x":552749.2,"z":10.53},"volume":5.24,"type":"VEHICLE","velocity":{"y":3.99,"x":-5.53,"z":0}},{"acceleration":{"y":1.95,"x":-2.79,"z":0},"position":{"y":4182887.36,"x":552731.45,"z":10.4},"volume":9.99,"type":"VEHICLE","velocity":{"y":3.13,"x":-3.82,"z":0}},{"acceleration":{"y":1.67,"x":0.67,"z":0},"position":{"y":4182899.19,"x":552737.45,"z":10.4},"volume":8.31,"type":"VEHICLE","velocity":{"y":3.31,"x":2.1,"z":0}}]],"action_description":"NPC vehicle (SUV) switching lane (current to right)","ev_state":[-135.619735717773,10.124457359314,400.524047851563,0,0,1,12,0,359.870697021484,305.168487548828,-0.00390266557224095,4.504938712778701],"collision_probability":0}
 timestamp= 1619784408000 [RUN] Validate G1 Guard Condition: 
The ego vehicle E Detection.Collision == True.
 timestamp= 1619784408000 [RES] Global Validate result: 
false
 timestamp= 1619784408000 [RUN] Validate G2 Guard Condition: 
The ego vehicle E Detection.OffRoad == True.
 timestamp= 1619784408000 [RES] Global Validate result: 
false
 timestamp= 1619784408000 [RUN] Validate G3 Guard Condition: 
The ego vehicle E Detection.HardBrake == True.
 timestamp= 1619784408000 [RES] Global Validate result: 
false
 timestamp= 1619784408000 [RUN] Validate G4 Guard Condition: 
The ego vehicle E Detection.ArrivalTest == True.
 timestamp= 1619784408000 [RES] Global Validate result: 
false
 timestamp= 1619784408000 [RUN] Validate step: 
The test system VALIDATES THAT the Apollo A Status.GetControl is nearly equal to {"acceleration": 0.65, "throttle": 21.68, "steering_target": 0.33, "brake": 0.0, "steering_rate": 100.0, "speed": 4.38}
 timestamp= 1619784408000 [RES] Validate result: 
true
 timestamp= 1619784408000 [RUN] Generate steps
 timestamp= 1619784408000 [RUN] Validate step: 
The test system VALIDATES THAT the simulator S Status.GetEnvironment is nearly equal to {"x": -135.62, "y": 10.12, "z": 400.52, "rain": 0.0, "fog": 0.0, "wetness": 1.0, "timeofday": 12.0, "signal": 0.0, "rx": 359.87, "ry": 305.17, "rz": -0.0, "speed": 4.5}
 timestamp= 1619784408000 [RES] Validate result: 
true
 timestamp= 1619784408000 [RUN] Execute API step: 
The environment controller C INVOKES API Control.Agents.NPCVehicle.NPCVehicleMaintainLane(which_lane=Current_Lane&which_car=SUV).
 timestamp= 1619784412000 [RES] API result: 
{"pose_arr":[{"vx":3.2,"ay":0.74,"az":9.85,"ax":0.51,"pz":10.12,"vy":3.2,"px":552737.53,"py":4182887.13},{"vx":3.39,"ay":0.54,"az":9.81,"ax":0.38,"pz":10.12,"vy":3.39,"px":552735.01,"py":4182888.9},{"vx":3.01,"ay":-1.01,"az":9.81,"ax":-0.7,"pz":10.13,"vy":3.01,"px":552732.91,"py":4182890.36},{"vx":2.64,"ay":0.22,"az":9.79,"ax":0.15,"pz":10.13,"vy":2.64,"px":552730.06,"py":4182892.34},{"vx":3.04,"ay":2.74,"az":9.76,"ax":1.89,"pz":10.12,"vy":3.04,"px":552727.5,"py":4182894.11},{"vx":3.29,"ay":0.49,"az":9.82,"ax":0.33,"pz":10.12,"vy":3.29,"px":552725.02,"py":4182895.82},{"vx":3.39,"ay":1.35,"az":9.78,"ax":1.61,"pz":10.12,"vy":3.39,"px":552721.75,"py":4182897.99}],"traffic_light":[3,3,3,3,3,3],"state_arr":[{"acceleration":1.07,"throttle":26.94,"steering_target":0.33,"brake":0,"steering_rate":100,"speed":4.81},{"acceleration":0.89,"throttle":24.61,"steering_target":0.34,"brake":0,"steering_rate":100,"speed":5.62},{"acceleration":-1.03,"throttle":0,"steering_target":0.18,"brake":20.62,"steering_rate":100,"speed":5.94},{"acceleration":-0.93,"throttle":0,"steering_target":0.36,"brake":19.46,"steering_rate":100,"speed":5.22},{"acceleration":0.38,"throttle":15.7,"steering_target":0.29,"brake":0,"steering_rate":100,"speed":4.62},{"acceleration":1.22,"throttle":25.4,"steering_target":0.13,"brake":0,"steering_rate":100,"speed":4.89},{"acceleration":1.24,"throttle":18.27,"steering_target":0.12,"brake":0,"steering_rate":100,"speed":5.72},{"acceleration":1.4,"throttle":44.73,"steering_target":9.23,"brake":0,"steering_rate":100,"speed":6.02}],"obstacle_arr":[[{"acceleration":{"y":0.06,"x":-0.01,"z":0},"position":{"y":4182865.85,"x":552747.5,"z":10.53},"volume":5.43,"type":"VEHICLE","velocity":{"y":3.98,"x":-5.4,"z":0}},{"acceleration":{"y":1.62,"x":0.92,"z":0},"position":{"y":4182901.56,"x":552738.98,"z":10.51},"volume":6.13,"type":"VEHICLE","velocity":{"y":4.52,"x":2.74,"z":0}}],[{"acceleration":{"y":-0.07,"x":0.13,"z":0},"position":{"y":4182866.48,"x":552746.36,"z":10.44},"volume":6.2,"type":"VEHICLE","velocity":{"y":1.53,"x":-2.27,"z":0}},{"acceleration":{"y":0.63,"x":0.46,"z":0},"position":{"y":4182903.62,"x":552740.97,"z":10.42},"volume":7.99,"type":"VEHICLE","velocity":{"y":5.23,"x":3.15,"z":0}},{"acceleration":{"y":0.01,"x":-0.01,"z":0},"position":{"y":4182899.19,"x":552713.43,"z":10.83},"volume":1.46,"type":"VEHICLE","velocity":{"y":0.03,"x":-0.04,"z":0}},{"acceleration":{"y":0,"x":0,"z":0},"position":{"y":4182893.45,"x":552731.19,"z":10.39},"volume":10.62,"type":"VEHICLE","velocity":{"y":0,"x":0,"z":0}}],[{"acceleration":{"y":-1.53,"x":2.02,"z":0},"position":{"y":4182867.36,"x":552745.4,"z":10.44},"volume":4.41,"type":"VEHICLE","velocity":{"y":0.22,"x":-0.4,"z":0}},{"acceleration":{"y":0.15,"x":0.05,"z":0},"position":{"y":4182905.31,"x":552741.6,"z":10.62},"volume":3.74,"type":"VEHICLE","velocity":{"y":5.44,"x":3.3,"z":0}},{"acceleration":{"y":0,"x":0,"z":0},"position":{"y":4182897.1,"x":552731.68,"z":10.41},"volume":10.42,"type":"VEHICLE","velocity":{"y":0,"x":0,"z":0}}],[{"acceleration":{"y":-0.58,"x":0.88,"z":0},"position":{"y":4182868.52,"x":552743.8,"z":10.39},"volume":4.9,"type":"VEHICLE","velocity":{"y":0,"x":0,"z":0}},{"acceleration":{"y":-0.07,"x":-0.2,"z":0},"position":{"y":4182907.81,"x":552742.46,"z":10.78},"volume":1.03,"type":"VEHICLE","velocity":{"y":5.4,"x":3.18,"z":0}},{"acceleration":{"y":0,"x":0,"z":0},"position":{"y":4182900.92,"x":552733.68,"z":10.41},"volume":13.71,"type":"VEHICLE","velocity":{"y":0.11,"x":0.05,"z":0}}],[{"acceleration":{"y":-0.05,"x":0.08,"z":0},"position":{"y":4182868.97,"x":552743.16,"z":10.74},"volume":2.38,"type":"VEHICLE","velocity":{"y":0,"x":0,"z":0}},{"acceleration":{"y":-0.06,"x":-0.3,"z":0},"position":{"y":4182910.62,"x":552744.18,"z":10.54},"volume":2.11,"type":"VEHICLE","velocity":{"y":5.28,"x":2.97,"z":0}},{"acceleration":{"y":0,"x":0,"z":0},"position":{"y":4182904.69,"x":552736,"z":10.51},"volume":7.93,"type":"VEHICLE","velocity":{"y":0.32,"x":0.16,"z":0}}],[{"acceleration":{"y":0,"x":0,"z":0},"position":{"y":4182869.16,"x":552742.98,"z":10.65},"volume":2.6,"type":"VEHICLE","velocity":{"y":0,"x":0,"z":0}},{"acceleration":{"y":0.06,"x":-0.15,"z":0},"position":{"y":4182913.24,"x":552746.28,"z":10.83},"volume":2.8,"type":"VEHICLE","velocity":{"y":5.23,"x":2.78,"z":0}},{"acceleration":{"y":0,"x":0,"z":0},"position":{"y":4182907.91,"x":552739.29,"z":10.66},"volume":4.78,"type":"VEHICLE","velocity":{"y":0.55,"x":0.31,"z":0}}],[{"acceleration":{"y":0,"x":0,"z":0},"position":{"y":4182869.45,"x":552742.36,"z":11.18},"volume":0.04,"type":"VEHICLE","velocity":{"y":0,"x":0,"z":0}}]],"action_description":"NPC vehicle (SUV) driving on the current lane","ev_state":[-153.508728027344,10.1241502761841,412.738311767578,0,0,1,12,-1,359.885009765625,300.954833984375,359.773254394531,6.800265907313999],"collision_probability":0}
 timestamp= 1619784412000 [RUN] Validate G1 Guard Condition: 
The ego vehicle E Detection.Collision == True.
 timestamp= 1619784412000 [RES] Global Validate result: 
false
 timestamp= 1619784412000 [RUN] Validate G2 Guard Condition: 
The ego vehicle E Detection.OffRoad == True.
 timestamp= 1619784412000 [RES] Global Validate result: 
false
 timestamp= 1619784412000 [RUN] Validate G3 Guard Condition: 
The ego vehicle E Detection.HardBrake == True.
 timestamp= 1619784412000 [RES] Global Validate result: 
false
 timestamp= 1619784412000 [RUN] Validate G4 Guard Condition: 
The ego vehicle E Detection.ArrivalTest == True.
 timestamp= 1619784412000 [RES] Global Validate result: 
false
 timestamp= 1619784412000 [RUN] Validate step: 
The test system VALIDATES THAT the Apollo A Status.GetControl is nearly equal to {"acceleration": 1.4, "throttle": 44.73, "steering_target": 9.23, "brake": 0.0, "steering_rate": 100.0, "speed": 6.02}
 timestamp= 1619784412000 [RES] Validate result: 
true
 timestamp= 1619784412000 [RUN] Generate steps
 timestamp= 1619784412000 [RUN] Validate step: 
The test system VALIDATES THAT the simulator S Status.GetEnvironment is nearly equal to {"x": -153.51, "y": 10.12, "z": 412.74, "rain": 0.0, "fog": 0.0, "wetness": 1.0, "timeofday": 12.0, "signal": -1.0, "rx": 359.89, "ry": 300.95, "rz": 359.77, "speed": 6.8}
 timestamp= 1619784412000 [RES] Validate result: 
true
 timestamp= 1619784412000 [RUN] Execute API step: 
The environment controller C INVOKES API Control.Agents.NPCVehicle.NPCVehicleMaintainLane(which_lane=Right_Lane&which_car=Jeep).
 timestamp= 1619784416000 [RES] API result: 
{"pose_arr":[{"vx":3.41,"ay":-0.09,"az":9.86,"ax":0.66,"pz":10.12,"vy":3.41,"px":552721.34,"py":4182898.24},{"vx":3.31,"ay":-0.03,"az":9.86,"ax":0.64,"pz":10.12,"vy":3.31,"px":552715.65,"py":4182901.45},{"vx":3.21,"ay":-0.12,"az":9.84,"ax":-0.06,"pz":10.12,"vy":3.21,"px":552706.79,"py":4182906.34},{"vx":3.14,"ay":-0.52,"az":9.24,"ax":-0.29,"pz":10.12,"vy":3.14,"px":552701.03,"py":4182909.51}],"traffic_light":[3,3,3],"state_arr":[{"acceleration":1.07,"throttle":15.7,"steering_target":-3.86,"brake":0,"steering_rate":100,"speed":6.8},{"acceleration":1.74,"throttle":35.51,"steering_target":-5.09,"brake":0,"steering_rate":100,"speed":6.8},{"acceleration":-0.42,"throttle":0,"steering_target":-0.6,"brake":14.5,"steering_rate":100,"speed":6.8},{"acceleration":0.6,"throttle":15.7,"steering_target":-3.73,"brake":0,"steering_rate":100,"speed":6.8},{"acceleration":1.54,"throttle":62.86,"steering_target":-3.75,"brake":0,"steering_rate":100,"speed":6.8},{"acceleration":1.18,"throttle":15.7,"steering_target":-9.93,"brake":0,"steering_rate":100,"speed":6.8},{"acceleration":1.63,"throttle":51.39,"steering_target":-1.17,"brake":0,"steering_rate":100,"speed":6.8},{"acceleration":1.28,"throttle":29.99,"steering_target":5.26,"brake":0,"steering_rate":100,"speed":6.8}],"obstacle_arr":[[],[],[],[{"acceleration":{"y":0.02,"x":-0.04,"z":0},"position":{"y":4182909.97,"x":552714.28,"z":10.33},"volume":10.4,"type":"VEHICLE","velocity":{"y":0,"x":0,"z":0}}]],"action_description":"NPC vehicle (Jeep) driving on the right lane","ev_state":[-176.975708007813,10.1241941452026,425.707763671875,0,0,1,12,1,0.00696754362434149,298.855529785156,0.000256760104093701,6.448756105820036],"collision_probability":0}
 timestamp= 1619784416000 [RUN] Validate G1 Guard Condition: 
The ego vehicle E Detection.Collision == True.
 timestamp= 1619784416000 [RES] Global Validate result: 
false
 timestamp= 1619784416000 [RUN] Validate G2 Guard Condition: 
The ego vehicle E Detection.OffRoad == True.
 timestamp= 1619784416000 [RES] Global Validate result: 
false
 timestamp= 1619784416000 [RUN] Validate G3 Guard Condition: 
The ego vehicle E Detection.HardBrake == True.
 timestamp= 1619784416000 [RES] Global Validate result: 
false
 timestamp= 1619784416000 [RUN] Validate G4 Guard Condition: 
The ego vehicle E Detection.ArrivalTest == True.
 timestamp= 1619784416000 [RES] Global Validate result: 
false
 timestamp= 1619784416000 [RUN] Validate step: 
The test system VALIDATES THAT the Apollo A Status.GetControl is nearly equal to {"acceleration": 1.28, "throttle": 29.99, "steering_target": 5.26, "brake": 0.0, "steering_rate": 100.0, "speed": 6.8}
 timestamp= 1619784416000 [RES] Validate result: 
true
 timestamp= 1619784416000 [RUN] Generate steps
 timestamp= 1619784416000 [RUN] Validate step: 
The test system VALIDATES THAT the simulator S Status.GetEnvironment is nearly equal to {"x": -176.98, "y": 10.12, "z": 425.71, "rain": 0.0, "fog": 0.0, "wetness": 1.0, "timeofday": 12.0, "signal": 1.0, "rx": 0.01, "ry": 298.86, "rz": 0.0, "speed": 6.45}
 timestamp= 1619784416000 [RES] Validate result: 
true
 timestamp= 1619784416000 [RUN] Execute API step: 
The environment controller C INVOKES API Control.TimeOfDay(time_of_day=Noon).
 timestamp= 1619784420000 [RES] API result: 
{"pose_arr":[{"vx":3.11,"ay":-0.11,"az":9.83,"ax":-0.06,"pz":10.12,"vy":3.11,"px":552698.19,"py":4182911.08},{"vx":3.05,"ay":-0.11,"az":9.84,"ax":-0.06,"pz":10.12,"vy":3.05,"px":552692.6,"py":4182914.16},{"vx":3.02,"ay":-0.11,"az":9.81,"ax":-0.06,"pz":10.12,"vy":3.02,"px":552689.49,"py":4182915.87},{"vx":2.93,"ay":-0.1,"az":9.84,"ax":-0.06,"pz":10.12,"vy":2.93,"px":552681.75,"py":4182920.14},{"vx":2.9,"ay":-0.1,"az":9.83,"ax":-0.06,"pz":10.12,"vy":2.9,"px":552678.91,"py":4182921.7}],"traffic_light":[1,1,1],"state_arr":[{"acceleration":1.7,"throttle":35.03,"steering_target":8.22,"brake":0,"steering_rate":100,"speed":6.8},{"acceleration":2.28,"throttle":45.72,"steering_target":8.22,"brake":0,"steering_rate":100,"speed":6.8},{"acceleration":2.34,"throttle":15.7,"steering_target":13.61,"brake":0,"steering_rate":100,"speed":6.8},{"acceleration":2.45,"throttle":71.58,"steering_target":15.68,"brake":0,"steering_rate":100,"speed":6.8},{"acceleration":2.55,"throttle":61.22,"steering_target":16.76,"brake":0,"steering_rate":100,"speed":6.8},{"acceleration":2.52,"throttle":49.54,"steering_target":17.23,"brake":0,"steering_rate":100,"speed":6.8},{"acceleration":2.48,"throttle":58.92,"steering_target":16.25,"brake":0,"steering_rate":100,"speed":6.8}],"obstacle_arr":[[{"acceleration":{"y":0.01,"x":-0.01,"z":0},"position":{"y":4182909.72,"x":552715.18,"z":10.34},"volume":7.61,"type":"VEHICLE","velocity":{"y":0,"x":0,"z":0}}]],"action_description":"Noon","ev_state":[-198.68701171875,10.1242818832397,437.670959472656,0,0,1,14,1,0.00648229150101542,298.855560302734,0.000214203158975579,5.9553654931435815],"collision_probability":0}
 timestamp= 1619784420000 [RUN] Validate G1 Guard Condition: 
The ego vehicle E Detection.Collision == True.
 timestamp= 1619784420000 [RES] Global Validate result: 
false
 timestamp= 1619784420000 [RUN] Validate G2 Guard Condition: 
The ego vehicle E Detection.OffRoad == True.
 timestamp= 1619784420000 [RES] Global Validate result: 
false
 timestamp= 1619784420000 [RUN] Validate G3 Guard Condition: 
The ego vehicle E Detection.HardBrake == True.
 timestamp= 1619784420000 [RES] Global Validate result: 
false
 timestamp= 1619784420000 [RUN] Validate G4 Guard Condition: 
The ego vehicle E Detection.ArrivalTest == True.
 timestamp= 1619784420000 [RES] Global Validate result: 
false
 timestamp= 1619784420000 [RUN] Validate step: 
The test system VALIDATES THAT the Apollo A Status.GetControl is nearly equal to {"acceleration": 2.48, "throttle": 58.92, "steering_target": 16.25, "brake": 0.0, "steering_rate": 100.0, "speed": 6.8}
 timestamp= 1619784420000 [RES] Validate result: 
true
 timestamp= 1619784420000 [RUN] Generate steps
 timestamp= 1619784420000 [RUN] Validate step: 
The test system VALIDATES THAT the simulator S Status.GetEnvironment is nearly equal to {"x": -198.69, "y": 10.12, "z": 437.67, "rain": 0.0, "fog": 0.0, "wetness": 1.0, "timeofday": 14.0, "signal": 1.0, "rx": 0.01, "ry": 298.86, "rz": 0.0, "speed": 5.96}
 timestamp= 1619784420000 [RES] Validate result: 
true
 timestamp= 1619784420000 [RUN] Execute API step: 
The environment controller C INVOKES API Control.Weather.Wetness(wetness_level=Light).
 timestamp= 1619784423000 [RES] API result: 
{"pose_arr":[{"vx":2.82,"ay":-0.1,"az":9.84,"ax":-0.06,"pz":10.12,"vy":2.82,"px":552671.31,"py":4182925.89},{"vx":2.79,"ay":-0.1,"az":9.82,"ax":-0.05,"pz":10.12,"vy":2.79,"px":552668.7,"py":4182927.33},{"vx":2.73,"ay":-0.1,"az":9.84,"ax":-0.05,"pz":10.12,"vy":2.73,"px":552663.76,"py":4182930.05},{"vx":2.71,"ay":-0.25,"az":9.6,"ax":-0.14,"pz":10.12,"vy":2.71,"px":552661.19,"py":4182931.46}],"traffic_light":[1,3],"state_arr":[{"acceleration":2.45,"throttle":73.39,"steering_target":14.93,"brake":0,"steering_rate":100,"speed":6.8},{"acceleration":2.42,"throttle":49.38,"steering_target":14.93,"brake":0,"steering_rate":100,"speed":6.8},{"acceleration":0.21,"throttle":15.7,"steering_target":-3.55,"brake":0,"steering_rate":100,"speed":6.8},{"acceleration":0.03,"throttle":15.7,"steering_target":-6.05,"brake":0,"steering_rate":100,"speed":6.8},{"acceleration":0.53,"throttle":17.95,"steering_target":-6.05,"brake":0,"steering_rate":100,"speed":6.8},{"acceleration":-0.47,"throttle":0,"steering_target":-16.88,"brake":14.5,"steering_rate":100,"speed":6.8},{"acceleration":-0.57,"throttle":0,"steering_target":-17.67,"brake":14.99,"steering_rate":100,"speed":6.8}],"obstacle_arr":[[],[],[]],"action_description":"Light wetness","ev_state":[-218.741958618164,10.1243600845337,448.721496582031,0,0,0.200000002980232,14,1,0.00602871319279075,298.855560302734,0.000175741020939313,5.502972312260722],"collision_probability":0}
 timestamp= 1619784423000 [RUN] Validate G1 Guard Condition: 
The ego vehicle E Detection.Collision == True.
 timestamp= 1619784423000 [RES] Global Validate result: 
false
 timestamp= 1619784423000 [RUN] Validate G2 Guard Condition: 
The ego vehicle E Detection.OffRoad == True.
 timestamp= 1619784423000 [RES] Global Validate result: 
false
 timestamp= 1619784423000 [RUN] Validate G3 Guard Condition: 
The ego vehicle E Detection.HardBrake == True.
 timestamp= 1619784423000 [RES] Global Validate result: 
false
 timestamp= 1619784423000 [RUN] Validate G4 Guard Condition: 
The ego vehicle E Detection.ArrivalTest == True.
 timestamp= 1619784424000 [RES] Global Validate result: 
false
 timestamp= 1619784424000 [RUN] Validate step: 
The test system VALIDATES THAT the Apollo A Status.GetControl is nearly equal to {"acceleration": -0.57, "throttle": 0.0, "steering_target": -17.67, "brake": 14.99, "steering_rate": 100.0, "speed": 6.8}
 timestamp= 1619784424000 [RES] Validate result: 
true
 timestamp= 1619784424000 [RUN] Generate steps
 timestamp= 1619784424000 [RUN] Validate step: 
The test system VALIDATES THAT the simulator S Status.GetEnvironment is nearly equal to {"x": -218.74, "y": 10.12, "z": 448.72, "rain": 0.0, "fog": 0.0, "wetness": 0.2, "timeofday": 14.0, "signal": 1.0, "rx": 0.01, "ry": 298.86, "rz": 0.0, "speed": 5.5}
 timestamp= 1619784424000 [RES] Validate result: 
true
 timestamp= 1619784424000 [RUN] Execute API step: 
The environment controller C INVOKES API Control.Weather.Wetness(wetness_level=Light).
 timestamp= 1619784427000 [RES] API result: 
{"pose_arr":[{"vx":2.66,"ay":-0.25,"az":9.6,"ax":-0.14,"pz":10.12,"vy":2.66,"px":552656.42,"py":4182934.09},{"vx":2.58,"ay":-0.16,"az":9.72,"ax":-0.09,"pz":10.12,"vy":2.58,"px":552649.3,"py":4182938.02},{"vx":2.53,"ay":-0.13,"az":9.76,"ax":-0.07,"pz":10.12,"vy":2.53,"px":552644.66,"py":4182940.57},{"vx":2.5,"ay":-0.09,"az":9.81,"ax":-0.05,"pz":10.12,"vy":2.5,"px":552642.22,"py":4182941.92}],"traffic_light":[1,3,3],"state_arr":[{"acceleration":-0.39,"throttle":0,"steering_target":-17.66,"brake":14.5,"steering_rate":100,"speed":6.8},{"acceleration":-1.19,"throttle":0,"steering_target":-28.32,"brake":21.76,"steering_rate":100,"speed":6.8},{"acceleration":-1.35,"throttle":0,"steering_target":-28.32,"brake":23.28,"steering_rate":100,"speed":6.8},{"acceleration":-1.14,"throttle":0,"steering_target":-1.51,"brake":21.29,"steering_rate":100,"speed":6.8},{"acceleration":-2.35,"throttle":0,"steering_target":-11.56,"brake":33.13,"steering_rate":100,"speed":6.8},{"acceleration":-1.94,"throttle":0,"steering_target":-16.47,"brake":29.05,"steering_rate":100,"speed":6.8},{"acceleration":-3.6,"throttle":0,"steering_target":-26.51,"brake":44,"steering_rate":100,"speed":6.8},{"acceleration":-4.11,"throttle":0,"steering_target":-27.21,"brake":48.65,"steering_rate":100,"speed":6.8}],"obstacle_arr":[[{"acceleration":{"y":0.01,"x":-0.03,"z":0},"position":{"y":4182924.88,"x":552678.59,"z":10.94},"volume":0.88,"type":"VEHICLE","velocity":{"y":0,"x":0,"z":0}}],[],[]],"action_description":"Light wetness","ev_state":[-237.285552978516,10.1244277954102,458.939544677734,0,0,0.200000002980232,14,1,0.00560216885060072,298.855560302734,0.000166675730724819,5.090486266356664],"collision_probability":0}
 timestamp= 1619784427000 [RUN] Validate G1 Guard Condition: 
The ego vehicle E Detection.Collision == True.
 timestamp= 1619784427000 [RES] Global Validate result: 
false
 timestamp= 1619784427000 [RUN] Validate G2 Guard Condition: 
The ego vehicle E Detection.OffRoad == True.
 timestamp= 1619784427000 [RES] Global Validate result: 
false
 timestamp= 1619784427000 [RUN] Validate G3 Guard Condition: 
The ego vehicle E Detection.HardBrake == True.
 timestamp= 1619784427000 [RES] Global Validate result: 
false
 timestamp= 1619784427000 [RUN] Validate G4 Guard Condition: 
The ego vehicle E Detection.ArrivalTest == True.
 timestamp= 1619784427000 [RES] Global Validate result: 
false
 timestamp= 1619784427000 [RUN] Validate step: 
The test system VALIDATES THAT the Apollo A Status.GetControl is nearly equal to {"acceleration": -4.11, "throttle": 0.0, "steering_target": -27.21, "brake": 48.65, "steering_rate": 100.0, "speed": 6.8}
 timestamp= 1619784427000 [RES] Validate result: 
true
 timestamp= 1619784427000 [RUN] Generate steps
 timestamp= 1619784427000 [RUN] Validate step: 
The test system VALIDATES THAT the simulator S Status.GetEnvironment is nearly equal to {"x": -237.29, "y": 10.12, "z": 458.94, "rain": 0.0, "fog": 0.0, "wetness": 0.2, "timeofday": 14.0, "signal": 1.0, "rx": 0.01, "ry": 298.86, "rz": 0.0, "speed": 5.09}
 timestamp= 1619784427000 [RES] Validate result: 
true
 timestamp= 1619784427000 [RUN] Execute API step: 
The environment controller C INVOKES API Control.Agents.NPCVehicle.NPCVehicleMaintainLane(which_lane=Left_Lane&which_car=SUV).
 timestamp= 1619784431000 [RES] API result: 
{"pose_arr":[{"vx":2.46,"ay":0,"az":9.81,"ax":0,"pz":10.12,"vy":2.46,"px":552637.88,"py":4182944.31},{"vx":2.41,"ay":-0.31,"az":9.52,"ax":-0.17,"pz":10.12,"vy":2.41,"px":552633.4,"py":4182946.78},{"vx":-0.01,"ay":0.02,"az":9.76,"ax":0.05,"pz":10.12,"vy":-0.01,"px":552632.13,"py":4182947.51},{"vx":0,"ay":0.01,"az":9.81,"ax":0,"pz":10.12,"vy":0,"px":552632.14,"py":4182947.51},{"vx":0,"ay":0,"az":9.81,"ax":0,"pz":10.12,"vy":0,"px":552632.14,"py":4182947.51}],"traffic_light":[1,0],"state_arr":[{"acceleration":-4.13,"throttle":0,"steering_target":-45.16,"brake":48.77,"steering_rate":100,"speed":6.8},{"acceleration":-1.56,"throttle":0,"steering_target":-8.89,"brake":25.24,"steering_rate":100,"speed":6.8},{"acceleration":-4.43,"throttle":0,"steering_target":-58.05,"brake":51.23,"steering_rate":100,"speed":6.8},{"acceleration":-3,"throttle":0,"steering_target":0,"brake":38.73,"steering_rate":100,"speed":6.8},{"acceleration":-3,"throttle":0,"steering_target":-1.72,"brake":38.73,"steering_rate":100,"speed":6.8},{"acceleration":-3,"throttle":0,"steering_target":-1.76,"brake":38.73,"steering_rate":100,"speed":6.8},{"acceleration":-2.3,"throttle":0,"steering_target":0,"brake":32.65,"steering_rate":100,"speed":6.8},{"acceleration":-2.3,"throttle":0,"steering_target":0,"brake":32.65,"steering_rate":100,"speed":6.8}],"obstacle_arr":[[],[{"acceleration":{"y":0,"x":-0.01,"z":0},"position":{"y":4182954.33,"x":552633.04,"z":10.4},"volume":10.19,"type":"VEHICLE","velocity":{"y":0,"x":0,"z":0}},{"acceleration":{"y":0,"x":-0.01,"z":0},"position":{"y":4182948.59,"x":552628.38,"z":10.33},"volume":7.29,"type":"VEHICLE","velocity":{"y":0,"x":0,"z":0}}],[{"acceleration":{"y":0,"x":-0.01,"z":0},"position":{"y":4182955.06,"x":552631.72,"z":10.39},"volume":9.94,"type":"VEHICLE","velocity":{"y":0,"x":0,"z":0}},{"acceleration":{"y":0,"x":-0.01,"z":0},"position":{"y":4182949.27,"x":552627.12,"z":10.37},"volume":7.13,"type":"VEHICLE","velocity":{"y":0,"x":0,"z":0}},{"acceleration":{"y":0.05,"x":-0.04,"z":0},"position":{"y":4182943.42,"x":552629.68,"z":10.13},"volume":16.23,"type":"VEHICLE","velocity":{"y":-0.12,"x":0.11,"z":0}}],[{"acceleration":{"y":0,"x":0,"z":0},"position":{"y":4182955.06,"x":552631.72,"z":10.39},"volume":9.9,"type":"VEHICLE","velocity":{"y":0,"x":0,"z":0}},{"acceleration":{"y":0,"x":0,"z":0},"position":{"y":4182949.27,"x":552627.12,"z":10.37},"volume":7.22,"type":"VEHICLE","velocity":{"y":0,"x":0,"z":0}},{"acceleration":{"y":0.02,"x":-0.02,"z":0},"position":{"y":4182943.73,"x":552629.49,"z":10.13},"volume":16.07,"type":"VEHICLE","velocity":{"y":-0.11,"x":0.09,"z":0}}]],"action_description":"NPC vehicle (SUV) driving on the left lane","ev_state":[-243.035980224609,10.1248044967651,462.127777099609,0,0,0.200000002980232,14,0,-0.00000226157749239064,298.265563964844,1.08446215563163e-7,0.00008946318695643066],"collision_probability":1}
 timestamp= 1619784431000 [RUN] Validate G1 Guard Condition: 
The ego vehicle E Detection.Collision == True.
 timestamp= 1619784431000 [RES] Global Validate result: 
true
 timestamp= 1619784431000 [RUN] Collision == True
 timestamp= 1619784431000 [RUN] Validate G2 Guard Condition: 
The ego vehicle E Detection.OffRoad == True.
 timestamp= 1619784431000 [RES] Global Validate result: 
false
 timestamp= 1619784431000 [RUN] Validate G3 Guard Condition: 
The ego vehicle E Detection.HardBrake == True.
 timestamp= 1619784431000 [RES] Global Validate result: 
true
 timestamp= 1619784431000 [RUN] HardBrake == True
 timestamp= 1619784431000 [RUN] RESUME STEP @preStep
 timestamp= 1619784431000 [RUN] Resume step basicflow34
 timestamp= 1619784431000 [RUN] Validate G4 Guard Condition: 
The ego vehicle E Detection.ArrivalTest == True.
 timestamp= 1619784431000 [RES] Global Validate result: 
true
 timestamp= 1619784431000 [RUN] ArrivalTest == True
 timestamp= 1619784431000 [RUN] The simulator S INVOKES API Command.Simulation.Stop() to stop simulation.
 timestamp= 1619784431000 [WARNING] The test system Stop the Simulator S!
 timestamp= 1619784431000 [RES] Basic PostCondition Validate result: 
true
 timestamp= 1619784431000 [STOP] numberOfStep: 37 basicFlow: 
[{"name":"","description":"","eClass":"Sentence","content":"The test system VALIDATES THAT the simulator S Status.GetEnvironment is nearly equal to {\"x\": -13.2, \"y\": 10.12, \"z\": 309.06, \"rain\": 0.0, \"fog\": 0.0, \"wetness\": 0.0, \"timeofday\": 12.0, \"signal\": -1.0, \"rx\": 359.94, \"ry\": 307.26, \"rz\": -0.0, \"speed\": 4.37}","natures":[]},{"name":"","description":"","eClass":"Sentence","content":"The environment controller C INVOKES API Control.Weather.Rain(rain_level=Heavy).","natures":[]},{"name":"","description":"","eClass":"Sentence","content":"The test system VALIDATES THAT the Apollo A Status.GetControl is nearly equal to {\"acceleration\": 0.8, \"throttle\": 15.7, \"steering_target\": 0.0, \"brake\": 0.0, \"steering_rate\": 100.0, \"speed\": 6.96}","natures":[]},{"name":"","description":"","eClass":"Sentence","content":"The test system VALIDATES THAT the simulator S Status.GetEnvironment is nearly equal to {\"x\": -31.98, \"y\": 10.12, \"z\": 323.22, \"rain\": 1.0, \"fog\": 0.0, \"wetness\": 1.0, \"timeofday\": 12.0, \"signal\": 1.0, \"rx\": 359.98, \"ry\": 306.92, \"rz\": 0.0, \"speed\": 7.08}","natures":[]},{"name":"","description":"","eClass":"Sentence","content":"The environment controller C INVOKES API Control.Weather.Rain(rain_level=Light).","natures":[]},{"name":"","description":"","eClass":"Sentence","content":"The test system VALIDATES THAT the Apollo A Status.GetControl is nearly equal to {\"acceleration\": 0.16, \"throttle\": 15.7, \"steering_target\": -0.02, \"brake\": 0.0, \"steering_rate\": 100.0, \"speed\": 8.32}","natures":[]},{"name":"","description":"","eClass":"Sentence","content":"The test system VALIDATES THAT the simulator S Status.GetEnvironment is nearly equal to {\"x\": -57.19, \"y\": 10.12, \"z\": 342.29, \"rain\": 0.2, \"fog\": 0.0, \"wetness\": 0.2, \"timeofday\": 12.0, \"signal\": 0.0, \"rx\": 359.98, \"ry\": 307.28, \"rz\": 0.0, \"speed\": 8.4}","natures":[]},{"name":"","description":"","eClass":"Sentence","content":"The environment controller C INVOKES API Control.Agents.NPCVehicle.NPCVehicleMaintainLane(which_lane=Left_Lane&which_car=Hatchback).","natures":[]},{"name":"","description":"","eClass":"Sentence","content":"The test system VALIDATES THAT the Apollo A Status.GetControl is nearly equal to {\"acceleration\": 0.19, \"throttle\": 15.7, \"steering_target\": 0.13, \"brake\": 0.0, \"steering_rate\": 100.0, \"speed\": 8.35}","natures":[]},{"name":"","description":"","eClass":"Sentence","content":"The test system VALIDATES THAT the simulator S Status.GetEnvironment is nearly equal to {\"x\": -84.11, \"y\": 10.12, \"z\": 362.7, \"rain\": 0.2, \"fog\": 0.0, \"wetness\": 0.2, \"timeofday\": 12.0, \"signal\": -1.0, \"rx\": 359.98, \"ry\": 306.84, \"rz\": 359.99, \"speed\": 8.45}","natures":[]},{"name":"","description":"","eClass":"Sentence","content":"The environment controller C INVOKES API Control.Agents.NPCVehicle.NPCVehicleSwitchLane(which_lane=Left_Lane&which_car=SUV).","natures":[]},{"name":"","description":"","eClass":"Sentence","content":"The test system VALIDATES THAT the Apollo A Status.GetControl is nearly equal to {\"acceleration\": -1.56, \"throttle\": 0.0, \"steering_target\": 0.24, \"brake\": 25.18, \"steering_rate\": 100.0, \"speed\": 7.25}","natures":[]},{"name":"","description":"","eClass":"Sentence","content":"The test system VALIDATES THAT the simulator S Status.GetEnvironment is nearly equal to {\"x\": -110.28, \"y\": 10.12, \"z\": 382.21, \"rain\": 0.2, \"fog\": 0.0, \"wetness\": 0.2, \"timeofday\": 12.0, \"signal\": 1.0, \"rx\": 0.06, \"ry\": 306.39, \"rz\": 359.98, \"speed\": 7.18}","natures":[]},{"name":"","description":"","eClass":"Sentence","content":"The environment controller C INVOKES API Control.Weather.Wetness(wetness_level=Heavy).","natures":[]},{"name":"","description":"","eClass":"Sentence","content":"The test system VALIDATES THAT the Apollo A Status.GetControl is nearly equal to {\"acceleration\": -0.21, \"throttle\": 0.0, \"steering_target\": 0.41, \"brake\": 14.5, \"steering_rate\": 100.0, \"speed\": 2.41}","natures":[]},{"name":"","description":"","eClass":"Sentence","content":"The test system VALIDATES THAT the simulator S Status.GetEnvironment is nearly equal to {\"x\": -125.06, \"y\": 10.12, \"z\": 393.01, \"rain\": 0.0, \"fog\": 0.0, \"wetness\": 1.0, \"timeofday\": 12.0, \"signal\": 1.0, \"rx\": 0.04, \"ry\": 305.86, \"rz\": -0.0, \"speed\": 2.41}","natures":[]},{"name":"","description":"","eClass":"Sentence","content":"The environment controller C INVOKES API Control.Agents.NPCVehicle.NPCVehicleSwitchLane(which_lane=Current_Lane&which_car=SUV).","natures":[]},{"name":"","description":"","eClass":"Sentence","content":"The test system VALIDATES THAT the Apollo A Status.GetControl is nearly equal to {\"acceleration\": 0.65, \"throttle\": 21.68, \"steering_target\": 0.33, \"brake\": 0.0, \"steering_rate\": 100.0, \"speed\": 4.38}","natures":[]},{"name":"","description":"","eClass":"Sentence","content":"The test system VALIDATES THAT the simulator S Status.GetEnvironment is nearly equal to {\"x\": -135.62, \"y\": 10.12, \"z\": 400.52, \"rain\": 0.0, \"fog\": 0.0, \"wetness\": 1.0, \"timeofday\": 12.0, \"signal\": 0.0, \"rx\": 359.87, \"ry\": 305.17, \"rz\": -0.0, \"speed\": 4.5}","natures":[]},{"name":"","description":"","eClass":"Sentence","content":"The environment controller C INVOKES API Control.Agents.NPCVehicle.NPCVehicleMaintainLane(which_lane=Current_Lane&which_car=SUV).","natures":[]},{"name":"","description":"","eClass":"Sentence","content":"The test system VALIDATES THAT the Apollo A Status.GetControl is nearly equal to {\"acceleration\": 1.4, \"throttle\": 44.73, \"steering_target\": 9.23, \"brake\": 0.0, \"steering_rate\": 100.0, \"speed\": 6.02}","natures":[]},{"name":"","description":"","eClass":"Sentence","content":"The test system VALIDATES THAT the simulator S Status.GetEnvironment is nearly equal to {\"x\": -153.51, \"y\": 10.12, \"z\": 412.74, \"rain\": 0.0, \"fog\": 0.0, \"wetness\": 1.0, \"timeofday\": 12.0, \"signal\": -1.0, \"rx\": 359.89, \"ry\": 300.95, \"rz\": 359.77, \"speed\": 6.8}","natures":[]},{"name":"","description":"","eClass":"Sentence","content":"The environment controller C INVOKES API Control.Agents.NPCVehicle.NPCVehicleMaintainLane(which_lane=Right_Lane&which_car=Jeep).","natures":[]},{"name":"","description":"","eClass":"Sentence","content":"The test system VALIDATES THAT the Apollo A Status.GetControl is nearly equal to {\"acceleration\": 1.28, \"throttle\": 29.99, \"steering_target\": 5.26, \"brake\": 0.0, \"steering_rate\": 100.0, \"speed\": 6.8}","natures":[]},{"name":"","description":"","eClass":"Sentence","content":"The test system VALIDATES THAT the simulator S Status.GetEnvironment is nearly equal to {\"x\": -176.98, \"y\": 10.12, \"z\": 425.71, \"rain\": 0.0, \"fog\": 0.0, \"wetness\": 1.0, \"timeofday\": 12.0, \"signal\": 1.0, \"rx\": 0.01, \"ry\": 298.86, \"rz\": 0.0, \"speed\": 6.45}","natures":[]},{"name":"","description":"","eClass":"Sentence","content":"The environment controller C INVOKES API Control.TimeOfDay(time_of_day=Noon).","natures":[]},{"name":"","description":"","eClass":"Sentence","content":"The test system VALIDATES THAT the Apollo A Status.GetControl is nearly equal to {\"acceleration\": 2.48, \"throttle\": 58.92, \"steering_target\": 16.25, \"brake\": 0.0, \"steering_rate\": 100.0, \"speed\": 6.8}","natures":[]},{"name":"","description":"","eClass":"Sentence","content":"The test system VALIDATES THAT the simulator S Status.GetEnvironment is nearly equal to {\"x\": -198.69, \"y\": 10.12, \"z\": 437.67, \"rain\": 0.0, \"fog\": 0.0, \"wetness\": 1.0, \"timeofday\": 14.0, \"signal\": 1.0, \"rx\": 0.01, \"ry\": 298.86, \"rz\": 0.0, \"speed\": 5.96}","natures":[]},{"name":"","description":"","eClass":"Sentence","content":"The environment controller C INVOKES API Control.Weather.Wetness(wetness_level=Light).","natures":[]},{"name":"","description":"","eClass":"Sentence","content":"The test system VALIDATES THAT the Apollo A Status.GetControl is nearly equal to {\"acceleration\": -0.57, \"throttle\": 0.0, \"steering_target\": -17.67, \"brake\": 14.99, \"steering_rate\": 100.0, \"speed\": 6.8}","natures":[]},{"name":"","description":"","eClass":"Sentence","content":"The test system VALIDATES THAT the simulator S Status.GetEnvironment is nearly equal to {\"x\": -218.74, \"y\": 10.12, \"z\": 448.72, \"rain\": 0.0, \"fog\": 0.0, \"wetness\": 0.2, \"timeofday\": 14.0, \"signal\": 1.0, \"rx\": 0.01, \"ry\": 298.86, \"rz\": 0.0, \"speed\": 5.5}","natures":[]},{"name":"","description":"","eClass":"Sentence","content":"The environment controller C INVOKES API Control.Weather.Wetness(wetness_level=Light).","natures":[]},{"name":"","description":"","eClass":"Sentence","content":"The test system VALIDATES THAT the Apollo A Status.GetControl is nearly equal to {\"acceleration\": -4.11, \"throttle\": 0.0, \"steering_target\": -27.21, \"brake\": 48.65, \"steering_rate\": 100.0, \"speed\": 6.8}","natures":[]},{"name":"","description":"","eClass":"Sentence","content":"The test system VALIDATES THAT the simulator S Status.GetEnvironment is nearly equal to {\"x\": -237.29, \"y\": 10.12, \"z\": 458.94, \"rain\": 0.0, \"fog\": 0.0, \"wetness\": 0.2, \"timeofday\": 14.0, \"signal\": 1.0, \"rx\": 0.01, \"ry\": 298.86, \"rz\": 0.0, \"speed\": 5.09}","natures":[]},{"name":"","description":"","eClass":"Sentence","content":"The environment controller C INVOKES API Control.Agents.NPCVehicle.NPCVehicleMaintainLane(which_lane=Left_Lane&which_car=SUV).","natures":[]},{"name":"","description":"","eClass":"Sentence","content":"The test system VALIDATES THAT the Apollo A Status.GetControl is nearly equal to {\"acceleration\": -2.3, \"throttle\": 0.0, \"steering_target\": 0.0, \"brake\": 32.65, \"steering_rate\": 100.0, \"speed\": 6.8}","natures":[]},{"name":"","description":"","eClass":"Sentence","content":"","natures":[]}]
