 timestamp= 1619794456000 [START] Now Run TCS Maintain Lane On Road1 Mode: dynamic Roadnum: 4 Second: 4
 timestamp= 1619794456000 [SUCCESS] TCS Check Success 
 timestamp= 1619794458000 [RUN] Run BasicFlow
 timestamp= 1619794458000 [RUN] Generate steps
 timestamp= 1619794458000 [RUN] Validate step: 
The test system VALIDATES THAT the simulator S Status.GetEnvironment is nearly equal to {"x": -440.79, "y": 10.12, "z": 214.07, "rain": 0.0, "fog": 0.0, "wetness": 0.0, "timeofday": 12.0, "signal": 1.0, "rx": 359.96, "ry": 210.07, "rz": 0.0, "speed": 3.47}
 timestamp= 1619794458000 [RES] Validate result: 
true
 timestamp= 1619794458000 [RUN] Execute API step: 
The environment controller C INVOKES API Control.Agents.NPCVehicle.NPCVehicleMaintainLane(which_lane=Current_Lane&which_car=BoxTruck).
 timestamp= 1619794462000 [RES] API result: 
{"pose_arr":[{"vx":-3,"ay":0.11,"az":9.82,"ax":-0.25,"pz":10.12,"vy":-3,"px":552433.87,"py":4182701.25},{"vx":-3.12,"ay":0.07,"az":9.83,"ax":-0.27,"pz":10.12,"vy":-3.12,"px":552432.96,"py":4182699.68},{"vx":-2.84,"ay":-0.65,"az":9.82,"ax":1.05,"pz":10.13,"vy":-2.84,"px":552431.52,"py":4182697.2},{"vx":-2.41,"ay":-0.24,"az":9.8,"ax":0.43,"pz":10.13,"vy":-2.41,"px":552430.56,"py":4182695.52},{"vx":-2.64,"ay":-0.17,"az":9.81,"ax":-0.4,"pz":10.12,"vy":-2.64,"px":552429.76,"py":4182694.09},{"vx":-2.93,"ay":0.08,"az":9.81,"ax":-0.26,"pz":10.12,"vy":-2.93,"px":552428.73,"py":4182692.14},{"vx":-3.02,"ay":-0.18,"az":9.81,"ax":0.48,"pz":10.13,"vy":-3.02,"px":552427.74,"py":4182689.89}],"traffic_light":[3,0,1,0,0,0],"state_arr":[{"acceleration":0.46,"throttle":15.7,"steering_target":-0.06,"brake":0,"steering_rate":100,"speed":3.45},{"acceleration":0.32,"throttle":15.7,"steering_target":0.45,"brake":0,"steering_rate":100,"speed":3.61},{"acceleration":-1.7,"throttle":0,"steering_target":-0.01,"brake":27.75,"steering_rate":100,"speed":3.37},{"acceleration":0.42,"throttle":17.39,"steering_target":3.52,"brake":0,"steering_rate":100,"speed":2.76},{"acceleration":0.37,"throttle":16.57,"steering_target":6.62,"brake":0,"steering_rate":100,"speed":2.94},{"acceleration":-0.08,"throttle":0,"steering_target":14.41,"brake":14.5,"steering_rate":100,"speed":3.2},{"acceleration":-0.18,"throttle":0,"steering_target":20.75,"brake":14.5,"steering_rate":100,"speed":3.17}],"obstacle_arr":[[],[{"acceleration":{"y":0,"x":0,"z":0},"position":{"y":4182692.48,"x":552428.28,"z":10.37},"volume":80.8,"type":"VEHICLE","velocity":{"y":0,"x":0,"z":0}}],[{"acceleration":{"y":0,"x":0,"z":0},"position":{"y":4182690.73,"x":552416.59,"z":10.38},"volume":226.28,"type":"VEHICLE","velocity":{"y":0,"x":0,"z":0}},{"acceleration":{"y":0,"x":0,"z":0},"position":{"y":4182692.15,"x":552407.89,"z":10.87},"volume":0.43,"type":"VEHICLE","velocity":{"y":0,"x":0,"z":0}}],[{"acceleration":{"y":0,"x":0,"z":0},"position":{"y":4182692.01,"x":552407.86,"z":10.54},"volume":2.51,"type":"VEHICLE","velocity":{"y":0,"x":0,"z":0}},{"acceleration":{"y":0,"x":-0.01,"z":0},"position":{"y":4182688.76,"x":552411.5,"z":10.45},"volume":95.88,"type":"VEHICLE","velocity":{"y":-0.03,"x":-0.14,"z":0}}],[{"acceleration":{"y":0,"x":0,"z":0},"position":{"y":4182688.02,"x":552402.05,"z":10.67},"volume":5.95,"type":"VEHICLE","velocity":{"y":-0.05,"x":-0.53,"z":0}}],[{"acceleration":{"y":0,"x":-0.03,"z":0},"position":{"y":4182688.51,"x":552381.51,"z":10.83},"volume":61.95,"type":"VEHICLE","velocity":{"y":-0.05,"x":-1.01,"z":0}}],[]],"action_description":"NPC vehicle (BoxTruck) driving on the current lane","ev_state":[-446.722808837891,10.124680519104,202.60888671875,0,0,0,12,1,0.0280843041837215,200.849166870117,359.880004882813,3.1693788279075026],"collision_probability":0}
 timestamp= 1619794462000 [RUN] Validate G1 Guard Condition: 
The ego vehicle E Detection.Collision == True.
 timestamp= 1619794462000 [RES] Global Validate result: 
false
 timestamp= 1619794462000 [RUN] Validate G2 Guard Condition: 
The ego vehicle E Detection.OffRoad == True.
 timestamp= 1619794462000 [RES] Global Validate result: 
false
 timestamp= 1619794462000 [RUN] Validate G3 Guard Condition: 
The ego vehicle E Detection.HardBrake == True.
 timestamp= 1619794462000 [RES] Global Validate result: 
false
 timestamp= 1619794462000 [RUN] Validate G4 Guard Condition: 
The ego vehicle E Detection.ArrivalTest == True.
 timestamp= 1619794462000 [RES] Global Validate result: 
false
 timestamp= 1619794462000 [RUN] Validate step: 
The test system VALIDATES THAT the Apollo A Status.GetControl is nearly equal to {"acceleration": -0.18, "throttle": 0.0, "steering_target": 20.75, "brake": 14.5, "steering_rate": 100.0, "speed": 3.17}
 timestamp= 1619794462000 [RES] Validate result: 
true
 timestamp= 1619794462000 [RUN] Generate steps
 timestamp= 1619794462000 [RUN] Validate step: 
The test system VALIDATES THAT the simulator S Status.GetEnvironment is nearly equal to {"x": -446.72, "y": 10.12, "z": 202.61, "rain": 0.0, "fog": 0.0, "wetness": 0.0, "timeofday": 12.0, "signal": 1.0, "rx": 0.03, "ry": 200.85, "rz": 359.88, "speed": 3.17}
 timestamp= 1619794462000 [RES] Validate result: 
true
 timestamp= 1619794462000 [RUN] Execute API step: 
The environment controller C INVOKES API Control.Agents.NPCVehicle.NPCVehicleSwitchLane(which_lane=Current_Lane&which_car=Jeep).
 timestamp= 1619794465000 [RES] API result: 
{"pose_arr":[{"vx":-3.2,"ay":0.07,"az":9.81,"ax":-0.26,"pz":10.12,"vy":-3.2,"px":552427.29,"py":4182688.53},{"vx":-3.05,"ay":-0.01,"az":9.8,"ax":-0.26,"pz":10.13,"vy":-3.05,"px":552426.82,"py":4182686.31},{"vx":-2.79,"ay":0.17,"az":9.81,"ax":0.58,"pz":10.13,"vy":-2.79,"px":552426.76,"py":4182683.87},{"vx":-2.66,"ay":-1.27,"az":9.8,"ax":-0.2,"pz":10.12,"vy":-2.66,"px":552427.12,"py":4182682.44},{"vx":-2.14,"ay":1.09,"az":9.83,"ax":-0.7,"pz":10.12,"vy":-2.14,"px":552428.23,"py":4182680.47},{"vx":-1.37,"ay":-0.18,"az":9.81,"ax":-0.11,"pz":10.12,"vy":-1.37,"px":552430.08,"py":4182678.79}],"traffic_light":[0,0,0,0,0,0],"state_arr":[{"acceleration":0.14,"throttle":15.7,"steering_target":28.61,"brake":0,"steering_rate":100,"speed":3.21},{"acceleration":0.08,"throttle":15.7,"steering_target":28.86,"brake":0,"steering_rate":100,"speed":3.03},{"acceleration":-0.07,"throttle":0,"steering_target":56.62,"brake":14.5,"steering_rate":100,"speed":3.21},{"acceleration":0.05,"throttle":38.93,"steering_target":65.67,"brake":0,"steering_rate":100,"speed":3.01},{"acceleration":-0.28,"throttle":0,"steering_target":63.18,"brake":14.5,"steering_rate":100,"speed":3.36},{"acceleration":-0.06,"throttle":0,"steering_target":49.81,"brake":14.5,"steering_rate":100,"speed":3.15},{"acceleration":0.58,"throttle":20.46,"steering_target":30.98,"brake":0,"steering_rate":100,"speed":3.25}],"obstacle_arr":[[],[],[{"acceleration":{"y":0,"x":0.01,"z":0},"position":{"y":4182666.94,"x":552441.16,"z":10.71},"volume":2.51,"type":"VEHICLE","velocity":{"y":0,"x":0,"z":0}}],[],[],[]],"action_description":"NPC vehicle (Jeep) switching lane (current to right)","ev_state":[-442.758697509766,10.1246852874756,192.018463134766,0,0,0,12,0,0.00566416140645742,123.324363708496,359.692962646484,3.249162739051421],"collision_probability":0}
 timestamp= 1619794465000 [RUN] Validate G1 Guard Condition: 
The ego vehicle E Detection.Collision == True.
 timestamp= 1619794465000 [RES] Global Validate result: 
false
 timestamp= 1619794465000 [RUN] Validate G2 Guard Condition: 
The ego vehicle E Detection.OffRoad == True.
 timestamp= 1619794465000 [RES] Global Validate result: 
false
 timestamp= 1619794465000 [RUN] Validate G3 Guard Condition: 
The ego vehicle E Detection.HardBrake == True.
 timestamp= 1619794465000 [RES] Global Validate result: 
false
 timestamp= 1619794465000 [RUN] Validate G4 Guard Condition: 
The ego vehicle E Detection.ArrivalTest == True.
 timestamp= 1619794465000 [RES] Global Validate result: 
false
 timestamp= 1619794465000 [RUN] Validate step: 
The test system VALIDATES THAT the Apollo A Status.GetControl is nearly equal to {"acceleration": 0.58, "throttle": 20.46, "steering_target": 30.98, "brake": 0.0, "steering_rate": 100.0, "speed": 3.25}
 timestamp= 1619794465000 [RES] Validate result: 
true
 timestamp= 1619794465000 [RUN] Generate steps
 timestamp= 1619794465000 [RUN] Validate step: 
The test system VALIDATES THAT the simulator S Status.GetEnvironment is nearly equal to {"x": -442.76, "y": 10.12, "z": 192.02, "rain": 0.0, "fog": 0.0, "wetness": 0.0, "timeofday": 12.0, "signal": 0.0, "rx": 0.01, "ry": 123.32, "rz": 359.69, "speed": 3.25}
 timestamp= 1619794465000 [RES] Validate result: 
true
 timestamp= 1619794465000 [RUN] Execute API step: 
The environment controller C INVOKES API Control.Agents.NPCVehicle.NPCVehicleMaintainLane(which_lane=Left_Lane&which_car=Sedan).
 timestamp= 1619794469000 [RES] API result: 
{"pose_arr":[{"vx":-1.44,"ay":-0.86,"az":9.8,"ax":-0.42,"pz":10.12,"vy":-1.44,"px":552430.95,"py":4182678.26},{"vx":-1.18,"ay":-0.9,"az":9.81,"ax":-0.3,"pz":10.12,"vy":-1.18,"px":552433.12,"py":4182677.25},{"vx":-1.06,"ay":-3.2,"az":9.8,"ax":-0.86,"pz":10.12,"vy":-1.06,"px":552435.26,"py":4182676.57},{"vx":-0.3,"ay":-0.24,"az":9.81,"ax":-0.02,"pz":10.12,"vy":-0.3,"px":552440.26,"py":4182675.81},{"vx":-0.08,"ay":-0.25,"az":9.81,"ax":-0.01,"pz":10.12,"vy":-0.08,"px":552444.34,"py":4182675.64},{"vx":-0.03,"ay":-0.3,"az":9.81,"ax":0.01,"pz":10.12,"vy":-0.03,"px":552447.63,"py":4182675.59}],"traffic_light":[1,1,0,3,3],"state_arr":[{"acceleration":0.86,"throttle":28.68,"steering_target":26.03,"brake":0,"steering_rate":100,"speed":3.65},{"acceleration":1.1,"throttle":61.28,"steering_target":23.62,"brake":0,"steering_rate":100,"speed":4.24},{"acceleration":0.18,"throttle":15.7,"steering_target":15.38,"brake":0,"steering_rate":100,"speed":6.04},{"acceleration":0.28,"throttle":15.7,"steering_target":7.91,"brake":0,"steering_rate":100,"speed":6.18},{"acceleration":0.34,"throttle":15.7,"steering_target":1.84,"brake":0,"steering_rate":100,"speed":6.34},{"acceleration":0.61,"throttle":15.7,"steering_target":3.39,"brake":0,"steering_rate":100,"speed":6.55},{"acceleration":0.58,"throttle":15.7,"steering_target":-1.13,"brake":0,"steering_rate":100,"speed":6.83}],"obstacle_arr":[[],[{"acceleration":{"y":0,"x":-0.01,"z":0},"position":{"y":4182683.88,"x":552435.19,"z":10.4},"volume":7.28,"type":"VEHICLE","velocity":{"y":-0.81,"x":0.26,"z":0}}],[{"acceleration":{"y":-2.28,"x":1.42,"z":0},"position":{"y":4182682.47,"x":552436.17,"z":10.38},"volume":7.14,"type":"VEHICLE","velocity":{"y":-2.9,"x":1.94,"z":0}}],[{"acceleration":{"y":1.01,"x":2.17,"z":0},"position":{"y":4182680.55,"x":552438.41,"z":10.09},"volume":12.55,"type":"VEHICLE","velocity":{"y":-1.71,"x":3.75,"z":0}}],[{"acceleration":{"y":1.87,"x":-1.17,"z":0},"position":{"y":4182680.22,"x":552439.86,"z":10.11},"volume":10.81,"type":"VEHICLE","velocity":{"y":-0.42,"x":2.82,"z":0}}],[{"acceleration":{"y":0.8,"x":-2.6,"z":0},"position":{"y":4182680.05,"x":552440.64,"z":10.12},"volume":11.22,"type":"VEHICLE","velocity":{"y":0.18,"x":0.99,"z":0}}]],"action_description":"NPC vehicle (Sedan) driving on the left lane","ev_state":[-420.822814941406,10.1241407394409,189.601028442383,0,0,0,12,-1,359.971618652344,88.9606552124023,359.930786132813,6.825228464463837],"collision_probability":0}
 timestamp= 1619794469000 [RUN] Validate G1 Guard Condition: 
The ego vehicle E Detection.Collision == True.
 timestamp= 1619794469000 [RES] Global Validate result: 
false
 timestamp= 1619794469000 [RUN] Validate G2 Guard Condition: 
The ego vehicle E Detection.OffRoad == True.
 timestamp= 1619794469000 [RES] Global Validate result: 
false
 timestamp= 1619794469000 [RUN] Validate G3 Guard Condition: 
The ego vehicle E Detection.HardBrake == True.
 timestamp= 1619794469000 [RES] Global Validate result: 
false
 timestamp= 1619794469000 [RUN] Validate G4 Guard Condition: 
The ego vehicle E Detection.ArrivalTest == True.
 timestamp= 1619794469000 [RES] Global Validate result: 
false
 timestamp= 1619794469000 [RUN] Validate step: 
The test system VALIDATES THAT the Apollo A Status.GetControl is nearly equal to {"acceleration": 0.58, "throttle": 15.7, "steering_target": -1.13, "brake": 0.0, "steering_rate": 100.0, "speed": 6.83}
 timestamp= 1619794469000 [RES] Validate result: 
true
 timestamp= 1619794469000 [RUN] Generate steps
 timestamp= 1619794469000 [RUN] Validate step: 
The test system VALIDATES THAT the simulator S Status.GetEnvironment is nearly equal to {"x": -420.82, "y": 10.12, "z": 189.6, "rain": 0.0, "fog": 0.0, "wetness": 0.0, "timeofday": 12.0, "signal": -1.0, "rx": 359.97, "ry": 88.96, "rz": 359.93, "speed": 6.83}
 timestamp= 1619794469000 [RES] Validate result: 
true
 timestamp= 1619794469000 [RUN] Execute API step: 
The environment controller C INVOKES API Control.Agents.NPCVehicle.NPCVehicleSwitchLane(which_lane=Right_Lane&which_car=SchoolBus).
 timestamp= 1619794473000 [RES] API result: 
{"pose_arr":[{"vx":0.14,"ay":-0.25,"az":9.81,"ax":-0.22,"pz":10.12,"vy":0.14,"px":552451.23,"py":4182675.59},{"vx":-0.01,"ay":-1.13,"az":9.86,"ax":0.23,"pz":10.12,"vy":-0.01,"px":552455.32,"py":4182675.65},{"vx":0.32,"ay":0,"az":9.81,"ax":0,"pz":10.12,"vy":0.32,"px":552459.57,"py":4182675.69},{"vx":0.01,"ay":0,"az":9.81,"ax":0.77,"pz":10.12,"vy":0.01,"px":552465.93,"py":4182675.84},{"vx":0.24,"ay":-0.23,"az":9.8,"ax":-0.17,"pz":10.12,"vy":0.24,"px":552470.05,"py":4182675.87},{"vx":-0.09,"ay":-0.21,"az":9.81,"ax":0,"pz":10.12,"vy":-0.09,"px":552474.93,"py":4182675.99},{"vx":0.09,"ay":-0.19,"az":9.81,"ax":0.6,"pz":10.12,"vy":0.09,"px":552478.51,"py":4182675.98},{"vx":0.15,"ay":-0.22,"az":9.81,"ax":-0.35,"pz":10.12,"vy":0.15,"px":552482.71,"py":4182676.04}],"traffic_light":[3,3,3,3,3,3],"state_arr":[{"acceleration":1.51,"throttle":33.31,"steering_target":-2.04,"brake":0,"steering_rate":100,"speed":6.83},{"acceleration":-0.29,"throttle":0,"steering_target":4.6,"brake":14.5,"steering_rate":100,"speed":8.09},{"acceleration":0.1,"throttle":15.7,"steering_target":-2.78,"brake":0,"steering_rate":100,"speed":7.79},{"acceleration":0.22,"throttle":15.7,"steering_target":-1.35,"brake":0,"steering_rate":100,"speed":7.87},{"acceleration":0.29,"throttle":15.7,"steering_target":3.61,"brake":0,"steering_rate":100,"speed":7.83},{"acceleration":0.22,"throttle":15.7,"steering_target":-5.74,"brake":0,"steering_rate":100,"speed":7.91},{"acceleration":0.23,"throttle":15.7,"steering_target":4.79,"brake":0,"steering_rate":100,"speed":8.04},{"acceleration":0.04,"throttle":15.7,"steering_target":-3.01,"brake":0,"steering_rate":100,"speed":8.18}],"obstacle_arr":[[{"acceleration":{"y":0.48,"x":-1.37,"z":0},"position":{"y":4182679.89,"x":552444.41,"z":10.36},"volume":7.03,"type":"VEHICLE","velocity":{"y":0.61,"x":-0.54,"z":0}}],[{"acceleration":{"y":0.24,"x":-0.49,"z":0},"position":{"y":4182679.97,"x":552446.5,"z":10.43},"volume":6.74,"type":"VEHICLE","velocity":{"y":0.87,"x":-1.17,"z":0}},{"acceleration":{"y":0,"x":0.01,"z":0},"position":{"y":4182667.86,"x":552474.19,"z":10.35},"volume":127.46,"type":"VEHICLE","velocity":{"y":0,"x":0,"z":0}}],[{"acceleration":{"y":0.1,"x":0.18,"z":0},"position":{"y":4182679.83,"x":552449.14,"z":10.43},"volume":6.24,"type":"VEHICLE","velocity":{"y":0.98,"x":-1.22,"z":0}},{"acceleration":{"y":0.01,"x":0,"z":0},"position":{"y":4182668.22,"x":552473.3,"z":10.31},"volume":98.68,"type":"VEHICLE","velocity":{"y":0.38,"x":1.14,"z":0}}],[{"acceleration":{"y":0.06,"x":0.53,"z":0},"position":{"y":4182679.86,"x":552451.69,"z":10.44},"volume":5.11,"type":"VEHICLE","velocity":{"y":1.01,"x":-0.85,"z":0}},{"acceleration":{"y":0.28,"x":0.83,"z":0},"position":{"y":4182668.13,"x":552474.46,"z":10.32},"volume":104.57,"type":"VEHICLE","velocity":{"y":0.57,"x":1.82,"z":0}}],[{"acceleration":{"y":0.05,"x":0.62,"z":0},"position":{"y":4182679.96,"x":552455.75,"z":10.38},"volume":5.77,"type":"VEHICLE","velocity":{"y":0.99,"x":-0.27,"z":0}}],[{"acceleration":{"y":0.14,"x":0.5,"z":0},"position":{"y":4182679.4,"x":552457.19,"z":10.46},"volume":5.12,"type":"VEHICLE","velocity":{"y":1.04,"x":0.2,"z":0}},{"acceleration":{"y":0,"x":0,"z":0},"position":{"y":4182667.72,"x":552475.41,"z":10.3},"volume":83.24,"type":"VEHICLE","velocity":{"y":0,"x":0,"z":0}}],[{"acceleration":{"y":0.12,"x":0.58,"z":0},"position":{"y":4182679.73,"x":552463.53,"z":10.56},"volume":3.89,"type":"VEHICLE","velocity":{"y":1.1,"x":0.97,"z":0}}]],"action_description":"NPC vehicle (SchoolBus) switching lane (right to left)","ev_state":[-389.189910888672,10.1238222122192,190.062896728516,0,0,0,12,-1,359.985137939453,88.9725875854492,0.0285625569522381,8.224280288912636],"collision_probability":0}
 timestamp= 1619794473000 [RUN] Validate G1 Guard Condition: 
The ego vehicle E Detection.Collision == True.
 timestamp= 1619794473000 [RES] Global Validate result: 
false
 timestamp= 1619794473000 [RUN] Validate G2 Guard Condition: 
The ego vehicle E Detection.OffRoad == True.
 timestamp= 1619794473000 [RES] Global Validate result: 
false
 timestamp= 1619794473000 [RUN] Validate G3 Guard Condition: 
The ego vehicle E Detection.HardBrake == True.
 timestamp= 1619794473000 [RES] Global Validate result: 
false
 timestamp= 1619794473000 [RUN] Validate G4 Guard Condition: 
The ego vehicle E Detection.ArrivalTest == True.
 timestamp= 1619794473000 [RES] Global Validate result: 
false
 timestamp= 1619794473000 [RUN] Validate step: 
The test system VALIDATES THAT the Apollo A Status.GetControl is nearly equal to {"acceleration": 0.04, "throttle": 15.7, "steering_target": -3.01, "brake": 0.0, "steering_rate": 100.0, "speed": 8.18}
 timestamp= 1619794473000 [RES] Validate result: 
true
 timestamp= 1619794473000 [RUN] Generate steps
 timestamp= 1619794473000 [RUN] Validate step: 
The test system VALIDATES THAT the simulator S Status.GetEnvironment is nearly equal to {"x": -389.19, "y": 10.12, "z": 190.06, "rain": 0.0, "fog": 0.0, "wetness": 0.0, "timeofday": 12.0, "signal": -1.0, "rx": 359.99, "ry": 88.97, "rz": 0.03, "speed": 8.22}
 timestamp= 1619794473000 [RES] Validate result: 
true
 timestamp= 1619794473000 [RUN] Execute API step: 
The environment controller C INVOKES API Control.Agents.NPCVehicle.NPCVehicleMaintainLane(which_lane=Current_Lane&which_car=SchoolBus).
 timestamp= 1619794477000 [RES] API result: 
{"pose_arr":[{"vx":-0.1,"ay":-0.43,"az":9.81,"ax":0,"pz":10.12,"vy":-0.1,"px":552486.26,"py":4182676.09},{"vx":-0.01,"ay":0.8,"az":9.77,"ax":0.03,"pz":10.1,"vy":-0.01,"px":552487.03,"py":4182676.09},{"vx":0,"ay":0.01,"az":9.81,"ax":-0.01,"pz":10.12,"vy":0,"px":552487.06,"py":4182676.09},{"vx":0,"ay":-0.27,"az":9.81,"ax":-0.01,"pz":10.12,"vy":0,"px":552487.08,"py":4182676.09},{"vx":0,"ay":-0.03,"az":9.81,"ax":0,"pz":10.12,"vy":0,"px":552487.09,"py":4182676.09},{"vx":0,"ay":0,"az":9.81,"ax":0,"pz":10.12,"vy":0,"px":552487.09,"py":4182676.09},{"vx":0,"ay":-0.06,"az":9.81,"ax":0,"pz":10.12,"vy":0,"px":552487.09,"py":4182676.09}],"traffic_light":[0,0,0,0,0,0],"state_arr":[{"acceleration":0.51,"throttle":19.86,"steering_target":-3.95,"brake":0,"steering_rate":100,"speed":8.22},{"acceleration":1.1,"throttle":65.23,"steering_target":1.46,"brake":0,"steering_rate":100,"speed":0.89},{"acceleration":-0.32,"throttle":0,"steering_target":0.23,"brake":20.1,"steering_rate":100,"speed":0.14},{"acceleration":0.11,"throttle":15.7,"steering_target":0.24,"brake":0,"steering_rate":100,"speed":0},{"acceleration":0.14,"throttle":15.7,"steering_target":0.17,"brake":0,"steering_rate":100,"speed":0},{"acceleration":0.13,"throttle":15.7,"steering_target":0.17,"brake":0,"steering_rate":100,"speed":0},{"acceleration":0.13,"throttle":15.7,"steering_target":0.17,"brake":0,"steering_rate":100,"speed":0},{"acceleration":1.05,"throttle":66.81,"steering_target":0.17,"brake":0,"steering_rate":100,"speed":0.01}],"obstacle_arr":[[{"acceleration":{"y":0.12,"x":0.58,"z":0},"position":{"y":4182679.54,"x":552465.57,"z":10.52},"volume":4.22,"type":"VEHICLE","velocity":{"y":1.13,"x":1.32,"z":0}}],[{"acceleration":{"y":0.09,"x":0.5,"z":0},"position":{"y":4182679.69,"x":552469.23,"z":10.57},"volume":3.6,"type":"VEHICLE","velocity":{"y":1.15,"x":1.85,"z":0}},{"acceleration":{"y":0,"x":0.01,"z":0},"position":{"y":4182675.98,"x":552490.45,"z":10.61},"volume":1.54,"type":"VEHICLE","velocity":{"y":0,"x":0,"z":0}}],[{"acceleration":{"y":0.05,"x":0.46,"z":0},"position":{"y":4182679.67,"x":552471.98,"z":10.49},"volume":3.68,"type":"VEHICLE","velocity":{"y":1.14,"x":2.31,"z":0}},{"acceleration":{"y":0,"x":0,"z":0},"position":{"y":4182675.96,"x":552490.68,"z":10.66},"volume":2.23,"type":"VEHICLE","velocity":{"y":-0.11,"x":0.91,"z":0}}],[{"acceleration":{"y":0.03,"x":0.31,"z":0},"position":{"y":4182679.53,"x":552475.16,"z":10.37},"volume":4.79,"type":"VEHICLE","velocity":{"y":1.1,"x":2.84,"z":0}},{"acceleration":{"y":0.2,"x":-1.02,"z":0},"position":{"y":4182675.98,"x":552490.68,"z":10.65},"volume":2.08,"type":"VEHICLE","velocity":{"y":0,"x":0,"z":0}}],[{"acceleration":{"y":0.03,"x":0.15,"z":0},"position":{"y":4182679.68,"x":552478.42,"z":10.38},"volume":5.66,"type":"VEHICLE","velocity":{"y":1.03,"x":3.09,"z":0}},{"acceleration":{"y":0,"x":-0.1,"z":0},"position":{"y":4182676.37,"x":552490.71,"z":10.67},"volume":0.86,"type":"VEHICLE","velocity":{"y":0,"x":0,"z":0}}],[{"acceleration":{"y":0.03,"x":0.14,"z":0},"position":{"y":4182679.46,"x":552480.96,"z":10.45},"volume":6.72,"type":"VEHICLE","velocity":{"y":0.99,"x":3.24,"z":0}},{"acceleration":{"y":0,"x":-0.01,"z":0},"position":{"y":4182675.98,"x":552490.7,"z":10.67},"volume":1.9,"type":"VEHICLE","velocity":{"y":0,"x":0,"z":0}}],[{"acceleration":{"y":0.02,"x":0.13,"z":0},"position":{"y":4182679.42,"x":552483.66,"z":10.4},"volume":7.67,"type":"VEHICLE","velocity":{"y":0.94,"x":3.37,"z":0}},{"acceleration":{"y":0,"x":0,"z":0},"position":{"y":4182664.26,"x":552497.33,"z":10.34},"volume":117.67,"type":"VEHICLE","velocity":{"y":0,"x":0,"z":0}}]],"action_description":"NPC vehicle (SchoolBus) driving on the current lane","ev_state":[-385.543212890625,10.1235399246216,190.041137695313,0,0,0,12,-1,359.725738525391,91.126823425293,359.961334228516,0.0006735590935877553],"collision_probability":1}
 timestamp= 1619794477000 [RUN] Validate G1 Guard Condition: 
The ego vehicle E Detection.Collision == True.
 timestamp= 1619794477000 [RES] Global Validate result: 
true
 timestamp= 1619794477000 [RUN] Collision == True
 timestamp= 1619794477000 [RUN] Validate G2 Guard Condition: 
The ego vehicle E Detection.OffRoad == True.
 timestamp= 1619794477000 [RES] Global Validate result: 
false
 timestamp= 1619794477000 [RUN] Validate G3 Guard Condition: 
The ego vehicle E Detection.HardBrake == True.
 timestamp= 1619794477000 [RES] Global Validate result: 
false
 timestamp= 1619794477000 [RUN] Validate G4 Guard Condition: 
The ego vehicle E Detection.ArrivalTest == True.
 timestamp= 1619794477000 [RES] Global Validate result: 
false
 timestamp= 1619794477000 [RUN] Validate step: 
The test system VALIDATES THAT the Apollo A Status.GetControl is nearly equal to {"acceleration": 1.05, "throttle": 66.81, "steering_target": 0.17, "brake": 0.0, "steering_rate": 100.0, "speed": 0.01}
 timestamp= 1619794477000 [RES] Validate result: 
true
 timestamp= 1619794477000 [RUN] Generate steps
 timestamp= 1619794477000 [RUN] Validate step: 
The test system VALIDATES THAT the simulator S Status.GetEnvironment is nearly equal to {"x": -385.54, "y": 10.12, "z": 190.04, "rain": 0.0, "fog": 0.0, "wetness": 0.0, "timeofday": 12.0, "signal": -1.0, "rx": 359.73, "ry": 91.13, "rz": 359.96, "speed": 0.0}
 timestamp= 1619794477000 [RES] Validate result: 
true
 timestamp= 1619794477000 [RUN] Execute API step: 
The environment controller C INVOKES API Control.Agents.NPCVehicle.NPCVehicleMaintainLane(which_lane=Left_Lane&which_car=SUV).
 timestamp= 1619794481000 [RES] API result: 
{"pose_arr":[{"vx":0,"ay":0.03,"az":9.82,"ax":0,"pz":10.12,"vy":0,"px":552487.09,"py":4182676.09},{"vx":0,"ay":0.11,"az":9.79,"ax":0,"pz":10.12,"vy":0,"px":552487.09,"py":4182676.09},{"vx":0,"ay":0.03,"az":9.81,"ax":0,"pz":10.11,"vy":0,"px":552487.09,"py":4182676.09},{"vx":0,"ay":-0.02,"az":9.81,"ax":0,"pz":10.11,"vy":0,"px":552487.09,"py":4182676.09},{"vx":0,"ay":0.64,"az":9.77,"ax":-0.01,"pz":10.12,"vy":0,"px":552487.09,"py":4182676.09},{"vx":0,"ay":0,"az":9.81,"ax":0,"pz":10.12,"vy":0,"px":552487.09,"py":4182676.09},{"vx":0,"ay":0.72,"az":9.82,"ax":0,"pz":10.12,"vy":0,"px":552487.09,"py":4182676.09},{"vx":0,"ay":0.12,"az":9.82,"ax":0,"pz":10.11,"vy":0,"px":552487.09,"py":4182676.09}],"traffic_light":[0,0,0,0,0,0],"state_arr":[{"acceleration":1.16,"throttle":64.53,"steering_target":0.17,"brake":0,"steering_rate":100,"speed":0},{"acceleration":1.55,"throttle":72.9,"steering_target":0.17,"brake":0,"steering_rate":100,"speed":0},{"acceleration":2.82,"throttle":98.97,"steering_target":0.17,"brake":0,"steering_rate":100,"speed":0},{"acceleration":3.3,"throttle":100,"steering_target":0.17,"brake":0,"steering_rate":100,"speed":0},{"acceleration":0.3,"throttle":35.82,"steering_target":0.17,"brake":0,"steering_rate":100,"speed":0},{"acceleration":0,"throttle":0,"steering_target":0,"brake":50,"steering_rate":0,"speed":0},{"acceleration":0.3,"throttle":35.78,"steering_target":0.17,"brake":0,"steering_rate":100,"speed":0},{"acceleration":1.69,"throttle":78.83,"steering_target":0.17,"brake":0,"steering_rate":100,"speed":0},{"acceleration":2.8,"throttle":98.74,"steering_target":0.17,"brake":0,"steering_rate":100,"speed":0}],"obstacle_arr":[[{"acceleration":{"y":0.02,"x":0.07,"z":0},"position":{"y":4182679.31,"x":552488.39,"z":10.42},"volume":6.71,"type":"VEHICLE","velocity":{"y":0.87,"x":3.51,"z":0}},{"acceleration":{"y":0,"x":0,"z":0},"position":{"y":4182665.74,"x":552497.85,"z":10.33},"volume":155.69,"type":"VEHICLE","velocity":{"y":0,"x":0,"z":0}},{"acceleration":{"y":0,"x":0,"z":0},"position":{"y":4182675.99,"x":552490.7,"z":10.66},"volume":1.41,"type":"VEHICLE","velocity":{"y":0,"x":0,"z":0}}],[{"acceleration":{"y":0.03,"x":0.1,"z":0},"position":{"y":4182679.27,"x":552491.05,"z":10.42},"volume":6.96,"type":"VEHICLE","velocity":{"y":0.84,"x":3.58,"z":0}},{"acceleration":{"y":0,"x":0,"z":0},"position":{"y":4182666.53,"x":552498.08,"z":10.32},"volume":75.03,"type":"VEHICLE","velocity":{"y":0,"x":0,"z":0}},{"acceleration":{"y":0,"x":0,"z":0},"position":{"y":4182675.99,"x":552490.71,"z":10.66},"volume":1.12,"type":"VEHICLE","velocity":{"y":0,"x":0,"z":0}},{"acceleration":{"y":0.03,"x":-0.05,"z":0},"position":{"y":4182683.27,"x":552488.85,"z":10.08},"volume":14.59,"type":"VEHICLE","velocity":{"y":-0.21,"x":0.3,"z":0}}],[{"acceleration":{"y":0.06,"x":0.03,"z":0},"position":{"y":4182679.41,"x":552493.68,"z":10.38},"volume":3.62,"type":"VEHICLE","velocity":{"y":0.84,"x":3.62,"z":0}},{"acceleration":{"y":0,"x":0,"z":0},"position":{"y":4182666.55,"x":552499.55,"z":10.3},"volume":77.64,"type":"VEHICLE","velocity":{"y":0,"x":0,"z":0}},{"acceleration":{"y":0,"x":0,"z":0},"position":{"y":4182675.99,"x":552490.7,"z":10.66},"volume":1.45,"type":"VEHICLE","velocity":{"y":0,"x":0,"z":0}},{"acceleration":{"y":0.38,"x":-0.58,"z":0},"position":{"y":4182683.21,"x":552488.93,"z":10.06},"volume":15.12,"type":"VEHICLE","velocity":{"y":0,"x":0,"z":0}}],[{"acceleration":{"y":0.04,"x":-0.09,"z":0},"position":{"y":4182679.93,"x":552495.45,"z":10.39},"volume":0.11,"type":"VEHICLE","velocity":{"y":0.24,"x":1.25,"z":0}},{"acceleration":{"y":0.04,"x":1.26,"z":0},"position":{"y":4182666.72,"x":552501.29,"z":10.31},"volume":73.87,"type":"VEHICLE","velocity":{"y":0.02,"x":1,"z":0}},{"acceleration":{"y":0,"x":0,"z":0},"position":{"y":4182675.99,"x":552490.7,"z":10.66},"volume":2.51,"type":"VEHICLE","velocity":{"y":0,"x":0,"z":0}},{"acceleration":{"y":0.02,"x":-0.03,"z":0},"position":{"y":4182682.97,"x":552489.02,"z":10.06},"volume":13.83,"type":"VEHICLE","velocity":{"y":0,"x":0,"z":0}}],[{"acceleration":{"y":-0.01,"x":0.41,"z":0},"position":{"y":4182666.74,"x":552502.08,"z":10.33},"volume":66.09,"type":"VEHICLE","velocity":{"y":0.04,"x":1.02,"z":0}},{"acceleration":{"y":0,"x":0,"z":0},"position":{"y":4182675.99,"x":552490.7,"z":10.68},"volume":2.69,"type":"VEHICLE","velocity":{"y":0,"x":0,"z":0}},{"acceleration":{"y":0,"x":0,"z":0},"position":{"y":4182682.66,"x":552489.2,"z":10.1},"volume":13.89,"type":"VEHICLE","velocity":{"y":0,"x":0,"z":0}}],[{"acceleration":{"y":-0.24,"x":0.28,"z":0},"position":{"y":4182666.72,"x":552502.79,"z":10.33},"volume":48.44,"type":"VEHICLE","velocity":{"y":-0.15,"x":1.1,"z":0}},{"acceleration":{"y":0,"x":0,"z":0},"position":{"y":4182682.53,"x":552489.23,"z":10.12},"volume":13.84,"type":"VEHICLE","velocity":{"y":0,"x":0,"z":0}}],[{"acceleration":{"y":0.08,"x":-0.63,"z":0},"position":{"y":4182666.92,"x":552504.11,"z":10.29},"volume":38.46,"type":"VEHICLE","velocity":{"y":-0.02,"x":0.81,"z":0}},{"acceleration":{"y":0,"x":0,"z":0},"position":{"y":4182682.5,"x":552489.18,"z":10.09},"volume":13.14,"type":"VEHICLE","velocity":{"y":0,"x":0,"z":0}}],[{"acceleration":{"y":-0.21,"x":-0.05,"z":0},"position":{"y":4182667.13,"x":552505.54,"z":10.28},"volume":13.66,"type":"VEHICLE","velocity":{"y":-0.25,"x":0.86,"z":0}},{"acceleration":{"y":0,"x":0,"z":0},"position":{"y":4182682.61,"x":552489.34,"z":10.07},"volume":16.15,"type":"VEHICLE","velocity":{"y":0,"x":0,"z":0}}]],"action_description":"NPC vehicle (SUV) driving on the left lane","ev_state":[-385.540588378906,10.1229438781738,190.041259765625,0,0,0,12,-1,359.630981445313,91.2245635986328,359.939849853516,0.000758672312218832],"collision_probability":0}
 timestamp= 1619794481000 [RUN] Validate G1 Guard Condition: 
The ego vehicle E Detection.Collision == True.
 timestamp= 1619794481000 [RES] Global Validate result: 
false
 timestamp= 1619794481000 [RUN] Validate G2 Guard Condition: 
The ego vehicle E Detection.OffRoad == True.
 timestamp= 1619794481000 [RES] Global Validate result: 
false
 timestamp= 1619794481000 [RUN] Validate G3 Guard Condition: 
The ego vehicle E Detection.HardBrake == True.
 timestamp= 1619794481000 [RES] Global Validate result: 
false
 timestamp= 1619794481000 [RUN] Validate G4 Guard Condition: 
The ego vehicle E Detection.ArrivalTest == True.
 timestamp= 1619794481000 [RES] Global Validate result: 
false
 timestamp= 1619794481000 [RUN] Validate step: 
The test system VALIDATES THAT the Apollo A Status.GetControl is nearly equal to {"acceleration": 2.8, "throttle": 98.74, "steering_target": 0.17, "brake": 0.0, "steering_rate": 100.0, "speed": 0.0}
 timestamp= 1619794481000 [RES] Validate result: 
true
 timestamp= 1619794481000 [RUN] Generate steps
 timestamp= 1619794481000 [RUN] Validate step: 
The test system VALIDATES THAT the simulator S Status.GetEnvironment is nearly equal to {"x": -385.54, "y": 10.12, "z": 190.04, "rain": 0.0, "fog": 0.0, "wetness": 0.0, "timeofday": 12.0, "signal": -1.0, "rx": 359.63, "ry": 91.22, "rz": 359.94, "speed": 0.0}
 timestamp= 1619794481000 [RES] Validate result: 
true
 timestamp= 1619794481000 [RUN] Execute API step: 
The environment controller C INVOKES API Control.Agents.NPCVehicle.NPCVehicleMaintainLane(which_lane=Current_Lane&which_car=SchoolBus).
 timestamp= 1619794486000 [RES] API result: 
{"pose_arr":[{"vx":-0.02,"ay":-4.29,"az":9.8,"ax":-0.09,"pz":10.12,"vy":-0.02,"px":552487.18,"py":4182676.09},{"vx":-0.06,"ay":-4.98,"az":9.8,"ax":-0.09,"pz":10.12,"vy":-0.06,"px":552488.45,"py":4182676.06},{"vx":-0.07,"ay":-2.4,"az":9.84,"ax":-0.03,"pz":10.12,"vy":-0.07,"px":552491.26,"py":4182676.01},{"vx":-0.06,"ay":-0.43,"az":9.82,"ax":-0.01,"pz":10.12,"vy":-0.06,"px":552494.16,"py":4182675.98},{"vx":-0.04,"ay":-0.25,"az":9.86,"ax":0,"pz":10.12,"vy":-0.04,"px":552497.26,"py":4182675.95},{"vx":-0.02,"ay":-0.54,"az":9.81,"ax":-0.01,"pz":10.12,"vy":-0.02,"px":552501.2,"py":4182675.93},{"vx":-0.01,"ay":-1.28,"az":9.79,"ax":0,"pz":10.12,"vy":-0.01,"px":552503.7,"py":4182675.92},{"vx":0.02,"ay":-0.25,"az":9.81,"ax":0,"pz":10.12,"vy":0.02,"px":552508.2,"py":4182675.92}],"traffic_light":[2,2,2,2,2,1],"state_arr":[{"acceleration":3.13,"throttle":94.6,"steering_target":0.11,"brake":0,"steering_rate":100,"speed":0.48},{"acceleration":2.79,"throttle":45,"steering_target":0.96,"brake":0,"steering_rate":100,"speed":2.64},{"acceleration":1.98,"throttle":48.89,"steering_target":0.6,"brake":0,"steering_rate":100,"speed":4.38},{"acceleration":1.04,"throttle":22.01,"steering_target":0.32,"brake":0,"steering_rate":100,"speed":5.76},{"acceleration":1.23,"throttle":15.92,"steering_target":0.52,"brake":0,"steering_rate":100,"speed":5.97},{"acceleration":0.81,"throttle":17.49,"steering_target":0.37,"brake":0,"steering_rate":100,"speed":6.76},{"acceleration":0.96,"throttle":25.77,"steering_target":0.26,"brake":0,"steering_rate":100,"speed":6.95},{"acceleration":0.7,"throttle":15.7,"steering_target":0.3,"brake":0,"steering_rate":100,"speed":7.38},{"acceleration":0.49,"throttle":19.71,"steering_target":0.19,"brake":0,"steering_rate":100,"speed":7.56}],"obstacle_arr":[[{"acceleration":{"y":0,"x":0,"z":0},"position":{"y":4182682.41,"x":552488.98,"z":10.09},"volume":14.83,"type":"VEHICLE","velocity":{"y":0,"x":0,"z":0}}],[{"acceleration":{"y":0,"x":0,"z":0},"position":{"y":4182681.46,"x":552489.35,"z":10.1},"volume":13.41,"type":"VEHICLE","velocity":{"y":0,"x":0,"z":0}},{"acceleration":{"y":0,"x":0.02,"z":0},"position":{"y":4182679.22,"x":552512.55,"z":10.46},"volume":0.26,"type":"VEHICLE","velocity":{"y":0.12,"x":1.96,"z":0}}],[{"acceleration":{"y":0,"x":0,"z":0},"position":{"y":4182680.58,"x":552489.41,"z":10.41},"volume":6.21,"type":"VEHICLE","velocity":{"y":0,"x":0,"z":0}},{"acceleration":{"y":-0.11,"x":1.87,"z":0},"position":{"y":4182679.25,"x":552515.66,"z":10.39},"volume":1.31,"type":"VEHICLE","velocity":{"y":0.03,"x":3.71,"z":0}}],[{"acceleration":{"y":0,"x":0,"z":0},"position":{"y":4182681.66,"x":552488.42,"z":10.12},"volume":13.73,"type":"VEHICLE","velocity":{"y":0,"x":0,"z":0}},{"acceleration":{"y":0.1,"x":1.11,"z":0},"position":{"y":4182679.27,"x":552516.81,"z":10.42},"volume":3.08,"type":"VEHICLE","velocity":{"y":0.14,"x":4.39,"z":0}},{"acceleration":{"y":0,"x":0,"z":0},"position":{"y":4182668.87,"x":552517.51,"z":10.34},"volume":70.42,"type":"VEHICLE","velocity":{"y":0,"x":0,"z":0}}],[{"acceleration":{"y":0,"x":0,"z":0},"position":{"y":4182679.39,"x":552489.28,"z":10.12},"volume":8.29,"type":"VEHICLE","velocity":{"y":0,"x":0,"z":0}},{"acceleration":{"y":0.03,"x":0.29,"z":0},"position":{"y":4182679.26,"x":552521.32,"z":10.38},"volume":3.28,"type":"VEHICLE","velocity":{"y":0.17,"x":4.45,"z":0}},{"acceleration":{"y":0,"x":0,"z":0},"position":{"y":4182668.43,"x":552518.5,"z":10.31},"volume":81.01,"type":"VEHICLE","velocity":{"y":0,"x":0,"z":0}}],[{"acceleration":{"y":-1.26,"x":-0.35,"z":0},"position":{"y":4182676.24,"x":552488.14,"z":10.14},"volume":7.18,"type":"VEHICLE","velocity":{"y":-0.3,"x":-0.07,"z":0}},{"acceleration":{"y":-0.2,"x":-1.14,"z":0},"position":{"y":4182679.27,"x":552523.06,"z":10.44},"volume":2.78,"type":"VEHICLE","velocity":{"y":-0.01,"x":3.38,"z":0}},{"acceleration":{"y":0,"x":0,"z":0},"position":{"y":4182667.88,"x":552518.1,"z":10.33},"volume":75.43,"type":"VEHICLE","velocity":{"y":0,"x":0,"z":0}}],[{"acceleration":{"y":-1.55,"x":-0.58,"z":0},"position":{"y":4182672.57,"x":552486.63,"z":10.14},"volume":13.31,"type":"VEHICLE","velocity":{"y":-1,"x":-0.3,"z":0}},{"acceleration":{"y":0.07,"x":-2.64,"z":0},"position":{"y":4182679.42,"x":552526.06,"z":10.49},"volume":2.4,"type":"VEHICLE","velocity":{"y":0.13,"x":2.1,"z":0}},{"acceleration":{"y":0,"x":0,"z":0},"position":{"y":4182667.99,"x":552518.72,"z":10.32},"volume":71.1,"type":"VEHICLE","velocity":{"y":0,"x":0,"z":0}}],[{"acceleration":{"y":-1.38,"x":-0.66,"z":0},"position":{"y":4182672.41,"x":552487.4,"z":10.15},"volume":21.1,"type":"VEHICLE","velocity":{"y":-1.97,"x":-0.68,"z":0}},{"acceleration":{"y":-0.36,"x":-0.76,"z":0},"position":{"y":4182679.16,"x":552529.73,"z":10.51},"volume":1.06,"type":"VEHICLE","velocity":{"y":-0.22,"x":1.84,"z":0}},{"acceleration":{"y":0,"x":0,"z":0},"position":{"y":4182668.31,"x":552520.74,"z":10.33},"volume":63.53,"type":"VEHICLE","velocity":{"y":0,"x":0,"z":0}}]],"action_description":"NPC vehicle (SchoolBus) driving on the current lane","ev_state":[-364.098236083984,10.123987197876,189.904571533203,0,0,0,12,-1,359.975372314453,89.8819885253906,359.989776611328,7.557093456621854],"collision_probability":0}
 timestamp= 1619794486000 [RUN] Validate G1 Guard Condition: 
The ego vehicle E Detection.Collision == True.
 timestamp= 1619794486000 [RES] Global Validate result: 
false
 timestamp= 1619794486000 [RUN] Validate G2 Guard Condition: 
The ego vehicle E Detection.OffRoad == True.
 timestamp= 1619794486000 [RES] Global Validate result: 
false
 timestamp= 1619794486000 [RUN] Validate G3 Guard Condition: 
The ego vehicle E Detection.HardBrake == True.
 timestamp= 1619794486000 [RES] Global Validate result: 
false
 timestamp= 1619794486000 [RUN] Validate G4 Guard Condition: 
The ego vehicle E Detection.ArrivalTest == True.
 timestamp= 1619794486000 [RES] Global Validate result: 
false
 timestamp= 1619794486000 [RUN] Validate step: 
The test system VALIDATES THAT the Apollo A Status.GetControl is nearly equal to {"acceleration": 0.49, "throttle": 19.71, "steering_target": 0.19, "brake": 0.0, "steering_rate": 100.0, "speed": 7.56}
 timestamp= 1619794486000 [RES] Validate result: 
true
 timestamp= 1619794486000 [RUN] Generate steps
 timestamp= 1619794486000 [RUN] Validate step: 
The test system VALIDATES THAT the simulator S Status.GetEnvironment is nearly equal to {"x": -364.1, "y": 10.12, "z": 189.9, "rain": 0.0, "fog": 0.0, "wetness": 0.0, "timeofday": 12.0, "signal": -1.0, "rx": 359.98, "ry": 89.88, "rz": 359.99, "speed": 7.56}
 timestamp= 1619794486000 [RES] Validate result: 
true
 timestamp= 1619794486000 [RUN] Execute API step: 
The environment controller C INVOKES API Control.Agents.NPCVehicle.NPCVehicleSwitchLane(which_lane=Left_Lane&which_car=SUV).
 timestamp= 1619794490000 [RES] API result: 
{"pose_arr":[{"vx":0.03,"ay":-0.23,"az":9.81,"ax":0,"pz":10.12,"vy":0.03,"px":552512.07,"py":4182675.93},{"vx":0.05,"ay":-0.32,"az":9.8,"ax":0,"pz":10.12,"vy":0.05,"px":552515.82,"py":4182675.95},{"vx":0.05,"ay":-0.88,"az":9.8,"ax":0.01,"pz":10.12,"vy":0.05,"px":552519.51,"py":4182675.97},{"vx":0.05,"ay":0.61,"az":9.82,"ax":0,"pz":10.12,"vy":0.05,"px":552523.06,"py":4182675.99},{"vx":0.06,"ay":0.6,"az":9.82,"ax":0,"pz":10.12,"vy":0.06,"px":552528.05,"py":4182676.03},{"vx":0.03,"ay":0.02,"az":9.51,"ax":0.07,"pz":10.08,"vy":0.03,"px":552529.34,"py":4182676.01},{"vx":-0.01,"ay":-0.27,"az":9.88,"ax":0.05,"pz":10.12,"vy":-0.01,"px":552529.25,"py":4182676.01},{"vx":0,"ay":-0.13,"az":9.78,"ax":0.05,"pz":10.12,"vy":0,"px":552529.27,"py":4182676.01}],"traffic_light":[3,3,1,1,3,0,1],"state_arr":[{"acceleration":0.54,"throttle":15.7,"steering_target":0.13,"brake":0,"steering_rate":100,"speed":7.66},{"acceleration":0.74,"throttle":15.7,"steering_target":0.17,"brake":0,"steering_rate":100,"speed":7.74},{"acceleration":0.04,"throttle":15.7,"steering_target":-0.06,"brake":0,"steering_rate":100,"speed":8.02},{"acceleration":-0.23,"throttle":0,"steering_target":0.12,"brake":14.5,"steering_rate":100,"speed":8.03},{"acceleration":-0.2,"throttle":0,"steering_target":0.02,"brake":14.5,"steering_rate":100,"speed":7.82},{"acceleration":-0.93,"throttle":0,"steering_target":-0.16,"brake":32.18,"steering_rate":100,"speed":7.76},{"acceleration":0.08,"throttle":15.7,"steering_target":13.65,"brake":0,"steering_rate":100,"speed":0.11},{"acceleration":0.23,"throttle":62.75,"steering_target":13.17,"brake":0,"steering_rate":100,"speed":0.11},{"acceleration":0.28,"throttle":42.12,"steering_target":13.01,"brake":0,"steering_rate":100,"speed":0.01}],"obstacle_arr":[[{"acceleration":{"y":-0.16,"x":0.15,"z":0},"position":{"y":4182679.32,"x":552531.37,"z":10.52},"volume":1.78,"type":"VEHICLE","velocity":{"y":-0.13,"x":1.97,"z":0}},{"acceleration":{"y":0,"x":0,"z":0},"position":{"y":4182668.87,"x":552522.8,"z":10.33},"volume":105,"type":"VEHICLE","velocity":{"y":0,"x":0,"z":0}}],[{"acceleration":{"y":-0.2,"x":1.05,"z":0},"position":{"y":4182679.27,"x":552534.59,"z":10.56},"volume":2.73,"type":"VEHICLE","velocity":{"y":-0.29,"x":2.85,"z":0}},{"acceleration":{"y":0,"x":0,"z":0},"position":{"y":4182668.68,"x":552524.42,"z":10.33},"volume":112.32,"type":"VEHICLE","velocity":{"y":0,"x":0,"z":0}},{"acceleration":{"y":0,"x":0,"z":0},"position":{"y":4182683.15,"x":552529.09,"z":10.48},"volume":8.52,"type":"VEHICLE","velocity":{"y":0,"x":0,"z":0}}],[{"acceleration":{"y":0.17,"x":1.55,"z":0},"position":{"y":4182679.27,"x":552538.65,"z":10.59},"volume":3.2,"type":"VEHICLE","velocity":{"y":-0.07,"x":4.11,"z":0}},{"acceleration":{"y":0,"x":0,"z":0},"position":{"y":4182668.57,"x":552525.21,"z":10.33},"volume":92.9,"type":"VEHICLE","velocity":{"y":0,"x":0,"z":0}},{"acceleration":{"y":0,"x":0,"z":0},"position":{"y":4182682.92,"x":552529.73,"z":10.11},"volume":8.58,"type":"VEHICLE","velocity":{"y":0,"x":0,"z":0}}],[{"acceleration":{"y":0.16,"x":1.44,"z":0},"position":{"y":4182679.14,"x":552540.32,"z":10.54},"volume":2.47,"type":"VEHICLE","velocity":{"y":-0.03,"x":4.79,"z":0}},{"acceleration":{"y":0,"x":0,"z":0},"position":{"y":4182669.49,"x":552526.31,"z":10.33},"volume":123.46,"type":"VEHICLE","velocity":{"y":0,"x":0,"z":0}},{"acceleration":{"y":-0.7,"x":0.55,"z":0},"position":{"y":4182681.61,"x":552530.25,"z":10.13},"volume":10.99,"type":"VEHICLE","velocity":{"y":-0.96,"x":0.76,"z":0}}],[{"acceleration":{"y":-0.01,"x":2.05,"z":0},"position":{"y":4182679.17,"x":552542.75,"z":10.84},"volume":1.78,"type":"VEHICLE","velocity":{"y":0.03,"x":6.24,"z":0}},{"acceleration":{"y":-2,"x":0.24,"z":0},"position":{"y":4182677.37,"x":552531.3,"z":10.4},"volume":7.31,"type":"VEHICLE","velocity":{"y":-2.57,"x":1.03,"z":0}}],[{"acceleration":{"y":-0.09,"x":2.25,"z":0},"position":{"y":4182679.14,"x":552547.12,"z":9.69},"volume":2,"type":"VEHICLE","velocity":{"y":0,"x":7.75,"z":0}},{"acceleration":{"y":-1.93,"x":0.22,"z":0},"position":{"y":4182675.1,"x":552533.54,"z":10.01},"volume":13.5,"type":"VEHICLE","velocity":{"y":-3.93,"x":1.17,"z":0}}],[{"acceleration":{"y":0.11,"x":1.64,"z":0},"position":{"y":4182679.27,"x":552550.08,"z":10.35},"volume":2.92,"type":"VEHICLE","velocity":{"y":0.02,"x":8.97,"z":0}},{"acceleration":{"y":-0.93,"x":0.13,"z":0},"position":{"y":4182674.79,"x":552533.66,"z":10.11},"volume":11.7,"type":"VEHICLE","velocity":{"y":-4.81,"x":1.28,"z":0}}],[{"acceleration":{"y":0.06,"x":0.72,"z":0},"position":{"y":4182679.19,"x":552553.18,"z":10.42},"volume":2.33,"type":"VEHICLE","velocity":{"y":0.11,"x":9.67,"z":0}},{"acceleration":{"y":0.25,"x":-0.24,"z":0},"position":{"y":4182674.68,"x":552533.63,"z":10.1},"volume":11.29,"type":"VEHICLE","velocity":{"y":0,"x":0,"z":0}},{"acceleration":{"y":0,"x":0,"z":0},"position":{"y":4182668.7,"x":552532.15,"z":10.3},"volume":113.8,"type":"VEHICLE","velocity":{"y":0,"x":0,"z":0}}]],"action_description":"NPC vehicle (SUV) switching lane (left to right)","ev_state":[-343.367309570313,10.1257934570313,190.033050537109,0,0,0,12,-1,359.562377929688,88.0178146362305,0.0403143912553787,0.007252225213656317],"collision_probability":1}
 timestamp= 1619794490000 [RUN] Validate G1 Guard Condition: 
The ego vehicle E Detection.Collision == True.
 timestamp= 1619794490000 [RES] Global Validate result: 
true
 timestamp= 1619794490000 [RUN] Collision == True
 timestamp= 1619794490000 [RUN] Validate G2 Guard Condition: 
The ego vehicle E Detection.OffRoad == True.
 timestamp= 1619794490000 [RES] Global Validate result: 
false
 timestamp= 1619794490000 [RUN] Validate G3 Guard Condition: 
The ego vehicle E Detection.HardBrake == True.
 timestamp= 1619794490000 [RES] Global Validate result: 
true
 timestamp= 1619794490000 [RUN] HardBrake == True
 timestamp= 1619794490000 [RUN] RESUME STEP @preStep
 timestamp= 1619794490000 [RUN] Resume step basicflow22
 timestamp= 1619794490000 [RUN] Validate G4 Guard Condition: 
The ego vehicle E Detection.ArrivalTest == True.
 timestamp= 1619794490000 [RES] Global Validate result: 
false
 timestamp= 1619794490000 [RUN] Validate step: 
The test system VALIDATES THAT the Apollo A Status.GetControl is nearly equal to {"acceleration": 0.28, "throttle": 42.12, "steering_target": 13.01, "brake": 0.0, "steering_rate": 100.0, "speed": 0.01}
 timestamp= 1619794490000 [RES] Validate result: 
true
 timestamp= 1619794490000 [RUN] Generate steps
 timestamp= 1619794490000 [RUN] Validate step: 
The test system VALIDATES THAT the simulator S Status.GetEnvironment is nearly equal to {"x": -343.37, "y": 10.13, "z": 190.03, "rain": 0.0, "fog": 0.0, "wetness": 0.0, "timeofday": 12.0, "signal": -1.0, "rx": 359.56, "ry": 88.02, "rz": 0.04, "speed": 0.01}
 timestamp= 1619794490000 [RES] Validate result: 
true
 timestamp= 1619794490000 [RUN] Execute API step: 
The environment controller C INVOKES API Control.Agents.Pedestrians.WalkRandomly(which_lane=Right_Lane).
 timestamp= 1619794495000 [RES] API result: 
{"pose_arr":[{"vx":0,"ay":-0.42,"az":9.78,"ax":0.09,"pz":10.12,"vy":0,"px":552529.27,"py":4182676.01},{"vx":0,"ay":-0.65,"az":9.83,"ax":0.03,"pz":10.12,"vy":0,"px":552529.27,"py":4182676.01},{"vx":0,"ay":0,"az":9.81,"ax":-0.01,"pz":10.12,"vy":0,"px":552529.27,"py":4182676.01},{"vx":0,"ay":0.01,"az":9.81,"ax":-0.01,"pz":10.12,"vy":0,"px":552529.27,"py":4182676.01},{"vx":0,"ay":-0.04,"az":9.8,"ax":0,"pz":10.12,"vy":0,"px":552529.27,"py":4182676.01},{"vx":0,"ay":0.06,"az":9.82,"ax":-0.01,"pz":10.12,"vy":0,"px":552529.27,"py":4182676.01},{"vx":0,"ay":-0.47,"az":9.8,"ax":0.03,"pz":10.12,"vy":0,"px":552529.27,"py":4182676.01},{"vx":0,"ay":-0.6,"az":9.79,"ax":0.06,"pz":10.12,"vy":0,"px":552529.27,"py":4182676.01}],"traffic_light":[1,1,1,1,1,1,3],"state_arr":[{"acceleration":0.28,"throttle":41.34,"steering_target":13.01,"brake":0,"steering_rate":100,"speed":0},{"acceleration":0.28,"throttle":41.98,"steering_target":13.01,"brake":0,"steering_rate":100,"speed":0},{"acceleration":0.28,"throttle":41.24,"steering_target":13.01,"brake":0,"steering_rate":100,"speed":0},{"acceleration":0.28,"throttle":41.84,"steering_target":13.01,"brake":0,"steering_rate":100,"speed":0},{"acceleration":0.28,"throttle":41.94,"steering_target":13.01,"brake":0,"steering_rate":100,"speed":0},{"acceleration":0.28,"throttle":42.2,"steering_target":13.01,"brake":0,"steering_rate":100,"speed":0},{"acceleration":0.26,"throttle":51.66,"steering_target":13.01,"brake":0,"steering_rate":100,"speed":0},{"acceleration":0.31,"throttle":36.61,"steering_target":13.01,"brake":0,"steering_rate":100,"speed":0},{"acceleration":0.26,"throttle":50.44,"steering_target":13.01,"brake":0,"steering_rate":100,"speed":0}],"obstacle_arr":[[{"acceleration":{"y":-0.01,"x":0.56,"z":0},"position":{"y":4182679.06,"x":552554.53,"z":10.22},"volume":3.22,"type":"VEHICLE","velocity":{"y":0.11,"x":9.76,"z":0}},{"acceleration":{"y":0.44,"x":-0.25,"z":0},"position":{"y":4182674.75,"x":552533.73,"z":10.11},"volume":12.32,"type":"VEHICLE","velocity":{"y":0,"x":0,"z":0}},{"acceleration":{"y":0,"x":0,"z":0},"position":{"y":4182671.48,"x":552545.34,"z":10.45},"volume":0.12,"type":"PEDESTRIAN","velocity":{"y":0,"x":0,"z":0}}],[{"acceleration":{"y":-0.01,"x":-0.13,"z":0},"position":{"y":4182679.2,"x":552555.76,"z":10.29},"volume":0.55,"type":"VEHICLE","velocity":{"y":0.09,"x":9.8,"z":0}},{"acceleration":{"y":0.02,"x":-0.01,"z":0},"position":{"y":4182674.68,"x":552533.67,"z":10.13},"volume":11.75,"type":"VEHICLE","velocity":{"y":0,"x":0,"z":0}},{"acceleration":{"y":0,"x":0,"z":0},"position":{"y":4182671.48,"x":552545.29,"z":10.48},"volume":0.15,"type":"PEDESTRIAN","velocity":{"y":0,"x":0,"z":0}}],[{"acceleration":{"y":0.02,"x":-0.64,"z":0},"position":{"y":4182679.33,"x":552557.76,"z":10.83},"volume":1.28,"type":"VEHICLE","velocity":{"y":0.1,"x":9.45,"z":0}},{"acceleration":{"y":0,"x":0,"z":0},"position":{"y":4182674.68,"x":552533.63,"z":10.14},"volume":11.14,"type":"VEHICLE","velocity":{"y":0,"x":0,"z":0}}],[{"acceleration":{"y":0,"x":-0.83,"z":0},"position":{"y":4182679.36,"x":552559.03,"z":10.76},"volume":0.89,"type":"VEHICLE","velocity":{"y":0.1,"x":8.47,"z":0}},{"acceleration":{"y":0,"x":0,"z":0},"position":{"y":4182674.67,"x":552533.59,"z":10.14},"volume":11.86,"type":"VEHICLE","velocity":{"y":0,"x":0,"z":0}},{"acceleration":{"y":0,"x":0,"z":0},"position":{"y":4182668.25,"x":552532.42,"z":10.37},"volume":126.88,"type":"VEHICLE","velocity":{"y":0,"x":0,"z":0}}],[{"acceleration":{"y":0,"x":-0.79,"z":0},"position":{"y":4182679.38,"x":552559.94,"z":10.68},"volume":0.9,"type":"VEHICLE","velocity":{"y":0.1,"x":7.64,"z":0}},{"acceleration":{"y":0,"x":0,"z":0},"position":{"y":4182674.67,"x":552533.6,"z":10.13},"volume":11.94,"type":"VEHICLE","velocity":{"y":0,"x":0,"z":0}},{"acceleration":{"y":0,"x":0,"z":0},"position":{"y":4182668.08,"x":552532.49,"z":10.36},"volume":104.01,"type":"VEHICLE","velocity":{"y":0,"x":0,"z":0}}],[{"acceleration":{"y":0,"x":-0.7,"z":0},"position":{"y":4182679.1,"x":552561.78,"z":11.22},"volume":0.04,"type":"VEHICLE","velocity":{"y":0.09,"x":6.88,"z":0}},{"acceleration":{"y":0,"x":0,"z":0},"position":{"y":4182674.67,"x":552533.63,"z":10.13},"volume":12.4,"type":"VEHICLE","velocity":{"y":0,"x":0,"z":0}},{"acceleration":{"y":0,"x":0,"z":0},"position":{"y":4182667.81,"x":552532.9,"z":10.35},"volume":94.45,"type":"VEHICLE","velocity":{"y":0,"x":0,"z":0}}],[{"acceleration":{"y":0,"x":-0.65,"z":0},"position":{"y":4182679.15,"x":552562.08,"z":11.18},"volume":0.01,"type":"VEHICLE","velocity":{"y":0.09,"x":6.37,"z":0}},{"acceleration":{"y":0,"x":0,"z":0},"position":{"y":4182674.66,"x":552533.62,"z":10.13},"volume":12.19,"type":"VEHICLE","velocity":{"y":0,"x":0,"z":0}}],[{"acceleration":{"y":0,"x":-0.63,"z":0},"position":{"y":4182679.21,"x":552562.62,"z":11.21},"volume":0,"type":"VEHICLE","velocity":{"y":0,"x":0,"z":0}},{"acceleration":{"y":0,"x":0,"z":0},"position":{"y":4182674.66,"x":552533.63,"z":10.13},"volume":12.34,"type":"VEHICLE","velocity":{"y":0,"x":0,"z":0}}]],"action_description":"Pedestrian crossing the road (right to left)","ev_state":[-343.364471435547,10.1247415542603,190.03337097168,0,0,0,12,-1,359.789978027344,87.9597625732422,359.9228515625,0.0029894513297384026],"collision_probability":0.206}
 timestamp= 1619794495000 [RUN] Validate G1 Guard Condition: 
The ego vehicle E Detection.Collision == True.
 timestamp= 1619794495000 [RES] Global Validate result: 
false
 timestamp= 1619794495000 [RUN] Validate G2 Guard Condition: 
The ego vehicle E Detection.OffRoad == True.
 timestamp= 1619794495000 [RES] Global Validate result: 
false
 timestamp= 1619794495000 [RUN] Validate G3 Guard Condition: 
The ego vehicle E Detection.HardBrake == True.
 timestamp= 1619794495000 [RES] Global Validate result: 
false
 timestamp= 1619794495000 [RUN] Validate G4 Guard Condition: 
The ego vehicle E Detection.ArrivalTest == True.
 timestamp= 1619794495000 [RES] Global Validate result: 
false
 timestamp= 1619794495000 [RUN] Validate step: 
The test system VALIDATES THAT the Apollo A Status.GetControl is nearly equal to {"acceleration": 0.26, "throttle": 50.44, "steering_target": 13.01, "brake": 0.0, "steering_rate": 100.0, "speed": 0.0}
 timestamp= 1619794495000 [RES] Validate result: 
true
 timestamp= 1619794495000 [RUN] Generate steps
 timestamp= 1619794495000 [RUN] Validate step: 
The test system VALIDATES THAT the simulator S Status.GetEnvironment is nearly equal to {"x": -343.36, "y": 10.12, "z": 190.03, "rain": 0.0, "fog": 0.0, "wetness": 0.0, "timeofday": 12.0, "signal": -1.0, "rx": 359.79, "ry": 87.96, "rz": 359.92, "speed": 0.0}
 timestamp= 1619794495000 [RES] Validate result: 
true
 timestamp= 1619794495000 [RUN] Execute API step: 
The environment controller C INVOKES API Control.Agents.NPCVehicle.NPCVehicleMaintainLane(which_lane=Right_Lane&which_car=Hatchback).
 timestamp= 1619794500000 [RES] API result: 
{"pose_arr":[{"vx":0,"ay":-0.42,"az":9.8,"ax":0.03,"pz":10.12,"vy":0,"px":552529.27,"py":4182676.01},{"vx":0,"ay":0.25,"az":9.81,"ax":-0.01,"pz":10.12,"vy":0,"px":552529.27,"py":4182676.01},{"vx":0,"ay":0.25,"az":9.82,"ax":-0.02,"pz":10.12,"vy":0,"px":552529.27,"py":4182676.01},{"vx":0,"ay":-0.49,"az":9.83,"ax":0.02,"pz":10.12,"vy":0,"px":552529.27,"py":4182676.01},{"vx":0,"ay":-0.13,"az":9.8,"ax":0.01,"pz":10.12,"vy":0,"px":552529.28,"py":4182676.01},{"vx":0,"ay":-0.14,"az":9.8,"ax":0,"pz":10.12,"vy":0,"px":552529.28,"py":4182676},{"vx":0,"ay":0.43,"az":9.83,"ax":-0.06,"pz":10.12,"vy":0,"px":552529.28,"py":4182676.01},{"vx":0,"ay":-0.04,"az":9.83,"ax":-0.01,"pz":10.12,"vy":0,"px":552529.28,"py":4182676.01},{"vx":0,"ay":0,"az":9.81,"ax":0,"pz":10.12,"vy":0,"px":552529.28,"py":4182676.01}],"traffic_light":[1,1,1,1,1,1,1],"state_arr":[{"acceleration":0.28,"throttle":43.32,"steering_target":13.01,"brake":0,"steering_rate":100,"speed":0},{"acceleration":0.29,"throttle":35.13,"steering_target":13.01,"brake":0,"steering_rate":100,"speed":0},{"acceleration":0.27,"throttle":43.77,"steering_target":13.01,"brake":0,"steering_rate":100,"speed":0},{"acceleration":0.29,"throttle":35.23,"steering_target":13.01,"brake":0,"steering_rate":100,"speed":0.01},{"acceleration":0.27,"throttle":43.94,"steering_target":13.01,"brake":0,"steering_rate":100,"speed":0},{"acceleration":0.28,"throttle":43.48,"steering_target":13.01,"brake":0,"steering_rate":100,"speed":0},{"acceleration":0.26,"throttle":53.54,"steering_target":13.01,"brake":0,"steering_rate":100,"speed":0.01},{"acceleration":0.27,"throttle":45.15,"steering_target":13.01,"brake":0,"steering_rate":100,"speed":0.01},{"acceleration":0.3,"throttle":36.17,"steering_target":13.01,"brake":0,"steering_rate":100,"speed":0}],"obstacle_arr":[[{"acceleration":{"y":0,"x":-0.65,"z":0},"position":{"y":4182679.24,"x":552562.88,"z":11.17},"volume":0,"type":"VEHICLE","velocity":{"y":0,"x":0,"z":0}},{"acceleration":{"y":0,"x":0,"z":0},"position":{"y":4182674.66,"x":552533.62,"z":10.13},"volume":11.96,"type":"VEHICLE","velocity":{"y":0,"x":0,"z":0}}],[{"acceleration":{"y":0,"x":-0.03,"z":0},"position":{"y":4182679.27,"x":552563.17,"z":11.2},"volume":0,"type":"VEHICLE","velocity":{"y":0,"x":0,"z":0}},{"acceleration":{"y":0,"x":0,"z":0},"position":{"y":4182674.66,"x":552533.62,"z":10.13},"volume":12.04,"type":"VEHICLE","velocity":{"y":0,"x":0,"z":0}},{"acceleration":{"y":0,"x":0,"z":0},"position":{"y":4182671.49,"x":552545.29,"z":10.46},"volume":0.02,"type":"PEDESTRIAN","velocity":{"y":0,"x":0,"z":0}},{"acceleration":{"y":0.04,"x":0.09,"z":0},"position":{"y":4182668.51,"x":552537.54,"z":10.34},"volume":122.53,"type":"VEHICLE","velocity":{"y":0.49,"x":1.12,"z":0}},{"acceleration":{"y":0,"x":0,"z":0},"position":{"y":4182668.08,"x":552530.62,"z":10.37},"volume":7.76,"type":"VEHICLE","velocity":{"y":0,"x":0,"z":0}}],[{"acceleration":{"y":0,"x":0,"z":0},"position":{"y":4182679.29,"x":552563.41,"z":11.14},"volume":0,"type":"VEHICLE","velocity":{"y":0,"x":0,"z":0}},{"acceleration":{"y":0,"x":0,"z":0},"position":{"y":4182674.66,"x":552533.61,"z":10.13},"volume":11.85,"type":"VEHICLE","velocity":{"y":0,"x":0,"z":0}},{"acceleration":{"y":0.54,"x":2.57,"z":0},"position":{"y":4182669.04,"x":552539.26,"z":10.33},"volume":109.15,"type":"VEHICLE","velocity":{"y":0.77,"x":2.68,"z":0}},{"acceleration":{"y":0,"x":0,"z":0},"position":{"y":4182668.03,"x":552530.76,"z":10.36},"volume":8.76,"type":"VEHICLE","velocity":{"y":0,"x":0,"z":0}}],[{"acceleration":{"y":0,"x":0,"z":0},"position":{"y":4182679.17,"x":552563.52,"z":10.43},"volume":0.83,"type":"VEHICLE","velocity":{"y":0,"x":0,"z":0}},{"acceleration":{"y":0,"x":0,"z":0},"position":{"y":4182674.66,"x":552533.63,"z":10.13},"volume":12.02,"type":"VEHICLE","velocity":{"y":0,"x":0,"z":0}},{"acceleration":{"y":0.35,"x":1.29,"z":0},"position":{"y":4182669.54,"x":552540.72,"z":10.33},"volume":136.32,"type":"VEHICLE","velocity":{"y":0.92,"x":3.23,"z":0}},{"acceleration":{"y":0,"x":0,"z":0},"position":{"y":4182668.03,"x":552530.62,"z":10.37},"volume":8.1,"type":"VEHICLE","velocity":{"y":0,"x":0,"z":0}}],[{"acceleration":{"y":0,"x":0,"z":0},"position":{"y":4182679.35,"x":552563.87,"z":11.15},"volume":0.01,"type":"VEHICLE","velocity":{"y":0,"x":0,"z":0}},{"acceleration":{"y":0,"x":0,"z":0},"position":{"y":4182674.66,"x":552533.63,"z":10.13},"volume":11.97,"type":"VEHICLE","velocity":{"y":0,"x":0,"z":0}},{"acceleration":{"y":-0.08,"x":0.55,"z":0},"position":{"y":4182669.46,"x":552541.2,"z":10.34},"volume":106.76,"type":"VEHICLE","velocity":{"y":0.59,"x":3.2,"z":0}},{"acceleration":{"y":0,"x":0,"z":0},"position":{"y":4182668.12,"x":552530.81,"z":10.36},"volume":8.01,"type":"VEHICLE","velocity":{"y":0,"x":0,"z":0}}],[{"acceleration":{"y":0,"x":0,"z":0},"position":{"y":4182679.35,"x":552563.68,"z":11.04},"volume":0.01,"type":"VEHICLE","velocity":{"y":0,"x":0,"z":0}},{"acceleration":{"y":0,"x":0,"z":0},"position":{"y":4182674.66,"x":552533.62,"z":10.13},"volume":11.71,"type":"VEHICLE","velocity":{"y":0,"x":0,"z":0}},{"acceleration":{"y":-0.85,"x":0.51,"z":0},"position":{"y":4182668.89,"x":552543.28,"z":10.31},"volume":71.68,"type":"VEHICLE","velocity":{"y":-0.08,"x":3.65,"z":0}},{"acceleration":{"y":0,"x":0,"z":0},"position":{"y":4182668.22,"x":552531.72,"z":10.37},"volume":8.33,"type":"VEHICLE","velocity":{"y":0,"x":0,"z":0}}],[{"acceleration":{"y":0,"x":0,"z":0},"position":{"y":4182679.38,"x":552564.1,"z":11.21},"volume":0,"type":"VEHICLE","velocity":{"y":0,"x":0,"z":0}},{"acceleration":{"y":0,"x":0,"z":0},"position":{"y":4182674.66,"x":552533.65,"z":10.13},"volume":12.37,"type":"VEHICLE","velocity":{"y":0,"x":0,"z":0}},{"acceleration":{"y":0.28,"x":0.87,"z":0},"position":{"y":4182669.44,"x":552546.5,"z":10.35},"volume":76.65,"type":"VEHICLE","velocity":{"y":0.31,"x":4.29,"z":0}},{"acceleration":{"y":0.43,"x":1.52,"z":0},"position":{"y":4182668.63,"x":552533.01,"z":10.37},"volume":13.79,"type":"VEHICLE","velocity":{"y":0.34,"x":1.23,"z":0}}],[{"acceleration":{"y":0,"x":0,"z":0},"position":{"y":4182679.35,"x":552563.68,"z":11.12},"volume":0.01,"type":"VEHICLE","velocity":{"y":0,"x":0,"z":0}},{"acceleration":{"y":0,"x":0,"z":0},"position":{"y":4182674.66,"x":552533.6,"z":10.13},"volume":11.82,"type":"VEHICLE","velocity":{"y":0,"x":0,"z":0}},{"acceleration":{"y":0.56,"x":0.37,"z":0},"position":{"y":4182670.82,"x":552550.53,"z":10.33},"volume":128.54,"type":"VEHICLE","velocity":{"y":0.66,"x":4.24,"z":0}}]],"action_description":"NPC vehicle (Hatchback) driving on the right lane","ev_state":[-343.355529785156,10.1238269805908,190.034317016602,0,0,0,12,-1,359.818542480469,87.937255859375,359.921112060547,0.0053095128354722415],"collision_probability":0.207}
 timestamp= 1619794500000 [RUN] Validate G1 Guard Condition: 
The ego vehicle E Detection.Collision == True.
 timestamp= 1619794500000 [RES] Global Validate result: 
false
 timestamp= 1619794500000 [RUN] Validate G2 Guard Condition: 
The ego vehicle E Detection.OffRoad == True.
 timestamp= 1619794500000 [RES] Global Validate result: 
false
 timestamp= 1619794500000 [RUN] Validate G3 Guard Condition: 
The ego vehicle E Detection.HardBrake == True.
 timestamp= 1619794500000 [RES] Global Validate result: 
false
 timestamp= 1619794500000 [RUN] Validate G4 Guard Condition: 
The ego vehicle E Detection.ArrivalTest == True.
 timestamp= 1619794500000 [RES] Global Validate result: 
false
 timestamp= 1619794500000 [RUN] Validate step: 
The test system VALIDATES THAT the Apollo A Status.GetControl is nearly equal to {"acceleration": 0.3, "throttle": 36.17, "steering_target": 13.01, "brake": 0.0, "steering_rate": 100.0, "speed": 0.0}
 timestamp= 1619794500000 [RES] Validate result: 
true
 timestamp= 1619794500000 [RUN] Generate steps
 timestamp= 1619794500000 [RUN] Validate step: 
The test system VALIDATES THAT the simulator S Status.GetEnvironment is nearly equal to {"x": -343.36, "y": 10.12, "z": 190.03, "rain": 0.0, "fog": 0.0, "wetness": 0.0, "timeofday": 12.0, "signal": -1.0, "rx": 359.82, "ry": 87.94, "rz": 359.92, "speed": 0.01}
 timestamp= 1619794500000 [RES] Validate result: 
true
 timestamp= 1619794500000 [RUN] Execute API step: 
The environment controller C INVOKES API Control.Agents.NPCVehicle.NPCVehicleSwitchLane(which_lane=Left_Lane&which_car=Hatchback).
 timestamp= 1619794505000 [RES] API result: 
{"pose_arr":[{"vx":0,"ay":-0.31,"az":9.79,"ax":0.03,"pz":10.12,"vy":0,"px":552529.28,"py":4182676.01},{"vx":0,"ay":0.21,"az":9.83,"ax":-0.02,"pz":10.12,"vy":0,"px":552529.28,"py":4182676.01},{"vx":0,"ay":0.36,"az":9.84,"ax":-0.04,"pz":10.12,"vy":0,"px":552529.28,"py":4182676.01},{"vx":0,"ay":-0.15,"az":9.81,"ax":0.01,"pz":10.12,"vy":0,"px":552529.28,"py":4182676.01},{"vx":0,"ay":-0.08,"az":9.8,"ax":0.01,"pz":10.12,"vy":0,"px":552529.28,"py":4182676.01},{"vx":0,"ay":-0.05,"az":9.81,"ax":0.01,"pz":10.12,"vy":0,"px":552529.29,"py":4182676.01},{"vx":0,"ay":0,"az":9.81,"ax":-0.01,"pz":10.12,"vy":0,"px":552529.29,"py":4182676.01},{"vx":0,"ay":-0.02,"az":9.81,"ax":0,"pz":10.12,"vy":0,"px":552529.29,"py":4182676.01}],"traffic_light":[1,1,1,1,1,1,1,1],"state_arr":[{"acceleration":0.31,"throttle":36.73,"steering_target":13.01,"brake":0,"steering_rate":100,"speed":0.01},{"acceleration":0.28,"throttle":43.02,"steering_target":13.01,"brake":0,"steering_rate":100,"speed":0},{"acceleration":0.27,"throttle":44.96,"steering_target":13.01,"brake":0,"steering_rate":100,"speed":0.01},{"acceleration":0.27,"throttle":44.67,"steering_target":13.01,"brake":0,"steering_rate":100,"speed":0},{"acceleration":0.27,"throttle":44.37,"steering_target":13.01,"brake":0,"steering_rate":100,"speed":0},{"acceleration":0.27,"throttle":44.99,"steering_target":13.01,"brake":0,"steering_rate":100,"speed":0},{"acceleration":0.27,"throttle":45.78,"steering_target":13.01,"brake":0,"steering_rate":100,"speed":0},{"acceleration":0.27,"throttle":45.43,"steering_target":13.01,"brake":0,"steering_rate":100,"speed":0},{"acceleration":0.29,"throttle":35.38,"steering_target":13.01,"brake":0,"steering_rate":100,"speed":0},{"acceleration":0.29,"throttle":37.43,"steering_target":13.01,"brake":0,"steering_rate":100,"speed":0}],"obstacle_arr":[[{"acceleration":{"y":0,"x":0,"z":0},"position":{"y":4182679.36,"x":552563.92,"z":11.17},"volume":0,"type":"VEHICLE","velocity":{"y":0,"x":0,"z":0}},{"acceleration":{"y":0,"x":0,"z":0},"position":{"y":4182674.66,"x":552533.62,"z":10.13},"volume":11.92,"type":"VEHICLE","velocity":{"y":0,"x":0,"z":0}},{"acceleration":{"y":0.34,"x":-0.6,"z":0},"position":{"y":4182670.46,"x":552550.9,"z":10.34},"volume":115.79,"type":"VEHICLE","velocity":{"y":0.84,"x":3.64,"z":0}},{"acceleration":{"y":0,"x":0,"z":0},"position":{"y":4182668.96,"x":552534.84,"z":10.35},"volume":15.69,"type":"VEHICLE","velocity":{"y":0,"x":0,"z":0}},{"acceleration":{"y":0,"x":0,"z":0},"position":{"y":4182690.5,"x":552519.76,"z":10.43},"volume":0.05,"type":"PEDESTRIAN","velocity":{"y":0,"x":0,"z":0}}],[{"acceleration":{"y":0,"x":0,"z":0},"position":{"y":4182679.34,"x":552563.65,"z":11.11},"volume":0.01,"type":"VEHICLE","velocity":{"y":0,"x":0,"z":0}},{"acceleration":{"y":0,"x":0,"z":0},"position":{"y":4182674.66,"x":552533.6,"z":10.13},"volume":11.73,"type":"VEHICLE","velocity":{"y":0,"x":0,"z":0}},{"acceleration":{"y":-0.43,"x":-2.36,"z":0},"position":{"y":4182670.45,"x":552551.6,"z":10.32},"volume":127.25,"type":"VEHICLE","velocity":{"y":0.4,"x":1.83,"z":0}},{"acceleration":{"y":0,"x":0,"z":0},"position":{"y":4182668.8,"x":552534.99,"z":10.35},"volume":12.54,"type":"VEHICLE","velocity":{"y":0,"x":0,"z":0}},{"acceleration":{"y":-0.01,"x":0.01,"z":0},"position":{"y":4182683.39,"x":552551.18,"z":10.51},"volume":2.36,"type":"VEHICLE","velocity":{"y":-0.72,"x":1.11,"z":0}}],[{"acceleration":{"y":0,"x":0,"z":0},"position":{"y":4182679.32,"x":552563.73,"z":10.4},"volume":0.65,"type":"VEHICLE","velocity":{"y":0,"x":0,"z":0}},{"acceleration":{"y":0,"x":0,"z":0},"position":{"y":4182674.66,"x":552533.62,"z":10.13},"volume":11.93,"type":"VEHICLE","velocity":{"y":0,"x":0,"z":0}},{"acceleration":{"y":-0.63,"x":-2.58,"z":0},"position":{"y":4182670.29,"x":552552.22,"z":10.32},"volume":102.21,"type":"VEHICLE","velocity":{"y":0,"x":0,"z":0}},{"acceleration":{"y":0,"x":0,"z":0},"position":{"y":4182668.52,"x":552535.11,"z":10.35},"volume":16.51,"type":"VEHICLE","velocity":{"y":0,"x":0,"z":0}},{"acceleration":{"y":0,"x":0,"z":0},"position":{"y":4182671.64,"x":552545.32,"z":10.44},"volume":0.03,"type":"PEDESTRIAN","velocity":{"y":0,"x":0,"z":0}},{"acceleration":{"y":0,"x":0,"z":0},"position":{"y":4182690.5,"x":552519.76,"z":10.43},"volume":0.05,"type":"PEDESTRIAN","velocity":{"y":0,"x":0,"z":0}}],[{"acceleration":{"y":0,"x":0,"z":0},"position":{"y":4182679.37,"x":552563.94,"z":11.14},"volume":0.01,"type":"VEHICLE","velocity":{"y":0,"x":0,"z":0}},{"acceleration":{"y":0,"x":0,"z":0},"position":{"y":4182674.67,"x":552533.63,"z":10.13},"volume":11.97,"type":"VEHICLE","velocity":{"y":0,"x":0,"z":0}},{"acceleration":{"y":-0.12,"x":-0.58,"z":0},"position":{"y":4182670.31,"x":552552.21,"z":10.32},"volume":98.02,"type":"VEHICLE","velocity":{"y":0,"x":0,"z":0}},{"acceleration":{"y":0,"x":0,"z":0},"position":{"y":4182671.5,"x":552545.28,"z":10.45},"volume":0.05,"type":"PEDESTRIAN","velocity":{"y":0,"x":0,"z":0}}],[{"acceleration":{"y":0,"x":0,"z":0},"position":{"y":4182679.37,"x":552563.92,"z":11.14},"volume":0,"type":"VEHICLE","velocity":{"y":0,"x":0,"z":0}},{"acceleration":{"y":0,"x":0,"z":0},"position":{"y":4182674.66,"x":552533.63,"z":10.13},"volume":11.92,"type":"VEHICLE","velocity":{"y":0,"x":0,"z":0}},{"acceleration":{"y":0,"x":0,"z":0},"position":{"y":4182671.52,"x":552545.3,"z":10.45},"volume":0.19,"type":"PEDESTRIAN","velocity":{"y":0,"x":0,"z":0}},{"acceleration":{"y":0,"x":-0.01,"z":0},"position":{"y":4182672.38,"x":552540.4,"z":10.81},"volume":0.05,"type":"PEDESTRIAN","velocity":{"y":0.05,"x":-0.82,"z":0}}],[{"acceleration":{"y":0,"x":0,"z":0},"position":{"y":4182679.37,"x":552563.91,"z":11.14},"volume":0,"type":"VEHICLE","velocity":{"y":0,"x":0,"z":0}},{"acceleration":{"y":0,"x":0,"z":0},"position":{"y":4182674.66,"x":552533.63,"z":10.13},"volume":11.91,"type":"VEHICLE","velocity":{"y":0,"x":0,"z":0}},{"acceleration":{"y":0,"x":0,"z":0},"position":{"y":4182671.52,"x":552545.31,"z":10.45},"volume":0.19,"type":"PEDESTRIAN","velocity":{"y":0,"x":0,"z":0}},{"acceleration":{"y":-0.06,"x":0.73,"z":0},"position":{"y":4182672.42,"x":552540.08,"z":10.9},"volume":0.08,"type":"PEDESTRIAN","velocity":{"y":0,"x":0,"z":0}},{"acceleration":{"y":0,"x":0.03,"z":0},"position":{"y":4182669.04,"x":552538.32,"z":10.35},"volume":13.03,"type":"VEHICLE","velocity":{"y":0.46,"x":1.66,"z":0}}],[{"acceleration":{"y":0,"x":0,"z":0},"position":{"y":4182679.36,"x":552563.69,"z":11.15},"volume":0.01,"type":"VEHICLE","velocity":{"y":0,"x":0,"z":0}},{"acceleration":{"y":0,"x":0,"z":0},"position":{"y":4182674.66,"x":552533.65,"z":10.13},"volume":11.91,"type":"VEHICLE","velocity":{"y":0,"x":0,"z":0}},{"acceleration":{"y":0,"x":0,"z":0},"position":{"y":4182671.52,"x":552545.31,"z":10.45},"volume":0.19,"type":"PEDESTRIAN","velocity":{"y":0,"x":0,"z":0}},{"acceleration":{"y":0.27,"x":0.75,"z":0},"position":{"y":4182669.67,"x":552540.16,"z":10.34},"volume":8.36,"type":"VEHICLE","velocity":{"y":0.7,"x":1.97,"z":0}}],[{"acceleration":{"y":0,"x":0,"z":0},"position":{"y":4182679.36,"x":552563.68,"z":11.15},"volume":0.01,"type":"VEHICLE","velocity":{"y":0,"x":0,"z":0}},{"acceleration":{"y":0,"x":0,"z":0},"position":{"y":4182674.66,"x":552533.64,"z":10.13},"volume":11.88,"type":"VEHICLE","velocity":{"y":0,"x":0,"z":0}}]],"action_description":"NPC vehicle (SchoolBus) switching lane (left to right)","ev_state":[-343.348937988281,10.1229963302612,190.034301757813,0,0,0,12,-1,359.869110107422,87.9165802001953,359.921722412109,0.004079090738054578],"collision_probability":0.208}
 timestamp= 1619794505000 [RUN] Validate G1 Guard Condition: 
The ego vehicle E Detection.Collision == True.
 timestamp= 1619794505000 [RES] Global Validate result: 
false
 timestamp= 1619794505000 [RUN] Validate G2 Guard Condition: 
The ego vehicle E Detection.OffRoad == True.
 timestamp= 1619794505000 [RES] Global Validate result: 
true
 timestamp= 1619794505000 [RUN] OffRoad == True
 timestamp= 1619794505000 [RUN] The simulator S INVOKES API Command.Simulation.Stop() to stop simulation.
 timestamp= 1619794505000 [WARNING] The test system Stop the Simulator S!
 timestamp= 1619794505000 [RUN] ABORT.
 timestamp= 1619794505000 [ERROR] The test system Abort!
 timestamp= 1619794505000 [RUN] Validate G3 Guard Condition: 
The ego vehicle E Detection.HardBrake == True.
 timestamp= 1619794505000 [RES] Global Validate result: 
false
 timestamp= 1619794505000 [RUN] Validate G4 Guard Condition: 
The ego vehicle E Detection.ArrivalTest == True.
 timestamp= 1619794505000 [RES] Global Validate result: 
false
 timestamp= 1619794505000 [RES] Basic PostCondition Validate result: 
false
 timestamp= 1619794505000 [STOP] numberOfStep: 34 basicFlow: 
[{"name":"","description":"","eClass":"Sentence","content":"The test system VALIDATES THAT the simulator S Status.GetEnvironment is nearly equal to {\"x\": -440.79, \"y\": 10.12, \"z\": 214.07, \"rain\": 0.0, \"fog\": 0.0, \"wetness\": 0.0, \"timeofday\": 12.0, \"signal\": 1.0, \"rx\": 359.96, \"ry\": 210.07, \"rz\": 0.0, \"speed\": 3.47}","natures":[]},{"name":"","description":"","eClass":"Sentence","content":"The environment controller C INVOKES API Control.Agents.NPCVehicle.NPCVehicleMaintainLane(which_lane=Current_Lane&which_car=BoxTruck).","natures":[]},{"name":"","description":"","eClass":"Sentence","content":"The test system VALIDATES THAT the Apollo A Status.GetControl is nearly equal to {\"acceleration\": -0.18, \"throttle\": 0.0, \"steering_target\": 20.75, \"brake\": 14.5, \"steering_rate\": 100.0, \"speed\": 3.17}","natures":[]},{"name":"","description":"","eClass":"Sentence","content":"The test system VALIDATES THAT the simulator S Status.GetEnvironment is nearly equal to {\"x\": -446.72, \"y\": 10.12, \"z\": 202.61, \"rain\": 0.0, \"fog\": 0.0, \"wetness\": 0.0, \"timeofday\": 12.0, \"signal\": 1.0, \"rx\": 0.03, \"ry\": 200.85, \"rz\": 359.88, \"speed\": 3.17}","natures":[]},{"name":"","description":"","eClass":"Sentence","content":"The environment controller C INVOKES API Control.Agents.NPCVehicle.NPCVehicleSwitchLane(which_lane=Current_Lane&which_car=Jeep).","natures":[]},{"name":"","description":"","eClass":"Sentence","content":"The test system VALIDATES THAT the Apollo A Status.GetControl is nearly equal to {\"acceleration\": 0.58, \"throttle\": 20.46, \"steering_target\": 30.98, \"brake\": 0.0, \"steering_rate\": 100.0, \"speed\": 3.25}","natures":[]},{"name":"","description":"","eClass":"Sentence","content":"The test system VALIDATES THAT the simulator S Status.GetEnvironment is nearly equal to {\"x\": -442.76, \"y\": 10.12, \"z\": 192.02, \"rain\": 0.0, \"fog\": 0.0, \"wetness\": 0.0, \"timeofday\": 12.0, \"signal\": 0.0, \"rx\": 0.01, \"ry\": 123.32, \"rz\": 359.69, \"speed\": 3.25}","natures":[]},{"name":"","description":"","eClass":"Sentence","content":"The environment controller C INVOKES API Control.Agents.NPCVehicle.NPCVehicleMaintainLane(which_lane=Left_Lane&which_car=Sedan).","natures":[]},{"name":"","description":"","eClass":"Sentence","content":"The test system VALIDATES THAT the Apollo A Status.GetControl is nearly equal to {\"acceleration\": 0.58, \"throttle\": 15.7, \"steering_target\": -1.13, \"brake\": 0.0, \"steering_rate\": 100.0, \"speed\": 6.83}","natures":[]},{"name":"","description":"","eClass":"Sentence","content":"The test system VALIDATES THAT the simulator S Status.GetEnvironment is nearly equal to {\"x\": -420.82, \"y\": 10.12, \"z\": 189.6, \"rain\": 0.0, \"fog\": 0.0, \"wetness\": 0.0, \"timeofday\": 12.0, \"signal\": -1.0, \"rx\": 359.97, \"ry\": 88.96, \"rz\": 359.93, \"speed\": 6.83}","natures":[]},{"name":"","description":"","eClass":"Sentence","content":"The environment controller C INVOKES API Control.Agents.NPCVehicle.NPCVehicleSwitchLane(which_lane=Right_Lane&which_car=SchoolBus).","natures":[]},{"name":"","description":"","eClass":"Sentence","content":"The test system VALIDATES THAT the Apollo A Status.GetControl is nearly equal to {\"acceleration\": 0.04, \"throttle\": 15.7, \"steering_target\": -3.01, \"brake\": 0.0, \"steering_rate\": 100.0, \"speed\": 8.18}","natures":[]},{"name":"","description":"","eClass":"Sentence","content":"The test system VALIDATES THAT the simulator S Status.GetEnvironment is nearly equal to {\"x\": -389.19, \"y\": 10.12, \"z\": 190.06, \"rain\": 0.0, \"fog\": 0.0, \"wetness\": 0.0, \"timeofday\": 12.0, \"signal\": -1.0, \"rx\": 359.99, \"ry\": 88.97, \"rz\": 0.03, \"speed\": 8.22}","natures":[]},{"name":"","description":"","eClass":"Sentence","content":"The environment controller C INVOKES API Control.Agents.NPCVehicle.NPCVehicleMaintainLane(which_lane=Current_Lane&which_car=SchoolBus).","natures":[]},{"name":"","description":"","eClass":"Sentence","content":"The test system VALIDATES THAT the Apollo A Status.GetControl is nearly equal to {\"acceleration\": 1.05, \"throttle\": 66.81, \"steering_target\": 0.17, \"brake\": 0.0, \"steering_rate\": 100.0, \"speed\": 0.01}","natures":[]},{"name":"","description":"","eClass":"Sentence","content":"The test system VALIDATES THAT the simulator S Status.GetEnvironment is nearly equal to {\"x\": -385.54, \"y\": 10.12, \"z\": 190.04, \"rain\": 0.0, \"fog\": 0.0, \"wetness\": 0.0, \"timeofday\": 12.0, \"signal\": -1.0, \"rx\": 359.73, \"ry\": 91.13, \"rz\": 359.96, \"speed\": 0.0}","natures":[]},{"name":"","description":"","eClass":"Sentence","content":"The environment controller C INVOKES API Control.Agents.NPCVehicle.NPCVehicleMaintainLane(which_lane=Left_Lane&which_car=SUV).","natures":[]},{"name":"","description":"","eClass":"Sentence","content":"The test system VALIDATES THAT the Apollo A Status.GetControl is nearly equal to {\"acceleration\": 2.8, \"throttle\": 98.74, \"steering_target\": 0.17, \"brake\": 0.0, \"steering_rate\": 100.0, \"speed\": 0.0}","natures":[]},{"name":"","description":"","eClass":"Sentence","content":"The test system VALIDATES THAT the simulator S Status.GetEnvironment is nearly equal to {\"x\": -385.54, \"y\": 10.12, \"z\": 190.04, \"rain\": 0.0, \"fog\": 0.0, \"wetness\": 0.0, \"timeofday\": 12.0, \"signal\": -1.0, \"rx\": 359.63, \"ry\": 91.22, \"rz\": 359.94, \"speed\": 0.0}","natures":[]},{"name":"","description":"","eClass":"Sentence","content":"The environment controller C INVOKES API Control.Agents.NPCVehicle.NPCVehicleMaintainLane(which_lane=Current_Lane&which_car=SchoolBus).","natures":[]},{"name":"","description":"","eClass":"Sentence","content":"The test system VALIDATES THAT the Apollo A Status.GetControl is nearly equal to {\"acceleration\": 0.49, \"throttle\": 19.71, \"steering_target\": 0.19, \"brake\": 0.0, \"steering_rate\": 100.0, \"speed\": 7.56}","natures":[]},{"name":"","description":"","eClass":"Sentence","content":"The test system VALIDATES THAT the simulator S Status.GetEnvironment is nearly equal to {\"x\": -364.1, \"y\": 10.12, \"z\": 189.9, \"rain\": 0.0, \"fog\": 0.0, \"wetness\": 0.0, \"timeofday\": 12.0, \"signal\": -1.0, \"rx\": 359.98, \"ry\": 89.88, \"rz\": 359.99, \"speed\": 7.56}","natures":[]},{"name":"","description":"","eClass":"Sentence","content":"The environment controller C INVOKES API Control.Agents.NPCVehicle.NPCVehicleSwitchLane(which_lane=Left_Lane&which_car=SUV).","natures":[]},{"name":"","description":"","eClass":"Sentence","content":"The test system VALIDATES THAT the Apollo A Status.GetControl is nearly equal to {\"acceleration\": 0.28, \"throttle\": 42.12, \"steering_target\": 13.01, \"brake\": 0.0, \"steering_rate\": 100.0, \"speed\": 0.01}","natures":[]},{"name":"","description":"","eClass":"Sentence","content":"The test system VALIDATES THAT the simulator S Status.GetEnvironment is nearly equal to {\"x\": -343.37, \"y\": 10.13, \"z\": 190.03, \"rain\": 0.0, \"fog\": 0.0, \"wetness\": 0.0, \"timeofday\": 12.0, \"signal\": -1.0, \"rx\": 359.56, \"ry\": 88.02, \"rz\": 0.04, \"speed\": 0.01}","natures":[]},{"name":"","description":"","eClass":"Sentence","content":"The environment controller C INVOKES API Control.Agents.Pedestrians.WalkRandomly(which_lane=Right_Lane).","natures":[]},{"name":"","description":"","eClass":"Sentence","content":"The test system VALIDATES THAT the Apollo A Status.GetControl is nearly equal to {\"acceleration\": 0.26, \"throttle\": 50.44, \"steering_target\": 13.01, \"brake\": 0.0, \"steering_rate\": 100.0, \"speed\": 0.0}","natures":[]},{"name":"","description":"","eClass":"Sentence","content":"The test system VALIDATES THAT the simulator S Status.GetEnvironment is nearly equal to {\"x\": -343.36, \"y\": 10.12, \"z\": 190.03, \"rain\": 0.0, \"fog\": 0.0, \"wetness\": 0.0, \"timeofday\": 12.0, \"signal\": -1.0, \"rx\": 359.79, \"ry\": 87.96, \"rz\": 359.92, \"speed\": 0.0}","natures":[]},{"name":"","description":"","eClass":"Sentence","content":"The environment controller C INVOKES API Control.Agents.NPCVehicle.NPCVehicleMaintainLane(which_lane=Right_Lane&which_car=Hatchback).","natures":[]},{"name":"","description":"","eClass":"Sentence","content":"The test system VALIDATES THAT the Apollo A Status.GetControl is nearly equal to {\"acceleration\": 0.3, \"throttle\": 36.17, \"steering_target\": 13.01, \"brake\": 0.0, \"steering_rate\": 100.0, \"speed\": 0.0}","natures":[]},{"name":"","description":"","eClass":"Sentence","content":"The test system VALIDATES THAT the simulator S Status.GetEnvironment is nearly equal to {\"x\": -343.36, \"y\": 10.12, \"z\": 190.03, \"rain\": 0.0, \"fog\": 0.0, \"wetness\": 0.0, \"timeofday\": 12.0, \"signal\": -1.0, \"rx\": 359.82, \"ry\": 87.94, \"rz\": 359.92, \"speed\": 0.01}","natures":[]},{"name":"","description":"","eClass":"Sentence","content":"The environment controller C INVOKES API Control.Agents.NPCVehicle.NPCVehicleSwitchLane(which_lane=Left_Lane&which_car=Hatchback).","natures":[]},{"name":"","description":"","eClass":"Sentence","content":"The test system VALIDATES THAT the Apollo A Status.GetControl is nearly equal to {\"acceleration\": 0.29, \"throttle\": 37.43, \"steering_target\": 13.01, \"brake\": 0.0, \"steering_rate\": 100.0, \"speed\": 0.0}","natures":[]},{"name":"","description":"","eClass":"Sentence","content":"","natures":[]}]
