 timestamp= 1619796305000 [START] Now Run TCS Maintain Lane On Road1 Mode: dynamic Roadnum: 4 Second: 4
 timestamp= 1619796305000 [SUCCESS] TCS Check Success 
 timestamp= 1619796307000 [RUN] Run BasicFlow
 timestamp= 1619796307000 [RUN] Generate steps
 timestamp= 1619796307000 [RUN] Validate step: 
The test system VALIDATES THAT the simulator S Status.GetEnvironment is nearly equal to {"x": -440.89, "y": 10.12, "z": 213.88, "rain": 0.0, "fog": 0.0, "wetness": 0.0, "timeofday": 12.0, "signal": 1.0, "rx": 359.97, "ry": 210.05, "rz": -0.0, "speed": 3.25}
 timestamp= 1619796307000 [RES] Validate result: 
true
 timestamp= 1619796307000 [RUN] Execute API step: 
The environment controller C INVOKES API Control.Agents.NPCVehicle.NPCVehicleMaintainLane(which_lane=Right_Lane&which_car=BoxTruck).
 timestamp= 1619796311000 [RES] API result: 
{"pose_arr":[{"vx":-2.81,"ay":0.24,"az":9.81,"ax":-0.34,"pz":10.12,"vy":-2.81,"px":552433.77,"py":4182701.07},{"vx":-3.05,"ay":0.15,"az":9.81,"ax":-0.23,"pz":10.12,"vy":-3.05,"px":552432.59,"py":4182699.04},{"vx":-3.23,"ay":0.13,"az":9.81,"ax":-0.24,"pz":10.12,"vy":-3.23,"px":552431.26,"py":4182696.74},{"vx":-3.01,"ay":-0.11,"az":9.81,"ax":-0.97,"pz":10.13,"vy":-3.01,"px":552430.19,"py":4182694.87},{"vx":-2.95,"ay":-0.23,"az":9.81,"ax":0.45,"pz":10.13,"vy":-2.95,"px":552429.02,"py":4182692.71},{"vx":-3.04,"ay":-1.38,"az":9.81,"ax":0.16,"pz":10.13,"vy":-3.04,"px":552428.03,"py":4182690.61}],"traffic_light":[3,3,3,0,0,0],"state_arr":[{"acceleration":0.51,"throttle":19.05,"steering_target":0.31,"brake":0,"steering_rate":100,"speed":3.24},{"acceleration":0.22,"throttle":15.7,"steering_target":-0.21,"brake":0,"steering_rate":100,"speed":3.5},{"acceleration":-0.02,"throttle":0,"steering_target":0.73,"brake":14.5,"steering_rate":100,"speed":3.67},{"acceleration":0.07,"throttle":15.7,"steering_target":4.41,"brake":0,"steering_rate":100,"speed":3.43},{"acceleration":-0.04,"throttle":0,"steering_target":11.14,"brake":14.5,"steering_rate":100,"speed":3.39},{"acceleration":-0.13,"throttle":0,"steering_target":20.15,"brake":14.5,"steering_rate":100,"speed":3.34},{"acceleration":0.06,"throttle":23.66,"steering_target":23.4,"brake":0,"steering_rate":100,"speed":3.04}],"obstacle_arr":[[],[{"acceleration":{"y":0,"x":0,"z":0},"position":{"y":4182704.23,"x":552426.69,"z":10.42},"volume":79.61,"type":"VEHICLE","velocity":{"y":0,"x":0,"z":0}}],[{"acceleration":{"y":-1.1,"x":0.08,"z":0},"position":{"y":4182703.02,"x":552426.34,"z":10.41},"volume":80.5,"type":"VEHICLE","velocity":{"y":-1.52,"x":-0.1,"z":0}}],[{"acceleration":{"y":-1.88,"x":-1.03,"z":0},"position":{"y":4182700.31,"x":552425.63,"z":10.47},"volume":73.98,"type":"VEHICLE","velocity":{"y":-3.2,"x":-0.86,"z":0}}],[{"acceleration":{"y":-1.98,"x":-1.46,"z":0},"position":{"y":4182693.33,"x":552423.24,"z":10.37},"volume":65.38,"type":"VEHICLE","velocity":{"y":-5.64,"x":-1.97,"z":0}}],[{"acceleration":{"y":-0.05,"x":-3.24,"z":0},"position":{"y":4182686.35,"x":552417.78,"z":10.62},"volume":19.54,"type":"VEHICLE","velocity":{"y":-6.39,"x":-3.73,"z":0}}]],"action_description":"NPC vehicle (BoxTruck) driving on the right lane","ev_state":[-446.96728515625,10.124698638916,201.696731567383,0,0,0,12,1,0.0242845080792904,197.712814331055,359.846496582031,3.0368541047058057],"collision_probability":0}
 timestamp= 1619796311000 [RUN] Validate G1 Guard Condition: 
The ego vehicle E Detection.Collision == True.
 timestamp= 1619796311000 [RES] Global Validate result: 
false
 timestamp= 1619796311000 [RUN] Validate G2 Guard Condition: 
The ego vehicle E Detection.OffRoad == True.
 timestamp= 1619796311000 [RES] Global Validate result: 
false
 timestamp= 1619796311000 [RUN] Validate G3 Guard Condition: 
The ego vehicle E Detection.HardBrake == True.
 timestamp= 1619796311000 [RES] Global Validate result: 
false
 timestamp= 1619796311000 [RUN] Validate G4 Guard Condition: 
The ego vehicle E Detection.ArrivalTest == True.
 timestamp= 1619796311000 [RES] Global Validate result: 
false
 timestamp= 1619796311000 [RUN] Validate step: 
The test system VALIDATES THAT the Apollo A Status.GetControl is nearly equal to {"acceleration": 0.06, "throttle": 23.66, "steering_target": 23.4, "brake": 0.0, "steering_rate": 100.0, "speed": 3.04}
 timestamp= 1619796311000 [RES] Validate result: 
true
 timestamp= 1619796311000 [RUN] Generate steps
 timestamp= 1619796311000 [RUN] Validate step: 
The test system VALIDATES THAT the simulator S Status.GetEnvironment is nearly equal to {"x": -446.97, "y": 10.12, "z": 201.7, "rain": 0.0, "fog": 0.0, "wetness": 0.0, "timeofday": 12.0, "signal": 1.0, "rx": 0.02, "ry": 197.71, "rz": 359.85, "speed": 3.04}
 timestamp= 1619796311000 [RES] Validate result: 
true
 timestamp= 1619796311000 [RUN] Execute API step: 
The environment controller C INVOKES API Control.Agents.Pedestrians.WalkRandomly(which_lane=Current_Lane).
 timestamp= 1619796314000 [RES] API result: 
{"pose_arr":[{"vx":-3.02,"ay":-0.04,"az":9.8,"ax":-0.27,"pz":10.12,"vy":-3.02,"px":552427.36,"py":4182688.8},{"vx":-3.6,"ay":-0.07,"az":9.83,"ax":0.88,"pz":10.12,"vy":-3.6,"px":552426.84,"py":4182686.5},{"vx":-2.96,"ay":0.06,"az":9.81,"ax":0.71,"pz":10.13,"vy":-2.96,"px":552426.73,"py":4182684.03},{"vx":-2.28,"ay":-0.12,"az":9.81,"ax":1.05,"pz":10.13,"vy":-2.28,"px":552426.95,"py":4182682.76},{"vx":-1.77,"ay":-0.08,"az":9.81,"ax":-0.07,"pz":10.13,"vy":-1.77,"px":552427.8,"py":4182680.98},{"vx":-1.51,"ay":0.08,"az":9.81,"ax":-0.86,"pz":10.12,"vy":-1.51,"px":552428.95,"py":4182679.72},{"vx":-1.41,"ay":0,"az":9.81,"ax":0,"pz":10.12,"vy":-1.41,"px":552430.43,"py":4182678.64}],"traffic_light":[0,0,0,0,0,0],"state_arr":[{"acceleration":-0.15,"throttle":0,"steering_target":26.71,"brake":14.5,"steering_rate":100,"speed":3.14},{"acceleration":-0.57,"throttle":0,"steering_target":40.71,"brake":14.5,"steering_rate":100,"speed":3.41},{"acceleration":-0.39,"throttle":0,"steering_target":66.73,"brake":14.5,"steering_rate":100,"speed":3.01},{"acceleration":0.21,"throttle":15.7,"steering_target":69.43,"brake":0,"steering_rate":100,"speed":2.58},{"acceleration":0.32,"throttle":15.7,"steering_target":64.45,"brake":0,"steering_rate":100,"speed":2.64},{"acceleration":0.31,"throttle":15.7,"steering_target":45.92,"brake":0,"steering_rate":100,"speed":2.8},{"acceleration":0.46,"throttle":15.7,"steering_target":28.84,"brake":0,"steering_rate":100,"speed":3.54}],"obstacle_arr":[[],[{"acceleration":{"y":0,"x":-0.02,"z":0},"position":{"y":4182682.73,"x":552391.82,"z":11.88},"volume":12.65,"type":"VEHICLE","velocity":{"y":0,"x":0,"z":0}}],[{"acceleration":{"y":0,"x":0,"z":0},"position":{"y":4182684.24,"x":552378.3,"z":11.55},"volume":26.88,"type":"VEHICLE","velocity":{"y":0,"x":0,"z":0}}],[],[],[]],"action_description":"Pedestrian walking on the front lane","ev_state":[-442.394805908203,10.1246089935303,191.938232421875,0,0,0,12,0,359.913421630859,120.473556518555,359.712921142578,3.5413875214441233],"collision_probability":0}
 timestamp= 1619796314000 [RUN] Validate G1 Guard Condition: 
The ego vehicle E Detection.Collision == True.
 timestamp= 1619796314000 [RES] Global Validate result: 
false
 timestamp= 1619796314000 [RUN] Validate G2 Guard Condition: 
The ego vehicle E Detection.OffRoad == True.
 timestamp= 1619796314000 [RES] Global Validate result: 
false
 timestamp= 1619796314000 [RUN] Validate G3 Guard Condition: 
The ego vehicle E Detection.HardBrake == True.
 timestamp= 1619796314000 [RES] Global Validate result: 
false
 timestamp= 1619796314000 [RUN] Validate G4 Guard Condition: 
The ego vehicle E Detection.ArrivalTest == True.
 timestamp= 1619796314000 [RES] Global Validate result: 
false
 timestamp= 1619796314000 [RUN] Validate step: 
The test system VALIDATES THAT the Apollo A Status.GetControl is nearly equal to {"acceleration": 0.46, "throttle": 15.7, "steering_target": 28.84, "brake": 0.0, "steering_rate": 100.0, "speed": 3.54}
 timestamp= 1619796314000 [RES] Validate result: 
true
 timestamp= 1619796314000 [RUN] Generate steps
 timestamp= 1619796314000 [RUN] Validate step: 
The test system VALIDATES THAT the simulator S Status.GetEnvironment is nearly equal to {"x": -442.39, "y": 10.12, "z": 191.94, "rain": 0.0, "fog": 0.0, "wetness": 0.0, "timeofday": 12.0, "signal": 0.0, "rx": 359.91, "ry": 120.47, "rz": 359.71, "speed": 3.54}
 timestamp= 1619796314000 [RES] Validate result: 
true
 timestamp= 1619796314000 [RUN] Execute API step: 
The environment controller C INVOKES API Control.Agents.NPCVehicle.NPCVehicleSwitchLane(which_lane=Left_Lane&which_car=SchoolBus).
 timestamp= 1619796318000 [RES] API result: 
{"pose_arr":[{"vx":-1.33,"ay":-0.93,"az":9.81,"ax":0.02,"pz":10.12,"vy":-1.33,"px":552431.79,"py":4182677.93},{"vx":-1.14,"ay":0,"az":9.81,"ax":0,"pz":10.12,"vy":-1.14,"px":552434.22,"py":4182677.02},{"vx":-0.78,"ay":-0.24,"az":9.83,"ax":0.15,"pz":10.12,"vy":-0.78,"px":552437.29,"py":4182676.29},{"vx":-0.19,"ay":0.73,"az":9.82,"ax":0.02,"pz":10.12,"vy":-0.19,"px":552441.05,"py":4182675.83},{"vx":-0.15,"ay":2.76,"az":9.82,"ax":0.09,"pz":10.13,"vy":-0.15,"px":552444.27,"py":4182675.69},{"vx":0.03,"ay":-0.05,"az":9.25,"ax":-0.13,"pz":10.15,"vy":0.03,"px":552444.96,"py":4182675.7}],"traffic_light":[3,0,0,0,0,0,0],"state_arr":[{"acceleration":1.04,"throttle":27.72,"steering_target":28.34,"brake":0,"steering_rate":100,"speed":3.78},{"acceleration":-0.04,"throttle":0,"steering_target":18.54,"brake":14.5,"steering_rate":100,"speed":4.8},{"acceleration":0.84,"throttle":24.35,"steering_target":14.09,"brake":0,"steering_rate":100,"speed":5.36},{"acceleration":-0.1,"throttle":0,"steering_target":14.63,"brake":14.5,"steering_rate":100,"speed":5.58},{"acceleration":-2.1,"throttle":0,"steering_target":0.5,"brake":31.94,"steering_rate":100,"speed":5.21},{"acceleration":-3.79,"throttle":0,"steering_target":2.38,"brake":46.05,"steering_rate":100,"speed":3.97},{"acceleration":-1.84,"throttle":0,"steering_target":3.76,"brake":64.01,"steering_rate":100,"speed":0.03}],"obstacle_arr":[[],[],[],[{"acceleration":{"y":0,"x":0,"z":0},"position":{"y":4182675.43,"x":552451.15,"z":10.17},"volume":131.52,"type":"VEHICLE","velocity":{"y":0,"x":0,"z":0}}],[{"acceleration":{"y":0,"x":0,"z":0},"position":{"y":4182675.77,"x":552451.15,"z":10.15},"volume":107.75,"type":"VEHICLE","velocity":{"y":0,"x":0,"z":0}}],[{"acceleration":{"y":0,"x":0,"z":0},"position":{"y":4182675.58,"x":552451.14,"z":10.35},"volume":86.15,"type":"VEHICLE","velocity":{"y":0,"x":0,"z":0}}],[{"acceleration":{"y":0,"x":0,"z":0},"position":{"y":4182675.51,"x":552451.54,"z":10.22},"volume":84.7,"type":"VEHICLE","velocity":{"y":0,"x":0,"z":0}}]],"action_description":"NPC vehicle (BoxTruck) switching lane (left to right)","ev_state":[-427.679016113281,10.1159029006958,189.613845825195,0,0,0,12,-1,0.348344296216965,92.9141464233398,359.29345703125,0.006793492004892746],"collision_probability":1}
 timestamp= 1619796318000 [RUN] Validate G1 Guard Condition: 
The ego vehicle E Detection.Collision == True.
 timestamp= 1619796318000 [RES] Global Validate result: 
true
 timestamp= 1619796318000 [RUN] Collision == True
 timestamp= 1619796318000 [RUN] Validate G2 Guard Condition: 
The ego vehicle E Detection.OffRoad == True.
 timestamp= 1619796318000 [RES] Global Validate result: 
false
 timestamp= 1619796318000 [RUN] Validate G3 Guard Condition: 
The ego vehicle E Detection.HardBrake == True.
 timestamp= 1619796318000 [RES] Global Validate result: 
true
 timestamp= 1619796318000 [RUN] HardBrake == True
 timestamp= 1619796318000 [RUN] RESUME STEP @preStep
 timestamp= 1619796318000 [RUN] Resume step basicflow7
 timestamp= 1619796318000 [RUN] Validate G4 Guard Condition: 
The ego vehicle E Detection.ArrivalTest == True.
 timestamp= 1619796318000 [RES] Global Validate result: 
false
 timestamp= 1619796318000 [RUN] Validate step: 
The test system VALIDATES THAT the Apollo A Status.GetControl is nearly equal to {"acceleration": -1.84, "throttle": 0.0, "steering_target": 3.76, "brake": 64.01, "steering_rate": 100.0, "speed": 0.03}
 timestamp= 1619796318000 [RES] Validate result: 
true
 timestamp= 1619796318000 [RUN] Generate steps
 timestamp= 1619796318000 [RUN] Validate step: 
The test system VALIDATES THAT the simulator S Status.GetEnvironment is nearly equal to {"x": -427.68, "y": 10.12, "z": 189.61, "rain": 0.0, "fog": 0.0, "wetness": 0.0, "timeofday": 12.0, "signal": -1.0, "rx": 0.35, "ry": 92.91, "rz": 359.29, "speed": 0.01}
 timestamp= 1619796318000 [RES] Validate result: 
true
 timestamp= 1619796318000 [RUN] Execute API step: 
The environment controller C INVOKES API Control.Agents.NPCVehicle.NPCVehicleMaintainLane(which_lane=Current_Lane&which_car=SchoolBus).
 timestamp= 1619796322000 [RES] API result: 
{"pose_arr":[{"vx":0,"ay":0.03,"az":10.31,"ax":0.11,"pz":10.13,"vy":0,"px":552444.96,"py":4182675.7},{"vx":-0.04,"ay":0.11,"az":9.52,"ax":-0.43,"pz":10.11,"vy":-0.04,"px":552445.02,"py":4182678.05},{"vx":-0.06,"ay":-2.85,"az":9.81,"ax":-0.41,"pz":10.12,"vy":-0.06,"px":552445.05,"py":4182678.05},{"vx":-0.29,"ay":-4.56,"az":9.8,"ax":-0.51,"pz":10.12,"vy":-0.29,"px":552445.78,"py":4182677.98},{"vx":-0.14,"ay":0.51,"az":9.82,"ax":0.01,"pz":10.12,"vy":-0.14,"px":552448.22,"py":4182677.73},{"vx":-0.18,"ay":-0.56,"az":9.81,"ax":-0.11,"pz":10.12,"vy":-0.18,"px":552450.28,"py":4182677.61},{"vx":-0.2,"ay":-0.47,"az":9.82,"ax":-0.01,"pz":10.12,"vy":-0.2,"px":552452.72,"py":4182677.47}],"traffic_light":[0,3,3,3,3,3],"state_arr":[{"acceleration":0,"throttle":0,"steering_target":0,"brake":50,"steering_rate":0,"speed":0},{"acceleration":1.18,"throttle":63.88,"steering_target":-23.91,"brake":0,"steering_rate":100,"speed":0.1},{"acceleration":1.58,"throttle":90.14,"steering_target":-5.04,"brake":0,"steering_rate":100,"speed":1.66},{"acceleration":-0.06,"throttle":0,"steering_target":11.31,"brake":14.5,"steering_rate":100,"speed":3.44},{"acceleration":0.54,"throttle":19.41,"steering_target":0.97,"brake":0,"steering_rate":100,"speed":3.42},{"acceleration":1.07,"throttle":28.03,"steering_target":-0.19,"brake":0,"steering_rate":100,"speed":3.83},{"acceleration":1.06,"throttle":55.63,"steering_target":1.62,"brake":0,"steering_rate":100,"speed":4.18}],"obstacle_arr":[[],[],[],[],[],[],[]],"action_description":"NPC vehicle (SchoolBus) driving on the current lane","ev_state":[-418.472137451172,10.1245346069336,191.313171386719,0,0,0,12,-1,359.961944580078,92.7640380859375,359.978942871094,4.309851956520777],"collision_probability":0}
 timestamp= 1619796322000 [RUN] Validate G1 Guard Condition: 
The ego vehicle E Detection.Collision == True.
 timestamp= 1619796322000 [RES] Global Validate result: 
false
 timestamp= 1619796322000 [RUN] Validate G2 Guard Condition: 
The ego vehicle E Detection.OffRoad == True.
 timestamp= 1619796322000 [RES] Global Validate result: 
false
 timestamp= 1619796322000 [RUN] Validate G3 Guard Condition: 
The ego vehicle E Detection.HardBrake == True.
 timestamp= 1619796322000 [RES] Global Validate result: 
true
 timestamp= 1619796322000 [RUN] HardBrake == True
 timestamp= 1619796322000 [RUN] RESUME STEP @preStep
 timestamp= 1619796322000 [RUN] Resume step basicflow10
 timestamp= 1619796322000 [RUN] Validate G4 Guard Condition: 
The ego vehicle E Detection.ArrivalTest == True.
 timestamp= 1619796322000 [RES] Global Validate result: 
false
 timestamp= 1619796322000 [RUN] Validate step: 
The test system VALIDATES THAT the Apollo A Status.GetControl is nearly equal to {"acceleration": 1.06, "throttle": 55.63, "steering_target": 1.62, "brake": 0.0, "steering_rate": 100.0, "speed": 4.18}
 timestamp= 1619796322000 [RES] Validate result: 
true
 timestamp= 1619796322000 [RUN] Generate steps
 timestamp= 1619796322000 [RUN] Validate step: 
The test system VALIDATES THAT the simulator S Status.GetEnvironment is nearly equal to {"x": -418.47, "y": 10.12, "z": 191.31, "rain": 0.0, "fog": 0.0, "wetness": 0.0, "timeofday": 12.0, "signal": -1.0, "rx": 359.96, "ry": 92.76, "rz": 359.98, "speed": 4.31}
 timestamp= 1619796322000 [RES] Validate result: 
true
 timestamp= 1619796322000 [RUN] Execute API step: 
The environment controller C INVOKES API Control.TimeOfDay(time_of_day=Noon).
 timestamp= 1619796326000 [RES] API result: 
{"pose_arr":[{"vx":-0.19,"ay":-2.66,"az":9.8,"ax":-0.2,"pz":10.12,"vy":-0.19,"px":552454.42,"py":4182677.39},{"vx":-0.21,"ay":-0.34,"az":9.84,"ax":-0.01,"pz":10.12,"vy":-0.21,"px":552458.1,"py":4182677.23},{"vx":-0.19,"ay":-0.27,"az":9.82,"ax":-0.01,"pz":10.12,"vy":-0.19,"px":552462.3,"py":4182677.07},{"vx":-0.17,"ay":-1.17,"az":9.79,"ax":-0.06,"pz":10.12,"vy":-0.17,"px":552464.94,"py":4182676.99},{"vx":-0.16,"ay":-0.24,"az":9.81,"ax":0,"pz":10.12,"vy":-0.16,"px":552469.95,"py":4182676.86},{"vx":-0.14,"ay":-0.45,"az":9.82,"ax":-0.01,"pz":10.12,"vy":-0.14,"px":552474.36,"py":4182676.76},{"vx":-0.13,"ay":-0.23,"az":9.83,"ax":0,"pz":10.12,"vy":-0.13,"px":552479.55,"py":4182676.66}],"traffic_light":[3,3,3,3,3,3],"state_arr":[{"acceleration":1.78,"throttle":61.1,"steering_target":0.95,"brake":0,"steering_rate":100,"speed":4.62},{"acceleration":0.99,"throttle":15.7,"steering_target":0.52,"brake":0,"steering_rate":100,"speed":5.76},{"acceleration":1.06,"throttle":18.99,"steering_target":0.78,"brake":0,"steering_rate":100,"speed":6.07},{"acceleration":0.93,"throttle":15.7,"steering_target":0.22,"brake":0,"steering_rate":100,"speed":6.57},{"acceleration":1.12,"throttle":15.7,"steering_target":0.53,"brake":0,"steering_rate":100,"speed":6.77},{"acceleration":1.12,"throttle":15.7,"steering_target":0.12,"brake":0,"steering_rate":100,"speed":6.99},{"acceleration":0.97,"throttle":25.87,"steering_target":0.27,"brake":0,"steering_rate":100,"speed":7.38}],"obstacle_arr":[[],[],[],[],[],[],[]],"action_description":"Noon","ev_state":[-392.935913085938,10.1239423751831,190.616821289063,0,0,0,14,-1,359.962768554688,90.9712371826172,359.990417480469,7.685894705111466],"collision_probability":0}
 timestamp= 1619796326000 [RUN] Validate G1 Guard Condition: 
The ego vehicle E Detection.Collision == True.
 timestamp= 1619796326000 [RES] Global Validate result: 
false
 timestamp= 1619796326000 [RUN] Validate G2 Guard Condition: 
The ego vehicle E Detection.OffRoad == True.
 timestamp= 1619796326000 [RES] Global Validate result: 
false
 timestamp= 1619796326000 [RUN] Validate G3 Guard Condition: 
The ego vehicle E Detection.HardBrake == True.
 timestamp= 1619796326000 [RES] Global Validate result: 
false
 timestamp= 1619796326000 [RUN] Validate G4 Guard Condition: 
The ego vehicle E Detection.ArrivalTest == True.
 timestamp= 1619796326000 [RES] Global Validate result: 
false
 timestamp= 1619796326000 [RUN] Validate step: 
The test system VALIDATES THAT the Apollo A Status.GetControl is nearly equal to {"acceleration": 0.97, "throttle": 25.87, "steering_target": 0.27, "brake": 0.0, "steering_rate": 100.0, "speed": 7.38}
 timestamp= 1619796326000 [RES] Validate result: 
true
 timestamp= 1619796326000 [RUN] Generate steps
 timestamp= 1619796326000 [RUN] Validate step: 
The test system VALIDATES THAT the simulator S Status.GetEnvironment is nearly equal to {"x": -392.94, "y": 10.12, "z": 190.62, "rain": 0.0, "fog": 0.0, "wetness": 0.0, "timeofday": 14.0, "signal": -1.0, "rx": 359.96, "ry": 90.97, "rz": 359.99, "speed": 7.69}
 timestamp= 1619796326000 [RES] Validate result: 
true
 timestamp= 1619796326000 [RUN] Execute API step: 
The environment controller C INVOKES API Control.Weather.Rain(rain_level=Heavy).
 timestamp= 1619796329000 [RES] API result: 
{"pose_arr":[{"vx":-0.12,"ay":-3.22,"az":9.74,"ax":-0.05,"pz":10.12,"vy":-0.12,"px":552481.91,"py":4182676.62},{"vx":-0.11,"ay":0.57,"az":9.84,"ax":0,"pz":10.12,"vy":-0.11,"px":552486.99,"py":4182676.55},{"vx":-0.07,"ay":-0.21,"az":9.8,"ax":0,"pz":10.12,"vy":-0.07,"px":552493.85,"py":4182676.47},{"vx":-0.06,"ay":-0.22,"az":9.79,"ax":0,"pz":10.12,"vy":-0.06,"px":552499.11,"py":4182676.44},{"vx":-0.04,"ay":0.62,"az":9.83,"ax":0.06,"pz":10.12,"vy":-0.04,"px":552504.19,"py":4182676.4},{"vx":0,"ay":0.01,"az":9.8,"ax":-0.18,"pz":10.12,"vy":0,"px":552508.55,"py":4182676.38}],"traffic_light":[3,3,3,3,3,3],"state_arr":[{"acceleration":0.99,"throttle":26.25,"steering_target":0.4,"brake":0,"steering_rate":100,"speed":7.69},{"acceleration":0.28,"throttle":15.7,"steering_target":0.03,"brake":0,"steering_rate":100,"speed":8.69},{"acceleration":-0.11,"throttle":0,"steering_target":0.56,"brake":14.5,"steering_rate":100,"speed":8.73},{"acceleration":-0.04,"throttle":0,"steering_target":0.19,"brake":14.5,"steering_rate":100,"speed":8.54},{"acceleration":0.04,"throttle":15.7,"steering_target":-0.12,"brake":0,"steering_rate":100,"speed":8.47},{"acceleration":-0.04,"throttle":0,"steering_target":0.55,"brake":14.5,"steering_rate":100,"speed":8.36},{"acceleration":-0.02,"throttle":0,"steering_target":-0.61,"brake":14.5,"steering_rate":100,"speed":8.35},{"acceleration":0.05,"throttle":15.7,"steering_target":0.52,"brake":0,"steering_rate":100,"speed":8.31}],"obstacle_arr":[[],[],[],[],[],[],[]],"action_description":"Heavy rain","ev_state":[-359.085876464844,10.1238050460815,190.347015380859,1,0,1,14,0,0.004943513777107,90.3398361206055,0.0237236768007278,8.313347214166168],"collision_probability":0}
 timestamp= 1619796329000 [RUN] Validate G1 Guard Condition: 
The ego vehicle E Detection.Collision == True.
 timestamp= 1619796329000 [RES] Global Validate result: 
false
 timestamp= 1619796329000 [RUN] Validate G2 Guard Condition: 
The ego vehicle E Detection.OffRoad == True.
 timestamp= 1619796329000 [RES] Global Validate result: 
false
 timestamp= 1619796329000 [RUN] Validate G3 Guard Condition: 
The ego vehicle E Detection.HardBrake == True.
 timestamp= 1619796329000 [RES] Global Validate result: 
false
 timestamp= 1619796329000 [RUN] Validate G4 Guard Condition: 
The ego vehicle E Detection.ArrivalTest == True.
 timestamp= 1619796329000 [RES] Global Validate result: 
false
 timestamp= 1619796329000 [RUN] Validate step: 
The test system VALIDATES THAT the Apollo A Status.GetControl is nearly equal to {"acceleration": 0.05, "throttle": 15.7, "steering_target": 0.52, "brake": 0.0, "steering_rate": 100.0, "speed": 8.31}
 timestamp= 1619796329000 [RES] Validate result: 
true
 timestamp= 1619796329000 [RUN] Generate steps
 timestamp= 1619796329000 [RUN] Validate step: 
The test system VALIDATES THAT the simulator S Status.GetEnvironment is nearly equal to {"x": -359.09, "y": 10.12, "z": 190.35, "rain": 1.0, "fog": 0.0, "wetness": 1.0, "timeofday": 14.0, "signal": 0.0, "rx": 0.0, "ry": 90.34, "rz": 0.02, "speed": 8.31}
 timestamp= 1619796329000 [RES] Validate result: 
true
 timestamp= 1619796329000 [RUN] Execute API step: 
The environment controller C INVOKES API Control.Weather.Wetness(wetness_level=Moderate).
 timestamp= 1619796333000 [RES] API result: 
{"pose_arr":[{"vx":-0.05,"ay":-0.21,"az":9.81,"ax":0.01,"pz":10.12,"vy":-0.05,"px":552512.64,"py":4182676.38},{"vx":0.01,"ay":-0.22,"az":9.82,"ax":-0.02,"pz":10.12,"vy":0.01,"px":552517.95,"py":4182676.35},{"vx":-0.01,"ay":-0.22,"az":9.8,"ax":0.01,"pz":10.12,"vy":-0.01,"px":552524.22,"py":4182676.36},{"vx":-0.06,"ay":0.62,"az":9.83,"ax":0.39,"pz":10.12,"vy":-0.06,"px":552529.22,"py":4182676.35},{"vx":0.01,"ay":0.9,"az":9.81,"ax":-0.03,"pz":10.12,"vy":0.01,"px":552533.38,"py":4182676.33},{"vx":-0.04,"ay":0.59,"az":9.81,"ax":0.04,"pz":10.13,"vy":-0.04,"px":552538.79,"py":4182676.33},{"vx":-0.02,"ay":0.59,"az":9.82,"ax":0,"pz":10.12,"vy":-0.02,"px":552542.98,"py":4182676.31}],"traffic_light":[2,3,2,3,2,1],"state_arr":[{"acceleration":-0.03,"throttle":0,"steering_target":0.82,"brake":14.5,"steering_rate":100,"speed":8.45},{"acceleration":0,"throttle":15.7,"steering_target":-1.12,"brake":0,"steering_rate":100,"speed":8.45},{"acceleration":0.66,"throttle":15.7,"steering_target":-0.54,"brake":0,"steering_rate":100,"speed":8.3},{"acceleration":-1.07,"throttle":0,"steering_target":0.7,"brake":19.13,"steering_rate":100,"speed":8.06},{"acceleration":-0.71,"throttle":0,"steering_target":-0.9,"brake":43.19,"steering_rate":100,"speed":7.57},{"acceleration":0.34,"throttle":15.7,"steering_target":0.66,"brake":0,"steering_rate":100,"speed":7.15},{"acceleration":0.28,"throttle":17.32,"steering_target":0.24,"brake":0,"steering_rate":100,"speed":6.9}],"obstacle_arr":[[],[],[],[],[],[],[]],"action_description":"Moderate wetness","ev_state":[-327.440124511719,10.1241064071655,190.280166625977,0,0,0.5,14,-1,0.0342479199171066,89.9979476928711,359.981536865234,6.838469559755648],"collision_probability":0}
 timestamp= 1619796333000 [RUN] Validate G1 Guard Condition: 
The ego vehicle E Detection.Collision == True.
 timestamp= 1619796333000 [RES] Global Validate result: 
false
 timestamp= 1619796333000 [RUN] Validate G2 Guard Condition: 
The ego vehicle E Detection.OffRoad == True.
 timestamp= 1619796333000 [RES] Global Validate result: 
false
 timestamp= 1619796333000 [RUN] Validate G3 Guard Condition: 
The ego vehicle E Detection.HardBrake == True.
 timestamp= 1619796333000 [RES] Global Validate result: 
false
 timestamp= 1619796333000 [RUN] Validate G4 Guard Condition: 
The ego vehicle E Detection.ArrivalTest == True.
 timestamp= 1619796333000 [RES] Global Validate result: 
false
 timestamp= 1619796333000 [RUN] Validate step: 
The test system VALIDATES THAT the Apollo A Status.GetControl is nearly equal to {"acceleration": 0.28, "throttle": 17.32, "steering_target": 0.24, "brake": 0.0, "steering_rate": 100.0, "speed": 6.9}
 timestamp= 1619796333000 [RES] Validate result: 
true
 timestamp= 1619796333000 [RUN] Generate steps
 timestamp= 1619796333000 [RUN] Validate step: 
The test system VALIDATES THAT the simulator S Status.GetEnvironment is nearly equal to {"x": -327.44, "y": 10.12, "z": 190.28, "rain": 0.0, "fog": 0.0, "wetness": 0.5, "timeofday": 14.0, "signal": -1.0, "rx": 0.03, "ry": 90.0, "rz": 359.98, "speed": 6.84}
 timestamp= 1619796333000 [RES] Validate result: 
true
 timestamp= 1619796333000 [RUN] Execute API step: 
The environment controller C INVOKES API Control.Agents.NPCVehicle.NPCVehicleMaintainLane(which_lane=Left_Lane&which_car=SchoolBus).
 timestamp= 1619796337000 [RES] API result: 
{"pose_arr":[{"vx":0,"ay":-0.78,"az":9.79,"ax":-0.16,"pz":10.12,"vy":0,"px":552545.61,"py":4182676.3},{"vx":-0.04,"ay":-0.24,"az":9.81,"ax":0,"pz":10.12,"vy":-0.04,"px":552549.93,"py":4182676.29},{"vx":-0.04,"ay":-3.37,"az":9.74,"ax":-0.02,"pz":10.12,"vy":-0.04,"px":552554.17,"py":4182676.27},{"vx":-0.06,"ay":4.45,"az":9.85,"ax":0.03,"pz":10.13,"vy":-0.06,"px":552558.95,"py":4182676.24},{"vx":-0.05,"ay":3.07,"az":9.81,"ax":0.09,"pz":10.13,"vy":-0.05,"px":552561.68,"py":4182676.22},{"vx":-0.03,"ay":3.33,"az":9.81,"ax":0.02,"pz":10.13,"vy":-0.03,"px":552563.64,"py":4182676.2},{"vx":-0.01,"ay":1.8,"az":9.81,"ax":0.02,"pz":10.13,"vy":-0.01,"px":552564.92,"py":4182676.19}],"traffic_light":[3,1,1,1,1],"state_arr":[{"acceleration":1.11,"throttle":15.7,"steering_target":-0.77,"brake":0,"steering_rate":100,"speed":6.91},{"acceleration":0.68,"throttle":15.7,"steering_target":-0.01,"brake":0,"steering_rate":100,"speed":7.03},{"acceleration":0.48,"throttle":16.59,"steering_target":0.13,"brake":0,"steering_rate":100,"speed":7.29},{"acceleration":-5.02,"throttle":0,"steering_target":-0.64,"brake":55.39,"steering_rate":100,"speed":7.81},{"acceleration":-4.27,"throttle":0,"steering_target":0.14,"brake":50.04,"steering_rate":100,"speed":5.47},{"acceleration":-3.37,"throttle":0,"steering_target":0.06,"brake":42.73,"steering_rate":100,"speed":3.44},{"acceleration":-2.08,"throttle":0,"steering_target":-0.08,"brake":32.25,"steering_rate":100,"speed":1.4},{"acceleration":-1.36,"throttle":0,"steering_target":-0.16,"brake":26.25,"steering_rate":100,"speed":0.44}],"obstacle_arr":[[],[{"acceleration":{"y":-0.01,"x":0.02,"z":0},"position":{"y":4182680.46,"x":552549.05,"z":10.45},"volume":22.38,"type":"VEHICLE","velocity":{"y":-0.36,"x":2.69,"z":0}}],[{"acceleration":{"y":0,"x":0,"z":0},"position":{"y":4182680.4,"x":552549.09,"z":10.12},"volume":18.3,"type":"VEHICLE","velocity":{"y":-0.36,"x":2.7,"z":0}}],[{"acceleration":{"y":0,"x":0,"z":0},"position":{"y":4182681.68,"x":552547.14,"z":10.1},"volume":81.64,"type":"VEHICLE","velocity":{"y":-0.36,"x":2.68,"z":0}}],[{"acceleration":{"y":-0.01,"x":-0.01,"z":0},"position":{"y":4182677.89,"x":552547.49,"z":10.08},"volume":66.82,"type":"VEHICLE","velocity":{"y":-0.36,"x":2.67,"z":0}},{"acceleration":{"y":0,"x":0,"z":0},"position":{"y":4182671.45,"x":552546.63,"z":10.8},"volume":0.04,"type":"UNKNOWN","velocity":{"y":0,"x":0,"z":0}}],[{"acceleration":{"y":0,"x":-0.01,"z":0},"position":{"y":4182675.21,"x":552546.09,"z":10.8},"volume":75.75,"type":"VEHICLE","velocity":{"y":-0.41,"x":2.62,"z":0}}],[]],"action_description":"NPC vehicle (SchoolBus) driving on the left lane","ev_state":[-307.468475341797,10.124870300293,190.152114868164,0,0,0.5,14,-1,0.107989221811295,90.5493392944336,-0.000054795018513687,0.30800518534428273],"collision_probability":0}
 timestamp= 1619796337000 [RUN] Validate G1 Guard Condition: 
The ego vehicle E Detection.Collision == True.
 timestamp= 1619796337000 [RES] Global Validate result: 
false
 timestamp= 1619796337000 [RUN] Validate G2 Guard Condition: 
The ego vehicle E Detection.OffRoad == True.
 timestamp= 1619796337000 [RES] Global Validate result: 
false
 timestamp= 1619796337000 [RUN] Validate G3 Guard Condition: 
The ego vehicle E Detection.HardBrake == True.
 timestamp= 1619796337000 [RES] Global Validate result: 
true
 timestamp= 1619796337000 [RUN] HardBrake == True
 timestamp= 1619796337000 [RUN] RESUME STEP @preStep
 timestamp= 1619796337000 [RUN] Resume step basicflow22
 timestamp= 1619796337000 [RUN] Validate G4 Guard Condition: 
The ego vehicle E Detection.ArrivalTest == True.
 timestamp= 1619796337000 [RES] Global Validate result: 
false
 timestamp= 1619796337000 [RUN] Validate step: 
The test system VALIDATES THAT the Apollo A Status.GetControl is nearly equal to {"acceleration": -1.36, "throttle": 0.0, "steering_target": -0.16, "brake": 26.25, "steering_rate": 100.0, "speed": 0.44}
 timestamp= 1619796337000 [RES] Validate result: 
true
 timestamp= 1619796337000 [RUN] Generate steps
 timestamp= 1619796337000 [RUN] Validate step: 
The test system VALIDATES THAT the simulator S Status.GetEnvironment is nearly equal to {"x": -307.47, "y": 10.12, "z": 190.15, "rain": 0.0, "fog": 0.0, "wetness": 0.5, "timeofday": 14.0, "signal": -1.0, "rx": 0.11, "ry": 90.55, "rz": -0.0, "speed": 0.31}
 timestamp= 1619796337000 [RES] Validate result: 
true
 timestamp= 1619796337000 [RUN] Execute API step: 
The environment controller C INVOKES API Control.Agents.NPCVehicle.NPCVehicleMaintainLane(which_lane=Right_Lane&which_car=BoxTruck).
 timestamp= 1619796341000 [RES] API result: 
{"pose_arr":[{"vx":0,"ay":1.59,"az":9.81,"ax":0.02,"pz":10.13,"vy":0,"px":552565.14,"py":4182676.19},{"vx":0,"ay":0,"az":9.81,"ax":0,"pz":10.13,"vy":0,"px":552565.21,"py":4182676.18},{"vx":0,"ay":-2.15,"az":9.81,"ax":-0.02,"pz":10.12,"vy":0,"px":552565.23,"py":4182676.18},{"vx":-0.02,"ay":0.64,"az":9.83,"ax":0.01,"pz":10.12,"vy":-0.02,"px":552565.89,"py":4182676.18},{"vx":-0.02,"ay":-3.89,"az":9.78,"ax":-0.04,"pz":10.12,"vy":-0.02,"px":552566.77,"py":4182676.17},{"vx":-0.02,"ay":2.8,"az":9.83,"ax":0.03,"pz":10.13,"vy":-0.02,"px":552568.16,"py":4182676.15},{"vx":-0.03,"ay":-4.18,"az":9.78,"ax":-0.06,"pz":10.12,"vy":-0.03,"px":552569.33,"py":4182676.14},{"vx":-0.04,"ay":-1.33,"az":9.81,"ax":-0.01,"pz":10.12,"vy":-0.04,"px":552570.78,"py":4182676.12}],"traffic_light":[3,3,3,0,1,3],"state_arr":[{"acceleration":-0.84,"throttle":0,"steering_target":-0.18,"brake":21.25,"steering_rate":100,"speed":0.19},{"acceleration":0.14,"throttle":15.7,"steering_target":-0.2,"brake":0,"steering_rate":100,"speed":0},{"acceleration":0.96,"throttle":60.9,"steering_target":-0.17,"brake":0,"steering_rate":100,"speed":0.68},{"acceleration":-0.61,"throttle":0,"steering_target":-0.1,"brake":15.7,"steering_rate":100,"speed":1.67},{"acceleration":0.01,"throttle":58.77,"steering_target":-0.27,"brake":0,"steering_rate":100,"speed":1.5},{"acceleration":-0.36,"throttle":0,"steering_target":-0.34,"brake":14.5,"steering_rate":100,"speed":1.89},{"acceleration":0.46,"throttle":18.18,"steering_target":-0.23,"brake":0,"steering_rate":100,"speed":2.06},{"acceleration":0.83,"throttle":34.46,"steering_target":-0.03,"brake":0,"steering_rate":100,"speed":3.11}],"obstacle_arr":[[],[{"acceleration":{"y":0,"x":0.01,"z":0},"position":{"y":4182669.12,"x":552567.66,"z":10.49},"volume":106.42,"type":"VEHICLE","velocity":{"y":0,"x":0,"z":0}}],[{"acceleration":{"y":0.63,"x":1.41,"z":0},"position":{"y":4182670.26,"x":552570.65,"z":10.41},"volume":82.63,"type":"VEHICLE","velocity":{"y":1.22,"x":2.65,"z":0}}],[{"acceleration":{"y":1.71,"x":1.85,"z":0},"position":{"y":4182672.84,"x":552575.17,"z":10.33},"volume":102.02,"type":"VEHICLE","velocity":{"y":2.36,"x":3.89,"z":0}}],[{"acceleration":{"y":2.03,"x":2.36,"z":0},"position":{"y":4182676.68,"x":552582.28,"z":10.3},"volume":112.04,"type":"VEHICLE","velocity":{"y":3.61,"x":5.27,"z":0}}],[],[{"acceleration":{"y":0.01,"x":0.06,"z":0},"position":{"y":4182680.45,"x":552602.39,"z":10.89},"volume":79.75,"type":"VEHICLE","velocity":{"y":2.83,"x":10.13,"z":0}}]],"action_description":"NPC vehicle (BoxTruck) driving on the right lane","ev_state":[-301.550323486328,10.1246376037598,190.08235168457,0,0,0.5,14,-1,359.937042236328,90.7261581420898,0.000299451290629804,3.329794043565055],"collision_probability":0}
 timestamp= 1619796341000 [RUN] Validate G1 Guard Condition: 
The ego vehicle E Detection.Collision == True.
 timestamp= 1619796341000 [RES] Global Validate result: 
false
 timestamp= 1619796341000 [RUN] Validate G2 Guard Condition: 
The ego vehicle E Detection.OffRoad == True.
 timestamp= 1619796341000 [RES] Global Validate result: 
false
 timestamp= 1619796341000 [RUN] Validate G3 Guard Condition: 
The ego vehicle E Detection.HardBrake == True.
 timestamp= 1619796341000 [RES] Global Validate result: 
false
 timestamp= 1619796341000 [RUN] Validate G4 Guard Condition: 
The ego vehicle E Detection.ArrivalTest == True.
 timestamp= 1619796341000 [RES] Global Validate result: 
false
 timestamp= 1619796341000 [RUN] Validate step: 
The test system VALIDATES THAT the Apollo A Status.GetControl is nearly equal to {"acceleration": 0.83, "throttle": 34.46, "steering_target": -0.03, "brake": 0.0, "steering_rate": 100.0, "speed": 3.11}
 timestamp= 1619796341000 [RES] Validate result: 
true
 timestamp= 1619796341000 [RUN] Generate steps
 timestamp= 1619796341000 [RUN] Validate step: 
The test system VALIDATES THAT the simulator S Status.GetEnvironment is nearly equal to {"x": -301.55, "y": 10.12, "z": 190.08, "rain": 0.0, "fog": 0.0, "wetness": 0.5, "timeofday": 14.0, "signal": -1.0, "rx": 359.94, "ry": 90.73, "rz": 0.0, "speed": 3.33}
 timestamp= 1619796341000 [RES] Validate result: 
true
 timestamp= 1619796341000 [RUN] Execute API step: 
The environment controller C INVOKES API Control.Agents.NPCVehicle.NPCVehicleSwitchLane(which_lane=Left_Lane&which_car=Hatchback).
 timestamp= 1619796345000 [RES] API result: 
{"pose_arr":[{"vx":-0.06,"ay":-2.74,"az":9.81,"ax":-0.04,"pz":10.12,"vy":-0.06,"px":552572.21,"py":4182676.1},{"vx":-0.08,"ay":-0.26,"az":9.83,"ax":0,"pz":10.12,"vy":-0.08,"px":552575.24,"py":4182676.06},{"vx":-0.08,"ay":-0.46,"az":9.81,"ax":0,"pz":10.12,"vy":-0.08,"px":552578.11,"py":4182676.02},{"vx":-0.08,"ay":-5.03,"az":9.81,"ax":-0.06,"pz":10.12,"vy":-0.08,"px":552581.04,"py":4182675.98},{"vx":-0.09,"ay":-0.24,"az":9.84,"ax":0.04,"pz":10.12,"vy":-0.09,"px":552585.43,"py":4182675.93},{"vx":-0.07,"ay":-0.37,"az":9.81,"ax":0,"pz":10.12,"vy":-0.07,"px":552589.95,"py":4182675.88},{"vx":-0.06,"ay":-0.32,"az":9.81,"ax":-0.01,"pz":10.12,"vy":-0.06,"px":552594.82,"py":4182675.83}],"traffic_light":[3,0,0,0,0,0],"state_arr":[{"acceleration":1.41,"throttle":51.01,"steering_target":-0.27,"brake":0,"steering_rate":100,"speed":3.67},{"acceleration":0.64,"throttle":15.7,"steering_target":-0.03,"brake":0,"steering_rate":100,"speed":5.09},{"acceleration":1.07,"throttle":15.7,"steering_target":0.04,"brake":0,"steering_rate":100,"speed":5.32},{"acceleration":1.28,"throttle":34.06,"steering_target":0.26,"brake":0,"steering_rate":100,"speed":5.55},{"acceleration":0.17,"throttle":15.7,"steering_target":-0.09,"brake":0,"steering_rate":100,"speed":7.03},{"acceleration":0.39,"throttle":15.7,"steering_target":0.25,"brake":0,"steering_rate":100,"speed":7.18},{"acceleration":0.28,"throttle":15.7,"steering_target":0.28,"brake":0,"steering_rate":100,"speed":7.31},{"acceleration":0.22,"throttle":15.7,"steering_target":0.01,"brake":0,"steering_rate":100,"speed":7.48}],"obstacle_arr":[[],[{"acceleration":{"y":0,"x":0,"z":0},"position":{"y":4182683.5,"x":552591.01,"z":10.42},"volume":4.87,"type":"VEHICLE","velocity":{"y":0,"x":0,"z":0}}],[{"acceleration":{"y":0,"x":0,"z":0},"position":{"y":4182683.33,"x":552592.77,"z":10.5},"volume":4.2,"type":"VEHICLE","velocity":{"y":0,"x":0,"z":0}}],[{"acceleration":{"y":0,"x":0.02,"z":0},"position":{"y":4182683.14,"x":552595.41,"z":10.35},"volume":6.49,"type":"VEHICLE","velocity":{"y":-0.31,"x":3.17,"z":0}}],[{"acceleration":{"y":-0.18,"x":1.66,"z":0},"position":{"y":4182683.05,"x":552596.65,"z":10.39},"volume":5.91,"type":"VEHICLE","velocity":{"y":-0.44,"x":4.11,"z":0}}],[{"acceleration":{"y":0.03,"x":1.67,"z":0},"position":{"y":4182682.74,"x":552599.58,"z":10.46},"volume":6.49,"type":"VEHICLE","velocity":{"y":-0.32,"x":5.26,"z":0}}],[{"acceleration":{"y":-0.3,"x":1.75,"z":0},"position":{"y":4182682.21,"x":552605.17,"z":10.33},"volume":6.27,"type":"VEHICLE","velocity":{"y":-0.45,"x":6.45,"z":0}}]],"action_description":"NPC vehicle (SchoolBus) switching lane (left to right)","ev_state":[-276.572204589844,10.1239881515503,189.792404174805,0,0,0.5,14,-1,359.981811523438,90.4565582275391,-0.0000897862919373438,7.524164188559656],"collision_probability":0}
 timestamp= 1619796345000 [RUN] Validate G1 Guard Condition: 
The ego vehicle E Detection.Collision == True.
 timestamp= 1619796345000 [RES] Global Validate result: 
false
 timestamp= 1619796345000 [RUN] Validate G2 Guard Condition: 
The ego vehicle E Detection.OffRoad == True.
 timestamp= 1619796345000 [RES] Global Validate result: 
false
 timestamp= 1619796345000 [RUN] Validate G3 Guard Condition: 
The ego vehicle E Detection.HardBrake == True.
 timestamp= 1619796345000 [RES] Global Validate result: 
false
 timestamp= 1619796345000 [RUN] Validate G4 Guard Condition: 
The ego vehicle E Detection.ArrivalTest == True.
 timestamp= 1619796345000 [RES] Global Validate result: 
false
 timestamp= 1619796345000 [RUN] Validate step: 
The test system VALIDATES THAT the Apollo A Status.GetControl is nearly equal to {"acceleration": 0.22, "throttle": 15.7, "steering_target": 0.01, "brake": 0.0, "steering_rate": 100.0, "speed": 7.48}
 timestamp= 1619796345000 [RES] Validate result: 
true
 timestamp= 1619796345000 [RUN] Generate steps
 timestamp= 1619796345000 [RUN] Validate step: 
The test system VALIDATES THAT the simulator S Status.GetEnvironment is nearly equal to {"x": -276.57, "y": 10.12, "z": 189.79, "rain": 0.0, "fog": 0.0, "wetness": 0.5, "timeofday": 14.0, "signal": -1.0, "rx": 359.98, "ry": 90.46, "rz": -0.0, "speed": 7.52}
 timestamp= 1619796345000 [RES] Validate result: 
true
 timestamp= 1619796345000 [RUN] Execute API step: 
The environment controller C INVOKES API Control.Agents.NPCVehicle.NPCVehicleMaintainLane(which_lane=Left_Lane&which_car=SchoolBus).
 timestamp= 1619796350000 [RES] API result: 
{"pose_arr":[{"vx":-0.06,"ay":-0.23,"az":9.82,"ax":0.01,"pz":10.12,"vy":-0.06,"px":552596.93,"py":4182675.82},{"vx":-0.04,"ay":-0.79,"az":9.81,"ax":-0.01,"pz":10.12,"vy":-0.04,"px":552600.74,"py":4182675.79},{"vx":0.09,"ay":1.68,"az":9.87,"ax":-0.03,"pz":10.12,"vy":0.09,"px":552605.32,"py":4182675.77},{"vx":0.07,"ay":-1.29,"az":9.76,"ax":0.05,"pz":10.12,"vy":0.07,"px":552609.08,"py":4182675.82},{"vx":0.09,"ay":0.63,"az":9.86,"ax":-0.09,"pz":10.12,"vy":0.09,"px":552613.13,"py":4182675.84},{"vx":0.2,"ay":-0.21,"az":9.79,"ax":0.11,"pz":10.12,"vy":0.2,"px":552617.11,"py":4182675.93},{"vx":0.02,"ay":-0.27,"az":9.81,"ax":0.26,"pz":10.12,"vy":0.02,"px":552621.79,"py":4182675.99},{"vx":0.14,"ay":-0.36,"az":9.81,"ax":-0.51,"pz":10.12,"vy":0.14,"px":552626.02,"py":4182676.02}],"traffic_light":[3,1,3,3,1,3,0,3],"state_arr":[{"acceleration":0.81,"throttle":15.7,"steering_target":0.25,"brake":0,"steering_rate":100,"speed":7.52},{"acceleration":0.94,"throttle":25.57,"steering_target":0.15,"brake":0,"steering_rate":100,"speed":7.64},{"acceleration":-0.73,"throttle":0,"steering_target":3.43,"brake":35.13,"steering_rate":100,"speed":8.05},{"acceleration":1.38,"throttle":31.05,"steering_target":-4.37,"brake":0,"steering_rate":100,"speed":7.49},{"acceleration":-0.77,"throttle":0,"steering_target":6.13,"brake":27.37,"steering_rate":100,"speed":8.12},{"acceleration":0,"throttle":0,"steering_target":-3.07,"brake":14.51,"steering_rate":100,"speed":7.91},{"acceleration":0.19,"throttle":15.7,"steering_target":-2.51,"brake":0,"steering_rate":100,"speed":8},{"acceleration":0.29,"throttle":15.7,"steering_target":2.18,"brake":0,"steering_rate":100,"speed":8.1},{"acceleration":0.2,"throttle":15.7,"steering_target":-3.01,"brake":0,"steering_rate":100,"speed":8.24}],"obstacle_arr":[[{"acceleration":{"y":-0.23,"x":1.36,"z":0},"position":{"y":4182681.96,"x":552607.73,"z":10.39},"volume":6.34,"type":"VEHICLE","velocity":{"y":-0.62,"x":7.47,"z":0}}],[{"acceleration":{"y":-0.15,"x":0.74,"z":0},"position":{"y":4182681.68,"x":552609.86,"z":10.12},"volume":8.27,"type":"VEHICLE","velocity":{"y":-0.74,"x":8.14,"z":0}},{"acceleration":{"y":0,"x":0,"z":0},"position":{"y":4182683.34,"x":552596.58,"z":10.12},"volume":87.03,"type":"VEHICLE","velocity":{"y":0,"x":0,"z":0}}],[{"acceleration":{"y":-0.09,"x":0.1,"z":0},"position":{"y":4182681.25,"x":552613.18,"z":10.13},"volume":8.78,"type":"VEHICLE","velocity":{"y":-0.82,"x":8.35,"z":0}},{"acceleration":{"y":0,"x":0.01,"z":0},"position":{"y":4182683.45,"x":552598.26,"z":10.09},"volume":88.81,"type":"VEHICLE","velocity":{"y":0,"x":0,"z":0}}],[{"acceleration":{"y":-0.02,"x":-0.3,"z":0},"position":{"y":4182681.1,"x":552616.09,"z":10.13},"volume":8.29,"type":"VEHICLE","velocity":{"y":-0.85,"x":8.09,"z":0}},{"acceleration":{"y":0,"x":0.02,"z":0},"position":{"y":4182683.14,"x":552600.47,"z":10.14},"volume":79.47,"type":"VEHICLE","velocity":{"y":-0.28,"x":2.8,"z":0}}],[{"acceleration":{"y":-0.01,"x":-0.16,"z":0},"position":{"y":4182680.72,"x":552618.96,"z":10.11},"volume":8.54,"type":"VEHICLE","velocity":{"y":-0.84,"x":7.8,"z":0}},{"acceleration":{"y":-0.05,"x":2.04,"z":0},"position":{"y":4182683.23,"x":552603.39,"z":10.09},"volume":85.83,"type":"VEHICLE","velocity":{"y":-0.35,"x":5.48,"z":0}}],[{"acceleration":{"y":-0.01,"x":-0.09,"z":0},"position":{"y":4182680.48,"x":552620,"z":10.4},"volume":6.48,"type":"VEHICLE","velocity":{"y":-0.84,"x":7.53,"z":0}},{"acceleration":{"y":0.38,"x":1.46,"z":0},"position":{"y":4182682.51,"x":552605.09,"z":10.15},"volume":77.93,"type":"VEHICLE","velocity":{"y":0,"x":6.5,"z":0}}],[{"acceleration":{"y":-0.02,"x":0.07,"z":0},"position":{"y":4182680.08,"x":552625.11,"z":10.39},"volume":6.32,"type":"VEHICLE","velocity":{"y":-0.83,"x":7.4,"z":0}},{"acceleration":{"y":0.32,"x":0.28,"z":0},"position":{"y":4182682.76,"x":552610.03,"z":10.1},"volume":68.34,"type":"VEHICLE","velocity":{"y":0.18,"x":6.56,"z":0}}],[{"acceleration":{"y":-0.05,"x":0.21,"z":0},"position":{"y":4182679.75,"x":552626.83,"z":10.39},"volume":5.88,"type":"VEHICLE","velocity":{"y":-0.85,"x":7.44,"z":0}},{"acceleration":{"y":-0.1,"x":-0.96,"z":0},"position":{"y":4182682.49,"x":552611.67,"z":10.12},"volume":64.03,"type":"VEHICLE","velocity":{"y":-0.02,"x":5.55,"z":0}}]],"action_description":"NPC vehicle (SchoolBus) driving on the left lane","ev_state":[-244.969100952148,10.1238088607788,190.045928955078,0,0,0.5,14,-1,359.981689453125,89.3170776367188,0.0334317088127136,8.257482612643006],"collision_probability":0}
 timestamp= 1619796350000 [RUN] Validate G1 Guard Condition: 
The ego vehicle E Detection.Collision == True.
 timestamp= 1619796350000 [RES] Global Validate result: 
false
 timestamp= 1619796350000 [RUN] Validate G2 Guard Condition: 
The ego vehicle E Detection.OffRoad == True.
 timestamp= 1619796350000 [RES] Global Validate result: 
false
 timestamp= 1619796350000 [RUN] Validate G3 Guard Condition: 
The ego vehicle E Detection.HardBrake == True.
 timestamp= 1619796350000 [RES] Global Validate result: 
false
 timestamp= 1619796350000 [RUN] Validate G4 Guard Condition: 
The ego vehicle E Detection.ArrivalTest == True.
 timestamp= 1619796350000 [RES] Global Validate result: 
false
 timestamp= 1619796350000 [RUN] Validate step: 
The test system VALIDATES THAT the Apollo A Status.GetControl is nearly equal to {"acceleration": 0.2, "throttle": 15.7, "steering_target": -3.01, "brake": 0.0, "steering_rate": 100.0, "speed": 8.24}
 timestamp= 1619796350000 [RES] Validate result: 
true
 timestamp= 1619796350000 [RUN] Generate steps
 timestamp= 1619796350000 [RUN] Validate step: 
The test system VALIDATES THAT the simulator S Status.GetEnvironment is nearly equal to {"x": -244.97, "y": 10.12, "z": 190.05, "rain": 0.0, "fog": 0.0, "wetness": 0.5, "timeofday": 14.0, "signal": -1.0, "rx": 359.98, "ry": 89.32, "rz": 0.03, "speed": 8.26}
 timestamp= 1619796350000 [RES] Validate result: 
true
 timestamp= 1619796350000 [RUN] Execute API step: 
The environment controller C INVOKES API Control.Agents.Pedestrians.WalkRandomly(which_lane=Right_Lane).
 timestamp= 1619796354000 [RES] API result: 
{"pose_arr":[{"vx":0,"ay":-0.31,"az":9.81,"ax":0.01,"pz":10.12,"vy":0,"px":552629.12,"py":4182676.07},{"vx":-0.02,"ay":-2.6,"az":9.75,"ax":-0.09,"pz":10.12,"vy":-0.02,"px":552633.38,"py":4182676.05},{"vx":-0.09,"ay":1.09,"az":9.91,"ax":0.29,"pz":10.12,"vy":-0.09,"px":552638.05,"py":4182676.07},{"vx":-0.3,"ay":-0.14,"az":9.79,"ax":-0.22,"pz":10.12,"vy":-0.3,"px":552642.31,"py":4182675.97},{"vx":0.44,"ay":-0.2,"az":9.8,"ax":0.13,"pz":10.12,"vy":0.44,"px":552648.02,"py":4182675.96},{"vx":0.18,"ay":-0.21,"az":9.8,"ax":-0.05,"pz":10.12,"vy":0.18,"px":552652.31,"py":4182676.12},{"vx":0.72,"ay":0.67,"az":9.83,"ax":-0.08,"pz":10.12,"vy":0.72,"px":552657.24,"py":4182676.25},{"vx":0.62,"ay":0.05,"az":9.8,"ax":-0.48,"pz":10.12,"vy":0.62,"px":552661.75,"py":4182676.65}],"traffic_light":[3,3,0,0,1,3,3],"state_arr":[{"acceleration":0.58,"throttle":15.7,"steering_target":-1.87,"brake":0,"steering_rate":100,"speed":8.31},{"acceleration":1.16,"throttle":49.94,"steering_target":3.88,"brake":0,"steering_rate":100,"speed":8.41},{"acceleration":-0.91,"throttle":0,"steering_target":-8.2,"brake":19.97,"steering_rate":100,"speed":9.62},{"acceleration":-0.04,"throttle":0,"steering_target":9.72,"brake":14.5,"steering_rate":100,"speed":9.09},{"acceleration":0.08,"throttle":15.7,"steering_target":0.93,"brake":0,"steering_rate":100,"speed":8.99},{"acceleration":-0.11,"throttle":0,"steering_target":-0.94,"brake":14.5,"steering_rate":100,"speed":9.02},{"acceleration":-0.03,"throttle":0,"steering_target":8.96,"brake":14.5,"steering_rate":100,"speed":9.07},{"acceleration":-0.2,"throttle":0,"steering_target":-8.29,"brake":14.5,"steering_rate":100,"speed":9.05},{"acceleration":0.1,"throttle":15.7,"steering_target":-1.6,"brake":0,"steering_rate":100,"speed":8.96}],"obstacle_arr":[[{"acceleration":{"y":-0.06,"x":0.29,"z":0},"position":{"y":4182679.46,"x":552629.53,"z":10.39},"volume":5.04,"type":"VEHICLE","velocity":{"y":-0.87,"x":7.52,"z":0}},{"acceleration":{"y":-0.21,"x":-1.49,"z":0},"position":{"y":4182682.37,"x":552615,"z":10.15},"volume":58.29,"type":"VEHICLE","velocity":{"y":-0.1,"x":4.96,"z":0}}],[{"acceleration":{"y":-0.03,"x":0.39,"z":0},"position":{"y":4182679.3,"x":552632.39,"z":10.41},"volume":6.89,"type":"VEHICLE","velocity":{"y":-0.88,"x":7.7,"z":0}},{"acceleration":{"y":-0.02,"x":-1.14,"z":0},"position":{"y":4182682.59,"x":552616.79,"z":10.12},"volume":71.59,"type":"VEHICLE","velocity":{"y":0.04,"x":4.13,"z":0}}],[{"acceleration":{"y":0.01,"x":0.45,"z":0},"position":{"y":4182678.95,"x":552634.73,"z":10.41},"volume":6.73,"type":"VEHICLE","velocity":{"y":-0.86,"x":7.97,"z":0}},{"acceleration":{"y":-0.22,"x":-0.22,"z":0},"position":{"y":4182681.47,"x":552619.61,"z":10.21},"volume":53.36,"type":"VEHICLE","velocity":{"y":-0.06,"x":3.73,"z":0}}],[{"acceleration":{"y":-0.02,"x":0.5,"z":0},"position":{"y":4182679.17,"x":552637.22,"z":10.36},"volume":7.7,"type":"VEHICLE","velocity":{"y":-0.83,"x":8.27,"z":0}},{"acceleration":{"y":-0.32,"x":0.56,"z":0},"position":{"y":4182683.21,"x":552622.04,"z":10.12},"volume":59.64,"type":"VEHICLE","velocity":{"y":-0.23,"x":3.92,"z":0}}],[{"acceleration":{"y":-0.03,"x":0.62,"z":0},"position":{"y":4182678.35,"x":552641.11,"z":10.35},"volume":7.26,"type":"VEHICLE","velocity":{"y":-0.85,"x":8.67,"z":0}},{"acceleration":{"y":-0.29,"x":1.24,"z":0},"position":{"y":4182681.63,"x":552626.72,"z":10.34},"volume":47.3,"type":"VEHICLE","velocity":{"y":-0.42,"x":4.56,"z":0}}],[{"acceleration":{"y":-0.02,"x":0.63,"z":0},"position":{"y":4182678.08,"x":552643.16,"z":10.4},"volume":6.73,"type":"VEHICLE","velocity":{"y":-0.84,"x":9.11,"z":0}},{"acceleration":{"y":-0.16,"x":1.34,"z":0},"position":{"y":4182681.47,"x":552628.12,"z":10.66},"volume":46.65,"type":"VEHICLE","velocity":{"y":-0.53,"x":5.42,"z":0}}],[{"acceleration":{"y":-0.05,"x":0.53,"z":0},"position":{"y":4182678.24,"x":552645.73,"z":10.35},"volume":6.52,"type":"VEHICLE","velocity":{"y":-0.87,"x":9.5,"z":0}},{"acceleration":{"y":-0.05,"x":1.07,"z":0},"position":{"y":4182682.45,"x":552630.88,"z":10.49},"volume":42.63,"type":"VEHICLE","velocity":{"y":-0.58,"x":6.29,"z":0}}],[{"acceleration":{"y":-0.04,"x":0.43,"z":0},"position":{"y":4182676.94,"x":552650.06,"z":10.47},"volume":4.27,"type":"VEHICLE","velocity":{"y":-0.91,"x":9.86,"z":0}},{"acceleration":{"y":-0.04,"x":0.64,"z":0},"position":{"y":4182680.2,"x":552635.62,"z":10.49},"volume":30.11,"type":"VEHICLE","velocity":{"y":-0.61,"x":7.01,"z":0}}]],"action_description":"Pedestrian crossing the road (right to left)","ev_state":[-209.084350585938,10.123574256897,190.821212768555,0,0,0.5,14,-1,0.0136660216376185,87.7219314575195,0.341800689697266,8.956278741257169],"collision_probability":0.287}
 timestamp= 1619796354000 [RUN] Validate G1 Guard Condition: 
The ego vehicle E Detection.Collision == True.
 timestamp= 1619796354000 [RES] Global Validate result: 
false
 timestamp= 1619796354000 [RUN] Validate G2 Guard Condition: 
The ego vehicle E Detection.OffRoad == True.
 timestamp= 1619796354000 [RES] Global Validate result: 
false
 timestamp= 1619796354000 [RUN] Validate G3 Guard Condition: 
The ego vehicle E Detection.HardBrake == True.
 timestamp= 1619796354000 [RES] Global Validate result: 
false
 timestamp= 1619796354000 [RUN] Validate G4 Guard Condition: 
The ego vehicle E Detection.ArrivalTest == True.
 timestamp= 1619796354000 [RES] Global Validate result: 
false
 timestamp= 1619796354000 [RUN] Validate step: 
The test system VALIDATES THAT the Apollo A Status.GetControl is nearly equal to {"acceleration": 0.1, "throttle": 15.7, "steering_target": -1.6, "brake": 0.0, "steering_rate": 100.0, "speed": 8.96}
 timestamp= 1619796354000 [RES] Validate result: 
true
 timestamp= 1619796354000 [RUN] Generate steps
 timestamp= 1619796354000 [RUN] Validate step: 
The test system VALIDATES THAT the simulator S Status.GetEnvironment is nearly equal to {"x": -209.08, "y": 10.12, "z": 190.82, "rain": 0.0, "fog": 0.0, "wetness": 0.5, "timeofday": 14.0, "signal": -1.0, "rx": 0.01, "ry": 87.72, "rz": 0.34, "speed": 8.96}
 timestamp= 1619796354000 [RES] Validate result: 
true
 timestamp= 1619796354000 [RUN] Execute API step: 
The environment controller C INVOKES API Control.Weather.Rain(rain_level=Moderate).
 timestamp= 1619796359000 [RES] API result: 
{"pose_arr":[{"vx":0.15,"ay":-0.19,"az":9.8,"ax":-0.43,"pz":10.12,"vy":0.15,"px":552665.16,"py":4182676.86},{"vx":0.31,"ay":-0.1,"az":9.83,"ax":0.02,"pz":10.12,"vy":0.31,"px":552669.07,"py":4182676.9},{"vx":0.76,"ay":-0.02,"az":9.83,"ax":-0.32,"pz":10.12,"vy":0.76,"px":552673.54,"py":4182677.16},{"vx":0.68,"ay":0.75,"az":9.8,"ax":1.09,"pz":10.12,"vy":0.68,"px":552677.91,"py":4182677.43},{"vx":1.59,"ay":0.33,"az":9.73,"ax":0.42,"pz":10.12,"vy":1.59,"px":552682.98,"py":4182678.28},{"vx":-0.87,"ay":-0.44,"az":9.82,"ax":9.19,"pz":10.12,"vy":-0.87,"px":552687.65,"py":4182678.78},{"vx":1.18,"ay":1.15,"az":9.79,"ax":-0.07,"pz":10.13,"vy":1.18,"px":552691.2,"py":4182678.59},{"vx":0.98,"ay":0.9,"az":9.77,"ax":-6.69,"pz":10.12,"vy":0.98,"px":552695.39,"py":4182679.39}],"traffic_light":[0,0,0,0,3,3,3],"state_arr":[{"acceleration":0.16,"throttle":15.7,"steering_target":3.74,"brake":0,"steering_rate":100,"speed":8.96},{"acceleration":0.22,"throttle":15.7,"steering_target":10.95,"brake":0,"steering_rate":100,"speed":9.02},{"acceleration":-0.04,"throttle":0,"steering_target":-15.37,"brake":14.5,"steering_rate":100,"speed":9.08},{"acceleration":0.47,"throttle":18.64,"steering_target":34.92,"brake":0,"steering_rate":100,"speed":8.85},{"acceleration":0.4,"throttle":17.26,"steering_target":-33.32,"brake":0,"steering_rate":100,"speed":8.49},{"acceleration":0.08,"throttle":15.7,"steering_target":-18.07,"brake":0,"steering_rate":100,"speed":8.19},{"acceleration":-0.13,"throttle":0,"steering_target":39.94,"brake":14.5,"steering_rate":100,"speed":8.05},{"acceleration":0.05,"throttle":15.7,"steering_target":-26.51,"brake":0,"steering_rate":100,"speed":7.71},{"acceleration":-0.01,"throttle":0,"steering_target":-19.59,"brake":14.5,"steering_rate":100,"speed":7.36}],"obstacle_arr":[[{"acceleration":{"y":-0.01,"x":0.39,"z":0},"position":{"y":4182677.07,"x":552653.2,"z":10.48},"volume":3.16,"type":"VEHICLE","velocity":{"y":-0.91,"x":9.95,"z":0}},{"acceleration":{"y":-0.01,"x":0.52,"z":0},"position":{"y":4182680.91,"x":552637.74,"z":10.28},"volume":50.75,"type":"VEHICLE","velocity":{"y":-0.61,"x":7.19,"z":0}}],[{"acceleration":{"y":0.01,"x":0.25,"z":0},"position":{"y":4182677.81,"x":552654.48,"z":10.59},"volume":5.27,"type":"VEHICLE","velocity":{"y":-0.88,"x":9.96,"z":0}},{"acceleration":{"y":0.02,"x":0.22,"z":0},"position":{"y":4182682.51,"x":552641.87,"z":10.63},"volume":18.11,"type":"VEHICLE","velocity":{"y":-0.57,"x":7.4,"z":0}}],[{"acceleration":{"y":0.04,"x":0.09,"z":0},"position":{"y":4182675.74,"x":552657.86,"z":10.32},"volume":4.81,"type":"VEHICLE","velocity":{"y":-0.8,"x":9.8,"z":0}},{"acceleration":{"y":0.09,"x":-0.09,"z":0},"position":{"y":4182679.04,"x":552645.76,"z":10.69},"volume":1.84,"type":"VEHICLE","velocity":{"y":-0.5,"x":7.38,"z":0}}],[{"acceleration":{"y":0.05,"x":-0.04,"z":0},"position":{"y":4182678.65,"x":552660.05,"z":10.42},"volume":6.67,"type":"VEHICLE","velocity":{"y":-0.72,"x":9.55,"z":0}}],[],[{"acceleration":{"y":0.01,"x":0.01,"z":0},"position":{"y":4182676.12,"x":552666.87,"z":10.82},"volume":4.37,"type":"VEHICLE","velocity":{"y":0,"x":0,"z":0}},{"acceleration":{"y":0.01,"x":0.01,"z":0},"position":{"y":4182680.56,"x":552654.65,"z":11.71},"volume":5.64,"type":"VEHICLE","velocity":{"y":0,"x":0,"z":0}}],[{"acceleration":{"y":0,"x":0,"z":0},"position":{"y":4182677.59,"x":552668.89,"z":9.93},"volume":5.03,"type":"VEHICLE","velocity":{"y":0,"x":0,"z":0}},{"acceleration":{"y":0,"x":0,"z":0},"position":{"y":4182683.09,"x":552657.61,"z":9.54},"volume":7.55,"type":"VEHICLE","velocity":{"y":0,"x":0,"z":0}}],[{"acceleration":{"y":-0.01,"x":0,"z":0},"position":{"y":4182671.73,"x":552671.56,"z":10.49},"volume":5,"type":"VEHICLE","velocity":{"y":0,"x":0,"z":0}}]],"action_description":"Moderate rain","ev_state":[-175.70231628418,10.123929977417,193.654037475586,0.5,0,0.5,14,1,0.0382935144007206,88.0325927734375,1.2020058631897,7.3625707815663235],"collision_probability":0}
 timestamp= 1619796359000 [RUN] Validate G1 Guard Condition: 
The ego vehicle E Detection.Collision == True.
 timestamp= 1619796359000 [RES] Global Validate result: 
false
 timestamp= 1619796359000 [RUN] Validate G2 Guard Condition: 
The ego vehicle E Detection.OffRoad == True.
 timestamp= 1619796359000 [RES] Global Validate result: 
false
 timestamp= 1619796359000 [RUN] Validate G3 Guard Condition: 
The ego vehicle E Detection.HardBrake == True.
 timestamp= 1619796359000 [RES] Global Validate result: 
false
 timestamp= 1619796359000 [RUN] Validate G4 Guard Condition: 
The ego vehicle E Detection.ArrivalTest == True.
 timestamp= 1619796359000 [RES] Global Validate result: 
false
 timestamp= 1619796359000 [RUN] Validate step: 
The test system VALIDATES THAT the Apollo A Status.GetControl is nearly equal to {"acceleration": -0.01, "throttle": 0.0, "steering_target": -19.59, "brake": 14.5, "steering_rate": 100.0, "speed": 7.36}
 timestamp= 1619796359000 [RES] Validate result: 
true
 timestamp= 1619796359000 [RUN] Generate steps
 timestamp= 1619796359000 [RUN] Validate step: 
The test system VALIDATES THAT the simulator S Status.GetEnvironment is nearly equal to {"x": -175.7, "y": 10.12, "z": 193.65, "rain": 0.5, "fog": 0.0, "wetness": 0.5, "timeofday": 14.0, "signal": 1.0, "rx": 0.04, "ry": 88.03, "rz": 1.2, "speed": 7.36}
 timestamp= 1619796359000 [RES] Validate result: 
true
 timestamp= 1619796359000 [RUN] Execute API step: 
The environment controller C INVOKES API Control.Agents.NPCVehicle.NPCVehicleSwitchLane(which_lane=Left_Lane&which_car=Hatchback).
 timestamp= 1619796364000 [RES] API result: 
{"pose_arr":[{"vx":-0.49,"ay":-0.36,"az":9.81,"ax":0.86,"pz":10.12,"vy":-0.49,"px":552697.85,"py":4182679.66},{"vx":-0.42,"ay":0.65,"az":9.81,"ax":0.19,"pz":10.12,"vy":-0.42,"px":552701.13,"py":4182679.44},{"vx":0.08,"ay":0.58,"az":9.81,"ax":-0.19,"pz":10.12,"vy":0.08,"px":552705.14,"py":4182679.27},{"vx":-0.05,"ay":0.82,"az":9.83,"ax":0.48,"pz":10.12,"vy":-0.05,"px":552707.91,"py":4182679.29},{"vx":0.02,"ay":0.64,"az":9.82,"ax":0,"pz":10.13,"vy":0.02,"px":552711.1,"py":4182679.28},{"vx":0.05,"ay":0.67,"az":9.81,"ax":-0.05,"pz":10.13,"vy":0.05,"px":552714.37,"py":4182679.29},{"vx":0.01,"ay":-0.6,"az":9.75,"ax":0.01,"pz":10.13,"vy":0.01,"px":552716.88,"py":4182679.31},{"vx":0.03,"ay":0.53,"az":9.82,"ax":0.01,"pz":10.13,"vy":0.03,"px":552719.12,"py":4182679.32},{"vx":0.04,"ay":0.53,"az":9.81,"ax":-0.03,"pz":10.13,"vy":0.04,"px":552720.74,"py":4182679.32}],"traffic_light":[0,0,3,3,3,3,3],"state_arr":[{"acceleration":-0.12,"throttle":0,"steering_target":13.88,"brake":14.5,"steering_rate":100,"speed":7.38},{"acceleration":-0.1,"throttle":0,"steering_target":9.74,"brake":14.5,"steering_rate":100,"speed":7.1},{"acceleration":-0.43,"throttle":0,"steering_target":-5.4,"brake":14.5,"steering_rate":100,"speed":6.81},{"acceleration":-0.62,"throttle":0,"steering_target":0.48,"brake":15.74,"steering_rate":100,"speed":6.61},{"acceleration":-0.57,"throttle":0,"steering_target":1.61,"brake":15.54,"steering_rate":100,"speed":6.23},{"acceleration":-0.71,"throttle":0,"steering_target":-0.29,"brake":16.22,"steering_rate":100,"speed":5.9},{"acceleration":0.19,"throttle":23.73,"steering_target":-0.41,"brake":0,"steering_rate":100,"speed":4.55},{"acceleration":-0.29,"throttle":0,"steering_target":0.71,"brake":14.5,"steering_rate":100,"speed":4.47},{"acceleration":-0.36,"throttle":0,"steering_target":0.33,"brake":14.5,"steering_rate":100,"speed":4.22}],"obstacle_arr":[[{"acceleration":{"y":0.01,"x":0,"z":0},"position":{"y":4182675.11,"x":552672.14,"z":11.34},"volume":1.46,"type":"VEHICLE","velocity":{"y":0,"x":0,"z":0}}],[{"acceleration":{"y":0,"x":0,"z":0},"position":{"y":4182676.61,"x":552673.53,"z":10.75},"volume":1.99,"type":"VEHICLE","velocity":{"y":0,"x":0,"z":0}},{"acceleration":{"y":0.01,"x":0.03,"z":0},"position":{"y":4182681.25,"x":552665.98,"z":10.97},"volume":0.44,"type":"VEHICLE","velocity":{"y":0,"x":0,"z":0}}],[{"acceleration":{"y":0,"x":0.01,"z":0},"position":{"y":4182675.64,"x":552676.09,"z":10.51},"volume":2.93,"type":"VEHICLE","velocity":{"y":0,"x":0,"z":0}},{"acceleration":{"y":0,"x":0.01,"z":0},"position":{"y":4182679.89,"x":552668.9,"z":10.93},"volume":0.18,"type":"VEHICLE","velocity":{"y":0,"x":0,"z":0}},{"acceleration":{"y":0,"x":0,"z":0},"position":{"y":4182688.92,"x":552719.15,"z":10.17},"volume":7.94,"type":"VEHICLE","velocity":{"y":0,"x":0,"z":0}}],[{"acceleration":{"y":0,"x":0,"z":0},"position":{"y":4182679.65,"x":552671.82,"z":11.02},"volume":0.23,"type":"VEHICLE","velocity":{"y":0,"x":0,"z":0}},{"acceleration":{"y":0.04,"x":0,"z":0},"position":{"y":4182693.48,"x":552719.87,"z":10.34},"volume":8.57,"type":"VEHICLE","velocity":{"y":0,"x":0,"z":0}}],[{"acceleration":{"y":0,"x":0,"z":0},"position":{"y":4182679.76,"x":552673,"z":10.87},"volume":3.59,"type":"VEHICLE","velocity":{"y":0,"x":0,"z":0}},{"acceleration":{"y":0.01,"x":0,"z":0},"position":{"y":4182696.93,"x":552719.41,"z":10.34},"volume":8.98,"type":"VEHICLE","velocity":{"y":0,"x":0,"z":0}},{"acceleration":{"y":0,"x":0.01,"z":0},"position":{"y":4182675.94,"x":552680.84,"z":11.19},"volume":0.09,"type":"VEHICLE","velocity":{"y":0.32,"x":1.74,"z":0}}],[{"acceleration":{"y":0,"x":0,"z":0},"position":{"y":4182679.71,"x":552675.05,"z":10.83},"volume":0.08,"type":"VEHICLE","velocity":{"y":0,"x":0,"z":0}},{"acceleration":{"y":0.01,"x":-0.01,"z":0},"position":{"y":4182699.03,"x":552717.07,"z":10.36},"volume":10.32,"type":"VEHICLE","velocity":{"y":0,"x":0,"z":0}}],[{"acceleration":{"y":0,"x":0,"z":0},"position":{"y":4182679.91,"x":552676.76,"z":10.9},"volume":5.84,"type":"VEHICLE","velocity":{"y":0,"x":0,"z":0}},{"acceleration":{"y":0.01,"x":0,"z":0},"position":{"y":4182702.85,"x":552715.91,"z":10.35},"volume":4.15,"type":"VEHICLE","velocity":{"y":0,"x":0,"z":0}},{"acceleration":{"y":0,"x":0,"z":0},"position":{"y":4182675.88,"x":552687.95,"z":10.72},"volume":1.91,"type":"VEHICLE","velocity":{"y":0,"x":0,"z":0}}],[{"acceleration":{"y":0,"x":0,"z":0},"position":{"y":4182679.94,"x":552680.37,"z":10.89},"volume":0.19,"type":"VEHICLE","velocity":{"y":0,"x":0,"z":0}},{"acceleration":{"y":0,"x":0,"z":0},"position":{"y":4182675.84,"x":552690.87,"z":10.7},"volume":1.96,"type":"VEHICLE","velocity":{"y":0,"x":0,"z":0}}]],"action_description":"NPC vehicle (SchoolBus) switching lane (left to right)","ev_state":[-151.808349609375,10.1245412826538,193.315216064453,0.5,0,0.5,14,1,0.0317753069102764,89.5789794921875,359.991973876953,4.208536064156305],"collision_probability":0}
 timestamp= 1619796364000 [RUN] Validate G1 Guard Condition: 
The ego vehicle E Detection.Collision == True.
 timestamp= 1619796364000 [RES] Global Validate result: 
false
 timestamp= 1619796364000 [RUN] Validate G2 Guard Condition: 
The ego vehicle E Detection.OffRoad == True.
 timestamp= 1619796364000 [RES] Global Validate result: 
false
 timestamp= 1619796364000 [RUN] Validate G3 Guard Condition: 
The ego vehicle E Detection.HardBrake == True.
 timestamp= 1619796364000 [RES] Global Validate result: 
false
 timestamp= 1619796364000 [RUN] Validate G4 Guard Condition: 
The ego vehicle E Detection.ArrivalTest == True.
 timestamp= 1619796364000 [RES] Global Validate result: 
false
 timestamp= 1619796364000 [RUN] Validate step: 
The test system VALIDATES THAT the Apollo A Status.GetControl is nearly equal to {"acceleration": -0.36, "throttle": 0.0, "steering_target": 0.33, "brake": 14.5, "steering_rate": 100.0, "speed": 4.22}
 timestamp= 1619796364000 [RES] Validate result: 
true
 timestamp= 1619796364000 [RUN] Generate steps
 timestamp= 1619796364000 [RUN] Validate step: 
The test system VALIDATES THAT the simulator S Status.GetEnvironment is nearly equal to {"x": -151.81, "y": 10.12, "z": 193.32, "rain": 0.5, "fog": 0.0, "wetness": 0.5, "timeofday": 14.0, "signal": 1.0, "rx": 0.03, "ry": 89.58, "rz": 359.99, "speed": 4.21}
 timestamp= 1619796364000 [RES] Validate result: 
true
 timestamp= 1619796364000 [RUN] Execute API step: 
The environment controller C INVOKES API Control.Agents.NPCVehicle.NPCVehicleSwitchLane(which_lane=Left_Lane&which_car=Sedan).
 timestamp= 1619796368000 [RES] API result: 
{"pose_arr":[{"vx":0.03,"ay":0.61,"az":9.81,"ax":-0.01,"pz":10.13,"vy":0.03,"px":552722.52,"py":4182679.34},{"vx":0.03,"ay":0.62,"az":9.81,"ax":-0.01,"pz":10.13,"vy":0.03,"px":552724.27,"py":4182679.35},{"vx":0.03,"ay":0.77,"az":9.81,"ax":-0.01,"pz":10.13,"vy":0.03,"px":552725.53,"py":4182679.36},{"vx":0.03,"ay":0.86,"az":9.81,"ax":-0.01,"pz":10.13,"vy":0.03,"px":552727.32,"py":4182679.38},{"vx":0.02,"ay":0.89,"az":9.81,"ax":-0.01,"pz":10.13,"vy":0.02,"px":552728.38,"py":4182679.39},{"vx":0.02,"ay":0.89,"az":9.81,"ax":-0.01,"pz":10.13,"vy":0.02,"px":552729.81,"py":4182679.4},{"vx":0.02,"ay":0.66,"az":9.81,"ax":-0.01,"pz":10.13,"vy":0.02,"px":552730.64,"py":4182679.41},{"vx":0.01,"ay":0.67,"az":9.81,"ax":-0.01,"pz":10.13,"vy":0.01,"px":552731.52,"py":4182679.42}],"traffic_light":[3,3,3,3,3,3,3,3],"state_arr":[{"acceleration":-0.61,"throttle":0,"steering_target":0.04,"brake":14.91,"steering_rate":100,"speed":4.21},{"acceleration":-0.56,"throttle":0,"steering_target":0.23,"brake":14.5,"steering_rate":100,"speed":3.92},{"acceleration":-0.68,"throttle":0,"steering_target":0.11,"brake":16.35,"steering_rate":100,"speed":3.64},{"acceleration":-0.78,"throttle":0,"steering_target":0,"brake":18.02,"steering_rate":100,"speed":3.28},{"acceleration":-0.95,"throttle":0,"steering_target":-0.02,"brake":19.96,"steering_rate":100,"speed":3.06},{"acceleration":-0.86,"throttle":0,"steering_target":0.33,"brake":19.31,"steering_rate":100,"speed":2.64},{"acceleration":-0.92,"throttle":0,"steering_target":0.02,"brake":19.82,"steering_rate":100,"speed":2.31},{"acceleration":-0.72,"throttle":0,"steering_target":0.03,"brake":17.39,"steering_rate":100,"speed":1.96},{"acceleration":-0.71,"throttle":0,"steering_target":-0.01,"brake":17.36,"steering_rate":100,"speed":1.62},{"acceleration":-0.69,"throttle":0,"steering_target":-0.03,"brake":16.95,"steering_rate":100,"speed":1.28}],"obstacle_arr":[[{"acceleration":{"y":0,"x":0,"z":0},"position":{"y":4182679.81,"x":552682.67,"z":10.91},"volume":0.06,"type":"VEHICLE","velocity":{"y":0,"x":0,"z":0}},{"acceleration":{"y":0,"x":0.01,"z":0},"position":{"y":4182675.91,"x":552693.25,"z":10.72},"volume":1.49,"type":"VEHICLE","velocity":{"y":0,"x":0,"z":0}}],[{"acceleration":{"y":0,"x":0,"z":0},"position":{"y":4182679.79,"x":552685.51,"z":10.94},"volume":0.31,"type":"VEHICLE","velocity":{"y":0,"x":0,"z":0}},{"acceleration":{"y":0,"x":0.01,"z":0},"position":{"y":4182686.69,"x":552742.41,"z":10.69},"volume":4,"type":"VEHICLE","velocity":{"y":-0.41,"x":1.04,"z":0}}],[{"acceleration":{"y":0,"x":0,"z":0},"position":{"y":4182679.76,"x":552688.04,"z":10.96},"volume":0.93,"type":"VEHICLE","velocity":{"y":0,"x":0,"z":0}},{"acceleration":{"y":-1.07,"x":-0.38,"z":0},"position":{"y":4182682.96,"x":552743.93,"z":10.42},"volume":2.56,"type":"VEHICLE","velocity":{"y":-1.53,"x":0.64,"z":0}}],[{"acceleration":{"y":0,"x":0,"z":0},"position":{"y":4182679.73,"x":552691.47,"z":11.03},"volume":0.27,"type":"VEHICLE","velocity":{"y":0,"x":0,"z":0}},{"acceleration":{"y":0,"x":0,"z":0},"position":{"y":4182675.76,"x":552701.5,"z":10.74},"volume":2.65,"type":"VEHICLE","velocity":{"y":0,"x":0,"z":0}}],[{"acceleration":{"y":0,"x":0,"z":0},"position":{"y":4182679.73,"x":552694.07,"z":11.07},"volume":0.07,"type":"VEHICLE","velocity":{"y":0,"x":0,"z":0}},{"acceleration":{"y":0,"x":0,"z":0},"position":{"y":4182675.74,"x":552704.42,"z":10.46},"volume":4.66,"type":"VEHICLE","velocity":{"y":0,"x":0,"z":0}},{"acceleration":{"y":-0.01,"x":0,"z":0},"position":{"y":4182672.76,"x":552744.51,"z":10.13},"volume":8.32,"type":"VEHICLE","velocity":{"y":0,"x":0,"z":0}}],[{"acceleration":{"y":0,"x":0,"z":0},"position":{"y":4182679.7,"x":552697.2,"z":11.14},"volume":0.37,"type":"VEHICLE","velocity":{"y":0,"x":0,"z":0}},{"acceleration":{"y":0,"x":0,"z":0},"position":{"y":4182675.75,"x":552707.52,"z":10.59},"volume":3.47,"type":"VEHICLE","velocity":{"y":0,"x":0,"z":0}},{"acceleration":{"y":0,"x":0,"z":0},"position":{"y":4182668.83,"x":552744.02,"z":10.33},"volume":6.73,"type":"VEHICLE","velocity":{"y":-0.05,"x":-0.01,"z":0}}],[{"acceleration":{"y":0,"x":0,"z":0},"position":{"y":4182679.68,"x":552700.72,"z":11.23},"volume":0.24,"type":"VEHICLE","velocity":{"y":0,"x":0,"z":0}},{"acceleration":{"y":0,"x":0.06,"z":0},"position":{"y":4182675.66,"x":552711.39,"z":10.71},"volume":1.57,"type":"VEHICLE","velocity":{"y":0.01,"x":5.88,"z":0}}],[{"acceleration":{"y":0,"x":0,"z":0},"position":{"y":4182679.91,"x":552703.62,"z":10.65},"volume":0.86,"type":"VEHICLE","velocity":{"y":0,"x":0,"z":0}},{"acceleration":{"y":-0.01,"x":0.03,"z":0},"position":{"y":4182675.72,"x":552713.84,"z":10.51},"volume":3.92,"type":"VEHICLE","velocity":{"y":-0.16,"x":6.51,"z":0}}]],"action_description":"NPC vehicle (Sedan) switching lane (left to right)","ev_state":[-140.600173950195,10.1248006820679,193.416198730469,0.5,0,0.5,14,1,0.0414974801242352,89.4580383300781,0.0000767145829740912,1.2832968970269056],"collision_probability":0}
 timestamp= 1619796368000 [RUN] Validate G1 Guard Condition: 
The ego vehicle E Detection.Collision == True.
 timestamp= 1619796368000 [RES] Global Validate result: 
false
 timestamp= 1619796368000 [RUN] Validate G2 Guard Condition: 
The ego vehicle E Detection.OffRoad == True.
 timestamp= 1619796368000 [RES] Global Validate result: 
false
 timestamp= 1619796368000 [RUN] Validate G3 Guard Condition: 
The ego vehicle E Detection.HardBrake == True.
 timestamp= 1619796368000 [RES] Global Validate result: 
false
 timestamp= 1619796368000 [RUN] Validate G4 Guard Condition: 
The ego vehicle E Detection.ArrivalTest == True.
 timestamp= 1619796368000 [RES] Global Validate result: 
true
 timestamp= 1619796368000 [RUN] ArrivalTest == True
 timestamp= 1619796368000 [RUN] The simulator S INVOKES API Command.Simulation.Stop() to stop simulation.
 timestamp= 1619796368000 [WARNING] The test system Stop the Simulator S!
 timestamp= 1619796369000 [RES] Basic PostCondition Validate result: 
true
 timestamp= 1619796369000 [STOP] numberOfStep: 46 basicFlow: 
[{"name":"","description":"","eClass":"Sentence","content":"The test system VALIDATES THAT the simulator S Status.GetEnvironment is nearly equal to {\"x\": -440.89, \"y\": 10.12, \"z\": 213.88, \"rain\": 0.0, \"fog\": 0.0, \"wetness\": 0.0, \"timeofday\": 12.0, \"signal\": 1.0, \"rx\": 359.97, \"ry\": 210.05, \"rz\": -0.0, \"speed\": 3.25}","natures":[]},{"name":"","description":"","eClass":"Sentence","content":"The environment controller C INVOKES API Control.Agents.NPCVehicle.NPCVehicleMaintainLane(which_lane=Right_Lane&which_car=BoxTruck).","natures":[]},{"name":"","description":"","eClass":"Sentence","content":"The test system VALIDATES THAT the Apollo A Status.GetControl is nearly equal to {\"acceleration\": 0.06, \"throttle\": 23.66, \"steering_target\": 23.4, \"brake\": 0.0, \"steering_rate\": 100.0, \"speed\": 3.04}","natures":[]},{"name":"","description":"","eClass":"Sentence","content":"The test system VALIDATES THAT the simulator S Status.GetEnvironment is nearly equal to {\"x\": -446.97, \"y\": 10.12, \"z\": 201.7, \"rain\": 0.0, \"fog\": 0.0, \"wetness\": 0.0, \"timeofday\": 12.0, \"signal\": 1.0, \"rx\": 0.02, \"ry\": 197.71, \"rz\": 359.85, \"speed\": 3.04}","natures":[]},{"name":"","description":"","eClass":"Sentence","content":"The environment controller C INVOKES API Control.Agents.Pedestrians.WalkRandomly(which_lane=Current_Lane).","natures":[]},{"name":"","description":"","eClass":"Sentence","content":"The test system VALIDATES THAT the Apollo A Status.GetControl is nearly equal to {\"acceleration\": 0.46, \"throttle\": 15.7, \"steering_target\": 28.84, \"brake\": 0.0, \"steering_rate\": 100.0, \"speed\": 3.54}","natures":[]},{"name":"","description":"","eClass":"Sentence","content":"The test system VALIDATES THAT the simulator S Status.GetEnvironment is nearly equal to {\"x\": -442.39, \"y\": 10.12, \"z\": 191.94, \"rain\": 0.0, \"fog\": 0.0, \"wetness\": 0.0, \"timeofday\": 12.0, \"signal\": 0.0, \"rx\": 359.91, \"ry\": 120.47, \"rz\": 359.71, \"speed\": 3.54}","natures":[]},{"name":"","description":"","eClass":"Sentence","content":"The environment controller C INVOKES API Control.Agents.NPCVehicle.NPCVehicleSwitchLane(which_lane=Left_Lane&which_car=SchoolBus).","natures":[]},{"name":"","description":"","eClass":"Sentence","content":"The test system VALIDATES THAT the Apollo A Status.GetControl is nearly equal to {\"acceleration\": -1.84, \"throttle\": 0.0, \"steering_target\": 3.76, \"brake\": 64.01, \"steering_rate\": 100.0, \"speed\": 0.03}","natures":[]},{"name":"","description":"","eClass":"Sentence","content":"The test system VALIDATES THAT the simulator S Status.GetEnvironment is nearly equal to {\"x\": -427.68, \"y\": 10.12, \"z\": 189.61, \"rain\": 0.0, \"fog\": 0.0, \"wetness\": 0.0, \"timeofday\": 12.0, \"signal\": -1.0, \"rx\": 0.35, \"ry\": 92.91, \"rz\": 359.29, \"speed\": 0.01}","natures":[]},{"name":"","description":"","eClass":"Sentence","content":"The environment controller C INVOKES API Control.Agents.NPCVehicle.NPCVehicleMaintainLane(which_lane=Current_Lane&which_car=SchoolBus).","natures":[]},{"name":"","description":"","eClass":"Sentence","content":"The test system VALIDATES THAT the Apollo A Status.GetControl is nearly equal to {\"acceleration\": 1.06, \"throttle\": 55.63, \"steering_target\": 1.62, \"brake\": 0.0, \"steering_rate\": 100.0, \"speed\": 4.18}","natures":[]},{"name":"","description":"","eClass":"Sentence","content":"The test system VALIDATES THAT the simulator S Status.GetEnvironment is nearly equal to {\"x\": -418.47, \"y\": 10.12, \"z\": 191.31, \"rain\": 0.0, \"fog\": 0.0, \"wetness\": 0.0, \"timeofday\": 12.0, \"signal\": -1.0, \"rx\": 359.96, \"ry\": 92.76, \"rz\": 359.98, \"speed\": 4.31}","natures":[]},{"name":"","description":"","eClass":"Sentence","content":"The environment controller C INVOKES API Control.TimeOfDay(time_of_day=Noon).","natures":[]},{"name":"","description":"","eClass":"Sentence","content":"The test system VALIDATES THAT the Apollo A Status.GetControl is nearly equal to {\"acceleration\": 0.97, \"throttle\": 25.87, \"steering_target\": 0.27, \"brake\": 0.0, \"steering_rate\": 100.0, \"speed\": 7.38}","natures":[]},{"name":"","description":"","eClass":"Sentence","content":"The test system VALIDATES THAT the simulator S Status.GetEnvironment is nearly equal to {\"x\": -392.94, \"y\": 10.12, \"z\": 190.62, \"rain\": 0.0, \"fog\": 0.0, \"wetness\": 0.0, \"timeofday\": 14.0, \"signal\": -1.0, \"rx\": 359.96, \"ry\": 90.97, \"rz\": 359.99, \"speed\": 7.69}","natures":[]},{"name":"","description":"","eClass":"Sentence","content":"The environment controller C INVOKES API Control.Weather.Rain(rain_level=Heavy).","natures":[]},{"name":"","description":"","eClass":"Sentence","content":"The test system VALIDATES THAT the Apollo A Status.GetControl is nearly equal to {\"acceleration\": 0.05, \"throttle\": 15.7, \"steering_target\": 0.52, \"brake\": 0.0, \"steering_rate\": 100.0, \"speed\": 8.31}","natures":[]},{"name":"","description":"","eClass":"Sentence","content":"The test system VALIDATES THAT the simulator S Status.GetEnvironment is nearly equal to {\"x\": -359.09, \"y\": 10.12, \"z\": 190.35, \"rain\": 1.0, \"fog\": 0.0, \"wetness\": 1.0, \"timeofday\": 14.0, \"signal\": 0.0, \"rx\": 0.0, \"ry\": 90.34, \"rz\": 0.02, \"speed\": 8.31}","natures":[]},{"name":"","description":"","eClass":"Sentence","content":"The environment controller C INVOKES API Control.Weather.Wetness(wetness_level=Moderate).","natures":[]},{"name":"","description":"","eClass":"Sentence","content":"The test system VALIDATES THAT the Apollo A Status.GetControl is nearly equal to {\"acceleration\": 0.28, \"throttle\": 17.32, \"steering_target\": 0.24, \"brake\": 0.0, \"steering_rate\": 100.0, \"speed\": 6.9}","natures":[]},{"name":"","description":"","eClass":"Sentence","content":"The test system VALIDATES THAT the simulator S Status.GetEnvironment is nearly equal to {\"x\": -327.44, \"y\": 10.12, \"z\": 190.28, \"rain\": 0.0, \"fog\": 0.0, \"wetness\": 0.5, \"timeofday\": 14.0, \"signal\": -1.0, \"rx\": 0.03, \"ry\": 90.0, \"rz\": 359.98, \"speed\": 6.84}","natures":[]},{"name":"","description":"","eClass":"Sentence","content":"The environment controller C INVOKES API Control.Agents.NPCVehicle.NPCVehicleMaintainLane(which_lane=Left_Lane&which_car=SchoolBus).","natures":[]},{"name":"","description":"","eClass":"Sentence","content":"The test system VALIDATES THAT the Apollo A Status.GetControl is nearly equal to {\"acceleration\": -1.36, \"throttle\": 0.0, \"steering_target\": -0.16, \"brake\": 26.25, \"steering_rate\": 100.0, \"speed\": 0.44}","natures":[]},{"name":"","description":"","eClass":"Sentence","content":"The test system VALIDATES THAT the simulator S Status.GetEnvironment is nearly equal to {\"x\": -307.47, \"y\": 10.12, \"z\": 190.15, \"rain\": 0.0, \"fog\": 0.0, \"wetness\": 0.5, \"timeofday\": 14.0, \"signal\": -1.0, \"rx\": 0.11, \"ry\": 90.55, \"rz\": -0.0, \"speed\": 0.31}","natures":[]},{"name":"","description":"","eClass":"Sentence","content":"The environment controller C INVOKES API Control.Agents.NPCVehicle.NPCVehicleMaintainLane(which_lane=Right_Lane&which_car=BoxTruck).","natures":[]},{"name":"","description":"","eClass":"Sentence","content":"The test system VALIDATES THAT the Apollo A Status.GetControl is nearly equal to {\"acceleration\": 0.83, \"throttle\": 34.46, \"steering_target\": -0.03, \"brake\": 0.0, \"steering_rate\": 100.0, \"speed\": 3.11}","natures":[]},{"name":"","description":"","eClass":"Sentence","content":"The test system VALIDATES THAT the simulator S Status.GetEnvironment is nearly equal to {\"x\": -301.55, \"y\": 10.12, \"z\": 190.08, \"rain\": 0.0, \"fog\": 0.0, \"wetness\": 0.5, \"timeofday\": 14.0, \"signal\": -1.0, \"rx\": 359.94, \"ry\": 90.73, \"rz\": 0.0, \"speed\": 3.33}","natures":[]},{"name":"","description":"","eClass":"Sentence","content":"The environment controller C INVOKES API Control.Agents.NPCVehicle.NPCVehicleSwitchLane(which_lane=Left_Lane&which_car=Hatchback).","natures":[]},{"name":"","description":"","eClass":"Sentence","content":"The test system VALIDATES THAT the Apollo A Status.GetControl is nearly equal to {\"acceleration\": 0.22, \"throttle\": 15.7, \"steering_target\": 0.01, \"brake\": 0.0, \"steering_rate\": 100.0, \"speed\": 7.48}","natures":[]},{"name":"","description":"","eClass":"Sentence","content":"The test system VALIDATES THAT the simulator S Status.GetEnvironment is nearly equal to {\"x\": -276.57, \"y\": 10.12, \"z\": 189.79, \"rain\": 0.0, \"fog\": 0.0, \"wetness\": 0.5, \"timeofday\": 14.0, \"signal\": -1.0, \"rx\": 359.98, \"ry\": 90.46, \"rz\": -0.0, \"speed\": 7.52}","natures":[]},{"name":"","description":"","eClass":"Sentence","content":"The environment controller C INVOKES API Control.Agents.NPCVehicle.NPCVehicleMaintainLane(which_lane=Left_Lane&which_car=SchoolBus).","natures":[]},{"name":"","description":"","eClass":"Sentence","content":"The test system VALIDATES THAT the Apollo A Status.GetControl is nearly equal to {\"acceleration\": 0.2, \"throttle\": 15.7, \"steering_target\": -3.01, \"brake\": 0.0, \"steering_rate\": 100.0, \"speed\": 8.24}","natures":[]},{"name":"","description":"","eClass":"Sentence","content":"The test system VALIDATES THAT the simulator S Status.GetEnvironment is nearly equal to {\"x\": -244.97, \"y\": 10.12, \"z\": 190.05, \"rain\": 0.0, \"fog\": 0.0, \"wetness\": 0.5, \"timeofday\": 14.0, \"signal\": -1.0, \"rx\": 359.98, \"ry\": 89.32, \"rz\": 0.03, \"speed\": 8.26}","natures":[]},{"name":"","description":"","eClass":"Sentence","content":"The environment controller C INVOKES API Control.Agents.Pedestrians.WalkRandomly(which_lane=Right_Lane).","natures":[]},{"name":"","description":"","eClass":"Sentence","content":"The test system VALIDATES THAT the Apollo A Status.GetControl is nearly equal to {\"acceleration\": 0.1, \"throttle\": 15.7, \"steering_target\": -1.6, \"brake\": 0.0, \"steering_rate\": 100.0, \"speed\": 8.96}","natures":[]},{"name":"","description":"","eClass":"Sentence","content":"The test system VALIDATES THAT the simulator S Status.GetEnvironment is nearly equal to {\"x\": -209.08, \"y\": 10.12, \"z\": 190.82, \"rain\": 0.0, \"fog\": 0.0, \"wetness\": 0.5, \"timeofday\": 14.0, \"signal\": -1.0, \"rx\": 0.01, \"ry\": 87.72, \"rz\": 0.34, \"speed\": 8.96}","natures":[]},{"name":"","description":"","eClass":"Sentence","content":"The environment controller C INVOKES API Control.Weather.Rain(rain_level=Moderate).","natures":[]},{"name":"","description":"","eClass":"Sentence","content":"The test system VALIDATES THAT the Apollo A Status.GetControl is nearly equal to {\"acceleration\": -0.01, \"throttle\": 0.0, \"steering_target\": -19.59, \"brake\": 14.5, \"steering_rate\": 100.0, \"speed\": 7.36}","natures":[]},{"name":"","description":"","eClass":"Sentence","content":"The test system VALIDATES THAT the simulator S Status.GetEnvironment is nearly equal to {\"x\": -175.7, \"y\": 10.12, \"z\": 193.65, \"rain\": 0.5, \"fog\": 0.0, \"wetness\": 0.5, \"timeofday\": 14.0, \"signal\": 1.0, \"rx\": 0.04, \"ry\": 88.03, \"rz\": 1.2, \"speed\": 7.36}","natures":[]},{"name":"","description":"","eClass":"Sentence","content":"The environment controller C INVOKES API Control.Agents.NPCVehicle.NPCVehicleSwitchLane(which_lane=Left_Lane&which_car=Hatchback).","natures":[]},{"name":"","description":"","eClass":"Sentence","content":"The test system VALIDATES THAT the Apollo A Status.GetControl is nearly equal to {\"acceleration\": -0.36, \"throttle\": 0.0, \"steering_target\": 0.33, \"brake\": 14.5, \"steering_rate\": 100.0, \"speed\": 4.22}","natures":[]},{"name":"","description":"","eClass":"Sentence","content":"The test system VALIDATES THAT the simulator S Status.GetEnvironment is nearly equal to {\"x\": -151.81, \"y\": 10.12, \"z\": 193.32, \"rain\": 0.5, \"fog\": 0.0, \"wetness\": 0.5, \"timeofday\": 14.0, \"signal\": 1.0, \"rx\": 0.03, \"ry\": 89.58, \"rz\": 359.99, \"speed\": 4.21}","natures":[]},{"name":"","description":"","eClass":"Sentence","content":"The environment controller C INVOKES API Control.Agents.NPCVehicle.NPCVehicleSwitchLane(which_lane=Left_Lane&which_car=Sedan).","natures":[]},{"name":"","description":"","eClass":"Sentence","content":"The test system VALIDATES THAT the Apollo A Status.GetControl is nearly equal to {\"acceleration\": -0.69, \"throttle\": 0.0, \"steering_target\": -0.03, \"brake\": 16.95, \"steering_rate\": 100.0, \"speed\": 1.28}","natures":[]},{"name":"","description":"","eClass":"Sentence","content":"","natures":[]}]
