 timestamp= 1619781860000 [START] Now Run TCS Maintain Lane On Road1 Mode: dynamic Roadnum: 1 Second: 4
 timestamp= 1619781860000 [SUCCESS] TCS Check Success 
 timestamp= 1619781863000 [RUN] Run BasicFlow
 timestamp= 1619781863000 [RUN] Generate steps
 timestamp= 1619781863000 [RUN] Validate step: 
The test system VALIDATES THAT the simulator S Status.GetEnvironment is nearly equal to {"x": 214.11, "y": 10.12, "z": 201.88, "rain": 0.0, "fog": 0.0, "wetness": 0.0, "timeofday": 12.0, "signal": -1.0, "rx": 359.91, "ry": 269.93, "rz": -0.0, "speed": 3.97}
 timestamp= 1619781863000 [RES] Validate result: 
true
 timestamp= 1619781863000 [RUN] Execute API step: 
The environment controller C INVOKES API Control.Agents.NPCVehicle.NPCVehicleMaintainLane(which_lane=Right_Lane&which_car=Jeep).
 timestamp= 1619781866000 [RES] API result: 
{"pose_arr":[{"vx":-0.01,"ay":0,"az":9.81,"ax":0,"pz":10.12,"vy":-0.01,"px":553089.44,"py":4182687.9},{"vx":-0.01,"ay":0.28,"az":9.82,"ax":0,"pz":10.12,"vy":-0.01,"px":553087.08,"py":4182687.89},{"vx":-0.01,"ay":0.32,"az":9.84,"ax":0,"pz":10.12,"vy":-0.01,"px":553083.42,"py":4182687.89},{"vx":-0.01,"ay":0.49,"az":9.81,"ax":0,"pz":10.12,"vy":-0.01,"px":553079.18,"py":4182687.88},{"vx":-0.02,"ay":0.65,"az":9.8,"ax":0,"pz":10.12,"vy":-0.02,"px":553076.42,"py":4182687.87},{"vx":-0.02,"ay":0.25,"az":9.81,"ax":0,"pz":10.12,"vy":-0.02,"px":553070.82,"py":4182687.86},{"vx":-0.02,"ay":0.32,"az":9.8,"ax":0,"pz":10.12,"vy":-0.02,"px":553066.9,"py":4182687.85}],"traffic_light":[3,3,3,3,3,3],"state_arr":[{"acceleration":0.85,"throttle":27.15,"steering_target":0.08,"brake":0,"steering_rate":100,"speed":3.97},{"acceleration":1.09,"throttle":47.02,"steering_target":0.06,"brake":0,"steering_rate":100,"speed":4.41},{"acceleration":0.36,"throttle":15.99,"steering_target":0,"brake":0,"steering_rate":100,"speed":5.63},{"acceleration":0.52,"throttle":19.55,"steering_target":0.03,"brake":0,"steering_rate":100,"speed":5.92},{"acceleration":0.87,"throttle":24.5,"steering_target":-0.03,"brake":0,"steering_rate":100,"speed":6.17},{"acceleration":0.88,"throttle":24.7,"steering_target":0.01,"brake":0,"steering_rate":100,"speed":6.43},{"acceleration":0.68,"throttle":15.7,"steering_target":0.03,"brake":0,"steering_rate":100,"speed":6.77}],"obstacle_arr":[[],[{"acceleration":{"y":0,"x":0,"z":0},"position":{"y":4182695.95,"x":553088.45,"z":10.34},"volume":8.45,"type":"VEHICLE","velocity":{"y":0,"x":0,"z":0}}],[{"acceleration":{"y":0,"x":0,"z":0},"position":{"y":4182695.63,"x":553087.61,"z":10.35},"volume":11.12,"type":"VEHICLE","velocity":{"y":0,"x":0,"z":0}}],[{"acceleration":{"y":0,"x":0,"z":0},"position":{"y":4182695.09,"x":553086.05,"z":10.34},"volume":10.7,"type":"VEHICLE","velocity":{"y":0,"x":0,"z":0}}],[{"acceleration":{"y":-0.97,"x":-1.93,"z":0},"position":{"y":4182694.18,"x":553084.08,"z":10.34},"volume":10.37,"type":"VEHICLE","velocity":{"y":-0.95,"x":-1.87,"z":0}}],[{"acceleration":{"y":-0.84,"x":-2.35,"z":0},"position":{"y":4182692.7,"x":553079.73,"z":10.34},"volume":10.51,"type":"VEHICLE","velocity":{"y":-1.5,"x":-3.24,"z":0}}],[{"acceleration":{"y":-0.69,"x":-2.98,"z":0},"position":{"y":4182691.89,"x":553077.99,"z":10.34},"volume":8.8,"type":"VEHICLE","velocity":{"y":-2.05,"x":-5.69,"z":0}}]],"action_description":"NPC vehicle (Jeep) driving on the right lane","ev_state":[190.984115600586,10.1241102218628,201.821640014648,0,0,0,12,-1,359.975982666016,269.840026855469,-0.000753699452616274,6.891917037953056],"collision_probability":0}
 timestamp= 1619781866000 [RUN] Validate G1 Guard Condition: 
The ego vehicle E Detection.Collision == True.
 timestamp= 1619781866000 [RES] Global Validate result: 
false
 timestamp= 1619781866000 [RUN] Validate G2 Guard Condition: 
The ego vehicle E Detection.OffRoad == True.
 timestamp= 1619781866000 [RES] Global Validate result: 
false
 timestamp= 1619781866000 [RUN] Validate G3 Guard Condition: 
The ego vehicle E Detection.HardBrake == True.
 timestamp= 1619781866000 [RES] Global Validate result: 
false
 timestamp= 1619781866000 [RUN] Validate G4 Guard Condition: 
The ego vehicle E Detection.ArrivalTest == True.
 timestamp= 1619781866000 [RES] Global Validate result: 
false
 timestamp= 1619781866000 [RUN] Validate step: 
The test system VALIDATES THAT the Apollo A Status.GetControl is nearly equal to {"acceleration": 0.68, "throttle": 15.7, "steering_target": 0.03, "brake": 0.0, "steering_rate": 100.0, "speed": 6.77}
 timestamp= 1619781867000 [RES] Validate result: 
true
 timestamp= 1619781867000 [RUN] Generate steps
 timestamp= 1619781867000 [RUN] Validate step: 
The test system VALIDATES THAT the simulator S Status.GetEnvironment is nearly equal to {"x": 190.98, "y": 10.12, "z": 201.82, "rain": 0.0, "fog": 0.0, "wetness": 0.0, "timeofday": 12.0, "signal": -1.0, "rx": 359.98, "ry": 269.84, "rz": -0.0, "speed": 6.89}
 timestamp= 1619781867000 [RES] Validate result: 
true
 timestamp= 1619781867000 [RUN] Execute API step: 
The environment controller C INVOKES API Control.Agents.NPCVehicle.NPCVehicleMaintainLane(which_lane=Right_Lane&which_car=Sedan).
 timestamp= 1619781870000 [RES] API result: 
{"pose_arr":[{"vx":-0.02,"ay":0,"az":9.81,"ax":0,"pz":10.12,"vy":-0.02,"px":553062.77,"py":4182687.83},{"vx":-0.03,"ay":0.23,"az":9.82,"ax":0,"pz":10.12,"vy":-0.03,"px":553057.58,"py":4182687.82},{"vx":-0.05,"ay":0.28,"az":9.81,"ax":0,"pz":10.12,"vy":-0.05,"px":553052.14,"py":4182687.79},{"vx":-0.06,"ay":0.26,"az":9.81,"ax":0,"pz":10.12,"vy":-0.06,"px":553048.25,"py":4182687.76},{"vx":-0.08,"ay":-2.65,"az":9.88,"ax":0.03,"pz":10.13,"vy":-0.08,"px":553042.06,"py":4182687.71},{"vx":-0.09,"ay":-1.01,"az":9.81,"ax":0.01,"pz":10.13,"vy":-0.09,"px":553036.95,"py":4182687.65}],"traffic_light":[3,3,3,3,2,2],"state_arr":[{"acceleration":1.08,"throttle":15.7,"steering_target":0.04,"brake":0,"steering_rate":100,"speed":6.89},{"acceleration":0.71,"throttle":15.7,"steering_target":0.08,"brake":0,"steering_rate":100,"speed":7.34},{"acceleration":0.59,"throttle":15.7,"steering_target":0.13,"brake":0,"steering_rate":100,"speed":7.51},{"acceleration":0.57,"throttle":15.7,"steering_target":0.16,"brake":0,"steering_rate":100,"speed":7.67},{"acceleration":0.07,"throttle":15.7,"steering_target":0.19,"brake":0,"steering_rate":100,"speed":7.87},{"acceleration":-0.85,"throttle":0,"steering_target":0.21,"brake":31.68,"steering_rate":100,"speed":7.98},{"acceleration":-1.32,"throttle":0,"steering_target":0.25,"brake":22.96,"steering_rate":100,"speed":7.04}],"obstacle_arr":[[{"acceleration":{"y":-0.66,"x":-2.25,"z":0},"position":{"y":4182691.17,"x":553076.93,"z":10.34},"volume":7.31,"type":"VEHICLE","velocity":{"y":-2.44,"x":-7.1,"z":0}}],[{"acceleration":{"y":0.02,"x":-0.32,"z":0},"position":{"y":4182691.13,"x":553075.16,"z":10.25},"volume":10.26,"type":"VEHICLE","velocity":{"y":-2.62,"x":-8,"z":0}},{"acceleration":{"y":-0.04,"x":-0.05,"z":0},"position":{"y":4182695.36,"x":553064.3,"z":10.34},"volume":10.53,"type":"VEHICLE","velocity":{"y":-1.83,"x":-2.24,"z":0}}],[{"acceleration":{"y":0.32,"x":0.49,"z":0},"position":{"y":4182691.23,"x":553076.53,"z":10.13},"volume":9.79,"type":"VEHICLE","velocity":{"y":-2.47,"x":-7.81,"z":0}},{"acceleration":{"y":-0.42,"x":0.85,"z":0},"position":{"y":4182694.26,"x":553064.96,"z":10.34},"volume":7.72,"type":"VEHICLE","velocity":{"y":-1.82,"x":-1.35,"z":0}}],[{"acceleration":{"y":-0.04,"x":1.01,"z":0},"position":{"y":4182692.21,"x":553063.15,"z":10.34},"volume":8.35,"type":"VEHICLE","velocity":{"y":-1.59,"x":-0.74,"z":0}}],[{"acceleration":{"y":-1.2,"x":-1.19,"z":0},"position":{"y":4182688.68,"x":553061.29,"z":10.13},"volume":9.28,"type":"VEHICLE","velocity":{"y":-2.48,"x":-1.65,"z":0}}],[{"acceleration":{"y":-1.27,"x":-1.59,"z":0},"position":{"y":4182686.51,"x":553059.94,"z":10.37},"volume":6.08,"type":"VEHICLE","velocity":{"y":-3.28,"x":-2.48,"z":0}}]],"action_description":"NPC vehicle (Sedan) driving on the right lane","ev_state":[161.049530029297,10.1241445541382,201.609909057617,0,0,0,12,0,0.0610726177692413,269.251953125,359.993072509766,6.690315846636275],"collision_probability":0}
 timestamp= 1619781870000 [RUN] Validate G1 Guard Condition: 
The ego vehicle E Detection.Collision == True.
 timestamp= 1619781870000 [RES] Global Validate result: 
false
 timestamp= 1619781870000 [RUN] Validate G2 Guard Condition: 
The ego vehicle E Detection.OffRoad == True.
 timestamp= 1619781870000 [RES] Global Validate result: 
false
 timestamp= 1619781870000 [RUN] Validate G3 Guard Condition: 
The ego vehicle E Detection.HardBrake == True.
 timestamp= 1619781870000 [RES] Global Validate result: 
false
 timestamp= 1619781870000 [RUN] Validate G4 Guard Condition: 
The ego vehicle E Detection.ArrivalTest == True.
 timestamp= 1619781870000 [RES] Global Validate result: 
false
 timestamp= 1619781870000 [RUN] Validate step: 
The test system VALIDATES THAT the Apollo A Status.GetControl is nearly equal to {"acceleration": -1.32, "throttle": 0.0, "steering_target": 0.25, "brake": 22.96, "steering_rate": 100.0, "speed": 7.04}
 timestamp= 1619781870000 [RES] Validate result: 
true
 timestamp= 1619781870000 [RUN] Generate steps
 timestamp= 1619781870000 [RUN] Validate step: 
The test system VALIDATES THAT the simulator S Status.GetEnvironment is nearly equal to {"x": 161.05, "y": 10.12, "z": 201.61, "rain": 0.0, "fog": 0.0, "wetness": 0.0, "timeofday": 12.0, "signal": 0.0, "rx": 0.06, "ry": 269.25, "rz": 359.99, "speed": 6.69}
 timestamp= 1619781870000 [RES] Validate result: 
true
 timestamp= 1619781870000 [RUN] Execute API step: 
The environment controller C INVOKES API Control.Agents.NPCVehicle.NPCVehicleSwitchLane(which_lane=Left_Lane&which_car=SchoolBus).
 timestamp= 1619781874000 [RES] API result: 
{"pose_arr":[{"vx":-0.08,"ay":-2.59,"az":9.83,"ax":0.03,"pz":10.13,"vy":-0.08,"px":553034.79,"py":4182687.63},{"vx":-0.06,"ay":-2.5,"az":9.81,"ax":0.03,"pz":10.13,"vy":-0.06,"px":553031.38,"py":4182687.58},{"vx":-0.04,"ay":-2.81,"az":9.81,"ax":0.05,"pz":10.13,"vy":-0.04,"px":553029.41,"py":4182687.55},{"vx":-0.03,"ay":-1.86,"az":9.81,"ax":0.03,"pz":10.13,"vy":-0.03,"px":553028.06,"py":4182687.54},{"vx":-0.02,"ay":-0.47,"az":9.81,"ax":0.01,"pz":10.13,"vy":-0.02,"px":553027.03,"py":4182687.52},{"vx":-0.03,"ay":3.88,"az":9.78,"ax":-0.05,"pz":10.12,"vy":-0.03,"px":553026.13,"py":4182687.51},{"vx":-0.04,"ay":2.72,"az":9.79,"ax":-0.03,"pz":10.12,"vy":-0.04,"px":553024.53,"py":4182687.49}],"traffic_light":[2,2,3,3,3,3],"state_arr":[{"acceleration":-2.71,"throttle":0,"steering_target":0.02,"brake":36.55,"steering_rate":100,"speed":6.69},{"acceleration":-2.48,"throttle":0,"steering_target":0.05,"brake":34.88,"steering_rate":100,"speed":5.41},{"acceleration":-2.77,"throttle":0,"steering_target":0.11,"brake":37.96,"steering_rate":100,"speed":4.23},{"acceleration":-1.83,"throttle":0,"steering_target":0.01,"brake":29.51,"steering_rate":100,"speed":2.53},{"acceleration":-0.79,"throttle":0,"steering_target":0,"brake":18.72,"steering_rate":100,"speed":1.62},{"acceleration":0.24,"throttle":15.7,"steering_target":-0.01,"brake":0,"steering_rate":100,"speed":1.21},{"acceleration":0.2,"throttle":15.7,"steering_target":-0.1,"brake":0,"steering_rate":100,"speed":2.39},{"acceleration":0.26,"throttle":15.7,"steering_target":-0.14,"brake":0,"steering_rate":100,"speed":3.21}],"obstacle_arr":[[{"acceleration":{"y":0.27,"x":-2.1,"z":0},"position":{"y":4182685.31,"x":553057.69,"z":10.47},"volume":4.14,"type":"VEHICLE","velocity":{"y":-3.59,"x":-4.02,"z":0}}],[{"acceleration":{"y":0.55,"x":-1.35,"z":0},"position":{"y":4182685.02,"x":553055.64,"z":10.38},"volume":3.58,"type":"VEHICLE","velocity":{"y":-3.26,"x":-5.13,"z":0}},{"acceleration":{"y":-0.01,"x":0,"z":0},"position":{"y":4182678.39,"x":553015.56,"z":10.17},"volume":113.23,"type":"VEHICLE","velocity":{"y":0,"x":0,"z":0}}],[{"acceleration":{"y":0.51,"x":-0.54,"z":0},"position":{"y":4182685.13,"x":553054.51,"z":10.81},"volume":0.57,"type":"VEHICLE","velocity":{"y":-0.24,"x":-2.7,"z":0}},{"acceleration":{"y":-0.9,"x":0.22,"z":0},"position":{"y":4182673.75,"x":553016.1,"z":10.19},"volume":95.7,"type":"VEHICLE","velocity":{"y":-1.06,"x":0.26,"z":0}}],[{"acceleration":{"y":0.07,"x":1.33,"z":0},"position":{"y":4182684.84,"x":553051.19,"z":10.47},"volume":1.01,"type":"VEHICLE","velocity":{"y":-0.15,"x":-1.5,"z":0}},{"acceleration":{"y":-5.09,"x":2.71,"z":0},"position":{"y":4182669.64,"x":553017.75,"z":10.39},"volume":66.91,"type":"VEHICLE","velocity":{"y":-4.35,"x":1.81,"z":0}}],[{"acceleration":{"y":0.24,"x":-1.25,"z":0},"position":{"y":4182684.93,"x":553049.01,"z":10.61},"volume":1.12,"type":"VEHICLE","velocity":{"y":0.02,"x":-2.43,"z":0}},{"acceleration":{"y":-4.62,"x":3.3,"z":0},"position":{"y":4182663.93,"x":553021.4,"z":10.37},"volume":55.62,"type":"VEHICLE","velocity":{"y":-6.94,"x":3.44,"z":0}}],[{"acceleration":{"y":0.13,"x":-1.61,"z":0},"position":{"y":4182684.77,"x":553046.4,"z":10.69},"volume":1.15,"type":"VEHICLE","velocity":{"y":0.04,"x":-3.46,"z":0}},{"acceleration":{"y":-4.36,"x":3.36,"z":0},"position":{"y":4182659.98,"x":553024.56,"z":10.37},"volume":58.42,"type":"VEHICLE","velocity":{"y":-9.76,"x":5.54,"z":0}},{"acceleration":{"y":0,"x":0,"z":0},"position":{"y":4182667.29,"x":553008.83,"z":10.74},"volume":1.32,"type":"VEHICLE","velocity":{"y":0,"x":0,"z":0}}],[{"acceleration":{"y":-0.14,"x":-1.97,"z":0},"position":{"y":4182684.61,"x":553042.48,"z":10.42},"volume":4.27,"type":"VEHICLE","velocity":{"y":-0.01,"x":-5.18,"z":0}},{"acceleration":{"y":-3.68,"x":2.86,"z":0},"position":{"y":4182653.17,"x":553030.07,"z":10.28},"volume":67.54,"type":"VEHICLE","velocity":{"y":-13.46,"x":8.44,"z":0}},{"acceleration":{"y":0,"x":0,"z":0},"position":{"y":4182667.46,"x":553002.09,"z":10.49},"volume":2.03,"type":"VEHICLE","velocity":{"y":0.2,"x":-0.88,"z":0}}]],"action_description":"NPC vehicle (BoxTruck) switching lane (left to right)","ev_state":[148.901306152344,10.1246337890625,201.446166992188,0,0,0,12,-1,359.887847900391,269.234619140625,0.000751162064261734,3.211641806360253],"collision_probability":0}
 timestamp= 1619781874000 [RUN] Validate G1 Guard Condition: 
The ego vehicle E Detection.Collision == True.
 timestamp= 1619781874000 [RES] Global Validate result: 
false
 timestamp= 1619781874000 [RUN] Validate G2 Guard Condition: 
The ego vehicle E Detection.OffRoad == True.
 timestamp= 1619781874000 [RES] Global Validate result: 
false
 timestamp= 1619781874000 [RUN] Validate G3 Guard Condition: 
The ego vehicle E Detection.HardBrake == True.
 timestamp= 1619781874000 [RES] Global Validate result: 
true
 timestamp= 1619781874000 [RUN] HardBrake == True
 timestamp= 1619781874000 [RUN] RESUME STEP @preStep
 timestamp= 1619781874000 [RUN] Resume step basicflow7
 timestamp= 1619781874000 [RUN] Validate G4 Guard Condition: 
The ego vehicle E Detection.ArrivalTest == True.
 timestamp= 1619781874000 [RES] Global Validate result: 
false
 timestamp= 1619781874000 [RUN] Validate step: 
The test system VALIDATES THAT the Apollo A Status.GetControl is nearly equal to {"acceleration": 0.26, "throttle": 15.7, "steering_target": -0.14, "brake": 0.0, "steering_rate": 100.0, "speed": 3.21}
 timestamp= 1619781874000 [RES] Validate result: 
true
 timestamp= 1619781874000 [RUN] Generate steps
 timestamp= 1619781874000 [RUN] Validate step: 
The test system VALIDATES THAT the simulator S Status.GetEnvironment is nearly equal to {"x": 148.9, "y": 10.12, "z": 201.45, "rain": 0.0, "fog": 0.0, "wetness": 0.0, "timeofday": 12.0, "signal": -1.0, "rx": 359.89, "ry": 269.23, "rz": 0.0, "speed": 3.21}
 timestamp= 1619781874000 [RES] Validate result: 
true
 timestamp= 1619781874000 [RUN] Execute API step: 
The environment controller C INVOKES API Control.Agents.NPCVehicle.NPCVehicleSwitchLane(which_lane=Current_Lane&which_car=BoxTruck).
 timestamp= 1619781878000 [RES] API result: 
{"pose_arr":[{"vx":-0.04,"ay":2.5,"az":9.81,"ax":-0.03,"pz":10.12,"vy":-0.04,"px":553023.38,"py":4182687.47},{"vx":-0.05,"ay":0.27,"az":9.82,"ax":0,"pz":10.12,"vy":-0.05,"px":553020.9,"py":4182687.44},{"vx":-0.04,"ay":-0.54,"az":9.81,"ax":0.02,"pz":10.13,"vy":-0.04,"px":553018.26,"py":4182687.41},{"vx":-0.03,"ay":0.5,"az":9.8,"ax":0,"pz":10.12,"vy":-0.03,"px":553016.22,"py":4182687.39},{"vx":-0.02,"ay":0.27,"az":9.81,"ax":0,"pz":10.12,"vy":-0.02,"px":553013.67,"py":4182687.37},{"vx":0.04,"ay":0.38,"az":9.81,"ax":0.06,"pz":10.12,"vy":0.04,"px":553011.34,"py":4182687.36},{"vx":0.27,"ay":0.26,"az":9.82,"ax":0.12,"pz":10.12,"vy":0.27,"px":553008.96,"py":4182687.39}],"traffic_light":[0,0,0,0,0,0],"state_arr":[{"acceleration":0.07,"throttle":15.7,"steering_target":-0.15,"brake":0,"steering_rate":100,"speed":3.94},{"acceleration":-0.69,"throttle":0,"steering_target":-0.12,"brake":16.35,"steering_rate":100,"speed":4.13},{"acceleration":-0.73,"throttle":0,"steering_target":-0.28,"brake":17.05,"steering_rate":100,"speed":3.51},{"acceleration":0.53,"throttle":19.47,"steering_target":-0.38,"brake":0,"steering_rate":100,"speed":3.22},{"acceleration":0.54,"throttle":15.76,"steering_target":-0.53,"brake":0,"steering_rate":100,"speed":3.8},{"acceleration":0.49,"throttle":15.7,"steering_target":-2.34,"brake":0,"steering_rate":100,"speed":3.99},{"acceleration":0.54,"throttle":15.7,"steering_target":-8.52,"brake":0,"steering_rate":100,"speed":4.24}],"obstacle_arr":[[{"acceleration":{"y":0.12,"x":-2.06,"z":0},"position":{"y":4182684.61,"x":553040.6,"z":10.38},"volume":4.78,"type":"VEHICLE","velocity":{"y":-0.04,"x":-5.69,"z":0}},{"acceleration":{"y":-3.35,"x":2.61,"z":0},"position":{"y":4182649.05,"x":553032.97,"z":10.69},"volume":32.01,"type":"VEHICLE","velocity":{"y":-14.55,"x":9.32,"z":0}},{"acceleration":{"y":0,"x":0,"z":0},"position":{"y":4182691.97,"x":553012.11,"z":10.33},"volume":0.67,"type":"PEDESTRIAN","velocity":{"y":0,"x":0,"z":0}}],[{"acceleration":{"y":0.1,"x":-1.62,"z":0},"position":{"y":4182684.59,"x":553036.71,"z":10.43},"volume":4.14,"type":"VEHICLE","velocity":{"y":0.04,"x":-7.03,"z":0}},{"acceleration":{"y":0.01,"x":-0.04,"z":0},"position":{"y":4182691.97,"x":553011.56,"z":10.61},"volume":1.39,"type":"PEDESTRIAN","velocity":{"y":0.1,"x":-0.52,"z":0}},{"acceleration":{"y":0,"x":0,"z":0},"position":{"y":4182686.63,"x":553001.87,"z":10.52},"volume":91.05,"type":"VEHICLE","velocity":{"y":0,"x":0,"z":0}}],[{"acceleration":{"y":0.03,"x":-0.94,"z":0},"position":{"y":4182684.33,"x":553034.5,"z":10.41},"volume":5.56,"type":"VEHICLE","velocity":{"y":0.05,"x":-7.93,"z":0}},{"acceleration":{"y":-0.01,"x":-0.07,"z":0},"position":{"y":4182685.97,"x":553000.57,"z":10.55},"volume":15.04,"type":"VEHICLE","velocity":{"y":-0.46,"x":-2.49,"z":0}}],[{"acceleration":{"y":0.06,"x":-0.31,"z":0},"position":{"y":4182684.38,"x":553032.16,"z":10.42},"volume":5.39,"type":"VEHICLE","velocity":{"y":0.07,"x":-8.24,"z":0}},{"acceleration":{"y":0,"x":0,"z":0},"position":{"y":4182667.3,"x":553008.84,"z":10.64},"volume":2.12,"type":"UNKNOWN","velocity":{"y":0,"x":0,"z":0}}],[{"acceleration":{"y":0.07,"x":0.36,"z":0},"position":{"y":4182684.36,"x":553031.29,"z":10.43},"volume":5.55,"type":"VEHICLE","velocity":{"y":0.1,"x":-8.15,"z":0}}],[{"acceleration":{"y":0.05,"x":0.76,"z":0},"position":{"y":4182684.25,"x":553028.62,"z":10.46},"volume":5.33,"type":"VEHICLE","velocity":{"y":0.15,"x":-7.5,"z":0}}],[{"acceleration":{"y":0.05,"x":0.8,"z":0},"position":{"y":4182684.37,"x":553027.42,"z":10.56},"volume":3.68,"type":"VEHICLE","velocity":{"y":0.05,"x":-0.83,"z":0}}]],"action_description":"NPC vehicle (BoxTruck) switching lane (current to right)","ev_state":[133.611022949219,10.1245012283325,201.425445556641,0,0,0,12,-1,359.973510742188,272.211181640625,0.10136978328228,4.395796906471463],"collision_probability":0}
 timestamp= 1619781878000 [RUN] Validate G1 Guard Condition: 
The ego vehicle E Detection.Collision == True.
 timestamp= 1619781878000 [RES] Global Validate result: 
false
 timestamp= 1619781878000 [RUN] Validate G2 Guard Condition: 
The ego vehicle E Detection.OffRoad == True.
 timestamp= 1619781878000 [RES] Global Validate result: 
false
 timestamp= 1619781878000 [RUN] Validate G3 Guard Condition: 
The ego vehicle E Detection.HardBrake == True.
 timestamp= 1619781878000 [RES] Global Validate result: 
false
 timestamp= 1619781878000 [RUN] Validate G4 Guard Condition: 
The ego vehicle E Detection.ArrivalTest == True.
 timestamp= 1619781878000 [RES] Global Validate result: 
false
 timestamp= 1619781878000 [RUN] Validate step: 
The test system VALIDATES THAT the Apollo A Status.GetControl is nearly equal to {"acceleration": 0.54, "throttle": 15.7, "steering_target": -8.52, "brake": 0.0, "steering_rate": 100.0, "speed": 4.24}
 timestamp= 1619781878000 [RES] Validate result: 
true
 timestamp= 1619781878000 [RUN] Generate steps
 timestamp= 1619781878000 [RUN] Validate step: 
The test system VALIDATES THAT the simulator S Status.GetEnvironment is nearly equal to {"x": 133.61, "y": 10.12, "z": 201.43, "rain": 0.0, "fog": 0.0, "wetness": 0.0, "timeofday": 12.0, "signal": -1.0, "rx": 359.97, "ry": 272.21, "rz": 0.1, "speed": 4.4}
 timestamp= 1619781878000 [RES] Validate result: 
true
 timestamp= 1619781878000 [RUN] Execute API step: 
The environment controller C INVOKES API Control.Agents.NPCVehicle.NPCVehicleSwitchLane(which_lane=Right_Lane&which_car=Hatchback).
 timestamp= 1619781882000 [RES] API result: 
{"pose_arr":[{"vx":0.57,"ay":0.7,"az":9.81,"ax":0.1,"pz":10.12,"vy":0.57,"px":553007.51,"py":4182687.47},{"vx":1.3,"ay":0.25,"az":9.81,"ax":0.72,"pz":10.12,"vy":1.3,"px":553004.36,"py":4182687.91},{"vx":1.65,"ay":-1.92,"az":9.83,"ax":-1.1,"pz":10.13,"vy":1.65,"px":553001.64,"py":4182688.71},{"vx":1.53,"ay":-0.54,"az":9.8,"ax":-0.27,"pz":10.13,"vy":1.53,"px":552999.75,"py":4182689.53},{"vx":1.7,"ay":0.24,"az":9.81,"ax":0.14,"pz":10.12,"vy":1.7,"px":552998,"py":4182690.41},{"vx":1.89,"ay":-0.36,"az":9.81,"ax":-0.38,"pz":10.12,"vy":1.89,"px":552996.24,"py":4182691.43},{"vx":2,"ay":0.29,"az":9.81,"ax":0.07,"pz":10.12,"vy":2,"px":552994.74,"py":4182692.39}],"traffic_light":[0,0,0,0,0,0],"state_arr":[{"acceleration":0.63,"throttle":21.25,"steering_target":-13.99,"brake":0,"steering_rate":100,"speed":4.4},{"acceleration":0.89,"throttle":15.7,"steering_target":-17.37,"brake":0,"steering_rate":100,"speed":4.72},{"acceleration":-1.41,"throttle":0,"steering_target":-28.54,"brake":24.64,"steering_rate":100,"speed":4.99},{"acceleration":-2.36,"throttle":0,"steering_target":-14.15,"brake":34.27,"steering_rate":100,"speed":4.23},{"acceleration":-0.68,"throttle":0,"steering_target":-12.37,"brake":16.41,"steering_rate":100,"speed":3.47},{"acceleration":0.12,"throttle":15.7,"steering_target":-12.63,"brake":0,"steering_rate":100,"speed":3.16},{"acceleration":-0.08,"throttle":0,"steering_target":-9.52,"brake":14.5,"steering_rate":100,"speed":3.6},{"acceleration":0.41,"throttle":17.3,"steering_target":-9.49,"brake":0,"steering_rate":100,"speed":3.38}],"obstacle_arr":[[{"acceleration":{"y":0,"x":0.98,"z":0},"position":{"y":4182684.63,"x":553027.34,"z":10.52},"volume":4.31,"type":"VEHICLE","velocity":{"y":-0.04,"x":-0.3,"z":0}}],[{"acceleration":{"y":0.06,"x":0.6,"z":0},"position":{"y":4182684.71,"x":553026.76,"z":10.77},"volume":2.65,"type":"VEHICLE","velocity":{"y":0,"x":0,"z":0}},{"acceleration":{"y":0,"x":-0.01,"z":0},"position":{"y":4182695.91,"x":552988.48,"z":10.47},"volume":4.41,"type":"VEHICLE","velocity":{"y":0,"x":0,"z":0}},{"acceleration":{"y":0,"x":-0.01,"z":0},"position":{"y":4182667.01,"x":553002.39,"z":10.62},"volume":6.8,"type":"VEHICLE","velocity":{"y":0,"x":0,"z":0}}],[{"acceleration":{"y":0,"x":0,"z":0},"position":{"y":4182684.97,"x":553025.2,"z":10.69},"volume":1.22,"type":"VEHICLE","velocity":{"y":0,"x":0,"z":0}},{"acceleration":{"y":0.45,"x":-0.67,"z":0},"position":{"y":4182696.5,"x":552987.21,"z":10.25},"volume":5.96,"type":"VEHICLE","velocity":{"y":0.8,"x":-1.29,"z":0}},{"acceleration":{"y":0,"x":0,"z":0},"position":{"y":4182666.8,"x":553002.81,"z":11.08},"volume":3.67,"type":"VEHICLE","velocity":{"y":0,"x":0,"z":0}}],[{"acceleration":{"y":0,"x":0,"z":0},"position":{"y":4182684.28,"x":553026.2,"z":10.82},"volume":3.29,"type":"VEHICLE","velocity":{"y":0,"x":0,"z":0}},{"acceleration":{"y":0.76,"x":0.02,"z":0},"position":{"y":4182698.03,"x":552986.32,"z":10.56},"volume":4.26,"type":"VEHICLE","velocity":{"y":1.26,"x":-1.21,"z":0}}],[{"acceleration":{"y":0,"x":0,"z":0},"position":{"y":4182684.07,"x":553025.43,"z":11.39},"volume":0.03,"type":"VEHICLE","velocity":{"y":0,"x":0,"z":0}},{"acceleration":{"y":1,"x":-0.37,"z":0},"position":{"y":4182700.55,"x":552984.28,"z":10.52},"volume":4.1,"type":"VEHICLE","velocity":{"y":1.88,"x":-1.34,"z":0}}],[{"acceleration":{"y":0,"x":0,"z":0},"position":{"y":4182684.39,"x":553024.95,"z":10.69},"volume":2.61,"type":"VEHICLE","velocity":{"y":0,"x":0,"z":0}},{"acceleration":{"y":0.84,"x":-0.7,"z":0},"position":{"y":4182701.07,"x":552983.65,"z":10.58},"volume":2.99,"type":"VEHICLE","velocity":{"y":2.5,"x":-1.74,"z":0}}],[{"acceleration":{"y":0,"x":0,"z":0},"position":{"y":4182684.07,"x":553024.46,"z":10.71},"volume":2.48,"type":"VEHICLE","velocity":{"y":0,"x":0,"z":0}},{"acceleration":{"y":0.76,"x":-0.59,"z":0},"position":{"y":4182701.73,"x":552983.17,"z":10.63},"volume":0.48,"type":"VEHICLE","velocity":{"y":2.94,"x":-2.07,"z":0}}]],"action_description":"NPC vehicle (Hatchback) switching lane (right to left)","ev_state":[119.313232421875,10.1246223449707,207.350845336914,0,0,0,12,-1,359.987335205078,304.275604248047,0.0581597536802292,3.498594066311773],"collision_probability":0}
 timestamp= 1619781882000 [RUN] Validate G1 Guard Condition: 
The ego vehicle E Detection.Collision == True.
 timestamp= 1619781882000 [RES] Global Validate result: 
false
 timestamp= 1619781882000 [RUN] Validate G2 Guard Condition: 
The ego vehicle E Detection.OffRoad == True.
 timestamp= 1619781882000 [RES] Global Validate result: 
false
 timestamp= 1619781882000 [RUN] Validate G3 Guard Condition: 
The ego vehicle E Detection.HardBrake == True.
 timestamp= 1619781882000 [RES] Global Validate result: 
false
 timestamp= 1619781882000 [RUN] Validate G4 Guard Condition: 
The ego vehicle E Detection.ArrivalTest == True.
 timestamp= 1619781882000 [RES] Global Validate result: 
false
 timestamp= 1619781882000 [RUN] Validate step: 
The test system VALIDATES THAT the Apollo A Status.GetControl is nearly equal to {"acceleration": 0.41, "throttle": 17.3, "steering_target": -9.49, "brake": 0.0, "steering_rate": 100.0, "speed": 3.38}
 timestamp= 1619781882000 [RES] Validate result: 
true
 timestamp= 1619781882000 [RUN] Generate steps
 timestamp= 1619781882000 [RUN] Validate step: 
The test system VALIDATES THAT the simulator S Status.GetEnvironment is nearly equal to {"x": 119.31, "y": 10.12, "z": 207.35, "rain": 0.0, "fog": 0.0, "wetness": 0.0, "timeofday": 12.0, "signal": -1.0, "rx": 359.99, "ry": 304.28, "rz": 0.06, "speed": 3.5}
 timestamp= 1619781882000 [RES] Validate result: 
true
 timestamp= 1619781882000 [RUN] Execute API step: 
The environment controller C INVOKES API Control.Agents.NPCVehicle.NPCVehicleMaintainLane(which_lane=Left_Lane&which_car=Jeep).
 timestamp= 1619781886000 [RES] API result: 
{"pose_arr":[{"vx":2.19,"ay":0.33,"az":9.81,"ax":0.18,"pz":10.12,"vy":2.19,"px":552993.17,"py":4182693.48},{"vx":2.34,"ay":0.25,"az":9.81,"ax":0.12,"pz":10.12,"vy":2.34,"px":552991.65,"py":4182694.6},{"vx":2.58,"ay":0.21,"az":9.81,"ax":0.17,"pz":10.12,"vy":2.58,"px":552989.03,"py":4182696.64},{"vx":2.57,"ay":0.21,"az":9.81,"ax":0.17,"pz":10.12,"vy":2.57,"px":552987.17,"py":4182698.12},{"vx":2.74,"ay":0.45,"az":9.81,"ax":0.35,"pz":10.12,"vy":2.74,"px":552985.33,"py":4182699.61},{"vx":3.83,"ay":0,"az":9.81,"ax":0,"pz":10.12,"vy":3.83,"px":552983.07,"py":4182701.44}],"traffic_light":[0,0,0,0,0,0],"state_arr":[{"acceleration":0.47,"throttle":15.7,"steering_target":-7.19,"brake":0,"steering_rate":100,"speed":3.5},{"acceleration":0.35,"throttle":15.7,"steering_target":-5.15,"brake":0,"steering_rate":100,"speed":3.68},{"acceleration":0.22,"throttle":15.7,"steering_target":-2.59,"brake":0,"steering_rate":100,"speed":3.82},{"acceleration":0.11,"throttle":15.7,"steering_target":-1.83,"brake":0,"steering_rate":100,"speed":4.03},{"acceleration":0.11,"throttle":15.7,"steering_target":-0.94,"brake":0,"steering_rate":100,"speed":4.02},{"acceleration":0.79,"throttle":23.69,"steering_target":-0.61,"brake":0,"steering_rate":100,"speed":4.17},{"acceleration":1.36,"throttle":92.17,"steering_target":-0.13,"brake":0,"steering_rate":100,"speed":4.88},{"acceleration":-1.75,"throttle":0,"steering_target":0.71,"brake":28.76,"steering_rate":100,"speed":5.76}],"obstacle_arr":[[{"acceleration":{"y":0,"x":0,"z":0},"position":{"y":4182683.94,"x":553024.47,"z":11.22},"volume":0.01,"type":"VEHICLE","velocity":{"y":0,"x":0,"z":0}},{"acceleration":{"y":0.4,"x":-0.41,"z":0},"position":{"y":4182703.48,"x":552981.08,"z":10.67},"volume":0.55,"type":"VEHICLE","velocity":{"y":3.33,"x":-2.43,"z":0}}],[{"acceleration":{"y":0,"x":0,"z":0},"position":{"y":4182684.06,"x":553025.26,"z":11.09},"volume":0.34,"type":"VEHICLE","velocity":{"y":0,"x":0,"z":0}},{"acceleration":{"y":0.31,"x":0.21,"z":0},"position":{"y":4182704.56,"x":552979.94,"z":10.7},"volume":0.72,"type":"VEHICLE","velocity":{"y":3.53,"x":-2.43,"z":0}},{"acceleration":{"y":0.01,"x":-0.01,"z":0},"position":{"y":4182687.07,"x":552989.1,"z":10.44},"volume":7.45,"type":"VEHICLE","velocity":{"y":0.74,"x":-1.24,"z":0}}],[{"acceleration":{"y":-0.05,"x":0.05,"z":0},"position":{"y":4182705.89,"x":552978.2,"z":10.68},"volume":0.47,"type":"VEHICLE","velocity":{"y":3.49,"x":-2.27,"z":0}},{"acceleration":{"y":1,"x":-1.26,"z":0},"position":{"y":4182687.94,"x":552987.75,"z":10.45},"volume":7.63,"type":"VEHICLE","velocity":{"y":1.89,"x":-2.67,"z":0}},{"acceleration":{"y":0,"x":0,"z":0},"position":{"y":4182666.28,"x":553002.31,"z":10.5},"volume":4,"type":"VEHICLE","velocity":{"y":0,"x":0,"z":0}}],[{"acceleration":{"y":0.12,"x":-0.29,"z":0},"position":{"y":4182708.16,"x":552975.19,"z":10.63},"volume":1.73,"type":"VEHICLE","velocity":{"y":3.44,"x":-2.37,"z":0}},{"acceleration":{"y":0.91,"x":-1.18,"z":0},"position":{"y":4182689.63,"x":552985.43,"z":10.38},"volume":8.1,"type":"VEHICLE","velocity":{"y":2.66,"x":-3.65,"z":0}}],[{"acceleration":{"y":0.8,"x":-1.08,"z":0},"position":{"y":4182691.45,"x":552983.12,"z":10.5},"volume":5.56,"type":"VEHICLE","velocity":{"y":3.1,"x":-4.22,"z":0}}],[{"acceleration":{"y":0.78,"x":-1.07,"z":0},"position":{"y":4182692.62,"x":552981.45,"z":10.46},"volume":5.5,"type":"VEHICLE","velocity":{"y":3.56,"x":-4.84,"z":0}},{"acceleration":{"y":0,"x":0,"z":0},"position":{"y":4182711.02,"x":552971.47,"z":10.47},"volume":1.73,"type":"VEHICLE","velocity":{"y":0.74,"x":-0.92,"z":0}}],[{"acceleration":{"y":0.65,"x":-0.92,"z":0},"position":{"y":4182694.41,"x":552978.74,"z":10.38},"volume":6.59,"type":"VEHICLE","velocity":{"y":3.98,"x":-5.43,"z":0}},{"acceleration":{"y":0,"x":0,"z":0},"position":{"y":4182712.53,"x":552969.27,"z":10.78},"volume":0.24,"type":"VEHICLE","velocity":{"y":0.73,"x":-0.9,"z":0}}]],"action_description":"NPC vehicle (Jeep) driving on the left lane","ev_state":[105.784812927246,10.1243667602539,218.105178833008,0,0,0,12,-1,0.0613958910107613,309.002105712891,359.988555908203,5.445245472827043],"collision_probability":0}
 timestamp= 1619781886000 [RUN] Validate G1 Guard Condition: 
The ego vehicle E Detection.Collision == True.
 timestamp= 1619781886000 [RES] Global Validate result: 
false
 timestamp= 1619781886000 [RUN] Validate G2 Guard Condition: 
The ego vehicle E Detection.OffRoad == True.
 timestamp= 1619781886000 [RES] Global Validate result: 
false
 timestamp= 1619781886000 [RUN] Validate G3 Guard Condition: 
The ego vehicle E Detection.HardBrake == True.
 timestamp= 1619781886000 [RES] Global Validate result: 
false
 timestamp= 1619781886000 [RUN] Validate G4 Guard Condition: 
The ego vehicle E Detection.ArrivalTest == True.
 timestamp= 1619781886000 [RES] Global Validate result: 
false
 timestamp= 1619781886000 [RUN] Validate step: 
The test system VALIDATES THAT the Apollo A Status.GetControl is nearly equal to {"acceleration": -1.75, "throttle": 0.0, "steering_target": 0.71, "brake": 28.76, "steering_rate": 100.0, "speed": 5.76}
 timestamp= 1619781886000 [RES] Validate result: 
true
 timestamp= 1619781886000 [RUN] Generate steps
 timestamp= 1619781886000 [RUN] Validate step: 
The test system VALIDATES THAT the simulator S Status.GetEnvironment is nearly equal to {"x": 105.78, "y": 10.12, "z": 218.11, "rain": 0.0, "fog": 0.0, "wetness": 0.0, "timeofday": 12.0, "signal": -1.0, "rx": 0.06, "ry": 309.0, "rz": 359.99, "speed": 5.45}
 timestamp= 1619781886000 [RES] Validate result: 
true
 timestamp= 1619781886000 [RUN] Execute API step: 
The environment controller C INVOKES API Control.Agents.NPCVehicle.NPCVehicleMaintainLane(which_lane=Current_Lane&which_car=BoxTruck).
 timestamp= 1619781890000 [RES] API result: 
{"pose_arr":[{"vx":3.48,"ay":-1.3,"az":9.84,"ax":-1.08,"pz":10.13,"vy":3.48,"px":552981.03,"py":4182703.1},{"vx":0.85,"ay":0,"az":9.81,"ax":0,"pz":10.13,"vy":0.85,"px":552978.65,"py":4182705.02},{"vx":0,"ay":-0.01,"az":9.83,"ax":0,"pz":10.12,"vy":0,"px":552978.47,"py":4182705.16},{"vx":0,"ay":0.07,"az":9.81,"ax":0.05,"pz":10.11,"vy":0,"px":552978.47,"py":4182705.16},{"vx":0,"ay":0.25,"az":9.8,"ax":0.2,"pz":10.12,"vy":0,"px":552978.47,"py":4182705.16},{"vx":0,"ay":-0.26,"az":9.8,"ax":-0.21,"pz":10.11,"vy":0,"px":552978.47,"py":4182705.17},{"vx":0,"ay":0.05,"az":9.8,"ax":0.04,"pz":10.11,"vy":0,"px":552978.47,"py":4182705.17}],"traffic_light":[0,0,0,0,0,0],"state_arr":[{"acceleration":-2.01,"throttle":0,"steering_target":1.02,"brake":31.24,"steering_rate":100,"speed":5.45},{"acceleration":-0.78,"throttle":0,"steering_target":0.54,"brake":17.79,"steering_rate":100,"speed":4.51},{"acceleration":0.54,"throttle":46.06,"steering_target":0.84,"brake":0,"steering_rate":100,"speed":0.04},{"acceleration":0.84,"throttle":70.97,"steering_target":0.84,"brake":0,"steering_rate":100,"speed":0.01},{"acceleration":1.5,"throttle":70.98,"steering_target":0.84,"brake":0,"steering_rate":100,"speed":0},{"acceleration":2.77,"throttle":98.44,"steering_target":0.84,"brake":0,"steering_rate":100,"speed":0},{"acceleration":3.3,"throttle":100,"steering_target":0.84,"brake":0,"steering_rate":100,"speed":0},{"acceleration":3.3,"throttle":100,"steering_target":0.84,"brake":0,"steering_rate":100,"speed":0}],"obstacle_arr":[[{"acceleration":{"y":0.53,"x":-0.76,"z":0},"position":{"y":4182697.47,"x":552974.49,"z":10.13},"volume":8.17,"type":"VEHICLE","velocity":{"y":4.4,"x":-6.05,"z":0}}],[{"acceleration":{"y":0.53,"x":-0.66,"z":0},"position":{"y":4182699.68,"x":552971.69,"z":10.29},"volume":4.83,"type":"VEHICLE","velocity":{"y":4.7,"x":-6.44,"z":0}},{"acceleration":{"y":0,"x":0,"z":0},"position":{"y":4182707.79,"x":552975.8,"z":10.52},"volume":6.48,"type":"VEHICLE","velocity":{"y":0,"x":0,"z":0}}],[{"acceleration":{"y":0.46,"x":-0.61,"z":0},"position":{"y":4182701.3,"x":552968.87,"z":10.36},"volume":7.52,"type":"VEHICLE","velocity":{"y":5.03,"x":-6.86,"z":0}},{"acceleration":{"y":0,"x":0,"z":0},"position":{"y":4182707.95,"x":552975.71,"z":10.56},"volume":7.6,"type":"VEHICLE","velocity":{"y":0,"x":0,"z":0}}],[{"acceleration":{"y":0.33,"x":-0.4,"z":0},"position":{"y":4182703.09,"x":552966.41,"z":10.4},"volume":7.38,"type":"VEHICLE","velocity":{"y":5.2,"x":-7.08,"z":0}}],[{"acceleration":{"y":0.22,"x":-0.3,"z":0},"position":{"y":4182704.81,"x":552963.8,"z":10.27},"volume":8.5,"type":"VEHICLE","velocity":{"y":5.21,"x":-7.1,"z":0}}],[{"acceleration":{"y":0.18,"x":-0.27,"z":0},"position":{"y":4182705.69,"x":552962.7,"z":10.23},"volume":6.76,"type":"VEHICLE","velocity":{"y":5.23,"x":-7.14,"z":0}},{"acceleration":{"y":0,"x":0,"z":0},"position":{"y":4182709.04,"x":552949.87,"z":10.49},"volume":0.88,"type":"VEHICLE","velocity":{"y":0,"x":0,"z":0}}],[{"acceleration":{"y":0.17,"x":-0.23,"z":0},"position":{"y":4182708.69,"x":552958.42,"z":10.27},"volume":4.76,"type":"VEHICLE","velocity":{"y":5.19,"x":-7.09,"z":0}}]],"action_description":"NPC vehicle (BoxTruck) driving on the current lane","ev_state":[103.432762145996,10.1225509643555,219.989456176758,0,0,0,12,-1,359.527496337891,308.756866455078,359.958465576172,0.00027299926310435873],"collision_probability":1}
 timestamp= 1619781890000 [RUN] Validate G1 Guard Condition: 
The ego vehicle E Detection.Collision == True.
 timestamp= 1619781890000 [RES] Global Validate result: 
true
 timestamp= 1619781890000 [RUN] Collision == True
 timestamp= 1619781890000 [RUN] Validate G2 Guard Condition: 
The ego vehicle E Detection.OffRoad == True.
 timestamp= 1619781890000 [RES] Global Validate result: 
false
 timestamp= 1619781890000 [RUN] Validate G3 Guard Condition: 
The ego vehicle E Detection.HardBrake == True.
 timestamp= 1619781890000 [RES] Global Validate result: 
true
 timestamp= 1619781890000 [RUN] HardBrake == True
 timestamp= 1619781890000 [RUN] RESUME STEP @preStep
 timestamp= 1619781890000 [RUN] Resume step basicflow19
 timestamp= 1619781890000 [RUN] Validate G4 Guard Condition: 
The ego vehicle E Detection.ArrivalTest == True.
 timestamp= 1619781890000 [RES] Global Validate result: 
false
 timestamp= 1619781890000 [RUN] Validate step: 
The test system VALIDATES THAT the Apollo A Status.GetControl is nearly equal to {"acceleration": 3.3, "throttle": 100.0, "steering_target": 0.84, "brake": 0.0, "steering_rate": 100.0, "speed": 0.0}
 timestamp= 1619781890000 [RES] Validate result: 
true
 timestamp= 1619781890000 [RUN] Generate steps
 timestamp= 1619781890000 [RUN] Validate step: 
The test system VALIDATES THAT the simulator S Status.GetEnvironment is nearly equal to {"x": 103.43, "y": 10.12, "z": 219.99, "rain": 0.0, "fog": 0.0, "wetness": 0.0, "timeofday": 12.0, "signal": -1.0, "rx": 359.53, "ry": 308.76, "rz": 359.96, "speed": 0.0}
 timestamp= 1619781890000 [RES] Validate result: 
true
 timestamp= 1619781890000 [RUN] Execute API step: 
The environment controller C INVOKES API Control.Agents.NPCVehicle.NPCVehicleSwitchLane(which_lane=Right_Lane&which_car=BoxTruck).
 timestamp= 1619781894000 [RES] API result: 
{"pose_arr":[{"vx":0,"ay":-0.04,"az":9.82,"ax":-0.01,"pz":10.11,"vy":0,"px":552978.47,"py":4182705.17},{"vx":0,"ay":0.03,"az":9.83,"ax":0.01,"pz":10.11,"vy":0,"px":552978.47,"py":4182705.16},{"vx":0,"ay":0.02,"az":9.81,"ax":0,"pz":10.11,"vy":0,"px":552978.47,"py":4182705.16},{"vx":0,"ay":0.02,"az":9.81,"ax":0.02,"pz":10.12,"vy":0,"px":552978.47,"py":4182705.16},{"vx":0,"ay":0.24,"az":9.81,"ax":0.18,"pz":10.11,"vy":0,"px":552978.47,"py":4182705.17},{"vx":0,"ay":-0.15,"az":9.83,"ax":-0.12,"pz":10.11,"vy":0,"px":552978.47,"py":4182705.17},{"vx":0,"ay":0.05,"az":9.81,"ax":0.04,"pz":10.11,"vy":0,"px":552978.47,"py":4182705.17},{"vx":0,"ay":0.02,"az":9.82,"ax":0.01,"pz":10.11,"vy":0,"px":552978.47,"py":4182705.17}],"traffic_light":[0,0,0,0,0,0,0],"state_arr":[{"acceleration":0,"throttle":0,"steering_target":0,"brake":50,"steering_rate":0,"speed":0},{"acceleration":0,"throttle":0,"steering_target":0,"brake":50,"steering_rate":0,"speed":0},{"acceleration":0,"throttle":0,"steering_target":0,"brake":50,"steering_rate":0,"speed":0},{"acceleration":1.55,"throttle":72.85,"steering_target":0.84,"brake":0,"steering_rate":100,"speed":0},{"acceleration":2.72,"throttle":97.92,"steering_target":0.84,"brake":0,"steering_rate":100,"speed":0},{"acceleration":3.28,"throttle":100,"steering_target":0.84,"brake":0,"steering_rate":100,"speed":0},{"acceleration":3.3,"throttle":100,"steering_target":0.84,"brake":0,"steering_rate":100,"speed":0},{"acceleration":0,"throttle":0,"steering_target":0,"brake":50,"steering_rate":0,"speed":0}],"obstacle_arr":[[{"acceleration":{"y":0.18,"x":-0.2,"z":0},"position":{"y":4182709.84,"x":552956.78,"z":10.51},"volume":2.98,"type":"VEHICLE","velocity":{"y":5.14,"x":-6.99,"z":0}},{"acceleration":{"y":0,"x":0,"z":0},"position":{"y":4182709.05,"x":552949.98,"z":10.04},"volume":2,"type":"VEHICLE","velocity":{"y":0,"x":0,"z":0}}],[{"acceleration":{"y":-0.15,"x":-0.28,"z":0},"position":{"y":4182711.02,"x":552954.62,"z":10.37},"volume":0.29,"type":"VEHICLE","velocity":{"y":-0.26,"x":-3.56,"z":0}},{"acceleration":{"y":0,"x":0,"z":0},"position":{"y":4182709.05,"x":552949.85,"z":10.56},"volume":0.79,"type":"VEHICLE","velocity":{"y":0,"x":0,"z":0}}],[],[],[],[],[],[]],"action_description":"NPC vehicle (BoxTruck) switching lane (right to left)","ev_state":[103.432205200195,10.1221761703491,219.990203857422,0,0,0,12,1,359.642517089844,308.801177978516,359.964294433594,0.0006094669110485569],"collision_probability":0}
 timestamp= 1619781894000 [RUN] Validate G1 Guard Condition: 
The ego vehicle E Detection.Collision == True.
 timestamp= 1619781894000 [RES] Global Validate result: 
false
 timestamp= 1619781894000 [RUN] Validate G2 Guard Condition: 
The ego vehicle E Detection.OffRoad == True.
 timestamp= 1619781894000 [RES] Global Validate result: 
false
 timestamp= 1619781894000 [RUN] Validate G3 Guard Condition: 
The ego vehicle E Detection.HardBrake == True.
 timestamp= 1619781894000 [RES] Global Validate result: 
false
 timestamp= 1619781894000 [RUN] Validate G4 Guard Condition: 
The ego vehicle E Detection.ArrivalTest == True.
 timestamp= 1619781894000 [RES] Global Validate result: 
false
 timestamp= 1619781894000 [RUN] Validate step: 
The test system VALIDATES THAT the Apollo A Status.GetControl is nearly equal to {"acceleration": 0.0, "throttle": 0.0, "steering_target": 0.0, "brake": 50.0, "steering_rate": 0.0, "speed": 0.0}
 timestamp= 1619781894000 [RES] Validate result: 
true
 timestamp= 1619781894000 [RUN] Generate steps
 timestamp= 1619781894000 [RUN] Validate step: 
The test system VALIDATES THAT the simulator S Status.GetEnvironment is nearly equal to {"x": 103.43, "y": 10.12, "z": 219.99, "rain": 0.0, "fog": 0.0, "wetness": 0.0, "timeofday": 12.0, "signal": 1.0, "rx": 359.64, "ry": 308.8, "rz": 359.96, "speed": 0.0}
 timestamp= 1619781894000 [RES] Validate result: 
true
 timestamp= 1619781894000 [RUN] Execute API step: 
The environment controller C INVOKES API Control.Agents.NPCVehicle.NPCVehicleSwitchLane(which_lane=Right_Lane&which_car=SUV).
 timestamp= 1619781898000 [RES] API result: 
{"pose_arr":[{"vx":0,"ay":0.03,"az":9.81,"ax":0.01,"pz":10.11,"vy":0,"px":552978.47,"py":4182705.16},{"vx":0,"ay":0.05,"az":9.85,"ax":0.04,"pz":10.12,"vy":0,"px":552978.47,"py":4182705.16},{"vx":0,"ay":-0.01,"az":9.82,"ax":-0.01,"pz":10.11,"vy":0,"px":552978.47,"py":4182705.17},{"vx":0,"ay":-0.11,"az":9.81,"ax":-0.08,"pz":10.11,"vy":0,"px":552978.46,"py":4182705.17},{"vx":0,"ay":0.18,"az":9.8,"ax":0.13,"pz":10.11,"vy":0,"px":552978.46,"py":4182705.17},{"vx":0,"ay":0.01,"az":9.81,"ax":0.01,"pz":10.11,"vy":0,"px":552978.46,"py":4182705.17},{"vx":0,"ay":0.03,"az":9.82,"ax":0.01,"pz":10.11,"vy":0,"px":552978.47,"py":4182705.17},{"vx":0,"ay":-0.1,"az":9.81,"ax":-0.08,"pz":10.12,"vy":0,"px":552978.47,"py":4182705.16}],"traffic_light":[0,0,0,0,0,0,0],"state_arr":[{"acceleration":0,"throttle":0,"steering_target":0,"brake":50,"steering_rate":0,"speed":0},{"acceleration":0,"throttle":0,"steering_target":0,"brake":50,"steering_rate":0,"speed":0},{"acceleration":1.41,"throttle":66.74,"steering_target":0.84,"brake":0,"steering_rate":100,"speed":0},{"acceleration":2.66,"throttle":97.35,"steering_target":0.84,"brake":0,"steering_rate":100,"speed":0},{"acceleration":3.21,"throttle":99.99,"steering_target":0.84,"brake":0,"steering_rate":100,"speed":0},{"acceleration":3.3,"throttle":100,"steering_target":0.84,"brake":0,"steering_rate":100,"speed":0},{"acceleration":0,"throttle":0,"steering_target":0,"brake":50,"steering_rate":0,"speed":0},{"acceleration":1.01,"throttle":67.83,"steering_target":0.84,"brake":0,"steering_rate":100,"speed":0},{"acceleration":1.92,"throttle":88.95,"steering_target":0.84,"brake":0,"steering_rate":100,"speed":0}],"obstacle_arr":[[],[],[{"acceleration":{"y":0,"x":-0.02,"z":0},"position":{"y":4182683.73,"x":553000.74,"z":10.41},"volume":6.3,"type":"VEHICLE","velocity":{"y":0,"x":-0.05,"z":0}}],[{"acceleration":{"y":0,"x":-0.01,"z":0},"position":{"y":4182683.91,"x":552991.67,"z":10.2},"volume":7.7,"type":"VEHICLE","velocity":{"y":0.01,"x":-0.31,"z":0}}],[{"acceleration":{"y":0,"x":-0.05,"z":0},"position":{"y":4182684.26,"x":552978.12,"z":10.46},"volume":3.21,"type":"VEHICLE","velocity":{"y":-0.81,"x":-14.3,"z":0}}],[{"acceleration":{"y":0.02,"x":-0.04,"z":0},"position":{"y":4182684.07,"x":552971.4,"z":10.3},"volume":5.97,"type":"VEHICLE","velocity":{"y":-0.22,"x":-15.22,"z":0}}],[{"acceleration":{"y":2,"x":-1.01,"z":0},"position":{"y":4182684.26,"x":552959.99,"z":9.92},"volume":4.62,"type":"VEHICLE","velocity":{"y":1.15,"x":-16.02,"z":0}},{"acceleration":{"y":0,"x":0,"z":0},"position":{"y":4182708.96,"x":552949.76,"z":10.57},"volume":1.23,"type":"VEHICLE","velocity":{"y":0,"x":0,"z":0}}],[]],"action_description":"NPC vehicle (SUV) switching lane (right to left)","ev_state":[103.431442260742,10.1218605041504,219.991088867188,0,0,0,12,1,359.723724365234,308.854370117188,359.970520019531,0.002519935952947511],"collision_probability":0}
 timestamp= 1619781898000 [RUN] Validate G1 Guard Condition: 
The ego vehicle E Detection.Collision == True.
 timestamp= 1619781898000 [RES] Global Validate result: 
false
 timestamp= 1619781898000 [RUN] Validate G2 Guard Condition: 
The ego vehicle E Detection.OffRoad == True.
 timestamp= 1619781898000 [RES] Global Validate result: 
false
 timestamp= 1619781898000 [RUN] Validate G3 Guard Condition: 
The ego vehicle E Detection.HardBrake == True.
 timestamp= 1619781898000 [RES] Global Validate result: 
false
 timestamp= 1619781898000 [RUN] Validate G4 Guard Condition: 
The ego vehicle E Detection.ArrivalTest == True.
 timestamp= 1619781898000 [RES] Global Validate result: 
false
 timestamp= 1619781898000 [RUN] Validate step: 
The test system VALIDATES THAT the Apollo A Status.GetControl is nearly equal to {"acceleration": 1.92, "throttle": 88.95, "steering_target": 0.84, "brake": 0.0, "steering_rate": 100.0, "speed": 0.0}
 timestamp= 1619781898000 [RES] Validate result: 
true
 timestamp= 1619781898000 [RUN] Generate steps
 timestamp= 1619781898000 [RUN] Validate step: 
The test system VALIDATES THAT the simulator S Status.GetEnvironment is nearly equal to {"x": 103.43, "y": 10.12, "z": 219.99, "rain": 0.0, "fog": 0.0, "wetness": 0.0, "timeofday": 12.0, "signal": 1.0, "rx": 359.72, "ry": 308.85, "rz": 359.97, "speed": 0.0}
 timestamp= 1619781898000 [RES] Validate result: 
true
 timestamp= 1619781898000 [RUN] Execute API step: 
The environment controller C INVOKES API Control.Agents.NPCVehicle.NPCVehicleSwitchLane(which_lane=Left_Lane&which_car=Hatchback).
 timestamp= 1619781903000 [RES] API result: 
{"pose_arr":[{"vx":0,"ay":0.04,"az":9.81,"ax":0.03,"pz":10.11,"vy":0,"px":552978.46,"py":4182705.17},{"vx":0,"ay":-0.05,"az":9.82,"ax":-0.04,"pz":10.11,"vy":0,"px":552978.46,"py":4182705.17},{"vx":0,"ay":-0.02,"az":9.81,"ax":-0.02,"pz":10.11,"vy":0,"px":552978.46,"py":4182705.17},{"vx":0,"ay":-0.06,"az":9.78,"ax":-0.02,"pz":10.11,"vy":0,"px":552978.46,"py":4182705.17},{"vx":0,"ay":0.02,"az":9.82,"ax":0.01,"pz":10.12,"vy":0,"px":552978.46,"py":4182705.16},{"vx":0,"ay":0.17,"az":9.77,"ax":0.14,"pz":10.12,"vy":0,"px":552978.46,"py":4182705.16},{"vx":0,"ay":-0.03,"az":9.81,"ax":-0.02,"pz":10.11,"vy":0,"px":552978.46,"py":4182705.17},{"vx":0,"ay":0.02,"az":9.81,"ax":0.02,"pz":10.11,"vy":0,"px":552978.46,"py":4182705.17}],"traffic_light":[0,0,0,0,0,0,0],"state_arr":[{"acceleration":2.61,"throttle":96.77,"steering_target":0.84,"brake":0,"steering_rate":100,"speed":0},{"acceleration":3.22,"throttle":100,"steering_target":0.84,"brake":0,"steering_rate":100,"speed":0},{"acceleration":3.2,"throttle":100,"steering_target":0.84,"brake":0,"steering_rate":100,"speed":0},{"acceleration":0,"throttle":0,"steering_target":0,"brake":50,"steering_rate":0,"speed":0},{"acceleration":0,"throttle":0,"steering_target":0,"brake":50,"steering_rate":0,"speed":0},{"acceleration":0,"throttle":0,"steering_target":0,"brake":50,"steering_rate":0,"speed":0},{"acceleration":1.85,"throttle":86.23,"steering_target":0.84,"brake":0,"steering_rate":100,"speed":0},{"acceleration":2.4,"throttle":94.65,"steering_target":0.84,"brake":0,"steering_rate":100,"speed":0},{"acceleration":3.16,"throttle":100,"steering_target":0.84,"brake":0,"steering_rate":100,"speed":0}],"obstacle_arr":[[],[],[],[],[],[],[],[]],"action_description":"NPC vehicle (SchoolBus) switching lane (left to right)","ev_state":[103.429290771484,10.1211442947388,219.993011474609,0,0,0,12,1,359.636138916016,308.913269042969,359.962615966797,0.00034263176308900716],"collision_probability":0}
 timestamp= 1619781903000 [RUN] Validate G1 Guard Condition: 
The ego vehicle E Detection.Collision == True.
 timestamp= 1619781903000 [RES] Global Validate result: 
false
 timestamp= 1619781903000 [RUN] Validate G2 Guard Condition: 
The ego vehicle E Detection.OffRoad == True.
 timestamp= 1619781903000 [RES] Global Validate result: 
false
 timestamp= 1619781903000 [RUN] Validate G3 Guard Condition: 
The ego vehicle E Detection.HardBrake == True.
 timestamp= 1619781903000 [RES] Global Validate result: 
false
 timestamp= 1619781903000 [RUN] Validate G4 Guard Condition: 
The ego vehicle E Detection.ArrivalTest == True.
 timestamp= 1619781903000 [RES] Global Validate result: 
false
 timestamp= 1619781903000 [RUN] Validate step: 
The test system VALIDATES THAT the Apollo A Status.GetControl is nearly equal to {"acceleration": 3.16, "throttle": 100.0, "steering_target": 0.84, "brake": 0.0, "steering_rate": 100.0, "speed": 0.0}
 timestamp= 1619781903000 [RES] Validate result: 
true
 timestamp= 1619781903000 [RUN] Generate steps
 timestamp= 1619781903000 [RUN] Validate step: 
The test system VALIDATES THAT the simulator S Status.GetEnvironment is nearly equal to {"x": 103.43, "y": 10.12, "z": 219.99, "rain": 0.0, "fog": 0.0, "wetness": 0.0, "timeofday": 12.0, "signal": 1.0, "rx": 359.64, "ry": 308.91, "rz": 359.96, "speed": 0.0}
 timestamp= 1619781903000 [RES] Validate result: 
true
 timestamp= 1619781903000 [RUN] Execute API step: 
The environment controller C INVOKES API Control.Agents.NPCVehicle.NPCVehicleMaintainLane(which_lane=Current_Lane&which_car=SchoolBus).
 timestamp= 1619781907000 [RES] API result: 
{"pose_arr":[{"vx":-12.77,"ay":18.24,"az":28.81,"ax":8,"pz":10.49,"vy":-12.77,"px":552985.31,"py":4182699.14},{"vx":-8.65,"ay":10.63,"az":26.23,"ax":-2.84,"pz":11,"vy":-8.65,"px":552990.06,"py":4182694.68},{"vx":-7.69,"ay":-0.34,"az":38.45,"ax":-10.73,"pz":12.13,"vy":-7.69,"px":552993.8,"py":4182690.68},{"vx":-2.43,"ay":4.5,"az":6.57,"ax":-1.33,"pz":13.53,"vy":-2.43,"px":552996.84,"py":4182687.53},{"vx":-2.43,"ay":4.16,"az":10.98,"ax":-3.82,"pz":13.84,"vy":-2.43,"px":552998.24,"py":4182686.34},{"vx":-2.69,"ay":-4.35,"az":8.2,"ax":-4.21,"pz":12.3,"vy":-2.69,"px":553000.5,"py":4182684.12},{"vx":-0.78,"ay":4.2,"az":11.7,"ax":7.47,"pz":10.05,"vy":-0.78,"px":553001.22,"py":4182682.97},{"vx":0,"ay":-0.08,"az":9.63,"ax":0.01,"pz":10.12,"vy":0,"px":553001.24,"py":4182682.92}],"traffic_light":[0,0,0,0,0,0,0,0],"state_arr":[{"acceleration":-2.65,"throttle":0,"steering_target":6.06,"brake":33.03,"steering_rate":100,"speed":19.18},{"acceleration":-1.7,"throttle":0,"steering_target":-12.35,"brake":28.82,"steering_rate":100,"speed":12.61},{"acceleration":-4.04,"throttle":0,"steering_target":21.87,"brake":45.78,"steering_rate":100,"speed":11.6},{"acceleration":-1.23,"throttle":0,"steering_target":65.4,"brake":23.1,"steering_rate":100,"speed":4.47},{"acceleration":0,"throttle":0,"steering_target":0,"brake":50,"steering_rate":0,"speed":0},{"acceleration":0,"throttle":0,"steering_target":0,"brake":50,"steering_rate":0,"speed":0},{"acceleration":-3.36,"throttle":0,"steering_target":84.72,"brake":42.09,"steering_rate":100,"speed":5.44},{"acceleration":0,"throttle":0,"steering_target":0,"brake":50,"steering_rate":0,"speed":0},{"acceleration":0,"throttle":0,"steering_target":0,"brake":50,"steering_rate":0,"speed":0}],"obstacle_arr":[[],[],[],[],[],[],[],[{"acceleration":{"y":0,"x":0,"z":0},"position":{"y":4182666.37,"x":553001.32,"z":10.33},"volume":8.56,"type":"VEHICLE","velocity":{"y":0,"x":0,"z":0}}]],"action_description":"NPC vehicle (SchoolBus) driving on the current lane","ev_state":[126.948539733887,10.124119758606,198.216384887695,0,0,0,12,1,359.992767333984,346.896942138672,359.873352050781,0.009927587005743505],"collision_probability":0}
 timestamp= 1619781907000 [RUN] Validate G1 Guard Condition: 
The ego vehicle E Detection.Collision == True.
 timestamp= 1619781907000 [RES] Global Validate result: 
false
 timestamp= 1619781907000 [RUN] Validate G2 Guard Condition: 
The ego vehicle E Detection.OffRoad == True.
 timestamp= 1619781907000 [RES] Global Validate result: 
true
 timestamp= 1619781907000 [RUN] OffRoad == True
 timestamp= 1619781907000 [RUN] The simulator S INVOKES API Command.Simulation.Stop() to stop simulation.
 timestamp= 1619781907000 [WARNING] The test system Stop the Simulator S!
 timestamp= 1619781907000 [RUN] ABORT.
 timestamp= 1619781907000 [ERROR] The test system Abort!
 timestamp= 1619781907000 [RUN] Validate G3 Guard Condition: 
The ego vehicle E Detection.HardBrake == True.
 timestamp= 1619781907000 [RES] Global Validate result: 
true
 timestamp= 1619781907000 [RUN] HardBrake == True
 timestamp= 1619781907000 [RUN] RESUME STEP @preStep
 timestamp= 1619781907000 [RUN] Resume step basicflow31
 timestamp= 1619781907000 [RUN] Validate G4 Guard Condition: 
The ego vehicle E Detection.ArrivalTest == True.
 timestamp= 1619781907000 [RES] Global Validate result: 
false
 timestamp= 1619781907000 [RES] Basic PostCondition Validate result: 
false
 timestamp= 1619781907000 [STOP] numberOfStep: 34 basicFlow: 
[{"name":"","description":"","eClass":"Sentence","content":"The test system VALIDATES THAT the simulator S Status.GetEnvironment is nearly equal to {\"x\": 214.11, \"y\": 10.12, \"z\": 201.88, \"rain\": 0.0, \"fog\": 0.0, \"wetness\": 0.0, \"timeofday\": 12.0, \"signal\": -1.0, \"rx\": 359.91, \"ry\": 269.93, \"rz\": -0.0, \"speed\": 3.97}","natures":[]},{"name":"","description":"","eClass":"Sentence","content":"The environment controller C INVOKES API Control.Agents.NPCVehicle.NPCVehicleMaintainLane(which_lane=Right_Lane&which_car=Jeep).","natures":[]},{"name":"","description":"","eClass":"Sentence","content":"The test system VALIDATES THAT the Apollo A Status.GetControl is nearly equal to {\"acceleration\": 0.68, \"throttle\": 15.7, \"steering_target\": 0.03, \"brake\": 0.0, \"steering_rate\": 100.0, \"speed\": 6.77}","natures":[]},{"name":"","description":"","eClass":"Sentence","content":"The test system VALIDATES THAT the simulator S Status.GetEnvironment is nearly equal to {\"x\": 190.98, \"y\": 10.12, \"z\": 201.82, \"rain\": 0.0, \"fog\": 0.0, \"wetness\": 0.0, \"timeofday\": 12.0, \"signal\": -1.0, \"rx\": 359.98, \"ry\": 269.84, \"rz\": -0.0, \"speed\": 6.89}","natures":[]},{"name":"","description":"","eClass":"Sentence","content":"The environment controller C INVOKES API Control.Agents.NPCVehicle.NPCVehicleMaintainLane(which_lane=Right_Lane&which_car=Sedan).","natures":[]},{"name":"","description":"","eClass":"Sentence","content":"The test system VALIDATES THAT the Apollo A Status.GetControl is nearly equal to {\"acceleration\": -1.32, \"throttle\": 0.0, \"steering_target\": 0.25, \"brake\": 22.96, \"steering_rate\": 100.0, \"speed\": 7.04}","natures":[]},{"name":"","description":"","eClass":"Sentence","content":"The test system VALIDATES THAT the simulator S Status.GetEnvironment is nearly equal to {\"x\": 161.05, \"y\": 10.12, \"z\": 201.61, \"rain\": 0.0, \"fog\": 0.0, \"wetness\": 0.0, \"timeofday\": 12.0, \"signal\": 0.0, \"rx\": 0.06, \"ry\": 269.25, \"rz\": 359.99, \"speed\": 6.69}","natures":[]},{"name":"","description":"","eClass":"Sentence","content":"The environment controller C INVOKES API Control.Agents.NPCVehicle.NPCVehicleSwitchLane(which_lane=Left_Lane&which_car=SchoolBus).","natures":[]},{"name":"","description":"","eClass":"Sentence","content":"The test system VALIDATES THAT the Apollo A Status.GetControl is nearly equal to {\"acceleration\": 0.26, \"throttle\": 15.7, \"steering_target\": -0.14, \"brake\": 0.0, \"steering_rate\": 100.0, \"speed\": 3.21}","natures":[]},{"name":"","description":"","eClass":"Sentence","content":"The test system VALIDATES THAT the simulator S Status.GetEnvironment is nearly equal to {\"x\": 148.9, \"y\": 10.12, \"z\": 201.45, \"rain\": 0.0, \"fog\": 0.0, \"wetness\": 0.0, \"timeofday\": 12.0, \"signal\": -1.0, \"rx\": 359.89, \"ry\": 269.23, \"rz\": 0.0, \"speed\": 3.21}","natures":[]},{"name":"","description":"","eClass":"Sentence","content":"The environment controller C INVOKES API Control.Agents.NPCVehicle.NPCVehicleSwitchLane(which_lane=Current_Lane&which_car=BoxTruck).","natures":[]},{"name":"","description":"","eClass":"Sentence","content":"The test system VALIDATES THAT the Apollo A Status.GetControl is nearly equal to {\"acceleration\": 0.54, \"throttle\": 15.7, \"steering_target\": -8.52, \"brake\": 0.0, \"steering_rate\": 100.0, \"speed\": 4.24}","natures":[]},{"name":"","description":"","eClass":"Sentence","content":"The test system VALIDATES THAT the simulator S Status.GetEnvironment is nearly equal to {\"x\": 133.61, \"y\": 10.12, \"z\": 201.43, \"rain\": 0.0, \"fog\": 0.0, \"wetness\": 0.0, \"timeofday\": 12.0, \"signal\": -1.0, \"rx\": 359.97, \"ry\": 272.21, \"rz\": 0.1, \"speed\": 4.4}","natures":[]},{"name":"","description":"","eClass":"Sentence","content":"The environment controller C INVOKES API Control.Agents.NPCVehicle.NPCVehicleSwitchLane(which_lane=Right_Lane&which_car=Hatchback).","natures":[]},{"name":"","description":"","eClass":"Sentence","content":"The test system VALIDATES THAT the Apollo A Status.GetControl is nearly equal to {\"acceleration\": 0.41, \"throttle\": 17.3, \"steering_target\": -9.49, \"brake\": 0.0, \"steering_rate\": 100.0, \"speed\": 3.38}","natures":[]},{"name":"","description":"","eClass":"Sentence","content":"The test system VALIDATES THAT the simulator S Status.GetEnvironment is nearly equal to {\"x\": 119.31, \"y\": 10.12, \"z\": 207.35, \"rain\": 0.0, \"fog\": 0.0, \"wetness\": 0.0, \"timeofday\": 12.0, \"signal\": -1.0, \"rx\": 359.99, \"ry\": 304.28, \"rz\": 0.06, \"speed\": 3.5}","natures":[]},{"name":"","description":"","eClass":"Sentence","content":"The environment controller C INVOKES API Control.Agents.NPCVehicle.NPCVehicleMaintainLane(which_lane=Left_Lane&which_car=Jeep).","natures":[]},{"name":"","description":"","eClass":"Sentence","content":"The test system VALIDATES THAT the Apollo A Status.GetControl is nearly equal to {\"acceleration\": -1.75, \"throttle\": 0.0, \"steering_target\": 0.71, \"brake\": 28.76, \"steering_rate\": 100.0, \"speed\": 5.76}","natures":[]},{"name":"","description":"","eClass":"Sentence","content":"The test system VALIDATES THAT the simulator S Status.GetEnvironment is nearly equal to {\"x\": 105.78, \"y\": 10.12, \"z\": 218.11, \"rain\": 0.0, \"fog\": 0.0, \"wetness\": 0.0, \"timeofday\": 12.0, \"signal\": -1.0, \"rx\": 0.06, \"ry\": 309.0, \"rz\": 359.99, \"speed\": 5.45}","natures":[]},{"name":"","description":"","eClass":"Sentence","content":"The environment controller C INVOKES API Control.Agents.NPCVehicle.NPCVehicleMaintainLane(which_lane=Current_Lane&which_car=BoxTruck).","natures":[]},{"name":"","description":"","eClass":"Sentence","content":"The test system VALIDATES THAT the Apollo A Status.GetControl is nearly equal to {\"acceleration\": 3.3, \"throttle\": 100.0, \"steering_target\": 0.84, \"brake\": 0.0, \"steering_rate\": 100.0, \"speed\": 0.0}","natures":[]},{"name":"","description":"","eClass":"Sentence","content":"The test system VALIDATES THAT the simulator S Status.GetEnvironment is nearly equal to {\"x\": 103.43, \"y\": 10.12, \"z\": 219.99, \"rain\": 0.0, \"fog\": 0.0, \"wetness\": 0.0, \"timeofday\": 12.0, \"signal\": -1.0, \"rx\": 359.53, \"ry\": 308.76, \"rz\": 359.96, \"speed\": 0.0}","natures":[]},{"name":"","description":"","eClass":"Sentence","content":"The environment controller C INVOKES API Control.Agents.NPCVehicle.NPCVehicleSwitchLane(which_lane=Right_Lane&which_car=BoxTruck).","natures":[]},{"name":"","description":"","eClass":"Sentence","content":"The test system VALIDATES THAT the Apollo A Status.GetControl is nearly equal to {\"acceleration\": 0.0, \"throttle\": 0.0, \"steering_target\": 0.0, \"brake\": 50.0, \"steering_rate\": 0.0, \"speed\": 0.0}","natures":[]},{"name":"","description":"","eClass":"Sentence","content":"The test system VALIDATES THAT the simulator S Status.GetEnvironment is nearly equal to {\"x\": 103.43, \"y\": 10.12, \"z\": 219.99, \"rain\": 0.0, \"fog\": 0.0, \"wetness\": 0.0, \"timeofday\": 12.0, \"signal\": 1.0, \"rx\": 359.64, \"ry\": 308.8, \"rz\": 359.96, \"speed\": 0.0}","natures":[]},{"name":"","description":"","eClass":"Sentence","content":"The environment controller C INVOKES API Control.Agents.NPCVehicle.NPCVehicleSwitchLane(which_lane=Right_Lane&which_car=SUV).","natures":[]},{"name":"","description":"","eClass":"Sentence","content":"The test system VALIDATES THAT the Apollo A Status.GetControl is nearly equal to {\"acceleration\": 1.92, \"throttle\": 88.95, \"steering_target\": 0.84, \"brake\": 0.0, \"steering_rate\": 100.0, \"speed\": 0.0}","natures":[]},{"name":"","description":"","eClass":"Sentence","content":"The test system VALIDATES THAT the simulator S Status.GetEnvironment is nearly equal to {\"x\": 103.43, \"y\": 10.12, \"z\": 219.99, \"rain\": 0.0, \"fog\": 0.0, \"wetness\": 0.0, \"timeofday\": 12.0, \"signal\": 1.0, \"rx\": 359.72, \"ry\": 308.85, \"rz\": 359.97, \"speed\": 0.0}","natures":[]},{"name":"","description":"","eClass":"Sentence","content":"The environment controller C INVOKES API Control.Agents.NPCVehicle.NPCVehicleSwitchLane(which_lane=Left_Lane&which_car=Hatchback).","natures":[]},{"name":"","description":"","eClass":"Sentence","content":"The test system VALIDATES THAT the Apollo A Status.GetControl is nearly equal to {\"acceleration\": 3.16, \"throttle\": 100.0, \"steering_target\": 0.84, \"brake\": 0.0, \"steering_rate\": 100.0, \"speed\": 0.0}","natures":[]},{"name":"","description":"","eClass":"Sentence","content":"The test system VALIDATES THAT the simulator S Status.GetEnvironment is nearly equal to {\"x\": 103.43, \"y\": 10.12, \"z\": 219.99, \"rain\": 0.0, \"fog\": 0.0, \"wetness\": 0.0, \"timeofday\": 12.0, \"signal\": 1.0, \"rx\": 359.64, \"ry\": 308.91, \"rz\": 359.96, \"speed\": 0.0}","natures":[]},{"name":"","description":"","eClass":"Sentence","content":"The environment controller C INVOKES API Control.Agents.NPCVehicle.NPCVehicleMaintainLane(which_lane=Current_Lane&which_car=SchoolBus).","natures":[]},{"name":"","description":"","eClass":"Sentence","content":"The test system VALIDATES THAT the Apollo A Status.GetControl is nearly equal to {\"acceleration\": 0.0, \"throttle\": 0.0, \"steering_target\": 0.0, \"brake\": 50.0, \"steering_rate\": 0.0, \"speed\": 0.0}","natures":[]},{"name":"","description":"","eClass":"Sentence","content":"","natures":[]}]
