 timestamp= 1619797579000 [START] Now Run TCS Maintain Lane On Road1 Mode: dynamic Roadnum: 4 Second: 4
 timestamp= 1619797579000 [SUCCESS] TCS Check Success 
 timestamp= 1619797582000 [RUN] Run BasicFlow
 timestamp= 1619797582000 [RUN] Generate steps
 timestamp= 1619797582000 [RUN] Validate step: 
The test system VALIDATES THAT the simulator S Status.GetEnvironment is nearly equal to {"x": -440.25, "y": 10.12, "z": 215.02, "rain": 0.0, "fog": 0.0, "wetness": 0.0, "timeofday": 12.0, "signal": 1.0, "rx": 359.9, "ry": 210.02, "rz": 0.0, "speed": 2.58}
 timestamp= 1619797582000 [RES] Validate result: 
true
 timestamp= 1619797582000 [RUN] Execute API step: 
The environment controller C INVOKES API Control.Agents.Pedestrians.WalkRandomly(which_lane=Right_Lane).
 timestamp= 1619797585000 [RES] API result: 
{"pose_arr":[{"vx":-2.23,"ay":1.82,"az":9.79,"ax":-3.14,"pz":10.12,"vy":-2.23,"px":552434.41,"py":4182702.2},{"vx":-2.53,"ay":0.2,"az":9.81,"ax":-0.33,"pz":10.12,"vy":-2.53,"px":552433.45,"py":4182700.54},{"vx":-2.72,"ay":0.14,"az":9.81,"ax":-0.24,"pz":10.12,"vy":-2.72,"px":552432.32,"py":4182698.6},{"vx":-2.79,"ay":-0.25,"az":9.82,"ax":0.44,"pz":10.12,"vy":-2.79,"px":552431.05,"py":4182696.4},{"vx":-2.74,"ay":-0.25,"az":9.81,"ax":0.44,"pz":10.13,"vy":-2.74,"px":552429.85,"py":4182694.29},{"vx":-2.94,"ay":0.51,"az":9.8,"ax":-0.97,"pz":10.12,"vy":-2.94,"px":552428.75,"py":4182692.2}],"traffic_light":[3,3,3,3,0,0],"state_arr":[{"acceleration":0.53,"throttle":19.4,"steering_target":-0.91,"brake":0,"steering_rate":100,"speed":2.58},{"acceleration":0.36,"throttle":16.42,"steering_target":-0.21,"brake":0,"steering_rate":100,"speed":2.9},{"acceleration":0.23,"throttle":15.7,"steering_target":0.77,"brake":0,"steering_rate":100,"speed":3.1},{"acceleration":-0.04,"throttle":0,"steering_target":1.82,"brake":14.5,"steering_rate":100,"speed":3.3},{"acceleration":-0.1,"throttle":0,"steering_target":3.94,"brake":14.5,"steering_rate":100,"speed":3.28},{"acceleration":0.03,"throttle":57.98,"steering_target":10.97,"brake":0,"steering_rate":100,"speed":3.09},{"acceleration":-0.27,"throttle":0,"steering_target":18.82,"brake":14.5,"steering_rate":100,"speed":3.26}],"obstacle_arr":[[],[],[],[{"acceleration":{"y":-0.04,"x":-0.02,"z":0},"position":{"y":4182687.14,"x":552421.69,"z":10.67},"volume":0.02,"type":"PEDESTRIAN","velocity":{"y":-1.44,"x":-0.79,"z":0}}],[{"acceleration":{"y":-1.32,"x":-0.52,"z":0},"position":{"y":4182687.71,"x":552422.37,"z":10.49},"volume":0.17,"type":"PEDESTRIAN","velocity":{"y":-2.81,"x":-1.45,"z":0}}],[{"acceleration":{"y":-0.49,"x":-0.03,"z":0},"position":{"y":4182688.35,"x":552422.94,"z":10.64},"volume":0.19,"type":"PEDESTRIAN","velocity":{"y":-3.44,"x":-1.62,"z":0}}]],"action_description":"Pedestrian crossing the road (right to left)","ev_state":[-446.195861816406,10.1246500015259,204.106582641602,0,0,0,12,1,-0.00421661138534546,204.475601196289,359.904113769531,3.2252310644329225],"collision_probability":0.017}
 timestamp= 1619797585000 [RUN] Validate G1 Guard Condition: 
The ego vehicle E Detection.Collision == True.
 timestamp= 1619797585000 [RES] Global Validate result: 
false
 timestamp= 1619797585000 [RUN] Validate G2 Guard Condition: 
The ego vehicle E Detection.OffRoad == True.
 timestamp= 1619797585000 [RES] Global Validate result: 
false
 timestamp= 1619797585000 [RUN] Validate G3 Guard Condition: 
The ego vehicle E Detection.HardBrake == True.
 timestamp= 1619797585000 [RES] Global Validate result: 
false
 timestamp= 1619797585000 [RUN] Validate G4 Guard Condition: 
The ego vehicle E Detection.ArrivalTest == True.
 timestamp= 1619797585000 [RES] Global Validate result: 
false
 timestamp= 1619797585000 [RUN] Validate step: 
The test system VALIDATES THAT the Apollo A Status.GetControl is nearly equal to {"acceleration": -0.27, "throttle": 0.0, "steering_target": 18.82, "brake": 14.5, "steering_rate": 100.0, "speed": 3.26}
 timestamp= 1619797585000 [RES] Validate result: 
true
 timestamp= 1619797585000 [RUN] Generate steps
 timestamp= 1619797585000 [RUN] Validate step: 
The test system VALIDATES THAT the simulator S Status.GetEnvironment is nearly equal to {"x": -446.2, "y": 10.12, "z": 204.11, "rain": 0.0, "fog": 0.0, "wetness": 0.0, "timeofday": 12.0, "signal": 1.0, "rx": -0.0, "ry": 204.48, "rz": 359.9, "speed": 3.23}
 timestamp= 1619797585000 [RES] Validate result: 
true
 timestamp= 1619797585000 [RUN] Execute API step: 
The environment controller C INVOKES API Control.Weather.Rain(rain_level=Moderate).
 timestamp= 1619797589000 [RES] API result: 
{"pose_arr":[{"vx":-2.92,"ay":-0.18,"az":9.81,"ax":0.48,"pz":10.13,"vy":-2.92,"px":552428.04,"py":4182690.65},{"vx":-3.35,"ay":0.13,"az":9.76,"ax":-2.31,"pz":10.12,"vy":-3.35,"px":552427.35,"py":4182688.75},{"vx":-2.94,"ay":0.01,"az":9.81,"ax":0.53,"pz":10.13,"vy":-2.94,"px":552426.77,"py":4182685.86},{"vx":-2.39,"ay":-0.84,"az":9.81,"ax":1.09,"pz":10.13,"vy":-2.39,"px":552426.77,"py":4182684.24},{"vx":-2.38,"ay":0.33,"az":9.82,"ax":0.43,"pz":10.12,"vy":-2.38,"px":552427.34,"py":4182682.02}],"traffic_light":[0,0,0,0,0],"state_arr":[{"acceleration":-0.07,"throttle":0,"steering_target":23.02,"brake":14.5,"steering_rate":100,"speed":2.97},{"acceleration":-0.53,"throttle":0,"steering_target":26.65,"brake":14.5,"steering_rate":100,"speed":3.42},{"acceleration":-0.51,"throttle":0,"steering_target":28.65,"brake":14.5,"steering_rate":100,"speed":2.9},{"acceleration":0.15,"throttle":15.7,"steering_target":65.33,"brake":0,"steering_rate":100,"speed":2.45},{"acceleration":0.01,"throttle":69.88,"steering_target":50.35,"brake":0,"steering_rate":100,"speed":2.65},{"acceleration":-0.19,"throttle":0,"steering_target":71.96,"brake":14.5,"steering_rate":100,"speed":2.8}],"obstacle_arr":[[{"acceleration":{"y":0.35,"x":0.2,"z":0},"position":{"y":4182688.78,"x":552423.47,"z":10.44},"volume":0.14,"type":"PEDESTRIAN","velocity":{"y":0,"x":0,"z":0}}],[{"acceleration":{"y":0.5,"x":0.6,"z":0},"position":{"y":4182689.13,"x":552423.91,"z":10.46},"volume":0.41,"type":"PEDESTRIAN","velocity":{"y":0.39,"x":0.47,"z":0}}],[{"acceleration":{"y":-0.33,"x":-0.22,"z":0},"position":{"y":4182689.28,"x":552424.36,"z":10.45},"volume":0.23,"type":"PEDESTRIAN","velocity":{"y":0.26,"x":0.43,"z":0}}],[],[{"acceleration":{"y":-0.34,"x":-1.15,"z":0},"position":{"y":4182690,"x":552425.42,"z":10.48},"volume":0.09,"type":"PEDESTRIAN","velocity":{"y":0,"x":0,"z":0}}],[{"acceleration":{"y":0.38,"x":0.13,"z":0},"position":{"y":4182690.62,"x":552426.15,"z":10.3},"volume":0.16,"type":"PEDESTRIAN","velocity":{"y":0.43,"x":0.49,"z":0}}]],"action_description":"Moderate rain","ev_state":[-444.980316162109,10.1247491836548,193.289138793945,0.5,0,0.5,12,0,0.0515513345599175,144.330688476563,359.680694580078,2.721464648749919],"collision_probability":0.307}
 timestamp= 1619797589000 [RUN] Validate G1 Guard Condition: 
The ego vehicle E Detection.Collision == True.
 timestamp= 1619797589000 [RES] Global Validate result: 
false
 timestamp= 1619797589000 [RUN] Validate G2 Guard Condition: 
The ego vehicle E Detection.OffRoad == True.
 timestamp= 1619797589000 [RES] Global Validate result: 
false
 timestamp= 1619797589000 [RUN] Validate G3 Guard Condition: 
The ego vehicle E Detection.HardBrake == True.
 timestamp= 1619797589000 [RES] Global Validate result: 
false
 timestamp= 1619797589000 [RUN] Validate G4 Guard Condition: 
The ego vehicle E Detection.ArrivalTest == True.
 timestamp= 1619797589000 [RES] Global Validate result: 
false
 timestamp= 1619797589000 [RUN] Validate step: 
The test system VALIDATES THAT the Apollo A Status.GetControl is nearly equal to {"acceleration": -0.19, "throttle": 0.0, "steering_target": 71.96, "brake": 14.5, "steering_rate": 100.0, "speed": 2.8}
 timestamp= 1619797589000 [RES] Validate result: 
true
 timestamp= 1619797589000 [RUN] Generate steps
 timestamp= 1619797589000 [RUN] Validate step: 
The test system VALIDATES THAT the simulator S Status.GetEnvironment is nearly equal to {"x": -444.98, "y": 10.12, "z": 193.29, "rain": 0.5, "fog": 0.0, "wetness": 0.5, "timeofday": 12.0, "signal": 0.0, "rx": 0.05, "ry": 144.33, "rz": 359.68, "speed": 2.72}
 timestamp= 1619797589000 [RES] Validate result: 
true
 timestamp= 1619797589000 [RUN] Execute API step: 
The environment controller C INVOKES API Control.Weather.Rain(rain_level=Light).
 timestamp= 1619797592000 [RES] API result: 
{"pose_arr":[{"vx":-1.85,"ay":0,"az":9.81,"ax":0,"pz":10.13,"vy":-1.85,"px":552428.22,"py":4182680.4},{"vx":-1.46,"ay":-0.19,"az":9.81,"ax":-0.84,"pz":10.12,"vy":-1.46,"px":552429.28,"py":4182679.27},{"vx":-1.38,"ay":-0.23,"az":9.81,"ax":-0.1,"pz":10.12,"vy":-1.38,"px":552431.39,"py":4182677.92},{"vx":-0.96,"ay":0,"az":9.81,"ax":0,"pz":10.12,"vy":-0.96,"px":552433.84,"py":4182676.93},{"vx":-0.49,"ay":-0.26,"az":9.81,"ax":-0.04,"pz":10.12,"vy":-0.49,"px":552437.45,"py":4182676.08},{"vx":-0.14,"ay":-0.33,"az":9.85,"ax":-0.51,"pz":10.12,"vy":-0.14,"px":552440.65,"py":4182675.74}],"traffic_light":[0,3,0,0,3],"state_arr":[{"acceleration":0.49,"throttle":18.64,"steering_target":64.87,"brake":0,"steering_rate":100,"speed":2.69},{"acceleration":0.1,"throttle":15.7,"steering_target":32.06,"brake":0,"steering_rate":100,"speed":3.63},{"acceleration":0.44,"throttle":15.7,"steering_target":24.62,"brake":0,"steering_rate":100,"speed":3.8},{"acceleration":0.73,"throttle":22.89,"steering_target":18.45,"brake":0,"steering_rate":100,"speed":4.11},{"acceleration":0.99,"throttle":15.7,"steering_target":14.95,"brake":0,"steering_rate":100,"speed":4.47},{"acceleration":0.57,"throttle":20.39,"steering_target":8.37,"brake":0,"steering_rate":100,"speed":5.69},{"acceleration":0.96,"throttle":15.7,"steering_target":7.42,"brake":0,"steering_rate":100,"speed":5.97}],"obstacle_arr":[[{"acceleration":{"y":0.31,"x":0.2,"z":0},"position":{"y":4182690.84,"x":552426.66,"z":10.59},"volume":0.07,"type":"PEDESTRIAN","velocity":{"y":0.67,"x":0.79,"z":0}}],[],[],[],[],[]],"action_description":"Light rain","ev_state":[-428.978546142578,10.1242866516113,189.596923828125,0.200000002980232,0,0.200000002980232,12,-1,359.965698242188,90.8065032958984,359.910369873047,5.972815984308332],"collision_probability":0}
 timestamp= 1619797592000 [RUN] Validate G1 Guard Condition: 
The ego vehicle E Detection.Collision == True.
 timestamp= 1619797592000 [RES] Global Validate result: 
false
 timestamp= 1619797592000 [RUN] Validate G2 Guard Condition: 
The ego vehicle E Detection.OffRoad == True.
 timestamp= 1619797592000 [RES] Global Validate result: 
false
 timestamp= 1619797592000 [RUN] Validate G3 Guard Condition: 
The ego vehicle E Detection.HardBrake == True.
 timestamp= 1619797592000 [RES] Global Validate result: 
false
 timestamp= 1619797592000 [RUN] Validate G4 Guard Condition: 
The ego vehicle E Detection.ArrivalTest == True.
 timestamp= 1619797592000 [RES] Global Validate result: 
false
 timestamp= 1619797592000 [RUN] Validate step: 
The test system VALIDATES THAT the Apollo A Status.GetControl is nearly equal to {"acceleration": 0.96, "throttle": 15.7, "steering_target": 7.42, "brake": 0.0, "steering_rate": 100.0, "speed": 5.97}
 timestamp= 1619797592000 [RES] Validate result: 
true
 timestamp= 1619797592000 [RUN] Generate steps
 timestamp= 1619797592000 [RUN] Validate step: 
The test system VALIDATES THAT the simulator S Status.GetEnvironment is nearly equal to {"x": -428.98, "y": 10.12, "z": 189.6, "rain": 0.2, "fog": 0.0, "wetness": 0.2, "timeofday": 12.0, "signal": -1.0, "rx": 359.97, "ry": 90.81, "rz": 359.91, "speed": 5.97}
 timestamp= 1619797592000 [RES] Validate result: 
true
 timestamp= 1619797592000 [RUN] Execute API step: 
The environment controller C INVOKES API Control.Agents.NPCVehicle.NPCVehicleMaintainLane(which_lane=Current_Lane&which_car=Hatchback).
 timestamp= 1619797596000 [RES] API result: 
{"pose_arr":[{"vx":-0.05,"ay":-0.43,"az":9.81,"ax":-0.13,"pz":10.12,"vy":-0.05,"px":552443.18,"py":4182675.65},{"vx":0.16,"ay":-0.32,"az":9.83,"ax":0.04,"pz":10.12,"vy":0.16,"px":552448.56,"py":4182675.72},{"vx":0,"ay":4.36,"az":9.94,"ax":0.03,"pz":10.11,"vy":0,"px":552452.64,"py":4182675.78},{"vx":0,"ay":0.22,"az":9.82,"ax":0,"pz":10.13,"vy":0,"px":552453.02,"py":4182675.78},{"vx":0,"ay":0,"az":9.81,"ax":0,"pz":10.12,"vy":0,"px":552453.02,"py":4182675.78},{"vx":0,"ay":-0.94,"az":9.79,"ax":0,"pz":10.12,"vy":0,"px":552453.1,"py":4182675.78},{"vx":0,"ay":-0.09,"az":9.8,"ax":0,"pz":10.12,"vy":0,"px":552453.1,"py":4182675.78}],"traffic_light":[3,3,3,3,3,3],"state_arr":[{"acceleration":0.46,"throttle":15.7,"steering_target":-0.2,"brake":0,"steering_rate":100,"speed":7.11},{"acceleration":-4.37,"throttle":0,"steering_target":-1.09,"brake":48.59,"steering_rate":100,"speed":7.27},{"acceleration":-2.23,"throttle":0,"steering_target":2.5,"brake":33.46,"steering_rate":100,"speed":1.38},{"acceleration":-1.85,"throttle":0,"steering_target":0.83,"brake":69.66,"steering_rate":100,"speed":0},{"acceleration":0.3,"throttle":35.83,"steering_target":0.83,"brake":0,"steering_rate":100,"speed":0},{"acceleration":0.26,"throttle":50.36,"steering_target":0.95,"brake":0,"steering_rate":100,"speed":0},{"acceleration":0.29,"throttle":35.37,"steering_target":0.95,"brake":0,"steering_rate":100,"speed":0}],"obstacle_arr":[[],[{"acceleration":{"y":0,"x":0,"z":0},"position":{"y":4182675.28,"x":552453.52,"z":10.12},"volume":6.23,"type":"VEHICLE","velocity":{"y":0,"x":0,"z":0}}],[{"acceleration":{"y":0,"x":0,"z":0},"position":{"y":4182675.32,"x":552457.28,"z":10.71},"volume":3.96,"type":"VEHICLE","velocity":{"y":0,"x":0,"z":0}}],[{"acceleration":{"y":-0.04,"x":2.34,"z":0},"position":{"y":4182675.27,"x":552458.19,"z":10.72},"volume":4.21,"type":"VEHICLE","velocity":{"y":-0.02,"x":1.05,"z":0}}],[{"acceleration":{"y":0.04,"x":-1.08,"z":0},"position":{"y":4182675.25,"x":552458.21,"z":10.68},"volume":4.46,"type":"VEHICLE","velocity":{"y":0,"x":0,"z":0}}],[{"acceleration":{"y":0,"x":-0.02,"z":0},"position":{"y":4182675.32,"x":552458.04,"z":10.62},"volume":4.18,"type":"VEHICLE","velocity":{"y":0,"x":0,"z":0}}],[{"acceleration":{"y":0,"x":0,"z":0},"position":{"y":4182675.34,"x":552458.04,"z":10.75},"volume":3.45,"type":"VEHICLE","velocity":{"y":0,"x":0,"z":0}}]],"action_description":"NPC vehicle (Hatchback) driving on the current lane","ev_state":[-419.535247802734,10.1252870559692,189.752853393555,0.200000002980232,0,0.200000002980232,12,-1,359.775970458984,90.1517562866211,359.990478515625,0.0007500657059848423],"collision_probability":1}
 timestamp= 1619797596000 [RUN] Validate G1 Guard Condition: 
The ego vehicle E Detection.Collision == True.
 timestamp= 1619797596000 [RES] Global Validate result: 
true
 timestamp= 1619797596000 [RUN] Collision == True
 timestamp= 1619797596000 [RUN] Validate G2 Guard Condition: 
The ego vehicle E Detection.OffRoad == True.
 timestamp= 1619797596000 [RES] Global Validate result: 
false
 timestamp= 1619797596000 [RUN] Validate G3 Guard Condition: 
The ego vehicle E Detection.HardBrake == True.
 timestamp= 1619797596000 [RES] Global Validate result: 
true
 timestamp= 1619797596000 [RUN] HardBrake == True
 timestamp= 1619797596000 [RUN] RESUME STEP @preStep
 timestamp= 1619797596000 [RUN] Resume step basicflow10
 timestamp= 1619797596000 [RUN] Validate G4 Guard Condition: 
The ego vehicle E Detection.ArrivalTest == True.
 timestamp= 1619797596000 [RES] Global Validate result: 
false
 timestamp= 1619797596000 [RUN] Validate step: 
The test system VALIDATES THAT the Apollo A Status.GetControl is nearly equal to {"acceleration": 0.29, "throttle": 35.37, "steering_target": 0.95, "brake": 0.0, "steering_rate": 100.0, "speed": 0.0}
 timestamp= 1619797596000 [RES] Validate result: 
true
 timestamp= 1619797596000 [RUN] Generate steps
 timestamp= 1619797596000 [RUN] Validate step: 
The test system VALIDATES THAT the simulator S Status.GetEnvironment is nearly equal to {"x": -419.54, "y": 10.13, "z": 189.75, "rain": 0.2, "fog": 0.0, "wetness": 0.2, "timeofday": 12.0, "signal": -1.0, "rx": 359.78, "ry": 90.15, "rz": 359.99, "speed": 0.0}
 timestamp= 1619797596000 [RES] Validate result: 
true
 timestamp= 1619797596000 [RUN] Execute API step: 
The environment controller C INVOKES API Control.Weather.Wetness(wetness_level=Heavy).
 timestamp= 1619797599000 [RES] API result: 
{"pose_arr":[{"vx":0,"ay":-0.04,"az":9.81,"ax":0,"pz":10.12,"vy":0,"px":552453.1,"py":4182675.78},{"vx":0,"ay":-0.01,"az":9.81,"ax":0,"pz":10.12,"vy":0,"px":552453.1,"py":4182675.78},{"vx":0,"ay":0.01,"az":9.81,"ax":0,"pz":10.12,"vy":0,"px":552453.1,"py":4182675.78},{"vx":0,"ay":0,"az":9.81,"ax":0,"pz":10.12,"vy":0,"px":552453.1,"py":4182675.78},{"vx":0,"ay":0.04,"az":9.81,"ax":0,"pz":10.12,"vy":0,"px":552453.1,"py":4182675.78},{"vx":0,"ay":-0.04,"az":9.81,"ax":0,"pz":10.12,"vy":0,"px":552453.1,"py":4182675.78}],"traffic_light":[3,3,3,3,3,3],"state_arr":[{"acceleration":0.29,"throttle":35.39,"steering_target":0.95,"brake":0,"steering_rate":100,"speed":0},{"acceleration":0.29,"throttle":35.41,"steering_target":0.95,"brake":0,"steering_rate":100,"speed":0},{"acceleration":0.3,"throttle":35.44,"steering_target":0.95,"brake":0,"steering_rate":100,"speed":0},{"acceleration":0.3,"throttle":35.46,"steering_target":0.95,"brake":0,"steering_rate":100,"speed":0},{"acceleration":0.3,"throttle":35.43,"steering_target":0.95,"brake":0,"steering_rate":100,"speed":0},{"acceleration":-3,"throttle":0,"steering_target":0.95,"brake":69.83,"steering_rate":100,"speed":0},{"acceleration":0.29,"throttle":35.33,"steering_target":0.95,"brake":0,"steering_rate":100,"speed":0}],"obstacle_arr":[[{"acceleration":{"y":0,"x":0,"z":0},"position":{"y":4182675.34,"x":552458.04,"z":10.75},"volume":3.51,"type":"VEHICLE","velocity":{"y":0,"x":0,"z":0}}],[{"acceleration":{"y":0,"x":0,"z":0},"position":{"y":4182675.34,"x":552458.04,"z":10.75},"volume":3.49,"type":"VEHICLE","velocity":{"y":0,"x":0,"z":0}}],[{"acceleration":{"y":0,"x":0,"z":0},"position":{"y":4182675.34,"x":552458.04,"z":10.75},"volume":3.49,"type":"VEHICLE","velocity":{"y":0,"x":0,"z":0}}],[{"acceleration":{"y":0,"x":0,"z":0},"position":{"y":4182675.34,"x":552458.04,"z":10.75},"volume":3.49,"type":"VEHICLE","velocity":{"y":0,"x":0,"z":0}}],[{"acceleration":{"y":0,"x":0,"z":0},"position":{"y":4182675.34,"x":552458.04,"z":10.75},"volume":3.48,"type":"VEHICLE","velocity":{"y":0,"x":0,"z":0}}],[{"acceleration":{"y":0,"x":0,"z":0},"position":{"y":4182675.34,"x":552458.04,"z":10.75},"volume":3.48,"type":"VEHICLE","velocity":{"y":0,"x":0,"z":0}}]],"action_description":"Heavy wetness","ev_state":[-419.535308837891,10.1252775192261,189.752838134766,0,0,1,12,-1,359.800048828125,90.1611785888672,359.991516113281,0.002545023838926788],"collision_probability":0}
 timestamp= 1619797599000 [RUN] Validate G1 Guard Condition: 
The ego vehicle E Detection.Collision == True.
 timestamp= 1619797599000 [RES] Global Validate result: 
false
 timestamp= 1619797599000 [RUN] Validate G2 Guard Condition: 
The ego vehicle E Detection.OffRoad == True.
 timestamp= 1619797599000 [RES] Global Validate result: 
false
 timestamp= 1619797599000 [RUN] Validate G3 Guard Condition: 
The ego vehicle E Detection.HardBrake == True.
 timestamp= 1619797599000 [RES] Global Validate result: 
false
 timestamp= 1619797599000 [RUN] Validate G4 Guard Condition: 
The ego vehicle E Detection.ArrivalTest == True.
 timestamp= 1619797599000 [RES] Global Validate result: 
false
 timestamp= 1619797599000 [RUN] Validate step: 
The test system VALIDATES THAT the Apollo A Status.GetControl is nearly equal to {"acceleration": 0.29, "throttle": 35.33, "steering_target": 0.95, "brake": 0.0, "steering_rate": 100.0, "speed": 0.0}
 timestamp= 1619797599000 [RES] Validate result: 
true
 timestamp= 1619797599000 [RUN] Generate steps
 timestamp= 1619797599000 [RUN] Validate step: 
The test system VALIDATES THAT the simulator S Status.GetEnvironment is nearly equal to {"x": -419.54, "y": 10.13, "z": 189.75, "rain": 0.0, "fog": 0.0, "wetness": 1.0, "timeofday": 12.0, "signal": -1.0, "rx": 359.8, "ry": 90.16, "rz": 359.99, "speed": 0.0}
 timestamp= 1619797599000 [RES] Validate result: 
true
 timestamp= 1619797599000 [RUN] Execute API step: 
The environment controller C INVOKES API Control.Weather.Wetness(wetness_level=Light).
 timestamp= 1619797603000 [RES] API result: 
{"pose_arr":[{"vx":0,"ay":-0.02,"az":9.81,"ax":0,"pz":10.12,"vy":0,"px":552453.1,"py":4182675.78},{"vx":0,"ay":-0.01,"az":9.81,"ax":0,"pz":10.12,"vy":0,"px":552453.1,"py":4182675.78},{"vx":0,"ay":-0.01,"az":9.81,"ax":0,"pz":10.12,"vy":0,"px":552453.1,"py":4182675.78},{"vx":0,"ay":0.03,"az":9.81,"ax":0,"pz":10.12,"vy":0,"px":552453.1,"py":4182675.78},{"vx":0,"ay":0,"az":9.81,"ax":0,"pz":10.12,"vy":0,"px":552453.1,"py":4182675.78},{"vx":0,"ay":0,"az":9.81,"ax":0,"pz":10.12,"vy":0,"px":552453.1,"py":4182675.78},{"vx":0,"ay":0.01,"az":9.81,"ax":0,"pz":10.12,"vy":0,"px":552453.1,"py":4182675.78}],"traffic_light":[3,3,3,3,3,3],"state_arr":[{"acceleration":0.29,"throttle":35.28,"steering_target":0.95,"brake":0,"steering_rate":100,"speed":0},{"acceleration":0.29,"throttle":35.34,"steering_target":0.95,"brake":0,"steering_rate":100,"speed":0},{"acceleration":0.29,"throttle":35.34,"steering_target":0.95,"brake":0,"steering_rate":100,"speed":0},{"acceleration":0.29,"throttle":35.25,"steering_target":0.95,"brake":0,"steering_rate":100,"speed":0},{"acceleration":0.29,"throttle":35.27,"steering_target":0.95,"brake":0,"steering_rate":100,"speed":0},{"acceleration":0.29,"throttle":35.31,"steering_target":0.95,"brake":0,"steering_rate":100,"speed":0},{"acceleration":0.29,"throttle":35.2,"steering_target":0.95,"brake":0,"steering_rate":100,"speed":0}],"obstacle_arr":[[{"acceleration":{"y":0,"x":0,"z":0},"position":{"y":4182675.34,"x":552458.04,"z":10.75},"volume":3.48,"type":"VEHICLE","velocity":{"y":0,"x":0,"z":0}}],[{"acceleration":{"y":0,"x":0,"z":0},"position":{"y":4182675.34,"x":552458.04,"z":10.75},"volume":3.48,"type":"VEHICLE","velocity":{"y":0,"x":0,"z":0}}],[{"acceleration":{"y":0,"x":0,"z":0},"position":{"y":4182675.34,"x":552458.04,"z":10.75},"volume":3.48,"type":"VEHICLE","velocity":{"y":0,"x":0,"z":0}}],[{"acceleration":{"y":0,"x":0,"z":0},"position":{"y":4182675.34,"x":552458.04,"z":10.75},"volume":3.48,"type":"VEHICLE","velocity":{"y":0,"x":0,"z":0}}],[{"acceleration":{"y":0,"x":0,"z":0},"position":{"y":4182675.34,"x":552458.04,"z":10.75},"volume":3.47,"type":"VEHICLE","velocity":{"y":0,"x":0,"z":0}}],[{"acceleration":{"y":0,"x":0,"z":0},"position":{"y":4182675.34,"x":552458.04,"z":10.75},"volume":3.46,"type":"VEHICLE","velocity":{"y":0,"x":0,"z":0}}]],"action_description":"Light wetness","ev_state":[-419.535400390625,10.1252889633179,189.752838134766,0,0,0.200000002980232,12,-1,359.799957275391,90.1709594726563,359.991882324219,0.002456678902325525],"collision_probability":0}
 timestamp= 1619797603000 [RUN] Validate G1 Guard Condition: 
The ego vehicle E Detection.Collision == True.
 timestamp= 1619797603000 [RES] Global Validate result: 
false
 timestamp= 1619797603000 [RUN] Validate G2 Guard Condition: 
The ego vehicle E Detection.OffRoad == True.
 timestamp= 1619797603000 [RES] Global Validate result: 
false
 timestamp= 1619797603000 [RUN] Validate G3 Guard Condition: 
The ego vehicle E Detection.HardBrake == True.
 timestamp= 1619797603000 [RES] Global Validate result: 
false
 timestamp= 1619797603000 [RUN] Validate G4 Guard Condition: 
The ego vehicle E Detection.ArrivalTest == True.
 timestamp= 1619797603000 [RES] Global Validate result: 
false
 timestamp= 1619797603000 [RUN] Validate step: 
The test system VALIDATES THAT the Apollo A Status.GetControl is nearly equal to {"acceleration": 0.29, "throttle": 35.2, "steering_target": 0.95, "brake": 0.0, "steering_rate": 100.0, "speed": 0.0}
 timestamp= 1619797603000 [RES] Validate result: 
true
 timestamp= 1619797603000 [RUN] Generate steps
 timestamp= 1619797603000 [RUN] Validate step: 
The test system VALIDATES THAT the simulator S Status.GetEnvironment is nearly equal to {"x": -419.54, "y": 10.13, "z": 189.75, "rain": 0.0, "fog": 0.0, "wetness": 0.2, "timeofday": 12.0, "signal": -1.0, "rx": 359.8, "ry": 90.17, "rz": 359.99, "speed": 0.0}
 timestamp= 1619797603000 [RES] Validate result: 
true
 timestamp= 1619797603000 [RUN] Execute API step: 
The environment controller C INVOKES API Control.Agents.Pedestrians.WalkRandomly(which_lane=Right_Lane).
 timestamp= 1619797607000 [RES] API result: 
{"pose_arr":[{"vx":0,"ay":0.03,"az":9.81,"ax":0,"pz":10.12,"vy":0,"px":552453.1,"py":4182675.78},{"vx":0,"ay":0,"az":9.81,"ax":0,"pz":10.12,"vy":0,"px":552453.1,"py":4182675.78},{"vx":0,"ay":0,"az":9.81,"ax":0,"pz":10.12,"vy":0,"px":552453.1,"py":4182675.78},{"vx":0,"ay":0,"az":9.81,"ax":0,"pz":10.12,"vy":0,"px":552453.1,"py":4182675.78},{"vx":0,"ay":0,"az":9.81,"ax":0,"pz":10.12,"vy":0,"px":552453.1,"py":4182675.78},{"vx":0,"ay":-0.01,"az":9.81,"ax":0,"pz":10.12,"vy":0,"px":552453.1,"py":4182675.78}],"traffic_light":[2,2,2,2,2,1],"state_arr":[{"acceleration":0.29,"throttle":35.14,"steering_target":0.95,"brake":0,"steering_rate":100,"speed":0},{"acceleration":0.29,"throttle":35.2,"steering_target":0.95,"brake":0,"steering_rate":100,"speed":0},{"acceleration":0.29,"throttle":35.2,"steering_target":0.95,"brake":0,"steering_rate":100,"speed":0},{"acceleration":0.29,"throttle":35.18,"steering_target":0.95,"brake":0,"steering_rate":100,"speed":0},{"acceleration":0.29,"throttle":35.18,"steering_target":0.95,"brake":0,"steering_rate":100,"speed":0},{"acceleration":0.29,"throttle":35.16,"steering_target":0.95,"brake":0,"steering_rate":100,"speed":0},{"acceleration":0.29,"throttle":35.13,"steering_target":0.95,"brake":0,"steering_rate":100,"speed":0}],"obstacle_arr":[[{"acceleration":{"y":0,"x":0,"z":0},"position":{"y":4182675.34,"x":552458.04,"z":10.75},"volume":3.47,"type":"VEHICLE","velocity":{"y":0,"x":0,"z":0}}],[{"acceleration":{"y":0,"x":0,"z":0},"position":{"y":4182675.34,"x":552458.04,"z":10.75},"volume":3.47,"type":"VEHICLE","velocity":{"y":0,"x":0,"z":0}}],[{"acceleration":{"y":0,"x":0,"z":0},"position":{"y":4182675.34,"x":552458.04,"z":10.75},"volume":3.47,"type":"VEHICLE","velocity":{"y":0,"x":0,"z":0}}],[{"acceleration":{"y":0,"x":0,"z":0},"position":{"y":4182675.34,"x":552458.04,"z":10.75},"volume":3.47,"type":"VEHICLE","velocity":{"y":0,"x":0,"z":0}}],[{"acceleration":{"y":0,"x":0,"z":0},"position":{"y":4182675.34,"x":552458.04,"z":10.75},"volume":3.47,"type":"VEHICLE","velocity":{"y":0,"x":0,"z":0}}],[{"acceleration":{"y":0,"x":0,"z":0},"position":{"y":4182675.34,"x":552458.04,"z":10.75},"volume":3.47,"type":"VEHICLE","velocity":{"y":0,"x":0,"z":0}}],[{"acceleration":{"y":0,"x":0,"z":0},"position":{"y":4182675.34,"x":552458.04,"z":10.75},"volume":3.48,"type":"VEHICLE","velocity":{"y":0,"x":0,"z":0}}]],"action_description":"Pedestrian crossing the road (right to left)","ev_state":[-419.535369873047,10.1253042221069,189.752838134766,0,0,0.200000002980232,12,-1,359.799285888672,90.1802291870117,359.992309570313,0.0020853866284691984],"collision_probability":0}
 timestamp= 1619797607000 [RUN] Validate G1 Guard Condition: 
The ego vehicle E Detection.Collision == True.
 timestamp= 1619797607000 [RES] Global Validate result: 
false
 timestamp= 1619797607000 [RUN] Validate G2 Guard Condition: 
The ego vehicle E Detection.OffRoad == True.
 timestamp= 1619797607000 [RES] Global Validate result: 
true
 timestamp= 1619797607000 [RUN] OffRoad == True
 timestamp= 1619797607000 [RUN] The simulator S INVOKES API Command.Simulation.Stop() to stop simulation.
 timestamp= 1619797607000 [WARNING] The test system Stop the Simulator S!
 timestamp= 1619797607000 [RUN] ABORT.
 timestamp= 1619797607000 [ERROR] The test system Abort!
 timestamp= 1619797607000 [RUN] Validate G3 Guard Condition: 
The ego vehicle E Detection.HardBrake == True.
 timestamp= 1619797607000 [RES] Global Validate result: 
false
 timestamp= 1619797607000 [RUN] Validate G4 Guard Condition: 
The ego vehicle E Detection.ArrivalTest == True.
 timestamp= 1619797607000 [RES] Global Validate result: 
false
 timestamp= 1619797607000 [RES] Basic PostCondition Validate result: 
false
 timestamp= 1619797607000 [STOP] numberOfStep: 22 basicFlow: 
[{"name":"","description":"","eClass":"Sentence","content":"The test system VALIDATES THAT the simulator S Status.GetEnvironment is nearly equal to {\"x\": -440.25, \"y\": 10.12, \"z\": 215.02, \"rain\": 0.0, \"fog\": 0.0, \"wetness\": 0.0, \"timeofday\": 12.0, \"signal\": 1.0, \"rx\": 359.9, \"ry\": 210.02, \"rz\": 0.0, \"speed\": 2.58}","natures":[]},{"name":"","description":"","eClass":"Sentence","content":"The environment controller C INVOKES API Control.Agents.Pedestrians.WalkRandomly(which_lane=Right_Lane).","natures":[]},{"name":"","description":"","eClass":"Sentence","content":"The test system VALIDATES THAT the Apollo A Status.GetControl is nearly equal to {\"acceleration\": -0.27, \"throttle\": 0.0, \"steering_target\": 18.82, \"brake\": 14.5, \"steering_rate\": 100.0, \"speed\": 3.26}","natures":[]},{"name":"","description":"","eClass":"Sentence","content":"The test system VALIDATES THAT the simulator S Status.GetEnvironment is nearly equal to {\"x\": -446.2, \"y\": 10.12, \"z\": 204.11, \"rain\": 0.0, \"fog\": 0.0, \"wetness\": 0.0, \"timeofday\": 12.0, \"signal\": 1.0, \"rx\": -0.0, \"ry\": 204.48, \"rz\": 359.9, \"speed\": 3.23}","natures":[]},{"name":"","description":"","eClass":"Sentence","content":"The environment controller C INVOKES API Control.Weather.Rain(rain_level=Moderate).","natures":[]},{"name":"","description":"","eClass":"Sentence","content":"The test system VALIDATES THAT the Apollo A Status.GetControl is nearly equal to {\"acceleration\": -0.19, \"throttle\": 0.0, \"steering_target\": 71.96, \"brake\": 14.5, \"steering_rate\": 100.0, \"speed\": 2.8}","natures":[]},{"name":"","description":"","eClass":"Sentence","content":"The test system VALIDATES THAT the simulator S Status.GetEnvironment is nearly equal to {\"x\": -444.98, \"y\": 10.12, \"z\": 193.29, \"rain\": 0.5, \"fog\": 0.0, \"wetness\": 0.5, \"timeofday\": 12.0, \"signal\": 0.0, \"rx\": 0.05, \"ry\": 144.33, \"rz\": 359.68, \"speed\": 2.72}","natures":[]},{"name":"","description":"","eClass":"Sentence","content":"The environment controller C INVOKES API Control.Weather.Rain(rain_level=Light).","natures":[]},{"name":"","description":"","eClass":"Sentence","content":"The test system VALIDATES THAT the Apollo A Status.GetControl is nearly equal to {\"acceleration\": 0.96, \"throttle\": 15.7, \"steering_target\": 7.42, \"brake\": 0.0, \"steering_rate\": 100.0, \"speed\": 5.97}","natures":[]},{"name":"","description":"","eClass":"Sentence","content":"The test system VALIDATES THAT the simulator S Status.GetEnvironment is nearly equal to {\"x\": -428.98, \"y\": 10.12, \"z\": 189.6, \"rain\": 0.2, \"fog\": 0.0, \"wetness\": 0.2, \"timeofday\": 12.0, \"signal\": -1.0, \"rx\": 359.97, \"ry\": 90.81, \"rz\": 359.91, \"speed\": 5.97}","natures":[]},{"name":"","description":"","eClass":"Sentence","content":"The environment controller C INVOKES API Control.Agents.NPCVehicle.NPCVehicleMaintainLane(which_lane=Current_Lane&which_car=Hatchback).","natures":[]},{"name":"","description":"","eClass":"Sentence","content":"The test system VALIDATES THAT the Apollo A Status.GetControl is nearly equal to {\"acceleration\": 0.29, \"throttle\": 35.37, \"steering_target\": 0.95, \"brake\": 0.0, \"steering_rate\": 100.0, \"speed\": 0.0}","natures":[]},{"name":"","description":"","eClass":"Sentence","content":"The test system VALIDATES THAT the simulator S Status.GetEnvironment is nearly equal to {\"x\": -419.54, \"y\": 10.13, \"z\": 189.75, \"rain\": 0.2, \"fog\": 0.0, \"wetness\": 0.2, \"timeofday\": 12.0, \"signal\": -1.0, \"rx\": 359.78, \"ry\": 90.15, \"rz\": 359.99, \"speed\": 0.0}","natures":[]},{"name":"","description":"","eClass":"Sentence","content":"The environment controller C INVOKES API Control.Weather.Wetness(wetness_level=Heavy).","natures":[]},{"name":"","description":"","eClass":"Sentence","content":"The test system VALIDATES THAT the Apollo A Status.GetControl is nearly equal to {\"acceleration\": 0.29, \"throttle\": 35.33, \"steering_target\": 0.95, \"brake\": 0.0, \"steering_rate\": 100.0, \"speed\": 0.0}","natures":[]},{"name":"","description":"","eClass":"Sentence","content":"The test system VALIDATES THAT the simulator S Status.GetEnvironment is nearly equal to {\"x\": -419.54, \"y\": 10.13, \"z\": 189.75, \"rain\": 0.0, \"fog\": 0.0, \"wetness\": 1.0, \"timeofday\": 12.0, \"signal\": -1.0, \"rx\": 359.8, \"ry\": 90.16, \"rz\": 359.99, \"speed\": 0.0}","natures":[]},{"name":"","description":"","eClass":"Sentence","content":"The environment controller C INVOKES API Control.Weather.Wetness(wetness_level=Light).","natures":[]},{"name":"","description":"","eClass":"Sentence","content":"The test system VALIDATES THAT the Apollo A Status.GetControl is nearly equal to {\"acceleration\": 0.29, \"throttle\": 35.2, \"steering_target\": 0.95, \"brake\": 0.0, \"steering_rate\": 100.0, \"speed\": 0.0}","natures":[]},{"name":"","description":"","eClass":"Sentence","content":"The test system VALIDATES THAT the simulator S Status.GetEnvironment is nearly equal to {\"x\": -419.54, \"y\": 10.13, \"z\": 189.75, \"rain\": 0.0, \"fog\": 0.0, \"wetness\": 0.2, \"timeofday\": 12.0, \"signal\": -1.0, \"rx\": 359.8, \"ry\": 90.17, \"rz\": 359.99, \"speed\": 0.0}","natures":[]},{"name":"","description":"","eClass":"Sentence","content":"The environment controller C INVOKES API Control.Agents.Pedestrians.WalkRandomly(which_lane=Right_Lane).","natures":[]},{"name":"","description":"","eClass":"Sentence","content":"The test system VALIDATES THAT the Apollo A Status.GetControl is nearly equal to {\"acceleration\": 0.29, \"throttle\": 35.13, \"steering_target\": 0.95, \"brake\": 0.0, \"steering_rate\": 100.0, \"speed\": 0.0}","natures":[]},{"name":"","description":"","eClass":"Sentence","content":"","natures":[]}]
