 timestamp= 1619791485000 [START] Now Run TCS Maintain Lane On Road1 Mode: dynamic Roadnum: 3 Second: 4
 timestamp= 1619791485000 [SUCCESS] TCS Check Success 
 timestamp= 1619791488000 [RUN] Run BasicFlow
 timestamp= 1619791488000 [RUN] Generate steps
 timestamp= 1619791488000 [RUN] Validate step: 
The test system VALIDATES THAT the simulator S Status.GetEnvironment is nearly equal to {"x": -246.03, "y": 10.12, "z": 466.2, "rain": 0.0, "fog": 0.0, "wetness": 0.0, "timeofday": 12.0, "signal": 1.0, "rx": 359.83, "ry": 305.55, "rz": -0.0, "speed": 2.07}
 timestamp= 1619791488000 [RES] Validate result: 
true
 timestamp= 1619791488000 [RUN] Execute API step: 
The environment controller C INVOKES API Control.Agents.NPCVehicle.NPCVehicleSwitchLane(which_lane=Current_Lane&which_car=SchoolBus).
 timestamp= 1619791491000 [RES] API result: 
{"pose_arr":[{"vx":1.2,"ay":0.98,"az":9.82,"ax":0.7,"pz":10.12,"vy":1.2,"px":552629.05,"py":4182951.44},{"vx":1.24,"ay":-0.42,"az":9.82,"ax":-0.36,"pz":10.12,"vy":1.24,"px":552628.1,"py":4182952.12},{"vx":1.17,"ay":0.47,"az":9.8,"ax":0.33,"pz":10.12,"vy":1.17,"px":552626.93,"py":4182952.93},{"vx":1.24,"ay":0,"az":9.81,"ax":0,"pz":10.12,"vy":1.24,"px":552625.43,"py":4182953.94},{"vx":1.06,"ay":0.25,"az":9.81,"ax":0.12,"pz":10.12,"vy":1.06,"px":552624.07,"py":4182954.79},{"vx":1.04,"ay":3.13,"az":9.78,"ax":0.99,"pz":10.12,"vy":1.04,"px":552622.21,"py":4182955.75}],"traffic_light":[3,1,1,3,1,0],"state_arr":[{"acceleration":0.43,"throttle":47.08,"steering_target":1.09,"brake":0,"steering_rate":100,"speed":1.89},{"acceleration":-0.28,"throttle":0,"steering_target":3.65,"brake":14.5,"steering_rate":100,"speed":2.19},{"acceleration":0.07,"throttle":15.7,"steering_target":5.46,"brake":0,"steering_rate":100,"speed":2.04},{"acceleration":-0.16,"throttle":0,"steering_target":9.37,"brake":14.5,"steering_rate":100,"speed":2.42},{"acceleration":0.34,"throttle":15.77,"steering_target":18.39,"brake":0,"steering_rate":100,"speed":2.29},{"acceleration":-0.01,"throttle":0,"steering_target":24.26,"brake":14.5,"steering_rate":100,"speed":2.54},{"acceleration":-0.29,"throttle":0,"steering_target":34.8,"brake":14.5,"steering_rate":100,"speed":2.87}],"obstacle_arr":[[],[{"acceleration":{"y":0,"x":0,"z":0},"position":{"y":4182963.09,"x":552613.05,"z":10.12},"volume":62,"type":"VEHICLE","velocity":{"y":0,"x":0,"z":0}}],[{"acceleration":{"y":0.94,"x":0.79,"z":0},"position":{"y":4182967.21,"x":552614.5,"z":10.43},"volume":24.29,"type":"VEHICLE","velocity":{"y":0.76,"x":0.64,"z":0}}],[{"acceleration":{"y":1.55,"x":4.09,"z":0},"position":{"y":4182970.72,"x":552619.55,"z":10.52},"volume":17.21,"type":"VEHICLE","velocity":{"y":1.83,"x":2.88,"z":0}}],[{"acceleration":{"y":1.5,"x":5.28,"z":0},"position":{"y":4182972.45,"x":552621.56,"z":10.43},"volume":44.63,"type":"VEHICLE","velocity":{"y":2.67,"x":5.68,"z":0}},{"acceleration":{"y":0,"x":0,"z":0},"position":{"y":4182974,"x":552643.46,"z":10.71},"volume":3.45,"type":"UNKNOWN","velocity":{"y":0,"x":0,"z":0}}],[{"acceleration":{"y":1.19,"x":4.3,"z":0},"position":{"y":4182976.44,"x":552631.56,"z":10.55},"volume":52.68,"type":"VEHICLE","velocity":{"y":3.99,"x":10.66,"z":0}}]],"action_description":"NPC vehicle (SchoolBus) switching lane (current to right)","ev_state":[-254.357925415039,10.1247081756592,470.674835205078,0,0,0,12,1,0.0229380242526531,288.545623779297,359.823059082031,2.842981703171081],"collision_probability":0}
 timestamp= 1619791491000 [RUN] Validate G1 Guard Condition: 
The ego vehicle E Detection.Collision == True.
 timestamp= 1619791491000 [RES] Global Validate result: 
false
 timestamp= 1619791491000 [RUN] Validate G2 Guard Condition: 
The ego vehicle E Detection.OffRoad == True.
 timestamp= 1619791491000 [RES] Global Validate result: 
false
 timestamp= 1619791491000 [RUN] Validate G3 Guard Condition: 
The ego vehicle E Detection.HardBrake == True.
 timestamp= 1619791491000 [RES] Global Validate result: 
false
 timestamp= 1619791491000 [RUN] Validate G4 Guard Condition: 
The ego vehicle E Detection.ArrivalTest == True.
 timestamp= 1619791491000 [RES] Global Validate result: 
false
 timestamp= 1619791491000 [RUN] Validate step: 
The test system VALIDATES THAT the Apollo A Status.GetControl is nearly equal to {"acceleration": -0.29, "throttle": 0.0, "steering_target": 34.8, "brake": 14.5, "steering_rate": 100.0, "speed": 2.87}
 timestamp= 1619791491000 [RES] Validate result: 
true
 timestamp= 1619791491000 [RUN] Generate steps
 timestamp= 1619791491000 [RUN] Validate step: 
The test system VALIDATES THAT the simulator S Status.GetEnvironment is nearly equal to {"x": -254.36, "y": 10.12, "z": 470.67, "rain": 0.0, "fog": 0.0, "wetness": 0.0, "timeofday": 12.0, "signal": 1.0, "rx": 0.02, "ry": 288.55, "rz": 359.82, "speed": 2.84}
 timestamp= 1619791491000 [RES] Validate result: 
true
 timestamp= 1619791491000 [RUN] Execute API step: 
The environment controller C INVOKES API Control.TimeOfDay(time_of_day=Morning).
 timestamp= 1619791494000 [RES] API result: 
{"pose_arr":[{"vx":0.66,"ay":-0.46,"az":9.82,"ax":-0.49,"pz":10.13,"vy":0.66,"px":552621,"py":4182956.23},{"vx":0.06,"ay":0.19,"az":9.8,"ax":-0.22,"pz":10.13,"vy":0.06,"px":552619.42,"py":4182956.65},{"vx":-0.61,"ay":-0.57,"az":9.82,"ax":0.09,"pz":10.13,"vy":-0.61,"px":552617.39,"py":4182956.77},{"vx":-1.34,"ay":0.82,"az":9.72,"ax":0.61,"pz":10.12,"vy":-1.34,"px":552615.63,"py":4182956.45},{"vx":-1.89,"ay":0.44,"az":9.81,"ax":-0.3,"pz":10.12,"vy":-1.89,"px":552613.66,"py":4182955.55},{"vx":-2.72,"ay":0.2,"az":9.81,"ax":-0.19,"pz":10.12,"vy":-2.72,"px":552611.49,"py":4182954}],"traffic_light":[0,0,0,0,0,0],"state_arr":[{"acceleration":-0.04,"throttle":0,"steering_target":46.38,"brake":14.5,"steering_rate":100,"speed":2.67},{"acceleration":-0.13,"throttle":0,"steering_target":60.18,"brake":14.5,"steering_rate":100,"speed":2.84},{"acceleration":0.43,"throttle":17.64,"steering_target":56.98,"brake":0,"steering_rate":100,"speed":2.57},{"acceleration":0.46,"throttle":18.19,"steering_target":46.62,"brake":0,"steering_rate":100,"speed":2.92},{"acceleration":0.54,"throttle":18.31,"steering_target":26.54,"brake":0,"steering_rate":100,"speed":3.51},{"acceleration":0.65,"throttle":21.65,"steering_target":17.95,"brake":0,"steering_rate":100,"speed":3.97}],"obstacle_arr":[[{"acceleration":{"y":0.94,"x":3.66,"z":0},"position":{"y":4182977.4,"x":552635.89,"z":10.45},"volume":58.03,"type":"VEHICLE","velocity":{"y":4.63,"x":13.01,"z":0}}],[],[],[{"acceleration":{"y":0,"x":-0.01,"z":0},"position":{"y":4183018.68,"x":552631.28,"z":11.23},"volume":18.71,"type":"VEHICLE","velocity":{"y":0,"x":0,"z":0}}],[],[],[]],"action_description":"Evening","ev_state":[-265.082214355469,10.1245393753052,465.556335449219,0,0,0,10,0,359.962005615234,225.408508300781,359.853149414063,4.295990521938683],"collision_probability":0}
 timestamp= 1619791494000 [RUN] Validate G1 Guard Condition: 
The ego vehicle E Detection.Collision == True.
 timestamp= 1619791494000 [RES] Global Validate result: 
false
 timestamp= 1619791494000 [RUN] Validate G2 Guard Condition: 
The ego vehicle E Detection.OffRoad == True.
 timestamp= 1619791494000 [RES] Global Validate result: 
false
 timestamp= 1619791494000 [RUN] Validate G3 Guard Condition: 
The ego vehicle E Detection.HardBrake == True.
 timestamp= 1619791494000 [RES] Global Validate result: 
false
 timestamp= 1619791494000 [RUN] Validate G4 Guard Condition: 
The ego vehicle E Detection.ArrivalTest == True.
 timestamp= 1619791494000 [RES] Global Validate result: 
false
 timestamp= 1619791494000 [RUN] Validate step: 
The test system VALIDATES THAT the Apollo A Status.GetControl is nearly equal to {"acceleration": 0.65, "throttle": 21.65, "steering_target": 17.95, "brake": 0.0, "steering_rate": 100.0, "speed": 3.97}
 timestamp= 1619791494000 [RES] Validate result: 
true
 timestamp= 1619791494000 [RUN] Generate steps
 timestamp= 1619791494000 [RUN] Validate step: 
The test system VALIDATES THAT the simulator S Status.GetEnvironment is nearly equal to {"x": -265.08, "y": 10.12, "z": 465.56, "rain": 0.0, "fog": 0.0, "wetness": 0.0, "timeofday": 10.0, "signal": 0.0, "rx": 359.96, "ry": 225.41, "rz": 359.85, "speed": 4.3}
 timestamp= 1619791494000 [RES] Validate result: 
true
 timestamp= 1619791494000 [RUN] Execute API step: 
The environment controller C INVOKES API Control.Weather.Nice.
 timestamp= 1619791497000 [RES] API result: 
{"pose_arr":[{"vx":-3.05,"ay":0.63,"az":9.81,"ax":-0.29,"pz":10.12,"vy":-3.05,"px":552610.15,"py":4182952.8},{"vx":-4.21,"ay":0.67,"az":9.85,"ax":-0.27,"pz":10.12,"vy":-4.21,"px":552607.96,"py":4182950.53},{"vx":-4.8,"ay":0.41,"az":9.81,"ax":-0.53,"pz":10.12,"vy":-4.8,"px":552605.03,"py":4182947.03},{"vx":-5.23,"ay":0,"az":9.81,"ax":0,"pz":10.12,"vy":-5.23,"px":552602.56,"py":4182943.73},{"vx":-5.55,"ay":-0.02,"az":9.81,"ax":-0.31,"pz":10.12,"vy":-5.55,"px":552599.28,"py":4182939.12},{"vx":-5.76,"ay":0.32,"az":9.83,"ax":-0.08,"pz":10.12,"vy":-5.76,"px":552596.66,"py":4182935.35}],"traffic_light":[2,2,1,1,1],"state_arr":[{"acceleration":1.48,"throttle":73.68,"steering_target":9.8,"brake":0,"steering_rate":100,"speed":4.3},{"acceleration":0.81,"throttle":23.86,"steering_target":6.05,"brake":0,"steering_rate":100,"speed":5.51},{"acceleration":0.67,"throttle":22.01,"steering_target":4.69,"brake":0,"steering_rate":100,"speed":5.98},{"acceleration":0.78,"throttle":22.95,"steering_target":-0.06,"brake":0,"steering_rate":100,"speed":6.36},{"acceleration":0.76,"throttle":17.72,"steering_target":1.72,"brake":0,"steering_rate":100,"speed":6.68},{"acceleration":0.32,"throttle":20.3,"steering_target":1.38,"brake":0,"steering_rate":100,"speed":6.88},{"acceleration":0.01,"throttle":15.7,"steering_target":-0.69,"brake":0,"steering_rate":100,"speed":7.04}],"obstacle_arr":[[],[],[],[],[],[]],"action_description":"Nice Weather","ev_state":[-279.949493408203,10.1240749359131,445.467559814453,0,0,0,10,-1,359.984497070313,214.532150268555,0.0399509221315384,7.053163909181279],"collision_probability":0}
 timestamp= 1619791497000 [RUN] Validate G1 Guard Condition: 
The ego vehicle E Detection.Collision == True.
 timestamp= 1619791497000 [RES] Global Validate result: 
false
 timestamp= 1619791497000 [RUN] Validate G2 Guard Condition: 
The ego vehicle E Detection.OffRoad == True.
 timestamp= 1619791497000 [RES] Global Validate result: 
false
 timestamp= 1619791497000 [RUN] Validate G3 Guard Condition: 
The ego vehicle E Detection.HardBrake == True.
 timestamp= 1619791497000 [RES] Global Validate result: 
false
 timestamp= 1619791497000 [RUN] Validate G4 Guard Condition: 
The ego vehicle E Detection.ArrivalTest == True.
 timestamp= 1619791497000 [RES] Global Validate result: 
false
 timestamp= 1619791497000 [RUN] Validate step: 
The test system VALIDATES THAT the Apollo A Status.GetControl is nearly equal to {"acceleration": 0.01, "throttle": 15.7, "steering_target": -0.69, "brake": 0.0, "steering_rate": 100.0, "speed": 7.04}
 timestamp= 1619791497000 [RES] Validate result: 
true
 timestamp= 1619791497000 [RUN] Generate steps
 timestamp= 1619791497000 [RUN] Validate step: 
The test system VALIDATES THAT the simulator S Status.GetEnvironment is nearly equal to {"x": -279.95, "y": 10.12, "z": 445.47, "rain": 0.0, "fog": 0.0, "wetness": 0.0, "timeofday": 10.0, "signal": -1.0, "rx": 359.98, "ry": 214.53, "rz": 0.04, "speed": 7.05}
 timestamp= 1619791497000 [RES] Validate result: 
true
 timestamp= 1619791497000 [RUN] Execute API step: 
The environment controller C INVOKES API Control.Weather.Wetness(wetness_level=Light).
 timestamp= 1619791501000 [RES] API result: 
{"pose_arr":[{"vx":-5.8,"ay":0.09,"az":9.83,"ax":-0.23,"pz":10.12,"vy":-5.8,"px":552594.72,"py":4182932.48},{"vx":-5.81,"ay":-0.33,"az":9.82,"ax":0.48,"pz":10.12,"vy":-5.81,"px":552591.69,"py":4182928.06},{"vx":-5.59,"ay":0.14,"az":9.8,"ax":-0.2,"pz":10.12,"vy":-5.59,"px":552589.18,"py":4182924.37},{"vx":-5.72,"ay":0.15,"az":9.81,"ax":-0.19,"pz":10.12,"vy":-5.72,"px":552586.12,"py":4182919.97},{"vx":-5.47,"ay":-0.46,"az":9.82,"ax":0.65,"pz":10.13,"vy":-5.47,"px":552583.3,"py":4182915.97},{"vx":-5.17,"ay":0.09,"az":9.76,"ax":-0.22,"pz":10.12,"vy":-5.17,"px":552581.08,"py":4182912.85}],"traffic_light":[1,3,1,3,3],"state_arr":[{"acceleration":-0.01,"throttle":0,"steering_target":1.06,"brake":14.5,"steering_rate":100,"speed":7.12},{"acceleration":-0.05,"throttle":0,"steering_target":-1.19,"brake":14.5,"steering_rate":100,"speed":6.88},{"acceleration":0.78,"throttle":15.7,"steering_target":-0.42,"brake":0,"steering_rate":100,"speed":6.82},{"acceleration":0.56,"throttle":15.7,"steering_target":-1.1,"brake":0,"steering_rate":100,"speed":6.98},{"acceleration":-0.86,"throttle":0,"steering_target":0.22,"brake":22.63,"steering_rate":100,"speed":6.8},{"acceleration":0.33,"throttle":15.7,"steering_target":0.52,"brake":0,"steering_rate":100,"speed":6.33}],"obstacle_arr":[[],[],[],[],[],[]],"action_description":"Light wetness","ev_state":[-295.531707763672,10.1242074966431,423.117279052734,0,0,0.200000002980232,10,-1,359.985961914063,215.301361083984,0.00188726268243045,6.459229447421992],"collision_probability":0}
 timestamp= 1619791501000 [RUN] Validate G1 Guard Condition: 
The ego vehicle E Detection.Collision == True.
 timestamp= 1619791501000 [RES] Global Validate result: 
false
 timestamp= 1619791501000 [RUN] Validate G2 Guard Condition: 
The ego vehicle E Detection.OffRoad == True.
 timestamp= 1619791501000 [RES] Global Validate result: 
false
 timestamp= 1619791501000 [RUN] Validate G3 Guard Condition: 
The ego vehicle E Detection.HardBrake == True.
 timestamp= 1619791501000 [RES] Global Validate result: 
false
 timestamp= 1619791501000 [RUN] Validate G4 Guard Condition: 
The ego vehicle E Detection.ArrivalTest == True.
 timestamp= 1619791501000 [RES] Global Validate result: 
false
 timestamp= 1619791501000 [RUN] Validate step: 
The test system VALIDATES THAT the Apollo A Status.GetControl is nearly equal to {"acceleration": 0.33, "throttle": 15.7, "steering_target": 0.52, "brake": 0.0, "steering_rate": 100.0, "speed": 6.33}
 timestamp= 1619791501000 [RES] Validate result: 
true
 timestamp= 1619791501000 [RUN] Generate steps
 timestamp= 1619791501000 [RUN] Validate step: 
The test system VALIDATES THAT the simulator S Status.GetEnvironment is nearly equal to {"x": -295.53, "y": 10.12, "z": 423.12, "rain": 0.0, "fog": 0.0, "wetness": 0.2, "timeofday": 10.0, "signal": -1.0, "rx": 359.99, "ry": 215.3, "rz": 0.0, "speed": 6.46}
 timestamp= 1619791501000 [RES] Validate result: 
true
 timestamp= 1619791501000 [RUN] Execute API step: 
The environment controller C INVOKES API Control.Agents.NPCVehicle.NPCVehicleSwitchLane(which_lane=Right_Lane&which_car=SchoolBus).
 timestamp= 1619791504000 [RES] API result: 
{"pose_arr":[{"vx":-5.28,"ay":0.13,"az":9.82,"ax":-0.25,"pz":10.12,"vy":-5.28,"px":552579.04,"py":4182909.97},{"vx":-5.76,"ay":0.16,"az":9.82,"ax":-0.22,"pz":10.12,"vy":-5.76,"px":552576.43,"py":4182906.28},{"vx":-5.93,"ay":0.14,"az":9.82,"ax":-0.19,"pz":10.12,"vy":-5.93,"px":552573.86,"py":4182902.67},{"vx":-5.85,"ay":-0.85,"az":9.82,"ax":1.2,"pz":10.12,"vy":-5.85,"px":552571.23,"py":4182898.96},{"vx":-5.72,"ay":-0.57,"az":9.83,"ax":0.79,"pz":10.12,"vy":-5.72,"px":552567.86,"py":4182894.23},{"vx":-5.39,"ay":0.14,"az":9.79,"ax":-0.2,"pz":10.12,"vy":-5.39,"px":552565.08,"py":4182890.32},{"vx":-5.54,"ay":0.31,"az":9.8,"ax":-0.43,"pz":10.12,"vy":-5.54,"px":552563.24,"py":4182887.76}],"traffic_light":[1,3,3,1,1,1],"state_arr":[{"acceleration":1.13,"throttle":15.7,"steering_target":-0.03,"brake":0,"steering_rate":100,"speed":6.95},{"acceleration":1.07,"throttle":27.61,"steering_target":-0.12,"brake":0,"steering_rate":100,"speed":7.09},{"acceleration":-0.25,"throttle":0,"steering_target":-0.01,"brake":14.5,"steering_rate":100,"speed":7.42},{"acceleration":1.11,"throttle":15.7,"steering_target":-0.06,"brake":0,"steering_rate":100,"speed":7.06},{"acceleration":-0.5,"throttle":0,"steering_target":-0.11,"brake":14.5,"steering_rate":100,"speed":6.91},{"acceleration":0.4,"throttle":15.7,"steering_target":-0.1,"brake":0,"steering_rate":100,"speed":6.63},{"acceleration":0.88,"throttle":22.43,"steering_target":-0.19,"brake":0,"steering_rate":100,"speed":6.83}],"obstacle_arr":[[],[{"acceleration":{"y":-1.39,"x":-0.74,"z":0},"position":{"y":4182898.31,"x":552560.78,"z":10.45},"volume":76.13,"type":"VEHICLE","velocity":{"y":-1.43,"x":-0.77,"z":0}}],[{"acceleration":{"y":-0.21,"x":0.03,"z":0},"position":{"y":4182898.98,"x":552561.24,"z":10.42},"volume":78.42,"type":"VEHICLE","velocity":{"y":-1.15,"x":-0.6,"z":0}}],[{"acceleration":{"y":-0.26,"x":-0.29,"z":0},"position":{"y":4182898.2,"x":552560.67,"z":10.42},"volume":82.4,"type":"VEHICLE","velocity":{"y":-1.4,"x":-0.87,"z":0}}],[{"acceleration":{"y":0.55,"x":0.25,"z":0},"position":{"y":4182897.76,"x":552561.5,"z":10.37},"volume":25.08,"type":"VEHICLE","velocity":{"y":-1.04,"x":-0.71,"z":0}}],[{"acceleration":{"y":1.45,"x":0.94,"z":0},"position":{"y":4182897.74,"x":552561.49,"z":10.43},"volume":23.26,"type":"VEHICLE","velocity":{"y":0,"x":0,"z":0}}],[{"acceleration":{"y":0.06,"x":0.04,"z":0},"position":{"y":4182897.77,"x":552560.8,"z":10.41},"volume":46.41,"type":"VEHICLE","velocity":{"y":0,"x":0,"z":0}}]],"action_description":"NPC vehicle (SchoolBus) switching lane (right to left)","ev_state":[-311.70361328125,10.1241188049316,400.392608642578,0,0,0.200000002980232,10,-1,359.973907470703,215.586898803711,0.00165915815159678,6.825129364822441],"collision_probability":0}
 timestamp= 1619791504000 [RUN] Validate G1 Guard Condition: 
The ego vehicle E Detection.Collision == True.
 timestamp= 1619791504000 [RES] Global Validate result: 
false
 timestamp= 1619791504000 [RUN] Validate G2 Guard Condition: 
The ego vehicle E Detection.OffRoad == True.
 timestamp= 1619791504000 [RES] Global Validate result: 
false
 timestamp= 1619791504000 [RUN] Validate G3 Guard Condition: 
The ego vehicle E Detection.HardBrake == True.
 timestamp= 1619791504000 [RES] Global Validate result: 
false
 timestamp= 1619791504000 [RUN] Validate G4 Guard Condition: 
The ego vehicle E Detection.ArrivalTest == True.
 timestamp= 1619791504000 [RES] Global Validate result: 
false
 timestamp= 1619791504000 [RUN] Validate step: 
The test system VALIDATES THAT the Apollo A Status.GetControl is nearly equal to {"acceleration": 0.88, "throttle": 22.43, "steering_target": -0.19, "brake": 0.0, "steering_rate": 100.0, "speed": 6.83}
 timestamp= 1619791504000 [RES] Validate result: 
true
 timestamp= 1619791504000 [RUN] Generate steps
 timestamp= 1619791504000 [RUN] Validate step: 
The test system VALIDATES THAT the simulator S Status.GetEnvironment is nearly equal to {"x": -311.7, "y": 10.12, "z": 400.39, "rain": 0.0, "fog": 0.0, "wetness": 0.2, "timeofday": 10.0, "signal": -1.0, "rx": 359.97, "ry": 215.59, "rz": 0.0, "speed": 6.83}
 timestamp= 1619791504000 [RES] Validate result: 
true
 timestamp= 1619791504000 [RUN] Execute API step: 
The environment controller C INVOKES API Control.TimeOfDay(time_of_day=Morning).
 timestamp= 1619791508000 [RES] API result: 
{"pose_arr":[{"vx":-5.84,"ay":0.66,"az":9.8,"ax":-0.91,"pz":10.12,"vy":-5.84,"px":552561.15,"py":4182884.83},{"vx":-6.14,"ay":0.14,"az":9.82,"ax":-0.19,"pz":10.12,"vy":-6.14,"px":552558.3,"py":4182880.87},{"vx":-6.32,"ay":0.24,"az":9.8,"ax":-0.33,"pz":10.12,"vy":-6.32,"px":552554.54,"py":4182875.67},{"vx":-6.45,"ay":0.22,"az":9.81,"ax":-0.31,"pz":10.12,"vy":-6.45,"px":552552.06,"py":4182872.25},{"vx":-6.66,"ay":0.14,"az":9.82,"ax":-0.19,"pz":10.12,"vy":-6.66,"px":552548.91,"py":4182867.95},{"vx":-6.68,"ay":-0.37,"az":9.83,"ax":0.5,"pz":10.12,"vy":-6.68,"px":552545.06,"py":4182862.7}],"traffic_light":[1,0,0,0,0,0],"state_arr":[{"acceleration":0.91,"throttle":25.14,"steering_target":-0.21,"brake":0,"steering_rate":100,"speed":7.2},{"acceleration":0.67,"throttle":15.7,"steering_target":-0.17,"brake":0,"steering_rate":100,"speed":7.54},{"acceleration":0.5,"throttle":19.29,"steering_target":-0.23,"brake":0,"steering_rate":100,"speed":7.69},{"acceleration":0.57,"throttle":16.96,"steering_target":-0.3,"brake":0,"steering_rate":100,"speed":7.95},{"acceleration":0.2,"throttle":15.7,"steering_target":-0.08,"brake":0,"steering_rate":100,"speed":8.23},{"acceleration":0.19,"throttle":15.7,"steering_target":-0.2,"brake":0,"steering_rate":100,"speed":8.35}],"obstacle_arr":[[{"acceleration":{"y":0,"x":0,"z":0},"position":{"y":4182898.37,"x":552561.01,"z":10.41},"volume":71.96,"type":"VEHICLE","velocity":{"y":0,"x":0,"z":0}}],[{"acceleration":{"y":0,"x":0,"z":0},"position":{"y":4182897.93,"x":552560.51,"z":10.39},"volume":75.24,"type":"VEHICLE","velocity":{"y":0,"x":0,"z":0}}],[{"acceleration":{"y":0,"x":0,"z":0},"position":{"y":4182898.46,"x":552561,"z":10.49},"volume":66.04,"type":"VEHICLE","velocity":{"y":0,"x":0,"z":0}}],[{"acceleration":{"y":0,"x":0,"z":0},"position":{"y":4182897.65,"x":552560.32,"z":10.44},"volume":58.83,"type":"VEHICLE","velocity":{"y":0,"x":0,"z":0}}],[{"acceleration":{"y":0,"x":0,"z":0},"position":{"y":4182897.67,"x":552560.61,"z":10.7},"volume":53.77,"type":"VEHICLE","velocity":{"y":0,"x":0,"z":0}}],[{"acceleration":{"y":0,"x":0,"z":0},"position":{"y":4182895.43,"x":552558.92,"z":11.14},"volume":3.31,"type":"VEHICLE","velocity":{"y":0,"x":0,"z":0}}]],"action_description":"Evening","ev_state":[-330.038177490234,10.1238145828247,375.163452148438,0,0,0.200000002980232,10,-1,0.0164153724908829,216.3671875,0.00970374513417482,8.255314905089064],"collision_probability":0}
 timestamp= 1619791508000 [RUN] Validate G1 Guard Condition: 
The ego vehicle E Detection.Collision == True.
 timestamp= 1619791508000 [RES] Global Validate result: 
false
 timestamp= 1619791508000 [RUN] Validate G2 Guard Condition: 
The ego vehicle E Detection.OffRoad == True.
 timestamp= 1619791508000 [RES] Global Validate result: 
false
 timestamp= 1619791508000 [RUN] Validate G3 Guard Condition: 
The ego vehicle E Detection.HardBrake == True.
 timestamp= 1619791508000 [RES] Global Validate result: 
false
 timestamp= 1619791508000 [RUN] Validate G4 Guard Condition: 
The ego vehicle E Detection.ArrivalTest == True.
 timestamp= 1619791508000 [RES] Global Validate result: 
false
 timestamp= 1619791508000 [RUN] Validate step: 
The test system VALIDATES THAT the Apollo A Status.GetControl is nearly equal to {"acceleration": 0.19, "throttle": 15.7, "steering_target": -0.2, "brake": 0.0, "steering_rate": 100.0, "speed": 8.35}
 timestamp= 1619791508000 [RES] Validate result: 
true
 timestamp= 1619791508000 [RUN] Generate steps
 timestamp= 1619791508000 [RUN] Validate step: 
The test system VALIDATES THAT the simulator S Status.GetEnvironment is nearly equal to {"x": -330.04, "y": 10.12, "z": 375.16, "rain": 0.0, "fog": 0.0, "wetness": 0.2, "timeofday": 10.0, "signal": -1.0, "rx": 0.02, "ry": 216.37, "rz": 0.01, "speed": 8.26}
 timestamp= 1619791508000 [RES] Validate result: 
true
 timestamp= 1619791508000 [RUN] Execute API step: 
The environment controller C INVOKES API Control.Agents.NPCVehicle.NPCVehicleMaintainLane(which_lane=Left_Lane&which_car=SchoolBus).
 timestamp= 1619791511000 [RES] API result: 
{"pose_arr":[{"vx":-6.67,"ay":0.13,"az":9.8,"ax":-0.18,"pz":10.12,"vy":-6.67,"px":552543.27,"py":4182860.27},{"vx":-6.81,"ay":0.2,"az":9.81,"ax":-0.26,"pz":10.12,"vy":-6.81,"px":552540.01,"py":4182855.86},{"vx":-6.92,"ay":0.13,"az":9.81,"ax":-0.17,"pz":10.12,"vy":-6.92,"px":552536,"py":4182850.43},{"vx":-6.77,"ay":-0.37,"az":9.82,"ax":0.5,"pz":10.12,"vy":-6.77,"px":552532.75,"py":4182846.05},{"vx":-6.84,"ay":0.18,"az":9.81,"ax":-0.25,"pz":10.12,"vy":-6.84,"px":552528.82,"py":4182840.75},{"vx":-6.88,"ay":-0.37,"az":9.83,"ax":0.5,"pz":10.12,"vy":-6.88,"px":552525.2,"py":4182835.86}],"traffic_light":[0,0,0,0,0,0],"state_arr":[{"acceleration":0.86,"throttle":15.7,"steering_target":-0.19,"brake":0,"steering_rate":100,"speed":8.26},{"acceleration":0.67,"throttle":15.7,"steering_target":0.09,"brake":0,"steering_rate":100,"speed":8.34},{"acceleration":0.31,"throttle":15.7,"steering_target":-0.22,"brake":0,"steering_rate":100,"speed":8.51},{"acceleration":-0.1,"throttle":0,"steering_target":0.03,"brake":14.5,"steering_rate":100,"speed":8.64},{"acceleration":0.17,"throttle":15.7,"steering_target":0,"brake":0,"steering_rate":100,"speed":8.35},{"acceleration":0.44,"throttle":18.3,"steering_target":0.06,"brake":0,"steering_rate":100,"speed":8.46},{"acceleration":-0.1,"throttle":0,"steering_target":0.01,"brake":14.5,"steering_rate":100,"speed":8.59}],"obstacle_arr":[[{"acceleration":{"y":0.01,"x":0,"z":0},"position":{"y":4182895.03,"x":552558.84,"z":11.02},"volume":3.02,"type":"VEHICLE","velocity":{"y":0,"x":0,"z":0}}],[],[],[],[],[]],"action_description":"NPC vehicle (SchoolBus) driving on the left lane","ev_state":[-350.218139648438,10.1237459182739,347.898986816406,0,0,0.200000002980232,10,-1,0.0139167243614793,216.491149902344,-0.000195591681404039,8.476261901957576],"collision_probability":0}
 timestamp= 1619791511000 [RUN] Validate G1 Guard Condition: 
The ego vehicle E Detection.Collision == True.
 timestamp= 1619791511000 [RES] Global Validate result: 
false
 timestamp= 1619791511000 [RUN] Validate G2 Guard Condition: 
The ego vehicle E Detection.OffRoad == True.
 timestamp= 1619791511000 [RES] Global Validate result: 
false
 timestamp= 1619791511000 [RUN] Validate G3 Guard Condition: 
The ego vehicle E Detection.HardBrake == True.
 timestamp= 1619791511000 [RES] Global Validate result: 
false
 timestamp= 1619791511000 [RUN] Validate G4 Guard Condition: 
The ego vehicle E Detection.ArrivalTest == True.
 timestamp= 1619791511000 [RES] Global Validate result: 
false
 timestamp= 1619791511000 [RUN] Validate step: 
The test system VALIDATES THAT the Apollo A Status.GetControl is nearly equal to {"acceleration": -0.1, "throttle": 0.0, "steering_target": 0.01, "brake": 14.5, "steering_rate": 100.0, "speed": 8.59}
 timestamp= 1619791511000 [RES] Validate result: 
true
 timestamp= 1619791511000 [RUN] Generate steps
 timestamp= 1619791511000 [RUN] Validate step: 
The test system VALIDATES THAT the simulator S Status.GetEnvironment is nearly equal to {"x": -350.22, "y": 10.12, "z": 347.9, "rain": 0.0, "fog": 0.0, "wetness": 0.2, "timeofday": 10.0, "signal": -1.0, "rx": 0.01, "ry": 216.49, "rz": -0.0, "speed": 8.48}
 timestamp= 1619791511000 [RES] Validate result: 
true
 timestamp= 1619791511000 [RUN] Execute API step: 
The environment controller C INVOKES API Control.Agents.NPCVehicle.NPCVehicleSwitchLane(which_lane=Current_Lane&which_car=SchoolBus).
 timestamp= 1619791515000 [RES] API result: 
{"pose_arr":[{"vx":-6.85,"ay":0.17,"az":9.8,"ax":-0.23,"pz":10.12,"vy":-6.85,"px":552523.05,"py":4182832.96},{"vx":-6.97,"ay":0.01,"az":9.81,"ax":-0.01,"pz":10.12,"vy":-6.97,"px":552519.76,"py":4182828.5},{"vx":-6.19,"ay":0,"az":9.81,"ax":0,"pz":10.13,"vy":-6.19,"px":552517.04,"py":4182824.82},{"vx":-4.45,"ay":-2.09,"az":9.81,"ax":2.83,"pz":10.13,"vy":-4.45,"px":552514.56,"py":4182821.46},{"vx":-2.24,"ay":-1.88,"az":9.81,"ax":2.55,"pz":10.13,"vy":-2.24,"px":552512.64,"py":4182818.85},{"vx":-1.55,"ay":-0.91,"az":9.81,"ax":1.24,"pz":10.13,"vy":-1.55,"px":552511.87,"py":4182817.81}],"traffic_light":[0,0,0,0,0,1],"state_arr":[{"acceleration":0.35,"throttle":16.36,"steering_target":0.06,"brake":0,"steering_rate":100,"speed":8.48},{"acceleration":0.25,"throttle":15.7,"steering_target":-0.01,"brake":0,"steering_rate":100,"speed":8.59},{"acceleration":-2.32,"throttle":0,"steering_target":0.07,"brake":32.8,"steering_rate":100,"speed":8.16},{"acceleration":-3.63,"throttle":0,"steering_target":0.07,"brake":44.27,"steering_rate":100,"speed":6.37},{"acceleration":-3.38,"throttle":0,"steering_target":0.05,"brake":43.05,"steering_rate":100,"speed":4.18},{"acceleration":-1.15,"throttle":0,"steering_target":0.06,"brake":22.32,"steering_rate":100,"speed":2.51},{"acceleration":-2.05,"throttle":0,"steering_target":0.03,"brake":32.01,"steering_rate":100,"speed":1.72}],"obstacle_arr":[[],[{"acceleration":{"y":-0.02,"x":-0.01,"z":0},"position":{"y":4182818.41,"x":552512.07,"z":10.44},"volume":61.57,"type":"VEHICLE","velocity":{"y":-0.87,"x":-0.58,"z":0}}],[{"acceleration":{"y":-0.2,"x":-0.05,"z":0},"position":{"y":4182817.75,"x":552511.8,"z":10.55},"volume":45.28,"type":"VEHICLE","velocity":{"y":0,"x":0,"z":0}}],[{"acceleration":{"y":0,"x":0,"z":0},"position":{"y":4182818.08,"x":552511.77,"z":10.56},"volume":13.22,"type":"VEHICLE","velocity":{"y":0,"x":0,"z":0}}],[{"acceleration":{"y":-0.4,"x":-0.2,"z":0},"position":{"y":4182813.73,"x":552509.8,"z":10.57},"volume":1.38,"type":"VEHICLE","velocity":{"y":-0.06,"x":-0.03,"z":0}}],[],[{"acceleration":{"y":0,"x":0,"z":0},"position":{"y":4182807.43,"x":552507.23,"z":10.65},"volume":0.83,"type":"VEHICLE","velocity":{"y":0,"x":0,"z":0}}]],"action_description":"NPC vehicle (SchoolBus) switching lane (current to right)","ev_state":[-363.374969482422,10.1248426437378,330.077056884766,0,0,0.200000002980232,10,1,0.108653575181961,216.396087646484,0.0000371892456314527,1.036364298543019],"collision_probability":0}
 timestamp= 1619791515000 [RUN] Validate G1 Guard Condition: 
The ego vehicle E Detection.Collision == True.
 timestamp= 1619791515000 [RES] Global Validate result: 
false
 timestamp= 1619791515000 [RUN] Validate G2 Guard Condition: 
The ego vehicle E Detection.OffRoad == True.
 timestamp= 1619791515000 [RES] Global Validate result: 
false
 timestamp= 1619791515000 [RUN] Validate G3 Guard Condition: 
The ego vehicle E Detection.HardBrake == True.
 timestamp= 1619791515000 [RES] Global Validate result: 
true
 timestamp= 1619791515000 [RUN] HardBrake == True
 timestamp= 1619791515000 [RUN] RESUME STEP @preStep
 timestamp= 1619791515000 [RUN] Resume step basicflow22
 timestamp= 1619791515000 [RUN] Validate G4 Guard Condition: 
The ego vehicle E Detection.ArrivalTest == True.
 timestamp= 1619791515000 [RES] Global Validate result: 
false
 timestamp= 1619791515000 [RUN] Validate step: 
The test system VALIDATES THAT the Apollo A Status.GetControl is nearly equal to {"acceleration": -2.05, "throttle": 0.0, "steering_target": 0.03, "brake": 32.01, "steering_rate": 100.0, "speed": 1.72}
 timestamp= 1619791515000 [RES] Validate result: 
true
 timestamp= 1619791515000 [RUN] Generate steps
 timestamp= 1619791515000 [RUN] Validate step: 
The test system VALIDATES THAT the simulator S Status.GetEnvironment is nearly equal to {"x": -363.37, "y": 10.12, "z": 330.08, "rain": 0.0, "fog": 0.0, "wetness": 0.2, "timeofday": 10.0, "signal": 1.0, "rx": 0.11, "ry": 216.4, "rz": 0.0, "speed": 1.04}
 timestamp= 1619791515000 [RES] Validate result: 
true
 timestamp= 1619791515000 [RUN] Execute API step: 
The environment controller C INVOKES API Control.Weather.Wetness(wetness_level=Moderate).
 timestamp= 1619791518000 [RES] API result: 
{"pose_arr":[{"vx":-0.77,"ay":-0.6,"az":9.81,"ax":0.96,"pz":10.13,"vy":-0.77,"px":552511.38,"py":4182817.14},{"vx":-0.34,"ay":-0.28,"az":9.81,"ax":0.36,"pz":10.13,"vy":-0.34,"px":552511.12,"py":4182816.8},{"vx":-1,"ay":2.08,"az":9.8,"ax":-2.67,"pz":10.12,"vy":-1,"px":552510.92,"py":4182816.53},{"vx":-2.24,"ay":-0.94,"az":9.85,"ax":-0.09,"pz":10.12,"vy":-2.24,"px":552510.2,"py":4182815.58},{"vx":-2.08,"ay":-0.3,"az":9.81,"ax":0.39,"pz":10.13,"vy":-2.08,"px":552509.41,"py":4182814.55},{"vx":-2.9,"ay":0.17,"az":9.83,"ax":-0.22,"pz":10.12,"vy":-2.9,"px":552507.77,"py":4182812.39},{"vx":-3.95,"ay":2.96,"az":9.75,"ax":-3.97,"pz":10.12,"vy":-3.95,"px":552506.08,"py":4182810.12}],"traffic_light":[1,1,1,1,1,1],"state_arr":[{"acceleration":-1.15,"throttle":0,"steering_target":-3.21,"brake":22.85,"steering_rate":100,"speed":1.04},{"acceleration":-0.17,"throttle":0,"steering_target":-6.4,"brake":14.5,"steering_rate":100,"speed":0.53},{"acceleration":0.78,"throttle":72.33,"steering_target":-4.8,"brake":0,"steering_rate":100,"speed":0.54},{"acceleration":-0.26,"throttle":0,"steering_target":0.9,"brake":14.5,"steering_rate":100,"speed":2.85},{"acceleration":0.37,"throttle":16.54,"steering_target":1.26,"brake":0,"steering_rate":100,"speed":2.55},{"acceleration":0.36,"throttle":15.7,"steering_target":0.31,"brake":0,"steering_rate":100,"speed":3.56},{"acceleration":1.28,"throttle":70.56,"steering_target":0.49,"brake":0,"steering_rate":100,"speed":3.72}],"obstacle_arr":[[{"acceleration":{"y":0,"x":0,"z":0},"position":{"y":4182802.99,"x":552504.83,"z":10.56},"volume":53.55,"type":"VEHICLE","velocity":{"y":0,"x":0,"z":0}}],[{"acceleration":{"y":-0.01,"x":-0.01,"z":0},"position":{"y":4182802.29,"x":552504.44,"z":10.6},"volume":45.85,"type":"VEHICLE","velocity":{"y":-2.76,"x":-1.94,"z":0}}],[{"acceleration":{"y":1.02,"x":0.69,"z":0},"position":{"y":4182800.32,"x":552503.18,"z":10.5},"volume":45.75,"type":"VEHICLE","velocity":{"y":-1.67,"x":-1.2,"z":0}}],[{"acceleration":{"y":-0.32,"x":-0.1,"z":0},"position":{"y":4182798.75,"x":552502.05,"z":10.48},"volume":60.91,"type":"VEHICLE","velocity":{"y":-1.72,"x":-1.29,"z":0}}],[{"acceleration":{"y":-0.33,"x":-0.35,"z":0},"position":{"y":4182797.38,"x":552500.84,"z":10.47},"volume":58.19,"type":"VEHICLE","velocity":{"y":-1.88,"x":-1.46,"z":0}}],[{"acceleration":{"y":0.08,"x":-0.2,"z":0},"position":{"y":4182796.21,"x":552499.75,"z":10.44},"volume":59.67,"type":"VEHICLE","velocity":{"y":-1.69,"x":-1.53,"z":0}}]],"action_description":"Moderate wetness","ev_state":[-368.818664550781,10.1244306564331,322.883941650391,0,0,0.5,10,1,359.826293945313,216.764739990234,359.994049072266,4.990635608847239],"collision_probability":0}
 timestamp= 1619791518000 [RUN] Validate G1 Guard Condition: 
The ego vehicle E Detection.Collision == True.
 timestamp= 1619791518000 [RES] Global Validate result: 
false
 timestamp= 1619791518000 [RUN] Validate G2 Guard Condition: 
The ego vehicle E Detection.OffRoad == True.
 timestamp= 1619791518000 [RES] Global Validate result: 
false
 timestamp= 1619791518000 [RUN] Validate G3 Guard Condition: 
The ego vehicle E Detection.HardBrake == True.
 timestamp= 1619791518000 [RES] Global Validate result: 
true
 timestamp= 1619791518000 [RUN] HardBrake == True
 timestamp= 1619791518000 [RUN] RESUME STEP @preStep
 timestamp= 1619791518000 [RUN] Resume step basicflow25
 timestamp= 1619791518000 [RUN] Validate G4 Guard Condition: 
The ego vehicle E Detection.ArrivalTest == True.
 timestamp= 1619791518000 [RES] Global Validate result: 
false
 timestamp= 1619791518000 [RUN] Validate step: 
The test system VALIDATES THAT the Apollo A Status.GetControl is nearly equal to {"acceleration": 1.28, "throttle": 70.56, "steering_target": 0.49, "brake": 0.0, "steering_rate": 100.0, "speed": 3.72}
 timestamp= 1619791518000 [RES] Validate result: 
true
 timestamp= 1619791518000 [RUN] Generate steps
 timestamp= 1619791518000 [RUN] Validate step: 
The test system VALIDATES THAT the simulator S Status.GetEnvironment is nearly equal to {"x": -368.82, "y": 10.12, "z": 322.88, "rain": 0.0, "fog": 0.0, "wetness": 0.5, "timeofday": 10.0, "signal": 1.0, "rx": 359.83, "ry": 216.76, "rz": 359.99, "speed": 4.99}
 timestamp= 1619791518000 [RES] Validate result: 
true
 timestamp= 1619791518000 [RUN] Execute API step: 
The environment controller C INVOKES API Control.Agents.NPCVehicle.NPCVehicleSwitchLane(which_lane=Right_Lane&which_car=SUV).
 timestamp= 1619791522000 [RES] API result: 
{"pose_arr":[{"vx":-4.19,"ay":1.23,"az":9.83,"ax":-1.64,"pz":10.12,"vy":-4.19,"px":552505.19,"py":4182808.94},{"vx":-4.64,"ay":0.37,"az":9.83,"ax":-0.52,"pz":10.12,"vy":-4.64,"px":552502.99,"py":4182805.99},{"vx":-5.01,"ay":0.15,"az":9.82,"ax":-0.2,"pz":10.12,"vy":-5.01,"px":552499.99,"py":4182801.95},{"vx":-4.26,"ay":-1.14,"az":9.82,"ax":1.55,"pz":10.13,"vy":-4.26,"px":552497.53,"py":4182798.62},{"vx":-3.09,"ay":-2.17,"az":9.82,"ax":2.94,"pz":10.13,"vy":-3.09,"px":552496.24,"py":4182796.88},{"vx":-1.27,"ay":-1.13,"az":9.8,"ax":1.53,"pz":10.13,"vy":-1.27,"px":552495.01,"py":4182795.21}],"traffic_light":[1,0,0,0,0],"state_arr":[{"acceleration":1.08,"throttle":15.7,"steering_target":0.11,"brake":0,"steering_rate":100,"speed":4.99},{"acceleration":0.14,"throttle":15.7,"steering_target":0.14,"brake":0,"steering_rate":100,"speed":5.7},{"acceleration":0.98,"throttle":15.7,"steering_target":0.23,"brake":0,"steering_rate":100,"speed":5.93},{"acceleration":-0.75,"throttle":0,"steering_target":0.07,"brake":16.67,"steering_rate":100,"speed":6.19},{"acceleration":-2.4,"throttle":0,"steering_target":0.17,"brake":34.25,"steering_rate":100,"speed":5.3},{"acceleration":-2.68,"throttle":0,"steering_target":0.18,"brake":42.83,"steering_rate":100,"speed":3.51},{"acceleration":-2.11,"throttle":0,"steering_target":0.08,"brake":32.49,"steering_rate":100,"speed":1.98},{"acceleration":-1.13,"throttle":0,"steering_target":0.14,"brake":22.64,"steering_rate":100,"speed":1.05}],"obstacle_arr":[[{"acceleration":{"y":0.96,"x":0.53,"z":0},"position":{"y":4182795.57,"x":552499.03,"z":10.4},"volume":51.74,"type":"VEHICLE","velocity":{"y":-1.1,"x":-1.15,"z":0}},{"acceleration":{"y":0,"x":0,"z":0},"position":{"y":4182835.96,"x":552515.62,"z":10.54},"volume":61.08,"type":"VEHICLE","velocity":{"y":0,"x":0,"z":0}}],[{"acceleration":{"y":0.71,"x":0.99,"z":0},"position":{"y":4182794.54,"x":552498.13,"z":10.41},"volume":62.56,"type":"VEHICLE","velocity":{"y":-0.78,"x":-0.65,"z":0}},{"acceleration":{"y":-0.01,"x":-0.01,"z":0},"position":{"y":4182827.72,"x":552509.36,"z":10.57},"volume":58.19,"type":"VEHICLE","velocity":{"y":0,"x":0,"z":0}}],[{"acceleration":{"y":-2.11,"x":-1.65,"z":0},"position":{"y":4182792.79,"x":552496.47,"z":10.39},"volume":58.46,"type":"VEHICLE","velocity":{"y":-2.25,"x":-1.83,"z":0}},{"acceleration":{"y":-0.02,"x":-0.01,"z":0},"position":{"y":4182814.82,"x":552500.11,"z":10.43},"volume":56.52,"type":"VEHICLE","velocity":{"y":-0.17,"x":-0.12,"z":0}},{"acceleration":{"y":0.01,"x":0.01,"z":0},"position":{"y":4182796.63,"x":552486.09,"z":10.41},"volume":7.31,"type":"VEHICLE","velocity":{"y":-1.6,"x":-1.13,"z":0}}],[{"acceleration":{"y":-2.96,"x":-2.88,"z":0},"position":{"y":4182790.7,"x":552494.34,"z":10.38},"volume":57.67,"type":"VEHICLE","velocity":{"y":-4.32,"x":-3.79,"z":0}},{"acceleration":{"y":-0.01,"x":-0.01,"z":0},"position":{"y":4182805.05,"x":552493.82,"z":10.39},"volume":24.59,"type":"VEHICLE","velocity":{"y":-0.54,"x":-0.39,"z":0}},{"acceleration":{"y":-2.35,"x":-1.49,"z":0},"position":{"y":4182794.32,"x":552484.42,"z":10.45},"volume":7.14,"type":"VEHICLE","velocity":{"y":-3.06,"x":-1.98,"z":0}}],[{"acceleration":{"y":-1.59,"x":-1.72,"z":0},"position":{"y":4182787.89,"x":552491.77,"z":10.44},"volume":62.25,"type":"VEHICLE","velocity":{"y":-6.16,"x":-5.69,"z":0}},{"acceleration":{"y":0,"x":0,"z":0},"position":{"y":4182800.65,"x":552490.58,"z":10.34},"volume":25.46,"type":"VEHICLE","velocity":{"y":-0.98,"x":-0.7,"z":0}},{"acceleration":{"y":-1.99,"x":-1.43,"z":0},"position":{"y":4182791.2,"x":552482.18,"z":10.36},"volume":8.23,"type":"VEHICLE","velocity":{"y":-4.96,"x":-3.3,"z":0}}],[{"acceleration":{"y":-0.7,"x":-0.8,"z":0},"position":{"y":4182786.62,"x":552490.56,"z":10.51},"volume":61.78,"type":"VEHICLE","velocity":{"y":-6.72,"x":-6.33,"z":0}},{"acceleration":{"y":0,"x":0,"z":0},"position":{"y":4182799.12,"x":552489.75,"z":10.38},"volume":11.59,"type":"VEHICLE","velocity":{"y":-1.24,"x":-0.89,"z":0}},{"acceleration":{"y":-1.68,"x":-1.17,"z":0},"position":{"y":4182790.01,"x":552481.38,"z":10.48},"volume":6.96,"type":"VEHICLE","velocity":{"y":-6,"x":-4.01,"z":0}}],[{"acceleration":{"y":0.02,"x":-0.22,"z":0},"position":{"y":4182784.17,"x":552488.12,"z":10.5},"volume":48.02,"type":"VEHICLE","velocity":{"y":-6.81,"x":-6.54,"z":0}},{"acceleration":{"y":0,"x":0,"z":0},"position":{"y":4182796.35,"x":552487.41,"z":10.37},"volume":30.3,"type":"VEHICLE","velocity":{"y":-1.46,"x":-1.05,"z":0}},{"acceleration":{"y":-1.23,"x":-0.8,"z":0},"position":{"y":4182786.57,"x":552479.07,"z":10.46},"volume":6.89,"type":"VEHICLE","velocity":{"y":-6.85,"x":-4.58,"z":0}}]],"action_description":"NPC vehicle (SUV) switching lane (right to left)","ev_state":[-380.000549316406,10.1248455047607,307.797973632813,0,0,0.5,10,1,0.116020195186138,216.394454956055,0.000037642825191142,1.054604259191053],"collision_probability":0}
 timestamp= 1619791522000 [RUN] Validate G1 Guard Condition: 
The ego vehicle E Detection.Collision == True.
 timestamp= 1619791522000 [RES] Global Validate result: 
false
 timestamp= 1619791522000 [RUN] Validate G2 Guard Condition: 
The ego vehicle E Detection.OffRoad == True.
 timestamp= 1619791522000 [RES] Global Validate result: 
false
 timestamp= 1619791522000 [RUN] Validate G3 Guard Condition: 
The ego vehicle E Detection.HardBrake == True.
 timestamp= 1619791522000 [RES] Global Validate result: 
true
 timestamp= 1619791522000 [RUN] HardBrake == True
 timestamp= 1619791522000 [RUN] RESUME STEP @preStep
 timestamp= 1619791522000 [RUN] Resume step basicflow28
 timestamp= 1619791522000 [RUN] Validate G4 Guard Condition: 
The ego vehicle E Detection.ArrivalTest == True.
 timestamp= 1619791522000 [RES] Global Validate result: 
false
 timestamp= 1619791522000 [RUN] Validate step: 
The test system VALIDATES THAT the Apollo A Status.GetControl is nearly equal to {"acceleration": -1.13, "throttle": 0.0, "steering_target": 0.14, "brake": 22.64, "steering_rate": 100.0, "speed": 1.05}
 timestamp= 1619791522000 [RES] Validate result: 
true
 timestamp= 1619791522000 [RUN] Generate steps
 timestamp= 1619791522000 [RUN] Validate step: 
The test system VALIDATES THAT the simulator S Status.GetEnvironment is nearly equal to {"x": -380.0, "y": 10.12, "z": 307.8, "rain": 0.0, "fog": 0.0, "wetness": 0.5, "timeofday": 10.0, "signal": 1.0, "rx": 0.12, "ry": 216.39, "rz": 0.0, "speed": 1.05}
 timestamp= 1619791522000 [RES] Validate result: 
true
 timestamp= 1619791522000 [RUN] Execute API step: 
The environment controller C INVOKES API Control.Agents.NPCVehicle.NPCVehicleSwitchLane(which_lane=Current_Lane&which_car=BoxTruck).
 timestamp= 1619791526000 [RES] API result: 
{"pose_arr":[{"vx":-0.83,"ay":-0.85,"az":9.81,"ax":1.15,"pz":10.13,"vy":-0.83,"px":552494.77,"py":4182794.89},{"vx":-0.64,"ay":0.16,"az":9.81,"ax":-0.22,"pz":10.13,"vy":-0.64,"px":552494.43,"py":4182794.42},{"vx":-1.63,"ay":0.91,"az":9.81,"ax":-1.23,"pz":10.12,"vy":-1.63,"px":552493.85,"py":4182793.63},{"vx":-2.29,"ay":1.06,"az":9.81,"ax":-1.45,"pz":10.12,"vy":-2.29,"px":552493.11,"py":4182792.63},{"vx":-2.83,"ay":0.58,"az":9.81,"ax":-0.78,"pz":10.12,"vy":-2.83,"px":552491.8,"py":4182790.85},{"vx":-3.68,"ay":2.03,"az":9.78,"ax":-2.77,"pz":10.12,"vy":-3.68,"px":552490.29,"py":4182788.79},{"vx":-4.44,"ay":0.25,"az":9.82,"ax":-0.34,"pz":10.12,"vy":-4.44,"px":552487.97,"py":4182785.61}],"traffic_light":[1,3,3,3,3,1],"state_arr":[{"acceleration":-0.2,"throttle":0,"steering_target":0.16,"brake":14.5,"steering_rate":100,"speed":0.82},{"acceleration":0.54,"throttle":31.1,"steering_target":0.14,"brake":0,"steering_rate":100,"speed":1.31},{"acceleration":0.74,"throttle":74.79,"steering_target":0.22,"brake":0,"steering_rate":100,"speed":2.15},{"acceleration":0.91,"throttle":25.92,"steering_target":0.19,"brake":0,"steering_rate":100,"speed":3.02},{"acceleration":1.2,"throttle":29.51,"steering_target":0.16,"brake":0,"steering_rate":100,"speed":3.56},{"acceleration":1.02,"throttle":31.54,"steering_target":0.16,"brake":0,"steering_rate":100,"speed":4.33},{"acceleration":0.51,"throttle":19.13,"steering_target":0.21,"brake":0,"steering_rate":100,"speed":5.45}],"obstacle_arr":[[{"acceleration":{"y":1.67,"x":1.2,"z":0},"position":{"y":4182793.19,"x":552484.16,"z":10.38},"volume":86.51,"type":"VEHICLE","velocity":{"y":-2.27,"x":-1.81,"z":0}},{"acceleration":{"y":-0.72,"x":-0.53,"z":0},"position":{"y":4182783.3,"x":552476.63,"z":10.6},"volume":4.69,"type":"VEHICLE","velocity":{"y":-4.06,"x":-3.02,"z":0}}],[{"acceleration":{"y":3.39,"x":2.14,"z":0},"position":{"y":4182790.34,"x":552481.91,"z":10.4},"volume":87.29,"type":"VEHICLE","velocity":{"y":0.02,"x":-0.24,"z":0}},{"acceleration":{"y":0.46,"x":0.84,"z":0},"position":{"y":4182780.08,"x":552474.5,"z":10.5},"volume":5.76,"type":"VEHICLE","velocity":{"y":-3.45,"x":-2.28,"z":0}}],[{"acceleration":{"y":1.49,"x":1.15,"z":0},"position":{"y":4182788,"x":552480.22,"z":10.4},"volume":93.21,"type":"VEHICLE","velocity":{"y":1.75,"x":0.94,"z":0}},{"acceleration":{"y":0.27,"x":0.21,"z":0},"position":{"y":4182777.77,"x":552472.89,"z":10.79},"volume":3.29,"type":"VEHICLE","velocity":{"y":-3.15,"x":-2.07,"z":0}}],[{"acceleration":{"y":0.27,"x":0.27,"z":0},"position":{"y":4182785.94,"x":552478.72,"z":10.42},"volume":63.71,"type":"VEHICLE","velocity":{"y":-3.31,"x":-2.37,"z":0}},{"acceleration":{"y":1.11,"x":0.44,"z":0},"position":{"y":4182775.66,"x":552471.39,"z":10.67},"volume":4.7,"type":"VEHICLE","velocity":{"y":-2.25,"x":-1.63,"z":0}}],[{"acceleration":{"y":-2.06,"x":-1.46,"z":0},"position":{"y":4182782.02,"x":552475.91,"z":10.43},"volume":69.72,"type":"VEHICLE","velocity":{"y":-4.92,"x":-3.48,"z":0}},{"acceleration":{"y":0.06,"x":0.39,"z":0},"position":{"y":4182771.73,"x":552468.76,"z":10.53},"volume":3.4,"type":"VEHICLE","velocity":{"y":-1.98,"x":-1.17,"z":0}}],[{"acceleration":{"y":-1,"x":-0.47,"z":0},"position":{"y":4182780.26,"x":552474.46,"z":10.12},"volume":91.03,"type":"VEHICLE","velocity":{"y":-5.82,"x":-3.98,"z":0}},{"acceleration":{"y":-0.19,"x":0.03,"z":0},"position":{"y":4182769.41,"x":552467.32,"z":10.51},"volume":2.07,"type":"VEHICLE","velocity":{"y":-2.04,"x":-1.13,"z":0}}],[{"acceleration":{"y":0.17,"x":0.24,"z":0},"position":{"y":4182776.67,"x":552471.91,"z":10.39},"volume":88.62,"type":"VEHICLE","velocity":{"y":-6.04,"x":-3.98,"z":0}},{"acceleration":{"y":-0.14,"x":-0.01,"z":0},"position":{"y":4182766.95,"x":552465.48,"z":10.57},"volume":1.92,"type":"VEHICLE","velocity":{"y":-2.2,"x":-1.1,"z":0}}]],"action_description":"NPC vehicle (BoxTruck) switching lane (current to right)","ev_state":[-386.921295166016,10.1243572235107,298.349151611328,0,0,0.5,10,1,359.966125488281,216.104690551758,-0.00321447290480137,5.5132125755195585],"collision_probability":0}
 timestamp= 1619791526000 [RUN] Validate G1 Guard Condition: 
The ego vehicle E Detection.Collision == True.
 timestamp= 1619791526000 [RES] Global Validate result: 
false
 timestamp= 1619791526000 [RUN] Validate G2 Guard Condition: 
The ego vehicle E Detection.OffRoad == True.
 timestamp= 1619791526000 [RES] Global Validate result: 
false
 timestamp= 1619791526000 [RUN] Validate G3 Guard Condition: 
The ego vehicle E Detection.HardBrake == True.
 timestamp= 1619791526000 [RES] Global Validate result: 
false
 timestamp= 1619791526000 [RUN] Validate G4 Guard Condition: 
The ego vehicle E Detection.ArrivalTest == True.
 timestamp= 1619791526000 [RES] Global Validate result: 
false
 timestamp= 1619791526000 [RUN] Validate step: 
The test system VALIDATES THAT the Apollo A Status.GetControl is nearly equal to {"acceleration": 0.51, "throttle": 19.13, "steering_target": 0.21, "brake": 0.0, "steering_rate": 100.0, "speed": 5.45}
 timestamp= 1619791526000 [RES] Validate result: 
true
 timestamp= 1619791526000 [RUN] Generate steps
 timestamp= 1619791526000 [RUN] Validate step: 
The test system VALIDATES THAT the simulator S Status.GetEnvironment is nearly equal to {"x": -386.92, "y": 10.12, "z": 298.35, "rain": 0.0, "fog": 0.0, "wetness": 0.5, "timeofday": 10.0, "signal": 1.0, "rx": 359.97, "ry": 216.1, "rz": -0.0, "speed": 5.51}
 timestamp= 1619791526000 [RES] Validate result: 
true
 timestamp= 1619791526000 [RUN] Execute API step: 
The environment controller C INVOKES API Control.Agents.NPCVehicle.NPCVehicleSwitchLane(which_lane=Current_Lane&which_car=Sedan).
 timestamp= 1619791530000 [RES] API result: 
{"pose_arr":[{"vx":-4.84,"ay":1.06,"az":9.79,"ax":-1.45,"pz":10.12,"vy":-4.84,"px":552486.94,"py":4182784.21},{"vx":-5.53,"ay":0.14,"az":9.82,"ax":-0.2,"pz":10.12,"vy":-5.53,"px":552484.41,"py":4182780.71},{"vx":-4.37,"ay":-2.11,"az":9.83,"ax":2.9,"pz":10.13,"vy":-4.37,"px":552482.6,"py":4182778.2},{"vx":-2.69,"ay":-2.37,"az":9.81,"ax":3.3,"pz":10.13,"vy":-2.69,"px":552481.33,"py":4182776.45},{"vx":-0.92,"ay":-1.17,"az":9.81,"ax":1.75,"pz":10.13,"vy":-0.92,"px":552480.45,"py":4182775.19},{"vx":-0.09,"ay":-0.68,"az":9.81,"ax":1,"pz":10.13,"vy":-0.09,"px":552480.27,"py":4182774.93},{"vx":0,"ay":0,"az":9.81,"ax":0,"pz":10.12,"vy":0,"px":552480.26,"py":4182774.93}],"traffic_light":[1,1,1,1,1,1],"state_arr":[{"acceleration":1.37,"throttle":74.57,"steering_target":0.32,"brake":0,"steering_rate":100,"speed":5.71},{"acceleration":-1.58,"throttle":0,"steering_target":0.16,"brake":25.38,"steering_rate":100,"speed":6.75},{"acceleration":-3.9,"throttle":0,"steering_target":0.34,"brake":46.75,"steering_rate":100,"speed":6.43},{"acceleration":-3.85,"throttle":0,"steering_target":0.44,"brake":46.42,"steering_rate":100,"speed":3.87},{"acceleration":-2.68,"throttle":0,"steering_target":5.34,"brake":37.44,"steering_rate":100,"speed":2.06},{"acceleration":-1.65,"throttle":0,"steering_target":1.22,"brake":28.39,"steering_rate":100,"speed":0.58},{"acceleration":-0.66,"throttle":0,"steering_target":0.19,"brake":36.17,"steering_rate":100,"speed":0},{"acceleration":0.16,"throttle":15.7,"steering_target":0.19,"brake":0,"steering_rate":100,"speed":0}],"obstacle_arr":[[{"acceleration":{"y":0.43,"x":0.23,"z":0},"position":{"y":4182774.99,"x":552470.78,"z":10.55},"volume":80.46,"type":"VEHICLE","velocity":{"y":-5.86,"x":-3.85,"z":0}},{"acceleration":{"y":-0.24,"x":-0.22,"z":0},"position":{"y":4182764.81,"x":552463.9,"z":10.52},"volume":2.01,"type":"VEHICLE","velocity":{"y":-2.32,"x":-1.19,"z":0}}],[{"acceleration":{"y":0.47,"x":0.23,"z":0},"position":{"y":4182772.46,"x":552469.11,"z":10.45},"volume":68.15,"type":"VEHICLE","velocity":{"y":-5.53,"x":-3.68,"z":0}},{"acceleration":{"y":-0.61,"x":-0.42,"z":0},"position":{"y":4182762.01,"x":552461.78,"z":10.56},"volume":3.52,"type":"VEHICLE","velocity":{"y":-2.64,"x":-1.43,"z":0}},{"acceleration":{"y":0,"x":0,"z":0},"position":{"y":4182768.67,"x":552475.53,"z":10.45},"volume":6.25,"type":"VEHICLE","velocity":{"y":0,"x":0,"z":0}}],[{"acceleration":{"y":0.36,"x":0.17,"z":0},"position":{"y":4182770.06,"x":552467.43,"z":10.38},"volume":78.26,"type":"VEHICLE","velocity":{"y":-5.25,"x":-3.55,"z":0}},{"acceleration":{"y":-0.79,"x":-0.48,"z":0},"position":{"y":4182759.79,"x":552460.67,"z":10.56},"volume":1.98,"type":"VEHICLE","velocity":{"y":-3.14,"x":-1.75,"z":0}},{"acceleration":{"y":0,"x":0,"z":0},"position":{"y":4182767.41,"x":552474.93,"z":10.41},"volume":6.42,"type":"VEHICLE","velocity":{"y":0,"x":0,"z":0}}],[{"acceleration":{"y":0.25,"x":0.14,"z":0},"position":{"y":4182766.47,"x":552464.76,"z":10.59},"volume":58.34,"type":"VEHICLE","velocity":{"y":-4.97,"x":-3.4,"z":0}},{"acceleration":{"y":-0.67,"x":-0.36,"z":0},"position":{"y":4182756.48,"x":552457.9,"z":10.51},"volume":5.68,"type":"VEHICLE","velocity":{"y":-3.78,"x":-2.16,"z":0}},{"acceleration":{"y":-2.23,"x":-0.5,"z":0},"position":{"y":4182763.2,"x":552473.44,"z":10.5},"volume":6.03,"type":"VEHICLE","velocity":{"y":-2.32,"x":-0.71,"z":0}}],[{"acceleration":{"y":0.15,"x":0.17,"z":0},"position":{"y":4182763.52,"x":552462.94,"z":10.46},"volume":48.74,"type":"VEHICLE","velocity":{"y":-4.78,"x":-3.27,"z":0}},{"acceleration":{"y":-0.42,"x":-0.19,"z":0},"position":{"y":4182753.46,"x":552456.22,"z":10.49},"volume":3.16,"type":"VEHICLE","velocity":{"y":-4.12,"x":-2.33,"z":0}},{"acceleration":{"y":-3.54,"x":-1.21,"z":0},"position":{"y":4182760.57,"x":552472.55,"z":10.49},"volume":3.88,"type":"VEHICLE","velocity":{"y":-4.31,"x":-1.44,"z":0}}],[{"acceleration":{"y":0.06,"x":0.16,"z":0},"position":{"y":4182761.32,"x":552461.42,"z":10.62},"volume":41.17,"type":"VEHICLE","velocity":{"y":-4.68,"x":-3.12,"z":0}},{"acceleration":{"y":-0.33,"x":-0.14,"z":0},"position":{"y":4182750.8,"x":552454.44,"z":11.02},"volume":2.15,"type":"VEHICLE","velocity":{"y":-4.37,"x":-2.44,"z":0}},{"acceleration":{"y":-2.27,"x":-1.26,"z":0},"position":{"y":4182757.87,"x":552471.85,"z":10.55},"volume":1.62,"type":"VEHICLE","velocity":{"y":-5.78,"x":-2.4,"z":0}}],[{"acceleration":{"y":0.07,"x":0.08,"z":0},"position":{"y":4182758.43,"x":552459.43,"z":10.52},"volume":54.96,"type":"VEHICLE","velocity":{"y":-4.61,"x":-3.01,"z":0}},{"acceleration":{"y":-0.22,"x":-0.14,"z":0},"position":{"y":4182749.29,"x":552453.64,"z":11.02},"volume":0.29,"type":"VEHICLE","velocity":{"y":-4.51,"x":-2.54,"z":0}},{"acceleration":{"y":-0.07,"x":-1.51,"z":0},"position":{"y":4182755.58,"x":552470.81,"z":10.8},"volume":1.87,"type":"VEHICLE","velocity":{"y":-6.36,"x":-3.88,"z":0}}]],"action_description":"NPC vehicle (Sedan) switching lane (current to right)","ev_state":[-394.484588623047,10.1248054504395,287.794982910156,0,0,0.5,10,0,0.00151990877930075,214.489471435547,0.000044067928683944,0.00009969292087704247],"collision_probability":0}
 timestamp= 1619791530000 [RUN] Validate G1 Guard Condition: 
The ego vehicle E Detection.Collision == True.
 timestamp= 1619791530000 [RES] Global Validate result: 
false
 timestamp= 1619791530000 [RUN] Validate G2 Guard Condition: 
The ego vehicle E Detection.OffRoad == True.
 timestamp= 1619791530000 [RES] Global Validate result: 
false
 timestamp= 1619791530000 [RUN] Validate G3 Guard Condition: 
The ego vehicle E Detection.HardBrake == True.
 timestamp= 1619791530000 [RES] Global Validate result: 
true
 timestamp= 1619791530000 [RUN] HardBrake == True
 timestamp= 1619791530000 [RUN] RESUME STEP @preStep
 timestamp= 1619791530000 [RUN] Resume step basicflow34
 timestamp= 1619791530000 [RUN] Validate G4 Guard Condition: 
The ego vehicle E Detection.ArrivalTest == True.
 timestamp= 1619791530000 [RES] Global Validate result: 
false
 timestamp= 1619791530000 [RUN] Validate step: 
The test system VALIDATES THAT the Apollo A Status.GetControl is nearly equal to {"acceleration": 0.16, "throttle": 15.7, "steering_target": 0.19, "brake": 0.0, "steering_rate": 100.0, "speed": 0.0}
 timestamp= 1619791530000 [RES] Validate result: 
true
 timestamp= 1619791530000 [RUN] Generate steps
 timestamp= 1619791530000 [RUN] Validate step: 
The test system VALIDATES THAT the simulator S Status.GetEnvironment is nearly equal to {"x": -394.48, "y": 10.12, "z": 287.79, "rain": 0.0, "fog": 0.0, "wetness": 0.5, "timeofday": 10.0, "signal": 0.0, "rx": 0.0, "ry": 214.49, "rz": 0.0, "speed": 0.0}
 timestamp= 1619791530000 [RES] Validate result: 
true
 timestamp= 1619791530000 [RUN] Execute API step: 
The environment controller C INVOKES API Control.Agents.NPCVehicle.NPCVehicleSwitchLane(which_lane=Right_Lane&which_car=BoxTruck).
 timestamp= 1619791533000 [RES] API result: 
{"pose_arr":[{"vx":-0.9,"ay":1.81,"az":9.81,"ax":-2.63,"pz":10.12,"vy":-0.9,"px":552480.16,"py":4182774.77},{"vx":-2.02,"ay":1.19,"az":9.81,"ax":-1.77,"pz":10.12,"vy":-2.02,"px":552479.56,"py":4182773.9},{"vx":-2.89,"ay":1.07,"az":9.79,"ax":-1.53,"pz":10.12,"vy":-2.89,"px":552478.75,"py":4182772.7},{"vx":-3.15,"ay":0.52,"az":9.8,"ax":-0.77,"pz":10.12,"vy":-3.15,"px":552477.28,"py":4182770.5},{"vx":-3.53,"ay":0.29,"az":9.81,"ax":-0.44,"pz":10.12,"vy":-3.53,"px":552475.81,"py":4182768.31},{"vx":-4.68,"ay":1.34,"az":9.8,"ax":-2,"pz":10.12,"vy":-4.68,"px":552474.3,"py":4182766.07}],"traffic_light":[1,1,3,3,3,3,3],"state_arr":[{"acceleration":1,"throttle":60.96,"steering_target":1.34,"brake":0,"steering_rate":100,"speed":0.8},{"acceleration":0.29,"throttle":15.7,"steering_target":2.14,"brake":0,"steering_rate":100,"speed":2.44},{"acceleration":0.07,"throttle":15.7,"steering_target":0.55,"brake":0,"steering_rate":100,"speed":3.5},{"acceleration":0.89,"throttle":25.46,"steering_target":-0.5,"brake":0,"steering_rate":100,"speed":3.64},{"acceleration":0.62,"throttle":21.1,"steering_target":-0.33,"brake":0,"steering_rate":100,"speed":4.08},{"acceleration":1.34,"throttle":81.13,"steering_target":0.08,"brake":0,"steering_rate":100,"speed":4.74},{"acceleration":0.54,"throttle":19.9,"steering_target":-0.04,"brake":0,"steering_rate":100,"speed":6}],"obstacle_arr":[[{"acceleration":{"y":1.11,"x":-0.2,"z":0},"position":{"y":4182754.68,"x":552470.5,"z":10.68},"volume":2.43,"type":"VEHICLE","velocity":{"y":-6.13,"x":-4.16,"z":0}}],[{"acceleration":{"y":4.4,"x":2.11,"z":0},"position":{"y":4182753.59,"x":552469.76,"z":10.62},"volume":2.26,"type":"VEHICLE","velocity":{"y":0,"x":0,"z":0}}],[{"acceleration":{"y":0.55,"x":0.24,"z":0},"position":{"y":4182751.79,"x":552468.67,"z":10.47},"volume":0.47,"type":"VEHICLE","velocity":{"y":0,"x":0,"z":0}}],[{"acceleration":{"y":-2.53,"x":-1.33,"z":0},"position":{"y":4182748.13,"x":552466.33,"z":10.95},"volume":0.94,"type":"VEHICLE","velocity":{"y":-1.45,"x":-0.79,"z":0}}],[{"acceleration":{"y":-1.99,"x":-1.23,"z":0},"position":{"y":4182745.62,"x":552464.77,"z":10.88},"volume":0.93,"type":"VEHICLE","velocity":{"y":-2.56,"x":-1.51,"z":0}}],[{"acceleration":{"y":-2.64,"x":-1.68,"z":0},"position":{"y":4182743.06,"x":552463.11,"z":10.81},"volume":1.05,"type":"VEHICLE","velocity":{"y":-4.3,"x":-2.58,"z":0}}],[{"acceleration":{"y":-2.27,"x":-1.42,"z":0},"position":{"y":4182740.77,"x":552461.67,"z":10.86},"volume":1.47,"type":"VEHICLE","velocity":{"y":-5.84,"x":-3.57,"z":0}}]],"action_description":"NPC vehicle (BoxTruck) switching lane (right to left)","ev_state":[-402.435668945313,10.1242637634277,275.97021484375,0,0,0.5,10,-1,359.960601806641,213.978256225586,0.00112825888209045,6.109356551815811],"collision_probability":0}
 timestamp= 1619791533000 [RUN] Validate G1 Guard Condition: 
The ego vehicle E Detection.Collision == True.
 timestamp= 1619791533000 [RES] Global Validate result: 
false
 timestamp= 1619791533000 [RUN] Validate G2 Guard Condition: 
The ego vehicle E Detection.OffRoad == True.
 timestamp= 1619791533000 [RES] Global Validate result: 
false
 timestamp= 1619791533000 [RUN] Validate G3 Guard Condition: 
The ego vehicle E Detection.HardBrake == True.
 timestamp= 1619791534000 [RES] Global Validate result: 
false
 timestamp= 1619791534000 [RUN] Validate G4 Guard Condition: 
The ego vehicle E Detection.ArrivalTest == True.
 timestamp= 1619791534000 [RES] Global Validate result: 
false
 timestamp= 1619791534000 [RUN] Validate step: 
The test system VALIDATES THAT the Apollo A Status.GetControl is nearly equal to {"acceleration": 0.54, "throttle": 19.9, "steering_target": -0.04, "brake": 0.0, "steering_rate": 100.0, "speed": 6.0}
 timestamp= 1619791534000 [RES] Validate result: 
true
 timestamp= 1619791534000 [RUN] Generate steps
 timestamp= 1619791534000 [RUN] Validate step: 
The test system VALIDATES THAT the simulator S Status.GetEnvironment is nearly equal to {"x": -402.44, "y": 10.12, "z": 275.97, "rain": 0.0, "fog": 0.0, "wetness": 0.5, "timeofday": 10.0, "signal": -1.0, "rx": 359.96, "ry": 213.98, "rz": 0.0, "speed": 6.11}
 timestamp= 1619791534000 [RES] Validate result: 
true
 timestamp= 1619791534000 [RUN] Execute API step: 
The environment controller C INVOKES API Control.Agents.NPCVehicle.NPCVehicleSwitchLane(which_lane=Current_Lane&which_car=Hatchback).
 timestamp= 1619791537000 [RES] API result: 
{"pose_arr":[{"vx":-5.06,"ay":0.2,"az":9.82,"ax":-0.3,"pz":10.12,"vy":-5.06,"px":552472.32,"py":4182763.13},{"vx":-5.23,"ay":0.14,"az":9.81,"ax":-0.21,"pz":10.12,"vy":-5.23,"px":552470.69,"py":4182760.71},{"vx":-5.29,"ay":-0.69,"az":9.86,"ax":1.03,"pz":10.12,"vy":-5.29,"px":552468.46,"py":4182757.39},{"vx":-4.28,"ay":-1.83,"az":9.84,"ax":2.76,"pz":10.13,"vy":-4.28,"px":552466.43,"py":4182754.34},{"vx":-2.13,"ay":-2.18,"az":9.81,"ax":2.47,"pz":10.13,"vy":-2.13,"px":552465.02,"py":4182752.27},{"vx":-1.22,"ay":-1.24,"az":9.81,"ax":1.49,"pz":10.13,"vy":-1.22,"px":552464.21,"py":4182751.31},{"vx":-0.63,"ay":-0.87,"az":9.81,"ax":0.75,"pz":10.13,"vy":-0.63,"px":552463.82,"py":4182750.86}],"traffic_light":[3,3,3,0,0,3],"state_arr":[{"acceleration":0.95,"throttle":15.7,"steering_target":0.17,"brake":0,"steering_rate":100,"speed":6.11},{"acceleration":1.04,"throttle":18.72,"steering_target":0.28,"brake":0,"steering_rate":100,"speed":6.31},{"acceleration":-1.6,"throttle":0,"steering_target":0.4,"brake":25.57,"steering_rate":100,"speed":6.46},{"acceleration":-3.66,"throttle":0,"steering_target":0.46,"brake":44.76,"steering_rate":100,"speed":5.35},{"acceleration":-3.05,"throttle":0,"steering_target":-49,"brake":40.46,"steering_rate":100,"speed":3.6},{"acceleration":-2.07,"throttle":0,"steering_target":8.34,"brake":32.13,"steering_rate":100,"speed":2.11},{"acceleration":-1.1,"throttle":0,"steering_target":-2.43,"brake":22.28,"steering_rate":100,"speed":0.98},{"acceleration":-0.16,"throttle":0,"steering_target":0.6,"brake":14.5,"steering_rate":100,"speed":0.6}],"obstacle_arr":[[{"acceleration":{"y":-1.33,"x":-0.94,"z":0},"position":{"y":4182738.63,"x":552460.37,"z":10.81},"volume":1.27,"type":"VEHICLE","velocity":{"y":-6.93,"x":-4.29,"z":0}}],[{"acceleration":{"y":-0.54,"x":-0.4,"z":0},"position":{"y":4182734.83,"x":552457.82,"z":10.81},"volume":1.58,"type":"VEHICLE","velocity":{"y":-7.38,"x":-4.64,"z":0}},{"acceleration":{"y":0,"x":0,"z":0},"position":{"y":4182745.57,"x":552460.31,"z":10.52},"volume":4.6,"type":"VEHICLE","velocity":{"y":0,"x":0,"z":0}}],[{"acceleration":{"y":-0.34,"x":-0.27,"z":0},"position":{"y":4182733.05,"x":552456.71,"z":10.76},"volume":2.99,"type":"VEHICLE","velocity":{"y":-7.5,"x":-4.76,"z":0}},{"acceleration":{"y":0,"x":0,"z":0},"position":{"y":4182745.14,"x":552460.34,"z":10.43},"volume":5.79,"type":"VEHICLE","velocity":{"y":0,"x":0,"z":0}}],[{"acceleration":{"y":-0.2,"x":-0.08,"z":0},"position":{"y":4182729.83,"x":552455.28,"z":10.88},"volume":0,"type":"VEHICLE","velocity":{"y":-7.48,"x":-4.74,"z":0}},{"acceleration":{"y":0,"x":0,"z":0},"position":{"y":4182740.58,"x":552458.92,"z":10.43},"volume":4.42,"type":"VEHICLE","velocity":{"y":0,"x":0,"z":0}}],[{"acceleration":{"y":-3.11,"x":-1.04,"z":0},"position":{"y":4182737.57,"x":552457.9,"z":10.62},"volume":4.41,"type":"VEHICLE","velocity":{"y":-2.15,"x":-0.6,"z":0}}],[{"acceleration":{"y":-2.33,"x":-1.05,"z":0},"position":{"y":4182735.7,"x":552457.44,"z":10.75},"volume":0.48,"type":"VEHICLE","velocity":{"y":-3.88,"x":-1.31,"z":0}},{"acceleration":{"y":-0.01,"x":0,"z":0},"position":{"y":4182723.11,"x":552450.86,"z":10.56},"volume":2.76,"type":"VEHICLE","velocity":{"y":0,"x":0,"z":0}}],[{"acceleration":{"y":0.13,"x":0.3,"z":0},"position":{"y":4182733.8,"x":552456.72,"z":10.64},"volume":2.23,"type":"VEHICLE","velocity":{"y":-2.15,"x":-0.77,"z":0}},{"acceleration":{"y":0,"x":0,"z":0},"position":{"y":4182721.06,"x":552449.4,"z":10.45},"volume":0.94,"type":"VEHICLE","velocity":{"y":0,"x":0,"z":0}}]],"action_description":"NPC vehicle (Hatchback) switching lane (current to right)","ev_state":[-411.293518066406,10.1247978210449,263.533020019531,0,0,0.5,10,-1,0.0322748646140099,220.828430175781,-0.00117226387374103,0.49777831402724926],"collision_probability":0}
 timestamp= 1619791537000 [RUN] Validate G1 Guard Condition: 
The ego vehicle E Detection.Collision == True.
 timestamp= 1619791537000 [RES] Global Validate result: 
false
 timestamp= 1619791537000 [RUN] Validate G2 Guard Condition: 
The ego vehicle E Detection.OffRoad == True.
 timestamp= 1619791537000 [RES] Global Validate result: 
false
 timestamp= 1619791537000 [RUN] Validate G3 Guard Condition: 
The ego vehicle E Detection.HardBrake == True.
 timestamp= 1619791537000 [RES] Global Validate result: 
true
 timestamp= 1619791537000 [RUN] HardBrake == True
 timestamp= 1619791537000 [RUN] RESUME STEP @preStep
 timestamp= 1619791537000 [RUN] Resume step basicflow40
 timestamp= 1619791537000 [RUN] Validate G4 Guard Condition: 
The ego vehicle E Detection.ArrivalTest == True.
 timestamp= 1619791538000 [RES] Global Validate result: 
false
 timestamp= 1619791538000 [RUN] Validate step: 
The test system VALIDATES THAT the Apollo A Status.GetControl is nearly equal to {"acceleration": -0.16, "throttle": 0.0, "steering_target": 0.6, "brake": 14.5, "steering_rate": 100.0, "speed": 0.6}
 timestamp= 1619791538000 [RES] Validate result: 
true
 timestamp= 1619791538000 [RUN] Generate steps
 timestamp= 1619791538000 [RUN] Validate step: 
The test system VALIDATES THAT the simulator S Status.GetEnvironment is nearly equal to {"x": -411.29, "y": 10.12, "z": 263.53, "rain": 0.0, "fog": 0.0, "wetness": 0.5, "timeofday": 10.0, "signal": -1.0, "rx": 0.03, "ry": 220.83, "rz": -0.0, "speed": 0.5}
 timestamp= 1619791538000 [RES] Validate result: 
true
 timestamp= 1619791538000 [RUN] Execute API step: 
The environment controller C INVOKES API Control.Agents.NPCVehicle.NPCVehicleMaintainLane(which_lane=Current_Lane&which_car=Sedan).
 timestamp= 1619791542000 [RES] API result: 
{"pose_arr":[{"vx":-0.41,"ay":-0.3,"az":9.81,"ax":0.34,"pz":10.13,"vy":-0.41,"px":552463.61,"py":4182750.61},{"vx":-1.46,"ay":1.35,"az":9.81,"ax":-2.03,"pz":10.12,"vy":-1.46,"px":552463.25,"py":4182750.2},{"vx":-1.66,"ay":-0.32,"az":9.82,"ax":0.81,"pz":10.12,"vy":-1.66,"px":552462.47,"py":4182749.27},{"vx":-1.5,"ay":11.47,"az":9.81,"ax":1.4,"pz":10.13,"vy":-1.5,"px":552461.93,"py":4182748.54},{"vx":-2.51,"ay":1.6,"az":9.8,"ax":-2.34,"pz":10.12,"vy":-2.51,"px":552461.16,"py":4182747.32},{"vx":-3.03,"ay":0.49,"az":9.82,"ax":-0.74,"pz":10.12,"vy":-3.03,"px":552460.1,"py":4182745.73},{"vx":-3.7,"ay":0.29,"az":9.82,"ax":-0.45,"pz":10.12,"vy":-3.7,"px":552458.51,"py":4182743.4},{"vx":-3.86,"ay":0.17,"az":9.81,"ax":-0.21,"pz":10.12,"vy":-3.86,"px":552457.22,"py":4182741.46}],"traffic_light":[0,3,0,3,3,3],"state_arr":[{"acceleration":0.93,"throttle":62.13,"steering_target":1.58,"brake":0,"steering_rate":100,"speed":0.5},{"acceleration":-0.85,"throttle":0,"steering_target":12.09,"brake":19.23,"steering_rate":100,"speed":2.23},{"acceleration":0.42,"throttle":38.55,"steering_target":56.71,"brake":0,"steering_rate":100,"speed":1.91},{"acceleration":1.26,"throttle":50.59,"steering_target":-0.55,"brake":0,"steering_rate":100,"speed":1.59},{"acceleration":1.1,"throttle":29.33,"steering_target":-6.83,"brake":0,"steering_rate":100,"speed":3.03},{"acceleration":0.86,"throttle":28.04,"steering_target":-0.03,"brake":0,"steering_rate":100,"speed":3.63},{"acceleration":0.61,"throttle":20.91,"steering_target":2.3,"brake":0,"steering_rate":100,"speed":4.17},{"acceleration":0.34,"throttle":15.7,"steering_target":1.18,"brake":0,"steering_rate":100,"speed":4.57}],"obstacle_arr":[[{"acceleration":{"y":0.06,"x":0.32,"z":0},"position":{"y":4182732.23,"x":552455.93,"z":10.48},"volume":3.8,"type":"VEHICLE","velocity":{"y":-2.31,"x":-0.87,"z":0}},{"acceleration":{"y":-0.01,"x":0,"z":0},"position":{"y":4182719.7,"x":552448.69,"z":11.05},"volume":0.01,"type":"VEHICLE","velocity":{"y":0,"x":0,"z":0}}],[{"acceleration":{"y":0.47,"x":-0.54,"z":0},"position":{"y":4182730.63,"x":552454.88,"z":10.44},"volume":3.05,"type":"VEHICLE","velocity":{"y":-1.96,"x":-1.23,"z":0}},{"acceleration":{"y":0,"x":0,"z":0},"position":{"y":4182717,"x":552446.79,"z":11.09},"volume":0.02,"type":"VEHICLE","velocity":{"y":0,"x":0,"z":0}},{"acceleration":{"y":0,"x":0,"z":0},"position":{"y":4182742.39,"x":552455.99,"z":10.47},"volume":5.45,"type":"VEHICLE","velocity":{"y":0,"x":0,"z":0}}],[{"acceleration":{"y":-0.51,"x":-1.16,"z":0},"position":{"y":4182728.52,"x":552452.58,"z":10.67},"volume":2.76,"type":"VEHICLE","velocity":{"y":-1.94,"x":-1.9,"z":0}},{"acceleration":{"y":0,"x":0,"z":0},"position":{"y":4182741.76,"x":552454.77,"z":10.67},"volume":1.4,"type":"VEHICLE","velocity":{"y":-0.98,"x":-1.22,"z":0}}],[{"acceleration":{"y":-0.15,"x":0.66,"z":0},"position":{"y":4182726.8,"x":552452.98,"z":10.45},"volume":0.25,"type":"VEHICLE","velocity":{"y":-2.04,"x":-1.32,"z":0}},{"acceleration":{"y":-1.19,"x":-0.97,"z":0},"position":{"y":4182739.81,"x":552453.54,"z":10.54},"volume":2.8,"type":"VEHICLE","velocity":{"y":-1.97,"x":-2.14,"z":0}}],[{"acceleration":{"y":-0.22,"x":0.51,"z":0},"position":{"y":4182723.68,"x":552451.36,"z":10.39},"volume":3.49,"type":"VEHICLE","velocity":{"y":-2.5,"x":-1.17,"z":0}},{"acceleration":{"y":-1.31,"x":-0.93,"z":0},"position":{"y":4182738.29,"x":552452.27,"z":10.53},"volume":1.82,"type":"VEHICLE","velocity":{"y":-2.7,"x":-2.7,"z":0}}],[{"acceleration":{"y":-0.68,"x":-1.09,"z":0},"position":{"y":4182721.41,"x":552449.71,"z":10.75},"volume":2.35,"type":"VEHICLE","velocity":{"y":-2.85,"x":-2.01,"z":0}},{"acceleration":{"y":-1.29,"x":-0.5,"z":0},"position":{"y":4182737.06,"x":552450.64,"z":10.57},"volume":2.26,"type":"VEHICLE","velocity":{"y":-3.46,"x":-3.09,"z":0}}],[{"acceleration":{"y":-0.68,"x":0.63,"z":0},"position":{"y":4182718.37,"x":552447.71,"z":10.83},"volume":0.32,"type":"VEHICLE","velocity":{"y":-3.26,"x":-1.61,"z":0}},{"acceleration":{"y":-0.7,"x":-0.11,"z":0},"position":{"y":4182733.66,"x":552448.36,"z":10.43},"volume":5.23,"type":"VEHICLE","velocity":{"y":-4.24,"x":-3.31,"z":0}}]],"action_description":"NPC vehicle (Sedan) driving on the current lane","ev_state":[-417.757690429688,10.1244974136353,253.921813964844,0,0,0.5,10,-1,359.981964111328,213.196060180664,359.981475830078,4.628250515547169],"collision_probability":0}
 timestamp= 1619791542000 [RUN] Validate G1 Guard Condition: 
The ego vehicle E Detection.Collision == True.
 timestamp= 1619791542000 [RES] Global Validate result: 
false
 timestamp= 1619791542000 [RUN] Validate G2 Guard Condition: 
The ego vehicle E Detection.OffRoad == True.
 timestamp= 1619791542000 [RES] Global Validate result: 
false
 timestamp= 1619791542000 [RUN] Validate G3 Guard Condition: 
The ego vehicle E Detection.HardBrake == True.
 timestamp= 1619791542000 [RES] Global Validate result: 
false
 timestamp= 1619791542000 [RUN] Validate G4 Guard Condition: 
The ego vehicle E Detection.ArrivalTest == True.
 timestamp= 1619791542000 [RES] Global Validate result: 
false
 timestamp= 1619791542000 [RUN] Validate step: 
The test system VALIDATES THAT the Apollo A Status.GetControl is nearly equal to {"acceleration": 0.34, "throttle": 15.7, "steering_target": 1.18, "brake": 0.0, "steering_rate": 100.0, "speed": 4.57}
 timestamp= 1619791542000 [RES] Validate result: 
true
 timestamp= 1619791542000 [RUN] Generate steps
 timestamp= 1619791542000 [RUN] Validate step: 
The test system VALIDATES THAT the simulator S Status.GetEnvironment is nearly equal to {"x": -417.76, "y": 10.12, "z": 253.92, "rain": 0.0, "fog": 0.0, "wetness": 0.5, "timeofday": 10.0, "signal": -1.0, "rx": 359.98, "ry": 213.2, "rz": 359.98, "speed": 4.63}
 timestamp= 1619791542000 [RES] Validate result: 
true
 timestamp= 1619791542000 [RUN] Execute API step: 
The environment controller C INVOKES API Control.Agents.NPCVehicle.NPCVehicleSwitchLane(which_lane=Right_Lane&which_car=SUV).
 timestamp= 1619791546000 [RES] API result: 
{"pose_arr":[{"vx":-4.02,"ay":0.21,"az":9.81,"ax":-0.32,"pz":10.12,"vy":-4.02,"px":552455.95,"py":4182739.51},{"vx":-4.19,"ay":0.15,"az":9.81,"ax":-0.23,"pz":10.12,"vy":-4.19,"px":552454.5,"py":4182737.26},{"vx":-4.3,"ay":0.15,"az":9.81,"ax":-0.22,"pz":10.12,"vy":-4.3,"px":552453.28,"py":4182735.35},{"vx":-4.19,"ay":-0.28,"az":9.81,"ax":0.46,"pz":10.13,"vy":-4.19,"px":552451.78,"py":4182732.95},{"vx":-3.99,"ay":-0.28,"az":9.81,"ax":0.46,"pz":10.13,"vy":-3.99,"px":552450.64,"py":4182731.11},{"vx":-3.97,"ay":-0.28,"az":9.82,"ax":0.46,"pz":10.12,"vy":-3.97,"px":552449.34,"py":4182729},{"vx":-3.73,"ay":-0.27,"az":9.81,"ax":0.45,"pz":10.13,"vy":-3.73,"px":552448.08,"py":4182726.93},{"vx":-3.51,"ay":-0.27,"az":9.81,"ax":0.45,"pz":10.13,"vy":-3.51,"px":552446.99,"py":4182725.14}],"traffic_light":[3,3,3,3,3,3,3],"state_arr":[{"acceleration":0.58,"throttle":19.75,"steering_target":0.9,"brake":0,"steering_rate":100,"speed":4.63},{"acceleration":0.41,"throttle":17.29,"steering_target":1.18,"brake":0,"steering_rate":100,"speed":4.82},{"acceleration":0.25,"throttle":15.7,"steering_target":1.09,"brake":0,"steering_rate":100,"speed":4.98},{"acceleration":-0.07,"throttle":0,"steering_target":0.8,"brake":14.5,"steering_rate":100,"speed":5.11},{"acceleration":-0.02,"throttle":0,"steering_target":0.65,"brake":14.5,"steering_rate":100,"speed":4.91},{"acceleration":0.09,"throttle":15.7,"steering_target":0.72,"brake":0,"steering_rate":100,"speed":4.64},{"acceleration":-0.18,"throttle":0,"steering_target":0.55,"brake":14.5,"steering_rate":100,"speed":4.61},{"acceleration":-0.26,"throttle":0,"steering_target":0.5,"brake":14.5,"steering_rate":100,"speed":4.34},{"acceleration":-0.32,"throttle":0,"steering_target":0.47,"brake":14.5,"steering_rate":100,"speed":4.08}],"obstacle_arr":[[{"acceleration":{"y":-0.69,"x":-0.5,"z":0},"position":{"y":4182714.59,"x":552445.66,"z":10.63},"volume":3.42,"type":"VEHICLE","velocity":{"y":-3.55,"x":-1.75,"z":0}},{"acceleration":{"y":-0.3,"x":0.12,"z":0},"position":{"y":4182732.28,"x":552447.48,"z":10.37},"volume":4.55,"type":"VEHICLE","velocity":{"y":-4.42,"x":-3.29,"z":0}}],[{"acceleration":{"y":-0.38,"x":-0.84,"z":0},"position":{"y":4182712.33,"x":552444.17,"z":10.66},"volume":1.55,"type":"VEHICLE","velocity":{"y":-3.89,"x":-2.25,"z":0}},{"acceleration":{"y":-0.02,"x":0.26,"z":0},"position":{"y":4182729.22,"x":552445.59,"z":10.4},"volume":6.2,"type":"VEHICLE","velocity":{"y":-4.44,"x":-3.09,"z":0}},{"acceleration":{"y":0,"x":0,"z":0},"position":{"y":4182727.85,"x":552438.85,"z":10.44},"volume":6.42,"type":"VEHICLE","velocity":{"y":0,"x":0,"z":0}}],[{"acceleration":{"y":0.03,"x":0.25,"z":0},"position":{"y":4182727.19,"x":552444.4,"z":10.42},"volume":5.92,"type":"VEHICLE","velocity":{"y":-4.36,"x":-2.89,"z":0}},{"acceleration":{"y":-0.09,"x":-0.04,"z":0},"position":{"y":4182726.77,"x":552438.14,"z":10.47},"volume":7.85,"type":"VEHICLE","velocity":{"y":-2.05,"x":-1.14,"z":0}}],[{"acceleration":{"y":-0.03,"x":0.18,"z":0},"position":{"y":4182725.45,"x":552443.42,"z":10.39},"volume":4,"type":"VEHICLE","velocity":{"y":-4.25,"x":-2.68,"z":0}},{"acceleration":{"y":-0.9,"x":-0.31,"z":0},"position":{"y":4182724.88,"x":552437.12,"z":10.45},"volume":7.37,"type":"VEHICLE","velocity":{"y":-2.45,"x":-1.19,"z":0}},{"acceleration":{"y":0.02,"x":0,"z":0},"position":{"y":4182708.18,"x":552441.59,"z":10.73},"volume":1.09,"type":"VEHICLE","velocity":{"y":-1.33,"x":-1.64,"z":0}}],[{"acceleration":{"y":-0.19,"x":0.05,"z":0},"position":{"y":4182722.46,"x":552441.57,"z":10.47},"volume":6.24,"type":"VEHICLE","velocity":{"y":-4.25,"x":-2.56,"z":0}},{"acceleration":{"y":-1.21,"x":-0.49,"z":0},"position":{"y":4182721.92,"x":552435.69,"z":10.54},"volume":7.5,"type":"VEHICLE","velocity":{"y":-3.18,"x":-1.47,"z":0}},{"acceleration":{"y":-0.06,"x":2.45,"z":0},"position":{"y":4182705.56,"x":552440.44,"z":10.7},"volume":0.65,"type":"VEHICLE","velocity":{"y":-1.63,"x":0.34,"z":0}}],[{"acceleration":{"y":-0.42,"x":-0.09,"z":0},"position":{"y":4182720.06,"x":552440.15,"z":10.45},"volume":5.46,"type":"VEHICLE","velocity":{"y":-4.42,"x":-2.56,"z":0}},{"acceleration":{"y":-1.39,"x":-0.56,"z":0},"position":{"y":4182719.17,"x":552434.44,"z":10.47},"volume":6.73,"type":"VEHICLE","velocity":{"y":-3.96,"x":-1.78,"z":0}},{"acceleration":{"y":0.31,"x":-1.41,"z":0},"position":{"y":4182702.57,"x":552438.7,"z":11.29},"volume":0,"type":"VEHICLE","velocity":{"y":-1.05,"x":-1.9,"z":0}}],[{"acceleration":{"y":-0.49,"x":-0.19,"z":0},"position":{"y":4182718.34,"x":552439.22,"z":10.43},"volume":3.89,"type":"VEHICLE","velocity":{"y":-4.73,"x":-2.67,"z":0}},{"acceleration":{"y":-1.17,"x":-0.57,"z":0},"position":{"y":4182717.23,"x":552433.51,"z":10.42},"volume":7.52,"type":"VEHICLE","velocity":{"y":-4.77,"x":-2.15,"z":0}},{"acceleration":{"y":-1,"x":-0.78,"z":0},"position":{"y":4182698.03,"x":552435.82,"z":10.43},"volume":1.42,"type":"VEHICLE","velocity":{"y":-1.15,"x":-3.11,"z":0}}],[{"acceleration":{"y":-0.63,"x":-0.28,"z":0},"position":{"y":4182715.11,"x":552437.19,"z":10.41},"volume":3.46,"type":"VEHICLE","velocity":{"y":-5.24,"x":-2.93,"z":0}},{"acceleration":{"y":-0.97,"x":-0.54,"z":0},"position":{"y":4182713.84,"x":552431.68,"z":10.46},"volume":8.34,"type":"VEHICLE","velocity":{"y":-5.62,"x":-2.61,"z":0}}]],"action_description":"NPC vehicle (SUV) switching lane (right to left)","ev_state":[-427.752227783203,10.1245651245117,237.86360168457,0,0,0.5,10,-1,0.031797531992197,211.144454956055,-0.00540628843009472,4.079086091320656],"collision_probability":0}
 timestamp= 1619791546000 [RUN] Validate G1 Guard Condition: 
The ego vehicle E Detection.Collision == True.
 timestamp= 1619791546000 [RES] Global Validate result: 
false
 timestamp= 1619791546000 [RUN] Validate G2 Guard Condition: 
The ego vehicle E Detection.OffRoad == True.
 timestamp= 1619791546000 [RES] Global Validate result: 
false
 timestamp= 1619791546000 [RUN] Validate G3 Guard Condition: 
The ego vehicle E Detection.HardBrake == True.
 timestamp= 1619791546000 [RES] Global Validate result: 
false
 timestamp= 1619791546000 [RUN] Validate G4 Guard Condition: 
The ego vehicle E Detection.ArrivalTest == True.
 timestamp= 1619791546000 [RES] Global Validate result: 
false
 timestamp= 1619791546000 [RUN] Validate step: 
The test system VALIDATES THAT the Apollo A Status.GetControl is nearly equal to {"acceleration": -0.32, "throttle": 0.0, "steering_target": 0.47, "brake": 14.5, "steering_rate": 100.0, "speed": 4.08}
 timestamp= 1619791546000 [RES] Validate result: 
true
 timestamp= 1619791546000 [RUN] Generate steps
 timestamp= 1619791546000 [RUN] Validate step: 
The test system VALIDATES THAT the simulator S Status.GetEnvironment is nearly equal to {"x": -427.75, "y": 10.12, "z": 237.86, "rain": 0.0, "fog": 0.0, "wetness": 0.5, "timeofday": 10.0, "signal": -1.0, "rx": 0.03, "ry": 211.14, "rz": -0.01, "speed": 4.08}
 timestamp= 1619791546000 [RES] Validate result: 
true
 timestamp= 1619791546000 [RUN] Execute API step: 
The environment controller C INVOKES API Control.Agents.NPCVehicle.NPCVehicleMaintainLane(which_lane=Left_Lane&which_car=BoxTruck).
 timestamp= 1619791550000 [RES] API result: 
{"pose_arr":[{"vx":-3.31,"ay":-0.27,"az":9.81,"ax":0.45,"pz":10.13,"vy":-3.31,"px":552446.06,"py":4182723.59},{"vx":-3.11,"ay":-0.26,"az":9.81,"ax":0.44,"pz":10.13,"vy":-3.11,"px":552445.19,"py":4182722.15},{"vx":-2.86,"ay":-0.27,"az":9.82,"ax":0.45,"pz":10.13,"vy":-2.86,"px":552444.16,"py":4182720.42},{"vx":-2.62,"ay":-0.29,"az":9.81,"ax":0.49,"pz":10.13,"vy":-2.62,"px":552443.34,"py":4182719.06},{"vx":-2.34,"ay":-0.35,"az":9.81,"ax":0.59,"pz":10.13,"vy":-2.34,"px":552442.61,"py":4182717.82},{"vx":-2.05,"ay":-0.34,"az":9.81,"ax":0.58,"pz":10.13,"vy":-2.05,"px":552442.03,"py":4182716.84},{"vx":-1.72,"ay":-0.37,"az":9.81,"ax":0.63,"pz":10.13,"vy":-1.72,"px":552441.41,"py":4182715.8},{"vx":-1.47,"ay":-0.3,"az":9.8,"ax":0.5,"pz":10.13,"vy":-1.47,"px":552440.95,"py":4182715.02}],"traffic_light":[2,2,2,2,2,1,1],"state_arr":[{"acceleration":-0.28,"throttle":0,"steering_target":0.43,"brake":14.5,"steering_rate":100,"speed":3.86},{"acceleration":-0.41,"throttle":0,"steering_target":0.34,"brake":14.5,"steering_rate":100,"speed":3.63},{"acceleration":-0.53,"throttle":0,"steering_target":0.37,"brake":14.5,"steering_rate":100,"speed":3.39},{"acceleration":-0.59,"throttle":0,"steering_target":0.4,"brake":14.95,"steering_rate":100,"speed":3.12},{"acceleration":-0.76,"throttle":0,"steering_target":0.38,"brake":17.75,"steering_rate":100,"speed":2.93},{"acceleration":-0.73,"throttle":0,"steering_target":0.38,"brake":17.31,"steering_rate":100,"speed":2.57},{"acceleration":-0.72,"throttle":0,"steering_target":0.38,"brake":17.39,"steering_rate":100,"speed":2.21},{"acceleration":-0.62,"throttle":0,"steering_target":0.15,"brake":15.87,"steering_rate":100,"speed":1.9},{"acceleration":-0.64,"throttle":0,"steering_target":0.27,"brake":16.23,"steering_rate":100,"speed":1.68}],"obstacle_arr":[[{"acceleration":{"y":-0.64,"x":-0.28,"z":0},"position":{"y":4182712.75,"x":552435.91,"z":10.39},"volume":6.65,"type":"VEHICLE","velocity":{"y":-5.55,"x":-3.08,"z":0}},{"acceleration":{"y":-0.84,"x":-0.48,"z":0},"position":{"y":4182712.32,"x":552430.84,"z":10.39},"volume":7.4,"type":"VEHICLE","velocity":{"y":-5.99,"x":-2.84,"z":0}}],[{"acceleration":{"y":-0.55,"x":-0.25,"z":0},"position":{"y":4182710.28,"x":552434.35,"z":10.5},"volume":4.6,"type":"VEHICLE","velocity":{"y":-5.9,"x":-3.26,"z":0}},{"acceleration":{"y":-0.55,"x":-0.32,"z":0},"position":{"y":4182709.35,"x":552429.05,"z":10.54},"volume":7.46,"type":"VEHICLE","velocity":{"y":-6.31,"x":-3.05,"z":0}},{"acceleration":{"y":0,"x":0,"z":0},"position":{"y":4182720.29,"x":552452.35,"z":10.13},"volume":126.84,"type":"VEHICLE","velocity":{"y":0,"x":0,"z":0}}],[{"acceleration":{"y":-0.33,"x":-0.12,"z":0},"position":{"y":4182708.58,"x":552433.23,"z":10.53},"volume":3.64,"type":"VEHICLE","velocity":{"y":-6.13,"x":-3.36,"z":0}},{"acceleration":{"y":-0.23,"x":-0.09,"z":0},"position":{"y":4182707.52,"x":552428.2,"z":10.54},"volume":4.23,"type":"VEHICLE","velocity":{"y":-6.45,"x":-3.12,"z":0}},{"acceleration":{"y":0,"x":0,"z":0},"position":{"y":4182719.15,"x":552451.32,"z":10.13},"volume":124.45,"type":"VEHICLE","velocity":{"y":0,"x":0,"z":0}}],[{"acceleration":{"y":-0.11,"x":0.03,"z":0},"position":{"y":4182705.57,"x":552431.63,"z":10.52},"volume":2.41,"type":"VEHICLE","velocity":{"y":-6.08,"x":-3.31,"z":0}},{"acceleration":{"y":-0.1,"x":-0.02,"z":0},"position":{"y":4182704.41,"x":552426.29,"z":10.42},"volume":5.49,"type":"VEHICLE","velocity":{"y":-6.41,"x":-3.08,"z":0}},{"acceleration":{"y":-0.04,"x":-0.03,"z":0},"position":{"y":4182717.27,"x":552449.77,"z":10.13},"volume":109.06,"type":"VEHICLE","velocity":{"y":-3.28,"x":-3.01,"z":0}}],[{"acceleration":{"y":0.14,"x":0.17,"z":0},"position":{"y":4182703,"x":552429.93,"z":10.81},"volume":0.4,"type":"VEHICLE","velocity":{"y":-5.65,"x":-2.99,"z":0}},{"acceleration":{"y":0.1,"x":0.05,"z":0},"position":{"y":4182700.03,"x":552423.77,"z":10.13},"volume":6.45,"type":"VEHICLE","velocity":{"y":-6.17,"x":-2.96,"z":0}},{"acceleration":{"y":-0.79,"x":-0.83,"z":0},"position":{"y":4182715.11,"x":552447.7,"z":10.13},"volume":103.01,"type":"VEHICLE","velocity":{"y":-3.99,"x":-3.75,"z":0}}],[{"acceleration":{"y":0.15,"x":0.17,"z":0},"position":{"y":4182698.63,"x":552427.2,"z":10.55},"volume":3.04,"type":"VEHICLE","velocity":{"y":-5.26,"x":-2.73,"z":0}},{"acceleration":{"y":0.1,"x":0.04,"z":0},"position":{"y":4182695.26,"x":552421.27,"z":10.52},"volume":3.81,"type":"VEHICLE","velocity":{"y":-5.91,"x":-2.84,"z":0}},{"acceleration":{"y":-0.92,"x":-0.5,"z":0},"position":{"y":4182713.17,"x":552445.86,"z":10.13},"volume":85.08,"type":"VEHICLE","velocity":{"y":-4.54,"x":-4.12,"z":0}}],[{"acceleration":{"y":0.04,"x":0.1,"z":0},"position":{"y":4182695.06,"x":552425.14,"z":10.15},"volume":3.32,"type":"VEHICLE","velocity":{"y":-4.98,"x":-2.55,"z":0}},{"acceleration":{"y":-0.02,"x":-0.05,"z":0},"position":{"y":4182692.53,"x":552419.67,"z":10.46},"volume":0.48,"type":"VEHICLE","velocity":{"y":-5.72,"x":-2.79,"z":0}},{"acceleration":{"y":-0.38,"x":-0.03,"z":0},"position":{"y":4182711.81,"x":552445,"z":10.13},"volume":86.73,"type":"VEHICLE","velocity":{"y":-4.95,"x":-4.27,"z":0}}],[{"acceleration":{"y":-0.05,"x":0.02,"z":0},"position":{"y":4182689.83,"x":552421.67,"z":10.56},"volume":3.15,"type":"VEHICLE","velocity":{"y":-4.82,"x":-2.46,"z":0}},{"acceleration":{"y":0.27,"x":0.45,"z":0},"position":{"y":4182710.33,"x":552443.99,"z":10.13},"volume":93.39,"type":"VEHICLE","velocity":{"y":-4.96,"x":-4.11,"z":0}}]],"action_description":"NPC vehicle (BoxTruck) driving on the left lane","ev_state":[-433.769470214844,10.1247777938843,227.755554199219,0,0,0.5,10,-1,0.0351711697876453,210.560440063477,-0.000121942903206218,1.677038502195847],"collision_probability":0}
 timestamp= 1619791550000 [RUN] Validate G1 Guard Condition: 
The ego vehicle E Detection.Collision == True.
 timestamp= 1619791550000 [RES] Global Validate result: 
false
 timestamp= 1619791550000 [RUN] Validate G2 Guard Condition: 
The ego vehicle E Detection.OffRoad == True.
 timestamp= 1619791550000 [RES] Global Validate result: 
false
 timestamp= 1619791550000 [RUN] Validate G3 Guard Condition: 
The ego vehicle E Detection.HardBrake == True.
 timestamp= 1619791550000 [RES] Global Validate result: 
false
 timestamp= 1619791550000 [RUN] Validate G4 Guard Condition: 
The ego vehicle E Detection.ArrivalTest == True.
 timestamp= 1619791550000 [RES] Global Validate result: 
true
 timestamp= 1619791550000 [RUN] ArrivalTest == True
 timestamp= 1619791550000 [RUN] The simulator S INVOKES API Command.Simulation.Stop() to stop simulation.
 timestamp= 1619791550000 [WARNING] The test system Stop the Simulator S!
 timestamp= 1619791550000 [RES] Basic PostCondition Validate result: 
true
 timestamp= 1619791550000 [STOP] numberOfStep: 52 basicFlow: 
[{"name":"","description":"","eClass":"Sentence","content":"The test system VALIDATES THAT the simulator S Status.GetEnvironment is nearly equal to {\"x\": -246.03, \"y\": 10.12, \"z\": 466.2, \"rain\": 0.0, \"fog\": 0.0, \"wetness\": 0.0, \"timeofday\": 12.0, \"signal\": 1.0, \"rx\": 359.83, \"ry\": 305.55, \"rz\": -0.0, \"speed\": 2.07}","natures":[]},{"name":"","description":"","eClass":"Sentence","content":"The environment controller C INVOKES API Control.Agents.NPCVehicle.NPCVehicleSwitchLane(which_lane=Current_Lane&which_car=SchoolBus).","natures":[]},{"name":"","description":"","eClass":"Sentence","content":"The test system VALIDATES THAT the Apollo A Status.GetControl is nearly equal to {\"acceleration\": -0.29, \"throttle\": 0.0, \"steering_target\": 34.8, \"brake\": 14.5, \"steering_rate\": 100.0, \"speed\": 2.87}","natures":[]},{"name":"","description":"","eClass":"Sentence","content":"The test system VALIDATES THAT the simulator S Status.GetEnvironment is nearly equal to {\"x\": -254.36, \"y\": 10.12, \"z\": 470.67, \"rain\": 0.0, \"fog\": 0.0, \"wetness\": 0.0, \"timeofday\": 12.0, \"signal\": 1.0, \"rx\": 0.02, \"ry\": 288.55, \"rz\": 359.82, \"speed\": 2.84}","natures":[]},{"name":"","description":"","eClass":"Sentence","content":"The environment controller C INVOKES API Control.TimeOfDay(time_of_day=Morning).","natures":[]},{"name":"","description":"","eClass":"Sentence","content":"The test system VALIDATES THAT the Apollo A Status.GetControl is nearly equal to {\"acceleration\": 0.65, \"throttle\": 21.65, \"steering_target\": 17.95, \"brake\": 0.0, \"steering_rate\": 100.0, \"speed\": 3.97}","natures":[]},{"name":"","description":"","eClass":"Sentence","content":"The test system VALIDATES THAT the simulator S Status.GetEnvironment is nearly equal to {\"x\": -265.08, \"y\": 10.12, \"z\": 465.56, \"rain\": 0.0, \"fog\": 0.0, \"wetness\": 0.0, \"timeofday\": 10.0, \"signal\": 0.0, \"rx\": 359.96, \"ry\": 225.41, \"rz\": 359.85, \"speed\": 4.3}","natures":[]},{"name":"","description":"","eClass":"Sentence","content":"The environment controller C INVOKES API Control.Weather.Nice.","natures":[]},{"name":"","description":"","eClass":"Sentence","content":"The test system VALIDATES THAT the Apollo A Status.GetControl is nearly equal to {\"acceleration\": 0.01, \"throttle\": 15.7, \"steering_target\": -0.69, \"brake\": 0.0, \"steering_rate\": 100.0, \"speed\": 7.04}","natures":[]},{"name":"","description":"","eClass":"Sentence","content":"The test system VALIDATES THAT the simulator S Status.GetEnvironment is nearly equal to {\"x\": -279.95, \"y\": 10.12, \"z\": 445.47, \"rain\": 0.0, \"fog\": 0.0, \"wetness\": 0.0, \"timeofday\": 10.0, \"signal\": -1.0, \"rx\": 359.98, \"ry\": 214.53, \"rz\": 0.04, \"speed\": 7.05}","natures":[]},{"name":"","description":"","eClass":"Sentence","content":"The environment controller C INVOKES API Control.Weather.Wetness(wetness_level=Light).","natures":[]},{"name":"","description":"","eClass":"Sentence","content":"The test system VALIDATES THAT the Apollo A Status.GetControl is nearly equal to {\"acceleration\": 0.33, \"throttle\": 15.7, \"steering_target\": 0.52, \"brake\": 0.0, \"steering_rate\": 100.0, \"speed\": 6.33}","natures":[]},{"name":"","description":"","eClass":"Sentence","content":"The test system VALIDATES THAT the simulator S Status.GetEnvironment is nearly equal to {\"x\": -295.53, \"y\": 10.12, \"z\": 423.12, \"rain\": 0.0, \"fog\": 0.0, \"wetness\": 0.2, \"timeofday\": 10.0, \"signal\": -1.0, \"rx\": 359.99, \"ry\": 215.3, \"rz\": 0.0, \"speed\": 6.46}","natures":[]},{"name":"","description":"","eClass":"Sentence","content":"The environment controller C INVOKES API Control.Agents.NPCVehicle.NPCVehicleSwitchLane(which_lane=Right_Lane&which_car=SchoolBus).","natures":[]},{"name":"","description":"","eClass":"Sentence","content":"The test system VALIDATES THAT the Apollo A Status.GetControl is nearly equal to {\"acceleration\": 0.88, \"throttle\": 22.43, \"steering_target\": -0.19, \"brake\": 0.0, \"steering_rate\": 100.0, \"speed\": 6.83}","natures":[]},{"name":"","description":"","eClass":"Sentence","content":"The test system VALIDATES THAT the simulator S Status.GetEnvironment is nearly equal to {\"x\": -311.7, \"y\": 10.12, \"z\": 400.39, \"rain\": 0.0, \"fog\": 0.0, \"wetness\": 0.2, \"timeofday\": 10.0, \"signal\": -1.0, \"rx\": 359.97, \"ry\": 215.59, \"rz\": 0.0, \"speed\": 6.83}","natures":[]},{"name":"","description":"","eClass":"Sentence","content":"The environment controller C INVOKES API Control.TimeOfDay(time_of_day=Morning).","natures":[]},{"name":"","description":"","eClass":"Sentence","content":"The test system VALIDATES THAT the Apollo A Status.GetControl is nearly equal to {\"acceleration\": 0.19, \"throttle\": 15.7, \"steering_target\": -0.2, \"brake\": 0.0, \"steering_rate\": 100.0, \"speed\": 8.35}","natures":[]},{"name":"","description":"","eClass":"Sentence","content":"The test system VALIDATES THAT the simulator S Status.GetEnvironment is nearly equal to {\"x\": -330.04, \"y\": 10.12, \"z\": 375.16, \"rain\": 0.0, \"fog\": 0.0, \"wetness\": 0.2, \"timeofday\": 10.0, \"signal\": -1.0, \"rx\": 0.02, \"ry\": 216.37, \"rz\": 0.01, \"speed\": 8.26}","natures":[]},{"name":"","description":"","eClass":"Sentence","content":"The environment controller C INVOKES API Control.Agents.NPCVehicle.NPCVehicleMaintainLane(which_lane=Left_Lane&which_car=SchoolBus).","natures":[]},{"name":"","description":"","eClass":"Sentence","content":"The test system VALIDATES THAT the Apollo A Status.GetControl is nearly equal to {\"acceleration\": -0.1, \"throttle\": 0.0, \"steering_target\": 0.01, \"brake\": 14.5, \"steering_rate\": 100.0, \"speed\": 8.59}","natures":[]},{"name":"","description":"","eClass":"Sentence","content":"The test system VALIDATES THAT the simulator S Status.GetEnvironment is nearly equal to {\"x\": -350.22, \"y\": 10.12, \"z\": 347.9, \"rain\": 0.0, \"fog\": 0.0, \"wetness\": 0.2, \"timeofday\": 10.0, \"signal\": -1.0, \"rx\": 0.01, \"ry\": 216.49, \"rz\": -0.0, \"speed\": 8.48}","natures":[]},{"name":"","description":"","eClass":"Sentence","content":"The environment controller C INVOKES API Control.Agents.NPCVehicle.NPCVehicleSwitchLane(which_lane=Current_Lane&which_car=SchoolBus).","natures":[]},{"name":"","description":"","eClass":"Sentence","content":"The test system VALIDATES THAT the Apollo A Status.GetControl is nearly equal to {\"acceleration\": -2.05, \"throttle\": 0.0, \"steering_target\": 0.03, \"brake\": 32.01, \"steering_rate\": 100.0, \"speed\": 1.72}","natures":[]},{"name":"","description":"","eClass":"Sentence","content":"The test system VALIDATES THAT the simulator S Status.GetEnvironment is nearly equal to {\"x\": -363.37, \"y\": 10.12, \"z\": 330.08, \"rain\": 0.0, \"fog\": 0.0, \"wetness\": 0.2, \"timeofday\": 10.0, \"signal\": 1.0, \"rx\": 0.11, \"ry\": 216.4, \"rz\": 0.0, \"speed\": 1.04}","natures":[]},{"name":"","description":"","eClass":"Sentence","content":"The environment controller C INVOKES API Control.Weather.Wetness(wetness_level=Moderate).","natures":[]},{"name":"","description":"","eClass":"Sentence","content":"The test system VALIDATES THAT the Apollo A Status.GetControl is nearly equal to {\"acceleration\": 1.28, \"throttle\": 70.56, \"steering_target\": 0.49, \"brake\": 0.0, \"steering_rate\": 100.0, \"speed\": 3.72}","natures":[]},{"name":"","description":"","eClass":"Sentence","content":"The test system VALIDATES THAT the simulator S Status.GetEnvironment is nearly equal to {\"x\": -368.82, \"y\": 10.12, \"z\": 322.88, \"rain\": 0.0, \"fog\": 0.0, \"wetness\": 0.5, \"timeofday\": 10.0, \"signal\": 1.0, \"rx\": 359.83, \"ry\": 216.76, \"rz\": 359.99, \"speed\": 4.99}","natures":[]},{"name":"","description":"","eClass":"Sentence","content":"The environment controller C INVOKES API Control.Agents.NPCVehicle.NPCVehicleSwitchLane(which_lane=Right_Lane&which_car=SUV).","natures":[]},{"name":"","description":"","eClass":"Sentence","content":"The test system VALIDATES THAT the Apollo A Status.GetControl is nearly equal to {\"acceleration\": -1.13, \"throttle\": 0.0, \"steering_target\": 0.14, \"brake\": 22.64, \"steering_rate\": 100.0, \"speed\": 1.05}","natures":[]},{"name":"","description":"","eClass":"Sentence","content":"The test system VALIDATES THAT the simulator S Status.GetEnvironment is nearly equal to {\"x\": -380.0, \"y\": 10.12, \"z\": 307.8, \"rain\": 0.0, \"fog\": 0.0, \"wetness\": 0.5, \"timeofday\": 10.0, \"signal\": 1.0, \"rx\": 0.12, \"ry\": 216.39, \"rz\": 0.0, \"speed\": 1.05}","natures":[]},{"name":"","description":"","eClass":"Sentence","content":"The environment controller C INVOKES API Control.Agents.NPCVehicle.NPCVehicleSwitchLane(which_lane=Current_Lane&which_car=BoxTruck).","natures":[]},{"name":"","description":"","eClass":"Sentence","content":"The test system VALIDATES THAT the Apollo A Status.GetControl is nearly equal to {\"acceleration\": 0.51, \"throttle\": 19.13, \"steering_target\": 0.21, \"brake\": 0.0, \"steering_rate\": 100.0, \"speed\": 5.45}","natures":[]},{"name":"","description":"","eClass":"Sentence","content":"The test system VALIDATES THAT the simulator S Status.GetEnvironment is nearly equal to {\"x\": -386.92, \"y\": 10.12, \"z\": 298.35, \"rain\": 0.0, \"fog\": 0.0, \"wetness\": 0.5, \"timeofday\": 10.0, \"signal\": 1.0, \"rx\": 359.97, \"ry\": 216.1, \"rz\": -0.0, \"speed\": 5.51}","natures":[]},{"name":"","description":"","eClass":"Sentence","content":"The environment controller C INVOKES API Control.Agents.NPCVehicle.NPCVehicleSwitchLane(which_lane=Current_Lane&which_car=Sedan).","natures":[]},{"name":"","description":"","eClass":"Sentence","content":"The test system VALIDATES THAT the Apollo A Status.GetControl is nearly equal to {\"acceleration\": 0.16, \"throttle\": 15.7, \"steering_target\": 0.19, \"brake\": 0.0, \"steering_rate\": 100.0, \"speed\": 0.0}","natures":[]},{"name":"","description":"","eClass":"Sentence","content":"The test system VALIDATES THAT the simulator S Status.GetEnvironment is nearly equal to {\"x\": -394.48, \"y\": 10.12, \"z\": 287.79, \"rain\": 0.0, \"fog\": 0.0, \"wetness\": 0.5, \"timeofday\": 10.0, \"signal\": 0.0, \"rx\": 0.0, \"ry\": 214.49, \"rz\": 0.0, \"speed\": 0.0}","natures":[]},{"name":"","description":"","eClass":"Sentence","content":"The environment controller C INVOKES API Control.Agents.NPCVehicle.NPCVehicleSwitchLane(which_lane=Right_Lane&which_car=BoxTruck).","natures":[]},{"name":"","description":"","eClass":"Sentence","content":"The test system VALIDATES THAT the Apollo A Status.GetControl is nearly equal to {\"acceleration\": 0.54, \"throttle\": 19.9, \"steering_target\": -0.04, \"brake\": 0.0, \"steering_rate\": 100.0, \"speed\": 6.0}","natures":[]},{"name":"","description":"","eClass":"Sentence","content":"The test system VALIDATES THAT the simulator S Status.GetEnvironment is nearly equal to {\"x\": -402.44, \"y\": 10.12, \"z\": 275.97, \"rain\": 0.0, \"fog\": 0.0, \"wetness\": 0.5, \"timeofday\": 10.0, \"signal\": -1.0, \"rx\": 359.96, \"ry\": 213.98, \"rz\": 0.0, \"speed\": 6.11}","natures":[]},{"name":"","description":"","eClass":"Sentence","content":"The environment controller C INVOKES API Control.Agents.NPCVehicle.NPCVehicleSwitchLane(which_lane=Current_Lane&which_car=Hatchback).","natures":[]},{"name":"","description":"","eClass":"Sentence","content":"The test system VALIDATES THAT the Apollo A Status.GetControl is nearly equal to {\"acceleration\": -0.16, \"throttle\": 0.0, \"steering_target\": 0.6, \"brake\": 14.5, \"steering_rate\": 100.0, \"speed\": 0.6}","natures":[]},{"name":"","description":"","eClass":"Sentence","content":"The test system VALIDATES THAT the simulator S Status.GetEnvironment is nearly equal to {\"x\": -411.29, \"y\": 10.12, \"z\": 263.53, \"rain\": 0.0, \"fog\": 0.0, \"wetness\": 0.5, \"timeofday\": 10.0, \"signal\": -1.0, \"rx\": 0.03, \"ry\": 220.83, \"rz\": -0.0, \"speed\": 0.5}","natures":[]},{"name":"","description":"","eClass":"Sentence","content":"The environment controller C INVOKES API Control.Agents.NPCVehicle.NPCVehicleMaintainLane(which_lane=Current_Lane&which_car=Sedan).","natures":[]},{"name":"","description":"","eClass":"Sentence","content":"The test system VALIDATES THAT the Apollo A Status.GetControl is nearly equal to {\"acceleration\": 0.34, \"throttle\": 15.7, \"steering_target\": 1.18, \"brake\": 0.0, \"steering_rate\": 100.0, \"speed\": 4.57}","natures":[]},{"name":"","description":"","eClass":"Sentence","content":"The test system VALIDATES THAT the simulator S Status.GetEnvironment is nearly equal to {\"x\": -417.76, \"y\": 10.12, \"z\": 253.92, \"rain\": 0.0, \"fog\": 0.0, \"wetness\": 0.5, \"timeofday\": 10.0, \"signal\": -1.0, \"rx\": 359.98, \"ry\": 213.2, \"rz\": 359.98, \"speed\": 4.63}","natures":[]},{"name":"","description":"","eClass":"Sentence","content":"The environment controller C INVOKES API Control.Agents.NPCVehicle.NPCVehicleSwitchLane(which_lane=Right_Lane&which_car=SUV).","natures":[]},{"name":"","description":"","eClass":"Sentence","content":"The test system VALIDATES THAT the Apollo A Status.GetControl is nearly equal to {\"acceleration\": -0.32, \"throttle\": 0.0, \"steering_target\": 0.47, \"brake\": 14.5, \"steering_rate\": 100.0, \"speed\": 4.08}","natures":[]},{"name":"","description":"","eClass":"Sentence","content":"The test system VALIDATES THAT the simulator S Status.GetEnvironment is nearly equal to {\"x\": -427.75, \"y\": 10.12, \"z\": 237.86, \"rain\": 0.0, \"fog\": 0.0, \"wetness\": 0.5, \"timeofday\": 10.0, \"signal\": -1.0, \"rx\": 0.03, \"ry\": 211.14, \"rz\": -0.01, \"speed\": 4.08}","natures":[]},{"name":"","description":"","eClass":"Sentence","content":"The environment controller C INVOKES API Control.Agents.NPCVehicle.NPCVehicleMaintainLane(which_lane=Left_Lane&which_car=BoxTruck).","natures":[]},{"name":"","description":"","eClass":"Sentence","content":"The test system VALIDATES THAT the Apollo A Status.GetControl is nearly equal to {\"acceleration\": -0.64, \"throttle\": 0.0, \"steering_target\": 0.27, \"brake\": 16.23, \"steering_rate\": 100.0, \"speed\": 1.68}","natures":[]},{"name":"","description":"","eClass":"Sentence","content":"","natures":[]}]
