 timestamp= 1619791895000 [START] Now Run TCS Maintain Lane On Road1 Mode: dynamic Roadnum: 3 Second: 4
 timestamp= 1619791895000 [SUCCESS] TCS Check Success 
 timestamp= 1619791898000 [RUN] Run BasicFlow
 timestamp= 1619791898000 [RUN] Generate steps
 timestamp= 1619791898000 [RUN] Validate step: 
The test system VALIDATES THAT the simulator S Status.GetEnvironment is nearly equal to {"x": -248.04, "y": 10.12, "z": 467.59, "rain": 0.0, "fog": 0.0, "wetness": 0.0, "timeofday": 12.0, "signal": 1.0, "rx": 359.94, "ry": 304.46, "rz": 359.98, "speed": 3.11}
 timestamp= 1619791898000 [RES] Validate result: 
true
 timestamp= 1619791898000 [RUN] Execute API step: 
The environment controller C INVOKES API Control.Weather.Fog(fog_level=Light).
 timestamp= 1619791901000 [RES] API result: 
{"pose_arr":[{"vx":1.73,"ay":-0.39,"az":9.83,"ax":-0.33,"pz":10.12,"vy":1.73,"px":552627.06,"py":4182952.84},{"vx":1.8,"ay":1.72,"az":9.78,"ax":1.06,"pz":10.12,"vy":1.8,"px":552625.25,"py":4182954.05},{"vx":1.34,"ay":-0.47,"az":9.81,"ax":-0.25,"pz":10.13,"vy":1.34,"px":552623.12,"py":4182955.33},{"vx":0.86,"ay":-0.44,"az":9.77,"ax":-0.13,"pz":10.13,"vy":0.86,"px":552621.66,"py":4182956.04},{"vx":0.15,"ay":-0.55,"az":9.81,"ax":-0.08,"pz":10.13,"vy":0.15,"px":552619.92,"py":4182956.61},{"vx":-0.42,"ay":-0.65,"az":9.82,"ax":-0.13,"pz":10.13,"vy":-0.42,"px":552618.12,"py":4182956.82}],"traffic_light":[3,1,3,0,0,0],"state_arr":[{"acceleration":-0.26,"throttle":0,"steering_target":4.94,"brake":14.5,"steering_rate":100,"speed":3.13},{"acceleration":-0.47,"throttle":0,"steering_target":7.85,"brake":14.5,"steering_rate":100,"speed":3.34},{"acceleration":-0.6,"throttle":0,"steering_target":20.61,"brake":15.13,"steering_rate":100,"speed":3.22},{"acceleration":-0.47,"throttle":0,"steering_target":34.12,"brake":14.5,"steering_rate":100,"speed":2.89},{"acceleration":-0.08,"throttle":0,"steering_target":49.09,"brake":14.5,"steering_rate":100,"speed":2.58},{"acceleration":-0.29,"throttle":0,"steering_target":53.04,"brake":14.5,"steering_rate":100,"speed":2.76},{"acceleration":-0.34,"throttle":0,"steering_target":56.19,"brake":14.5,"steering_rate":100,"speed":2.86}],"obstacle_arr":[[],[],[],[],[],[],[]],"action_description":"Light fog","ev_state":[-258.777404785156,10.1247100830078,470.332000732422,0,0.200000002980232,0,12,1,0.0078151635825634,257.449188232422,359.705139160156,2.8059830266071337],"collision_probability":0}
 timestamp= 1619791901000 [RUN] Validate G1 Guard Condition: 
The ego vehicle E Detection.Collision == True.
 timestamp= 1619791901000 [RES] Global Validate result: 
false
 timestamp= 1619791901000 [RUN] Validate G2 Guard Condition: 
The ego vehicle E Detection.OffRoad == True.
 timestamp= 1619791901000 [RES] Global Validate result: 
false
 timestamp= 1619791901000 [RUN] Validate G3 Guard Condition: 
The ego vehicle E Detection.HardBrake == True.
 timestamp= 1619791901000 [RES] Global Validate result: 
false
 timestamp= 1619791901000 [RUN] Validate G4 Guard Condition: 
The ego vehicle E Detection.ArrivalTest == True.
 timestamp= 1619791901000 [RES] Global Validate result: 
false
 timestamp= 1619791901000 [RUN] Validate step: 
The test system VALIDATES THAT the Apollo A Status.GetControl is nearly equal to {"acceleration": -0.34, "throttle": 0.0, "steering_target": 56.19, "brake": 14.5, "steering_rate": 100.0, "speed": 2.86}
 timestamp= 1619791901000 [RES] Validate result: 
true
 timestamp= 1619791901000 [RUN] Generate steps
 timestamp= 1619791901000 [RUN] Validate step: 
The test system VALIDATES THAT the simulator S Status.GetEnvironment is nearly equal to {"x": -258.78, "y": 10.12, "z": 470.33, "rain": 0.0, "fog": 0.2, "wetness": 0.0, "timeofday": 12.0, "signal": 1.0, "rx": 0.01, "ry": 257.45, "rz": 359.71, "speed": 2.81}
 timestamp= 1619791901000 [RES] Validate result: 
true
 timestamp= 1619791901000 [RUN] Execute API step: 
The environment controller C INVOKES API Control.Weather.Fog(fog_level=Light).
 timestamp= 1619791905000 [RES] API result: 
{"pose_arr":[{"vx":-1.09,"ay":-0.26,"az":9.82,"ax":0.65,"pz":10.12,"vy":-1.09,"px":552616.55,"py":4182956.65},{"vx":-1.49,"ay":0,"az":9.81,"ax":0,"pz":10.12,"vy":-1.49,"px":552615.16,"py":4182956.23},{"vx":-1.65,"ay":1.9,"az":9.78,"ax":-1.43,"pz":10.12,"vy":-1.65,"px":552613.28,"py":4182955.28},{"vx":-2.46,"ay":1.76,"az":9.8,"ax":-0.14,"pz":10.12,"vy":-2.46,"px":552611.79,"py":4182954.22},{"vx":-2.79,"ay":1.45,"az":9.82,"ax":-1.3,"pz":10.12,"vy":-2.79,"px":552610.02,"py":4182952.67},{"vx":-3.74,"ay":0.27,"az":9.81,"ax":-0.33,"pz":10.12,"vy":-3.74,"px":552607.37,"py":4182949.83},{"vx":-3.97,"ay":0.35,"az":9.82,"ax":-0.22,"pz":10.12,"vy":-3.97,"px":552605.53,"py":4182947.53}],"traffic_light":[0,0,0,0,2,2],"state_arr":[{"acceleration":0.11,"throttle":15.7,"steering_target":45.17,"brake":0,"steering_rate":100,"speed":2.76},{"acceleration":-1.97,"throttle":0,"steering_target":28.94,"brake":30.44,"steering_rate":100,"speed":2.87},{"acceleration":0.47,"throttle":18.4,"steering_target":26.69,"brake":0,"steering_rate":100,"speed":2.93},{"acceleration":0.47,"throttle":15.7,"steering_target":14.72,"brake":0,"steering_rate":100,"speed":3.68},{"acceleration":0.56,"throttle":19.83,"steering_target":14.14,"brake":0,"steering_rate":100,"speed":3.85},{"acceleration":0.83,"throttle":24.6,"steering_target":3.9,"brake":0,"steering_rate":100,"speed":4.73},{"acceleration":1.01,"throttle":24.97,"steering_target":0.92,"brake":0,"steering_rate":100,"speed":5.09}],"obstacle_arr":[[{"acceleration":{"y":-0.01,"x":0,"z":0},"position":{"y":4183017.1,"x":552636.3,"z":11.3},"volume":2.34,"type":"VEHICLE","velocity":{"y":0,"x":0,"z":0}}],[{"acceleration":{"y":0,"x":-0.01,"z":0},"position":{"y":4183018.39,"x":552633.02,"z":11.02},"volume":20.78,"type":"VEHICLE","velocity":{"y":0,"x":0,"z":0}}],[],[],[],[]],"action_description":"Light fog","ev_state":[-269.343872070313,10.1244287490845,460.397125244141,0,0.200000002980232,0,12,0,359.964599609375,218.557464599609,0.0143310092389584,5.098859623230544],"collision_probability":0}
 timestamp= 1619791905000 [RUN] Validate G1 Guard Condition: 
The ego vehicle E Detection.Collision == True.
 timestamp= 1619791905000 [RES] Global Validate result: 
false
 timestamp= 1619791905000 [RUN] Validate G2 Guard Condition: 
The ego vehicle E Detection.OffRoad == True.
 timestamp= 1619791905000 [RES] Global Validate result: 
false
 timestamp= 1619791905000 [RUN] Validate G3 Guard Condition: 
The ego vehicle E Detection.HardBrake == True.
 timestamp= 1619791905000 [RES] Global Validate result: 
false
 timestamp= 1619791905000 [RUN] Validate G4 Guard Condition: 
The ego vehicle E Detection.ArrivalTest == True.
 timestamp= 1619791905000 [RES] Global Validate result: 
false
 timestamp= 1619791905000 [RUN] Validate step: 
The test system VALIDATES THAT the Apollo A Status.GetControl is nearly equal to {"acceleration": 1.01, "throttle": 24.97, "steering_target": 0.92, "brake": 0.0, "steering_rate": 100.0, "speed": 5.09}
 timestamp= 1619791905000 [RES] Validate result: 
true
 timestamp= 1619791905000 [RUN] Generate steps
 timestamp= 1619791905000 [RUN] Validate step: 
The test system VALIDATES THAT the simulator S Status.GetEnvironment is nearly equal to {"x": -269.34, "y": 10.12, "z": 460.4, "rain": 0.0, "fog": 0.2, "wetness": 0.0, "timeofday": 12.0, "signal": 0.0, "rx": 359.96, "ry": 218.56, "rz": 0.01, "speed": 5.1}
 timestamp= 1619791905000 [RES] Validate result: 
true
 timestamp= 1619791905000 [RUN] Execute API step: 
The environment controller C INVOKES API Control.Agents.NPCVehicle.NPCVehicleSwitchLane(which_lane=Left_Lane&which_car=Jeep).
 timestamp= 1619791908000 [RES] API result: 
{"pose_arr":[{"vx":-5.02,"ay":3.11,"az":9.75,"ax":-4.01,"pz":10.12,"vy":-5.02,"px":552604.34,"py":4182946.04},{"vx":-5.65,"ay":0.19,"az":9.83,"ax":-0.16,"pz":10.12,"vy":-5.65,"px":552601.47,"py":4182942.24},{"vx":-5.81,"ay":0.14,"az":9.81,"ax":-0.19,"pz":10.12,"vy":-5.81,"px":552598.74,"py":4182938.43},{"vx":-5.84,"ay":0.13,"az":9.79,"ax":-0.2,"pz":10.12,"vy":-5.84,"px":552595.54,"py":4182933.89},{"vx":-6.01,"ay":0.04,"az":9.82,"ax":-0.26,"pz":10.12,"vy":-6.01,"px":552593.21,"py":4182930.46},{"vx":-5.81,"ay":-0.87,"az":9.85,"ax":1.28,"pz":10.13,"vy":-5.81,"px":552590.64,"py":4182926.7}],"traffic_light":[2,2,3,1,1],"state_arr":[{"acceleration":1.01,"throttle":15.7,"steering_target":3.55,"brake":0,"steering_rate":100,"speed":5.87},{"acceleration":0.22,"throttle":15.7,"steering_target":1.99,"brake":0,"steering_rate":100,"speed":6.9},{"acceleration":0.1,"throttle":15.7,"steering_target":0.2,"brake":0,"steering_rate":100,"speed":7.09},{"acceleration":-0.05,"throttle":0,"steering_target":2.43,"brake":14.5,"steering_rate":100,"speed":7.21},{"acceleration":1.08,"throttle":32.06,"steering_target":-0.5,"brake":0,"steering_rate":100,"speed":7.05},{"acceleration":-0.91,"throttle":0,"steering_target":0.32,"brake":17.26,"steering_rate":100,"speed":7.38},{"acceleration":-2.67,"throttle":0,"steering_target":-0.23,"brake":36.25,"steering_rate":100,"speed":6.67}],"obstacle_arr":[[],[{"acceleration":{"y":0,"x":0,"z":0},"position":{"y":4182927.02,"x":552598.58,"z":10.12},"volume":11.75,"type":"VEHICLE","velocity":{"y":0,"x":0,"z":0}}],[{"acceleration":{"y":0,"x":0,"z":0},"position":{"y":4182926.54,"x":552597.84,"z":10.22},"volume":11.69,"type":"VEHICLE","velocity":{"y":0,"x":0,"z":0}}],[{"acceleration":{"y":0,"x":0,"z":0},"position":{"y":4182925.2,"x":552595.78,"z":10.12},"volume":8.83,"type":"VEHICLE","velocity":{"y":0,"x":0,"z":0}}],[{"acceleration":{"y":-1.59,"x":-3.14,"z":0},"position":{"y":4182922.64,"x":552591.37,"z":10.42},"volume":8.04,"type":"VEHICLE","velocity":{"y":-1.06,"x":-2.06,"z":0}}],[{"acceleration":{"y":-1.63,"x":-2.58,"z":0},"position":{"y":4182921.44,"x":552588.66,"z":10.4},"volume":8.14,"type":"VEHICLE","velocity":{"y":-2.29,"x":-4.43,"z":0}}]],"action_description":"NPC vehicle (Jeep) switching lane (left to right)","ev_state":[-285.338073730469,10.1241827011108,437.754943847656,0,0.200000002980232,0,12,-1,0.0998342409729958,214.251861572266,359.992553710938,6.444799594633423],"collision_probability":0}
 timestamp= 1619791908000 [RUN] Validate G1 Guard Condition: 
The ego vehicle E Detection.Collision == True.
 timestamp= 1619791908000 [RES] Global Validate result: 
false
 timestamp= 1619791908000 [RUN] Validate G2 Guard Condition: 
The ego vehicle E Detection.OffRoad == True.
 timestamp= 1619791908000 [RES] Global Validate result: 
false
 timestamp= 1619791908000 [RUN] Validate G3 Guard Condition: 
The ego vehicle E Detection.HardBrake == True.
 timestamp= 1619791908000 [RES] Global Validate result: 
false
 timestamp= 1619791908000 [RUN] Validate G4 Guard Condition: 
The ego vehicle E Detection.ArrivalTest == True.
 timestamp= 1619791908000 [RES] Global Validate result: 
false
 timestamp= 1619791908000 [RUN] Validate step: 
The test system VALIDATES THAT the Apollo A Status.GetControl is nearly equal to {"acceleration": -2.67, "throttle": 0.0, "steering_target": -0.23, "brake": 36.25, "steering_rate": 100.0, "speed": 6.67}
 timestamp= 1619791908000 [RES] Validate result: 
true
 timestamp= 1619791908000 [RUN] Generate steps
 timestamp= 1619791908000 [RUN] Validate step: 
The test system VALIDATES THAT the simulator S Status.GetEnvironment is nearly equal to {"x": -285.34, "y": 10.12, "z": 437.75, "rain": 0.0, "fog": 0.2, "wetness": 0.0, "timeofday": 12.0, "signal": -1.0, "rx": 0.1, "ry": 214.25, "rz": 359.99, "speed": 6.44}
 timestamp= 1619791908000 [RES] Validate result: 
true
 timestamp= 1619791908000 [RUN] Execute API step: 
The environment controller C INVOKES API Control.Agents.NPCVehicle.NPCVehicleSwitchLane(which_lane=Left_Lane&which_car=SUV).
 timestamp= 1619791912000 [RES] API result: 
{"pose_arr":[{"vx":-5.03,"ay":-2.26,"az":9.86,"ax":3.41,"pz":10.13,"vy":-5.03,"px":552589.07,"py":4182924.4},{"vx":-2.97,"ay":-2.16,"az":9.8,"ax":3.13,"pz":10.13,"vy":-2.97,"px":552587.44,"py":4182922.02},{"vx":-0.35,"ay":-1.07,"az":9.77,"ax":1.67,"pz":10.12,"vy":-0.35,"px":552586.83,"py":4182921.13},{"vx":0,"ay":0,"az":9.81,"ax":0,"pz":10.13,"vy":0,"px":552586.8,"py":4182921.09},{"vx":0,"ay":0,"az":9.81,"ax":0,"pz":10.12,"vy":0,"px":552586.8,"py":4182921.09},{"vx":0,"ay":0.15,"az":9.75,"ax":-0.24,"pz":10.12,"vy":0,"px":552586.76,"py":4182921.04},{"vx":0,"ay":0.01,"az":9.81,"ax":-0.02,"pz":10.12,"vy":0,"px":552586.76,"py":4182921.04}],"traffic_light":[3,3,3,1,1,1],"state_arr":[{"acceleration":-4.4,"throttle":0,"steering_target":-0.96,"brake":50.98,"steering_rate":100,"speed":5.8},{"acceleration":-3.9,"throttle":0,"steering_target":-0.43,"brake":46.82,"steering_rate":100,"speed":3.92},{"acceleration":-1.74,"throttle":0,"steering_target":-0.81,"brake":29.82,"steering_rate":100,"speed":0.43},{"acceleration":-0.82,"throttle":0,"steering_target":-0.6,"brake":48.49,"steering_rate":100,"speed":0},{"acceleration":-0.02,"throttle":0,"steering_target":-0.6,"brake":46.96,"steering_rate":100,"speed":0},{"acceleration":0.27,"throttle":48.38,"steering_target":-0.7,"brake":0,"steering_rate":100,"speed":0.02},{"acceleration":0.22,"throttle":15.7,"steering_target":-0.7,"brake":0,"steering_rate":100,"speed":0},{"acceleration":0.22,"throttle":15.7,"steering_target":-0.7,"brake":0,"steering_rate":100,"speed":0}],"obstacle_arr":[[{"acceleration":{"y":-2.25,"x":-1.66,"z":0},"position":{"y":4182919.14,"x":552586.17,"z":10.4},"volume":8.69,"type":"VEHICLE","velocity":{"y":-4.04,"x":-6.13,"z":0}}],[{"acceleration":{"y":-1.51,"x":-0.61,"z":0},"position":{"y":4182917.78,"x":552585.08,"z":10.43},"volume":6.33,"type":"VEHICLE","velocity":{"y":-5.83,"x":-7.13,"z":0}},{"acceleration":{"y":0,"x":0,"z":0},"position":{"y":4182903.35,"x":552583.75,"z":10.34},"volume":9.34,"type":"VEHICLE","velocity":{"y":0,"x":0,"z":0}}],[{"acceleration":{"y":-0.89,"x":-0.18,"z":0},"position":{"y":4182916.69,"x":552584.27,"z":10.38},"volume":8.52,"type":"VEHICLE","velocity":{"y":-6.51,"x":-7.32,"z":0}},{"acceleration":{"y":0.03,"x":0.04,"z":0},"position":{"y":4182902.38,"x":552583.02,"z":10.29},"volume":10.2,"type":"VEHICLE","velocity":{"y":-0.44,"x":-0.41,"z":0}}],[{"acceleration":{"y":-0.09,"x":0.33,"z":0},"position":{"y":4182916.6,"x":552584.22,"z":10.5},"volume":7.29,"type":"VEHICLE","velocity":{"y":-6.75,"x":-7.17,"z":0}},{"acceleration":{"y":0.42,"x":0.39,"z":0},"position":{"y":4182901.53,"x":552581.67,"z":10.26},"volume":11.21,"type":"VEHICLE","velocity":{"y":-0.57,"x":-0.63,"z":0}}],[{"acceleration":{"y":0.26,"x":0.5,"z":0},"position":{"y":4182916.58,"x":552584.22,"z":10.49},"volume":7.27,"type":"VEHICLE","velocity":{"y":0,"x":0,"z":0}},{"acceleration":{"y":-1.22,"x":-1.66,"z":0},"position":{"y":4182899.83,"x":552579.41,"z":10.13},"volume":10.54,"type":"VEHICLE","velocity":{"y":-1.55,"x":-1.95,"z":0}}],[{"acceleration":{"y":0.05,"x":0.09,"z":0},"position":{"y":4182916.56,"x":552584.18,"z":10.49},"volume":7.06,"type":"VEHICLE","velocity":{"y":0,"x":0,"z":0}},{"acceleration":{"y":-1.16,"x":-1.8,"z":0},"position":{"y":4182898.48,"x":552577.32,"z":10.36},"volume":5.86,"type":"VEHICLE","velocity":{"y":-2.52,"x":-3.43,"z":0}}],[{"acceleration":{"y":0,"x":0,"z":0},"position":{"y":4182916.56,"x":552584.12,"z":10.37},"volume":8.65,"type":"VEHICLE","velocity":{"y":0,"x":0,"z":0}},{"acceleration":{"y":-0.8,"x":-1.1,"z":0},"position":{"y":4182896.85,"x":552575.13,"z":10.83},"volume":2.22,"type":"VEHICLE","velocity":{"y":-3.19,"x":-4.43,"z":0}}]],"action_description":"NPC vehicle (SUV) switching lane (left to right)","ev_state":[-287.977508544922,10.1251964569092,433.903625488281,0,0.200000002980232,0,12,-1,359.922454833984,214.241088867188,-0.00517263542860746,0.001565684477241602],"collision_probability":1}
 timestamp= 1619791912000 [RUN] Validate G1 Guard Condition: 
The ego vehicle E Detection.Collision == True.
 timestamp= 1619791912000 [RES] Global Validate result: 
true
 timestamp= 1619791912000 [RUN] Collision == True
 timestamp= 1619791912000 [RUN] Validate G2 Guard Condition: 
The ego vehicle E Detection.OffRoad == True.
 timestamp= 1619791912000 [RES] Global Validate result: 
false
 timestamp= 1619791912000 [RUN] Validate G3 Guard Condition: 
The ego vehicle E Detection.HardBrake == True.
 timestamp= 1619791912000 [RES] Global Validate result: 
true
 timestamp= 1619791912000 [RUN] HardBrake == True
 timestamp= 1619791912000 [RUN] RESUME STEP @preStep
 timestamp= 1619791912000 [RUN] Resume step basicflow10
 timestamp= 1619791912000 [RUN] Validate G4 Guard Condition: 
The ego vehicle E Detection.ArrivalTest == True.
 timestamp= 1619791912000 [RES] Global Validate result: 
false
 timestamp= 1619791912000 [RUN] Validate step: 
The test system VALIDATES THAT the Apollo A Status.GetControl is nearly equal to {"acceleration": 0.22, "throttle": 15.7, "steering_target": -0.7, "brake": 0.0, "steering_rate": 100.0, "speed": 0.0}
 timestamp= 1619791912000 [RES] Validate result: 
true
 timestamp= 1619791912000 [RUN] Generate steps
 timestamp= 1619791912000 [RUN] Validate step: 
The test system VALIDATES THAT the simulator S Status.GetEnvironment is nearly equal to {"x": -287.98, "y": 10.13, "z": 433.9, "rain": 0.0, "fog": 0.2, "wetness": 0.0, "timeofday": 12.0, "signal": -1.0, "rx": 359.92, "ry": 214.24, "rz": -0.01, "speed": 0.0}
 timestamp= 1619791912000 [RES] Validate result: 
true
 timestamp= 1619791912000 [RUN] Execute API step: 
The environment controller C INVOKES API Control.Agents.NPCVehicle.NPCVehicleMaintainLane(which_lane=Left_Lane&which_car=SUV).
 timestamp= 1619791916000 [RES] API result: 
{"pose_arr":[{"vx":0,"ay":-0.13,"az":9.83,"ax":0.2,"pz":10.12,"vy":0,"px":552586.76,"py":4182921.04},{"vx":0,"ay":0.01,"az":9.81,"ax":-0.02,"pz":10.12,"vy":0,"px":552586.77,"py":4182921.04},{"vx":0,"ay":-0.01,"az":9.81,"ax":0.01,"pz":10.12,"vy":0,"px":552586.77,"py":4182921.04},{"vx":0,"ay":-0.01,"az":9.81,"ax":0.01,"pz":10.12,"vy":0,"px":552586.77,"py":4182921.04},{"vx":0,"ay":0,"az":9.81,"ax":0,"pz":10.12,"vy":0,"px":552586.77,"py":4182921.04},{"vx":0,"ay":0.02,"az":9.81,"ax":-0.03,"pz":10.12,"vy":0,"px":552586.77,"py":4182921.04},{"vx":0,"ay":-0.16,"az":9.81,"ax":0.25,"pz":10.12,"vy":0,"px":552586.77,"py":4182921.04},{"vx":0,"ay":0,"az":9.81,"ax":-0.01,"pz":10.12,"vy":0,"px":552586.77,"py":4182921.04}],"traffic_light":[3,3,3,3,1,1],"state_arr":[{"acceleration":0.21,"throttle":15.7,"steering_target":-0.7,"brake":0,"steering_rate":100,"speed":0},{"acceleration":0.21,"throttle":15.7,"steering_target":-0.7,"brake":0,"steering_rate":100,"speed":0},{"acceleration":0.21,"throttle":15.7,"steering_target":-0.7,"brake":0,"steering_rate":100,"speed":0},{"acceleration":0.21,"throttle":15.7,"steering_target":-0.7,"brake":0,"steering_rate":100,"speed":0},{"acceleration":0.21,"throttle":15.7,"steering_target":-0.7,"brake":0,"steering_rate":100,"speed":0},{"acceleration":0.21,"throttle":15.7,"steering_target":-0.7,"brake":0,"steering_rate":100,"speed":0},{"acceleration":0.21,"throttle":15.7,"steering_target":-0.7,"brake":0,"steering_rate":100,"speed":0},{"acceleration":0.21,"throttle":15.7,"steering_target":-0.7,"brake":0,"steering_rate":100,"speed":0}],"obstacle_arr":[[{"acceleration":{"y":0,"x":0,"z":0},"position":{"y":4182916.59,"x":552584.13,"z":10.37},"volume":8.38,"type":"VEHICLE","velocity":{"y":0,"x":0,"z":0}},{"acceleration":{"y":-0.46,"x":-0.62,"z":0},"position":{"y":4182895.92,"x":552573.4,"z":10.7},"volume":2.13,"type":"VEHICLE","velocity":{"y":-1.86,"x":-2.47,"z":0}}],[{"acceleration":{"y":0,"x":0,"z":0},"position":{"y":4182916.59,"x":552584.13,"z":10.49},"volume":7.59,"type":"VEHICLE","velocity":{"y":0,"x":0,"z":0}},{"acceleration":{"y":0.27,"x":0.26,"z":0},"position":{"y":4182894.75,"x":552571.95,"z":10.56},"volume":3.96,"type":"VEHICLE","velocity":{"y":-1.48,"x":-2.07,"z":0}},{"acceleration":{"y":0,"x":0,"z":0},"position":{"y":4182915.49,"x":552591.93,"z":10.33},"volume":11.49,"type":"VEHICLE","velocity":{"y":0,"x":0,"z":0}}],[{"acceleration":{"y":0,"x":0,"z":0},"position":{"y":4182916.59,"x":552584.13,"z":10.49},"volume":7.59,"type":"VEHICLE","velocity":{"y":0,"x":0,"z":0}},{"acceleration":{"y":1.27,"x":1.29,"z":0},"position":{"y":4182894.21,"x":552570.74,"z":10.49},"volume":3.32,"type":"VEHICLE","velocity":{"y":-0.42,"x":-0.82,"z":0}},{"acceleration":{"y":-2.05,"x":-1.76,"z":0},"position":{"y":4182914.36,"x":552590.98,"z":10.32},"volume":10.92,"type":"VEHICLE","velocity":{"y":-1.46,"x":-1.27,"z":0}}],[{"acceleration":{"y":0,"x":0,"z":0},"position":{"y":4182916.59,"x":552584.13,"z":10.49},"volume":7.6,"type":"VEHICLE","velocity":{"y":0,"x":0,"z":0}},{"acceleration":{"y":1.03,"x":1.72,"z":0},"position":{"y":4182893.85,"x":552570.54,"z":10.49},"volume":2.79,"type":"VEHICLE","velocity":{"y":0,"x":0,"z":0}},{"acceleration":{"y":-1.13,"x":-1.47,"z":0},"position":{"y":4182912.82,"x":552589.41,"z":10.11},"volume":11.57,"type":"VEHICLE","velocity":{"y":-2.12,"x":-2.15,"z":0}}],[{"acceleration":{"y":0,"x":0,"z":0},"position":{"y":4182916.59,"x":552584.13,"z":10.49},"volume":7.59,"type":"VEHICLE","velocity":{"y":0,"x":0,"z":0}},{"acceleration":{"y":0.08,"x":0.14,"z":0},"position":{"y":4182893.23,"x":552569.53,"z":10.4},"volume":3.87,"type":"VEHICLE","velocity":{"y":0,"x":0,"z":0}},{"acceleration":{"y":-1.97,"x":-1.53,"z":0},"position":{"y":4182911.21,"x":552588.29,"z":10.11},"volume":16.37,"type":"VEHICLE","velocity":{"y":-3.38,"x":-3.01,"z":0}}],[{"acceleration":{"y":0,"x":0,"z":0},"position":{"y":4182916.59,"x":552584.13,"z":10.49},"volume":7.57,"type":"VEHICLE","velocity":{"y":0,"x":0,"z":0}},{"acceleration":{"y":0,"x":0.01,"z":0},"position":{"y":4182892.57,"x":552568.4,"z":10.31},"volume":4.93,"type":"VEHICLE","velocity":{"y":0,"x":0,"z":0}},{"acceleration":{"y":-1.37,"x":-1,"z":0},"position":{"y":4182909.11,"x":552586.45,"z":10.11},"volume":13.78,"type":"VEHICLE","velocity":{"y":-4.45,"x":-3.78,"z":0}}],[{"acceleration":{"y":0,"x":0,"z":0},"position":{"y":4182916.58,"x":552584.13,"z":10.49},"volume":7.57,"type":"VEHICLE","velocity":{"y":0,"x":0,"z":0}},{"acceleration":{"y":0,"x":0,"z":0},"position":{"y":4182892.34,"x":552568.29,"z":10.46},"volume":3.59,"type":"VEHICLE","velocity":{"y":0,"x":0,"z":0}},{"acceleration":{"y":-1.04,"x":-0.79,"z":0},"position":{"y":4182906.94,"x":552584.49,"z":10.11},"volume":13.57,"type":"VEHICLE","velocity":{"y":-5.2,"x":-4.31,"z":0}}]],"action_description":"NPC vehicle (SUV) driving on the left lane","ev_state":[-287.977478027344,10.1251707077026,433.903564453125,0,0.200000002980232,0,12,-1,359.933319091797,214.250152587891,-0.00175527448300272,0.0015734119360844034],"collision_probability":0}
 timestamp= 1619791916000 [RUN] Validate G1 Guard Condition: 
The ego vehicle E Detection.Collision == True.
 timestamp= 1619791916000 [RES] Global Validate result: 
false
 timestamp= 1619791916000 [RUN] Validate G2 Guard Condition: 
The ego vehicle E Detection.OffRoad == True.
 timestamp= 1619791916000 [RES] Global Validate result: 
false
 timestamp= 1619791916000 [RUN] Validate G3 Guard Condition: 
The ego vehicle E Detection.HardBrake == True.
 timestamp= 1619791916000 [RES] Global Validate result: 
false
 timestamp= 1619791916000 [RUN] Validate G4 Guard Condition: 
The ego vehicle E Detection.ArrivalTest == True.
 timestamp= 1619791916000 [RES] Global Validate result: 
false
 timestamp= 1619791916000 [RUN] Validate step: 
The test system VALIDATES THAT the Apollo A Status.GetControl is nearly equal to {"acceleration": 0.21, "throttle": 15.7, "steering_target": -0.7, "brake": 0.0, "steering_rate": 100.0, "speed": 0.0}
 timestamp= 1619791916000 [RES] Validate result: 
true
 timestamp= 1619791916000 [RUN] Generate steps
 timestamp= 1619791916000 [RUN] Validate step: 
The test system VALIDATES THAT the simulator S Status.GetEnvironment is nearly equal to {"x": -287.98, "y": 10.13, "z": 433.9, "rain": 0.0, "fog": 0.2, "wetness": 0.0, "timeofday": 12.0, "signal": -1.0, "rx": 359.93, "ry": 214.25, "rz": -0.0, "speed": 0.0}
 timestamp= 1619791916000 [RES] Validate result: 
true
 timestamp= 1619791916000 [RUN] Execute API step: 
The environment controller C INVOKES API Control.Agents.NPCVehicle.NPCVehicleSwitchLane(which_lane=Current_Lane&which_car=Sedan).
 timestamp= 1619791920000 [RES] API result: 
{"pose_arr":[{"vx":0,"ay":0,"az":9.81,"ax":0,"pz":10.12,"vy":0,"px":552586.77,"py":4182921.04},{"vx":0,"ay":0.01,"az":9.81,"ax":-0.01,"pz":10.12,"vy":0,"px":552586.77,"py":4182921.04},{"vx":0,"ay":0.02,"az":9.81,"ax":-0.03,"pz":10.12,"vy":0,"px":552586.77,"py":4182921.04},{"vx":0,"ay":0.01,"az":9.81,"ax":-0.02,"pz":10.12,"vy":0,"px":552586.77,"py":4182921.04},{"vx":0,"ay":-0.01,"az":9.81,"ax":0.01,"pz":10.12,"vy":0,"px":552586.77,"py":4182921.04},{"vx":0,"ay":0.16,"az":9.78,"ax":-0.24,"pz":10.12,"vy":0,"px":552586.77,"py":4182921.04},{"vx":0,"ay":0.02,"az":9.81,"ax":-0.02,"pz":10.12,"vy":0,"px":552586.77,"py":4182921.04}],"traffic_light":[1,1,3,3,3,3],"state_arr":[{"acceleration":0.21,"throttle":15.7,"steering_target":-0.7,"brake":0,"steering_rate":100,"speed":0},{"acceleration":0.21,"throttle":15.7,"steering_target":-0.7,"brake":0,"steering_rate":100,"speed":0},{"acceleration":0.21,"throttle":15.7,"steering_target":-0.7,"brake":0,"steering_rate":100,"speed":0},{"acceleration":0.21,"throttle":15.7,"steering_target":-0.7,"brake":0,"steering_rate":100,"speed":0},{"acceleration":0.21,"throttle":15.7,"steering_target":-0.7,"brake":0,"steering_rate":100,"speed":0},{"acceleration":0.21,"throttle":15.7,"steering_target":-0.7,"brake":0,"steering_rate":100,"speed":0},{"acceleration":0.21,"throttle":15.7,"steering_target":-0.7,"brake":0,"steering_rate":100,"speed":0},{"acceleration":0.21,"throttle":15.7,"steering_target":-0.7,"brake":0,"steering_rate":100,"speed":0}],"obstacle_arr":[[{"acceleration":{"y":0,"x":0,"z":0},"position":{"y":4182916.59,"x":552584.13,"z":10.49},"volume":7.65,"type":"VEHICLE","velocity":{"y":0,"x":0,"z":0}},{"acceleration":{"y":0,"x":0,"z":0},"position":{"y":4182892.1,"x":552567.81,"z":11.09},"volume":0.15,"type":"VEHICLE","velocity":{"y":0,"x":0,"z":0}},{"acceleration":{"y":-0.8,"x":-0.71,"z":0},"position":{"y":4182903.28,"x":552581.15,"z":10.16},"volume":11.22,"type":"VEHICLE","velocity":{"y":-5.9,"x":-4.91,"z":0}}],[{"acceleration":{"y":0,"x":0,"z":0},"position":{"y":4182916.59,"x":552584.13,"z":10.49},"volume":7.67,"type":"VEHICLE","velocity":{"y":0,"x":0,"z":0}},{"acceleration":{"y":-0.61,"x":-0.4,"z":0},"position":{"y":4182901.17,"x":552579.48,"z":10.15},"volume":7.79,"type":"VEHICLE","velocity":{"y":-6.37,"x":-5.27,"z":0}},{"acceleration":{"y":0,"x":0,"z":0},"position":{"y":4182904.69,"x":552575.13,"z":10.39},"volume":2.31,"type":"VEHICLE","velocity":{"y":0,"x":0,"z":0}}],[{"acceleration":{"y":0,"x":0,"z":0},"position":{"y":4182916.56,"x":552584.17,"z":10.51},"volume":7.09,"type":"VEHICLE","velocity":{"y":0,"x":0,"z":0}},{"acceleration":{"y":-0.4,"x":-0.23,"z":0},"position":{"y":4182898.66,"x":552577.21,"z":10.1},"volume":11.23,"type":"VEHICLE","velocity":{"y":-6.61,"x":-5.41,"z":0}},{"acceleration":{"y":0,"x":-0.01,"z":0},"position":{"y":4182902.59,"x":552574.17,"z":10.53},"volume":2.91,"type":"VEHICLE","velocity":{"y":-0.85,"x":-0.57,"z":0}}],[{"acceleration":{"y":0,"x":0,"z":0},"position":{"y":4182916.56,"x":552584.17,"z":10.51},"volume":7.08,"type":"VEHICLE","velocity":{"y":0,"x":0,"z":0}},{"acceleration":{"y":-0.07,"x":-0.05,"z":0},"position":{"y":4182897.24,"x":552575.78,"z":10.39},"volume":5.54,"type":"VEHICLE","velocity":{"y":-3.09,"x":-2.98,"z":0}},{"acceleration":{"y":-0.47,"x":-0.36,"z":0},"position":{"y":4182901.59,"x":552573.7,"z":10.51},"volume":0.53,"type":"VEHICLE","velocity":{"y":-1.12,"x":-0.76,"z":0}}],[{"acceleration":{"y":0,"x":0,"z":0},"position":{"y":4182916.56,"x":552584.17,"z":10.51},"volume":7.09,"type":"VEHICLE","velocity":{"y":0,"x":0,"z":0}},{"acceleration":{"y":1.83,"x":1.93,"z":0},"position":{"y":4182896.27,"x":552575.18,"z":10.2},"volume":4.77,"type":"VEHICLE","velocity":{"y":-1.53,"x":-1.29,"z":0}},{"acceleration":{"y":-0.43,"x":-0.01,"z":0},"position":{"y":4182899.12,"x":552572.62,"z":10.83},"volume":1.71,"type":"VEHICLE","velocity":{"y":-1.45,"x":-0.72,"z":0}},{"acceleration":{"y":0,"x":0,"z":0},"position":{"y":4182885.1,"x":552561.97,"z":10.77},"volume":1.61,"type":"VEHICLE","velocity":{"y":0,"x":0,"z":0}}],[{"acceleration":{"y":0,"x":0,"z":0},"position":{"y":4182916.56,"x":552584.17,"z":10.51},"volume":7.07,"type":"VEHICLE","velocity":{"y":0,"x":0,"z":0}},{"acceleration":{"y":2.55,"x":2.19,"z":0},"position":{"y":4182894.07,"x":552573.5,"z":10.1},"volume":10.49,"type":"VEHICLE","velocity":{"y":0,"x":0,"z":0}},{"acceleration":{"y":0.71,"x":0.33,"z":0},"position":{"y":4182897.28,"x":552571.73,"z":10.78},"volume":1.16,"type":"VEHICLE","velocity":{"y":-0.88,"x":-0.45,"z":0}}],[{"acceleration":{"y":0,"x":0,"z":0},"position":{"y":4182916.56,"x":552584.17,"z":10.51},"volume":7.06,"type":"VEHICLE","velocity":{"y":0,"x":0,"z":0}},{"acceleration":{"y":0.43,"x":0.4,"z":0},"position":{"y":4182893.77,"x":552572.82,"z":10.53},"volume":3.78,"type":"VEHICLE","velocity":{"y":0,"x":0,"z":0}},{"acceleration":{"y":0.67,"x":0.44,"z":0},"position":{"y":4182896.39,"x":552571.14,"z":10.7},"volume":0.94,"type":"VEHICLE","velocity":{"y":-0.62,"x":-0.31,"z":0}}]],"action_description":"NPC vehicle (Sedan) switching lane (current to right)","ev_state":[-287.977447509766,10.1251153945923,433.903472900391,0,0.200000002980232,0,12,-1,359.936126708984,214.261215209961,-0.000596029392909259,0.0012801162061699916],"collision_probability":0}
 timestamp= 1619791920000 [RUN] Validate G1 Guard Condition: 
The ego vehicle E Detection.Collision == True.
 timestamp= 1619791920000 [RES] Global Validate result: 
false
 timestamp= 1619791920000 [RUN] Validate G2 Guard Condition: 
The ego vehicle E Detection.OffRoad == True.
 timestamp= 1619791920000 [RES] Global Validate result: 
false
 timestamp= 1619791920000 [RUN] Validate G3 Guard Condition: 
The ego vehicle E Detection.HardBrake == True.
 timestamp= 1619791920000 [RES] Global Validate result: 
false
 timestamp= 1619791920000 [RUN] Validate G4 Guard Condition: 
The ego vehicle E Detection.ArrivalTest == True.
 timestamp= 1619791920000 [RES] Global Validate result: 
false
 timestamp= 1619791920000 [RUN] Validate step: 
The test system VALIDATES THAT the Apollo A Status.GetControl is nearly equal to {"acceleration": 0.21, "throttle": 15.7, "steering_target": -0.7, "brake": 0.0, "steering_rate": 100.0, "speed": 0.0}
 timestamp= 1619791920000 [RES] Validate result: 
true
 timestamp= 1619791920000 [RUN] Generate steps
 timestamp= 1619791920000 [RUN] Validate step: 
The test system VALIDATES THAT the simulator S Status.GetEnvironment is nearly equal to {"x": -287.98, "y": 10.13, "z": 433.9, "rain": 0.0, "fog": 0.2, "wetness": 0.0, "timeofday": 12.0, "signal": -1.0, "rx": 359.94, "ry": 214.26, "rz": -0.0, "speed": 0.0}
 timestamp= 1619791920000 [RES] Validate result: 
true
 timestamp= 1619791920000 [RUN] Execute API step: 
The environment controller C INVOKES API Control.Agents.NPCVehicle.NPCVehicleSwitchLane(which_lane=Current_Lane&which_car=BoxTruck).
 timestamp= 1619791925000 [RES] API result: 
{"pose_arr":[{"vx":0,"ay":0,"az":9.81,"ax":0,"pz":10.12,"vy":0,"px":552586.77,"py":4182921.04},{"vx":0,"ay":0.13,"az":9.79,"ax":-0.17,"pz":10.12,"vy":0,"px":552586.77,"py":4182921.04},{"vx":0,"ay":0.01,"az":9.81,"ax":-0.01,"pz":10.12,"vy":0,"px":552586.77,"py":4182921.04},{"vx":0,"ay":-0.01,"az":9.81,"ax":0.01,"pz":10.12,"vy":0,"px":552586.77,"py":4182921.04},{"vx":0,"ay":-0.01,"az":9.81,"ax":0.02,"pz":10.12,"vy":0,"px":552586.77,"py":4182921.04},{"vx":0,"ay":0.01,"az":9.81,"ax":-0.01,"pz":10.12,"vy":0,"px":552586.77,"py":4182921.04},{"vx":0,"ay":0.17,"az":9.78,"ax":-0.24,"pz":10.12,"vy":0,"px":552586.77,"py":4182921.04},{"vx":0,"ay":0.01,"az":9.81,"ax":-0.01,"pz":10.12,"vy":0,"px":552586.77,"py":4182921.04}],"traffic_light":[0,0,0,0,0,0,3],"state_arr":[{"acceleration":0.21,"throttle":15.7,"steering_target":-0.7,"brake":0,"steering_rate":100,"speed":0},{"acceleration":0.21,"throttle":15.7,"steering_target":-0.7,"brake":0,"steering_rate":100,"speed":0},{"acceleration":0.21,"throttle":15.7,"steering_target":-0.7,"brake":0,"steering_rate":100,"speed":0},{"acceleration":0.21,"throttle":15.7,"steering_target":-0.7,"brake":0,"steering_rate":100,"speed":0},{"acceleration":0.21,"throttle":15.7,"steering_target":-0.7,"brake":0,"steering_rate":100,"speed":0},{"acceleration":0.21,"throttle":15.7,"steering_target":-0.7,"brake":0,"steering_rate":100,"speed":0},{"acceleration":0.21,"throttle":15.7,"steering_target":-0.7,"brake":0,"steering_rate":100,"speed":0},{"acceleration":0.21,"throttle":15.7,"steering_target":-0.7,"brake":0,"steering_rate":100,"speed":0},{"acceleration":0.21,"throttle":15.7,"steering_target":-0.7,"brake":0,"steering_rate":100,"speed":0}],"obstacle_arr":[[{"acceleration":{"y":0,"x":0,"z":0},"position":{"y":4182916.56,"x":552584.17,"z":10.51},"volume":7.07,"type":"VEHICLE","velocity":{"y":0,"x":0,"z":0}},{"acceleration":{"y":0.02,"x":0.02,"z":0},"position":{"y":4182892.99,"x":552572.18,"z":10.49},"volume":1.9,"type":"VEHICLE","velocity":{"y":0,"x":0,"z":0}}],[{"acceleration":{"y":0,"x":0,"z":0},"position":{"y":4182916.56,"x":552584.17,"z":10.51},"volume":7.09,"type":"VEHICLE","velocity":{"y":0,"x":0,"z":0}},{"acceleration":{"y":0,"x":0,"z":0},"position":{"y":4182891.9,"x":552571.96,"z":10.51},"volume":2.96,"type":"VEHICLE","velocity":{"y":0,"x":0,"z":0}},{"acceleration":{"y":0,"x":0,"z":0},"position":{"y":4182906.87,"x":552576.37,"z":10.54},"volume":20.04,"type":"VEHICLE","velocity":{"y":0,"x":0,"z":0}}],[{"acceleration":{"y":0,"x":0,"z":0},"position":{"y":4182916.56,"x":552584.17,"z":10.51},"volume":7.11,"type":"VEHICLE","velocity":{"y":0,"x":0,"z":0}},{"acceleration":{"y":0,"x":0,"z":0},"position":{"y":4182891.32,"x":552571.64,"z":10.46},"volume":3.25,"type":"VEHICLE","velocity":{"y":0,"x":0,"z":0}},{"acceleration":{"y":0,"x":0,"z":0},"position":{"y":4182903.85,"x":552574.74,"z":10.4},"volume":101.22,"type":"VEHICLE","velocity":{"y":0,"x":0,"z":0}}],[{"acceleration":{"y":0,"x":0,"z":0},"position":{"y":4182916.57,"x":552584.17,"z":10.51},"volume":7.25,"type":"VEHICLE","velocity":{"y":0,"x":0,"z":0}},{"acceleration":{"y":0,"x":0,"z":0},"position":{"y":4182890.76,"x":552571.52,"z":10.39},"volume":4.12,"type":"VEHICLE","velocity":{"y":0,"x":0,"z":0}},{"acceleration":{"y":0,"x":0,"z":0},"position":{"y":4182905.83,"x":552575.79,"z":10.4},"volume":21.6,"type":"VEHICLE","velocity":{"y":0,"x":0,"z":0}}],[{"acceleration":{"y":0,"x":0,"z":0},"position":{"y":4182916.57,"x":552584.17,"z":10.51},"volume":7.23,"type":"VEHICLE","velocity":{"y":0,"x":0,"z":0}},{"acceleration":{"y":0,"x":0,"z":0},"position":{"y":4182890.14,"x":552570.69,"z":10.42},"volume":6.04,"type":"VEHICLE","velocity":{"y":0,"x":0,"z":0}},{"acceleration":{"y":0,"x":0,"z":0},"position":{"y":4182902.47,"x":552573.94,"z":10.53},"volume":86.85,"type":"VEHICLE","velocity":{"y":0,"x":0,"z":0}}],[{"acceleration":{"y":0,"x":0,"z":0},"position":{"y":4182916.57,"x":552584.17,"z":10.51},"volume":7.29,"type":"VEHICLE","velocity":{"y":0,"x":0,"z":0}},{"acceleration":{"y":0,"x":0,"z":0},"position":{"y":4182890.93,"x":552571.8,"z":10.42},"volume":2.84,"type":"VEHICLE","velocity":{"y":0,"x":0,"z":0}},{"acceleration":{"y":0,"x":0,"z":0},"position":{"y":4182900.91,"x":552573.21,"z":10.67},"volume":114.1,"type":"VEHICLE","velocity":{"y":0,"x":0,"z":0}}],[{"acceleration":{"y":0,"x":0,"z":0},"position":{"y":4182916.57,"x":552584.17,"z":10.51},"volume":7.27,"type":"VEHICLE","velocity":{"y":0,"x":0,"z":0}},{"acceleration":{"y":0,"x":0,"z":0},"position":{"y":4182890.54,"x":552571.41,"z":10.36},"volume":8.67,"type":"VEHICLE","velocity":{"y":0,"x":0,"z":0}},{"acceleration":{"y":0,"x":0,"z":0},"position":{"y":4182903.33,"x":552574.26,"z":10.58},"volume":22.06,"type":"VEHICLE","velocity":{"y":0,"x":0,"z":0}}],[{"acceleration":{"y":0,"x":0,"z":0},"position":{"y":4182916.57,"x":552584.17,"z":10.51},"volume":7.27,"type":"VEHICLE","velocity":{"y":0,"x":0,"z":0}},{"acceleration":{"y":0,"x":0,"z":0},"position":{"y":4182890.44,"x":552571.56,"z":10.36},"volume":10.23,"type":"VEHICLE","velocity":{"y":0,"x":0,"z":0}},{"acceleration":{"y":0,"x":0,"z":0},"position":{"y":4182899.65,"x":552572.69,"z":10.47},"volume":92.23,"type":"VEHICLE","velocity":{"y":0,"x":0,"z":0}}]],"action_description":"NPC vehicle (BoxTruck) switching lane (current to right)","ev_state":[-287.977447509766,10.1251020431519,433.903381347656,0,0.200000002980232,0,12,-1,359.937408447266,214.272232055664,-0.000982445664703846,0.0012236371706270837],"collision_probability":0}
 timestamp= 1619791925000 [RUN] Validate G1 Guard Condition: 
The ego vehicle E Detection.Collision == True.
 timestamp= 1619791925000 [RES] Global Validate result: 
false
 timestamp= 1619791925000 [RUN] Validate G2 Guard Condition: 
The ego vehicle E Detection.OffRoad == True.
 timestamp= 1619791925000 [RES] Global Validate result: 
false
 timestamp= 1619791925000 [RUN] Validate G3 Guard Condition: 
The ego vehicle E Detection.HardBrake == True.
 timestamp= 1619791925000 [RES] Global Validate result: 
false
 timestamp= 1619791925000 [RUN] Validate G4 Guard Condition: 
The ego vehicle E Detection.ArrivalTest == True.
 timestamp= 1619791925000 [RES] Global Validate result: 
false
 timestamp= 1619791925000 [RUN] Validate step: 
The test system VALIDATES THAT the Apollo A Status.GetControl is nearly equal to {"acceleration": 0.21, "throttle": 15.7, "steering_target": -0.7, "brake": 0.0, "steering_rate": 100.0, "speed": 0.0}
 timestamp= 1619791925000 [RES] Validate result: 
true
 timestamp= 1619791925000 [RUN] Generate steps
 timestamp= 1619791925000 [RUN] Validate step: 
The test system VALIDATES THAT the simulator S Status.GetEnvironment is nearly equal to {"x": -287.98, "y": 10.13, "z": 433.9, "rain": 0.0, "fog": 0.2, "wetness": 0.0, "timeofday": 12.0, "signal": -1.0, "rx": 359.94, "ry": 214.27, "rz": -0.0, "speed": 0.0}
 timestamp= 1619791925000 [RES] Validate result: 
true
 timestamp= 1619791925000 [RUN] Execute API step: 
The environment controller C INVOKES API Control.Agents.NPCVehicle.NPCVehicleSwitchLane(which_lane=Right_Lane&which_car=SUV).
 timestamp= 1619791929000 [RES] API result: 
{"pose_arr":[{"vx":0,"ay":-0.01,"az":9.81,"ax":0.02,"pz":10.12,"vy":0,"px":552586.77,"py":4182921.04},{"vx":0,"ay":0.01,"az":9.81,"ax":-0.02,"pz":10.12,"vy":0,"px":552586.77,"py":4182921.04},{"vx":0,"ay":-0.12,"az":9.83,"ax":0.16,"pz":10.12,"vy":0,"px":552586.77,"py":4182921.04},{"vx":0,"ay":0,"az":9.81,"ax":0,"pz":10.12,"vy":0,"px":552586.77,"py":4182921.04},{"vx":0,"ay":0.13,"az":9.78,"ax":-0.17,"pz":10.12,"vy":0,"px":552586.77,"py":4182921.04},{"vx":0,"ay":-0.01,"az":9.81,"ax":0.02,"pz":10.12,"vy":0,"px":552586.77,"py":4182921.04},{"vx":0,"ay":-0.25,"az":9.83,"ax":0.35,"pz":10.12,"vy":0,"px":552586.77,"py":4182921.04},{"vx":0,"ay":-0.01,"az":9.81,"ax":0.01,"pz":10.12,"vy":0,"px":552586.77,"py":4182921.04},{"vx":0,"ay":0.01,"az":9.81,"ax":-0.02,"pz":10.12,"vy":0,"px":552586.77,"py":4182921.04}],"traffic_light":[3,3,3,1,1,1,1],"state_arr":[{"acceleration":0.21,"throttle":15.7,"steering_target":-0.7,"brake":0,"steering_rate":100,"speed":0},{"acceleration":0.21,"throttle":15.7,"steering_target":-0.7,"brake":0,"steering_rate":100,"speed":0},{"acceleration":0.21,"throttle":15.7,"steering_target":-0.7,"brake":0,"steering_rate":100,"speed":0},{"acceleration":0.21,"throttle":15.7,"steering_target":-0.7,"brake":0,"steering_rate":100,"speed":0},{"acceleration":0.21,"throttle":15.7,"steering_target":-0.7,"brake":0,"steering_rate":100,"speed":0},{"acceleration":0.21,"throttle":15.7,"steering_target":-0.7,"brake":0,"steering_rate":100,"speed":0},{"acceleration":0.21,"throttle":15.7,"steering_target":-0.7,"brake":0,"steering_rate":100,"speed":0},{"acceleration":0.21,"throttle":15.7,"steering_target":-0.7,"brake":0,"steering_rate":100,"speed":0},{"acceleration":0.21,"throttle":15.7,"steering_target":-0.7,"brake":0,"steering_rate":100,"speed":0}],"obstacle_arr":[[{"acceleration":{"y":0,"x":0,"z":0},"position":{"y":4182916.57,"x":552584.17,"z":10.51},"volume":7.26,"type":"VEHICLE","velocity":{"y":0,"x":0,"z":0}},{"acceleration":{"y":0,"x":0,"z":0},"position":{"y":4182890.7,"x":552571.32,"z":10.37},"volume":7.45,"type":"VEHICLE","velocity":{"y":0,"x":0,"z":0}},{"acceleration":{"y":0,"x":0,"z":0},"position":{"y":4182899.12,"x":552572.37,"z":10.44},"volume":98.17,"type":"VEHICLE","velocity":{"y":0,"x":0,"z":0}}],[{"acceleration":{"y":0,"x":0,"z":0},"position":{"y":4182916.57,"x":552584.17,"z":10.51},"volume":7.24,"type":"VEHICLE","velocity":{"y":0,"x":0,"z":0}},{"acceleration":{"y":0,"x":0,"z":0},"position":{"y":4182890.43,"x":552571.56,"z":10.36},"volume":10.21,"type":"VEHICLE","velocity":{"y":0,"x":0,"z":0}},{"acceleration":{"y":0,"x":0,"z":0},"position":{"y":4182898.92,"x":552572.23,"z":10.41},"volume":97.66,"type":"VEHICLE","velocity":{"y":0,"x":0,"z":0}},{"acceleration":{"y":0,"x":0,"z":0},"position":{"y":4182907.96,"x":552568.14,"z":10.49},"volume":5.7,"type":"VEHICLE","velocity":{"y":0,"x":0,"z":0}}],[{"acceleration":{"y":0,"x":0,"z":0},"position":{"y":4182916.57,"x":552584.17,"z":10.51},"volume":7.24,"type":"VEHICLE","velocity":{"y":0,"x":0,"z":0}},{"acceleration":{"y":0,"x":0,"z":0},"position":{"y":4182890.49,"x":552571.4,"z":10.36},"volume":8.49,"type":"VEHICLE","velocity":{"y":0,"x":0,"z":0}},{"acceleration":{"y":0,"x":0,"z":0},"position":{"y":4182898.85,"x":552572.19,"z":10.4},"volume":97.84,"type":"VEHICLE","velocity":{"y":0,"x":0,"z":0}},{"acceleration":{"y":-0.01,"x":-0.01,"z":0},"position":{"y":4182906.7,"x":552567.1,"z":10.5},"volume":4.95,"type":"VEHICLE","velocity":{"y":0,"x":0,"z":0}}],[{"acceleration":{"y":0,"x":0,"z":0},"position":{"y":4182916.57,"x":552584.17,"z":10.51},"volume":7.21,"type":"VEHICLE","velocity":{"y":0,"x":0,"z":0}},{"acceleration":{"y":0,"x":0,"z":0},"position":{"y":4182890.88,"x":552571.77,"z":10.41},"volume":2.71,"type":"VEHICLE","velocity":{"y":0,"x":0,"z":0}},{"acceleration":{"y":0,"x":0,"z":0},"position":{"y":4182901.39,"x":552573.36,"z":10.4},"volume":24.05,"type":"VEHICLE","velocity":{"y":0,"x":0,"z":0}},{"acceleration":{"y":-0.01,"x":-0.01,"z":0},"position":{"y":4182904.86,"x":552565.76,"z":10.36},"volume":5.25,"type":"VEHICLE","velocity":{"y":0,"x":0,"z":0}}],[{"acceleration":{"y":0,"x":0,"z":0},"position":{"y":4182916.57,"x":552584.17,"z":10.51},"volume":7.21,"type":"VEHICLE","velocity":{"y":0,"x":0,"z":0}},{"acceleration":{"y":0,"x":0,"z":0},"position":{"y":4182890.76,"x":552571.7,"z":10.37},"volume":2.6,"type":"VEHICLE","velocity":{"y":0,"x":0,"z":0}},{"acceleration":{"y":0,"x":0,"z":0},"position":{"y":4182898.73,"x":552572.34,"z":10.43},"volume":91.59,"type":"VEHICLE","velocity":{"y":0,"x":0,"z":0}},{"acceleration":{"y":-0.01,"x":0,"z":0},"position":{"y":4182903.42,"x":552564.93,"z":10.71},"volume":2.67,"type":"VEHICLE","velocity":{"y":0,"x":0,"z":0}}],[{"acceleration":{"y":0,"x":0,"z":0},"position":{"y":4182916.57,"x":552584.17,"z":10.51},"volume":7.21,"type":"VEHICLE","velocity":{"y":0,"x":0,"z":0}},{"acceleration":{"y":0,"x":0,"z":0},"position":{"y":4182890.6,"x":552571.61,"z":10.36},"volume":2.65,"type":"VEHICLE","velocity":{"y":0,"x":0,"z":0}},{"acceleration":{"y":0,"x":0,"z":0},"position":{"y":4182901.41,"x":552573.25,"z":10.4},"volume":17.94,"type":"VEHICLE","velocity":{"y":0,"x":0,"z":0}},{"acceleration":{"y":0,"x":0,"z":0},"position":{"y":4182901.8,"x":552563.67,"z":10.7},"volume":2.59,"type":"VEHICLE","velocity":{"y":0,"x":0,"z":0}}],[{"acceleration":{"y":0,"x":0,"z":0},"position":{"y":4182916.57,"x":552584.17,"z":10.51},"volume":7.2,"type":"VEHICLE","velocity":{"y":0,"x":0,"z":0}},{"acceleration":{"y":0,"x":0,"z":0},"position":{"y":4182890.59,"x":552571.63,"z":10.37},"volume":2.21,"type":"VEHICLE","velocity":{"y":0,"x":0,"z":0}},{"acceleration":{"y":0,"x":0,"z":0},"position":{"y":4182901.98,"x":552573.69,"z":10.52},"volume":6.82,"type":"VEHICLE","velocity":{"y":0,"x":0,"z":0}},{"acceleration":{"y":-0.01,"x":0,"z":0},"position":{"y":4182901.02,"x":552563.15,"z":10.55},"volume":1.8,"type":"VEHICLE","velocity":{"y":-1.14,"x":-0.87,"z":0}}],[{"acceleration":{"y":0,"x":0,"z":0},"position":{"y":4182916.57,"x":552584.17,"z":10.51},"volume":7.21,"type":"VEHICLE","velocity":{"y":0,"x":0,"z":0}},{"acceleration":{"y":0,"x":0,"z":0},"position":{"y":4182890.56,"x":552571.62,"z":10.37},"volume":2.1,"type":"VEHICLE","velocity":{"y":0,"x":0,"z":0}},{"acceleration":{"y":0,"x":0,"z":0},"position":{"y":4182901.97,"x":552573.68,"z":10.52},"volume":6.81,"type":"VEHICLE","velocity":{"y":0,"x":0,"z":0}},{"acceleration":{"y":0.89,"x":0.67,"z":0},"position":{"y":4182899.68,"x":552562.08,"z":10.39},"volume":4.44,"type":"VEHICLE","velocity":{"y":0,"x":0,"z":0}}]],"action_description":"NPC vehicle (SUV) switching lane (right to left)","ev_state":[-287.977416992188,10.1250915527344,433.903381347656,0,0.200000002980232,0,12,1,359.939819335938,214.283493041992,-0.000562655448447913,0.0017952848874196851],"collision_probability":0}
 timestamp= 1619791929000 [RUN] Validate G1 Guard Condition: 
The ego vehicle E Detection.Collision == True.
 timestamp= 1619791929000 [RES] Global Validate result: 
false
 timestamp= 1619791929000 [RUN] Validate G2 Guard Condition: 
The ego vehicle E Detection.OffRoad == True.
 timestamp= 1619791929000 [RES] Global Validate result: 
true
 timestamp= 1619791929000 [RUN] OffRoad == True
 timestamp= 1619791929000 [RUN] The simulator S INVOKES API Command.Simulation.Stop() to stop simulation.
 timestamp= 1619791929000 [WARNING] The test system Stop the Simulator S!
 timestamp= 1619791929000 [RUN] ABORT.
 timestamp= 1619791929000 [ERROR] The test system Abort!
 timestamp= 1619791929000 [RUN] Validate G3 Guard Condition: 
The ego vehicle E Detection.HardBrake == True.
 timestamp= 1619791929000 [RES] Global Validate result: 
false
 timestamp= 1619791929000 [RUN] Validate G4 Guard Condition: 
The ego vehicle E Detection.ArrivalTest == True.
 timestamp= 1619791929000 [RES] Global Validate result: 
false
 timestamp= 1619791929000 [RES] Basic PostCondition Validate result: 
false
 timestamp= 1619791929000 [STOP] numberOfStep: 25 basicFlow: 
[{"name":"","description":"","eClass":"Sentence","content":"The test system VALIDATES THAT the simulator S Status.GetEnvironment is nearly equal to {\"x\": -248.04, \"y\": 10.12, \"z\": 467.59, \"rain\": 0.0, \"fog\": 0.0, \"wetness\": 0.0, \"timeofday\": 12.0, \"signal\": 1.0, \"rx\": 359.94, \"ry\": 304.46, \"rz\": 359.98, \"speed\": 3.11}","natures":[]},{"name":"","description":"","eClass":"Sentence","content":"The environment controller C INVOKES API Control.Weather.Fog(fog_level=Light).","natures":[]},{"name":"","description":"","eClass":"Sentence","content":"The test system VALIDATES THAT the Apollo A Status.GetControl is nearly equal to {\"acceleration\": -0.34, \"throttle\": 0.0, \"steering_target\": 56.19, \"brake\": 14.5, \"steering_rate\": 100.0, \"speed\": 2.86}","natures":[]},{"name":"","description":"","eClass":"Sentence","content":"The test system VALIDATES THAT the simulator S Status.GetEnvironment is nearly equal to {\"x\": -258.78, \"y\": 10.12, \"z\": 470.33, \"rain\": 0.0, \"fog\": 0.2, \"wetness\": 0.0, \"timeofday\": 12.0, \"signal\": 1.0, \"rx\": 0.01, \"ry\": 257.45, \"rz\": 359.71, \"speed\": 2.81}","natures":[]},{"name":"","description":"","eClass":"Sentence","content":"The environment controller C INVOKES API Control.Weather.Fog(fog_level=Light).","natures":[]},{"name":"","description":"","eClass":"Sentence","content":"The test system VALIDATES THAT the Apollo A Status.GetControl is nearly equal to {\"acceleration\": 1.01, \"throttle\": 24.97, \"steering_target\": 0.92, \"brake\": 0.0, \"steering_rate\": 100.0, \"speed\": 5.09}","natures":[]},{"name":"","description":"","eClass":"Sentence","content":"The test system VALIDATES THAT the simulator S Status.GetEnvironment is nearly equal to {\"x\": -269.34, \"y\": 10.12, \"z\": 460.4, \"rain\": 0.0, \"fog\": 0.2, \"wetness\": 0.0, \"timeofday\": 12.0, \"signal\": 0.0, \"rx\": 359.96, \"ry\": 218.56, \"rz\": 0.01, \"speed\": 5.1}","natures":[]},{"name":"","description":"","eClass":"Sentence","content":"The environment controller C INVOKES API Control.Agents.NPCVehicle.NPCVehicleSwitchLane(which_lane=Left_Lane&which_car=Jeep).","natures":[]},{"name":"","description":"","eClass":"Sentence","content":"The test system VALIDATES THAT the Apollo A Status.GetControl is nearly equal to {\"acceleration\": -2.67, \"throttle\": 0.0, \"steering_target\": -0.23, \"brake\": 36.25, \"steering_rate\": 100.0, \"speed\": 6.67}","natures":[]},{"name":"","description":"","eClass":"Sentence","content":"The test system VALIDATES THAT the simulator S Status.GetEnvironment is nearly equal to {\"x\": -285.34, \"y\": 10.12, \"z\": 437.75, \"rain\": 0.0, \"fog\": 0.2, \"wetness\": 0.0, \"timeofday\": 12.0, \"signal\": -1.0, \"rx\": 0.1, \"ry\": 214.25, \"rz\": 359.99, \"speed\": 6.44}","natures":[]},{"name":"","description":"","eClass":"Sentence","content":"The environment controller C INVOKES API Control.Agents.NPCVehicle.NPCVehicleSwitchLane(which_lane=Left_Lane&which_car=SUV).","natures":[]},{"name":"","description":"","eClass":"Sentence","content":"The test system VALIDATES THAT the Apollo A Status.GetControl is nearly equal to {\"acceleration\": 0.22, \"throttle\": 15.7, \"steering_target\": -0.7, \"brake\": 0.0, \"steering_rate\": 100.0, \"speed\": 0.0}","natures":[]},{"name":"","description":"","eClass":"Sentence","content":"The test system VALIDATES THAT the simulator S Status.GetEnvironment is nearly equal to {\"x\": -287.98, \"y\": 10.13, \"z\": 433.9, \"rain\": 0.0, \"fog\": 0.2, \"wetness\": 0.0, \"timeofday\": 12.0, \"signal\": -1.0, \"rx\": 359.92, \"ry\": 214.24, \"rz\": -0.01, \"speed\": 0.0}","natures":[]},{"name":"","description":"","eClass":"Sentence","content":"The environment controller C INVOKES API Control.Agents.NPCVehicle.NPCVehicleMaintainLane(which_lane=Left_Lane&which_car=SUV).","natures":[]},{"name":"","description":"","eClass":"Sentence","content":"The test system VALIDATES THAT the Apollo A Status.GetControl is nearly equal to {\"acceleration\": 0.21, \"throttle\": 15.7, \"steering_target\": -0.7, \"brake\": 0.0, \"steering_rate\": 100.0, \"speed\": 0.0}","natures":[]},{"name":"","description":"","eClass":"Sentence","content":"The test system VALIDATES THAT the simulator S Status.GetEnvironment is nearly equal to {\"x\": -287.98, \"y\": 10.13, \"z\": 433.9, \"rain\": 0.0, \"fog\": 0.2, \"wetness\": 0.0, \"timeofday\": 12.0, \"signal\": -1.0, \"rx\": 359.93, \"ry\": 214.25, \"rz\": -0.0, \"speed\": 0.0}","natures":[]},{"name":"","description":"","eClass":"Sentence","content":"The environment controller C INVOKES API Control.Agents.NPCVehicle.NPCVehicleSwitchLane(which_lane=Current_Lane&which_car=Sedan).","natures":[]},{"name":"","description":"","eClass":"Sentence","content":"The test system VALIDATES THAT the Apollo A Status.GetControl is nearly equal to {\"acceleration\": 0.21, \"throttle\": 15.7, \"steering_target\": -0.7, \"brake\": 0.0, \"steering_rate\": 100.0, \"speed\": 0.0}","natures":[]},{"name":"","description":"","eClass":"Sentence","content":"The test system VALIDATES THAT the simulator S Status.GetEnvironment is nearly equal to {\"x\": -287.98, \"y\": 10.13, \"z\": 433.9, \"rain\": 0.0, \"fog\": 0.2, \"wetness\": 0.0, \"timeofday\": 12.0, \"signal\": -1.0, \"rx\": 359.94, \"ry\": 214.26, \"rz\": -0.0, \"speed\": 0.0}","natures":[]},{"name":"","description":"","eClass":"Sentence","content":"The environment controller C INVOKES API Control.Agents.NPCVehicle.NPCVehicleSwitchLane(which_lane=Current_Lane&which_car=BoxTruck).","natures":[]},{"name":"","description":"","eClass":"Sentence","content":"The test system VALIDATES THAT the Apollo A Status.GetControl is nearly equal to {\"acceleration\": 0.21, \"throttle\": 15.7, \"steering_target\": -0.7, \"brake\": 0.0, \"steering_rate\": 100.0, \"speed\": 0.0}","natures":[]},{"name":"","description":"","eClass":"Sentence","content":"The test system VALIDATES THAT the simulator S Status.GetEnvironment is nearly equal to {\"x\": -287.98, \"y\": 10.13, \"z\": 433.9, \"rain\": 0.0, \"fog\": 0.2, \"wetness\": 0.0, \"timeofday\": 12.0, \"signal\": -1.0, \"rx\": 359.94, \"ry\": 214.27, \"rz\": -0.0, \"speed\": 0.0}","natures":[]},{"name":"","description":"","eClass":"Sentence","content":"The environment controller C INVOKES API Control.Agents.NPCVehicle.NPCVehicleSwitchLane(which_lane=Right_Lane&which_car=SUV).","natures":[]},{"name":"","description":"","eClass":"Sentence","content":"The test system VALIDATES THAT the Apollo A Status.GetControl is nearly equal to {\"acceleration\": 0.21, \"throttle\": 15.7, \"steering_target\": -0.7, \"brake\": 0.0, \"steering_rate\": 100.0, \"speed\": 0.0}","natures":[]},{"name":"","description":"","eClass":"Sentence","content":"","natures":[]}]
