 timestamp= 1619781431000 [START] Now Run TCS Maintain Lane On Road1 Mode: dynamic Roadnum: 1 Second: 4
 timestamp= 1619781431000 [SUCCESS] TCS Check Success 
 timestamp= 1619781434000 [RUN] Run BasicFlow
 timestamp= 1619781434000 [RUN] Generate steps
 timestamp= 1619781434000 [RUN] Validate step: 
The test system VALIDATES THAT the simulator S Status.GetEnvironment is nearly equal to {"x": 213.01, "y": 10.12, "z": 200.72, "rain": 0.0, "fog": 0.0, "wetness": 0.0, "timeofday": 12.0, "signal": -1.0, "rx": 359.9, "ry": 258.5, "rz": 0.11, "speed": 4.67}
 timestamp= 1619781434000 [RES] Validate result: 
true
 timestamp= 1619781434000 [RUN] Execute API step: 
The environment controller C INVOKES API Control.Agents.Pedestrians.WalkRandomly(which_lane=Left_Lane).
 timestamp= 1619781437000 [RES] API result: 
{"pose_arr":[{"vx":-0.83,"ay":2.94,"az":9.79,"ax":-0.67,"pz":10.12,"vy":-0.83,"px":553088.31,"py":4182687},{"vx":0.58,"ay":1.95,"az":9.85,"ax":-4.84,"pz":10.12,"vy":0.58,"px":553085.91,"py":4182686.8},{"vx":-0.4,"ay":0.88,"az":9.81,"ax":0,"pz":10.12,"vy":-0.4,"px":553082.21,"py":4182686.79},{"vx":0.08,"ay":0.59,"az":9.8,"ax":0,"pz":10.12,"vy":0.08,"px":553077.95,"py":4182686.56},{"vx":0.11,"ay":0,"az":9.81,"ax":0,"pz":10.12,"vy":0.11,"px":553074.81,"py":4182686.59},{"vx":-0.01,"ay":0.39,"az":9.84,"ax":0.01,"pz":10.12,"vy":-0.01,"px":553070.06,"py":4182686.51},{"vx":0.19,"ay":0.24,"az":9.79,"ax":0.01,"pz":10.12,"vy":0.19,"px":553065.07,"py":4182686.55}],"traffic_light":[0,0,3,3,1,0],"state_arr":[{"acceleration":0.28,"throttle":15.7,"steering_target":-63.23,"brake":0,"steering_rate":100,"speed":4.58},{"acceleration":0.95,"throttle":15.7,"steering_target":20.53,"brake":0,"steering_rate":100,"speed":5.25},{"acceleration":1.02,"throttle":26.6,"steering_target":-5.93,"brake":0,"steering_rate":100,"speed":5.47},{"acceleration":0.92,"throttle":15.7,"steering_target":-8.62,"brake":0,"steering_rate":100,"speed":5.9},{"acceleration":0.75,"throttle":19.88,"steering_target":-0.52,"brake":0,"steering_rate":100,"speed":6.63},{"acceleration":-0.27,"throttle":0,"steering_target":-0.29,"brake":14.5,"steering_rate":100,"speed":6.91},{"acceleration":0.67,"throttle":15.7,"steering_target":-4.88,"brake":0,"steering_rate":100,"speed":6.8}],"obstacle_arr":[[],[],[],[{"acceleration":{"y":0,"x":0,"z":0},"position":{"y":4182680.6,"x":553069.65,"z":10.45},"volume":0.06,"type":"PEDESTRIAN","velocity":{"y":0.21,"x":0.71,"z":0}}],[{"acceleration":{"y":0,"x":0,"z":0},"position":{"y":4182681.09,"x":553070.38,"z":10.37},"volume":0.27,"type":"PEDESTRIAN","velocity":{"y":0.22,"x":0.71,"z":0}}],[{"acceleration":{"y":0,"x":-0.01,"z":0},"position":{"y":4182681.67,"x":553069.48,"z":10.1},"volume":0.57,"type":"PEDESTRIAN","velocity":{"y":0.41,"x":-0.4,"z":0}}],[{"acceleration":{"y":0.22,"x":-0.65,"z":0},"position":{"y":4182682.5,"x":553070.3,"z":10.43},"volume":0.13,"type":"PEDESTRIAN","velocity":{"y":0.6,"x":-0.81,"z":0}}]],"action_description":"Pedestrian crossing the road (left to right)","ev_state":[189.604431152344,10.1241312026978,200.56217956543,0,0,0,12,-1,0.00349512253887951,271.219421386719,0.0625899210572243,6.795599572981813],"collision_probability":0}
 timestamp= 1619781437000 [RUN] Validate G1 Guard Condition: 
The ego vehicle E Detection.Collision == True.
 timestamp= 1619781437000 [RES] Global Validate result: 
false
 timestamp= 1619781437000 [RUN] Validate G2 Guard Condition: 
The ego vehicle E Detection.OffRoad == True.
 timestamp= 1619781437000 [RES] Global Validate result: 
false
 timestamp= 1619781437000 [RUN] Validate G3 Guard Condition: 
The ego vehicle E Detection.HardBrake == True.
 timestamp= 1619781437000 [RES] Global Validate result: 
false
 timestamp= 1619781437000 [RUN] Validate G4 Guard Condition: 
The ego vehicle E Detection.ArrivalTest == True.
 timestamp= 1619781437000 [RES] Global Validate result: 
false
 timestamp= 1619781437000 [RUN] Validate step: 
The test system VALIDATES THAT the Apollo A Status.GetControl is nearly equal to {"acceleration": 0.67, "throttle": 15.7, "steering_target": -4.88, "brake": 0.0, "steering_rate": 100.0, "speed": 6.8}
 timestamp= 1619781437000 [RES] Validate result: 
true
 timestamp= 1619781437000 [RUN] Generate steps
 timestamp= 1619781437000 [RUN] Validate step: 
The test system VALIDATES THAT the simulator S Status.GetEnvironment is nearly equal to {"x": 189.6, "y": 10.12, "z": 200.56, "rain": 0.0, "fog": 0.0, "wetness": 0.0, "timeofday": 12.0, "signal": -1.0, "rx": 0.0, "ry": 271.22, "rz": 0.06, "speed": 6.8}
 timestamp= 1619781437000 [RES] Validate result: 
true
 timestamp= 1619781437000 [RUN] Execute API step: 
The environment controller C INVOKES API Control.Agents.NPCVehicle.NPCVehicleSwitchLane(which_lane=Right_Lane&which_car=Sedan).
 timestamp= 1619781441000 [RES] API result: 
{"pose_arr":[{"vx":0.37,"ay":1.21,"az":9.8,"ax":-0.15,"pz":10.12,"vy":0.37,"px":553062.39,"py":4182686.63},{"vx":0.06,"ay":0.23,"az":9.81,"ax":0.28,"pz":10.12,"vy":0.06,"px":553057.7,"py":4182686.83},{"vx":0.33,"ay":0.25,"az":9.81,"ax":-0.3,"pz":10.12,"vy":0.33,"px":553054.05,"py":4182686.9},{"vx":0.07,"ay":0.36,"az":9.81,"ax":0.03,"pz":10.12,"vy":0.07,"px":553047.19,"py":4182687.06},{"vx":0.16,"ay":0.23,"az":9.81,"ax":0,"pz":10.12,"vy":0.16,"px":553042.34,"py":4182687.12},{"vx":0,"ay":-1.37,"az":9.83,"ax":0.01,"pz":10.13,"vy":0,"px":553037.34,"py":4182687.18}],"traffic_light":[3,3,3,3,2,2],"state_arr":[{"acceleration":0.46,"throttle":16.89,"steering_target":0.82,"brake":0,"steering_rate":100,"speed":7.35},{"acceleration":0.5,"throttle":19.99,"steering_target":-2.55,"brake":0,"steering_rate":100,"speed":7.48},{"acceleration":0.61,"throttle":15.7,"steering_target":3.8,"brake":0,"steering_rate":100,"speed":7.6},{"acceleration":0.23,"throttle":15.7,"steering_target":-1.76,"brake":0,"steering_rate":100,"speed":7.77},{"acceleration":-0.01,"throttle":0,"steering_target":0.7,"brake":14.81,"steering_rate":100,"speed":7.9},{"acceleration":-1.23,"throttle":0,"steering_target":0.74,"brake":22.07,"steering_rate":100,"speed":7.8},{"acceleration":-1.03,"throttle":0,"steering_target":-0.79,"brake":20.31,"steering_rate":100,"speed":6.77}],"obstacle_arr":[[{"acceleration":{"y":0.26,"x":-0.19,"z":0},"position":{"y":4182682.9,"x":553070.4,"z":10.42},"volume":0.09,"type":"PEDESTRIAN","velocity":{"y":0.71,"x":-0.99,"z":0}}],[{"acceleration":{"y":0.13,"x":0.22,"z":0},"position":{"y":4182683.39,"x":553070.88,"z":10.51},"volume":0.06,"type":"PEDESTRIAN","velocity":{"y":0.82,"x":-0.94,"z":0}},{"acceleration":{"y":0,"x":0,"z":0},"position":{"y":4182695.27,"x":553044.68,"z":10.38},"volume":7.55,"type":"VEHICLE","velocity":{"y":0,"x":0,"z":0}}],[{"acceleration":{"y":0,"x":0,"z":0},"position":{"y":4182694.8,"x":553042.84,"z":10.3},"volume":8.1,"type":"VEHICLE","velocity":{"y":0,"x":0,"z":0}}],[{"acceleration":{"y":0,"x":0,"z":0},"position":{"y":4182693.9,"x":553039.83,"z":10.36},"volume":8.04,"type":"VEHICLE","velocity":{"y":0,"x":0,"z":0}}],[{"acceleration":{"y":-0.64,"x":-1.79,"z":0},"position":{"y":4182692.81,"x":553037.01,"z":10.33},"volume":9.94,"type":"VEHICLE","velocity":{"y":-0.18,"x":-0.52,"z":0}}],[{"acceleration":{"y":-0.71,"x":-2.4,"z":0},"position":{"y":4182691.97,"x":553034.36,"z":10.35},"volume":11.22,"type":"VEHICLE","velocity":{"y":-0.72,"x":-2.16,"z":0}}],[{"acceleration":{"y":-0.63,"x":-2.22,"z":0},"position":{"y":4182691.62,"x":553033.21,"z":10.33},"volume":9.85,"type":"VEHICLE","velocity":{"y":-1.18,"x":-3.81,"z":0}}]],"action_description":"NPC vehicle (Sedan) switching lane (right to left)","ev_state":[159.423950195313,10.1241302490234,201.162536621094,0,0,0,12,0,0.0983637347817421,270.102416992188,0.0142486235126853,6.768528169649799],"collision_probability":0.06}
 timestamp= 1619781441000 [RUN] Validate G1 Guard Condition: 
The ego vehicle E Detection.Collision == True.
 timestamp= 1619781441000 [RES] Global Validate result: 
false
 timestamp= 1619781441000 [RUN] Validate G2 Guard Condition: 
The ego vehicle E Detection.OffRoad == True.
 timestamp= 1619781441000 [RES] Global Validate result: 
false
 timestamp= 1619781441000 [RUN] Validate G3 Guard Condition: 
The ego vehicle E Detection.HardBrake == True.
 timestamp= 1619781441000 [RES] Global Validate result: 
false
 timestamp= 1619781441000 [RUN] Validate G4 Guard Condition: 
The ego vehicle E Detection.ArrivalTest == True.
 timestamp= 1619781441000 [RES] Global Validate result: 
false
 timestamp= 1619781441000 [RUN] Validate step: 
The test system VALIDATES THAT the Apollo A Status.GetControl is nearly equal to {"acceleration": -1.03, "throttle": 0.0, "steering_target": -0.79, "brake": 20.31, "steering_rate": 100.0, "speed": 6.77}
 timestamp= 1619781441000 [RES] Validate result: 
true
 timestamp= 1619781441000 [RUN] Generate steps
 timestamp= 1619781441000 [RUN] Validate step: 
The test system VALIDATES THAT the simulator S Status.GetEnvironment is nearly equal to {"x": 159.42, "y": 10.12, "z": 201.16, "rain": 0.0, "fog": 0.0, "wetness": 0.0, "timeofday": 12.0, "signal": 0.0, "rx": 0.1, "ry": 270.1, "rz": 0.01, "speed": 6.77}
 timestamp= 1619781441000 [RES] Validate result: 
true
 timestamp= 1619781441000 [RUN] Execute API step: 
The environment controller C INVOKES API Control.Agents.NPCVehicle.NPCVehicleMaintainLane(which_lane=Current_Lane&which_car=SchoolBus).
 timestamp= 1619781444000 [RES] API result: 
{"pose_arr":[{"vx":0.03,"ay":-1.67,"az":9.82,"ax":-0.11,"pz":10.13,"vy":0.03,"px":553034.39,"py":4182687.18},{"vx":0,"ay":-3.18,"az":9.99,"ax":0.22,"pz":10.1,"vy":0,"px":553031.12,"py":4182687.2},{"vx":0,"ay":1.17,"az":9.81,"ax":0,"pz":10.12,"vy":0,"px":553031.04,"py":4182687.19},{"vx":0,"ay":0.15,"az":9.82,"ax":0,"pz":10.12,"vy":0,"px":553030.93,"py":4182687.2},{"vx":0,"ay":0.33,"az":9.81,"ax":0,"pz":10.12,"vy":0,"px":553030.93,"py":4182687.2},{"vx":0,"ay":0,"az":9.81,"ax":0,"pz":10.12,"vy":0,"px":553030.93,"py":4182687.2},{"vx":0,"ay":-0.04,"az":9.81,"ax":0,"pz":10.12,"vy":0,"px":553030.93,"py":4182687.2}],"traffic_light":[0,0,0,0,0,0],"state_arr":[{"acceleration":-3.06,"throttle":0,"steering_target":0.87,"brake":39.31,"steering_rate":100,"speed":6.03},{"acceleration":-2.52,"throttle":0,"steering_target":0.57,"brake":68.83,"steering_rate":100,"speed":0.01},{"acceleration":0.75,"throttle":69.43,"steering_target":-1.21,"brake":0,"steering_rate":100,"speed":0.24},{"acceleration":0.8,"throttle":71.96,"steering_target":-0.99,"brake":0,"steering_rate":100,"speed":0},{"acceleration":0.84,"throttle":71.22,"steering_target":-0.99,"brake":0,"steering_rate":100,"speed":0},{"acceleration":0.83,"throttle":71.38,"steering_target":-0.99,"brake":0,"steering_rate":100,"speed":0},{"acceleration":0.83,"throttle":71.37,"steering_target":-0.99,"brake":0,"steering_rate":100,"speed":0}],"obstacle_arr":[[{"acceleration":{"y":-0.28,"x":-1.46,"z":0},"position":{"y":4182691.61,"x":553032.91,"z":10.32},"volume":16.73,"type":"VEHICLE","velocity":{"y":-1.41,"x":-4.77,"z":0}}],[{"acceleration":{"y":-0.04,"x":-0.79,"z":0},"position":{"y":4182691.52,"x":553032.25,"z":10.34},"volume":19.18,"type":"VEHICLE","velocity":{"y":-1.48,"x":-5.46,"z":0}},{"acceleration":{"y":0,"x":0,"z":0},"position":{"y":4182687.3,"x":553027.45,"z":10.6},"volume":2.65,"type":"VEHICLE","velocity":{"y":0,"x":0,"z":0}}],[{"acceleration":{"y":0.01,"x":-0.01,"z":0},"position":{"y":4182691.22,"x":553032.52,"z":10.34},"volume":10.5,"type":"VEHICLE","velocity":{"y":0,"x":0,"z":0}}],[{"acceleration":{"y":0,"x":0,"z":0},"position":{"y":4182691.16,"x":553032.36,"z":10.35},"volume":10.88,"type":"VEHICLE","velocity":{"y":0,"x":0,"z":0}}],[{"acceleration":{"y":0,"x":0,"z":0},"position":{"y":4182691.32,"x":553032.51,"z":10.35},"volume":13.32,"type":"VEHICLE","velocity":{"y":0,"x":0,"z":0}},{"acceleration":{"y":0,"x":0,"z":0},"position":{"y":4182666.94,"x":553008.43,"z":10.41},"volume":1.94,"type":"VEHICLE","velocity":{"y":0,"x":0,"z":0}}],[{"acceleration":{"y":0,"x":0,"z":0},"position":{"y":4182691.2,"x":553032.35,"z":10.35},"volume":10.9,"type":"VEHICLE","velocity":{"y":0,"x":0,"z":0}},{"acceleration":{"y":0,"x":0,"z":0},"position":{"y":4182666.94,"x":553008.42,"z":10.41},"volume":1.91,"type":"VEHICLE","velocity":{"y":0,"x":0,"z":0}}]],"action_description":"NPC vehicle (SchoolBus) driving on the current lane","ev_state":[155.593933105469,10.1236419677734,201.185699462891,0,0,0,12,-1,359.668701171875,270.424530029297,0.039746880531311,0.0002934676195849073],"collision_probability":1}
 timestamp= 1619781444000 [RUN] Validate G1 Guard Condition: 
The ego vehicle E Detection.Collision == True.
 timestamp= 1619781444000 [RES] Global Validate result: 
true
 timestamp= 1619781444000 [RUN] Collision == True
 timestamp= 1619781444000 [RUN] Validate G2 Guard Condition: 
The ego vehicle E Detection.OffRoad == True.
 timestamp= 1619781444000 [RES] Global Validate result: 
false
 timestamp= 1619781444000 [RUN] Validate G3 Guard Condition: 
The ego vehicle E Detection.HardBrake == True.
 timestamp= 1619781444000 [RES] Global Validate result: 
true
 timestamp= 1619781444000 [RUN] HardBrake == True
 timestamp= 1619781444000 [RUN] RESUME STEP @preStep
 timestamp= 1619781444000 [RUN] Resume step basicflow7
 timestamp= 1619781444000 [RUN] Validate G4 Guard Condition: 
The ego vehicle E Detection.ArrivalTest == True.
 timestamp= 1619781444000 [RES] Global Validate result: 
false
 timestamp= 1619781444000 [RUN] Validate step: 
The test system VALIDATES THAT the Apollo A Status.GetControl is nearly equal to {"acceleration": 0.83, "throttle": 71.37, "steering_target": -0.99, "brake": 0.0, "steering_rate": 100.0, "speed": 0.0}
 timestamp= 1619781444000 [RES] Validate result: 
true
 timestamp= 1619781444000 [RUN] Generate steps
 timestamp= 1619781444000 [RUN] Validate step: 
The test system VALIDATES THAT the simulator S Status.GetEnvironment is nearly equal to {"x": 155.59, "y": 10.12, "z": 201.19, "rain": 0.0, "fog": 0.0, "wetness": 0.0, "timeofday": 12.0, "signal": -1.0, "rx": 359.67, "ry": 270.42, "rz": 0.04, "speed": 0.0}
 timestamp= 1619781444000 [RES] Validate result: 
true
 timestamp= 1619781444000 [RUN] Execute API step: 
The environment controller C INVOKES API Control.Weather.Fog(fog_level=Light).
 timestamp= 1619781448000 [RES] API result: 
{"pose_arr":[{"vx":0,"ay":0,"az":9.81,"ax":0,"pz":10.12,"vy":0,"px":553030.93,"py":4182687.2},{"vx":0,"ay":-0.04,"az":9.81,"ax":0,"pz":10.12,"vy":0,"px":553030.93,"py":4182687.2},{"vx":0,"ay":0,"az":9.81,"ax":0,"pz":10.12,"vy":0,"px":553030.93,"py":4182687.2},{"vx":0,"ay":0,"az":9.81,"ax":0,"pz":10.12,"vy":0,"px":553030.93,"py":4182687.2},{"vx":0,"ay":0.02,"az":9.81,"ax":0,"pz":10.12,"vy":0,"px":553030.93,"py":4182687.2},{"vx":0,"ay":-0.23,"az":9.8,"ax":0,"pz":10.12,"vy":0,"px":553030.93,"py":4182687.2},{"vx":0,"ay":0,"az":9.81,"ax":0,"pz":10.12,"vy":0,"px":553030.93,"py":4182687.2}],"traffic_light":[0,0,0,0,0,0],"state_arr":[{"acceleration":0.83,"throttle":71.32,"steering_target":-0.99,"brake":0,"steering_rate":100,"speed":0},{"acceleration":0.83,"throttle":71.27,"steering_target":-0.99,"brake":0,"steering_rate":100,"speed":0},{"acceleration":0.84,"throttle":71.26,"steering_target":-0.99,"brake":0,"steering_rate":100,"speed":0},{"acceleration":0.82,"throttle":71.63,"steering_target":-0.99,"brake":0,"steering_rate":100,"speed":0},{"acceleration":0,"throttle":0,"steering_target":0,"brake":50,"steering_rate":0,"speed":0},{"acceleration":0.79,"throttle":72.13,"steering_target":-0.99,"brake":0,"steering_rate":100,"speed":0},{"acceleration":0.76,"throttle":72.78,"steering_target":-0.99,"brake":0,"steering_rate":100,"speed":0}],"obstacle_arr":[[{"acceleration":{"y":0,"x":0,"z":0},"position":{"y":4182691.27,"x":553032.48,"z":10.35},"volume":11.94,"type":"VEHICLE","velocity":{"y":0,"x":0,"z":0}},{"acceleration":{"y":0,"x":0,"z":0},"position":{"y":4182666.94,"x":553008.43,"z":10.41},"volume":1.94,"type":"VEHICLE","velocity":{"y":0,"x":0,"z":0}}],[{"acceleration":{"y":0,"x":0,"z":0},"position":{"y":4182691.27,"x":553032.53,"z":10.35},"volume":11.46,"type":"VEHICLE","velocity":{"y":0,"x":0,"z":0}},{"acceleration":{"y":0,"x":0,"z":0},"position":{"y":4182666.95,"x":553008.44,"z":10.41},"volume":1.97,"type":"VEHICLE","velocity":{"y":0,"x":0,"z":0}}],[{"acceleration":{"y":0,"x":0,"z":0},"position":{"y":4182691.24,"x":553032.48,"z":10.35},"volume":11.45,"type":"VEHICLE","velocity":{"y":0,"x":0,"z":0}},{"acceleration":{"y":0,"x":0,"z":0},"position":{"y":4182667.06,"x":553008.47,"z":10.42},"volume":1.75,"type":"VEHICLE","velocity":{"y":0,"x":0,"z":0}}],[{"acceleration":{"y":0,"x":0,"z":0},"position":{"y":4182691.25,"x":553032.48,"z":10.35},"volume":11.54,"type":"VEHICLE","velocity":{"y":0,"x":0,"z":0}},{"acceleration":{"y":0,"x":0,"z":0},"position":{"y":4182666.95,"x":553008.51,"z":10.42},"volume":2.14,"type":"VEHICLE","velocity":{"y":0,"x":0,"z":0}}],[{"acceleration":{"y":0,"x":0,"z":0},"position":{"y":4182691.28,"x":553032.53,"z":10.35},"volume":11.51,"type":"VEHICLE","velocity":{"y":0,"x":0,"z":0}},{"acceleration":{"y":0,"x":0,"z":0},"position":{"y":4182666.95,"x":553008.5,"z":10.42},"volume":2.12,"type":"VEHICLE","velocity":{"y":0,"x":0,"z":0}}],[{"acceleration":{"y":0,"x":0,"z":0},"position":{"y":4182691.23,"x":553032.44,"z":10.35},"volume":10.68,"type":"VEHICLE","velocity":{"y":0,"x":0,"z":0}},{"acceleration":{"y":0,"x":0,"z":0},"position":{"y":4182667.14,"x":553008.52,"z":10.43},"volume":1.66,"type":"VEHICLE","velocity":{"y":0,"x":0,"z":0}},{"acceleration":{"y":0,"x":0,"z":0},"position":{"y":4182666.98,"x":553002.97,"z":10.18},"volume":1.27,"type":"VEHICLE","velocity":{"y":0,"x":0,"z":0}}],[{"acceleration":{"y":0,"x":0,"z":0},"position":{"y":4182691.26,"x":553032.52,"z":10.35},"volume":11.83,"type":"VEHICLE","velocity":{"y":0,"x":0,"z":0}},{"acceleration":{"y":0,"x":0,"z":0},"position":{"y":4182667.16,"x":553008.54,"z":10.42},"volume":1.57,"type":"VEHICLE","velocity":{"y":0,"x":0,"z":0}}]],"action_description":"Light fog","ev_state":[155.593627929688,10.1231250762939,201.185684204102,0,0.200000002980232,0,12,-1,359.690887451172,270.439056396484,0.0372359715402126,0.00044137700566633905],"collision_probability":0.026}
 timestamp= 1619781448000 [RUN] Validate G1 Guard Condition: 
The ego vehicle E Detection.Collision == True.
 timestamp= 1619781448000 [RES] Global Validate result: 
false
 timestamp= 1619781448000 [RUN] Validate G2 Guard Condition: 
The ego vehicle E Detection.OffRoad == True.
 timestamp= 1619781448000 [RES] Global Validate result: 
false
 timestamp= 1619781448000 [RUN] Validate G3 Guard Condition: 
The ego vehicle E Detection.HardBrake == True.
 timestamp= 1619781448000 [RES] Global Validate result: 
false
 timestamp= 1619781448000 [RUN] Validate G4 Guard Condition: 
The ego vehicle E Detection.ArrivalTest == True.
 timestamp= 1619781448000 [RES] Global Validate result: 
false
 timestamp= 1619781448000 [RUN] Validate step: 
The test system VALIDATES THAT the Apollo A Status.GetControl is nearly equal to {"acceleration": 0.76, "throttle": 72.78, "steering_target": -0.99, "brake": 0.0, "steering_rate": 100.0, "speed": 0.0}
 timestamp= 1619781448000 [RES] Validate result: 
true
 timestamp= 1619781448000 [RUN] Generate steps
 timestamp= 1619781448000 [RUN] Validate step: 
The test system VALIDATES THAT the simulator S Status.GetEnvironment is nearly equal to {"x": 155.59, "y": 10.12, "z": 201.19, "rain": 0.0, "fog": 0.2, "wetness": 0.0, "timeofday": 12.0, "signal": -1.0, "rx": 359.69, "ry": 270.44, "rz": 0.04, "speed": 0.0}
 timestamp= 1619781448000 [RES] Validate result: 
true
 timestamp= 1619781448000 [RUN] Execute API step: 
The environment controller C INVOKES API Control.Agents.NPCVehicle.NPCVehicleSwitchLane(which_lane=Left_Lane&which_car=Hatchback).
 timestamp= 1619781452000 [RES] API result: 
{"pose_arr":[{"vx":-0.01,"ay":2.87,"az":9.54,"ax":0.17,"pz":10.11,"vy":-0.01,"px":553030.97,"py":4182687.19},{"vx":0.01,"ay":0,"az":9.81,"ax":0,"pz":10.11,"vy":0.01,"px":553030.92,"py":4182687.2},{"vx":0.01,"ay":0.01,"az":9.81,"ax":0,"pz":10.12,"vy":0.01,"px":553030.92,"py":4182687.2},{"vx":0.01,"ay":0,"az":9.81,"ax":0,"pz":10.12,"vy":0.01,"px":553030.93,"py":4182687.21},{"vx":0.01,"ay":-0.03,"az":9.81,"ax":0,"pz":10.12,"vy":0.01,"px":553030.93,"py":4182687.22},{"vx":0.01,"ay":-0.02,"az":9.81,"ax":0,"pz":10.12,"vy":0.01,"px":553030.93,"py":4182687.22},{"vx":0.01,"ay":0.21,"az":9.8,"ax":0,"pz":10.12,"vy":0.01,"px":553030.93,"py":4182687.22}],"traffic_light":[0,0,0,0,0],"state_arr":[{"acceleration":0.76,"throttle":72.78,"steering_target":-0.99,"brake":0,"steering_rate":100,"speed":0},{"acceleration":0.56,"throttle":92.34,"steering_target":-83.97,"brake":0,"steering_rate":100,"speed":0.38},{"acceleration":0.76,"throttle":72.59,"steering_target":-77.2,"brake":0,"steering_rate":100,"speed":0.01},{"acceleration":0.77,"throttle":72.43,"steering_target":-77.2,"brake":0,"steering_rate":100,"speed":0.01},{"acceleration":0.79,"throttle":71.93,"steering_target":-77.2,"brake":0,"steering_rate":100,"speed":0.01},{"acceleration":0.8,"throttle":71.63,"steering_target":-77.2,"brake":0,"steering_rate":100,"speed":0.01},{"acceleration":0.8,"throttle":71.71,"steering_target":-77.2,"brake":0,"steering_rate":100,"speed":0.01},{"acceleration":0.77,"throttle":72.29,"steering_target":-77.2,"brake":0,"steering_rate":100,"speed":0.01}],"obstacle_arr":[[{"acceleration":{"y":0,"x":0,"z":0},"position":{"y":4182691.26,"x":553032.48,"z":10.35},"volume":11.73,"type":"VEHICLE","velocity":{"y":0,"x":0,"z":0}},{"acceleration":{"y":0,"x":0,"z":0},"position":{"y":4182667.16,"x":553008.54,"z":10.42},"volume":1.58,"type":"VEHICLE","velocity":{"y":0,"x":0,"z":0}}],[{"acceleration":{"y":0,"x":0,"z":0},"position":{"y":4182691.3,"x":553032.28,"z":10.34},"volume":12.75,"type":"VEHICLE","velocity":{"y":0,"x":0,"z":0}}],[{"acceleration":{"y":0,"x":0,"z":0},"position":{"y":4182691.36,"x":553032.39,"z":10.33},"volume":12.14,"type":"VEHICLE","velocity":{"y":0,"x":0,"z":0}},{"acceleration":{"y":-0.01,"x":0.01,"z":0},"position":{"y":4182673.46,"x":553010.23,"z":10.09},"volume":4.19,"type":"VEHICLE","velocity":{"y":0,"x":0,"z":0}}],[{"acceleration":{"y":0,"x":0,"z":0},"position":{"y":4182691.35,"x":553032.35,"z":10.33},"volume":11.64,"type":"VEHICLE","velocity":{"y":0,"x":0,"z":0}}],[{"acceleration":{"y":0,"x":0,"z":0},"position":{"y":4182691.35,"x":553032.33,"z":10.33},"volume":11.78,"type":"VEHICLE","velocity":{"y":0,"x":0,"z":0}},{"acceleration":{"y":-0.01,"x":0,"z":0},"position":{"y":4182665.71,"x":553014.49,"z":10.5},"volume":2.95,"type":"VEHICLE","velocity":{"y":0,"x":0,"z":0}}],[{"acceleration":{"y":0,"x":0,"z":0},"position":{"y":4182691.36,"x":553032.35,"z":10.33},"volume":11.64,"type":"VEHICLE","velocity":{"y":0,"x":0,"z":0}},{"acceleration":{"y":-0.01,"x":0.01,"z":0},"position":{"y":4182658.07,"x":553020.9,"z":10.24},"volume":2.64,"type":"VEHICLE","velocity":{"y":0,"x":0,"z":0}}],[{"acceleration":{"y":0,"x":0,"z":0},"position":{"y":4182691.37,"x":553032.36,"z":10.32},"volume":11.73,"type":"VEHICLE","velocity":{"y":0,"x":0,"z":0}}]],"action_description":"NPC vehicle (SchoolBus) switching lane (left to right)","ev_state":[155.593536376953,10.1246938705444,201.237915039063,0,0.200000002980232,0,12,-1,359.634643554688,271.393768310547,0.432615369558334,0.007279679525300379],"collision_probability":1}
 timestamp= 1619781452000 [RUN] Validate G1 Guard Condition: 
The ego vehicle E Detection.Collision == True.
 timestamp= 1619781452000 [RES] Global Validate result: 
true
 timestamp= 1619781452000 [RUN] Collision == True
 timestamp= 1619781452000 [RUN] Validate G2 Guard Condition: 
The ego vehicle E Detection.OffRoad == True.
 timestamp= 1619781452000 [RES] Global Validate result: 
false
 timestamp= 1619781452000 [RUN] Validate G3 Guard Condition: 
The ego vehicle E Detection.HardBrake == True.
 timestamp= 1619781452000 [RES] Global Validate result: 
false
 timestamp= 1619781452000 [RUN] Validate G4 Guard Condition: 
The ego vehicle E Detection.ArrivalTest == True.
 timestamp= 1619781452000 [RES] Global Validate result: 
false
 timestamp= 1619781452000 [RUN] Validate step: 
The test system VALIDATES THAT the Apollo A Status.GetControl is nearly equal to {"acceleration": 0.77, "throttle": 72.29, "steering_target": -77.2, "brake": 0.0, "steering_rate": 100.0, "speed": 0.01}
 timestamp= 1619781452000 [RES] Validate result: 
true
 timestamp= 1619781452000 [RUN] Generate steps
 timestamp= 1619781452000 [RUN] Validate step: 
The test system VALIDATES THAT the simulator S Status.GetEnvironment is nearly equal to {"x": 155.59, "y": 10.12, "z": 201.24, "rain": 0.0, "fog": 0.2, "wetness": 0.0, "timeofday": 12.0, "signal": -1.0, "rx": 359.63, "ry": 271.39, "rz": 0.43, "speed": 0.01}
 timestamp= 1619781452000 [RES] Validate result: 
true
 timestamp= 1619781452000 [RUN] Execute API step: 
The environment controller C INVOKES API Control.Agents.NPCVehicle.NPCVehicleMaintainLane(which_lane=Current_Lane&which_car=Jeep).
 timestamp= 1619781456000 [RES] API result: 
{"pose_arr":[{"vx":0.72,"ay":3.84,"az":1.87,"ax":-21.35,"pz":10.11,"vy":0.72,"px":553036.44,"py":4182687.59},{"vx":-0.06,"ay":13.87,"az":9.82,"ax":-16.37,"pz":10.13,"vy":-0.06,"px":553040.49,"py":4182689.27},{"vx":-0.42,"ay":2.58,"az":9.79,"ax":2.99,"pz":10.13,"vy":-0.42,"px":553041.15,"py":4182688.51},{"vx":0,"ay":0,"az":9.81,"ax":0,"pz":10.13,"vy":0,"px":553041.18,"py":4182688.48},{"vx":0,"ay":0,"az":9.81,"ax":0,"pz":10.12,"vy":0,"px":553041.18,"py":4182688.48},{"vx":0,"ay":0,"az":9.81,"ax":0,"pz":10.12,"vy":0,"px":553041.18,"py":4182688.48}],"traffic_light":[0,0,0,0,0,0,0],"state_arr":[{"acceleration":-1.31,"throttle":0,"steering_target":2.51,"brake":26.04,"steering_rate":100,"speed":15.1},{"acceleration":0,"throttle":0,"steering_target":0,"brake":50,"steering_rate":0,"speed":0},{"acceleration":0,"throttle":0,"steering_target":0,"brake":50,"steering_rate":0,"speed":0},{"acceleration":0,"throttle":0,"steering_target":0,"brake":50,"steering_rate":0,"speed":0},{"acceleration":0,"throttle":0,"steering_target":0,"brake":50,"steering_rate":0,"speed":0},{"acceleration":0,"throttle":0,"steering_target":0,"brake":50,"steering_rate":0,"speed":0},{"acceleration":0,"throttle":0,"steering_target":0,"brake":50,"steering_rate":0,"speed":0}],"obstacle_arr":[[{"acceleration":{"y":0,"x":0,"z":0},"position":{"y":4182691.94,"x":553030.74,"z":10.26},"volume":14.01,"type":"VEHICLE","velocity":{"y":0,"x":0,"z":0}}],[{"acceleration":{"y":-0.01,"x":0,"z":0},"position":{"y":4182692.73,"x":553032.67,"z":9.84},"volume":13.78,"type":"VEHICLE","velocity":{"y":0,"x":0,"z":0}}],[{"acceleration":{"y":0,"x":0,"z":0},"position":{"y":4182691.26,"x":553032.28,"z":10.3},"volume":10.21,"type":"VEHICLE","velocity":{"y":0,"x":0,"z":0}}],[{"acceleration":{"y":0,"x":0,"z":0},"position":{"y":4182691.19,"x":553032.03,"z":10.32},"volume":10.79,"type":"VEHICLE","velocity":{"y":0,"x":0,"z":0}}],[{"acceleration":{"y":0,"x":0,"z":0},"position":{"y":4182691.25,"x":553032.27,"z":10.33},"volume":9.02,"type":"VEHICLE","velocity":{"y":0,"x":0,"z":0}}],[{"acceleration":{"y":0,"x":0,"z":0},"position":{"y":4182691.15,"x":553032.23,"z":10.33},"volume":9.88,"type":"VEHICLE","velocity":{"y":0,"x":0,"z":0}}],[{"acceleration":{"y":0,"x":0,"z":0},"position":{"y":4182691.06,"x":553032.21,"z":10.14},"volume":11.13,"type":"VEHICLE","velocity":{"y":0,"x":0,"z":0}}]],"action_description":"NPC vehicle (Jeep) driving on the current lane","ev_state":[168.109664916992,10.1248025894165,201.469299316406,0,0.200000002980232,0,12,-1,0.00000597434609517222,137.177719116211,-0.0000175062796188286,0.00003638257826112285],"collision_probability":0}
 timestamp= 1619781456000 [RUN] Validate G1 Guard Condition: 
The ego vehicle E Detection.Collision == True.
 timestamp= 1619781456000 [RES] Global Validate result: 
false
 timestamp= 1619781456000 [RUN] Validate G2 Guard Condition: 
The ego vehicle E Detection.OffRoad == True.
 timestamp= 1619781456000 [RES] Global Validate result: 
false
 timestamp= 1619781456000 [RUN] Validate G3 Guard Condition: 
The ego vehicle E Detection.HardBrake == True.
 timestamp= 1619781456000 [RES] Global Validate result: 
true
 timestamp= 1619781456000 [RUN] HardBrake == True
 timestamp= 1619781456000 [RUN] RESUME STEP @preStep
 timestamp= 1619781456000 [RUN] Resume step basicflow16
 timestamp= 1619781456000 [RUN] Validate G4 Guard Condition: 
The ego vehicle E Detection.ArrivalTest == True.
 timestamp= 1619781456000 [RES] Global Validate result: 
false
 timestamp= 1619781456000 [RUN] Validate step: 
The test system VALIDATES THAT the Apollo A Status.GetControl is nearly equal to {"acceleration": 0.0, "throttle": 0.0, "steering_target": 0.0, "brake": 50.0, "steering_rate": 0.0, "speed": 0.0}
 timestamp= 1619781456000 [RES] Validate result: 
true
 timestamp= 1619781456000 [RUN] Generate steps
 timestamp= 1619781456000 [RUN] Validate step: 
The test system VALIDATES THAT the simulator S Status.GetEnvironment is nearly equal to {"x": 168.11, "y": 10.12, "z": 201.47, "rain": 0.0, "fog": 0.2, "wetness": 0.0, "timeofday": 12.0, "signal": -1.0, "rx": 0.0, "ry": 137.18, "rz": -0.0, "speed": 0.0}
 timestamp= 1619781456000 [RES] Validate result: 
true
 timestamp= 1619781456000 [RUN] Execute API step: 
The environment controller C INVOKES API Control.Weather.Wetness(wetness_level=Heavy).
 timestamp= 1619781459000 [RES] API result: 
{"pose_arr":[{"vx":0,"ay":0,"az":9.81,"ax":0,"pz":10.12,"vy":0,"px":553041.18,"py":4182688.48},{"vx":0,"ay":0,"az":9.81,"ax":0,"pz":10.12,"vy":0,"px":553041.18,"py":4182688.48},{"vx":0,"ay":0,"az":9.81,"ax":0,"pz":10.12,"vy":0,"px":553041.18,"py":4182688.48},{"vx":0,"ay":0,"az":9.81,"ax":0,"pz":10.12,"vy":0,"px":553041.18,"py":4182688.48},{"vx":0,"ay":0,"az":9.81,"ax":0,"pz":10.12,"vy":0,"px":553041.18,"py":4182688.48},{"vx":0,"ay":0,"az":9.81,"ax":0,"pz":10.12,"vy":0,"px":553041.18,"py":4182688.48},{"vx":0,"ay":0,"az":9.81,"ax":0,"pz":10.12,"vy":0,"px":553041.18,"py":4182688.48}],"traffic_light":[0,0,0,0,0,0],"state_arr":[{"acceleration":0,"throttle":0,"steering_target":0,"brake":50,"steering_rate":0,"speed":0},{"acceleration":0,"throttle":0,"steering_target":0,"brake":50,"steering_rate":0,"speed":0},{"acceleration":0,"throttle":0,"steering_target":0,"brake":50,"steering_rate":0,"speed":0},{"acceleration":0,"throttle":0,"steering_target":0,"brake":50,"steering_rate":0,"speed":0},{"acceleration":0,"throttle":0,"steering_target":0,"brake":50,"steering_rate":0,"speed":0},{"acceleration":0,"throttle":0,"steering_target":0,"brake":50,"steering_rate":0,"speed":0},{"acceleration":0,"throttle":0,"steering_target":0,"brake":50,"steering_rate":0,"speed":0}],"obstacle_arr":[[{"acceleration":{"y":0,"x":0,"z":0},"position":{"y":4182691.05,"x":553032.16,"z":10.14},"volume":11.54,"type":"VEHICLE","velocity":{"y":0,"x":0,"z":0}}],[{"acceleration":{"y":0,"x":0,"z":0},"position":{"y":4182691.07,"x":553032.21,"z":10.33},"volume":9.76,"type":"VEHICLE","velocity":{"y":0,"x":0,"z":0}}],[{"acceleration":{"y":0,"x":0,"z":0},"position":{"y":4182691.04,"x":553032.22,"z":10.33},"volume":9.68,"type":"VEHICLE","velocity":{"y":0,"x":0,"z":0}}],[{"acceleration":{"y":0,"x":0,"z":0},"position":{"y":4182691.22,"x":553032.21,"z":10.33},"volume":9.34,"type":"VEHICLE","velocity":{"y":0,"x":0,"z":0}}],[{"acceleration":{"y":0,"x":0,"z":0},"position":{"y":4182691.23,"x":553032.2,"z":10.33},"volume":9.44,"type":"VEHICLE","velocity":{"y":0,"x":0,"z":0}}],[{"acceleration":{"y":0,"x":0,"z":0},"position":{"y":4182691.22,"x":553032.21,"z":10.33},"volume":9.31,"type":"VEHICLE","velocity":{"y":0,"x":0,"z":0}}]],"action_description":"Heavy wetness","ev_state":[168.109664916992,10.1248044967651,201.469299316406,0,0,1,12,-1,0.0000163223121489864,137.177719116211,-4.7143495862656e-7,0.000026504659947702937],"collision_probability":0}
 timestamp= 1619781459000 [RUN] Validate G1 Guard Condition: 
The ego vehicle E Detection.Collision == True.
 timestamp= 1619781459000 [RES] Global Validate result: 
false
 timestamp= 1619781459000 [RUN] Validate G2 Guard Condition: 
The ego vehicle E Detection.OffRoad == True.
 timestamp= 1619781459000 [RES] Global Validate result: 
false
 timestamp= 1619781459000 [RUN] Validate G3 Guard Condition: 
The ego vehicle E Detection.HardBrake == True.
 timestamp= 1619781459000 [RES] Global Validate result: 
false
 timestamp= 1619781459000 [RUN] Validate G4 Guard Condition: 
The ego vehicle E Detection.ArrivalTest == True.
 timestamp= 1619781459000 [RES] Global Validate result: 
false
 timestamp= 1619781459000 [RUN] Validate step: 
The test system VALIDATES THAT the Apollo A Status.GetControl is nearly equal to {"acceleration": 0.0, "throttle": 0.0, "steering_target": 0.0, "brake": 50.0, "steering_rate": 0.0, "speed": 0.0}
 timestamp= 1619781459000 [RES] Validate result: 
true
 timestamp= 1619781459000 [RUN] Generate steps
 timestamp= 1619781459000 [RUN] Validate step: 
The test system VALIDATES THAT the simulator S Status.GetEnvironment is nearly equal to {"x": 168.11, "y": 10.12, "z": 201.47, "rain": 0.0, "fog": 0.0, "wetness": 1.0, "timeofday": 12.0, "signal": -1.0, "rx": 0.0, "ry": 137.18, "rz": -0.0, "speed": 0.0}
 timestamp= 1619781459000 [RES] Validate result: 
true
 timestamp= 1619781459000 [RUN] Execute API step: 
The environment controller C INVOKES API Control.Agents.NPCVehicle.NPCVehicleSwitchLane(which_lane=Current_Lane&which_car=Sedan).
 timestamp= 1619781463000 [RES] API result: 
{"pose_arr":[{"vx":0,"ay":0,"az":9.81,"ax":0,"pz":10.12,"vy":0,"px":553041.18,"py":4182688.48},{"vx":0,"ay":0,"az":9.81,"ax":0,"pz":10.12,"vy":0,"px":553041.18,"py":4182688.48},{"vx":0,"ay":0,"az":9.81,"ax":0,"pz":10.12,"vy":0,"px":553041.18,"py":4182688.48},{"vx":0,"ay":0,"az":9.81,"ax":0,"pz":10.12,"vy":0,"px":553041.18,"py":4182688.48},{"vx":0,"ay":0,"az":9.81,"ax":0,"pz":10.12,"vy":0,"px":553041.18,"py":4182688.48},{"vx":0,"ay":0,"az":9.81,"ax":0,"pz":10.12,"vy":0,"px":553041.18,"py":4182688.48},{"vx":0,"ay":0,"az":9.81,"ax":0,"pz":10.12,"vy":0,"px":553041.18,"py":4182688.48}],"traffic_light":[0,0,0,0,0,0,0],"state_arr":[{"acceleration":0,"throttle":0,"steering_target":0,"brake":50,"steering_rate":0,"speed":0},{"acceleration":0,"throttle":0,"steering_target":0,"brake":50,"steering_rate":0,"speed":0},{"acceleration":0,"throttle":0,"steering_target":0,"brake":50,"steering_rate":0,"speed":0},{"acceleration":0,"throttle":0,"steering_target":0,"brake":50,"steering_rate":0,"speed":0},{"acceleration":0,"throttle":0,"steering_target":0,"brake":50,"steering_rate":0,"speed":0},{"acceleration":0,"throttle":0,"steering_target":0,"brake":50,"steering_rate":0,"speed":0},{"acceleration":0,"throttle":0,"steering_target":0,"brake":50,"steering_rate":0,"speed":0},{"acceleration":0,"throttle":0,"steering_target":0,"brake":50,"steering_rate":0,"speed":0}],"obstacle_arr":[[{"acceleration":{"y":0,"x":0,"z":0},"position":{"y":4182691.22,"x":553032.21,"z":10.33},"volume":9.34,"type":"VEHICLE","velocity":{"y":0,"x":0,"z":0}}],[{"acceleration":{"y":0,"x":0,"z":0},"position":{"y":4182691.22,"x":553032.21,"z":10.33},"volume":9.29,"type":"VEHICLE","velocity":{"y":0,"x":0,"z":0}},{"acceleration":{"y":0,"x":0,"z":0},"position":{"y":4182672.9,"x":553055.53,"z":10.14},"volume":6.43,"type":"VEHICLE","velocity":{"y":0,"x":0,"z":0}}],[{"acceleration":{"y":0,"x":0,"z":0},"position":{"y":4182691.22,"x":553032.21,"z":10.33},"volume":9.37,"type":"VEHICLE","velocity":{"y":0,"x":0,"z":0}},{"acceleration":{"y":0,"x":0,"z":0},"position":{"y":4182672.68,"x":553056.97,"z":10.11},"volume":7.37,"type":"VEHICLE","velocity":{"y":0,"x":0,"z":0}}],[{"acceleration":{"y":0,"x":0,"z":0},"position":{"y":4182691.22,"x":553032.21,"z":10.33},"volume":9.37,"type":"VEHICLE","velocity":{"y":0,"x":0,"z":0}},{"acceleration":{"y":0,"x":0,"z":0},"position":{"y":4182672.82,"x":553058.01,"z":10.11},"volume":7.61,"type":"VEHICLE","velocity":{"y":0,"x":0,"z":0}}],[{"acceleration":{"y":0,"x":0,"z":0},"position":{"y":4182691.22,"x":553032.21,"z":10.33},"volume":9.34,"type":"VEHICLE","velocity":{"y":0,"x":0,"z":0}},{"acceleration":{"y":0.03,"x":0.94,"z":0},"position":{"y":4182672.97,"x":553059.25,"z":10.11},"volume":5.56,"type":"VEHICLE","velocity":{"y":0.03,"x":1.05,"z":0}}],[{"acceleration":{"y":0,"x":0,"z":0},"position":{"y":4182691.22,"x":553032.21,"z":10.33},"volume":9.37,"type":"VEHICLE","velocity":{"y":0,"x":0,"z":0}},{"acceleration":{"y":0.18,"x":2.8,"z":0},"position":{"y":4182673.49,"x":553062.62,"z":10.3},"volume":6.27,"type":"VEHICLE","velocity":{"y":0.33,"x":3.58,"z":0}}],[{"acceleration":{"y":0,"x":0,"z":0},"position":{"y":4182691.22,"x":553032.21,"z":10.33},"volume":9.37,"type":"VEHICLE","velocity":{"y":0,"x":0,"z":0}},{"acceleration":{"y":0.59,"x":1.91,"z":0},"position":{"y":4182674.12,"x":553065.71,"z":10.12},"volume":6.42,"type":"VEHICLE","velocity":{"y":0.6,"x":5.36,"z":0}}]],"action_description":"NPC vehicle (Sedan) switching lane (current to right)","ev_state":[168.109664916992,10.1248035430908,201.469299316406,0,0,1,12,1,0.00000573276020077174,137.177719116211,-0.0000169530139828566,0.00004741880512114491],"collision_probability":0}
 timestamp= 1619781463000 [RUN] Validate G1 Guard Condition: 
The ego vehicle E Detection.Collision == True.
 timestamp= 1619781463000 [RES] Global Validate result: 
false
 timestamp= 1619781463000 [RUN] Validate G2 Guard Condition: 
The ego vehicle E Detection.OffRoad == True.
 timestamp= 1619781463000 [RES] Global Validate result: 
true
 timestamp= 1619781463000 [RUN] OffRoad == True
 timestamp= 1619781463000 [RUN] The simulator S INVOKES API Command.Simulation.Stop() to stop simulation.
 timestamp= 1619781463000 [WARNING] The test system Stop the Simulator S!
 timestamp= 1619781463000 [RUN] ABORT.
 timestamp= 1619781463000 [ERROR] The test system Abort!
 timestamp= 1619781463000 [RUN] Validate G3 Guard Condition: 
The ego vehicle E Detection.HardBrake == True.
 timestamp= 1619781463000 [RES] Global Validate result: 
false
 timestamp= 1619781463000 [RUN] Validate G4 Guard Condition: 
The ego vehicle E Detection.ArrivalTest == True.
 timestamp= 1619781463000 [RES] Global Validate result: 
false
 timestamp= 1619781463000 [RES] Basic PostCondition Validate result: 
false
 timestamp= 1619781463000 [STOP] numberOfStep: 25 basicFlow: 
[{"name":"","description":"","eClass":"Sentence","content":"The test system VALIDATES THAT the simulator S Status.GetEnvironment is nearly equal to {\"x\": 213.01, \"y\": 10.12, \"z\": 200.72, \"rain\": 0.0, \"fog\": 0.0, \"wetness\": 0.0, \"timeofday\": 12.0, \"signal\": -1.0, \"rx\": 359.9, \"ry\": 258.5, \"rz\": 0.11, \"speed\": 4.67}","natures":[]},{"name":"","description":"","eClass":"Sentence","content":"The environment controller C INVOKES API Control.Agents.Pedestrians.WalkRandomly(which_lane=Left_Lane).","natures":[]},{"name":"","description":"","eClass":"Sentence","content":"The test system VALIDATES THAT the Apollo A Status.GetControl is nearly equal to {\"acceleration\": 0.67, \"throttle\": 15.7, \"steering_target\": -4.88, \"brake\": 0.0, \"steering_rate\": 100.0, \"speed\": 6.8}","natures":[]},{"name":"","description":"","eClass":"Sentence","content":"The test system VALIDATES THAT the simulator S Status.GetEnvironment is nearly equal to {\"x\": 189.6, \"y\": 10.12, \"z\": 200.56, \"rain\": 0.0, \"fog\": 0.0, \"wetness\": 0.0, \"timeofday\": 12.0, \"signal\": -1.0, \"rx\": 0.0, \"ry\": 271.22, \"rz\": 0.06, \"speed\": 6.8}","natures":[]},{"name":"","description":"","eClass":"Sentence","content":"The environment controller C INVOKES API Control.Agents.NPCVehicle.NPCVehicleSwitchLane(which_lane=Right_Lane&which_car=Sedan).","natures":[]},{"name":"","description":"","eClass":"Sentence","content":"The test system VALIDATES THAT the Apollo A Status.GetControl is nearly equal to {\"acceleration\": -1.03, \"throttle\": 0.0, \"steering_target\": -0.79, \"brake\": 20.31, \"steering_rate\": 100.0, \"speed\": 6.77}","natures":[]},{"name":"","description":"","eClass":"Sentence","content":"The test system VALIDATES THAT the simulator S Status.GetEnvironment is nearly equal to {\"x\": 159.42, \"y\": 10.12, \"z\": 201.16, \"rain\": 0.0, \"fog\": 0.0, \"wetness\": 0.0, \"timeofday\": 12.0, \"signal\": 0.0, \"rx\": 0.1, \"ry\": 270.1, \"rz\": 0.01, \"speed\": 6.77}","natures":[]},{"name":"","description":"","eClass":"Sentence","content":"The environment controller C INVOKES API Control.Agents.NPCVehicle.NPCVehicleMaintainLane(which_lane=Current_Lane&which_car=SchoolBus).","natures":[]},{"name":"","description":"","eClass":"Sentence","content":"The test system VALIDATES THAT the Apollo A Status.GetControl is nearly equal to {\"acceleration\": 0.83, \"throttle\": 71.37, \"steering_target\": -0.99, \"brake\": 0.0, \"steering_rate\": 100.0, \"speed\": 0.0}","natures":[]},{"name":"","description":"","eClass":"Sentence","content":"The test system VALIDATES THAT the simulator S Status.GetEnvironment is nearly equal to {\"x\": 155.59, \"y\": 10.12, \"z\": 201.19, \"rain\": 0.0, \"fog\": 0.0, \"wetness\": 0.0, \"timeofday\": 12.0, \"signal\": -1.0, \"rx\": 359.67, \"ry\": 270.42, \"rz\": 0.04, \"speed\": 0.0}","natures":[]},{"name":"","description":"","eClass":"Sentence","content":"The environment controller C INVOKES API Control.Weather.Fog(fog_level=Light).","natures":[]},{"name":"","description":"","eClass":"Sentence","content":"The test system VALIDATES THAT the Apollo A Status.GetControl is nearly equal to {\"acceleration\": 0.76, \"throttle\": 72.78, \"steering_target\": -0.99, \"brake\": 0.0, \"steering_rate\": 100.0, \"speed\": 0.0}","natures":[]},{"name":"","description":"","eClass":"Sentence","content":"The test system VALIDATES THAT the simulator S Status.GetEnvironment is nearly equal to {\"x\": 155.59, \"y\": 10.12, \"z\": 201.19, \"rain\": 0.0, \"fog\": 0.2, \"wetness\": 0.0, \"timeofday\": 12.0, \"signal\": -1.0, \"rx\": 359.69, \"ry\": 270.44, \"rz\": 0.04, \"speed\": 0.0}","natures":[]},{"name":"","description":"","eClass":"Sentence","content":"The environment controller C INVOKES API Control.Agents.NPCVehicle.NPCVehicleSwitchLane(which_lane=Left_Lane&which_car=Hatchback).","natures":[]},{"name":"","description":"","eClass":"Sentence","content":"The test system VALIDATES THAT the Apollo A Status.GetControl is nearly equal to {\"acceleration\": 0.77, \"throttle\": 72.29, \"steering_target\": -77.2, \"brake\": 0.0, \"steering_rate\": 100.0, \"speed\": 0.01}","natures":[]},{"name":"","description":"","eClass":"Sentence","content":"The test system VALIDATES THAT the simulator S Status.GetEnvironment is nearly equal to {\"x\": 155.59, \"y\": 10.12, \"z\": 201.24, \"rain\": 0.0, \"fog\": 0.2, \"wetness\": 0.0, \"timeofday\": 12.0, \"signal\": -1.0, \"rx\": 359.63, \"ry\": 271.39, \"rz\": 0.43, \"speed\": 0.01}","natures":[]},{"name":"","description":"","eClass":"Sentence","content":"The environment controller C INVOKES API Control.Agents.NPCVehicle.NPCVehicleMaintainLane(which_lane=Current_Lane&which_car=Jeep).","natures":[]},{"name":"","description":"","eClass":"Sentence","content":"The test system VALIDATES THAT the Apollo A Status.GetControl is nearly equal to {\"acceleration\": 0.0, \"throttle\": 0.0, \"steering_target\": 0.0, \"brake\": 50.0, \"steering_rate\": 0.0, \"speed\": 0.0}","natures":[]},{"name":"","description":"","eClass":"Sentence","content":"The test system VALIDATES THAT the simulator S Status.GetEnvironment is nearly equal to {\"x\": 168.11, \"y\": 10.12, \"z\": 201.47, \"rain\": 0.0, \"fog\": 0.2, \"wetness\": 0.0, \"timeofday\": 12.0, \"signal\": -1.0, \"rx\": 0.0, \"ry\": 137.18, \"rz\": -0.0, \"speed\": 0.0}","natures":[]},{"name":"","description":"","eClass":"Sentence","content":"The environment controller C INVOKES API Control.Weather.Wetness(wetness_level=Heavy).","natures":[]},{"name":"","description":"","eClass":"Sentence","content":"The test system VALIDATES THAT the Apollo A Status.GetControl is nearly equal to {\"acceleration\": 0.0, \"throttle\": 0.0, \"steering_target\": 0.0, \"brake\": 50.0, \"steering_rate\": 0.0, \"speed\": 0.0}","natures":[]},{"name":"","description":"","eClass":"Sentence","content":"The test system VALIDATES THAT the simulator S Status.GetEnvironment is nearly equal to {\"x\": 168.11, \"y\": 10.12, \"z\": 201.47, \"rain\": 0.0, \"fog\": 0.0, \"wetness\": 1.0, \"timeofday\": 12.0, \"signal\": -1.0, \"rx\": 0.0, \"ry\": 137.18, \"rz\": -0.0, \"speed\": 0.0}","natures":[]},{"name":"","description":"","eClass":"Sentence","content":"The environment controller C INVOKES API Control.Agents.NPCVehicle.NPCVehicleSwitchLane(which_lane=Current_Lane&which_car=Sedan).","natures":[]},{"name":"","description":"","eClass":"Sentence","content":"The test system VALIDATES THAT the Apollo A Status.GetControl is nearly equal to {\"acceleration\": 0.0, \"throttle\": 0.0, \"steering_target\": 0.0, \"brake\": 50.0, \"steering_rate\": 0.0, \"speed\": 0.0}","natures":[]},{"name":"","description":"","eClass":"Sentence","content":"","natures":[]}]
