 timestamp= 1619790993000 [START] Now Run TCS Maintain Lane On Road1 Mode: dynamic Roadnum: 3 Second: 4
 timestamp= 1619790993000 [SUCCESS] TCS Check Success 
 timestamp= 1619790996000 [RUN] Run BasicFlow
 timestamp= 1619790996000 [RUN] Generate steps
 timestamp= 1619790996000 [RUN] Validate step: 
The test system VALIDATES THAT the simulator S Status.GetEnvironment is nearly equal to {"x": -244.82, "y": 10.12, "z": 465.35, "rain": 0.0, "fog": 0.0, "wetness": 0.0, "timeofday": 12.0, "signal": 1.0, "rx": 0.0, "ry": 305.8, "rz": -0.0, "speed": 0.0}
 timestamp= 1619790996000 [RES] Validate result: 
true
 timestamp= 1619790996000 [RUN] Execute API step: 
The environment controller C INVOKES API Control.TimeOfDay(time_of_day=Noon).
 timestamp= 1619790999000 [RES] API result: 
{"pose_arr":[{"vx":0,"ay":0,"az":9.81,"ax":0,"pz":10.12,"vy":0,"px":552630.25,"py":4182950.58},{"vx":0,"ay":0,"az":9.81,"ax":0,"pz":10.12,"vy":0,"px":552630.25,"py":4182950.58},{"vx":0,"ay":0,"az":9.8,"ax":0,"pz":10.12,"vy":0,"px":552630.25,"py":4182950.58},{"vx":0,"ay":0,"az":9.81,"ax":0,"pz":10.12,"vy":0,"px":552630.25,"py":4182950.58},{"vx":0,"ay":0,"az":9.81,"ax":0,"pz":10.12,"vy":0,"px":552630.25,"py":4182950.58}],"traffic_light":[1,1,1,1,1],"state_arr":[{"acceleration":-3,"throttle":0,"steering_target":-1.16,"brake":70,"steering_rate":100,"speed":0},{"acceleration":-3,"throttle":0,"steering_target":-1.16,"brake":69.98,"steering_rate":100,"speed":0},{"acceleration":-0.08,"throttle":0,"steering_target":-1.16,"brake":48.9,"steering_rate":100,"speed":0},{"acceleration":-3,"throttle":0,"steering_target":-1.16,"brake":69.99,"steering_rate":100,"speed":0},{"acceleration":-3,"throttle":0,"steering_target":-1.16,"brake":69.99,"steering_rate":100,"speed":0},{"acceleration":-3,"throttle":0,"steering_target":-1.16,"brake":69.99,"steering_rate":100,"speed":0}],"obstacle_arr":[[],[],[],[],[]],"action_description":"Noon","ev_state":[-244.824737548828,10.1248044967651,465.345886230469,0,0,0,14,1,0.00000780750815465581,305.804840087891,-0.00000974916565610329,0.00007738505671184277],"collision_probability":0}
 timestamp= 1619790999000 [RUN] Validate G1 Guard Condition: 
The ego vehicle E Detection.Collision == True.
 timestamp= 1619790999000 [RES] Global Validate result: 
false
 timestamp= 1619790999000 [RUN] Validate G2 Guard Condition: 
The ego vehicle E Detection.OffRoad == True.
 timestamp= 1619790999000 [RES] Global Validate result: 
false
 timestamp= 1619790999000 [RUN] Validate G3 Guard Condition: 
The ego vehicle E Detection.HardBrake == True.
 timestamp= 1619790999000 [RES] Global Validate result: 
false
 timestamp= 1619790999000 [RUN] Validate G4 Guard Condition: 
The ego vehicle E Detection.ArrivalTest == True.
 timestamp= 1619790999000 [RES] Global Validate result: 
false
 timestamp= 1619790999000 [RUN] Validate step: 
The test system VALIDATES THAT the Apollo A Status.GetControl is nearly equal to {"acceleration": -3.0, "throttle": 0.0, "steering_target": -1.16, "brake": 69.99, "steering_rate": 100.0, "speed": 0.0}
 timestamp= 1619790999000 [RES] Validate result: 
true
 timestamp= 1619790999000 [RUN] Generate steps
 timestamp= 1619790999000 [RUN] Validate step: 
The test system VALIDATES THAT the simulator S Status.GetEnvironment is nearly equal to {"x": -244.82, "y": 10.12, "z": 465.35, "rain": 0.0, "fog": 0.0, "wetness": 0.0, "timeofday": 14.0, "signal": 1.0, "rx": 0.0, "ry": 305.8, "rz": -0.0, "speed": 0.0}
 timestamp= 1619790999000 [RES] Validate result: 
true
 timestamp= 1619790999000 [RUN] Execute API step: 
The environment controller C INVOKES API Control.Agents.NPCVehicle.NPCVehicleSwitchLane(which_lane=Current_Lane&which_car=Sedan).
 timestamp= 1619791002000 [RES] API result: 
{"pose_arr":[{"vx":0,"ay":0,"az":9.81,"ax":0,"pz":10.12,"vy":0,"px":552630.25,"py":4182950.58},{"vx":0,"ay":0,"az":9.81,"ax":0,"pz":10.12,"vy":0,"px":552630.25,"py":4182950.58},{"vx":0,"ay":0,"az":9.81,"ax":0,"pz":10.12,"vy":0,"px":552630.25,"py":4182950.58},{"vx":0,"ay":0,"az":9.81,"ax":0,"pz":10.12,"vy":0,"px":552630.25,"py":4182950.58},{"vx":0,"ay":0,"az":9.81,"ax":0,"pz":10.12,"vy":0,"px":552630.25,"py":4182950.58},{"vx":0,"ay":0,"az":9.81,"ax":0,"pz":10.12,"vy":0,"px":552630.25,"py":4182950.58}],"traffic_light":[1,1,1,1,1],"state_arr":[{"acceleration":-3,"throttle":0,"steering_target":-1.16,"brake":69.99,"steering_rate":100,"speed":0},{"acceleration":-3,"throttle":0,"steering_target":-1.16,"brake":69.99,"steering_rate":100,"speed":0},{"acceleration":-3,"throttle":0,"steering_target":-1.16,"brake":69.99,"steering_rate":100,"speed":0},{"acceleration":-3,"throttle":0,"steering_target":-1.16,"brake":69.99,"steering_rate":100,"speed":0},{"acceleration":-3,"throttle":0,"steering_target":-1.16,"brake":70,"steering_rate":100,"speed":0},{"acceleration":-3,"throttle":0,"steering_target":-1.16,"brake":70,"steering_rate":100,"speed":0}],"obstacle_arr":[[],[{"acceleration":{"y":0.01,"x":0,"z":0},"position":{"y":4182965.84,"x":552613.44,"z":10.11},"volume":8.69,"type":"VEHICLE","velocity":{"y":2.41,"x":0.87,"z":0}}],[],[],[],[{"acceleration":{"y":0,"x":0.01,"z":0},"position":{"y":4182976.86,"x":552635.16,"z":10.31},"volume":7.29,"type":"VEHICLE","velocity":{"y":0,"x":0,"z":0}}]],"action_description":"NPC vehicle (Sedan) switching lane (current to right)","ev_state":[-244.824737548828,10.1248035430908,465.345886230469,0,0,0,14,0,0.00000743191549190669,305.804840087891,-0.0000090774619820877,0.000009838388325138387],"collision_probability":0}
 timestamp= 1619791002000 [RUN] Validate G1 Guard Condition: 
The ego vehicle E Detection.Collision == True.
 timestamp= 1619791002000 [RES] Global Validate result: 
false
 timestamp= 1619791002000 [RUN] Validate G2 Guard Condition: 
The ego vehicle E Detection.OffRoad == True.
 timestamp= 1619791002000 [RES] Global Validate result: 
false
 timestamp= 1619791002000 [RUN] Validate G3 Guard Condition: 
The ego vehicle E Detection.HardBrake == True.
 timestamp= 1619791002000 [RES] Global Validate result: 
false
 timestamp= 1619791002000 [RUN] Validate G4 Guard Condition: 
The ego vehicle E Detection.ArrivalTest == True.
 timestamp= 1619791002000 [RES] Global Validate result: 
false
 timestamp= 1619791002000 [RUN] Validate step: 
The test system VALIDATES THAT the Apollo A Status.GetControl is nearly equal to {"acceleration": -3.0, "throttle": 0.0, "steering_target": -1.16, "brake": 70.0, "steering_rate": 100.0, "speed": 0.0}
 timestamp= 1619791002000 [RES] Validate result: 
true
 timestamp= 1619791002000 [RUN] Generate steps
 timestamp= 1619791002000 [RUN] Validate step: 
The test system VALIDATES THAT the simulator S Status.GetEnvironment is nearly equal to {"x": -244.82, "y": 10.12, "z": 465.35, "rain": 0.0, "fog": 0.0, "wetness": 0.0, "timeofday": 14.0, "signal": 0.0, "rx": 0.0, "ry": 305.8, "rz": -0.0, "speed": 0.0}
 timestamp= 1619791002000 [RES] Validate result: 
true
 timestamp= 1619791002000 [RUN] Execute API step: 
The environment controller C INVOKES API Control.Agents.NPCVehicle.NPCVehicleSwitchLane(which_lane=Left_Lane&which_car=Hatchback).
 timestamp= 1619791005000 [RES] API result: 
{"pose_arr":[{"vx":0,"ay":0,"az":9.81,"ax":0,"pz":10.12,"vy":0,"px":552630.25,"py":4182950.58},{"vx":0,"ay":0,"az":9.81,"ax":0,"pz":10.12,"vy":0,"px":552630.25,"py":4182950.58},{"vx":0,"ay":0,"az":9.81,"ax":0,"pz":10.12,"vy":0,"px":552630.25,"py":4182950.58},{"vx":0.54,"ay":2.14,"az":9.81,"ax":1.55,"pz":10.12,"vy":0.54,"px":552630.14,"py":4182950.66},{"vx":1.59,"ay":-0.45,"az":9.84,"ax":-0.33,"pz":10.12,"vy":1.59,"px":552628.84,"py":4182951.6},{"vx":1.31,"ay":-0.36,"az":9.81,"ax":-0.35,"pz":10.13,"vy":1.31,"px":552627.72,"py":4182952.39}],"traffic_light":[1,1,3,3,3,3],"state_arr":[{"acceleration":-3,"throttle":0,"steering_target":-1.16,"brake":70,"steering_rate":100,"speed":0},{"acceleration":-3,"throttle":0,"steering_target":-1.16,"brake":70,"steering_rate":100,"speed":0},{"acceleration":-3,"throttle":0,"steering_target":-1.16,"brake":70,"steering_rate":100,"speed":0},{"acceleration":0.77,"throttle":72.54,"steering_target":-1.16,"brake":0,"steering_rate":100,"speed":0},{"acceleration":0.68,"throttle":80.82,"steering_target":0.54,"brake":0,"steering_rate":100,"speed":1.75},{"acceleration":-0.71,"throttle":0,"steering_target":3.58,"brake":17.05,"steering_rate":100,"speed":2.61},{"acceleration":-0.16,"throttle":0,"steering_target":5.27,"brake":14.5,"steering_rate":100,"speed":2.24}],"obstacle_arr":[[{"acceleration":{"y":0,"x":0,"z":0},"position":{"y":4182978.29,"x":552639.32,"z":10.64},"volume":2.67,"type":"VEHICLE","velocity":{"y":0,"x":0,"z":0}}],[{"acceleration":{"y":0,"x":0,"z":0},"position":{"y":4182956.29,"x":552608.03,"z":10.11},"volume":4.88,"type":"VEHICLE","velocity":{"y":0,"x":0,"z":0}}],[{"acceleration":{"y":-0.85,"x":-1,"z":0},"position":{"y":4182955.74,"x":552607.22,"z":10.11},"volume":7.97,"type":"VEHICLE","velocity":{"y":-0.69,"x":-0.81,"z":0}}],[{"acceleration":{"y":-0.84,"x":-0.01,"z":0},"position":{"y":4182954.24,"x":552605.69,"z":10.3},"volume":5.09,"type":"VEHICLE","velocity":{"y":-1.33,"x":-0.97,"z":0}}],[{"acceleration":{"y":-0.81,"x":-0.43,"z":0},"position":{"y":4182952.55,"x":552604.58,"z":10.39},"volume":1.91,"type":"VEHICLE","velocity":{"y":-1.92,"x":-1.26,"z":0}}],[{"acceleration":{"y":-1.06,"x":-1.56,"z":0},"position":{"y":4182950.92,"x":552602.93,"z":10.45},"volume":3.6,"type":"VEHICLE","velocity":{"y":-2.64,"x":-2.29,"z":0}}]],"action_description":"NPC vehicle (SchoolBus) switching lane (left to right)","ev_state":[-248.20768737793,10.1247501373291,467.712982177734,0,0,0,14,-1,0.0306727215647697,304.453521728516,359.987213134766,2.1089504969783097],"collision_probability":0}
 timestamp= 1619791005000 [RUN] Validate G1 Guard Condition: 
The ego vehicle E Detection.Collision == True.
 timestamp= 1619791005000 [RES] Global Validate result: 
false
 timestamp= 1619791005000 [RUN] Validate G2 Guard Condition: 
The ego vehicle E Detection.OffRoad == True.
 timestamp= 1619791005000 [RES] Global Validate result: 
true
 timestamp= 1619791005000 [RUN] OffRoad == True
 timestamp= 1619791005000 [RUN] The simulator S INVOKES API Command.Simulation.Stop() to stop simulation.
 timestamp= 1619791005000 [WARNING] The test system Stop the Simulator S!
 timestamp= 1619791005000 [RUN] ABORT.
 timestamp= 1619791005000 [ERROR] The test system Abort!
 timestamp= 1619791005000 [RUN] Validate G3 Guard Condition: 
The ego vehicle E Detection.HardBrake == True.
 timestamp= 1619791005000 [RES] Global Validate result: 
true
 timestamp= 1619791005000 [RUN] HardBrake == True
 timestamp= 1619791005000 [RUN] RESUME STEP @preStep
 timestamp= 1619791005000 [RUN] Resume step basicflow7
 timestamp= 1619791005000 [RUN] Validate G4 Guard Condition: 
The ego vehicle E Detection.ArrivalTest == True.
 timestamp= 1619791005000 [RES] Global Validate result: 
false
 timestamp= 1619791005000 [RES] Basic PostCondition Validate result: 
false
 timestamp= 1619791005000 [STOP] numberOfStep: 10 basicFlow: 
[{"name":"","description":"","eClass":"Sentence","content":"The test system VALIDATES THAT the simulator S Status.GetEnvironment is nearly equal to {\"x\": -244.82, \"y\": 10.12, \"z\": 465.35, \"rain\": 0.0, \"fog\": 0.0, \"wetness\": 0.0, \"timeofday\": 12.0, \"signal\": 1.0, \"rx\": 0.0, \"ry\": 305.8, \"rz\": -0.0, \"speed\": 0.0}","natures":[]},{"name":"","description":"","eClass":"Sentence","content":"The environment controller C INVOKES API Control.TimeOfDay(time_of_day=Noon).","natures":[]},{"name":"","description":"","eClass":"Sentence","content":"The test system VALIDATES THAT the Apollo A Status.GetControl is nearly equal to {\"acceleration\": -3.0, \"throttle\": 0.0, \"steering_target\": -1.16, \"brake\": 69.99, \"steering_rate\": 100.0, \"speed\": 0.0}","natures":[]},{"name":"","description":"","eClass":"Sentence","content":"The test system VALIDATES THAT the simulator S Status.GetEnvironment is nearly equal to {\"x\": -244.82, \"y\": 10.12, \"z\": 465.35, \"rain\": 0.0, \"fog\": 0.0, \"wetness\": 0.0, \"timeofday\": 14.0, \"signal\": 1.0, \"rx\": 0.0, \"ry\": 305.8, \"rz\": -0.0, \"speed\": 0.0}","natures":[]},{"name":"","description":"","eClass":"Sentence","content":"The environment controller C INVOKES API Control.Agents.NPCVehicle.NPCVehicleSwitchLane(which_lane=Current_Lane&which_car=Sedan).","natures":[]},{"name":"","description":"","eClass":"Sentence","content":"The test system VALIDATES THAT the Apollo A Status.GetControl is nearly equal to {\"acceleration\": -3.0, \"throttle\": 0.0, \"steering_target\": -1.16, \"brake\": 70.0, \"steering_rate\": 100.0, \"speed\": 0.0}","natures":[]},{"name":"","description":"","eClass":"Sentence","content":"The test system VALIDATES THAT the simulator S Status.GetEnvironment is nearly equal to {\"x\": -244.82, \"y\": 10.12, \"z\": 465.35, \"rain\": 0.0, \"fog\": 0.0, \"wetness\": 0.0, \"timeofday\": 14.0, \"signal\": 0.0, \"rx\": 0.0, \"ry\": 305.8, \"rz\": -0.0, \"speed\": 0.0}","natures":[]},{"name":"","description":"","eClass":"Sentence","content":"The environment controller C INVOKES API Control.Agents.NPCVehicle.NPCVehicleSwitchLane(which_lane=Left_Lane&which_car=Hatchback).","natures":[]},{"name":"","description":"","eClass":"Sentence","content":"The test system VALIDATES THAT the Apollo A Status.GetControl is nearly equal to {\"acceleration\": -0.16, \"throttle\": 0.0, \"steering_target\": 5.27, \"brake\": 14.5, \"steering_rate\": 100.0, \"speed\": 2.24}","natures":[]},{"name":"","description":"","eClass":"Sentence","content":"","natures":[]}]
