 timestamp= 1619791848000 [START] Now Run TCS Maintain Lane On Road1 Mode: dynamic Roadnum: 3 Second: 4
 timestamp= 1619791848000 [SUCCESS] TCS Check Success 
 timestamp= 1619791851000 [RUN] Run BasicFlow
 timestamp= 1619791851000 [RUN] Generate steps
 timestamp= 1619791851000 [RUN] Validate step: 
The test system VALIDATES THAT the simulator S Status.GetEnvironment is nearly equal to {"x": -244.8, "y": 10.12, "z": 465.33, "rain": 0.0, "fog": 0.0, "wetness": 0.0, "timeofday": 12.0, "signal": 1.0, "rx": 0.0, "ry": 305.81, "rz": -0.0, "speed": 0.0}
 timestamp= 1619791851000 [RES] Validate result: 
true
 timestamp= 1619791851000 [RUN] Execute API step: 
The environment controller C INVOKES API Control.Agents.NPCVehicle.NPCVehicleMaintainLane(which_lane=Left_Lane&which_car=Jeep).
 timestamp= 1619791855000 [RES] API result: 
{"pose_arr":[{"vx":0,"ay":0,"az":9.81,"ax":0,"pz":10.12,"vy":0,"px":552630.27,"py":4182950.56},{"vx":0,"ay":0,"az":9.81,"ax":0,"pz":10.12,"vy":0,"px":552630.27,"py":4182950.56},{"vx":0,"ay":0,"az":9.81,"ax":0,"pz":10.12,"vy":0,"px":552630.27,"py":4182950.56},{"vx":0,"ay":0,"az":9.81,"ax":0,"pz":10.12,"vy":0,"px":552630.27,"py":4182950.56},{"vx":0,"ay":0,"az":9.81,"ax":0,"pz":10.12,"vy":0,"px":552630.27,"py":4182950.56},{"vx":0,"ay":0,"az":9.81,"ax":0,"pz":10.12,"vy":0,"px":552630.27,"py":4182950.56},{"vx":0,"ay":0,"az":9.81,"ax":0,"pz":10.12,"vy":0,"px":552630.27,"py":4182950.56}],"traffic_light":[1,1,1,1,1,1],"state_arr":[{"acceleration":-3,"throttle":0,"steering_target":0.46,"brake":70,"steering_rate":100,"speed":0},{"acceleration":-3,"throttle":0,"steering_target":0.46,"brake":69.96,"steering_rate":100,"speed":0},{"acceleration":-3,"throttle":0,"steering_target":0.46,"brake":69.99,"steering_rate":100,"speed":0},{"acceleration":-3,"throttle":0,"steering_target":0.46,"brake":69.99,"steering_rate":100,"speed":0},{"acceleration":-3,"throttle":0,"steering_target":0.46,"brake":69.99,"steering_rate":100,"speed":0},{"acceleration":-3,"throttle":0,"steering_target":0.46,"brake":69.99,"steering_rate":100,"speed":0},{"acceleration":-3,"throttle":0,"steering_target":0.46,"brake":70,"steering_rate":100,"speed":0}],"obstacle_arr":[[],[{"acceleration":{"y":0,"x":0,"z":0},"position":{"y":4182945.26,"x":552625.03,"z":10.34},"volume":10.82,"type":"VEHICLE","velocity":{"y":0,"x":0,"z":0}}],[{"acceleration":{"y":0,"x":0,"z":0},"position":{"y":4182945.5,"x":552624.95,"z":10.13},"volume":13.87,"type":"VEHICLE","velocity":{"y":0,"x":0,"z":0}}],[{"acceleration":{"y":0,"x":0,"z":0},"position":{"y":4182946.41,"x":552624.88,"z":10.12},"volume":12.85,"type":"VEHICLE","velocity":{"y":0,"x":0,"z":0}}],[{"acceleration":{"y":0,"x":0,"z":0},"position":{"y":4182946.74,"x":552624.9,"z":10.12},"volume":14.83,"type":"VEHICLE","velocity":{"y":0,"x":0,"z":0}}],[{"acceleration":{"y":0,"x":0,"z":0},"position":{"y":4182947.23,"x":552624.86,"z":10.12},"volume":13.62,"type":"VEHICLE","velocity":{"y":0,"x":0,"z":0}}],[{"acceleration":{"y":0,"x":0,"z":0},"position":{"y":4182947.59,"x":552624.9,"z":10.13},"volume":12.83,"type":"VEHICLE","velocity":{"y":0,"x":0,"z":0}}]],"action_description":"NPC vehicle (Jeep) driving on the left lane","ev_state":[-244.802841186523,10.1248035430908,465.330169677734,0,0,0,12,1,0.00000745429633752792,305.809204101563,-0.00000884869405126665,0.000024106968597603256],"collision_probability":0}
 timestamp= 1619791855000 [RUN] Validate G1 Guard Condition: 
The ego vehicle E Detection.Collision == True.
 timestamp= 1619791855000 [RES] Global Validate result: 
false
 timestamp= 1619791855000 [RUN] Validate G2 Guard Condition: 
The ego vehicle E Detection.OffRoad == True.
 timestamp= 1619791855000 [RES] Global Validate result: 
false
 timestamp= 1619791855000 [RUN] Validate G3 Guard Condition: 
The ego vehicle E Detection.HardBrake == True.
 timestamp= 1619791855000 [RES] Global Validate result: 
false
 timestamp= 1619791855000 [RUN] Validate G4 Guard Condition: 
The ego vehicle E Detection.ArrivalTest == True.
 timestamp= 1619791855000 [RES] Global Validate result: 
false
 timestamp= 1619791855000 [RUN] Validate step: 
The test system VALIDATES THAT the Apollo A Status.GetControl is nearly equal to {"acceleration": -3.0, "throttle": 0.0, "steering_target": 0.46, "brake": 70.0, "steering_rate": 100.0, "speed": 0.0}
 timestamp= 1619791855000 [RES] Validate result: 
true
 timestamp= 1619791855000 [RUN] Generate steps
 timestamp= 1619791855000 [RUN] Validate step: 
The test system VALIDATES THAT the simulator S Status.GetEnvironment is nearly equal to {"x": -244.8, "y": 10.12, "z": 465.33, "rain": 0.0, "fog": 0.0, "wetness": 0.0, "timeofday": 12.0, "signal": 1.0, "rx": 0.0, "ry": 305.81, "rz": -0.0, "speed": 0.0}
 timestamp= 1619791855000 [RES] Validate result: 
true
 timestamp= 1619791855000 [RUN] Execute API step: 
The environment controller C INVOKES API Control.Agents.NPCVehicle.NPCVehicleMaintainLane(which_lane=Right_Lane&which_car=Jeep).
 timestamp= 1619791858000 [RES] API result: 
{"pose_arr":[{"vx":0,"ay":0,"az":9.81,"ax":0,"pz":10.12,"vy":0,"px":552630.27,"py":4182950.56},{"vx":0,"ay":0,"az":9.81,"ax":0,"pz":10.12,"vy":0,"px":552630.27,"py":4182950.56},{"vx":0,"ay":0,"az":9.81,"ax":0,"pz":10.12,"vy":0,"px":552630.27,"py":4182950.56},{"vx":0,"ay":0,"az":9.81,"ax":0,"pz":10.12,"vy":0,"px":552630.27,"py":4182950.56},{"vx":0,"ay":0,"az":9.81,"ax":0,"pz":10.12,"vy":0,"px":552630.27,"py":4182950.56},{"vx":0,"ay":0,"az":9.81,"ax":0,"pz":10.12,"vy":0,"px":552630.27,"py":4182950.56}],"traffic_light":[1,1,1,1,1,1],"state_arr":[{"acceleration":-3,"throttle":0,"steering_target":0.46,"brake":70,"steering_rate":100,"speed":0},{"acceleration":-3,"throttle":0,"steering_target":0.46,"brake":70,"steering_rate":100,"speed":0},{"acceleration":-3,"throttle":0,"steering_target":0.46,"brake":70,"steering_rate":100,"speed":0},{"acceleration":-3,"throttle":0,"steering_target":0.46,"brake":70,"steering_rate":100,"speed":0},{"acceleration":-3,"throttle":0,"steering_target":0.46,"brake":69.99,"steering_rate":100,"speed":0},{"acceleration":-3,"throttle":0,"steering_target":0.46,"brake":69.99,"steering_rate":100,"speed":0},{"acceleration":-3,"throttle":0,"steering_target":0.46,"brake":69.99,"steering_rate":100,"speed":0},{"acceleration":-3,"throttle":0,"steering_target":0.46,"brake":69.99,"steering_rate":100,"speed":0}],"obstacle_arr":[[{"acceleration":{"y":0,"x":0,"z":0},"position":{"y":4182947.87,"x":552624.93,"z":10.13},"volume":12.1,"type":"VEHICLE","velocity":{"y":0,"x":0,"z":0}}],[{"acceleration":{"y":0,"x":0,"z":0},"position":{"y":4182947.88,"x":552624.94,"z":10.13},"volume":12.01,"type":"VEHICLE","velocity":{"y":0,"x":0,"z":0}},{"acceleration":{"y":0,"x":0,"z":0},"position":{"y":4182957.7,"x":552633.91,"z":10.4},"volume":8.84,"type":"VEHICLE","velocity":{"y":0,"x":0,"z":0}}],[{"acceleration":{"y":0,"x":0,"z":0},"position":{"y":4182947.88,"x":552624.94,"z":10.13},"volume":12.01,"type":"VEHICLE","velocity":{"y":0,"x":0,"z":0}},{"acceleration":{"y":0,"x":0,"z":0},"position":{"y":4182957.68,"x":552633.56,"z":10.4},"volume":8.63,"type":"VEHICLE","velocity":{"y":0,"x":0,"z":0}}],[{"acceleration":{"y":0,"x":0,"z":0},"position":{"y":4182947.88,"x":552624.94,"z":10.13},"volume":12.03,"type":"VEHICLE","velocity":{"y":0,"x":0,"z":0}},{"acceleration":{"y":0,"x":0,"z":0},"position":{"y":4182957.66,"x":552633.16,"z":10.41},"volume":8.5,"type":"VEHICLE","velocity":{"y":0,"x":0,"z":0}}],[{"acceleration":{"y":0,"x":0,"z":0},"position":{"y":4182947.88,"x":552624.94,"z":10.13},"volume":12.03,"type":"VEHICLE","velocity":{"y":0,"x":0,"z":0}},{"acceleration":{"y":0.06,"x":0.01,"z":0},"position":{"y":4182957.5,"x":552632.25,"z":10.41},"volume":8.61,"type":"VEHICLE","velocity":{"y":-0.17,"x":-0.83,"z":0}}],[{"acceleration":{"y":0,"x":0,"z":0},"position":{"y":4182947.88,"x":552624.94,"z":10.13},"volume":12.03,"type":"VEHICLE","velocity":{"y":0,"x":0,"z":0}},{"acceleration":{"y":0.13,"x":-1.29,"z":0},"position":{"y":4182957.33,"x":552630.96,"z":10.13},"volume":10.09,"type":"VEHICLE","velocity":{"y":-0.04,"x":-1.71,"z":0}}],[{"acceleration":{"y":0,"x":0,"z":0},"position":{"y":4182947.88,"x":552624.94,"z":10.13},"volume":12.05,"type":"VEHICLE","velocity":{"y":0,"x":0,"z":0}},{"acceleration":{"y":1.82,"x":-3.18,"z":0},"position":{"y":4182958.12,"x":552627.17,"z":10.12},"volume":13.75,"type":"VEHICLE","velocity":{"y":1.41,"x":-4.32,"z":0}}]],"action_description":"NPC vehicle (Jeep) driving on the right lane","ev_state":[-244.802841186523,10.1248035430908,465.330169677734,0,0,0,12,0,0.00000668096981826238,305.809204101563,-0.00000989158343145391,0.00009335788830593011],"collision_probability":0}
 timestamp= 1619791858000 [RUN] Validate G1 Guard Condition: 
The ego vehicle E Detection.Collision == True.
 timestamp= 1619791858000 [RES] Global Validate result: 
false
 timestamp= 1619791858000 [RUN] Validate G2 Guard Condition: 
The ego vehicle E Detection.OffRoad == True.
 timestamp= 1619791858000 [RES] Global Validate result: 
false
 timestamp= 1619791858000 [RUN] Validate G3 Guard Condition: 
The ego vehicle E Detection.HardBrake == True.
 timestamp= 1619791858000 [RES] Global Validate result: 
false
 timestamp= 1619791858000 [RUN] Validate G4 Guard Condition: 
The ego vehicle E Detection.ArrivalTest == True.
 timestamp= 1619791858000 [RES] Global Validate result: 
false
 timestamp= 1619791858000 [RUN] Validate step: 
The test system VALIDATES THAT the Apollo A Status.GetControl is nearly equal to {"acceleration": -3.0, "throttle": 0.0, "steering_target": 0.46, "brake": 69.99, "steering_rate": 100.0, "speed": 0.0}
 timestamp= 1619791858000 [RES] Validate result: 
true
 timestamp= 1619791858000 [RUN] Generate steps
 timestamp= 1619791858000 [RUN] Validate step: 
The test system VALIDATES THAT the simulator S Status.GetEnvironment is nearly equal to {"x": -244.8, "y": 10.12, "z": 465.33, "rain": 0.0, "fog": 0.0, "wetness": 0.0, "timeofday": 12.0, "signal": 0.0, "rx": 0.0, "ry": 305.81, "rz": -0.0, "speed": 0.0}
 timestamp= 1619791858000 [RES] Validate result: 
true
 timestamp= 1619791858000 [RUN] Execute API step: 
The environment controller C INVOKES API Control.Agents.NPCVehicle.NPCVehicleMaintainLane(which_lane=Current_Lane&which_car=Sedan).
 timestamp= 1619791862000 [RES] API result: 
{"pose_arr":[{"vx":0,"ay":0,"az":9.81,"ax":0,"pz":10.12,"vy":0,"px":552630.27,"py":4182950.56},{"vx":0,"ay":0,"az":9.81,"ax":0,"pz":10.12,"vy":0,"px":552630.27,"py":4182950.56},{"vx":0,"ay":0,"az":9.81,"ax":0,"pz":10.12,"vy":0,"px":552630.27,"py":4182950.56},{"vx":0.46,"ay":1.44,"az":9.81,"ax":1.04,"pz":10.12,"vy":0.46,"px":552630.18,"py":4182950.63},{"vx":1.5,"ay":2.3,"az":9.8,"ax":1.6,"pz":10.12,"vy":1.5,"px":552629.33,"py":4182951.24},{"vx":1.33,"ay":-0.59,"az":9.81,"ax":-0.42,"pz":10.13,"vy":1.33,"px":552628.21,"py":4182952.04},{"vx":1.19,"ay":-0.38,"az":9.8,"ax":-0.3,"pz":10.13,"vy":1.19,"px":552627.4,"py":4182952.61}],"traffic_light":[1,1,3,3,3,3],"state_arr":[{"acceleration":-3,"throttle":0,"steering_target":0.46,"brake":69.99,"steering_rate":100,"speed":0},{"acceleration":-3,"throttle":0,"steering_target":0.46,"brake":69.99,"steering_rate":100,"speed":0},{"acceleration":0.22,"throttle":15.7,"steering_target":0.46,"brake":0,"steering_rate":100,"speed":0},{"acceleration":0.6,"throttle":54.2,"steering_target":0.35,"brake":0,"steering_rate":100,"speed":1.26},{"acceleration":-0.91,"throttle":0,"steering_target":3.01,"brake":19.76,"steering_rate":100,"speed":2.71},{"acceleration":-0.29,"throttle":0,"steering_target":3.8,"brake":14.5,"steering_rate":100,"speed":2.33},{"acceleration":0.21,"throttle":15.7,"steering_target":5.38,"brake":0,"steering_rate":100,"speed":2.08},{"acceleration":-0.1,"throttle":0,"steering_target":7.17,"brake":14.5,"steering_rate":100,"speed":2.24}],"obstacle_arr":[[{"acceleration":{"y":0,"x":0,"z":0},"position":{"y":4182947.88,"x":552624.94,"z":10.13},"volume":12.05,"type":"VEHICLE","velocity":{"y":0,"x":0,"z":0}},{"acceleration":{"y":2.77,"x":-2.89,"z":0},"position":{"y":4182959.21,"x":552625.05,"z":10.12},"volume":11.21,"type":"VEHICLE","velocity":{"y":2.8,"x":-5.76,"z":0}}],[{"acceleration":{"y":0,"x":0,"z":0},"position":{"y":4182947.88,"x":552624.98,"z":10.13},"volume":12.64,"type":"VEHICLE","velocity":{"y":0,"x":0,"z":0}},{"acceleration":{"y":1.34,"x":-5.02,"z":0},"position":{"y":4182962.07,"x":552616.01,"z":10.66},"volume":6.16,"type":"VEHICLE","velocity":{"y":4.71,"x":-8.71,"z":0}},{"acceleration":{"y":0,"x":0,"z":0},"position":{"y":4182958.52,"x":552620.09,"z":10.12},"volume":9.49,"type":"VEHICLE","velocity":{"y":0,"x":0,"z":0}}],[{"acceleration":{"y":0,"x":0,"z":0},"position":{"y":4182947.88,"x":552624.94,"z":10.13},"volume":12.03,"type":"VEHICLE","velocity":{"y":0,"x":0,"z":0}},{"acceleration":{"y":-0.51,"x":0.69,"z":0},"position":{"y":4182959,"x":552608.23,"z":10.13},"volume":6.33,"type":"VEHICLE","velocity":{"y":4.67,"x":-9.19,"z":0}},{"acceleration":{"y":0,"x":0,"z":0},"position":{"y":4182958.7,"x":552620.23,"z":10.12},"volume":3.48,"type":"VEHICLE","velocity":{"y":1.51,"x":-1.88,"z":0}}],[{"acceleration":{"y":0,"x":0,"z":0},"position":{"y":4182947.84,"x":552625.02,"z":10.11},"volume":13.1,"type":"VEHICLE","velocity":{"y":0,"x":0,"z":0}},{"acceleration":{"y":-1.58,"x":-1.7,"z":0},"position":{"y":4182960.54,"x":552613.5,"z":10.07},"volume":8.08,"type":"VEHICLE","velocity":{"y":0.86,"x":-2.7,"z":0}},{"acceleration":{"y":-0.13,"x":-0.06,"z":0},"position":{"y":4182948.96,"x":552600.68,"z":10.55},"volume":2.71,"type":"VEHICLE","velocity":{"y":-10.51,"x":-5.31,"z":0}},{"acceleration":{"y":0,"x":0,"z":0},"position":{"y":4182938.15,"x":552627.77,"z":10.32},"volume":157.37,"type":"UNKNOWN","velocity":{"y":0,"x":0,"z":0}}],[{"acceleration":{"y":0,"x":0,"z":0},"position":{"y":4182949.62,"x":552624.51,"z":10.11},"volume":12.33,"type":"VEHICLE","velocity":{"y":0,"x":0,"z":0}},{"acceleration":{"y":-4.37,"x":-2.27,"z":0},"position":{"y":4182953.05,"x":552603.51,"z":10.34},"volume":4.46,"type":"VEHICLE","velocity":{"y":-1.78,"x":-4.44,"z":0}},{"acceleration":{"y":-0.41,"x":-1.21,"z":0},"position":{"y":4182934.79,"x":552592.14,"z":10.73},"volume":0.46,"type":"VEHICLE","velocity":{"y":-11.07,"x":-6.92,"z":0}}],[{"acceleration":{"y":0,"x":0,"z":0},"position":{"y":4182952.45,"x":552622.25,"z":10.13},"volume":13.29,"type":"VEHICLE","velocity":{"y":0,"x":0,"z":0}},{"acceleration":{"y":-4.89,"x":-2.27,"z":0},"position":{"y":4182944.46,"x":552597.86,"z":10.5},"volume":4.01,"type":"VEHICLE","velocity":{"y":-5.38,"x":-6.12,"z":0}}],[{"acceleration":{"y":1.15,"x":-2.53,"z":0},"position":{"y":4182954.49,"x":552618.5,"z":10.6},"volume":6.21,"type":"VEHICLE","velocity":{"y":1.25,"x":-1.55,"z":0}},{"acceleration":{"y":-4.82,"x":-1.87,"z":0},"position":{"y":4182936.44,"x":552593.03,"z":10.93},"volume":0.15,"type":"VEHICLE","velocity":{"y":-8.18,"x":-7.26,"z":0}}]],"action_description":"NPC vehicle (Sedan) driving on the current lane","ev_state":[-248.723098754883,10.1247234344482,468.039916992188,0,0,0,12,-1,359.980987548828,303.929931640625,359.984405517578,2.2424863349309616],"collision_probability":0}
 timestamp= 1619791862000 [RUN] Validate G1 Guard Condition: 
The ego vehicle E Detection.Collision == True.
 timestamp= 1619791862000 [RES] Global Validate result: 
false
 timestamp= 1619791862000 [RUN] Validate G2 Guard Condition: 
The ego vehicle E Detection.OffRoad == True.
 timestamp= 1619791862000 [RES] Global Validate result: 
false
 timestamp= 1619791862000 [RUN] Validate G3 Guard Condition: 
The ego vehicle E Detection.HardBrake == True.
 timestamp= 1619791863000 [RES] Global Validate result: 
false
 timestamp= 1619791863000 [RUN] Validate G4 Guard Condition: 
The ego vehicle E Detection.ArrivalTest == True.
 timestamp= 1619791863000 [RES] Global Validate result: 
false
 timestamp= 1619791863000 [RUN] Validate step: 
The test system VALIDATES THAT the Apollo A Status.GetControl is nearly equal to {"acceleration": -0.1, "throttle": 0.0, "steering_target": 7.17, "brake": 14.5, "steering_rate": 100.0, "speed": 2.24}
 timestamp= 1619791863000 [RES] Validate result: 
true
 timestamp= 1619791863000 [RUN] Generate steps
 timestamp= 1619791863000 [RUN] Validate step: 
The test system VALIDATES THAT the simulator S Status.GetEnvironment is nearly equal to {"x": -248.72, "y": 10.12, "z": 468.04, "rain": 0.0, "fog": 0.0, "wetness": 0.0, "timeofday": 12.0, "signal": -1.0, "rx": 359.98, "ry": 303.93, "rz": 359.98, "speed": 2.24}
 timestamp= 1619791863000 [RES] Validate result: 
true
 timestamp= 1619791863000 [RUN] Execute API step: 
The environment controller C INVOKES API Control.Agents.NPCVehicle.NPCVehicleMaintainLane(which_lane=Right_Lane&which_car=BoxTruck).
 timestamp= 1619791867000 [RES] API result: 
{"pose_arr":[{"vx":1.22,"ay":0.27,"az":9.81,"ax":0.09,"pz":10.12,"vy":1.22,"px":552626.38,"py":4182953.31},{"vx":1.6,"ay":0.23,"az":9.82,"ax":0.16,"pz":10.12,"vy":1.6,"px":552625.59,"py":4182953.83},{"vx":1.33,"ay":-0.51,"az":9.82,"ax":-0.44,"pz":10.13,"vy":1.33,"px":552624.06,"py":4182954.78},{"vx":1.04,"ay":-0.41,"az":9.81,"ax":-0.33,"pz":10.13,"vy":1.04,"px":552622.96,"py":4182955.4},{"vx":0.86,"ay":-0.47,"az":9.83,"ax":-0.23,"pz":10.12,"vy":0.86,"px":552621.58,"py":4182956.04},{"vx":0.23,"ay":-0.52,"az":9.81,"ax":-0.08,"pz":10.13,"vy":0.23,"px":552619.87,"py":4182956.59},{"vx":-0.48,"ay":-0.6,"az":9.82,"ax":0.07,"pz":10.12,"vy":-0.48,"px":552618.12,"py":4182956.81},{"vx":-1.08,"ay":-0.56,"az":9.81,"ax":0.22,"pz":10.13,"vy":-1.08,"px":552616.44,"py":4182956.64}],"traffic_light":[3,3,3,3,0,0,0],"state_arr":[{"acceleration":-0.79,"throttle":0,"steering_target":7.74,"brake":18.33,"steering_rate":100,"speed":3.05},{"acceleration":-0.31,"throttle":0,"steering_target":16.11,"brake":14.5,"steering_rate":100,"speed":2.81},{"acceleration":0.02,"throttle":75.56,"steering_target":23.32,"brake":0,"steering_rate":100,"speed":2.56},{"acceleration":-0.28,"throttle":0,"steering_target":28.84,"brake":14.5,"steering_rate":100,"speed":2.89},{"acceleration":-0.07,"throttle":0,"steering_target":40,"brake":14.5,"steering_rate":100,"speed":2.74},{"acceleration":-0.67,"throttle":0,"steering_target":53.76,"brake":16.32,"steering_rate":100,"speed":3.39},{"acceleration":-0.37,"throttle":0,"steering_target":60.48,"brake":14.5,"steering_rate":100,"speed":3.11},{"acceleration":0.38,"throttle":16.79,"steering_target":60.73,"brake":0,"steering_rate":100,"speed":2.74}],"obstacle_arr":[[{"acceleration":{"y":-0.87,"x":-2.87,"z":0},"position":{"y":4182952.57,"x":552613.72,"z":10.51},"volume":9.42,"type":"VEHICLE","velocity":{"y":1.36,"x":-3.97,"z":0}}],[{"acceleration":{"y":-2.15,"x":-1.66,"z":0},"position":{"y":4182948.99,"x":552611.06,"z":10.54},"volume":9.31,"type":"VEHICLE","velocity":{"y":0.11,"x":-5.39,"z":0}},{"acceleration":{"y":0,"x":-0.01,"z":0},"position":{"y":4182960.65,"x":552628.81,"z":10.35},"volume":99.08,"type":"VEHICLE","velocity":{"y":0,"x":0,"z":0}}],[{"acceleration":{"y":-2,"x":-1.34,"z":0},"position":{"y":4182944.43,"x":552608.33,"z":10.54},"volume":6.69,"type":"VEHICLE","velocity":{"y":-1.31,"x":-6.27,"z":0}},{"acceleration":{"y":0.04,"x":-2.08,"z":0},"position":{"y":4182960.92,"x":552624.59,"z":10.31},"volume":88.7,"type":"VEHICLE","velocity":{"y":0.04,"x":-2.25,"z":0}}],[{"acceleration":{"y":-1.6,"x":-1.25,"z":0},"position":{"y":4182940.57,"x":552605.44,"z":10.6},"volume":4.65,"type":"VEHICLE","velocity":{"y":-2.95,"x":-7.31,"z":0}},{"acceleration":{"y":-0.55,"x":-4.25,"z":0},"position":{"y":4182960.64,"x":552619.16,"z":10.37},"volume":54.15,"type":"VEHICLE","velocity":{"y":-0.22,"x":-5.57,"z":0}}],[{"acceleration":{"y":-1.46,"x":-1.21,"z":0},"position":{"y":4182936.31,"x":552601.64,"z":10.76},"volume":0.19,"type":"VEHICLE","velocity":{"y":-3.87,"x":-7.94,"z":0}},{"acceleration":{"y":-1.77,"x":-3.98,"z":0},"position":{"y":4182959.3,"x":552613.33,"z":10.39},"volume":115.28,"type":"VEHICLE","velocity":{"y":-0.99,"x":-7.9,"z":0}}],[{"acceleration":{"y":-2.32,"x":-3.39,"z":0},"position":{"y":4182956.84,"x":552609.32,"z":10.41},"volume":111.4,"type":"VEHICLE","velocity":{"y":-2.3,"x":-10.08,"z":0}}],[{"acceleration":{"y":-2.63,"x":-2.85,"z":0},"position":{"y":4182951.67,"x":552603.83,"z":10.41},"volume":100.4,"type":"VEHICLE","velocity":{"y":-3.71,"x":-11.76,"z":0}}],[{"acceleration":{"y":-2.72,"x":-2.48,"z":0},"position":{"y":4182947.4,"x":552599.72,"z":10.49},"volume":113.11,"type":"VEHICLE","velocity":{"y":-5.67,"x":-13.46,"z":0}}]],"action_description":"NPC vehicle (BoxTruck) driving on the right lane","ev_state":[-259.326751708984,10.1247453689575,470.126434326172,0,0,0,12,-1,0.0549343600869179,253.900177001953,359.716552734375,2.7208591882526476],"collision_probability":0}
 timestamp= 1619791867000 [RUN] Validate G1 Guard Condition: 
The ego vehicle E Detection.Collision == True.
 timestamp= 1619791867000 [RES] Global Validate result: 
false
 timestamp= 1619791867000 [RUN] Validate G2 Guard Condition: 
The ego vehicle E Detection.OffRoad == True.
 timestamp= 1619791867000 [RES] Global Validate result: 
false
 timestamp= 1619791867000 [RUN] Validate G3 Guard Condition: 
The ego vehicle E Detection.HardBrake == True.
 timestamp= 1619791867000 [RES] Global Validate result: 
false
 timestamp= 1619791867000 [RUN] Validate G4 Guard Condition: 
The ego vehicle E Detection.ArrivalTest == True.
 timestamp= 1619791867000 [RES] Global Validate result: 
false
 timestamp= 1619791867000 [RUN] Validate step: 
The test system VALIDATES THAT the Apollo A Status.GetControl is nearly equal to {"acceleration": 0.38, "throttle": 16.79, "steering_target": 60.73, "brake": 0.0, "steering_rate": 100.0, "speed": 2.74}
 timestamp= 1619791867000 [RES] Validate result: 
true
 timestamp= 1619791867000 [RUN] Generate steps
 timestamp= 1619791867000 [RUN] Validate step: 
The test system VALIDATES THAT the simulator S Status.GetEnvironment is nearly equal to {"x": -259.33, "y": 10.12, "z": 470.13, "rain": 0.0, "fog": 0.0, "wetness": 0.0, "timeofday": 12.0, "signal": -1.0, "rx": 0.05, "ry": 253.9, "rz": 359.72, "speed": 2.72}
 timestamp= 1619791867000 [RES] Validate result: 
true
 timestamp= 1619791867000 [RUN] Execute API step: 
The environment controller C INVOKES API Control.TimeOfDay(time_of_day=Noon).
 timestamp= 1619791871000 [RES] API result: 
{"pose_arr":[{"vx":-1.3,"ay":0.48,"az":9.8,"ax":-0.13,"pz":10.13,"vy":-1.3,"px":552615.59,"py":4182956.41},{"vx":-2.19,"ay":0.66,"az":9.82,"ax":-0.41,"pz":10.12,"vy":-2.19,"px":552613.94,"py":4182955.65},{"vx":-3.38,"ay":1.88,"az":9.8,"ax":-1.58,"pz":10.12,"vy":-3.38,"px":552611.78,"py":4182954.14},{"vx":-4,"ay":0.17,"az":9.82,"ax":-0.17,"pz":10.12,"vy":-4,"px":552609.56,"py":4182952.15},{"vx":-4.41,"ay":0.17,"az":9.81,"ax":-0.19,"pz":10.12,"vy":-4.41,"px":552607.44,"py":4182949.87},{"vx":-5.22,"ay":1.42,"az":9.79,"ax":-1.77,"pz":10.12,"vy":-5.22,"px":552605.15,"py":4182947.12},{"vx":-5.51,"ay":0.21,"az":9.82,"ax":-0.14,"pz":10.12,"vy":-5.51,"px":552603.44,"py":4182944.94}],"traffic_light":[1,0,0,0,0,1,1],"state_arr":[{"acceleration":0.84,"throttle":31.26,"steering_target":47.83,"brake":0,"steering_rate":100,"speed":2.79},{"acceleration":0.79,"throttle":56.77,"steering_target":29.48,"brake":0,"steering_rate":100,"speed":3.62},{"acceleration":1.04,"throttle":33.92,"steering_target":15.85,"brake":0,"steering_rate":100,"speed":4.56},{"acceleration":0.87,"throttle":24.78,"steering_target":13.18,"brake":0,"steering_rate":100,"speed":5.37},{"acceleration":1.07,"throttle":15.7,"steering_target":6.21,"brake":0,"steering_rate":100,"speed":5.64},{"acceleration":1.31,"throttle":35.92,"steering_target":2.93,"brake":0,"steering_rate":100,"speed":5.97},{"acceleration":1.12,"throttle":15.7,"steering_target":5.7,"brake":0,"steering_rate":100,"speed":6.66},{"acceleration":1.46,"throttle":32.25,"steering_target":1.71,"brake":0,"steering_rate":100,"speed":6.84}],"obstacle_arr":[[],[],[],[],[],[],[]],"action_description":"Noon","ev_state":[-273.764739990234,10.1240282058716,454.453369140625,0,0,0,14,-1,359.942230224609,215.330184936523,359.960327148438,7.309459409294274],"collision_probability":0}
 timestamp= 1619791871000 [RUN] Validate G1 Guard Condition: 
The ego vehicle E Detection.Collision == True.
 timestamp= 1619791871000 [RES] Global Validate result: 
false
 timestamp= 1619791871000 [RUN] Validate G2 Guard Condition: 
The ego vehicle E Detection.OffRoad == True.
 timestamp= 1619791871000 [RES] Global Validate result: 
false
 timestamp= 1619791871000 [RUN] Validate G3 Guard Condition: 
The ego vehicle E Detection.HardBrake == True.
 timestamp= 1619791871000 [RES] Global Validate result: 
false
 timestamp= 1619791871000 [RUN] Validate G4 Guard Condition: 
The ego vehicle E Detection.ArrivalTest == True.
 timestamp= 1619791871000 [RES] Global Validate result: 
false
 timestamp= 1619791871000 [RUN] Validate step: 
The test system VALIDATES THAT the Apollo A Status.GetControl is nearly equal to {"acceleration": 1.46, "throttle": 32.25, "steering_target": 1.71, "brake": 0.0, "steering_rate": 100.0, "speed": 6.84}
 timestamp= 1619791871000 [RES] Validate result: 
true
 timestamp= 1619791871000 [RUN] Generate steps
 timestamp= 1619791871000 [RUN] Validate step: 
The test system VALIDATES THAT the simulator S Status.GetEnvironment is nearly equal to {"x": -273.76, "y": 10.12, "z": 454.45, "rain": 0.0, "fog": 0.0, "wetness": 0.0, "timeofday": 14.0, "signal": -1.0, "rx": 359.94, "ry": 215.33, "rz": 359.96, "speed": 7.31}
 timestamp= 1619791871000 [RES] Validate result: 
true
 timestamp= 1619791871000 [RUN] Execute API step: 
The environment controller C INVOKES API Control.Weather.Nice.
 timestamp= 1619791875000 [RES] API result: 
{"pose_arr":[{"vx":-6.1,"ay":0.09,"az":9.81,"ax":-0.22,"pz":10.12,"vy":-6.1,"px":552599.25,"py":4182939.11},{"vx":-6.29,"ay":0.41,"az":9.81,"ax":-0.07,"pz":10.12,"vy":-6.29,"px":552596.96,"py":4182935.78},{"vx":-6.33,"ay":0.17,"az":9.81,"ax":-0.25,"pz":10.12,"vy":-6.33,"px":552594.76,"py":4182932.52},{"vx":-6.44,"ay":0.11,"az":9.8,"ax":-0.2,"pz":10.12,"vy":-6.44,"px":552593.13,"py":4182930.16},{"vx":-6.31,"ay":-0.25,"az":9.81,"ax":0.56,"pz":10.12,"vy":-6.31,"px":552590.74,"py":4182926.63},{"vx":-5.9,"ay":0,"az":9.81,"ax":0,"pz":10.12,"vy":-5.9,"px":552588.17,"py":4182922.86},{"vx":-5.77,"ay":-0.37,"az":9.81,"ax":0.46,"pz":10.12,"vy":-5.77,"px":552586.83,"py":4182920.96}],"traffic_light":[1,1,1,1,1,1,1],"state_arr":[{"acceleration":1.17,"throttle":15.7,"steering_target":-0.52,"brake":0,"steering_rate":100,"speed":7.31},{"acceleration":0.45,"throttle":18.85,"steering_target":2.24,"brake":0,"steering_rate":100,"speed":7.45},{"acceleration":0.27,"throttle":15.7,"steering_target":-1.97,"brake":0,"steering_rate":100,"speed":7.58},{"acceleration":-0.03,"throttle":0,"steering_target":1.16,"brake":14.5,"steering_rate":100,"speed":7.72},{"acceleration":-0.14,"throttle":0,"steering_target":0.33,"brake":14.5,"steering_rate":100,"speed":7.83},{"acceleration":-0.14,"throttle":0,"steering_target":-2.69,"brake":14.5,"steering_rate":100,"speed":7.54},{"acceleration":-0.13,"throttle":0,"steering_target":0.81,"brake":14.5,"steering_rate":100,"speed":7.24},{"acceleration":-0.02,"throttle":0,"steering_target":1.35,"brake":14.5,"steering_rate":100,"speed":6.94},{"acceleration":-0.46,"throttle":0,"steering_target":-3.28,"brake":14.5,"steering_rate":100,"speed":6.95}],"obstacle_arr":[[{"acceleration":{"y":-0.01,"x":0,"z":0},"position":{"y":4182910.87,"x":552574.48,"z":10.84},"volume":8.68,"type":"VEHICLE","velocity":{"y":0,"x":0,"z":0}}],[],[],[{"acceleration":{"y":0.03,"x":0.02,"z":0},"position":{"y":4182908.29,"x":552572.64,"z":11.13},"volume":12.21,"type":"VEHICLE","velocity":{"y":0,"x":0,"z":0}}],[{"acceleration":{"y":0,"x":0,"z":0},"position":{"y":4182906.97,"x":552572.12,"z":10.57},"volume":17.47,"type":"VEHICLE","velocity":{"y":0,"x":0,"z":0}}],[{"acceleration":{"y":-0.01,"x":0,"z":0},"position":{"y":4182904.36,"x":552570.29,"z":10.45},"volume":74.92,"type":"VEHICLE","velocity":{"y":0,"x":0,"z":0}}],[{"acceleration":{"y":0.01,"x":0,"z":0},"position":{"y":4182907.35,"x":552572.11,"z":10.52},"volume":20.51,"type":"VEHICLE","velocity":{"y":0,"x":0,"z":0}},{"acceleration":{"y":0,"x":0,"z":0},"position":{"y":4182901.15,"x":552568.72,"z":10.69},"volume":0,"type":"VEHICLE","velocity":{"y":0,"x":0,"z":0}}]],"action_description":"Nice Weather","ev_state":[-290.599578857422,10.1241064071655,429.963928222656,0,0,0,14,-1,-0.0000947171793086454,214.409332275391,359.987091064453,6.95124960649735],"collision_probability":0}
 timestamp= 1619791875000 [RUN] Validate G1 Guard Condition: 
The ego vehicle E Detection.Collision == True.
 timestamp= 1619791875000 [RES] Global Validate result: 
false
 timestamp= 1619791875000 [RUN] Validate G2 Guard Condition: 
The ego vehicle E Detection.OffRoad == True.
 timestamp= 1619791875000 [RES] Global Validate result: 
false
 timestamp= 1619791875000 [RUN] Validate G3 Guard Condition: 
The ego vehicle E Detection.HardBrake == True.
 timestamp= 1619791875000 [RES] Global Validate result: 
false
 timestamp= 1619791875000 [RUN] Validate G4 Guard Condition: 
The ego vehicle E Detection.ArrivalTest == True.
 timestamp= 1619791875000 [RES] Global Validate result: 
false
 timestamp= 1619791875000 [RUN] Validate step: 
The test system VALIDATES THAT the Apollo A Status.GetControl is nearly equal to {"acceleration": -0.46, "throttle": 0.0, "steering_target": -3.28, "brake": 14.5, "steering_rate": 100.0, "speed": 6.95}
 timestamp= 1619791875000 [RES] Validate result: 
true
 timestamp= 1619791875000 [RUN] Generate steps
 timestamp= 1619791875000 [RUN] Validate step: 
The test system VALIDATES THAT the simulator S Status.GetEnvironment is nearly equal to {"x": -290.6, "y": 10.12, "z": 429.96, "rain": 0.0, "fog": 0.0, "wetness": 0.0, "timeofday": 14.0, "signal": -1.0, "rx": -0.0, "ry": 214.41, "rz": 359.99, "speed": 6.95}
 timestamp= 1619791875000 [RES] Validate result: 
true
 timestamp= 1619791875000 [RUN] Execute API step: 
The environment controller C INVOKES API Control.Agents.NPCVehicle.NPCVehicleSwitchLane(which_lane=Current_Lane&which_car=Jeep).
 timestamp= 1619791880000 [RES] API result: 
{"pose_arr":[{"vx":-5.78,"ay":-0.13,"az":9.82,"ax":0.62,"pz":10.12,"vy":-5.78,"px":552584.48,"py":4182917.59},{"vx":-5.36,"ay":-0.34,"az":9.81,"ax":0.47,"pz":10.12,"vy":-5.36,"px":552582.2,"py":4182914.31},{"vx":-4.89,"ay":-0.9,"az":9.81,"ax":1.28,"pz":10.13,"vy":-4.89,"px":552580.36,"py":4182911.74},{"vx":-3.7,"ay":-1.65,"az":9.81,"ax":2.32,"pz":10.13,"vy":-3.7,"px":552578.97,"py":4182909.77},{"vx":-2.98,"ay":-1.27,"az":9.81,"ax":1.68,"pz":10.13,"vy":-2.98,"px":552578.05,"py":4182908.48},{"vx":-2.4,"ay":-0.65,"az":9.8,"ax":0.97,"pz":10.13,"vy":-2.4,"px":552577.12,"py":4182907.18},{"vx":-2,"ay":-0.45,"az":9.81,"ax":0.64,"pz":10.13,"vy":-2,"px":552576.23,"py":4182905.92},{"vx":-1.77,"ay":-0.42,"az":9.81,"ax":0.58,"pz":10.13,"vy":-1.77,"px":552575.69,"py":4182905.16},{"vx":-1.1,"ay":-1.07,"az":9.81,"ax":1.5,"pz":10.13,"vy":-1.1,"px":552575.03,"py":4182904.24}],"traffic_light":[3,1,3,3,3,3,3],"state_arr":[{"acceleration":-0.54,"throttle":0,"steering_target":-3.23,"brake":14.5,"steering_rate":100,"speed":6.86},{"acceleration":-1.7,"throttle":0,"steering_target":2.54,"brake":26.3,"steering_rate":100,"speed":6.53},{"acceleration":-4.13,"throttle":0,"steering_target":-1.47,"brake":48.82,"steering_rate":100,"speed":5.96},{"acceleration":-2.41,"throttle":0,"steering_target":0.09,"brake":34.35,"steering_rate":100,"speed":4.45},{"acceleration":-1.38,"throttle":0,"steering_target":0.33,"brake":24.77,"steering_rate":100,"speed":3.36},{"acceleration":-0.66,"throttle":0,"steering_target":0.03,"brake":16.31,"steering_rate":100,"speed":2.75},{"acceleration":-0.6,"throttle":0,"steering_target":-0.07,"brake":15.5,"steering_rate":100,"speed":2.45},{"acceleration":-0.75,"throttle":0,"steering_target":-0.08,"brake":17.81,"steering_rate":100,"speed":2.18},{"acceleration":-2.22,"throttle":0,"steering_target":-0.03,"brake":33.35,"steering_rate":100,"speed":1.72}],"obstacle_arr":[[{"acceleration":{"y":0,"x":0,"z":0},"position":{"y":4182904.72,"x":552570.56,"z":10.39},"volume":84.13,"type":"VEHICLE","velocity":{"y":0,"x":0,"z":0}},{"acceleration":{"y":-0.01,"x":0,"z":0},"position":{"y":4182890.65,"x":552569.86,"z":10.6},"volume":2.41,"type":"VEHICLE","velocity":{"y":0,"x":0,"z":0}},{"acceleration":{"y":0,"x":0,"z":0},"position":{"y":4182900.88,"x":552573.13,"z":10.52},"volume":6.95,"type":"VEHICLE","velocity":{"y":0,"x":0,"z":0}}],[{"acceleration":{"y":-0.04,"x":-0.03,"z":0},"position":{"y":4182890.55,"x":552569.4,"z":10.89},"volume":2.53,"type":"VEHICLE","velocity":{"y":-0.95,"x":-0.72,"z":0}},{"acceleration":{"y":-0.01,"x":-0.01,"z":0},"position":{"y":4182900.38,"x":552572.3,"z":10.49},"volume":5.63,"type":"VEHICLE","velocity":{"y":-1.56,"x":-1.05,"z":0}}],[{"acceleration":{"y":0,"x":0,"z":0},"position":{"y":4182904.2,"x":552569.94,"z":10.4},"volume":94.11,"type":"VEHICLE","velocity":{"y":0,"x":0,"z":0}},{"acceleration":{"y":-1.74,"x":-1.08,"z":0},"position":{"y":4182890.98,"x":552569.83,"z":10.53},"volume":1.63,"type":"VEHICLE","velocity":{"y":-1.84,"x":-1.31,"z":0}},{"acceleration":{"y":0,"x":0.04,"z":0},"position":{"y":4182899.03,"x":552571.91,"z":10.68},"volume":6.99,"type":"VEHICLE","velocity":{"y":-3.16,"x":-1.51,"z":0}}],[{"acceleration":{"y":0,"x":0,"z":0},"position":{"y":4182903.58,"x":552569.63,"z":10.38},"volume":102.76,"type":"VEHICLE","velocity":{"y":0,"x":0,"z":0}},{"acceleration":{"y":-2.76,"x":-1.9,"z":0},"position":{"y":4182889.8,"x":552569.13,"z":10.78},"volume":4.75,"type":"VEHICLE","velocity":{"y":-3.8,"x":-2.59,"z":0}},{"acceleration":{"y":-0.56,"x":0.08,"z":0},"position":{"y":4182897.24,"x":552571.11,"z":10.51},"volume":8.12,"type":"VEHICLE","velocity":{"y":-3.65,"x":-1.49,"z":0}},{"acceleration":{"y":-0.05,"x":-0.03,"z":0},"position":{"y":4182894.11,"x":552563.61,"z":10.55},"volume":0.77,"type":"VEHICLE","velocity":{"y":-1.56,"x":-1.02,"z":0}}],[{"acceleration":{"y":0,"x":0,"z":0},"position":{"y":4182903.5,"x":552569.56,"z":10.38},"volume":95.08,"type":"VEHICLE","velocity":{"y":0,"x":0,"z":0}},{"acceleration":{"y":-2.39,"x":-1.57,"z":0},"position":{"y":4182890.02,"x":552569.28,"z":10.42},"volume":4.78,"type":"VEHICLE","velocity":{"y":-5.21,"x":-3.53,"z":0}},{"acceleration":{"y":-0.45,"x":0.26,"z":0},"position":{"y":4182897.27,"x":552571,"z":10.41},"volume":7.18,"type":"VEHICLE","velocity":{"y":-3.62,"x":-1.46,"z":0}},{"acceleration":{"y":-0.05,"x":-0.02,"z":0},"position":{"y":4182894.5,"x":552563.77,"z":10.49},"volume":0.89,"type":"VEHICLE","velocity":{"y":-1.84,"x":-1.12,"z":0}}],[{"acceleration":{"y":0,"x":0,"z":0},"position":{"y":4182903.35,"x":552569.51,"z":10.39},"volume":87.91,"type":"VEHICLE","velocity":{"y":0,"x":0,"z":0}},{"acceleration":{"y":-1.78,"x":-1.14,"z":0},"position":{"y":4182890.11,"x":552569.36,"z":10.61},"volume":3.38,"type":"VEHICLE","velocity":{"y":-6.46,"x":-4.34,"z":0}},{"acceleration":{"y":0.38,"x":0.09,"z":0},"position":{"y":4182896.58,"x":552570.7,"z":10.43},"volume":8.79,"type":"VEHICLE","velocity":{"y":-2.93,"x":-1.41,"z":0}},{"acceleration":{"y":-0.02,"x":-0.12,"z":0},"position":{"y":4182894.34,"x":552563.44,"z":10.54},"volume":1.76,"type":"VEHICLE","velocity":{"y":-1.62,"x":-1.25,"z":0}}],[{"acceleration":{"y":0,"x":0,"z":0},"position":{"y":4182903.06,"x":552569.69,"z":10.37},"volume":64.17,"type":"VEHICLE","velocity":{"y":0,"x":0,"z":0}},{"acceleration":{"y":-0.61,"x":-0.39,"z":0},"position":{"y":4182889.99,"x":552569.21,"z":10.42},"volume":4.14,"type":"VEHICLE","velocity":{"y":-0.72,"x":-0.46,"z":0}},{"acceleration":{"y":2.04,"x":0.75,"z":0},"position":{"y":4182896.79,"x":552570.8,"z":10.6},"volume":6.57,"type":"VEHICLE","velocity":{"y":-1.15,"x":-0.68,"z":0}},{"acceleration":{"y":0.87,"x":0.44,"z":0},"position":{"y":4182894.08,"x":552563.3,"z":10.5},"volume":2.81,"type":"VEHICLE","velocity":{"y":-0.75,"x":-0.67,"z":0}}],[{"acceleration":{"y":0,"x":0,"z":0},"position":{"y":4182902.77,"x":552569.82,"z":10.4},"volume":42.71,"type":"VEHICLE","velocity":{"y":0,"x":0,"z":0}},{"acceleration":{"y":0.25,"x":0.19,"z":0},"position":{"y":4182889.65,"x":552569.09,"z":10.5},"volume":3.89,"type":"VEHICLE","velocity":{"y":0,"x":0,"z":0}},{"acceleration":{"y":2.48,"x":1.16,"z":0},"position":{"y":4182896.52,"x":552570.59,"z":10.59},"volume":6.28,"type":"VEHICLE","velocity":{"y":0,"x":0,"z":0}},{"acceleration":{"y":1.13,"x":0.86,"z":0},"position":{"y":4182894.3,"x":552563.16,"z":10.56},"volume":3.24,"type":"VEHICLE","velocity":{"y":-0.22,"x":-0.2,"z":0}}]],"action_description":"NPC vehicle (Jeep) switching lane (current to right)","ev_state":[-299.781036376953,10.1248331069946,417.053375244141,0,0,0,14,-1,0.100622653961182,215.429504394531,1.26732203398205e-7,1.2350383956877224],"collision_probability":0}
 timestamp= 1619791880000 [RUN] Validate G1 Guard Condition: 
The ego vehicle E Detection.Collision == True.
 timestamp= 1619791880000 [RES] Global Validate result: 
false
 timestamp= 1619791880000 [RUN] Validate G2 Guard Condition: 
The ego vehicle E Detection.OffRoad == True.
 timestamp= 1619791880000 [RES] Global Validate result: 
false
 timestamp= 1619791880000 [RUN] Validate G3 Guard Condition: 
The ego vehicle E Detection.HardBrake == True.
 timestamp= 1619791880000 [RES] Global Validate result: 
true
 timestamp= 1619791880000 [RUN] HardBrake == True
 timestamp= 1619791880000 [RUN] RESUME STEP @preStep
 timestamp= 1619791880000 [RUN] Resume step basicflow19
 timestamp= 1619791880000 [RUN] Validate G4 Guard Condition: 
The ego vehicle E Detection.ArrivalTest == True.
 timestamp= 1619791880000 [RES] Global Validate result: 
false
 timestamp= 1619791880000 [RUN] Validate step: 
The test system VALIDATES THAT the Apollo A Status.GetControl is nearly equal to {"acceleration": -2.22, "throttle": 0.0, "steering_target": -0.03, "brake": 33.35, "steering_rate": 100.0, "speed": 1.72}
 timestamp= 1619791880000 [RES] Validate result: 
true
 timestamp= 1619791880000 [RUN] Generate steps
 timestamp= 1619791880000 [RUN] Validate step: 
The test system VALIDATES THAT the simulator S Status.GetEnvironment is nearly equal to {"x": -299.78, "y": 10.12, "z": 417.05, "rain": 0.0, "fog": 0.0, "wetness": 0.0, "timeofday": 14.0, "signal": -1.0, "rx": 0.1, "ry": 215.43, "rz": 0.0, "speed": 1.24}
 timestamp= 1619791880000 [RES] Validate result: 
true
 timestamp= 1619791880000 [RUN] Execute API step: 
The environment controller C INVOKES API Control.Agents.NPCVehicle.NPCVehicleMaintainLane(which_lane=Right_Lane&which_car=BoxTruck).
 timestamp= 1619791885000 [RES] API result: 
{"pose_arr":[{"vx":-0.9,"ay":-0.8,"az":9.81,"ax":1.13,"pz":10.13,"vy":-0.9,"px":552574.93,"py":4182904.1},{"vx":-0.38,"ay":-0.26,"az":9.81,"ax":0.37,"pz":10.13,"vy":-0.38,"px":552574.68,"py":4182903.75},{"vx":-0.23,"ay":-1.71,"az":9.81,"ax":2.4,"pz":10.13,"vy":-0.23,"px":552574.61,"py":4182903.64},{"vx":0,"ay":0,"az":9.81,"ax":0,"pz":10.13,"vy":0,"px":552574.6,"py":4182903.63},{"vx":0,"ay":0,"az":9.81,"ax":0,"pz":10.12,"vy":0,"px":552574.6,"py":4182903.63},{"vx":0,"ay":0,"az":9.81,"ax":0,"pz":10.12,"vy":0,"px":552574.6,"py":4182903.63},{"vx":0,"ay":0,"az":9.81,"ax":0,"pz":10.12,"vy":0,"px":552574.6,"py":4182903.63},{"vx":0,"ay":0,"az":9.81,"ax":0,"pz":10.12,"vy":0,"px":552574.6,"py":4182903.63},{"vx":0,"ay":0,"az":9.81,"ax":0,"pz":10.12,"vy":0,"px":552574.6,"py":4182903.63}],"traffic_light":[3,3,3,3,3,3,1,1],"state_arr":[{"acceleration":-1.48,"throttle":0,"steering_target":-0.03,"brake":26.72,"steering_rate":100,"speed":1.24},{"acceleration":-0.51,"throttle":0,"steering_target":-0.05,"brake":14.56,"steering_rate":100,"speed":0.56},{"acceleration":-3,"throttle":0,"steering_target":-0.05,"brake":41.69,"steering_rate":100,"speed":0.29},{"acceleration":-3,"throttle":0,"steering_target":-0.05,"brake":69.92,"steering_rate":100,"speed":0},{"acceleration":-3,"throttle":0,"steering_target":-0.05,"brake":69.99,"steering_rate":100,"speed":0},{"acceleration":-3,"throttle":0,"steering_target":-0.05,"brake":69.99,"steering_rate":100,"speed":0},{"acceleration":-3,"throttle":0,"steering_target":-0.05,"brake":69.99,"steering_rate":100,"speed":0},{"acceleration":-3,"throttle":0,"steering_target":-0.05,"brake":69.99,"steering_rate":100,"speed":0},{"acceleration":-3,"throttle":0,"steering_target":-0.05,"brake":69.99,"steering_rate":100,"speed":0},{"acceleration":-3,"throttle":0,"steering_target":-0.05,"brake":69.99,"steering_rate":100,"speed":0}],"obstacle_arr":[[{"acceleration":{"y":0,"x":0,"z":0},"position":{"y":4182902.74,"x":552569.75,"z":10.44},"volume":40.49,"type":"VEHICLE","velocity":{"y":0,"x":0,"z":0}},{"acceleration":{"y":0.46,"x":0.3,"z":0},"position":{"y":4182889.95,"x":552569.3,"z":10.62},"volume":2.69,"type":"VEHICLE","velocity":{"y":0,"x":0,"z":0}},{"acceleration":{"y":1.45,"x":0.75,"z":0},"position":{"y":4182896.49,"x":552570.59,"z":10.57},"volume":6.47,"type":"VEHICLE","velocity":{"y":0,"x":0,"z":0}},{"acceleration":{"y":0.8,"x":0.66,"z":0},"position":{"y":4182894.09,"x":552563.03,"z":10.52},"volume":4.22,"type":"VEHICLE","velocity":{"y":0,"x":0,"z":0}}],[{"acceleration":{"y":0,"x":0,"z":0},"position":{"y":4182902.66,"x":552569.75,"z":10.38},"volume":40.98,"type":"VEHICLE","velocity":{"y":0,"x":0,"z":0}},{"acceleration":{"y":0.16,"x":0.11,"z":0},"position":{"y":4182889.71,"x":552569.11,"z":10.68},"volume":3.33,"type":"VEHICLE","velocity":{"y":0,"x":0,"z":0}},{"acceleration":{"y":0.71,"x":0.43,"z":0},"position":{"y":4182896.34,"x":552570.54,"z":10.45},"volume":7.63,"type":"VEHICLE","velocity":{"y":0,"x":0,"z":0}},{"acceleration":{"y":0.49,"x":0.49,"z":0},"position":{"y":4182893.87,"x":552562.82,"z":10.47},"volume":4.48,"type":"VEHICLE","velocity":{"y":0,"x":0,"z":0}}],[{"acceleration":{"y":0,"x":0,"z":0},"position":{"y":4182902.57,"x":552569.71,"z":10.38},"volume":37.41,"type":"VEHICLE","velocity":{"y":0,"x":0,"z":0}},{"acceleration":{"y":0.02,"x":0.01,"z":0},"position":{"y":4182889.64,"x":552569.05,"z":10.7},"volume":3.33,"type":"VEHICLE","velocity":{"y":0,"x":0,"z":0}},{"acceleration":{"y":0.09,"x":0.06,"z":0},"position":{"y":4182896.24,"x":552570.46,"z":10.39},"volume":8.05,"type":"VEHICLE","velocity":{"y":0,"x":0,"z":0}},{"acceleration":{"y":0.1,"x":0.1,"z":0},"position":{"y":4182894.38,"x":552563.15,"z":10.48},"volume":2.83,"type":"VEHICLE","velocity":{"y":0,"x":0,"z":0}}],[{"acceleration":{"y":0,"x":0,"z":0},"position":{"y":4182902.59,"x":552569.69,"z":10.39},"volume":38.49,"type":"VEHICLE","velocity":{"y":0,"x":0,"z":0}},{"acceleration":{"y":0.01,"x":0,"z":0},"position":{"y":4182889.64,"x":552569.04,"z":10.7},"volume":3.31,"type":"VEHICLE","velocity":{"y":0,"x":0,"z":0}},{"acceleration":{"y":0.03,"x":0.02,"z":0},"position":{"y":4182896.22,"x":552570.44,"z":10.59},"volume":6.87,"type":"VEHICLE","velocity":{"y":0,"x":0,"z":0}},{"acceleration":{"y":0.03,"x":0.03,"z":0},"position":{"y":4182894.38,"x":552563.16,"z":10.49},"volume":2.81,"type":"VEHICLE","velocity":{"y":0,"x":0,"z":0}}],[{"acceleration":{"y":0,"x":0,"z":0},"position":{"y":4182902.59,"x":552569.69,"z":10.39},"volume":38.35,"type":"VEHICLE","velocity":{"y":0,"x":0,"z":0}},{"acceleration":{"y":0,"x":0,"z":0},"position":{"y":4182889.64,"x":552569.04,"z":10.7},"volume":3.3,"type":"VEHICLE","velocity":{"y":0,"x":0,"z":0}},{"acceleration":{"y":0,"x":0,"z":0},"position":{"y":4182896.21,"x":552570.44,"z":10.59},"volume":6.85,"type":"VEHICLE","velocity":{"y":0,"x":0,"z":0}},{"acceleration":{"y":0,"x":0,"z":0},"position":{"y":4182894.38,"x":552563.16,"z":10.49},"volume":2.81,"type":"VEHICLE","velocity":{"y":0,"x":0,"z":0}}],[{"acceleration":{"y":0,"x":0,"z":0},"position":{"y":4182902.59,"x":552569.69,"z":10.39},"volume":38.41,"type":"VEHICLE","velocity":{"y":0,"x":0,"z":0}},{"acceleration":{"y":0,"x":0,"z":0},"position":{"y":4182889.65,"x":552569.05,"z":10.7},"volume":3.36,"type":"VEHICLE","velocity":{"y":0,"x":0,"z":0}},{"acceleration":{"y":0,"x":0,"z":0},"position":{"y":4182896.21,"x":552570.44,"z":10.59},"volume":6.84,"type":"VEHICLE","velocity":{"y":0,"x":0,"z":0}},{"acceleration":{"y":0,"x":0,"z":0},"position":{"y":4182894.39,"x":552563.15,"z":10.49},"volume":2.81,"type":"VEHICLE","velocity":{"y":0,"x":0,"z":0}}],[{"acceleration":{"y":0,"x":0,"z":0},"position":{"y":4182902.59,"x":552569.69,"z":10.39},"volume":38.45,"type":"VEHICLE","velocity":{"y":0,"x":0,"z":0}},{"acceleration":{"y":0,"x":0,"z":0},"position":{"y":4182889.65,"x":552569.05,"z":10.7},"volume":3.36,"type":"VEHICLE","velocity":{"y":0,"x":0,"z":0}},{"acceleration":{"y":0,"x":0,"z":0},"position":{"y":4182896.21,"x":552570.44,"z":10.38},"volume":8.02,"type":"VEHICLE","velocity":{"y":0,"x":0,"z":0}},{"acceleration":{"y":0,"x":0,"z":0},"position":{"y":4182894.38,"x":552563.16,"z":10.49},"volume":2.81,"type":"VEHICLE","velocity":{"y":0,"x":0,"z":0}}],[{"acceleration":{"y":0,"x":0,"z":0},"position":{"y":4182902.59,"x":552569.66,"z":10.38},"volume":40,"type":"VEHICLE","velocity":{"y":0,"x":0,"z":0}},{"acceleration":{"y":0,"x":0,"z":0},"position":{"y":4182889.65,"x":552569.05,"z":10.7},"volume":3.33,"type":"VEHICLE","velocity":{"y":0,"x":0,"z":0}},{"acceleration":{"y":0,"x":0,"z":0},"position":{"y":4182896.21,"x":552570.44,"z":10.38},"volume":8.08,"type":"VEHICLE","velocity":{"y":0,"x":0,"z":0}},{"acceleration":{"y":0,"x":0,"z":0},"position":{"y":4182893.75,"x":552562.65,"z":10.47},"volume":4.44,"type":"VEHICLE","velocity":{"y":0,"x":0,"z":0}}]],"action_description":"NPC vehicle (BoxTruck) driving on the right lane","ev_state":[-300.165313720703,10.1248035430908,416.513336181641,0,0,0,14,1,0.0000074960421443393,215.434600830078,-0.00000943620761972852,0.0000524188595552348],"collision_probability":0}
 timestamp= 1619791885000 [RUN] Validate G1 Guard Condition: 
The ego vehicle E Detection.Collision == True.
 timestamp= 1619791885000 [RES] Global Validate result: 
false
 timestamp= 1619791885000 [RUN] Validate G2 Guard Condition: 
The ego vehicle E Detection.OffRoad == True.
 timestamp= 1619791885000 [RES] Global Validate result: 
false
 timestamp= 1619791885000 [RUN] Validate G3 Guard Condition: 
The ego vehicle E Detection.HardBrake == True.
 timestamp= 1619791885000 [RES] Global Validate result: 
false
 timestamp= 1619791885000 [RUN] Validate G4 Guard Condition: 
The ego vehicle E Detection.ArrivalTest == True.
 timestamp= 1619791885000 [RES] Global Validate result: 
false
 timestamp= 1619791885000 [RUN] Validate step: 
The test system VALIDATES THAT the Apollo A Status.GetControl is nearly equal to {"acceleration": -3.0, "throttle": 0.0, "steering_target": -0.05, "brake": 69.99, "steering_rate": 100.0, "speed": 0.0}
 timestamp= 1619791885000 [RES] Validate result: 
true
 timestamp= 1619791885000 [RUN] Generate steps
 timestamp= 1619791885000 [RUN] Validate step: 
The test system VALIDATES THAT the simulator S Status.GetEnvironment is nearly equal to {"x": -300.17, "y": 10.12, "z": 416.51, "rain": 0.0, "fog": 0.0, "wetness": 0.0, "timeofday": 14.0, "signal": 1.0, "rx": 0.0, "ry": 215.43, "rz": -0.0, "speed": 0.0}
 timestamp= 1619791885000 [RES] Validate result: 
true
 timestamp= 1619791885000 [RUN] Execute API step: 
The environment controller C INVOKES API Control.Agents.NPCVehicle.NPCVehicleMaintainLane(which_lane=Left_Lane&which_car=SUV).
 timestamp= 1619791890000 [RES] API result: 
{"pose_arr":[{"vx":0,"ay":0,"az":9.81,"ax":0,"pz":10.12,"vy":0,"px":552574.6,"py":4182903.63},{"vx":0,"ay":0,"az":9.81,"ax":0,"pz":10.12,"vy":0,"px":552574.6,"py":4182903.63},{"vx":0,"ay":0,"az":9.81,"ax":0,"pz":10.12,"vy":0,"px":552574.6,"py":4182903.63},{"vx":0,"ay":0,"az":9.81,"ax":0,"pz":10.12,"vy":0,"px":552574.6,"py":4182903.63},{"vx":0,"ay":0,"az":9.81,"ax":0,"pz":10.12,"vy":0,"px":552574.6,"py":4182903.63},{"vx":0,"ay":0,"az":9.81,"ax":0,"pz":10.12,"vy":0,"px":552574.6,"py":4182903.63},{"vx":0,"ay":0,"az":9.81,"ax":0,"pz":10.12,"vy":0,"px":552574.6,"py":4182903.63},{"vx":0,"ay":0,"az":9.81,"ax":0,"pz":10.12,"vy":0,"px":552574.6,"py":4182903.63}],"traffic_light":[3,3,3,3,3,3,3],"state_arr":[{"acceleration":-3,"throttle":0,"steering_target":-0.05,"brake":69.99,"steering_rate":100,"speed":0},{"acceleration":-3,"throttle":0,"steering_target":-0.05,"brake":69.99,"steering_rate":100,"speed":0},{"acceleration":-3,"throttle":0,"steering_target":-0.05,"brake":69.99,"steering_rate":100,"speed":0},{"acceleration":-3,"throttle":0,"steering_target":-0.05,"brake":69.99,"steering_rate":100,"speed":0},{"acceleration":-3,"throttle":0,"steering_target":-0.05,"brake":70,"steering_rate":100,"speed":0},{"acceleration":-3,"throttle":0,"steering_target":-0.05,"brake":70,"steering_rate":100,"speed":0},{"acceleration":-3,"throttle":0,"steering_target":-0.05,"brake":70,"steering_rate":100,"speed":0},{"acceleration":-3,"throttle":0,"steering_target":-0.05,"brake":70,"steering_rate":100,"speed":0},{"acceleration":-0.28,"throttle":0,"steering_target":-0.05,"brake":57.05,"steering_rate":100,"speed":0}],"obstacle_arr":[[{"acceleration":{"y":0,"x":0,"z":0},"position":{"y":4182900.89,"x":552568.62,"z":10.39},"volume":39.93,"type":"VEHICLE","velocity":{"y":0,"x":0,"z":0}},{"acceleration":{"y":0,"x":0,"z":0},"position":{"y":4182889.65,"x":552569.05,"z":10.7},"volume":3.33,"type":"VEHICLE","velocity":{"y":0,"x":0,"z":0}},{"acceleration":{"y":0,"x":0,"z":0},"position":{"y":4182896.21,"x":552570.44,"z":10.38},"volume":8.03,"type":"VEHICLE","velocity":{"y":0,"x":0,"z":0}},{"acceleration":{"y":0,"x":0,"z":0},"position":{"y":4182890.26,"x":552560.23,"z":10.12},"volume":5.54,"type":"VEHICLE","velocity":{"y":0,"x":0,"z":0}}],[{"acceleration":{"y":0,"x":0,"z":0},"position":{"y":4182898.79,"x":552566.17,"z":10.39},"volume":97.98,"type":"VEHICLE","velocity":{"y":0,"x":0,"z":0}},{"acceleration":{"y":0,"x":0,"z":0},"position":{"y":4182889.49,"x":552568.92,"z":10.67},"volume":3.46,"type":"VEHICLE","velocity":{"y":0,"x":0,"z":0}},{"acceleration":{"y":0,"x":0,"z":0},"position":{"y":4182896.21,"x":552570.44,"z":10.38},"volume":8.12,"type":"VEHICLE","velocity":{"y":0,"x":0,"z":0}},{"acceleration":{"y":-0.01,"x":0,"z":0},"position":{"y":4182907.47,"x":552567.6,"z":10.13},"volume":95.22,"type":"VEHICLE","velocity":{"y":0,"x":0,"z":0}},{"acceleration":{"y":-0.01,"x":-0.01,"z":0},"position":{"y":4182897.99,"x":552579.59,"z":10.34},"volume":10.18,"type":"VEHICLE","velocity":{"y":-0.78,"x":-0.74,"z":0}}],[{"acceleration":{"y":0,"x":0,"z":0},"position":{"y":4182896.6,"x":552564.66,"z":10.39},"volume":101.23,"type":"VEHICLE","velocity":{"y":0,"x":0,"z":0}},{"acceleration":{"y":0,"x":0,"z":0},"position":{"y":4182887.72,"x":552567.64,"z":10.4},"volume":4.8,"type":"VEHICLE","velocity":{"y":0,"x":0,"z":0}},{"acceleration":{"y":0,"x":0,"z":0},"position":{"y":4182896.2,"x":552570.42,"z":10.55},"volume":7.13,"type":"VEHICLE","velocity":{"y":0,"x":0,"z":0}},{"acceleration":{"y":0,"x":0,"z":0},"position":{"y":4182907.09,"x":552567.39,"z":10.13},"volume":101.99,"type":"VEHICLE","velocity":{"y":0,"x":0,"z":0}},{"acceleration":{"y":0.02,"x":0.02,"z":0},"position":{"y":4182897.26,"x":552578.9,"z":10.34},"volume":11.91,"type":"VEHICLE","velocity":{"y":-0.46,"x":-0.51,"z":0}}],[{"acceleration":{"y":-0.88,"x":-0.6,"z":0},"position":{"y":4182894.54,"x":552563.2,"z":10.12},"volume":103.65,"type":"VEHICLE","velocity":{"y":-0.88,"x":-0.6,"z":0}},{"acceleration":{"y":0,"x":0,"z":0},"position":{"y":4182885.98,"x":552566.28,"z":11.28},"volume":0.13,"type":"VEHICLE","velocity":{"y":0,"x":0,"z":0}},{"acceleration":{"y":0,"x":0,"z":0},"position":{"y":4182895.78,"x":552570.26,"z":10.58},"volume":6.43,"type":"VEHICLE","velocity":{"y":0,"x":0,"z":0}},{"acceleration":{"y":0,"x":0,"z":0},"position":{"y":4182906.83,"x":552567.07,"z":10.12},"volume":113.77,"type":"VEHICLE","velocity":{"y":0,"x":0,"z":0}},{"acceleration":{"y":0.92,"x":0.94,"z":0},"position":{"y":4182895.87,"x":552577.2,"z":10.12},"volume":14,"type":"VEHICLE","velocity":{"y":-0.18,"x":-0.22,"z":0}}],[{"acceleration":{"y":-0.19,"x":-0.13,"z":0},"position":{"y":4182888.56,"x":552558.99,"z":10.11},"volume":136.36,"type":"VEHICLE","velocity":{"y":-0.75,"x":-0.51,"z":0}},{"acceleration":{"y":0,"x":0,"z":0},"position":{"y":4182895.07,"x":552570.02,"z":10.57},"volume":6.26,"type":"VEHICLE","velocity":{"y":0,"x":0,"z":0}},{"acceleration":{"y":0,"x":0,"z":0},"position":{"y":4182905.75,"x":552567.01,"z":10.38},"volume":64.14,"type":"VEHICLE","velocity":{"y":0,"x":0,"z":0}},{"acceleration":{"y":0.02,"x":0.02,"z":0},"position":{"y":4182894.29,"x":552575.28,"z":10.12},"volume":12.04,"type":"VEHICLE","velocity":{"y":-0.51,"x":-0.58,"z":0}}],[{"acceleration":{"y":0,"x":0,"z":0},"position":{"y":4182894.11,"x":552569.66,"z":10.43},"volume":7.45,"type":"VEHICLE","velocity":{"y":0,"x":0,"z":0}},{"acceleration":{"y":-1.14,"x":-0.49,"z":0},"position":{"y":4182904.35,"x":552566.36,"z":10.38},"volume":74.56,"type":"VEHICLE","velocity":{"y":-1.17,"x":-0.5,"z":0}},{"acceleration":{"y":-0.86,"x":-0.98,"z":0},"position":{"y":4182892.5,"x":552573.2,"z":10.12},"volume":13.23,"type":"VEHICLE","velocity":{"y":-1.02,"x":-1.18,"z":0}},{"acceleration":{"y":0,"x":0,"z":0},"position":{"y":4182876.4,"x":552565.95,"z":10.12},"volume":9.75,"type":"VEHICLE","velocity":{"y":0,"x":0,"z":0}}],[{"acceleration":{"y":0,"x":0,"z":0},"position":{"y":4182892.75,"x":552569.46,"z":10.43},"volume":10.44,"type":"VEHICLE","velocity":{"y":0,"x":0,"z":0}},{"acceleration":{"y":-1.47,"x":-0.44,"z":0},"position":{"y":4182902.88,"x":552565.85,"z":10.4},"volume":69.44,"type":"VEHICLE","velocity":{"y":-2.01,"x":-0.69,"z":0}},{"acceleration":{"y":-1.45,"x":-1.48,"z":0},"position":{"y":4182890.7,"x":552571.29,"z":10.13},"volume":13.52,"type":"VEHICLE","velocity":{"y":-1.66,"x":-1.86,"z":0}}],[{"acceleration":{"y":-1.02,"x":-0.54,"z":0},"position":{"y":4182892.62,"x":552569.13,"z":10.38},"volume":8.55,"type":"VEHICLE","velocity":{"y":-0.85,"x":-0.44,"z":0}},{"acceleration":{"y":-0.93,"x":-0.5,"z":0},"position":{"y":4182901.76,"x":552565.16,"z":10.38},"volume":89.42,"type":"VEHICLE","velocity":{"y":-2.59,"x":-1.07,"z":0}},{"acceleration":{"y":-1.95,"x":-1.69,"z":0},"position":{"y":4182889.12,"x":552569.47,"z":10.63},"volume":3.77,"type":"VEHICLE","velocity":{"y":-3.07,"x":-3.19,"z":0}}]],"action_description":"NPC vehicle (SUV) driving on the left lane","ev_state":[-300.165313720703,10.1248035430908,416.513336181641,0,0,0,14,1,0.00000746356454328634,215.434600830078,-0.00000933454793994315,0.000013629395335404296],"collision_probability":0}
 timestamp= 1619791890000 [RUN] Validate G1 Guard Condition: 
The ego vehicle E Detection.Collision == True.
 timestamp= 1619791890000 [RES] Global Validate result: 
false
 timestamp= 1619791890000 [RUN] Validate G2 Guard Condition: 
The ego vehicle E Detection.OffRoad == True.
 timestamp= 1619791890000 [RES] Global Validate result: 
false
 timestamp= 1619791890000 [RUN] Validate G3 Guard Condition: 
The ego vehicle E Detection.HardBrake == True.
 timestamp= 1619791890000 [RES] Global Validate result: 
false
 timestamp= 1619791890000 [RUN] Validate G4 Guard Condition: 
The ego vehicle E Detection.ArrivalTest == True.
 timestamp= 1619791890000 [RES] Global Validate result: 
false
 timestamp= 1619791890000 [RUN] Validate step: 
The test system VALIDATES THAT the Apollo A Status.GetControl is nearly equal to {"acceleration": -0.28, "throttle": 0.0, "steering_target": -0.05, "brake": 57.05, "steering_rate": 100.0, "speed": 0.0}
 timestamp= 1619791890000 [RES] Validate result: 
true
 timestamp= 1619791890000 [RUN] Generate steps
 timestamp= 1619791890000 [RUN] Validate step: 
The test system VALIDATES THAT the simulator S Status.GetEnvironment is nearly equal to {"x": -300.17, "y": 10.12, "z": 416.51, "rain": 0.0, "fog": 0.0, "wetness": 0.0, "timeofday": 14.0, "signal": 1.0, "rx": 0.0, "ry": 215.43, "rz": -0.0, "speed": 0.0}
 timestamp= 1619791890000 [RES] Validate result: 
true
 timestamp= 1619791890000 [RUN] Execute API step: 
The environment controller C INVOKES API Control.Agents.NPCVehicle.NPCVehicleSwitchLane(which_lane=Left_Lane&which_car=Hatchback).
 timestamp= 1619791895000 [RES] API result: 
{"pose_arr":[{"vx":0,"ay":0,"az":9.81,"ax":0,"pz":10.12,"vy":0,"px":552574.6,"py":4182903.63},{"vx":0,"ay":0,"az":9.81,"ax":0,"pz":10.12,"vy":0,"px":552574.6,"py":4182903.63},{"vx":0,"ay":0,"az":9.81,"ax":0,"pz":10.12,"vy":0,"px":552574.6,"py":4182903.63},{"vx":-0.43,"ay":1.99,"az":9.8,"ax":-2.79,"pz":10.12,"vy":-0.43,"px":552574.56,"py":4182903.57},{"vx":-1.52,"ay":2.49,"az":9.8,"ax":-3.39,"pz":10.12,"vy":-1.52,"px":552574.2,"py":4182903.07},{"vx":-2.04,"ay":-0.38,"az":9.82,"ax":0.33,"pz":10.12,"vy":-2.04,"px":552573.33,"py":4182901.86},{"vx":-2.77,"ay":1.91,"az":9.8,"ax":-2.79,"pz":10.12,"vy":-2.77,"px":552572.54,"py":4182900.79},{"vx":-3.35,"ay":0.15,"az":9.83,"ax":-0.23,"pz":10.12,"vy":-3.35,"px":552571.17,"py":4182898.93},{"vx":-3.34,"ay":-0.3,"az":9.82,"ax":0.43,"pz":10.12,"vy":-3.34,"px":552570.24,"py":4182897.6}],"traffic_light":[3,3,3,3,3,3,3,3,3],"state_arr":[{"acceleration":-0.26,"throttle":0,"steering_target":-0.05,"brake":63.44,"steering_rate":100,"speed":0},{"acceleration":-0.25,"throttle":0,"steering_target":-0.05,"brake":65.09,"steering_rate":100,"speed":0},{"acceleration":-0.2,"throttle":0,"steering_target":-0.05,"brake":82.05,"steering_rate":100,"speed":0},{"acceleration":1.04,"throttle":61.44,"steering_target":-0.05,"brake":0,"steering_rate":100,"speed":0.52},{"acceleration":1.24,"throttle":46.46,"steering_target":-4.18,"brake":0,"steering_rate":100,"speed":1.84},{"acceleration":-0.18,"throttle":0,"steering_target":-2.72,"brake":14.5,"steering_rate":100,"speed":2.63},{"acceleration":1.21,"throttle":60.7,"steering_target":0.32,"brake":0,"steering_rate":100,"speed":2.64},{"acceleration":0.24,"throttle":15.7,"steering_target":3.7,"brake":0,"steering_rate":100,"speed":3.91},{"acceleration":0.29,"throttle":15.7,"steering_target":1.84,"brake":0,"steering_rate":100,"speed":4.09},{"acceleration":0.46,"throttle":15.7,"steering_target":-2.91,"brake":0,"steering_rate":100,"speed":4}],"obstacle_arr":[[{"acceleration":{"y":-0.11,"x":0.1,"z":0},"position":{"y":4182892.58,"x":552569.09,"z":10.4},"volume":7.49,"type":"VEHICLE","velocity":{"y":-0.53,"x":-0.2,"z":0}},{"acceleration":{"y":-0.67,"x":-0.48,"z":0},"position":{"y":4182900.7,"x":552564.54,"z":10.4},"volume":101.12,"type":"VEHICLE","velocity":{"y":-2.51,"x":-1.19,"z":0}}],[{"acceleration":{"y":0.87,"x":0.47,"z":0},"position":{"y":4182892.43,"x":552569.04,"z":10.63},"volume":6,"type":"VEHICLE","velocity":{"y":0,"x":0,"z":0}},{"acceleration":{"y":0.22,"x":-0.16,"z":0},"position":{"y":4182899.71,"x":552564.22,"z":10.44},"volume":99.81,"type":"VEHICLE","velocity":{"y":-2.23,"x":-1.15,"z":0}},{"acceleration":{"y":0,"x":0,"z":0},"position":{"y":4182881.83,"x":552568.34,"z":10.5},"volume":6.2,"type":"VEHICLE","velocity":{"y":0,"x":0,"z":0}}],[{"acceleration":{"y":0.11,"x":0.05,"z":0},"position":{"y":4182892.24,"x":552569.04,"z":10.43},"volume":5.32,"type":"VEHICLE","velocity":{"y":0,"x":0,"z":0}},{"acceleration":{"y":1.17,"x":0.58,"z":0},"position":{"y":4182898.97,"x":552563.87,"z":10.4},"volume":106.97,"type":"VEHICLE","velocity":{"y":-1.2,"x":-0.56,"z":0}},{"acceleration":{"y":-0.03,"x":-0.07,"z":0},"position":{"y":4182881.19,"x":552567.33,"z":10.45},"volume":4.85,"type":"VEHICLE","velocity":{"y":-0.4,"x":-0.93,"z":0}}],[{"acceleration":{"y":0.04,"x":0.02,"z":0},"position":{"y":4182891.48,"x":552568.98,"z":10.39},"volume":7.34,"type":"VEHICLE","velocity":{"y":0,"x":0,"z":0}},{"acceleration":{"y":1.01,"x":0.64,"z":0},"position":{"y":4182898.39,"x":552563.7,"z":10.39},"volume":109.86,"type":"VEHICLE","velocity":{"y":-0.86,"x":-0.28,"z":0}},{"acceleration":{"y":-0.23,"x":-0.81,"z":0},"position":{"y":4182880.1,"x":552563.98,"z":10.26},"volume":6.73,"type":"VEHICLE","velocity":{"y":-0.39,"x":-1.29,"z":0}}],[{"acceleration":{"y":0,"x":0,"z":0},"position":{"y":4182891.68,"x":552568.88,"z":10.55},"volume":2.3,"type":"VEHICLE","velocity":{"y":0,"x":0,"z":0}},{"acceleration":{"y":0.63,"x":0.44,"z":0},"position":{"y":4182897.77,"x":552563.51,"z":10.4},"volume":101.42,"type":"VEHICLE","velocity":{"y":-0.66,"x":-0.18,"z":0}}],[{"acceleration":{"y":0,"x":0,"z":0},"position":{"y":4182889.77,"x":552568.11,"z":10.54},"volume":7.41,"type":"VEHICLE","velocity":{"y":0,"x":0,"z":0}},{"acceleration":{"y":-0.11,"x":0.08,"z":0},"position":{"y":4182896.94,"x":552563.18,"z":10.41},"volume":107.61,"type":"VEHICLE","velocity":{"y":-0.95,"x":-0.19,"z":0}},{"acceleration":{"y":-0.01,"x":-0.02,"z":0},"position":{"y":4182877.05,"x":552553.71,"z":10.51},"volume":0.31,"type":"VEHICLE","velocity":{"y":0,"x":0,"z":0}}],[{"acceleration":{"y":0,"x":0,"z":0},"position":{"y":4182888.68,"x":552567.64,"z":10.44},"volume":7.45,"type":"VEHICLE","velocity":{"y":0,"x":0,"z":0}},{"acceleration":{"y":-0.99,"x":-0.4,"z":0},"position":{"y":4182895.71,"x":552562.66,"z":10.43},"volume":104.79,"type":"VEHICLE","velocity":{"y":-1.57,"x":-0.49,"z":0}},{"acceleration":{"y":-0.01,"x":-0.01,"z":0},"position":{"y":4182873.27,"x":552551.09,"z":10.45},"volume":0.62,"type":"VEHICLE","velocity":{"y":0,"x":0,"z":0}}],[{"acceleration":{"y":-2.38,"x":-1.34,"z":0},"position":{"y":4182886.39,"x":552566.37,"z":10.13},"volume":12.47,"type":"VEHICLE","velocity":{"y":-2.18,"x":-1.24,"z":0}},{"acceleration":{"y":-2.41,"x":-1.67,"z":0},"position":{"y":4182893.66,"x":552561.43,"z":10.13},"volume":116.66,"type":"VEHICLE","velocity":{"y":-3.67,"x":-2,"z":0}}]],"action_description":"NPC vehicle (SchoolBus) switching lane (left to right)","ev_state":[-304.845001220703,10.1245632171631,410.015594482422,0,0,0,14,1,0.0176705829799175,215.054443359375,0.00946408603340387,3.9955474374020605],"collision_probability":0}
 timestamp= 1619791895000 [RUN] Validate G1 Guard Condition: 
The ego vehicle E Detection.Collision == True.
 timestamp= 1619791895000 [RES] Global Validate result: 
false
 timestamp= 1619791895000 [RUN] Validate G2 Guard Condition: 
The ego vehicle E Detection.OffRoad == True.
 timestamp= 1619791895000 [RES] Global Validate result: 
true
 timestamp= 1619791895000 [RUN] OffRoad == True
 timestamp= 1619791895000 [RUN] The simulator S INVOKES API Command.Simulation.Stop() to stop simulation.
 timestamp= 1619791895000 [WARNING] The test system Stop the Simulator S!
 timestamp= 1619791895000 [RUN] ABORT.
 timestamp= 1619791895000 [ERROR] The test system Abort!
 timestamp= 1619791895000 [RUN] Validate G3 Guard Condition: 
The ego vehicle E Detection.HardBrake == True.
 timestamp= 1619791895000 [RES] Global Validate result: 
true
 timestamp= 1619791895000 [RUN] HardBrake == True
 timestamp= 1619791895000 [RUN] RESUME STEP @preStep
 timestamp= 1619791895000 [RUN] Resume step basicflow28
 timestamp= 1619791895000 [RUN] Validate G4 Guard Condition: 
The ego vehicle E Detection.ArrivalTest == True.
 timestamp= 1619791895000 [RES] Global Validate result: 
false
 timestamp= 1619791895000 [RES] Basic PostCondition Validate result: 
false
 timestamp= 1619791895000 [STOP] numberOfStep: 31 basicFlow: 
[{"name":"","description":"","eClass":"Sentence","content":"The test system VALIDATES THAT the simulator S Status.GetEnvironment is nearly equal to {\"x\": -244.8, \"y\": 10.12, \"z\": 465.33, \"rain\": 0.0, \"fog\": 0.0, \"wetness\": 0.0, \"timeofday\": 12.0, \"signal\": 1.0, \"rx\": 0.0, \"ry\": 305.81, \"rz\": -0.0, \"speed\": 0.0}","natures":[]},{"name":"","description":"","eClass":"Sentence","content":"The environment controller C INVOKES API Control.Agents.NPCVehicle.NPCVehicleMaintainLane(which_lane=Left_Lane&which_car=Jeep).","natures":[]},{"name":"","description":"","eClass":"Sentence","content":"The test system VALIDATES THAT the Apollo A Status.GetControl is nearly equal to {\"acceleration\": -3.0, \"throttle\": 0.0, \"steering_target\": 0.46, \"brake\": 70.0, \"steering_rate\": 100.0, \"speed\": 0.0}","natures":[]},{"name":"","description":"","eClass":"Sentence","content":"The test system VALIDATES THAT the simulator S Status.GetEnvironment is nearly equal to {\"x\": -244.8, \"y\": 10.12, \"z\": 465.33, \"rain\": 0.0, \"fog\": 0.0, \"wetness\": 0.0, \"timeofday\": 12.0, \"signal\": 1.0, \"rx\": 0.0, \"ry\": 305.81, \"rz\": -0.0, \"speed\": 0.0}","natures":[]},{"name":"","description":"","eClass":"Sentence","content":"The environment controller C INVOKES API Control.Agents.NPCVehicle.NPCVehicleMaintainLane(which_lane=Right_Lane&which_car=Jeep).","natures":[]},{"name":"","description":"","eClass":"Sentence","content":"The test system VALIDATES THAT the Apollo A Status.GetControl is nearly equal to {\"acceleration\": -3.0, \"throttle\": 0.0, \"steering_target\": 0.46, \"brake\": 69.99, \"steering_rate\": 100.0, \"speed\": 0.0}","natures":[]},{"name":"","description":"","eClass":"Sentence","content":"The test system VALIDATES THAT the simulator S Status.GetEnvironment is nearly equal to {\"x\": -244.8, \"y\": 10.12, \"z\": 465.33, \"rain\": 0.0, \"fog\": 0.0, \"wetness\": 0.0, \"timeofday\": 12.0, \"signal\": 0.0, \"rx\": 0.0, \"ry\": 305.81, \"rz\": -0.0, \"speed\": 0.0}","natures":[]},{"name":"","description":"","eClass":"Sentence","content":"The environment controller C INVOKES API Control.Agents.NPCVehicle.NPCVehicleMaintainLane(which_lane=Current_Lane&which_car=Sedan).","natures":[]},{"name":"","description":"","eClass":"Sentence","content":"The test system VALIDATES THAT the Apollo A Status.GetControl is nearly equal to {\"acceleration\": -0.1, \"throttle\": 0.0, \"steering_target\": 7.17, \"brake\": 14.5, \"steering_rate\": 100.0, \"speed\": 2.24}","natures":[]},{"name":"","description":"","eClass":"Sentence","content":"The test system VALIDATES THAT the simulator S Status.GetEnvironment is nearly equal to {\"x\": -248.72, \"y\": 10.12, \"z\": 468.04, \"rain\": 0.0, \"fog\": 0.0, \"wetness\": 0.0, \"timeofday\": 12.0, \"signal\": -1.0, \"rx\": 359.98, \"ry\": 303.93, \"rz\": 359.98, \"speed\": 2.24}","natures":[]},{"name":"","description":"","eClass":"Sentence","content":"The environment controller C INVOKES API Control.Agents.NPCVehicle.NPCVehicleMaintainLane(which_lane=Right_Lane&which_car=BoxTruck).","natures":[]},{"name":"","description":"","eClass":"Sentence","content":"The test system VALIDATES THAT the Apollo A Status.GetControl is nearly equal to {\"acceleration\": 0.38, \"throttle\": 16.79, \"steering_target\": 60.73, \"brake\": 0.0, \"steering_rate\": 100.0, \"speed\": 2.74}","natures":[]},{"name":"","description":"","eClass":"Sentence","content":"The test system VALIDATES THAT the simulator S Status.GetEnvironment is nearly equal to {\"x\": -259.33, \"y\": 10.12, \"z\": 470.13, \"rain\": 0.0, \"fog\": 0.0, \"wetness\": 0.0, \"timeofday\": 12.0, \"signal\": -1.0, \"rx\": 0.05, \"ry\": 253.9, \"rz\": 359.72, \"speed\": 2.72}","natures":[]},{"name":"","description":"","eClass":"Sentence","content":"The environment controller C INVOKES API Control.TimeOfDay(time_of_day=Noon).","natures":[]},{"name":"","description":"","eClass":"Sentence","content":"The test system VALIDATES THAT the Apollo A Status.GetControl is nearly equal to {\"acceleration\": 1.46, \"throttle\": 32.25, \"steering_target\": 1.71, \"brake\": 0.0, \"steering_rate\": 100.0, \"speed\": 6.84}","natures":[]},{"name":"","description":"","eClass":"Sentence","content":"The test system VALIDATES THAT the simulator S Status.GetEnvironment is nearly equal to {\"x\": -273.76, \"y\": 10.12, \"z\": 454.45, \"rain\": 0.0, \"fog\": 0.0, \"wetness\": 0.0, \"timeofday\": 14.0, \"signal\": -1.0, \"rx\": 359.94, \"ry\": 215.33, \"rz\": 359.96, \"speed\": 7.31}","natures":[]},{"name":"","description":"","eClass":"Sentence","content":"The environment controller C INVOKES API Control.Weather.Nice.","natures":[]},{"name":"","description":"","eClass":"Sentence","content":"The test system VALIDATES THAT the Apollo A Status.GetControl is nearly equal to {\"acceleration\": -0.46, \"throttle\": 0.0, \"steering_target\": -3.28, \"brake\": 14.5, \"steering_rate\": 100.0, \"speed\": 6.95}","natures":[]},{"name":"","description":"","eClass":"Sentence","content":"The test system VALIDATES THAT the simulator S Status.GetEnvironment is nearly equal to {\"x\": -290.6, \"y\": 10.12, \"z\": 429.96, \"rain\": 0.0, \"fog\": 0.0, \"wetness\": 0.0, \"timeofday\": 14.0, \"signal\": -1.0, \"rx\": -0.0, \"ry\": 214.41, \"rz\": 359.99, \"speed\": 6.95}","natures":[]},{"name":"","description":"","eClass":"Sentence","content":"The environment controller C INVOKES API Control.Agents.NPCVehicle.NPCVehicleSwitchLane(which_lane=Current_Lane&which_car=Jeep).","natures":[]},{"name":"","description":"","eClass":"Sentence","content":"The test system VALIDATES THAT the Apollo A Status.GetControl is nearly equal to {\"acceleration\": -2.22, \"throttle\": 0.0, \"steering_target\": -0.03, \"brake\": 33.35, \"steering_rate\": 100.0, \"speed\": 1.72}","natures":[]},{"name":"","description":"","eClass":"Sentence","content":"The test system VALIDATES THAT the simulator S Status.GetEnvironment is nearly equal to {\"x\": -299.78, \"y\": 10.12, \"z\": 417.05, \"rain\": 0.0, \"fog\": 0.0, \"wetness\": 0.0, \"timeofday\": 14.0, \"signal\": -1.0, \"rx\": 0.1, \"ry\": 215.43, \"rz\": 0.0, \"speed\": 1.24}","natures":[]},{"name":"","description":"","eClass":"Sentence","content":"The environment controller C INVOKES API Control.Agents.NPCVehicle.NPCVehicleMaintainLane(which_lane=Right_Lane&which_car=BoxTruck).","natures":[]},{"name":"","description":"","eClass":"Sentence","content":"The test system VALIDATES THAT the Apollo A Status.GetControl is nearly equal to {\"acceleration\": -3.0, \"throttle\": 0.0, \"steering_target\": -0.05, \"brake\": 69.99, \"steering_rate\": 100.0, \"speed\": 0.0}","natures":[]},{"name":"","description":"","eClass":"Sentence","content":"The test system VALIDATES THAT the simulator S Status.GetEnvironment is nearly equal to {\"x\": -300.17, \"y\": 10.12, \"z\": 416.51, \"rain\": 0.0, \"fog\": 0.0, \"wetness\": 0.0, \"timeofday\": 14.0, \"signal\": 1.0, \"rx\": 0.0, \"ry\": 215.43, \"rz\": -0.0, \"speed\": 0.0}","natures":[]},{"name":"","description":"","eClass":"Sentence","content":"The environment controller C INVOKES API Control.Agents.NPCVehicle.NPCVehicleMaintainLane(which_lane=Left_Lane&which_car=SUV).","natures":[]},{"name":"","description":"","eClass":"Sentence","content":"The test system VALIDATES THAT the Apollo A Status.GetControl is nearly equal to {\"acceleration\": -0.28, \"throttle\": 0.0, \"steering_target\": -0.05, \"brake\": 57.05, \"steering_rate\": 100.0, \"speed\": 0.0}","natures":[]},{"name":"","description":"","eClass":"Sentence","content":"The test system VALIDATES THAT the simulator S Status.GetEnvironment is nearly equal to {\"x\": -300.17, \"y\": 10.12, \"z\": 416.51, \"rain\": 0.0, \"fog\": 0.0, \"wetness\": 0.0, \"timeofday\": 14.0, \"signal\": 1.0, \"rx\": 0.0, \"ry\": 215.43, \"rz\": -0.0, \"speed\": 0.0}","natures":[]},{"name":"","description":"","eClass":"Sentence","content":"The environment controller C INVOKES API Control.Agents.NPCVehicle.NPCVehicleSwitchLane(which_lane=Left_Lane&which_car=Hatchback).","natures":[]},{"name":"","description":"","eClass":"Sentence","content":"The test system VALIDATES THAT the Apollo A Status.GetControl is nearly equal to {\"acceleration\": 0.46, \"throttle\": 15.7, \"steering_target\": -2.91, \"brake\": 0.0, \"steering_rate\": 100.0, \"speed\": 4.0}","natures":[]},{"name":"","description":"","eClass":"Sentence","content":"","natures":[]}]
