 timestamp= 1619776937000 [START] Now Run TCS Maintain Lane On Road1 Mode: dynamic Roadnum: 1 Second: 4
 timestamp= 1619776937000 [SUCCESS] TCS Check Success 
 timestamp= 1619776940000 [RUN] Run BasicFlow
 timestamp= 1619776940000 [RUN] Generate steps
 timestamp= 1619776940000 [RUN] Validate step: 
The test system VALIDATES THAT the simulator S Status.GetEnvironment is nearly equal to {"x": 213.32, "y": 10.12, "z": 201.87, "rain": 0.0, "fog": 0.0, "wetness": 0.0, "timeofday": 12.0, "signal": -1.0, "rx": 359.91, "ry": 269.91, "rz": -0.0, "speed": 3.81}
 timestamp= 1619776940000 [RES] Validate result: 
true
 timestamp= 1619776940000 [RUN] Execute API step: 
The environment controller C INVOKES API Control.Agents.NPCVehicle.NPCVehicleMaintainLane(which_lane=Left_Lane&which_car=SchoolBus).
 timestamp= 1619776944000 [RES] API result: 
{"pose_arr":[{"vx":-0.01,"ay":1.28,"az":9.82,"ax":0,"pz":10.12,"vy":-0.01,"px":553088.69,"py":4182687.9},{"vx":-0.01,"ay":0,"az":9.81,"ax":0,"pz":10.12,"vy":-0.01,"px":553086.6,"py":4182687.89},{"vx":-0.01,"ay":0.71,"az":9.82,"ax":0,"pz":10.12,"vy":-0.01,"px":553083.14,"py":4182687.88},{"vx":-0.01,"ay":0.74,"az":9.81,"ax":0,"pz":10.12,"vy":-0.01,"px":553078.97,"py":4182687.87},{"vx":-0.01,"ay":0.44,"az":9.82,"ax":0,"pz":10.12,"vy":-0.01,"px":553075.46,"py":4182687.87},{"vx":-0.02,"ay":0.25,"az":9.82,"ax":0,"pz":10.12,"vy":-0.02,"px":553071.52,"py":4182687.86},{"vx":-0.02,"ay":0.41,"az":9.81,"ax":0,"pz":10.12,"vy":-0.02,"px":553067.03,"py":4182687.84}],"traffic_light":[3,3,3,3,3,3],"state_arr":[{"acceleration":0.88,"throttle":25.13,"steering_target":0.06,"brake":0,"steering_rate":100,"speed":3.79},{"acceleration":1.18,"throttle":51,"steering_target":0.05,"brake":0,"steering_rate":100,"speed":4.29},{"acceleration":0.88,"throttle":24.92,"steering_target":0.01,"brake":0,"steering_rate":100,"speed":5.21},{"acceleration":0.88,"throttle":24.92,"steering_target":0.02,"brake":0,"steering_rate":100,"speed":5.57},{"acceleration":0.66,"throttle":21.86,"steering_target":0,"brake":0,"steering_rate":100,"speed":5.91},{"acceleration":0.87,"throttle":24.4,"steering_target":0,"brake":0,"steering_rate":100,"speed":6.27},{"acceleration":0.98,"throttle":15.7,"steering_target":0.03,"brake":0,"steering_rate":100,"speed":6.5}],"obstacle_arr":[[],[],[{"acceleration":{"y":0,"x":0,"z":0},"position":{"y":4182681.89,"x":553086.62,"z":10.12},"volume":70.65,"type":"VEHICLE","velocity":{"y":0,"x":0,"z":0}}],[{"acceleration":{"y":0,"x":-0.01,"z":0},"position":{"y":4182684.73,"x":553082.95,"z":10.37},"volume":16.56,"type":"VEHICLE","velocity":{"y":0,"x":0,"z":0}}],[{"acceleration":{"y":0,"x":0,"z":0},"position":{"y":4182682.49,"x":553086.27,"z":10.12},"volume":116.22,"type":"VEHICLE","velocity":{"y":0,"x":0,"z":0}}],[{"acceleration":{"y":0,"x":0,"z":0},"position":{"y":4182685.25,"x":553085.16,"z":10.12},"volume":97.26,"type":"VEHICLE","velocity":{"y":0,"x":0,"z":0}}],[{"acceleration":{"y":0,"x":0,"z":0},"position":{"y":4182686.16,"x":553084.4,"z":10.13},"volume":112.09,"type":"VEHICLE","velocity":{"y":0,"x":0,"z":0}},{"acceleration":{"y":0,"x":0,"z":0},"position":{"y":4182672.2,"x":553090.35,"z":10.34},"volume":27.58,"type":"UNKNOWN","velocity":{"y":0,"x":0,"z":0}}]],"action_description":"NPC vehicle (SchoolBus) driving on the left lane","ev_state":[190.865356445313,10.124137878418,201.818954467773,0,0,0,12,-1,359.969421386719,269.836242675781,-0.00099756964482367,6.735140516356212],"collision_probability":0}
 timestamp= 1619776944000 [RUN] Validate G1 Guard Condition: 
The ego vehicle E Detection.Collision == True.
 timestamp= 1619776944000 [RES] Global Validate result: 
false
 timestamp= 1619776944000 [RUN] Validate G2 Guard Condition: 
The ego vehicle E Detection.OffRoad == True.
 timestamp= 1619776944000 [RES] Global Validate result: 
false
 timestamp= 1619776944000 [RUN] Validate G3 Guard Condition: 
The ego vehicle E Detection.HardBrake == True.
 timestamp= 1619776944000 [RES] Global Validate result: 
false
 timestamp= 1619776944000 [RUN] Validate G4 Guard Condition: 
The ego vehicle E Detection.ArrivalTest == True.
 timestamp= 1619776944000 [RES] Global Validate result: 
false
 timestamp= 1619776944000 [RUN] Validate step: 
The test system VALIDATES THAT the Apollo A Status.GetControl is nearly equal to {"acceleration": 0.98, "throttle": 15.7, "steering_target": 0.03, "brake": 0.0, "steering_rate": 100.0, "speed": 6.5}
 timestamp= 1619776944000 [RES] Validate result: 
true
 timestamp= 1619776944000 [RUN] Generate steps
 timestamp= 1619776944000 [RUN] Validate step: 
The test system VALIDATES THAT the simulator S Status.GetEnvironment is nearly equal to {"x": 190.87, "y": 10.12, "z": 201.82, "rain": 0.0, "fog": 0.0, "wetness": 0.0, "timeofday": 12.0, "signal": -1.0, "rx": 359.97, "ry": 269.84, "rz": -0.0, "speed": 6.74}
 timestamp= 1619776944000 [RES] Validate result: 
true
 timestamp= 1619776944000 [RUN] Execute API step: 
The environment controller C INVOKES API Control.Weather.Rain(rain_level=Heavy).
 timestamp= 1619776947000 [RES] API result: 
{"pose_arr":[{"vx":-0.02,"ay":0.24,"az":9.81,"ax":0,"pz":10.12,"vy":-0.02,"px":553063.93,"py":4182687.84},{"vx":-0.03,"ay":1.16,"az":9.8,"ax":-0.01,"pz":10.12,"vy":-0.03,"px":553059.98,"py":4182687.82},{"vx":-0.05,"ay":0.23,"az":9.82,"ax":0,"pz":10.12,"vy":-0.05,"px":553053.34,"py":4182687.79},{"vx":-0.06,"ay":0.23,"az":9.82,"ax":0,"pz":10.12,"vy":-0.06,"px":553048.34,"py":4182687.76},{"vx":-0.08,"ay":-0.65,"az":9.83,"ax":0.01,"pz":10.12,"vy":-0.08,"px":553042.36,"py":4182687.71},{"vx":-0.09,"ay":-1.29,"az":9.81,"ax":0.02,"pz":10.13,"vy":-0.09,"px":553037.36,"py":4182687.66}],"traffic_light":[3,3,3,3,2,2],"state_arr":[{"acceleration":1.21,"throttle":15.7,"steering_target":0.04,"brake":0,"steering_rate":100,"speed":6.74},{"acceleration":1.35,"throttle":30.91,"steering_target":0.07,"brake":0,"steering_rate":100,"speed":6.88},{"acceleration":0.89,"throttle":24.55,"steering_target":0.13,"brake":0,"steering_rate":100,"speed":7.51},{"acceleration":0.43,"throttle":18.52,"steering_target":0.16,"brake":0,"steering_rate":100,"speed":7.81},{"acceleration":-0.01,"throttle":0,"steering_target":0.14,"brake":15.09,"steering_rate":100,"speed":7.99},{"acceleration":-0.58,"throttle":0,"steering_target":0.17,"brake":30.09,"steering_rate":100,"speed":8.01},{"acceleration":-1.76,"throttle":0,"steering_target":0.23,"brake":27.25,"steering_rate":100,"speed":7.16}],"obstacle_arr":[[],[],[],[{"acceleration":{"y":0,"x":0,"z":0},"position":{"y":4182703.12,"x":553079.46,"z":10.58},"volume":64.23,"type":"VEHICLE","velocity":{"y":0,"x":0,"z":0}}],[],[],[]],"action_description":"Heavy rain","ev_state":[160.899383544922,10.1241273880005,201.608627319336,1,0,1,12,0,0.0750564262270927,269.268524169922,359.993011474609,6.713863353991854],"collision_probability":0}
 timestamp= 1619776947000 [RUN] Validate G1 Guard Condition: 
The ego vehicle E Detection.Collision == True.
 timestamp= 1619776947000 [RES] Global Validate result: 
false
 timestamp= 1619776947000 [RUN] Validate G2 Guard Condition: 
The ego vehicle E Detection.OffRoad == True.
 timestamp= 1619776947000 [RES] Global Validate result: 
false
 timestamp= 1619776947000 [RUN] Validate G3 Guard Condition: 
The ego vehicle E Detection.HardBrake == True.
 timestamp= 1619776947000 [RES] Global Validate result: 
false
 timestamp= 1619776947000 [RUN] Validate G4 Guard Condition: 
The ego vehicle E Detection.ArrivalTest == True.
 timestamp= 1619776947000 [RES] Global Validate result: 
false
 timestamp= 1619776947000 [RUN] Validate step: 
The test system VALIDATES THAT the Apollo A Status.GetControl is nearly equal to {"acceleration": -1.76, "throttle": 0.0, "steering_target": 0.23, "brake": 27.25, "steering_rate": 100.0, "speed": 7.16}
 timestamp= 1619776947000 [RES] Validate result: 
true
 timestamp= 1619776947000 [RUN] Generate steps
 timestamp= 1619776947000 [RUN] Validate step: 
The test system VALIDATES THAT the simulator S Status.GetEnvironment is nearly equal to {"x": 160.9, "y": 10.12, "z": 201.61, "rain": 1.0, "fog": 0.0, "wetness": 1.0, "timeofday": 12.0, "signal": 0.0, "rx": 0.08, "ry": 269.27, "rz": 359.99, "speed": 6.71}
 timestamp= 1619776947000 [RES] Validate result: 
true
 timestamp= 1619776947000 [RUN] Execute API step: 
The environment controller C INVOKES API Control.Agents.NPCVehicle.NPCVehicleMaintainLane(which_lane=Left_Lane&which_car=Jeep).
 timestamp= 1619776951000 [RES] API result: 
{"pose_arr":[{"vx":-0.08,"ay":-2.57,"az":9.83,"ax":0.03,"pz":10.13,"vy":-0.08,"px":553034.6,"py":4182687.62},{"vx":-0.06,"ay":-2.41,"az":9.8,"ax":0.03,"pz":10.13,"vy":-0.06,"px":553031.65,"py":4182687.59},{"vx":-0.05,"ay":-1.93,"az":9.81,"ax":0.03,"pz":10.13,"vy":-0.05,"px":553029.22,"py":4182687.55},{"vx":-0.03,"ay":-1.22,"az":9.81,"ax":0.02,"pz":10.13,"vy":-0.03,"px":553027.07,"py":4182687.52},{"vx":-0.02,"ay":-0.48,"az":9.81,"ax":0.01,"pz":10.13,"vy":-0.02,"px":553025.7,"py":4182687.51},{"vx":-0.04,"ay":0,"az":9.81,"ax":0,"pz":10.12,"vy":-0.04,"px":553024.5,"py":4182687.49}],"traffic_light":[2,2,2,3,3,3],"state_arr":[{"acceleration":-2.7,"throttle":0,"steering_target":0,"brake":36.42,"steering_rate":100,"speed":6.71},{"acceleration":-2.58,"throttle":0,"steering_target":0.13,"brake":35.62,"steering_rate":100,"speed":5.48},{"acceleration":-2.07,"throttle":0,"steering_target":0.04,"brake":31.35,"steering_rate":100,"speed":3.98},{"acceleration":-1.72,"throttle":0,"steering_target":0,"brake":28.08,"steering_rate":100,"speed":2.81},{"acceleration":-1.08,"throttle":0,"steering_target":-0.02,"brake":21.54,"steering_rate":100,"speed":2.23},{"acceleration":0.15,"throttle":15.7,"steering_target":-0.03,"brake":0,"steering_rate":100,"speed":1.64},{"acceleration":0,"throttle":66.84,"steering_target":-0.13,"brake":0,"steering_rate":100,"speed":2.71},{"acceleration":0.6,"throttle":20.86,"steering_target":-0.16,"brake":0,"steering_rate":100,"speed":3.01}],"obstacle_arr":[[],[{"acceleration":{"y":0.93,"x":1.13,"z":0},"position":{"y":4182681.67,"x":553034.2,"z":10.13},"volume":10.86,"type":"VEHICLE","velocity":{"y":1.42,"x":-1.14,"z":0}}],[{"acceleration":{"y":0.46,"x":-0.38,"z":0},"position":{"y":4182682.23,"x":553033.52,"z":10.13},"volume":9.39,"type":"VEHICLE","velocity":{"y":1.79,"x":-0.96,"z":0}}],[{"acceleration":{"y":-0.28,"x":0.06,"z":0},"position":{"y":4182682.56,"x":553032.85,"z":10.13},"volume":12.54,"type":"VEHICLE","velocity":{"y":1.83,"x":-1.16,"z":0}},{"acceleration":{"y":0,"x":-0.01,"z":0},"position":{"y":4182667.25,"x":553008.76,"z":10.73},"volume":1.08,"type":"VEHICLE","velocity":{"y":0,"x":0,"z":0}}],[{"acceleration":{"y":0.07,"x":0.27,"z":0},"position":{"y":4182685.4,"x":553032.2,"z":10.44},"volume":8.22,"type":"VEHICLE","velocity":{"y":1.88,"x":-0.69,"z":0}},{"acceleration":{"y":0,"x":0,"z":0},"position":{"y":4182667.09,"x":553002.44,"z":10.58},"volume":1.86,"type":"VEHICLE","velocity":{"y":0,"x":0,"z":0}}],[{"acceleration":{"y":4.83,"x":0.96,"z":0},"position":{"y":4182691.74,"x":553031.99,"z":10.15},"volume":12.16,"type":"VEHICLE","velocity":{"y":5.48,"x":0.15,"z":0}},{"acceleration":{"y":0,"x":0,"z":0},"position":{"y":4182667.1,"x":553001.73,"z":10.44},"volume":4.42,"type":"VEHICLE","velocity":{"y":0,"x":0,"z":0}}]],"action_description":"NPC vehicle (Jeep) driving on the left lane","ev_state":[147.716690063477,10.1246509552002,201.433868408203,1,0,1,12,-1,359.959136962891,269.2607421875,0.00095309829339385,3.014250769047588],"collision_probability":0}
 timestamp= 1619776951000 [RUN] Validate G1 Guard Condition: 
The ego vehicle E Detection.Collision == True.
 timestamp= 1619776951000 [RES] Global Validate result: 
false
 timestamp= 1619776951000 [RUN] Validate G2 Guard Condition: 
The ego vehicle E Detection.OffRoad == True.
 timestamp= 1619776951000 [RES] Global Validate result: 
false
 timestamp= 1619776951000 [RUN] Validate G3 Guard Condition: 
The ego vehicle E Detection.HardBrake == True.
 timestamp= 1619776951000 [RES] Global Validate result: 
false
 timestamp= 1619776951000 [RUN] Validate G4 Guard Condition: 
The ego vehicle E Detection.ArrivalTest == True.
 timestamp= 1619776951000 [RES] Global Validate result: 
false
 timestamp= 1619776951000 [RUN] Validate step: 
The test system VALIDATES THAT the Apollo A Status.GetControl is nearly equal to {"acceleration": 0.6, "throttle": 20.86, "steering_target": -0.16, "brake": 0.0, "steering_rate": 100.0, "speed": 3.01}
 timestamp= 1619776951000 [RES] Validate result: 
true
 timestamp= 1619776951000 [RUN] Generate steps
 timestamp= 1619776951000 [RUN] Validate step: 
The test system VALIDATES THAT the simulator S Status.GetEnvironment is nearly equal to {"x": 147.72, "y": 10.12, "z": 201.43, "rain": 1.0, "fog": 0.0, "wetness": 1.0, "timeofday": 12.0, "signal": -1.0, "rx": 359.96, "ry": 269.26, "rz": 0.0, "speed": 3.01}
 timestamp= 1619776951000 [RES] Validate result: 
true
 timestamp= 1619776951000 [RUN] Execute API step: 
The environment controller C INVOKES API Control.Agents.NPCVehicle.NPCVehicleMaintainLane(which_lane=Right_Lane&which_car=BoxTruck).
 timestamp= 1619776954000 [RES] API result: 
{"pose_arr":[{"vx":-0.04,"ay":0.3,"az":9.82,"ax":-0.01,"pz":10.12,"vy":-0.04,"px":553022.97,"py":4182687.47},{"vx":-0.04,"ay":0.27,"az":9.83,"ax":0,"pz":10.12,"vy":-0.04,"px":553020.83,"py":4182687.44},{"vx":-0.04,"ay":0.27,"az":9.81,"ax":0,"pz":10.12,"vy":-0.04,"px":553018.32,"py":4182687.41},{"vx":-0.56,"ay":-50.43,"az":-3.69,"ax":-0.41,"pz":10.12,"vy":-0.56,"px":553015.84,"py":4182687.38},{"vx":-0.03,"ay":1.92,"az":9.64,"ax":-0.28,"pz":10.1,"vy":-0.03,"px":553014.62,"py":4182687.34},{"vx":-0.08,"ay":-7.58,"az":5.36,"ax":-8.56,"pz":10.12,"vy":-0.08,"px":553012.79,"py":4182687.34},{"vx":-0.02,"ay":-0.97,"az":9.78,"ax":-0.05,"pz":10.14,"vy":-0.02,"px":553011.29,"py":4182687.35}],"traffic_light":[3,3,3,0,0,0],"state_arr":[{"acceleration":0.33,"throttle":15.88,"steering_target":-0.18,"brake":0,"steering_rate":100,"speed":3.68},{"acceleration":0.4,"throttle":15.7,"steering_target":-0.22,"brake":0,"steering_rate":100,"speed":3.86},{"acceleration":-0.22,"throttle":0,"steering_target":-0.32,"brake":14.5,"steering_rate":100,"speed":4},{"acceleration":1.46,"throttle":75.2,"steering_target":0.88,"brake":0,"steering_rate":100,"speed":1.97},{"acceleration":-1.98,"throttle":0,"steering_target":2.89,"brake":30.54,"steering_rate":100,"speed":2.88},{"acceleration":-2.02,"throttle":0,"steering_target":-3.25,"brake":31.73,"steering_rate":100,"speed":2.24},{"acceleration":-0.8,"throttle":0,"steering_target":-0.14,"brake":18.69,"steering_rate":100,"speed":1.71}],"obstacle_arr":[[{"acceleration":{"y":4.54,"x":0.63,"z":0},"position":{"y":4182696.66,"x":553032.66,"z":10.35},"volume":6.6,"type":"VEHICLE","velocity":{"y":9.18,"x":0.59,"z":0}}],[{"acceleration":{"y":0,"x":0,"z":0},"position":{"y":4182693.61,"x":553021.79,"z":10.4},"volume":87.07,"type":"VEHICLE","velocity":{"y":0,"x":0,"z":0}}],[{"acceleration":{"y":-0.52,"x":-0.69,"z":0},"position":{"y":4182692.22,"x":553018.04,"z":10.45},"volume":98.21,"type":"VEHICLE","velocity":{"y":-1.26,"x":-3.63,"z":0}},{"acceleration":{"y":0,"x":0,"z":0},"position":{"y":4182667.26,"x":553009.26,"z":10.51},"volume":1.82,"type":"UNKNOWN","velocity":{"y":0,"x":0,"z":0}}],[{"acceleration":{"y":0,"x":0,"z":0},"position":{"y":4182689.78,"x":553013.15,"z":10.65},"volume":76.06,"type":"VEHICLE","velocity":{"y":0,"x":0,"z":0}},{"acceleration":{"y":0,"x":0,"z":0},"position":{"y":4182691.79,"x":553011.12,"z":10.76},"volume":0.59,"type":"UNKNOWN","velocity":{"y":0,"x":0,"z":0}},{"acceleration":{"y":0,"x":0,"z":0},"position":{"y":4182667.39,"x":553002.12,"z":10.38},"volume":2.08,"type":"VEHICLE","velocity":{"y":0,"x":0,"z":0}}],[{"acceleration":{"y":0,"x":0,"z":0},"position":{"y":4182688.33,"x":553009,"z":10.93},"volume":59.1,"type":"VEHICLE","velocity":{"y":0,"x":0,"z":0}},{"acceleration":{"y":0,"x":0,"z":0},"position":{"y":4182667.02,"x":553001.55,"z":11.12},"volume":2.46,"type":"VEHICLE","velocity":{"y":0,"x":0,"z":0}},{"acceleration":{"y":0,"x":0,"z":0},"position":{"y":4182672.49,"x":552981.35,"z":13.19},"volume":0.04,"type":"VEHICLE","velocity":{"y":0,"x":0,"z":0}}],[{"acceleration":{"y":0,"x":0,"z":0},"position":{"y":4182687.64,"x":553006.49,"z":10.65},"volume":43.82,"type":"VEHICLE","velocity":{"y":-1.2,"x":-2.78,"z":0}},{"acceleration":{"y":0,"x":0,"z":0},"position":{"y":4182667.18,"x":553001.34,"z":11.51},"volume":3.21,"type":"VEHICLE","velocity":{"y":0,"x":0,"z":0}}],[{"acceleration":{"y":1.01,"x":1.82,"z":0},"position":{"y":4182687.21,"x":553004.9,"z":10.76},"volume":46.63,"type":"VEHICLE","velocity":{"y":-0.48,"x":-1.39,"z":0}},{"acceleration":{"y":0,"x":0,"z":0},"position":{"y":4182667.31,"x":553001.84,"z":11.58},"volume":3.06,"type":"VEHICLE","velocity":{"y":0,"x":0,"z":0}}]],"action_description":"NPC vehicle (BoxTruck) driving on the right lane","ev_state":[135.554229736328,10.0869188308716,201.306518554688,1,0,1,12,-1,2.22830152511597,269.275817871094,358.119232177734,1.7115074917798996],"collision_probability":1}
 timestamp= 1619776954000 [RUN] Validate G1 Guard Condition: 
The ego vehicle E Detection.Collision == True.
 timestamp= 1619776954000 [RES] Global Validate result: 
true
 timestamp= 1619776954000 [RUN] Collision == True
 timestamp= 1619776954000 [RUN] Validate G2 Guard Condition: 
The ego vehicle E Detection.OffRoad == True.
 timestamp= 1619776954000 [RES] Global Validate result: 
false
 timestamp= 1619776954000 [RUN] Validate G3 Guard Condition: 
The ego vehicle E Detection.HardBrake == True.
 timestamp= 1619776955000 [RES] Global Validate result: 
false
 timestamp= 1619776955000 [RUN] Validate G4 Guard Condition: 
The ego vehicle E Detection.ArrivalTest == True.
 timestamp= 1619776955000 [RES] Global Validate result: 
false
 timestamp= 1619776955000 [RUN] Validate step: 
The test system VALIDATES THAT the Apollo A Status.GetControl is nearly equal to {"acceleration": -0.8, "throttle": 0.0, "steering_target": -0.14, "brake": 18.69, "steering_rate": 100.0, "speed": 1.71}
 timestamp= 1619776955000 [RES] Validate result: 
true
 timestamp= 1619776955000 [RUN] Generate steps
 timestamp= 1619776955000 [RUN] Validate step: 
The test system VALIDATES THAT the simulator S Status.GetEnvironment is nearly equal to {"x": 135.55, "y": 10.09, "z": 201.31, "rain": 1.0, "fog": 0.0, "wetness": 1.0, "timeofday": 12.0, "signal": -1.0, "rx": 2.23, "ry": 269.28, "rz": 358.12, "speed": 1.71}
 timestamp= 1619776955000 [RES] Validate result: 
true
 timestamp= 1619776955000 [RUN] Execute API step: 
The environment controller C INVOKES API Control.TimeOfDay(time_of_day=Morning).
 timestamp= 1619776958000 [RES] API result: 
{"pose_arr":[{"vx":-0.03,"ay":-0.46,"az":9.86,"ax":0,"pz":10.14,"vy":-0.03,"px":553010.44,"py":4182687.34},{"vx":-0.1,"ay":-0.88,"az":10.11,"ax":0.36,"pz":10.13,"vy":-0.1,"px":553009.58,"py":4182687.33},{"vx":0.01,"ay":-0.84,"az":9.69,"ax":0.13,"pz":10.13,"vy":0.01,"px":553009.27,"py":4182687.32},{"vx":0,"ay":-0.02,"az":9.96,"ax":0,"pz":10.14,"vy":0,"px":553009.17,"py":4182687.32},{"vx":0,"ay":-0.07,"az":10.52,"ax":-0.06,"pz":10.13,"vy":0,"px":553009.16,"py":4182687.32},{"vx":0,"ay":-0.07,"az":10.46,"ax":-0.05,"pz":10.13,"vy":0,"px":553009.16,"py":4182687.32},{"vx":0,"ay":0.05,"az":9.25,"ax":0.04,"pz":10.13,"vy":0,"px":553009.16,"py":4182687.32}],"traffic_light":[0,0,0,0,0,0],"state_arr":[{"acceleration":-0.96,"throttle":0,"steering_target":-0.3,"brake":20.48,"steering_rate":100,"speed":1.52},{"acceleration":-0.7,"throttle":0,"steering_target":-0.07,"brake":17.29,"steering_rate":100,"speed":0.76},{"acceleration":-1.23,"throttle":0,"steering_target":-2.32,"brake":25.11,"steering_rate":100,"speed":0.32},{"acceleration":-0.3,"throttle":0,"steering_target":-3.06,"brake":47.96,"steering_rate":100,"speed":0.01},{"acceleration":-0.25,"throttle":0,"steering_target":-3.06,"brake":63.28,"steering_rate":100,"speed":0.01},{"acceleration":-0.26,"throttle":0,"steering_target":-3.06,"brake":56.44,"steering_rate":100,"speed":0.02},{"acceleration":-0.26,"throttle":0,"steering_target":-3.06,"brake":59.36,"steering_rate":100,"speed":0.01}],"obstacle_arr":[[{"acceleration":{"y":0.8,"x":1.42,"z":0},"position":{"y":4182687.75,"x":553005.12,"z":10.76},"volume":65.29,"type":"VEHICLE","velocity":{"y":0.06,"x":-0.56,"z":0}}],[{"acceleration":{"y":0.01,"x":0.43,"z":0},"position":{"y":4182686.77,"x":553002.74,"z":10.54},"volume":51.73,"type":"VEHICLE","velocity":{"y":0,"x":0,"z":0}},{"acceleration":{"y":0,"x":0,"z":0},"position":{"y":4182667.45,"x":553001.78,"z":11.17},"volume":1.68,"type":"VEHICLE","velocity":{"y":0,"x":0,"z":0}}],[{"acceleration":{"y":0,"x":0.01,"z":0},"position":{"y":4182687.3,"x":553003.41,"z":10.81},"volume":63.57,"type":"VEHICLE","velocity":{"y":0,"x":0,"z":0}},{"acceleration":{"y":0,"x":0,"z":0},"position":{"y":4182667.29,"x":553001.43,"z":11.46},"volume":2.81,"type":"VEHICLE","velocity":{"y":0,"x":0,"z":0}},{"acceleration":{"y":0,"x":0,"z":0},"position":{"y":4182691.96,"x":553010.38,"z":10.38},"volume":0.8,"type":"VEHICLE","velocity":{"y":0,"x":0,"z":0}},{"acceleration":{"y":0,"x":0,"z":0},"position":{"y":4182667.39,"x":553008.89,"z":10.92},"volume":1.37,"type":"VEHICLE","velocity":{"y":0,"x":0,"z":0}},{"acceleration":{"y":0,"x":0,"z":0},"position":{"y":4182672.6,"x":552981.14,"z":12.52},"volume":0.67,"type":"VEHICLE","velocity":{"y":0,"x":0,"z":0}}],[{"acceleration":{"y":0,"x":0,"z":0},"position":{"y":4182687.37,"x":553003.49,"z":10.75},"volume":58.02,"type":"VEHICLE","velocity":{"y":0,"x":0,"z":0}},{"acceleration":{"y":0,"x":0,"z":0},"position":{"y":4182691.92,"x":553010.96,"z":10.4},"volume":1.85,"type":"VEHICLE","velocity":{"y":0,"x":0,"z":0}},{"acceleration":{"y":0,"x":0,"z":0},"position":{"y":4182667.92,"x":553008.57,"z":10.9},"volume":0.01,"type":"VEHICLE","velocity":{"y":0,"x":0,"z":0}}],[{"acceleration":{"y":0,"x":0,"z":0},"position":{"y":4182687.29,"x":553003.38,"z":10.78},"volume":60.2,"type":"VEHICLE","velocity":{"y":0,"x":0,"z":0}},{"acceleration":{"y":0,"x":0,"z":0},"position":{"y":4182667.92,"x":553002.59,"z":11.41},"volume":0.01,"type":"VEHICLE","velocity":{"y":0,"x":0,"z":0}}],[{"acceleration":{"y":0,"x":0,"z":0},"position":{"y":4182687.29,"x":553003.38,"z":10.77},"volume":60.27,"type":"VEHICLE","velocity":{"y":0,"x":0,"z":0}},{"acceleration":{"y":0,"x":0,"z":0},"position":{"y":4182667.91,"x":553002.58,"z":10.92},"volume":0.03,"type":"VEHICLE","velocity":{"y":0,"x":0,"z":0}},{"acceleration":{"y":0,"x":0,"z":0},"position":{"y":4182672.55,"x":552980.86,"z":12.19},"volume":0.86,"type":"VEHICLE","velocity":{"y":0,"x":0,"z":0}}]],"action_description":"Evening","ev_state":[133.833023071289,10.0948715209961,201.260040283203,1,0,1,10,-1,1.51761436462402,268.408813476563,358.723724365234,0.00830409027251348],"collision_probability":0}
 timestamp= 1619776958000 [RUN] Validate G1 Guard Condition: 
The ego vehicle E Detection.Collision == True.
 timestamp= 1619776958000 [RES] Global Validate result: 
false
 timestamp= 1619776958000 [RUN] Validate G2 Guard Condition: 
The ego vehicle E Detection.OffRoad == True.
 timestamp= 1619776958000 [RES] Global Validate result: 
false
 timestamp= 1619776958000 [RUN] Validate G3 Guard Condition: 
The ego vehicle E Detection.HardBrake == True.
 timestamp= 1619776958000 [RES] Global Validate result: 
false
 timestamp= 1619776958000 [RUN] Validate G4 Guard Condition: 
The ego vehicle E Detection.ArrivalTest == True.
 timestamp= 1619776958000 [RES] Global Validate result: 
false
 timestamp= 1619776958000 [RUN] Validate step: 
The test system VALIDATES THAT the Apollo A Status.GetControl is nearly equal to {"acceleration": -0.26, "throttle": 0.0, "steering_target": -3.06, "brake": 59.36, "steering_rate": 100.0, "speed": 0.01}
 timestamp= 1619776958000 [RES] Validate result: 
true
 timestamp= 1619776958000 [RUN] Generate steps
 timestamp= 1619776958000 [RUN] Validate step: 
The test system VALIDATES THAT the simulator S Status.GetEnvironment is nearly equal to {"x": 133.83, "y": 10.09, "z": 201.26, "rain": 1.0, "fog": 0.0, "wetness": 1.0, "timeofday": 10.0, "signal": -1.0, "rx": 1.52, "ry": 268.41, "rz": 358.72, "speed": 0.01}
 timestamp= 1619776958000 [RES] Validate result: 
true
 timestamp= 1619776958000 [RUN] Execute API step: 
The environment controller C INVOKES API Control.Agents.NPCVehicle.NPCVehicleMaintainLane(which_lane=Left_Lane&which_car=Sedan).
 timestamp= 1619776962000 [RES] API result: 
{"pose_arr":[{"vx":0,"ay":0.04,"az":9.43,"ax":0.02,"pz":10.13,"vy":0,"px":553009.16,"py":4182687.32},{"vx":0,"ay":-0.01,"az":9.97,"ax":-0.01,"pz":10.13,"vy":0,"px":553009.16,"py":4182687.32},{"vx":0,"ay":-0.05,"az":10.36,"ax":-0.03,"pz":10.13,"vy":0,"px":553009.16,"py":4182687.32},{"vx":0,"ay":0.02,"az":9.59,"ax":0.01,"pz":10.13,"vy":0,"px":553009.16,"py":4182687.32},{"vx":0,"ay":-0.03,"az":10.18,"ax":-0.02,"pz":10.13,"vy":0,"px":553009.17,"py":4182687.32},{"vx":0,"ay":0,"az":9.81,"ax":0,"pz":10.13,"vy":0,"px":553009.17,"py":4182687.32}],"traffic_light":[0,0,0,0,0,0],"state_arr":[{"acceleration":-0.26,"throttle":0,"steering_target":-3.06,"brake":59.02,"steering_rate":100,"speed":0.01},{"acceleration":-0.26,"throttle":0,"steering_target":-3.06,"brake":61.79,"steering_rate":100,"speed":0},{"acceleration":-0.27,"throttle":0,"steering_target":-3.06,"brake":53.61,"steering_rate":100,"speed":0.02},{"acceleration":-0.3,"throttle":0,"steering_target":-3.06,"brake":45.74,"steering_rate":100,"speed":0.02},{"acceleration":-0.27,"throttle":0,"steering_target":-3.06,"brake":53.78,"steering_rate":100,"speed":0.02},{"acceleration":-0.27,"throttle":0,"steering_target":-3.06,"brake":60.15,"steering_rate":100,"speed":0},{"acceleration":-0.28,"throttle":0,"steering_target":-3.06,"brake":52.33,"steering_rate":100,"speed":0.02},{"acceleration":-0.28,"throttle":0,"steering_target":-3.06,"brake":53.24,"steering_rate":100,"speed":0.02}],"obstacle_arr":[[{"acceleration":{"y":0,"x":0,"z":0},"position":{"y":4182687.29,"x":553003.38,"z":10.77},"volume":61.59,"type":"VEHICLE","velocity":{"y":0,"x":0,"z":0}},{"acceleration":{"y":0,"x":0,"z":0},"position":{"y":4182667.92,"x":553002.59,"z":10.93},"volume":0.02,"type":"PEDESTRIAN","velocity":{"y":0,"x":0,"z":0}},{"acceleration":{"y":0,"x":0,"z":0},"position":{"y":4182672.55,"x":552980.86,"z":12.23},"volume":0.99,"type":"VEHICLE","velocity":{"y":0,"x":0,"z":0}}],[{"acceleration":{"y":0,"x":0,"z":0},"position":{"y":4182687.22,"x":553003.36,"z":10.78},"volume":62.24,"type":"VEHICLE","velocity":{"y":0,"x":0,"z":0}},{"acceleration":{"y":0,"x":0,"z":0},"position":{"y":4182667.92,"x":553002.59,"z":11.38},"volume":0.01,"type":"PEDESTRIAN","velocity":{"y":0,"x":0,"z":0}},{"acceleration":{"y":0,"x":0,"z":0},"position":{"y":4182672.55,"x":552980.86,"z":12.22},"volume":0.79,"type":"VEHICLE","velocity":{"y":0,"x":0,"z":0}},{"acceleration":{"y":0.01,"x":-0.02,"z":0},"position":{"y":4182680.78,"x":553005.45,"z":10.59},"volume":7.53,"type":"VEHICLE","velocity":{"y":1.74,"x":-3.36,"z":0}}],[{"acceleration":{"y":0,"x":0,"z":0},"position":{"y":4182687,"x":553003.02,"z":10.78},"volume":57.04,"type":"VEHICLE","velocity":{"y":0,"x":0,"z":0}},{"acceleration":{"y":0,"x":0,"z":0},"position":{"y":4182667.92,"x":553002.59,"z":11.38},"volume":0.01,"type":"PEDESTRIAN","velocity":{"y":0,"x":0,"z":0}},{"acceleration":{"y":0.5,"x":0.1,"z":0},"position":{"y":4182681.02,"x":553005,"z":10.61},"volume":7.07,"type":"VEHICLE","velocity":{"y":2.2,"x":-3.28,"z":0}}],[{"acceleration":{"y":0,"x":0,"z":0},"position":{"y":4182686.78,"x":553002.68,"z":10.77},"volume":51.73,"type":"VEHICLE","velocity":{"y":0,"x":0,"z":0}},{"acceleration":{"y":0,"x":0,"z":0},"position":{"y":4182667.92,"x":553002.59,"z":11.38},"volume":0.01,"type":"PEDESTRIAN","velocity":{"y":0,"x":0,"z":0}},{"acceleration":{"y":-2.2,"x":3.35,"z":0},"position":{"y":4182681,"x":553004.95,"z":10.58},"volume":7.64,"type":"VEHICLE","velocity":{"y":0.6,"x":-0.92,"z":0}},{"acceleration":{"y":0,"x":0,"z":0},"position":{"y":4182665.88,"x":553007.36,"z":10.71},"volume":44.11,"type":"VEHICLE","velocity":{"y":0,"x":0,"z":0}}],[{"acceleration":{"y":0,"x":0,"z":0},"position":{"y":4182686.77,"x":553002.68,"z":10.78},"volume":51.58,"type":"VEHICLE","velocity":{"y":0,"x":0,"z":0}},{"acceleration":{"y":0,"x":0,"z":0},"position":{"y":4182667.92,"x":553002.59,"z":11.39},"volume":0.01,"type":"PEDESTRIAN","velocity":{"y":0,"x":0,"z":0}},{"acceleration":{"y":-1.26,"x":1.91,"z":0},"position":{"y":4182680.99,"x":553004.95,"z":10.6},"volume":7.54,"type":"VEHICLE","velocity":{"y":0,"x":0,"z":0}},{"acceleration":{"y":0,"x":0,"z":0},"position":{"y":4182665.89,"x":553006.96,"z":10.72},"volume":55.91,"type":"VEHICLE","velocity":{"y":0,"x":0,"z":0}}],[{"acceleration":{"y":0,"x":0,"z":0},"position":{"y":4182687.21,"x":553003.33,"z":10.78},"volume":62.05,"type":"VEHICLE","velocity":{"y":0,"x":0,"z":0}},{"acceleration":{"y":0,"x":0,"z":0},"position":{"y":4182667.91,"x":553002.59,"z":11.39},"volume":0.01,"type":"PEDESTRIAN","velocity":{"y":0,"x":0,"z":0}},{"acceleration":{"y":-0.06,"x":0.1,"z":0},"position":{"y":4182680.99,"x":553004.94,"z":10.58},"volume":7.71,"type":"VEHICLE","velocity":{"y":0,"x":0,"z":0}}],[{"acceleration":{"y":0,"x":0,"z":0},"position":{"y":4182687,"x":553003,"z":10.77},"volume":57.47,"type":"VEHICLE","velocity":{"y":0,"x":0,"z":0}},{"acceleration":{"y":0,"x":0,"z":0},"position":{"y":4182667.92,"x":553002.59,"z":11.36},"volume":0.01,"type":"PEDESTRIAN","velocity":{"y":0,"x":0,"z":0}},{"acceleration":{"y":0,"x":0,"z":0},"position":{"y":4182680.99,"x":553004.95,"z":10.59},"volume":7.56,"type":"VEHICLE","velocity":{"y":0,"x":0,"z":0}}]],"action_description":"NPC vehicle (Sedan) driving on the left lane","ev_state":[133.833923339844,10.0946359634399,201.259841918945,1,0,1,10,-1,1.48656058311462,268.412384033203,358.695648193359,0.016193504611663273],"collision_probability":0}
 timestamp= 1619776962000 [RUN] Validate G1 Guard Condition: 
The ego vehicle E Detection.Collision == True.
 timestamp= 1619776962000 [RES] Global Validate result: 
false
 timestamp= 1619776962000 [RUN] Validate G2 Guard Condition: 
The ego vehicle E Detection.OffRoad == True.
 timestamp= 1619776962000 [RES] Global Validate result: 
false
 timestamp= 1619776962000 [RUN] Validate G3 Guard Condition: 
The ego vehicle E Detection.HardBrake == True.
 timestamp= 1619776962000 [RES] Global Validate result: 
false
 timestamp= 1619776962000 [RUN] Validate G4 Guard Condition: 
The ego vehicle E Detection.ArrivalTest == True.
 timestamp= 1619776962000 [RES] Global Validate result: 
false
 timestamp= 1619776962000 [RUN] Validate step: 
The test system VALIDATES THAT the Apollo A Status.GetControl is nearly equal to {"acceleration": -0.28, "throttle": 0.0, "steering_target": -3.06, "brake": 53.24, "steering_rate": 100.0, "speed": 0.02}
 timestamp= 1619776962000 [RES] Validate result: 
true
 timestamp= 1619776962000 [RUN] Generate steps
 timestamp= 1619776962000 [RUN] Validate step: 
The test system VALIDATES THAT the simulator S Status.GetEnvironment is nearly equal to {"x": 133.83, "y": 10.09, "z": 201.26, "rain": 1.0, "fog": 0.0, "wetness": 1.0, "timeofday": 10.0, "signal": -1.0, "rx": 1.49, "ry": 268.41, "rz": 358.7, "speed": 0.02}
 timestamp= 1619776962000 [RES] Validate result: 
true
 timestamp= 1619776962000 [RUN] Execute API step: 
The environment controller C INVOKES API Control.Agents.NPCVehicle.NPCVehicleMaintainLane(which_lane=Current_Lane&which_car=Hatchback).
 timestamp= 1619776966000 [RES] API result: 
{"pose_arr":[{"vx":0,"ay":-0.02,"az":10.09,"ax":-0.02,"pz":10.13,"vy":0,"px":553009.17,"py":4182687.32},{"vx":0.01,"ay":0.27,"az":9.65,"ax":-0.07,"pz":10.12,"vy":0.01,"px":553009.16,"py":4182687.32},{"vx":-0.01,"ay":3.04,"az":9.81,"ax":-0.02,"pz":10.12,"vy":-0.01,"px":553008.64,"py":4182687.31},{"vx":0.07,"ay":-0.95,"az":9.81,"ax":-0.04,"pz":10.13,"vy":0.07,"px":553007.36,"py":4182687.3},{"vx":0.03,"ay":-1.86,"az":9.81,"ax":-0.08,"pz":10.13,"vy":0.03,"px":553006.87,"py":4182687.3},{"vx":0,"ay":0,"az":9.81,"ax":0,"pz":10.13,"vy":0,"px":553006.7,"py":4182687.3},{"vx":0.08,"ay":3.45,"az":9.8,"ax":0.34,"pz":10.12,"vy":0.08,"px":553006.6,"py":4182687.31}],"traffic_light":[0,0,0,0,0,0],"state_arr":[{"acceleration":-0.3,"throttle":0,"steering_target":0.02,"brake":40.67,"steering_rate":100,"speed":0.05},{"acceleration":0.56,"throttle":82.85,"steering_target":-4.44,"brake":0,"steering_rate":100,"speed":0.85},{"acceleration":-1.36,"throttle":0,"steering_target":-12.11,"brake":24.82,"steering_rate":100,"speed":2.11},{"acceleration":-2.31,"throttle":0,"steering_target":-8.11,"brake":34.03,"steering_rate":100,"speed":1.54},{"acceleration":-1.07,"throttle":0,"steering_target":-19.17,"brake":22.73,"steering_rate":100,"speed":0.35},{"acceleration":-0.01,"throttle":0,"steering_target":-20.47,"brake":38.7,"steering_rate":100,"speed":0},{"acceleration":0.94,"throttle":61.35,"steering_target":-20.15,"brake":0,"steering_rate":100,"speed":0.48}],"obstacle_arr":[[{"acceleration":{"y":0,"x":0,"z":0},"position":{"y":4182687.94,"x":553005.44,"z":10.63},"volume":1.1,"type":"VEHICLE","velocity":{"y":0,"x":0,"z":0}},{"acceleration":{"y":0,"x":0,"z":0},"position":{"y":4182681.07,"x":553004.94,"z":10.47},"volume":7.5,"type":"VEHICLE","velocity":{"y":0,"x":0,"z":0}}],[{"acceleration":{"y":1.91,"x":-1.29,"z":0},"position":{"y":4182683.37,"x":553003.03,"z":10.37},"volume":8.11,"type":"VEHICLE","velocity":{"y":1.18,"x":-0.79,"z":0}},{"acceleration":{"y":0,"x":0,"z":0},"position":{"y":4182666.85,"x":553000.98,"z":10.57},"volume":7.67,"type":"VEHICLE","velocity":{"y":0,"x":0,"z":0}}],[{"acceleration":{"y":5,"x":-2.33,"z":0},"position":{"y":4182687.58,"x":553000.68,"z":10.4},"volume":7.67,"type":"VEHICLE","velocity":{"y":4.75,"x":-2.52,"z":0}}],[{"acceleration":{"y":6.27,"x":-3.01,"z":0},"position":{"y":4182690.96,"x":552998.8,"z":10.54},"volume":5.97,"type":"VEHICLE","velocity":{"y":9.06,"x":-4.47,"z":0}}],[],[],[]],"action_description":"NPC vehicle (Hatchback) driving on the current lane","ev_state":[130.978103637695,10.1246585845947,201.355194091797,1,0,1,10,-1,359.815856933594,272.411804199219,0.0523192510008812,1.6323442264346382],"collision_probability":0}
 timestamp= 1619776966000 [RUN] Validate G1 Guard Condition: 
The ego vehicle E Detection.Collision == True.
 timestamp= 1619776966000 [RES] Global Validate result: 
false
 timestamp= 1619776966000 [RUN] Validate G2 Guard Condition: 
The ego vehicle E Detection.OffRoad == True.
 timestamp= 1619776966000 [RES] Global Validate result: 
false
 timestamp= 1619776966000 [RUN] Validate G3 Guard Condition: 
The ego vehicle E Detection.HardBrake == True.
 timestamp= 1619776966000 [RES] Global Validate result: 
false
 timestamp= 1619776966000 [RUN] Validate G4 Guard Condition: 
The ego vehicle E Detection.ArrivalTest == True.
 timestamp= 1619776966000 [RES] Global Validate result: 
false
 timestamp= 1619776966000 [RUN] Validate step: 
The test system VALIDATES THAT the Apollo A Status.GetControl is nearly equal to {"acceleration": 0.94, "throttle": 61.35, "steering_target": -20.15, "brake": 0.0, "steering_rate": 100.0, "speed": 0.48}
 timestamp= 1619776966000 [RES] Validate result: 
true
 timestamp= 1619776966000 [RUN] Generate steps
 timestamp= 1619776966000 [RUN] Validate step: 
The test system VALIDATES THAT the simulator S Status.GetEnvironment is nearly equal to {"x": 130.98, "y": 10.12, "z": 201.36, "rain": 1.0, "fog": 0.0, "wetness": 1.0, "timeofday": 10.0, "signal": -1.0, "rx": 359.82, "ry": 272.41, "rz": 0.05, "speed": 1.63}
 timestamp= 1619776966000 [RES] Validate result: 
true
 timestamp= 1619776966000 [RUN] Execute API step: 
The environment controller C INVOKES API Control.Weather.Fog(fog_level=Heavy).
 timestamp= 1619776969000 [RES] API result: 
{"pose_arr":[{"vx":0.22,"ay":2.3,"az":9.82,"ax":0.25,"pz":10.12,"vy":0.22,"px":553006.05,"py":4182687.33},{"vx":0.78,"ay":0.27,"az":9.81,"ax":0.36,"pz":10.12,"vy":0.78,"px":553004.2,"py":4182687.52},{"vx":1.22,"ay":1.16,"az":9.81,"ax":0.19,"pz":10.12,"vy":1.22,"px":553002.49,"py":4182687.94},{"vx":1.66,"ay":0.9,"az":9.82,"ax":0.36,"pz":10.12,"vy":1.66,"px":553000.49,"py":4182688.68},{"vx":2.41,"ay":4.13,"az":9.75,"ax":2.57,"pz":10.12,"vy":2.41,"px":552998.07,"py":4182689.88},{"vx":3.3,"ay":0.65,"az":9.83,"ax":0.01,"pz":10.12,"vy":3.3,"px":552995.27,"py":4182691.67}],"traffic_light":[0,0,0,0,0,0],"state_arr":[{"acceleration":1.3,"throttle":55.57,"steering_target":-18.4,"brake":0,"steering_rate":100,"speed":1.63},{"acceleration":0.55,"throttle":19.84,"steering_target":-36.23,"brake":0,"steering_rate":100,"speed":2.68},{"acceleration":0.87,"throttle":25.19,"steering_target":-24.86,"brake":0,"steering_rate":100,"speed":3.05},{"acceleration":0.84,"throttle":44.69,"steering_target":-18.4,"brake":0,"steering_rate":100,"speed":3.7},{"acceleration":0.85,"throttle":27.46,"steering_target":-21.5,"brake":0,"steering_rate":100,"speed":3.96},{"acceleration":0.52,"throttle":19.43,"steering_target":-9,"brake":0,"steering_rate":100,"speed":5.29},{"acceleration":0.61,"throttle":20.98,"steering_target":-6.1,"brake":0,"steering_rate":100,"speed":5.65}],"obstacle_arr":[[],[],[{"acceleration":{"y":0,"x":0,"z":0},"position":{"y":4182666.74,"x":553002.08,"z":10.62},"volume":7.27,"type":"VEHICLE","velocity":{"y":0,"x":0,"z":0}}],[{"acceleration":{"y":0,"x":0.03,"z":0},"position":{"y":4182667.73,"x":553002.96,"z":11.11},"volume":0.01,"type":"VEHICLE","velocity":{"y":-0.11,"x":-0.47,"z":0}}],[],[],[]],"action_description":"Heavy fog","ev_state":[117.402893066406,10.1242923736572,208.557098388672,0,1,0,10,1,359.967071533203,308.046478271484,0.12507201731205,5.914490797771383],"collision_probability":0}
 timestamp= 1619776969000 [RUN] Validate G1 Guard Condition: 
The ego vehicle E Detection.Collision == True.
 timestamp= 1619776969000 [RES] Global Validate result: 
false
 timestamp= 1619776969000 [RUN] Validate G2 Guard Condition: 
The ego vehicle E Detection.OffRoad == True.
 timestamp= 1619776969000 [RES] Global Validate result: 
false
 timestamp= 1619776969000 [RUN] Validate G3 Guard Condition: 
The ego vehicle E Detection.HardBrake == True.
 timestamp= 1619776969000 [RES] Global Validate result: 
false
 timestamp= 1619776969000 [RUN] Validate G4 Guard Condition: 
The ego vehicle E Detection.ArrivalTest == True.
 timestamp= 1619776969000 [RES] Global Validate result: 
false
 timestamp= 1619776969000 [RUN] Validate step: 
The test system VALIDATES THAT the Apollo A Status.GetControl is nearly equal to {"acceleration": 0.61, "throttle": 20.98, "steering_target": -6.1, "brake": 0.0, "steering_rate": 100.0, "speed": 5.65}
 timestamp= 1619776969000 [RES] Validate result: 
true
 timestamp= 1619776969000 [RUN] Generate steps
 timestamp= 1619776969000 [RUN] Validate step: 
The test system VALIDATES THAT the simulator S Status.GetEnvironment is nearly equal to {"x": 117.4, "y": 10.12, "z": 208.56, "rain": 0.0, "fog": 1.0, "wetness": 0.0, "timeofday": 10.0, "signal": 1.0, "rx": 359.97, "ry": 308.05, "rz": 0.13, "speed": 5.91}
 timestamp= 1619776969000 [RES] Validate result: 
true
 timestamp= 1619776969000 [RUN] Execute API step: 
The environment controller C INVOKES API Control.Agents.NPCVehicle.NPCVehicleSwitchLane(which_lane=Left_Lane&which_car=Hatchback).
 timestamp= 1619776973000 [RES] API result: 
{"pose_arr":[{"vx":3.7,"ay":0.39,"az":9.81,"ax":0.19,"pz":10.12,"vy":3.7,"px":552992.5,"py":4182693.71},{"vx":3.89,"ay":0.37,"az":9.8,"ax":0.26,"pz":10.12,"vy":3.89,"px":552990.25,"py":4182695.5},{"vx":4.18,"ay":0.2,"az":9.83,"ax":0.15,"pz":10.12,"vy":4.18,"px":552987.01,"py":4182698.19},{"vx":4.48,"ay":0.99,"az":9.79,"ax":0.82,"pz":10.12,"vy":4.48,"px":552983.38,"py":4182701.23},{"vx":4.71,"ay":0.59,"az":9.81,"ax":0.49,"pz":10.12,"vy":4.71,"px":552979.93,"py":4182704.1},{"vx":4.75,"ay":0.17,"az":9.81,"ax":0.16,"pz":10.12,"vy":4.75,"px":552976.89,"py":4182706.58},{"vx":4.81,"ay":0.18,"az":9.83,"ax":0.14,"pz":10.12,"vy":4.81,"px":552973.36,"py":4182709.4}],"traffic_light":[0,0,0,0,3,3],"state_arr":[{"acceleration":0.86,"throttle":24.64,"steering_target":-3.14,"brake":0,"steering_rate":100,"speed":5.91},{"acceleration":1.14,"throttle":15.7,"steering_target":-1.18,"brake":0,"steering_rate":100,"speed":6.09},{"acceleration":1.19,"throttle":15.7,"steering_target":0.17,"brake":0,"steering_rate":100,"speed":6.46},{"acceleration":1.27,"throttle":28.42,"steering_target":0.19,"brake":0,"steering_rate":100,"speed":6.75},{"acceleration":0.79,"throttle":15.7,"steering_target":1.46,"brake":0,"steering_rate":100,"speed":7.27},{"acceleration":0.67,"throttle":15.7,"steering_target":0.71,"brake":0,"steering_rate":100,"speed":7.56},{"acceleration":0.71,"throttle":15.7,"steering_target":0.78,"brake":0,"steering_rate":100,"speed":7.74},{"acceleration":0.67,"throttle":15.7,"steering_target":0.7,"brake":0,"steering_rate":100,"speed":7.86}],"obstacle_arr":[[],[{"acceleration":{"y":0,"x":0,"z":0},"position":{"y":4182700.6,"x":552971.4,"z":10.46},"volume":3.64,"type":"VEHICLE","velocity":{"y":0,"x":0,"z":0}}],[{"acceleration":{"y":0,"x":0,"z":0},"position":{"y":4182700.96,"x":552970.82,"z":10.41},"volume":5.29,"type":"VEHICLE","velocity":{"y":0,"x":0,"z":0}}],[{"acceleration":{"y":0.02,"x":-0.02,"z":0},"position":{"y":4182704.65,"x":552966.77,"z":10.34},"volume":4.8,"type":"VEHICLE","velocity":{"y":3.95,"x":-4.49,"z":0}}],[{"acceleration":{"y":1.95,"x":-2.19,"z":0},"position":{"y":4182706.66,"x":552964.51,"z":10.39},"volume":4.95,"type":"VEHICLE","velocity":{"y":5.36,"x":-5.94,"z":0}}],[{"acceleration":{"y":1.48,"x":-1.7,"z":0},"position":{"y":4182709.16,"x":552961.56,"z":10.43},"volume":5.57,"type":"VEHICLE","velocity":{"y":6.65,"x":-7.41,"z":0}}],[{"acceleration":{"y":0.8,"x":-0.92,"z":0},"position":{"y":4182711.04,"x":552959.38,"z":10.39},"volume":5.87,"type":"VEHICLE","velocity":{"y":7.34,"x":-8.19,"z":0}}]],"action_description":"NPC vehicle (SchoolBus) switching lane (left to right)","ev_state":[95.7626266479492,10.1239042282104,226.223327636719,0,1,0,10,1,359.984100341797,308.030914306641,359.970397949219,7.863210858362943],"collision_probability":0}
 timestamp= 1619776973000 [RUN] Validate G1 Guard Condition: 
The ego vehicle E Detection.Collision == True.
 timestamp= 1619776973000 [RES] Global Validate result: 
false
 timestamp= 1619776973000 [RUN] Validate G2 Guard Condition: 
The ego vehicle E Detection.OffRoad == True.
 timestamp= 1619776973000 [RES] Global Validate result: 
false
 timestamp= 1619776973000 [RUN] Validate G3 Guard Condition: 
The ego vehicle E Detection.HardBrake == True.
 timestamp= 1619776973000 [RES] Global Validate result: 
false
 timestamp= 1619776973000 [RUN] Validate G4 Guard Condition: 
The ego vehicle E Detection.ArrivalTest == True.
 timestamp= 1619776973000 [RES] Global Validate result: 
false
 timestamp= 1619776973000 [RUN] Validate step: 
The test system VALIDATES THAT the Apollo A Status.GetControl is nearly equal to {"acceleration": 0.67, "throttle": 15.7, "steering_target": 0.7, "brake": 0.0, "steering_rate": 100.0, "speed": 7.86}
 timestamp= 1619776973000 [RES] Validate result: 
true
 timestamp= 1619776973000 [RUN] Generate steps
 timestamp= 1619776973000 [RUN] Validate step: 
The test system VALIDATES THAT the simulator S Status.GetEnvironment is nearly equal to {"x": 95.76, "y": 10.12, "z": 226.22, "rain": 0.0, "fog": 1.0, "wetness": 0.0, "timeofday": 10.0, "signal": 1.0, "rx": 359.98, "ry": 308.03, "rz": 359.97, "speed": 7.86}
 timestamp= 1619776973000 [RES] Validate result: 
true
 timestamp= 1619776973000 [RUN] Execute API step: 
The environment controller C INVOKES API Control.Agents.NPCVehicle.NPCVehicleSwitchLane(which_lane=Current_Lane&which_car=SchoolBus).
 timestamp= 1619776977000 [RES] API result: 
{"pose_arr":[{"vx":4.84,"ay":0.18,"az":9.81,"ax":0.14,"pz":10.12,"vy":4.84,"px":552970.84,"py":4182711.39},{"vx":5.28,"ay":0.67,"az":9.84,"ax":0.52,"pz":10.12,"vy":5.28,"px":552967.91,"py":4182713.67},{"vx":5.37,"ay":0.27,"az":9.81,"ax":0.22,"pz":10.12,"vy":5.37,"px":552964.13,"py":4182716.58},{"vx":5.43,"ay":0,"az":9.81,"ax":0,"pz":10.12,"vy":5.43,"px":552960.51,"py":4182719.34},{"vx":5.36,"ay":-1.25,"az":9.88,"ax":-0.93,"pz":10.12,"vy":5.36,"px":552956.14,"py":4182722.63},{"vx":0.51,"ay":-7.56,"az":9.97,"ax":-7.52,"pz":10.09,"vy":0.51,"px":552953.23,"py":4182724.85},{"vx":0.01,"ay":-0.38,"az":9.8,"ax":-0.2,"pz":10.11,"vy":0.01,"px":552953.16,"py":4182724.9},{"vx":0.01,"ay":-0.09,"az":9.82,"ax":-0.05,"pz":10.11,"vy":0.01,"px":552953.16,"py":4182724.91}],"traffic_light":[0,0,0,0,0,0,0],"state_arr":[{"acceleration":0.98,"throttle":26.09,"steering_target":0.56,"brake":0,"steering_rate":100,"speed":7.98},{"acceleration":0.52,"throttle":19.68,"steering_target":0.51,"brake":0,"steering_rate":100,"speed":8.74},{"acceleration":0.32,"throttle":16.08,"steering_target":0.36,"brake":0,"steering_rate":100,"speed":8.9},{"acceleration":0.13,"throttle":15.7,"steering_target":0.32,"brake":0,"steering_rate":100,"speed":9.02},{"acceleration":-2.34,"throttle":0,"steering_target":-0.06,"brake":32.99,"steering_rate":100,"speed":8.83},{"acceleration":0.41,"throttle":17.34,"steering_target":-0.24,"brake":0,"steering_rate":100,"speed":3.12},{"acceleration":1.31,"throttle":62.46,"steering_target":0.03,"brake":0,"steering_rate":100,"speed":0.01},{"acceleration":2.57,"throttle":96.32,"steering_target":0.03,"brake":0,"steering_rate":100,"speed":0.01}],"obstacle_arr":[[{"acceleration":{"y":0.58,"x":-0.71,"z":0},"position":{"y":4182711.87,"x":552958.62,"z":10.37},"volume":6.43,"type":"VEHICLE","velocity":{"y":7.58,"x":-8.49,"z":0}}],[{"acceleration":{"y":0.44,"x":-0.51,"z":0},"position":{"y":4182713.85,"x":552956.38,"z":10.36},"volume":5.98,"type":"VEHICLE","velocity":{"y":7.82,"x":-8.78,"z":0}}],[{"acceleration":{"y":0.23,"x":-0.23,"z":0},"position":{"y":4182715.31,"x":552954.74,"z":10.38},"volume":6.24,"type":"VEHICLE","velocity":{"y":7.87,"x":-8.83,"z":0}}],[{"acceleration":{"y":0.01,"x":0,"z":0},"position":{"y":4182718.4,"x":552951.39,"z":10.39},"volume":7.35,"type":"VEHICLE","velocity":{"y":7.63,"x":-8.55,"z":0}},{"acceleration":{"y":0,"x":0,"z":0},"position":{"y":4182724.73,"x":552954.31,"z":10.54},"volume":6.41,"type":"VEHICLE","velocity":{"y":0,"x":0,"z":0}}],[{"acceleration":{"y":0.14,"x":-0.14,"z":0},"position":{"y":4182719.91,"x":552949.34,"z":10.36},"volume":6.95,"type":"VEHICLE","velocity":{"y":7.44,"x":-8.32,"z":0}}],[{"acceleration":{"y":0.31,"x":-0.34,"z":0},"position":{"y":4182722.35,"x":552946.78,"z":10.23},"volume":5.64,"type":"VEHICLE","velocity":{"y":7.33,"x":-8.18,"z":0}}],[{"acceleration":{"y":0.43,"x":-0.5,"z":0},"position":{"y":4182723.51,"x":552945.25,"z":10.26},"volume":6.92,"type":"VEHICLE","velocity":{"y":7.39,"x":-8.25,"z":0}}]],"action_description":"NPC vehicle (SchoolBus) switching lane (current to right)","ev_state":[78.0891571044922,10.1254987716675,239.687805175781,0,1,0,10,1,359.339019775391,306.271331787109,359.811798095703,0.004969177924012453],"collision_probability":1}
 timestamp= 1619776977000 [RUN] Validate G1 Guard Condition: 
The ego vehicle E Detection.Collision == True.
 timestamp= 1619776977000 [RES] Global Validate result: 
true
 timestamp= 1619776977000 [RUN] Collision == True
 timestamp= 1619776977000 [RUN] Validate G2 Guard Condition: 
The ego vehicle E Detection.OffRoad == True.
 timestamp= 1619776977000 [RES] Global Validate result: 
false
 timestamp= 1619776977000 [RUN] Validate G3 Guard Condition: 
The ego vehicle E Detection.HardBrake == True.
 timestamp= 1619776977000 [RES] Global Validate result: 
true
 timestamp= 1619776977000 [RUN] HardBrake == True
 timestamp= 1619776977000 [RUN] RESUME STEP @preStep
 timestamp= 1619776977000 [RUN] Resume step basicflow28
 timestamp= 1619776977000 [RUN] Validate G4 Guard Condition: 
The ego vehicle E Detection.ArrivalTest == True.
 timestamp= 1619776977000 [RES] Global Validate result: 
false
 timestamp= 1619776977000 [RUN] Validate step: 
The test system VALIDATES THAT the Apollo A Status.GetControl is nearly equal to {"acceleration": 2.57, "throttle": 96.32, "steering_target": 0.03, "brake": 0.0, "steering_rate": 100.0, "speed": 0.01}
 timestamp= 1619776977000 [RES] Validate result: 
true
 timestamp= 1619776977000 [RUN] Generate steps
 timestamp= 1619776977000 [RUN] Validate step: 
The test system VALIDATES THAT the simulator S Status.GetEnvironment is nearly equal to {"x": 78.09, "y": 10.13, "z": 239.69, "rain": 0.0, "fog": 1.0, "wetness": 0.0, "timeofday": 10.0, "signal": 1.0, "rx": 359.34, "ry": 306.27, "rz": 359.81, "speed": 0.0}
 timestamp= 1619776977000 [RES] Validate result: 
true
 timestamp= 1619776977000 [RUN] Execute API step: 
The environment controller C INVOKES API Control.Agents.NPCVehicle.NPCVehicleSwitchLane(which_lane=Right_Lane&which_car=SUV).
 timestamp= 1619776981000 [RES] API result: 
{"pose_arr":[{"vx":0.01,"ay":0.34,"az":9.82,"ax":0.18,"pz":10.11,"vy":0.01,"px":552953.16,"py":4182724.91},{"vx":0,"ay":-0.03,"az":9.81,"ax":-0.01,"pz":10.11,"vy":0,"px":552953.16,"py":4182724.92},{"vx":0,"ay":-0.06,"az":9.82,"ax":0.03,"pz":10.11,"vy":0,"px":552953.16,"py":4182724.92},{"vx":0,"ay":-0.06,"az":9.82,"ax":-0.02,"pz":10.11,"vy":0,"px":552953.17,"py":4182724.92},{"vx":0.01,"ay":0.27,"az":9.81,"ax":0.13,"pz":10.11,"vy":0.01,"px":552953.17,"py":4182724.92},{"vx":0,"ay":0.1,"az":9.81,"ax":0.03,"pz":10.11,"vy":0,"px":552953.17,"py":4182724.93},{"vx":0,"ay":0.07,"az":9.83,"ax":-0.03,"pz":10.11,"vy":0,"px":552953.17,"py":4182724.93}],"traffic_light":[0,0,0,0,0,0,0],"state_arr":[{"acceleration":2.88,"throttle":99.5,"steering_target":0.03,"brake":0,"steering_rate":100,"speed":0},{"acceleration":3.3,"throttle":99.99,"steering_target":0.03,"brake":0,"steering_rate":100,"speed":0},{"acceleration":0,"throttle":0,"steering_target":0,"brake":50,"steering_rate":0,"speed":0},{"acceleration":0.44,"throttle":92.85,"steering_target":0.03,"brake":0,"steering_rate":100,"speed":0},{"acceleration":2.31,"throttle":93.72,"steering_target":0.03,"brake":0,"steering_rate":100,"speed":0},{"acceleration":3.12,"throttle":99.95,"steering_target":0.03,"brake":0,"steering_rate":100,"speed":0},{"acceleration":3.3,"throttle":99.99,"steering_target":0.03,"brake":0,"steering_rate":100,"speed":0},{"acceleration":0,"throttle":0,"steering_target":0,"brake":50,"steering_rate":0,"speed":0}],"obstacle_arr":[[],[{"acceleration":{"y":0,"x":0,"z":0},"position":{"y":4182743.58,"x":552942.06,"z":10.29},"volume":3.48,"type":"VEHICLE","velocity":{"y":0,"x":0,"z":0}}],[{"acceleration":{"y":0,"x":0,"z":0},"position":{"y":4182744.01,"x":552941.61,"z":10.29},"volume":2.28,"type":"VEHICLE","velocity":{"y":0,"x":0,"z":0}}],[],[{"acceleration":{"y":0,"x":0,"z":0},"position":{"y":4182727.09,"x":552950.25,"z":10.68},"volume":4.26,"type":"VEHICLE","velocity":{"y":0,"x":0,"z":0}}],[{"acceleration":{"y":0,"x":0,"z":0},"position":{"y":4182727.09,"x":552950.25,"z":10.68},"volume":4.03,"type":"VEHICLE","velocity":{"y":0,"x":0,"z":0}}],[{"acceleration":{"y":0,"x":0,"z":0},"position":{"y":4182727.09,"x":552950.25,"z":10.68},"volume":3.67,"type":"VEHICLE","velocity":{"y":0,"x":0,"z":0}}],[{"acceleration":{"y":0,"x":0,"z":0},"position":{"y":4182727.1,"x":552950.26,"z":10.68},"volume":3.58,"type":"VEHICLE","velocity":{"y":0,"x":0,"z":0}}]],"action_description":"NPC vehicle (SUV) switching lane (right to left)","ev_state":[78.0962142944336,10.1250782012939,239.703536987305,0,1,0,10,1,359.381530761719,305.994110107422,0.0623122230172157,0.002479331938772333],"collision_probability":0}
 timestamp= 1619776981000 [RUN] Validate G1 Guard Condition: 
The ego vehicle E Detection.Collision == True.
 timestamp= 1619776981000 [RES] Global Validate result: 
false
 timestamp= 1619776981000 [RUN] Validate G2 Guard Condition: 
The ego vehicle E Detection.OffRoad == True.
 timestamp= 1619776981000 [RES] Global Validate result: 
false
 timestamp= 1619776981000 [RUN] Validate G3 Guard Condition: 
The ego vehicle E Detection.HardBrake == True.
 timestamp= 1619776981000 [RES] Global Validate result: 
false
 timestamp= 1619776981000 [RUN] Validate G4 Guard Condition: 
The ego vehicle E Detection.ArrivalTest == True.
 timestamp= 1619776981000 [RES] Global Validate result: 
false
 timestamp= 1619776981000 [RUN] Validate step: 
The test system VALIDATES THAT the Apollo A Status.GetControl is nearly equal to {"acceleration": 0.0, "throttle": 0.0, "steering_target": 0.0, "brake": 50.0, "steering_rate": 0.0, "speed": 0.0}
 timestamp= 1619776981000 [RES] Validate result: 
true
 timestamp= 1619776981000 [RUN] Generate steps
 timestamp= 1619776981000 [RUN] Validate step: 
The test system VALIDATES THAT the simulator S Status.GetEnvironment is nearly equal to {"x": 78.1, "y": 10.13, "z": 239.7, "rain": 0.0, "fog": 1.0, "wetness": 0.0, "timeofday": 10.0, "signal": 1.0, "rx": 359.38, "ry": 305.99, "rz": 0.06, "speed": 0.0}
 timestamp= 1619776981000 [RES] Validate result: 
true
 timestamp= 1619776981000 [RUN] Execute API step: 
The environment controller C INVOKES API Control.Weather.Fog(fog_level=Heavy).
 timestamp= 1619776985000 [RES] API result: 
{"pose_arr":[{"vx":0,"ay":-0.19,"az":9.8,"ax":-0.1,"pz":10.11,"vy":0,"px":552953.17,"py":4182724.93},{"vx":0,"ay":-0.17,"az":9.82,"ax":-0.08,"pz":10.12,"vy":0,"px":552953.17,"py":4182724.93},{"vx":0,"ay":-0.01,"az":9.81,"ax":-0.02,"pz":10.12,"vy":0,"px":552953.17,"py":4182724.93},{"vx":0,"ay":0.37,"az":9.81,"ax":0.19,"pz":10.12,"vy":0,"px":552953.18,"py":4182724.93},{"vx":0,"ay":-0.03,"az":9.82,"ax":-0.01,"pz":10.12,"vy":0,"px":552953.18,"py":4182724.93},{"vx":0,"ay":-0.15,"az":9.82,"ax":-0.07,"pz":10.12,"vy":0,"px":552953.18,"py":4182724.93},{"vx":0,"ay":-0.16,"az":9.82,"ax":-0.08,"pz":10.12,"vy":0,"px":552953.18,"py":4182724.94}],"traffic_light":[0,0,0,0,0,0,0],"state_arr":[{"acceleration":0.3,"throttle":35.57,"steering_target":0.03,"brake":0,"steering_rate":100,"speed":0.01},{"acceleration":0.3,"throttle":35.72,"steering_target":0.03,"brake":0,"steering_rate":100,"speed":0},{"acceleration":0.27,"throttle":44.94,"steering_target":0.03,"brake":0,"steering_rate":100,"speed":0},{"acceleration":0.3,"throttle":35.84,"steering_target":0.03,"brake":0,"steering_rate":100,"speed":0},{"acceleration":0.3,"throttle":35.76,"steering_target":0.03,"brake":0,"steering_rate":100,"speed":0},{"acceleration":0.3,"throttle":35.74,"steering_target":0.03,"brake":0,"steering_rate":100,"speed":0},{"acceleration":0.3,"throttle":35.72,"steering_target":0.03,"brake":0,"steering_rate":100,"speed":0},{"acceleration":0.3,"throttle":35.71,"steering_target":0.03,"brake":0,"steering_rate":100,"speed":0}],"obstacle_arr":[[{"acceleration":{"y":0,"x":0,"z":0},"position":{"y":4182727.1,"x":552950.27,"z":10.69},"volume":3.3,"type":"VEHICLE","velocity":{"y":0,"x":0,"z":0}}],[{"acceleration":{"y":0,"x":0,"z":0},"position":{"y":4182727.09,"x":552950.26,"z":10.69},"volume":3.74,"type":"VEHICLE","velocity":{"y":0,"x":0,"z":0}}],[{"acceleration":{"y":0,"x":0,"z":0},"position":{"y":4182727.09,"x":552950.26,"z":10.69},"volume":3.47,"type":"VEHICLE","velocity":{"y":0,"x":0,"z":0}}],[{"acceleration":{"y":0,"x":0,"z":0},"position":{"y":4182727.12,"x":552950.29,"z":10.69},"volume":3.57,"type":"VEHICLE","velocity":{"y":0,"x":0,"z":0}}],[{"acceleration":{"y":0,"x":0,"z":0},"position":{"y":4182727.12,"x":552950.29,"z":10.67},"volume":4.02,"type":"VEHICLE","velocity":{"y":0,"x":0,"z":0}}],[{"acceleration":{"y":0,"x":0,"z":0},"position":{"y":4182727.12,"x":552950.29,"z":10.67},"volume":3.94,"type":"VEHICLE","velocity":{"y":0,"x":0,"z":0}}],[{"acceleration":{"y":0,"x":0,"z":0},"position":{"y":4182727.12,"x":552950.29,"z":10.67},"volume":3.69,"type":"VEHICLE","velocity":{"y":0,"x":0,"z":0}}]],"action_description":"Heavy fog","ev_state":[78.1012802124023,10.1261825561523,239.705764770508,0,1,0,10,0,359.718627929688,305.847625732422,0.0120294149965048,0.0014323536107748252],"collision_probability":0}
 timestamp= 1619776985000 [RUN] Validate G1 Guard Condition: 
The ego vehicle E Detection.Collision == True.
 timestamp= 1619776985000 [RES] Global Validate result: 
false
 timestamp= 1619776985000 [RUN] Validate G2 Guard Condition: 
The ego vehicle E Detection.OffRoad == True.
 timestamp= 1619776985000 [RES] Global Validate result: 
true
 timestamp= 1619776985000 [RUN] OffRoad == True
 timestamp= 1619776985000 [RUN] The simulator S INVOKES API Command.Simulation.Stop() to stop simulation.
 timestamp= 1619776985000 [WARNING] The test system Stop the Simulator S!
 timestamp= 1619776985000 [RUN] ABORT.
 timestamp= 1619776985000 [ERROR] The test system Abort!
 timestamp= 1619776985000 [RUN] Validate G3 Guard Condition: 
The ego vehicle E Detection.HardBrake == True.
 timestamp= 1619776986000 [RES] Global Validate result: 
false
 timestamp= 1619776986000 [RUN] Validate G4 Guard Condition: 
The ego vehicle E Detection.ArrivalTest == True.
 timestamp= 1619776986000 [RES] Global Validate result: 
false
 timestamp= 1619776986000 [RES] Basic PostCondition Validate result: 
false
 timestamp= 1619776986000 [STOP] numberOfStep: 37 basicFlow: 
[{"name":"","description":"","eClass":"Sentence","content":"The test system VALIDATES THAT the simulator S Status.GetEnvironment is nearly equal to {\"x\": 213.32, \"y\": 10.12, \"z\": 201.87, \"rain\": 0.0, \"fog\": 0.0, \"wetness\": 0.0, \"timeofday\": 12.0, \"signal\": -1.0, \"rx\": 359.91, \"ry\": 269.91, \"rz\": -0.0, \"speed\": 3.81}","natures":[]},{"name":"","description":"","eClass":"Sentence","content":"The environment controller C INVOKES API Control.Agents.NPCVehicle.NPCVehicleMaintainLane(which_lane=Left_Lane&which_car=SchoolBus).","natures":[]},{"name":"","description":"","eClass":"Sentence","content":"The test system VALIDATES THAT the Apollo A Status.GetControl is nearly equal to {\"acceleration\": 0.98, \"throttle\": 15.7, \"steering_target\": 0.03, \"brake\": 0.0, \"steering_rate\": 100.0, \"speed\": 6.5}","natures":[]},{"name":"","description":"","eClass":"Sentence","content":"The test system VALIDATES THAT the simulator S Status.GetEnvironment is nearly equal to {\"x\": 190.87, \"y\": 10.12, \"z\": 201.82, \"rain\": 0.0, \"fog\": 0.0, \"wetness\": 0.0, \"timeofday\": 12.0, \"signal\": -1.0, \"rx\": 359.97, \"ry\": 269.84, \"rz\": -0.0, \"speed\": 6.74}","natures":[]},{"name":"","description":"","eClass":"Sentence","content":"The environment controller C INVOKES API Control.Weather.Rain(rain_level=Heavy).","natures":[]},{"name":"","description":"","eClass":"Sentence","content":"The test system VALIDATES THAT the Apollo A Status.GetControl is nearly equal to {\"acceleration\": -1.76, \"throttle\": 0.0, \"steering_target\": 0.23, \"brake\": 27.25, \"steering_rate\": 100.0, \"speed\": 7.16}","natures":[]},{"name":"","description":"","eClass":"Sentence","content":"The test system VALIDATES THAT the simulator S Status.GetEnvironment is nearly equal to {\"x\": 160.9, \"y\": 10.12, \"z\": 201.61, \"rain\": 1.0, \"fog\": 0.0, \"wetness\": 1.0, \"timeofday\": 12.0, \"signal\": 0.0, \"rx\": 0.08, \"ry\": 269.27, \"rz\": 359.99, \"speed\": 6.71}","natures":[]},{"name":"","description":"","eClass":"Sentence","content":"The environment controller C INVOKES API Control.Agents.NPCVehicle.NPCVehicleMaintainLane(which_lane=Left_Lane&which_car=Jeep).","natures":[]},{"name":"","description":"","eClass":"Sentence","content":"The test system VALIDATES THAT the Apollo A Status.GetControl is nearly equal to {\"acceleration\": 0.6, \"throttle\": 20.86, \"steering_target\": -0.16, \"brake\": 0.0, \"steering_rate\": 100.0, \"speed\": 3.01}","natures":[]},{"name":"","description":"","eClass":"Sentence","content":"The test system VALIDATES THAT the simulator S Status.GetEnvironment is nearly equal to {\"x\": 147.72, \"y\": 10.12, \"z\": 201.43, \"rain\": 1.0, \"fog\": 0.0, \"wetness\": 1.0, \"timeofday\": 12.0, \"signal\": -1.0, \"rx\": 359.96, \"ry\": 269.26, \"rz\": 0.0, \"speed\": 3.01}","natures":[]},{"name":"","description":"","eClass":"Sentence","content":"The environment controller C INVOKES API Control.Agents.NPCVehicle.NPCVehicleMaintainLane(which_lane=Right_Lane&which_car=BoxTruck).","natures":[]},{"name":"","description":"","eClass":"Sentence","content":"The test system VALIDATES THAT the Apollo A Status.GetControl is nearly equal to {\"acceleration\": -0.8, \"throttle\": 0.0, \"steering_target\": -0.14, \"brake\": 18.69, \"steering_rate\": 100.0, \"speed\": 1.71}","natures":[]},{"name":"","description":"","eClass":"Sentence","content":"The test system VALIDATES THAT the simulator S Status.GetEnvironment is nearly equal to {\"x\": 135.55, \"y\": 10.09, \"z\": 201.31, \"rain\": 1.0, \"fog\": 0.0, \"wetness\": 1.0, \"timeofday\": 12.0, \"signal\": -1.0, \"rx\": 2.23, \"ry\": 269.28, \"rz\": 358.12, \"speed\": 1.71}","natures":[]},{"name":"","description":"","eClass":"Sentence","content":"The environment controller C INVOKES API Control.TimeOfDay(time_of_day=Morning).","natures":[]},{"name":"","description":"","eClass":"Sentence","content":"The test system VALIDATES THAT the Apollo A Status.GetControl is nearly equal to {\"acceleration\": -0.26, \"throttle\": 0.0, \"steering_target\": -3.06, \"brake\": 59.36, \"steering_rate\": 100.0, \"speed\": 0.01}","natures":[]},{"name":"","description":"","eClass":"Sentence","content":"The test system VALIDATES THAT the simulator S Status.GetEnvironment is nearly equal to {\"x\": 133.83, \"y\": 10.09, \"z\": 201.26, \"rain\": 1.0, \"fog\": 0.0, \"wetness\": 1.0, \"timeofday\": 10.0, \"signal\": -1.0, \"rx\": 1.52, \"ry\": 268.41, \"rz\": 358.72, \"speed\": 0.01}","natures":[]},{"name":"","description":"","eClass":"Sentence","content":"The environment controller C INVOKES API Control.Agents.NPCVehicle.NPCVehicleMaintainLane(which_lane=Left_Lane&which_car=Sedan).","natures":[]},{"name":"","description":"","eClass":"Sentence","content":"The test system VALIDATES THAT the Apollo A Status.GetControl is nearly equal to {\"acceleration\": -0.28, \"throttle\": 0.0, \"steering_target\": -3.06, \"brake\": 53.24, \"steering_rate\": 100.0, \"speed\": 0.02}","natures":[]},{"name":"","description":"","eClass":"Sentence","content":"The test system VALIDATES THAT the simulator S Status.GetEnvironment is nearly equal to {\"x\": 133.83, \"y\": 10.09, \"z\": 201.26, \"rain\": 1.0, \"fog\": 0.0, \"wetness\": 1.0, \"timeofday\": 10.0, \"signal\": -1.0, \"rx\": 1.49, \"ry\": 268.41, \"rz\": 358.7, \"speed\": 0.02}","natures":[]},{"name":"","description":"","eClass":"Sentence","content":"The environment controller C INVOKES API Control.Agents.NPCVehicle.NPCVehicleMaintainLane(which_lane=Current_Lane&which_car=Hatchback).","natures":[]},{"name":"","description":"","eClass":"Sentence","content":"The test system VALIDATES THAT the Apollo A Status.GetControl is nearly equal to {\"acceleration\": 0.94, \"throttle\": 61.35, \"steering_target\": -20.15, \"brake\": 0.0, \"steering_rate\": 100.0, \"speed\": 0.48}","natures":[]},{"name":"","description":"","eClass":"Sentence","content":"The test system VALIDATES THAT the simulator S Status.GetEnvironment is nearly equal to {\"x\": 130.98, \"y\": 10.12, \"z\": 201.36, \"rain\": 1.0, \"fog\": 0.0, \"wetness\": 1.0, \"timeofday\": 10.0, \"signal\": -1.0, \"rx\": 359.82, \"ry\": 272.41, \"rz\": 0.05, \"speed\": 1.63}","natures":[]},{"name":"","description":"","eClass":"Sentence","content":"The environment controller C INVOKES API Control.Weather.Fog(fog_level=Heavy).","natures":[]},{"name":"","description":"","eClass":"Sentence","content":"The test system VALIDATES THAT the Apollo A Status.GetControl is nearly equal to {\"acceleration\": 0.61, \"throttle\": 20.98, \"steering_target\": -6.1, \"brake\": 0.0, \"steering_rate\": 100.0, \"speed\": 5.65}","natures":[]},{"name":"","description":"","eClass":"Sentence","content":"The test system VALIDATES THAT the simulator S Status.GetEnvironment is nearly equal to {\"x\": 117.4, \"y\": 10.12, \"z\": 208.56, \"rain\": 0.0, \"fog\": 1.0, \"wetness\": 0.0, \"timeofday\": 10.0, \"signal\": 1.0, \"rx\": 359.97, \"ry\": 308.05, \"rz\": 0.13, \"speed\": 5.91}","natures":[]},{"name":"","description":"","eClass":"Sentence","content":"The environment controller C INVOKES API Control.Agents.NPCVehicle.NPCVehicleSwitchLane(which_lane=Left_Lane&which_car=Hatchback).","natures":[]},{"name":"","description":"","eClass":"Sentence","content":"The test system VALIDATES THAT the Apollo A Status.GetControl is nearly equal to {\"acceleration\": 0.67, \"throttle\": 15.7, \"steering_target\": 0.7, \"brake\": 0.0, \"steering_rate\": 100.0, \"speed\": 7.86}","natures":[]},{"name":"","description":"","eClass":"Sentence","content":"The test system VALIDATES THAT the simulator S Status.GetEnvironment is nearly equal to {\"x\": 95.76, \"y\": 10.12, \"z\": 226.22, \"rain\": 0.0, \"fog\": 1.0, \"wetness\": 0.0, \"timeofday\": 10.0, \"signal\": 1.0, \"rx\": 359.98, \"ry\": 308.03, \"rz\": 359.97, \"speed\": 7.86}","natures":[]},{"name":"","description":"","eClass":"Sentence","content":"The environment controller C INVOKES API Control.Agents.NPCVehicle.NPCVehicleSwitchLane(which_lane=Current_Lane&which_car=SchoolBus).","natures":[]},{"name":"","description":"","eClass":"Sentence","content":"The test system VALIDATES THAT the Apollo A Status.GetControl is nearly equal to {\"acceleration\": 2.57, \"throttle\": 96.32, \"steering_target\": 0.03, \"brake\": 0.0, \"steering_rate\": 100.0, \"speed\": 0.01}","natures":[]},{"name":"","description":"","eClass":"Sentence","content":"The test system VALIDATES THAT the simulator S Status.GetEnvironment is nearly equal to {\"x\": 78.09, \"y\": 10.13, \"z\": 239.69, \"rain\": 0.0, \"fog\": 1.0, \"wetness\": 0.0, \"timeofday\": 10.0, \"signal\": 1.0, \"rx\": 359.34, \"ry\": 306.27, \"rz\": 359.81, \"speed\": 0.0}","natures":[]},{"name":"","description":"","eClass":"Sentence","content":"The environment controller C INVOKES API Control.Agents.NPCVehicle.NPCVehicleSwitchLane(which_lane=Right_Lane&which_car=SUV).","natures":[]},{"name":"","description":"","eClass":"Sentence","content":"The test system VALIDATES THAT the Apollo A Status.GetControl is nearly equal to {\"acceleration\": 0.0, \"throttle\": 0.0, \"steering_target\": 0.0, \"brake\": 50.0, \"steering_rate\": 0.0, \"speed\": 0.0}","natures":[]},{"name":"","description":"","eClass":"Sentence","content":"The test system VALIDATES THAT the simulator S Status.GetEnvironment is nearly equal to {\"x\": 78.1, \"y\": 10.13, \"z\": 239.7, \"rain\": 0.0, \"fog\": 1.0, \"wetness\": 0.0, \"timeofday\": 10.0, \"signal\": 1.0, \"rx\": 359.38, \"ry\": 305.99, \"rz\": 0.06, \"speed\": 0.0}","natures":[]},{"name":"","description":"","eClass":"Sentence","content":"The environment controller C INVOKES API Control.Weather.Fog(fog_level=Heavy).","natures":[]},{"name":"","description":"","eClass":"Sentence","content":"The test system VALIDATES THAT the Apollo A Status.GetControl is nearly equal to {\"acceleration\": 0.3, \"throttle\": 35.71, \"steering_target\": 0.03, \"brake\": 0.0, \"steering_rate\": 100.0, \"speed\": 0.0}","natures":[]},{"name":"","description":"","eClass":"Sentence","content":"","natures":[]}]
