 timestamp= 1619779999000 [START] Now Run TCS Maintain Lane On Road1 Mode: dynamic Roadnum: 1 Second: 4
 timestamp= 1619779999000 [SUCCESS] TCS Check Success 
 timestamp= 1619780001000 [RUN] Run BasicFlow
 timestamp= 1619780001000 [RUN] Generate steps
 timestamp= 1619780001000 [RUN] Validate step: 
The test system VALIDATES THAT the simulator S Status.GetEnvironment is nearly equal to {"x": 216.46, "y": 10.12, "z": 201.69, "rain": 0.0, "fog": 0.0, "wetness": 0.0, "timeofday": 12.0, "signal": -1.0, "rx": 359.85, "ry": 265.86, "rz": 0.0, "speed": 2.12}
 timestamp= 1619780001000 [RES] Validate result: 
true
 timestamp= 1619780001000 [RUN] Execute API step: 
The environment controller C INVOKES API Control.Agents.NPCVehicle.NPCVehicleSwitchLane(which_lane=Left_Lane&which_car=Jeep).
 timestamp= 1619780005000 [RES] API result: 
{"pose_arr":[{"vx":-0.14,"ay":2.67,"az":9.81,"ax":-0.14,"pz":10.12,"vy":-0.14,"px":553091.81,"py":4182687.81},{"vx":-0.15,"ay":0.87,"az":9.82,"ax":-0.05,"pz":10.12,"vy":-0.15,"px":553090.83,"py":4182687.74},{"vx":-0.16,"ay":0.95,"az":9.81,"ax":-0.04,"pz":10.12,"vy":-0.16,"px":553088.04,"py":4182687.58},{"vx":-0.17,"ay":1.05,"az":9.82,"ax":-0.04,"pz":10.12,"vy":-0.17,"px":553085.69,"py":4182687.47},{"vx":-0.13,"ay":0.81,"az":9.81,"ax":-0.02,"pz":10.12,"vy":-0.13,"px":553081.91,"py":4182687.33},{"vx":-0.09,"ay":0.56,"az":9.81,"ax":-0.08,"pz":10.12,"vy":-0.09,"px":553078.25,"py":4182687.24}],"traffic_light":[3,3,3,3,3,3],"state_arr":[{"acceleration":0.8,"throttle":36.77,"steering_target":-3.02,"brake":0,"steering_rate":100,"speed":2.06},{"acceleration":0.94,"throttle":27.41,"steering_target":-2.55,"brake":0,"steering_rate":100,"speed":2.71},{"acceleration":1.1,"throttle":28.43,"steering_target":-1.47,"brake":0,"steering_rate":100,"speed":3.38},{"acceleration":0.84,"throttle":24.93,"steering_target":-1.39,"brake":0,"steering_rate":100,"speed":4.38},{"acceleration":1.06,"throttle":26.41,"steering_target":-1.37,"brake":0,"steering_rate":100,"speed":4.82},{"acceleration":1.04,"throttle":22.29,"steering_target":-1.2,"brake":0,"steering_rate":100,"speed":5.22},{"acceleration":0.97,"throttle":15.7,"steering_target":-0.51,"brake":0,"steering_rate":100,"speed":5.59}],"obstacle_arr":[[],[{"acceleration":{"y":0,"x":0,"z":0},"position":{"y":4182678.7,"x":553071.56,"z":10.59},"volume":7.61,"type":"VEHICLE","velocity":{"y":0,"x":0,"z":0}}],[{"acceleration":{"y":0,"x":0.06,"z":0},"position":{"y":4182674.23,"x":553073.12,"z":10.26},"volume":3.63,"type":"VEHICLE","velocity":{"y":-3.59,"x":3,"z":0}}],[],[{"acceleration":{"y":0,"x":0,"z":0},"position":{"y":4182668.33,"x":553083.3,"z":10.32},"volume":6,"type":"VEHICLE","velocity":{"y":0,"x":0,"z":0}}],[{"acceleration":{"y":0.04,"x":0,"z":0},"position":{"y":4182668.45,"x":553087.54,"z":10.63},"volume":1.93,"type":"VEHICLE","velocity":{"y":-0.18,"x":6.72,"z":0}}],[]],"action_description":"NPC vehicle (Jeep) switching lane (left to right)","ev_state":[199.715637207031,10.1243391036987,201.144561767578,0,0,0,12,-1,359.964294433594,269.194671630859,0.00953534431755543,5.692115878830913],"collision_probability":0}
 timestamp= 1619780005000 [RUN] Validate G1 Guard Condition: 
The ego vehicle E Detection.Collision == True.
 timestamp= 1619780005000 [RES] Global Validate result: 
false
 timestamp= 1619780005000 [RUN] Validate G2 Guard Condition: 
The ego vehicle E Detection.OffRoad == True.
 timestamp= 1619780005000 [RES] Global Validate result: 
false
 timestamp= 1619780005000 [RUN] Validate G3 Guard Condition: 
The ego vehicle E Detection.HardBrake == True.
 timestamp= 1619780005000 [RES] Global Validate result: 
false
 timestamp= 1619780005000 [RUN] Validate G4 Guard Condition: 
The ego vehicle E Detection.ArrivalTest == True.
 timestamp= 1619780005000 [RES] Global Validate result: 
false
 timestamp= 1619780005000 [RUN] Validate step: 
The test system VALIDATES THAT the Apollo A Status.GetControl is nearly equal to {"acceleration": 0.97, "throttle": 15.7, "steering_target": -0.51, "brake": 0.0, "steering_rate": 100.0, "speed": 5.59}
 timestamp= 1619780005000 [RES] Validate result: 
true
 timestamp= 1619780005000 [RUN] Generate steps
 timestamp= 1619780005000 [RUN] Validate step: 
The test system VALIDATES THAT the simulator S Status.GetEnvironment is nearly equal to {"x": 199.72, "y": 10.12, "z": 201.14, "rain": 0.0, "fog": 0.0, "wetness": 0.0, "timeofday": 12.0, "signal": -1.0, "rx": 359.96, "ry": 269.19, "rz": 0.01, "speed": 5.69}
 timestamp= 1619780005000 [RES] Validate result: 
true
 timestamp= 1619780005000 [RUN] Execute API step: 
The environment controller C INVOKES API Control.Agents.NPCVehicle.NPCVehicleMaintainLane(which_lane=Current_Lane&which_car=Hatchback).
 timestamp= 1619780009000 [RES] API result: 
{"pose_arr":[{"vx":-0.07,"ay":0.18,"az":9.81,"ax":0,"pz":10.12,"vy":-0.07,"px":553075.05,"py":4182687.18},{"vx":-0.05,"ay":0,"az":9.81,"ax":0,"pz":10.12,"vy":-0.05,"px":553071.95,"py":4182687.15},{"vx":-0.02,"ay":-0.9,"az":9.86,"ax":-0.01,"pz":10.12,"vy":-0.02,"px":553067.98,"py":4182687.12},{"vx":0.01,"ay":-2.36,"az":9.83,"ax":0,"pz":10.13,"vy":0.01,"px":553063.48,"py":4182687.11},{"vx":0,"ay":-0.02,"az":9.83,"ax":0,"pz":10.12,"vy":0,"px":553062.78,"py":4182687.11},{"vx":0,"ay":0,"az":9.81,"ax":0,"pz":10.12,"vy":0,"px":553062.78,"py":4182687.11},{"vx":0,"ay":0.5,"az":9.79,"ax":0.02,"pz":10.12,"vy":0,"px":553062.74,"py":4182687.11}],"traffic_light":[3,3,3,3,3,2],"state_arr":[{"acceleration":1.68,"throttle":34.79,"steering_target":-0.79,"brake":0,"steering_rate":100,"speed":5.69},{"acceleration":0.39,"throttle":15.7,"steering_target":-0.49,"brake":0,"steering_rate":100,"speed":6.7},{"acceleration":-1.46,"throttle":0,"steering_target":-0.26,"brake":24.42,"steering_rate":100,"speed":6.55},{"acceleration":-1.78,"throttle":0,"steering_target":-0.31,"brake":28.55,"steering_rate":100,"speed":2.89},{"acceleration":-2.44,"throttle":0,"steering_target":-0.03,"brake":69.23,"steering_rate":100,"speed":0},{"acceleration":0.3,"throttle":35.83,"steering_target":-0.03,"brake":0,"steering_rate":100,"speed":0},{"acceleration":0.28,"throttle":38.98,"steering_target":0.03,"brake":0,"steering_rate":100,"speed":0}],"obstacle_arr":[[],[{"acceleration":{"y":0,"x":0,"z":0},"position":{"y":4182687.37,"x":553063.84,"z":10.4},"volume":6.61,"type":"VEHICLE","velocity":{"y":0,"x":0,"z":0}}],[{"acceleration":{"y":0,"x":0,"z":0},"position":{"y":4182687.58,"x":553062.44,"z":10.76},"volume":3.38,"type":"VEHICLE","velocity":{"y":0,"x":0,"z":0}}],[{"acceleration":{"y":0,"x":0,"z":0},"position":{"y":4182687.81,"x":553057.98,"z":10.75},"volume":3.53,"type":"VEHICLE","velocity":{"y":0,"x":0,"z":0}}],[{"acceleration":{"y":0,"x":0.02,"z":0},"position":{"y":4182687.86,"x":553057.87,"z":10.69},"volume":3.76,"type":"VEHICLE","velocity":{"y":0,"x":0,"z":0}}],[{"acceleration":{"y":0,"x":0.03,"z":0},"position":{"y":4182687.83,"x":553057.85,"z":10.72},"volume":3.59,"type":"VEHICLE","velocity":{"y":0,"x":0,"z":0}}]],"action_description":"NPC vehicle (Hatchback) driving on the current lane","ev_state":[187.413604736328,10.1249675750732,201.101287841797,0,0,0,12,-1,359.806121826172,270.393218994141,0.0129143930971622,0.00030145212911372325],"collision_probability":1}
 timestamp= 1619780009000 [RUN] Validate G1 Guard Condition: 
The ego vehicle E Detection.Collision == True.
 timestamp= 1619780009000 [RES] Global Validate result: 
true
 timestamp= 1619780009000 [RUN] Collision == True
 timestamp= 1619780009000 [RUN] Validate G2 Guard Condition: 
The ego vehicle E Detection.OffRoad == True.
 timestamp= 1619780009000 [RES] Global Validate result: 
false
 timestamp= 1619780009000 [RUN] Validate G3 Guard Condition: 
The ego vehicle E Detection.HardBrake == True.
 timestamp= 1619780009000 [RES] Global Validate result: 
true
 timestamp= 1619780009000 [RUN] HardBrake == True
 timestamp= 1619780009000 [RUN] RESUME STEP @preStep
 timestamp= 1619780009000 [RUN] Resume step basicflow4
 timestamp= 1619780009000 [RUN] Validate G4 Guard Condition: 
The ego vehicle E Detection.ArrivalTest == True.
 timestamp= 1619780009000 [RES] Global Validate result: 
false
 timestamp= 1619780009000 [RUN] Validate step: 
The test system VALIDATES THAT the Apollo A Status.GetControl is nearly equal to {"acceleration": 0.28, "throttle": 38.98, "steering_target": 0.03, "brake": 0.0, "steering_rate": 100.0, "speed": 0.0}
 timestamp= 1619780009000 [RES] Validate result: 
true
 timestamp= 1619780009000 [RUN] Generate steps
 timestamp= 1619780009000 [RUN] Validate step: 
The test system VALIDATES THAT the simulator S Status.GetEnvironment is nearly equal to {"x": 187.41, "y": 10.12, "z": 201.1, "rain": 0.0, "fog": 0.0, "wetness": 0.0, "timeofday": 12.0, "signal": -1.0, "rx": 359.81, "ry": 270.39, "rz": 0.01, "speed": 0.0}
 timestamp= 1619780009000 [RES] Validate result: 
true
 timestamp= 1619780009000 [RUN] Execute API step: 
The environment controller C INVOKES API Control.Agents.NPCVehicle.NPCVehicleMaintainLane(which_lane=Current_Lane&which_car=SchoolBus).
 timestamp= 1619780012000 [RES] API result: 
{"pose_arr":[{"vx":-0.01,"ay":1.17,"az":13.34,"ax":-0.03,"pz":10.14,"vy":-0.01,"px":553062.92,"py":4182687.11},{"vx":-0.01,"ay":1.45,"az":9.83,"ax":0.02,"pz":10.12,"vy":-0.01,"px":553063.7,"py":4182687.1},{"vx":0,"ay":0,"az":9.81,"ax":0,"pz":10.12,"vy":0,"px":553063.93,"py":4182687.1},{"vx":0,"ay":-0.04,"az":9.73,"ax":0,"pz":10.12,"vy":0,"px":553063.9,"py":4182687.1},{"vx":0,"ay":-0.31,"az":9.82,"ax":-0.01,"pz":10.12,"vy":0,"px":553063.9,"py":4182687.1},{"vx":0,"ay":-0.03,"az":9.81,"ax":0,"pz":10.12,"vy":0,"px":553063.9,"py":4182687.1}],"traffic_light":[0,2,1,3,1,1],"state_arr":[{"acceleration":0.29,"throttle":35.37,"steering_target":0.03,"brake":0,"steering_rate":100,"speed":0},{"acceleration":-3,"throttle":0,"steering_target":0.66,"brake":41.3,"steering_rate":100,"speed":1.18},{"acceleration":-3,"throttle":0,"steering_target":0.57,"brake":41.65,"steering_rate":100,"speed":0.31},{"acceleration":0.08,"throttle":15.7,"steering_target":0.56,"brake":0,"steering_rate":100,"speed":0.04},{"acceleration":0.09,"throttle":15.7,"steering_target":0,"brake":0,"steering_rate":100,"speed":0},{"acceleration":0.09,"throttle":15.7,"steering_target":0,"brake":0,"steering_rate":100,"speed":0},{"acceleration":0.1,"throttle":15.7,"steering_target":0,"brake":0,"steering_rate":100,"speed":0}],"obstacle_arr":[[{"acceleration":{"y":0,"x":0,"z":0},"position":{"y":4182687.41,"x":553057.53,"z":10.84},"volume":17.95,"type":"VEHICLE","velocity":{"y":0,"x":0,"z":0}}],[{"acceleration":{"y":0,"x":0,"z":0},"position":{"y":4182687.79,"x":553058.53,"z":10.72},"volume":3.44,"type":"VEHICLE","velocity":{"y":0,"x":0,"z":0}}],[{"acceleration":{"y":0,"x":0,"z":0},"position":{"y":4182687.74,"x":553059.02,"z":10.74},"volume":3.2,"type":"VEHICLE","velocity":{"y":0,"x":0,"z":0}}],[{"acceleration":{"y":0,"x":0,"z":0},"position":{"y":4182687.79,"x":553059.03,"z":10.75},"volume":3.42,"type":"VEHICLE","velocity":{"y":0,"x":0,"z":0}}],[{"acceleration":{"y":0,"x":0,"z":0},"position":{"y":4182687.79,"x":553059,"z":10.76},"volume":3.4,"type":"VEHICLE","velocity":{"y":0,"x":0,"z":0}}],[{"acceleration":{"y":0,"x":0,"z":0},"position":{"y":4182687.79,"x":553059,"z":10.75},"volume":3.4,"type":"VEHICLE","velocity":{"y":0,"x":0,"z":0}}]],"action_description":"NPC vehicle (SchoolBus) driving on the current lane","ev_state":[188.564102172852,10.1251440048218,201.090194702148,0,0,0,12,1,359.937286376953,270.419921875,0.000270809832727537,0.0006307526162746156],"collision_probability":1}
 timestamp= 1619780012000 [RUN] Validate G1 Guard Condition: 
The ego vehicle E Detection.Collision == True.
 timestamp= 1619780012000 [RES] Global Validate result: 
true
 timestamp= 1619780012000 [RUN] Collision == True
 timestamp= 1619780012000 [RUN] Validate G2 Guard Condition: 
The ego vehicle E Detection.OffRoad == True.
 timestamp= 1619780012000 [RES] Global Validate result: 
false
 timestamp= 1619780012000 [RUN] Validate G3 Guard Condition: 
The ego vehicle E Detection.HardBrake == True.
 timestamp= 1619780012000 [RES] Global Validate result: 
false
 timestamp= 1619780012000 [RUN] Validate G4 Guard Condition: 
The ego vehicle E Detection.ArrivalTest == True.
 timestamp= 1619780012000 [RES] Global Validate result: 
false
 timestamp= 1619780012000 [RUN] Validate step: 
The test system VALIDATES THAT the Apollo A Status.GetControl is nearly equal to {"acceleration": 0.1, "throttle": 15.7, "steering_target": 0.0, "brake": 0.0, "steering_rate": 100.0, "speed": 0.0}
 timestamp= 1619780012000 [RES] Validate result: 
true
 timestamp= 1619780012000 [RUN] Generate steps
 timestamp= 1619780012000 [RUN] Validate step: 
The test system VALIDATES THAT the simulator S Status.GetEnvironment is nearly equal to {"x": 188.56, "y": 10.13, "z": 201.09, "rain": 0.0, "fog": 0.0, "wetness": 0.0, "timeofday": 12.0, "signal": 1.0, "rx": 359.94, "ry": 270.42, "rz": 0.0, "speed": 0.0}
 timestamp= 1619780012000 [RES] Validate result: 
true
 timestamp= 1619780012000 [RUN] Execute API step: 
The environment controller C INVOKES API Control.Agents.NPCVehicle.NPCVehicleSwitchLane(which_lane=Right_Lane&which_car=Sedan).
 timestamp= 1619780016000 [RES] API result: 
{"pose_arr":[{"vx":0,"ay":-0.01,"az":9.81,"ax":0,"pz":10.12,"vy":0,"px":553063.9,"py":4182687.1},{"vx":0,"ay":0,"az":9.81,"ax":0,"pz":10.12,"vy":0,"px":553063.9,"py":4182687.1},{"vx":0,"ay":0.01,"az":9.81,"ax":0,"pz":10.12,"vy":0,"px":553063.9,"py":4182687.1},{"vx":0,"ay":-0.01,"az":9.81,"ax":0,"pz":10.12,"vy":0,"px":553063.9,"py":4182687.1},{"vx":0,"ay":-0.01,"az":9.81,"ax":0,"pz":10.12,"vy":0,"px":553063.9,"py":4182687.1},{"vx":0,"ay":0,"az":9.81,"ax":0,"pz":10.12,"vy":0,"px":553063.9,"py":4182687.1},{"vx":0,"ay":0,"az":9.81,"ax":0,"pz":10.12,"vy":0,"px":553063.9,"py":4182687.1}],"traffic_light":[1,1,3,1,1,3],"state_arr":[{"acceleration":0.09,"throttle":15.7,"steering_target":0,"brake":0,"steering_rate":100,"speed":0},{"acceleration":0.09,"throttle":15.7,"steering_target":0,"brake":0,"steering_rate":100,"speed":0},{"acceleration":0.09,"throttle":15.7,"steering_target":0,"brake":0,"steering_rate":100,"speed":0},{"acceleration":0.09,"throttle":15.7,"steering_target":0,"brake":0,"steering_rate":100,"speed":0},{"acceleration":0.09,"throttle":15.7,"steering_target":0,"brake":0,"steering_rate":100,"speed":0},{"acceleration":0.09,"throttle":15.7,"steering_target":0,"brake":0,"steering_rate":100,"speed":0},{"acceleration":0.09,"throttle":15.7,"steering_target":0,"brake":0,"steering_rate":100,"speed":0},{"acceleration":0.09,"throttle":15.7,"steering_target":0,"brake":0,"steering_rate":100,"speed":0}],"obstacle_arr":[[{"acceleration":{"y":0,"x":0,"z":0},"position":{"y":4182687.79,"x":553059,"z":10.75},"volume":3.4,"type":"VEHICLE","velocity":{"y":0,"x":0,"z":0}}],[{"acceleration":{"y":0,"x":0,"z":0},"position":{"y":4182687.79,"x":553059,"z":10.76},"volume":3.4,"type":"VEHICLE","velocity":{"y":0,"x":0,"z":0}},{"acceleration":{"y":0,"x":0,"z":0},"position":{"y":4182695.35,"x":553042.7,"z":10.32},"volume":9.76,"type":"VEHICLE","velocity":{"y":0,"x":0,"z":0}}],[{"acceleration":{"y":0,"x":0,"z":0},"position":{"y":4182687.8,"x":553059,"z":10.76},"volume":3.41,"type":"VEHICLE","velocity":{"y":0,"x":0,"z":0}},{"acceleration":{"y":0,"x":0,"z":0},"position":{"y":4182695.03,"x":553041.4,"z":10.44},"volume":7.02,"type":"VEHICLE","velocity":{"y":0,"x":0,"z":0}}],[{"acceleration":{"y":0,"x":0,"z":0},"position":{"y":4182687.8,"x":553059,"z":10.76},"volume":3.41,"type":"VEHICLE","velocity":{"y":0,"x":0,"z":0}}],[{"acceleration":{"y":0,"x":0,"z":0},"position":{"y":4182687.79,"x":553059,"z":10.76},"volume":3.4,"type":"VEHICLE","velocity":{"y":0,"x":0,"z":0}}],[{"acceleration":{"y":0,"x":0,"z":0},"position":{"y":4182687.79,"x":553059,"z":10.76},"volume":3.41,"type":"VEHICLE","velocity":{"y":0,"x":0,"z":0}},{"acceleration":{"y":0,"x":0.01,"z":0},"position":{"y":4182692.44,"x":553033.85,"z":10.6},"volume":1.04,"type":"VEHICLE","velocity":{"y":0,"x":0,"z":0}}],[{"acceleration":{"y":0,"x":0,"z":0},"position":{"y":4182687.79,"x":553059,"z":10.76},"volume":3.41,"type":"VEHICLE","velocity":{"y":0,"x":0,"z":0}},{"acceleration":{"y":0,"x":0,"z":0},"position":{"y":4182692.08,"x":553031.92,"z":10.42},"volume":4.14,"type":"VEHICLE","velocity":{"y":0,"x":0,"z":0}}]],"action_description":"NPC vehicle (Sedan) switching lane (right to left)","ev_state":[188.564102172852,10.1251392364502,201.090209960938,0,0,0,12,1,359.937866210938,270.414825439453,0.0010570656741038,0.00006180805061780413],"collision_probability":0}
 timestamp= 1619780016000 [RUN] Validate G1 Guard Condition: 
The ego vehicle E Detection.Collision == True.
 timestamp= 1619780016000 [RES] Global Validate result: 
false
 timestamp= 1619780016000 [RUN] Validate G2 Guard Condition: 
The ego vehicle E Detection.OffRoad == True.
 timestamp= 1619780016000 [RES] Global Validate result: 
false
 timestamp= 1619780016000 [RUN] Validate G3 Guard Condition: 
The ego vehicle E Detection.HardBrake == True.
 timestamp= 1619780016000 [RES] Global Validate result: 
false
 timestamp= 1619780016000 [RUN] Validate G4 Guard Condition: 
The ego vehicle E Detection.ArrivalTest == True.
 timestamp= 1619780016000 [RES] Global Validate result: 
false
 timestamp= 1619780016000 [RUN] Validate step: 
The test system VALIDATES THAT the Apollo A Status.GetControl is nearly equal to {"acceleration": 0.09, "throttle": 15.7, "steering_target": 0.0, "brake": 0.0, "steering_rate": 100.0, "speed": 0.0}
 timestamp= 1619780016000 [RES] Validate result: 
true
 timestamp= 1619780016000 [RUN] Generate steps
 timestamp= 1619780016000 [RUN] Validate step: 
The test system VALIDATES THAT the simulator S Status.GetEnvironment is nearly equal to {"x": 188.56, "y": 10.13, "z": 201.09, "rain": 0.0, "fog": 0.0, "wetness": 0.0, "timeofday": 12.0, "signal": 1.0, "rx": 359.94, "ry": 270.41, "rz": 0.0, "speed": 0.0}
 timestamp= 1619780016000 [RES] Validate result: 
true
 timestamp= 1619780016000 [RUN] Execute API step: 
The environment controller C INVOKES API Control.TimeOfDay(time_of_day=Morning).
 timestamp= 1619780019000 [RES] API result: 
{"pose_arr":[{"vx":0,"ay":-0.01,"az":9.81,"ax":0,"pz":10.12,"vy":0,"px":553063.9,"py":4182687.1},{"vx":0,"ay":0,"az":9.81,"ax":0,"pz":10.12,"vy":0,"px":553063.9,"py":4182687.1},{"vx":0,"ay":0,"az":9.81,"ax":0,"pz":10.12,"vy":0,"px":553063.9,"py":4182687.1},{"vx":0,"ay":0,"az":9.81,"ax":0,"pz":10.12,"vy":0,"px":553063.9,"py":4182687.1},{"vx":0,"ay":0,"az":9.81,"ax":0,"pz":10.12,"vy":0,"px":553063.9,"py":4182687.1},{"vx":0,"ay":-0.01,"az":9.81,"ax":0,"pz":10.12,"vy":0,"px":553063.9,"py":4182687.1}],"traffic_light":[3,3,3,3,3,3,3],"state_arr":[{"acceleration":0.09,"throttle":15.7,"steering_target":0,"brake":0,"steering_rate":100,"speed":0},{"acceleration":0.09,"throttle":15.7,"steering_target":0,"brake":0,"steering_rate":100,"speed":0},{"acceleration":0.09,"throttle":15.7,"steering_target":0,"brake":0,"steering_rate":100,"speed":0},{"acceleration":0.09,"throttle":15.7,"steering_target":0,"brake":0,"steering_rate":100,"speed":0},{"acceleration":0.09,"throttle":15.7,"steering_target":0,"brake":0,"steering_rate":100,"speed":0},{"acceleration":0.09,"throttle":15.7,"steering_target":0,"brake":0,"steering_rate":100,"speed":0},{"acceleration":0.09,"throttle":15.7,"steering_target":0,"brake":0,"steering_rate":100,"speed":0}],"obstacle_arr":[[{"acceleration":{"y":0,"x":0,"z":0},"position":{"y":4182687.79,"x":553059,"z":10.76},"volume":3.4,"type":"VEHICLE","velocity":{"y":0,"x":0,"z":0}}],[{"acceleration":{"y":0,"x":0,"z":0},"position":{"y":4182687.79,"x":553059,"z":10.76},"volume":3.4,"type":"VEHICLE","velocity":{"y":0,"x":0,"z":0}},{"acceleration":{"y":0,"x":0,"z":0},"position":{"y":4182691.8,"x":553030.33,"z":10.29},"volume":5.68,"type":"VEHICLE","velocity":{"y":0,"x":0,"z":0}}],[{"acceleration":{"y":0,"x":0,"z":0},"position":{"y":4182687.79,"x":553059,"z":10.76},"volume":3.41,"type":"VEHICLE","velocity":{"y":0,"x":0,"z":0}},{"acceleration":{"y":0,"x":0,"z":0},"position":{"y":4182691.92,"x":553030.28,"z":10.29},"volume":6.04,"type":"VEHICLE","velocity":{"y":0,"x":0,"z":0}}],[{"acceleration":{"y":0,"x":0,"z":0},"position":{"y":4182687.79,"x":553059,"z":10.76},"volume":3.41,"type":"VEHICLE","velocity":{"y":0,"x":0,"z":0}},{"acceleration":{"y":0,"x":0,"z":0},"position":{"y":4182691.77,"x":553030.3,"z":10.29},"volume":5.89,"type":"VEHICLE","velocity":{"y":0,"x":0,"z":0}}],[{"acceleration":{"y":0,"x":0,"z":0},"position":{"y":4182687.79,"x":553059,"z":10.76},"volume":3.41,"type":"VEHICLE","velocity":{"y":0,"x":0,"z":0}},{"acceleration":{"y":0,"x":0,"z":0},"position":{"y":4182691.82,"x":553030.27,"z":10.29},"volume":5.91,"type":"VEHICLE","velocity":{"y":0,"x":0,"z":0}}],[{"acceleration":{"y":0,"x":0,"z":0},"position":{"y":4182687.79,"x":553059,"z":10.76},"volume":3.41,"type":"VEHICLE","velocity":{"y":0,"x":0,"z":0}},{"acceleration":{"y":0,"x":0,"z":0},"position":{"y":4182691.91,"x":553030.22,"z":10.29},"volume":5.78,"type":"VEHICLE","velocity":{"y":0,"x":0,"z":0}}]],"action_description":"Evening","ev_state":[188.564102172852,10.1251430511475,201.090209960938,0,0,0,10,1,359.937805175781,270.412414550781,0.000857969629578292,0.00009137305909869394],"collision_probability":0}
 timestamp= 1619780019000 [RUN] Validate G1 Guard Condition: 
The ego vehicle E Detection.Collision == True.
 timestamp= 1619780019000 [RES] Global Validate result: 
false
 timestamp= 1619780019000 [RUN] Validate G2 Guard Condition: 
The ego vehicle E Detection.OffRoad == True.
 timestamp= 1619780019000 [RES] Global Validate result: 
false
 timestamp= 1619780019000 [RUN] Validate G3 Guard Condition: 
The ego vehicle E Detection.HardBrake == True.
 timestamp= 1619780019000 [RES] Global Validate result: 
false
 timestamp= 1619780019000 [RUN] Validate G4 Guard Condition: 
The ego vehicle E Detection.ArrivalTest == True.
 timestamp= 1619780019000 [RES] Global Validate result: 
false
 timestamp= 1619780019000 [RUN] Validate step: 
The test system VALIDATES THAT the Apollo A Status.GetControl is nearly equal to {"acceleration": 0.09, "throttle": 15.7, "steering_target": 0.0, "brake": 0.0, "steering_rate": 100.0, "speed": 0.0}
 timestamp= 1619780019000 [RES] Validate result: 
true
 timestamp= 1619780019000 [RUN] Generate steps
 timestamp= 1619780019000 [RUN] Validate step: 
The test system VALIDATES THAT the simulator S Status.GetEnvironment is nearly equal to {"x": 188.56, "y": 10.13, "z": 201.09, "rain": 0.0, "fog": 0.0, "wetness": 0.0, "timeofday": 10.0, "signal": 1.0, "rx": 359.94, "ry": 270.41, "rz": 0.0, "speed": 0.0}
 timestamp= 1619780019000 [RES] Validate result: 
true
 timestamp= 1619780019000 [RUN] Execute API step: 
The environment controller C INVOKES API Control.Agents.NPCVehicle.NPCVehicleSwitchLane(which_lane=Current_Lane&which_car=Hatchback).
 timestamp= 1619780023000 [RES] API result: 
{"pose_arr":[{"vx":0,"ay":0,"az":9.81,"ax":0,"pz":10.12,"vy":0,"px":553063.9,"py":4182687.1},{"vx":0,"ay":0.01,"az":9.81,"ax":0,"pz":10.12,"vy":0,"px":553063.9,"py":4182687.1},{"vx":0,"ay":0,"az":9.81,"ax":0,"pz":10.12,"vy":0,"px":553063.9,"py":4182687.1},{"vx":0,"ay":0.01,"az":9.81,"ax":0,"pz":10.12,"vy":0,"px":553063.9,"py":4182687.1},{"vx":0,"ay":0,"az":9.81,"ax":0,"pz":10.12,"vy":0,"px":553063.9,"py":4182687.1},{"vx":0,"ay":0,"az":9.81,"ax":0,"pz":10.12,"vy":0,"px":553063.9,"py":4182687.1},{"vx":0,"ay":0,"az":9.81,"ax":0,"pz":10.12,"vy":0,"px":553063.9,"py":4182687.1}],"traffic_light":[3,3,3,3,3,3],"state_arr":[{"acceleration":0.09,"throttle":15.7,"steering_target":0,"brake":0,"steering_rate":100,"speed":0},{"acceleration":0.09,"throttle":15.7,"steering_target":0,"brake":0,"steering_rate":100,"speed":0},{"acceleration":0.09,"throttle":15.7,"steering_target":0,"brake":0,"steering_rate":100,"speed":0},{"acceleration":0.09,"throttle":15.7,"steering_target":0,"brake":0,"steering_rate":100,"speed":0},{"acceleration":0.09,"throttle":15.7,"steering_target":0,"brake":0,"steering_rate":100,"speed":0},{"acceleration":0.09,"throttle":15.7,"steering_target":0,"brake":0,"steering_rate":100,"speed":0},{"acceleration":0.09,"throttle":15.7,"steering_target":0,"brake":0,"steering_rate":100,"speed":0}],"obstacle_arr":[[{"acceleration":{"y":0,"x":0,"z":0},"position":{"y":4182687.78,"x":553059,"z":10.76},"volume":3.39,"type":"VEHICLE","velocity":{"y":0,"x":0,"z":0}},{"acceleration":{"y":0,"x":0,"z":0},"position":{"y":4182691.82,"x":553030.26,"z":10.29},"volume":5.74,"type":"VEHICLE","velocity":{"y":0,"x":0,"z":0}}],[{"acceleration":{"y":0,"x":0,"z":0},"position":{"y":4182687.79,"x":553059,"z":10.76},"volume":3.4,"type":"VEHICLE","velocity":{"y":0,"x":0,"z":0}},{"acceleration":{"y":0,"x":0,"z":0},"position":{"y":4182687.41,"x":553043.28,"z":10.43},"volume":2.36,"type":"VEHICLE","velocity":{"y":0,"x":0,"z":0}}],[{"acceleration":{"y":0,"x":0,"z":0},"position":{"y":4182687.79,"x":553059,"z":10.76},"volume":3.41,"type":"VEHICLE","velocity":{"y":0,"x":0,"z":0}},{"acceleration":{"y":0,"x":0,"z":0},"position":{"y":4182687.27,"x":553041.19,"z":10.52},"volume":2.61,"type":"VEHICLE","velocity":{"y":0,"x":0,"z":0}}],[{"acceleration":{"y":0,"x":0,"z":0},"position":{"y":4182687.79,"x":553059,"z":10.76},"volume":3.4,"type":"VEHICLE","velocity":{"y":0,"x":0,"z":0}},{"acceleration":{"y":-0.16,"x":-1.59,"z":0},"position":{"y":4182687.08,"x":553039.84,"z":10.51},"volume":0.75,"type":"VEHICLE","velocity":{"y":-0.08,"x":-0.88,"z":0}}],[{"acceleration":{"y":0,"x":0,"z":0},"position":{"y":4182687.79,"x":553059.01,"z":10.76},"volume":3.41,"type":"VEHICLE","velocity":{"y":0,"x":0,"z":0}},{"acceleration":{"y":-0.13,"x":-0.29,"z":0},"position":{"y":4182686.42,"x":553036.92,"z":10.78},"volume":1.18,"type":"VEHICLE","velocity":{"y":-0.16,"x":-0.99,"z":0}}],[{"acceleration":{"y":0,"x":0,"z":0},"position":{"y":4182687.79,"x":553059.01,"z":10.76},"volume":3.4,"type":"VEHICLE","velocity":{"y":0,"x":0,"z":0}},{"acceleration":{"y":0,"x":0,"z":0},"position":{"y":4182692.19,"x":553030.91,"z":10.43},"volume":3.14,"type":"VEHICLE","velocity":{"y":0,"x":0,"z":0}}],[{"acceleration":{"y":0,"x":0,"z":0},"position":{"y":4182687.79,"x":553059.01,"z":10.76},"volume":3.4,"type":"VEHICLE","velocity":{"y":0,"x":0,"z":0}},{"acceleration":{"y":0,"x":0,"z":0},"position":{"y":4182692.18,"x":553030.91,"z":10.43},"volume":3.15,"type":"VEHICLE","velocity":{"y":0,"x":0,"z":0}},{"acceleration":{"y":0.15,"x":-0.49,"z":0},"position":{"y":4182685.95,"x":553032.13,"z":10.53},"volume":0.26,"type":"VEHICLE","velocity":{"y":-0.19,"x":-2.24,"z":0}}]],"action_description":"NPC vehicle (Hatchback) switching lane (current to right)","ev_state":[188.564102172852,10.1251354217529,201.090209960938,0,0,0,10,0,359.938232421875,270.411285400391,0.00123847939539701,0.00009078820556361505],"collision_probability":0}
 timestamp= 1619780023000 [RUN] Validate G1 Guard Condition: 
The ego vehicle E Detection.Collision == True.
 timestamp= 1619780023000 [RES] Global Validate result: 
false
 timestamp= 1619780023000 [RUN] Validate G2 Guard Condition: 
The ego vehicle E Detection.OffRoad == True.
 timestamp= 1619780023000 [RES] Global Validate result: 
false
 timestamp= 1619780023000 [RUN] Validate G3 Guard Condition: 
The ego vehicle E Detection.HardBrake == True.
 timestamp= 1619780023000 [RES] Global Validate result: 
false
 timestamp= 1619780023000 [RUN] Validate G4 Guard Condition: 
The ego vehicle E Detection.ArrivalTest == True.
 timestamp= 1619780023000 [RES] Global Validate result: 
false
 timestamp= 1619780023000 [RUN] Validate step: 
The test system VALIDATES THAT the Apollo A Status.GetControl is nearly equal to {"acceleration": 0.09, "throttle": 15.7, "steering_target": 0.0, "brake": 0.0, "steering_rate": 100.0, "speed": 0.0}
 timestamp= 1619780023000 [RES] Validate result: 
true
 timestamp= 1619780023000 [RUN] Generate steps
 timestamp= 1619780023000 [RUN] Validate step: 
The test system VALIDATES THAT the simulator S Status.GetEnvironment is nearly equal to {"x": 188.56, "y": 10.13, "z": 201.09, "rain": 0.0, "fog": 0.0, "wetness": 0.0, "timeofday": 10.0, "signal": 0.0, "rx": 359.94, "ry": 270.41, "rz": 0.0, "speed": 0.0}
 timestamp= 1619780023000 [RES] Validate result: 
true
 timestamp= 1619780023000 [RUN] Execute API step: 
The environment controller C INVOKES API Control.Agents.NPCVehicle.NPCVehicleMaintainLane(which_lane=Current_Lane&which_car=SUV).
 timestamp= 1619780027000 [RES] API result: 
{"pose_arr":[{"vx":0,"ay":0,"az":9.81,"ax":0,"pz":10.12,"vy":0,"px":553063.9,"py":4182687.1},{"vx":0,"ay":0.01,"az":9.81,"ax":0,"pz":10.12,"vy":0,"px":553063.9,"py":4182687.1},{"vx":0,"ay":0,"az":9.81,"ax":0,"pz":10.12,"vy":0,"px":553063.9,"py":4182687.1},{"vx":0,"ay":0,"az":9.81,"ax":0,"pz":10.12,"vy":0,"px":553063.9,"py":4182687.1},{"vx":0,"ay":0,"az":9.81,"ax":0,"pz":10.12,"vy":0,"px":553063.9,"py":4182687.1},{"vx":0,"ay":-0.01,"az":9.81,"ax":0,"pz":10.12,"vy":0,"px":553063.9,"py":4182687.1},{"vx":0,"ay":0,"az":9.81,"ax":0,"pz":10.12,"vy":0,"px":553063.9,"py":4182687.1}],"traffic_light":[3,3,3,1,3,3],"state_arr":[{"acceleration":0.09,"throttle":15.7,"steering_target":0,"brake":0,"steering_rate":100,"speed":0},{"acceleration":0.09,"throttle":15.7,"steering_target":0,"brake":0,"steering_rate":100,"speed":0},{"acceleration":0.09,"throttle":15.7,"steering_target":0,"brake":0,"steering_rate":100,"speed":0},{"acceleration":0.09,"throttle":15.7,"steering_target":0,"brake":0,"steering_rate":100,"speed":0},{"acceleration":0.09,"throttle":15.7,"steering_target":0,"brake":0,"steering_rate":100,"speed":0},{"acceleration":0.09,"throttle":15.7,"steering_target":0,"brake":0,"steering_rate":100,"speed":0},{"acceleration":0.09,"throttle":15.7,"steering_target":0,"brake":0,"steering_rate":100,"speed":0},{"acceleration":0.09,"throttle":15.7,"steering_target":0,"brake":0,"steering_rate":100,"speed":0}],"obstacle_arr":[[{"acceleration":{"y":0,"x":0,"z":0},"position":{"y":4182687.8,"x":553059,"z":10.76},"volume":3.44,"type":"VEHICLE","velocity":{"y":0,"x":0,"z":0}},{"acceleration":{"y":0,"x":0,"z":0},"position":{"y":4182691.71,"x":553030.32,"z":10.43},"volume":5.01,"type":"VEHICLE","velocity":{"y":0,"x":0,"z":0}},{"acceleration":{"y":-0.85,"x":0.33,"z":0},"position":{"y":4182685.63,"x":553030.76,"z":11.17},"volume":0,"type":"VEHICLE","velocity":{"y":-1.2,"x":-1.34,"z":0}}],[{"acceleration":{"y":0,"x":0,"z":0},"position":{"y":4182687.8,"x":553059.01,"z":10.76},"volume":3.44,"type":"VEHICLE","velocity":{"y":0,"x":0,"z":0}},{"acceleration":{"y":0,"x":0,"z":0},"position":{"y":4182692.19,"x":553030.9,"z":10.43},"volume":3.13,"type":"VEHICLE","velocity":{"y":0,"x":0,"z":0}},{"acceleration":{"y":1.5,"x":0.3,"z":0},"position":{"y":4182685.27,"x":553029.53,"z":11.11},"volume":0,"type":"VEHICLE","velocity":{"y":-0.03,"x":-1.02,"z":0}},{"acceleration":{"y":0,"x":0,"z":0},"position":{"y":4182687.45,"x":553053.87,"z":10.44},"volume":2.43,"type":"VEHICLE","velocity":{"y":0,"x":0,"z":0}}],[{"acceleration":{"y":0,"x":0,"z":0},"position":{"y":4182687.79,"x":553059.01,"z":10.76},"volume":3.4,"type":"VEHICLE","velocity":{"y":0,"x":0,"z":0}},{"acceleration":{"y":0,"x":0,"z":0},"position":{"y":4182691.77,"x":553030.27,"z":10.43},"volume":5.06,"type":"VEHICLE","velocity":{"y":0,"x":0,"z":0}},{"acceleration":{"y":0.13,"x":-1.71,"z":0},"position":{"y":4182687.43,"x":553051.33,"z":10.43},"volume":2.4,"type":"VEHICLE","velocity":{"y":0.1,"x":-2.61,"z":0}}],[{"acceleration":{"y":0,"x":0,"z":0},"position":{"y":4182687.79,"x":553059.01,"z":10.76},"volume":3.41,"type":"VEHICLE","velocity":{"y":0,"x":0,"z":0}},{"acceleration":{"y":0,"x":0,"z":0},"position":{"y":4182692.19,"x":553030.9,"z":10.43},"volume":3.14,"type":"VEHICLE","velocity":{"y":0,"x":0,"z":0}},{"acceleration":{"y":-0.29,"x":-1.17,"z":0},"position":{"y":4182687.38,"x":553047.62,"z":10.57},"volume":5.32,"type":"VEHICLE","velocity":{"y":-0.17,"x":-3.44,"z":0}}],[{"acceleration":{"y":0,"x":0,"z":0},"position":{"y":4182687.8,"x":553059.01,"z":10.76},"volume":3.44,"type":"VEHICLE","velocity":{"y":0,"x":0,"z":0}},{"acceleration":{"y":0,"x":0,"z":0},"position":{"y":4182691.75,"x":553030.28,"z":10.29},"volume":5.92,"type":"VEHICLE","velocity":{"y":0,"x":0,"z":0}},{"acceleration":{"y":0.19,"x":-0.61,"z":0},"position":{"y":4182687.65,"x":553045.56,"z":10.54},"volume":3.09,"type":"VEHICLE","velocity":{"y":-0.12,"x":-4.05,"z":0}}],[{"acceleration":{"y":0,"x":0,"z":0},"position":{"y":4182687.8,"x":553059.01,"z":10.76},"volume":3.42,"type":"VEHICLE","velocity":{"y":0,"x":0,"z":0}},{"acceleration":{"y":0,"x":0,"z":0},"position":{"y":4182692.19,"x":553030.9,"z":10.43},"volume":3.14,"type":"VEHICLE","velocity":{"y":0,"x":0,"z":0}},{"acceleration":{"y":-0.45,"x":0.04,"z":0},"position":{"y":4182687.51,"x":553042.96,"z":10.75},"volume":1.17,"type":"VEHICLE","velocity":{"y":-0.37,"x":-3.8,"z":0}}],[{"acceleration":{"y":0,"x":0,"z":0},"position":{"y":4182687.79,"x":553059.01,"z":10.76},"volume":3.41,"type":"VEHICLE","velocity":{"y":0,"x":0,"z":0}},{"acceleration":{"y":0,"x":0,"z":0},"position":{"y":4182692.19,"x":553030.9,"z":10.43},"volume":3.14,"type":"VEHICLE","velocity":{"y":0,"x":0,"z":0}},{"acceleration":{"y":1.08,"x":-0.7,"z":0},"position":{"y":4182687.76,"x":553038.44,"z":10.36},"volume":1.76,"type":"VEHICLE","velocity":{"y":0.44,"x":-4.41,"z":0}}]],"action_description":"NPC vehicle (SUV) driving on the current lane","ev_state":[188.56413269043,10.1251258850098,201.090209960938,0,0,0,10,-1,359.939056396484,270.41064453125,0.0010606775758788,0.00032825592378417834],"collision_probability":0}
 timestamp= 1619780027000 [RUN] Validate G1 Guard Condition: 
The ego vehicle E Detection.Collision == True.
 timestamp= 1619780027000 [RES] Global Validate result: 
false
 timestamp= 1619780027000 [RUN] Validate G2 Guard Condition: 
The ego vehicle E Detection.OffRoad == True.
 timestamp= 1619780027000 [RES] Global Validate result: 
true
 timestamp= 1619780027000 [RUN] OffRoad == True
 timestamp= 1619780027000 [RUN] The simulator S INVOKES API Command.Simulation.Stop() to stop simulation.
 timestamp= 1619780027000 [WARNING] The test system Stop the Simulator S!
 timestamp= 1619780027000 [RUN] ABORT.
 timestamp= 1619780027000 [ERROR] The test system Abort!
 timestamp= 1619780027000 [RUN] Validate G3 Guard Condition: 
The ego vehicle E Detection.HardBrake == True.
 timestamp= 1619780027000 [RES] Global Validate result: 
false
 timestamp= 1619780027000 [RUN] Validate G4 Guard Condition: 
The ego vehicle E Detection.ArrivalTest == True.
 timestamp= 1619780027000 [RES] Global Validate result: 
false
 timestamp= 1619780027000 [RES] Basic PostCondition Validate result: 
false
 timestamp= 1619780027000 [STOP] numberOfStep: 22 basicFlow: 
[{"name":"","description":"","eClass":"Sentence","content":"The test system VALIDATES THAT the simulator S Status.GetEnvironment is nearly equal to {\"x\": 216.46, \"y\": 10.12, \"z\": 201.69, \"rain\": 0.0, \"fog\": 0.0, \"wetness\": 0.0, \"timeofday\": 12.0, \"signal\": -1.0, \"rx\": 359.85, \"ry\": 265.86, \"rz\": 0.0, \"speed\": 2.12}","natures":[]},{"name":"","description":"","eClass":"Sentence","content":"The environment controller C INVOKES API Control.Agents.NPCVehicle.NPCVehicleSwitchLane(which_lane=Left_Lane&which_car=Jeep).","natures":[]},{"name":"","description":"","eClass":"Sentence","content":"The test system VALIDATES THAT the Apollo A Status.GetControl is nearly equal to {\"acceleration\": 0.97, \"throttle\": 15.7, \"steering_target\": -0.51, \"brake\": 0.0, \"steering_rate\": 100.0, \"speed\": 5.59}","natures":[]},{"name":"","description":"","eClass":"Sentence","content":"The test system VALIDATES THAT the simulator S Status.GetEnvironment is nearly equal to {\"x\": 199.72, \"y\": 10.12, \"z\": 201.14, \"rain\": 0.0, \"fog\": 0.0, \"wetness\": 0.0, \"timeofday\": 12.0, \"signal\": -1.0, \"rx\": 359.96, \"ry\": 269.19, \"rz\": 0.01, \"speed\": 5.69}","natures":[]},{"name":"","description":"","eClass":"Sentence","content":"The environment controller C INVOKES API Control.Agents.NPCVehicle.NPCVehicleMaintainLane(which_lane=Current_Lane&which_car=Hatchback).","natures":[]},{"name":"","description":"","eClass":"Sentence","content":"The test system VALIDATES THAT the Apollo A Status.GetControl is nearly equal to {\"acceleration\": 0.28, \"throttle\": 38.98, \"steering_target\": 0.03, \"brake\": 0.0, \"steering_rate\": 100.0, \"speed\": 0.0}","natures":[]},{"name":"","description":"","eClass":"Sentence","content":"The test system VALIDATES THAT the simulator S Status.GetEnvironment is nearly equal to {\"x\": 187.41, \"y\": 10.12, \"z\": 201.1, \"rain\": 0.0, \"fog\": 0.0, \"wetness\": 0.0, \"timeofday\": 12.0, \"signal\": -1.0, \"rx\": 359.81, \"ry\": 270.39, \"rz\": 0.01, \"speed\": 0.0}","natures":[]},{"name":"","description":"","eClass":"Sentence","content":"The environment controller C INVOKES API Control.Agents.NPCVehicle.NPCVehicleMaintainLane(which_lane=Current_Lane&which_car=SchoolBus).","natures":[]},{"name":"","description":"","eClass":"Sentence","content":"The test system VALIDATES THAT the Apollo A Status.GetControl is nearly equal to {\"acceleration\": 0.1, \"throttle\": 15.7, \"steering_target\": 0.0, \"brake\": 0.0, \"steering_rate\": 100.0, \"speed\": 0.0}","natures":[]},{"name":"","description":"","eClass":"Sentence","content":"The test system VALIDATES THAT the simulator S Status.GetEnvironment is nearly equal to {\"x\": 188.56, \"y\": 10.13, \"z\": 201.09, \"rain\": 0.0, \"fog\": 0.0, \"wetness\": 0.0, \"timeofday\": 12.0, \"signal\": 1.0, \"rx\": 359.94, \"ry\": 270.42, \"rz\": 0.0, \"speed\": 0.0}","natures":[]},{"name":"","description":"","eClass":"Sentence","content":"The environment controller C INVOKES API Control.Agents.NPCVehicle.NPCVehicleSwitchLane(which_lane=Right_Lane&which_car=Sedan).","natures":[]},{"name":"","description":"","eClass":"Sentence","content":"The test system VALIDATES THAT the Apollo A Status.GetControl is nearly equal to {\"acceleration\": 0.09, \"throttle\": 15.7, \"steering_target\": 0.0, \"brake\": 0.0, \"steering_rate\": 100.0, \"speed\": 0.0}","natures":[]},{"name":"","description":"","eClass":"Sentence","content":"The test system VALIDATES THAT the simulator S Status.GetEnvironment is nearly equal to {\"x\": 188.56, \"y\": 10.13, \"z\": 201.09, \"rain\": 0.0, \"fog\": 0.0, \"wetness\": 0.0, \"timeofday\": 12.0, \"signal\": 1.0, \"rx\": 359.94, \"ry\": 270.41, \"rz\": 0.0, \"speed\": 0.0}","natures":[]},{"name":"","description":"","eClass":"Sentence","content":"The environment controller C INVOKES API Control.TimeOfDay(time_of_day=Morning).","natures":[]},{"name":"","description":"","eClass":"Sentence","content":"The test system VALIDATES THAT the Apollo A Status.GetControl is nearly equal to {\"acceleration\": 0.09, \"throttle\": 15.7, \"steering_target\": 0.0, \"brake\": 0.0, \"steering_rate\": 100.0, \"speed\": 0.0}","natures":[]},{"name":"","description":"","eClass":"Sentence","content":"The test system VALIDATES THAT the simulator S Status.GetEnvironment is nearly equal to {\"x\": 188.56, \"y\": 10.13, \"z\": 201.09, \"rain\": 0.0, \"fog\": 0.0, \"wetness\": 0.0, \"timeofday\": 10.0, \"signal\": 1.0, \"rx\": 359.94, \"ry\": 270.41, \"rz\": 0.0, \"speed\": 0.0}","natures":[]},{"name":"","description":"","eClass":"Sentence","content":"The environment controller C INVOKES API Control.Agents.NPCVehicle.NPCVehicleSwitchLane(which_lane=Current_Lane&which_car=Hatchback).","natures":[]},{"name":"","description":"","eClass":"Sentence","content":"The test system VALIDATES THAT the Apollo A Status.GetControl is nearly equal to {\"acceleration\": 0.09, \"throttle\": 15.7, \"steering_target\": 0.0, \"brake\": 0.0, \"steering_rate\": 100.0, \"speed\": 0.0}","natures":[]},{"name":"","description":"","eClass":"Sentence","content":"The test system VALIDATES THAT the simulator S Status.GetEnvironment is nearly equal to {\"x\": 188.56, \"y\": 10.13, \"z\": 201.09, \"rain\": 0.0, \"fog\": 0.0, \"wetness\": 0.0, \"timeofday\": 10.0, \"signal\": 0.0, \"rx\": 359.94, \"ry\": 270.41, \"rz\": 0.0, \"speed\": 0.0}","natures":[]},{"name":"","description":"","eClass":"Sentence","content":"The environment controller C INVOKES API Control.Agents.NPCVehicle.NPCVehicleMaintainLane(which_lane=Current_Lane&which_car=SUV).","natures":[]},{"name":"","description":"","eClass":"Sentence","content":"The test system VALIDATES THAT the Apollo A Status.GetControl is nearly equal to {\"acceleration\": 0.09, \"throttle\": 15.7, \"steering_target\": 0.0, \"brake\": 0.0, \"steering_rate\": 100.0, \"speed\": 0.0}","natures":[]},{"name":"","description":"","eClass":"Sentence","content":"","natures":[]}]
