 timestamp= 1619780622000 [START] Now Run TCS Maintain Lane On Road1 Mode: dynamic Roadnum: 1 Second: 4
 timestamp= 1619780622000 [SUCCESS] TCS Check Success 
 timestamp= 1619780625000 [RUN] Run BasicFlow
 timestamp= 1619780625000 [RUN] Generate steps
 timestamp= 1619780625000 [RUN] Validate step: 
The test system VALIDATES THAT the simulator S Status.GetEnvironment is nearly equal to {"x": 215.49, "y": 10.12, "z": 201.51, "rain": 0.0, "fog": 0.0, "wetness": 0.0, "timeofday": 12.0, "signal": -1.0, "rx": 359.91, "ry": 264.36, "rz": 0.1, "speed": 3.32}
 timestamp= 1619780625000 [RES] Validate result: 
true
 timestamp= 1619780625000 [RUN] Execute API step: 
The environment controller C INVOKES API Control.Agents.NPCVehicle.NPCVehicleSwitchLane(which_lane=Right_Lane&which_car=SUV).
 timestamp= 1619780628000 [RES] API result: 
{"pose_arr":[{"vx":-0.23,"ay":1,"az":9.82,"ax":-0.15,"pz":10.12,"vy":-0.23,"px":553090.81,"py":4182687.66},{"vx":-0.19,"ay":0.35,"az":9.83,"ax":-0.03,"pz":10.12,"vy":-0.19,"px":553087.79,"py":4182687.45},{"vx":-0.18,"ay":0.74,"az":9.81,"ax":-0.03,"pz":10.12,"vy":-0.18,"px":553085.04,"py":4182687.33},{"vx":-0.08,"ay":0.73,"az":9.81,"ax":-0.02,"pz":10.12,"vy":-0.08,"px":553081.27,"py":4182687.21},{"vx":-0.06,"ay":0.26,"az":9.84,"ax":-0.05,"pz":10.12,"vy":-0.06,"px":553078.27,"py":4182687.16},{"vx":-0.03,"ay":1.43,"az":9.79,"ax":-0.01,"pz":10.12,"vy":-0.03,"px":553073.65,"py":4182687.11},{"vx":0,"ay":-0.57,"az":9.81,"ax":0,"pz":10.12,"vy":0,"px":553069.44,"py":4182687.09}],"traffic_light":[3,0,3,3,3,3],"state_arr":[{"acceleration":1.29,"throttle":91.02,"steering_target":-8.79,"brake":0,"steering_rate":100,"speed":3.27},{"acceleration":0.6,"throttle":17.06,"steering_target":-2.93,"brake":0,"steering_rate":100,"speed":4.69},{"acceleration":0.85,"throttle":24.97,"steering_target":-0.94,"brake":0,"steering_rate":100,"speed":4.94},{"acceleration":0.88,"throttle":24.88,"steering_target":-2.65,"brake":0,"steering_rate":100,"speed":5.41},{"acceleration":0.98,"throttle":15.7,"steering_target":-0.55,"brake":0,"steering_rate":100,"speed":5.82},{"acceleration":1.1,"throttle":15.7,"steering_target":-0.79,"brake":0,"steering_rate":100,"speed":5.98},{"acceleration":-0.17,"throttle":0,"steering_target":-0.46,"brake":14.5,"steering_rate":100,"speed":6.4}],"obstacle_arr":[[],[{"acceleration":{"y":0,"x":0,"z":0},"position":{"y":4182693.43,"x":553070.08,"z":10.25},"volume":10.57,"type":"VEHICLE","velocity":{"y":0,"x":0,"z":0}}],[{"acceleration":{"y":0,"x":0,"z":0},"position":{"y":4182693.36,"x":553068.99,"z":10.33},"volume":7.18,"type":"VEHICLE","velocity":{"y":0,"x":0,"z":0}}],[{"acceleration":{"y":0,"x":0,"z":0},"position":{"y":4182693.16,"x":553065.84,"z":10.31},"volume":12.75,"type":"VEHICLE","velocity":{"y":0,"x":0,"z":0}}],[{"acceleration":{"y":0,"x":0,"z":0},"position":{"y":4182692.52,"x":553065.49,"z":10.31},"volume":10.1,"type":"VEHICLE","velocity":{"y":0,"x":0,"z":0}}],[{"acceleration":{"y":0,"x":0,"z":0},"position":{"y":4182690.49,"x":553061.38,"z":10.12},"volume":13.3,"type":"VEHICLE","velocity":{"y":-0.13,"x":-0.38,"z":0}}],[{"acceleration":{"y":0.65,"x":0.42,"z":0},"position":{"y":4182689.07,"x":553058.96,"z":10.12},"volume":11.21,"type":"VEHICLE","velocity":{"y":-0.9,"x":-2.97,"z":0}}]],"action_description":"NPC vehicle (SUV) switching lane (right to left)","ev_state":[193.889801025391,10.1242485046387,201.072219848633,0,0,0,12,-1,0.0263508837670088,269.957763671875,0.011090368963778,6.133032818850406],"collision_probability":0}
 timestamp= 1619780628000 [RUN] Validate G1 Guard Condition: 
The ego vehicle E Detection.Collision == True.
 timestamp= 1619780628000 [RES] Global Validate result: 
false
 timestamp= 1619780628000 [RUN] Validate G2 Guard Condition: 
The ego vehicle E Detection.OffRoad == True.
 timestamp= 1619780628000 [RES] Global Validate result: 
false
 timestamp= 1619780628000 [RUN] Validate G3 Guard Condition: 
The ego vehicle E Detection.HardBrake == True.
 timestamp= 1619780628000 [RES] Global Validate result: 
false
 timestamp= 1619780628000 [RUN] Validate G4 Guard Condition: 
The ego vehicle E Detection.ArrivalTest == True.
 timestamp= 1619780629000 [RES] Global Validate result: 
false
 timestamp= 1619780629000 [RUN] Validate step: 
The test system VALIDATES THAT the Apollo A Status.GetControl is nearly equal to {"acceleration": -0.17, "throttle": 0.0, "steering_target": -0.46, "brake": 14.5, "steering_rate": 100.0, "speed": 6.4}
 timestamp= 1619780629000 [RES] Validate result: 
true
 timestamp= 1619780629000 [RUN] Generate steps
 timestamp= 1619780629000 [RUN] Validate step: 
The test system VALIDATES THAT the simulator S Status.GetEnvironment is nearly equal to {"x": 193.89, "y": 10.12, "z": 201.07, "rain": 0.0, "fog": 0.0, "wetness": 0.0, "timeofday": 12.0, "signal": -1.0, "rx": 0.03, "ry": 269.96, "rz": 0.01, "speed": 6.13}
 timestamp= 1619780629000 [RES] Validate result: 
true
 timestamp= 1619780629000 [RUN] Execute API step: 
The environment controller C INVOKES API Control.Weather.Wetness(wetness_level=Light).
 timestamp= 1619780632000 [RES] API result: 
{"pose_arr":[{"vx":0.01,"ay":-2.68,"az":9.82,"ax":0,"pz":10.13,"vy":0.01,"px":553066.93,"py":4182687.09},{"vx":0.01,"ay":-2.94,"az":9.81,"ax":-0.02,"pz":10.13,"vy":0.01,"px":553064.37,"py":4182687.1},{"vx":0.01,"ay":-2.04,"az":9.81,"ax":-0.01,"pz":10.13,"vy":0.01,"px":553063.03,"py":4182687.1},{"vx":0,"ay":-1.17,"az":9.81,"ax":-0.01,"pz":10.13,"vy":0,"px":553062.52,"py":4182687.1},{"vx":0,"ay":0,"az":9.81,"ax":0,"pz":10.13,"vy":0,"px":553062.48,"py":4182687.1},{"vx":0.01,"ay":1.54,"az":9.81,"ax":0.01,"pz":10.12,"vy":0.01,"px":553062.06,"py":4182687.1}],"traffic_light":[3,3,3,3,2,2],"state_arr":[{"acceleration":-2.41,"throttle":0,"steering_target":-0.24,"brake":33.67,"steering_rate":100,"speed":6.13},{"acceleration":-3.8,"throttle":0,"steering_target":-0.3,"brake":46.36,"steering_rate":100,"speed":4.81},{"acceleration":-2.68,"throttle":0,"steering_target":-0.25,"brake":37.15,"steering_rate":100,"speed":2.69},{"acceleration":-1.78,"throttle":0,"steering_target":-0.16,"brake":29.82,"steering_rate":100,"speed":1.16},{"acceleration":-0.77,"throttle":0,"steering_target":-0.26,"brake":18.4,"steering_rate":100,"speed":0.29},{"acceleration":0.18,"throttle":15.7,"steering_target":-0.27,"brake":0,"steering_rate":100,"speed":0},{"acceleration":0.65,"throttle":83.74,"steering_target":-0.18,"brake":0,"steering_rate":100,"speed":0.99},{"acceleration":-0.11,"throttle":0,"steering_target":-0.2,"brake":14.5,"steering_rate":100,"speed":2.33}],"obstacle_arr":[[{"acceleration":{"y":0.8,"x":0.63,"z":0},"position":{"y":4182688.93,"x":553057.72,"z":10.14},"volume":10.89,"type":"VEHICLE","velocity":{"y":-0.56,"x":-2.47,"z":0}}],[{"acceleration":{"y":0.37,"x":0.92,"z":0},"position":{"y":4182688.57,"x":553056.02,"z":10.43},"volume":8.02,"type":"VEHICLE","velocity":{"y":-0.38,"x":-1.97,"z":0}}],[{"acceleration":{"y":0.31,"x":0.81,"z":0},"position":{"y":4182688.57,"x":553054.38,"z":10.14},"volume":11.98,"type":"VEHICLE","velocity":{"y":-0.18,"x":-1.42,"z":0}}],[{"acceleration":{"y":0.02,"x":-0.81,"z":0},"position":{"y":4182688.28,"x":553050.61,"z":10.4},"volume":6.06,"type":"VEHICLE","velocity":{"y":-0.16,"x":-2.35,"z":0}}],[{"acceleration":{"y":0.04,"x":-0.49,"z":0},"position":{"y":4182688.32,"x":553048.62,"z":10.54},"volume":3.53,"type":"VEHICLE","velocity":{"y":-0.09,"x":-2.61,"z":0}}],[{"acceleration":{"y":0.13,"x":-0.89,"z":0},"position":{"y":4182688.25,"x":553044.53,"z":10.39},"volume":7.75,"type":"VEHICLE","velocity":{"y":-0.03,"x":-3.25,"z":0}}]],"action_description":"Light wetness","ev_state":[186.110244750977,10.1246652603149,201.09147644043,0,0,0.200000002980232,12,-1,359.839324951172,270.235076904297,0.000426875136326998,2.333621263160849],"collision_probability":0}
 timestamp= 1619780632000 [RUN] Validate G1 Guard Condition: 
The ego vehicle E Detection.Collision == True.
 timestamp= 1619780632000 [RES] Global Validate result: 
false
 timestamp= 1619780632000 [RUN] Validate G2 Guard Condition: 
The ego vehicle E Detection.OffRoad == True.
 timestamp= 1619780632000 [RES] Global Validate result: 
false
 timestamp= 1619780632000 [RUN] Validate G3 Guard Condition: 
The ego vehicle E Detection.HardBrake == True.
 timestamp= 1619780632000 [RES] Global Validate result: 
true
 timestamp= 1619780632000 [RUN] HardBrake == True
 timestamp= 1619780632000 [RUN] RESUME STEP @preStep
 timestamp= 1619780632000 [RUN] Resume step basicflow4
 timestamp= 1619780632000 [RUN] Validate G4 Guard Condition: 
The ego vehicle E Detection.ArrivalTest == True.
 timestamp= 1619780632000 [RES] Global Validate result: 
false
 timestamp= 1619780632000 [RUN] Validate step: 
The test system VALIDATES THAT the Apollo A Status.GetControl is nearly equal to {"acceleration": -0.11, "throttle": 0.0, "steering_target": -0.2, "brake": 14.5, "steering_rate": 100.0, "speed": 2.33}
 timestamp= 1619780632000 [RES] Validate result: 
true
 timestamp= 1619780632000 [RUN] Generate steps
 timestamp= 1619780632000 [RUN] Validate step: 
The test system VALIDATES THAT the simulator S Status.GetEnvironment is nearly equal to {"x": 186.11, "y": 10.12, "z": 201.09, "rain": 0.0, "fog": 0.0, "wetness": 0.2, "timeofday": 12.0, "signal": -1.0, "rx": 359.84, "ry": 270.24, "rz": 0.0, "speed": 2.33}
 timestamp= 1619780632000 [RES] Validate result: 
true
 timestamp= 1619780632000 [RUN] Execute API step: 
The environment controller C INVOKES API Control.Agents.NPCVehicle.NPCVehicleMaintainLane(which_lane=Left_Lane&which_car=SUV).
 timestamp= 1619780636000 [RES] API result: 
{"pose_arr":[{"vx":0.01,"ay":0.8,"az":9.81,"ax":0,"pz":10.12,"vy":0.01,"px":553061.38,"py":4182687.11},{"vx":0.01,"ay":0.79,"az":9.81,"ax":0,"pz":10.12,"vy":0.01,"px":553060.27,"py":4182687.11},{"vx":0.01,"ay":0.29,"az":9.81,"ax":0,"pz":10.12,"vy":0.01,"px":553058.74,"py":4182687.12},{"vx":0.02,"ay":0.43,"az":9.81,"ax":0,"pz":10.12,"vy":0.02,"px":553057.26,"py":4182687.13},{"vx":0.02,"ay":0.36,"az":9.81,"ax":0,"pz":10.12,"vy":0.02,"px":553055.45,"py":4182687.14},{"vx":0.02,"ay":0.29,"az":9.84,"ax":0,"pz":10.12,"vy":0.02,"px":553053.91,"py":4182687.15},{"vx":0.02,"ay":-0.52,"az":9.84,"ax":0,"pz":10.12,"vy":0.02,"px":553050.62,"py":4182687.16}],"traffic_light":[2,2,2,3,1,3],"state_arr":[{"acceleration":0.19,"throttle":15.7,"steering_target":-0.17,"brake":0,"steering_rate":100,"speed":2.28},{"acceleration":0.16,"throttle":15.7,"steering_target":-0.13,"brake":0,"steering_rate":100,"speed":2.37},{"acceleration":0.28,"throttle":15.7,"steering_target":-0.09,"brake":0,"steering_rate":100,"speed":2.51},{"acceleration":0.36,"throttle":16.31,"steering_target":-0.04,"brake":0,"steering_rate":100,"speed":2.69},{"acceleration":0.08,"throttle":15.7,"steering_target":0,"brake":0,"steering_rate":100,"speed":3.32},{"acceleration":0.06,"throttle":20.19,"steering_target":0.06,"brake":0,"steering_rate":100,"speed":3.69},{"acceleration":0.13,"throttle":15.7,"steering_target":0.13,"brake":0,"steering_rate":100,"speed":4.09}],"obstacle_arr":[[{"acceleration":{"y":-0.03,"x":0.55,"z":0},"position":{"y":4182688.29,"x":553041.33,"z":10.38},"volume":2.22,"type":"VEHICLE","velocity":{"y":0.03,"x":-2.82,"z":0}}],[{"acceleration":{"y":-0.04,"x":0.82,"z":0},"position":{"y":4182688.15,"x":553037.72,"z":10.7},"volume":2.55,"type":"VEHICLE","velocity":{"y":-0.01,"x":-1.58,"z":0}},{"acceleration":{"y":0,"x":0,"z":0},"position":{"y":4182681.16,"x":553059.29,"z":10.12},"volume":13.72,"type":"VEHICLE","velocity":{"y":0,"x":0,"z":0}}],[{"acceleration":{"y":-0.29,"x":0.62,"z":0},"position":{"y":4182688.06,"x":553035.15,"z":10.58},"volume":1.14,"type":"VEHICLE","velocity":{"y":-0.09,"x":-1.3,"z":0}},{"acceleration":{"y":-0.02,"x":0.01,"z":0},"position":{"y":4182681.7,"x":553058.97,"z":10.12},"volume":13.07,"type":"VEHICLE","velocity":{"y":0.85,"x":-0.23,"z":0}}],[{"acceleration":{"y":0.89,"x":-0.21,"z":0},"position":{"y":4182688.1,"x":553034.06,"z":10.54},"volume":0.51,"type":"VEHICLE","velocity":{"y":0.33,"x":-1.56,"z":0}},{"acceleration":{"y":-1.07,"x":0.37,"z":0},"position":{"y":4182682.29,"x":553058.91,"z":10.12},"volume":8.23,"type":"VEHICLE","velocity":{"y":0,"x":0,"z":0}},{"acceleration":{"y":0,"x":0,"z":0},"position":{"y":4182672.6,"x":553089.23,"z":10.33},"volume":17.17,"type":"UNKNOWN","velocity":{"y":0,"x":0,"z":0}}],[{"acceleration":{"y":-0.05,"x":0.01,"z":0},"position":{"y":4182681.57,"x":553059.36,"z":10.12},"volume":12.36,"type":"VEHICLE","velocity":{"y":0,"x":0,"z":0}}],[{"acceleration":{"y":0,"x":0,"z":0},"position":{"y":4182683.72,"x":553059.46,"z":10.13},"volume":11.61,"type":"VEHICLE","velocity":{"y":0,"x":0,"z":0}}],[{"acceleration":{"y":3.03,"x":0.62,"z":0},"position":{"y":4182688.64,"x":553060.76,"z":10.12},"volume":8.41,"type":"VEHICLE","velocity":{"y":1.94,"x":0.15,"z":0}},{"acceleration":{"y":0,"x":0,"z":0},"position":{"y":4182688.25,"x":553029.57,"z":10.7},"volume":0.91,"type":"VEHICLE","velocity":{"y":0.06,"x":-0.54,"z":0}}]],"action_description":"NPC vehicle (SUV) driving on the left lane","ev_state":[174.22883605957,10.1245555877686,201.156845092773,0,0,0.200000002980232,12,-1,0.00843994691967964,270.291595458984,-0.000933699891902506,4.013255328489118],"collision_probability":0}
 timestamp= 1619780636000 [RUN] Validate G1 Guard Condition: 
The ego vehicle E Detection.Collision == True.
 timestamp= 1619780636000 [RES] Global Validate result: 
false
 timestamp= 1619780636000 [RUN] Validate G2 Guard Condition: 
The ego vehicle E Detection.OffRoad == True.
 timestamp= 1619780636000 [RES] Global Validate result: 
false
 timestamp= 1619780636000 [RUN] Validate G3 Guard Condition: 
The ego vehicle E Detection.HardBrake == True.
 timestamp= 1619780636000 [RES] Global Validate result: 
false
 timestamp= 1619780636000 [RUN] Validate G4 Guard Condition: 
The ego vehicle E Detection.ArrivalTest == True.
 timestamp= 1619780636000 [RES] Global Validate result: 
false
 timestamp= 1619780636000 [RUN] Validate step: 
The test system VALIDATES THAT the Apollo A Status.GetControl is nearly equal to {"acceleration": 0.13, "throttle": 15.7, "steering_target": 0.13, "brake": 0.0, "steering_rate": 100.0, "speed": 4.09}
 timestamp= 1619780636000 [RES] Validate result: 
true
 timestamp= 1619780636000 [RUN] Generate steps
 timestamp= 1619780636000 [RUN] Validate step: 
The test system VALIDATES THAT the simulator S Status.GetEnvironment is nearly equal to {"x": 174.23, "y": 10.12, "z": 201.16, "rain": 0.0, "fog": 0.0, "wetness": 0.2, "timeofday": 12.0, "signal": -1.0, "rx": 0.01, "ry": 270.29, "rz": -0.0, "speed": 4.01}
 timestamp= 1619780636000 [RES] Validate result: 
true
 timestamp= 1619780636000 [RUN] Execute API step: 
The environment controller C INVOKES API Control.Agents.NPCVehicle.NPCVehicleMaintainLane(which_lane=Left_Lane&which_car=Sedan).
 timestamp= 1619780640000 [RES] API result: 
{"pose_arr":[{"vx":0.02,"ay":-0.52,"az":9.83,"ax":-0.01,"pz":10.12,"vy":0.02,"px":553049.32,"py":4182687.17},{"vx":0.01,"ay":-1.12,"az":9.82,"ax":0,"pz":10.13,"vy":0.01,"px":553046.99,"py":4182687.18},{"vx":0.01,"ay":-0.9,"az":9.81,"ax":0,"pz":10.13,"vy":0.01,"px":553044.97,"py":4182687.19},{"vx":0.02,"ay":-0.62,"az":9.81,"ax":-0.01,"pz":10.13,"vy":0.02,"px":553043.39,"py":4182687.2},{"vx":0.01,"ay":-0.52,"az":9.81,"ax":-0.01,"pz":10.13,"vy":0.01,"px":553042.4,"py":4182687.2},{"vx":0.01,"ay":-0.48,"az":9.81,"ax":0,"pz":10.13,"vy":0.01,"px":553040.78,"py":4182687.21},{"vx":0.01,"ay":-0.47,"az":9.81,"ax":0,"pz":10.13,"vy":0.01,"px":553039.74,"py":4182687.22}],"traffic_light":[3,3,3,1,3],"state_arr":[{"acceleration":-0.73,"throttle":0,"steering_target":0.15,"brake":16.82,"steering_rate":100,"speed":4.01},{"acceleration":-1.16,"throttle":0,"steering_target":0.03,"brake":22.36,"steering_rate":100,"speed":3.55},{"acceleration":-1,"throttle":0,"steering_target":0.19,"brake":20.62,"steering_rate":100,"speed":2.97},{"acceleration":-0.63,"throttle":0,"steering_target":-0.54,"brake":15.86,"steering_rate":100,"speed":2.47},{"acceleration":-0.49,"throttle":0,"steering_target":-0.22,"brake":14.5,"steering_rate":100,"speed":2.13},{"acceleration":-0.52,"throttle":0,"steering_target":-0.05,"brake":14.5,"steering_rate":100,"speed":1.81},{"acceleration":-0.44,"throttle":0,"steering_target":-0.06,"brake":14.5,"steering_rate":100,"speed":1.57},{"acceleration":0.21,"throttle":15.7,"steering_target":0.13,"brake":0,"steering_rate":100,"speed":1.33}],"obstacle_arr":[[{"acceleration":{"y":3.62,"x":1.35,"z":0},"position":{"y":4182691.34,"x":553062.15,"z":10.12},"volume":12.23,"type":"VEHICLE","velocity":{"y":4.1,"x":0.82,"z":0}},{"acceleration":{"y":0.09,"x":-0.2,"z":0},"position":{"y":4182688.24,"x":553028.84,"z":10.8},"volume":1.68,"type":"VEHICLE","velocity":{"y":0.11,"x":-0.63,"z":0}}],[{"acceleration":{"y":3.7,"x":1.44,"z":0},"position":{"y":4182695.61,"x":553063.84,"z":10.31},"volume":9.78,"type":"VEHICLE","velocity":{"y":6.32,"x":1.69,"z":0}},{"acceleration":{"y":-0.4,"x":0.1,"z":0},"position":{"y":4182687.96,"x":553027.88,"z":10.43},"volume":4.71,"type":"VEHICLE","velocity":{"y":-0.15,"x":-0.62,"z":0}},{"acceleration":{"y":0,"x":0,"z":0},"position":{"y":4182681.3,"x":553047.83,"z":10.13},"volume":10,"type":"VEHICLE","velocity":{"y":0,"x":0,"z":0}}],[{"acceleration":{"y":3.55,"x":2.05,"z":0},"position":{"y":4182702.49,"x":553066.44,"z":10.64},"volume":8.6,"type":"VEHICLE","velocity":{"y":8.85,"x":3.03,"z":0}},{"acceleration":{"y":0.07,"x":0.36,"z":0},"position":{"y":4182687.93,"x":553027.35,"z":10.67},"volume":1.23,"type":"VEHICLE","velocity":{"y":0,"x":0,"z":0}},{"acceleration":{"y":-0.01,"x":0,"z":0},"position":{"y":4182682.08,"x":553046.74,"z":10.39},"volume":5.72,"type":"VEHICLE","velocity":{"y":1.48,"x":-0.86,"z":0}}],[{"acceleration":{"y":3.45,"x":1.55,"z":0},"position":{"y":4182707.54,"x":553068.23,"z":10.43},"volume":5.66,"type":"VEHICLE","velocity":{"y":11.92,"x":4.68,"z":0}},{"acceleration":{"y":0,"x":0.01,"z":0},"position":{"y":4182688.04,"x":553025.9,"z":10.42},"volume":7.04,"type":"VEHICLE","velocity":{"y":0,"x":0,"z":0}},{"acceleration":{"y":-1.91,"x":1.1,"z":0},"position":{"y":4182681.93,"x":553046.81,"z":10.13},"volume":7.59,"type":"VEHICLE","velocity":{"y":0,"x":0,"z":0}}],[{"acceleration":{"y":0,"x":0,"z":0},"position":{"y":4182688.02,"x":553026.5,"z":10.56},"volume":3.62,"type":"VEHICLE","velocity":{"y":0,"x":0,"z":0}},{"acceleration":{"y":-0.21,"x":0.12,"z":0},"position":{"y":4182682.66,"x":553047.05,"z":10.12},"volume":9.91,"type":"VEHICLE","velocity":{"y":0,"x":0,"z":0}}],[{"acceleration":{"y":0,"x":0,"z":0},"position":{"y":4182688.01,"x":553026.27,"z":10.72},"volume":2.56,"type":"VEHICLE","velocity":{"y":0,"x":0,"z":0}},{"acceleration":{"y":-0.03,"x":0.02,"z":0},"position":{"y":4182685.67,"x":553046.96,"z":10.38},"volume":7.48,"type":"VEHICLE","velocity":{"y":0,"x":0,"z":0}},{"acceleration":{"y":0,"x":0,"z":0},"position":{"y":4182708.98,"x":553066.87,"z":10.3},"volume":7.09,"type":"VEHICLE","velocity":{"y":0,"x":0,"z":0}}]],"action_description":"NPC vehicle (Sedan) driving on the left lane","ev_state":[164.278915405273,10.1247940063477,201.20817565918,0,0,0.200000002980232,12,-1,0.028872037306428,270.381011962891,0.0000173689586517867,1.333951929646897],"collision_probability":0}
 timestamp= 1619780640000 [RUN] Validate G1 Guard Condition: 
The ego vehicle E Detection.Collision == True.
 timestamp= 1619780640000 [RES] Global Validate result: 
false
 timestamp= 1619780640000 [RUN] Validate G2 Guard Condition: 
The ego vehicle E Detection.OffRoad == True.
 timestamp= 1619780640000 [RES] Global Validate result: 
false
 timestamp= 1619780640000 [RUN] Validate G3 Guard Condition: 
The ego vehicle E Detection.HardBrake == True.
 timestamp= 1619780640000 [RES] Global Validate result: 
false
 timestamp= 1619780640000 [RUN] Validate G4 Guard Condition: 
The ego vehicle E Detection.ArrivalTest == True.
 timestamp= 1619780640000 [RES] Global Validate result: 
false
 timestamp= 1619780640000 [RUN] Validate step: 
The test system VALIDATES THAT the Apollo A Status.GetControl is nearly equal to {"acceleration": 0.21, "throttle": 15.7, "steering_target": 0.13, "brake": 0.0, "steering_rate": 100.0, "speed": 1.33}
 timestamp= 1619780640000 [RES] Validate result: 
true
 timestamp= 1619780640000 [RUN] Generate steps
 timestamp= 1619780640000 [RUN] Validate step: 
The test system VALIDATES THAT the simulator S Status.GetEnvironment is nearly equal to {"x": 164.28, "y": 10.12, "z": 201.21, "rain": 0.0, "fog": 0.0, "wetness": 0.2, "timeofday": 12.0, "signal": -1.0, "rx": 0.03, "ry": 270.38, "rz": 0.0, "speed": 1.33}
 timestamp= 1619780640000 [RES] Validate result: 
true
 timestamp= 1619780640000 [RUN] Execute API step: 
The environment controller C INVOKES API Control.Agents.NPCVehicle.NPCVehicleMaintainLane(which_lane=Left_Lane&which_car=Hatchback).
 timestamp= 1619780644000 [RES] API result: 
{"pose_arr":[{"vx":0.01,"ay":3.49,"az":9.79,"ax":0.02,"pz":10.12,"vy":0.01,"px":553039.21,"py":4182687.22},{"vx":0.01,"ay":0.28,"az":9.82,"ax":0,"pz":10.12,"vy":0.01,"px":553037.64,"py":4182687.23},{"vx":0.01,"ay":0.42,"az":9.81,"ax":0.01,"pz":10.12,"vy":0.01,"px":553035.84,"py":4182687.24},{"vx":0,"ay":0.56,"az":9.83,"ax":0,"pz":10.12,"vy":0,"px":553033.57,"py":4182687.24},{"vx":0,"ay":0.63,"az":9.81,"ax":0,"pz":10.12,"vy":0,"px":553031.04,"py":4182687.24},{"vx":-0.01,"ay":0.65,"az":9.81,"ax":0,"pz":10.12,"vy":-0.01,"px":553028.75,"py":4182687.24},{"vx":-0.01,"ay":0.57,"az":9.81,"ax":0,"pz":10.12,"vy":-0.01,"px":553025.85,"py":4182687.24}],"traffic_light":[3,1,3,3,3,3],"state_arr":[{"acceleration":-0.12,"throttle":0,"steering_target":0.57,"brake":14.5,"steering_rate":100,"speed":2.48},{"acceleration":-0.27,"throttle":0,"steering_target":0.43,"brake":14.5,"steering_rate":100,"speed":2.85},{"acceleration":0.5,"throttle":18.92,"steering_target":0.25,"brake":0,"steering_rate":100,"speed":3.01},{"acceleration":0.69,"throttle":28.24,"steering_target":0.2,"brake":0,"steering_rate":100,"speed":3.8},{"acceleration":0.87,"throttle":26.43,"steering_target":0.22,"brake":0,"steering_rate":100,"speed":4.07},{"acceleration":0.71,"throttle":22.65,"steering_target":0.2,"brake":0,"steering_rate":100,"speed":4.49},{"acceleration":0.76,"throttle":23.35,"steering_target":0.11,"brake":0,"steering_rate":100,"speed":4.82}],"obstacle_arr":[[{"acceleration":{"y":0.08,"x":-2.28,"z":0},"position":{"y":4182688.09,"x":553021.28,"z":10.09},"volume":7.14,"type":"VEHICLE","velocity":{"y":0.06,"x":-1.72,"z":0}},{"acceleration":{"y":4.1,"x":1.02,"z":0},"position":{"y":4182693.14,"x":553048.13,"z":10.35},"volume":15.12,"type":"VEHICLE","velocity":{"y":3.85,"x":0.89,"z":0}}],[{"acceleration":{"y":-0.35,"x":-2.47,"z":0},"position":{"y":4182687.98,"x":553017.66,"z":10.24},"volume":1.59,"type":"VEHICLE","velocity":{"y":-0.25,"x":-3.51,"z":0}},{"acceleration":{"y":5.71,"x":1.94,"z":0},"position":{"y":4182699.05,"x":553049.98,"z":10.36},"volume":7.4,"type":"VEHICLE","velocity":{"y":8.14,"x":2.55,"z":0}},{"acceleration":{"y":0.02,"x":-0.01,"z":0},"position":{"y":4182681.09,"x":553038.12,"z":10.11},"volume":9.85,"type":"VEHICLE","velocity":{"y":1.41,"x":-0.83,"z":0}},{"acceleration":{"y":0,"x":0,"z":0},"position":{"y":4182709.77,"x":553065.35,"z":11.03},"volume":3.55,"type":"VEHICLE","velocity":{"y":0,"x":0,"z":0}}],[{"acceleration":{"y":-0.05,"x":-2.23,"z":0},"position":{"y":4182688.09,"x":553010.64,"z":10.34},"volume":6.08,"type":"VEHICLE","velocity":{"y":-0.48,"x":-4.85,"z":0}},{"acceleration":{"y":4.76,"x":1.41,"z":0},"position":{"y":4182704.63,"x":553051.79,"z":10.36},"volume":6.69,"type":"VEHICLE","velocity":{"y":11.26,"x":3.32,"z":0}},{"acceleration":{"y":-1.23,"x":0.72,"z":0},"position":{"y":4182681.53,"x":553037.72,"z":10.38},"volume":6.8,"type":"VEHICLE","velocity":{"y":0,"x":0,"z":0}},{"acceleration":{"y":0,"x":0,"z":0},"position":{"y":4182710.13,"x":553064.66,"z":11},"volume":3.03,"type":"VEHICLE","velocity":{"y":0,"x":0,"z":0}}],[{"acceleration":{"y":2.36,"x":0.98,"z":0},"position":{"y":4182710.24,"x":553053.45,"z":10.59},"volume":4,"type":"VEHICLE","velocity":{"y":11.93,"x":3.8,"z":0}},{"acceleration":{"y":-0.17,"x":0.1,"z":0},"position":{"y":4182681.54,"x":553037.73,"z":10.13},"volume":9.08,"type":"VEHICLE","velocity":{"y":0,"x":0,"z":0}},{"acceleration":{"y":0,"x":0,"z":0},"position":{"y":4182710.08,"x":553064.15,"z":11.05},"volume":2.14,"type":"VEHICLE","velocity":{"y":0,"x":0,"z":0}}],[{"acceleration":{"y":-0.01,"x":0.01,"z":0},"position":{"y":4182681.57,"x":553037.22,"z":10.12},"volume":9.22,"type":"VEHICLE","velocity":{"y":0,"x":0,"z":0}},{"acceleration":{"y":0,"x":0,"z":0},"position":{"y":4182711.31,"x":553063.11,"z":10.85},"volume":3.9,"type":"VEHICLE","velocity":{"y":0,"x":0,"z":0}},{"acceleration":{"y":0,"x":-0.02,"z":0},"position":{"y":4182689.85,"x":552999.09,"z":10.41},"volume":4.23,"type":"VEHICLE","velocity":{"y":0.5,"x":-1.92,"z":0}}],[{"acceleration":{"y":0,"x":0,"z":0},"position":{"y":4182683.12,"x":553038.06,"z":10.12},"volume":8.55,"type":"VEHICLE","velocity":{"y":0,"x":0,"z":0}},{"acceleration":{"y":0,"x":0,"z":0},"position":{"y":4182711.37,"x":553063.58,"z":10.86},"volume":3.47,"type":"VEHICLE","velocity":{"y":0,"x":0,"z":0}}],[{"acceleration":{"y":3.56,"x":1.36,"z":0},"position":{"y":4182689.35,"x":553039.64,"z":10.14},"volume":7.2,"type":"VEHICLE","velocity":{"y":3.36,"x":1.32,"z":0}}]],"action_description":"NPC vehicle (Hatchback) driving on the left lane","ev_state":[150.087615966797,10.1244277954102,201.216506958008,0,0,0.200000002980232,12,-1,359.963226318359,269.878295898438,-0.00152973597869277,5.026041688427942],"collision_probability":0}
 timestamp= 1619780644000 [RUN] Validate G1 Guard Condition: 
The ego vehicle E Detection.Collision == True.
 timestamp= 1619780644000 [RES] Global Validate result: 
false
 timestamp= 1619780644000 [RUN] Validate G2 Guard Condition: 
The ego vehicle E Detection.OffRoad == True.
 timestamp= 1619780644000 [RES] Global Validate result: 
false
 timestamp= 1619780644000 [RUN] Validate G3 Guard Condition: 
The ego vehicle E Detection.HardBrake == True.
 timestamp= 1619780644000 [RES] Global Validate result: 
false
 timestamp= 1619780644000 [RUN] Validate G4 Guard Condition: 
The ego vehicle E Detection.ArrivalTest == True.
 timestamp= 1619780644000 [RES] Global Validate result: 
false
 timestamp= 1619780644000 [RUN] Validate step: 
The test system VALIDATES THAT the Apollo A Status.GetControl is nearly equal to {"acceleration": 0.76, "throttle": 23.35, "steering_target": 0.11, "brake": 0.0, "steering_rate": 100.0, "speed": 4.82}
 timestamp= 1619780644000 [RES] Validate result: 
true
 timestamp= 1619780644000 [RUN] Generate steps
 timestamp= 1619780644000 [RUN] Validate step: 
The test system VALIDATES THAT the simulator S Status.GetEnvironment is nearly equal to {"x": 150.09, "y": 10.12, "z": 201.22, "rain": 0.0, "fog": 0.0, "wetness": 0.2, "timeofday": 12.0, "signal": -1.0, "rx": 359.96, "ry": 269.88, "rz": -0.0, "speed": 5.03}
 timestamp= 1619780644000 [RES] Validate result: 
true
 timestamp= 1619780644000 [RUN] Execute API step: 
The environment controller C INVOKES API Control.Agents.NPCVehicle.NPCVehicleMaintainLane(which_lane=Left_Lane&which_car=SUV).
 timestamp= 1619780648000 [RES] API result: 
{"pose_arr":[{"vx":-0.01,"ay":0.26,"az":9.81,"ax":0,"pz":10.12,"vy":-0.01,"px":553023.85,"py":4182687.24},{"vx":-0.01,"ay":0.43,"az":9.81,"ax":0.01,"pz":10.12,"vy":-0.01,"px":553020.86,"py":4182687.23},{"vx":-0.01,"ay":0.41,"az":9.81,"ax":0.01,"pz":10.12,"vy":-0.01,"px":553017.79,"py":4182687.22},{"vx":0,"ay":0.26,"az":9.82,"ax":0,"pz":10.12,"vy":0,"px":553014.54,"py":4182687.22},{"vx":0.03,"ay":0,"az":9.81,"ax":0,"pz":10.12,"vy":0.03,"px":553011.84,"py":4182687.22},{"vx":0.6,"ay":0.24,"az":9.81,"ax":0.03,"pz":10.12,"vy":0.6,"px":553007.74,"py":4182687.32},{"vx":1.54,"ay":0.22,"az":9.8,"ax":0.08,"pz":10.13,"vy":1.54,"px":553004.05,"py":4182687.85}],"traffic_light":[3,3,0,0,0,0],"state_arr":[{"acceleration":0.12,"throttle":15.7,"steering_target":0.02,"brake":0,"steering_rate":100,"speed":5.03},{"acceleration":0.51,"throttle":19.17,"steering_target":-0.02,"brake":0,"steering_rate":100,"speed":5.16},{"acceleration":0.52,"throttle":19.43,"steering_target":-0.09,"brake":0,"steering_rate":100,"speed":5.36},{"acceleration":0.24,"throttle":15.7,"steering_target":-0.2,"brake":0,"steering_rate":100,"speed":5.58},{"acceleration":0.09,"throttle":15.7,"steering_target":-0.35,"brake":0,"steering_rate":100,"speed":5.71},{"acceleration":0.14,"throttle":15.7,"steering_target":-5.14,"brake":0,"steering_rate":100,"speed":5.58},{"acceleration":-0.09,"throttle":0,"steering_target":-17.23,"brake":14.5,"steering_rate":100,"speed":5.61},{"acceleration":0.08,"throttle":15.7,"steering_target":-21.02,"brake":0,"steering_rate":100,"speed":5.37}],"obstacle_arr":[[{"acceleration":{"y":4.29,"x":1.8,"z":0},"position":{"y":4182694.09,"x":553042.06,"z":10.34},"volume":6.63,"type":"VEHICLE","velocity":{"y":6.04,"x":2.58,"z":0}},{"acceleration":{"y":0,"x":0,"z":0},"position":{"y":4182667.12,"x":553001.88,"z":10.47},"volume":2.31,"type":"VEHICLE","velocity":{"y":0,"x":0,"z":0}}],[{"acceleration":{"y":3.68,"x":0.82,"z":0},"position":{"y":4182698.61,"x":553043.91,"z":10.88},"volume":2.37,"type":"VEHICLE","velocity":{"y":8.98,"x":3.32,"z":0}},{"acceleration":{"y":0,"x":0,"z":0},"position":{"y":4182704.34,"x":552981.62,"z":10.76},"volume":1.81,"type":"VEHICLE","velocity":{"y":1.33,"x":-0.79,"z":0}},{"acceleration":{"y":0,"x":0,"z":0},"position":{"y":4182680.83,"x":553024.03,"z":10.43},"volume":10.62,"type":"VEHICLE","velocity":{"y":0,"x":0,"z":0}}],[{"acceleration":{"y":-0.01,"x":0,"z":0},"position":{"y":4182681.8,"x":553023.55,"z":10.44},"volume":6.67,"type":"VEHICLE","velocity":{"y":0.99,"x":-0.98,"z":0}}],[{"acceleration":{"y":-1.35,"x":1.35,"z":0},"position":{"y":4182681.79,"x":553024.25,"z":10.43},"volume":11.41,"type":"VEHICLE","velocity":{"y":0,"x":0,"z":0}},{"acceleration":{"y":0,"x":0,"z":0},"position":{"y":4182667.11,"x":553009.97,"z":10.67},"volume":2.12,"type":"UNKNOWN","velocity":{"y":0,"x":0,"z":0}}],[{"acceleration":{"y":-0.33,"x":0.31,"z":0},"position":{"y":4182684.01,"x":553023.19,"z":10.48},"volume":8.36,"type":"VEHICLE","velocity":{"y":0,"x":0,"z":0}}],[{"acceleration":{"y":2,"x":0.76,"z":0},"position":{"y":4182688.47,"x":553025.14,"z":10.51},"volume":5.31,"type":"VEHICLE","velocity":{"y":1.52,"x":0.51,"z":0}},{"acceleration":{"y":0,"x":0.02,"z":0},"position":{"y":4182691.69,"x":553011.66,"z":10.57},"volume":0.32,"type":"PEDESTRIAN","velocity":{"y":-0.03,"x":1.36,"z":0}},{"acceleration":{"y":0,"x":0,"z":0},"position":{"y":4182692.23,"x":553011.3,"z":10.66},"volume":0,"type":"PEDESTRIAN","velocity":{"y":0,"x":0,"z":0}},{"acceleration":{"y":0,"x":0,"z":0},"position":{"y":4182667.68,"x":553001.87,"z":10.59},"volume":0.01,"type":"VEHICLE","velocity":{"y":0,"x":0,"z":0}}],[{"acceleration":{"y":1.68,"x":1.06,"z":0},"position":{"y":4182690.31,"x":553026.47,"z":10.49},"volume":4.27,"type":"VEHICLE","velocity":{"y":2.81,"x":1.02,"z":0}},{"acceleration":{"y":0,"x":-0.01,"z":0},"position":{"y":4182666.72,"x":553003.16,"z":10.65},"volume":8.12,"type":"VEHICLE","velocity":{"y":0.04,"x":-1.18,"z":0}},{"acceleration":{"y":0,"x":0,"z":0},"position":{"y":4182667,"x":553010.31,"z":11.14},"volume":1.34,"type":"VEHICLE","velocity":{"y":0,"x":0,"z":0}},{"acceleration":{"y":0,"x":0,"z":0},"position":{"y":4182691.2,"x":553005.86,"z":10.47},"volume":7.72,"type":"VEHICLE","velocity":{"y":0,"x":0,"z":0}}]],"action_description":"NPC vehicle (SUV) driving on the left lane","ev_state":[128.351608276367,10.1243715286255,202.276138305664,0,0,0.200000002980232,12,-1,0.0245326384902,285.040740966797,0.373838692903519,5.256919659703951],"collision_probability":0}
 timestamp= 1619780648000 [RUN] Validate G1 Guard Condition: 
The ego vehicle E Detection.Collision == True.
 timestamp= 1619780648000 [RES] Global Validate result: 
false
 timestamp= 1619780648000 [RUN] Validate G2 Guard Condition: 
The ego vehicle E Detection.OffRoad == True.
 timestamp= 1619780648000 [RES] Global Validate result: 
false
 timestamp= 1619780648000 [RUN] Validate G3 Guard Condition: 
The ego vehicle E Detection.HardBrake == True.
 timestamp= 1619780648000 [RES] Global Validate result: 
false
 timestamp= 1619780648000 [RUN] Validate G4 Guard Condition: 
The ego vehicle E Detection.ArrivalTest == True.
 timestamp= 1619780648000 [RES] Global Validate result: 
false
 timestamp= 1619780648000 [RUN] Validate step: 
The test system VALIDATES THAT the Apollo A Status.GetControl is nearly equal to {"acceleration": 0.08, "throttle": 15.7, "steering_target": -21.02, "brake": 0.0, "steering_rate": 100.0, "speed": 5.37}
 timestamp= 1619780648000 [RES] Validate result: 
true
 timestamp= 1619780648000 [RUN] Generate steps
 timestamp= 1619780648000 [RUN] Validate step: 
The test system VALIDATES THAT the simulator S Status.GetEnvironment is nearly equal to {"x": 128.35, "y": 10.12, "z": 202.28, "rain": 0.0, "fog": 0.0, "wetness": 0.2, "timeofday": 12.0, "signal": -1.0, "rx": 0.02, "ry": 285.04, "rz": 0.37, "speed": 5.26}
 timestamp= 1619780648000 [RES] Validate result: 
true
 timestamp= 1619780648000 [RUN] Execute API step: 
The environment controller C INVOKES API Control.Agents.NPCVehicle.NPCVehicleMaintainLane(which_lane=Left_Lane&which_car=Jeep).
 timestamp= 1619780652000 [RES] API result: 
{"pose_arr":[{"vx":2.03,"ay":0.2,"az":9.8,"ax":0.09,"pz":10.12,"vy":2.03,"px":553002.48,"py":4182688.28},{"vx":2.76,"ay":0.46,"az":9.8,"ax":0.24,"pz":10.12,"vy":2.76,"px":552999.29,"py":4182689.67},{"vx":3.74,"ay":3.92,"az":9.74,"ax":2.48,"pz":10.12,"vy":3.74,"px":552996.57,"py":4182691.24},{"vx":4.51,"ay":0.3,"az":9.83,"ax":0.01,"pz":10.12,"vy":4.51,"px":552992.51,"py":4182694.12},{"vx":4.73,"ay":0.18,"az":9.81,"ax":0.15,"pz":10.12,"vy":4.73,"px":552988.54,"py":4182697.28},{"vx":4.85,"ay":0.18,"az":9.81,"ax":0.15,"pz":10.12,"vy":4.85,"px":552985.35,"py":4182699.92},{"vx":4.91,"ay":0.18,"az":9.81,"ax":0.15,"pz":10.12,"vy":4.91,"px":552981.44,"py":4182703.15}],"traffic_light":[0,0,0,0,0,0,0],"state_arr":[{"acceleration":0.21,"throttle":15.7,"steering_target":-24.39,"brake":0,"steering_rate":100,"speed":5.26},{"acceleration":1.07,"throttle":15.7,"steering_target":-13.55,"brake":0,"steering_rate":100,"speed":5.37},{"acceleration":1.44,"throttle":73.75,"steering_target":-10.02,"brake":0,"steering_rate":100,"speed":5.84},{"acceleration":0.22,"throttle":15.7,"steering_target":-5.82,"brake":0,"steering_rate":100,"speed":7.18},{"acceleration":0.36,"throttle":15.7,"steering_target":-2.29,"brake":0,"steering_rate":100,"speed":7.33},{"acceleration":0.34,"throttle":16.7,"steering_target":-0.95,"brake":0,"steering_rate":100,"speed":7.44},{"acceleration":0.23,"throttle":15.7,"steering_target":0.39,"brake":0,"steering_rate":100,"speed":7.6},{"acceleration":0.25,"throttle":15.7,"steering_target":0.81,"brake":0,"steering_rate":100,"speed":7.72}],"obstacle_arr":[[{"acceleration":{"y":-0.16,"x":-0.11,"z":0},"position":{"y":4182666.69,"x":553001.82,"z":11.09},"volume":5.3,"type":"VEHICLE","velocity":{"y":-0.13,"x":-1.31,"z":0}}],[{"acceleration":{"y":0,"x":-0.01,"z":0},"position":{"y":4182681.94,"x":552999.4,"z":10.4},"volume":9.51,"type":"VEHICLE","velocity":{"y":0,"x":0,"z":0}}],[{"acceleration":{"y":0,"x":-0.01,"z":0},"position":{"y":4182683.72,"x":552995.27,"z":10.44},"volume":6.72,"type":"VEHICLE","velocity":{"y":0,"x":0,"z":0}}],[{"acceleration":{"y":0,"x":-0.01,"z":0},"position":{"y":4182684.3,"x":552989.04,"z":10.52},"volume":7.36,"type":"VEHICLE","velocity":{"y":0.01,"x":-0.11,"z":0}}],[{"acceleration":{"y":0,"x":-0.01,"z":0},"position":{"y":4182684.48,"x":552984.16,"z":10.42},"volume":8.89,"type":"VEHICLE","velocity":{"y":0.02,"x":-0.37,"z":0}}],[{"acceleration":{"y":0,"x":0,"z":0},"position":{"y":4182684.57,"x":552979.48,"z":10.43},"volume":8.6,"type":"VEHICLE","velocity":{"y":0.01,"x":-0.78,"z":0}}],[]],"action_description":"NPC vehicle (Jeep) driving on the left lane","ev_state":[106.414833068848,10.1239166259766,217.980926513672,0,0,0.200000002980232,12,-1,359.984619140625,309.313415527344,359.97607421875,7.755382398034143],"collision_probability":0}
 timestamp= 1619780652000 [RUN] Validate G1 Guard Condition: 
The ego vehicle E Detection.Collision == True.
 timestamp= 1619780652000 [RES] Global Validate result: 
false
 timestamp= 1619780652000 [RUN] Validate G2 Guard Condition: 
The ego vehicle E Detection.OffRoad == True.
 timestamp= 1619780652000 [RES] Global Validate result: 
false
 timestamp= 1619780652000 [RUN] Validate G3 Guard Condition: 
The ego vehicle E Detection.HardBrake == True.
 timestamp= 1619780652000 [RES] Global Validate result: 
false
 timestamp= 1619780652000 [RUN] Validate G4 Guard Condition: 
The ego vehicle E Detection.ArrivalTest == True.
 timestamp= 1619780652000 [RES] Global Validate result: 
false
 timestamp= 1619780652000 [RUN] Validate step: 
The test system VALIDATES THAT the Apollo A Status.GetControl is nearly equal to {"acceleration": 0.25, "throttle": 15.7, "steering_target": 0.81, "brake": 0.0, "steering_rate": 100.0, "speed": 7.72}
 timestamp= 1619780652000 [RES] Validate result: 
true
 timestamp= 1619780652000 [RUN] Generate steps
 timestamp= 1619780652000 [RUN] Validate step: 
The test system VALIDATES THAT the simulator S Status.GetEnvironment is nearly equal to {"x": 106.41, "y": 10.12, "z": 217.98, "rain": 0.0, "fog": 0.0, "wetness": 0.2, "timeofday": 12.0, "signal": -1.0, "rx": 359.98, "ry": 309.31, "rz": 359.98, "speed": 7.76}
 timestamp= 1619780652000 [RES] Validate result: 
true
 timestamp= 1619780652000 [RUN] Execute API step: 
The environment controller C INVOKES API Control.Agents.Pedestrians.WalkRandomly(which_lane=Right_Lane).
 timestamp= 1619780655000 [RES] API result: 
{"pose_arr":[{"vx":4.91,"ay":0.18,"az":9.81,"ax":0.14,"pz":10.12,"vy":4.91,"px":552979.48,"py":4182704.75},{"vx":4.95,"ay":0.18,"az":9.81,"ax":0.14,"pz":10.12,"vy":4.95,"px":552976,"py":4182707.54},{"vx":5.04,"ay":0.37,"az":9.81,"ax":0.27,"pz":10.12,"vy":5.04,"px":552973,"py":4182709.91},{"vx":5.11,"ay":0.23,"az":9.81,"ax":0.2,"pz":10.12,"vy":5.11,"px":552968.9,"py":4182713.09},{"vx":5.18,"ay":0.17,"az":9.82,"ax":0.13,"pz":10.12,"vy":5.18,"px":552964.55,"py":4182716.42},{"vx":5.19,"ay":0.17,"az":9.81,"ax":0.12,"pz":10.12,"vy":5.19,"px":552960.95,"py":4182719.15},{"vx":5.24,"ay":-0.5,"az":9.83,"ax":-0.38,"pz":10.12,"vy":5.24,"px":552955.91,"py":4182722.92}],"traffic_light":[1,3,3,3,3],"state_arr":[{"acceleration":0.69,"throttle":15.7,"steering_target":1.29,"brake":0,"steering_rate":100,"speed":7.79},{"acceleration":0.64,"throttle":15.7,"steering_target":0.35,"brake":0,"steering_rate":100,"speed":7.91},{"acceleration":0.6,"throttle":21.2,"steering_target":1.09,"brake":0,"steering_rate":100,"speed":8.06},{"acceleration":0.43,"throttle":18.06,"steering_target":0.3,"brake":0,"steering_rate":100,"speed":8.35},{"acceleration":0.12,"throttle":15.7,"steering_target":0.46,"brake":0,"steering_rate":100,"speed":8.51},{"acceleration":0.1,"throttle":15.7,"steering_target":1.11,"brake":0,"steering_rate":100,"speed":8.62},{"acceleration":-0.13,"throttle":0,"steering_target":-0.64,"brake":14.5,"steering_rate":100,"speed":8.75},{"acceleration":-0.06,"throttle":0,"steering_target":0.62,"brake":14.5,"steering_rate":100,"speed":8.65}],"obstacle_arr":[[{"acceleration":{"y":0,"x":-0.01,"z":0},"position":{"y":4182683.08,"x":552956.6,"z":11.12},"volume":0.17,"type":"VEHICLE","velocity":{"y":0,"x":0,"z":0}}],[],[],[{"acceleration":{"y":0,"x":0,"z":0},"position":{"y":4182718.18,"x":552968.56,"z":10.34},"volume":0.54,"type":"PEDESTRIAN","velocity":{"y":0,"x":0,"z":0}}],[{"acceleration":{"y":0,"x":0,"z":0},"position":{"y":4182717.46,"x":552969.17,"z":10.34},"volume":0.66,"type":"PEDESTRIAN","velocity":{"y":0,"x":0,"z":0}}],[],[]],"action_description":"Pedestrian crossing the road (right to left)","ev_state":[80.0119400024414,10.1237058639526,238.333435058594,0,0,0.200000002980232,12,1,0.0167616382241249,306.984405517578,0.0199445504695177,8.646322775694104],"collision_probability":0.142}
 timestamp= 1619780655000 [RUN] Validate G1 Guard Condition: 
The ego vehicle E Detection.Collision == True.
 timestamp= 1619780655000 [RES] Global Validate result: 
false
 timestamp= 1619780655000 [RUN] Validate G2 Guard Condition: 
The ego vehicle E Detection.OffRoad == True.
 timestamp= 1619780655000 [RES] Global Validate result: 
false
 timestamp= 1619780655000 [RUN] Validate G3 Guard Condition: 
The ego vehicle E Detection.HardBrake == True.
 timestamp= 1619780655000 [RES] Global Validate result: 
false
 timestamp= 1619780655000 [RUN] Validate G4 Guard Condition: 
The ego vehicle E Detection.ArrivalTest == True.
 timestamp= 1619780655000 [RES] Global Validate result: 
false
 timestamp= 1619780655000 [RUN] Validate step: 
The test system VALIDATES THAT the Apollo A Status.GetControl is nearly equal to {"acceleration": -0.06, "throttle": 0.0, "steering_target": 0.62, "brake": 14.5, "steering_rate": 100.0, "speed": 8.65}
 timestamp= 1619780655000 [RES] Validate result: 
true
 timestamp= 1619780655000 [RUN] Generate steps
 timestamp= 1619780655000 [RUN] Validate step: 
The test system VALIDATES THAT the simulator S Status.GetEnvironment is nearly equal to {"x": 80.01, "y": 10.12, "z": 238.33, "rain": 0.0, "fog": 0.0, "wetness": 0.2, "timeofday": 12.0, "signal": 1.0, "rx": 0.02, "ry": 306.98, "rz": 0.02, "speed": 8.65}
 timestamp= 1619780655000 [RES] Validate result: 
true
 timestamp= 1619780655000 [RUN] Execute API step: 
The environment controller C INVOKES API Control.TimeOfDay(time_of_day=Morning).
 timestamp= 1619780660000 [RES] API result: 
{"pose_arr":[{"vx":5.2,"ay":0.17,"az":9.8,"ax":0.14,"pz":10.12,"vy":5.2,"px":552952.72,"py":4182725.31},{"vx":5.26,"ay":0.18,"az":9.8,"ax":0.12,"pz":10.12,"vy":5.26,"px":552949.25,"py":4182727.9},{"vx":5.32,"ay":0.17,"az":9.81,"ax":0.13,"pz":10.12,"vy":5.32,"px":552945.29,"py":4182730.86},{"vx":5.27,"ay":-0.54,"az":9.83,"ax":-0.33,"pz":10.12,"vy":5.27,"px":552941.66,"py":4182733.57},{"vx":5.26,"ay":0.18,"az":9.8,"ax":0.11,"pz":10.12,"vy":5.26,"px":552936.85,"py":4182737.19},{"vx":5.17,"ay":0.18,"az":9.8,"ax":0.12,"pz":10.12,"vy":5.17,"px":552932.8,"py":4182740.24},{"vx":5.26,"ay":0.16,"az":9.81,"ax":0.14,"pz":10.12,"vy":5.26,"px":552929.04,"py":4182743.08}],"traffic_light":[3,3,3,3,3,3,3],"state_arr":[{"acceleration":0.01,"throttle":15.7,"steering_target":0.15,"brake":0,"steering_rate":100,"speed":8.73},{"acceleration":0.14,"throttle":15.7,"steering_target":-0.35,"brake":0,"steering_rate":100,"speed":8.81},{"acceleration":-0.03,"throttle":0,"steering_target":0.11,"brake":14.5,"steering_rate":100,"speed":8.89},{"acceleration":-0.11,"throttle":0,"steering_target":-0.65,"brake":14.5,"steering_rate":100,"speed":8.74},{"acceleration":0.01,"throttle":15.7,"steering_target":0.61,"brake":0,"steering_rate":100,"speed":8.71},{"acceleration":-0.04,"throttle":0,"steering_target":-0.58,"brake":14.5,"steering_rate":100,"speed":8.59},{"acceleration":-0.04,"throttle":0,"steering_target":-0.07,"brake":14.5,"steering_rate":100,"speed":8.67},{"acceleration":-0.15,"throttle":0,"steering_target":0.17,"brake":14.5,"steering_rate":100,"speed":8.76}],"obstacle_arr":[[],[],[],[],[],[],[]],"action_description":"Evening","ev_state":[52.0649375915527,10.1236371994019,259.327392578125,0,0,0.200000002980232,10,1,359.985809326172,307.166320800781,-0.000532885605935007,8.758650520995076],"collision_probability":0}
 timestamp= 1619780660000 [RUN] Validate G1 Guard Condition: 
The ego vehicle E Detection.Collision == True.
 timestamp= 1619780660000 [RES] Global Validate result: 
false
 timestamp= 1619780660000 [RUN] Validate G2 Guard Condition: 
The ego vehicle E Detection.OffRoad == True.
 timestamp= 1619780660000 [RES] Global Validate result: 
false
 timestamp= 1619780660000 [RUN] Validate G3 Guard Condition: 
The ego vehicle E Detection.HardBrake == True.
 timestamp= 1619780660000 [RES] Global Validate result: 
false
 timestamp= 1619780660000 [RUN] Validate G4 Guard Condition: 
The ego vehicle E Detection.ArrivalTest == True.
 timestamp= 1619780660000 [RES] Global Validate result: 
false
 timestamp= 1619780660000 [RUN] Validate step: 
The test system VALIDATES THAT the Apollo A Status.GetControl is nearly equal to {"acceleration": -0.15, "throttle": 0.0, "steering_target": 0.17, "brake": 14.5, "steering_rate": 100.0, "speed": 8.76}
 timestamp= 1619780660000 [RES] Validate result: 
true
 timestamp= 1619780660000 [RUN] Generate steps
 timestamp= 1619780660000 [RUN] Validate step: 
The test system VALIDATES THAT the simulator S Status.GetEnvironment is nearly equal to {"x": 52.06, "y": 10.12, "z": 259.33, "rain": 0.0, "fog": 0.0, "wetness": 0.2, "timeofday": 10.0, "signal": 1.0, "rx": 359.99, "ry": 307.17, "rz": -0.0, "speed": 8.76}
 timestamp= 1619780660000 [RES] Validate result: 
true
 timestamp= 1619780660000 [RUN] Execute API step: 
The environment controller C INVOKES API Control.Agents.NPCVehicle.NPCVehicleSwitchLane(which_lane=Current_Lane&which_car=BoxTruck).
 timestamp= 1619780664000 [RES] API result: 
{"pose_arr":[{"vx":5.3,"ay":0.17,"az":9.83,"ax":0.15,"pz":10.12,"vy":5.3,"px":552926.39,"py":4182745.09},{"vx":5.39,"ay":0.19,"az":9.81,"ax":0.13,"pz":10.12,"vy":5.39,"px":552922.16,"py":4182748.29},{"vx":5.47,"ay":0.16,"az":9.81,"ax":0.13,"pz":10.12,"vy":5.47,"px":552918.19,"py":4182751.31},{"vx":4.99,"ay":-1.87,"az":9.84,"ax":-1.43,"pz":10.13,"vy":4.99,"px":552914.36,"py":4182754.22},{"vx":3.87,"ay":-3.23,"az":9.83,"ax":-2.47,"pz":10.13,"vy":3.87,"px":552911.13,"py":4182756.68},{"vx":2.75,"ay":-2.58,"az":9.8,"ax":-1.96,"pz":10.13,"vy":2.75,"px":552908.97,"py":4182758.33},{"vx":1.64,"ay":-2.57,"az":9.81,"ax":-1.96,"pz":10.13,"vy":1.64,"px":552907.2,"py":4182759.68},{"vx":0.78,"ay":-2.02,"az":9.81,"ax":-1.55,"pz":10.13,"vy":0.78,"px":552906.39,"py":4182760.29}],"traffic_light":[0,0,0,0,0,0,0],"state_arr":[{"acceleration":0.33,"throttle":16.11,"steering_target":-0.12,"brake":0,"steering_rate":100,"speed":8.83},{"acceleration":0.18,"throttle":15.7,"steering_target":-0.21,"brake":0,"steering_rate":100,"speed":8.94},{"acceleration":-1.19,"throttle":0,"steering_target":0.13,"brake":20.28,"steering_rate":100,"speed":9.02},{"acceleration":-3,"throttle":0,"steering_target":-0.3,"brake":38.57,"steering_rate":100,"speed":8.24},{"acceleration":-3.68,"throttle":0,"steering_target":0.05,"brake":44.76,"steering_rate":100,"speed":6.37},{"acceleration":-3.03,"throttle":0,"steering_target":0.08,"brake":40.32,"steering_rate":100,"speed":4.55},{"acceleration":-2.85,"throttle":0,"steering_target":-0.04,"brake":38.59,"steering_rate":100,"speed":2.74},{"acceleration":-2.19,"throttle":0,"steering_target":-0.01,"brake":33.15,"steering_rate":100,"speed":1.71}],"obstacle_arr":[[],[],[{"acceleration":{"y":0,"x":0,"z":0},"position":{"y":4182755.15,"x":552913.75,"z":10.43},"volume":19.8,"type":"VEHICLE","velocity":{"y":0,"x":0,"z":0}}],[{"acceleration":{"y":0,"x":0,"z":0},"position":{"y":4182757.65,"x":552910.21,"z":10.39},"volume":19.6,"type":"VEHICLE","velocity":{"y":0,"x":0,"z":0}}],[],[{"acceleration":{"y":0,"x":0,"z":0},"position":{"y":4182759.86,"x":552907.05,"z":10.62},"volume":0.07,"type":"VEHICLE","velocity":{"y":1.45,"x":-2.51,"z":0}}],[{"acceleration":{"y":0.03,"x":-0.03,"z":0},"position":{"y":4182762.45,"x":552903.15,"z":10.51},"volume":14.76,"type":"VEHICLE","velocity":{"y":3.16,"x":-4.43,"z":0}}],[{"acceleration":{"y":0.19,"x":-0.65,"z":0},"position":{"y":4182764.25,"x":552900.43,"z":10.38},"volume":21.86,"type":"VEHICLE","velocity":{"y":3.39,"x":-5.29,"z":0}}]],"action_description":"NPC vehicle (BoxTruck) switching lane (current to right)","ev_state":[31.3282260894775,10.1248579025269,275.10009765625,0,0,0.200000002980232,10,-1,0.164693742990494,307.348907470703,0.0000680687153362669,1.2622310950730113],"collision_probability":0}
 timestamp= 1619780664000 [RUN] Validate G1 Guard Condition: 
The ego vehicle E Detection.Collision == True.
 timestamp= 1619780664000 [RES] Global Validate result: 
false
 timestamp= 1619780664000 [RUN] Validate G2 Guard Condition: 
The ego vehicle E Detection.OffRoad == True.
 timestamp= 1619780664000 [RES] Global Validate result: 
false
 timestamp= 1619780664000 [RUN] Validate G3 Guard Condition: 
The ego vehicle E Detection.HardBrake == True.
 timestamp= 1619780664000 [RES] Global Validate result: 
true
 timestamp= 1619780664000 [RUN] HardBrake == True
 timestamp= 1619780664000 [RUN] RESUME STEP @preStep
 timestamp= 1619780664000 [RUN] Resume step basicflow28
 timestamp= 1619780664000 [RUN] Validate G4 Guard Condition: 
The ego vehicle E Detection.ArrivalTest == True.
 timestamp= 1619780664000 [RES] Global Validate result: 
false
 timestamp= 1619780664000 [RUN] Validate step: 
The test system VALIDATES THAT the Apollo A Status.GetControl is nearly equal to {"acceleration": -2.19, "throttle": 0.0, "steering_target": -0.01, "brake": 33.15, "steering_rate": 100.0, "speed": 1.71}
 timestamp= 1619780664000 [RES] Validate result: 
true
 timestamp= 1619780664000 [RUN] Generate steps
 timestamp= 1619780664000 [RUN] Validate step: 
The test system VALIDATES THAT the simulator S Status.GetEnvironment is nearly equal to {"x": 31.33, "y": 10.12, "z": 275.1, "rain": 0.0, "fog": 0.0, "wetness": 0.2, "timeofday": 10.0, "signal": -1.0, "rx": 0.16, "ry": 307.35, "rz": 0.0, "speed": 1.26}
 timestamp= 1619780664000 [RES] Validate result: 
true
 timestamp= 1619780664000 [RUN] Execute API step: 
The environment controller C INVOKES API Control.Agents.NPCVehicle.NPCVehicleMaintainLane(which_lane=Right_Lane&which_car=BoxTruck).
 timestamp= 1619780668000 [RES] API result: 
{"pose_arr":[{"vx":0.37,"ay":-1.01,"az":9.81,"ax":-0.77,"pz":10.13,"vy":0.37,"px":552906.05,"py":4182760.56},{"vx":0.21,"ay":-0.36,"az":9.81,"ax":-0.28,"pz":10.13,"vy":0.21,"px":552905.87,"py":4182760.69},{"vx":1,"ay":2.89,"az":9.8,"ax":2.2,"pz":10.12,"vy":1,"px":552905.54,"py":4182760.95},{"vx":1.21,"ay":-0.69,"az":9.82,"ax":-0.53,"pz":10.12,"vy":1.21,"px":552904.8,"py":4182761.51},{"vx":0.86,"ay":1.68,"az":9.81,"ax":-5.66,"pz":10.13,"vy":0.86,"px":552903.99,"py":4182762.13},{"vx":1.26,"ay":1.13,"az":9.8,"ax":1,"pz":10.12,"vy":1.26,"px":552902.85,"py":4182762.87},{"vx":1.81,"ay":0.81,"az":9.81,"ax":0.56,"pz":10.12,"vy":1.81,"px":552901.56,"py":4182763.67}],"traffic_light":[0,0,0,0,0,0],"state_arr":[{"acceleration":-1.51,"throttle":0,"steering_target":-0.02,"brake":27.09,"steering_rate":100,"speed":1.26},{"acceleration":-0.52,"throttle":0,"steering_target":-0.03,"brake":14.5,"steering_rate":100,"speed":0.56},{"acceleration":0.55,"throttle":87.01,"steering_target":-0.03,"brake":0,"steering_rate":100,"speed":0.32},{"acceleration":0.03,"throttle":34.23,"steering_target":-0.03,"brake":0,"steering_rate":100,"speed":2.02},{"acceleration":-0.73,"throttle":0,"steering_target":0.01,"brake":17.53,"steering_rate":100,"speed":1.87},{"acceleration":0.54,"throttle":32.11,"steering_target":49.67,"brake":0,"steering_rate":100,"speed":1.49},{"acceleration":1.06,"throttle":47.1,"steering_target":-3.57,"brake":0,"steering_rate":100,"speed":2.22},{"acceleration":1.08,"throttle":29.29,"steering_target":-12.84,"brake":0,"steering_rate":100,"speed":2.95},{"acceleration":0.92,"throttle":26.16,"steering_target":-13.28,"brake":0,"steering_rate":100,"speed":3.42}],"obstacle_arr":[[{"acceleration":{"y":-0.25,"x":0.06,"z":0},"position":{"y":4182765.54,"x":552898.61,"z":10.53},"volume":17.83,"type":"VEHICLE","velocity":{"y":3.22,"x":-5.25,"z":0}}],[],[],[{"acceleration":{"y":0,"x":-0.01,"z":0},"position":{"y":4182770.18,"x":552891.55,"z":10.58},"volume":17.62,"type":"VEHICLE","velocity":{"y":0,"x":0,"z":0}}],[{"acceleration":{"y":0,"x":0,"z":0},"position":{"y":4182772.18,"x":552888.87,"z":10.43},"volume":21.37,"type":"VEHICLE","velocity":{"y":0,"x":0,"z":0}}],[],[]],"action_description":"NPC vehicle (BoxTruck) driving on the right lane","ev_state":[25.5955429077148,10.1246147155762,279.005798339844,0,0,0.200000002980232,10,-1,359.943603515625,304.716491699219,0.0604296587407589,3.4198963069035413],"collision_probability":0}
 timestamp= 1619780668000 [RUN] Validate G1 Guard Condition: 
The ego vehicle E Detection.Collision == True.
 timestamp= 1619780668000 [RES] Global Validate result: 
false
 timestamp= 1619780668000 [RUN] Validate G2 Guard Condition: 
The ego vehicle E Detection.OffRoad == True.
 timestamp= 1619780668000 [RES] Global Validate result: 
false
 timestamp= 1619780668000 [RUN] Validate G3 Guard Condition: 
The ego vehicle E Detection.HardBrake == True.
 timestamp= 1619780668000 [RES] Global Validate result: 
false
 timestamp= 1619780668000 [RUN] Validate G4 Guard Condition: 
The ego vehicle E Detection.ArrivalTest == True.
 timestamp= 1619780668000 [RES] Global Validate result: 
false
 timestamp= 1619780668000 [RUN] Validate step: 
The test system VALIDATES THAT the Apollo A Status.GetControl is nearly equal to {"acceleration": 0.92, "throttle": 26.16, "steering_target": -13.28, "brake": 0.0, "steering_rate": 100.0, "speed": 3.42}
 timestamp= 1619780668000 [RES] Validate result: 
true
 timestamp= 1619780668000 [RUN] Generate steps
 timestamp= 1619780668000 [RUN] Validate step: 
The test system VALIDATES THAT the simulator S Status.GetEnvironment is nearly equal to {"x": 25.6, "y": 10.12, "z": 279.01, "rain": 0.0, "fog": 0.0, "wetness": 0.2, "timeofday": 10.0, "signal": -1.0, "rx": 359.94, "ry": 304.72, "rz": 0.06, "speed": 3.42}
 timestamp= 1619780668000 [RES] Validate result: 
true
 timestamp= 1619780668000 [RUN] Execute API step: 
The environment controller C INVOKES API Control.Agents.NPCVehicle.NPCVehicleMaintainLane(which_lane=Left_Lane&which_car=SchoolBus).
 timestamp= 1619780673000 [RES] API result: 
{"pose_arr":[{"vx":2.03,"ay":1.13,"az":9.82,"ax":0.07,"pz":10.12,"vy":2.03,"px":552900.53,"py":4182764.37},{"vx":2.45,"ay":0.84,"az":9.8,"ax":0.49,"pz":10.12,"vy":2.45,"px":552899.29,"py":4182765.24},{"vx":2.65,"ay":1.01,"az":9.82,"ax":0.74,"pz":10.12,"vy":2.65,"px":552897.59,"py":4182766.46},{"vx":2.86,"ay":0.25,"az":9.81,"ax":0.21,"pz":10.12,"vy":2.86,"px":552895.51,"py":4182767.97},{"vx":2.88,"ay":-0.41,"az":9.82,"ax":-0.35,"pz":10.12,"vy":2.88,"px":552893.69,"py":4182769.31},{"vx":2.93,"ay":0.21,"az":9.81,"ax":0.16,"pz":10.12,"vy":2.93,"px":552891.79,"py":4182770.72},{"vx":2.93,"ay":-0.43,"az":9.82,"ax":-0.32,"pz":10.12,"vy":2.93,"px":552890.17,"py":4182771.93},{"vx":2.88,"ay":-0.42,"az":9.82,"ax":-0.34,"pz":10.12,"vy":2.88,"px":552887.87,"py":4182773.66},{"vx":2.73,"ay":-0.42,"az":9.81,"ax":-0.33,"pz":10.13,"vy":2.73,"px":552886.12,"py":4182774.99}],"traffic_light":[0,0,0,0,0,0,1],"state_arr":[{"acceleration":0.75,"throttle":23.14,"steering_target":-1.37,"brake":0,"steering_rate":100,"speed":4.17},{"acceleration":0.51,"throttle":15.7,"steering_target":-0.82,"brake":0,"steering_rate":100,"speed":4.51},{"acceleration":0.2,"throttle":15.7,"steering_target":-1.16,"brake":0,"steering_rate":100,"speed":4.75},{"acceleration":-0.11,"throttle":0,"steering_target":-1.06,"brake":14.5,"steering_rate":100,"speed":4.86},{"acceleration":0.07,"throttle":15.7,"steering_target":-0.53,"brake":0,"steering_rate":100,"speed":4.8},{"acceleration":0.06,"throttle":15.7,"steering_target":-0.69,"brake":0,"steering_rate":100,"speed":4.91},{"acceleration":0.16,"throttle":15.7,"steering_target":-0.69,"brake":0,"steering_rate":100,"speed":4.79},{"acceleration":-0.09,"throttle":0,"steering_target":-0.42,"brake":14.5,"steering_rate":100,"speed":4.73},{"acceleration":-0.06,"throttle":0,"steering_target":-0.42,"brake":14.5,"steering_rate":100,"speed":4.47}],"obstacle_arr":[[],[{"acceleration":{"y":0,"x":0,"z":0},"position":{"y":4182759.48,"x":552895.8,"z":10.37},"volume":17.06,"type":"VEHICLE","velocity":{"y":0,"x":0,"z":0}},{"acceleration":{"y":0,"x":0,"z":0},"position":{"y":4182778.79,"x":552878.55,"z":10.51},"volume":17.73,"type":"VEHICLE","velocity":{"y":4.64,"x":-6.87,"z":0}}],[{"acceleration":{"y":0.01,"x":-0.01,"z":0},"position":{"y":4182760.42,"x":552894.19,"z":10.37},"volume":19.2,"type":"VEHICLE","velocity":{"y":1.33,"x":-2.02,"z":0}},{"acceleration":{"y":-0.01,"x":0.02,"z":0},"position":{"y":4182780.61,"x":552875.84,"z":10.84},"volume":13.21,"type":"VEHICLE","velocity":{"y":4.66,"x":-6.89,"z":0}}],[{"acceleration":{"y":0,"x":0,"z":0},"position":{"y":4182762.11,"x":552891.76,"z":10.38},"volume":17.05,"type":"VEHICLE","velocity":{"y":1.34,"x":-2.05,"z":0}},{"acceleration":{"y":0,"x":0.01,"z":0},"position":{"y":4182782.28,"x":552873.47,"z":10.82},"volume":15.2,"type":"VEHICLE","velocity":{"y":4.61,"x":-6.85,"z":0}}],[{"acceleration":{"y":0,"x":0,"z":0},"position":{"y":4182764.01,"x":552888.72,"z":10.4},"volume":23.84,"type":"VEHICLE","velocity":{"y":1.36,"x":-2.08,"z":0}},{"acceleration":{"y":-0.03,"x":0.06,"z":0},"position":{"y":4182784.44,"x":552870.37,"z":10.78},"volume":18.58,"type":"VEHICLE","velocity":{"y":2.03,"x":-2.33,"z":0}}],[{"acceleration":{"y":0.01,"x":-0.02,"z":0},"position":{"y":4182765.05,"x":552887.04,"z":10.42},"volume":22.84,"type":"VEHICLE","velocity":{"y":2.89,"x":-4.68,"z":0}}],[{"acceleration":{"y":0.28,"x":-0.37,"z":0},"position":{"y":4182767.4,"x":552883.74,"z":10.41},"volume":16.79,"type":"VEHICLE","velocity":{"y":2.97,"x":-4.7,"z":0}}],[{"acceleration":{"y":-0.44,"x":1.04,"z":0},"position":{"y":4182768.37,"x":552882.06,"z":10.42},"volume":18.72,"type":"VEHICLE","velocity":{"y":2.41,"x":-3.73,"z":0}}]],"action_description":"NPC vehicle (SchoolBus) driving on the left lane","ev_state":[10.7927131652832,10.1245107650757,289.994079589844,0,0,0.200000002980232,10,-1,0.0315094701945782,307.313934326172,0.00548033555969596,4.465699723862635],"collision_probability":0}
 timestamp= 1619780673000 [RUN] Validate G1 Guard Condition: 
The ego vehicle E Detection.Collision == True.
 timestamp= 1619780673000 [RES] Global Validate result: 
false
 timestamp= 1619780673000 [RUN] Validate G2 Guard Condition: 
The ego vehicle E Detection.OffRoad == True.
 timestamp= 1619780673000 [RES] Global Validate result: 
false
 timestamp= 1619780673000 [RUN] Validate G3 Guard Condition: 
The ego vehicle E Detection.HardBrake == True.
 timestamp= 1619780673000 [RES] Global Validate result: 
false
 timestamp= 1619780673000 [RUN] Validate G4 Guard Condition: 
The ego vehicle E Detection.ArrivalTest == True.
 timestamp= 1619780673000 [RES] Global Validate result: 
false
 timestamp= 1619780673000 [RUN] Validate step: 
The test system VALIDATES THAT the Apollo A Status.GetControl is nearly equal to {"acceleration": -0.06, "throttle": 0.0, "steering_target": -0.42, "brake": 14.5, "steering_rate": 100.0, "speed": 4.47}
 timestamp= 1619780673000 [RES] Validate result: 
true
 timestamp= 1619780673000 [RUN] Generate steps
 timestamp= 1619780673000 [RUN] Validate step: 
The test system VALIDATES THAT the simulator S Status.GetEnvironment is nearly equal to {"x": 10.79, "y": 10.12, "z": 289.99, "rain": 0.0, "fog": 0.0, "wetness": 0.2, "timeofday": 10.0, "signal": -1.0, "rx": 0.03, "ry": 307.31, "rz": 0.01, "speed": 4.47}
 timestamp= 1619780673000 [RES] Validate result: 
true
 timestamp= 1619780673000 [RUN] Execute API step: 
The environment controller C INVOKES API Control.Agents.NPCVehicle.NPCVehicleMaintainLane(which_lane=Right_Lane&which_car=Sedan).
 timestamp= 1619780678000 [RES] API result: 
{"pose_arr":[{"vx":2.68,"ay":-0.43,"az":9.82,"ax":-0.32,"pz":10.13,"vy":2.68,"px":552885.46,"py":4182775.49},{"vx":2.53,"ay":-0.41,"az":9.81,"ax":-0.32,"pz":10.13,"vy":2.53,"px":552883.75,"py":4182776.8},{"vx":2.37,"ay":-0.41,"az":9.81,"ax":-0.32,"pz":10.13,"vy":2.37,"px":552882.14,"py":4182778.04},{"vx":2.19,"ay":-0.41,"az":9.81,"ax":-0.31,"pz":10.13,"vy":2.19,"px":552880.44,"py":4182779.36},{"vx":2.06,"ay":-0.4,"az":9.81,"ax":-0.31,"pz":10.13,"vy":2.06,"px":552879.31,"py":4182780.23},{"vx":1.88,"ay":-0.4,"az":9.81,"ax":-0.31,"pz":10.13,"vy":1.88,"px":552877.84,"py":4182781.37},{"vx":1.76,"ay":-0.39,"az":9.81,"ax":-0.31,"pz":10.13,"vy":1.76,"px":552876.85,"py":4182782.14},{"vx":1.58,"ay":-0.39,"az":9.81,"ax":-0.3,"pz":10.13,"vy":1.58,"px":552875.62,"py":4182783.09}],"traffic_light":[1,3,3,3,3,3,1],"state_arr":[{"acceleration":-0.08,"throttle":0,"steering_target":-0.65,"brake":14.5,"steering_rate":100,"speed":4.47},{"acceleration":-0.02,"throttle":0,"steering_target":-0.42,"brake":14.5,"steering_rate":100,"speed":4.2},{"acceleration":-0.16,"throttle":0,"steering_target":-0.4,"brake":14.5,"steering_rate":100,"speed":3.94},{"acceleration":-0.21,"throttle":0,"steering_target":-0.25,"brake":14.5,"steering_rate":100,"speed":3.68},{"acceleration":-0.22,"throttle":0,"steering_target":-0.16,"brake":14.5,"steering_rate":100,"speed":3.42},{"acceleration":-0.27,"throttle":0,"steering_target":-0.15,"brake":14.5,"steering_rate":100,"speed":3.25},{"acceleration":-0.39,"throttle":0,"steering_target":-0.14,"brake":14.5,"steering_rate":100,"speed":3.02},{"acceleration":-0.43,"throttle":0,"steering_target":-0.12,"brake":14.5,"steering_rate":100,"speed":2.86},{"acceleration":-0.45,"throttle":0,"steering_target":-0.09,"brake":14.5,"steering_rate":100,"speed":2.57}],"obstacle_arr":[[{"acceleration":{"y":-0.67,"x":1.24,"z":0},"position":{"y":4182769.54,"x":552880.22,"z":10.41},"volume":22.1,"type":"VEHICLE","velocity":{"y":2.19,"x":-3.37,"z":0}}],[{"acceleration":{"y":0.31,"x":-0.35,"z":0},"position":{"y":4182771.01,"x":552877.98,"z":10.38},"volume":20.29,"type":"VEHICLE","velocity":{"y":2.61,"x":-3.93,"z":0}},{"acceleration":{"y":0,"x":0,"z":0},"position":{"y":4182782.02,"x":552889.79,"z":10.33},"volume":10.16,"type":"VEHICLE","velocity":{"y":0,"x":0,"z":0}}],[{"acceleration":{"y":0.63,"x":-0.92,"z":0},"position":{"y":4182772.3,"x":552875.06,"z":10.39},"volume":45.74,"type":"VEHICLE","velocity":{"y":3,"x":-4.49,"z":0}},{"acceleration":{"y":-0.01,"x":0.02,"z":0},"position":{"y":4182782.48,"x":552889.05,"z":10.33},"volume":10.05,"type":"VEHICLE","velocity":{"y":0.48,"x":-0.94,"z":0}},{"acceleration":{"y":0,"x":0,"z":0},"position":{"y":4182794.63,"x":552890.82,"z":10.32},"volume":103.18,"type":"VEHICLE","velocity":{"y":0,"x":0,"z":0}}],[{"acceleration":{"y":0.62,"x":-0.86,"z":0},"position":{"y":4182774.17,"x":552872.29,"z":10.38},"volume":48.17,"type":"VEHICLE","velocity":{"y":3.3,"x":-4.93,"z":0}},{"acceleration":{"y":-0.06,"x":-0.04,"z":0},"position":{"y":4182782.7,"x":552888.1,"z":10.33},"volume":7.71,"type":"VEHICLE","velocity":{"y":0.54,"x":-1.22,"z":0}}],[{"acceleration":{"y":0.23,"x":-0.34,"z":0},"position":{"y":4182776.13,"x":552870.65,"z":10.39},"volume":9.72,"type":"VEHICLE","velocity":{"y":3.58,"x":-5.31,"z":0}},{"acceleration":{"y":-0.18,"x":0.2,"z":0},"position":{"y":4182784.08,"x":552885.09,"z":10.33},"volume":9.59,"type":"VEHICLE","velocity":{"y":0.47,"x":-1.19,"z":0}},{"acceleration":{"y":0,"x":0.01,"z":0},"position":{"y":4182789.35,"x":552873.3,"z":10.34},"volume":1.04,"type":"PEDESTRIAN","velocity":{"y":0.52,"x":-0.66,"z":0}},{"acceleration":{"y":0,"x":0,"z":0},"position":{"y":4182794.54,"x":552890.94,"z":10.31},"volume":72.62,"type":"VEHICLE","velocity":{"y":0,"x":0,"z":0}}],[{"acceleration":{"y":0.05,"x":-0.16,"z":0},"position":{"y":4182776.9,"x":552867.55,"z":10.4},"volume":68.52,"type":"VEHICLE","velocity":{"y":3.66,"x":-5.46,"z":0}},{"acceleration":{"y":-0.09,"x":-0.79,"z":0},"position":{"y":4182784.48,"x":552882.53,"z":10.33},"volume":8.52,"type":"VEHICLE","velocity":{"y":0.25,"x":-1.93,"z":0}}],[{"acceleration":{"y":0.06,"x":-0.12,"z":0},"position":{"y":4182778.32,"x":552865.96,"z":10.38},"volume":56.32,"type":"VEHICLE","velocity":{"y":3.68,"x":-5.53,"z":0}},{"acceleration":{"y":0.03,"x":-1.45,"z":0},"position":{"y":4182785.29,"x":552880.59,"z":10.33},"volume":12.56,"type":"VEHICLE","velocity":{"y":0.53,"x":-3.09,"z":0}}],[{"acceleration":{"y":0,"x":0.01,"z":0},"position":{"y":4182779.6,"x":552863.85,"z":10.39},"volume":63.22,"type":"VEHICLE","velocity":{"y":3.68,"x":-5.54,"z":0}},{"acceleration":{"y":0.87,"x":-1.96,"z":0},"position":{"y":4182786.31,"x":552877.34,"z":10.34},"volume":10.2,"type":"VEHICLE","velocity":{"y":1.38,"x":-4.38,"z":0}}]],"action_description":"NPC vehicle (Sedan) driving on the right lane","ev_state":[-0.0484920777380466,10.1247301101685,298.383666992188,0,0,0.200000002980232,10,1,0.0300232376903296,307.875854492188,0.000369871588191018,2.4188377989342973],"collision_probability":0.319}
 timestamp= 1619780678000 [RUN] Validate G1 Guard Condition: 
The ego vehicle E Detection.Collision == True.
 timestamp= 1619780678000 [RES] Global Validate result: 
false
 timestamp= 1619780678000 [RUN] Validate G2 Guard Condition: 
The ego vehicle E Detection.OffRoad == True.
 timestamp= 1619780678000 [RES] Global Validate result: 
false
 timestamp= 1619780678000 [RUN] Validate G3 Guard Condition: 
The ego vehicle E Detection.HardBrake == True.
 timestamp= 1619780678000 [RES] Global Validate result: 
false
 timestamp= 1619780678000 [RUN] Validate G4 Guard Condition: 
The ego vehicle E Detection.ArrivalTest == True.
 timestamp= 1619780678000 [RES] Global Validate result: 
false
 timestamp= 1619780678000 [RUN] Validate step: 
The test system VALIDATES THAT the Apollo A Status.GetControl is nearly equal to {"acceleration": -0.45, "throttle": 0.0, "steering_target": -0.09, "brake": 14.5, "steering_rate": 100.0, "speed": 2.57}
 timestamp= 1619780678000 [RES] Validate result: 
true
 timestamp= 1619780678000 [RUN] Generate steps
 timestamp= 1619780678000 [RUN] Validate step: 
The test system VALIDATES THAT the simulator S Status.GetEnvironment is nearly equal to {"x": -0.05, "y": 10.12, "z": 298.38, "rain": 0.0, "fog": 0.0, "wetness": 0.2, "timeofday": 10.0, "signal": 1.0, "rx": 0.03, "ry": 307.88, "rz": 0.0, "speed": 2.42}
 timestamp= 1619780678000 [RES] Validate result: 
true
 timestamp= 1619780678000 [RUN] Execute API step: 
The environment controller C INVOKES API Control.Agents.NPCVehicle.NPCVehicleMaintainLane(which_lane=Current_Lane&which_car=Jeep).
 timestamp= 1619780682000 [RES] API result: 
{"pose_arr":[{"vx":1.49,"ay":-0.39,"az":9.81,"ax":-0.3,"pz":10.13,"vy":1.49,"px":552875.03,"py":4182783.55},{"vx":1.37,"ay":-0.38,"az":9.81,"ax":-0.3,"pz":10.13,"vy":1.37,"px":552874.34,"py":4182784.09},{"vx":1.13,"ay":-1.45,"az":9.76,"ax":-1.13,"pz":10.13,"vy":1.13,"px":552873.55,"py":4182784.7},{"vx":0.01,"ay":0.21,"az":9.82,"ax":-0.17,"pz":10.12,"vy":0.01,"px":552873.38,"py":4182784.81},{"vx":0,"ay":-0.04,"az":9.82,"ax":-0.08,"pz":10.12,"vy":0,"px":552873.37,"py":4182784.81},{"vx":0.11,"ay":0.2,"az":9.8,"ax":0.14,"pz":10.12,"vy":0.11,"px":552873.33,"py":4182784.84},{"vx":0.05,"ay":0.05,"az":9.82,"ax":0.28,"pz":10.12,"vy":0.05,"px":552873.27,"py":4182784.88},{"vx":0.3,"ay":0.73,"az":9.85,"ax":0.17,"pz":10.12,"vy":0.3,"px":552873.16,"py":4182784.95},{"vx":-0.01,"ay":-0.01,"az":9.83,"ax":-0.55,"pz":10.12,"vy":-0.01,"px":552873.07,"py":4182785.01}],"traffic_light":[3,3,3,3,3,3,3,3],"state_arr":[{"acceleration":-0.54,"throttle":0,"steering_target":-0.08,"brake":14.5,"steering_rate":100,"speed":2.42},{"acceleration":-0.56,"throttle":0,"steering_target":-0.06,"brake":15.08,"steering_rate":100,"speed":2.16},{"acceleration":-1.99,"throttle":0,"steering_target":-0.03,"brake":31.58,"steering_rate":100,"speed":1.84},{"acceleration":-0.46,"throttle":0,"steering_target":-0.19,"brake":20.46,"steering_rate":100,"speed":0.03},{"acceleration":0.34,"throttle":38.66,"steering_target":-0.19,"brake":0,"steering_rate":100,"speed":0.03},{"acceleration":0.37,"throttle":47.82,"steering_target":-0.13,"brake":0,"steering_rate":100,"speed":0.09},{"acceleration":0.27,"throttle":40.86,"steering_target":-0.16,"brake":0,"steering_rate":100,"speed":0.15},{"acceleration":0.43,"throttle":78.24,"steering_target":-0.14,"brake":0,"steering_rate":100,"speed":0.08},{"acceleration":0.7,"throttle":75.26,"steering_target":-0.27,"brake":0,"steering_rate":100,"speed":0.32},{"acceleration":-3,"throttle":0,"steering_target":-0.14,"brake":63.14,"steering_rate":100,"speed":0.05}],"obstacle_arr":[[{"acceleration":{"y":-0.04,"x":0.07,"z":0},"position":{"y":4182779.87,"x":552863.34,"z":10.41},"volume":61.91,"type":"VEHICLE","velocity":{"y":3.67,"x":-5.51,"z":0}},{"acceleration":{"y":1.22,"x":-2.12,"z":0},"position":{"y":4182786.84,"x":552875.66,"z":10.34},"volume":9.71,"type":"VEHICLE","velocity":{"y":1.76,"x":-5,"z":0}}],[{"acceleration":{"y":-0.17,"x":0.24,"z":0},"position":{"y":4182780.67,"x":552862.07,"z":10.4},"volume":63.39,"type":"VEHICLE","velocity":{"y":3.56,"x":-5.36,"z":0}},{"acceleration":{"y":1.31,"x":-1.73,"z":0},"position":{"y":4182787.15,"x":552874.68,"z":10.7},"volume":5.63,"type":"VEHICLE","velocity":{"y":2.48,"x":-5.78,"z":0}},{"acceleration":{"y":0.01,"x":-0.02,"z":0},"position":{"y":4182790.37,"x":552866.64,"z":10.62},"volume":6.16,"type":"VEHICLE","velocity":{"y":0,"x":0,"z":0}}],[{"acceleration":{"y":-0.4,"x":0.65,"z":0},"position":{"y":4182781.4,"x":552861.15,"z":10.34},"volume":58.46,"type":"VEHICLE","velocity":{"y":0.57,"x":-0.61,"z":0}},{"acceleration":{"y":-1.42,"x":4.2,"z":0},"position":{"y":4182787.6,"x":552874.08,"z":10.74},"volume":5.3,"type":"VEHICLE","velocity":{"y":0.99,"x":-1.56,"z":0}},{"acceleration":{"y":-0.45,"x":0.61,"z":0},"position":{"y":4182790.44,"x":552866.44,"z":10.47},"volume":2.92,"type":"VEHICLE","velocity":{"y":0.3,"x":-0.39,"z":0}}],[{"acceleration":{"y":-0.39,"x":0.17,"z":0},"position":{"y":4182782.02,"x":552860.02,"z":10.47},"volume":63.93,"type":"VEHICLE","velocity":{"y":0.3,"x":-0.62,"z":0}},{"acceleration":{"y":-1.35,"x":2.3,"z":0},"position":{"y":4182787.65,"x":552874.01,"z":10.79},"volume":4.82,"type":"VEHICLE","velocity":{"y":0,"x":0,"z":0}},{"acceleration":{"y":0.12,"x":-0.1,"z":0},"position":{"y":4182791.21,"x":552865.48,"z":10.44},"volume":5.54,"type":"VEHICLE","velocity":{"y":0.46,"x":-0.57,"z":0}}],[{"acceleration":{"y":0.11,"x":-0.48,"z":0},"position":{"y":4182782.27,"x":552859.61,"z":10.46},"volume":60.25,"type":"VEHICLE","velocity":{"y":0.49,"x":-0.92,"z":0}},{"acceleration":{"y":-0.19,"x":0.32,"z":0},"position":{"y":4182787.64,"x":552874.01,"z":10.76},"volume":5.31,"type":"VEHICLE","velocity":{"y":0,"x":0,"z":0}},{"acceleration":{"y":0.39,"x":-0.42,"z":0},"position":{"y":4182791.66,"x":552865.14,"z":10.41},"volume":6.19,"type":"VEHICLE","velocity":{"y":0.79,"x":-0.77,"z":0}},{"acceleration":{"y":0,"x":0,"z":0},"position":{"y":4182789.8,"x":552872.75,"z":10.35},"volume":1.22,"type":"UNKNOWN","velocity":{"y":0,"x":0,"z":0}}],[{"acceleration":{"y":0.32,"x":-0.47,"z":0},"position":{"y":4182782.8,"x":552858.84,"z":10.45},"volume":61.15,"type":"VEHICLE","velocity":{"y":0.68,"x":-1.19,"z":0}},{"acceleration":{"y":0,"x":0.01,"z":0},"position":{"y":4182787.65,"x":552874,"z":10.72},"volume":5.78,"type":"VEHICLE","velocity":{"y":0,"x":0,"z":0}},{"acceleration":{"y":0.08,"x":-0.21,"z":0},"position":{"y":4182791.53,"x":552865.39,"z":10.51},"volume":1.16,"type":"VEHICLE","velocity":{"y":0.74,"x":-0.95,"z":0}},{"acceleration":{"y":0,"x":0,"z":0},"position":{"y":4182789.88,"x":552872.78,"z":10.34},"volume":1.61,"type":"VEHICLE","velocity":{"y":0,"x":0,"z":0}}],[{"acceleration":{"y":0.28,"x":-0.46,"z":0},"position":{"y":4182783.41,"x":552857.76,"z":10.44},"volume":66.12,"type":"VEHICLE","velocity":{"y":0.96,"x":-1.62,"z":0}},{"acceleration":{"y":0,"x":0,"z":0},"position":{"y":4182787.65,"x":552874.02,"z":10.67},"volume":6.04,"type":"VEHICLE","velocity":{"y":0,"x":0,"z":0}},{"acceleration":{"y":0.02,"x":0.18,"z":0},"position":{"y":4182792.48,"x":552864.29,"z":10.4},"volume":5.7,"type":"VEHICLE","velocity":{"y":0.78,"x":-0.75,"z":0}},{"acceleration":{"y":0,"x":0,"z":0},"position":{"y":4182789.28,"x":552873.28,"z":10.89},"volume":0.01,"type":"VEHICLE","velocity":{"y":0,"x":0,"z":0}}],[{"acceleration":{"y":-0.01,"x":0.28,"z":0},"position":{"y":4182784.5,"x":552856.23,"z":10.36},"volume":65.28,"type":"VEHICLE","velocity":{"y":0.9,"x":-1.32,"z":0}},{"acceleration":{"y":0,"x":0,"z":0},"position":{"y":4182787.6,"x":552873.93,"z":10.64},"volume":5.82,"type":"VEHICLE","velocity":{"y":0,"x":0,"z":0}},{"acceleration":{"y":-0.96,"x":1.01,"z":0},"position":{"y":4182792.53,"x":552864.18,"z":10.63},"volume":3.53,"type":"VEHICLE","velocity":{"y":0,"x":0,"z":0}}]],"action_description":"NPC vehicle (Jeep) driving on the current lane","ev_state":[-1.98046517372131,10.1183834075928,299.814117431641,0,0,0.200000002980232,10,1,0.0854323729872704,307.783355712891,0.0665755942463875,0.048697858302361736],"collision_probability":1}
 timestamp= 1619780682000 [RUN] Validate G1 Guard Condition: 
The ego vehicle E Detection.Collision == True.
 timestamp= 1619780682000 [RES] Global Validate result: 
true
 timestamp= 1619780682000 [RUN] Collision == True
 timestamp= 1619780682000 [RUN] Validate G2 Guard Condition: 
The ego vehicle E Detection.OffRoad == True.
 timestamp= 1619780682000 [RES] Global Validate result: 
false
 timestamp= 1619780682000 [RUN] Validate G3 Guard Condition: 
The ego vehicle E Detection.HardBrake == True.
 timestamp= 1619780682000 [RES] Global Validate result: 
false
 timestamp= 1619780682000 [RUN] Validate G4 Guard Condition: 
The ego vehicle E Detection.ArrivalTest == True.
 timestamp= 1619780682000 [RES] Global Validate result: 
false
 timestamp= 1619780682000 [RUN] Validate step: 
The test system VALIDATES THAT the Apollo A Status.GetControl is nearly equal to {"acceleration": -3.0, "throttle": 0.0, "steering_target": -0.14, "brake": 63.14, "steering_rate": 100.0, "speed": 0.05}
 timestamp= 1619780682000 [RES] Validate result: 
true
 timestamp= 1619780682000 [RUN] Generate steps
 timestamp= 1619780682000 [RUN] Validate step: 
The test system VALIDATES THAT the simulator S Status.GetEnvironment is nearly equal to {"x": -1.98, "y": 10.12, "z": 299.81, "rain": 0.0, "fog": 0.0, "wetness": 0.2, "timeofday": 10.0, "signal": 1.0, "rx": 0.09, "ry": 307.78, "rz": 0.07, "speed": 0.05}
 timestamp= 1619780682000 [RES] Validate result: 
true
 timestamp= 1619780682000 [RUN] Execute API step: 
The environment controller C INVOKES API Control.Agents.NPCVehicle.NPCVehicleSwitchLane(which_lane=Right_Lane&which_car=Hatchback).
 timestamp= 1619780687000 [RES] API result: 
{"pose_arr":[{"vx":0,"ay":0.41,"az":9.67,"ax":-0.5,"pz":10.12,"vy":0,"px":552873.07,"py":4182785.01},{"vx":0,"ay":-0.33,"az":10.08,"ax":0.39,"pz":10.12,"vy":0,"px":552873.07,"py":4182785.01},{"vx":0.6,"ay":1.01,"az":9.75,"ax":0.8,"pz":10.12,"vy":0.6,"px":552872.88,"py":4182785.15},{"vx":0.55,"ay":-0.36,"az":9.81,"ax":-0.29,"pz":10.13,"vy":0.55,"px":552872.49,"py":4182785.45},{"vx":0.43,"ay":-0.36,"az":9.81,"ax":-0.29,"pz":10.13,"vy":0.43,"px":552872.22,"py":4182785.66},{"vx":0.28,"ay":-0.36,"az":9.81,"ax":-0.28,"pz":10.13,"vy":0.28,"px":552871.98,"py":4182785.85},{"vx":0,"ay":0,"az":9.81,"ax":0,"pz":10.13,"vy":0,"px":552871.92,"py":4182785.89},{"vx":0,"ay":0,"az":9.81,"ax":0,"pz":10.12,"vy":0,"px":552871.92,"py":4182785.89},{"vx":0,"ay":0,"az":9.81,"ax":0,"pz":10.12,"vy":0,"px":552871.92,"py":4182785.89}],"traffic_light":[3,3,3,3,3,3,3],"state_arr":[{"acceleration":-3,"throttle":0,"steering_target":-0.14,"brake":69.47,"steering_rate":100,"speed":0},{"acceleration":0.42,"throttle":85.77,"steering_target":-0.14,"brake":0,"steering_rate":100,"speed":0},{"acceleration":-0.18,"throttle":0,"steering_target":-0.92,"brake":14.5,"steering_rate":100,"speed":1.04},{"acceleration":-0.27,"throttle":0,"steering_target":-0.68,"brake":14.5,"steering_rate":100,"speed":0.87},{"acceleration":-0.29,"throttle":0,"steering_target":-0.65,"brake":14.5,"steering_rate":100,"speed":0.64},{"acceleration":-0.33,"throttle":0,"steering_target":-0.82,"brake":14.5,"steering_rate":100,"speed":0.53},{"acceleration":-3,"throttle":0,"steering_target":-0.73,"brake":53.12,"steering_rate":100,"speed":0.12},{"acceleration":-3,"throttle":0,"steering_target":-0.39,"brake":69.97,"steering_rate":100,"speed":0},{"acceleration":-0.26,"throttle":0,"steering_target":-0.39,"brake":61.18,"steering_rate":100,"speed":0},{"acceleration":-3,"throttle":0,"steering_target":-0.39,"brake":69.99,"steering_rate":100,"speed":0}],"obstacle_arr":[[{"acceleration":{"y":0.71,"x":-0.95,"z":0},"position":{"y":4182786,"x":552854.17,"z":10.18},"volume":74.8,"type":"VEHICLE","velocity":{"y":1.58,"x":-2.3,"z":0}},{"acceleration":{"y":0,"x":0,"z":0},"position":{"y":4182787.57,"x":552873.9,"z":10.67},"volume":5.61,"type":"VEHICLE","velocity":{"y":0,"x":0,"z":0}},{"acceleration":{"y":-0.51,"x":0.46,"z":0},"position":{"y":4182792.35,"x":552864.46,"z":10.64},"volume":1.18,"type":"VEHICLE","velocity":{"y":0,"x":0,"z":0}}],[{"acceleration":{"y":1.44,"x":-2.18,"z":0},"position":{"y":4182788.54,"x":552851.01,"z":10.21},"volume":62.78,"type":"VEHICLE","velocity":{"y":2.31,"x":-3.43,"z":0}},{"acceleration":{"y":0,"x":0,"z":0},"position":{"y":4182787.47,"x":552874.09,"z":10.24},"volume":9.09,"type":"VEHICLE","velocity":{"y":0,"x":0,"z":0}},{"acceleration":{"y":-0.07,"x":0.06,"z":0},"position":{"y":4182792.45,"x":552864.31,"z":10.61},"volume":1.06,"type":"VEHICLE","velocity":{"y":0,"x":0,"z":0}},{"acceleration":{"y":0.01,"x":-0.02,"z":0},"position":{"y":4182801.2,"x":552860.12,"z":10.41},"volume":9.71,"type":"VEHICLE","velocity":{"y":0,"x":0,"z":0}}],[{"acceleration":{"y":1.58,"x":-2.43,"z":0},"position":{"y":4182790.08,"x":552848.66,"z":10.08},"volume":70.34,"type":"VEHICLE","velocity":{"y":3.02,"x":-4.53,"z":0}},{"acceleration":{"y":-0.01,"x":0.01,"z":0},"position":{"y":4182792.52,"x":552864.25,"z":10.56},"volume":1.38,"type":"VEHICLE","velocity":{"y":0,"x":0,"z":0}},{"acceleration":{"y":0,"x":-0.01,"z":0},"position":{"y":4182801.24,"x":552859.14,"z":10.09},"volume":12.02,"type":"VEHICLE","velocity":{"y":0,"x":0,"z":0}}],[{"acceleration":{"y":2.02,"x":-2.78,"z":0},"position":{"y":4182794.61,"x":552842.89,"z":10.14},"volume":67.01,"type":"VEHICLE","velocity":{"y":4.17,"x":-6.18,"z":0}},{"acceleration":{"y":0,"x":0,"z":0},"position":{"y":4182792.65,"x":552864.07,"z":10.65},"volume":1.42,"type":"VEHICLE","velocity":{"y":0,"x":0,"z":0}},{"acceleration":{"y":0,"x":0,"z":0},"position":{"y":4182801.82,"x":552858.18,"z":10.16},"volume":9.84,"type":"VEHICLE","velocity":{"y":0,"x":0,"z":0}},{"acceleration":{"y":0,"x":0,"z":0},"position":{"y":4182788.14,"x":552873.78,"z":10.34},"volume":17.99,"type":"VEHICLE","velocity":{"y":0,"x":0,"z":0}}],[{"acceleration":{"y":2.1,"x":-3.08,"z":0},"position":{"y":4182799.91,"x":552835.4,"z":10.13},"volume":27.26,"type":"VEHICLE","velocity":{"y":5.37,"x":-7.86,"z":0}},{"acceleration":{"y":0,"x":0,"z":0},"position":{"y":4182792.56,"x":552864.16,"z":10.41},"volume":1.13,"type":"VEHICLE","velocity":{"y":0,"x":0,"z":0}},{"acceleration":{"y":0,"x":0,"z":0},"position":{"y":4182804.38,"x":552857.1,"z":10.41},"volume":9.98,"type":"VEHICLE","velocity":{"y":0,"x":0,"z":0}}],[{"acceleration":{"y":2.15,"x":-3.22,"z":0},"position":{"y":4182806.49,"x":552826.72,"z":10.57},"volume":27.2,"type":"VEHICLE","velocity":{"y":6.7,"x":-9.84,"z":0}},{"acceleration":{"y":0,"x":0,"z":0},"position":{"y":4182793.41,"x":552863.3,"z":10.55},"volume":5.81,"type":"VEHICLE","velocity":{"y":0,"x":0,"z":0}},{"acceleration":{"y":0,"x":0,"z":0},"position":{"y":4182805.68,"x":552857.77,"z":10.41},"volume":9.37,"type":"VEHICLE","velocity":{"y":2.11,"x":1.36,"z":0}}],[{"acceleration":{"y":0,"x":0,"z":0},"position":{"y":4182793.36,"x":552863.4,"z":10.58},"volume":8.12,"type":"VEHICLE","velocity":{"y":0,"x":0,"z":0}},{"acceleration":{"y":-0.41,"x":1.63,"z":0},"position":{"y":4182808.64,"x":552861.81,"z":10.33},"volume":80.04,"type":"VEHICLE","velocity":{"y":1.77,"x":3.21,"z":0}}],[{"acceleration":{"y":0,"x":0,"z":0},"position":{"y":4182792.63,"x":552864.14,"z":10.58},"volume":1.96,"type":"VEHICLE","velocity":{"y":0,"x":0,"z":0}},{"acceleration":{"y":0,"x":0,"z":0},"position":{"y":4182787.5,"x":552874.2,"z":10.13},"volume":9.44,"type":"VEHICLE","velocity":{"y":0,"x":0,"z":0}}],[{"acceleration":{"y":0,"x":0,"z":0},"position":{"y":4182792.65,"x":552864.13,"z":10.58},"volume":1.39,"type":"VEHICLE","velocity":{"y":0,"x":0,"z":0}},{"acceleration":{"y":0,"x":0,"z":0},"position":{"y":4182787.5,"x":552874.22,"z":10.13},"volume":9.33,"type":"VEHICLE","velocity":{"y":0,"x":0,"z":0}}]],"action_description":"NPC vehicle (Hatchback) switching lane (right to left)","ev_state":[-3.1309814453125,10.1248035430908,300.703704833984,0,0,0.200000002980232,10,1,0.0000254975257121259,307.922790527344,4.89537114845007e-7,0.00007325474142140611],"collision_probability":0.418}
 timestamp= 1619780687000 [RUN] Validate G1 Guard Condition: 
The ego vehicle E Detection.Collision == True.
 timestamp= 1619780687000 [RES] Global Validate result: 
false
 timestamp= 1619780687000 [RUN] Validate G2 Guard Condition: 
The ego vehicle E Detection.OffRoad == True.
 timestamp= 1619780687000 [RES] Global Validate result: 
false
 timestamp= 1619780687000 [RUN] Validate G3 Guard Condition: 
The ego vehicle E Detection.HardBrake == True.
 timestamp= 1619780687000 [RES] Global Validate result: 
false
 timestamp= 1619780687000 [RUN] Validate G4 Guard Condition: 
The ego vehicle E Detection.ArrivalTest == True.
 timestamp= 1619780687000 [RES] Global Validate result: 
true
 timestamp= 1619780687000 [RUN] ArrivalTest == True
 timestamp= 1619780687000 [RUN] The simulator S INVOKES API Command.Simulation.Stop() to stop simulation.
 timestamp= 1619780687000 [WARNING] The test system Stop the Simulator S!
 timestamp= 1619780687000 [RES] Basic PostCondition Validate result: 
true
 timestamp= 1619780687000 [STOP] numberOfStep: 46 basicFlow: 
[{"name":"","description":"","eClass":"Sentence","content":"The test system VALIDATES THAT the simulator S Status.GetEnvironment is nearly equal to {\"x\": 215.49, \"y\": 10.12, \"z\": 201.51, \"rain\": 0.0, \"fog\": 0.0, \"wetness\": 0.0, \"timeofday\": 12.0, \"signal\": -1.0, \"rx\": 359.91, \"ry\": 264.36, \"rz\": 0.1, \"speed\": 3.32}","natures":[]},{"name":"","description":"","eClass":"Sentence","content":"The environment controller C INVOKES API Control.Agents.NPCVehicle.NPCVehicleSwitchLane(which_lane=Right_Lane&which_car=SUV).","natures":[]},{"name":"","description":"","eClass":"Sentence","content":"The test system VALIDATES THAT the Apollo A Status.GetControl is nearly equal to {\"acceleration\": -0.17, \"throttle\": 0.0, \"steering_target\": -0.46, \"brake\": 14.5, \"steering_rate\": 100.0, \"speed\": 6.4}","natures":[]},{"name":"","description":"","eClass":"Sentence","content":"The test system VALIDATES THAT the simulator S Status.GetEnvironment is nearly equal to {\"x\": 193.89, \"y\": 10.12, \"z\": 201.07, \"rain\": 0.0, \"fog\": 0.0, \"wetness\": 0.0, \"timeofday\": 12.0, \"signal\": -1.0, \"rx\": 0.03, \"ry\": 269.96, \"rz\": 0.01, \"speed\": 6.13}","natures":[]},{"name":"","description":"","eClass":"Sentence","content":"The environment controller C INVOKES API Control.Weather.Wetness(wetness_level=Light).","natures":[]},{"name":"","description":"","eClass":"Sentence","content":"The test system VALIDATES THAT the Apollo A Status.GetControl is nearly equal to {\"acceleration\": -0.11, \"throttle\": 0.0, \"steering_target\": -0.2, \"brake\": 14.5, \"steering_rate\": 100.0, \"speed\": 2.33}","natures":[]},{"name":"","description":"","eClass":"Sentence","content":"The test system VALIDATES THAT the simulator S Status.GetEnvironment is nearly equal to {\"x\": 186.11, \"y\": 10.12, \"z\": 201.09, \"rain\": 0.0, \"fog\": 0.0, \"wetness\": 0.2, \"timeofday\": 12.0, \"signal\": -1.0, \"rx\": 359.84, \"ry\": 270.24, \"rz\": 0.0, \"speed\": 2.33}","natures":[]},{"name":"","description":"","eClass":"Sentence","content":"The environment controller C INVOKES API Control.Agents.NPCVehicle.NPCVehicleMaintainLane(which_lane=Left_Lane&which_car=SUV).","natures":[]},{"name":"","description":"","eClass":"Sentence","content":"The test system VALIDATES THAT the Apollo A Status.GetControl is nearly equal to {\"acceleration\": 0.13, \"throttle\": 15.7, \"steering_target\": 0.13, \"brake\": 0.0, \"steering_rate\": 100.0, \"speed\": 4.09}","natures":[]},{"name":"","description":"","eClass":"Sentence","content":"The test system VALIDATES THAT the simulator S Status.GetEnvironment is nearly equal to {\"x\": 174.23, \"y\": 10.12, \"z\": 201.16, \"rain\": 0.0, \"fog\": 0.0, \"wetness\": 0.2, \"timeofday\": 12.0, \"signal\": -1.0, \"rx\": 0.01, \"ry\": 270.29, \"rz\": -0.0, \"speed\": 4.01}","natures":[]},{"name":"","description":"","eClass":"Sentence","content":"The environment controller C INVOKES API Control.Agents.NPCVehicle.NPCVehicleMaintainLane(which_lane=Left_Lane&which_car=Sedan).","natures":[]},{"name":"","description":"","eClass":"Sentence","content":"The test system VALIDATES THAT the Apollo A Status.GetControl is nearly equal to {\"acceleration\": 0.21, \"throttle\": 15.7, \"steering_target\": 0.13, \"brake\": 0.0, \"steering_rate\": 100.0, \"speed\": 1.33}","natures":[]},{"name":"","description":"","eClass":"Sentence","content":"The test system VALIDATES THAT the simulator S Status.GetEnvironment is nearly equal to {\"x\": 164.28, \"y\": 10.12, \"z\": 201.21, \"rain\": 0.0, \"fog\": 0.0, \"wetness\": 0.2, \"timeofday\": 12.0, \"signal\": -1.0, \"rx\": 0.03, \"ry\": 270.38, \"rz\": 0.0, \"speed\": 1.33}","natures":[]},{"name":"","description":"","eClass":"Sentence","content":"The environment controller C INVOKES API Control.Agents.NPCVehicle.NPCVehicleMaintainLane(which_lane=Left_Lane&which_car=Hatchback).","natures":[]},{"name":"","description":"","eClass":"Sentence","content":"The test system VALIDATES THAT the Apollo A Status.GetControl is nearly equal to {\"acceleration\": 0.76, \"throttle\": 23.35, \"steering_target\": 0.11, \"brake\": 0.0, \"steering_rate\": 100.0, \"speed\": 4.82}","natures":[]},{"name":"","description":"","eClass":"Sentence","content":"The test system VALIDATES THAT the simulator S Status.GetEnvironment is nearly equal to {\"x\": 150.09, \"y\": 10.12, \"z\": 201.22, \"rain\": 0.0, \"fog\": 0.0, \"wetness\": 0.2, \"timeofday\": 12.0, \"signal\": -1.0, \"rx\": 359.96, \"ry\": 269.88, \"rz\": -0.0, \"speed\": 5.03}","natures":[]},{"name":"","description":"","eClass":"Sentence","content":"The environment controller C INVOKES API Control.Agents.NPCVehicle.NPCVehicleMaintainLane(which_lane=Left_Lane&which_car=SUV).","natures":[]},{"name":"","description":"","eClass":"Sentence","content":"The test system VALIDATES THAT the Apollo A Status.GetControl is nearly equal to {\"acceleration\": 0.08, \"throttle\": 15.7, \"steering_target\": -21.02, \"brake\": 0.0, \"steering_rate\": 100.0, \"speed\": 5.37}","natures":[]},{"name":"","description":"","eClass":"Sentence","content":"The test system VALIDATES THAT the simulator S Status.GetEnvironment is nearly equal to {\"x\": 128.35, \"y\": 10.12, \"z\": 202.28, \"rain\": 0.0, \"fog\": 0.0, \"wetness\": 0.2, \"timeofday\": 12.0, \"signal\": -1.0, \"rx\": 0.02, \"ry\": 285.04, \"rz\": 0.37, \"speed\": 5.26}","natures":[]},{"name":"","description":"","eClass":"Sentence","content":"The environment controller C INVOKES API Control.Agents.NPCVehicle.NPCVehicleMaintainLane(which_lane=Left_Lane&which_car=Jeep).","natures":[]},{"name":"","description":"","eClass":"Sentence","content":"The test system VALIDATES THAT the Apollo A Status.GetControl is nearly equal to {\"acceleration\": 0.25, \"throttle\": 15.7, \"steering_target\": 0.81, \"brake\": 0.0, \"steering_rate\": 100.0, \"speed\": 7.72}","natures":[]},{"name":"","description":"","eClass":"Sentence","content":"The test system VALIDATES THAT the simulator S Status.GetEnvironment is nearly equal to {\"x\": 106.41, \"y\": 10.12, \"z\": 217.98, \"rain\": 0.0, \"fog\": 0.0, \"wetness\": 0.2, \"timeofday\": 12.0, \"signal\": -1.0, \"rx\": 359.98, \"ry\": 309.31, \"rz\": 359.98, \"speed\": 7.76}","natures":[]},{"name":"","description":"","eClass":"Sentence","content":"The environment controller C INVOKES API Control.Agents.Pedestrians.WalkRandomly(which_lane=Right_Lane).","natures":[]},{"name":"","description":"","eClass":"Sentence","content":"The test system VALIDATES THAT the Apollo A Status.GetControl is nearly equal to {\"acceleration\": -0.06, \"throttle\": 0.0, \"steering_target\": 0.62, \"brake\": 14.5, \"steering_rate\": 100.0, \"speed\": 8.65}","natures":[]},{"name":"","description":"","eClass":"Sentence","content":"The test system VALIDATES THAT the simulator S Status.GetEnvironment is nearly equal to {\"x\": 80.01, \"y\": 10.12, \"z\": 238.33, \"rain\": 0.0, \"fog\": 0.0, \"wetness\": 0.2, \"timeofday\": 12.0, \"signal\": 1.0, \"rx\": 0.02, \"ry\": 306.98, \"rz\": 0.02, \"speed\": 8.65}","natures":[]},{"name":"","description":"","eClass":"Sentence","content":"The environment controller C INVOKES API Control.TimeOfDay(time_of_day=Morning).","natures":[]},{"name":"","description":"","eClass":"Sentence","content":"The test system VALIDATES THAT the Apollo A Status.GetControl is nearly equal to {\"acceleration\": -0.15, \"throttle\": 0.0, \"steering_target\": 0.17, \"brake\": 14.5, \"steering_rate\": 100.0, \"speed\": 8.76}","natures":[]},{"name":"","description":"","eClass":"Sentence","content":"The test system VALIDATES THAT the simulator S Status.GetEnvironment is nearly equal to {\"x\": 52.06, \"y\": 10.12, \"z\": 259.33, \"rain\": 0.0, \"fog\": 0.0, \"wetness\": 0.2, \"timeofday\": 10.0, \"signal\": 1.0, \"rx\": 359.99, \"ry\": 307.17, \"rz\": -0.0, \"speed\": 8.76}","natures":[]},{"name":"","description":"","eClass":"Sentence","content":"The environment controller C INVOKES API Control.Agents.NPCVehicle.NPCVehicleSwitchLane(which_lane=Current_Lane&which_car=BoxTruck).","natures":[]},{"name":"","description":"","eClass":"Sentence","content":"The test system VALIDATES THAT the Apollo A Status.GetControl is nearly equal to {\"acceleration\": -2.19, \"throttle\": 0.0, \"steering_target\": -0.01, \"brake\": 33.15, \"steering_rate\": 100.0, \"speed\": 1.71}","natures":[]},{"name":"","description":"","eClass":"Sentence","content":"The test system VALIDATES THAT the simulator S Status.GetEnvironment is nearly equal to {\"x\": 31.33, \"y\": 10.12, \"z\": 275.1, \"rain\": 0.0, \"fog\": 0.0, \"wetness\": 0.2, \"timeofday\": 10.0, \"signal\": -1.0, \"rx\": 0.16, \"ry\": 307.35, \"rz\": 0.0, \"speed\": 1.26}","natures":[]},{"name":"","description":"","eClass":"Sentence","content":"The environment controller C INVOKES API Control.Agents.NPCVehicle.NPCVehicleMaintainLane(which_lane=Right_Lane&which_car=BoxTruck).","natures":[]},{"name":"","description":"","eClass":"Sentence","content":"The test system VALIDATES THAT the Apollo A Status.GetControl is nearly equal to {\"acceleration\": 0.92, \"throttle\": 26.16, \"steering_target\": -13.28, \"brake\": 0.0, \"steering_rate\": 100.0, \"speed\": 3.42}","natures":[]},{"name":"","description":"","eClass":"Sentence","content":"The test system VALIDATES THAT the simulator S Status.GetEnvironment is nearly equal to {\"x\": 25.6, \"y\": 10.12, \"z\": 279.01, \"rain\": 0.0, \"fog\": 0.0, \"wetness\": 0.2, \"timeofday\": 10.0, \"signal\": -1.0, \"rx\": 359.94, \"ry\": 304.72, \"rz\": 0.06, \"speed\": 3.42}","natures":[]},{"name":"","description":"","eClass":"Sentence","content":"The environment controller C INVOKES API Control.Agents.NPCVehicle.NPCVehicleMaintainLane(which_lane=Left_Lane&which_car=SchoolBus).","natures":[]},{"name":"","description":"","eClass":"Sentence","content":"The test system VALIDATES THAT the Apollo A Status.GetControl is nearly equal to {\"acceleration\": -0.06, \"throttle\": 0.0, \"steering_target\": -0.42, \"brake\": 14.5, \"steering_rate\": 100.0, \"speed\": 4.47}","natures":[]},{"name":"","description":"","eClass":"Sentence","content":"The test system VALIDATES THAT the simulator S Status.GetEnvironment is nearly equal to {\"x\": 10.79, \"y\": 10.12, \"z\": 289.99, \"rain\": 0.0, \"fog\": 0.0, \"wetness\": 0.2, \"timeofday\": 10.0, \"signal\": -1.0, \"rx\": 0.03, \"ry\": 307.31, \"rz\": 0.01, \"speed\": 4.47}","natures":[]},{"name":"","description":"","eClass":"Sentence","content":"The environment controller C INVOKES API Control.Agents.NPCVehicle.NPCVehicleMaintainLane(which_lane=Right_Lane&which_car=Sedan).","natures":[]},{"name":"","description":"","eClass":"Sentence","content":"The test system VALIDATES THAT the Apollo A Status.GetControl is nearly equal to {\"acceleration\": -0.45, \"throttle\": 0.0, \"steering_target\": -0.09, \"brake\": 14.5, \"steering_rate\": 100.0, \"speed\": 2.57}","natures":[]},{"name":"","description":"","eClass":"Sentence","content":"The test system VALIDATES THAT the simulator S Status.GetEnvironment is nearly equal to {\"x\": -0.05, \"y\": 10.12, \"z\": 298.38, \"rain\": 0.0, \"fog\": 0.0, \"wetness\": 0.2, \"timeofday\": 10.0, \"signal\": 1.0, \"rx\": 0.03, \"ry\": 307.88, \"rz\": 0.0, \"speed\": 2.42}","natures":[]},{"name":"","description":"","eClass":"Sentence","content":"The environment controller C INVOKES API Control.Agents.NPCVehicle.NPCVehicleMaintainLane(which_lane=Current_Lane&which_car=Jeep).","natures":[]},{"name":"","description":"","eClass":"Sentence","content":"The test system VALIDATES THAT the Apollo A Status.GetControl is nearly equal to {\"acceleration\": -3.0, \"throttle\": 0.0, \"steering_target\": -0.14, \"brake\": 63.14, \"steering_rate\": 100.0, \"speed\": 0.05}","natures":[]},{"name":"","description":"","eClass":"Sentence","content":"The test system VALIDATES THAT the simulator S Status.GetEnvironment is nearly equal to {\"x\": -1.98, \"y\": 10.12, \"z\": 299.81, \"rain\": 0.0, \"fog\": 0.0, \"wetness\": 0.2, \"timeofday\": 10.0, \"signal\": 1.0, \"rx\": 0.09, \"ry\": 307.78, \"rz\": 0.07, \"speed\": 0.05}","natures":[]},{"name":"","description":"","eClass":"Sentence","content":"The environment controller C INVOKES API Control.Agents.NPCVehicle.NPCVehicleSwitchLane(which_lane=Right_Lane&which_car=Hatchback).","natures":[]},{"name":"","description":"","eClass":"Sentence","content":"The test system VALIDATES THAT the Apollo A Status.GetControl is nearly equal to {\"acceleration\": -3.0, \"throttle\": 0.0, \"steering_target\": -0.39, \"brake\": 69.99, \"steering_rate\": 100.0, \"speed\": 0.0}","natures":[]},{"name":"","description":"","eClass":"Sentence","content":"","natures":[]}]
