 timestamp= 1619778197000 [START] Now Run TCS Maintain Lane On Road1 Mode: dynamic Roadnum: 1 Second: 4
 timestamp= 1619778197000 [SUCCESS] TCS Check Success 
 timestamp= 1619778200000 [RUN] Run BasicFlow
 timestamp= 1619778200000 [RUN] Generate steps
 timestamp= 1619778200000 [RUN] Validate step: 
The test system VALIDATES THAT the simulator S Status.GetEnvironment is nearly equal to {"x": 215.45, "y": 10.12, "z": 201.88, "rain": 0.0, "fog": 0.0, "wetness": 0.0, "timeofday": 12.0, "signal": -1.0, "rx": 359.89, "ry": 269.95, "rz": -0.0, "speed": 3.31}
 timestamp= 1619778200000 [RES] Validate result: 
true
 timestamp= 1619778200000 [RUN] Execute API step: 
The environment controller C INVOKES API Control.Agents.NPCVehicle.NPCVehicleSwitchLane(which_lane=Right_Lane&which_car=SUV).
 timestamp= 1619778203000 [RES] API result: 
{"pose_arr":[{"vx":0,"ay":0.57,"az":9.82,"ax":0,"pz":10.12,"vy":0,"px":553090.78,"py":4182687.9},{"vx":-0.01,"ay":1.36,"az":9.8,"ax":0,"pz":10.12,"vy":-0.01,"px":553088,"py":4182687.9},{"vx":-0.01,"ay":0.48,"az":9.81,"ax":0,"pz":10.12,"vy":-0.01,"px":553084.96,"py":4182687.89},{"vx":-0.01,"ay":0.84,"az":9.81,"ax":0,"pz":10.12,"vy":-0.01,"px":553081.7,"py":4182687.88},{"vx":-0.01,"ay":-1.11,"az":9.83,"ax":0,"pz":10.13,"vy":-0.01,"px":553078.1,"py":4182687.88},{"vx":-0.01,"ay":-0.53,"az":9.81,"ax":0,"pz":10.13,"vy":-0.01,"px":553074.74,"py":4182687.87}],"traffic_light":[3,3,3,3,3],"state_arr":[{"acceleration":0.98,"throttle":27.1,"steering_target":0.12,"brake":0,"steering_rate":100,"speed":3.19},{"acceleration":1.32,"throttle":84.58,"steering_target":0.08,"brake":0,"steering_rate":100,"speed":3.84},{"acceleration":0.79,"throttle":23.93,"steering_target":0.03,"brake":0,"steering_rate":100,"speed":4.83},{"acceleration":0.98,"throttle":15.7,"steering_target":0.04,"brake":0,"steering_rate":100,"speed":5.17},{"acceleration":-1.22,"throttle":0,"steering_target":0.02,"brake":22.71,"steering_rate":100,"speed":5.33},{"acceleration":-0.48,"throttle":0,"steering_target":0.02,"brake":14.5,"steering_rate":100,"speed":4.85},{"acceleration":0.34,"throttle":15.94,"steering_target":0,"brake":0,"steering_rate":100,"speed":4.59}],"obstacle_arr":[[],[],[{"acceleration":{"y":0.01,"x":0.06,"z":0},"position":{"y":4182695.62,"x":553069.63,"z":10.32},"volume":10.89,"type":"VEHICLE","velocity":{"y":-0.48,"x":-0.99,"z":0}}],[{"acceleration":{"y":-0.61,"x":-1.02,"z":0},"position":{"y":4182694.31,"x":553067,"z":10.32},"volume":9.66,"type":"VEHICLE","velocity":{"y":-1.11,"x":-1.99,"z":0}}],[{"acceleration":{"y":-1.11,"x":-1.73,"z":0},"position":{"y":4182693.28,"x":553065.22,"z":10.33},"volume":11.17,"type":"VEHICLE","velocity":{"y":-1.78,"x":-2.97,"z":0}}],[{"acceleration":{"y":-0.91,"x":-1.67,"z":0},"position":{"y":4182690.98,"x":553060.97,"z":10.14},"volume":14.07,"type":"VEHICLE","velocity":{"y":-2.82,"x":-3.82,"z":0}}],[{"acceleration":{"y":-0.04,"x":-1.06,"z":0},"position":{"y":4182689.1,"x":553058.77,"z":10.13},"volume":12.05,"type":"VEHICLE","velocity":{"y":-3.27,"x":-5.22,"z":0}}]],"action_description":"NPC vehicle (SUV) switching lane (right to left)","ev_state":[196.800491333008,10.1244773864746,201.836441040039,0,0,0,12,-1,359.983917236328,269.850036621094,0.000116204915684648,4.706221846291013],"collision_probability":0}
 timestamp= 1619778203000 [RUN] Validate G1 Guard Condition: 
The ego vehicle E Detection.Collision == True.
 timestamp= 1619778203000 [RES] Global Validate result: 
false
 timestamp= 1619778203000 [RUN] Validate G2 Guard Condition: 
The ego vehicle E Detection.OffRoad == True.
 timestamp= 1619778203000 [RES] Global Validate result: 
false
 timestamp= 1619778203000 [RUN] Validate G3 Guard Condition: 
The ego vehicle E Detection.HardBrake == True.
 timestamp= 1619778203000 [RES] Global Validate result: 
false
 timestamp= 1619778203000 [RUN] Validate G4 Guard Condition: 
The ego vehicle E Detection.ArrivalTest == True.
 timestamp= 1619778203000 [RES] Global Validate result: 
false
 timestamp= 1619778203000 [RUN] Validate step: 
The test system VALIDATES THAT the Apollo A Status.GetControl is nearly equal to {"acceleration": 0.34, "throttle": 15.94, "steering_target": -0.0, "brake": 0.0, "steering_rate": 100.0, "speed": 4.59}
 timestamp= 1619778203000 [RES] Validate result: 
true
 timestamp= 1619778203000 [RUN] Generate steps
 timestamp= 1619778203000 [RUN] Validate step: 
The test system VALIDATES THAT the simulator S Status.GetEnvironment is nearly equal to {"x": 196.8, "y": 10.12, "z": 201.84, "rain": 0.0, "fog": 0.0, "wetness": 0.0, "timeofday": 12.0, "signal": -1.0, "rx": 359.98, "ry": 269.85, "rz": 0.0, "speed": 4.71}
 timestamp= 1619778203000 [RES] Validate result: 
true
 timestamp= 1619778203000 [RUN] Execute API step: 
The environment controller C INVOKES API Control.Weather.Nice.
 timestamp= 1619778207000 [RES] API result: 
{"pose_arr":[{"vx":-0.01,"ay":0.27,"az":9.81,"ax":0,"pz":10.12,"vy":-0.01,"px":553072.53,"py":4182687.86},{"vx":-0.01,"ay":-1.46,"az":9.82,"ax":0,"pz":10.13,"vy":-0.01,"px":553069.77,"py":4182687.85},{"vx":-0.01,"ay":-0.85,"az":9.81,"ax":0,"pz":10.13,"vy":-0.01,"px":553067.44,"py":4182687.85},{"vx":-0.01,"ay":-0.49,"az":9.81,"ax":0,"pz":10.13,"vy":-0.01,"px":553065.49,"py":4182687.84},{"vx":-0.01,"ay":-0.49,"az":9.81,"ax":0,"pz":10.12,"vy":-0.01,"px":553064.06,"py":4182687.84},{"vx":-0.01,"ay":0.47,"az":9.81,"ax":0,"pz":10.12,"vy":-0.01,"px":553062.32,"py":4182687.83},{"vx":-0.01,"ay":0.45,"az":9.81,"ax":0,"pz":10.12,"vy":-0.01,"px":553060.27,"py":4182687.82}],"traffic_light":[3,3,3,3,2,2],"state_arr":[{"acceleration":-1.88,"throttle":0,"steering_target":0,"brake":30.3,"steering_rate":100,"speed":4.71},{"acceleration":-1.24,"throttle":0,"steering_target":0.05,"brake":23.2,"steering_rate":100,"speed":3.54},{"acceleration":-0.88,"throttle":0,"steering_target":0.06,"brake":19.43,"steering_rate":100,"speed":2.83},{"acceleration":-0.52,"throttle":0,"steering_target":0.04,"brake":14.5,"steering_rate":100,"speed":2.51},{"acceleration":0.41,"throttle":17.17,"steering_target":0.07,"brake":0,"steering_rate":100,"speed":2.45},{"acceleration":0.58,"throttle":20.37,"steering_target":0.07,"brake":0,"steering_rate":100,"speed":2.63},{"acceleration":0.45,"throttle":18.06,"steering_target":0.09,"brake":0,"steering_rate":100,"speed":2.96}],"obstacle_arr":[[{"acceleration":{"y":0.35,"x":-0.69,"z":0},"position":{"y":4182688.81,"x":553057.29,"z":10.15},"volume":10.73,"type":"VEHICLE","velocity":{"y":-3.17,"x":-5.56,"z":0}}],[{"acceleration":{"y":0.58,"x":0.22,"z":0},"position":{"y":4182688.73,"x":553056.16,"z":10.66},"volume":5.09,"type":"VEHICLE","velocity":{"y":-2.77,"x":-5.64,"z":0}}],[{"acceleration":{"y":0.53,"x":0.8,"z":0},"position":{"y":4182688.63,"x":553055.21,"z":10.44},"volume":3.23,"type":"VEHICLE","velocity":{"y":-2.35,"x":-5.16,"z":0}},{"acceleration":{"y":0,"x":-0.05,"z":0},"position":{"y":4182672.56,"x":553089.97,"z":10.36},"volume":17.32,"type":"VEHICLE","velocity":{"y":0,"x":-1.08,"z":0}}],[{"acceleration":{"y":0.41,"x":0.69,"z":0},"position":{"y":4182688.47,"x":553052.5,"z":10.53},"volume":2.22,"type":"VEHICLE","velocity":{"y":-1.82,"x":-4.24,"z":0}},{"acceleration":{"y":-0.05,"x":-0.35,"z":0},"position":{"y":4182672.66,"x":553089.92,"z":10.45},"volume":15.29,"type":"VEHICLE","velocity":{"y":-0.08,"x":-1.35,"z":0}}],[{"acceleration":{"y":0.38,"x":0.23,"z":0},"position":{"y":4182688.35,"x":553049.03,"z":10.61},"volume":1.66,"type":"VEHICLE","velocity":{"y":-1.47,"x":-3.79,"z":0}}],[{"acceleration":{"y":0.29,"x":-0.09,"z":0},"position":{"y":4182688.53,"x":553044.2,"z":10.39},"volume":6.42,"type":"VEHICLE","velocity":{"y":-1.1,"x":-3.7,"z":0}}]],"action_description":"Nice Weather","ev_state":[184.649337768555,10.1246538162231,201.797973632813,0,0,0,12,0,359.973815917969,269.779235839844,-0.000530842924490571,3.0637686610946724],"collision_probability":0}
 timestamp= 1619778207000 [RUN] Validate G1 Guard Condition: 
The ego vehicle E Detection.Collision == True.
 timestamp= 1619778207000 [RES] Global Validate result: 
false
 timestamp= 1619778207000 [RUN] Validate G2 Guard Condition: 
The ego vehicle E Detection.OffRoad == True.
 timestamp= 1619778207000 [RES] Global Validate result: 
false
 timestamp= 1619778207000 [RUN] Validate G3 Guard Condition: 
The ego vehicle E Detection.HardBrake == True.
 timestamp= 1619778207000 [RES] Global Validate result: 
false
 timestamp= 1619778207000 [RUN] Validate G4 Guard Condition: 
The ego vehicle E Detection.ArrivalTest == True.
 timestamp= 1619778207000 [RES] Global Validate result: 
false
 timestamp= 1619778207000 [RUN] Validate step: 
The test system VALIDATES THAT the Apollo A Status.GetControl is nearly equal to {"acceleration": 0.45, "throttle": 18.06, "steering_target": 0.09, "brake": 0.0, "steering_rate": 100.0, "speed": 2.96}
 timestamp= 1619778207000 [RES] Validate result: 
true
 timestamp= 1619778207000 [RUN] Generate steps
 timestamp= 1619778207000 [RUN] Validate step: 
The test system VALIDATES THAT the simulator S Status.GetEnvironment is nearly equal to {"x": 184.65, "y": 10.12, "z": 201.8, "rain": 0.0, "fog": 0.0, "wetness": 0.0, "timeofday": 12.0, "signal": 0.0, "rx": 359.97, "ry": 269.78, "rz": -0.0, "speed": 3.06}
 timestamp= 1619778207000 [RES] Validate result: 
true
 timestamp= 1619778207000 [RUN] Execute API step: 
The environment controller C INVOKES API Control.Weather.Rain(rain_level=Moderate).
 timestamp= 1619778210000 [RES] API result: 
{"pose_arr":[{"vx":-0.02,"ay":0.49,"az":9.83,"ax":0,"pz":10.12,"vy":-0.02,"px":553058.57,"py":4182687.82},{"vx":-0.02,"ay":0,"az":9.81,"ax":0,"pz":10.12,"vy":-0.02,"px":553056.23,"py":4182687.81},{"vx":-0.03,"ay":2.48,"az":9.77,"ax":-0.01,"pz":10.12,"vy":-0.03,"px":553053.24,"py":4182687.79},{"vx":-0.03,"ay":0.01,"az":9.8,"ax":0,"pz":10.12,"vy":-0.03,"px":553050.62,"py":4182687.78},{"vx":-0.03,"ay":-0.52,"az":9.75,"ax":0.01,"pz":10.12,"vy":-0.03,"px":553048.05,"py":4182687.76},{"vx":-0.04,"ay":-0.52,"az":9.82,"ax":0.01,"pz":10.12,"vy":-0.04,"px":553044.78,"py":4182687.73}],"traffic_light":[2,2,3,3,3],"state_arr":[{"acceleration":0.58,"throttle":20.44,"steering_target":0.09,"brake":0,"steering_rate":100,"speed":3.26},{"acceleration":-0.03,"throttle":0,"steering_target":0.11,"brake":14.5,"steering_rate":100,"speed":3.98},{"acceleration":-0.08,"throttle":0,"steering_target":0.15,"brake":14.5,"steering_rate":100,"speed":3.98},{"acceleration":-0.05,"throttle":0,"steering_target":0.15,"brake":14.5,"steering_rate":100,"speed":4.24},{"acceleration":0.14,"throttle":15.7,"steering_target":0.17,"brake":0,"steering_rate":100,"speed":4.08},{"acceleration":0.09,"throttle":15.7,"steering_target":0.17,"brake":0,"steering_rate":100,"speed":4.08},{"acceleration":-0.18,"throttle":0,"steering_target":0.24,"brake":14.5,"steering_rate":100,"speed":4}],"obstacle_arr":[[{"acceleration":{"y":0.24,"x":-0.32,"z":0},"position":{"y":4182688.48,"x":553043.34,"z":10.61},"volume":1.15,"type":"VEHICLE","velocity":{"y":-0.93,"x":-3.88,"z":0}}],[{"acceleration":{"y":0.36,"x":-0.46,"z":0},"position":{"y":4182688.31,"x":553041.16,"z":10.55},"volume":0.47,"type":"VEHICLE","velocity":{"y":-0.69,"x":-4.19,"z":0}}],[{"acceleration":{"y":0.26,"x":-0.4,"z":0},"position":{"y":4182688.3,"x":553038.23,"z":10.42},"volume":1.37,"type":"VEHICLE","velocity":{"y":-0.46,"x":-4.57,"z":0}},{"acceleration":{"y":0,"x":0,"z":0},"position":{"y":4182672.61,"x":553089.38,"z":10.33},"volume":16.65,"type":"UNKNOWN","velocity":{"y":0,"x":0,"z":0}}],[{"acceleration":{"y":0.19,"x":-0.11,"z":0},"position":{"y":4182688.26,"x":553034.32,"z":10.4},"volume":0.91,"type":"VEHICLE","velocity":{"y":-0.21,"x":-4.83,"z":0}}],[{"acceleration":{"y":0.17,"x":0.24,"z":0},"position":{"y":4182688.21,"x":553032.81,"z":10.45},"volume":2.99,"type":"VEHICLE","velocity":{"y":-0.08,"x":-4.58,"z":0}}],[{"acceleration":{"y":0.18,"x":0.29,"z":0},"position":{"y":4182688.06,"x":553031.31,"z":10.54},"volume":1.82,"type":"VEHICLE","velocity":{"y":0.01,"x":-4.19,"z":0}}],[{"acceleration":{"y":0.16,"x":0.18,"z":0},"position":{"y":4182688.08,"x":553028.52,"z":10.4},"volume":6.68,"type":"VEHICLE","velocity":{"y":0.14,"x":-3.65,"z":0}},{"acceleration":{"y":0,"x":0,"z":0},"position":{"y":4182670.74,"x":553055.88,"z":10.69},"volume":0.37,"type":"PEDESTRIAN","velocity":{"y":0,"x":0,"z":0}}]],"action_description":"Moderate rain","ev_state":[168.643859863281,10.1245832443237,201.689025878906,0.5,0,0.5,12,-1,0.0253783464431763,269.452819824219,-0.00180141488090158,3.955835602383264],"collision_probability":0}
 timestamp= 1619778210000 [RUN] Validate G1 Guard Condition: 
The ego vehicle E Detection.Collision == True.
 timestamp= 1619778210000 [RES] Global Validate result: 
false
 timestamp= 1619778210000 [RUN] Validate G2 Guard Condition: 
The ego vehicle E Detection.OffRoad == True.
 timestamp= 1619778210000 [RES] Global Validate result: 
false
 timestamp= 1619778210000 [RUN] Validate G3 Guard Condition: 
The ego vehicle E Detection.HardBrake == True.
 timestamp= 1619778210000 [RES] Global Validate result: 
false
 timestamp= 1619778210000 [RUN] Validate G4 Guard Condition: 
The ego vehicle E Detection.ArrivalTest == True.
 timestamp= 1619778210000 [RES] Global Validate result: 
false
 timestamp= 1619778210000 [RUN] Validate step: 
The test system VALIDATES THAT the Apollo A Status.GetControl is nearly equal to {"acceleration": -0.18, "throttle": 0.0, "steering_target": 0.24, "brake": 14.5, "steering_rate": 100.0, "speed": 4.0}
 timestamp= 1619778210000 [RES] Validate result: 
true
 timestamp= 1619778210000 [RUN] Generate steps
 timestamp= 1619778210000 [RUN] Validate step: 
The test system VALIDATES THAT the simulator S Status.GetEnvironment is nearly equal to {"x": 168.64, "y": 10.12, "z": 201.69, "rain": 0.5, "fog": 0.0, "wetness": 0.5, "timeofday": 12.0, "signal": -1.0, "rx": 0.03, "ry": 269.45, "rz": -0.0, "speed": 3.96}
 timestamp= 1619778210000 [RES] Validate result: 
true
 timestamp= 1619778210000 [RUN] Execute API step: 
The environment controller C INVOKES API Control.Weather.Wetness(wetness_level=Light).
 timestamp= 1619778214000 [RES] API result: 
{"pose_arr":[{"vx":-0.04,"ay":-0.52,"az":9.81,"ax":0.01,"pz":10.13,"vy":-0.04,"px":553042.89,"py":4182687.71},{"vx":-0.04,"ay":0,"az":9.81,"ax":0,"pz":10.13,"vy":-0.04,"px":553040.28,"py":4182687.68},{"vx":-0.04,"ay":-0.64,"az":9.81,"ax":0.01,"pz":10.13,"vy":-0.04,"px":553037.79,"py":4182687.65},{"vx":-0.03,"ay":-1.97,"az":9.81,"ax":0.03,"pz":10.13,"vy":-0.03,"px":553035.97,"py":4182687.63},{"vx":-0.01,"ay":-1.6,"az":9.81,"ax":0.02,"pz":10.13,"vy":-0.01,"px":553035.04,"py":4182687.62},{"vx":0,"ay":0,"az":9.81,"ax":0,"pz":10.13,"vy":0,"px":553034.96,"py":4182687.62}],"traffic_light":[3,3,3,1,3,3],"state_arr":[{"acceleration":-0.12,"throttle":0,"steering_target":0.25,"brake":14.5,"steering_rate":100,"speed":3.86},{"acceleration":-0.85,"throttle":0,"steering_target":0.12,"brake":18.97,"steering_rate":100,"speed":3.51},{"acceleration":-0.71,"throttle":0,"steering_target":0.13,"brake":16.8,"steering_rate":100,"speed":3.03},{"acceleration":-1.5,"throttle":0,"steering_target":0.13,"brake":26,"steering_rate":100,"speed":2.7},{"acceleration":-2.19,"throttle":0,"steering_target":0.08,"brake":33.14,"steering_rate":100,"speed":1.46},{"acceleration":-3.78,"throttle":0,"steering_target":0.13,"brake":69.98,"steering_rate":100,"speed":0},{"acceleration":-0.01,"throttle":0,"steering_target":0.13,"brake":46.74,"steering_rate":100,"speed":0}],"obstacle_arr":[[{"acceleration":{"y":0.15,"x":0.13,"z":0},"position":{"y":4182688.17,"x":553027.87,"z":10.61},"volume":6.4,"type":"VEHICLE","velocity":{"y":0.21,"x":-3.49,"z":0}}],[{"acceleration":{"y":0.16,"x":0.12,"z":0},"position":{"y":4182688.14,"x":553028.68,"z":10.51},"volume":1.45,"type":"VEHICLE","velocity":{"y":0.32,"x":-3.28,"z":0}}],[{"acceleration":{"y":0.14,"x":0.15,"z":0},"position":{"y":4182687.97,"x":553027.58,"z":10.41},"volume":1.75,"type":"VEHICLE","velocity":{"y":0.38,"x":-3.04,"z":0}}],[{"acceleration":{"y":0.15,"x":0.21,"z":0},"position":{"y":4182688.11,"x":553027.15,"z":10.52},"volume":1.75,"type":"VEHICLE","velocity":{"y":0.01,"x":-0.45,"z":0}}],[{"acceleration":{"y":0.07,"x":-0.18,"z":0},"position":{"y":4182688.11,"x":553025.74,"z":10.46},"volume":7.67,"type":"VEHICLE","velocity":{"y":0.03,"x":-0.52,"z":0}}],[{"acceleration":{"y":-0.06,"x":-0.45,"z":0},"position":{"y":4182687.98,"x":553025.27,"z":10.42},"volume":7.37,"type":"VEHICLE","velocity":{"y":0,"x":-0.79,"z":0}}]],"action_description":"Light wetness","ev_state":[159.630035400391,10.1248054504395,201.581237792969,0,0,0.200000002980232,12,-1,0.00932252500206232,269.272521972656,0.0000268542626145063,0.00018870490409199315],"collision_probability":0}
 timestamp= 1619778214000 [RUN] Validate G1 Guard Condition: 
The ego vehicle E Detection.Collision == True.
 timestamp= 1619778214000 [RES] Global Validate result: 
false
 timestamp= 1619778214000 [RUN] Validate G2 Guard Condition: 
The ego vehicle E Detection.OffRoad == True.
 timestamp= 1619778214000 [RES] Global Validate result: 
false
 timestamp= 1619778214000 [RUN] Validate G3 Guard Condition: 
The ego vehicle E Detection.HardBrake == True.
 timestamp= 1619778214000 [RES] Global Validate result: 
false
 timestamp= 1619778214000 [RUN] Validate G4 Guard Condition: 
The ego vehicle E Detection.ArrivalTest == True.
 timestamp= 1619778214000 [RES] Global Validate result: 
false
 timestamp= 1619778214000 [RUN] Validate step: 
The test system VALIDATES THAT the Apollo A Status.GetControl is nearly equal to {"acceleration": -0.01, "throttle": 0.0, "steering_target": 0.13, "brake": 46.74, "steering_rate": 100.0, "speed": 0.0}
 timestamp= 1619778214000 [RES] Validate result: 
true
 timestamp= 1619778214000 [RUN] Generate steps
 timestamp= 1619778214000 [RUN] Validate step: 
The test system VALIDATES THAT the simulator S Status.GetEnvironment is nearly equal to {"x": 159.63, "y": 10.12, "z": 201.58, "rain": 0.0, "fog": 0.0, "wetness": 0.2, "timeofday": 12.0, "signal": -1.0, "rx": 0.01, "ry": 269.27, "rz": 0.0, "speed": 0.0}
 timestamp= 1619778214000 [RES] Validate result: 
true
 timestamp= 1619778214000 [RUN] Execute API step: 
The environment controller C INVOKES API Control.Agents.NPCVehicle.NPCVehicleSwitchLane(which_lane=Current_Lane&which_car=Jeep).
 timestamp= 1619778217000 [RES] API result: 
{"pose_arr":[{"vx":0,"ay":0,"az":9.81,"ax":0,"pz":10.12,"vy":0,"px":553034.96,"py":4182687.62},{"vx":-0.01,"ay":3.36,"az":9.81,"ax":-0.04,"pz":10.12,"vy":-0.01,"px":553034.83,"py":4182687.62},{"vx":-0.03,"ay":-0.7,"az":9.83,"ax":0.01,"pz":10.12,"vy":-0.03,"px":553033.75,"py":4182687.6},{"vx":-0.04,"ay":1.68,"az":9.81,"ax":-0.02,"pz":10.12,"vy":-0.04,"px":553032.16,"py":4182687.58},{"vx":-0.04,"ay":0.48,"az":9.81,"ax":-0.01,"pz":10.12,"vy":-0.04,"px":553030.22,"py":4182687.56},{"vx":-0.05,"ay":1.27,"az":9.81,"ax":-0.02,"pz":10.12,"vy":-0.05,"px":553028.92,"py":4182687.54}],"traffic_light":[3,3,3,3,3,3],"state_arr":[{"acceleration":-3,"throttle":0,"steering_target":0.13,"brake":69.99,"steering_rate":100,"speed":0},{"acceleration":0.63,"throttle":73.33,"steering_target":0.11,"brake":0,"steering_rate":100,"speed":0.93},{"acceleration":-0.79,"throttle":0,"steering_target":0.09,"brake":18.44,"steering_rate":100,"speed":2.1},{"acceleration":0.77,"throttle":69.37,"steering_target":0.16,"brake":0,"steering_rate":100,"speed":1.94},{"acceleration":0.57,"throttle":20.3,"steering_target":0.17,"brake":0,"steering_rate":100,"speed":2.82},{"acceleration":0.9,"throttle":25.75,"steering_target":0,"brake":0,"steering_rate":100,"speed":3.28},{"acceleration":-0.3,"throttle":0,"steering_target":-0.04,"brake":14.5,"steering_rate":100,"speed":4.25}],"obstacle_arr":[[{"acceleration":{"y":0.03,"x":-0.25,"z":0},"position":{"y":4182688.02,"x":553022.33,"z":10.66},"volume":0.74,"type":"VEHICLE","velocity":{"y":0.05,"x":-0.95,"z":0}}],[{"acceleration":{"y":-0.43,"x":-1.77,"z":0},"position":{"y":4182688,"x":553020.49,"z":10.09},"volume":4.74,"type":"VEHICLE","velocity":{"y":-0.25,"x":-2.34,"z":0}},{"acceleration":{"y":0,"x":0,"z":0},"position":{"y":4182687.09,"x":553011.44,"z":10.09},"volume":5.91,"type":"VEHICLE","velocity":{"y":0,"x":0,"z":0}}],[{"acceleration":{"y":0.47,"x":-0.5,"z":0},"position":{"y":4182687.91,"x":553019.57,"z":10.21},"volume":1.9,"type":"VEHICLE","velocity":{"y":0.11,"x":-2.49,"z":0}},{"acceleration":{"y":0,"x":-0.01,"z":0},"position":{"y":4182685.62,"x":553004.28,"z":10.68},"volume":1.8,"type":"VEHICLE","velocity":{"y":0,"x":0,"z":0}}],[{"acceleration":{"y":-0.01,"x":-1.77,"z":0},"position":{"y":4182688.11,"x":553013.84,"z":10.12},"volume":2.64,"type":"VEHICLE","velocity":{"y":-0.05,"x":-3.65,"z":0}}],[{"acceleration":{"y":0.24,"x":-5.77,"z":0},"position":{"y":4182687.92,"x":553006.32,"z":10.41},"volume":2.84,"type":"VEHICLE","velocity":{"y":-0.47,"x":-7.97,"z":0}}],[{"acceleration":{"y":2.14,"x":-4.57,"z":0},"position":{"y":4182689.44,"x":553000.84,"z":10.1},"volume":5.02,"type":"VEHICLE","velocity":{"y":0.63,"x":-11.82,"z":0}}]],"action_description":"NPC vehicle (Jeep) switching lane (current to right)","ev_state":[151.354278564453,10.1245231628418,201.473007202148,0,0,0.200000002980232,12,-1,359.8974609375,269.229736328125,0.000132675297209062,4.2462810110422105],"collision_probability":0}
 timestamp= 1619778217000 [RUN] Validate G1 Guard Condition: 
The ego vehicle E Detection.Collision == True.
 timestamp= 1619778217000 [RES] Global Validate result: 
false
 timestamp= 1619778217000 [RUN] Validate G2 Guard Condition: 
The ego vehicle E Detection.OffRoad == True.
 timestamp= 1619778217000 [RES] Global Validate result: 
false
 timestamp= 1619778217000 [RUN] Validate G3 Guard Condition: 
The ego vehicle E Detection.HardBrake == True.
 timestamp= 1619778217000 [RES] Global Validate result: 
false
 timestamp= 1619778217000 [RUN] Validate G4 Guard Condition: 
The ego vehicle E Detection.ArrivalTest == True.
 timestamp= 1619778218000 [RES] Global Validate result: 
false
 timestamp= 1619778218000 [RUN] Validate step: 
The test system VALIDATES THAT the Apollo A Status.GetControl is nearly equal to {"acceleration": -0.3, "throttle": 0.0, "steering_target": -0.04, "brake": 14.5, "steering_rate": 100.0, "speed": 4.25}
 timestamp= 1619778218000 [RES] Validate result: 
true
 timestamp= 1619778218000 [RUN] Generate steps
 timestamp= 1619778218000 [RUN] Validate step: 
The test system VALIDATES THAT the simulator S Status.GetEnvironment is nearly equal to {"x": 151.35, "y": 10.12, "z": 201.47, "rain": 0.0, "fog": 0.0, "wetness": 0.2, "timeofday": 12.0, "signal": -1.0, "rx": 359.9, "ry": 269.23, "rz": 0.0, "speed": 4.25}
 timestamp= 1619778218000 [RES] Validate result: 
true
 timestamp= 1619778218000 [RUN] Execute API step: 
The environment controller C INVOKES API Control.Agents.NPCVehicle.NPCVehicleSwitchLane(which_lane=Right_Lane&which_car=Hatchback).
 timestamp= 1619778221000 [RES] API result: 
{"pose_arr":[{"vx":-0.06,"ay":0.79,"az":9.79,"ax":-0.01,"pz":10.12,"vy":-0.06,"px":553026.92,"py":4182687.51},{"vx":-0.05,"ay":-0.52,"az":9.82,"ax":0.01,"pz":10.12,"vy":-0.05,"px":553024.65,"py":4182687.48},{"vx":-0.05,"ay":0.66,"az":9.81,"ax":-0.01,"pz":10.12,"vy":-0.05,"px":553021.52,"py":4182687.44},{"vx":-0.05,"ay":0.27,"az":9.81,"ax":0,"pz":10.12,"vy":-0.05,"px":553018.44,"py":4182687.41},{"vx":-0.06,"ay":0.97,"az":9.79,"ax":0.06,"pz":10.13,"vy":-0.06,"px":553016.3,"py":4182687.38},{"vx":0,"ay":0.27,"az":9.82,"ax":0,"pz":10.12,"vy":0,"px":553012.78,"py":4182687.35},{"vx":0.23,"ay":0.26,"az":9.81,"ax":0.02,"pz":10.12,"vy":0.23,"px":553009.18,"py":4182687.37}],"traffic_light":[3,3,1,0,0,0],"state_arr":[{"acceleration":-0.55,"throttle":0,"steering_target":-0.08,"brake":14.5,"steering_rate":100,"speed":4.27},{"acceleration":0.72,"throttle":22.73,"steering_target":-0.14,"brake":0,"steering_rate":100,"speed":4.09},{"acceleration":0.53,"throttle":15.7,"steering_target":-0.22,"brake":0,"steering_rate":100,"speed":4.52},{"acceleration":-0.93,"throttle":0,"steering_target":1.31,"brake":27.18,"steering_rate":100,"speed":4.7},{"acceleration":0.27,"throttle":15.7,"steering_target":-1.29,"brake":0,"steering_rate":100,"speed":4.5},{"acceleration":0.4,"throttle":15.7,"steering_target":-1.8,"brake":0,"steering_rate":100,"speed":4.67},{"acceleration":0.3,"throttle":15.7,"steering_target":-8.54,"brake":0,"steering_rate":100,"speed":4.81}],"obstacle_arr":[[],[{"acceleration":{"y":0,"x":-0.01,"z":0},"position":{"y":4182694.6,"x":553003.75,"z":10.62},"volume":5.6,"type":"VEHICLE","velocity":{"y":0,"x":0,"z":0}}],[{"acceleration":{"y":-0.01,"x":-0.01,"z":0},"position":{"y":4182692.94,"x":553000.51,"z":10.58},"volume":5.2,"type":"VEHICLE","velocity":{"y":0,"x":0,"z":0}}],[{"acceleration":{"y":0,"x":0,"z":0},"position":{"y":4182687.58,"x":552991.04,"z":10.86},"volume":0.67,"type":"VEHICLE","velocity":{"y":-0.08,"x":-0.28,"z":0}},{"acceleration":{"y":0,"x":0,"z":0},"position":{"y":4182706.93,"x":552978.83,"z":11.74},"volume":0,"type":"VEHICLE","velocity":{"y":0,"x":0,"z":0}}],[],[{"acceleration":{"y":0,"x":0.01,"z":0},"position":{"y":4182691.86,"x":553012.03,"z":10.57},"volume":1.09,"type":"PEDESTRIAN","velocity":{"y":-0.07,"x":1.63,"z":0}},{"acceleration":{"y":0,"x":0,"z":0},"position":{"y":4182685.98,"x":552980.73,"z":11.17},"volume":0,"type":"VEHICLE","velocity":{"y":0,"x":0,"z":0}}],[]],"action_description":"NPC vehicle (Hatchback) switching lane (right to left)","ev_state":[133.381256103516,10.124439239502,201.412246704102,0,0,0.200000002980232,12,-1,359.984100341797,272.161254882813,0.114889822900295,4.921817576622748],"collision_probability":0}
 timestamp= 1619778221000 [RUN] Validate G1 Guard Condition: 
The ego vehicle E Detection.Collision == True.
 timestamp= 1619778221000 [RES] Global Validate result: 
false
 timestamp= 1619778221000 [RUN] Validate G2 Guard Condition: 
The ego vehicle E Detection.OffRoad == True.
 timestamp= 1619778221000 [RES] Global Validate result: 
false
 timestamp= 1619778221000 [RUN] Validate G3 Guard Condition: 
The ego vehicle E Detection.HardBrake == True.
 timestamp= 1619778221000 [RES] Global Validate result: 
false
 timestamp= 1619778221000 [RUN] Validate G4 Guard Condition: 
The ego vehicle E Detection.ArrivalTest == True.
 timestamp= 1619778221000 [RES] Global Validate result: 
false
 timestamp= 1619778221000 [RUN] Validate step: 
The test system VALIDATES THAT the Apollo A Status.GetControl is nearly equal to {"acceleration": 0.3, "throttle": 15.7, "steering_target": -8.54, "brake": 0.0, "steering_rate": 100.0, "speed": 4.81}
 timestamp= 1619778221000 [RES] Validate result: 
true
 timestamp= 1619778221000 [RUN] Generate steps
 timestamp= 1619778221000 [RUN] Validate step: 
The test system VALIDATES THAT the simulator S Status.GetEnvironment is nearly equal to {"x": 133.38, "y": 10.12, "z": 201.41, "rain": 0.0, "fog": 0.0, "wetness": 0.2, "timeofday": 12.0, "signal": -1.0, "rx": 359.98, "ry": 272.16, "rz": 0.11, "speed": 4.92}
 timestamp= 1619778221000 [RES] Validate result: 
true
 timestamp= 1619778221000 [RUN] Execute API step: 
The environment controller C INVOKES API Control.Agents.Pedestrians.WalkRandomly(which_lane=Left_Lane).
 timestamp= 1619778225000 [RES] API result: 
{"pose_arr":[{"vx":0.62,"ay":0.43,"az":9.81,"ax":0.06,"pz":10.12,"vy":0.62,"px":553007.37,"py":4182687.45},{"vx":1.54,"ay":0.27,"az":9.81,"ax":0.09,"pz":10.12,"vy":1.54,"px":553003.93,"py":4182687.97},{"vx":2.11,"ay":-0.94,"az":9.81,"ax":-0.42,"pz":10.13,"vy":2.11,"px":553001.29,"py":4182688.8},{"vx":2.42,"ay":0.49,"az":9.81,"ax":0.02,"pz":10.12,"vy":2.42,"px":552999.24,"py":4182689.74},{"vx":3.78,"ay":0.16,"az":9.86,"ax":0.19,"pz":10.12,"vy":3.78,"px":552995.42,"py":4182691.99},{"vx":4.2,"ay":0.21,"az":9.81,"ax":0.13,"pz":10.12,"vy":4.2,"px":552991.97,"py":4182694.46}],"traffic_light":[0,0,0,0,0,0],"state_arr":[{"acceleration":0.48,"throttle":18.6,"steering_target":-15.7,"brake":0,"steering_rate":100,"speed":4.92},{"acceleration":0.49,"throttle":18.65,"steering_target":-20.47,"brake":0,"steering_rate":100,"speed":5.1},{"acceleration":-1.01,"throttle":0,"steering_target":-24.05,"brake":20.46,"steering_rate":100,"speed":5.23},{"acceleration":0.92,"throttle":15.7,"steering_target":-13.75,"brake":0,"steering_rate":100,"speed":4.83},{"acceleration":1.08,"throttle":15.7,"steering_target":-10.85,"brake":0,"steering_rate":100,"speed":5.84},{"acceleration":0.51,"throttle":15.7,"steering_target":-6.74,"brake":0,"steering_rate":100,"speed":6.65},{"acceleration":0.5,"throttle":15.7,"steering_target":-3.12,"brake":0,"steering_rate":100,"speed":6.79},{"acceleration":0.59,"throttle":15.7,"steering_target":-0.11,"brake":0,"steering_rate":100,"speed":6.92}],"obstacle_arr":[[],[{"acceleration":{"y":0,"x":0,"z":0},"position":{"y":4182666.9,"x":553001.79,"z":11.07},"volume":3.34,"type":"VEHICLE","velocity":{"y":0,"x":0,"z":0}},{"acceleration":{"y":0,"x":0,"z":0},"position":{"y":4182684.6,"x":552988.23,"z":10.56},"volume":0.01,"type":"UNKNOWN","velocity":{"y":0,"x":0,"z":0}},{"acceleration":{"y":0,"x":0,"z":0},"position":{"y":4182691.87,"x":553011.08,"z":10.51},"volume":1.42,"type":"UNKNOWN","velocity":{"y":0,"x":0,"z":0}}],[{"acceleration":{"y":0,"x":0,"z":0},"position":{"y":4182667.39,"x":553001.57,"z":10.7},"volume":3.69,"type":"VEHICLE","velocity":{"y":0,"x":0,"z":0}},{"acceleration":{"y":0.01,"x":-0.01,"z":0},"position":{"y":4182685.01,"x":552988.56,"z":10.6},"volume":0.06,"type":"PEDESTRIAN","velocity":{"y":0,"x":0,"z":0}},{"acceleration":{"y":0,"x":0,"z":0},"position":{"y":4182667.09,"x":553008.83,"z":11.13},"volume":1.21,"type":"VEHICLE","velocity":{"y":0,"x":0,"z":0}}],[{"acceleration":{"y":0,"x":0,"z":0},"position":{"y":4182684.59,"x":552990.18,"z":10.86},"volume":0.07,"type":"PEDESTRIAN","velocity":{"y":0,"x":0,"z":0}}],[],[],[]],"action_description":"Pedestrian crossing the road (left to right)","ev_state":[113.420707702637,10.1240911483765,212.108245849609,0,0,0.200000002980232,12,-1,359.984527587891,309.23046875,0.0300824772566557,6.915323785394925],"collision_probability":0}
 timestamp= 1619778225000 [RUN] Validate G1 Guard Condition: 
The ego vehicle E Detection.Collision == True.
 timestamp= 1619778225000 [RES] Global Validate result: 
false
 timestamp= 1619778225000 [RUN] Validate G2 Guard Condition: 
The ego vehicle E Detection.OffRoad == True.
 timestamp= 1619778225000 [RES] Global Validate result: 
false
 timestamp= 1619778225000 [RUN] Validate G3 Guard Condition: 
The ego vehicle E Detection.HardBrake == True.
 timestamp= 1619778225000 [RES] Global Validate result: 
false
 timestamp= 1619778225000 [RUN] Validate G4 Guard Condition: 
The ego vehicle E Detection.ArrivalTest == True.
 timestamp= 1619778225000 [RES] Global Validate result: 
false
 timestamp= 1619778225000 [RUN] Validate step: 
The test system VALIDATES THAT the Apollo A Status.GetControl is nearly equal to {"acceleration": 0.59, "throttle": 15.7, "steering_target": -0.11, "brake": 0.0, "steering_rate": 100.0, "speed": 6.92}
 timestamp= 1619778225000 [RES] Validate result: 
true
 timestamp= 1619778225000 [RUN] Generate steps
 timestamp= 1619778225000 [RUN] Validate step: 
The test system VALIDATES THAT the simulator S Status.GetEnvironment is nearly equal to {"x": 113.42, "y": 10.12, "z": 212.11, "rain": 0.0, "fog": 0.0, "wetness": 0.2, "timeofday": 12.0, "signal": -1.0, "rx": 359.98, "ry": 309.23, "rz": 0.03, "speed": 6.92}
 timestamp= 1619778225000 [RES] Validate result: 
true
 timestamp= 1619778225000 [RUN] Execute API step: 
The environment controller C INVOKES API Control.Agents.NPCVehicle.NPCVehicleMaintainLane(which_lane=Right_Lane&which_car=SchoolBus).
 timestamp= 1619778229000 [RES] API result: 
{"pose_arr":[{"vx":4.36,"ay":0.29,"az":9.81,"ax":0.02,"pz":10.12,"vy":4.36,"px":552988.93,"py":4182696.88},{"vx":4.57,"ay":0.57,"az":9.8,"ax":0.65,"pz":10.12,"vy":4.57,"px":552985.91,"py":4182699.35},{"vx":4.74,"ay":0.19,"az":9.81,"ax":0.14,"pz":10.12,"vy":4.74,"px":552981.62,"py":4182702.87},{"vx":4.73,"ay":0.05,"az":9.81,"ax":0.31,"pz":10.12,"vy":4.73,"px":552977.81,"py":4182705.96},{"vx":4.83,"ay":0.25,"az":9.81,"ax":0.09,"pz":10.12,"vy":4.83,"px":552974.34,"py":4182708.71},{"vx":4.82,"ay":0,"az":9.81,"ax":0,"pz":10.12,"vy":4.82,"px":552970.93,"py":4182711.4},{"vx":4.95,"ay":0.23,"az":9.81,"ax":0.2,"pz":10.12,"vy":4.95,"px":552966.44,"py":4182714.87}],"traffic_light":[0,0,0,3,3,3,3],"state_arr":[{"acceleration":0.82,"throttle":15.7,"steering_target":-0.42,"brake":0,"steering_rate":100,"speed":7.23},{"acceleration":0.69,"throttle":15.7,"steering_target":0.36,"brake":0,"steering_rate":100,"speed":7.38},{"acceleration":0.7,"throttle":15.7,"steering_target":1.32,"brake":0,"steering_rate":100,"speed":7.54},{"acceleration":0.88,"throttle":23.91,"steering_target":-0.36,"brake":0,"steering_rate":100,"speed":7.66},{"acceleration":0.47,"throttle":19.5,"steering_target":1.83,"brake":0,"steering_rate":100,"speed":7.81},{"acceleration":0.44,"throttle":18.78,"steering_target":-0.13,"brake":0,"steering_rate":100,"speed":7.97},{"acceleration":0.25,"throttle":15.7,"steering_target":0.81,"brake":0,"steering_rate":100,"speed":8.18}],"obstacle_arr":[[],[{"acceleration":{"y":0,"x":0,"z":0},"position":{"y":4182703.49,"x":552993.7,"z":10.52},"volume":96.99,"type":"VEHICLE","velocity":{"y":0,"x":0,"z":0}}],[{"acceleration":{"y":0,"x":0,"z":0},"position":{"y":4182705.64,"x":552990.36,"z":10.33},"volume":84.06,"type":"VEHICLE","velocity":{"y":0,"x":0,"z":0}}],[{"acceleration":{"y":0,"x":0,"z":0},"position":{"y":4182706.53,"x":552988.82,"z":10.34},"volume":86.06,"type":"VEHICLE","velocity":{"y":0,"x":0,"z":0}}],[{"acceleration":{"y":0.01,"x":-0.01,"z":0},"position":{"y":4182708.89,"x":552985.14,"z":10.33},"volume":82.77,"type":"VEHICLE","velocity":{"y":2.74,"x":-4.64,"z":0}}],[{"acceleration":{"y":0,"x":0,"z":0},"position":{"y":4182709.79,"x":552983.04,"z":10.34},"volume":69.58,"type":"VEHICLE","velocity":{"y":3.12,"x":-5.16,"z":0}}]],"action_description":"NPC vehicle (SchoolBus) driving on the right lane","ev_state":[89.4641494750977,10.123815536499,231.130615234375,0,0,0.200000002980232,12,1,359.981048583984,307.205078125,359.963592529297,8.229424873437793],"collision_probability":0}
 timestamp= 1619778229000 [RUN] Validate G1 Guard Condition: 
The ego vehicle E Detection.Collision == True.
 timestamp= 1619778229000 [RES] Global Validate result: 
false
 timestamp= 1619778229000 [RUN] Validate G2 Guard Condition: 
The ego vehicle E Detection.OffRoad == True.
 timestamp= 1619778229000 [RES] Global Validate result: 
false
 timestamp= 1619778229000 [RUN] Validate G3 Guard Condition: 
The ego vehicle E Detection.HardBrake == True.
 timestamp= 1619778229000 [RES] Global Validate result: 
false
 timestamp= 1619778229000 [RUN] Validate G4 Guard Condition: 
The ego vehicle E Detection.ArrivalTest == True.
 timestamp= 1619778229000 [RES] Global Validate result: 
false
 timestamp= 1619778229000 [RUN] Validate step: 
The test system VALIDATES THAT the Apollo A Status.GetControl is nearly equal to {"acceleration": 0.25, "throttle": 15.7, "steering_target": 0.81, "brake": 0.0, "steering_rate": 100.0, "speed": 8.18}
 timestamp= 1619778229000 [RES] Validate result: 
true
 timestamp= 1619778229000 [RUN] Generate steps
 timestamp= 1619778229000 [RUN] Validate step: 
The test system VALIDATES THAT the simulator S Status.GetEnvironment is nearly equal to {"x": 89.46, "y": 10.12, "z": 231.13, "rain": 0.0, "fog": 0.0, "wetness": 0.2, "timeofday": 12.0, "signal": 1.0, "rx": 359.98, "ry": 307.21, "rz": 359.96, "speed": 8.23}
 timestamp= 1619778229000 [RES] Validate result: 
true
 timestamp= 1619778229000 [RUN] Execute API step: 
The environment controller C INVOKES API Control.Agents.NPCVehicle.NPCVehicleSwitchLane(which_lane=Right_Lane&which_car=SUV).
 timestamp= 1619778233000 [RES] API result: 
{"pose_arr":[{"vx":4.98,"ay":0.31,"az":9.82,"ax":0.25,"pz":10.12,"vy":4.98,"px":552964,"py":4182716.73},{"vx":5.09,"ay":0.27,"az":9.81,"ax":0.21,"pz":10.12,"vy":5.09,"px":552959.88,"py":4182719.83},{"vx":5.2,"ay":0.17,"az":9.81,"ax":0.13,"pz":10.12,"vy":5.2,"px":552955.42,"py":4182723.19},{"vx":5.16,"ay":0.19,"az":9.8,"ax":0.11,"pz":10.12,"vy":5.16,"px":552951.27,"py":4182726.29},{"vx":5.21,"ay":0.18,"az":9.81,"ax":0.11,"pz":10.12,"vy":5.21,"px":552948.3,"py":4182728.52},{"vx":5.12,"ay":0.17,"az":9.81,"ax":0.13,"pz":10.12,"vy":5.12,"px":552943.22,"py":4182732.33},{"vx":5.06,"ay":0.17,"az":9.8,"ax":0.13,"pz":10.12,"vy":5.06,"px":552938.52,"py":4182735.86}],"traffic_light":[3,3,3,3,3,3],"state_arr":[{"acceleration":0.52,"throttle":19.99,"steering_target":0.7,"brake":0,"steering_rate":100,"speed":8.23},{"acceleration":0.39,"throttle":17.09,"steering_target":-0.59,"brake":0,"steering_rate":100,"speed":8.46},{"acceleration":0.06,"throttle":15.7,"steering_target":0.88,"brake":0,"steering_rate":100,"speed":8.64},{"acceleration":0.14,"throttle":15.7,"steering_target":-0.23,"brake":0,"steering_rate":100,"speed":8.58},{"acceleration":-0.06,"throttle":0,"steering_target":0.1,"brake":14.5,"steering_rate":100,"speed":8.69},{"acceleration":-0.07,"throttle":0,"steering_target":-0.32,"brake":14.5,"steering_rate":100,"speed":8.58},{"acceleration":0.51,"throttle":19.64,"steering_target":-0.05,"brake":0,"steering_rate":100,"speed":8.44},{"acceleration":-0.16,"throttle":0,"steering_target":-0.01,"brake":14.5,"steering_rate":100,"speed":8.54}],"obstacle_arr":[[{"acceleration":{"y":0.49,"x":-1.36,"z":0},"position":{"y":4182712.22,"x":552978.67,"z":10.33},"volume":52.24,"type":"VEHICLE","velocity":{"y":3.84,"x":-7.64,"z":0}}],[{"acceleration":{"y":0.22,"x":0.97,"z":0},"position":{"y":4182713.9,"x":552975.43,"z":10.51},"volume":40.43,"type":"VEHICLE","velocity":{"y":3.91,"x":-7.41,"z":0}},{"acceleration":{"y":0,"x":0,"z":0},"position":{"y":4182735.06,"x":552953.19,"z":10.63},"volume":6.17,"type":"VEHICLE","velocity":{"y":0,"x":0,"z":0}},{"acceleration":{"y":0,"x":0,"z":0},"position":{"y":4182720.81,"x":552963.57,"z":10.67},"volume":0.02,"type":"UNKNOWN","velocity":{"y":0,"x":0,"z":0}}],[{"acceleration":{"y":-0.65,"x":0.99,"z":0},"position":{"y":4182716.18,"x":552971.16,"z":10.33},"volume":17.87,"type":"VEHICLE","velocity":{"y":3.67,"x":-6.73,"z":0}},{"acceleration":{"y":0,"x":0,"z":0},"position":{"y":4182735.33,"x":552952.61,"z":10.34},"volume":11.83,"type":"VEHICLE","velocity":{"y":0,"x":0,"z":0}}],[{"acceleration":{"y":-1.03,"x":1.94,"z":0},"position":{"y":4182718.23,"x":552967.84,"z":10.33},"volume":15.21,"type":"VEHICLE","velocity":{"y":2.99,"x":-5.56,"z":0}},{"acceleration":{"y":0,"x":0,"z":0},"position":{"y":4182736.36,"x":552950.06,"z":10.34},"volume":11.21,"type":"VEHICLE","velocity":{"y":0,"x":0,"z":0}}],[{"acceleration":{"y":-1.27,"x":2.42,"z":0},"position":{"y":4182718.94,"x":552966.16,"z":10.13},"volume":26.44,"type":"VEHICLE","velocity":{"y":2.35,"x":-4.33,"z":0}},{"acceleration":{"y":0,"x":0,"z":0},"position":{"y":4182736.04,"x":552949.16,"z":10.33},"volume":10.86,"type":"VEHICLE","velocity":{"y":0,"x":0,"z":0}}],[{"acceleration":{"y":-1.34,"x":2.51,"z":0},"position":{"y":4182719.21,"x":552965.96,"z":10.1},"volume":44.53,"type":"VEHICLE","velocity":{"y":1.55,"x":-2.82,"z":0}},{"acceleration":{"y":0,"x":0,"z":0},"position":{"y":4182737.18,"x":552946.37,"z":10.34},"volume":9.17,"type":"VEHICLE","velocity":{"y":0,"x":0,"z":0}}],[{"acceleration":{"y":0.04,"x":-0.06,"z":0},"position":{"y":4182739.18,"x":552941.26,"z":10.34},"volume":14.91,"type":"VEHICLE","velocity":{"y":2.54,"x":-6.08,"z":0}}]],"action_description":"NPC vehicle (SUV) switching lane (right to left)","ev_state":[62.1413459777832,10.1237630844116,251.652969360352,0,0,0.200000002980232,12,1,359.980407714844,307.077575683594,0.00459398655220866,8.538687987492283],"collision_probability":0.208}
 timestamp= 1619778233000 [RUN] Validate G1 Guard Condition: 
The ego vehicle E Detection.Collision == True.
 timestamp= 1619778233000 [RES] Global Validate result: 
false
 timestamp= 1619778233000 [RUN] Validate G2 Guard Condition: 
The ego vehicle E Detection.OffRoad == True.
 timestamp= 1619778233000 [RES] Global Validate result: 
false
 timestamp= 1619778233000 [RUN] Validate G3 Guard Condition: 
The ego vehicle E Detection.HardBrake == True.
 timestamp= 1619778233000 [RES] Global Validate result: 
false
 timestamp= 1619778233000 [RUN] Validate G4 Guard Condition: 
The ego vehicle E Detection.ArrivalTest == True.
 timestamp= 1619778233000 [RES] Global Validate result: 
false
 timestamp= 1619778233000 [RUN] Validate step: 
The test system VALIDATES THAT the Apollo A Status.GetControl is nearly equal to {"acceleration": -0.16, "throttle": 0.0, "steering_target": -0.01, "brake": 14.5, "steering_rate": 100.0, "speed": 8.54}
 timestamp= 1619778233000 [RES] Validate result: 
true
 timestamp= 1619778233000 [RUN] Generate steps
 timestamp= 1619778233000 [RUN] Validate step: 
The test system VALIDATES THAT the simulator S Status.GetEnvironment is nearly equal to {"x": 62.14, "y": 10.12, "z": 251.65, "rain": 0.0, "fog": 0.0, "wetness": 0.2, "timeofday": 12.0, "signal": 1.0, "rx": 359.98, "ry": 307.08, "rz": 0.0, "speed": 8.54}
 timestamp= 1619778233000 [RES] Validate result: 
true
 timestamp= 1619778233000 [RUN] Execute API step: 
The environment controller C INVOKES API Control.Agents.NPCVehicle.NPCVehicleMaintainLane(which_lane=Right_Lane&which_car=Hatchback).
 timestamp= 1619778237000 [RES] API result: 
{"pose_arr":[{"vx":5.21,"ay":0.24,"az":9.82,"ax":0.18,"pz":10.12,"vy":5.21,"px":552936.07,"py":4182737.72},{"vx":5.17,"ay":-0.5,"az":9.82,"ax":-0.37,"pz":10.12,"vy":5.17,"px":552931.64,"py":4182741.07},{"vx":5.14,"ay":0.24,"az":9.78,"ax":0.26,"pz":10.12,"vy":5.14,"px":552928.6,"py":4182743.36},{"vx":5.21,"ay":0.33,"az":9.81,"ax":0.17,"pz":10.12,"vy":5.21,"px":552925.13,"py":4182745.97},{"vx":5.45,"ay":0.2,"az":9.81,"ax":0.19,"pz":10.12,"vy":5.45,"px":552921.6,"py":4182748.65},{"vx":5.24,"ay":-0.51,"az":9.83,"ax":-0.38,"pz":10.12,"vy":5.24,"px":552917.22,"py":4182752.05},{"vx":5.28,"ay":-0.49,"az":9.81,"ax":-0.4,"pz":10.12,"vy":5.28,"px":552912.95,"py":4182755.22},{"vx":4.99,"ay":-0.59,"az":9.81,"ax":-0.24,"pz":10.12,"vy":4.99,"px":552909.89,"py":4182757.59}],"traffic_light":[3,3,3,3,3,0],"state_arr":[{"acceleration":-1.12,"throttle":0,"steering_target":-0.07,"brake":20.12,"steering_rate":100,"speed":8.7},{"acceleration":0.12,"throttle":15.7,"steering_target":-0.14,"brake":0,"steering_rate":100,"speed":8.55},{"acceleration":0.59,"throttle":15.7,"steering_target":2.94,"brake":0,"steering_rate":100,"speed":8.51},{"acceleration":0.33,"throttle":16.04,"steering_target":-3.56,"brake":0,"steering_rate":100,"speed":8.66},{"acceleration":0.18,"throttle":15.7,"steering_target":2.12,"brake":0,"steering_rate":100,"speed":8.83},{"acceleration":-0.03,"throttle":0,"steering_target":1.23,"brake":14.5,"steering_rate":100,"speed":8.92},{"acceleration":-0.15,"throttle":0,"steering_target":-4.1,"brake":14.5,"steering_rate":100,"speed":8.65},{"acceleration":-0.12,"throttle":0,"steering_target":1.37,"brake":14.5,"steering_rate":100,"speed":8.34}],"obstacle_arr":[[{"acceleration":{"y":1.55,"x":-3.59,"z":0},"position":{"y":4182740.47,"x":552938.45,"z":10.13},"volume":16.57,"type":"VEHICLE","velocity":{"y":3.35,"x":-8.07,"z":0}},{"acceleration":{"y":0,"x":0,"z":0},"position":{"y":4182708.68,"x":552949.99,"z":10.43},"volume":1.49,"type":"VEHICLE","velocity":{"y":0,"x":0,"z":0}},{"acceleration":{"y":0,"x":0.01,"z":0},"position":{"y":4182722.36,"x":552960.55,"z":10.15},"volume":69.4,"type":"VEHICLE","velocity":{"y":0,"x":0,"z":0}}],[{"acceleration":{"y":1.66,"x":-1.44,"z":0},"position":{"y":4182741.77,"x":552935.38,"z":10.13},"volume":20.81,"type":"VEHICLE","velocity":{"y":4.56,"x":-9.43,"z":0}},{"acceleration":{"y":0,"x":-0.01,"z":0},"position":{"y":4182725.76,"x":552954.26,"z":10.82},"volume":6.5,"type":"VEHICLE","velocity":{"y":0.42,"x":-0.73,"z":0}},{"acceleration":{"y":0,"x":0,"z":0},"position":{"y":4182743.79,"x":552941.41,"z":11.48},"volume":0.3,"type":"UNKNOWN","velocity":{"y":0,"x":0,"z":0}}],[{"acceleration":{"y":0.61,"x":0.3,"z":0},"position":{"y":4182741.77,"x":552934.34,"z":10.85},"volume":11.85,"type":"VEHICLE","velocity":{"y":5.49,"x":-9.77,"z":0}},{"acceleration":{"y":-0.01,"x":0.01,"z":0},"position":{"y":4182724.41,"x":552955.75,"z":10.13},"volume":78.91,"type":"VEHICLE","velocity":{"y":0.43,"x":-0.75,"z":0}},{"acceleration":{"y":0,"x":0,"z":0},"position":{"y":4182743.3,"x":552940.73,"z":10.34},"volume":8.61,"type":"UNKNOWN","velocity":{"y":0,"x":0,"z":0}}],[{"acceleration":{"y":-0.71,"x":2.16,"z":0},"position":{"y":4182742.25,"x":552933.95,"z":10.13},"volume":18.09,"type":"VEHICLE","velocity":{"y":5.3,"x":-8.7,"z":0}},{"acceleration":{"y":0.01,"x":-0.02,"z":0},"position":{"y":4182728.02,"x":552950.77,"z":10.52},"volume":19.24,"type":"VEHICLE","velocity":{"y":2.18,"x":-3.2,"z":0}},{"acceleration":{"y":0.01,"x":-0.03,"z":0},"position":{"y":4182744,"x":552938.46,"z":10.34},"volume":5.92,"type":"VEHICLE","velocity":{"y":0.15,"x":-1.12,"z":0}}],[{"acceleration":{"y":-1.09,"x":2.68,"z":0},"position":{"y":4182742.13,"x":552933.74,"z":10.15},"volume":12.2,"type":"VEHICLE","velocity":{"y":4.71,"x":-7.19,"z":0}},{"acceleration":{"y":-0.28,"x":0.34,"z":0},"position":{"y":4182728.06,"x":552950.13,"z":10.17},"volume":53.2,"type":"VEHICLE","velocity":{"y":1.79,"x":-2.62,"z":0}},{"acceleration":{"y":0.19,"x":0.45,"z":0},"position":{"y":4182743.84,"x":552938.57,"z":10.36},"volume":9.68,"type":"VEHICLE","velocity":{"y":0.19,"x":-0.5,"z":0}}],[{"acceleration":{"y":-1,"x":2.39,"z":0},"position":{"y":4182742.07,"x":552933.74,"z":10.08},"volume":10.89,"type":"VEHICLE","velocity":{"y":0,"x":0,"z":0}},{"acceleration":{"y":-0.67,"x":-0.25,"z":0},"position":{"y":4182730.42,"x":552945.4,"z":10.91},"volume":16.61,"type":"VEHICLE","velocity":{"y":1.46,"x":-3.01,"z":0}},{"acceleration":{"y":-0.17,"x":0.85,"z":0},"position":{"y":4182743.8,"x":552938.61,"z":10.51},"volume":7.22,"type":"VEHICLE","velocity":{"y":0,"x":0,"z":0}},{"acceleration":{"y":0,"x":0,"z":0},"position":{"y":4182754.5,"x":552919.32,"z":10.35},"volume":0.08,"type":"UNKNOWN","velocity":{"y":0,"x":0,"z":0}},{"acceleration":{"y":0,"x":0,"z":0},"position":{"y":4182751.42,"x":552923.37,"z":10.33},"volume":0.02,"type":"UNKNOWN","velocity":{"y":0,"x":0,"z":0}}],[{"acceleration":{"y":-0.38,"x":0.86,"z":0},"position":{"y":4182742.39,"x":552934.08,"z":10.12},"volume":7.77,"type":"VEHICLE","velocity":{"y":0,"x":0,"z":0}},{"acceleration":{"y":-0.16,"x":-0.66,"z":0},"position":{"y":4182732.61,"x":552943.35,"z":10.99},"volume":12.52,"type":"VEHICLE","velocity":{"y":1.42,"x":-3.41,"z":0}},{"acceleration":{"y":-0.13,"x":0.23,"z":0},"position":{"y":4182744.16,"x":552939.11,"z":10.33},"volume":7.01,"type":"VEHICLE","velocity":{"y":0,"x":0,"z":0}}]],"action_description":"NPC vehicle (Hatchback) driving on the right lane","ev_state":[34.575553894043,10.1237783432007,272.587738037109,0,0,0.200000002980232,12,-1,0.0358902364969254,307.291107177734,359.948455810547,8.229759884018659],"collision_probability":1}
 timestamp= 1619778237000 [RUN] Validate G1 Guard Condition: 
The ego vehicle E Detection.Collision == True.
 timestamp= 1619778237000 [RES] Global Validate result: 
true
 timestamp= 1619778237000 [RUN] Collision == True
 timestamp= 1619778237000 [RUN] Validate G2 Guard Condition: 
The ego vehicle E Detection.OffRoad == True.
 timestamp= 1619778237000 [RES] Global Validate result: 
false
 timestamp= 1619778237000 [RUN] Validate G3 Guard Condition: 
The ego vehicle E Detection.HardBrake == True.
 timestamp= 1619778237000 [RES] Global Validate result: 
false
 timestamp= 1619778237000 [RUN] Validate G4 Guard Condition: 
The ego vehicle E Detection.ArrivalTest == True.
 timestamp= 1619778237000 [RES] Global Validate result: 
false
 timestamp= 1619778237000 [RUN] Validate step: 
The test system VALIDATES THAT the Apollo A Status.GetControl is nearly equal to {"acceleration": -0.12, "throttle": 0.0, "steering_target": 1.37, "brake": 14.5, "steering_rate": 100.0, "speed": 8.34}
 timestamp= 1619778237000 [RES] Validate result: 
true
 timestamp= 1619778237000 [RUN] Generate steps
 timestamp= 1619778237000 [RUN] Validate step: 
The test system VALIDATES THAT the simulator S Status.GetEnvironment is nearly equal to {"x": 34.58, "y": 10.12, "z": 272.59, "rain": 0.0, "fog": 0.0, "wetness": 0.2, "timeofday": 12.0, "signal": -1.0, "rx": 0.04, "ry": 307.29, "rz": 359.95, "speed": 8.23}
 timestamp= 1619778237000 [RES] Validate result: 
true
 timestamp= 1619778237000 [RUN] Execute API step: 
The environment controller C INVOKES API Control.Agents.Pedestrians.WalkRandomly(which_lane=Left_Lane).
 timestamp= 1619778241000 [RES] API result: 
{"pose_arr":[{"vx":5.06,"ay":0.19,"az":9.8,"ax":0.11,"pz":10.12,"vy":5.06,"px":552906.88,"py":4182759.89},{"vx":4.87,"ay":-0.49,"az":9.82,"ax":-0.37,"pz":10.12,"vy":4.87,"px":552903.18,"py":4182762.73},{"vx":4.67,"ay":-0.52,"az":9.81,"ax":-0.32,"pz":10.12,"vy":4.67,"px":552900.18,"py":4182765.03},{"vx":4.46,"ay":-0.89,"az":9.82,"ax":-0.9,"pz":10.13,"vy":4.46,"px":552897.19,"py":4182767.31},{"vx":4.18,"ay":-0.55,"az":9.81,"ax":-0.24,"pz":10.12,"vy":4.18,"px":552893.85,"py":4182769.86},{"vx":4,"ay":-0.46,"az":9.81,"ax":-0.35,"pz":10.12,"vy":4,"px":552890.47,"py":4182772.43},{"vx":3.77,"ay":-0.51,"az":9.81,"ax":-0.39,"pz":10.13,"vy":3.77,"px":552887.92,"py":4182774.39}],"traffic_light":[3,3,3,3,3,3,3],"state_arr":[{"acceleration":0.09,"throttle":15.7,"steering_target":-1.28,"brake":0,"steering_rate":100,"speed":8.22},{"acceleration":-0.32,"throttle":0,"steering_target":0.51,"brake":14.5,"steering_rate":100,"speed":8.31},{"acceleration":-0.29,"throttle":0,"steering_target":0.24,"brake":14.5,"steering_rate":100,"speed":8.01},{"acceleration":-0.33,"throttle":0,"steering_target":-0.51,"brake":14.5,"steering_rate":100,"speed":7.7},{"acceleration":-0.32,"throttle":0,"steering_target":0.87,"brake":14.5,"steering_rate":100,"speed":7.28},{"acceleration":-0.21,"throttle":0,"steering_target":-0.28,"brake":14.5,"steering_rate":100,"speed":6.96},{"acceleration":-0.38,"throttle":0,"steering_target":-0.86,"brake":14.5,"steering_rate":100,"speed":6.67},{"acceleration":-0.65,"throttle":0,"steering_target":0.96,"brake":15.74,"steering_rate":100,"speed":6.33},{"acceleration":-0.86,"throttle":0,"steering_target":-0.47,"brake":44.9,"steering_rate":100,"speed":6}],"obstacle_arr":[[{"acceleration":{"y":-0.02,"x":0.04,"z":0},"position":{"y":4182742.58,"x":552933.27,"z":10.1},"volume":11.05,"type":"VEHICLE","velocity":{"y":0,"x":0,"z":0}},{"acceleration":{"y":-0.41,"x":0.67,"z":0},"position":{"y":4182733.63,"x":552940.38,"z":10.73},"volume":36.08,"type":"VEHICLE","velocity":{"y":1.18,"x":-2.8,"z":0}},{"acceleration":{"y":0,"x":0,"z":0},"position":{"y":4182744.27,"x":552937.8,"z":10.46},"volume":3.53,"type":"VEHICLE","velocity":{"y":0,"x":0,"z":0}}],[{"acceleration":{"y":0,"x":0,"z":0},"position":{"y":4182742.45,"x":552933.34,"z":10.48},"volume":6.04,"type":"VEHICLE","velocity":{"y":0,"x":0,"z":0}},{"acceleration":{"y":-0.95,"x":1.87,"z":0},"position":{"y":4182734.55,"x":552938.69,"z":10.66},"volume":47.38,"type":"VEHICLE","velocity":{"y":0.59,"x":-1.61,"z":0}}],[{"acceleration":{"y":0,"x":0,"z":0},"position":{"y":4182742.58,"x":552933.64,"z":10.07},"volume":8.42,"type":"VEHICLE","velocity":{"y":0,"x":0,"z":0}},{"acceleration":{"y":-0.85,"x":1.94,"z":0},"position":{"y":4182736.32,"x":552935.23,"z":10.66},"volume":32.53,"type":"VEHICLE","velocity":{"y":0,"x":0,"z":0}}],[{"acceleration":{"y":0,"x":0,"z":0},"position":{"y":4182742.2,"x":552933.62,"z":10.86},"volume":5.07,"type":"VEHICLE","velocity":{"y":0,"x":0,"z":0}},{"acceleration":{"y":0,"x":0,"z":0},"position":{"y":4182768.06,"x":552892.5,"z":10.44},"volume":0.07,"type":"PEDESTRIAN","velocity":{"y":0,"x":0,"z":0}}],[{"acceleration":{"y":0,"x":0,"z":0},"position":{"y":4182742.48,"x":552934.61,"z":10.66},"volume":1.47,"type":"VEHICLE","velocity":{"y":0,"x":0,"z":0}},{"acceleration":{"y":0,"x":0,"z":0},"position":{"y":4182739.43,"x":552930.27,"z":10.61},"volume":24.27,"type":"VEHICLE","velocity":{"y":0,"x":0,"z":0}}],[{"acceleration":{"y":0.01,"x":-0.01,"z":0},"position":{"y":4182741.01,"x":552927.49,"z":10.57},"volume":23.95,"type":"VEHICLE","velocity":{"y":0.65,"x":-0.79,"z":0}}],[{"acceleration":{"y":-0.65,"x":0.8,"z":0},"position":{"y":4182742.33,"x":552925.64,"z":11.64},"volume":8.27,"type":"VEHICLE","velocity":{"y":0,"x":0,"z":0}}],[{"acceleration":{"y":-0.03,"x":0.04,"z":0},"position":{"y":4182742.99,"x":552924.27,"z":11.59},"volume":9.62,"type":"VEHICLE","velocity":{"y":0,"x":0,"z":0}},{"acceleration":{"y":0,"x":0,"z":0},"position":{"y":4182769.29,"x":552894.02,"z":10.56},"volume":0.13,"type":"PEDESTRIAN","velocity":{"y":0.57,"x":0.03,"z":0}}]],"action_description":"Pedestrian crossing the road (left to right)","ev_state":[11.3852281570435,10.1242704391479,290.318115234375,0,0,0.200000002980232,12,-1,0.0403981097042561,307.284576416016,359.979400634766,5.997579686804733],"collision_probability":0.531}
 timestamp= 1619778241000 [RUN] Validate G1 Guard Condition: 
The ego vehicle E Detection.Collision == True.
 timestamp= 1619778241000 [RES] Global Validate result: 
false
 timestamp= 1619778241000 [RUN] Validate G2 Guard Condition: 
The ego vehicle E Detection.OffRoad == True.
 timestamp= 1619778241000 [RES] Global Validate result: 
false
 timestamp= 1619778241000 [RUN] Validate G3 Guard Condition: 
The ego vehicle E Detection.HardBrake == True.
 timestamp= 1619778241000 [RES] Global Validate result: 
false
 timestamp= 1619778241000 [RUN] Validate G4 Guard Condition: 
The ego vehicle E Detection.ArrivalTest == True.
 timestamp= 1619778241000 [RES] Global Validate result: 
false
 timestamp= 1619778241000 [RUN] Validate step: 
The test system VALIDATES THAT the Apollo A Status.GetControl is nearly equal to {"acceleration": -0.86, "throttle": 0.0, "steering_target": -0.47, "brake": 44.9, "steering_rate": 100.0, "speed": 6.0}
 timestamp= 1619778241000 [RES] Validate result: 
true
 timestamp= 1619778241000 [RUN] Generate steps
 timestamp= 1619778241000 [RUN] Validate step: 
The test system VALIDATES THAT the simulator S Status.GetEnvironment is nearly equal to {"x": 11.39, "y": 10.12, "z": 290.32, "rain": 0.0, "fog": 0.0, "wetness": 0.2, "timeofday": 12.0, "signal": -1.0, "rx": 0.04, "ry": 307.28, "rz": 359.98, "speed": 6.0}
 timestamp= 1619778241000 [RES] Validate result: 
true
 timestamp= 1619778241000 [RUN] Execute API step: 
The environment controller C INVOKES API Control.Agents.NPCVehicle.NPCVehicleMaintainLane(which_lane=Left_Lane&which_car=BoxTruck).
 timestamp= 1619778246000 [RES] API result: 
{"pose_arr":[{"vx":3.61,"ay":-0.58,"az":9.84,"ax":-0.35,"pz":10.13,"vy":3.61,"px":552886.35,"py":4182775.59},{"vx":3.12,"ay":-0.51,"az":9.78,"ax":-0.41,"pz":10.13,"vy":3.12,"px":552884.5,"py":4182777},{"vx":2.96,"ay":-0.43,"az":9.81,"ax":-0.33,"pz":10.13,"vy":2.96,"px":552882.71,"py":4182778.37},{"vx":2.75,"ay":-0.57,"az":9.81,"ax":-0.37,"pz":10.13,"vy":2.75,"px":552880.58,"py":4182780},{"vx":2.45,"ay":-1.38,"az":9.82,"ax":-1.07,"pz":10.13,"vy":2.45,"px":552878.45,"py":4182781.64},{"vx":2.26,"ay":-1.51,"az":9.81,"ax":-1.17,"pz":10.13,"vy":2.26,"px":552877.37,"py":4182782.46},{"vx":1.97,"ay":-0.56,"az":9.81,"ax":-0.42,"pz":10.13,"vy":1.97,"px":552875.96,"py":4182783.54},{"vx":1.77,"ay":-0.65,"az":9.81,"ax":-0.5,"pz":10.13,"vy":1.77,"px":552874.98,"py":4182784.29},{"vx":1.47,"ay":-0.7,"az":9.81,"ax":-0.53,"pz":10.13,"vy":1.47,"px":552873.72,"py":4182785.25}],"traffic_light":[3,3,3,3,2,2],"state_arr":[{"acceleration":-0.3,"throttle":0,"steering_target":-0.53,"brake":14.5,"steering_rate":100,"speed":5.23},{"acceleration":-0.61,"throttle":0,"steering_target":0.16,"brake":14.65,"steering_rate":100,"speed":4.99},{"acceleration":-0.64,"throttle":0,"steering_target":-0.07,"brake":15.56,"steering_rate":100,"speed":4.64},{"acceleration":-0.75,"throttle":0,"steering_target":-0.16,"brake":16.91,"steering_rate":100,"speed":4.4},{"acceleration":-0.78,"throttle":0,"steering_target":0.13,"brake":22.5,"steering_rate":100,"speed":3.87},{"acceleration":-0.8,"throttle":0,"steering_target":0.13,"brake":18.13,"steering_rate":100,"speed":3.48},{"acceleration":-0.83,"throttle":0,"steering_target":0.08,"brake":19.01,"steering_rate":100,"speed":3.12},{"acceleration":-0.89,"throttle":0,"steering_target":0.08,"brake":19.53,"steering_rate":100,"speed":2.71},{"acceleration":-0.94,"throttle":0,"steering_target":0.09,"brake":19.96,"steering_rate":100,"speed":2.39}],"obstacle_arr":[[{"acceleration":{"y":0,"x":0.01,"z":0},"position":{"y":4182745.04,"x":552921.49,"z":11.61},"volume":1.47,"type":"VEHICLE","velocity":{"y":0,"x":0,"z":0}},{"acceleration":{"y":0.01,"x":0,"z":0},"position":{"y":4182769.79,"x":552893.96,"z":10.43},"volume":0.02,"type":"PEDESTRIAN","velocity":{"y":0.72,"x":0.12,"z":0}},{"acceleration":{"y":0,"x":0,"z":0},"position":{"y":4182794.34,"x":552891.24,"z":10.35},"volume":104.34,"type":"VEHICLE","velocity":{"y":0,"x":0,"z":0}}],[{"acceleration":{"y":-0.38,"x":0.81,"z":0},"position":{"y":4182745.68,"x":552920.67,"z":10.61},"volume":0.47,"type":"VEHICLE","velocity":{"y":-0.41,"x":0.88,"z":0}},{"acceleration":{"y":-0.04,"x":-0.21,"z":0},"position":{"y":4182769.95,"x":552894.01,"z":10.51},"volume":0.1,"type":"PEDESTRIAN","velocity":{"y":0.55,"x":-0.22,"z":0}},{"acceleration":{"y":0,"x":0,"z":0},"position":{"y":4182794.63,"x":552890.8,"z":10.32},"volume":121.7,"type":"VEHICLE","velocity":{"y":0,"x":0,"z":0}},{"acceleration":{"y":0,"x":0,"z":0},"position":{"y":4182770.09,"x":552881.26,"z":10.4},"volume":85.49,"type":"VEHICLE","velocity":{"y":0,"x":0,"z":0}},{"acceleration":{"y":0,"x":0,"z":0},"position":{"y":4182781.2,"x":552884.54,"z":10.33},"volume":1,"type":"UNKNOWN","velocity":{"y":0,"x":0,"z":0}}],[{"acceleration":{"y":0.01,"x":-0.02,"z":0},"position":{"y":4182794.59,"x":552890.85,"z":10.34},"volume":121.91,"type":"VEHICLE","velocity":{"y":1.02,"x":-1.36,"z":0}},{"acceleration":{"y":0,"x":0,"z":0},"position":{"y":4182770.58,"x":552880.79,"z":10.41},"volume":85.46,"type":"VEHICLE","velocity":{"y":1.13,"x":-1.65,"z":0}}],[{"acceleration":{"y":0.16,"x":-0.4,"z":0},"position":{"y":4182771.11,"x":552879.93,"z":10.42},"volume":73.55,"type":"VEHICLE","velocity":{"y":1.3,"x":-2.18,"z":0}}],[{"acceleration":{"y":0.68,"x":-1.32,"z":0},"position":{"y":4182773.63,"x":552875.79,"z":10.44},"volume":72.3,"type":"VEHICLE","velocity":{"y":1.88,"x":-3.22,"z":0}},{"acceleration":{"y":0.52,"x":-0.67,"z":0},"position":{"y":4182789.25,"x":552873.6,"z":10.34},"volume":0.19,"type":"PEDESTRIAN","velocity":{"y":0,"x":0,"z":0}},{"acceleration":{"y":0,"x":0,"z":0},"position":{"y":4182794.83,"x":552890.59,"z":10.32},"volume":41.97,"type":"VEHICLE","velocity":{"y":0,"x":0,"z":0}}],[{"acceleration":{"y":0.85,"x":-1.45,"z":0},"position":{"y":4182775.1,"x":552873.18,"z":10.42},"volume":81.42,"type":"VEHICLE","velocity":{"y":2.53,"x":-4.36,"z":0}},{"acceleration":{"y":0.01,"x":-0.01,"z":0},"position":{"y":4182751.6,"x":552912.57,"z":11.65},"volume":0.48,"type":"VEHICLE","velocity":{"y":0,"x":0,"z":0}}],[{"acceleration":{"y":0.31,"x":-0.8,"z":0},"position":{"y":4182776.2,"x":552870.75,"z":10.42},"volume":82.35,"type":"VEHICLE","velocity":{"y":3,"x":-5.32,"z":0}},{"acceleration":{"y":-0.04,"x":0.06,"z":0},"position":{"y":4182753.3,"x":552910.55,"z":11.65},"volume":0.65,"type":"VEHICLE","velocity":{"y":1.47,"x":-1.74,"z":0}},{"acceleration":{"y":0,"x":0,"z":0},"position":{"y":4182794.53,"x":552890.96,"z":10.33},"volume":66.49,"type":"VEHICLE","velocity":{"y":0,"x":0,"z":0}}],[{"acceleration":{"y":0.2,"x":-0.41,"z":0},"position":{"y":4182778.19,"x":552867.85,"z":10.43},"volume":73.62,"type":"VEHICLE","velocity":{"y":3.15,"x":-5.7,"z":0}},{"acceleration":{"y":-0.57,"x":0.41,"z":0},"position":{"y":4182755.7,"x":552907.63,"z":10.69},"volume":4.05,"type":"VEHICLE","velocity":{"y":1.07,"x":-1.57,"z":0}}]],"action_description":"NPC vehicle (BoxTruck) driving on the left lane","ev_state":[-1.40701234340668,10.1247396469116,300.107574462891,0,0,0.200000002980232,12,-1,0.0502132773399353,307.394256591797,-0.000243105459958315,2.3864176111889073],"collision_probability":0}
 timestamp= 1619778246000 [RUN] Validate G1 Guard Condition: 
The ego vehicle E Detection.Collision == True.
 timestamp= 1619778246000 [RES] Global Validate result: 
false
 timestamp= 1619778246000 [RUN] Validate G2 Guard Condition: 
The ego vehicle E Detection.OffRoad == True.
 timestamp= 1619778246000 [RES] Global Validate result: 
false
 timestamp= 1619778246000 [RUN] Validate G3 Guard Condition: 
The ego vehicle E Detection.HardBrake == True.
 timestamp= 1619778246000 [RES] Global Validate result: 
false
 timestamp= 1619778246000 [RUN] Validate G4 Guard Condition: 
The ego vehicle E Detection.ArrivalTest == True.
 timestamp= 1619778246000 [RES] Global Validate result: 
false
 timestamp= 1619778246000 [RUN] Validate step: 
The test system VALIDATES THAT the Apollo A Status.GetControl is nearly equal to {"acceleration": -0.94, "throttle": 0.0, "steering_target": 0.09, "brake": 19.96, "steering_rate": 100.0, "speed": 2.39}
 timestamp= 1619778246000 [RES] Validate result: 
true
 timestamp= 1619778246000 [RUN] Generate steps
 timestamp= 1619778246000 [RUN] Validate step: 
The test system VALIDATES THAT the simulator S Status.GetEnvironment is nearly equal to {"x": -1.41, "y": 10.12, "z": 300.11, "rain": 0.0, "fog": 0.0, "wetness": 0.2, "timeofday": 12.0, "signal": -1.0, "rx": 0.05, "ry": 307.39, "rz": -0.0, "speed": 2.39}
 timestamp= 1619778246000 [RES] Validate result: 
true
 timestamp= 1619778246000 [RUN] Execute API step: 
The environment controller C INVOKES API Control.Agents.NPCVehicle.NPCVehicleMaintainLane(which_lane=Left_Lane&which_car=Jeep).
 timestamp= 1619778250000 [RES] API result: 
{"pose_arr":[{"vx":1.22,"ay":-0.72,"az":9.81,"ax":-0.55,"pz":10.13,"vy":1.22,"px":552872.91,"py":4182785.87},{"vx":1.01,"ay":-0.53,"az":9.8,"ax":-0.41,"pz":10.13,"vy":1.01,"px":552872.24,"py":4182786.38},{"vx":0.78,"ay":-0.54,"az":9.81,"ax":-0.41,"pz":10.13,"vy":0.78,"px":552871.59,"py":4182786.88},{"vx":0.59,"ay":-0.5,"az":9.81,"ax":-0.38,"pz":10.13,"vy":0.59,"px":552871.15,"py":4182787.22},{"vx":0.21,"ay":-2.33,"az":9.81,"ax":-1.78,"pz":10.13,"vy":0.21,"px":552870.85,"py":4182787.44},{"vx":0,"ay":0,"az":9.81,"ax":0,"pz":10.13,"vy":0,"px":552870.84,"py":4182787.46},{"vx":0,"ay":0,"az":9.81,"ax":0,"pz":10.12,"vy":0,"px":552870.84,"py":4182787.46}],"traffic_light":[2,2,2,2,1,1,1,1],"state_arr":[{"acceleration":-0.71,"throttle":0,"steering_target":0.07,"brake":17.25,"steering_rate":100,"speed":1.94},{"acceleration":-0.67,"throttle":0,"steering_target":0.06,"brake":16.74,"steering_rate":100,"speed":1.59},{"acceleration":-0.68,"throttle":0,"steering_target":0.08,"brake":16.83,"steering_rate":100,"speed":1.3},{"acceleration":-0.62,"throttle":0,"steering_target":0.09,"brake":16.05,"steering_rate":100,"speed":0.97},{"acceleration":-3,"throttle":0,"steering_target":0.09,"brake":41.31,"steering_rate":100,"speed":0.77},{"acceleration":-3,"throttle":0,"steering_target":0.1,"brake":69.87,"steering_rate":100,"speed":0},{"acceleration":-3,"throttle":0,"steering_target":0.1,"brake":69.98,"steering_rate":100,"speed":0},{"acceleration":-3,"throttle":0,"steering_target":0.1,"brake":69.99,"steering_rate":100,"speed":0}],"obstacle_arr":[[{"acceleration":{"y":-0.14,"x":-0.56,"z":0},"position":{"y":4182756.51,"x":552906,"z":10.73},"volume":8.08,"type":"VEHICLE","velocity":{"y":1.18,"x":-1.93,"z":0}},{"acceleration":{"y":0,"x":0,"z":0},"position":{"y":4182794.79,"x":552890.61,"z":10.3},"volume":67.54,"type":"VEHICLE","velocity":{"y":0,"x":0,"z":0}}],[{"acceleration":{"y":1.75,"x":-2.07,"z":0},"position":{"y":4182758.82,"x":552903.33,"z":10.8},"volume":1.31,"type":"VEHICLE","velocity":{"y":2.47,"x":-3.33,"z":0}},{"acceleration":{"y":0,"x":0,"z":0},"position":{"y":4182794.97,"x":552890.38,"z":10.3},"volume":34.09,"type":"VEHICLE","velocity":{"y":0,"x":0,"z":0}}],[{"acceleration":{"y":2.25,"x":-1.87,"z":0},"position":{"y":4182759.88,"x":552902.1,"z":10.77},"volume":11.13,"type":"VEHICLE","velocity":{"y":3.89,"x":-4.48,"z":0}},{"acceleration":{"y":0,"x":0,"z":0},"position":{"y":4182789.74,"x":552872.91,"z":10.69},"volume":0.99,"type":"VEHICLE","velocity":{"y":0,"x":0,"z":0}}],[{"acceleration":{"y":0.6,"x":-0.59,"z":0},"position":{"y":4182760.79,"x":552900.55,"z":10.77},"volume":22.93,"type":"VEHICLE","velocity":{"y":4.03,"x":-4.61,"z":0}}],[{"acceleration":{"y":-1.22,"x":0.93,"z":0},"position":{"y":4182762.01,"x":552898.75,"z":10.71},"volume":40.15,"type":"VEHICLE","velocity":{"y":2.71,"x":-3.65,"z":0}}],[{"acceleration":{"y":-1.26,"x":1.28,"z":0},"position":{"y":4182765.81,"x":552893.99,"z":10.46},"volume":2.44,"type":"VEHICLE","velocity":{"y":2.2,"x":-2.71,"z":0}}],[{"acceleration":{"y":-0.39,"x":0.46,"z":0},"position":{"y":4182766.77,"x":552892.68,"z":10.62},"volume":18.12,"type":"VEHICLE","velocity":{"y":2.12,"x":-2.63,"z":0}}],[{"acceleration":{"y":-0.21,"x":0.4,"z":0},"position":{"y":4182767.32,"x":552891.82,"z":10.74},"volume":28.37,"type":"VEHICLE","velocity":{"y":1.85,"x":-2.42,"z":0}}]],"action_description":"NPC vehicle (Jeep) driving on the left lane","ev_state":[-4.21956825256348,10.1248035430908,302.255279541016,0,0,0.200000002980232,12,1,0.0000209213667403674,307.363311767578,0.00000286770546154003,0.00006809118449845164],"collision_probability":0.041}
 timestamp= 1619778250000 [RUN] Validate G1 Guard Condition: 
The ego vehicle E Detection.Collision == True.
 timestamp= 1619778250000 [RES] Global Validate result: 
false
 timestamp= 1619778250000 [RUN] Validate G2 Guard Condition: 
The ego vehicle E Detection.OffRoad == True.
 timestamp= 1619778250000 [RES] Global Validate result: 
false
 timestamp= 1619778250000 [RUN] Validate G3 Guard Condition: 
The ego vehicle E Detection.HardBrake == True.
 timestamp= 1619778250000 [RES] Global Validate result: 
false
 timestamp= 1619778250000 [RUN] Validate G4 Guard Condition: 
The ego vehicle E Detection.ArrivalTest == True.
 timestamp= 1619778250000 [RES] Global Validate result: 
true
 timestamp= 1619778250000 [RUN] ArrivalTest == True
 timestamp= 1619778250000 [RUN] The simulator S INVOKES API Command.Simulation.Stop() to stop simulation.
 timestamp= 1619778250000 [WARNING] The test system Stop the Simulator S!
 timestamp= 1619778250000 [RES] Basic PostCondition Validate result: 
true
 timestamp= 1619778250000 [STOP] numberOfStep: 40 basicFlow: 
[{"name":"","description":"","eClass":"Sentence","content":"The test system VALIDATES THAT the simulator S Status.GetEnvironment is nearly equal to {\"x\": 215.45, \"y\": 10.12, \"z\": 201.88, \"rain\": 0.0, \"fog\": 0.0, \"wetness\": 0.0, \"timeofday\": 12.0, \"signal\": -1.0, \"rx\": 359.89, \"ry\": 269.95, \"rz\": -0.0, \"speed\": 3.31}","natures":[]},{"name":"","description":"","eClass":"Sentence","content":"The environment controller C INVOKES API Control.Agents.NPCVehicle.NPCVehicleSwitchLane(which_lane=Right_Lane&which_car=SUV).","natures":[]},{"name":"","description":"","eClass":"Sentence","content":"The test system VALIDATES THAT the Apollo A Status.GetControl is nearly equal to {\"acceleration\": 0.34, \"throttle\": 15.94, \"steering_target\": -0.0, \"brake\": 0.0, \"steering_rate\": 100.0, \"speed\": 4.59}","natures":[]},{"name":"","description":"","eClass":"Sentence","content":"The test system VALIDATES THAT the simulator S Status.GetEnvironment is nearly equal to {\"x\": 196.8, \"y\": 10.12, \"z\": 201.84, \"rain\": 0.0, \"fog\": 0.0, \"wetness\": 0.0, \"timeofday\": 12.0, \"signal\": -1.0, \"rx\": 359.98, \"ry\": 269.85, \"rz\": 0.0, \"speed\": 4.71}","natures":[]},{"name":"","description":"","eClass":"Sentence","content":"The environment controller C INVOKES API Control.Weather.Nice.","natures":[]},{"name":"","description":"","eClass":"Sentence","content":"The test system VALIDATES THAT the Apollo A Status.GetControl is nearly equal to {\"acceleration\": 0.45, \"throttle\": 18.06, \"steering_target\": 0.09, \"brake\": 0.0, \"steering_rate\": 100.0, \"speed\": 2.96}","natures":[]},{"name":"","description":"","eClass":"Sentence","content":"The test system VALIDATES THAT the simulator S Status.GetEnvironment is nearly equal to {\"x\": 184.65, \"y\": 10.12, \"z\": 201.8, \"rain\": 0.0, \"fog\": 0.0, \"wetness\": 0.0, \"timeofday\": 12.0, \"signal\": 0.0, \"rx\": 359.97, \"ry\": 269.78, \"rz\": -0.0, \"speed\": 3.06}","natures":[]},{"name":"","description":"","eClass":"Sentence","content":"The environment controller C INVOKES API Control.Weather.Rain(rain_level=Moderate).","natures":[]},{"name":"","description":"","eClass":"Sentence","content":"The test system VALIDATES THAT the Apollo A Status.GetControl is nearly equal to {\"acceleration\": -0.18, \"throttle\": 0.0, \"steering_target\": 0.24, \"brake\": 14.5, \"steering_rate\": 100.0, \"speed\": 4.0}","natures":[]},{"name":"","description":"","eClass":"Sentence","content":"The test system VALIDATES THAT the simulator S Status.GetEnvironment is nearly equal to {\"x\": 168.64, \"y\": 10.12, \"z\": 201.69, \"rain\": 0.5, \"fog\": 0.0, \"wetness\": 0.5, \"timeofday\": 12.0, \"signal\": -1.0, \"rx\": 0.03, \"ry\": 269.45, \"rz\": -0.0, \"speed\": 3.96}","natures":[]},{"name":"","description":"","eClass":"Sentence","content":"The environment controller C INVOKES API Control.Weather.Wetness(wetness_level=Light).","natures":[]},{"name":"","description":"","eClass":"Sentence","content":"The test system VALIDATES THAT the Apollo A Status.GetControl is nearly equal to {\"acceleration\": -0.01, \"throttle\": 0.0, \"steering_target\": 0.13, \"brake\": 46.74, \"steering_rate\": 100.0, \"speed\": 0.0}","natures":[]},{"name":"","description":"","eClass":"Sentence","content":"The test system VALIDATES THAT the simulator S Status.GetEnvironment is nearly equal to {\"x\": 159.63, \"y\": 10.12, \"z\": 201.58, \"rain\": 0.0, \"fog\": 0.0, \"wetness\": 0.2, \"timeofday\": 12.0, \"signal\": -1.0, \"rx\": 0.01, \"ry\": 269.27, \"rz\": 0.0, \"speed\": 0.0}","natures":[]},{"name":"","description":"","eClass":"Sentence","content":"The environment controller C INVOKES API Control.Agents.NPCVehicle.NPCVehicleSwitchLane(which_lane=Current_Lane&which_car=Jeep).","natures":[]},{"name":"","description":"","eClass":"Sentence","content":"The test system VALIDATES THAT the Apollo A Status.GetControl is nearly equal to {\"acceleration\": -0.3, \"throttle\": 0.0, \"steering_target\": -0.04, \"brake\": 14.5, \"steering_rate\": 100.0, \"speed\": 4.25}","natures":[]},{"name":"","description":"","eClass":"Sentence","content":"The test system VALIDATES THAT the simulator S Status.GetEnvironment is nearly equal to {\"x\": 151.35, \"y\": 10.12, \"z\": 201.47, \"rain\": 0.0, \"fog\": 0.0, \"wetness\": 0.2, \"timeofday\": 12.0, \"signal\": -1.0, \"rx\": 359.9, \"ry\": 269.23, \"rz\": 0.0, \"speed\": 4.25}","natures":[]},{"name":"","description":"","eClass":"Sentence","content":"The environment controller C INVOKES API Control.Agents.NPCVehicle.NPCVehicleSwitchLane(which_lane=Right_Lane&which_car=Hatchback).","natures":[]},{"name":"","description":"","eClass":"Sentence","content":"The test system VALIDATES THAT the Apollo A Status.GetControl is nearly equal to {\"acceleration\": 0.3, \"throttle\": 15.7, \"steering_target\": -8.54, \"brake\": 0.0, \"steering_rate\": 100.0, \"speed\": 4.81}","natures":[]},{"name":"","description":"","eClass":"Sentence","content":"The test system VALIDATES THAT the simulator S Status.GetEnvironment is nearly equal to {\"x\": 133.38, \"y\": 10.12, \"z\": 201.41, \"rain\": 0.0, \"fog\": 0.0, \"wetness\": 0.2, \"timeofday\": 12.0, \"signal\": -1.0, \"rx\": 359.98, \"ry\": 272.16, \"rz\": 0.11, \"speed\": 4.92}","natures":[]},{"name":"","description":"","eClass":"Sentence","content":"The environment controller C INVOKES API Control.Agents.Pedestrians.WalkRandomly(which_lane=Left_Lane).","natures":[]},{"name":"","description":"","eClass":"Sentence","content":"The test system VALIDATES THAT the Apollo A Status.GetControl is nearly equal to {\"acceleration\": 0.59, \"throttle\": 15.7, \"steering_target\": -0.11, \"brake\": 0.0, \"steering_rate\": 100.0, \"speed\": 6.92}","natures":[]},{"name":"","description":"","eClass":"Sentence","content":"The test system VALIDATES THAT the simulator S Status.GetEnvironment is nearly equal to {\"x\": 113.42, \"y\": 10.12, \"z\": 212.11, \"rain\": 0.0, \"fog\": 0.0, \"wetness\": 0.2, \"timeofday\": 12.0, \"signal\": -1.0, \"rx\": 359.98, \"ry\": 309.23, \"rz\": 0.03, \"speed\": 6.92}","natures":[]},{"name":"","description":"","eClass":"Sentence","content":"The environment controller C INVOKES API Control.Agents.NPCVehicle.NPCVehicleMaintainLane(which_lane=Right_Lane&which_car=SchoolBus).","natures":[]},{"name":"","description":"","eClass":"Sentence","content":"The test system VALIDATES THAT the Apollo A Status.GetControl is nearly equal to {\"acceleration\": 0.25, \"throttle\": 15.7, \"steering_target\": 0.81, \"brake\": 0.0, \"steering_rate\": 100.0, \"speed\": 8.18}","natures":[]},{"name":"","description":"","eClass":"Sentence","content":"The test system VALIDATES THAT the simulator S Status.GetEnvironment is nearly equal to {\"x\": 89.46, \"y\": 10.12, \"z\": 231.13, \"rain\": 0.0, \"fog\": 0.0, \"wetness\": 0.2, \"timeofday\": 12.0, \"signal\": 1.0, \"rx\": 359.98, \"ry\": 307.21, \"rz\": 359.96, \"speed\": 8.23}","natures":[]},{"name":"","description":"","eClass":"Sentence","content":"The environment controller C INVOKES API Control.Agents.NPCVehicle.NPCVehicleSwitchLane(which_lane=Right_Lane&which_car=SUV).","natures":[]},{"name":"","description":"","eClass":"Sentence","content":"The test system VALIDATES THAT the Apollo A Status.GetControl is nearly equal to {\"acceleration\": -0.16, \"throttle\": 0.0, \"steering_target\": -0.01, \"brake\": 14.5, \"steering_rate\": 100.0, \"speed\": 8.54}","natures":[]},{"name":"","description":"","eClass":"Sentence","content":"The test system VALIDATES THAT the simulator S Status.GetEnvironment is nearly equal to {\"x\": 62.14, \"y\": 10.12, \"z\": 251.65, \"rain\": 0.0, \"fog\": 0.0, \"wetness\": 0.2, \"timeofday\": 12.0, \"signal\": 1.0, \"rx\": 359.98, \"ry\": 307.08, \"rz\": 0.0, \"speed\": 8.54}","natures":[]},{"name":"","description":"","eClass":"Sentence","content":"The environment controller C INVOKES API Control.Agents.NPCVehicle.NPCVehicleMaintainLane(which_lane=Right_Lane&which_car=Hatchback).","natures":[]},{"name":"","description":"","eClass":"Sentence","content":"The test system VALIDATES THAT the Apollo A Status.GetControl is nearly equal to {\"acceleration\": -0.12, \"throttle\": 0.0, \"steering_target\": 1.37, \"brake\": 14.5, \"steering_rate\": 100.0, \"speed\": 8.34}","natures":[]},{"name":"","description":"","eClass":"Sentence","content":"The test system VALIDATES THAT the simulator S Status.GetEnvironment is nearly equal to {\"x\": 34.58, \"y\": 10.12, \"z\": 272.59, \"rain\": 0.0, \"fog\": 0.0, \"wetness\": 0.2, \"timeofday\": 12.0, \"signal\": -1.0, \"rx\": 0.04, \"ry\": 307.29, \"rz\": 359.95, \"speed\": 8.23}","natures":[]},{"name":"","description":"","eClass":"Sentence","content":"The environment controller C INVOKES API Control.Agents.Pedestrians.WalkRandomly(which_lane=Left_Lane).","natures":[]},{"name":"","description":"","eClass":"Sentence","content":"The test system VALIDATES THAT the Apollo A Status.GetControl is nearly equal to {\"acceleration\": -0.86, \"throttle\": 0.0, \"steering_target\": -0.47, \"brake\": 44.9, \"steering_rate\": 100.0, \"speed\": 6.0}","natures":[]},{"name":"","description":"","eClass":"Sentence","content":"The test system VALIDATES THAT the simulator S Status.GetEnvironment is nearly equal to {\"x\": 11.39, \"y\": 10.12, \"z\": 290.32, \"rain\": 0.0, \"fog\": 0.0, \"wetness\": 0.2, \"timeofday\": 12.0, \"signal\": -1.0, \"rx\": 0.04, \"ry\": 307.28, \"rz\": 359.98, \"speed\": 6.0}","natures":[]},{"name":"","description":"","eClass":"Sentence","content":"The environment controller C INVOKES API Control.Agents.NPCVehicle.NPCVehicleMaintainLane(which_lane=Left_Lane&which_car=BoxTruck).","natures":[]},{"name":"","description":"","eClass":"Sentence","content":"The test system VALIDATES THAT the Apollo A Status.GetControl is nearly equal to {\"acceleration\": -0.94, \"throttle\": 0.0, \"steering_target\": 0.09, \"brake\": 19.96, \"steering_rate\": 100.0, \"speed\": 2.39}","natures":[]},{"name":"","description":"","eClass":"Sentence","content":"The test system VALIDATES THAT the simulator S Status.GetEnvironment is nearly equal to {\"x\": -1.41, \"y\": 10.12, \"z\": 300.11, \"rain\": 0.0, \"fog\": 0.0, \"wetness\": 0.2, \"timeofday\": 12.0, \"signal\": -1.0, \"rx\": 0.05, \"ry\": 307.39, \"rz\": -0.0, \"speed\": 2.39}","natures":[]},{"name":"","description":"","eClass":"Sentence","content":"The environment controller C INVOKES API Control.Agents.NPCVehicle.NPCVehicleMaintainLane(which_lane=Left_Lane&which_car=Jeep).","natures":[]},{"name":"","description":"","eClass":"Sentence","content":"The test system VALIDATES THAT the Apollo A Status.GetControl is nearly equal to {\"acceleration\": -3.0, \"throttle\": 0.0, \"steering_target\": 0.1, \"brake\": 69.99, \"steering_rate\": 100.0, \"speed\": 0.0}","natures":[]},{"name":"","description":"","eClass":"Sentence","content":"","natures":[]}]
