 timestamp= 1619796029000 [START] Now Run TCS Maintain Lane On Road1 Mode: dynamic Roadnum: 4 Second: 4
 timestamp= 1619796029000 [SUCCESS] TCS Check Success 
 timestamp= 1619796032000 [RUN] Run BasicFlow
 timestamp= 1619796032000 [RUN] Generate steps
 timestamp= 1619796032000 [RUN] Validate step: 
The test system VALIDATES THAT the simulator S Status.GetEnvironment is nearly equal to {"x": -439.84, "y": 10.12, "z": 215.72, "rain": 0.0, "fog": 0.0, "wetness": 0.0, "timeofday": 12.0, "signal": 1.0, "rx": 359.94, "ry": 210.05, "rz": -0.0, "speed": 2.39}
 timestamp= 1619796032000 [RES] Validate result: 
true
 timestamp= 1619796032000 [RUN] Execute API step: 
The environment controller C INVOKES API Control.Agents.NPCVehicle.NPCVehicleMaintainLane(which_lane=Right_Lane&which_car=Hatchback).
 timestamp= 1619796035000 [RES] API result: 
{"pose_arr":[{"vx":-2.07,"ay":0.14,"az":9.82,"ax":-0.25,"pz":10.12,"vy":-2.07,"px":552434.82,"py":4182702.9},{"vx":-2.35,"ay":0.24,"az":9.81,"ax":-0.44,"pz":10.12,"vy":-2.35,"px":552433.88,"py":4182701.28},{"vx":-2.6,"ay":0.19,"az":9.81,"ax":-0.32,"pz":10.12,"vy":-2.6,"px":552432.92,"py":4182699.62},{"vx":-2.8,"ay":0.14,"az":9.81,"ax":-0.24,"pz":10.12,"vy":-2.8,"px":552431.75,"py":4182697.58},{"vx":-2.99,"ay":-0.35,"az":9.82,"ax":0.39,"pz":10.12,"vy":-2.99,"px":552430.4,"py":4182695.24},{"vx":-2.79,"ay":-0.33,"az":9.81,"ax":0.4,"pz":10.13,"vy":-2.79,"px":552429.52,"py":4182693.64}],"traffic_light":[3,1,1,3,0],"state_arr":[{"acceleration":0.43,"throttle":17.57,"steering_target":-0.1,"brake":0,"steering_rate":100,"speed":2.39},{"acceleration":0.58,"throttle":20.38,"steering_target":-0.34,"brake":0,"steering_rate":100,"speed":2.6},{"acceleration":0.45,"throttle":17.99,"steering_target":0.34,"brake":0,"steering_rate":100,"speed":2.93},{"acceleration":0.26,"throttle":15.7,"steering_target":-0.12,"brake":0,"steering_rate":100,"speed":3.16},{"acceleration":0.04,"throttle":15.7,"steering_target":1.33,"brake":0,"steering_rate":100,"speed":3.32},{"acceleration":-0.03,"throttle":0,"steering_target":5.83,"brake":14.5,"steering_rate":100,"speed":3.27},{"acceleration":-0.31,"throttle":0,"steering_target":11.43,"brake":14.5,"steering_rate":100,"speed":3.47}],"obstacle_arr":[[],[{"acceleration":{"y":-0.01,"x":0,"z":0},"position":{"y":4182705.89,"x":552427.44,"z":10.4},"volume":7.57,"type":"VEHICLE","velocity":{"y":-0.86,"x":-0.02,"z":0}}],[{"acceleration":{"y":0.06,"x":0,"z":0},"position":{"y":4182705.42,"x":552427.46,"z":10.4},"volume":7.22,"type":"VEHICLE","velocity":{"y":0,"x":0,"z":0}}],[{"acceleration":{"y":0,"x":0,"z":0},"position":{"y":4182704.58,"x":552427.65,"z":10.39},"volume":7.05,"type":"VEHICLE","velocity":{"y":0,"x":0,"z":0}}],[{"acceleration":{"y":0,"x":0,"z":0},"position":{"y":4182703.35,"x":552428,"z":10.5},"volume":5,"type":"VEHICLE","velocity":{"y":0,"x":0,"z":0}}],[{"acceleration":{"y":0,"x":0,"z":0},"position":{"y":4182702.64,"x":552427.96,"z":10.45},"volume":6.72,"type":"VEHICLE","velocity":{"y":0,"x":0,"z":0}}]],"action_description":"NPC vehicle (Hatchback) driving on the right lane","ev_state":[-445.826934814453,10.1246194839478,204.933349609375,0,0,0,12,1,359.989562988281,206.127548217773,359.909698486328,3.448204108297157],"collision_probability":0}
 timestamp= 1619796035000 [RUN] Validate G1 Guard Condition: 
The ego vehicle E Detection.Collision == True.
 timestamp= 1619796035000 [RES] Global Validate result: 
false
 timestamp= 1619796035000 [RUN] Validate G2 Guard Condition: 
The ego vehicle E Detection.OffRoad == True.
 timestamp= 1619796035000 [RES] Global Validate result: 
false
 timestamp= 1619796035000 [RUN] Validate G3 Guard Condition: 
The ego vehicle E Detection.HardBrake == True.
 timestamp= 1619796035000 [RES] Global Validate result: 
false
 timestamp= 1619796035000 [RUN] Validate G4 Guard Condition: 
The ego vehicle E Detection.ArrivalTest == True.
 timestamp= 1619796035000 [RES] Global Validate result: 
false
 timestamp= 1619796035000 [RUN] Validate step: 
The test system VALIDATES THAT the Apollo A Status.GetControl is nearly equal to {"acceleration": -0.31, "throttle": 0.0, "steering_target": 11.43, "brake": 14.5, "steering_rate": 100.0, "speed": 3.47}
 timestamp= 1619796035000 [RES] Validate result: 
true
 timestamp= 1619796035000 [RUN] Generate steps
 timestamp= 1619796035000 [RUN] Validate step: 
The test system VALIDATES THAT the simulator S Status.GetEnvironment is nearly equal to {"x": -445.83, "y": 10.12, "z": 204.93, "rain": 0.0, "fog": 0.0, "wetness": 0.0, "timeofday": 12.0, "signal": 1.0, "rx": 359.99, "ry": 206.13, "rz": 359.91, "speed": 3.45}
 timestamp= 1619796035000 [RES] Validate result: 
true
 timestamp= 1619796035000 [RUN] Execute API step: 
The environment controller C INVOKES API Control.Agents.NPCVehicle.NPCVehicleMaintainLane(which_lane=Left_Lane&which_car=Sedan).
 timestamp= 1619796038000 [RES] API result: 
{"pose_arr":[{"vx":-3.15,"ay":-0.26,"az":9.83,"ax":0.45,"pz":10.12,"vy":-3.15,"px":552428.78,"py":4182692.23},{"vx":-2.99,"ay":-0.67,"az":9.82,"ax":0.36,"pz":10.13,"vy":-2.99,"px":552428.01,"py":4182690.54},{"vx":-3.49,"ay":0.75,"az":9.77,"ax":-3.23,"pz":10.12,"vy":-3.49,"px":552427.3,"py":4182688.57},{"vx":-3.21,"ay":-0.02,"az":9.81,"ax":0.81,"pz":10.13,"vy":-3.21,"px":552426.78,"py":4182685.94},{"vx":-2.88,"ay":-0.84,"az":9.81,"ax":0.97,"pz":10.13,"vy":-2.88,"px":552426.75,"py":4182684.71},{"vx":-2.2,"ay":-0.12,"az":9.81,"ax":0.97,"pz":10.13,"vy":-2.2,"px":552427.04,"py":4182682.9},{"vx":-1.71,"ay":-0.07,"az":9.81,"ax":-0.12,"pz":10.12,"vy":-1.71,"px":552427.75,"py":4182681.36}],"traffic_light":[0,0,0,0,0,0],"state_arr":[{"acceleration":-0.26,"throttle":0,"steering_target":17.42,"brake":14.5,"steering_rate":100,"speed":3.33},{"acceleration":0.02,"throttle":69.9,"steering_target":23.66,"brake":0,"steering_rate":100,"speed":2.94},{"acceleration":-0.83,"throttle":0,"steering_target":30.23,"brake":18.68,"steering_rate":100,"speed":3.62},{"acceleration":-0.61,"throttle":0,"steering_target":47.91,"brake":15.36,"steering_rate":100,"speed":3.2},{"acceleration":-0.35,"throttle":0,"steering_target":50.08,"brake":14.5,"steering_rate":100,"speed":2.79},{"acceleration":0.11,"throttle":15.7,"steering_target":68.32,"brake":0,"steering_rate":100,"speed":2.37},{"acceleration":-0.08,"throttle":0,"steering_target":64.53,"brake":14.5,"steering_rate":100,"speed":2.49}],"obstacle_arr":[[{"acceleration":{"y":-2.39,"x":-0.62,"z":0},"position":{"y":4182700.04,"x":552427.05,"z":10.4},"volume":7.09,"type":"VEHICLE","velocity":{"y":-1.35,"x":-0.38,"z":0}}],[{"acceleration":{"y":-2.35,"x":-1.6,"z":0},"position":{"y":4182697.11,"x":552425.75,"z":10.43},"volume":6.51,"type":"VEHICLE","velocity":{"y":-3.04,"x":-1.59,"z":0}},{"acceleration":{"y":0.03,"x":0.01,"z":0},"position":{"y":4182687.38,"x":552435,"z":10.39},"volume":6.95,"type":"VEHICLE","velocity":{"y":-0.66,"x":0.09,"z":0}}],[{"acceleration":{"y":-3.96,"x":-2.34,"z":0},"position":{"y":4182692.82,"x":552423.57,"z":10.42},"volume":6.69,"type":"VEHICLE","velocity":{"y":-6.18,"x":-3.57,"z":0}},{"acceleration":{"y":-0.13,"x":0.54,"z":0},"position":{"y":4182685.95,"x":552435.56,"z":10.37},"volume":8.48,"type":"VEHICLE","velocity":{"y":-1.3,"x":0.66,"z":0}}],[{"acceleration":{"y":-3.15,"x":-3.53,"z":0},"position":{"y":4182687.54,"x":552419.65,"z":10.42},"volume":7.49,"type":"VEHICLE","velocity":{"y":-8.73,"x":-5.58,"z":0}},{"acceleration":{"y":-1.68,"x":0.97,"z":0},"position":{"y":4182684.02,"x":552436.39,"z":10.35},"volume":6.49,"type":"VEHICLE","velocity":{"y":-2.38,"x":1.3,"z":0}}],[{"acceleration":{"y":0.41,"x":-6.64,"z":0},"position":{"y":4182683.17,"x":552411.65,"z":10.52},"volume":4.79,"type":"VEHICLE","velocity":{"y":-9.3,"x":-8.58,"z":0}},{"acceleration":{"y":-1.29,"x":1.81,"z":0},"position":{"y":4182681.95,"x":552437.43,"z":10.39},"volume":6.61,"type":"VEHICLE","velocity":{"y":-3.02,"x":2.42,"z":0}}],[{"acceleration":{"y":2.98,"x":-6.61,"z":0},"position":{"y":4182682.52,"x":552398.19,"z":10.71},"volume":1.54,"type":"VEHICLE","velocity":{"y":-7.64,"x":-14,"z":0}},{"acceleration":{"y":0.83,"x":1.57,"z":0},"position":{"y":4182680.63,"x":552439.15,"z":10.49},"volume":5.56,"type":"VEHICLE","velocity":{"y":-2.34,"x":4.21,"z":0}}],[{"acceleration":{"y":1.07,"x":0.13,"z":0},"position":{"y":4182680.16,"x":552439.94,"z":10.42},"volume":3.2,"type":"VEHICLE","velocity":{"y":-1.5,"x":4.86,"z":0}}]],"action_description":"NPC vehicle (Sedan) driving on the left lane","ev_state":[-445.215148925781,10.1247320175171,193.906829833984,0,0,0,12,0,359.986907958984,144.105621337891,359.738555908203,2.491102327072556],"collision_probability":0}
 timestamp= 1619796038000 [RUN] Validate G1 Guard Condition: 
The ego vehicle E Detection.Collision == True.
 timestamp= 1619796038000 [RES] Global Validate result: 
false
 timestamp= 1619796038000 [RUN] Validate G2 Guard Condition: 
The ego vehicle E Detection.OffRoad == True.
 timestamp= 1619796038000 [RES] Global Validate result: 
false
 timestamp= 1619796038000 [RUN] Validate G3 Guard Condition: 
The ego vehicle E Detection.HardBrake == True.
 timestamp= 1619796038000 [RES] Global Validate result: 
false
 timestamp= 1619796038000 [RUN] Validate G4 Guard Condition: 
The ego vehicle E Detection.ArrivalTest == True.
 timestamp= 1619796038000 [RES] Global Validate result: 
false
 timestamp= 1619796038000 [RUN] Validate step: 
The test system VALIDATES THAT the Apollo A Status.GetControl is nearly equal to {"acceleration": -0.08, "throttle": 0.0, "steering_target": 64.53, "brake": 14.5, "steering_rate": 100.0, "speed": 2.49}
 timestamp= 1619796038000 [RES] Validate result: 
true
 timestamp= 1619796038000 [RUN] Generate steps
 timestamp= 1619796038000 [RUN] Validate step: 
The test system VALIDATES THAT the simulator S Status.GetEnvironment is nearly equal to {"x": -445.22, "y": 10.12, "z": 193.91, "rain": 0.0, "fog": 0.0, "wetness": 0.0, "timeofday": 12.0, "signal": 0.0, "rx": 359.99, "ry": 144.11, "rz": 359.74, "speed": 2.49}
 timestamp= 1619796038000 [RES] Validate result: 
true
 timestamp= 1619796038000 [RUN] Execute API step: 
The environment controller C INVOKES API Control.Weather.Rain(rain_level=Heavy).
 timestamp= 1619796042000 [RES] API result: 
{"pose_arr":[{"vx":-1.57,"ay":0.42,"az":9.82,"ax":0.4,"pz":10.12,"vy":-1.57,"px":552428.21,"py":4182680.72},{"vx":-1.52,"ay":-1.08,"az":9.8,"ax":-0.61,"pz":10.12,"vy":-1.52,"px":552429.73,"py":4182679.28},{"vx":-1.26,"ay":-0.08,"az":9.81,"ax":-0.71,"pz":10.12,"vy":-1.26,"px":552431.26,"py":4182678.36},{"vx":-1.02,"ay":-0.67,"az":9.8,"ax":-0.42,"pz":10.12,"vy":-1.02,"px":552433.44,"py":4182677.45},{"vx":-0.8,"ay":-0.68,"az":9.82,"ax":-0.13,"pz":10.12,"vy":-0.8,"px":552436.21,"py":4182676.66},{"vx":-0.25,"ay":-0.52,"az":9.81,"ax":-0.63,"pz":10.12,"vy":-0.25,"px":552439.04,"py":4182676.17}],"traffic_light":[0,0,0,0,0],"state_arr":[{"acceleration":0.16,"throttle":15.7,"steering_target":54.08,"brake":0,"steering_rate":100,"speed":2.41},{"acceleration":-0.09,"throttle":0,"steering_target":43.64,"brake":14.5,"steering_rate":100,"speed":3.14},{"acceleration":0.26,"throttle":15.7,"steering_target":27.52,"brake":0,"steering_rate":100,"speed":3.54},{"acceleration":0.85,"throttle":37.84,"steering_target":17.24,"brake":0,"steering_rate":100,"speed":3.68},{"acceleration":0.91,"throttle":16.28,"steering_target":14.45,"brake":0,"steering_rate":100,"speed":4.22},{"acceleration":0.81,"throttle":24.36,"steering_target":15.4,"brake":0,"steering_rate":100,"speed":4.71},{"acceleration":-0.25,"throttle":0,"steering_target":1.09,"brake":14.5,"steering_rate":100,"speed":5.81}],"obstacle_arr":[[{"acceleration":{"y":1.23,"x":-0.6,"z":0},"position":{"y":4182680.16,"x":552441.08,"z":10.63},"volume":2.18,"type":"VEHICLE","velocity":{"y":-0.31,"x":1.69,"z":0}}],[{"acceleration":{"y":0.44,"x":-1.35,"z":0},"position":{"y":4182679.99,"x":552442.64,"z":10.52},"volume":2.26,"type":"VEHICLE","velocity":{"y":-0.07,"x":0.57,"z":0}}],[{"acceleration":{"y":-0.53,"x":1.75,"z":0},"position":{"y":4182679.78,"x":552445.57,"z":10.45},"volume":3.06,"type":"VEHICLE","velocity":{"y":-0.38,"x":1.76,"z":0}}],[{"acceleration":{"y":0.22,"x":3.78,"z":0},"position":{"y":4182679.79,"x":552447.7,"z":10.53},"volume":4.26,"type":"VEHICLE","velocity":{"y":-0.2,"x":3.91,"z":0}}],[{"acceleration":{"y":-0.12,"x":4.57,"z":0},"position":{"y":4182679.8,"x":552452.47,"z":10.45},"volume":4.45,"type":"VEHICLE","velocity":{"y":-0.31,"x":7.68,"z":0}}],[{"acceleration":{"y":-0.13,"x":3.71,"z":0},"position":{"y":4182679.2,"x":552455.62,"z":10.53},"volume":3.77,"type":"VEHICLE","velocity":{"y":-0.47,"x":11.02,"z":0}}],[{"acceleration":{"y":0.04,"x":2.43,"z":0},"position":{"y":4182679.65,"x":552457.7,"z":10.49},"volume":2.31,"type":"VEHICLE","velocity":{"y":-0.47,"x":12.96,"z":0}}]],"action_description":"Heavy rain","ev_state":[-430.404541015625,10.1242961883545,189.878372192383,1,0,1,12,-1,359.910278320313,92.4271697998047,359.931701660156,5.823795991781867],"collision_probability":0}
 timestamp= 1619796042000 [RUN] Validate G1 Guard Condition: 
The ego vehicle E Detection.Collision == True.
 timestamp= 1619796042000 [RES] Global Validate result: 
false
 timestamp= 1619796042000 [RUN] Validate G2 Guard Condition: 
The ego vehicle E Detection.OffRoad == True.
 timestamp= 1619796042000 [RES] Global Validate result: 
false
 timestamp= 1619796042000 [RUN] Validate G3 Guard Condition: 
The ego vehicle E Detection.HardBrake == True.
 timestamp= 1619796042000 [RES] Global Validate result: 
false
 timestamp= 1619796042000 [RUN] Validate G4 Guard Condition: 
The ego vehicle E Detection.ArrivalTest == True.
 timestamp= 1619796042000 [RES] Global Validate result: 
false
 timestamp= 1619796042000 [RUN] Validate step: 
The test system VALIDATES THAT the Apollo A Status.GetControl is nearly equal to {"acceleration": -0.25, "throttle": 0.0, "steering_target": 1.09, "brake": 14.5, "steering_rate": 100.0, "speed": 5.81}
 timestamp= 1619796042000 [RES] Validate result: 
true
 timestamp= 1619796042000 [RUN] Generate steps
 timestamp= 1619796042000 [RUN] Validate step: 
The test system VALIDATES THAT the simulator S Status.GetEnvironment is nearly equal to {"x": -430.4, "y": 10.12, "z": 189.88, "rain": 1.0, "fog": 0.0, "wetness": 1.0, "timeofday": 12.0, "signal": -1.0, "rx": 359.91, "ry": 92.43, "rz": 359.93, "speed": 5.82}
 timestamp= 1619796042000 [RES] Validate result: 
true
 timestamp= 1619796042000 [RUN] Execute API step: 
The environment controller C INVOKES API Control.Agents.NPCVehicle.NPCVehicleSwitchLane(which_lane=Current_Lane&which_car=Sedan).
 timestamp= 1619796046000 [RES] API result: 
{"pose_arr":[{"vx":-0.21,"ay":-0.52,"az":9.84,"ax":-0.24,"pz":10.12,"vy":-0.21,"px":552442.2,"py":4182675.96},{"vx":-0.26,"ay":0,"az":9.81,"ax":0,"pz":10.12,"vy":-0.26,"px":552445.18,"py":4182675.83},{"vx":-0.05,"ay":1.26,"az":9.86,"ax":0.02,"pz":10.12,"vy":-0.05,"px":552450.4,"py":4182675.66},{"vx":-0.04,"ay":3.17,"az":9.82,"ax":-0.07,"pz":10.13,"vy":-0.04,"px":552454.28,"py":4182675.63},{"vx":0.1,"ay":8.96,"az":9.83,"ax":9.52,"pz":10.13,"vy":0.1,"px":552456.53,"py":4182675.62},{"vx":0.34,"ay":1.33,"az":9.81,"ax":-0.35,"pz":10.13,"vy":0.34,"px":552458.21,"py":4182675.83},{"vx":0.25,"ay":0.46,"az":9.81,"ax":-0.1,"pz":10.13,"vy":0.25,"px":552458.99,"py":4182676}],"traffic_light":[3,3,3,3,0,3],"state_arr":[{"acceleration":1.26,"throttle":23.95,"steering_target":-0.49,"brake":0,"steering_rate":100,"speed":5.82},{"acceleration":0.06,"throttle":15.7,"steering_target":3.24,"brake":0,"steering_rate":100,"speed":6.65},{"acceleration":-2.04,"throttle":0,"steering_target":0.86,"brake":28.99,"steering_rate":100,"speed":6.64},{"acceleration":-3.84,"throttle":0,"steering_target":-0.05,"brake":46.35,"steering_rate":100,"speed":5.37},{"acceleration":-1.96,"throttle":0,"steering_target":64.06,"brake":30.31,"steering_rate":100,"speed":2.87},{"acceleration":-1.53,"throttle":0,"steering_target":-7.42,"brake":27.21,"steering_rate":100,"speed":1.9},{"acceleration":-0.49,"throttle":0,"steering_target":2.78,"brake":14.5,"steering_rate":100,"speed":1.25}],"obstacle_arr":[[{"acceleration":{"y":0.18,"x":1.58,"z":0},"position":{"y":4182679.69,"x":552461.32,"z":10.49},"volume":4.94,"type":"VEHICLE","velocity":{"y":-0.36,"x":13.9,"z":0}}],[{"acceleration":{"y":0.03,"x":0.83,"z":0},"position":{"y":4182679.49,"x":552462.24,"z":10.4},"volume":3.17,"type":"VEHICLE","velocity":{"y":-0.31,"x":14.45,"z":0}},{"acceleration":{"y":-0.01,"x":-0.13,"z":0},"position":{"y":4182674.79,"x":552461.19,"z":10.1},"volume":5.43,"type":"VEHICLE","velocity":{"y":-0.12,"x":-2.02,"z":0}}],[{"acceleration":{"y":0,"x":0.02,"z":0},"position":{"y":4182679.47,"x":552466.28,"z":10.4},"volume":4.1,"type":"VEHICLE","velocity":{"y":-0.3,"x":14.44,"z":0}},{"acceleration":{"y":0.13,"x":2.02,"z":0},"position":{"y":4182674.79,"x":552462.61,"z":10.16},"volume":5.16,"type":"VEHICLE","velocity":{"y":0,"x":0,"z":0}}],[{"acceleration":{"y":0.02,"x":-0.45,"z":0},"position":{"y":4182679.46,"x":552470.83,"z":10.59},"volume":2.94,"type":"VEHICLE","velocity":{"y":-0.29,"x":13.54,"z":0}},{"acceleration":{"y":0,"x":0.02,"z":0},"position":{"y":4182675.18,"x":552466.46,"z":10.52},"volume":3.08,"type":"VEHICLE","velocity":{"y":0,"x":0,"z":0}}],[{"acceleration":{"y":0.04,"x":-0.18,"z":0},"position":{"y":4182679.15,"x":552476.34,"z":10.65},"volume":2.87,"type":"VEHICLE","velocity":{"y":-0.29,"x":12.8,"z":0}},{"acceleration":{"y":0,"x":0,"z":0},"position":{"y":4182675.53,"x":552471.66,"z":10.59},"volume":4.54,"type":"VEHICLE","velocity":{"y":0,"x":0,"z":0}}],[{"acceleration":{"y":0.07,"x":0.11,"z":0},"position":{"y":4182679.43,"x":552478.8,"z":10.71},"volume":1.37,"type":"VEHICLE","velocity":{"y":-0.21,"x":12.38,"z":0}},{"acceleration":{"y":0.18,"x":1.07,"z":0},"position":{"y":4182676.15,"x":552474.54,"z":10.55},"volume":2.71,"type":"VEHICLE","velocity":{"y":0.31,"x":1.97,"z":0}}]],"action_description":"NPC vehicle (Sedan) switching lane (current to right)","ev_state":[-413.422332763672,10.1248054504395,190.323669433594,1,0,1,12,-1,0.0318885520100594,77.7752456665039,0.0109247053042054,1.0084027572660244],"collision_probability":0}
 timestamp= 1619796046000 [RUN] Validate G1 Guard Condition: 
The ego vehicle E Detection.Collision == True.
 timestamp= 1619796046000 [RES] Global Validate result: 
false
 timestamp= 1619796046000 [RUN] Validate G2 Guard Condition: 
The ego vehicle E Detection.OffRoad == True.
 timestamp= 1619796046000 [RES] Global Validate result: 
false
 timestamp= 1619796046000 [RUN] Validate G3 Guard Condition: 
The ego vehicle E Detection.HardBrake == True.
 timestamp= 1619796046000 [RES] Global Validate result: 
true
 timestamp= 1619796046000 [RUN] HardBrake == True
 timestamp= 1619796046000 [RUN] RESUME STEP @preStep
 timestamp= 1619796046000 [RUN] Resume step basicflow10
 timestamp= 1619796046000 [RUN] Validate G4 Guard Condition: 
The ego vehicle E Detection.ArrivalTest == True.
 timestamp= 1619796046000 [RES] Global Validate result: 
false
 timestamp= 1619796046000 [RUN] Validate step: 
The test system VALIDATES THAT the Apollo A Status.GetControl is nearly equal to {"acceleration": -0.49, "throttle": 0.0, "steering_target": 2.78, "brake": 14.5, "steering_rate": 100.0, "speed": 1.25}
 timestamp= 1619796046000 [RES] Validate result: 
true
 timestamp= 1619796046000 [RUN] Generate steps
 timestamp= 1619796046000 [RUN] Validate step: 
The test system VALIDATES THAT the simulator S Status.GetEnvironment is nearly equal to {"x": -413.42, "y": 10.12, "z": 190.32, "rain": 1.0, "fog": 0.0, "wetness": 1.0, "timeofday": 12.0, "signal": -1.0, "rx": 0.03, "ry": 77.78, "rz": 0.01, "speed": 1.01}
 timestamp= 1619796046000 [RES] Validate result: 
true
 timestamp= 1619796046000 [RUN] Execute API step: 
The environment controller C INVOKES API Control.Agents.NPCVehicle.NPCVehicleMaintainLane(which_lane=Right_Lane&which_car=BoxTruck).
 timestamp= 1619796050000 [RES] API result: 
{"pose_arr":[{"vx":0.27,"ay":-3.14,"az":9.79,"ax":0.59,"pz":10.12,"vy":0.27,"px":552459.45,"py":4182676.1},{"vx":0.24,"ay":-1.47,"az":9.81,"ax":0.14,"pz":10.12,"vy":0.24,"px":552460.86,"py":4182676.37},{"vx":0.14,"ay":-0.41,"az":9.82,"ax":0.69,"pz":10.12,"vy":0.14,"px":552462.69,"py":4182676.59},{"vx":0.13,"ay":-0.27,"az":9.81,"ax":0.12,"pz":10.12,"vy":0.13,"px":552464.73,"py":4182676.72},{"vx":0.11,"ay":0.84,"az":9.81,"ax":0.48,"pz":10.13,"vy":0.11,"px":552466.52,"py":4182676.8},{"vx":-0.09,"ay":0.57,"az":9.81,"ax":-0.52,"pz":10.13,"vy":-0.09,"px":552468,"py":4182676.86},{"vx":-0.1,"ay":-2.46,"az":9.79,"ax":-0.06,"pz":10.12,"vy":-0.1,"px":552469.85,"py":4182676.84}],"traffic_light":[3,0,3,3,3,0],"state_arr":[{"acceleration":0.88,"throttle":38.33,"steering_target":-7.25,"brake":0,"steering_rate":100,"speed":1.01},{"acceleration":0.62,"throttle":21.46,"steering_target":-22.34,"brake":0,"steering_rate":100,"speed":2.5},{"acceleration":1.1,"throttle":29.62,"steering_target":-14.36,"brake":0,"steering_rate":100,"speed":2.95},{"acceleration":0.37,"throttle":16.63,"steering_target":-6.11,"brake":0,"steering_rate":100,"speed":3.34},{"acceleration":-1.25,"throttle":0,"steering_target":-2.75,"brake":23.28,"steering_rate":100,"speed":3.46},{"acceleration":-0.76,"throttle":0,"steering_target":1.46,"brake":17.64,"steering_rate":100,"speed":2.86},{"acceleration":0.25,"throttle":15.7,"steering_target":-20.6,"brake":0,"steering_rate":100,"speed":2.49},{"acceleration":0.81,"throttle":39.2,"steering_target":3.18,"brake":0,"steering_rate":100,"speed":3.05}],"obstacle_arr":[[{"acceleration":{"y":0.05,"x":0.25,"z":0},"position":{"y":4182679.4,"x":552482.07,"z":10.51},"volume":0.12,"type":"VEHICLE","velocity":{"y":-0.15,"x":12.24,"z":0}},{"acceleration":{"y":-0.13,"x":1.4,"z":0},"position":{"y":4182676.61,"x":552478.5,"z":10.48},"volume":2.19,"type":"VEHICLE","velocity":{"y":0.09,"x":3.12,"z":0}}],[{"acceleration":{"y":0.03,"x":0.19,"z":0},"position":{"y":4182679.81,"x":552486.92,"z":10.68},"volume":3.35,"type":"VEHICLE","velocity":{"y":-0.12,"x":12.01,"z":0}},{"acceleration":{"y":0.39,"x":1.27,"z":0},"position":{"y":4182677.23,"x":552479.85,"z":10.45},"volume":1.2,"type":"VEHICLE","velocity":{"y":0.32,"x":3.83,"z":0}}],[{"acceleration":{"y":0.05,"x":-0.09,"z":0},"position":{"y":4182679.84,"x":552488.75,"z":10.72},"volume":1.45,"type":"VEHICLE","velocity":{"y":0.18,"x":4.18,"z":0}},{"acceleration":{"y":0.2,"x":-2.09,"z":0},"position":{"y":4182677.46,"x":552480.78,"z":10.43},"volume":1.27,"type":"VEHICLE","velocity":{"y":0.39,"x":2.2,"z":0}}],[{"acceleration":{"y":-0.08,"x":-2,"z":0},"position":{"y":4182679.54,"x":552490.61,"z":10.78},"volume":0.89,"type":"VEHICLE","velocity":{"y":0.12,"x":3.02,"z":0}},{"acceleration":{"y":-0.02,"x":-2.28,"z":0},"position":{"y":4182677.32,"x":552482.36,"z":10.42},"volume":1.43,"type":"VEHICLE","velocity":{"y":0.29,"x":0.58,"z":0}}],[{"acceleration":{"y":-0.09,"x":-2.15,"z":0},"position":{"y":4182679.52,"x":552494.39,"z":10.72},"volume":0.28,"type":"VEHICLE","velocity":{"y":0.08,"x":1.86,"z":0}},{"acceleration":{"y":-0.48,"x":-1.44,"z":0},"position":{"y":4182677.53,"x":552484.96,"z":10.41},"volume":1.04,"type":"VEHICLE","velocity":{"y":0,"x":0,"z":0}}],[{"acceleration":{"y":-0.06,"x":-0.13,"z":0},"position":{"y":4182677.68,"x":552488.06,"z":10.35},"volume":3.43,"type":"VEHICLE","velocity":{"y":0,"x":0,"z":0}}],[{"acceleration":{"y":0,"x":0,"z":0},"position":{"y":4182678.78,"x":552490.24,"z":10.64},"volume":0.73,"type":"VEHICLE","velocity":{"y":0,"x":0,"z":0}}]],"action_description":"NPC vehicle (BoxTruck) driving on the right lane","ev_state":[-401.972473144531,10.1245651245117,190.765991210938,1,0,1,12,-1,359.878753662109,91.506462097168,359.963989257813,3.7611663662919717],"collision_probability":0}
 timestamp= 1619796050000 [RUN] Validate G1 Guard Condition: 
The ego vehicle E Detection.Collision == True.
 timestamp= 1619796050000 [RES] Global Validate result: 
false
 timestamp= 1619796050000 [RUN] Validate G2 Guard Condition: 
The ego vehicle E Detection.OffRoad == True.
 timestamp= 1619796050000 [RES] Global Validate result: 
false
 timestamp= 1619796050000 [RUN] Validate G3 Guard Condition: 
The ego vehicle E Detection.HardBrake == True.
 timestamp= 1619796050000 [RES] Global Validate result: 
false
 timestamp= 1619796050000 [RUN] Validate G4 Guard Condition: 
The ego vehicle E Detection.ArrivalTest == True.
 timestamp= 1619796050000 [RES] Global Validate result: 
false
 timestamp= 1619796050000 [RUN] Validate step: 
The test system VALIDATES THAT the Apollo A Status.GetControl is nearly equal to {"acceleration": 0.81, "throttle": 39.2, "steering_target": 3.18, "brake": 0.0, "steering_rate": 100.0, "speed": 3.05}
 timestamp= 1619796050000 [RES] Validate result: 
true
 timestamp= 1619796050000 [RUN] Generate steps
 timestamp= 1619796050000 [RUN] Validate step: 
The test system VALIDATES THAT the simulator S Status.GetEnvironment is nearly equal to {"x": -401.97, "y": 10.12, "z": 190.77, "rain": 1.0, "fog": 0.0, "wetness": 1.0, "timeofday": 12.0, "signal": -1.0, "rx": 359.88, "ry": 91.51, "rz": 359.96, "speed": 3.76}
 timestamp= 1619796050000 [RES] Validate result: 
true
 timestamp= 1619796050000 [RUN] Execute API step: 
The environment controller C INVOKES API Control.Agents.NPCVehicle.NPCVehicleMaintainLane(which_lane=Right_Lane&which_car=BoxTruck).
 timestamp= 1619796054000 [RES] API result: 
{"pose_arr":[{"vx":0.03,"ay":1.18,"az":9.85,"ax":0.02,"pz":10.12,"vy":0.03,"px":552471.34,"py":4182676.81},{"vx":0.02,"ay":0.5,"az":9.81,"ax":-0.03,"pz":10.13,"vy":0.02,"px":552472.94,"py":4182676.8},{"vx":0,"ay":-0.86,"az":9.8,"ax":-0.02,"pz":10.12,"vy":0,"px":552474.78,"py":4182676.81},{"vx":-0.02,"ay":-0.88,"az":9.81,"ax":0,"pz":10.12,"vy":-0.02,"px":552477.1,"py":4182676.81},{"vx":-0.03,"ay":-2.14,"az":9.81,"ax":0.01,"pz":10.12,"vy":-0.03,"px":552479.09,"py":4182676.81},{"vx":-0.03,"ay":-0.26,"az":9.82,"ax":-0.01,"pz":10.12,"vy":-0.03,"px":552481.74,"py":4182676.79},{"vx":-0.07,"ay":-0.25,"az":9.84,"ax":0.01,"pz":10.12,"vy":-0.07,"px":552486.03,"py":4182676.76}],"traffic_light":[3,3,3,3,3],"state_arr":[{"acceleration":-1.34,"throttle":0,"steering_target":8.2,"brake":24.32,"steering_rate":100,"speed":3.76},{"acceleration":-0.42,"throttle":0,"steering_target":-0.13,"brake":14.5,"steering_rate":100,"speed":3.17},{"acceleration":0.98,"throttle":27.68,"steering_target":-1.18,"brake":0,"steering_rate":100,"speed":2.9},{"acceleration":0.88,"throttle":25.18,"steering_target":-0.83,"brake":0,"steering_rate":100,"speed":3.62},{"acceleration":1.45,"throttle":49.05,"steering_target":-0.18,"brake":0,"steering_rate":100,"speed":4.38},{"acceleration":1.12,"throttle":15.7,"steering_target":-0.18,"brake":0,"steering_rate":100,"speed":5.26},{"acceleration":0.49,"throttle":15.7,"steering_target":-0.62,"brake":0,"steering_rate":100,"speed":6.36},{"acceleration":0.56,"throttle":15.7,"steering_target":0.29,"brake":0,"steering_rate":100,"speed":6.53}],"obstacle_arr":[[],[{"acceleration":{"y":0,"x":0,"z":0},"position":{"y":4182667.75,"x":552471.37,"z":10.32},"volume":125.68,"type":"VEHICLE","velocity":{"y":0,"x":0,"z":0}}],[{"acceleration":{"y":0.08,"x":0.94,"z":0},"position":{"y":4182667.35,"x":552472.3,"z":10.34},"volume":117.86,"type":"VEHICLE","velocity":{"y":0.08,"x":0.88,"z":0}},{"acceleration":{"y":0,"x":0,"z":0},"position":{"y":4182679.04,"x":552497.69,"z":10.46},"volume":1.29,"type":"VEHICLE","velocity":{"y":0,"x":0,"z":0}}],[{"acceleration":{"y":0.41,"x":0.61,"z":0},"position":{"y":4182667.88,"x":552474.31,"z":10.34},"volume":161.36,"type":"VEHICLE","velocity":{"y":0.41,"x":1.45,"z":0}},{"acceleration":{"y":0,"x":0.01,"z":0},"position":{"y":4182679.27,"x":552498.6,"z":10.56},"volume":0.36,"type":"VEHICLE","velocity":{"y":0.12,"x":2.58,"z":0}}],[{"acceleration":{"y":0.22,"x":0.18,"z":0},"position":{"y":4182667.6,"x":552474.38,"z":10.35},"volume":130.37,"type":"VEHICLE","velocity":{"y":0.44,"x":1.42,"z":0}},{"acceleration":{"y":-0.09,"x":0.48,"z":0},"position":{"y":4182679.11,"x":552502.36,"z":10.56},"volume":0.9,"type":"VEHICLE","velocity":{"y":0.05,"x":3.05,"z":0}}],[{"acceleration":{"y":-0.56,"x":-0.53,"z":0},"position":{"y":4182667.48,"x":552474.47,"z":10.37},"volume":137.77,"type":"VEHICLE","velocity":{"y":0.03,"x":1.15,"z":0}},{"acceleration":{"y":-0.18,"x":1.22,"z":0},"position":{"y":4182679.07,"x":552505.38,"z":10.48},"volume":1.24,"type":"VEHICLE","velocity":{"y":-0.12,"x":3.43,"z":0}}],[{"acceleration":{"y":0,"x":1.6,"z":0},"position":{"y":4182679.26,"x":552507.62,"z":10.65},"volume":0.39,"type":"VEHICLE","velocity":{"y":-0.21,"x":4.51,"z":0}}]],"action_description":"NPC vehicle (BoxTruck) driving on the right lane","ev_state":[-384.036315917969,10.1241807937622,190.696243286133,1,0,1,12,-1,359.981811523438,90.6652297973633,0.00338733708485961,6.54722684820605],"collision_probability":0}
 timestamp= 1619796054000 [RUN] Validate G1 Guard Condition: 
The ego vehicle E Detection.Collision == True.
 timestamp= 1619796054000 [RES] Global Validate result: 
false
 timestamp= 1619796054000 [RUN] Validate G2 Guard Condition: 
The ego vehicle E Detection.OffRoad == True.
 timestamp= 1619796054000 [RES] Global Validate result: 
false
 timestamp= 1619796054000 [RUN] Validate G3 Guard Condition: 
The ego vehicle E Detection.HardBrake == True.
 timestamp= 1619796054000 [RES] Global Validate result: 
false
 timestamp= 1619796054000 [RUN] Validate G4 Guard Condition: 
The ego vehicle E Detection.ArrivalTest == True.
 timestamp= 1619796054000 [RES] Global Validate result: 
false
 timestamp= 1619796054000 [RUN] Validate step: 
The test system VALIDATES THAT the Apollo A Status.GetControl is nearly equal to {"acceleration": 0.56, "throttle": 15.7, "steering_target": 0.29, "brake": 0.0, "steering_rate": 100.0, "speed": 6.53}
 timestamp= 1619796054000 [RES] Validate result: 
true
 timestamp= 1619796054000 [RUN] Generate steps
 timestamp= 1619796054000 [RUN] Validate step: 
The test system VALIDATES THAT the simulator S Status.GetEnvironment is nearly equal to {"x": -384.04, "y": 10.12, "z": 190.7, "rain": 1.0, "fog": 0.0, "wetness": 1.0, "timeofday": 12.0, "signal": -1.0, "rx": 359.98, "ry": 90.67, "rz": 0.0, "speed": 6.55}
 timestamp= 1619796054000 [RES] Validate result: 
true
 timestamp= 1619796054000 [RUN] Execute API step: 
The environment controller C INVOKES API Control.Agents.NPCVehicle.NPCVehicleMaintainLane(which_lane=Current_Lane&which_car=Sedan).
 timestamp= 1619796058000 [RES] API result: 
{"pose_arr":[{"vx":-0.08,"ay":-0.25,"az":9.81,"ax":0.04,"pz":10.12,"vy":-0.08,"px":552488.3,"py":4182676.74},{"vx":-0.05,"ay":-1.17,"az":9.79,"ax":-0.03,"pz":10.12,"vy":-0.05,"px":552491.3,"py":4182676.7},{"vx":-0.07,"ay":-0.24,"az":9.82,"ax":0,"pz":10.12,"vy":-0.07,"px":552495.33,"py":4182676.67},{"vx":-0.03,"ay":1.97,"az":9.83,"ax":0.07,"pz":10.1,"vy":-0.03,"px":552498.41,"py":4182676.64},{"vx":0,"ay":-0.3,"az":9.86,"ax":0,"pz":10.12,"vy":0,"px":552498.73,"py":4182676.64},{"vx":0,"ay":0,"az":9.82,"ax":0,"pz":10.12,"vy":0,"px":552498.74,"py":4182676.64},{"vx":0,"ay":-0.71,"az":9.79,"ax":0,"pz":10.12,"vy":0,"px":552498.75,"py":4182676.64},{"vx":0,"ay":-1.22,"az":9.78,"ax":0,"pz":10.12,"vy":0,"px":552498.75,"py":4182676.64}],"traffic_light":[2,2,2,2,2,2,3],"state_arr":[{"acceleration":1.34,"throttle":30.73,"steering_target":0.6,"brake":0,"steering_rate":100,"speed":6.55},{"acceleration":0.6,"throttle":15.7,"steering_target":-0.38,"brake":0,"steering_rate":100,"speed":6.97},{"acceleration":-1.66,"throttle":0,"steering_target":0.03,"brake":26.24,"steering_rate":100,"speed":7.19},{"acceleration":-1.85,"throttle":0,"steering_target":0.57,"brake":29.16,"steering_rate":100,"speed":3.02},{"acceleration":-1.05,"throttle":0,"steering_target":0.15,"brake":48.71,"steering_rate":100,"speed":0.08},{"acceleration":-0.8,"throttle":0,"steering_target":0.15,"brake":47.31,"steering_rate":100,"speed":0},{"acceleration":0.3,"throttle":35.83,"steering_target":0.15,"brake":0,"steering_rate":100,"speed":0},{"acceleration":0.29,"throttle":35.26,"steering_target":0.01,"brake":0,"steering_rate":100,"speed":0.01},{"acceleration":0.29,"throttle":35.41,"steering_target":0.01,"brake":0,"steering_rate":100,"speed":0}],"obstacle_arr":[[{"acceleration":{"y":-0.1,"x":1.54,"z":0},"position":{"y":4182679.14,"x":552510.22,"z":10.66},"volume":0.62,"type":"VEHICLE","velocity":{"y":-0.22,"x":5.01,"z":0}}],[{"acceleration":{"y":-0.03,"x":1.53,"z":0},"position":{"y":4182679.08,"x":552513.6,"z":10.72},"volume":1.98,"type":"VEHICLE","velocity":{"y":-0.28,"x":5.98,"z":0}},{"acceleration":{"y":0,"x":0.01,"z":0},"position":{"y":4182676.39,"x":552498.64,"z":10.46},"volume":5.14,"type":"VEHICLE","velocity":{"y":0,"x":0,"z":0}}],[{"acceleration":{"y":0.03,"x":1.06,"z":0},"position":{"y":4182679.14,"x":552516.96,"z":10.69},"volume":2.21,"type":"VEHICLE","velocity":{"y":-0.26,"x":7.03,"z":0}},{"acceleration":{"y":0,"x":0.05,"z":0},"position":{"y":4182676.28,"x":552501.19,"z":11.1},"volume":1.71,"type":"VEHICLE","velocity":{"y":0.02,"x":3.46,"z":0}},{"acceleration":{"y":0,"x":0,"z":0},"position":{"y":4182679.14,"x":552531.89,"z":11.07},"volume":0.01,"type":"VEHICLE","velocity":{"y":0,"x":0,"z":0}}],[{"acceleration":{"y":0.09,"x":0.21,"z":0},"position":{"y":4182679.18,"x":552519.87,"z":10.09},"volume":2.3,"type":"VEHICLE","velocity":{"y":-0.18,"x":7.39,"z":0}},{"acceleration":{"y":0.07,"x":0.07,"z":0},"position":{"y":4182676.31,"x":552503.41,"z":10.68},"volume":4.24,"type":"VEHICLE","velocity":{"y":0.09,"x":3.84,"z":0}}],[{"acceleration":{"y":0.05,"x":-0.4,"z":0},"position":{"y":4182679.31,"x":552522.18,"z":10.54},"volume":0.5,"type":"VEHICLE","velocity":{"y":-0.13,"x":7.19,"z":0}},{"acceleration":{"y":-0.01,"x":-1.12,"z":0},"position":{"y":4182676.29,"x":552503.71,"z":10.75},"volume":3.77,"type":"VEHICLE","velocity":{"y":0.07,"x":2.58,"z":0}}],[{"acceleration":{"y":0.02,"x":-0.54,"z":0},"position":{"y":4182679.27,"x":552525.42,"z":10.8},"volume":1.24,"type":"VEHICLE","velocity":{"y":-0.11,"x":6.62,"z":0}},{"acceleration":{"y":-0.11,"x":-3.64,"z":0},"position":{"y":4182676.29,"x":552503.71,"z":10.73},"volume":4.23,"type":"VEHICLE","velocity":{"y":0,"x":0,"z":0}}],[{"acceleration":{"y":0.02,"x":-0.37,"z":0},"position":{"y":4182679.33,"x":552528.4,"z":10.57},"volume":0.91,"type":"VEHICLE","velocity":{"y":-0.1,"x":6.12,"z":0}},{"acceleration":{"y":-0.01,"x":-0.66,"z":0},"position":{"y":4182676.28,"x":552503.72,"z":10.72},"volume":4.18,"type":"VEHICLE","velocity":{"y":0,"x":0,"z":0}}],[{"acceleration":{"y":0.36,"x":-0.32,"z":0},"position":{"y":4182679.16,"x":552532.14,"z":11.17},"volume":0,"type":"VEHICLE","velocity":{"y":0.15,"x":5.65,"z":0}},{"acceleration":{"y":0,"x":-0.01,"z":0},"position":{"y":4182676.3,"x":552503.72,"z":10.74},"volume":3.73,"type":"VEHICLE","velocity":{"y":0,"x":0,"z":0}}]],"action_description":"NPC vehicle (Sedan) driving on the current lane","ev_state":[-373.882080078125,10.1249961853027,190.604995727539,1,0,1,12,-1,359.794647216797,90.5872192382813,-0.00435047782957554,0.0012642539347800278],"collision_probability":1}
 timestamp= 1619796058000 [RUN] Validate G1 Guard Condition: 
The ego vehicle E Detection.Collision == True.
 timestamp= 1619796058000 [RES] Global Validate result: 
true
 timestamp= 1619796058000 [RUN] Collision == True
 timestamp= 1619796058000 [RUN] Validate G2 Guard Condition: 
The ego vehicle E Detection.OffRoad == True.
 timestamp= 1619796058000 [RES] Global Validate result: 
false
 timestamp= 1619796058000 [RUN] Validate G3 Guard Condition: 
The ego vehicle E Detection.HardBrake == True.
 timestamp= 1619796058000 [RES] Global Validate result: 
true
 timestamp= 1619796058000 [RUN] HardBrake == True
 timestamp= 1619796058000 [RUN] RESUME STEP @preStep
 timestamp= 1619796058000 [RUN] Resume step basicflow19
 timestamp= 1619796058000 [RUN] Validate G4 Guard Condition: 
The ego vehicle E Detection.ArrivalTest == True.
 timestamp= 1619796058000 [RES] Global Validate result: 
false
 timestamp= 1619796058000 [RUN] Validate step: 
The test system VALIDATES THAT the Apollo A Status.GetControl is nearly equal to {"acceleration": 0.29, "throttle": 35.41, "steering_target": 0.01, "brake": 0.0, "steering_rate": 100.0, "speed": 0.0}
 timestamp= 1619796058000 [RES] Validate result: 
true
 timestamp= 1619796058000 [RUN] Generate steps
 timestamp= 1619796058000 [RUN] Validate step: 
The test system VALIDATES THAT the simulator S Status.GetEnvironment is nearly equal to {"x": -373.88, "y": 10.12, "z": 190.6, "rain": 1.0, "fog": 0.0, "wetness": 1.0, "timeofday": 12.0, "signal": -1.0, "rx": 359.79, "ry": 90.59, "rz": -0.0, "speed": 0.0}
 timestamp= 1619796058000 [RES] Validate result: 
true
 timestamp= 1619796058000 [RUN] Execute API step: 
The environment controller C INVOKES API Control.Agents.Pedestrians.WalkRandomly(which_lane=Current_Lane).
 timestamp= 1619796062000 [RES] API result: 
{"pose_arr":[{"vx":0,"ay":-0.18,"az":9.81,"ax":0,"pz":10.12,"vy":0,"px":552498.75,"py":4182676.64},{"vx":0,"ay":-0.63,"az":9.79,"ax":0,"pz":10.12,"vy":0,"px":552498.75,"py":4182676.64},{"vx":0,"ay":0.03,"az":9.81,"ax":0,"pz":10.12,"vy":0,"px":552498.75,"py":4182676.64},{"vx":0,"ay":-0.02,"az":9.81,"ax":0,"pz":10.12,"vy":0,"px":552498.75,"py":4182676.64},{"vx":0,"ay":-0.02,"az":9.81,"ax":0.01,"pz":10.12,"vy":0,"px":552498.75,"py":4182676.64},{"vx":0,"ay":0.02,"az":9.81,"ax":0,"pz":10.12,"vy":0,"px":552498.75,"py":4182676.64},{"vx":0,"ay":-1.03,"az":9.76,"ax":0,"pz":10.12,"vy":0,"px":552498.75,"py":4182676.64},{"vx":0,"ay":0,"az":9.81,"ax":0,"pz":10.12,"vy":0,"px":552498.75,"py":4182676.64}],"traffic_light":[1,1,1,3,1,3,1],"state_arr":[{"acceleration":0.29,"throttle":35.4,"steering_target":0.01,"brake":0,"steering_rate":100,"speed":0},{"acceleration":0.29,"throttle":35.32,"steering_target":0.01,"brake":0,"steering_rate":100,"speed":0},{"acceleration":0.29,"throttle":35.38,"steering_target":0.01,"brake":0,"steering_rate":100,"speed":0},{"acceleration":0.29,"throttle":35.32,"steering_target":0.01,"brake":0,"steering_rate":100,"speed":0},{"acceleration":0.29,"throttle":35.34,"steering_target":0.01,"brake":0,"steering_rate":100,"speed":0},{"acceleration":0.29,"throttle":35.33,"steering_target":0.01,"brake":0,"steering_rate":100,"speed":0},{"acceleration":0.29,"throttle":35.21,"steering_target":0.01,"brake":0,"steering_rate":100,"speed":0},{"acceleration":0.29,"throttle":35.25,"steering_target":0.01,"brake":0,"steering_rate":100,"speed":0}],"obstacle_arr":[[{"acceleration":{"y":0,"x":0,"z":0},"position":{"y":4182676.29,"x":552503.72,"z":10.74},"volume":3.76,"type":"VEHICLE","velocity":{"y":0,"x":0,"z":0}}],[{"acceleration":{"y":0,"x":0,"z":0},"position":{"y":4182676.28,"x":552503.72,"z":10.74},"volume":3.76,"type":"VEHICLE","velocity":{"y":0,"x":0,"z":0}}],[{"acceleration":{"y":0,"x":0,"z":0},"position":{"y":4182676.28,"x":552503.72,"z":10.74},"volume":3.76,"type":"VEHICLE","velocity":{"y":0,"x":0,"z":0}}],[{"acceleration":{"y":0,"x":0,"z":0},"position":{"y":4182676.28,"x":552503.72,"z":10.74},"volume":3.76,"type":"VEHICLE","velocity":{"y":0,"x":0,"z":0}}],[{"acceleration":{"y":0,"x":0,"z":0},"position":{"y":4182676.29,"x":552503.72,"z":10.74},"volume":3.76,"type":"VEHICLE","velocity":{"y":0,"x":0,"z":0}}],[{"acceleration":{"y":0,"x":0,"z":0},"position":{"y":4182676.29,"x":552503.72,"z":10.74},"volume":3.76,"type":"VEHICLE","velocity":{"y":0,"x":0,"z":0}}],[{"acceleration":{"y":0,"x":0,"z":0},"position":{"y":4182676.29,"x":552503.72,"z":10.74},"volume":3.76,"type":"VEHICLE","velocity":{"y":0,"x":0,"z":0}}],[{"acceleration":{"y":0,"x":0,"z":0},"position":{"y":4182676.29,"x":552503.72,"z":10.74},"volume":3.75,"type":"VEHICLE","velocity":{"y":0,"x":0,"z":0}}]],"action_description":"Pedestrian walking on the front lane","ev_state":[-373.88232421875,10.1249780654907,190.604995727539,1,0,1,12,1,359.810577392578,90.6031188964844,-0.00449291476979852,0.0006838198199872316],"collision_probability":0}
 timestamp= 1619796062000 [RUN] Validate G1 Guard Condition: 
The ego vehicle E Detection.Collision == True.
 timestamp= 1619796062000 [RES] Global Validate result: 
false
 timestamp= 1619796062000 [RUN] Validate G2 Guard Condition: 
The ego vehicle E Detection.OffRoad == True.
 timestamp= 1619796062000 [RES] Global Validate result: 
false
 timestamp= 1619796062000 [RUN] Validate G3 Guard Condition: 
The ego vehicle E Detection.HardBrake == True.
 timestamp= 1619796062000 [RES] Global Validate result: 
false
 timestamp= 1619796062000 [RUN] Validate G4 Guard Condition: 
The ego vehicle E Detection.ArrivalTest == True.
 timestamp= 1619796062000 [RES] Global Validate result: 
false
 timestamp= 1619796062000 [RUN] Validate step: 
The test system VALIDATES THAT the Apollo A Status.GetControl is nearly equal to {"acceleration": 0.29, "throttle": 35.25, "steering_target": 0.01, "brake": 0.0, "steering_rate": 100.0, "speed": 0.0}
 timestamp= 1619796062000 [RES] Validate result: 
true
 timestamp= 1619796062000 [RUN] Generate steps
 timestamp= 1619796062000 [RUN] Validate step: 
The test system VALIDATES THAT the simulator S Status.GetEnvironment is nearly equal to {"x": -373.88, "y": 10.12, "z": 190.6, "rain": 1.0, "fog": 0.0, "wetness": 1.0, "timeofday": 12.0, "signal": 1.0, "rx": 359.81, "ry": 90.6, "rz": -0.0, "speed": 0.0}
 timestamp= 1619796062000 [RES] Validate result: 
true
 timestamp= 1619796062000 [RUN] Execute API step: 
The environment controller C INVOKES API Control.Agents.NPCVehicle.NPCVehicleSwitchLane(which_lane=Current_Lane&which_car=Sedan).
 timestamp= 1619796067000 [RES] API result: 
{"pose_arr":[{"vx":0,"ay":0,"az":9.81,"ax":0,"pz":10.12,"vy":0,"px":552498.75,"py":4182676.64},{"vx":0,"ay":0.01,"az":9.81,"ax":0,"pz":10.12,"vy":0,"px":552498.75,"py":4182676.64},{"vx":0,"ay":0,"az":9.81,"ax":0,"pz":10.12,"vy":0,"px":552498.75,"py":4182676.64},{"vx":0,"ay":-0.01,"az":9.81,"ax":0,"pz":10.12,"vy":0,"px":552498.75,"py":4182676.64},{"vx":0,"ay":0,"az":9.81,"ax":0,"pz":10.12,"vy":0,"px":552498.75,"py":4182676.64},{"vx":0,"ay":0,"az":9.81,"ax":0,"pz":10.12,"vy":0,"px":552498.75,"py":4182676.64},{"vx":0,"ay":0,"az":9.81,"ax":0,"pz":10.12,"vy":0,"px":552498.75,"py":4182676.64},{"vx":0,"ay":0,"az":9.81,"ax":0,"pz":10.12,"vy":0,"px":552498.75,"py":4182676.64}],"traffic_light":[1,1,1,1,1,1,3],"state_arr":[{"acceleration":0.29,"throttle":35.27,"steering_target":0.01,"brake":0,"steering_rate":100,"speed":0},{"acceleration":0.29,"throttle":35.25,"steering_target":0.01,"brake":0,"steering_rate":100,"speed":0},{"acceleration":0.29,"throttle":35.24,"steering_target":0.01,"brake":0,"steering_rate":100,"speed":0},{"acceleration":0.29,"throttle":35.23,"steering_target":0.01,"brake":0,"steering_rate":100,"speed":0},{"acceleration":0.29,"throttle":35.24,"steering_target":0.01,"brake":0,"steering_rate":100,"speed":0},{"acceleration":0.29,"throttle":35.22,"steering_target":0.01,"brake":0,"steering_rate":100,"speed":0},{"acceleration":0.29,"throttle":35.22,"steering_target":0.01,"brake":0,"steering_rate":100,"speed":0},{"acceleration":0.29,"throttle":35.2,"steering_target":0.01,"brake":0,"steering_rate":100,"speed":0},{"acceleration":0.29,"throttle":35.21,"steering_target":0.01,"brake":0,"steering_rate":100,"speed":0}],"obstacle_arr":[[{"acceleration":{"y":0,"x":0,"z":0},"position":{"y":4182676.29,"x":552503.72,"z":10.74},"volume":3.75,"type":"VEHICLE","velocity":{"y":0,"x":0,"z":0}}],[{"acceleration":{"y":0,"x":0,"z":0},"position":{"y":4182676.29,"x":552503.72,"z":10.74},"volume":3.75,"type":"VEHICLE","velocity":{"y":0,"x":0,"z":0}},{"acceleration":{"y":0,"x":0.01,"z":0},"position":{"y":4182676.16,"x":552518.8,"z":10.45},"volume":1.61,"type":"VEHICLE","velocity":{"y":-0.01,"x":1.1,"z":0}}],[{"acceleration":{"y":0,"x":0,"z":0},"position":{"y":4182676.29,"x":552503.72,"z":10.74},"volume":3.75,"type":"VEHICLE","velocity":{"y":0,"x":0,"z":0}},{"acceleration":{"y":0.02,"x":0.11,"z":0},"position":{"y":4182676.12,"x":552520.81,"z":10.76},"volume":1.76,"type":"VEHICLE","velocity":{"y":0.01,"x":1.19,"z":0}}],[{"acceleration":{"y":0,"x":0,"z":0},"position":{"y":4182676.29,"x":552503.72,"z":10.74},"volume":3.74,"type":"VEHICLE","velocity":{"y":0,"x":0,"z":0}},{"acceleration":{"y":-0.02,"x":1.67,"z":0},"position":{"y":4182676.34,"x":552521.86,"z":10.57},"volume":0.22,"type":"VEHICLE","velocity":{"y":0.01,"x":2.26,"z":0}}],[{"acceleration":{"y":0,"x":0,"z":0},"position":{"y":4182676.29,"x":552503.72,"z":10.74},"volume":3.75,"type":"VEHICLE","velocity":{"y":0,"x":0,"z":0}},{"acceleration":{"y":0.19,"x":0.74,"z":0},"position":{"y":4182676.35,"x":552525.44,"z":10.91},"volume":1.4,"type":"VEHICLE","velocity":{"y":0.17,"x":2.73,"z":0}}],[{"acceleration":{"y":0,"x":0,"z":0},"position":{"y":4182676.29,"x":552503.72,"z":10.74},"volume":3.75,"type":"VEHICLE","velocity":{"y":0,"x":0,"z":0}},{"acceleration":{"y":0.09,"x":1.76,"z":0},"position":{"y":4182676.55,"x":552527.74,"z":10.74},"volume":0.77,"type":"VEHICLE","velocity":{"y":0.17,"x":4.31,"z":0}}],[{"acceleration":{"y":0,"x":0,"z":0},"position":{"y":4182676.29,"x":552503.72,"z":10.74},"volume":3.75,"type":"VEHICLE","velocity":{"y":0,"x":0,"z":0}},{"acceleration":{"y":3.13,"x":-0.73,"z":0},"position":{"y":4182676.87,"x":552531.68,"z":11.18},"volume":0,"type":"VEHICLE","velocity":{"y":1.31,"x":4.79,"z":0}}],[{"acceleration":{"y":0,"x":0,"z":0},"position":{"y":4182676.29,"x":552503.72,"z":10.74},"volume":3.75,"type":"VEHICLE","velocity":{"y":0,"x":0,"z":0}},{"acceleration":{"y":2.31,"x":-1.11,"z":0},"position":{"y":4182677.23,"x":552534.2,"z":11.06},"volume":0.03,"type":"VEHICLE","velocity":{"y":2.7,"x":4.48,"z":0}}]],"action_description":"NPC vehicle (Sedan) switching lane (current to right)","ev_state":[-373.882659912109,10.1249895095825,190.605010986328,1,0,1,12,1,359.810363769531,90.6188125610352,359.992706298828,0.00039310831888962963],"collision_probability":0}
 timestamp= 1619796067000 [RUN] Validate G1 Guard Condition: 
The ego vehicle E Detection.Collision == True.
 timestamp= 1619796067000 [RES] Global Validate result: 
false
 timestamp= 1619796067000 [RUN] Validate G2 Guard Condition: 
The ego vehicle E Detection.OffRoad == True.
 timestamp= 1619796067000 [RES] Global Validate result: 
false
 timestamp= 1619796067000 [RUN] Validate G3 Guard Condition: 
The ego vehicle E Detection.HardBrake == True.
 timestamp= 1619796067000 [RES] Global Validate result: 
false
 timestamp= 1619796067000 [RUN] Validate G4 Guard Condition: 
The ego vehicle E Detection.ArrivalTest == True.
 timestamp= 1619796067000 [RES] Global Validate result: 
false
 timestamp= 1619796067000 [RUN] Validate step: 
The test system VALIDATES THAT the Apollo A Status.GetControl is nearly equal to {"acceleration": 0.29, "throttle": 35.21, "steering_target": 0.01, "brake": 0.0, "steering_rate": 100.0, "speed": 0.0}
 timestamp= 1619796067000 [RES] Validate result: 
true
 timestamp= 1619796067000 [RUN] Generate steps
 timestamp= 1619796067000 [RUN] Validate step: 
The test system VALIDATES THAT the simulator S Status.GetEnvironment is nearly equal to {"x": -373.88, "y": 10.12, "z": 190.61, "rain": 1.0, "fog": 0.0, "wetness": 1.0, "timeofday": 12.0, "signal": 1.0, "rx": 359.81, "ry": 90.62, "rz": 359.99, "speed": 0.0}
 timestamp= 1619796067000 [RES] Validate result: 
true
 timestamp= 1619796067000 [RUN] Execute API step: 
The environment controller C INVOKES API Control.Weather.Fog(fog_level=Light).
 timestamp= 1619796071000 [RES] API result: 
{"pose_arr":[{"vx":0,"ay":0,"az":9.81,"ax":0,"pz":10.12,"vy":0,"px":552498.75,"py":4182676.64},{"vx":0,"ay":0.02,"az":9.81,"ax":0,"pz":10.12,"vy":0,"px":552498.75,"py":4182676.64},{"vx":0,"ay":-0.01,"az":9.81,"ax":0,"pz":10.12,"vy":0,"px":552498.75,"py":4182676.64},{"vx":0,"ay":0,"az":9.81,"ax":0,"pz":10.12,"vy":0,"px":552498.75,"py":4182676.64},{"vx":0,"ay":0.01,"az":9.81,"ax":0,"pz":10.12,"vy":0,"px":552498.75,"py":4182676.64},{"vx":0,"ay":0,"az":9.81,"ax":0,"pz":10.12,"vy":0,"px":552498.75,"py":4182676.64},{"vx":0,"ay":0,"az":9.81,"ax":0,"pz":10.12,"vy":0,"px":552498.75,"py":4182676.64},{"vx":0,"ay":-0.02,"az":9.81,"ax":0,"pz":10.12,"vy":0,"px":552498.75,"py":4182676.64}],"traffic_light":[3,3,3,3,3,3,3],"state_arr":[{"acceleration":0.29,"throttle":35.2,"steering_target":0.01,"brake":0,"steering_rate":100,"speed":0},{"acceleration":0.29,"throttle":35.19,"steering_target":0.01,"brake":0,"steering_rate":100,"speed":0},{"acceleration":0.29,"throttle":35.2,"steering_target":0.01,"brake":0,"steering_rate":100,"speed":0},{"acceleration":0.29,"throttle":35.18,"steering_target":0.01,"brake":0,"steering_rate":100,"speed":0},{"acceleration":0.29,"throttle":35.18,"steering_target":0.01,"brake":0,"steering_rate":100,"speed":0},{"acceleration":0.29,"throttle":35.17,"steering_target":0.01,"brake":0,"steering_rate":100,"speed":0},{"acceleration":0.29,"throttle":35.17,"steering_target":0.01,"brake":0,"steering_rate":100,"speed":0},{"acceleration":0.29,"throttle":35.17,"steering_target":0.01,"brake":0,"steering_rate":100,"speed":0}],"obstacle_arr":[[{"acceleration":{"y":0,"x":0,"z":0},"position":{"y":4182676.29,"x":552503.72,"z":10.74},"volume":3.75,"type":"VEHICLE","velocity":{"y":0,"x":0,"z":0}}],[{"acceleration":{"y":0,"x":0,"z":0},"position":{"y":4182676.29,"x":552503.72,"z":10.74},"volume":3.75,"type":"VEHICLE","velocity":{"y":0,"x":0,"z":0}}],[{"acceleration":{"y":0,"x":0,"z":0},"position":{"y":4182676.29,"x":552503.72,"z":10.74},"volume":3.75,"type":"VEHICLE","velocity":{"y":0,"x":0,"z":0}}],[{"acceleration":{"y":0,"x":0,"z":0},"position":{"y":4182676.29,"x":552503.72,"z":10.74},"volume":3.74,"type":"VEHICLE","velocity":{"y":0,"x":0,"z":0}}],[{"acceleration":{"y":0,"x":0,"z":0},"position":{"y":4182676.29,"x":552503.72,"z":10.74},"volume":3.74,"type":"VEHICLE","velocity":{"y":0,"x":0,"z":0}}],[{"acceleration":{"y":0,"x":0,"z":0},"position":{"y":4182676.29,"x":552503.72,"z":10.74},"volume":3.74,"type":"VEHICLE","velocity":{"y":0,"x":0,"z":0}}],[{"acceleration":{"y":0,"x":0,"z":0},"position":{"y":4182676.29,"x":552503.72,"z":10.74},"volume":3.74,"type":"VEHICLE","velocity":{"y":0,"x":0,"z":0}}],[{"acceleration":{"y":0,"x":0,"z":0},"position":{"y":4182676.29,"x":552503.72,"z":10.74},"volume":3.74,"type":"VEHICLE","velocity":{"y":0,"x":0,"z":0}}]],"action_description":"Light fog","ev_state":[-373.882659912109,10.1249942779541,190.605010986328,0,0.200000002980232,0,12,1,359.810089111328,90.63427734375,359.992706298828,0.0003048369954944822],"collision_probability":0}
 timestamp= 1619796071000 [RUN] Validate G1 Guard Condition: 
The ego vehicle E Detection.Collision == True.
 timestamp= 1619796071000 [RES] Global Validate result: 
false
 timestamp= 1619796071000 [RUN] Validate G2 Guard Condition: 
The ego vehicle E Detection.OffRoad == True.
 timestamp= 1619796071000 [RES] Global Validate result: 
false
 timestamp= 1619796071000 [RUN] Validate G3 Guard Condition: 
The ego vehicle E Detection.HardBrake == True.
 timestamp= 1619796071000 [RES] Global Validate result: 
false
 timestamp= 1619796071000 [RUN] Validate G4 Guard Condition: 
The ego vehicle E Detection.ArrivalTest == True.
 timestamp= 1619796071000 [RES] Global Validate result: 
false
 timestamp= 1619796071000 [RUN] Validate step: 
The test system VALIDATES THAT the Apollo A Status.GetControl is nearly equal to {"acceleration": 0.29, "throttle": 35.17, "steering_target": 0.01, "brake": 0.0, "steering_rate": 100.0, "speed": 0.0}
 timestamp= 1619796071000 [RES] Validate result: 
true
 timestamp= 1619796071000 [RUN] Generate steps
 timestamp= 1619796071000 [RUN] Validate step: 
The test system VALIDATES THAT the simulator S Status.GetEnvironment is nearly equal to {"x": -373.88, "y": 10.12, "z": 190.61, "rain": 0.0, "fog": 0.2, "wetness": 0.0, "timeofday": 12.0, "signal": 1.0, "rx": 359.81, "ry": 90.63, "rz": 359.99, "speed": 0.0}
 timestamp= 1619796071000 [RES] Validate result: 
true
 timestamp= 1619796071000 [RUN] Execute API step: 
The environment controller C INVOKES API Control.Agents.NPCVehicle.NPCVehicleSwitchLane(which_lane=Left_Lane&which_car=SchoolBus).
 timestamp= 1619796076000 [RES] API result: 
{"pose_arr":[{"vx":0,"ay":0.01,"az":9.81,"ax":0,"pz":10.12,"vy":0,"px":552498.75,"py":4182676.64},{"vx":0,"ay":0.01,"az":9.81,"ax":0,"pz":10.12,"vy":0,"px":552498.75,"py":4182676.64},{"vx":0,"ay":0,"az":9.81,"ax":0,"pz":10.12,"vy":0,"px":552498.75,"py":4182676.64},{"vx":0,"ay":0,"az":9.81,"ax":0,"pz":10.12,"vy":0,"px":552498.75,"py":4182676.64},{"vx":0,"ay":-0.01,"az":9.81,"ax":0,"pz":10.12,"vy":0,"px":552498.75,"py":4182676.64},{"vx":0,"ay":0,"az":9.81,"ax":0,"pz":10.12,"vy":0,"px":552498.75,"py":4182676.64},{"vx":0,"ay":0.01,"az":9.81,"ax":0,"pz":10.12,"vy":0,"px":552498.75,"py":4182676.64},{"vx":0,"ay":-0.02,"az":9.81,"ax":0,"pz":10.12,"vy":0,"px":552498.75,"py":4182676.64}],"traffic_light":[1,3,0,0,0,0,0,0],"state_arr":[{"acceleration":0.29,"throttle":35.17,"steering_target":0.01,"brake":0,"steering_rate":100,"speed":0},{"acceleration":0.29,"throttle":35.16,"steering_target":0.01,"brake":0,"steering_rate":100,"speed":0},{"acceleration":0.29,"throttle":35.15,"steering_target":0.01,"brake":0,"steering_rate":100,"speed":0},{"acceleration":0.29,"throttle":35.15,"steering_target":0.01,"brake":0,"steering_rate":100,"speed":0},{"acceleration":0.29,"throttle":35.14,"steering_target":0.01,"brake":0,"steering_rate":100,"speed":0},{"acceleration":0.29,"throttle":35.15,"steering_target":0.01,"brake":0,"steering_rate":100,"speed":0},{"acceleration":0.29,"throttle":35.15,"steering_target":0.01,"brake":0,"steering_rate":100,"speed":0},{"acceleration":0.29,"throttle":35.14,"steering_target":0.01,"brake":0,"steering_rate":100,"speed":0},{"acceleration":0.29,"throttle":35.13,"steering_target":0.01,"brake":0,"steering_rate":100,"speed":0}],"obstacle_arr":[[{"acceleration":{"y":0,"x":0,"z":0},"position":{"y":4182676.29,"x":552503.72,"z":10.74},"volume":3.74,"type":"VEHICLE","velocity":{"y":0,"x":0,"z":0}}],[{"acceleration":{"y":0,"x":0,"z":0},"position":{"y":4182676.3,"x":552503.72,"z":10.74},"volume":3.72,"type":"VEHICLE","velocity":{"y":0,"x":0,"z":0}},{"acceleration":{"y":0,"x":0,"z":0},"position":{"y":4182682.94,"x":552520.9,"z":10.04},"volume":96.49,"type":"VEHICLE","velocity":{"y":0,"x":0,"z":0}}],[{"acceleration":{"y":0,"x":0,"z":0},"position":{"y":4182676.3,"x":552503.72,"z":10.74},"volume":3.72,"type":"VEHICLE","velocity":{"y":0,"x":0,"z":0}},{"acceleration":{"y":-0.01,"x":0,"z":0},"position":{"y":4182678.23,"x":552522.4,"z":10.04},"volume":49.75,"type":"VEHICLE","velocity":{"y":0,"x":0,"z":0}}],[{"acceleration":{"y":0,"x":0,"z":0},"position":{"y":4182676.3,"x":552503.72,"z":10.74},"volume":3.72,"type":"VEHICLE","velocity":{"y":0,"x":0,"z":0}},{"acceleration":{"y":0,"x":0,"z":0},"position":{"y":4182674.77,"x":552523.5,"z":10.4},"volume":66.27,"type":"VEHICLE","velocity":{"y":0,"x":0,"z":0}}],[{"acceleration":{"y":0,"x":0,"z":0},"position":{"y":4182676.3,"x":552503.72,"z":10.74},"volume":3.72,"type":"VEHICLE","velocity":{"y":0,"x":0,"z":0}},{"acceleration":{"y":0.1,"x":0.01,"z":0},"position":{"y":4182674.76,"x":552523.72,"z":10.4},"volume":63.91,"type":"VEHICLE","velocity":{"y":-0.3,"x":0.04,"z":0}}],[{"acceleration":{"y":0,"x":0,"z":0},"position":{"y":4182676.3,"x":552503.72,"z":10.74},"volume":3.72,"type":"VEHICLE","velocity":{"y":0,"x":0,"z":0}},{"acceleration":{"y":0.76,"x":-0.02,"z":0},"position":{"y":4182674.97,"x":552523.73,"z":10.4},"volume":71.69,"type":"VEHICLE","velocity":{"y":0,"x":0,"z":0}}],[{"acceleration":{"y":0,"x":0,"z":0},"position":{"y":4182676.3,"x":552503.72,"z":10.74},"volume":3.72,"type":"VEHICLE","velocity":{"y":0,"x":0,"z":0}},{"acceleration":{"y":0.04,"x":0,"z":0},"position":{"y":4182674.91,"x":552523.86,"z":10.4},"volume":92.82,"type":"VEHICLE","velocity":{"y":0,"x":0,"z":0}}],[{"acceleration":{"y":0,"x":0,"z":0},"position":{"y":4182676.31,"x":552503.72,"z":10.74},"volume":3.72,"type":"VEHICLE","velocity":{"y":0,"x":0,"z":0}},{"acceleration":{"y":0,"x":0,"z":0},"position":{"y":4182674.91,"x":552523.3,"z":10.04},"volume":110.54,"type":"VEHICLE","velocity":{"y":0,"x":0,"z":0}}]],"action_description":"NPC vehicle (BoxTruck) switching lane (left to right)","ev_state":[-373.8828125,10.1250095367432,190.605010986328,0,0.200000002980232,0,12,1,359.809783935547,90.6498107910156,359.992645263672,0.00016749138241245996],"collision_probability":0}
 timestamp= 1619796076000 [RUN] Validate G1 Guard Condition: 
The ego vehicle E Detection.Collision == True.
 timestamp= 1619796076000 [RES] Global Validate result: 
false
 timestamp= 1619796076000 [RUN] Validate G2 Guard Condition: 
The ego vehicle E Detection.OffRoad == True.
 timestamp= 1619796076000 [RES] Global Validate result: 
true
 timestamp= 1619796076000 [RUN] OffRoad == True
 timestamp= 1619796076000 [RUN] The simulator S INVOKES API Command.Simulation.Stop() to stop simulation.
 timestamp= 1619796076000 [WARNING] The test system Stop the Simulator S!
 timestamp= 1619796076000 [RUN] ABORT.
 timestamp= 1619796076000 [ERROR] The test system Abort!
 timestamp= 1619796076000 [RUN] Validate G3 Guard Condition: 
The ego vehicle E Detection.HardBrake == True.
 timestamp= 1619796076000 [RES] Global Validate result: 
false
 timestamp= 1619796076000 [RUN] Validate G4 Guard Condition: 
The ego vehicle E Detection.ArrivalTest == True.
 timestamp= 1619796076000 [RES] Global Validate result: 
false
 timestamp= 1619796076000 [RES] Basic PostCondition Validate result: 
false
 timestamp= 1619796076000 [STOP] numberOfStep: 34 basicFlow: 
[{"name":"","description":"","eClass":"Sentence","content":"The test system VALIDATES THAT the simulator S Status.GetEnvironment is nearly equal to {\"x\": -439.84, \"y\": 10.12, \"z\": 215.72, \"rain\": 0.0, \"fog\": 0.0, \"wetness\": 0.0, \"timeofday\": 12.0, \"signal\": 1.0, \"rx\": 359.94, \"ry\": 210.05, \"rz\": -0.0, \"speed\": 2.39}","natures":[]},{"name":"","description":"","eClass":"Sentence","content":"The environment controller C INVOKES API Control.Agents.NPCVehicle.NPCVehicleMaintainLane(which_lane=Right_Lane&which_car=Hatchback).","natures":[]},{"name":"","description":"","eClass":"Sentence","content":"The test system VALIDATES THAT the Apollo A Status.GetControl is nearly equal to {\"acceleration\": -0.31, \"throttle\": 0.0, \"steering_target\": 11.43, \"brake\": 14.5, \"steering_rate\": 100.0, \"speed\": 3.47}","natures":[]},{"name":"","description":"","eClass":"Sentence","content":"The test system VALIDATES THAT the simulator S Status.GetEnvironment is nearly equal to {\"x\": -445.83, \"y\": 10.12, \"z\": 204.93, \"rain\": 0.0, \"fog\": 0.0, \"wetness\": 0.0, \"timeofday\": 12.0, \"signal\": 1.0, \"rx\": 359.99, \"ry\": 206.13, \"rz\": 359.91, \"speed\": 3.45}","natures":[]},{"name":"","description":"","eClass":"Sentence","content":"The environment controller C INVOKES API Control.Agents.NPCVehicle.NPCVehicleMaintainLane(which_lane=Left_Lane&which_car=Sedan).","natures":[]},{"name":"","description":"","eClass":"Sentence","content":"The test system VALIDATES THAT the Apollo A Status.GetControl is nearly equal to {\"acceleration\": -0.08, \"throttle\": 0.0, \"steering_target\": 64.53, \"brake\": 14.5, \"steering_rate\": 100.0, \"speed\": 2.49}","natures":[]},{"name":"","description":"","eClass":"Sentence","content":"The test system VALIDATES THAT the simulator S Status.GetEnvironment is nearly equal to {\"x\": -445.22, \"y\": 10.12, \"z\": 193.91, \"rain\": 0.0, \"fog\": 0.0, \"wetness\": 0.0, \"timeofday\": 12.0, \"signal\": 0.0, \"rx\": 359.99, \"ry\": 144.11, \"rz\": 359.74, \"speed\": 2.49}","natures":[]},{"name":"","description":"","eClass":"Sentence","content":"The environment controller C INVOKES API Control.Weather.Rain(rain_level=Heavy).","natures":[]},{"name":"","description":"","eClass":"Sentence","content":"The test system VALIDATES THAT the Apollo A Status.GetControl is nearly equal to {\"acceleration\": -0.25, \"throttle\": 0.0, \"steering_target\": 1.09, \"brake\": 14.5, \"steering_rate\": 100.0, \"speed\": 5.81}","natures":[]},{"name":"","description":"","eClass":"Sentence","content":"The test system VALIDATES THAT the simulator S Status.GetEnvironment is nearly equal to {\"x\": -430.4, \"y\": 10.12, \"z\": 189.88, \"rain\": 1.0, \"fog\": 0.0, \"wetness\": 1.0, \"timeofday\": 12.0, \"signal\": -1.0, \"rx\": 359.91, \"ry\": 92.43, \"rz\": 359.93, \"speed\": 5.82}","natures":[]},{"name":"","description":"","eClass":"Sentence","content":"The environment controller C INVOKES API Control.Agents.NPCVehicle.NPCVehicleSwitchLane(which_lane=Current_Lane&which_car=Sedan).","natures":[]},{"name":"","description":"","eClass":"Sentence","content":"The test system VALIDATES THAT the Apollo A Status.GetControl is nearly equal to {\"acceleration\": -0.49, \"throttle\": 0.0, \"steering_target\": 2.78, \"brake\": 14.5, \"steering_rate\": 100.0, \"speed\": 1.25}","natures":[]},{"name":"","description":"","eClass":"Sentence","content":"The test system VALIDATES THAT the simulator S Status.GetEnvironment is nearly equal to {\"x\": -413.42, \"y\": 10.12, \"z\": 190.32, \"rain\": 1.0, \"fog\": 0.0, \"wetness\": 1.0, \"timeofday\": 12.0, \"signal\": -1.0, \"rx\": 0.03, \"ry\": 77.78, \"rz\": 0.01, \"speed\": 1.01}","natures":[]},{"name":"","description":"","eClass":"Sentence","content":"The environment controller C INVOKES API Control.Agents.NPCVehicle.NPCVehicleMaintainLane(which_lane=Right_Lane&which_car=BoxTruck).","natures":[]},{"name":"","description":"","eClass":"Sentence","content":"The test system VALIDATES THAT the Apollo A Status.GetControl is nearly equal to {\"acceleration\": 0.81, \"throttle\": 39.2, \"steering_target\": 3.18, \"brake\": 0.0, \"steering_rate\": 100.0, \"speed\": 3.05}","natures":[]},{"name":"","description":"","eClass":"Sentence","content":"The test system VALIDATES THAT the simulator S Status.GetEnvironment is nearly equal to {\"x\": -401.97, \"y\": 10.12, \"z\": 190.77, \"rain\": 1.0, \"fog\": 0.0, \"wetness\": 1.0, \"timeofday\": 12.0, \"signal\": -1.0, \"rx\": 359.88, \"ry\": 91.51, \"rz\": 359.96, \"speed\": 3.76}","natures":[]},{"name":"","description":"","eClass":"Sentence","content":"The environment controller C INVOKES API Control.Agents.NPCVehicle.NPCVehicleMaintainLane(which_lane=Right_Lane&which_car=BoxTruck).","natures":[]},{"name":"","description":"","eClass":"Sentence","content":"The test system VALIDATES THAT the Apollo A Status.GetControl is nearly equal to {\"acceleration\": 0.56, \"throttle\": 15.7, \"steering_target\": 0.29, \"brake\": 0.0, \"steering_rate\": 100.0, \"speed\": 6.53}","natures":[]},{"name":"","description":"","eClass":"Sentence","content":"The test system VALIDATES THAT the simulator S Status.GetEnvironment is nearly equal to {\"x\": -384.04, \"y\": 10.12, \"z\": 190.7, \"rain\": 1.0, \"fog\": 0.0, \"wetness\": 1.0, \"timeofday\": 12.0, \"signal\": -1.0, \"rx\": 359.98, \"ry\": 90.67, \"rz\": 0.0, \"speed\": 6.55}","natures":[]},{"name":"","description":"","eClass":"Sentence","content":"The environment controller C INVOKES API Control.Agents.NPCVehicle.NPCVehicleMaintainLane(which_lane=Current_Lane&which_car=Sedan).","natures":[]},{"name":"","description":"","eClass":"Sentence","content":"The test system VALIDATES THAT the Apollo A Status.GetControl is nearly equal to {\"acceleration\": 0.29, \"throttle\": 35.41, \"steering_target\": 0.01, \"brake\": 0.0, \"steering_rate\": 100.0, \"speed\": 0.0}","natures":[]},{"name":"","description":"","eClass":"Sentence","content":"The test system VALIDATES THAT the simulator S Status.GetEnvironment is nearly equal to {\"x\": -373.88, \"y\": 10.12, \"z\": 190.6, \"rain\": 1.0, \"fog\": 0.0, \"wetness\": 1.0, \"timeofday\": 12.0, \"signal\": -1.0, \"rx\": 359.79, \"ry\": 90.59, \"rz\": -0.0, \"speed\": 0.0}","natures":[]},{"name":"","description":"","eClass":"Sentence","content":"The environment controller C INVOKES API Control.Agents.Pedestrians.WalkRandomly(which_lane=Current_Lane).","natures":[]},{"name":"","description":"","eClass":"Sentence","content":"The test system VALIDATES THAT the Apollo A Status.GetControl is nearly equal to {\"acceleration\": 0.29, \"throttle\": 35.25, \"steering_target\": 0.01, \"brake\": 0.0, \"steering_rate\": 100.0, \"speed\": 0.0}","natures":[]},{"name":"","description":"","eClass":"Sentence","content":"The test system VALIDATES THAT the simulator S Status.GetEnvironment is nearly equal to {\"x\": -373.88, \"y\": 10.12, \"z\": 190.6, \"rain\": 1.0, \"fog\": 0.0, \"wetness\": 1.0, \"timeofday\": 12.0, \"signal\": 1.0, \"rx\": 359.81, \"ry\": 90.6, \"rz\": -0.0, \"speed\": 0.0}","natures":[]},{"name":"","description":"","eClass":"Sentence","content":"The environment controller C INVOKES API Control.Agents.NPCVehicle.NPCVehicleSwitchLane(which_lane=Current_Lane&which_car=Sedan).","natures":[]},{"name":"","description":"","eClass":"Sentence","content":"The test system VALIDATES THAT the Apollo A Status.GetControl is nearly equal to {\"acceleration\": 0.29, \"throttle\": 35.21, \"steering_target\": 0.01, \"brake\": 0.0, \"steering_rate\": 100.0, \"speed\": 0.0}","natures":[]},{"name":"","description":"","eClass":"Sentence","content":"The test system VALIDATES THAT the simulator S Status.GetEnvironment is nearly equal to {\"x\": -373.88, \"y\": 10.12, \"z\": 190.61, \"rain\": 1.0, \"fog\": 0.0, \"wetness\": 1.0, \"timeofday\": 12.0, \"signal\": 1.0, \"rx\": 359.81, \"ry\": 90.62, \"rz\": 359.99, \"speed\": 0.0}","natures":[]},{"name":"","description":"","eClass":"Sentence","content":"The environment controller C INVOKES API Control.Weather.Fog(fog_level=Light).","natures":[]},{"name":"","description":"","eClass":"Sentence","content":"The test system VALIDATES THAT the Apollo A Status.GetControl is nearly equal to {\"acceleration\": 0.29, \"throttle\": 35.17, \"steering_target\": 0.01, \"brake\": 0.0, \"steering_rate\": 100.0, \"speed\": 0.0}","natures":[]},{"name":"","description":"","eClass":"Sentence","content":"The test system VALIDATES THAT the simulator S Status.GetEnvironment is nearly equal to {\"x\": -373.88, \"y\": 10.12, \"z\": 190.61, \"rain\": 0.0, \"fog\": 0.2, \"wetness\": 0.0, \"timeofday\": 12.0, \"signal\": 1.0, \"rx\": 359.81, \"ry\": 90.63, \"rz\": 359.99, \"speed\": 0.0}","natures":[]},{"name":"","description":"","eClass":"Sentence","content":"The environment controller C INVOKES API Control.Agents.NPCVehicle.NPCVehicleSwitchLane(which_lane=Left_Lane&which_car=SchoolBus).","natures":[]},{"name":"","description":"","eClass":"Sentence","content":"The test system VALIDATES THAT the Apollo A Status.GetControl is nearly equal to {\"acceleration\": 0.29, \"throttle\": 35.13, \"steering_target\": 0.01, \"brake\": 0.0, \"steering_rate\": 100.0, \"speed\": 0.0}","natures":[]},{"name":"","description":"","eClass":"Sentence","content":"","natures":[]}]
