 timestamp= 1619796682000 [START] Now Run TCS Maintain Lane On Road1 Mode: dynamic Roadnum: 4 Second: 4
 timestamp= 1619796682000 [SUCCESS] TCS Check Success 
 timestamp= 1619796685000 [RUN] Run BasicFlow
 timestamp= 1619796685000 [RUN] Generate steps
 timestamp= 1619796685000 [RUN] Validate step: 
The test system VALIDATES THAT the simulator S Status.GetEnvironment is nearly equal to {"x": -440.0, "y": 10.12, "z": 215.46, "rain": 0.0, "fog": 0.0, "wetness": 0.0, "timeofday": 12.0, "signal": 1.0, "rx": 359.96, "ry": 210.19, "rz": -0.0, "speed": 2.4}
 timestamp= 1619796685000 [RES] Validate result: 
true
 timestamp= 1619796685000 [RUN] Execute API step: 
The environment controller C INVOKES API Control.Agents.NPCVehicle.NPCVehicleSwitchLane(which_lane=Current_Lane&which_car=Jeep).
 timestamp= 1619796689000 [RES] API result: 
{"pose_arr":[{"vx":-2.08,"ay":0.29,"az":9.81,"ax":-0.55,"pz":10.12,"vy":-2.08,"px":552434.67,"py":4182702.65},{"vx":-2.74,"ay":0.14,"az":9.81,"ax":-0.24,"pz":10.12,"vy":-2.74,"px":552433.6,"py":4182700.82},{"vx":-2.46,"ay":-0.63,"az":9.81,"ax":1.08,"pz":10.13,"vy":-2.46,"px":552432.55,"py":4182699},{"vx":-2.24,"ay":0.25,"az":9.81,"ax":-0.41,"pz":10.12,"vy":-2.24,"px":552431.47,"py":4182697.13},{"vx":-2.45,"ay":0.13,"az":9.81,"ax":-0.25,"pz":10.12,"vy":-2.45,"px":552430.51,"py":4182695.46},{"vx":-2.99,"ay":-0.24,"az":9.82,"ax":0.45,"pz":10.12,"vy":-2.99,"px":552429.29,"py":4182693.24}],"traffic_light":[3,3,3,3,0,0],"state_arr":[{"acceleration":0.61,"throttle":21.32,"steering_target":0.44,"brake":0,"steering_rate":100,"speed":2.4},{"acceleration":0.26,"throttle":15.7,"steering_target":0.55,"brake":0,"steering_rate":100,"speed":3.11},{"acceleration":-1.34,"throttle":0,"steering_target":0.04,"brake":24.33,"steering_rate":100,"speed":2.97},{"acceleration":0.28,"throttle":15.7,"steering_target":0.71,"brake":0,"steering_rate":100,"speed":2.42},{"acceleration":0.33,"throttle":15.7,"steering_target":1.97,"brake":0,"steering_rate":100,"speed":2.68},{"acceleration":-0.24,"throttle":0,"steering_target":4.54,"brake":14.5,"steering_rate":100,"speed":3.25},{"acceleration":-0.23,"throttle":0,"steering_target":13.03,"brake":14.5,"steering_rate":100,"speed":3.21}],"obstacle_arr":[[],[{"acceleration":{"y":0,"x":0,"z":0},"position":{"y":4182684.93,"x":552424.05,"z":10.09},"volume":7.16,"type":"VEHICLE","velocity":{"y":0,"x":0,"z":0}}],[{"acceleration":{"y":0,"x":0,"z":0},"position":{"y":4182684.62,"x":552422.67,"z":10.5},"volume":7.88,"type":"VEHICLE","velocity":{"y":0,"x":0,"z":0}}],[{"acceleration":{"y":0,"x":0,"z":0},"position":{"y":4182684.34,"x":552421.15,"z":10.42},"volume":6.93,"type":"VEHICLE","velocity":{"y":0,"x":0,"z":0}}],[{"acceleration":{"y":0.33,"x":-0.94,"z":0},"position":{"y":4182684,"x":552419.08,"z":10.43},"volume":6.01,"type":"VEHICLE","velocity":{"y":0.19,"x":-1.31,"z":0}}],[{"acceleration":{"y":-0.24,"x":-1.74,"z":0},"position":{"y":4182684.09,"x":552415.95,"z":10.41},"volume":6.13,"type":"VEHICLE","velocity":{"y":0.05,"x":-2.74,"z":0}}]],"action_description":"NPC vehicle (Jeep) switching lane (current to right)","ev_state":[-445.708374023438,10.1246747970581,205.233215332031,0,0,0,12,1,0.0260282270610332,206.758712768555,359.927062988281,3.204574287433236],"collision_probability":0}
 timestamp= 1619796689000 [RUN] Validate G1 Guard Condition: 
The ego vehicle E Detection.Collision == True.
 timestamp= 1619796689000 [RES] Global Validate result: 
false
 timestamp= 1619796689000 [RUN] Validate G2 Guard Condition: 
The ego vehicle E Detection.OffRoad == True.
 timestamp= 1619796689000 [RES] Global Validate result: 
false
 timestamp= 1619796689000 [RUN] Validate G3 Guard Condition: 
The ego vehicle E Detection.HardBrake == True.
 timestamp= 1619796689000 [RES] Global Validate result: 
false
 timestamp= 1619796689000 [RUN] Validate G4 Guard Condition: 
The ego vehicle E Detection.ArrivalTest == True.
 timestamp= 1619796689000 [RES] Global Validate result: 
false
 timestamp= 1619796689000 [RUN] Validate step: 
The test system VALIDATES THAT the Apollo A Status.GetControl is nearly equal to {"acceleration": -0.23, "throttle": 0.0, "steering_target": 13.03, "brake": 14.5, "steering_rate": 100.0, "speed": 3.21}
 timestamp= 1619796689000 [RES] Validate result: 
true
 timestamp= 1619796689000 [RUN] Generate steps
 timestamp= 1619796689000 [RUN] Validate step: 
The test system VALIDATES THAT the simulator S Status.GetEnvironment is nearly equal to {"x": -445.71, "y": 10.12, "z": 205.23, "rain": 0.0, "fog": 0.0, "wetness": 0.0, "timeofday": 12.0, "signal": 1.0, "rx": 0.03, "ry": 206.76, "rz": 359.93, "speed": 3.2}
 timestamp= 1619796689000 [RES] Validate result: 
true
 timestamp= 1619796689000 [RUN] Execute API step: 
The environment controller C INVOKES API Control.Agents.NPCVehicle.NPCVehicleMaintainLane(which_lane=Left_Lane&which_car=Hatchback).
 timestamp= 1619796692000 [RES] API result: 
{"pose_arr":[{"vx":-2.89,"ay":-0.38,"az":9.81,"ax":0.4,"pz":10.13,"vy":-2.89,"px":552428.75,"py":4182692.19},{"vx":-3.25,"ay":1.04,"az":9.77,"ax":-3.36,"pz":10.12,"vy":-3.25,"px":552427.78,"py":4182689.97},{"vx":-3.41,"ay":-0.81,"az":9.82,"ax":0.69,"pz":10.13,"vy":-3.41,"px":552427.1,"py":4182687.76},{"vx":-2.92,"ay":-0.02,"az":9.81,"ax":0.56,"pz":10.13,"vy":-2.92,"px":552426.73,"py":4182684.98},{"vx":-2.45,"ay":0,"az":9.81,"ax":0,"pz":10.13,"vy":-2.45,"px":552426.87,"py":4182683.34},{"vx":-1.87,"ay":-0.03,"az":9.81,"ax":-0.07,"pz":10.13,"vy":-1.87,"px":552427.43,"py":4182681.64}],"traffic_light":[0,0,0,0,0],"state_arr":[{"acceleration":0.15,"throttle":15.7,"steering_target":17.67,"brake":0,"steering_rate":100,"speed":3.01},{"acceleration":-0.83,"throttle":0,"steering_target":21.26,"brake":25.21,"steering_rate":100,"speed":3.86},{"acceleration":-0.62,"throttle":0,"steering_target":30.55,"brake":15.36,"steering_rate":100,"speed":3.47},{"acceleration":-0.41,"throttle":0,"steering_target":46.14,"brake":14.5,"steering_rate":100,"speed":3.03},{"acceleration":-0.06,"throttle":0,"steering_target":58.34,"brake":14.5,"steering_rate":100,"speed":2.6},{"acceleration":0.16,"throttle":15.7,"steering_target":71.96,"brake":0,"steering_rate":100,"speed":2.44},{"acceleration":0.23,"throttle":15.7,"steering_target":63.79,"brake":0,"steering_rate":100,"speed":2.48}],"obstacle_arr":[[{"acceleration":{"y":0.37,"x":-1.49,"z":0},"position":{"y":4182684.73,"x":552411.47,"z":10.57},"volume":8.17,"type":"VEHICLE","velocity":{"y":0.41,"x":-4.7,"z":0}}],[{"acceleration":{"y":0.22,"x":-1.02,"z":0},"position":{"y":4182684.6,"x":552407.69,"z":10.67},"volume":5.72,"type":"VEHICLE","velocity":{"y":0.62,"x":-5.67,"z":0}},{"acceleration":{"y":0.02,"x":0,"z":0},"position":{"y":4182687.5,"x":552435.11,"z":10.4},"volume":5.92,"type":"VEHICLE","velocity":{"y":-0.87,"x":-0.39,"z":0}}],[{"acceleration":{"y":0.27,"x":-0.45,"z":0},"position":{"y":4182685.22,"x":552404.99,"z":10.73},"volume":4.21,"type":"VEHICLE","velocity":{"y":0.76,"x":-6.14,"z":0}},{"acceleration":{"y":-0.93,"x":1.12,"z":0},"position":{"y":4182686.5,"x":552435.58,"z":10.41},"volume":6.02,"type":"VEHICLE","velocity":{"y":-1.45,"x":0.51,"z":0}}],[{"acceleration":{"y":0.16,"x":-0.04,"z":0},"position":{"y":4182685.35,"x":552401.61,"z":10.86},"volume":0.23,"type":"VEHICLE","velocity":{"y":0.94,"x":-6.21,"z":0}},{"acceleration":{"y":-3.41,"x":2.2,"z":0},"position":{"y":4182682.25,"x":552437.31,"z":10.35},"volume":6.2,"type":"VEHICLE","velocity":{"y":-3.74,"x":2.12,"z":0}}],[{"acceleration":{"y":1.03,"x":0.68,"z":0},"position":{"y":4182686.03,"x":552397.82,"z":11.28},"volume":0,"type":"VEHICLE","velocity":{"y":1.44,"x":-5.9,"z":0}},{"acceleration":{"y":0.26,"x":3.88,"z":0},"position":{"y":4182681.01,"x":552438.23,"z":10.39},"volume":4.56,"type":"VEHICLE","velocity":{"y":-4.58,"x":5.3,"z":0}}],[{"acceleration":{"y":1.23,"x":1.43,"z":0},"position":{"y":4182680.17,"x":552440.39,"z":10.63},"volume":3.78,"type":"VEHICLE","velocity":{"y":-3.62,"x":7.53,"z":0}},{"acceleration":{"y":0,"x":0,"z":0},"position":{"y":4182685.18,"x":552393.75,"z":11.02},"volume":0.4,"type":"VEHICLE","velocity":{"y":0,"x":0,"z":0}}]],"action_description":"NPC vehicle (Hatchback) driving on the left lane","ev_state":[-445.540313720703,10.1247415542603,193.976226806641,0,0,0,12,0,0.0140419015660882,147.605545043945,359.735870361328,2.4824698185158414],"collision_probability":0}
 timestamp= 1619796692000 [RUN] Validate G1 Guard Condition: 
The ego vehicle E Detection.Collision == True.
 timestamp= 1619796692000 [RES] Global Validate result: 
false
 timestamp= 1619796692000 [RUN] Validate G2 Guard Condition: 
The ego vehicle E Detection.OffRoad == True.
 timestamp= 1619796692000 [RES] Global Validate result: 
false
 timestamp= 1619796692000 [RUN] Validate G3 Guard Condition: 
The ego vehicle E Detection.HardBrake == True.
 timestamp= 1619796692000 [RES] Global Validate result: 
false
 timestamp= 1619796692000 [RUN] Validate G4 Guard Condition: 
The ego vehicle E Detection.ArrivalTest == True.
 timestamp= 1619796692000 [RES] Global Validate result: 
false
 timestamp= 1619796692000 [RUN] Validate step: 
The test system VALIDATES THAT the Apollo A Status.GetControl is nearly equal to {"acceleration": 0.23, "throttle": 15.7, "steering_target": 63.79, "brake": 0.0, "steering_rate": 100.0, "speed": 2.48}
 timestamp= 1619796692000 [RES] Validate result: 
true
 timestamp= 1619796692000 [RUN] Generate steps
 timestamp= 1619796692000 [RUN] Validate step: 
The test system VALIDATES THAT the simulator S Status.GetEnvironment is nearly equal to {"x": -445.54, "y": 10.12, "z": 193.98, "rain": 0.0, "fog": 0.0, "wetness": 0.0, "timeofday": 12.0, "signal": 0.0, "rx": 0.01, "ry": 147.61, "rz": 359.74, "speed": 2.48}
 timestamp= 1619796692000 [RES] Validate result: 
true
 timestamp= 1619796692000 [RUN] Execute API step: 
The environment controller C INVOKES API Control.Agents.NPCVehicle.NPCVehicleSwitchLane(which_lane=Current_Lane&which_car=Sedan).
 timestamp= 1619796696000 [RES] API result: 
{"pose_arr":[{"vx":-1.68,"ay":0.48,"az":9.82,"ax":0.39,"pz":10.13,"vy":-1.68,"px":552427.86,"py":4182680.92},{"vx":-1.46,"ay":-3.06,"az":9.78,"ax":-1.95,"pz":10.12,"vy":-1.46,"px":552428.87,"py":4182679.8},{"vx":-1.57,"ay":-2.67,"az":9.78,"ax":-1.28,"pz":10.12,"vy":-1.57,"px":552430.58,"py":4182678.57},{"vx":-1.24,"ay":0,"az":9.81,"ax":0,"pz":10.12,"vy":-1.24,"px":552432.7,"py":4182677.53},{"vx":-0.92,"ay":-1.41,"az":9.8,"ax":-0.37,"pz":10.12,"vy":-0.92,"px":552435.4,"py":4182676.66},{"vx":-0.42,"ay":-0.74,"az":9.81,"ax":-0.04,"pz":10.12,"vy":-0.42,"px":552438.81,"py":4182676.01},{"vx":-0.23,"ay":-2.12,"az":9.76,"ax":-0.29,"pz":10.12,"vy":-0.23,"px":552441.57,"py":4182675.76}],"traffic_light":[0,0,3,0,0,0,3],"state_arr":[{"acceleration":0.33,"throttle":15.7,"steering_target":58.01,"brake":0,"steering_rate":100,"speed":2.43},{"acceleration":0.33,"throttle":15.72,"steering_target":35.73,"brake":0,"steering_rate":100,"speed":3.25},{"acceleration":0.5,"throttle":15.7,"steering_target":25.32,"brake":0,"steering_rate":100,"speed":3.78},{"acceleration":0.74,"throttle":23,"steering_target":22.23,"brake":0,"steering_rate":100,"speed":4.13},{"acceleration":0.96,"throttle":15.7,"steering_target":15.76,"brake":0,"steering_rate":100,"speed":4.59},{"acceleration":0.94,"throttle":15.7,"steering_target":12.77,"brake":0,"steering_rate":100,"speed":5.21},{"acceleration":1.01,"throttle":15.7,"steering_target":5.12,"brake":0,"steering_rate":100,"speed":5.68}],"obstacle_arr":[[{"acceleration":{"y":0.99,"x":-0.13,"z":0},"position":{"y":4182679.73,"x":552440.94,"z":10.57},"volume":1.84,"type":"VEHICLE","velocity":{"y":-2.81,"x":7.79,"z":0}},{"acceleration":{"y":-0.01,"x":0,"z":0},"position":{"y":4182690.01,"x":552444.45,"z":10.45},"volume":4.02,"type":"VEHICLE","velocity":{"y":0,"x":0,"z":0}}],[{"acceleration":{"y":1.03,"x":-0.51,"z":0},"position":{"y":4182679.4,"x":552442.88,"z":10.43},"volume":1.93,"type":"VEHICLE","velocity":{"y":-1.72,"x":7.07,"z":0}},{"acceleration":{"y":0,"x":0,"z":0},"position":{"y":4182662.74,"x":552438.02,"z":10.88},"volume":5.35,"type":"VEHICLE","velocity":{"y":0,"x":0,"z":0}}],[{"acceleration":{"y":0.82,"x":-0.25,"z":0},"position":{"y":4182679.56,"x":552445.37,"z":10.43},"volume":3.3,"type":"VEHICLE","velocity":{"y":-1.19,"x":6.67,"z":0}},{"acceleration":{"y":0,"x":0.01,"z":0},"position":{"y":4182663.04,"x":552439.59,"z":10.67},"volume":3.59,"type":"VEHICLE","velocity":{"y":0.38,"x":1.06,"z":0}}],[{"acceleration":{"y":0.69,"x":0.13,"z":0},"position":{"y":4182679.47,"x":552447.51,"z":10.56},"volume":3.65,"type":"VEHICLE","velocity":{"y":-0.77,"x":6.51,"z":0}},{"acceleration":{"y":0.04,"x":1.15,"z":0},"position":{"y":4182663.16,"x":552440.8,"z":10.82},"volume":3.43,"type":"VEHICLE","velocity":{"y":0.42,"x":2.07,"z":0}}],[{"acceleration":{"y":0.65,"x":0.82,"z":0},"position":{"y":4182679.52,"x":552452.28,"z":10.39},"volume":4.46,"type":"VEHICLE","velocity":{"y":-0.11,"x":6.89,"z":0}},{"acceleration":{"y":0.61,"x":2.47,"z":0},"position":{"y":4182663.55,"x":552443.3,"z":10.66},"volume":6.2,"type":"VEHICLE","velocity":{"y":0.87,"x":4.32,"z":0}}],[{"acceleration":{"y":0.51,"x":0.96,"z":0},"position":{"y":4182679.26,"x":552455.44,"z":10.54},"volume":4.02,"type":"VEHICLE","velocity":{"y":0.33,"x":7.63,"z":0}},{"acceleration":{"y":0.22,"x":0.42,"z":0},"position":{"y":4182664.08,"x":552445.47,"z":10.41},"volume":8.42,"type":"VEHICLE","velocity":{"y":1.09,"x":4.88,"z":0}}],[{"acceleration":{"y":0.51,"x":0.86,"z":0},"position":{"y":4182679.39,"x":552458.49,"z":10.57},"volume":4.14,"type":"VEHICLE","velocity":{"y":0.57,"x":8.1,"z":0}},{"acceleration":{"y":-0.15,"x":-0.75,"z":0},"position":{"y":4182664.61,"x":552447.9,"z":10.37},"volume":8.28,"type":"VEHICLE","velocity":{"y":1.13,"x":4.8,"z":0}}]],"action_description":"NPC vehicle (Sedan) switching lane (current to right)","ev_state":[-430.325073242188,10.1243152618408,189.640335083008,0,0,0,12,-1,359.925170898438,92.6540832519531,359.877899169922,5.7660831969047885],"collision_probability":0}
 timestamp= 1619796696000 [RUN] Validate G1 Guard Condition: 
The ego vehicle E Detection.Collision == True.
 timestamp= 1619796696000 [RES] Global Validate result: 
false
 timestamp= 1619796696000 [RUN] Validate G2 Guard Condition: 
The ego vehicle E Detection.OffRoad == True.
 timestamp= 1619796696000 [RES] Global Validate result: 
false
 timestamp= 1619796696000 [RUN] Validate G3 Guard Condition: 
The ego vehicle E Detection.HardBrake == True.
 timestamp= 1619796696000 [RES] Global Validate result: 
false
 timestamp= 1619796696000 [RUN] Validate G4 Guard Condition: 
The ego vehicle E Detection.ArrivalTest == True.
 timestamp= 1619796696000 [RES] Global Validate result: 
false
 timestamp= 1619796696000 [RUN] Validate step: 
The test system VALIDATES THAT the Apollo A Status.GetControl is nearly equal to {"acceleration": 1.01, "throttle": 15.7, "steering_target": 5.12, "brake": 0.0, "steering_rate": 100.0, "speed": 5.68}
 timestamp= 1619796696000 [RES] Validate result: 
true
 timestamp= 1619796696000 [RUN] Generate steps
 timestamp= 1619796696000 [RUN] Validate step: 
The test system VALIDATES THAT the simulator S Status.GetEnvironment is nearly equal to {"x": -430.33, "y": 10.12, "z": 189.64, "rain": 0.0, "fog": 0.0, "wetness": 0.0, "timeofday": 12.0, "signal": -1.0, "rx": 359.93, "ry": 92.65, "rz": 359.88, "speed": 5.77}
 timestamp= 1619796696000 [RES] Validate result: 
true
 timestamp= 1619796696000 [RUN] Execute API step: 
The environment controller C INVOKES API Control.Weather.Wetness(wetness_level=Moderate).
 timestamp= 1619796700000 [RES] API result: 
{"pose_arr":[{"vx":-0.18,"ay":-4.4,"az":9.78,"ax":-0.4,"pz":10.12,"vy":-0.18,"px":552442.57,"py":4182675.71},{"vx":-0.09,"ay":-0.23,"az":9.87,"ax":0.02,"pz":10.12,"vy":-0.09,"px":552447.61,"py":4182675.59},{"vx":-0.05,"ay":-0.39,"az":9.8,"ax":-0.01,"pz":10.12,"vy":-0.05,"px":552452.38,"py":4182675.53},{"vx":0.24,"ay":-0.25,"az":9.81,"ax":-0.58,"pz":10.12,"vy":0.24,"px":552456.74,"py":4182675.55},{"vx":-0.07,"ay":0,"az":9.81,"ax":0,"pz":10.12,"vy":-0.07,"px":552461.47,"py":4182675.65},{"vx":0.27,"ay":-0.22,"az":9.8,"ax":0.01,"pz":10.12,"vy":0.27,"px":552467.67,"py":4182675.67},{"vx":0.01,"ay":0.63,"az":9.83,"ax":0,"pz":10.12,"vy":0.01,"px":552472.69,"py":4182675.83}],"traffic_light":[3,3,3,3,3,0],"state_arr":[{"acceleration":2.07,"throttle":58.02,"steering_target":4.38,"brake":0,"steering_rate":100,"speed":5.77},{"acceleration":0.62,"throttle":15.7,"steering_target":-0.67,"brake":0,"steering_rate":100,"speed":7.6},{"acceleration":0.4,"throttle":17.81,"steering_target":3.22,"brake":0,"steering_rate":100,"speed":7.77},{"acceleration":0.19,"throttle":15.7,"steering_target":0.21,"brake":0,"steering_rate":100,"speed":7.98},{"acceleration":0.26,"throttle":15.7,"steering_target":-3.61,"brake":0,"steering_rate":100,"speed":8.1},{"acceleration":0.09,"throttle":15.7,"steering_target":4.24,"brake":0,"steering_rate":100,"speed":8.11},{"acceleration":-0.1,"throttle":0,"steering_target":-5.1,"brake":14.5,"steering_rate":100,"speed":8.23},{"acceleration":-0.02,"throttle":0,"steering_target":0.38,"brake":14.5,"steering_rate":100,"speed":8.23}],"obstacle_arr":[[{"acceleration":{"y":0.5,"x":0.83,"z":0},"position":{"y":4182679.46,"x":552460,"z":10.45},"volume":4.27,"type":"VEHICLE","velocity":{"y":0.65,"x":8.23,"z":0}},{"acceleration":{"y":-0.27,"x":-0.91,"z":0},"position":{"y":4182664.87,"x":552448.73,"z":10.37},"volume":7.96,"type":"VEHICLE","velocity":{"y":1.09,"x":4.65,"z":0}}],[{"acceleration":{"y":0.47,"x":0.41,"z":0},"position":{"y":4182679.57,"x":552463.2,"z":10.4},"volume":4.23,"type":"VEHICLE","velocity":{"y":1,"x":8.54,"z":0}},{"acceleration":{"y":-0.25,"x":-1.21,"z":0},"position":{"y":4182665.41,"x":552450.19,"z":10.35},"volume":5.39,"type":"VEHICLE","velocity":{"y":0.84,"x":3.72,"z":0}}],[{"acceleration":{"y":0.41,"x":0.06,"z":0},"position":{"y":4182679.39,"x":552465.69,"z":10.44},"volume":3.78,"type":"VEHICLE","velocity":{"y":1.23,"x":8.3,"z":0}},{"acceleration":{"y":-0.27,"x":-1.06,"z":0},"position":{"y":4182665.43,"x":552451.29,"z":10.35},"volume":9.29,"type":"VEHICLE","velocity":{"y":0.65,"x":2.9,"z":0}}],[{"acceleration":{"y":0.36,"x":-0.02,"z":0},"position":{"y":4182679.44,"x":552469.55,"z":10.4},"volume":4.05,"type":"VEHICLE","velocity":{"y":1.37,"x":7.96,"z":0}},{"acceleration":{"y":-0.2,"x":-0.67,"z":0},"position":{"y":4182665.86,"x":552453.36,"z":10.35},"volume":9.78,"type":"VEHICLE","velocity":{"y":0.5,"x":2.39,"z":0}}],[{"acceleration":{"y":0.33,"x":0.15,"z":0},"position":{"y":4182679.48,"x":552474.47,"z":10.42},"volume":5.83,"type":"VEHICLE","velocity":{"y":1.53,"x":7.62,"z":0}},{"acceleration":{"y":0.02,"x":-0.11,"z":0},"position":{"y":4182666.77,"x":552456.42,"z":10.34},"volume":9.77,"type":"VEHICLE","velocity":{"y":0.44,"x":2.18,"z":0}}],[{"acceleration":{"y":0.31,"x":0.31,"z":0},"position":{"y":4182679.39,"x":552476.68,"z":10.42},"volume":6.19,"type":"VEHICLE","velocity":{"y":1.68,"x":7.68,"z":0}},{"acceleration":{"y":0.1,"x":0.03,"z":0},"position":{"y":4182667.57,"x":552459.14,"z":10.33},"volume":7.21,"type":"VEHICLE","velocity":{"y":0.5,"x":2.21,"z":0}}],[{"acceleration":{"y":0.32,"x":0.4,"z":0},"position":{"y":4182679.57,"x":552480.14,"z":10.38},"volume":6.34,"type":"VEHICLE","velocity":{"y":1.8,"x":7.82,"z":0}},{"acceleration":{"y":0.11,"x":0.06,"z":0},"position":{"y":4182668.15,"x":552462.06,"z":10.33},"volume":8.81,"type":"VEHICLE","velocity":{"y":1.63,"x":5.03,"z":0}}]],"action_description":"Moderate wetness","ev_state":[-398.881744384766,10.1238126754761,189.814422607422,0,0,0.5,12,-1,0.00256419577635825,90.3696823120117,0.214546516537666,8.2302977571263],"collision_probability":0}
 timestamp= 1619796700000 [RUN] Validate G1 Guard Condition: 
The ego vehicle E Detection.Collision == True.
 timestamp= 1619796700000 [RES] Global Validate result: 
false
 timestamp= 1619796700000 [RUN] Validate G2 Guard Condition: 
The ego vehicle E Detection.OffRoad == True.
 timestamp= 1619796700000 [RES] Global Validate result: 
false
 timestamp= 1619796700000 [RUN] Validate G3 Guard Condition: 
The ego vehicle E Detection.HardBrake == True.
 timestamp= 1619796700000 [RES] Global Validate result: 
false
 timestamp= 1619796700000 [RUN] Validate G4 Guard Condition: 
The ego vehicle E Detection.ArrivalTest == True.
 timestamp= 1619796700000 [RES] Global Validate result: 
false
 timestamp= 1619796700000 [RUN] Validate step: 
The test system VALIDATES THAT the Apollo A Status.GetControl is nearly equal to {"acceleration": -0.02, "throttle": 0.0, "steering_target": 0.38, "brake": 14.5, "steering_rate": 100.0, "speed": 8.23}
 timestamp= 1619796700000 [RES] Validate result: 
true
 timestamp= 1619796700000 [RUN] Generate steps
 timestamp= 1619796700000 [RUN] Validate step: 
The test system VALIDATES THAT the simulator S Status.GetEnvironment is nearly equal to {"x": -398.88, "y": 10.12, "z": 189.81, "rain": 0.0, "fog": 0.0, "wetness": 0.5, "timeofday": 12.0, "signal": -1.0, "rx": 0.0, "ry": 90.37, "rz": 0.21, "speed": 8.23}
 timestamp= 1619796700000 [RES] Validate result: 
true
 timestamp= 1619796700000 [RUN] Execute API step: 
The environment controller C INVOKES API Control.Agents.NPCVehicle.NPCVehicleMaintainLane(which_lane=Right_Lane&which_car=Sedan).
 timestamp= 1619796704000 [RES] API result: 
{"pose_arr":[{"vx":-0.07,"ay":-0.3,"az":9.8,"ax":-0.06,"pz":10.12,"vy":-0.07,"px":552475.32,"py":4182675.83},{"vx":0.22,"ay":-0.3,"az":9.81,"ax":0.04,"pz":10.12,"vy":0.22,"px":552480.22,"py":4182675.85},{"vx":-0.09,"ay":-0.21,"az":9.81,"ax":0,"pz":10.12,"vy":-0.09,"px":552485.85,"py":4182675.96},{"vx":0.17,"ay":-0.2,"az":9.81,"ax":0.01,"pz":10.12,"vy":0.17,"px":552490.31,"py":4182675.94},{"vx":0.07,"ay":0.01,"az":9.8,"ax":-0.37,"pz":10.12,"vy":0.07,"px":552494.69,"py":4182676.01},{"vx":0.03,"ay":-0.21,"az":9.82,"ax":0.02,"pz":10.12,"vy":0.03,"px":552500.46,"py":4182676.03},{"vx":0.1,"ay":0.63,"az":9.83,"ax":0.07,"pz":10.12,"vy":0.1,"px":552505.7,"py":4182676.08}],"traffic_light":[3,3,3,3,3,3],"state_arr":[{"acceleration":0.35,"throttle":16.38,"steering_target":5.64,"brake":0,"steering_rate":100,"speed":8.31},{"acceleration":0.32,"throttle":15.7,"steering_target":-2.02,"brake":0,"steering_rate":100,"speed":8.46},{"acceleration":0.25,"throttle":15.7,"steering_target":-1.6,"brake":0,"steering_rate":100,"speed":8.58},{"acceleration":-0.01,"throttle":0,"steering_target":2.77,"brake":14.5,"steering_rate":100,"speed":8.71},{"acceleration":-0.08,"throttle":0,"steering_target":-2.34,"brake":14.5,"steering_rate":100,"speed":8.81},{"acceleration":0.07,"throttle":15.7,"steering_target":1.24,"brake":0,"steering_rate":100,"speed":8.84},{"acceleration":0.03,"throttle":15.7,"steering_target":0.6,"brake":0,"steering_rate":100,"speed":8.92},{"acceleration":-0.04,"throttle":0,"steering_target":-1.75,"brake":14.5,"steering_rate":100,"speed":8.77}],"obstacle_arr":[[{"acceleration":{"y":0.31,"x":0.44,"z":0},"position":{"y":4182679.38,"x":552482.85,"z":10.37},"volume":6.23,"type":"VEHICLE","velocity":{"y":1.86,"x":7.93,"z":0}},{"acceleration":{"y":0.05,"x":0.13,"z":0},"position":{"y":4182669.19,"x":552463.78,"z":10.35},"volume":9.88,"type":"VEHICLE","velocity":{"y":1.32,"x":5.44,"z":0}}],[{"acceleration":{"y":0.28,"x":0.39,"z":0},"position":{"y":4182679.37,"x":552485.86,"z":10.38},"volume":7.1,"type":"VEHICLE","velocity":{"y":1.92,"x":8.13,"z":0}},{"acceleration":{"y":0,"x":0,"z":0},"position":{"y":4182667.93,"x":552474.16,"z":10.34},"volume":10.94,"type":"VEHICLE","velocity":{"y":0,"x":0,"z":0}}],[{"acceleration":{"y":0.26,"x":0.25,"z":0},"position":{"y":4182679.37,"x":552488.28,"z":10.37},"volume":7.75,"type":"VEHICLE","velocity":{"y":1.96,"x":8.15,"z":0}},{"acceleration":{"y":0,"x":0,"z":0},"position":{"y":4182668.16,"x":552475.77,"z":10.34},"volume":8.69,"type":"VEHICLE","velocity":{"y":0,"x":0,"z":0}}],[{"acceleration":{"y":0.25,"x":0.03,"z":0},"position":{"y":4182679.28,"x":552492.19,"z":10.41},"volume":6.26,"type":"VEHICLE","velocity":{"y":2.01,"x":7.8,"z":0}}],[{"acceleration":{"y":0.24,"x":-0.03,"z":0},"position":{"y":4182679.26,"x":552493.84,"z":10.43},"volume":8.01,"type":"VEHICLE","velocity":{"y":2.03,"x":7.42,"z":0}}],[{"acceleration":{"y":0.23,"x":-0.03,"z":0},"position":{"y":4182679.25,"x":552496.91,"z":10.44},"volume":7.35,"type":"VEHICLE","velocity":{"y":2.04,"x":7.02,"z":0}},{"acceleration":{"y":0,"x":0,"z":0},"position":{"y":4182672.52,"x":552473.87,"z":10.5},"volume":3.9,"type":"VEHICLE","velocity":{"y":0,"x":0,"z":0}}],[{"acceleration":{"y":0.23,"x":-0.01,"z":0},"position":{"y":4182679.22,"x":552499.47,"z":10.42},"volume":6.67,"type":"VEHICLE","velocity":{"y":2.09,"x":6.77,"z":0}},{"acceleration":{"y":0,"x":0.01,"z":0},"position":{"y":4182673.28,"x":552475.38,"z":10.32},"volume":3.89,"type":"VEHICLE","velocity":{"y":0,"x":0,"z":0}}]],"action_description":"NPC vehicle (Sedan) driving on the right lane","ev_state":[-364.257934570313,10.1236696243286,190.087951660156,0,0,0.5,12,1,0.0114054726436734,90.0689697265625,0.098613515496254,8.736088135756223],"collision_probability":0}
 timestamp= 1619796704000 [RUN] Validate G1 Guard Condition: 
The ego vehicle E Detection.Collision == True.
 timestamp= 1619796704000 [RES] Global Validate result: 
false
 timestamp= 1619796704000 [RUN] Validate G2 Guard Condition: 
The ego vehicle E Detection.OffRoad == True.
 timestamp= 1619796704000 [RES] Global Validate result: 
false
 timestamp= 1619796704000 [RUN] Validate G3 Guard Condition: 
The ego vehicle E Detection.HardBrake == True.
 timestamp= 1619796704000 [RES] Global Validate result: 
false
 timestamp= 1619796704000 [RUN] Validate G4 Guard Condition: 
The ego vehicle E Detection.ArrivalTest == True.
 timestamp= 1619796704000 [RES] Global Validate result: 
false
 timestamp= 1619796704000 [RUN] Validate step: 
The test system VALIDATES THAT the Apollo A Status.GetControl is nearly equal to {"acceleration": -0.04, "throttle": 0.0, "steering_target": -1.75, "brake": 14.5, "steering_rate": 100.0, "speed": 8.77}
 timestamp= 1619796704000 [RES] Validate result: 
true
 timestamp= 1619796704000 [RUN] Generate steps
 timestamp= 1619796704000 [RUN] Validate step: 
The test system VALIDATES THAT the simulator S Status.GetEnvironment is nearly equal to {"x": -364.26, "y": 10.12, "z": 190.09, "rain": 0.0, "fog": 0.0, "wetness": 0.5, "timeofday": 12.0, "signal": 1.0, "rx": 0.01, "ry": 90.07, "rz": 0.1, "speed": 8.74}
 timestamp= 1619796704000 [RES] Validate result: 
true
 timestamp= 1619796704000 [RUN] Execute API step: 
The environment controller C INVOKES API Control.Weather.Fog(fog_level=Light).
 timestamp= 1619796708000 [RES] API result: 
{"pose_arr":[{"vx":-0.02,"ay":-0.3,"az":9.81,"ax":0.12,"pz":10.12,"vy":-0.02,"px":552509.34,"py":4182676.11},{"vx":0.1,"ay":-0.21,"az":9.82,"ax":0.04,"pz":10.12,"vy":0.1,"px":552514.47,"py":4182676.12},{"vx":-0.02,"ay":-0.02,"az":9.81,"ax":0.16,"pz":10.12,"vy":-0.02,"px":552520.62,"py":4182676.17},{"vx":0.05,"ay":0.62,"az":9.82,"ax":0.09,"pz":10.12,"vy":0.05,"px":552525.13,"py":4182676.17},{"vx":0.04,"ay":-0.21,"az":9.82,"ax":0,"pz":10.12,"vy":0.04,"px":552531.6,"py":4182676.23},{"vx":0.01,"ay":-0.21,"az":9.8,"ax":-0.04,"pz":10.12,"vy":0.01,"px":552537.38,"py":4182676.22},{"vx":0.06,"ay":-0.21,"az":9.8,"ax":0.01,"pz":10.12,"vy":0.06,"px":552542.85,"py":4182676.26}],"traffic_light":[3,3,3,3,3,3],"state_arr":[{"acceleration":0.35,"throttle":16.41,"steering_target":2.14,"brake":0,"steering_rate":100,"speed":8.75},{"acceleration":0.19,"throttle":15.7,"steering_target":-1.27,"brake":0,"steering_rate":100,"speed":8.94},{"acceleration":-0.16,"throttle":0,"steering_target":0.05,"brake":14.5,"steering_rate":100,"speed":9.06},{"acceleration":-0.17,"throttle":0,"steering_target":1.28,"brake":14.5,"steering_rate":100,"speed":9.05},{"acceleration":-0.03,"throttle":0,"steering_target":-2.49,"brake":14.5,"steering_rate":100,"speed":8.78},{"acceleration":0.01,"throttle":15.7,"steering_target":0.84,"brake":0,"steering_rate":100,"speed":8.8},{"acceleration":0.03,"throttle":15.7,"steering_target":-0.62,"brake":0,"steering_rate":100,"speed":8.58},{"acceleration":0.04,"throttle":15.7,"steering_target":-2.44,"brake":0,"steering_rate":100,"speed":8.58}],"obstacle_arr":[[{"acceleration":{"y":0.22,"x":0.13,"z":0},"position":{"y":4182679.26,"x":552505.45,"z":10.43},"volume":6.44,"type":"VEHICLE","velocity":{"y":2.12,"x":6.52,"z":0}},{"acceleration":{"y":0.04,"x":1.04,"z":0},"position":{"y":4182673.96,"x":552480.06,"z":10.16},"volume":7.16,"type":"VEHICLE","velocity":{"y":0.67,"x":4.98,"z":0}}],[{"acceleration":{"y":0.21,"x":0.28,"z":0},"position":{"y":4182679.31,"x":552507.68,"z":10.43},"volume":6.94,"type":"VEHICLE","velocity":{"y":2.11,"x":6.63,"z":0}},{"acceleration":{"y":0.52,"x":1.12,"z":0},"position":{"y":4182674.62,"x":552481.51,"z":10.41},"volume":2.16,"type":"VEHICLE","velocity":{"y":0.99,"x":5.55,"z":0}}],[{"acceleration":{"y":0.2,"x":0.29,"z":0},"position":{"y":4182679.26,"x":552511.39,"z":10.43},"volume":6.22,"type":"VEHICLE","velocity":{"y":2.12,"x":6.84,"z":0}},{"acceleration":{"y":0.15,"x":-0.12,"z":0},"position":{"y":4182675.41,"x":552485.96,"z":10.51},"volume":3.33,"type":"VEHICLE","velocity":{"y":1.01,"x":5.33,"z":0}}],[{"acceleration":{"y":0.19,"x":0.27,"z":0},"position":{"y":4182679.37,"x":552514.09,"z":10.43},"volume":6.23,"type":"VEHICLE","velocity":{"y":2.12,"x":6.97,"z":0}},{"acceleration":{"y":1.11,"x":-2.1,"z":0},"position":{"y":4182676.48,"x":552488.02,"z":11.02},"volume":0.1,"type":"VEHICLE","velocity":{"y":1.62,"x":4.49,"z":0}}],[{"acceleration":{"y":0.18,"x":0.23,"z":0},"position":{"y":4182679.32,"x":552517.87,"z":10.46},"volume":6.15,"type":"VEHICLE","velocity":{"y":2.09,"x":7.07,"z":0}},{"acceleration":{"y":0.83,"x":-3.49,"z":0},"position":{"y":4182677.29,"x":552493.3,"z":11},"volume":0.01,"type":"VEHICLE","velocity":{"y":2.44,"x":2.52,"z":0}}],[{"acceleration":{"y":0.19,"x":0.25,"z":0},"position":{"y":4182679.33,"x":552520.46,"z":10.42},"volume":5.48,"type":"VEHICLE","velocity":{"y":2.07,"x":7.17,"z":0}},{"acceleration":{"y":-0.29,"x":-2.65,"z":0},"position":{"y":4182677.19,"x":552493.97,"z":10.94},"volume":0.34,"type":"VEHICLE","velocity":{"y":2.45,"x":0.82,"z":0}}],[{"acceleration":{"y":0.18,"x":0.28,"z":0},"position":{"y":4182679.28,"x":552525.32,"z":10.37},"volume":5.49,"type":"VEHICLE","velocity":{"y":2.05,"x":7.4,"z":0}}]],"action_description":"Light fog","ev_state":[-328.925140380859,10.123722076416,190.257461547852,0,0.200000002980232,0,12,0,-0.000764400872867554,89.7229461669922,0.054068561643362,8.58469874247187],"collision_probability":0}
 timestamp= 1619796708000 [RUN] Validate G1 Guard Condition: 
The ego vehicle E Detection.Collision == True.
 timestamp= 1619796708000 [RES] Global Validate result: 
false
 timestamp= 1619796708000 [RUN] Validate G2 Guard Condition: 
The ego vehicle E Detection.OffRoad == True.
 timestamp= 1619796708000 [RES] Global Validate result: 
false
 timestamp= 1619796708000 [RUN] Validate G3 Guard Condition: 
The ego vehicle E Detection.HardBrake == True.
 timestamp= 1619796708000 [RES] Global Validate result: 
false
 timestamp= 1619796708000 [RUN] Validate G4 Guard Condition: 
The ego vehicle E Detection.ArrivalTest == True.
 timestamp= 1619796708000 [RES] Global Validate result: 
false
 timestamp= 1619796708000 [RUN] Validate step: 
The test system VALIDATES THAT the Apollo A Status.GetControl is nearly equal to {"acceleration": 0.04, "throttle": 15.7, "steering_target": -2.44, "brake": 0.0, "steering_rate": 100.0, "speed": 8.58}
 timestamp= 1619796708000 [RES] Validate result: 
true
 timestamp= 1619796708000 [RUN] Generate steps
 timestamp= 1619796708000 [RUN] Validate step: 
The test system VALIDATES THAT the simulator S Status.GetEnvironment is nearly equal to {"x": -328.93, "y": 10.12, "z": 190.26, "rain": 0.0, "fog": 0.2, "wetness": 0.0, "timeofday": 12.0, "signal": 0.0, "rx": -0.0, "ry": 89.72, "rz": 0.05, "speed": 8.58}
 timestamp= 1619796708000 [RES] Validate result: 
true
 timestamp= 1619796708000 [RUN] Execute API step: 
The environment controller C INVOKES API Control.Agents.NPCVehicle.NPCVehicleMaintainLane(which_lane=Current_Lane&which_car=Hatchback).
 timestamp= 1619796712000 [RES] API result: 
{"pose_arr":[{"vx":-0.06,"ay":-0.37,"az":9.8,"ax":0,"pz":10.12,"vy":-0.06,"px":552545.22,"py":4182676.28},{"vx":0.18,"ay":0,"az":9.81,"ax":0,"pz":10.12,"vy":0.18,"px":552550.28,"py":4182676.23},{"vx":-0.01,"ay":0,"az":9.81,"ax":0,"pz":10.12,"vy":-0.01,"px":552550.85,"py":4182676.23},{"vx":0,"ay":0,"az":9.81,"ax":0,"pz":10.12,"vy":0,"px":552550.91,"py":4182676.22},{"vx":0,"ay":-1.28,"az":9.81,"ax":-0.03,"pz":10.12,"vy":0,"px":552550.93,"py":4182676.22},{"vx":0,"ay":-0.08,"az":9.8,"ax":0.08,"pz":10.12,"vy":0,"px":552550.94,"py":4182676.22},{"vx":0,"ay":-0.08,"az":9.81,"ax":0,"pz":10.12,"vy":0,"px":552550.94,"py":4182676.22}],"traffic_light":[3,2,2,2,2,2,3,1],"state_arr":[{"acceleration":0.4,"throttle":17.3,"steering_target":0.6,"brake":0,"steering_rate":100,"speed":8.72},{"acceleration":0.02,"throttle":64.22,"steering_target":1.38,"brake":0,"steering_rate":100,"speed":1.21},{"acceleration":-0.71,"throttle":0,"steering_target":2.15,"brake":26.02,"steering_rate":100,"speed":0.13},{"acceleration":-0.37,"throttle":0,"steering_target":0,"brake":26.97,"steering_rate":100,"speed":0},{"acceleration":0.31,"throttle":36.74,"steering_target":0,"brake":0,"steering_rate":100,"speed":0.05},{"acceleration":0.3,"throttle":35.46,"steering_target":0,"brake":0,"steering_rate":100,"speed":0.01},{"acceleration":0.3,"throttle":35.71,"steering_target":0,"brake":0,"steering_rate":100,"speed":0},{"acceleration":0.3,"throttle":35.72,"steering_target":0,"brake":0,"steering_rate":100,"speed":0}],"obstacle_arr":[[{"acceleration":{"y":0.17,"x":0.27,"z":0},"position":{"y":4182679.25,"x":552527.84,"z":10.49},"volume":5.69,"type":"VEHICLE","velocity":{"y":2.05,"x":7.51,"z":0}}],[{"acceleration":{"y":0.17,"x":0.22,"z":0},"position":{"y":4182679.35,"x":552530.79,"z":10.72},"volume":3.7,"type":"VEHICLE","velocity":{"y":2.05,"x":7.64,"z":0}},{"acceleration":{"y":0,"x":0,"z":0},"position":{"y":4182671.51,"x":552545.64,"z":10.36},"volume":2.69,"type":"PEDESTRIAN","velocity":{"y":0,"x":0,"z":0}},{"acceleration":{"y":0,"x":0,"z":0},"position":{"y":4182676,"x":552553.89,"z":10.41},"volume":4.97,"type":"VEHICLE","velocity":{"y":-0.03,"x":-0.56,"z":0}}],[{"acceleration":{"y":0.15,"x":0.16,"z":0},"position":{"y":4182679.37,"x":552534.87,"z":10.46},"volume":4.7,"type":"VEHICLE","velocity":{"y":2.01,"x":7.61,"z":0}},{"acceleration":{"y":-0.17,"x":1.64,"z":0},"position":{"y":4182675.98,"x":552555.52,"z":10.73},"volume":3.52,"type":"VEHICLE","velocity":{"y":-0.08,"x":2.06,"z":0}}],[{"acceleration":{"y":0.15,"x":0.08,"z":0},"position":{"y":4182679.24,"x":552538.3,"z":10.39},"volume":4.93,"type":"VEHICLE","velocity":{"y":1.98,"x":7.43,"z":0}},{"acceleration":{"y":0.25,"x":0.17,"z":0},"position":{"y":4182675.98,"x":552555.83,"z":10.74},"volume":3.5,"type":"VEHICLE","velocity":{"y":0.13,"x":1.91,"z":0}}],[{"acceleration":{"y":0.14,"x":-0.01,"z":0},"position":{"y":4182679.35,"x":552540.64,"z":10.41},"volume":6.37,"type":"VEHICLE","velocity":{"y":1.95,"x":7.07,"z":0}},{"acceleration":{"y":-0.11,"x":-2.24,"z":0},"position":{"y":4182675.99,"x":552556.14,"z":10.71},"volume":4.44,"type":"VEHICLE","velocity":{"y":0,"x":0,"z":0}}],[{"acceleration":{"y":0.14,"x":0.01,"z":0},"position":{"y":4182679.31,"x":552544.01,"z":10.4},"volume":6.32,"type":"VEHICLE","velocity":{"y":1.88,"x":6.58,"z":0}},{"acceleration":{"y":-0.01,"x":-0.19,"z":0},"position":{"y":4182676.02,"x":552555.88,"z":10.74},"volume":3.28,"type":"VEHICLE","velocity":{"y":0,"x":0,"z":0}}],[{"acceleration":{"y":0.14,"x":0.1,"z":0},"position":{"y":4182679.27,"x":552546.68,"z":10.37},"volume":6.75,"type":"VEHICLE","velocity":{"y":-0.07,"x":4.46,"z":0}},{"acceleration":{"y":0,"x":-0.01,"z":0},"position":{"y":4182676.02,"x":552555.88,"z":10.74},"volume":3.31,"type":"VEHICLE","velocity":{"y":0,"x":0,"z":0}}],[{"acceleration":{"y":-0.13,"x":2.3,"z":0},"position":{"y":4182679.24,"x":552548.6,"z":10.37},"volume":6.73,"type":"VEHICLE","velocity":{"y":-0.19,"x":6.11,"z":0}},{"acceleration":{"y":0,"x":0,"z":0},"position":{"y":4182676,"x":552555.84,"z":10.75},"volume":3.26,"type":"VEHICLE","velocity":{"y":0,"x":0,"z":0}}]],"action_description":"NPC vehicle (Hatchback) driving on the current lane","ev_state":[-321.694061279297,10.1248369216919,190.174667358398,0,0.200000002980232,0,12,-1,359.826354980469,91.1759033203125,359.952911376953,0.0021222535528914194],"collision_probability":1}
 timestamp= 1619796712000 [RUN] Validate G1 Guard Condition: 
The ego vehicle E Detection.Collision == True.
 timestamp= 1619796712000 [RES] Global Validate result: 
true
 timestamp= 1619796712000 [RUN] Collision == True
 timestamp= 1619796712000 [RUN] Validate G2 Guard Condition: 
The ego vehicle E Detection.OffRoad == True.
 timestamp= 1619796712000 [RES] Global Validate result: 
false
 timestamp= 1619796712000 [RUN] Validate G3 Guard Condition: 
The ego vehicle E Detection.HardBrake == True.
 timestamp= 1619796712000 [RES] Global Validate result: 
true
 timestamp= 1619796712000 [RUN] HardBrake == True
 timestamp= 1619796712000 [RUN] RESUME STEP @preStep
 timestamp= 1619796712000 [RUN] Resume step basicflow19
 timestamp= 1619796712000 [RUN] Validate G4 Guard Condition: 
The ego vehicle E Detection.ArrivalTest == True.
 timestamp= 1619796712000 [RES] Global Validate result: 
false
 timestamp= 1619796712000 [RUN] Validate step: 
The test system VALIDATES THAT the Apollo A Status.GetControl is nearly equal to {"acceleration": 0.3, "throttle": 35.72, "steering_target": -0.0, "brake": 0.0, "steering_rate": 100.0, "speed": 0.0}
 timestamp= 1619796712000 [RES] Validate result: 
true
 timestamp= 1619796712000 [RUN] Generate steps
 timestamp= 1619796712000 [RUN] Validate step: 
The test system VALIDATES THAT the simulator S Status.GetEnvironment is nearly equal to {"x": -321.69, "y": 10.12, "z": 190.17, "rain": 0.0, "fog": 0.2, "wetness": 0.0, "timeofday": 12.0, "signal": -1.0, "rx": 359.83, "ry": 91.18, "rz": 359.95, "speed": 0.0}
 timestamp= 1619796712000 [RES] Validate result: 
true
 timestamp= 1619796712000 [RUN] Execute API step: 
The environment controller C INVOKES API Control.Agents.NPCVehicle.NPCVehicleMaintainLane(which_lane=Left_Lane&which_car=Hatchback).
 timestamp= 1619796716000 [RES] API result: 
{"pose_arr":[{"vx":0,"ay":-0.02,"az":9.81,"ax":0,"pz":10.12,"vy":0,"px":552550.94,"py":4182676.22},{"vx":0,"ay":0.6,"az":9.84,"ax":-0.07,"pz":10.12,"vy":0,"px":552550.94,"py":4182676.22},{"vx":0,"ay":0,"az":9.81,"ax":0,"pz":10.12,"vy":0,"px":552550.94,"py":4182676.22},{"vx":0,"ay":0.16,"az":9.82,"ax":0.08,"pz":10.12,"vy":0,"px":552550.94,"py":4182676.22},{"vx":0,"ay":0.02,"az":9.81,"ax":0,"pz":10.12,"vy":0,"px":552550.94,"py":4182676.22},{"vx":0,"ay":0,"az":9.81,"ax":0,"pz":10.12,"vy":0,"px":552550.94,"py":4182676.22},{"vx":0,"ay":0,"az":9.81,"ax":0,"pz":10.12,"vy":0,"px":552550.94,"py":4182676.22},{"vx":0,"ay":-0.58,"az":9.78,"ax":0.06,"pz":10.12,"vy":0,"px":552550.94,"py":4182676.22}],"traffic_light":[1,3,3,3,3,3,1],"state_arr":[{"acceleration":0.3,"throttle":35.67,"steering_target":0,"brake":0,"steering_rate":100,"speed":0},{"acceleration":0.3,"throttle":35.59,"steering_target":0,"brake":0,"steering_rate":100,"speed":0},{"acceleration":0.3,"throttle":35.51,"steering_target":0,"brake":0,"steering_rate":100,"speed":0},{"acceleration":0.3,"throttle":35.65,"steering_target":0,"brake":0,"steering_rate":100,"speed":0},{"acceleration":0,"throttle":0,"steering_target":0,"brake":50,"steering_rate":0,"speed":0},{"acceleration":0.3,"throttle":35.62,"steering_target":0,"brake":0,"steering_rate":100,"speed":0},{"acceleration":0.3,"throttle":35.6,"steering_target":0,"brake":0,"steering_rate":100,"speed":0},{"acceleration":0.3,"throttle":35.59,"steering_target":0,"brake":0,"steering_rate":100,"speed":0},{"acceleration":0.3,"throttle":35.53,"steering_target":0,"brake":0,"steering_rate":100,"speed":0}],"obstacle_arr":[[{"acceleration":{"y":-0.08,"x":1.18,"z":0},"position":{"y":4182679.23,"x":552551.08,"z":10.39},"volume":7.1,"type":"VEHICLE","velocity":{"y":-0.13,"x":5.97,"z":0}},{"acceleration":{"y":0,"x":0,"z":0},"position":{"y":4182676,"x":552555.84,"z":10.75},"volume":3.27,"type":"VEHICLE","velocity":{"y":0,"x":0,"z":0}},{"acceleration":{"y":0,"x":0,"z":0},"position":{"y":4182679.17,"x":552519.12,"z":11.09},"volume":0.06,"type":"VEHICLE","velocity":{"y":0,"x":0,"z":0}}],[{"acceleration":{"y":-0.01,"x":-1.4,"z":0},"position":{"y":4182679.19,"x":552553.61,"z":10.4},"volume":6.82,"type":"VEHICLE","velocity":{"y":-0.15,"x":4.77,"z":0}},{"acceleration":{"y":0,"x":0,"z":0},"position":{"y":4182676,"x":552555.86,"z":10.75},"volume":3.37,"type":"VEHICLE","velocity":{"y":0,"x":0,"z":0}},{"acceleration":{"y":0,"x":0.01,"z":0},"position":{"y":4182679.1,"x":552522.84,"z":10.64},"volume":0.99,"type":"VEHICLE","velocity":{"y":0,"x":0,"z":0}},{"acceleration":{"y":0,"x":0,"z":0},"position":{"y":4182683.1,"x":552552.63,"z":10.42},"volume":5.34,"type":"VEHICLE","velocity":{"y":0,"x":0,"z":0}}],[{"acceleration":{"y":0.44,"x":-2.81,"z":0},"position":{"y":4182679.28,"x":552556.16,"z":10.36},"volume":7.33,"type":"VEHICLE","velocity":{"y":0.17,"x":2.82,"z":0}},{"acceleration":{"y":0,"x":0,"z":0},"position":{"y":4182676,"x":552555.86,"z":10.75},"volume":3.36,"type":"VEHICLE","velocity":{"y":0,"x":0,"z":0}},{"acceleration":{"y":0,"x":0,"z":0},"position":{"y":4182679.06,"x":552525.45,"z":10.76},"volume":1.84,"type":"VEHICLE","velocity":{"y":0,"x":0,"z":0}},{"acceleration":{"y":0,"x":0,"z":0},"position":{"y":4182682.91,"x":552552.91,"z":10.09},"volume":9.28,"type":"VEHICLE","velocity":{"y":0,"x":0,"z":0}}],[{"acceleration":{"y":0.02,"x":-2.2,"z":0},"position":{"y":4182679.3,"x":552558.13,"z":10.38},"volume":6.45,"type":"VEHICLE","velocity":{"y":0.15,"x":1.56,"z":0}},{"acceleration":{"y":0,"x":0,"z":0},"position":{"y":4182676,"x":552555.85,"z":10.75},"volume":3.36,"type":"VEHICLE","velocity":{"y":0,"x":0,"z":0}},{"acceleration":{"y":0,"x":0,"z":0},"position":{"y":4182678.98,"x":552527.4,"z":10.44},"volume":5.05,"type":"VEHICLE","velocity":{"y":0,"x":0.11,"z":0}},{"acceleration":{"y":0,"x":0,"z":0},"position":{"y":4182682.88,"x":552552.93,"z":10.09},"volume":9.02,"type":"VEHICLE","velocity":{"y":0,"x":0,"z":0}}],[{"acceleration":{"y":-0.06,"x":-1.04,"z":0},"position":{"y":4182679.29,"x":552559.84,"z":10.36},"volume":6.33,"type":"VEHICLE","velocity":{"y":0.08,"x":0.92,"z":0}},{"acceleration":{"y":0,"x":0,"z":0},"position":{"y":4182676,"x":552555.85,"z":10.75},"volume":3.31,"type":"VEHICLE","velocity":{"y":0,"x":0,"z":0}},{"acceleration":{"y":-0.01,"x":0.01,"z":0},"position":{"y":4182679.17,"x":552530.95,"z":10.51},"volume":3.03,"type":"VEHICLE","velocity":{"y":-0.07,"x":6.36,"z":0}},{"acceleration":{"y":0,"x":0,"z":0},"position":{"y":4182682.63,"x":552553.06,"z":10.1},"volume":8.86,"type":"VEHICLE","velocity":{"y":0,"x":0,"z":0}}],[{"acceleration":{"y":-0.03,"x":0.44,"z":0},"position":{"y":4182679.32,"x":552561.32,"z":10.35},"volume":6.91,"type":"VEHICLE","velocity":{"y":0.07,"x":1.26,"z":0}},{"acceleration":{"y":0,"x":0,"z":0},"position":{"y":4182676,"x":552555.85,"z":10.75},"volume":3.3,"type":"VEHICLE","velocity":{"y":0,"x":0,"z":0}},{"acceleration":{"y":0.05,"x":-0.4,"z":0},"position":{"y":4182679.07,"x":552533.82,"z":10.58},"volume":3.79,"type":"VEHICLE","velocity":{"y":-0.02,"x":5.98,"z":0}},{"acceleration":{"y":0,"x":0,"z":0},"position":{"y":4182682.46,"x":552553.29,"z":10.1},"volume":9.61,"type":"VEHICLE","velocity":{"y":0,"x":0,"z":0}}],[{"acceleration":{"y":-0.14,"x":0.18,"z":0},"position":{"y":4182679.35,"x":552561.85,"z":10.37},"volume":5.84,"type":"VEHICLE","velocity":{"y":-0.03,"x":1.35,"z":0}},{"acceleration":{"y":0,"x":0,"z":0},"position":{"y":4182676.01,"x":552555.85,"z":10.75},"volume":3.31,"type":"VEHICLE","velocity":{"y":0,"x":0,"z":0}},{"acceleration":{"y":-0.15,"x":-1.5,"z":0},"position":{"y":4182679.15,"x":552536.67,"z":10.55},"volume":5.04,"type":"VEHICLE","velocity":{"y":-0.12,"x":4.98,"z":0}},{"acceleration":{"y":0,"x":0,"z":0},"position":{"y":4182682.37,"x":552553.32,"z":10.1},"volume":9.26,"type":"VEHICLE","velocity":{"y":0,"x":0,"z":0}}],[{"acceleration":{"y":0.1,"x":-0.29,"z":0},"position":{"y":4182679.31,"x":552562.75,"z":10.37},"volume":5.45,"type":"VEHICLE","velocity":{"y":0.08,"x":1,"z":0}},{"acceleration":{"y":0,"x":0,"z":0},"position":{"y":4182676.01,"x":552555.85,"z":10.75},"volume":3.32,"type":"VEHICLE","velocity":{"y":0,"x":0,"z":0}},{"acceleration":{"y":0.04,"x":-1.24,"z":0},"position":{"y":4182679.16,"x":552539.39,"z":10.39},"volume":5.73,"type":"VEHICLE","velocity":{"y":-0.03,"x":4.1,"z":0}},{"acceleration":{"y":0,"x":0,"z":0},"position":{"y":4182682.29,"x":552553.3,"z":10.1},"volume":8.65,"type":"VEHICLE","velocity":{"y":0,"x":0,"z":0}},{"acceleration":{"y":0,"x":0,"z":0},"position":{"y":4182690.07,"x":552556.12,"z":11.48},"volume":0,"type":"VEHICLE","velocity":{"y":0,"x":0,"z":0}}]],"action_description":"NPC vehicle (Hatchback) driving on the left lane","ev_state":[-321.693908691406,10.1248369216919,190.174499511719,0,0.200000002980232,0,12,-1,359.828033447266,91.0668716430664,359.953704833984,0.0032085397752528127],"collision_probability":0}
 timestamp= 1619796716000 [RUN] Validate G1 Guard Condition: 
The ego vehicle E Detection.Collision == True.
 timestamp= 1619796716000 [RES] Global Validate result: 
false
 timestamp= 1619796716000 [RUN] Validate G2 Guard Condition: 
The ego vehicle E Detection.OffRoad == True.
 timestamp= 1619796716000 [RES] Global Validate result: 
false
 timestamp= 1619796716000 [RUN] Validate G3 Guard Condition: 
The ego vehicle E Detection.HardBrake == True.
 timestamp= 1619796717000 [RES] Global Validate result: 
false
 timestamp= 1619796717000 [RUN] Validate G4 Guard Condition: 
The ego vehicle E Detection.ArrivalTest == True.
 timestamp= 1619796717000 [RES] Global Validate result: 
false
 timestamp= 1619796717000 [RUN] Validate step: 
The test system VALIDATES THAT the Apollo A Status.GetControl is nearly equal to {"acceleration": 0.3, "throttle": 35.53, "steering_target": -0.0, "brake": 0.0, "steering_rate": 100.0, "speed": 0.0}
 timestamp= 1619796717000 [RES] Validate result: 
true
 timestamp= 1619796717000 [RUN] Generate steps
 timestamp= 1619796717000 [RUN] Validate step: 
The test system VALIDATES THAT the simulator S Status.GetEnvironment is nearly equal to {"x": -321.69, "y": 10.12, "z": 190.17, "rain": 0.0, "fog": 0.2, "wetness": 0.0, "timeofday": 12.0, "signal": -1.0, "rx": 359.83, "ry": 91.07, "rz": 359.95, "speed": 0.0}
 timestamp= 1619796717000 [RES] Validate result: 
true
 timestamp= 1619796717000 [RUN] Execute API step: 
The environment controller C INVOKES API Control.Agents.NPCVehicle.NPCVehicleSwitchLane(which_lane=Left_Lane&which_car=Sedan).
 timestamp= 1619796721000 [RES] API result: 
{"pose_arr":[{"vx":0,"ay":0,"az":9.81,"ax":0,"pz":10.12,"vy":0,"px":552550.94,"py":4182676.22},{"vx":0,"ay":0.03,"az":9.81,"ax":0,"pz":10.12,"vy":0,"px":552550.94,"py":4182676.22},{"vx":0,"ay":-0.01,"az":9.81,"ax":0,"pz":10.12,"vy":0,"px":552550.94,"py":4182676.22},{"vx":0,"ay":-0.03,"az":9.8,"ax":0.05,"pz":10.12,"vy":0,"px":552550.94,"py":4182676.22},{"vx":0,"ay":-0.07,"az":9.81,"ax":0,"pz":10.12,"vy":0,"px":552550.94,"py":4182676.22},{"vx":0,"ay":-0.01,"az":9.81,"ax":0.02,"pz":10.12,"vy":0,"px":552550.94,"py":4182676.22},{"vx":0,"ay":0.03,"az":9.81,"ax":0.01,"pz":10.12,"vy":0,"px":552550.94,"py":4182676.22},{"vx":0,"ay":-0.01,"az":9.81,"ax":-0.01,"pz":10.12,"vy":0,"px":552550.94,"py":4182676.22},{"vx":0,"ay":0,"az":9.81,"ax":0,"pz":10.12,"vy":0,"px":552550.94,"py":4182676.22}],"traffic_light":[3,3,1,3,1,3,3,3],"state_arr":[{"acceleration":0.3,"throttle":35.51,"steering_target":0,"brake":0,"steering_rate":100,"speed":0},{"acceleration":0.3,"throttle":35.5,"steering_target":0,"brake":0,"steering_rate":100,"speed":0},{"acceleration":0,"throttle":0,"steering_target":0,"brake":50,"steering_rate":0,"speed":0},{"acceleration":0.3,"throttle":35.53,"steering_target":0,"brake":0,"steering_rate":100,"speed":0},{"acceleration":0,"throttle":0,"steering_target":0,"brake":50,"steering_rate":0,"speed":0},{"acceleration":0.3,"throttle":35.51,"steering_target":0,"brake":0,"steering_rate":100,"speed":0},{"acceleration":0,"throttle":0,"steering_target":0,"brake":50,"steering_rate":0,"speed":0},{"acceleration":-3,"throttle":0,"steering_target":0,"brake":69.77,"steering_rate":100,"speed":0},{"acceleration":0.3,"throttle":35.42,"steering_target":0,"brake":0,"steering_rate":100,"speed":0}],"obstacle_arr":[[{"acceleration":{"y":0.03,"x":-0.58,"z":0},"position":{"y":4182679.25,"x":552563.42,"z":10.35},"volume":6.46,"type":"VEHICLE","velocity":{"y":-0.03,"x":1.15,"z":0}},{"acceleration":{"y":0,"x":0,"z":0},"position":{"y":4182676.01,"x":552555.85,"z":10.75},"volume":3.32,"type":"VEHICLE","velocity":{"y":0,"x":0,"z":0}},{"acceleration":{"y":0.03,"x":-1.17,"z":0},"position":{"y":4182679.25,"x":552540.8,"z":10.39},"volume":5.32,"type":"VEHICLE","velocity":{"y":-0.06,"x":3.97,"z":0}},{"acceleration":{"y":0,"x":0,"z":0},"position":{"y":4182682.29,"x":552553.29,"z":10.1},"volume":8.64,"type":"VEHICLE","velocity":{"y":0,"x":0,"z":0}}],[{"acceleration":{"y":-0.05,"x":-0.31,"z":0},"position":{"y":4182679.29,"x":552563.73,"z":10.39},"volume":5.1,"type":"VEHICLE","velocity":{"y":0.01,"x":0.9,"z":0}},{"acceleration":{"y":0,"x":0,"z":0},"position":{"y":4182676.01,"x":552555.85,"z":10.76},"volume":3.32,"type":"VEHICLE","velocity":{"y":0,"x":0,"z":0}},{"acceleration":{"y":-0.14,"x":-1.56,"z":0},"position":{"y":4182679.13,"x":552543.72,"z":10.41},"volume":5.99,"type":"VEHICLE","velocity":{"y":-0.2,"x":2.82,"z":0}},{"acceleration":{"y":0,"x":0,"z":0},"position":{"y":4182682.3,"x":552553.29,"z":10.1},"volume":8.7,"type":"VEHICLE","velocity":{"y":0,"x":0,"z":0}},{"acceleration":{"y":-0.02,"x":0.03,"z":0},"position":{"y":4182682.41,"x":552573.64,"z":10.03},"volume":10.31,"type":"VEHICLE","velocity":{"y":0,"x":0,"z":0}}],[{"acceleration":{"y":0.02,"x":-0.34,"z":0},"position":{"y":4182679.25,"x":552563.95,"z":10.35},"volume":4.54,"type":"VEHICLE","velocity":{"y":0.03,"x":0.62,"z":0}},{"acceleration":{"y":0,"x":0,"z":0},"position":{"y":4182676.01,"x":552555.85,"z":10.76},"volume":3.31,"type":"VEHICLE","velocity":{"y":0,"x":0,"z":0}},{"acceleration":{"y":0.11,"x":0.23,"z":0},"position":{"y":4182679.27,"x":552545.84,"z":10.38},"volume":8.06,"type":"VEHICLE","velocity":{"y":-0.08,"x":3.28,"z":0}},{"acceleration":{"y":0,"x":0,"z":0},"position":{"y":4182682.3,"x":552553.29,"z":10.1},"volume":8.73,"type":"VEHICLE","velocity":{"y":0,"x":0,"z":0}},{"acceleration":{"y":-0.01,"x":0.01,"z":0},"position":{"y":4182679.04,"x":552575.6,"z":10.42},"volume":4.64,"type":"VEHICLE","velocity":{"y":0,"x":0,"z":0}}],[{"acceleration":{"y":-0.04,"x":-0.29,"z":0},"position":{"y":4182679.25,"x":552564.86,"z":10.34},"volume":5.81,"type":"VEHICLE","velocity":{"y":-0.05,"x":0.55,"z":0}},{"acceleration":{"y":0,"x":0,"z":0},"position":{"y":4182676.01,"x":552555.85,"z":10.76},"volume":3.28,"type":"VEHICLE","velocity":{"y":0,"x":0,"z":0}},{"acceleration":{"y":0.11,"x":0.64,"z":0},"position":{"y":4182679.14,"x":552548.81,"z":10.38},"volume":8.35,"type":"VEHICLE","velocity":{"y":0,"x":3.74,"z":0}},{"acceleration":{"y":0,"x":0,"z":0},"position":{"y":4182682.3,"x":552553.28,"z":10.1},"volume":8.68,"type":"VEHICLE","velocity":{"y":0,"x":0,"z":0}},{"acceleration":{"y":-0.01,"x":0,"z":0},"position":{"y":4182673.3,"x":552576.31,"z":10.34},"volume":2.24,"type":"VEHICLE","velocity":{"y":0,"x":0,"z":0}},{"acceleration":{"y":0,"x":0,"z":0},"position":{"y":4182690.06,"x":552556.11,"z":11.47},"volume":0,"type":"UNKNOWN","velocity":{"y":0,"x":0,"z":0}},{"acceleration":{"y":0,"x":0,"z":0},"position":{"y":4182690.08,"x":552553.69,"z":10.55},"volume":1.37,"type":"UNKNOWN","velocity":{"y":0,"x":0,"z":0}}],[{"acceleration":{"y":0.04,"x":-0.48,"z":0},"position":{"y":4182679.32,"x":552565.1,"z":10.37},"volume":5.85,"type":"VEHICLE","velocity":{"y":0,"x":0,"z":0}},{"acceleration":{"y":0,"x":0,"z":0},"position":{"y":4182676.01,"x":552555.85,"z":10.76},"volume":3.27,"type":"VEHICLE","velocity":{"y":0,"x":0,"z":0}},{"acceleration":{"y":0.15,"x":1.49,"z":0},"position":{"y":4182679.11,"x":552552.02,"z":10.39},"volume":7.72,"type":"VEHICLE","velocity":{"y":0.11,"x":5.01,"z":0}},{"acceleration":{"y":0,"x":0,"z":0},"position":{"y":4182682.3,"x":552553.19,"z":10.54},"volume":5.81,"type":"VEHICLE","velocity":{"y":0,"x":0,"z":0}},{"acceleration":{"y":-0.01,"x":0,"z":0},"position":{"y":4182668.32,"x":552576.78,"z":10.29},"volume":2.07,"type":"VEHICLE","velocity":{"y":-0.21,"x":0.01,"z":0}}],[{"acceleration":{"y":-0.02,"x":-0.18,"z":0},"position":{"y":4182679.25,"x":552565.23,"z":10.36},"volume":4.6,"type":"VEHICLE","velocity":{"y":0,"x":0,"z":0}},{"acceleration":{"y":0,"x":0,"z":0},"position":{"y":4182676.01,"x":552555.85,"z":10.76},"volume":3.31,"type":"VEHICLE","velocity":{"y":0,"x":0,"z":0}},{"acceleration":{"y":0.05,"x":0.88,"z":0},"position":{"y":4182679.13,"x":552554.48,"z":10.36},"volume":7.86,"type":"VEHICLE","velocity":{"y":0.15,"x":5.43,"z":0}},{"acceleration":{"y":0,"x":0,"z":0},"position":{"y":4182682.6,"x":552553.07,"z":10.1},"volume":7.14,"type":"VEHICLE","velocity":{"y":0,"x":0,"z":0}},{"acceleration":{"y":-0.01,"x":0,"z":0},"position":{"y":4182660.36,"x":552577.2,"z":10.62},"volume":2.76,"type":"VEHICLE","velocity":{"y":-0.49,"x":0.01,"z":0}}],[{"acceleration":{"y":0,"x":-0.02,"z":0},"position":{"y":4182679.28,"x":552565.33,"z":10.36},"volume":4.59,"type":"VEHICLE","velocity":{"y":0,"x":0,"z":0}},{"acceleration":{"y":0,"x":0,"z":0},"position":{"y":4182676.01,"x":552555.85,"z":10.76},"volume":3.29,"type":"VEHICLE","velocity":{"y":0,"x":0,"z":0}},{"acceleration":{"y":-0.08,"x":-1.22,"z":0},"position":{"y":4182679.14,"x":552556.52,"z":10.35},"volume":7.72,"type":"VEHICLE","velocity":{"y":0.03,"x":4.27,"z":0}},{"acceleration":{"y":0,"x":0,"z":0},"position":{"y":4182682.3,"x":552553.22,"z":10.1},"volume":8.92,"type":"VEHICLE","velocity":{"y":0,"x":0,"z":0}},{"acceleration":{"y":-0.03,"x":0,"z":0},"position":{"y":4182655.72,"x":552576.81,"z":10.51},"volume":0.38,"type":"VEHICLE","velocity":{"y":-9.71,"x":-0.93,"z":0}}],[{"acceleration":{"y":0,"x":0,"z":0},"position":{"y":4182679.31,"x":552565.31,"z":10.36},"volume":4.59,"type":"VEHICLE","velocity":{"y":0,"x":0,"z":0}},{"acceleration":{"y":0,"x":0,"z":0},"position":{"y":4182676.01,"x":552555.85,"z":10.76},"volume":3.31,"type":"VEHICLE","velocity":{"y":0,"x":0,"z":0}},{"acceleration":{"y":-0.18,"x":-3.38,"z":0},"position":{"y":4182679.16,"x":552556.98,"z":10.34},"volume":7.01,"type":"VEHICLE","velocity":{"y":-0.03,"x":1.91,"z":0}},{"acceleration":{"y":0,"x":0,"z":0},"position":{"y":4182682.31,"x":552553.24,"z":10.1},"volume":8.8,"type":"VEHICLE","velocity":{"y":0,"x":0,"z":0}},{"acceleration":{"y":-0.03,"x":0.01,"z":0},"position":{"y":4182649.31,"x":552577.01,"z":11.06},"volume":0.31,"type":"VEHICLE","velocity":{"y":-10.6,"x":-0.62,"z":0}}]],"action_description":"NPC vehicle (Sedan) switching lane (left to right)","ev_state":[-321.693786621094,10.1248025894165,190.174423217773,0,0.200000002980232,0,12,-1,359.830017089844,90.9783325195313,359.957855224609,0.001869259346167874],"collision_probability":0}
 timestamp= 1619796721000 [RUN] Validate G1 Guard Condition: 
The ego vehicle E Detection.Collision == True.
 timestamp= 1619796721000 [RES] Global Validate result: 
false
 timestamp= 1619796721000 [RUN] Validate G2 Guard Condition: 
The ego vehicle E Detection.OffRoad == True.
 timestamp= 1619796721000 [RES] Global Validate result: 
false
 timestamp= 1619796721000 [RUN] Validate G3 Guard Condition: 
The ego vehicle E Detection.HardBrake == True.
 timestamp= 1619796721000 [RES] Global Validate result: 
false
 timestamp= 1619796721000 [RUN] Validate G4 Guard Condition: 
The ego vehicle E Detection.ArrivalTest == True.
 timestamp= 1619796721000 [RES] Global Validate result: 
false
 timestamp= 1619796721000 [RUN] Validate step: 
The test system VALIDATES THAT the Apollo A Status.GetControl is nearly equal to {"acceleration": 0.3, "throttle": 35.42, "steering_target": -0.0, "brake": 0.0, "steering_rate": 100.0, "speed": 0.0}
 timestamp= 1619796721000 [RES] Validate result: 
true
 timestamp= 1619796721000 [RUN] Generate steps
 timestamp= 1619796721000 [RUN] Validate step: 
The test system VALIDATES THAT the simulator S Status.GetEnvironment is nearly equal to {"x": -321.69, "y": 10.12, "z": 190.17, "rain": 0.0, "fog": 0.2, "wetness": 0.0, "timeofday": 12.0, "signal": -1.0, "rx": 359.83, "ry": 90.98, "rz": 359.96, "speed": 0.0}
 timestamp= 1619796721000 [RES] Validate result: 
true
 timestamp= 1619796721000 [RUN] Execute API step: 
The environment controller C INVOKES API Control.Weather.Rain(rain_level=Heavy).
 timestamp= 1619796725000 [RES] API result: 
{"pose_arr":[{"vx":0,"ay":-0.04,"az":9.81,"ax":0,"pz":10.12,"vy":0,"px":552550.94,"py":4182676.22},{"vx":0,"ay":0,"az":9.81,"ax":0,"pz":10.12,"vy":0,"px":552550.94,"py":4182676.22},{"vx":0,"ay":0.01,"az":9.81,"ax":0,"pz":10.12,"vy":0,"px":552550.94,"py":4182676.22},{"vx":0,"ay":0,"az":9.81,"ax":0,"pz":10.12,"vy":0,"px":552550.94,"py":4182676.22},{"vx":0,"ay":0.01,"az":9.81,"ax":-0.01,"pz":10.12,"vy":0,"px":552550.94,"py":4182676.22},{"vx":0,"ay":0,"az":9.81,"ax":0,"pz":10.12,"vy":0,"px":552550.94,"py":4182676.22},{"vx":0,"ay":0.01,"az":9.81,"ax":0,"pz":10.12,"vy":0,"px":552550.94,"py":4182676.22},{"vx":0,"ay":-0.01,"az":9.81,"ax":0,"pz":10.12,"vy":0,"px":552550.94,"py":4182676.21}],"traffic_light":[3,3,3,3,3,1,3,3],"state_arr":[{"acceleration":0.29,"throttle":35.4,"steering_target":0,"brake":0,"steering_rate":100,"speed":0},{"acceleration":0.29,"throttle":35.34,"steering_target":0,"brake":0,"steering_rate":100,"speed":0},{"acceleration":0.29,"throttle":35.38,"steering_target":0,"brake":0,"steering_rate":100,"speed":0},{"acceleration":0.29,"throttle":35.34,"steering_target":0,"brake":0,"steering_rate":100,"speed":0},{"acceleration":0.29,"throttle":35.38,"steering_target":0,"brake":0,"steering_rate":100,"speed":0},{"acceleration":0.29,"throttle":35.31,"steering_target":0,"brake":0,"steering_rate":100,"speed":0},{"acceleration":0.29,"throttle":35.33,"steering_target":0,"brake":0,"steering_rate":100,"speed":0},{"acceleration":0.29,"throttle":35.3,"steering_target":0,"brake":0,"steering_rate":100,"speed":0},{"acceleration":0.29,"throttle":35.29,"steering_target":0,"brake":0,"steering_rate":100,"speed":0}],"obstacle_arr":[[{"acceleration":{"y":0,"x":0,"z":0},"position":{"y":4182679.3,"x":552565.31,"z":10.37},"volume":4.49,"type":"VEHICLE","velocity":{"y":0,"x":0,"z":0}},{"acceleration":{"y":0,"x":0,"z":0},"position":{"y":4182676.01,"x":552555.85,"z":10.76},"volume":3.32,"type":"VEHICLE","velocity":{"y":0,"x":0,"z":0}},{"acceleration":{"y":0.02,"x":-4.08,"z":0},"position":{"y":4182679.21,"x":552557.17,"z":10.35},"volume":6.82,"type":"VEHICLE","velocity":{"y":0,"x":0,"z":0}},{"acceleration":{"y":0,"x":0,"z":0},"position":{"y":4182682.31,"x":552553.23,"z":10.1},"volume":8.88,"type":"VEHICLE","velocity":{"y":0,"x":0,"z":0}}],[{"acceleration":{"y":0,"x":0,"z":0},"position":{"y":4182679.3,"x":552565.3,"z":10.37},"volume":4.44,"type":"VEHICLE","velocity":{"y":0,"x":0,"z":0}},{"acceleration":{"y":0,"x":0,"z":0},"position":{"y":4182676.01,"x":552555.85,"z":10.76},"volume":3.42,"type":"VEHICLE","velocity":{"y":0,"x":0,"z":0}},{"acceleration":{"y":-0.02,"x":-0.81,"z":0},"position":{"y":4182679.18,"x":552557.26,"z":10.39},"volume":6.17,"type":"VEHICLE","velocity":{"y":0,"x":0,"z":0}},{"acceleration":{"y":0,"x":0,"z":0},"position":{"y":4182682.32,"x":552553.24,"z":10.1},"volume":9.01,"type":"VEHICLE","velocity":{"y":0,"x":0,"z":0}}],[{"acceleration":{"y":0,"x":0,"z":0},"position":{"y":4182679.31,"x":552565.29,"z":10.37},"volume":4.4,"type":"VEHICLE","velocity":{"y":0,"x":0,"z":0}},{"acceleration":{"y":0,"x":0,"z":0},"position":{"y":4182676,"x":552555.85,"z":10.76},"volume":3.41,"type":"VEHICLE","velocity":{"y":0,"x":0,"z":0}},{"acceleration":{"y":0,"x":-0.11,"z":0},"position":{"y":4182679.18,"x":552557.26,"z":10.36},"volume":6.32,"type":"VEHICLE","velocity":{"y":0,"x":0,"z":0}},{"acceleration":{"y":0,"x":0,"z":0},"position":{"y":4182682.33,"x":552553.25,"z":10.1},"volume":9.02,"type":"VEHICLE","velocity":{"y":0,"x":0,"z":0}}],[{"acceleration":{"y":0,"x":0,"z":0},"position":{"y":4182679.31,"x":552565.28,"z":10.49},"volume":3.85,"type":"VEHICLE","velocity":{"y":0,"x":0,"z":0}},{"acceleration":{"y":0,"x":0,"z":0},"position":{"y":4182676,"x":552555.85,"z":10.76},"volume":3.41,"type":"VEHICLE","velocity":{"y":0,"x":0,"z":0}},{"acceleration":{"y":0,"x":-0.01,"z":0},"position":{"y":4182679.18,"x":552557.26,"z":10.41},"volume":6.02,"type":"VEHICLE","velocity":{"y":0,"x":0,"z":0}},{"acceleration":{"y":0,"x":0,"z":0},"position":{"y":4182682.33,"x":552553.26,"z":10.1},"volume":9.03,"type":"VEHICLE","velocity":{"y":0,"x":0,"z":0}},{"acceleration":{"y":0,"x":0,"z":0},"position":{"y":4182678.62,"x":552522.07,"z":10.55},"volume":1.73,"type":"VEHICLE","velocity":{"y":0,"x":0,"z":0}}],[{"acceleration":{"y":0,"x":0,"z":0},"position":{"y":4182679.31,"x":552565.27,"z":10.49},"volume":3.82,"type":"VEHICLE","velocity":{"y":0,"x":0,"z":0}},{"acceleration":{"y":0,"x":0,"z":0},"position":{"y":4182676.01,"x":552555.89,"z":10.76},"volume":3.52,"type":"VEHICLE","velocity":{"y":0,"x":0,"z":0}},{"acceleration":{"y":0,"x":0,"z":0},"position":{"y":4182679.18,"x":552557.26,"z":10.39},"volume":6.13,"type":"VEHICLE","velocity":{"y":0,"x":0,"z":0}},{"acceleration":{"y":0,"x":0,"z":0},"position":{"y":4182682.33,"x":552553.25,"z":10.1},"volume":9.04,"type":"VEHICLE","velocity":{"y":0,"x":0,"z":0}},{"acceleration":{"y":0,"x":0.02,"z":0},"position":{"y":4182678.84,"x":552525.29,"z":10.79},"volume":1.25,"type":"VEHICLE","velocity":{"y":0,"x":0,"z":0}}],[{"acceleration":{"y":0,"x":0,"z":0},"position":{"y":4182679.3,"x":552565.26,"z":10.49},"volume":3.82,"type":"VEHICLE","velocity":{"y":0,"x":0,"z":0}},{"acceleration":{"y":0,"x":0,"z":0},"position":{"y":4182676.02,"x":552555.89,"z":10.76},"volume":3.53,"type":"VEHICLE","velocity":{"y":0,"x":0,"z":0}},{"acceleration":{"y":0,"x":0,"z":0},"position":{"y":4182679.18,"x":552557.26,"z":10.39},"volume":6.13,"type":"VEHICLE","velocity":{"y":0,"x":0,"z":0}},{"acceleration":{"y":0,"x":0,"z":0},"position":{"y":4182682.33,"x":552553.28,"z":10.1},"volume":9,"type":"VEHICLE","velocity":{"y":0,"x":0,"z":0}},{"acceleration":{"y":0,"x":0.01,"z":0},"position":{"y":4182678.83,"x":552527.98,"z":10.44},"volume":2.81,"type":"VEHICLE","velocity":{"y":0,"x":0,"z":0}}],[{"acceleration":{"y":0,"x":0,"z":0},"position":{"y":4182679.31,"x":552565.25,"z":10.38},"volume":4.3,"type":"VEHICLE","velocity":{"y":0,"x":0,"z":0}},{"acceleration":{"y":0,"x":0,"z":0},"position":{"y":4182676.02,"x":552555.89,"z":10.76},"volume":3.56,"type":"VEHICLE","velocity":{"y":0,"x":0,"z":0}},{"acceleration":{"y":0,"x":0,"z":0},"position":{"y":4182679.18,"x":552557.4,"z":10.37},"volume":6.76,"type":"VEHICLE","velocity":{"y":0,"x":0,"z":0}},{"acceleration":{"y":0,"x":0,"z":0},"position":{"y":4182682.29,"x":552553.41,"z":10.1},"volume":9.72,"type":"VEHICLE","velocity":{"y":0,"x":0,"z":0}},{"acceleration":{"y":0.01,"x":0,"z":0},"position":{"y":4182678.89,"x":552530.53,"z":10.63},"volume":3.33,"type":"VEHICLE","velocity":{"y":0.09,"x":3.54,"z":0}}],[{"acceleration":{"y":0,"x":0,"z":0},"position":{"y":4182679.32,"x":552565.24,"z":10.38},"volume":4.26,"type":"VEHICLE","velocity":{"y":0,"x":0,"z":0}},{"acceleration":{"y":0,"x":0,"z":0},"position":{"y":4182676.02,"x":552556.06,"z":10.75},"volume":4.07,"type":"VEHICLE","velocity":{"y":0,"x":0,"z":0}},{"acceleration":{"y":0,"x":0,"z":0},"position":{"y":4182679.18,"x":552557.38,"z":10.39},"volume":6.53,"type":"VEHICLE","velocity":{"y":0,"x":0,"z":0}},{"acceleration":{"y":0,"x":0,"z":0},"position":{"y":4182682.29,"x":552553.4,"z":10.1},"volume":9.7,"type":"VEHICLE","velocity":{"y":0,"x":0,"z":0}},{"acceleration":{"y":0.31,"x":-0.2,"z":0},"position":{"y":4182678.83,"x":552533.07,"z":10.46},"volume":4.38,"type":"VEHICLE","velocity":{"y":0.21,"x":3.4,"z":0}}]],"action_description":"Heavy rain","ev_state":[-321.693603515625,10.1248064041138,190.174438476563,1,0,1,12,-1,359.831237792969,90.8722839355469,359.955902099609,0.0010812305435220612],"collision_probability":0}
 timestamp= 1619796725000 [RUN] Validate G1 Guard Condition: 
The ego vehicle E Detection.Collision == True.
 timestamp= 1619796725000 [RES] Global Validate result: 
false
 timestamp= 1619796725000 [RUN] Validate G2 Guard Condition: 
The ego vehicle E Detection.OffRoad == True.
 timestamp= 1619796725000 [RES] Global Validate result: 
false
 timestamp= 1619796725000 [RUN] Validate G3 Guard Condition: 
The ego vehicle E Detection.HardBrake == True.
 timestamp= 1619796725000 [RES] Global Validate result: 
false
 timestamp= 1619796725000 [RUN] Validate G4 Guard Condition: 
The ego vehicle E Detection.ArrivalTest == True.
 timestamp= 1619796725000 [RES] Global Validate result: 
false
 timestamp= 1619796725000 [RUN] Validate step: 
The test system VALIDATES THAT the Apollo A Status.GetControl is nearly equal to {"acceleration": 0.29, "throttle": 35.29, "steering_target": -0.0, "brake": 0.0, "steering_rate": 100.0, "speed": 0.0}
 timestamp= 1619796725000 [RES] Validate result: 
true
 timestamp= 1619796725000 [RUN] Generate steps
 timestamp= 1619796725000 [RUN] Validate step: 
The test system VALIDATES THAT the simulator S Status.GetEnvironment is nearly equal to {"x": -321.69, "y": 10.12, "z": 190.17, "rain": 1.0, "fog": 0.0, "wetness": 1.0, "timeofday": 12.0, "signal": -1.0, "rx": 359.83, "ry": 90.87, "rz": 359.96, "speed": 0.0}
 timestamp= 1619796725000 [RES] Validate result: 
true
 timestamp= 1619796725000 [RUN] Execute API step: 
The environment controller C INVOKES API Control.Agents.NPCVehicle.NPCVehicleSwitchLane(which_lane=Current_Lane&which_car=Hatchback).
 timestamp= 1619796730000 [RES] API result: 
{"pose_arr":[{"vx":0,"ay":0.01,"az":9.81,"ax":0,"pz":10.12,"vy":0,"px":552550.94,"py":4182676.21},{"vx":0,"ay":0.01,"az":9.81,"ax":0,"pz":10.12,"vy":0,"px":552550.94,"py":4182676.21},{"vx":0,"ay":0.01,"az":9.81,"ax":0,"pz":10.12,"vy":0,"px":552550.94,"py":4182676.21},{"vx":0,"ay":-0.08,"az":9.8,"ax":0.07,"pz":10.12,"vy":0,"px":552550.94,"py":4182676.21},{"vx":0,"ay":-0.02,"az":9.81,"ax":0,"pz":10.12,"vy":0,"px":552550.94,"py":4182676.21},{"vx":0,"ay":-0.09,"az":9.8,"ax":0.07,"pz":10.12,"vy":0,"px":552550.94,"py":4182676.21},{"vx":0,"ay":0.03,"az":9.81,"ax":0,"pz":10.12,"vy":0,"px":552550.94,"py":4182676.21},{"vx":0,"ay":0.02,"az":9.81,"ax":0,"pz":10.12,"vy":0,"px":552550.94,"py":4182676.21}],"traffic_light":[3,1,3,3,3,1,3,3],"state_arr":[{"acceleration":0.29,"throttle":35.27,"steering_target":0,"brake":0,"steering_rate":100,"speed":0},{"acceleration":0,"throttle":0,"steering_target":0,"brake":50,"steering_rate":0,"speed":0},{"acceleration":0.29,"throttle":35.27,"steering_target":0,"brake":0,"steering_rate":100,"speed":0},{"acceleration":0,"throttle":0,"steering_target":0,"brake":50,"steering_rate":0,"speed":0},{"acceleration":0.37,"throttle":56.34,"steering_target":0,"brake":0,"steering_rate":100,"speed":0},{"acceleration":0,"throttle":0,"steering_target":0,"brake":50,"steering_rate":0,"speed":0},{"acceleration":0.29,"throttle":35.22,"steering_target":0,"brake":0,"steering_rate":100,"speed":0},{"acceleration":0.29,"throttle":35.24,"steering_target":0,"brake":0,"steering_rate":100,"speed":0},{"acceleration":0,"throttle":0,"steering_target":0,"brake":50,"steering_rate":0,"speed":0}],"obstacle_arr":[[{"acceleration":{"y":0,"x":0,"z":0},"position":{"y":4182679.32,"x":552565.24,"z":10.38},"volume":4.25,"type":"VEHICLE","velocity":{"y":0,"x":0,"z":0}},{"acceleration":{"y":0,"x":0,"z":0},"position":{"y":4182676.02,"x":552555.89,"z":10.76},"volume":3.54,"type":"VEHICLE","velocity":{"y":0,"x":0,"z":0}},{"acceleration":{"y":0,"x":0,"z":0},"position":{"y":4182679.18,"x":552557.37,"z":10.39},"volume":6.5,"type":"VEHICLE","velocity":{"y":0,"x":0,"z":0}},{"acceleration":{"y":0,"x":0,"z":0},"position":{"y":4182682.29,"x":552553.4,"z":10.1},"volume":9.69,"type":"VEHICLE","velocity":{"y":0,"x":0,"z":0}},{"acceleration":{"y":0.08,"x":-0.21,"z":0},"position":{"y":4182678.89,"x":552534.61,"z":10.45},"volume":4.3,"type":"VEHICLE","velocity":{"y":0.26,"x":3.64,"z":0}}],[{"acceleration":{"y":0,"x":0,"z":0},"position":{"y":4182679.31,"x":552565.23,"z":10.49},"volume":3.76,"type":"VEHICLE","velocity":{"y":0,"x":0,"z":0}},{"acceleration":{"y":0,"x":0,"z":0},"position":{"y":4182676.02,"x":552555.89,"z":10.76},"volume":3.54,"type":"VEHICLE","velocity":{"y":0,"x":0,"z":0}},{"acceleration":{"y":0,"x":0,"z":0},"position":{"y":4182679.18,"x":552557.36,"z":10.4},"volume":6.48,"type":"VEHICLE","velocity":{"y":0,"x":0,"z":0}},{"acceleration":{"y":0,"x":0,"z":0},"position":{"y":4182682.29,"x":552553.39,"z":10.1},"volume":9.65,"type":"VEHICLE","velocity":{"y":0,"x":0,"z":0}},{"acceleration":{"y":0.15,"x":0.18,"z":0},"position":{"y":4182678.96,"x":552537.49,"z":10.42},"volume":5.36,"type":"VEHICLE","velocity":{"y":0.4,"x":3.69,"z":0}},{"acceleration":{"y":0,"x":0.04,"z":0},"position":{"y":4182675.86,"x":552572.92,"z":10.34},"volume":4.75,"type":"VEHICLE","velocity":{"y":0,"x":0,"z":0}}],[{"acceleration":{"y":0,"x":0,"z":0},"position":{"y":4182679.32,"x":552565.22,"z":10.49},"volume":3.73,"type":"VEHICLE","velocity":{"y":0,"x":0,"z":0}},{"acceleration":{"y":0,"x":0,"z":0},"position":{"y":4182676.02,"x":552555.89,"z":10.76},"volume":3.53,"type":"VEHICLE","velocity":{"y":0,"x":0,"z":0}},{"acceleration":{"y":0,"x":0,"z":0},"position":{"y":4182679.18,"x":552557.35,"z":10.37},"volume":6.61,"type":"VEHICLE","velocity":{"y":0,"x":0,"z":0}},{"acceleration":{"y":0,"x":0,"z":0},"position":{"y":4182682.29,"x":552553.39,"z":10.1},"volume":9.64,"type":"VEHICLE","velocity":{"y":0,"x":0,"z":0}},{"acceleration":{"y":-0.23,"x":0.93,"z":0},"position":{"y":4182679.15,"x":552540.54,"z":10.44},"volume":6.15,"type":"VEHICLE","velocity":{"y":0.08,"x":4.59,"z":0}},{"acceleration":{"y":0,"x":0.02,"z":0},"position":{"y":4182676.46,"x":552576.18,"z":10.34},"volume":2.55,"type":"VEHICLE","velocity":{"y":0,"x":0,"z":0}}],[{"acceleration":{"y":0,"x":0,"z":0},"position":{"y":4182679.33,"x":552565.21,"z":10.49},"volume":3.72,"type":"VEHICLE","velocity":{"y":0,"x":0,"z":0}},{"acceleration":{"y":0,"x":0,"z":0},"position":{"y":4182676.02,"x":552555.89,"z":10.76},"volume":3.54,"type":"VEHICLE","velocity":{"y":0,"x":0,"z":0}},{"acceleration":{"y":0,"x":0,"z":0},"position":{"y":4182679.17,"x":552557.35,"z":10.4},"volume":6.45,"type":"VEHICLE","velocity":{"y":0,"x":0,"z":0}},{"acceleration":{"y":0,"x":0,"z":0},"position":{"y":4182682.29,"x":552553.39,"z":10.1},"volume":9.63,"type":"VEHICLE","velocity":{"y":0,"x":0,"z":0}},{"acceleration":{"y":-0.38,"x":1.17,"z":0},"position":{"y":4182678.92,"x":552543.04,"z":10.4},"volume":6.41,"type":"VEHICLE","velocity":{"y":-0.11,"x":5.06,"z":0}}],[{"acceleration":{"y":0,"x":0,"z":0},"position":{"y":4182679.33,"x":552565.21,"z":10.49},"volume":3.71,"type":"VEHICLE","velocity":{"y":0,"x":0,"z":0}},{"acceleration":{"y":0,"x":0,"z":0},"position":{"y":4182676.03,"x":552555.88,"z":10.76},"volume":3.54,"type":"VEHICLE","velocity":{"y":0,"x":0,"z":0}},{"acceleration":{"y":0,"x":0,"z":0},"position":{"y":4182679.17,"x":552557.34,"z":10.4},"volume":6.44,"type":"VEHICLE","velocity":{"y":0,"x":0,"z":0}},{"acceleration":{"y":0,"x":0,"z":0},"position":{"y":4182682.29,"x":552553.37,"z":10.1},"volume":9.67,"type":"VEHICLE","velocity":{"y":0,"x":0,"z":0}},{"acceleration":{"y":-0.08,"x":0.49,"z":0},"position":{"y":4182679.14,"x":552545.76,"z":10.4},"volume":8,"type":"VEHICLE","velocity":{"y":-0.06,"x":5.16,"z":0}}],[{"acceleration":{"y":0,"x":0,"z":0},"position":{"y":4182679.34,"x":552565.2,"z":10.39},"volume":4.15,"type":"VEHICLE","velocity":{"y":0,"x":0,"z":0}},{"acceleration":{"y":0,"x":0,"z":0},"position":{"y":4182676.02,"x":552555.89,"z":10.76},"volume":3.52,"type":"VEHICLE","velocity":{"y":0,"x":0,"z":0}},{"acceleration":{"y":0,"x":0,"z":0},"position":{"y":4182679.18,"x":552557.33,"z":10.4},"volume":6.41,"type":"VEHICLE","velocity":{"y":0,"x":0,"z":0}},{"acceleration":{"y":0,"x":0,"z":0},"position":{"y":4182682.3,"x":552553.36,"z":10.1},"volume":9.81,"type":"VEHICLE","velocity":{"y":0,"x":0,"z":0}},{"acceleration":{"y":-0.16,"x":-0.94,"z":0},"position":{"y":4182679.08,"x":552548.6,"z":10.4},"volume":7.82,"type":"VEHICLE","velocity":{"y":-0.21,"x":4.17,"z":0}}],[{"acceleration":{"y":0,"x":0,"z":0},"position":{"y":4182679.34,"x":552565.19,"z":10.38},"volume":4.14,"type":"VEHICLE","velocity":{"y":0,"x":0,"z":0}},{"acceleration":{"y":0,"x":0,"z":0},"position":{"y":4182676.02,"x":552555.85,"z":10.76},"volume":3.42,"type":"VEHICLE","velocity":{"y":0,"x":0,"z":0}},{"acceleration":{"y":0,"x":0,"z":0},"position":{"y":4182679.18,"x":552557.33,"z":10.39},"volume":6.39,"type":"VEHICLE","velocity":{"y":0,"x":0,"z":0}},{"acceleration":{"y":0,"x":0,"z":0},"position":{"y":4182682.3,"x":552553.35,"z":10.1},"volume":9.81,"type":"VEHICLE","velocity":{"y":0,"x":0,"z":0}},{"acceleration":{"y":-0.08,"x":-1.63,"z":0},"position":{"y":4182679.07,"x":552549.06,"z":10.4},"volume":7.7,"type":"VEHICLE","velocity":{"y":-0.13,"x":2.88,"z":0}}],[{"acceleration":{"y":0,"x":0,"z":0},"position":{"y":4182679.34,"x":552565.19,"z":10.39},"volume":4.11,"type":"VEHICLE","velocity":{"y":0,"x":0,"z":0}},{"acceleration":{"y":0,"x":0,"z":0},"position":{"y":4182676.02,"x":552555.86,"z":10.76},"volume":3.43,"type":"VEHICLE","velocity":{"y":0,"x":0,"z":0}},{"acceleration":{"y":0,"x":0,"z":0},"position":{"y":4182679.19,"x":552557.32,"z":10.4},"volume":6.39,"type":"VEHICLE","velocity":{"y":0,"x":0,"z":0}},{"acceleration":{"y":0,"x":0,"z":0},"position":{"y":4182682.3,"x":552553.35,"z":10.1},"volume":9.81,"type":"VEHICLE","velocity":{"y":0,"x":0,"z":0}},{"acceleration":{"y":0.17,"x":-4.09,"z":0},"position":{"y":4182679.05,"x":552549.09,"z":10.4},"volume":7.77,"type":"VEHICLE","velocity":{"y":0,"x":0,"z":0}}]],"action_description":"NPC vehicle (Hatchback) switching lane (current to right)","ev_state":[-321.693481445313,10.1247835159302,190.174240112305,1,0,1,12,-1,359.832275390625,90.7844085693359,359.959228515625,0.0011045881415893894],"collision_probability":0}
 timestamp= 1619796730000 [RUN] Validate G1 Guard Condition: 
The ego vehicle E Detection.Collision == True.
 timestamp= 1619796730000 [RES] Global Validate result: 
false
 timestamp= 1619796730000 [RUN] Validate G2 Guard Condition: 
The ego vehicle E Detection.OffRoad == True.
 timestamp= 1619796730000 [RES] Global Validate result: 
true
 timestamp= 1619796730000 [RUN] OffRoad == True
 timestamp= 1619796730000 [RUN] The simulator S INVOKES API Command.Simulation.Stop() to stop simulation.
 timestamp= 1619796730000 [WARNING] The test system Stop the Simulator S!
 timestamp= 1619796730000 [RUN] ABORT.
 timestamp= 1619796730000 [ERROR] The test system Abort!
 timestamp= 1619796730000 [RUN] Validate G3 Guard Condition: 
The ego vehicle E Detection.HardBrake == True.
 timestamp= 1619796730000 [RES] Global Validate result: 
false
 timestamp= 1619796730000 [RUN] Validate G4 Guard Condition: 
The ego vehicle E Detection.ArrivalTest == True.
 timestamp= 1619796730000 [RES] Global Validate result: 
false
 timestamp= 1619796730000 [RES] Basic PostCondition Validate result: 
false
 timestamp= 1619796730000 [STOP] numberOfStep: 34 basicFlow: 
[{"name":"","description":"","eClass":"Sentence","content":"The test system VALIDATES THAT the simulator S Status.GetEnvironment is nearly equal to {\"x\": -440.0, \"y\": 10.12, \"z\": 215.46, \"rain\": 0.0, \"fog\": 0.0, \"wetness\": 0.0, \"timeofday\": 12.0, \"signal\": 1.0, \"rx\": 359.96, \"ry\": 210.19, \"rz\": -0.0, \"speed\": 2.4}","natures":[]},{"name":"","description":"","eClass":"Sentence","content":"The environment controller C INVOKES API Control.Agents.NPCVehicle.NPCVehicleSwitchLane(which_lane=Current_Lane&which_car=Jeep).","natures":[]},{"name":"","description":"","eClass":"Sentence","content":"The test system VALIDATES THAT the Apollo A Status.GetControl is nearly equal to {\"acceleration\": -0.23, \"throttle\": 0.0, \"steering_target\": 13.03, \"brake\": 14.5, \"steering_rate\": 100.0, \"speed\": 3.21}","natures":[]},{"name":"","description":"","eClass":"Sentence","content":"The test system VALIDATES THAT the simulator S Status.GetEnvironment is nearly equal to {\"x\": -445.71, \"y\": 10.12, \"z\": 205.23, \"rain\": 0.0, \"fog\": 0.0, \"wetness\": 0.0, \"timeofday\": 12.0, \"signal\": 1.0, \"rx\": 0.03, \"ry\": 206.76, \"rz\": 359.93, \"speed\": 3.2}","natures":[]},{"name":"","description":"","eClass":"Sentence","content":"The environment controller C INVOKES API Control.Agents.NPCVehicle.NPCVehicleMaintainLane(which_lane=Left_Lane&which_car=Hatchback).","natures":[]},{"name":"","description":"","eClass":"Sentence","content":"The test system VALIDATES THAT the Apollo A Status.GetControl is nearly equal to {\"acceleration\": 0.23, \"throttle\": 15.7, \"steering_target\": 63.79, \"brake\": 0.0, \"steering_rate\": 100.0, \"speed\": 2.48}","natures":[]},{"name":"","description":"","eClass":"Sentence","content":"The test system VALIDATES THAT the simulator S Status.GetEnvironment is nearly equal to {\"x\": -445.54, \"y\": 10.12, \"z\": 193.98, \"rain\": 0.0, \"fog\": 0.0, \"wetness\": 0.0, \"timeofday\": 12.0, \"signal\": 0.0, \"rx\": 0.01, \"ry\": 147.61, \"rz\": 359.74, \"speed\": 2.48}","natures":[]},{"name":"","description":"","eClass":"Sentence","content":"The environment controller C INVOKES API Control.Agents.NPCVehicle.NPCVehicleSwitchLane(which_lane=Current_Lane&which_car=Sedan).","natures":[]},{"name":"","description":"","eClass":"Sentence","content":"The test system VALIDATES THAT the Apollo A Status.GetControl is nearly equal to {\"acceleration\": 1.01, \"throttle\": 15.7, \"steering_target\": 5.12, \"brake\": 0.0, \"steering_rate\": 100.0, \"speed\": 5.68}","natures":[]},{"name":"","description":"","eClass":"Sentence","content":"The test system VALIDATES THAT the simulator S Status.GetEnvironment is nearly equal to {\"x\": -430.33, \"y\": 10.12, \"z\": 189.64, \"rain\": 0.0, \"fog\": 0.0, \"wetness\": 0.0, \"timeofday\": 12.0, \"signal\": -1.0, \"rx\": 359.93, \"ry\": 92.65, \"rz\": 359.88, \"speed\": 5.77}","natures":[]},{"name":"","description":"","eClass":"Sentence","content":"The environment controller C INVOKES API Control.Weather.Wetness(wetness_level=Moderate).","natures":[]},{"name":"","description":"","eClass":"Sentence","content":"The test system VALIDATES THAT the Apollo A Status.GetControl is nearly equal to {\"acceleration\": -0.02, \"throttle\": 0.0, \"steering_target\": 0.38, \"brake\": 14.5, \"steering_rate\": 100.0, \"speed\": 8.23}","natures":[]},{"name":"","description":"","eClass":"Sentence","content":"The test system VALIDATES THAT the simulator S Status.GetEnvironment is nearly equal to {\"x\": -398.88, \"y\": 10.12, \"z\": 189.81, \"rain\": 0.0, \"fog\": 0.0, \"wetness\": 0.5, \"timeofday\": 12.0, \"signal\": -1.0, \"rx\": 0.0, \"ry\": 90.37, \"rz\": 0.21, \"speed\": 8.23}","natures":[]},{"name":"","description":"","eClass":"Sentence","content":"The environment controller C INVOKES API Control.Agents.NPCVehicle.NPCVehicleMaintainLane(which_lane=Right_Lane&which_car=Sedan).","natures":[]},{"name":"","description":"","eClass":"Sentence","content":"The test system VALIDATES THAT the Apollo A Status.GetControl is nearly equal to {\"acceleration\": -0.04, \"throttle\": 0.0, \"steering_target\": -1.75, \"brake\": 14.5, \"steering_rate\": 100.0, \"speed\": 8.77}","natures":[]},{"name":"","description":"","eClass":"Sentence","content":"The test system VALIDATES THAT the simulator S Status.GetEnvironment is nearly equal to {\"x\": -364.26, \"y\": 10.12, \"z\": 190.09, \"rain\": 0.0, \"fog\": 0.0, \"wetness\": 0.5, \"timeofday\": 12.0, \"signal\": 1.0, \"rx\": 0.01, \"ry\": 90.07, \"rz\": 0.1, \"speed\": 8.74}","natures":[]},{"name":"","description":"","eClass":"Sentence","content":"The environment controller C INVOKES API Control.Weather.Fog(fog_level=Light).","natures":[]},{"name":"","description":"","eClass":"Sentence","content":"The test system VALIDATES THAT the Apollo A Status.GetControl is nearly equal to {\"acceleration\": 0.04, \"throttle\": 15.7, \"steering_target\": -2.44, \"brake\": 0.0, \"steering_rate\": 100.0, \"speed\": 8.58}","natures":[]},{"name":"","description":"","eClass":"Sentence","content":"The test system VALIDATES THAT the simulator S Status.GetEnvironment is nearly equal to {\"x\": -328.93, \"y\": 10.12, \"z\": 190.26, \"rain\": 0.0, \"fog\": 0.2, \"wetness\": 0.0, \"timeofday\": 12.0, \"signal\": 0.0, \"rx\": -0.0, \"ry\": 89.72, \"rz\": 0.05, \"speed\": 8.58}","natures":[]},{"name":"","description":"","eClass":"Sentence","content":"The environment controller C INVOKES API Control.Agents.NPCVehicle.NPCVehicleMaintainLane(which_lane=Current_Lane&which_car=Hatchback).","natures":[]},{"name":"","description":"","eClass":"Sentence","content":"The test system VALIDATES THAT the Apollo A Status.GetControl is nearly equal to {\"acceleration\": 0.3, \"throttle\": 35.72, \"steering_target\": -0.0, \"brake\": 0.0, \"steering_rate\": 100.0, \"speed\": 0.0}","natures":[]},{"name":"","description":"","eClass":"Sentence","content":"The test system VALIDATES THAT the simulator S Status.GetEnvironment is nearly equal to {\"x\": -321.69, \"y\": 10.12, \"z\": 190.17, \"rain\": 0.0, \"fog\": 0.2, \"wetness\": 0.0, \"timeofday\": 12.0, \"signal\": -1.0, \"rx\": 359.83, \"ry\": 91.18, \"rz\": 359.95, \"speed\": 0.0}","natures":[]},{"name":"","description":"","eClass":"Sentence","content":"The environment controller C INVOKES API Control.Agents.NPCVehicle.NPCVehicleMaintainLane(which_lane=Left_Lane&which_car=Hatchback).","natures":[]},{"name":"","description":"","eClass":"Sentence","content":"The test system VALIDATES THAT the Apollo A Status.GetControl is nearly equal to {\"acceleration\": 0.3, \"throttle\": 35.53, \"steering_target\": -0.0, \"brake\": 0.0, \"steering_rate\": 100.0, \"speed\": 0.0}","natures":[]},{"name":"","description":"","eClass":"Sentence","content":"The test system VALIDATES THAT the simulator S Status.GetEnvironment is nearly equal to {\"x\": -321.69, \"y\": 10.12, \"z\": 190.17, \"rain\": 0.0, \"fog\": 0.2, \"wetness\": 0.0, \"timeofday\": 12.0, \"signal\": -1.0, \"rx\": 359.83, \"ry\": 91.07, \"rz\": 359.95, \"speed\": 0.0}","natures":[]},{"name":"","description":"","eClass":"Sentence","content":"The environment controller C INVOKES API Control.Agents.NPCVehicle.NPCVehicleSwitchLane(which_lane=Left_Lane&which_car=Sedan).","natures":[]},{"name":"","description":"","eClass":"Sentence","content":"The test system VALIDATES THAT the Apollo A Status.GetControl is nearly equal to {\"acceleration\": 0.3, \"throttle\": 35.42, \"steering_target\": -0.0, \"brake\": 0.0, \"steering_rate\": 100.0, \"speed\": 0.0}","natures":[]},{"name":"","description":"","eClass":"Sentence","content":"The test system VALIDATES THAT the simulator S Status.GetEnvironment is nearly equal to {\"x\": -321.69, \"y\": 10.12, \"z\": 190.17, \"rain\": 0.0, \"fog\": 0.2, \"wetness\": 0.0, \"timeofday\": 12.0, \"signal\": -1.0, \"rx\": 359.83, \"ry\": 90.98, \"rz\": 359.96, \"speed\": 0.0}","natures":[]},{"name":"","description":"","eClass":"Sentence","content":"The environment controller C INVOKES API Control.Weather.Rain(rain_level=Heavy).","natures":[]},{"name":"","description":"","eClass":"Sentence","content":"The test system VALIDATES THAT the Apollo A Status.GetControl is nearly equal to {\"acceleration\": 0.29, \"throttle\": 35.29, \"steering_target\": -0.0, \"brake\": 0.0, \"steering_rate\": 100.0, \"speed\": 0.0}","natures":[]},{"name":"","description":"","eClass":"Sentence","content":"The test system VALIDATES THAT the simulator S Status.GetEnvironment is nearly equal to {\"x\": -321.69, \"y\": 10.12, \"z\": 190.17, \"rain\": 1.0, \"fog\": 0.0, \"wetness\": 1.0, \"timeofday\": 12.0, \"signal\": -1.0, \"rx\": 359.83, \"ry\": 90.87, \"rz\": 359.96, \"speed\": 0.0}","natures":[]},{"name":"","description":"","eClass":"Sentence","content":"The environment controller C INVOKES API Control.Agents.NPCVehicle.NPCVehicleSwitchLane(which_lane=Current_Lane&which_car=Hatchback).","natures":[]},{"name":"","description":"","eClass":"Sentence","content":"The test system VALIDATES THAT the Apollo A Status.GetControl is nearly equal to {\"acceleration\": 0.0, \"throttle\": 0.0, \"steering_target\": 0.0, \"brake\": 50.0, \"steering_rate\": 0.0, \"speed\": 0.0}","natures":[]},{"name":"","description":"","eClass":"Sentence","content":"","natures":[]}]
