 timestamp= 1619778912000 [START] Now Run TCS Maintain Lane On Road1 Mode: dynamic Roadnum: 1 Second: 4
 timestamp= 1619778912000 [SUCCESS] TCS Check Success 
 timestamp= 1619778915000 [RUN] Run BasicFlow
 timestamp= 1619778915000 [RUN] Generate steps
 timestamp= 1619778915000 [RUN] Validate step: 
The test system VALIDATES THAT the simulator S Status.GetEnvironment is nearly equal to {"x": 214.44, "y": 10.12, "z": 201.59, "rain": 0.0, "fog": 0.0, "wetness": 0.0, "timeofday": 12.0, "signal": -1.0, "rx": 359.89, "ry": 266.62, "rz": 0.02, "speed": 3.61}
 timestamp= 1619778915000 [RES] Validate result: 
true
 timestamp= 1619778915000 [RUN] Execute API step: 
The environment controller C INVOKES API Control.Weather.Wetness(wetness_level=Light).
 timestamp= 1619778918000 [RES] API result: 
{"pose_arr":[{"vx":-0.19,"ay":0.92,"az":9.83,"ax":-0.07,"pz":10.12,"vy":-0.19,"px":553089.81,"py":4182687.69},{"vx":-0.21,"ay":3.67,"az":9.81,"ax":-0.16,"pz":10.12,"vy":-0.21,"px":553087.46,"py":4182687.56},{"vx":-0.18,"ay":0.46,"az":9.81,"ax":-0.02,"pz":10.12,"vy":-0.18,"px":553084.07,"py":4182687.42},{"vx":-0.13,"ay":0.58,"az":9.81,"ax":-0.01,"pz":10.12,"vy":-0.13,"px":553079.81,"py":4182687.28},{"vx":-0.07,"ay":0.25,"az":9.81,"ax":-0.01,"pz":10.12,"vy":-0.07,"px":553075.77,"py":4182687.2},{"vx":-0.05,"ay":0.52,"az":9.81,"ax":0.03,"pz":10.12,"vy":-0.05,"px":553071.4,"py":4182687.15}],"traffic_light":[3,3,3,3,3],"state_arr":[{"acceleration":1.39,"throttle":33.72,"steering_target":-1.97,"brake":0,"steering_rate":100,"speed":3.56},{"acceleration":0.52,"throttle":19.33,"steering_target":-1.49,"brake":0,"steering_rate":100,"speed":4.94},{"acceleration":0.61,"throttle":20.91,"steering_target":-1.09,"brake":0,"steering_rate":100,"speed":5.26},{"acceleration":0.6,"throttle":20.82,"steering_target":-1.19,"brake":0,"steering_rate":100,"speed":5.64},{"acceleration":1.13,"throttle":15.7,"steering_target":-0.65,"brake":0,"steering_rate":100,"speed":5.84},{"acceleration":0.85,"throttle":24.28,"steering_target":-0.52,"brake":0,"steering_rate":100,"speed":6.14},{"acceleration":0.75,"throttle":22.29,"steering_target":-0.49,"brake":0,"steering_rate":100,"speed":6.49}],"obstacle_arr":[[],[],[],[],[],[],[]],"action_description":"Light wetness","ev_state":[192.322311401367,10.1241998672485,201.102828979492,0,0,0.200000002980232,12,-1,359.970764160156,269.862915039063,0.020292853936553,6.492922329973495],"collision_probability":0}
 timestamp= 1619778918000 [RUN] Validate G1 Guard Condition: 
The ego vehicle E Detection.Collision == True.
 timestamp= 1619778918000 [RES] Global Validate result: 
false
 timestamp= 1619778918000 [RUN] Validate G2 Guard Condition: 
The ego vehicle E Detection.OffRoad == True.
 timestamp= 1619778918000 [RES] Global Validate result: 
false
 timestamp= 1619778918000 [RUN] Validate G3 Guard Condition: 
The ego vehicle E Detection.HardBrake == True.
 timestamp= 1619778918000 [RES] Global Validate result: 
false
 timestamp= 1619778918000 [RUN] Validate G4 Guard Condition: 
The ego vehicle E Detection.ArrivalTest == True.
 timestamp= 1619778918000 [RES] Global Validate result: 
false
 timestamp= 1619778918000 [RUN] Validate step: 
The test system VALIDATES THAT the Apollo A Status.GetControl is nearly equal to {"acceleration": 0.75, "throttle": 22.29, "steering_target": -0.49, "brake": 0.0, "steering_rate": 100.0, "speed": 6.49}
 timestamp= 1619778918000 [RES] Validate result: 
true
 timestamp= 1619778918000 [RUN] Generate steps
 timestamp= 1619778918000 [RUN] Validate step: 
The test system VALIDATES THAT the simulator S Status.GetEnvironment is nearly equal to {"x": 192.32, "y": 10.12, "z": 201.1, "rain": 0.0, "fog": 0.0, "wetness": 0.2, "timeofday": 12.0, "signal": -1.0, "rx": 359.97, "ry": 269.86, "rz": 0.02, "speed": 6.49}
 timestamp= 1619778918000 [RES] Validate result: 
true
 timestamp= 1619778918000 [RUN] Execute API step: 
The environment controller C INVOKES API Control.Agents.NPCVehicle.NPCVehicleSwitchLane(which_lane=Current_Lane&which_car=SUV).
 timestamp= 1619778922000 [RES] API result: 
{"pose_arr":[{"vx":0,"ay":0,"az":9.81,"ax":0,"pz":10.12,"vy":0,"px":553067.65,"py":4182687.13},{"vx":0,"ay":0.71,"az":9.82,"ax":0,"pz":10.12,"vy":0,"px":553064.23,"py":4182687.12},{"vx":0.02,"ay":-0.68,"az":9.84,"ax":0,"pz":10.12,"vy":0.02,"px":553059.55,"py":4182687.13},{"vx":0.02,"ay":-2.78,"az":9.83,"ax":-0.01,"pz":10.13,"vy":0.02,"px":553055.11,"py":4182687.14},{"vx":0.01,"ay":0,"az":9.81,"ax":0,"pz":10.13,"vy":0.01,"px":553052.41,"py":4182687.15},{"vx":0,"ay":-2.21,"az":9.81,"ax":-0.01,"pz":10.13,"vy":0,"px":553050.57,"py":4182687.16},{"vx":0,"ay":-1.32,"az":9.81,"ax":0,"pz":10.13,"vy":0,"px":553050.15,"py":4182687.16}],"traffic_light":[3,3,3,3,2],"state_arr":[{"acceleration":1.24,"throttle":19.89,"steering_target":-0.2,"brake":0,"steering_rate":100,"speed":6.58},{"acceleration":-0.14,"throttle":0,"steering_target":-0.3,"brake":14.5,"steering_rate":100,"speed":7.02},{"acceleration":-2.27,"throttle":0,"steering_target":0.08,"brake":30.71,"steering_rate":100,"speed":6.5},{"acceleration":-3.64,"throttle":0,"steering_target":0.02,"brake":44.59,"steering_rate":100,"speed":5.2},{"acceleration":-3.3,"throttle":0,"steering_target":0,"brake":42.19,"steering_rate":100,"speed":3.46},{"acceleration":-2.01,"throttle":0,"steering_target":-0.04,"brake":31.78,"steering_rate":100,"speed":1.24},{"acceleration":-1.04,"throttle":0,"steering_target":0.02,"brake":22.41,"steering_rate":100,"speed":0.23}],"obstacle_arr":[[],[{"acceleration":{"y":0,"x":-0.03,"z":0},"position":{"y":4182687.29,"x":553048.06,"z":10.58},"volume":3.81,"type":"VEHICLE","velocity":{"y":0,"x":0,"z":0}}],[{"acceleration":{"y":-0.22,"x":-1.42,"z":0},"position":{"y":4182686.87,"x":553043.94,"z":10.39},"volume":7.87,"type":"VEHICLE","velocity":{"y":-0.21,"x":-1.22,"z":0}}],[{"acceleration":{"y":-0.28,"x":-1.22,"z":0},"position":{"y":4182686.62,"x":553042.18,"z":10.45},"volume":4.28,"type":"VEHICLE","velocity":{"y":-0.34,"x":-1.98,"z":0}}],[{"acceleration":{"y":-0.32,"x":-2.2,"z":0},"position":{"y":4182686.31,"x":553038.98,"z":10.6},"volume":1.49,"type":"VEHICLE","velocity":{"y":-0.48,"x":-3.37,"z":0}}],[{"acceleration":{"y":-0.24,"x":-2.61,"z":0},"position":{"y":4182685.43,"x":553032.79,"z":10.79},"volume":4.75,"type":"VEHICLE","velocity":{"y":-0.53,"x":-5.61,"z":0}}]],"action_description":"NPC vehicle (SUV) switching lane (current to right)","ev_state":[174.803512573242,10.1248636245728,201.144638061523,0,0,0.200000002980232,12,0,0.0879277661442757,270.2080078125,0.00000886791622178862,0.13410734064102897],"collision_probability":0}
 timestamp= 1619778922000 [RUN] Validate G1 Guard Condition: 
The ego vehicle E Detection.Collision == True.
 timestamp= 1619778922000 [RES] Global Validate result: 
false
 timestamp= 1619778922000 [RUN] Validate G2 Guard Condition: 
The ego vehicle E Detection.OffRoad == True.
 timestamp= 1619778922000 [RES] Global Validate result: 
false
 timestamp= 1619778922000 [RUN] Validate G3 Guard Condition: 
The ego vehicle E Detection.HardBrake == True.
 timestamp= 1619778922000 [RES] Global Validate result: 
true
 timestamp= 1619778922000 [RUN] HardBrake == True
 timestamp= 1619778922000 [RUN] RESUME STEP @preStep
 timestamp= 1619778922000 [RUN] Resume step basicflow4
 timestamp= 1619778922000 [RUN] Validate G4 Guard Condition: 
The ego vehicle E Detection.ArrivalTest == True.
 timestamp= 1619778922000 [RES] Global Validate result: 
false
 timestamp= 1619778922000 [RUN] Validate step: 
The test system VALIDATES THAT the Apollo A Status.GetControl is nearly equal to {"acceleration": -1.04, "throttle": 0.0, "steering_target": 0.02, "brake": 22.41, "steering_rate": 100.0, "speed": 0.23}
 timestamp= 1619778922000 [RES] Validate result: 
true
 timestamp= 1619778922000 [RUN] Generate steps
 timestamp= 1619778922000 [RUN] Validate step: 
The test system VALIDATES THAT the simulator S Status.GetEnvironment is nearly equal to {"x": 174.8, "y": 10.12, "z": 201.14, "rain": 0.0, "fog": 0.0, "wetness": 0.2, "timeofday": 12.0, "signal": 0.0, "rx": 0.09, "ry": 270.21, "rz": 0.0, "speed": 0.13}
 timestamp= 1619778922000 [RES] Validate result: 
true
 timestamp= 1619778922000 [RUN] Execute API step: 
The environment controller C INVOKES API Control.Weather.Fog(fog_level=Heavy).
 timestamp= 1619778925000 [RES] API result: 
{"pose_arr":[{"vx":0,"ay":0,"az":9.81,"ax":0,"pz":10.13,"vy":0,"px":553050.12,"py":4182687.16},{"vx":0.01,"ay":4.31,"az":9.8,"ax":0.01,"pz":10.12,"vy":0.01,"px":553049.75,"py":4182687.16},{"vx":0.01,"ay":0,"az":9.81,"ax":0,"pz":10.12,"vy":0.01,"px":553048.74,"py":4182687.16},{"vx":0.01,"ay":4.14,"az":9.78,"ax":0.01,"pz":10.12,"vy":0.01,"px":553046.68,"py":4182687.17},{"vx":0.01,"ay":0.27,"az":9.81,"ax":0,"pz":10.12,"vy":0.01,"px":553044.33,"py":4182687.18},{"vx":0,"ay":0.27,"az":9.82,"ax":0,"pz":10.12,"vy":0,"px":553041.71,"py":4182687.18}],"traffic_light":[2,2,2,3,3,1],"state_arr":[{"acceleration":-0.22,"throttle":0,"steering_target":0.02,"brake":57.33,"steering_rate":100,"speed":0.05},{"acceleration":0.58,"throttle":82.15,"steering_target":0.02,"brake":0,"steering_rate":100,"speed":0.25},{"acceleration":-0.4,"throttle":0,"steering_target":0.01,"brake":14.5,"steering_rate":100,"speed":2.15},{"acceleration":-0.34,"throttle":0,"steering_target":0.09,"brake":14.5,"steering_rate":100,"speed":2.37},{"acceleration":-0.32,"throttle":0,"steering_target":0.11,"brake":14.5,"steering_rate":100,"speed":4.01},{"acceleration":0.83,"throttle":30.4,"steering_target":0.13,"brake":0,"steering_rate":100,"speed":3.96},{"acceleration":0.46,"throttle":15.7,"steering_target":0.19,"brake":0,"steering_rate":100,"speed":4.4}],"obstacle_arr":[[{"acceleration":{"y":-0.1,"x":-2.06,"z":0},"position":{"y":4182685.47,"x":553031.35,"z":10.49},"volume":2.09,"type":"VEHICLE","velocity":{"y":-0.58,"x":-6.62,"z":0}}],[{"acceleration":{"y":-0.1,"x":-1.11,"z":0},"position":{"y":4182684.84,"x":553028.07,"z":10.65},"volume":2.36,"type":"VEHICLE","velocity":{"y":-0.67,"x":-7.83,"z":0}}],[{"acceleration":{"y":0.12,"x":0.1,"z":0},"position":{"y":4182684.46,"x":553025.97,"z":10.53},"volume":0.56,"type":"VEHICLE","velocity":{"y":-0.65,"x":-8.1,"z":0}}],[{"acceleration":{"y":0,"x":0,"z":0},"position":{"y":4182672.51,"x":553090.27,"z":10.81},"volume":9.57,"type":"VEHICLE","velocity":{"y":0,"x":0,"z":0}}],[],[]],"action_description":"Heavy fog","ev_state":[164.470413208008,10.1245412826538,201.167266845703,0,1,0,12,-1,0.0174924824386835,270.040893554688,-0.00206737127155066,4.253347004564846],"collision_probability":0}
 timestamp= 1619778925000 [RUN] Validate G1 Guard Condition: 
The ego vehicle E Detection.Collision == True.
 timestamp= 1619778925000 [RES] Global Validate result: 
false
 timestamp= 1619778925000 [RUN] Validate G2 Guard Condition: 
The ego vehicle E Detection.OffRoad == True.
 timestamp= 1619778925000 [RES] Global Validate result: 
false
 timestamp= 1619778925000 [RUN] Validate G3 Guard Condition: 
The ego vehicle E Detection.HardBrake == True.
 timestamp= 1619778925000 [RES] Global Validate result: 
false
 timestamp= 1619778925000 [RUN] Validate G4 Guard Condition: 
The ego vehicle E Detection.ArrivalTest == True.
 timestamp= 1619778925000 [RES] Global Validate result: 
false
 timestamp= 1619778925000 [RUN] Validate step: 
The test system VALIDATES THAT the Apollo A Status.GetControl is nearly equal to {"acceleration": 0.46, "throttle": 15.7, "steering_target": 0.19, "brake": 0.0, "steering_rate": 100.0, "speed": 4.4}
 timestamp= 1619778925000 [RES] Validate result: 
true
 timestamp= 1619778925000 [RUN] Generate steps
 timestamp= 1619778925000 [RUN] Validate step: 
The test system VALIDATES THAT the simulator S Status.GetEnvironment is nearly equal to {"x": 164.47, "y": 10.12, "z": 201.17, "rain": 0.0, "fog": 1.0, "wetness": 0.0, "timeofday": 12.0, "signal": -1.0, "rx": 0.02, "ry": 270.04, "rz": -0.0, "speed": 4.25}
 timestamp= 1619778925000 [RES] Validate result: 
true
 timestamp= 1619778925000 [RUN] Execute API step: 
The environment controller C INVOKES API Control.Weather.Fog(fog_level=Light).
 timestamp= 1619778929000 [RES] API result: 
{"pose_arr":[{"vx":0,"ay":0.69,"az":9.81,"ax":0,"pz":10.12,"vy":0,"px":553039.72,"py":4182687.19},{"vx":-0.01,"ay":1.99,"az":9.79,"ax":0,"pz":10.12,"vy":-0.01,"px":553036.73,"py":4182687.19},{"vx":-0.01,"ay":-1.22,"az":9.82,"ax":0,"pz":10.13,"vy":-0.01,"px":553033.15,"py":4182687.18},{"vx":-0.01,"ay":-0.52,"az":9.81,"ax":0,"pz":10.13,"vy":-0.01,"px":553030.63,"py":4182687.18},{"vx":-0.01,"ay":0.68,"az":9.81,"ax":0,"pz":10.12,"vy":-0.01,"px":553027.44,"py":4182687.17},{"vx":-0.01,"ay":0.27,"az":9.81,"ax":0,"pz":10.12,"vy":-0.01,"px":553024.23,"py":4182687.16}],"traffic_light":[1,1,3,3,3],"state_arr":[{"acceleration":0.58,"throttle":20.4,"steering_target":0.23,"brake":0,"steering_rate":100,"speed":4.2},{"acceleration":-1.06,"throttle":0,"steering_target":0.11,"brake":20.92,"steering_rate":100,"speed":5.08},{"acceleration":-1.72,"throttle":0,"steering_target":0.08,"brake":28.57,"steering_rate":100,"speed":4.62},{"acceleration":-0.13,"throttle":0,"steering_target":0.1,"brake":14.5,"steering_rate":100,"speed":4.08},{"acceleration":0.86,"throttle":24.82,"steering_target":0,"brake":0,"steering_rate":100,"speed":4.12},{"acceleration":0.86,"throttle":20.54,"steering_target":0.01,"brake":0,"steering_rate":100,"speed":4.41},{"acceleration":0.4,"throttle":17.02,"steering_target":-0.07,"brake":0,"steering_rate":100,"speed":4.8}],"obstacle_arr":[[],[],[],[],[],[{"acceleration":{"y":0,"x":0,"z":0},"position":{"y":4182667.01,"x":553002.65,"z":10.48},"volume":4.2,"type":"VEHICLE","velocity":{"y":0,"x":0,"z":0}}]],"action_description":"Light fog","ev_state":[146.645309448242,10.1244678497314,201.129241943359,0,0.200000002980232,0,12,-1,359.972473144531,269.837829589844,0.000809043121989816,4.803250594476551],"collision_probability":0}
 timestamp= 1619778929000 [RUN] Validate G1 Guard Condition: 
The ego vehicle E Detection.Collision == True.
 timestamp= 1619778929000 [RES] Global Validate result: 
false
 timestamp= 1619778929000 [RUN] Validate G2 Guard Condition: 
The ego vehicle E Detection.OffRoad == True.
 timestamp= 1619778929000 [RES] Global Validate result: 
false
 timestamp= 1619778929000 [RUN] Validate G3 Guard Condition: 
The ego vehicle E Detection.HardBrake == True.
 timestamp= 1619778929000 [RES] Global Validate result: 
false
 timestamp= 1619778929000 [RUN] Validate G4 Guard Condition: 
The ego vehicle E Detection.ArrivalTest == True.
 timestamp= 1619778929000 [RES] Global Validate result: 
false
 timestamp= 1619778929000 [RUN] Validate step: 
The test system VALIDATES THAT the Apollo A Status.GetControl is nearly equal to {"acceleration": 0.4, "throttle": 17.02, "steering_target": -0.07, "brake": 0.0, "steering_rate": 100.0, "speed": 4.8}
 timestamp= 1619778929000 [RES] Validate result: 
true
 timestamp= 1619778929000 [RUN] Generate steps
 timestamp= 1619778929000 [RUN] Validate step: 
The test system VALIDATES THAT the simulator S Status.GetEnvironment is nearly equal to {"x": 146.65, "y": 10.12, "z": 201.13, "rain": 0.0, "fog": 0.2, "wetness": 0.0, "timeofday": 12.0, "signal": -1.0, "rx": 359.97, "ry": 269.84, "rz": 0.0, "speed": 4.8}
 timestamp= 1619778929000 [RES] Validate result: 
true
 timestamp= 1619778929000 [RUN] Execute API step: 
The environment controller C INVOKES API Control.Weather.Rain(rain_level=Moderate).
 timestamp= 1619778932000 [RES] API result: 
{"pose_arr":[{"vx":-0.01,"ay":0,"az":9.81,"ax":0,"pz":10.12,"vy":-0.01,"px":553021.98,"py":4182687.15},{"vx":-0.01,"ay":0.26,"az":9.81,"ax":0,"pz":10.12,"vy":-0.01,"px":553018.57,"py":4182687.14},{"vx":0,"ay":0.32,"az":9.81,"ax":0,"pz":10.12,"vy":0,"px":553015.13,"py":4182687.14},{"vx":0.05,"ay":0,"az":9.81,"ax":0,"pz":10.12,"vy":0.05,"px":553011.79,"py":4182687.15},{"vx":0.66,"ay":0.25,"az":9.8,"ax":0.04,"pz":10.12,"vy":0.66,"px":553007.32,"py":4182687.28},{"vx":1.52,"ay":-0.64,"az":9.82,"ax":0.04,"pz":10.12,"vy":1.52,"px":553003.91,"py":4182687.82}],"traffic_light":[3,1,0,0,0,0],"state_arr":[{"acceleration":0.65,"throttle":15.7,"steering_target":-0.12,"brake":0,"steering_rate":100,"speed":4.89},{"acceleration":0.36,"throttle":16.32,"steering_target":-0.23,"brake":0,"steering_rate":100,"speed":5.09},{"acceleration":0.11,"throttle":15.7,"steering_target":-0.58,"brake":0,"steering_rate":100,"speed":5.25},{"acceleration":0.03,"throttle":15.7,"steering_target":-4.31,"brake":0,"steering_rate":100,"speed":5.38},{"acceleration":0.03,"throttle":15.7,"steering_target":-17.32,"brake":0,"steering_rate":100,"speed":5.22},{"acceleration":-0.1,"throttle":0,"steering_target":-21.99,"brake":14.5,"steering_rate":100,"speed":5.1},{"acceleration":0.59,"throttle":15.7,"steering_target":-25.35,"brake":0,"steering_rate":100,"speed":4.97}],"obstacle_arr":[[],[],[],[{"acceleration":{"y":0,"x":0,"z":0},"position":{"y":4182666.81,"x":553002.63,"z":10.56},"volume":8.75,"type":"VEHICLE","velocity":{"y":0,"x":0,"z":0}}],[{"acceleration":{"y":0,"x":0,"z":0},"position":{"y":4182691.82,"x":553011.9,"z":10.57},"volume":1.32,"type":"PEDESTRIAN","velocity":{"y":0,"x":0,"z":0}}],[{"acceleration":{"y":0,"x":0,"z":0},"position":{"y":4182666.82,"x":553002.65,"z":11.07},"volume":2.59,"type":"VEHICLE","velocity":{"y":0,"x":0,"z":0}}],[{"acceleration":{"y":0,"x":0,"z":0},"position":{"y":4182666.89,"x":553001.77,"z":11.07},"volume":4.7,"type":"VEHICLE","velocity":{"y":0,"x":0,"z":0}}]],"action_description":"Moderate rain","ev_state":[126.393684387207,10.1244173049927,202.985305786133,0.5,0,0.5,12,-1,0.015729658305645,291.141204833984,0.33370715379715,4.974796176250787],"collision_probability":0}
 timestamp= 1619778932000 [RUN] Validate G1 Guard Condition: 
The ego vehicle E Detection.Collision == True.
 timestamp= 1619778932000 [RES] Global Validate result: 
false
 timestamp= 1619778932000 [RUN] Validate G2 Guard Condition: 
The ego vehicle E Detection.OffRoad == True.
 timestamp= 1619778932000 [RES] Global Validate result: 
false
 timestamp= 1619778932000 [RUN] Validate G3 Guard Condition: 
The ego vehicle E Detection.HardBrake == True.
 timestamp= 1619778932000 [RES] Global Validate result: 
false
 timestamp= 1619778932000 [RUN] Validate G4 Guard Condition: 
The ego vehicle E Detection.ArrivalTest == True.
 timestamp= 1619778932000 [RES] Global Validate result: 
false
 timestamp= 1619778932000 [RUN] Validate step: 
The test system VALIDATES THAT the Apollo A Status.GetControl is nearly equal to {"acceleration": 0.59, "throttle": 15.7, "steering_target": -25.35, "brake": 0.0, "steering_rate": 100.0, "speed": 4.97}
 timestamp= 1619778932000 [RES] Validate result: 
true
 timestamp= 1619778932000 [RUN] Generate steps
 timestamp= 1619778932000 [RUN] Validate step: 
The test system VALIDATES THAT the simulator S Status.GetEnvironment is nearly equal to {"x": 126.39, "y": 10.12, "z": 202.99, "rain": 0.5, "fog": 0.0, "wetness": 0.5, "timeofday": 12.0, "signal": -1.0, "rx": 0.02, "ry": 291.14, "rz": 0.33, "speed": 4.97}
 timestamp= 1619778932000 [RES] Validate result: 
true
 timestamp= 1619778932000 [RUN] Execute API step: 
The environment controller C INVOKES API Control.Agents.NPCVehicle.NPCVehicleMaintainLane(which_lane=Current_Lane&which_car=SUV).
 timestamp= 1619778936000 [RES] API result: 
{"pose_arr":[{"vx":2.03,"ay":-0.47,"az":9.82,"ax":-0.32,"pz":10.12,"vy":2.03,"px":553001.73,"py":4182688.48},{"vx":3.74,"ay":0.77,"az":9.88,"ax":-0.57,"pz":10.12,"vy":3.74,"px":552998.9,"py":4182689.82},{"vx":3.63,"ay":-1.14,"az":9.82,"ax":-0.8,"pz":10.13,"vy":3.63,"px":552994.72,"py":4182692.56},{"vx":2.15,"ay":-5.81,"az":9.77,"ax":-5.83,"pz":10.12,"vy":2.15,"px":552991.99,"py":4182694.6},{"vx":0,"ay":0.02,"az":9.82,"ax":-0.01,"pz":10.11,"vy":0,"px":552991.59,"py":4182694.96},{"vx":0,"ay":0,"az":9.81,"ax":0,"pz":10.11,"vy":0,"px":552991.59,"py":4182694.97},{"vx":0,"ay":0.09,"az":9.83,"ax":-0.06,"pz":10.11,"vy":0,"px":552991.6,"py":4182694.97}],"traffic_light":[0,0,0,0,0,0],"state_arr":[{"acceleration":0.54,"throttle":15.7,"steering_target":-17.22,"brake":0,"steering_rate":100,"speed":6.51},{"acceleration":-1.34,"throttle":0,"steering_target":-5.56,"brake":23.23,"steering_rate":100,"speed":6.58},{"acceleration":-3.23,"throttle":0,"steering_target":-10.21,"brake":40.7,"steering_rate":100,"speed":5.88},{"acceleration":-2.75,"throttle":0,"steering_target":0.26,"brake":38.23,"steering_rate":100,"speed":1.19},{"acceleration":-1.45,"throttle":0,"steering_target":-4.12,"brake":69.21,"steering_rate":100,"speed":0},{"acceleration":-0.73,"throttle":0,"steering_target":-4.12,"brake":41.95,"steering_rate":100,"speed":0},{"acceleration":-0.07,"throttle":0,"steering_target":-4.12,"brake":48.6,"steering_rate":100,"speed":0}],"obstacle_arr":[[],[{"acceleration":{"y":0,"x":0,"z":0},"position":{"y":4182692.62,"x":552991.76,"z":10.41},"volume":9.08,"type":"VEHICLE","velocity":{"y":0,"x":0,"z":0}}],[{"acceleration":{"y":0,"x":0,"z":0},"position":{"y":4182694.48,"x":552989.82,"z":10.47},"volume":9.52,"type":"VEHICLE","velocity":{"y":0,"x":0,"z":0}}],[{"acceleration":{"y":1.9,"x":-1.63,"z":0},"position":{"y":4182695.86,"x":552988.37,"z":10.62},"volume":7.9,"type":"VEHICLE","velocity":{"y":1.01,"x":-0.81,"z":0}}],[{"acceleration":{"y":-0.58,"x":0.59,"z":0},"position":{"y":4182695.93,"x":552988.32,"z":10.48},"volume":8.63,"type":"VEHICLE","velocity":{"y":0.43,"x":-0.3,"z":0}}],[{"acceleration":{"y":-0.75,"x":0.56,"z":0},"position":{"y":4182695.97,"x":552988.29,"z":10.55},"volume":8.7,"type":"VEHICLE","velocity":{"y":0,"x":0,"z":0}}]],"action_description":"NPC vehicle (SUV) driving on the current lane","ev_state":[116.584869384766,10.1242160797119,209.819580078125,0.5,0,0.5,12,-1,359.530792236328,310.402740478516,358.461273193359,0.0009723064644310102],"collision_probability":1}
 timestamp= 1619778936000 [RUN] Validate G1 Guard Condition: 
The ego vehicle E Detection.Collision == True.
 timestamp= 1619778936000 [RES] Global Validate result: 
true
 timestamp= 1619778936000 [RUN] Collision == True
 timestamp= 1619778936000 [RUN] Validate G2 Guard Condition: 
The ego vehicle E Detection.OffRoad == True.
 timestamp= 1619778936000 [RES] Global Validate result: 
false
 timestamp= 1619778936000 [RUN] Validate G3 Guard Condition: 
The ego vehicle E Detection.HardBrake == True.
 timestamp= 1619778936000 [RES] Global Validate result: 
true
 timestamp= 1619778936000 [RUN] HardBrake == True
 timestamp= 1619778936000 [RUN] RESUME STEP @preStep
 timestamp= 1619778936000 [RUN] Resume step basicflow16
 timestamp= 1619778936000 [RUN] Validate G4 Guard Condition: 
The ego vehicle E Detection.ArrivalTest == True.
 timestamp= 1619778936000 [RES] Global Validate result: 
false
 timestamp= 1619778936000 [RUN] Validate step: 
The test system VALIDATES THAT the Apollo A Status.GetControl is nearly equal to {"acceleration": -0.07, "throttle": 0.0, "steering_target": -4.12, "brake": 48.6, "steering_rate": 100.0, "speed": 0.0}
 timestamp= 1619778936000 [RES] Validate result: 
true
 timestamp= 1619778936000 [RUN] Generate steps
 timestamp= 1619778936000 [RUN] Validate step: 
The test system VALIDATES THAT the simulator S Status.GetEnvironment is nearly equal to {"x": 116.58, "y": 10.12, "z": 209.82, "rain": 0.5, "fog": 0.0, "wetness": 0.5, "timeofday": 12.0, "signal": -1.0, "rx": 359.53, "ry": 310.4, "rz": 358.46, "speed": 0.0}
 timestamp= 1619778936000 [RES] Validate result: 
true
 timestamp= 1619778936000 [RUN] Execute API step: 
The environment controller C INVOKES API Control.Agents.NPCVehicle.NPCVehicleMaintainLane(which_lane=Right_Lane&which_car=Jeep).
 timestamp= 1619778939000 [RES] API result: 
{"pose_arr":[{"vx":0,"ay":0.11,"az":9.79,"ax":0.32,"pz":10.12,"vy":0,"px":552991.6,"py":4182694.97},{"vx":0.14,"ay":-0.72,"az":9.79,"ax":-0.57,"pz":10.11,"vy":0.14,"px":552991.51,"py":4182695.05},{"vx":0.07,"ay":0.49,"az":9.81,"ax":0.47,"pz":10.11,"vy":0.07,"px":552991.48,"py":4182695.1},{"vx":0.06,"ay":-0.93,"az":9.8,"ax":-0.65,"pz":10.11,"vy":0.06,"px":552991.39,"py":4182695.19},{"vx":0.13,"ay":0,"az":9.81,"ax":0,"pz":10.11,"vy":0.13,"px":552991.38,"py":4182695.21},{"vx":0.14,"ay":0.56,"az":9.82,"ax":0.33,"pz":10.11,"vy":0.14,"px":552991.33,"py":4182695.26}],"traffic_light":[0,0,0,0,0,0],"state_arr":[{"acceleration":0.44,"throttle":89.16,"steering_target":-4.12,"brake":0,"steering_rate":100,"speed":0.02},{"acceleration":0.3,"throttle":35.98,"steering_target":-4.13,"brake":0,"steering_rate":100,"speed":0.15},{"acceleration":0.31,"throttle":34.84,"steering_target":-3.97,"brake":0,"steering_rate":100,"speed":0.22},{"acceleration":0.32,"throttle":37.46,"steering_target":-3.78,"brake":0,"steering_rate":100,"speed":0.18},{"acceleration":0.32,"throttle":37.5,"steering_target":-3.89,"brake":0,"steering_rate":100,"speed":0.18},{"acceleration":0.39,"throttle":58.17,"steering_target":-3.96,"brake":0,"steering_rate":100,"speed":0.07}],"obstacle_arr":[[{"acceleration":{"y":-0.04,"x":0.03,"z":0},"position":{"y":4182695.94,"x":552988.33,"z":10.49},"volume":8.71,"type":"VEHICLE","velocity":{"y":0,"x":0,"z":0}}],[{"acceleration":{"y":0,"x":0,"z":0},"position":{"y":4182695.89,"x":552988.39,"z":10.46},"volume":8.87,"type":"VEHICLE","velocity":{"y":0,"x":0,"z":0}}],[{"acceleration":{"y":0,"x":0,"z":0},"position":{"y":4182695.94,"x":552988.33,"z":10.5},"volume":8.28,"type":"VEHICLE","velocity":{"y":0,"x":0,"z":0}}],[{"acceleration":{"y":0,"x":0,"z":0},"position":{"y":4182695.96,"x":552988.37,"z":10.53},"volume":7.77,"type":"VEHICLE","velocity":{"y":0,"x":0,"z":0}},{"acceleration":{"y":0,"x":0,"z":0},"position":{"y":4182666.6,"x":553001.81,"z":9.84},"volume":3.27,"type":"VEHICLE","velocity":{"y":0,"x":0,"z":0}}],[{"acceleration":{"y":0,"x":0,"z":0},"position":{"y":4182695.99,"x":552988.32,"z":10.48},"volume":8.35,"type":"VEHICLE","velocity":{"y":0,"x":0,"z":0}}],[{"acceleration":{"y":0,"x":0,"z":0},"position":{"y":4182696.01,"x":552988.33,"z":10.47},"volume":8.35,"type":"VEHICLE","velocity":{"y":0,"x":0,"z":0}},{"acceleration":{"y":0,"x":0,"z":0},"position":{"y":4182666.9,"x":553001.63,"z":9.82},"volume":3.23,"type":"VEHICLE","velocity":{"y":0,"x":0,"z":0}}],[{"acceleration":{"y":0,"x":0,"z":0},"position":{"y":4182696,"x":552988.41,"z":10.47},"volume":7.53,"type":"VEHICLE","velocity":{"y":0,"x":0,"z":0}},{"acceleration":{"y":0,"x":0,"z":0},"position":{"y":4182666.88,"x":553001.65,"z":10.48},"volume":0.5,"type":"VEHICLE","velocity":{"y":0,"x":0,"z":0}}]],"action_description":"NPC vehicle (Jeep) driving on the right lane","ev_state":[116.296371459961,10.1233673095703,210.149383544922,0.5,0,0.5,12,-1,359.495513916016,310.555358886719,358.799011230469,0.07612341164545006],"collision_probability":0}
 timestamp= 1619778939000 [RUN] Validate G1 Guard Condition: 
The ego vehicle E Detection.Collision == True.
 timestamp= 1619778939000 [RES] Global Validate result: 
false
 timestamp= 1619778939000 [RUN] Validate G2 Guard Condition: 
The ego vehicle E Detection.OffRoad == True.
 timestamp= 1619778939000 [RES] Global Validate result: 
false
 timestamp= 1619778939000 [RUN] Validate G3 Guard Condition: 
The ego vehicle E Detection.HardBrake == True.
 timestamp= 1619778939000 [RES] Global Validate result: 
false
 timestamp= 1619778939000 [RUN] Validate G4 Guard Condition: 
The ego vehicle E Detection.ArrivalTest == True.
 timestamp= 1619778939000 [RES] Global Validate result: 
false
 timestamp= 1619778939000 [RUN] Validate step: 
The test system VALIDATES THAT the Apollo A Status.GetControl is nearly equal to {"acceleration": 0.39, "throttle": 58.17, "steering_target": -3.96, "brake": 0.0, "steering_rate": 100.0, "speed": 0.07}
 timestamp= 1619778939000 [RES] Validate result: 
true
 timestamp= 1619778939000 [RUN] Generate steps
 timestamp= 1619778939000 [RUN] Validate step: 
The test system VALIDATES THAT the simulator S Status.GetEnvironment is nearly equal to {"x": 116.3, "y": 10.12, "z": 210.15, "rain": 0.5, "fog": 0.0, "wetness": 0.5, "timeofday": 12.0, "signal": -1.0, "rx": 359.5, "ry": 310.56, "rz": 358.8, "speed": 0.08}
 timestamp= 1619778939000 [RES] Validate result: 
true
 timestamp= 1619778939000 [RUN] Execute API step: 
The environment controller C INVOKES API Control.Weather.Wetness(wetness_level=Heavy).
 timestamp= 1619778943000 [RES] API result: 
{"pose_arr":[{"vx":0.08,"ay":-0.01,"az":9.8,"ax":0.11,"pz":10.11,"vy":0.08,"px":552991.29,"py":4182695.31},{"vx":0.05,"ay":0.47,"az":9.81,"ax":0.3,"pz":10.11,"vy":0.05,"px":552991.27,"py":4182695.34},{"vx":0.09,"ay":0.41,"az":9.83,"ax":0.4,"pz":10.11,"vy":0.09,"px":552991.25,"py":4182695.36},{"vx":0,"ay":-0.28,"az":9.79,"ax":-0.08,"pz":10.12,"vy":0,"px":552991.24,"py":4182695.38},{"vx":0,"ay":-0.06,"az":9.8,"ax":-0.03,"pz":10.11,"vy":0,"px":552991.19,"py":4182695.43},{"vx":0.01,"ay":-0.1,"az":9.81,"ax":0.1,"pz":10.12,"vy":0.01,"px":552991.2,"py":4182695.43}],"traffic_light":[0,0,0,0,0,0],"state_arr":[{"acceleration":0.24,"throttle":58.1,"steering_target":0,"brake":0,"steering_rate":100,"speed":0.08},{"acceleration":0.22,"throttle":15.7,"steering_target":0,"brake":0,"steering_rate":100,"speed":0.1},{"acceleration":0.25,"throttle":57.89,"steering_target":0,"brake":0,"steering_rate":100,"speed":0.02},{"acceleration":0.23,"throttle":66.89,"steering_target":0,"brake":0,"steering_rate":100,"speed":0.02},{"acceleration":0.09,"throttle":15.7,"steering_target":0,"brake":0,"steering_rate":100,"speed":0.29},{"acceleration":0,"throttle":0,"steering_target":0,"brake":50,"steering_rate":0,"speed":0},{"acceleration":0.21,"throttle":15.7,"steering_target":0,"brake":0,"steering_rate":100,"speed":0.01}],"obstacle_arr":[[{"acceleration":{"y":0,"x":0,"z":0},"position":{"y":4182695.98,"x":552988.32,"z":10.46},"volume":8.47,"type":"VEHICLE","velocity":{"y":0,"x":0,"z":0}},{"acceleration":{"y":0,"x":0,"z":0},"position":{"y":4182666.88,"x":553001.64,"z":9.83},"volume":3.13,"type":"VEHICLE","velocity":{"y":0,"x":0,"z":0}}],[{"acceleration":{"y":0,"x":0,"z":0},"position":{"y":4182695.99,"x":552988.34,"z":10.51},"volume":7.91,"type":"VEHICLE","velocity":{"y":0,"x":0,"z":0}}],[{"acceleration":{"y":0,"x":0,"z":0},"position":{"y":4182695.97,"x":552988.33,"z":10.51},"volume":8.28,"type":"VEHICLE","velocity":{"y":0,"x":0,"z":0}}],[{"acceleration":{"y":0,"x":0,"z":0},"position":{"y":4182696.02,"x":552988.39,"z":10.47},"volume":7.74,"type":"VEHICLE","velocity":{"y":0,"x":0,"z":0}},{"acceleration":{"y":0,"x":0,"z":0},"position":{"y":4182691.79,"x":553010.4,"z":11.04},"volume":0.2,"type":"PEDESTRIAN","velocity":{"y":0,"x":0,"z":0}}],[{"acceleration":{"y":0,"x":0,"z":0},"position":{"y":4182695.98,"x":552988.33,"z":10.46},"volume":8.79,"type":"VEHICLE","velocity":{"y":0,"x":0,"z":0}}],[{"acceleration":{"y":0,"x":0,"z":0},"position":{"y":4182695.98,"x":552988.35,"z":10.54},"volume":8.08,"type":"VEHICLE","velocity":{"y":0,"x":0,"z":0}}]],"action_description":"Heavy wetness","ev_state":[116.199890136719,10.1232757568359,210.289138793945,0,0,1,12,1,359.905578613281,310.622528076172,359.307342529297,0.01194784863994095],"collision_probability":0}
 timestamp= 1619778943000 [RUN] Validate G1 Guard Condition: 
The ego vehicle E Detection.Collision == True.
 timestamp= 1619778943000 [RES] Global Validate result: 
false
 timestamp= 1619778943000 [RUN] Validate G2 Guard Condition: 
The ego vehicle E Detection.OffRoad == True.
 timestamp= 1619778943000 [RES] Global Validate result: 
false
 timestamp= 1619778943000 [RUN] Validate G3 Guard Condition: 
The ego vehicle E Detection.HardBrake == True.
 timestamp= 1619778943000 [RES] Global Validate result: 
false
 timestamp= 1619778943000 [RUN] Validate G4 Guard Condition: 
The ego vehicle E Detection.ArrivalTest == True.
 timestamp= 1619778943000 [RES] Global Validate result: 
false
 timestamp= 1619778943000 [RUN] Validate step: 
The test system VALIDATES THAT the Apollo A Status.GetControl is nearly equal to {"acceleration": 0.21, "throttle": 15.7, "steering_target": -0.0, "brake": 0.0, "steering_rate": 100.0, "speed": 0.01}
 timestamp= 1619778943000 [RES] Validate result: 
true
 timestamp= 1619778943000 [RUN] Generate steps
 timestamp= 1619778943000 [RUN] Validate step: 
The test system VALIDATES THAT the simulator S Status.GetEnvironment is nearly equal to {"x": 116.2, "y": 10.12, "z": 210.29, "rain": 0.0, "fog": 0.0, "wetness": 1.0, "timeofday": 12.0, "signal": 1.0, "rx": 359.91, "ry": 310.62, "rz": 359.31, "speed": 0.01}
 timestamp= 1619778943000 [RES] Validate result: 
true
 timestamp= 1619778943000 [RUN] Execute API step: 
The environment controller C INVOKES API Control.Agents.NPCVehicle.NPCVehicleMaintainLane(which_lane=Left_Lane&which_car=SUV).
 timestamp= 1619778946000 [RES] API result: 
{"pose_arr":[{"vx":0,"ay":0.03,"az":9.81,"ax":0.02,"pz":10.12,"vy":0,"px":552991.21,"py":4182695.43},{"vx":0,"ay":-0.13,"az":9.8,"ax":0.07,"pz":10.12,"vy":0,"px":552991.21,"py":4182695.43},{"vx":0,"ay":0,"az":9.81,"ax":0,"pz":10.12,"vy":0,"px":552991.21,"py":4182695.43},{"vx":0,"ay":-0.2,"az":9.8,"ax":0.1,"pz":10.12,"vy":0,"px":552991.21,"py":4182695.43},{"vx":0,"ay":0.11,"az":9.8,"ax":-0.06,"pz":10.12,"vy":0,"px":552991.22,"py":4182695.44},{"vx":0,"ay":0.01,"az":9.81,"ax":0,"pz":10.12,"vy":0,"px":552991.22,"py":4182695.44},{"vx":0,"ay":-0.03,"az":9.8,"ax":0.01,"pz":10.12,"vy":0,"px":552991.22,"py":4182695.44}],"traffic_light":[0,0,0,0,0,0],"state_arr":[{"acceleration":0.21,"throttle":15.7,"steering_target":0,"brake":0,"steering_rate":100,"speed":0.01},{"acceleration":0.21,"throttle":15.7,"steering_target":0,"brake":0,"steering_rate":100,"speed":0},{"acceleration":0.21,"throttle":15.7,"steering_target":0,"brake":0,"steering_rate":100,"speed":0},{"acceleration":0.21,"throttle":15.7,"steering_target":0,"brake":0,"steering_rate":100,"speed":0},{"acceleration":0.23,"throttle":66.83,"steering_target":0,"brake":0,"steering_rate":100,"speed":0},{"acceleration":0.21,"throttle":15.7,"steering_target":0,"brake":0,"steering_rate":100,"speed":0},{"acceleration":0.21,"throttle":15.7,"steering_target":0,"brake":0,"steering_rate":100,"speed":0}],"obstacle_arr":[[{"acceleration":{"y":0,"x":0,"z":0},"position":{"y":4182696.05,"x":552988.38,"z":10.44},"volume":8.36,"type":"VEHICLE","velocity":{"y":0,"x":0,"z":0}}],[{"acceleration":{"y":0,"x":0,"z":0},"position":{"y":4182696.01,"x":552988.37,"z":10.43},"volume":8.78,"type":"VEHICLE","velocity":{"y":0,"x":0,"z":0}},{"acceleration":{"y":0,"x":0,"z":0},"position":{"y":4182690.95,"x":552985.23,"z":10.35},"volume":6.84,"type":"VEHICLE","velocity":{"y":0.45,"x":-0.64,"z":0}}],[{"acceleration":{"y":0,"x":0,"z":0},"position":{"y":4182696.07,"x":552988.39,"z":10.42},"volume":8.42,"type":"VEHICLE","velocity":{"y":0,"x":0,"z":0}},{"acceleration":{"y":0.53,"x":-0.87,"z":0},"position":{"y":4182691.8,"x":552984.22,"z":10.48},"volume":5.17,"type":"VEHICLE","velocity":{"y":0.82,"x":-1.16,"z":0}}],[{"acceleration":{"y":0,"x":0,"z":0},"position":{"y":4182695.95,"x":552988.24,"z":10.48},"volume":10.47,"type":"VEHICLE","velocity":{"y":0,"x":0,"z":0}},{"acceleration":{"y":0.57,"x":-0.87,"z":0},"position":{"y":4182692.89,"x":552982.32,"z":10.47},"volume":7.48,"type":"VEHICLE","velocity":{"y":1.16,"x":-1.66,"z":0}}],[{"acceleration":{"y":0,"x":0,"z":0},"position":{"y":4182695.96,"x":552988.25,"z":10.47},"volume":10.51,"type":"VEHICLE","velocity":{"y":0,"x":0,"z":0}},{"acceleration":{"y":2.61,"x":-3.98,"z":0},"position":{"y":4182694.89,"x":552979.12,"z":10.4},"volume":9.41,"type":"VEHICLE","velocity":{"y":2.9,"x":-4.39,"z":0}},{"acceleration":{"y":0,"x":0,"z":0},"position":{"y":4182667.03,"x":553001.16,"z":10.44},"volume":2.38,"type":"VEHICLE","velocity":{"y":0,"x":0,"z":0}}],[{"acceleration":{"y":0,"x":0,"z":0},"position":{"y":4182695.96,"x":552988.26,"z":10.46},"volume":10.39,"type":"VEHICLE","velocity":{"y":0,"x":0,"z":0}},{"acceleration":{"y":1.95,"x":-3.26,"z":0},"position":{"y":4182696.99,"x":552976.25,"z":10.39},"volume":7.35,"type":"VEHICLE","velocity":{"y":4.41,"x":-7.33,"z":0}}],[{"acceleration":{"y":0,"x":0,"z":0},"position":{"y":4182695.95,"x":552988.26,"z":10.48},"volume":10.25,"type":"VEHICLE","velocity":{"y":0,"x":0,"z":0}},{"acceleration":{"y":1.55,"x":-2.11,"z":0},"position":{"y":4182698.74,"x":552973.68,"z":10.39},"volume":8.97,"type":"VEHICLE","velocity":{"y":5.72,"x":-9.23,"z":0}}]],"action_description":"NPC vehicle (SUV) driving on the left lane","ev_state":[116.212677001953,10.1229801177979,210.301773071289,0,0,1,12,1,359.958343505859,310.743286132813,359.969818115234,0.002126718485950579],"collision_probability":0}
 timestamp= 1619778946000 [RUN] Validate G1 Guard Condition: 
The ego vehicle E Detection.Collision == True.
 timestamp= 1619778946000 [RES] Global Validate result: 
false
 timestamp= 1619778946000 [RUN] Validate G2 Guard Condition: 
The ego vehicle E Detection.OffRoad == True.
 timestamp= 1619778946000 [RES] Global Validate result: 
false
 timestamp= 1619778946000 [RUN] Validate G3 Guard Condition: 
The ego vehicle E Detection.HardBrake == True.
 timestamp= 1619778946000 [RES] Global Validate result: 
false
 timestamp= 1619778946000 [RUN] Validate G4 Guard Condition: 
The ego vehicle E Detection.ArrivalTest == True.
 timestamp= 1619778946000 [RES] Global Validate result: 
false
 timestamp= 1619778946000 [RUN] Validate step: 
The test system VALIDATES THAT the Apollo A Status.GetControl is nearly equal to {"acceleration": 0.21, "throttle": 15.7, "steering_target": -0.0, "brake": 0.0, "steering_rate": 100.0, "speed": 0.0}
 timestamp= 1619778946000 [RES] Validate result: 
true
 timestamp= 1619778946000 [RUN] Generate steps
 timestamp= 1619778946000 [RUN] Validate step: 
The test system VALIDATES THAT the simulator S Status.GetEnvironment is nearly equal to {"x": 116.21, "y": 10.12, "z": 210.3, "rain": 0.0, "fog": 0.0, "wetness": 1.0, "timeofday": 12.0, "signal": 1.0, "rx": 359.96, "ry": 310.74, "rz": 359.97, "speed": 0.0}
 timestamp= 1619778946000 [RES] Validate result: 
true
 timestamp= 1619778946000 [RUN] Execute API step: 
The environment controller C INVOKES API Control.TimeOfDay(time_of_day=Morning).
 timestamp= 1619778950000 [RES] API result: 
{"pose_arr":[{"vx":0,"ay":0.11,"az":9.82,"ax":0.01,"pz":10.12,"vy":0,"px":552991.22,"py":4182695.44},{"vx":0,"ay":-0.08,"az":9.82,"ax":-0.01,"pz":10.12,"vy":0,"px":552991.22,"py":4182695.45},{"vx":0,"ay":0.01,"az":9.81,"ax":0,"pz":10.12,"vy":0,"px":552991.22,"py":4182695.45},{"vx":0.08,"ay":1.54,"az":9.79,"ax":1.47,"pz":10.12,"vy":0.08,"px":552991.21,"py":4182695.45},{"vx":0,"ay":0.03,"az":9.8,"ax":-0.03,"pz":10.12,"vy":0,"px":552991.17,"py":4182695.5},{"vx":0.16,"ay":-2.12,"az":9.82,"ax":-1,"pz":10.11,"vy":0.16,"px":552991.15,"py":4182695.52}],"traffic_light":[0,0,0,0,0,0],"state_arr":[{"acceleration":0.21,"throttle":15.7,"steering_target":0,"brake":0,"steering_rate":100,"speed":0},{"acceleration":0.21,"throttle":15.7,"steering_target":0,"brake":0,"steering_rate":100,"speed":0},{"acceleration":0.21,"throttle":15.7,"steering_target":0,"brake":0,"steering_rate":100,"speed":0},{"acceleration":0.21,"throttle":15.7,"steering_target":0,"brake":0,"steering_rate":100,"speed":0},{"acceleration":0.1,"throttle":15.7,"steering_target":58.3,"brake":0,"steering_rate":100,"speed":0.35},{"acceleration":0,"throttle":0,"steering_target":0,"brake":50,"steering_rate":0,"speed":0},{"acceleration":0.14,"throttle":15.7,"steering_target":12.33,"brake":0,"steering_rate":100,"speed":0.11}],"obstacle_arr":[[{"acceleration":{"y":0,"x":0,"z":0},"position":{"y":4182695.96,"x":552988.27,"z":10.45},"volume":10.39,"type":"VEHICLE","velocity":{"y":0,"x":0,"z":0}},{"acceleration":{"y":0.76,"x":-1.12,"z":0},"position":{"y":4182699.99,"x":552971.85,"z":10.42},"volume":6.72,"type":"VEHICLE","velocity":{"y":6.27,"x":-10.01,"z":0}}],[{"acceleration":{"y":0,"x":0,"z":0},"position":{"y":4182695.95,"x":552988.26,"z":10.45},"volume":10.44,"type":"VEHICLE","velocity":{"y":0,"x":0,"z":0}},{"acceleration":{"y":-0.14,"x":0.18,"z":0},"position":{"y":4182701.97,"x":552968.96,"z":10.64},"volume":4.56,"type":"VEHICLE","velocity":{"y":6.31,"x":-10.07,"z":0}}],[{"acceleration":{"y":0,"x":0,"z":0},"position":{"y":4182695.94,"x":552988.25,"z":10.45},"volume":10.51,"type":"VEHICLE","velocity":{"y":0,"x":0,"z":0}},{"acceleration":{"y":-0.14,"x":0.27,"z":0},"position":{"y":4182703.44,"x":552967.02,"z":10.95},"volume":1.3,"type":"VEHICLE","velocity":{"y":6.1,"x":-9.69,"z":0}}],[{"acceleration":{"y":0,"x":0,"z":0},"position":{"y":4182695.94,"x":552988.24,"z":10.45},"volume":10.54,"type":"VEHICLE","velocity":{"y":0,"x":0,"z":0}},{"acceleration":{"y":-0.13,"x":0.23,"z":0},"position":{"y":4182704.93,"x":552965.08,"z":10.84},"volume":1.95,"type":"VEHICLE","velocity":{"y":5.85,"x":-9.28,"z":0}}],[{"acceleration":{"y":0,"x":0,"z":0},"position":{"y":4182695.96,"x":552988.25,"z":10.47},"volume":8.78,"type":"VEHICLE","velocity":{"y":0,"x":0,"z":0}},{"acceleration":{"y":-0.08,"x":0.18,"z":0},"position":{"y":4182707.43,"x":552961.23,"z":10.82},"volume":2.21,"type":"VEHICLE","velocity":{"y":5.58,"x":-8.81,"z":0}}],[{"acceleration":{"y":0,"x":0,"z":0},"position":{"y":4182695.91,"x":552988.22,"z":10.47},"volume":8.92,"type":"VEHICLE","velocity":{"y":0,"x":0,"z":0}},{"acceleration":{"y":-0.37,"x":0,"z":0},"position":{"y":4182708.93,"x":552958.75,"z":11.38},"volume":0,"type":"VEHICLE","velocity":{"y":5.31,"x":-8.36,"z":0}}]],"action_description":"Evening","ev_state":[116.127769470215,10.1242437362671,210.380676269531,0,0,1,10,1,359.782257080078,310.112243652344,359.277557373047,0.012440312436673798],"collision_probability":0}
 timestamp= 1619778950000 [RUN] Validate G1 Guard Condition: 
The ego vehicle E Detection.Collision == True.
 timestamp= 1619778950000 [RES] Global Validate result: 
false
 timestamp= 1619778950000 [RUN] Validate G2 Guard Condition: 
The ego vehicle E Detection.OffRoad == True.
 timestamp= 1619778950000 [RES] Global Validate result: 
false
 timestamp= 1619778950000 [RUN] Validate G3 Guard Condition: 
The ego vehicle E Detection.HardBrake == True.
 timestamp= 1619778950000 [RES] Global Validate result: 
false
 timestamp= 1619778950000 [RUN] Validate G4 Guard Condition: 
The ego vehicle E Detection.ArrivalTest == True.
 timestamp= 1619778950000 [RES] Global Validate result: 
false
 timestamp= 1619778950000 [RUN] Validate step: 
The test system VALIDATES THAT the Apollo A Status.GetControl is nearly equal to {"acceleration": 0.14, "throttle": 15.7, "steering_target": 12.33, "brake": 0.0, "steering_rate": 100.0, "speed": 0.11}
 timestamp= 1619778950000 [RES] Validate result: 
true
 timestamp= 1619778950000 [RUN] Generate steps
 timestamp= 1619778950000 [RUN] Validate step: 
The test system VALIDATES THAT the simulator S Status.GetEnvironment is nearly equal to {"x": 116.13, "y": 10.12, "z": 210.38, "rain": 0.0, "fog": 0.0, "wetness": 1.0, "timeofday": 10.0, "signal": 1.0, "rx": 359.78, "ry": 310.11, "rz": 359.28, "speed": 0.01}
 timestamp= 1619778950000 [RES] Validate result: 
true
 timestamp= 1619778950000 [RUN] Execute API step: 
The environment controller C INVOKES API Control.Agents.NPCVehicle.NPCVehicleSwitchLane(which_lane=Current_Lane&which_car=Jeep).
 timestamp= 1619778954000 [RES] API result: 
{"pose_arr":[{"vx":0,"ay":0,"az":9.82,"ax":0.01,"pz":10.12,"vy":0,"px":552991.14,"py":4182695.53},{"vx":0,"ay":0.05,"az":9.81,"ax":-0.06,"pz":10.12,"vy":0,"px":552991.14,"py":4182695.53},{"vx":0,"ay":-0.08,"az":9.8,"ax":0.05,"pz":10.12,"vy":0,"px":552991.15,"py":4182695.53},{"vx":0,"ay":0.03,"az":9.81,"ax":-0.02,"pz":10.12,"vy":0,"px":552991.15,"py":4182695.53},{"vx":0,"ay":0.09,"az":9.82,"ax":-0.04,"pz":10.12,"vy":0,"px":552991.15,"py":4182695.53},{"vx":0,"ay":-0.12,"az":9.8,"ax":0.05,"pz":10.12,"vy":0,"px":552991.15,"py":4182695.54},{"vx":0,"ay":0.06,"az":9.81,"ax":-0.04,"pz":10.12,"vy":0,"px":552991.16,"py":4182695.54}],"traffic_light":[0,0,0,0,0,0],"state_arr":[{"acceleration":0,"throttle":0,"steering_target":0,"brake":50,"steering_rate":0,"speed":0},{"acceleration":0.19,"throttle":15.7,"steering_target":12.63,"brake":0,"steering_rate":100,"speed":0},{"acceleration":0.19,"throttle":15.7,"steering_target":12.63,"brake":0,"steering_rate":100,"speed":0.01},{"acceleration":0.19,"throttle":15.7,"steering_target":12.63,"brake":0,"steering_rate":100,"speed":0},{"acceleration":0.19,"throttle":15.7,"steering_target":12.63,"brake":0,"steering_rate":100,"speed":0},{"acceleration":0.19,"throttle":15.7,"steering_target":12.63,"brake":0,"steering_rate":100,"speed":0},{"acceleration":0.19,"throttle":15.7,"steering_target":12.63,"brake":0,"steering_rate":100,"speed":0},{"acceleration":0,"throttle":0,"steering_target":0,"brake":50,"steering_rate":0,"speed":0}],"obstacle_arr":[[{"acceleration":{"y":0,"x":0,"z":0},"position":{"y":4182695.9,"x":552988.25,"z":10.48},"volume":8.87,"type":"VEHICLE","velocity":{"y":0,"x":0,"z":0}},{"acceleration":{"y":-0.37,"x":0,"z":0},"position":{"y":4182711.3,"x":552955.54,"z":11.36},"volume":0.01,"type":"VEHICLE","velocity":{"y":4.92,"x":-8.11,"z":0}}],[{"acceleration":{"y":0,"x":0,"z":0},"position":{"y":4182695.94,"x":552988.21,"z":10.47},"volume":9.09,"type":"VEHICLE","velocity":{"y":0,"x":0,"z":0}},{"acceleration":{"y":0,"x":0,"z":0},"position":{"y":4182709.11,"x":552975.36,"z":10.63},"volume":4.59,"type":"VEHICLE","velocity":{"y":0,"x":0,"z":0}}],[{"acceleration":{"y":0,"x":0,"z":0},"position":{"y":4182695.93,"x":552988.26,"z":10.52},"volume":8,"type":"VEHICLE","velocity":{"y":0,"x":0,"z":0}},{"acceleration":{"y":1.53,"x":-1.84,"z":0},"position":{"y":4182709.55,"x":552974.93,"z":10.89},"volume":1.12,"type":"VEHICLE","velocity":{"y":0.82,"x":-0.99,"z":0}}],[{"acceleration":{"y":0,"x":0,"z":0},"position":{"y":4182695.96,"x":552988.25,"z":10.51},"volume":8.08,"type":"VEHICLE","velocity":{"y":0,"x":0,"z":0}},{"acceleration":{"y":0,"x":0,"z":0},"position":{"y":4182691.71,"x":553010.41,"z":10.63},"volume":0.38,"type":"VEHICLE","velocity":{"y":0,"x":0,"z":0}}],[{"acceleration":{"y":0,"x":0,"z":0},"position":{"y":4182695.99,"x":552988.28,"z":10.5},"volume":7.85,"type":"VEHICLE","velocity":{"y":0,"x":0,"z":0}},{"acceleration":{"y":0,"x":0,"z":0},"position":{"y":4182691.71,"x":553010.41,"z":10.66},"volume":0.38,"type":"VEHICLE","velocity":{"y":0,"x":0,"z":0}}],[{"acceleration":{"y":0,"x":0,"z":0},"position":{"y":4182695.97,"x":552988.29,"z":10.5},"volume":7.9,"type":"VEHICLE","velocity":{"y":0,"x":0,"z":0}},{"acceleration":{"y":0,"x":0,"z":0},"position":{"y":4182691.71,"x":553010.41,"z":10.68},"volume":0.38,"type":"VEHICLE","velocity":{"y":0,"x":0,"z":0}}],[{"acceleration":{"y":0,"x":0,"z":0},"position":{"y":4182695.97,"x":552988.29,"z":10.5},"volume":7.87,"type":"VEHICLE","velocity":{"y":0,"x":0,"z":0}},{"acceleration":{"y":0,"x":0,"z":0},"position":{"y":4182691.72,"x":553010.41,"z":10.69},"volume":0.38,"type":"VEHICLE","velocity":{"y":0,"x":0,"z":0}}]],"action_description":"NPC vehicle (Jeep) switching lane (current to right)","ev_state":[116.141227722168,10.1239643096924,210.3896484375,0,0,1,10,1,359.929656982422,310.183959960938,359.855651855469,0.001941598282484306],"collision_probability":0}
 timestamp= 1619778954000 [RUN] Validate G1 Guard Condition: 
The ego vehicle E Detection.Collision == True.
 timestamp= 1619778954000 [RES] Global Validate result: 
false
 timestamp= 1619778954000 [RUN] Validate G2 Guard Condition: 
The ego vehicle E Detection.OffRoad == True.
 timestamp= 1619778954000 [RES] Global Validate result: 
false
 timestamp= 1619778954000 [RUN] Validate G3 Guard Condition: 
The ego vehicle E Detection.HardBrake == True.
 timestamp= 1619778954000 [RES] Global Validate result: 
false
 timestamp= 1619778954000 [RUN] Validate G4 Guard Condition: 
The ego vehicle E Detection.ArrivalTest == True.
 timestamp= 1619778954000 [RES] Global Validate result: 
false
 timestamp= 1619778954000 [RUN] Validate step: 
The test system VALIDATES THAT the Apollo A Status.GetControl is nearly equal to {"acceleration": 0.0, "throttle": 0.0, "steering_target": 0.0, "brake": 50.0, "steering_rate": 0.0, "speed": 0.0}
 timestamp= 1619778954000 [RES] Validate result: 
true
 timestamp= 1619778954000 [RUN] Generate steps
 timestamp= 1619778954000 [RUN] Validate step: 
The test system VALIDATES THAT the simulator S Status.GetEnvironment is nearly equal to {"x": 116.14, "y": 10.12, "z": 210.39, "rain": 0.0, "fog": 0.0, "wetness": 1.0, "timeofday": 10.0, "signal": 1.0, "rx": 359.93, "ry": 310.18, "rz": 359.86, "speed": 0.0}
 timestamp= 1619778954000 [RES] Validate result: 
true
 timestamp= 1619778954000 [RUN] Execute API step: 
The environment controller C INVOKES API Control.Agents.NPCVehicle.NPCVehicleMaintainLane(which_lane=Right_Lane&which_car=Hatchback).
 timestamp= 1619778958000 [RES] API result: 
{"pose_arr":[{"vx":0,"ay":0.07,"az":9.81,"ax":-0.07,"pz":10.12,"vy":0,"px":552991.16,"py":4182695.54},{"vx":0,"ay":0.04,"az":9.81,"ax":0.02,"pz":10.12,"vy":0,"px":552991.16,"py":4182695.54},{"vx":0,"ay":0.01,"az":9.81,"ax":0.01,"pz":10.12,"vy":0,"px":552991.16,"py":4182695.54},{"vx":0,"ay":0,"az":9.81,"ax":0,"pz":10.12,"vy":0,"px":552991.16,"py":4182695.55},{"vx":0,"ay":0.02,"az":9.81,"ax":0,"pz":10.12,"vy":0,"px":552991.15,"py":4182695.55},{"vx":0,"ay":0.04,"az":9.81,"ax":0.01,"pz":10.12,"vy":0,"px":552991.15,"py":4182695.55},{"vx":0,"ay":0.03,"az":9.81,"ax":-0.03,"pz":10.12,"vy":0,"px":552991.15,"py":4182695.55}],"traffic_light":[0,0,0,0,0,0],"state_arr":[{"acceleration":-3,"throttle":0,"steering_target":12.63,"brake":69.8,"steering_rate":100,"speed":0},{"acceleration":0.19,"throttle":15.7,"steering_target":12.63,"brake":0,"steering_rate":100,"speed":0},{"acceleration":0.19,"throttle":15.7,"steering_target":12.63,"brake":0,"steering_rate":100,"speed":0},{"acceleration":0.19,"throttle":15.7,"steering_target":12.63,"brake":0,"steering_rate":100,"speed":0},{"acceleration":0.19,"throttle":15.7,"steering_target":12.63,"brake":0,"steering_rate":100,"speed":0},{"acceleration":0.19,"throttle":15.7,"steering_target":12.63,"brake":0,"steering_rate":100,"speed":0},{"acceleration":0.3,"throttle":35.67,"steering_target":12.63,"brake":0,"steering_rate":100,"speed":0}],"obstacle_arr":[[{"acceleration":{"y":0,"x":0,"z":0},"position":{"y":4182695.98,"x":552988.3,"z":10.49},"volume":7.82,"type":"VEHICLE","velocity":{"y":0,"x":0,"z":0}},{"acceleration":{"y":0,"x":0,"z":0},"position":{"y":4182691.73,"x":553010.4,"z":10.69},"volume":0.38,"type":"VEHICLE","velocity":{"y":0,"x":0,"z":0}}],[{"acceleration":{"y":0,"x":0,"z":0},"position":{"y":4182695.97,"x":552988.31,"z":10.49},"volume":7.79,"type":"VEHICLE","velocity":{"y":0,"x":0,"z":0}},{"acceleration":{"y":0,"x":0,"z":0},"position":{"y":4182691.73,"x":553010.41,"z":10.71},"volume":0.38,"type":"VEHICLE","velocity":{"y":0,"x":0,"z":0}}],[{"acceleration":{"y":0,"x":0,"z":0},"position":{"y":4182695.98,"x":552988.31,"z":10.49},"volume":7.8,"type":"VEHICLE","velocity":{"y":0,"x":0,"z":0}}],[{"acceleration":{"y":0,"x":0,"z":0},"position":{"y":4182695.98,"x":552988.3,"z":10.49},"volume":7.81,"type":"VEHICLE","velocity":{"y":0,"x":0,"z":0}}],[{"acceleration":{"y":0,"x":0,"z":0},"position":{"y":4182695.98,"x":552988.31,"z":10.49},"volume":7.79,"type":"VEHICLE","velocity":{"y":0,"x":0,"z":0}}],[{"acceleration":{"y":0,"x":0,"z":0},"position":{"y":4182695.99,"x":552988.31,"z":10.49},"volume":7.8,"type":"VEHICLE","velocity":{"y":0,"x":0,"z":0}},{"acceleration":{"y":0,"x":0,"z":0},"position":{"y":4182691.77,"x":553010.41,"z":10.69},"volume":0.39,"type":"PEDESTRIAN","velocity":{"y":0,"x":0,"z":0}}],[{"acceleration":{"y":0,"x":0,"z":0},"position":{"y":4182695.99,"x":552988.31,"z":10.49},"volume":7.95,"type":"VEHICLE","velocity":{"y":0,"x":0,"z":0}},{"acceleration":{"y":0,"x":0,"z":0},"position":{"y":4182691.84,"x":553010.43,"z":10.69},"volume":0.26,"type":"PEDESTRIAN","velocity":{"y":0,"x":0,"z":0}},{"acceleration":{"y":0.02,"x":-0.03,"z":0},"position":{"y":4182713.62,"x":552993.53,"z":10.88},"volume":6.82,"type":"VEHICLE","velocity":{"y":1.84,"x":-2.22,"z":0}}]],"action_description":"NPC vehicle (Hatchback) driving on the right lane","ev_state":[116.131164550781,10.1239032745361,210.404754638672,0,0,1,10,0,359.894775390625,309.988525390625,359.872802734375,0.10379679583310442],"collision_probability":0}
 timestamp= 1619778958000 [RUN] Validate G1 Guard Condition: 
The ego vehicle E Detection.Collision == True.
 timestamp= 1619778958000 [RES] Global Validate result: 
false
 timestamp= 1619778958000 [RUN] Validate G2 Guard Condition: 
The ego vehicle E Detection.OffRoad == True.
 timestamp= 1619778958000 [RES] Global Validate result: 
false
 timestamp= 1619778958000 [RUN] Validate G3 Guard Condition: 
The ego vehicle E Detection.HardBrake == True.
 timestamp= 1619778958000 [RES] Global Validate result: 
false
 timestamp= 1619778958000 [RUN] Validate G4 Guard Condition: 
The ego vehicle E Detection.ArrivalTest == True.
 timestamp= 1619778958000 [RES] Global Validate result: 
false
 timestamp= 1619778958000 [RUN] Validate step: 
The test system VALIDATES THAT the Apollo A Status.GetControl is nearly equal to {"acceleration": 0.3, "throttle": 35.67, "steering_target": 12.63, "brake": 0.0, "steering_rate": 100.0, "speed": 0.0}
 timestamp= 1619778958000 [RES] Validate result: 
true
 timestamp= 1619778958000 [RUN] Generate steps
 timestamp= 1619778958000 [RUN] Validate step: 
The test system VALIDATES THAT the simulator S Status.GetEnvironment is nearly equal to {"x": 116.13, "y": 10.12, "z": 210.4, "rain": 0.0, "fog": 0.0, "wetness": 1.0, "timeofday": 10.0, "signal": 0.0, "rx": 359.89, "ry": 309.99, "rz": 359.87, "speed": 0.1}
 timestamp= 1619778958000 [RES] Validate result: 
true
 timestamp= 1619778958000 [RUN] Execute API step: 
The environment controller C INVOKES API Control.Weather.Rain(rain_level=Light).
 timestamp= 1619778961000 [RES] API result: 
{"pose_arr":[{"vx":0.04,"ay":-0.06,"az":9.8,"ax":-0.14,"pz":10.12,"vy":0.04,"px":552991.13,"py":4182695.57},{"vx":0,"ay":-0.08,"az":9.81,"ax":0.05,"pz":10.12,"vy":0,"px":552991.13,"py":4182695.58},{"vx":0,"ay":-0.1,"az":9.8,"ax":0.04,"pz":10.12,"vy":0,"px":552991.13,"py":4182695.58},{"vx":0,"ay":-0.09,"az":9.8,"ax":-0.02,"pz":10.12,"vy":0,"px":552991.13,"py":4182695.58},{"vx":0,"ay":0.03,"az":9.81,"ax":-0.01,"pz":10.12,"vy":0,"px":552991.13,"py":4182695.58},{"vx":0,"ay":0.18,"az":9.82,"ax":0.04,"pz":10.12,"vy":0,"px":552991.13,"py":4182695.58},{"vx":0.01,"ay":0.04,"az":9.81,"ax":0.01,"pz":10.12,"vy":0.01,"px":552991.13,"py":4182695.59}],"traffic_light":[0,0,0,0,0,0],"state_arr":[{"acceleration":0.12,"throttle":15.7,"steering_target":0,"brake":0,"steering_rate":100,"speed":0.1},{"acceleration":0.17,"throttle":15.7,"steering_target":0,"brake":0,"steering_rate":100,"speed":0},{"acceleration":0.17,"throttle":15.7,"steering_target":0,"brake":0,"steering_rate":100,"speed":0},{"acceleration":0.17,"throttle":15.7,"steering_target":0,"brake":0,"steering_rate":100,"speed":0},{"acceleration":0.17,"throttle":15.7,"steering_target":0,"brake":0,"steering_rate":100,"speed":0},{"acceleration":0.18,"throttle":15.7,"steering_target":0,"brake":0,"steering_rate":100,"speed":0},{"acceleration":0.16,"throttle":15.7,"steering_target":0,"brake":0,"steering_rate":100,"speed":0.01},{"acceleration":0.16,"throttle":15.7,"steering_target":0,"brake":0,"steering_rate":100,"speed":0.01}],"obstacle_arr":[[{"acceleration":{"y":0,"x":0,"z":0},"position":{"y":4182695.96,"x":552988.28,"z":10.49},"volume":8.24,"type":"VEHICLE","velocity":{"y":0,"x":0,"z":0}},{"acceleration":{"y":-1.07,"x":0.48,"z":0},"position":{"y":4182714.18,"x":552992.33,"z":10.89},"volume":8.46,"type":"VEHICLE","velocity":{"y":0.82,"x":-1.73,"z":0}}],[{"acceleration":{"y":0,"x":0,"z":0},"position":{"y":4182695.94,"x":552988.26,"z":10.51},"volume":8.15,"type":"VEHICLE","velocity":{"y":0,"x":0,"z":0}},{"acceleration":{"y":-0.55,"x":-0.16,"z":0},"position":{"y":4182714.21,"x":552991.02,"z":10.98},"volume":3.22,"type":"VEHICLE","velocity":{"y":0.31,"x":-1.71,"z":0}}],[{"acceleration":{"y":0,"x":0,"z":0},"position":{"y":4182695.97,"x":552988.26,"z":10.51},"volume":8.15,"type":"VEHICLE","velocity":{"y":0,"x":0,"z":0}},{"acceleration":{"y":0.48,"x":0.31,"z":0},"position":{"y":4182714.89,"x":552989.71,"z":10.89},"volume":3.54,"type":"VEHICLE","velocity":{"y":0.65,"x":-1.4,"z":0}}],[{"acceleration":{"y":0,"x":0,"z":0},"position":{"y":4182695.98,"x":552988.27,"z":10.5},"volume":8.2,"type":"VEHICLE","velocity":{"y":0,"x":0,"z":0}},{"acceleration":{"y":0.08,"x":-0.44,"z":0},"position":{"y":4182715.54,"x":552988.3,"z":10.8},"volume":4.04,"type":"VEHICLE","velocity":{"y":0.68,"x":-1.69,"z":0}}],[{"acceleration":{"y":0,"x":0,"z":0},"position":{"y":4182695.98,"x":552988.26,"z":10.5},"volume":8.25,"type":"VEHICLE","velocity":{"y":0,"x":0,"z":0}},{"acceleration":{"y":0.41,"x":-0.82,"z":0},"position":{"y":4182716.31,"x":552987,"z":10.73},"volume":5.11,"type":"VEHICLE","velocity":{"y":1,"x":-2.22,"z":0}}],[{"acceleration":{"y":0,"x":0,"z":0},"position":{"y":4182696.01,"x":552988.29,"z":10.5},"volume":8.07,"type":"VEHICLE","velocity":{"y":0,"x":0,"z":0}},{"acceleration":{"y":0.61,"x":-1.18,"z":0},"position":{"y":4182717.28,"x":552984.71,"z":10.66},"volume":4.84,"type":"VEHICLE","velocity":{"y":1.41,"x":-3.16,"z":0}}],[{"acceleration":{"y":0,"x":0,"z":0},"position":{"y":4182696,"x":552988.3,"z":10.5},"volume":8.04,"type":"VEHICLE","velocity":{"y":0,"x":0,"z":0}},{"acceleration":{"y":0.62,"x":-1.26,"z":0},"position":{"y":4182717.99,"x":552983.04,"z":10.65},"volume":4.1,"type":"VEHICLE","velocity":{"y":1.69,"x":-3.67,"z":0}}]],"action_description":"Light rain","ev_state":[116.108215332031,10.1242599487305,210.434661865234,0.200000002980232,0,0.200000002980232,10,-1,359.919158935547,309.867614746094,359.885223388672,0.011388652238159654],"collision_probability":0}
 timestamp= 1619778961000 [RUN] Validate G1 Guard Condition: 
The ego vehicle E Detection.Collision == True.
 timestamp= 1619778961000 [RES] Global Validate result: 
false
 timestamp= 1619778961000 [RUN] Validate G2 Guard Condition: 
The ego vehicle E Detection.OffRoad == True.
 timestamp= 1619778961000 [RES] Global Validate result: 
true
 timestamp= 1619778961000 [RUN] OffRoad == True
 timestamp= 1619778961000 [RUN] The simulator S INVOKES API Command.Simulation.Stop() to stop simulation.
 timestamp= 1619778961000 [WARNING] The test system Stop the Simulator S!
 timestamp= 1619778961000 [RUN] ABORT.
 timestamp= 1619778961000 [ERROR] The test system Abort!
 timestamp= 1619778961000 [RUN] Validate G3 Guard Condition: 
The ego vehicle E Detection.HardBrake == True.
 timestamp= 1619778961000 [RES] Global Validate result: 
false
 timestamp= 1619778961000 [RUN] Validate G4 Guard Condition: 
The ego vehicle E Detection.ArrivalTest == True.
 timestamp= 1619778961000 [RES] Global Validate result: 
false
 timestamp= 1619778961000 [RES] Basic PostCondition Validate result: 
false
 timestamp= 1619778961000 [STOP] numberOfStep: 40 basicFlow: 
[{"name":"","description":"","eClass":"Sentence","content":"The test system VALIDATES THAT the simulator S Status.GetEnvironment is nearly equal to {\"x\": 214.44, \"y\": 10.12, \"z\": 201.59, \"rain\": 0.0, \"fog\": 0.0, \"wetness\": 0.0, \"timeofday\": 12.0, \"signal\": -1.0, \"rx\": 359.89, \"ry\": 266.62, \"rz\": 0.02, \"speed\": 3.61}","natures":[]},{"name":"","description":"","eClass":"Sentence","content":"The environment controller C INVOKES API Control.Weather.Wetness(wetness_level=Light).","natures":[]},{"name":"","description":"","eClass":"Sentence","content":"The test system VALIDATES THAT the Apollo A Status.GetControl is nearly equal to {\"acceleration\": 0.75, \"throttle\": 22.29, \"steering_target\": -0.49, \"brake\": 0.0, \"steering_rate\": 100.0, \"speed\": 6.49}","natures":[]},{"name":"","description":"","eClass":"Sentence","content":"The test system VALIDATES THAT the simulator S Status.GetEnvironment is nearly equal to {\"x\": 192.32, \"y\": 10.12, \"z\": 201.1, \"rain\": 0.0, \"fog\": 0.0, \"wetness\": 0.2, \"timeofday\": 12.0, \"signal\": -1.0, \"rx\": 359.97, \"ry\": 269.86, \"rz\": 0.02, \"speed\": 6.49}","natures":[]},{"name":"","description":"","eClass":"Sentence","content":"The environment controller C INVOKES API Control.Agents.NPCVehicle.NPCVehicleSwitchLane(which_lane=Current_Lane&which_car=SUV).","natures":[]},{"name":"","description":"","eClass":"Sentence","content":"The test system VALIDATES THAT the Apollo A Status.GetControl is nearly equal to {\"acceleration\": -1.04, \"throttle\": 0.0, \"steering_target\": 0.02, \"brake\": 22.41, \"steering_rate\": 100.0, \"speed\": 0.23}","natures":[]},{"name":"","description":"","eClass":"Sentence","content":"The test system VALIDATES THAT the simulator S Status.GetEnvironment is nearly equal to {\"x\": 174.8, \"y\": 10.12, \"z\": 201.14, \"rain\": 0.0, \"fog\": 0.0, \"wetness\": 0.2, \"timeofday\": 12.0, \"signal\": 0.0, \"rx\": 0.09, \"ry\": 270.21, \"rz\": 0.0, \"speed\": 0.13}","natures":[]},{"name":"","description":"","eClass":"Sentence","content":"The environment controller C INVOKES API Control.Weather.Fog(fog_level=Heavy).","natures":[]},{"name":"","description":"","eClass":"Sentence","content":"The test system VALIDATES THAT the Apollo A Status.GetControl is nearly equal to {\"acceleration\": 0.46, \"throttle\": 15.7, \"steering_target\": 0.19, \"brake\": 0.0, \"steering_rate\": 100.0, \"speed\": 4.4}","natures":[]},{"name":"","description":"","eClass":"Sentence","content":"The test system VALIDATES THAT the simulator S Status.GetEnvironment is nearly equal to {\"x\": 164.47, \"y\": 10.12, \"z\": 201.17, \"rain\": 0.0, \"fog\": 1.0, \"wetness\": 0.0, \"timeofday\": 12.0, \"signal\": -1.0, \"rx\": 0.02, \"ry\": 270.04, \"rz\": -0.0, \"speed\": 4.25}","natures":[]},{"name":"","description":"","eClass":"Sentence","content":"The environment controller C INVOKES API Control.Weather.Fog(fog_level=Light).","natures":[]},{"name":"","description":"","eClass":"Sentence","content":"The test system VALIDATES THAT the Apollo A Status.GetControl is nearly equal to {\"acceleration\": 0.4, \"throttle\": 17.02, \"steering_target\": -0.07, \"brake\": 0.0, \"steering_rate\": 100.0, \"speed\": 4.8}","natures":[]},{"name":"","description":"","eClass":"Sentence","content":"The test system VALIDATES THAT the simulator S Status.GetEnvironment is nearly equal to {\"x\": 146.65, \"y\": 10.12, \"z\": 201.13, \"rain\": 0.0, \"fog\": 0.2, \"wetness\": 0.0, \"timeofday\": 12.0, \"signal\": -1.0, \"rx\": 359.97, \"ry\": 269.84, \"rz\": 0.0, \"speed\": 4.8}","natures":[]},{"name":"","description":"","eClass":"Sentence","content":"The environment controller C INVOKES API Control.Weather.Rain(rain_level=Moderate).","natures":[]},{"name":"","description":"","eClass":"Sentence","content":"The test system VALIDATES THAT the Apollo A Status.GetControl is nearly equal to {\"acceleration\": 0.59, \"throttle\": 15.7, \"steering_target\": -25.35, \"brake\": 0.0, \"steering_rate\": 100.0, \"speed\": 4.97}","natures":[]},{"name":"","description":"","eClass":"Sentence","content":"The test system VALIDATES THAT the simulator S Status.GetEnvironment is nearly equal to {\"x\": 126.39, \"y\": 10.12, \"z\": 202.99, \"rain\": 0.5, \"fog\": 0.0, \"wetness\": 0.5, \"timeofday\": 12.0, \"signal\": -1.0, \"rx\": 0.02, \"ry\": 291.14, \"rz\": 0.33, \"speed\": 4.97}","natures":[]},{"name":"","description":"","eClass":"Sentence","content":"The environment controller C INVOKES API Control.Agents.NPCVehicle.NPCVehicleMaintainLane(which_lane=Current_Lane&which_car=SUV).","natures":[]},{"name":"","description":"","eClass":"Sentence","content":"The test system VALIDATES THAT the Apollo A Status.GetControl is nearly equal to {\"acceleration\": -0.07, \"throttle\": 0.0, \"steering_target\": -4.12, \"brake\": 48.6, \"steering_rate\": 100.0, \"speed\": 0.0}","natures":[]},{"name":"","description":"","eClass":"Sentence","content":"The test system VALIDATES THAT the simulator S Status.GetEnvironment is nearly equal to {\"x\": 116.58, \"y\": 10.12, \"z\": 209.82, \"rain\": 0.5, \"fog\": 0.0, \"wetness\": 0.5, \"timeofday\": 12.0, \"signal\": -1.0, \"rx\": 359.53, \"ry\": 310.4, \"rz\": 358.46, \"speed\": 0.0}","natures":[]},{"name":"","description":"","eClass":"Sentence","content":"The environment controller C INVOKES API Control.Agents.NPCVehicle.NPCVehicleMaintainLane(which_lane=Right_Lane&which_car=Jeep).","natures":[]},{"name":"","description":"","eClass":"Sentence","content":"The test system VALIDATES THAT the Apollo A Status.GetControl is nearly equal to {\"acceleration\": 0.39, \"throttle\": 58.17, \"steering_target\": -3.96, \"brake\": 0.0, \"steering_rate\": 100.0, \"speed\": 0.07}","natures":[]},{"name":"","description":"","eClass":"Sentence","content":"The test system VALIDATES THAT the simulator S Status.GetEnvironment is nearly equal to {\"x\": 116.3, \"y\": 10.12, \"z\": 210.15, \"rain\": 0.5, \"fog\": 0.0, \"wetness\": 0.5, \"timeofday\": 12.0, \"signal\": -1.0, \"rx\": 359.5, \"ry\": 310.56, \"rz\": 358.8, \"speed\": 0.08}","natures":[]},{"name":"","description":"","eClass":"Sentence","content":"The environment controller C INVOKES API Control.Weather.Wetness(wetness_level=Heavy).","natures":[]},{"name":"","description":"","eClass":"Sentence","content":"The test system VALIDATES THAT the Apollo A Status.GetControl is nearly equal to {\"acceleration\": 0.21, \"throttle\": 15.7, \"steering_target\": -0.0, \"brake\": 0.0, \"steering_rate\": 100.0, \"speed\": 0.01}","natures":[]},{"name":"","description":"","eClass":"Sentence","content":"The test system VALIDATES THAT the simulator S Status.GetEnvironment is nearly equal to {\"x\": 116.2, \"y\": 10.12, \"z\": 210.29, \"rain\": 0.0, \"fog\": 0.0, \"wetness\": 1.0, \"timeofday\": 12.0, \"signal\": 1.0, \"rx\": 359.91, \"ry\": 310.62, \"rz\": 359.31, \"speed\": 0.01}","natures":[]},{"name":"","description":"","eClass":"Sentence","content":"The environment controller C INVOKES API Control.Agents.NPCVehicle.NPCVehicleMaintainLane(which_lane=Left_Lane&which_car=SUV).","natures":[]},{"name":"","description":"","eClass":"Sentence","content":"The test system VALIDATES THAT the Apollo A Status.GetControl is nearly equal to {\"acceleration\": 0.21, \"throttle\": 15.7, \"steering_target\": -0.0, \"brake\": 0.0, \"steering_rate\": 100.0, \"speed\": 0.0}","natures":[]},{"name":"","description":"","eClass":"Sentence","content":"The test system VALIDATES THAT the simulator S Status.GetEnvironment is nearly equal to {\"x\": 116.21, \"y\": 10.12, \"z\": 210.3, \"rain\": 0.0, \"fog\": 0.0, \"wetness\": 1.0, \"timeofday\": 12.0, \"signal\": 1.0, \"rx\": 359.96, \"ry\": 310.74, \"rz\": 359.97, \"speed\": 0.0}","natures":[]},{"name":"","description":"","eClass":"Sentence","content":"The environment controller C INVOKES API Control.TimeOfDay(time_of_day=Morning).","natures":[]},{"name":"","description":"","eClass":"Sentence","content":"The test system VALIDATES THAT the Apollo A Status.GetControl is nearly equal to {\"acceleration\": 0.14, \"throttle\": 15.7, \"steering_target\": 12.33, \"brake\": 0.0, \"steering_rate\": 100.0, \"speed\": 0.11}","natures":[]},{"name":"","description":"","eClass":"Sentence","content":"The test system VALIDATES THAT the simulator S Status.GetEnvironment is nearly equal to {\"x\": 116.13, \"y\": 10.12, \"z\": 210.38, \"rain\": 0.0, \"fog\": 0.0, \"wetness\": 1.0, \"timeofday\": 10.0, \"signal\": 1.0, \"rx\": 359.78, \"ry\": 310.11, \"rz\": 359.28, \"speed\": 0.01}","natures":[]},{"name":"","description":"","eClass":"Sentence","content":"The environment controller C INVOKES API Control.Agents.NPCVehicle.NPCVehicleSwitchLane(which_lane=Current_Lane&which_car=Jeep).","natures":[]},{"name":"","description":"","eClass":"Sentence","content":"The test system VALIDATES THAT the Apollo A Status.GetControl is nearly equal to {\"acceleration\": 0.0, \"throttle\": 0.0, \"steering_target\": 0.0, \"brake\": 50.0, \"steering_rate\": 0.0, \"speed\": 0.0}","natures":[]},{"name":"","description":"","eClass":"Sentence","content":"The test system VALIDATES THAT the simulator S Status.GetEnvironment is nearly equal to {\"x\": 116.14, \"y\": 10.12, \"z\": 210.39, \"rain\": 0.0, \"fog\": 0.0, \"wetness\": 1.0, \"timeofday\": 10.0, \"signal\": 1.0, \"rx\": 359.93, \"ry\": 310.18, \"rz\": 359.86, \"speed\": 0.0}","natures":[]},{"name":"","description":"","eClass":"Sentence","content":"The environment controller C INVOKES API Control.Agents.NPCVehicle.NPCVehicleMaintainLane(which_lane=Right_Lane&which_car=Hatchback).","natures":[]},{"name":"","description":"","eClass":"Sentence","content":"The test system VALIDATES THAT the Apollo A Status.GetControl is nearly equal to {\"acceleration\": 0.3, \"throttle\": 35.67, \"steering_target\": 12.63, \"brake\": 0.0, \"steering_rate\": 100.0, \"speed\": 0.0}","natures":[]},{"name":"","description":"","eClass":"Sentence","content":"The test system VALIDATES THAT the simulator S Status.GetEnvironment is nearly equal to {\"x\": 116.13, \"y\": 10.12, \"z\": 210.4, \"rain\": 0.0, \"fog\": 0.0, \"wetness\": 1.0, \"timeofday\": 10.0, \"signal\": 0.0, \"rx\": 359.89, \"ry\": 309.99, \"rz\": 359.87, \"speed\": 0.1}","natures":[]},{"name":"","description":"","eClass":"Sentence","content":"The environment controller C INVOKES API Control.Weather.Rain(rain_level=Light).","natures":[]},{"name":"","description":"","eClass":"Sentence","content":"The test system VALIDATES THAT the Apollo A Status.GetControl is nearly equal to {\"acceleration\": 0.16, \"throttle\": 15.7, \"steering_target\": -0.0, \"brake\": 0.0, \"steering_rate\": 100.0, \"speed\": 0.01}","natures":[]},{"name":"","description":"","eClass":"Sentence","content":"","natures":[]}]
