 timestamp= 1619782015000 [START] Now Run TCS Maintain Lane On Road1 Mode: dynamic Roadnum: 1 Second: 4
 timestamp= 1619782015000 [SUCCESS] TCS Check Success 
 timestamp= 1619782018000 [RUN] Run BasicFlow
 timestamp= 1619782018000 [RUN] Generate steps
 timestamp= 1619782018000 [RUN] Validate step: 
The test system VALIDATES THAT the simulator S Status.GetEnvironment is nearly equal to {"x": 213.08, "y": 10.12, "z": 201.88, "rain": 0.0, "fog": 0.0, "wetness": 0.0, "timeofday": 12.0, "signal": -1.0, "rx": 359.92, "ry": 269.88, "rz": 0.0, "speed": 4.74}
 timestamp= 1619782018000 [RES] Validate result: 
true
 timestamp= 1619782018000 [RUN] Execute API step: 
The environment controller C INVOKES API Control.Weather.Fog(fog_level=Heavy).
 timestamp= 1619782022000 [RES] API result: 
{"pose_arr":[{"vx":-0.01,"ay":0.27,"az":9.82,"ax":0,"pz":10.12,"vy":-0.01,"px":553088.41,"py":4182687.9},{"vx":-0.01,"ay":0.46,"az":9.81,"ax":0,"pz":10.12,"vy":-0.01,"px":553084.58,"py":4182687.89},{"vx":-0.01,"ay":0.38,"az":9.81,"ax":0,"pz":10.12,"vy":-0.01,"px":553081.13,"py":4182687.88},{"vx":-0.02,"ay":0.27,"az":9.79,"ax":0,"pz":10.12,"vy":-0.02,"px":553078.02,"py":4182687.87},{"vx":-0.02,"ay":0.83,"az":9.8,"ax":0,"pz":10.12,"vy":-0.02,"px":553073.57,"py":4182687.86},{"vx":-0.02,"ay":0.73,"az":9.81,"ax":0,"pz":10.12,"vy":-0.02,"px":553069.53,"py":4182687.85}],"traffic_light":[3,3,3,3,3,3],"state_arr":[{"acceleration":0.2,"throttle":15.7,"steering_target":0,"brake":0,"steering_rate":100,"speed":4.73},{"acceleration":0.56,"throttle":18.6,"steering_target":0.06,"brake":0,"steering_rate":100,"speed":4.93},{"acceleration":0.5,"throttle":19,"steering_target":0.05,"brake":0,"steering_rate":100,"speed":5.23},{"acceleration":0.89,"throttle":23.93,"steering_target":-0.03,"brake":0,"steering_rate":100,"speed":5.85},{"acceleration":1.02,"throttle":25.99,"steering_target":-0.02,"brake":0,"steering_rate":100,"speed":6.01},{"acceleration":0.89,"throttle":24.84,"steering_target":0.03,"brake":0,"steering_rate":100,"speed":6.33},{"acceleration":0.57,"throttle":15.7,"steering_target":0.03,"brake":0,"steering_rate":100,"speed":6.76}],"obstacle_arr":[[],[],[{"acceleration":{"y":0,"x":0,"z":0},"position":{"y":4182672.43,"x":553089.82,"z":10.35},"volume":35.65,"type":"VEHICLE","velocity":{"y":0,"x":0,"z":0}}],[],[],[]],"action_description":"Heavy fog","ev_state":[190.275039672852,10.1241474151611,201.817993164063,0,1,0,12,-1,359.9755859375,269.835296630859,0.000130119602545165,6.764537460920479],"collision_probability":0}
 timestamp= 1619782022000 [RUN] Validate G1 Guard Condition: 
The ego vehicle E Detection.Collision == True.
 timestamp= 1619782022000 [RES] Global Validate result: 
false
 timestamp= 1619782022000 [RUN] Validate G2 Guard Condition: 
The ego vehicle E Detection.OffRoad == True.
 timestamp= 1619782022000 [RES] Global Validate result: 
false
 timestamp= 1619782022000 [RUN] Validate G3 Guard Condition: 
The ego vehicle E Detection.HardBrake == True.
 timestamp= 1619782022000 [RES] Global Validate result: 
false
 timestamp= 1619782022000 [RUN] Validate G4 Guard Condition: 
The ego vehicle E Detection.ArrivalTest == True.
 timestamp= 1619782022000 [RES] Global Validate result: 
false
 timestamp= 1619782022000 [RUN] Validate step: 
The test system VALIDATES THAT the Apollo A Status.GetControl is nearly equal to {"acceleration": 0.57, "throttle": 15.7, "steering_target": 0.03, "brake": 0.0, "steering_rate": 100.0, "speed": 6.76}
 timestamp= 1619782022000 [RES] Validate result: 
true
 timestamp= 1619782022000 [RUN] Generate steps
 timestamp= 1619782022000 [RUN] Validate step: 
The test system VALIDATES THAT the simulator S Status.GetEnvironment is nearly equal to {"x": 190.28, "y": 10.12, "z": 201.82, "rain": 0.0, "fog": 1.0, "wetness": 0.0, "timeofday": 12.0, "signal": -1.0, "rx": 359.98, "ry": 269.84, "rz": 0.0, "speed": 6.76}
 timestamp= 1619782022000 [RES] Validate result: 
true
 timestamp= 1619782022000 [RUN] Execute API step: 
The environment controller C INVOKES API Control.Agents.NPCVehicle.NPCVehicleMaintainLane(which_lane=Right_Lane&which_car=Hatchback).
 timestamp= 1619782025000 [RES] API result: 
{"pose_arr":[{"vx":-0.02,"ay":0.24,"az":9.82,"ax":0,"pz":10.12,"vy":-0.02,"px":553066.22,"py":4182687.84},{"vx":-0.03,"ay":0.24,"az":9.82,"ax":0,"pz":10.12,"vy":-0.03,"px":553060.82,"py":4182687.83},{"vx":-0.04,"ay":0.24,"az":9.81,"ax":0,"pz":10.12,"vy":-0.04,"px":553055.89,"py":4182687.81},{"vx":-0.05,"ay":0.1,"az":9.74,"ax":0,"pz":10.12,"vy":-0.05,"px":553051.37,"py":4182687.78},{"vx":-0.07,"ay":0.23,"az":9.81,"ax":0,"pz":10.12,"vy":-0.07,"px":553046.12,"py":4182687.75},{"vx":-0.08,"ay":-1.81,"az":9.85,"ax":0.03,"pz":10.13,"vy":-0.08,"px":553040.88,"py":4182687.7}],"traffic_light":[3,3,3,3,2],"state_arr":[{"acceleration":0.59,"throttle":15.7,"steering_target":0.08,"brake":0,"steering_rate":100,"speed":6.96},{"acceleration":0.71,"throttle":15.7,"steering_target":0.1,"brake":0,"steering_rate":100,"speed":7.13},{"acceleration":0.71,"throttle":15.7,"steering_target":0.15,"brake":0,"steering_rate":100,"speed":7.25},{"acceleration":0.62,"throttle":15.7,"steering_target":0.14,"brake":0,"steering_rate":100,"speed":7.4},{"acceleration":0.59,"throttle":15.7,"steering_target":0.26,"brake":0,"steering_rate":100,"speed":7.55},{"acceleration":-1.1,"throttle":0,"steering_target":0.09,"brake":20.95,"steering_rate":100,"speed":7.08},{"acceleration":-1.95,"throttle":0,"steering_target":0.13,"brake":27.99,"steering_rate":100,"speed":6.32}],"obstacle_arr":[[],[{"acceleration":{"y":0,"x":0,"z":0},"position":{"y":4182695.57,"x":553065.43,"z":10.34},"volume":9.45,"type":"VEHICLE","velocity":{"y":0,"x":0,"z":0}}],[{"acceleration":{"y":-1.05,"x":-0.96,"z":0},"position":{"y":4182694.58,"x":553063.94,"z":10.34},"volume":7.35,"type":"VEHICLE","velocity":{"y":-1.08,"x":-1.2,"z":0}}],[{"acceleration":{"y":-1.05,"x":-0.17,"z":0},"position":{"y":4182693.05,"x":553063.23,"z":10.34},"volume":9.95,"type":"VEHICLE","velocity":{"y":-1.9,"x":-1.48,"z":0}}],[{"acceleration":{"y":-2.48,"x":-0.24,"z":0},"position":{"y":4182690.15,"x":553061.41,"z":10.13},"volume":8.02,"type":"VEHICLE","velocity":{"y":-4.06,"x":-1.36,"z":0}}],[{"acceleration":{"y":-1.85,"x":-0.49,"z":0},"position":{"y":4182687.28,"x":553060.22,"z":10.39},"volume":4.03,"type":"VEHICLE","velocity":{"y":-5.24,"x":-1.54,"z":0}}]],"action_description":"NPC vehicle (Hatchback) driving on the right lane","ev_state":[161.476409912109,10.1242246627808,201.613128662109,0,1,0,12,0,0.0925659090280533,269.310089111328,-0.00207751058042049,6.324907194263575],"collision_probability":0}
 timestamp= 1619782025000 [RUN] Validate G1 Guard Condition: 
The ego vehicle E Detection.Collision == True.
 timestamp= 1619782025000 [RES] Global Validate result: 
false
 timestamp= 1619782025000 [RUN] Validate G2 Guard Condition: 
The ego vehicle E Detection.OffRoad == True.
 timestamp= 1619782025000 [RES] Global Validate result: 
false
 timestamp= 1619782025000 [RUN] Validate G3 Guard Condition: 
The ego vehicle E Detection.HardBrake == True.
 timestamp= 1619782025000 [RES] Global Validate result: 
false
 timestamp= 1619782025000 [RUN] Validate G4 Guard Condition: 
The ego vehicle E Detection.ArrivalTest == True.
 timestamp= 1619782025000 [RES] Global Validate result: 
false
 timestamp= 1619782025000 [RUN] Validate step: 
The test system VALIDATES THAT the Apollo A Status.GetControl is nearly equal to {"acceleration": -1.95, "throttle": 0.0, "steering_target": 0.13, "brake": 27.99, "steering_rate": 100.0, "speed": 6.32}
 timestamp= 1619782025000 [RES] Validate result: 
true
 timestamp= 1619782025000 [RUN] Generate steps
 timestamp= 1619782025000 [RUN] Validate step: 
The test system VALIDATES THAT the simulator S Status.GetEnvironment is nearly equal to {"x": 161.48, "y": 10.12, "z": 201.61, "rain": 0.0, "fog": 1.0, "wetness": 0.0, "timeofday": 12.0, "signal": 0.0, "rx": 0.09, "ry": 269.31, "rz": -0.0, "speed": 6.32}
 timestamp= 1619782025000 [RES] Validate result: 
true
 timestamp= 1619782025000 [RUN] Execute API step: 
The environment controller C INVOKES API Control.Weather.Wetness(wetness_level=Heavy).
 timestamp= 1619782029000 [RES] API result: 
{"pose_arr":[{"vx":-0.08,"ay":0,"az":9.81,"ax":0,"pz":10.13,"vy":-0.08,"px":553036.81,"py":4182687.65},{"vx":-0.07,"ay":-1.89,"az":9.81,"ax":0.03,"pz":10.13,"vy":-0.07,"px":553032.86,"py":4182687.6},{"vx":-0.05,"ay":-1.63,"az":9.81,"ax":0.02,"pz":10.13,"vy":-0.05,"px":553029.56,"py":4182687.56},{"vx":-0.04,"ay":-1.49,"az":9.81,"ax":0.02,"pz":10.13,"vy":-0.04,"px":553028.14,"py":4182687.54},{"vx":-0.03,"ay":-1.19,"az":9.81,"ax":0.02,"pz":10.13,"vy":-0.03,"px":553026.26,"py":4182687.51},{"vx":-0.03,"ay":3.24,"az":9.78,"ax":-0.04,"pz":10.12,"vy":-0.03,"px":553024.94,"py":4182687.49}],"traffic_light":[2,2,1,3,3],"state_arr":[{"acceleration":-1.93,"throttle":0,"steering_target":0.12,"brake":30.59,"steering_rate":100,"speed":5.39},{"acceleration":-1.81,"throttle":0,"steering_target":0.02,"brake":29.54,"steering_rate":100,"speed":4.45},{"acceleration":-1.64,"throttle":0,"steering_target":0.02,"brake":27.22,"steering_rate":100,"speed":3.41},{"acceleration":-1.29,"throttle":0,"steering_target":-0.04,"brake":23.86,"steering_rate":100,"speed":2.36},{"acceleration":-0.31,"throttle":0,"steering_target":0,"brake":14.5,"steering_rate":100,"speed":1.74},{"acceleration":0.45,"throttle":19.23,"steering_target":-0.03,"brake":0,"steering_rate":100,"speed":1.99}],"obstacle_arr":[[{"acceleration":{"y":0.21,"x":-1.88,"z":0},"position":{"y":4182685.22,"x":553057.56,"z":10.57},"volume":3.09,"type":"VEHICLE","velocity":{"y":-5.88,"x":-2.4,"z":0}}],[{"acceleration":{"y":0.85,"x":-1.51,"z":0},"position":{"y":4182684.75,"x":553056.56,"z":10.53},"volume":5.24,"type":"VEHICLE","velocity":{"y":-5.29,"x":-3.89,"z":0}}],[{"acceleration":{"y":0.82,"x":-0.69,"z":0},"position":{"y":4182684.73,"x":553054.1,"z":10.47},"volume":3.45,"type":"VEHICLE","velocity":{"y":-0.07,"x":-3.06,"z":0}}],[{"acceleration":{"y":0.07,"x":2.05,"z":0},"position":{"y":4182684.63,"x":553051.89,"z":10.81},"volume":2.3,"type":"VEHICLE","velocity":{"y":-0.08,"x":-1.4,"z":0}}],[{"acceleration":{"y":0.13,"x":-0.81,"z":0},"position":{"y":4182684.53,"x":553048.91,"z":10.53},"volume":4.4,"type":"VEHICLE","velocity":{"y":0.06,"x":-1.98,"z":0}}],[{"acceleration":{"y":-0.09,"x":-1.33,"z":0},"position":{"y":4182684.42,"x":553045.59,"z":10.74},"volume":2.33,"type":"VEHICLE","velocity":{"y":-0.04,"x":-2.89,"z":0}},{"acceleration":{"y":0,"x":0,"z":0},"position":{"y":4182667.31,"x":553002.05,"z":10.6},"volume":2.94,"type":"VEHICLE","velocity":{"y":0,"x":0,"z":0}}]],"action_description":"Heavy wetness","ev_state":[148.274475097656,10.124698638916,201.438140869141,0,0,1,12,-1,359.9599609375,269.247924804688,0.000611040217336267,2.3318865796170685],"collision_probability":0}
 timestamp= 1619782029000 [RUN] Validate G1 Guard Condition: 
The ego vehicle E Detection.Collision == True.
 timestamp= 1619782029000 [RES] Global Validate result: 
false
 timestamp= 1619782029000 [RUN] Validate G2 Guard Condition: 
The ego vehicle E Detection.OffRoad == True.
 timestamp= 1619782029000 [RES] Global Validate result: 
false
 timestamp= 1619782029000 [RUN] Validate G3 Guard Condition: 
The ego vehicle E Detection.HardBrake == True.
 timestamp= 1619782029000 [RES] Global Validate result: 
false
 timestamp= 1619782029000 [RUN] Validate G4 Guard Condition: 
The ego vehicle E Detection.ArrivalTest == True.
 timestamp= 1619782029000 [RES] Global Validate result: 
false
 timestamp= 1619782029000 [RUN] Validate step: 
The test system VALIDATES THAT the Apollo A Status.GetControl is nearly equal to {"acceleration": 0.45, "throttle": 19.23, "steering_target": -0.03, "brake": 0.0, "steering_rate": 100.0, "speed": 1.99}
 timestamp= 1619782029000 [RES] Validate result: 
true
 timestamp= 1619782029000 [RUN] Generate steps
 timestamp= 1619782029000 [RUN] Validate step: 
The test system VALIDATES THAT the simulator S Status.GetEnvironment is nearly equal to {"x": 148.27, "y": 10.12, "z": 201.44, "rain": 0.0, "fog": 0.0, "wetness": 1.0, "timeofday": 12.0, "signal": -1.0, "rx": 359.96, "ry": 269.25, "rz": 0.0, "speed": 2.33}
 timestamp= 1619782029000 [RES] Validate result: 
true
 timestamp= 1619782029000 [RUN] Execute API step: 
The environment controller C INVOKES API Control.Agents.NPCVehicle.NPCVehicleSwitchLane(which_lane=Current_Lane&which_car=Hatchback).
 timestamp= 1619782032000 [RES] API result: 
{"pose_arr":[{"vx":-0.05,"ay":0,"az":9.81,"ax":0,"pz":10.12,"vy":-0.05,"px":553022.07,"py":4182687.46},{"vx":-0.04,"ay":-1.24,"az":9.83,"ax":0.01,"pz":10.13,"vy":-0.04,"px":553019.58,"py":4182687.43},{"vx":-0.03,"ay":-0.61,"az":9.8,"ax":0.01,"pz":10.13,"vy":-0.03,"px":553017.31,"py":4182687.4},{"vx":-0.02,"ay":0.28,"az":9.81,"ax":0,"pz":10.12,"vy":-0.02,"px":553015.46,"py":4182687.38},{"vx":-0.02,"ay":0.87,"az":9.81,"ax":0,"pz":10.12,"vy":-0.02,"px":553014.04,"py":4182687.37},{"vx":0.11,"ay":0.27,"az":9.81,"ax":0,"pz":10.12,"vy":0.11,"px":553010.65,"py":4182687.37}],"traffic_light":[3,3,3,0,0,0,0],"state_arr":[{"acceleration":1.37,"throttle":83.39,"steering_target":-0.16,"brake":0,"steering_rate":100,"speed":2.33},{"acceleration":0.34,"throttle":15.98,"steering_target":-0.19,"brake":0,"steering_rate":100,"speed":3.81},{"acceleration":-1.25,"throttle":0,"steering_target":-0.29,"brake":23.29,"steering_rate":100,"speed":3.64},{"acceleration":-0.5,"throttle":0,"steering_target":-0.33,"brake":14.5,"steering_rate":100,"speed":3.07},{"acceleration":0.34,"throttle":16.04,"steering_target":-0.35,"brake":0,"steering_rate":100,"speed":3.02},{"acceleration":0.79,"throttle":52.88,"steering_target":-0.73,"brake":0,"steering_rate":100,"speed":3.48},{"acceleration":0.26,"throttle":15.7,"steering_target":-4.25,"brake":0,"steering_rate":100,"speed":4.25},{"acceleration":0.39,"throttle":15.7,"steering_target":-11.28,"brake":0,"steering_rate":100,"speed":4.39}],"obstacle_arr":[[{"acceleration":{"y":-0.08,"x":0.31,"z":0},"position":{"y":4182684.39,"x":553041.93,"z":10.52},"volume":3.51,"type":"VEHICLE","velocity":{"y":-0.19,"x":-2.8,"z":0}}],[{"acceleration":{"y":0.27,"x":-0.03,"z":0},"position":{"y":4182684.38,"x":553038.13,"z":10.5},"volume":3.99,"type":"VEHICLE","velocity":{"y":0.03,"x":-2.93,"z":0}},{"acceleration":{"y":0,"x":0,"z":0},"position":{"y":4182686.06,"x":553000.85,"z":10.4},"volume":4.91,"type":"VEHICLE","velocity":{"y":0,"x":0,"z":0}}],[{"acceleration":{"y":0.01,"x":-0.29,"z":0},"position":{"y":4182684.29,"x":553035.1,"z":10.52},"volume":4.7,"type":"VEHICLE","velocity":{"y":-0.02,"x":-3.12,"z":0}},{"acceleration":{"y":0,"x":0,"z":0},"position":{"y":4182683.93,"x":552997.03,"z":10.56},"volume":3.19,"type":"VEHICLE","velocity":{"y":-0.01,"x":-0.05,"z":0}}],[{"acceleration":{"y":0.24,"x":-1.37,"z":0},"position":{"y":4182684.19,"x":553031.89,"z":10.51},"volume":5.57,"type":"VEHICLE","velocity":{"y":0.1,"x":-4.11,"z":0}},{"acceleration":{"y":0,"x":-0.03,"z":0},"position":{"y":4182682.45,"x":552988.95,"z":10.73},"volume":0.53,"type":"VEHICLE","velocity":{"y":-0.18,"x":-9.44,"z":0}}],[{"acceleration":{"y":-0.01,"x":1.34,"z":0},"position":{"y":4182684.2,"x":553030.44,"z":10.5},"volume":5.97,"type":"VEHICLE","velocity":{"y":-0.05,"x":-3.04,"z":0}},{"acceleration":{"y":0,"x":0,"z":0},"position":{"y":4182682.41,"x":552982.94,"z":11.18},"volume":0,"type":"VEHICLE","velocity":{"y":-0.15,"x":-9.43,"z":0}},{"acceleration":{"y":0,"x":0,"z":0},"position":{"y":4182667.42,"x":553002.13,"z":10.91},"volume":2.16,"type":"UNKNOWN","velocity":{"y":0,"x":0,"z":0}}],[{"acceleration":{"y":-0.35,"x":1.32,"z":0},"position":{"y":4182684.16,"x":553028.38,"z":10.42},"volume":5.41,"type":"VEHICLE","velocity":{"y":-0.22,"x":-1.75,"z":0}}]],"action_description":"NPC vehicle (Hatchback) switching lane (current to right)","ev_state":[134.190933227539,10.1245088577271,201.398193359375,0,0,1,12,-1,359.980895996094,271.491149902344,0.0782397016882896,4.393392215196589],"collision_probability":0}
 timestamp= 1619782032000 [RUN] Validate G1 Guard Condition: 
The ego vehicle E Detection.Collision == True.
 timestamp= 1619782032000 [RES] Global Validate result: 
false
 timestamp= 1619782032000 [RUN] Validate G2 Guard Condition: 
The ego vehicle E Detection.OffRoad == True.
 timestamp= 1619782032000 [RES] Global Validate result: 
false
 timestamp= 1619782032000 [RUN] Validate G3 Guard Condition: 
The ego vehicle E Detection.HardBrake == True.
 timestamp= 1619782032000 [RES] Global Validate result: 
false
 timestamp= 1619782032000 [RUN] Validate G4 Guard Condition: 
The ego vehicle E Detection.ArrivalTest == True.
 timestamp= 1619782032000 [RES] Global Validate result: 
false
 timestamp= 1619782032000 [RUN] Validate step: 
The test system VALIDATES THAT the Apollo A Status.GetControl is nearly equal to {"acceleration": 0.39, "throttle": 15.7, "steering_target": -11.28, "brake": 0.0, "steering_rate": 100.0, "speed": 4.39}
 timestamp= 1619782032000 [RES] Validate result: 
true
 timestamp= 1619782032000 [RUN] Generate steps
 timestamp= 1619782032000 [RUN] Validate step: 
The test system VALIDATES THAT the simulator S Status.GetEnvironment is nearly equal to {"x": 134.19, "y": 10.12, "z": 201.4, "rain": 0.0, "fog": 0.0, "wetness": 1.0, "timeofday": 12.0, "signal": -1.0, "rx": 359.98, "ry": 271.49, "rz": 0.08, "speed": 4.39}
 timestamp= 1619782032000 [RES] Validate result: 
true
 timestamp= 1619782032000 [RUN] Execute API step: 
The environment controller C INVOKES API Control.Agents.NPCVehicle.NPCVehicleMaintainLane(which_lane=Current_Lane&which_car=Hatchback).
 timestamp= 1619782036000 [RES] API result: 
{"pose_arr":[{"vx":0.31,"ay":0.5,"az":9.81,"ax":0.26,"pz":10.12,"vy":0.31,"px":553009.1,"py":4182687.39},{"vx":0.8,"ay":0.68,"az":9.81,"ax":0.13,"pz":10.12,"vy":0.8,"px":553006.28,"py":4182687.61},{"vx":1.9,"ay":0.61,"az":9.81,"ax":0.06,"pz":10.12,"vy":1.9,"px":553002.89,"py":4182688.28},{"vx":2.48,"ay":0.29,"az":9.81,"ax":0.13,"pz":10.12,"vy":2.48,"px":553000.04,"py":4182689.4},{"vx":2.87,"ay":0.56,"az":9.8,"ax":0.39,"pz":10.12,"vy":2.87,"px":552997.56,"py":4182690.66},{"vx":3.91,"ay":0.58,"az":9.85,"ax":0.37,"pz":10.12,"vy":3.91,"px":552994.23,"py":4182692.72},{"vx":4.23,"ay":0.19,"az":9.81,"ax":0.15,"pz":10.12,"vy":4.23,"px":552990.2,"py":4182695.76}],"traffic_light":[0,0,0,0,0,0],"state_arr":[{"acceleration":0.57,"throttle":20.09,"steering_target":-14.27,"brake":0,"steering_rate":100,"speed":4.61},{"acceleration":0.59,"throttle":15.7,"steering_target":-23.21,"brake":0,"steering_rate":100,"speed":4.92},{"acceleration":0.88,"throttle":24.96,"steering_target":-16.88,"brake":0,"steering_rate":100,"speed":5.19},{"acceleration":1.22,"throttle":15.7,"steering_target":-9.58,"brake":0,"steering_rate":100,"speed":5.42},{"acceleration":1.37,"throttle":76.92,"steering_target":-12.62,"brake":0,"steering_rate":100,"speed":5.7},{"acceleration":0.67,"throttle":15.7,"steering_target":-3.9,"brake":0,"steering_rate":100,"speed":6.69},{"acceleration":0.57,"throttle":15.7,"steering_target":-1.41,"brake":0,"steering_rate":100,"speed":6.86}],"obstacle_arr":[[{"acceleration":{"y":0.31,"x":1.49,"z":0},"position":{"y":4182684.45,"x":553027.52,"z":10.53},"volume":4,"type":"VEHICLE","velocity":{"y":0.13,"x":-0.62,"z":0}},{"acceleration":{"y":0,"x":0,"z":0},"position":{"y":4182666.74,"x":553002.78,"z":10.59},"volume":5.62,"type":"VEHICLE","velocity":{"y":0,"x":0,"z":0}}],[{"acceleration":{"y":-0.07,"x":0.61,"z":0},"position":{"y":4182684.72,"x":553026.79,"z":10.71},"volume":2.43,"type":"VEHICLE","velocity":{"y":0,"x":0,"z":0}},{"acceleration":{"y":0,"x":0,"z":0},"position":{"y":4182687.39,"x":552997.28,"z":10.56},"volume":1.3,"type":"VEHICLE","velocity":{"y":0,"x":0,"z":0}}],[{"acceleration":{"y":0,"x":0.24,"z":0},"position":{"y":4182685.25,"x":553026.1,"z":10.73},"volume":3.78,"type":"VEHICLE","velocity":{"y":0,"x":0,"z":0}},{"acceleration":{"y":0,"x":0,"z":0},"position":{"y":4182667.03,"x":553003.83,"z":11.14},"volume":1.9,"type":"VEHICLE","velocity":{"y":0,"x":0,"z":0}},{"acceleration":{"y":0,"x":-0.01,"z":0},"position":{"y":4182686.58,"x":552987.61,"z":10.6},"volume":0.78,"type":"VEHICLE","velocity":{"y":0.25,"x":-1.26,"z":0}}],[{"acceleration":{"y":0,"x":0,"z":0},"position":{"y":4182684.35,"x":553025.87,"z":10.94},"volume":2.64,"type":"VEHICLE","velocity":{"y":0,"x":0,"z":0}},{"acceleration":{"y":0,"x":0,"z":0},"position":{"y":4182667.05,"x":553002.63,"z":11.03},"volume":2.54,"type":"VEHICLE","velocity":{"y":0,"x":0,"z":0}},{"acceleration":{"y":0,"x":-0.01,"z":0},"position":{"y":4182687.27,"x":552975.79,"z":10.82},"volume":0.97,"type":"VEHICLE","velocity":{"y":0,"x":0,"z":0}}],[{"acceleration":{"y":0,"x":0,"z":0},"position":{"y":4182684.17,"x":553024.22,"z":10.79},"volume":1.36,"type":"VEHICLE","velocity":{"y":0,"x":0,"z":0}}],[{"acceleration":{"y":0,"x":0,"z":0},"position":{"y":4182683.39,"x":553024.15,"z":11.24},"volume":0,"type":"VEHICLE","velocity":{"y":0,"x":0,"z":0}}],[]],"action_description":"NPC vehicle (Hatchback) driving on the current lane","ev_state":[114.587509155273,10.1241178512573,211.014266967773,0,0,1,12,-1,359.983825683594,308.15576171875,0.0294276401400566,6.861560698280481],"collision_probability":0}
 timestamp= 1619782036000 [RUN] Validate G1 Guard Condition: 
The ego vehicle E Detection.Collision == True.
 timestamp= 1619782036000 [RES] Global Validate result: 
false
 timestamp= 1619782036000 [RUN] Validate G2 Guard Condition: 
The ego vehicle E Detection.OffRoad == True.
 timestamp= 1619782036000 [RES] Global Validate result: 
false
 timestamp= 1619782036000 [RUN] Validate G3 Guard Condition: 
The ego vehicle E Detection.HardBrake == True.
 timestamp= 1619782036000 [RES] Global Validate result: 
false
 timestamp= 1619782036000 [RUN] Validate G4 Guard Condition: 
The ego vehicle E Detection.ArrivalTest == True.
 timestamp= 1619782036000 [RES] Global Validate result: 
false
 timestamp= 1619782036000 [RUN] Validate step: 
The test system VALIDATES THAT the Apollo A Status.GetControl is nearly equal to {"acceleration": 0.57, "throttle": 15.7, "steering_target": -1.41, "brake": 0.0, "steering_rate": 100.0, "speed": 6.86}
 timestamp= 1619782036000 [RES] Validate result: 
true
 timestamp= 1619782036000 [RUN] Generate steps
 timestamp= 1619782036000 [RUN] Validate step: 
The test system VALIDATES THAT the simulator S Status.GetEnvironment is nearly equal to {"x": 114.59, "y": 10.12, "z": 211.01, "rain": 0.0, "fog": 0.0, "wetness": 1.0, "timeofday": 12.0, "signal": -1.0, "rx": 359.98, "ry": 308.16, "rz": 0.03, "speed": 6.86}
 timestamp= 1619782036000 [RES] Validate result: 
true
 timestamp= 1619782036000 [RUN] Execute API step: 
The environment controller C INVOKES API Control.Weather.Rain(rain_level=Moderate).
 timestamp= 1619782039000 [RES] API result: 
{"pose_arr":[{"vx":4.45,"ay":0.65,"az":9.8,"ax":0.53,"pz":10.12,"vy":4.45,"px":552988.02,"py":4182697.47},{"vx":4.67,"ay":0.19,"az":9.81,"ax":0.14,"pz":10.12,"vy":4.67,"px":552984.55,"py":4182700.31},{"vx":4.66,"ay":0.13,"az":9.81,"ax":0.22,"pz":10.12,"vy":4.66,"px":552981.32,"py":4182702.96},{"vx":4.78,"ay":0.59,"az":9.8,"ax":0.49,"pz":10.12,"vy":4.78,"px":552976.77,"py":4182706.62},{"vx":4.85,"ay":0.18,"az":9.81,"ax":0.14,"pz":10.12,"vy":4.85,"px":552972.26,"py":4182710.2},{"vx":4.9,"ay":0,"az":9.81,"ax":0,"pz":10.12,"vy":4.9,"px":552969.11,"py":4182712.66}],"traffic_light":[0,0,3,3,3],"state_arr":[{"acceleration":0.77,"throttle":15.7,"steering_target":-2.25,"brake":0,"steering_rate":100,"speed":7.14},{"acceleration":0.69,"throttle":15.7,"steering_target":1.64,"brake":0,"steering_rate":100,"speed":7.34},{"acceleration":0.57,"throttle":15.7,"steering_target":-0.28,"brake":0,"steering_rate":100,"speed":7.45},{"acceleration":0.85,"throttle":18.9,"steering_target":0.64,"brake":0,"steering_rate":100,"speed":7.6},{"acceleration":0.54,"throttle":15.7,"steering_target":0.57,"brake":0,"steering_rate":100,"speed":7.81},{"acceleration":0.49,"throttle":19.9,"steering_target":0.62,"brake":0,"steering_rate":100,"speed":7.93},{"acceleration":0.22,"throttle":15.7,"steering_target":0.38,"brake":0,"steering_rate":100,"speed":8.17}],"obstacle_arr":[[],[],[],[],[],[]],"action_description":"Moderate rain","ev_state":[90.854606628418,10.1238174438477,229.935165405273,0.5,0,0.5,12,-1,359.976257324219,307.483276367188,359.978881835938,8.181398004323825],"collision_probability":0}
 timestamp= 1619782039000 [RUN] Validate G1 Guard Condition: 
The ego vehicle E Detection.Collision == True.
 timestamp= 1619782039000 [RES] Global Validate result: 
false
 timestamp= 1619782039000 [RUN] Validate G2 Guard Condition: 
The ego vehicle E Detection.OffRoad == True.
 timestamp= 1619782039000 [RES] Global Validate result: 
false
 timestamp= 1619782039000 [RUN] Validate G3 Guard Condition: 
The ego vehicle E Detection.HardBrake == True.
 timestamp= 1619782039000 [RES] Global Validate result: 
false
 timestamp= 1619782039000 [RUN] Validate G4 Guard Condition: 
The ego vehicle E Detection.ArrivalTest == True.
 timestamp= 1619782039000 [RES] Global Validate result: 
false
 timestamp= 1619782039000 [RUN] Validate step: 
The test system VALIDATES THAT the Apollo A Status.GetControl is nearly equal to {"acceleration": 0.22, "throttle": 15.7, "steering_target": 0.38, "brake": 0.0, "steering_rate": 100.0, "speed": 8.17}
 timestamp= 1619782039000 [RES] Validate result: 
true
 timestamp= 1619782040000 [RUN] Generate steps
 timestamp= 1619782040000 [RUN] Validate step: 
The test system VALIDATES THAT the simulator S Status.GetEnvironment is nearly equal to {"x": 90.85, "y": 10.12, "z": 229.94, "rain": 0.5, "fog": 0.0, "wetness": 0.5, "timeofday": 12.0, "signal": -1.0, "rx": 359.98, "ry": 307.48, "rz": 359.98, "speed": 8.18}
 timestamp= 1619782040000 [RES] Validate result: 
true
 timestamp= 1619782040000 [RUN] Execute API step: 
The environment controller C INVOKES API Control.Agents.NPCVehicle.NPCVehicleMaintainLane(which_lane=Current_Lane&which_car=Hatchback).
 timestamp= 1619782043000 [RES] API result: 
{"pose_arr":[{"vx":4.97,"ay":0.28,"az":9.81,"ax":0.22,"pz":10.12,"vy":4.97,"px":552966.07,"py":4182715.01},{"vx":5.08,"ay":0.32,"az":9.82,"ax":0.24,"pz":10.12,"vy":5.08,"px":552962.52,"py":4182717.73},{"vx":1.45,"ay":-1.94,"az":10.06,"ax":-1.41,"pz":10.1,"vy":1.45,"px":552959.17,"py":4182720.27},{"vx":1.13,"ay":-0.48,"az":9.82,"ax":-0.36,"pz":10.13,"vy":1.13,"px":552957.96,"py":4182721.18},{"vx":0.56,"ay":-1.32,"az":9.81,"ax":-1,"pz":10.13,"vy":0.56,"px":552957.27,"py":4182721.7},{"vx":0.14,"ay":-0.36,"az":9.81,"ax":-0.27,"pz":10.13,"vy":0.14,"px":552956.95,"py":4182721.93},{"vx":0.4,"ay":1.45,"az":9.81,"ax":1.09,"pz":10.12,"vy":0.4,"px":552956.8,"py":4182722.05}],"traffic_light":[3,1,1,3,1],"state_arr":[{"acceleration":0.33,"throttle":15.77,"steering_target":0.37,"brake":0,"steering_rate":100,"speed":8.35},{"acceleration":1.18,"throttle":29.3,"steering_target":0.14,"brake":0,"steering_rate":100,"speed":3.34},{"acceleration":-0.7,"throttle":0,"steering_target":0.09,"brake":17.02,"steering_rate":100,"speed":2.17},{"acceleration":-2.08,"throttle":0,"steering_target":0.1,"brake":32.3,"steering_rate":100,"speed":1.79},{"acceleration":-1.07,"throttle":0,"steering_target":0.15,"brake":22.22,"steering_rate":100,"speed":0.74},{"acceleration":-0.16,"throttle":0,"steering_target":0.18,"brake":14.5,"steering_rate":100,"speed":0.24},{"acceleration":0.15,"throttle":15.7,"steering_target":0.15,"brake":0,"steering_rate":100,"speed":0.66}],"obstacle_arr":[[],[{"acceleration":{"y":0,"x":0,"z":0},"position":{"y":4182721.85,"x":552957.58,"z":10.46},"volume":5.58,"type":"VEHICLE","velocity":{"y":0,"x":0,"z":0}}],[{"acceleration":{"y":0,"x":0,"z":0},"position":{"y":4182723.16,"x":552955.78,"z":10.79},"volume":3.06,"type":"VEHICLE","velocity":{"y":0,"x":0,"z":0}}],[{"acceleration":{"y":0,"x":0,"z":0},"position":{"y":4182724.06,"x":552954.63,"z":10.76},"volume":3.69,"type":"VEHICLE","velocity":{"y":0,"x":0,"z":0}}],[{"acceleration":{"y":-0.63,"x":0.59,"z":0},"position":{"y":4182725.17,"x":552953.18,"z":10.54},"volume":4.67,"type":"VEHICLE","velocity":{"y":1.42,"x":-1.8,"z":0}}],[{"acceleration":{"y":-0.46,"x":0.4,"z":0},"position":{"y":4182726.04,"x":552951.98,"z":10.48},"volume":4.73,"type":"VEHICLE","velocity":{"y":0.76,"x":-1.19,"z":0}}],[{"acceleration":{"y":0.11,"x":-0.04,"z":0},"position":{"y":4182726.62,"x":552951.28,"z":10.52},"volume":4.94,"type":"VEHICLE","velocity":{"y":0.85,"x":-1.06,"z":0}}]],"action_description":"NPC vehicle (Hatchback) driving on the current lane","ev_state":[81.6798858642578,10.1247434616089,236.884918212891,0.5,0,0.5,12,-1,359.921142578125,306.982055664063,-0.000174350076122209,0.7982392337866021],"collision_probability":1}
 timestamp= 1619782043000 [RUN] Validate G1 Guard Condition: 
The ego vehicle E Detection.Collision == True.
 timestamp= 1619782043000 [RES] Global Validate result: 
true
 timestamp= 1619782043000 [RUN] Collision == True
 timestamp= 1619782043000 [RUN] Validate G2 Guard Condition: 
The ego vehicle E Detection.OffRoad == True.
 timestamp= 1619782043000 [RES] Global Validate result: 
false
 timestamp= 1619782043000 [RUN] Validate G3 Guard Condition: 
The ego vehicle E Detection.HardBrake == True.
 timestamp= 1619782043000 [RES] Global Validate result: 
true
 timestamp= 1619782043000 [RUN] HardBrake == True
 timestamp= 1619782043000 [RUN] RESUME STEP @preStep
 timestamp= 1619782043000 [RUN] Resume step basicflow19
 timestamp= 1619782043000 [RUN] Validate G4 Guard Condition: 
The ego vehicle E Detection.ArrivalTest == True.
 timestamp= 1619782043000 [RES] Global Validate result: 
false
 timestamp= 1619782043000 [RUN] Validate step: 
The test system VALIDATES THAT the Apollo A Status.GetControl is nearly equal to {"acceleration": 0.15, "throttle": 15.7, "steering_target": 0.15, "brake": 0.0, "steering_rate": 100.0, "speed": 0.66}
 timestamp= 1619782043000 [RES] Validate result: 
true
 timestamp= 1619782043000 [RUN] Generate steps
 timestamp= 1619782043000 [RUN] Validate step: 
The test system VALIDATES THAT the simulator S Status.GetEnvironment is nearly equal to {"x": 81.68, "y": 10.12, "z": 236.88, "rain": 0.5, "fog": 0.0, "wetness": 0.5, "timeofday": 12.0, "signal": -1.0, "rx": 359.92, "ry": 306.98, "rz": -0.0, "speed": 0.8}
 timestamp= 1619782043000 [RES] Validate result: 
true
 timestamp= 1619782043000 [RUN] Execute API step: 
The environment controller C INVOKES API Control.Agents.Pedestrians.WalkRandomly(which_lane=Left_Lane).
 timestamp= 1619782047000 [RES] API result: 
{"pose_arr":[{"vx":0.87,"ay":2.18,"az":9.8,"ax":1.64,"pz":10.12,"vy":0.87,"px":552956.4,"py":4182722.35},{"vx":0.97,"ay":-0.38,"az":9.82,"ax":-0.29,"pz":10.12,"vy":0.97,"px":552955.74,"py":4182722.85},{"vx":0.75,"ay":-0.38,"az":9.81,"ax":-0.28,"pz":10.13,"vy":0.75,"px":552954.87,"py":4182723.5},{"vx":0.58,"ay":-0.37,"az":9.81,"ax":-0.28,"pz":10.13,"vy":0.58,"px":552954.33,"py":4182723.91},{"vx":0.4,"ay":-0.37,"az":9.81,"ax":-0.28,"pz":10.13,"vy":0.4,"px":552953.93,"py":4182724.21},{"vx":0.21,"ay":-0.4,"az":9.81,"ax":-0.3,"pz":10.13,"vy":0.21,"px":552953.7,"py":4182724.38}],"traffic_light":[1,1,1,3,1,3],"state_arr":[{"acceleration":0.16,"throttle":15.7,"steering_target":0.11,"brake":0,"steering_rate":100,"speed":1.16},{"acceleration":-0.01,"throttle":0,"steering_target":0.05,"brake":14.5,"steering_rate":100,"speed":1.61},{"acceleration":-0.2,"throttle":0,"steering_target":0.05,"brake":14.5,"steering_rate":100,"speed":1.32},{"acceleration":-0.48,"throttle":0,"steering_target":0.03,"brake":14.5,"steering_rate":100,"speed":1.08},{"acceleration":-0.56,"throttle":0,"steering_target":0.02,"brake":15.09,"steering_rate":100,"speed":0.85},{"acceleration":-0.6,"throttle":0,"steering_target":0.02,"brake":15.67,"steering_rate":100,"speed":0.53},{"acceleration":-0.56,"throttle":0,"steering_target":0.03,"brake":16.32,"steering_rate":100,"speed":0.17}],"obstacle_arr":[[{"acceleration":{"y":-0.32,"x":0.15,"z":0},"position":{"y":4182726.94,"x":552950.91,"z":10.43},"volume":2.98,"type":"VEHICLE","velocity":{"y":0.73,"x":-1.13,"z":0}}],[{"acceleration":{"y":0.12,"x":-0.07,"z":0},"position":{"y":4182728.27,"x":552949.25,"z":10.44},"volume":5.08,"type":"VEHICLE","velocity":{"y":0.97,"x":-1.28,"z":0}}],[{"acceleration":{"y":0.05,"x":0.01,"z":0},"position":{"y":4182728.95,"x":552948.25,"z":10.48},"volume":4.42,"type":"VEHICLE","velocity":{"y":0.91,"x":-1.23,"z":0}}],[{"acceleration":{"y":-0.62,"x":0.61,"z":0},"position":{"y":4182729.37,"x":552947.65,"z":10.51},"volume":2.55,"type":"VEHICLE","velocity":{"y":0.62,"x":-0.82,"z":0}}],[{"acceleration":{"y":0.28,"x":-0.2,"z":0},"position":{"y":4182730.29,"x":552946.57,"z":10.56},"volume":4.53,"type":"VEHICLE","velocity":{"y":0.93,"x":-1.08,"z":0}}],[{"acceleration":{"y":1.21,"x":1,"z":0},"position":{"y":4182730.33,"x":552946.43,"z":10.56},"volume":1.43,"type":"VEHICLE","velocity":{"y":1.83,"x":-0.36,"z":0}},{"acceleration":{"y":0,"x":0,"z":0},"position":{"y":4182730.35,"x":552951.74,"z":10.34},"volume":0.82,"type":"PEDESTRIAN","velocity":{"y":0,"x":0,"z":0}}]],"action_description":"Pedestrian crossing the road (left to right)","ev_state":[78.5508117675781,10.1248273849487,239.238632202148,0.5,0,0.5,12,1,0.0351949222385883,306.953063964844,0.000119154799904209,0.038386538460633945],"collision_probability":0}
 timestamp= 1619782047000 [RUN] Validate G1 Guard Condition: 
The ego vehicle E Detection.Collision == True.
 timestamp= 1619782047000 [RES] Global Validate result: 
false
 timestamp= 1619782047000 [RUN] Validate G2 Guard Condition: 
The ego vehicle E Detection.OffRoad == True.
 timestamp= 1619782047000 [RES] Global Validate result: 
false
 timestamp= 1619782047000 [RUN] Validate G3 Guard Condition: 
The ego vehicle E Detection.HardBrake == True.
 timestamp= 1619782047000 [RES] Global Validate result: 
false
 timestamp= 1619782047000 [RUN] Validate G4 Guard Condition: 
The ego vehicle E Detection.ArrivalTest == True.
 timestamp= 1619782047000 [RES] Global Validate result: 
false
 timestamp= 1619782047000 [RUN] Validate step: 
The test system VALIDATES THAT the Apollo A Status.GetControl is nearly equal to {"acceleration": -0.56, "throttle": 0.0, "steering_target": 0.03, "brake": 16.32, "steering_rate": 100.0, "speed": 0.17}
 timestamp= 1619782047000 [RES] Validate result: 
true
 timestamp= 1619782047000 [RUN] Generate steps
 timestamp= 1619782047000 [RUN] Validate step: 
The test system VALIDATES THAT the simulator S Status.GetEnvironment is nearly equal to {"x": 78.55, "y": 10.12, "z": 239.24, "rain": 0.5, "fog": 0.0, "wetness": 0.5, "timeofday": 12.0, "signal": 1.0, "rx": 0.04, "ry": 306.95, "rz": 0.0, "speed": 0.04}
 timestamp= 1619782047000 [RES] Validate result: 
true
 timestamp= 1619782047000 [RUN] Execute API step: 
The environment controller C INVOKES API Control.Agents.NPCVehicle.NPCVehicleSwitchLane(which_lane=Current_Lane&which_car=Jeep).
 timestamp= 1619782050000 [RES] API result: 
{"pose_arr":[{"vx":0.06,"ay":-0.45,"az":9.81,"ax":-0.34,"pz":10.13,"vy":0.06,"px":552953.62,"py":4182724.44},{"vx":0,"ay":0,"az":9.81,"ax":0,"pz":10.12,"vy":0,"px":552953.61,"py":4182724.45},{"vx":0.28,"ay":1.31,"az":9.81,"ax":0.98,"pz":10.12,"vy":0.28,"px":552953.57,"py":4182724.48},{"vx":0.77,"ay":0.27,"az":9.81,"ax":0.09,"pz":10.12,"vy":0.77,"px":552952.96,"py":4182724.92},{"vx":1.12,"ay":0.25,"az":9.83,"ax":0.12,"pz":10.12,"vy":1.12,"px":552951.89,"py":4182725.63},{"vx":1.2,"ay":0.96,"az":9.8,"ax":0.85,"pz":10.12,"vy":1.2,"px":552950.85,"py":4182726.22},{"vx":1.9,"ay":0.59,"az":9.83,"ax":0.01,"pz":10.12,"vy":1.9,"px":552948.41,"py":4182727.44}],"traffic_light":[3,3,3,3,0,0],"state_arr":[{"acceleration":-0.95,"throttle":0,"steering_target":0.04,"brake":58.66,"steering_rate":100,"speed":0},{"acceleration":-0.03,"throttle":0,"steering_target":0.04,"brake":47.31,"steering_rate":100,"speed":0},{"acceleration":0.74,"throttle":75.43,"steering_target":13.55,"brake":0,"steering_rate":100,"speed":0.63},{"acceleration":0.58,"throttle":81.72,"steering_target":35.07,"brake":0,"steering_rate":100,"speed":1.54},{"acceleration":0.4,"throttle":16.9,"steering_target":22.96,"brake":0,"steering_rate":100,"speed":2.45},{"acceleration":0.65,"throttle":21.76,"steering_target":10.23,"brake":0,"steering_rate":100,"speed":3.03},{"acceleration":0.61,"throttle":21,"steering_target":-3.99,"brake":0,"steering_rate":100,"speed":4}],"obstacle_arr":[[{"acceleration":{"y":0.6,"x":0.77,"z":0},"position":{"y":4182731.92,"x":552944.37,"z":10.47},"volume":8.32,"type":"VEHICLE","velocity":{"y":2.05,"x":-1.32,"z":0}}],[{"acceleration":{"y":-0.66,"x":-0.54,"z":0},"position":{"y":4182731.99,"x":552944.32,"z":10.54},"volume":0.84,"type":"VEHICLE","velocity":{"y":1.08,"x":-1.79,"z":0}},{"acceleration":{"y":0,"x":0,"z":0},"position":{"y":4182737.35,"x":552936.52,"z":10.57},"volume":5.72,"type":"VEHICLE","velocity":{"y":0,"x":0,"z":0}}],[{"acceleration":{"y":-0.4,"x":2.47,"z":0},"position":{"y":4182732.56,"x":552943.66,"z":10.59},"volume":0.82,"type":"VEHICLE","velocity":{"y":0,"x":0,"z":0}},{"acceleration":{"y":0,"x":0,"z":0},"position":{"y":4182738.22,"x":552934.84,"z":10.39},"volume":6.13,"type":"VEHICLE","velocity":{"y":0,"x":0,"z":0}}],[{"acceleration":{"y":-0.04,"x":0.53,"z":0},"position":{"y":4182733.04,"x":552943.23,"z":10.64},"volume":0.65,"type":"VEHICLE","velocity":{"y":0,"x":0,"z":0}},{"acceleration":{"y":0.76,"x":-1.32,"z":0},"position":{"y":4182739.02,"x":552933.49,"z":10.37},"volume":5.82,"type":"VEHICLE","velocity":{"y":0.45,"x":-0.83,"z":0}},{"acceleration":{"y":0,"x":0,"z":0},"position":{"y":4182730.3,"x":552951.89,"z":10.35},"volume":0.54,"type":"PEDESTRIAN","velocity":{"y":0,"x":0,"z":0}}],[{"acceleration":{"y":0,"x":0.01,"z":0},"position":{"y":4182734.83,"x":552940.53,"z":10.4},"volume":7.34,"type":"VEHICLE","velocity":{"y":0,"x":0,"z":0}},{"acceleration":{"y":1.06,"x":-1.88,"z":0},"position":{"y":4182740.57,"x":552929.77,"z":10.89},"volume":2.21,"type":"VEHICLE","velocity":{"y":1.27,"x":-2.48,"z":0}},{"acceleration":{"y":0,"x":0,"z":0},"position":{"y":4182730.31,"x":552951.86,"z":10.34},"volume":0.97,"type":"PEDESTRIAN","velocity":{"y":0,"x":0,"z":0}}],[{"acceleration":{"y":0,"x":0,"z":0},"position":{"y":4182734.56,"x":552941.01,"z":10.51},"volume":3.88,"type":"VEHICLE","velocity":{"y":0,"x":0,"z":0}},{"acceleration":{"y":1.17,"x":-2.79,"z":0},"position":{"y":4182741.4,"x":552927.39,"z":10.66},"volume":3.48,"type":"VEHICLE","velocity":{"y":2.22,"x":-4.51,"z":0}},{"acceleration":{"y":0,"x":0,"z":0},"position":{"y":4182730.96,"x":552951.5,"z":10.34},"volume":5.71,"type":"PEDESTRIAN","velocity":{"y":0,"x":0,"z":0}}],[{"acceleration":{"y":0,"x":0,"z":0},"position":{"y":4182736.04,"x":552939.21,"z":10.36},"volume":8.53,"type":"VEHICLE","velocity":{"y":0,"x":0,"z":0}},{"acceleration":{"y":1.84,"x":-2.38,"z":0},"position":{"y":4182742.16,"x":552925.04,"z":10.79},"volume":0.17,"type":"VEHICLE","velocity":{"y":3.58,"x":-6.64,"z":0}}]],"action_description":"NPC vehicle (Jeep) switching lane (current to right)","ev_state":[72.0319290161133,10.1245336532593,242.664566040039,0.5,0,0.5,12,1,359.971374511719,297.639251708984,0.0662139803171158,4.194948058429067],"collision_probability":0}
 timestamp= 1619782050000 [RUN] Validate G1 Guard Condition: 
The ego vehicle E Detection.Collision == True.
 timestamp= 1619782050000 [RES] Global Validate result: 
false
 timestamp= 1619782050000 [RUN] Validate G2 Guard Condition: 
The ego vehicle E Detection.OffRoad == True.
 timestamp= 1619782050000 [RES] Global Validate result: 
false
 timestamp= 1619782050000 [RUN] Validate G3 Guard Condition: 
The ego vehicle E Detection.HardBrake == True.
 timestamp= 1619782050000 [RES] Global Validate result: 
false
 timestamp= 1619782050000 [RUN] Validate G4 Guard Condition: 
The ego vehicle E Detection.ArrivalTest == True.
 timestamp= 1619782050000 [RES] Global Validate result: 
false
 timestamp= 1619782050000 [RUN] Validate step: 
The test system VALIDATES THAT the Apollo A Status.GetControl is nearly equal to {"acceleration": 0.61, "throttle": 21.0, "steering_target": -3.99, "brake": 0.0, "steering_rate": 100.0, "speed": 4.0}
 timestamp= 1619782050000 [RES] Validate result: 
true
 timestamp= 1619782050000 [RUN] Generate steps
 timestamp= 1619782050000 [RUN] Validate step: 
The test system VALIDATES THAT the simulator S Status.GetEnvironment is nearly equal to {"x": 72.03, "y": 10.12, "z": 242.66, "rain": 0.5, "fog": 0.0, "wetness": 0.5, "timeofday": 12.0, "signal": 1.0, "rx": 359.97, "ry": 297.64, "rz": 0.07, "speed": 4.19}
 timestamp= 1619782050000 [RES] Validate result: 
true
 timestamp= 1619782050000 [RUN] Execute API step: 
The environment controller C INVOKES API Control.Agents.Pedestrians.WalkRandomly(which_lane=Left_Lane).
 timestamp= 1619782054000 [RES] API result: 
{"pose_arr":[{"vx":2.09,"ay":0.43,"az":9.81,"ax":0.39,"pz":10.12,"vy":2.09,"px":552946.82,"py":4182728.26},{"vx":2.07,"ay":0.49,"az":9.81,"ax":0.17,"pz":10.12,"vy":2.07,"px":552944.55,"py":4182729.54},{"vx":2.75,"ay":0.13,"az":9.81,"ax":0.18,"pz":10.12,"vy":2.75,"px":552942.48,"py":4182730.67},{"vx":1.66,"ay":-2.71,"az":9.84,"ax":-1.48,"pz":10.13,"vy":1.66,"px":552939.99,"py":4182732.42},{"vx":2.1,"ay":0.18,"az":9.8,"ax":0.2,"pz":10.13,"vy":2.1,"px":552938.36,"py":4182733.4},{"vx":1.67,"ay":-1.57,"az":9.81,"ax":-1.28,"pz":10.13,"vy":1.67,"px":552936.89,"py":4182734.41},{"vx":1.13,"ay":-1.66,"az":9.82,"ax":-1.22,"pz":10.13,"vy":1.13,"px":552935.77,"py":4182735.23}],"traffic_light":[0,0,3,0,0,3],"state_arr":[{"acceleration":0.61,"throttle":20.84,"steering_target":-7.19,"brake":0,"steering_rate":100,"speed":4.19},{"acceleration":0.54,"throttle":15.7,"steering_target":13.65,"brake":0,"steering_rate":100,"speed":4.48},{"acceleration":0.43,"throttle":15.7,"steering_target":-32.51,"brake":0,"steering_rate":100,"speed":4.63},{"acceleration":-0.91,"throttle":0,"steering_target":32.58,"brake":31.32,"steering_rate":100,"speed":4.68},{"acceleration":0.14,"throttle":15.7,"steering_target":-20.03,"brake":0,"steering_rate":100,"speed":3.57},{"acceleration":-1.86,"throttle":0,"steering_target":-9.77,"brake":29.26,"steering_rate":100,"speed":3.33},{"acceleration":-1.21,"throttle":0,"steering_target":-0.7,"brake":22.92,"steering_rate":100,"speed":2.5},{"acceleration":-2,"throttle":0,"steering_target":-0.84,"brake":31.65,"steering_rate":100,"speed":1.78}],"obstacle_arr":[[{"acceleration":{"y":0,"x":0,"z":0},"position":{"y":4182736.04,"x":552938.96,"z":10.38},"volume":8.9,"type":"VEHICLE","velocity":{"y":0,"x":0,"z":0}},{"acceleration":{"y":0.97,"x":-1.13,"z":0},"position":{"y":4182742.46,"x":552924.19,"z":10.79},"volume":0.28,"type":"VEHICLE","velocity":{"y":4.27,"x":-7.47,"z":0}}],[{"acceleration":{"y":0,"x":0,"z":0},"position":{"y":4182736.34,"x":552938.84,"z":10.37},"volume":8.52,"type":"VEHICLE","velocity":{"y":0,"x":0,"z":0}},{"acceleration":{"y":-0.32,"x":0.75,"z":0},"position":{"y":4182744.16,"x":552922.65,"z":10.37},"volume":3.65,"type":"VEHICLE","velocity":{"y":4.42,"x":-7.44,"z":0}}],[{"acceleration":{"y":0,"x":0,"z":0},"position":{"y":4182736.21,"x":552937.98,"z":10.37},"volume":8.92,"type":"VEHICLE","velocity":{"y":0,"x":0,"z":0}},{"acceleration":{"y":-1.16,"x":1.59,"z":0},"position":{"y":4182742.36,"x":552921.63,"z":10.77},"volume":0.21,"type":"VEHICLE","velocity":{"y":3.87,"x":-6.61,"z":0}}],[{"acceleration":{"y":0,"x":0,"z":0},"position":{"y":4182736.97,"x":552937.77,"z":10.41},"volume":9.23,"type":"VEHICLE","velocity":{"y":0,"x":0,"z":0}},{"acceleration":{"y":-1.47,"x":1.93,"z":0},"position":{"y":4182745.67,"x":552921,"z":10.63},"volume":0.69,"type":"VEHICLE","velocity":{"y":2.96,"x":-5.44,"z":0}},{"acceleration":{"y":0,"x":0,"z":0},"position":{"y":4182735.7,"x":552928.38,"z":10.59},"volume":0.07,"type":"PEDESTRIAN","velocity":{"y":0,"x":0,"z":0}},{"acceleration":{"y":0,"x":0,"z":0},"position":{"y":4182709.63,"x":552948.3,"z":10.79},"volume":0.06,"type":"PEDESTRIAN","velocity":{"y":0,"x":0,"z":0}}],[{"acceleration":{"y":0,"x":0,"z":0},"position":{"y":4182737.08,"x":552937.16,"z":10.37},"volume":11.32,"type":"VEHICLE","velocity":{"y":0,"x":0,"z":0}},{"acceleration":{"y":-0.83,"x":1.44,"z":0},"position":{"y":4182746.66,"x":552917.26,"z":10.81},"volume":2.45,"type":"VEHICLE","velocity":{"y":2.12,"x":-4.22,"z":0}}],[{"acceleration":{"y":0,"x":0,"z":0},"position":{"y":4182738.03,"x":552936.38,"z":10.39},"volume":6.62,"type":"VEHICLE","velocity":{"y":0,"x":0,"z":0}},{"acceleration":{"y":-0.54,"x":1.08,"z":0},"position":{"y":4182749.48,"x":552915.01,"z":10.87},"volume":1.85,"type":"VEHICLE","velocity":{"y":1.66,"x":-3.33,"z":0}}],[{"acceleration":{"y":0.39,"x":-0.4,"z":0},"position":{"y":4182738.68,"x":552935.68,"z":10.41},"volume":6.07,"type":"VEHICLE","velocity":{"y":0.75,"x":-1.02,"z":0}},{"acceleration":{"y":0,"x":0,"z":0},"position":{"y":4182736.61,"x":552929.55,"z":10.42},"volume":0.27,"type":"PEDESTRIAN","velocity":{"y":0,"x":0,"z":0}}]],"action_description":"Pedestrian crossing the road (left to right)","ev_state":[60.2064895629883,10.124849319458,250.372680664063,0.5,0,0.5,12,1,0.114817932248116,306.30126953125,0.000171715539181605,1.0862736293483586],"collision_probability":0.543}
 timestamp= 1619782054000 [RUN] Validate G1 Guard Condition: 
The ego vehicle E Detection.Collision == True.
 timestamp= 1619782054000 [RES] Global Validate result: 
false
 timestamp= 1619782054000 [RUN] Validate G2 Guard Condition: 
The ego vehicle E Detection.OffRoad == True.
 timestamp= 1619782054000 [RES] Global Validate result: 
false
 timestamp= 1619782054000 [RUN] Validate G3 Guard Condition: 
The ego vehicle E Detection.HardBrake == True.
 timestamp= 1619782054000 [RES] Global Validate result: 
false
 timestamp= 1619782054000 [RUN] Validate G4 Guard Condition: 
The ego vehicle E Detection.ArrivalTest == True.
 timestamp= 1619782054000 [RES] Global Validate result: 
false
 timestamp= 1619782054000 [RUN] Validate step: 
The test system VALIDATES THAT the Apollo A Status.GetControl is nearly equal to {"acceleration": -2.0, "throttle": 0.0, "steering_target": -0.84, "brake": 31.65, "steering_rate": 100.0, "speed": 1.78}
 timestamp= 1619782054000 [RES] Validate result: 
true
 timestamp= 1619782054000 [RUN] Generate steps
 timestamp= 1619782054000 [RUN] Validate step: 
The test system VALIDATES THAT the simulator S Status.GetEnvironment is nearly equal to {"x": 60.21, "y": 10.12, "z": 250.37, "rain": 0.5, "fog": 0.0, "wetness": 0.5, "timeofday": 12.0, "signal": 1.0, "rx": 0.11, "ry": 306.3, "rz": 0.0, "speed": 1.09}
 timestamp= 1619782054000 [RES] Validate result: 
true
 timestamp= 1619782054000 [RUN] Execute API step: 
The environment controller C INVOKES API Control.Agents.NPCVehicle.NPCVehicleSwitchLane(which_lane=Current_Lane&which_car=Hatchback).
 timestamp= 1619782058000 [RES] API result: 
{"pose_arr":[{"vx":0.7,"ay":-1.49,"az":9.81,"ax":-1.11,"pz":10.13,"vy":0.7,"px":552935.32,"py":4182735.56},{"vx":0.36,"ay":0,"az":9.81,"ax":0,"pz":10.13,"vy":0.36,"px":552934.94,"py":4182735.84},{"vx":0.11,"ay":-2.36,"az":9.82,"ax":-1.77,"pz":10.13,"vy":0.11,"px":552934.73,"py":4182736},{"vx":0,"ay":0,"az":9.81,"ax":0,"pz":10.13,"vy":0,"px":552934.72,"py":4182736},{"vx":0,"ay":0,"az":9.81,"ax":0,"pz":10.12,"vy":0,"px":552934.72,"py":4182736},{"vx":0,"ay":0,"az":9.81,"ax":0,"pz":10.12,"vy":0,"px":552934.72,"py":4182736},{"vx":0,"ay":0,"az":9.81,"ax":0,"pz":10.12,"vy":0,"px":552934.72,"py":4182736},{"vx":0.08,"ay":0.22,"az":9.81,"ax":0.16,"pz":10.12,"vy":0.08,"px":552934.7,"py":4182736.02}],"traffic_light":[3,3,3,3,3,3,3],"state_arr":[{"acceleration":-1.18,"throttle":0,"steering_target":-1.53,"brake":23.22,"steering_rate":100,"speed":1.09},{"acceleration":-0.25,"throttle":0,"steering_target":-1.83,"brake":14.5,"steering_rate":100,"speed":0.61},{"acceleration":-3,"throttle":0,"steering_target":-1.95,"brake":41.56,"steering_rate":100,"speed":0.37},{"acceleration":-3,"throttle":0,"steering_target":-1.95,"brake":62.81,"steering_rate":100,"speed":0.05},{"acceleration":-3,"throttle":0,"steering_target":-1.95,"brake":69.99,"steering_rate":100,"speed":0},{"acceleration":-3,"throttle":0,"steering_target":-1.95,"brake":69.99,"steering_rate":100,"speed":0},{"acceleration":-3,"throttle":0,"steering_target":-1.95,"brake":69.99,"steering_rate":100,"speed":0},{"acceleration":0.03,"throttle":15.7,"steering_target":-1.95,"brake":0,"steering_rate":100,"speed":0.03}],"obstacle_arr":[[{"acceleration":{"y":0.65,"x":-0.75,"z":0},"position":{"y":4182739.11,"x":552935.19,"z":10.44},"volume":6.29,"type":"VEHICLE","velocity":{"y":1.1,"x":-1.41,"z":0}},{"acceleration":{"y":1.05,"x":0.52,"z":0},"position":{"y":4182737.04,"x":552929.84,"z":10.43},"volume":0.21,"type":"PEDESTRIAN","velocity":{"y":0.54,"x":0.27,"z":0}},{"acceleration":{"y":0,"x":0,"z":0},"position":{"y":4182752.75,"x":552910.64,"z":10.64},"volume":0.11,"type":"VEHICLE","velocity":{"y":1.05,"x":-1.32,"z":0}}],[{"acceleration":{"y":0.1,"x":-0.2,"z":0},"position":{"y":4182739.42,"x":552934.73,"z":10.41},"volume":6.11,"type":"VEHICLE","velocity":{"y":0.99,"x":-1.32,"z":0}},{"acceleration":{"y":0.06,"x":0.09,"z":0},"position":{"y":4182737.35,"x":552930.22,"z":10.43},"volume":0.31,"type":"PEDESTRIAN","velocity":{"y":0.55,"x":0.38,"z":0}},{"acceleration":{"y":0,"x":0,"z":0},"position":{"y":4182737.06,"x":552937.58,"z":10.47},"volume":0.31,"type":"PEDESTRIAN","velocity":{"y":0,"x":0,"z":0}},{"acceleration":{"y":0,"x":0,"z":0},"position":{"y":4182747.74,"x":552919.18,"z":10.47},"volume":1.12,"type":"VEHICLE","velocity":{"y":0,"x":0,"z":0}}],[{"acceleration":{"y":-0.16,"x":0.19,"z":0},"position":{"y":4182739.87,"x":552934.04,"z":10.42},"volume":6.29,"type":"VEHICLE","velocity":{"y":0.7,"x":-1.11,"z":0}},{"acceleration":{"y":0.13,"x":0.35,"z":0},"position":{"y":4182737.77,"x":552930.72,"z":10.43},"volume":0.15,"type":"PEDESTRIAN","velocity":{"y":0.55,"x":0.6,"z":0}},{"acceleration":{"y":0.17,"x":0.9,"z":0},"position":{"y":4182737.17,"x":552938.17,"z":10.39},"volume":0.39,"type":"PEDESTRIAN","velocity":{"y":0.08,"x":0.54,"z":0}},{"acceleration":{"y":1.8,"x":-2.64,"z":0},"position":{"y":4182748.61,"x":552918.09,"z":10.74},"volume":0.13,"type":"VEHICLE","velocity":{"y":1.28,"x":-1.95,"z":0}}],[{"acceleration":{"y":-0.21,"x":0.45,"z":0},"position":{"y":4182740.27,"x":552933.61,"z":10.39},"volume":6.94,"type":"VEHICLE","velocity":{"y":0.56,"x":-0.75,"z":0}},{"acceleration":{"y":-0.04,"x":0.18,"z":0},"position":{"y":4182738.08,"x":552931.04,"z":10.39},"volume":0.31,"type":"PEDESTRIAN","velocity":{"y":0.48,"x":0.68,"z":0}},{"acceleration":{"y":-0.06,"x":0.48,"z":0},"position":{"y":4182737.25,"x":552938.66,"z":10.43},"volume":0.22,"type":"PEDESTRIAN","velocity":{"y":0.06,"x":0.84,"z":0}},{"acceleration":{"y":1.26,"x":-1.78,"z":0},"position":{"y":4182749.49,"x":552916.58,"z":10.59},"volume":0.36,"type":"VEHICLE","velocity":{"y":2.2,"x":-3.12,"z":0}}],[{"acceleration":{"y":-0.22,"x":0.24,"z":0},"position":{"y":4182740.51,"x":552933.21,"z":10.4},"volume":6.99,"type":"VEHICLE","velocity":{"y":0.43,"x":-0.69,"z":0}},{"acceleration":{"y":0.27,"x":0.4,"z":0},"position":{"y":4182738.41,"x":552931.55,"z":10.59},"volume":0.17,"type":"PEDESTRIAN","velocity":{"y":0.73,"x":0.96,"z":0}},{"acceleration":{"y":-0.02,"x":0.67,"z":0},"position":{"y":4182737.3,"x":552939.19,"z":10.13},"volume":0.34,"type":"PEDESTRIAN","velocity":{"y":0.05,"x":1.25,"z":0}},{"acceleration":{"y":1.3,"x":-2.66,"z":0},"position":{"y":4182751.35,"x":552913.64,"z":10.91},"volume":0.41,"type":"VEHICLE","velocity":{"y":2.91,"x":-4.65,"z":0}}],[{"acceleration":{"y":-0.05,"x":0.3,"z":0},"position":{"y":4182741.1,"x":552932.47,"z":10.4},"volume":6.99,"type":"VEHICLE","velocity":{"y":0.56,"x":-0.66,"z":0}},{"acceleration":{"y":-0.2,"x":-0.34,"z":0},"position":{"y":4182738.89,"x":552932.13,"z":10.66},"volume":0.18,"type":"PEDESTRIAN","velocity":{"y":0.62,"x":0.84,"z":0}},{"acceleration":{"y":-0.4,"x":0.06,"z":0},"position":{"y":4182737.25,"x":552939.95,"z":10.13},"volume":0.21,"type":"PEDESTRIAN","velocity":{"y":-0.1,"x":1.32,"z":0}},{"acceleration":{"y":-0.35,"x":-1.4,"z":0},"position":{"y":4182753.79,"x":552910.22,"z":11.28},"volume":0.01,"type":"VEHICLE","velocity":{"y":3.46,"x":-6.14,"z":0}}],[{"acceleration":{"y":-0.25,"x":0.39,"z":0},"position":{"y":4182741.38,"x":552932.11,"z":10.39},"volume":6.7,"type":"VEHICLE","velocity":{"y":0.29,"x":-0.3,"z":0}},{"acceleration":{"y":0.03,"x":-0.13,"z":0},"position":{"y":4182739.22,"x":552932.56,"z":10.65},"volume":0.12,"type":"PEDESTRIAN","velocity":{"y":0.59,"x":0.71,"z":0}},{"acceleration":{"y":-0.01,"x":-0.29,"z":0},"position":{"y":4182737.08,"x":552940.63,"z":10.13},"volume":0.28,"type":"PEDESTRIAN","velocity":{"y":-0.27,"x":1.11,"z":0}},{"acceleration":{"y":-1.43,"x":1.38,"z":0},"position":{"y":4182755.41,"x":552907.45,"z":11.15},"volume":0,"type":"VEHICLE","velocity":{"y":2.28,"x":-5.58,"z":0}}]],"action_description":"NPC vehicle (Hatchback) switching lane (current to right)","ev_state":[59.6276741027832,10.1247940063477,250.804016113281,0.5,0,0.5,12,1,359.984954833984,306.461700439453,0.000317274883855134,0.12933640587815592],"collision_probability":0.343}
 timestamp= 1619782058000 [RUN] Validate G1 Guard Condition: 
The ego vehicle E Detection.Collision == True.
 timestamp= 1619782058000 [RES] Global Validate result: 
false
 timestamp= 1619782058000 [RUN] Validate G2 Guard Condition: 
The ego vehicle E Detection.OffRoad == True.
 timestamp= 1619782058000 [RES] Global Validate result: 
false
 timestamp= 1619782058000 [RUN] Validate G3 Guard Condition: 
The ego vehicle E Detection.HardBrake == True.
 timestamp= 1619782058000 [RES] Global Validate result: 
false
 timestamp= 1619782058000 [RUN] Validate G4 Guard Condition: 
The ego vehicle E Detection.ArrivalTest == True.
 timestamp= 1619782059000 [RES] Global Validate result: 
false
 timestamp= 1619782059000 [RUN] Validate step: 
The test system VALIDATES THAT the Apollo A Status.GetControl is nearly equal to {"acceleration": 0.03, "throttle": 15.7, "steering_target": -1.95, "brake": 0.0, "steering_rate": 100.0, "speed": 0.03}
 timestamp= 1619782059000 [RES] Validate result: 
true
 timestamp= 1619782059000 [RUN] Generate steps
 timestamp= 1619782059000 [RUN] Validate step: 
The test system VALIDATES THAT the simulator S Status.GetEnvironment is nearly equal to {"x": 59.63, "y": 10.12, "z": 250.8, "rain": 0.5, "fog": 0.0, "wetness": 0.5, "timeofday": 12.0, "signal": 1.0, "rx": 359.98, "ry": 306.46, "rz": 0.0, "speed": 0.13}
 timestamp= 1619782059000 [RES] Validate result: 
true
 timestamp= 1619782059000 [RUN] Execute API step: 
The environment controller C INVOKES API Control.Agents.Pedestrians.WalkRandomly(which_lane=Current_Lane).
 timestamp= 1619782063000 [RES] API result: 
{"pose_arr":[{"vx":0.14,"ay":2.34,"az":9.8,"ax":1.76,"pz":10.12,"vy":0.14,"px":552934.69,"py":4182736.03},{"vx":1.75,"ay":3.8,"az":9.8,"ax":2.83,"pz":10.12,"vy":1.75,"px":552933.86,"py":4182736.64},{"vx":1.97,"ay":0.28,"az":9.82,"ax":0.22,"pz":10.12,"vy":1.97,"px":552932.58,"py":4182737.6},{"vx":2.23,"ay":0.73,"az":9.81,"ax":0.56,"pz":10.12,"vy":2.23,"px":552931.02,"py":4182738.78},{"vx":3.05,"ay":2.01,"az":9.82,"ax":1.54,"pz":10.12,"vy":3.05,"px":552929.09,"py":4182740.26},{"vx":3.39,"ay":0.53,"az":9.82,"ax":0.42,"pz":10.12,"vy":3.39,"px":552926.79,"py":4182742.05},{"vx":3.45,"ay":-0.43,"az":9.83,"ax":-0.35,"pz":10.12,"vy":3.45,"px":552924.66,"py":4182743.73}],"traffic_light":[3,3,3,3,2,2,2],"state_arr":[{"acceleration":1.37,"throttle":63.21,"steering_target":-2.2,"brake":0,"steering_rate":100,"speed":0.13},{"acceleration":1.65,"throttle":90.64,"steering_target":-0.48,"brake":0,"steering_rate":100,"speed":1.61},{"acceleration":0.37,"throttle":16.49,"steering_target":-1.25,"brake":0,"steering_rate":100,"speed":3.17},{"acceleration":0.98,"throttle":27.16,"steering_target":-1.58,"brake":0,"steering_rate":100,"speed":3.35},{"acceleration":1.52,"throttle":37.44,"steering_target":-1.5,"brake":0,"steering_rate":100,"speed":3.78},{"acceleration":0.82,"throttle":24.06,"steering_target":-1.07,"brake":0,"steering_rate":100,"speed":5.15},{"acceleration":0.2,"throttle":15.7,"steering_target":-0.91,"brake":0,"steering_rate":100,"speed":5.48},{"acceleration":1.27,"throttle":28.29,"steering_target":-0.68,"brake":0,"steering_rate":100,"speed":5.51}],"obstacle_arr":[[{"acceleration":{"y":0.36,"x":-0.51,"z":0},"position":{"y":4182741.62,"x":552931.73,"z":10.39},"volume":6.6,"type":"VEHICLE","velocity":{"y":0.59,"x":-0.75,"z":0}},{"acceleration":{"y":-0.18,"x":-0.07,"z":0},"position":{"y":4182739.5,"x":552932.89,"z":10.65},"volume":0.24,"type":"PEDESTRIAN","velocity":{"y":0.51,"x":0.73,"z":0}}],[{"acceleration":{"y":-0.08,"x":-0.19,"z":0},"position":{"y":4182741.75,"x":552931.5,"z":10.37},"volume":5.96,"type":"VEHICLE","velocity":{"y":0.44,"x":-0.74,"z":0}},{"acceleration":{"y":-0.18,"x":0.27,"z":0},"position":{"y":4182739.75,"x":552933.55,"z":10.79},"volume":0.15,"type":"PEDESTRIAN","velocity":{"y":0.35,"x":0.88,"z":0}}],[{"acceleration":{"y":0.05,"x":0.03,"z":0},"position":{"y":4182742.35,"x":552930.85,"z":10.39},"volume":6.57,"type":"VEHICLE","velocity":{"y":0.55,"x":-0.65,"z":0}},{"acceleration":{"y":0.41,"x":-0.6,"z":0},"position":{"y":4182740.23,"x":552934.03,"z":10.78},"volume":0.14,"type":"PEDESTRIAN","velocity":{"y":0.83,"x":0.29,"z":0}}],[{"acceleration":{"y":0.41,"x":-0.65,"z":0},"position":{"y":4182742.47,"x":552930.67,"z":10.38},"volume":6.78,"type":"VEHICLE","velocity":{"y":0.83,"x":-1.1,"z":0}},{"acceleration":{"y":-0.05,"x":-0.52,"z":0},"position":{"y":4182740.36,"x":552934.46,"z":10.48},"volume":0.27,"type":"PEDESTRIAN","velocity":{"y":0.7,"x":0.06,"z":0}}],[{"acceleration":{"y":0.24,"x":-0.23,"z":0},"position":{"y":4182742.96,"x":552930.04,"z":10.53},"volume":5.08,"type":"VEHICLE","velocity":{"y":0.96,"x":-1.16,"z":0}},{"acceleration":{"y":-0.31,"x":0.09,"z":0},"position":{"y":4182740.85,"x":552934.79,"z":10.14},"volume":0.41,"type":"PEDESTRIAN","velocity":{"y":0.49,"x":0.16,"z":0}}],[{"acceleration":{"y":-0.34,"x":0.36,"z":0},"position":{"y":4182742.99,"x":552930,"z":10.8},"volume":3.81,"type":"VEHICLE","velocity":{"y":0.58,"x":-0.79,"z":0}}],[{"acceleration":{"y":-0.4,"x":0.7,"z":0},"position":{"y":4182743.37,"x":552929.57,"z":10.59},"volume":5.81,"type":"VEHICLE","velocity":{"y":0.37,"x":-0.37,"z":0}},{"acceleration":{"y":0,"x":0,"z":0},"position":{"y":4182740.4,"x":552936.01,"z":10.13},"volume":0.12,"type":"PEDESTRIAN","velocity":{"y":0,"x":0,"z":0}}]],"action_description":"Pedestrian walking on the front lane","ev_state":[47.3238830566406,10.12428855896,260.400360107422,0.5,0,0.5,12,0,359.966369628906,308.814697265625,0.0134022943675518,5.8190703415824085],"collision_probability":0.394}
 timestamp= 1619782063000 [RUN] Validate G1 Guard Condition: 
The ego vehicle E Detection.Collision == True.
 timestamp= 1619782063000 [RES] Global Validate result: 
false
 timestamp= 1619782063000 [RUN] Validate G2 Guard Condition: 
The ego vehicle E Detection.OffRoad == True.
 timestamp= 1619782063000 [RES] Global Validate result: 
false
 timestamp= 1619782063000 [RUN] Validate G3 Guard Condition: 
The ego vehicle E Detection.HardBrake == True.
 timestamp= 1619782063000 [RES] Global Validate result: 
false
 timestamp= 1619782063000 [RUN] Validate G4 Guard Condition: 
The ego vehicle E Detection.ArrivalTest == True.
 timestamp= 1619782063000 [RES] Global Validate result: 
false
 timestamp= 1619782063000 [RUN] Validate step: 
The test system VALIDATES THAT the Apollo A Status.GetControl is nearly equal to {"acceleration": 1.27, "throttle": 28.29, "steering_target": -0.68, "brake": 0.0, "steering_rate": 100.0, "speed": 5.51}
 timestamp= 1619782063000 [RES] Validate result: 
true
 timestamp= 1619782063000 [RUN] Generate steps
 timestamp= 1619782063000 [RUN] Validate step: 
The test system VALIDATES THAT the simulator S Status.GetEnvironment is nearly equal to {"x": 47.32, "y": 10.12, "z": 260.4, "rain": 0.5, "fog": 0.0, "wetness": 0.5, "timeofday": 12.0, "signal": 0.0, "rx": 359.97, "ry": 308.81, "rz": 0.01, "speed": 5.82}
 timestamp= 1619782063000 [RES] Validate result: 
true
 timestamp= 1619782063000 [RUN] Execute API step: 
The environment controller C INVOKES API Control.TimeOfDay(time_of_day=Morning).
 timestamp= 1619782067000 [RES] API result: 
{"pose_arr":[{"vx":3.66,"ay":0.2,"az":9.82,"ax":0.16,"pz":10.12,"vy":3.66,"px":552922.24,"py":4182745.67},{"vx":4.29,"ay":0.96,"az":9.82,"ax":0.78,"pz":10.12,"vy":4.29,"px":552919.3,"py":4182748.04},{"vx":4.46,"ay":0.19,"az":9.82,"ax":0.15,"pz":10.12,"vy":4.46,"px":552916.43,"py":4182750.38},{"vx":4.57,"ay":0.32,"az":9.81,"ax":0.26,"pz":10.12,"vy":4.57,"px":552912.89,"py":4182753.26},{"vx":4.78,"ay":0.18,"az":9.82,"ax":0.15,"pz":10.12,"vy":4.78,"px":552909.68,"py":4182755.89},{"vx":4.88,"ay":0.26,"az":9.8,"ax":0.21,"pz":10.12,"vy":4.88,"px":552906.04,"py":4182758.86},{"vx":4.95,"ay":0.18,"az":9.81,"ax":0.14,"pz":10.12,"vy":4.95,"px":552902.93,"py":4182761.39},{"vx":4.76,"ay":-0.47,"az":9.81,"ax":-0.38,"pz":10.12,"vy":4.76,"px":552900.05,"py":4182763.72}],"traffic_light":[2,3,0,3,3,3,3],"state_arr":[{"acceleration":1.73,"throttle":35.48,"steering_target":-0.52,"brake":0,"steering_rate":100,"speed":5.82},{"acceleration":1.43,"throttle":31.9,"steering_target":-0.29,"brake":0,"steering_rate":100,"speed":6.62},{"acceleration":1.17,"throttle":15.7,"steering_target":-0.15,"brake":0,"steering_rate":100,"speed":7.01},{"acceleration":1.29,"throttle":26.41,"steering_target":-0.08,"brake":0,"steering_rate":100,"speed":7.14},{"acceleration":1.01,"throttle":26.47,"steering_target":0.08,"brake":0,"steering_rate":100,"speed":7.35},{"acceleration":0.57,"throttle":15.7,"steering_target":0.07,"brake":0,"steering_rate":100,"speed":7.6},{"acceleration":0.13,"throttle":15.7,"steering_target":0.13,"brake":0,"steering_rate":100,"speed":7.74},{"acceleration":-0.18,"throttle":0,"steering_target":0.16,"brake":14.5,"steering_rate":100,"speed":7.85}],"obstacle_arr":[[{"acceleration":{"y":-0.48,"x":0.57,"z":0},"position":{"y":4182743.85,"x":552928.86,"z":10.39},"volume":7.18,"type":"VEHICLE","velocity":{"y":0,"x":0,"z":0}}],[{"acceleration":{"y":1.19,"x":-1.69,"z":0},"position":{"y":4182744.41,"x":552928.05,"z":10.41},"volume":5.5,"type":"VEHICLE","velocity":{"y":0.61,"x":-0.88,"z":0}}],[{"acceleration":{"y":0.19,"x":-0.1,"z":0},"position":{"y":4182744.85,"x":552927.35,"z":10.53},"volume":3.94,"type":"VEHICLE","velocity":{"y":0.71,"x":-0.86,"z":0}}],[{"acceleration":{"y":-0.49,"x":0.65,"z":0},"position":{"y":4182744.63,"x":552927.81,"z":10.47},"volume":5.28,"type":"VEHICLE","velocity":{"y":0.34,"x":-0.37,"z":0}},{"acceleration":{"y":0,"x":0,"z":0},"position":{"y":4182754.2,"x":552919.5,"z":10.34},"volume":0.03,"type":"UNKNOWN","velocity":{"y":0,"x":0,"z":0}}],[{"acceleration":{"y":-0.36,"x":0.54,"z":0},"position":{"y":4182744.8,"x":552927.46,"z":10.51},"volume":3.18,"type":"VEHICLE","velocity":{"y":0.3,"x":-0.28,"z":0}}],[{"acceleration":{"y":0.08,"x":-0.18,"z":0},"position":{"y":4182746.15,"x":552925.69,"z":10.58},"volume":3.52,"type":"VEHICLE","velocity":{"y":0.59,"x":-0.76,"z":0}},{"acceleration":{"y":0,"x":0,"z":0},"position":{"y":4182766.39,"x":552894.01,"z":10.42},"volume":0.11,"type":"UNKNOWN","velocity":{"y":0,"x":0,"z":0}}],[{"acceleration":{"y":0.5,"x":-0.68,"z":0},"position":{"y":4182746.24,"x":552925.89,"z":10.84},"volume":1.1,"type":"VEHICLE","velocity":{"y":1.02,"x":-1.3,"z":0}}]],"action_description":"Evening","ev_state":[24.8157367706299,10.123950958252,278.716888427734,0.5,0,0.5,10,1,0.031448096036911,309.012390136719,-0.00522104138508439,7.548437471808569],"collision_probability":0}
 timestamp= 1619782067000 [RUN] Validate G1 Guard Condition: 
The ego vehicle E Detection.Collision == True.
 timestamp= 1619782067000 [RES] Global Validate result: 
false
 timestamp= 1619782067000 [RUN] Validate G2 Guard Condition: 
The ego vehicle E Detection.OffRoad == True.
 timestamp= 1619782067000 [RES] Global Validate result: 
false
 timestamp= 1619782067000 [RUN] Validate G3 Guard Condition: 
The ego vehicle E Detection.HardBrake == True.
 timestamp= 1619782067000 [RES] Global Validate result: 
false
 timestamp= 1619782067000 [RUN] Validate G4 Guard Condition: 
The ego vehicle E Detection.ArrivalTest == True.
 timestamp= 1619782067000 [RES] Global Validate result: 
false
 timestamp= 1619782067000 [RUN] Validate step: 
The test system VALIDATES THAT the Apollo A Status.GetControl is nearly equal to {"acceleration": -0.18, "throttle": 0.0, "steering_target": 0.16, "brake": 14.5, "steering_rate": 100.0, "speed": 7.85}
 timestamp= 1619782067000 [RES] Validate result: 
true
 timestamp= 1619782067000 [RUN] Generate steps
 timestamp= 1619782067000 [RUN] Validate step: 
The test system VALIDATES THAT the simulator S Status.GetEnvironment is nearly equal to {"x": 24.82, "y": 10.12, "z": 278.72, "rain": 0.5, "fog": 0.0, "wetness": 0.5, "timeofday": 10.0, "signal": 1.0, "rx": 0.03, "ry": 309.01, "rz": -0.01, "speed": 7.55}
 timestamp= 1619782067000 [RES] Validate result: 
true
 timestamp= 1619782067000 [RUN] Execute API step: 
The environment controller C INVOKES API Control.Agents.NPCVehicle.NPCVehicleSwitchLane(which_lane=Right_Lane&which_car=Jeep).
 timestamp= 1619782072000 [RES] API result: 
{"pose_arr":[{"vx":4.79,"ay":0.18,"az":9.8,"ax":0.15,"pz":10.12,"vy":4.79,"px":552897.41,"py":4182765.86},{"vx":4.6,"ay":-1.37,"az":9.85,"ax":-1.12,"pz":10.13,"vy":4.6,"px":552894.19,"py":4182768.46},{"vx":4.38,"ay":-0.46,"az":9.8,"ax":-0.37,"pz":10.13,"vy":4.38,"px":552891.88,"py":4182770.32},{"vx":4.04,"ay":-1,"az":9.83,"ax":-0.79,"pz":10.13,"vy":4.04,"px":552888.94,"py":4182772.67},{"vx":3.82,"ay":-0.9,"az":9.81,"ax":-0.72,"pz":10.13,"vy":3.82,"px":552886.51,"py":4182774.62},{"vx":3.41,"ay":-1.76,"az":9.84,"ax":-1.4,"pz":10.13,"vy":3.41,"px":552884.24,"py":4182776.43},{"vx":2.81,"ay":-1.63,"az":9.81,"ax":-1.3,"pz":10.13,"vy":2.81,"px":552882.11,"py":4182778.13},{"vx":2.48,"ay":-1.61,"az":9.81,"ax":-1.28,"pz":10.13,"vy":2.48,"px":552880.56,"py":4182779.36}],"traffic_light":[3,3,3,3,3,3,3,3],"state_arr":[{"acceleration":0.56,"throttle":15.7,"steering_target":0.16,"brake":0,"steering_rate":100,"speed":7.55},{"acceleration":0.71,"throttle":15.7,"steering_target":0.17,"brake":0,"steering_rate":100,"speed":7.64},{"acceleration":-0.57,"throttle":0,"steering_target":0.28,"brake":14.5,"steering_rate":100,"speed":7.27},{"acceleration":-0.58,"throttle":0,"steering_target":0.09,"brake":14.59,"steering_rate":100,"speed":6.93},{"acceleration":-0.46,"throttle":0,"steering_target":0.06,"brake":14.5,"steering_rate":100,"speed":6.42},{"acceleration":-0.7,"throttle":0,"steering_target":0.2,"brake":16.07,"steering_rate":100,"speed":6.13},{"acceleration":-0.6,"throttle":0,"steering_target":0.15,"brake":14.63,"steering_rate":100,"speed":5.48},{"acceleration":-1.64,"throttle":0,"steering_target":0.14,"brake":27.48,"steering_rate":100,"speed":4.86},{"acceleration":-0.86,"throttle":0,"steering_target":0.17,"brake":24.86,"steering_rate":100,"speed":4.25}],"obstacle_arr":[[{"acceleration":{"y":0,"x":-0.25,"z":0},"position":{"y":4182746.91,"x":552924.57,"z":10.6},"volume":0.94,"type":"VEHICLE","velocity":{"y":0.96,"x":-1.42,"z":0}},{"acceleration":{"y":0,"x":0,"z":0},"position":{"y":4182766.18,"x":552894.32,"z":10.47},"volume":0.1,"type":"PEDESTRIAN","velocity":{"y":0,"x":0,"z":0}}],[{"acceleration":{"y":-0.01,"x":0.02,"z":0},"position":{"y":4182783.11,"x":552889.04,"z":10.34},"volume":8.49,"type":"VEHICLE","velocity":{"y":0.34,"x":-0.53,"z":0}}],[{"acceleration":{"y":-0.13,"x":-0.62,"z":0},"position":{"y":4182783.25,"x":552888.41,"z":10.33},"volume":9.17,"type":"VEHICLE","velocity":{"y":0.82,"x":-1.73,"z":0}},{"acceleration":{"y":0,"x":0,"z":0},"position":{"y":4182782.75,"x":552865.88,"z":10.57},"volume":0.55,"type":"VEHICLE","velocity":{"y":0,"x":0,"z":0}}],[{"acceleration":{"y":-0.52,"x":0.62,"z":0},"position":{"y":4182784.05,"x":552886.75,"z":10.34},"volume":10.5,"type":"VEHICLE","velocity":{"y":0.53,"x":-1.25,"z":0}},{"acceleration":{"y":0,"x":0,"z":0},"position":{"y":4182783.16,"x":552865.11,"z":10.67},"volume":0.21,"type":"VEHICLE","velocity":{"y":0,"x":0,"z":0}}],[{"acceleration":{"y":-0.44,"x":0.69,"z":0},"position":{"y":4182785.06,"x":552884.6,"z":10.34},"volume":7.38,"type":"VEHICLE","velocity":{"y":0.28,"x":-0.9,"z":0}},{"acceleration":{"y":0,"x":0,"z":0},"position":{"y":4182784.67,"x":552862.97,"z":10.81},"volume":1.58,"type":"VEHICLE","velocity":{"y":0,"x":0,"z":0}},{"acceleration":{"y":0,"x":0.02,"z":0},"position":{"y":4182789.3,"x":552862.63,"z":10.68},"volume":2.45,"type":"VEHICLE","velocity":{"y":-0.87,"x":1.3,"z":0}},{"acceleration":{"y":0,"x":0,"z":0},"position":{"y":4182765.87,"x":552894.75,"z":10.53},"volume":0.11,"type":"PEDESTRIAN","velocity":{"y":0,"x":0,"z":0}}],[{"acceleration":{"y":-0.43,"x":0.44,"z":0},"position":{"y":4182786.49,"x":552881.03,"z":10.35},"volume":7.73,"type":"VEHICLE","velocity":{"y":0.01,"x":-0.55,"z":0}},{"acceleration":{"y":0,"x":0,"z":0},"position":{"y":4182785.11,"x":552862.16,"z":10.89},"volume":1.21,"type":"VEHICLE","velocity":{"y":0,"x":0,"z":0}},{"acceleration":{"y":0.1,"x":0.32,"z":0},"position":{"y":4182788.78,"x":552863.09,"z":10.87},"volume":0.25,"type":"VEHICLE","velocity":{"y":-0.75,"x":1.36,"z":0}}],[{"acceleration":{"y":-0.18,"x":0.09,"z":0},"position":{"y":4182787.67,"x":552878.78,"z":10.34},"volume":9.52,"type":"VEHICLE","velocity":{"y":-0.18,"x":-0.42,"z":0}},{"acceleration":{"y":0,"x":0,"z":0},"position":{"y":4182785.72,"x":552861.44,"z":10.45},"volume":1.91,"type":"VEHICLE","velocity":{"y":0,"x":0,"z":0}},{"acceleration":{"y":0.38,"x":-0.68,"z":0},"position":{"y":4182789.7,"x":552861.91,"z":10.93},"volume":2.33,"type":"VEHICLE","velocity":{"y":-0.49,"x":0.71,"z":0}}],[{"acceleration":{"y":0.01,"x":-0.13,"z":0},"position":{"y":4182789.24,"x":552875.19,"z":10.34},"volume":15.79,"type":"VEHICLE","velocity":{"y":-0.22,"x":-0.46,"z":0}},{"acceleration":{"y":0,"x":0,"z":0},"position":{"y":4182786.86,"x":552859.88,"z":10.53},"volume":3.39,"type":"VEHICLE","velocity":{"y":0,"x":0,"z":0}},{"acceleration":{"y":0.44,"x":-1.05,"z":0},"position":{"y":4182790.56,"x":552860.86,"z":10.58},"volume":5.93,"type":"VEHICLE","velocity":{"y":0,"x":0,"z":0}}]],"action_description":"NPC vehicle (Jeep) switching lane (right to left)","ev_state":[5.32054328918457,10.1245889663696,294.337707519531,0.5,0,0.5,10,1,0.0732904449105263,308.466949462891,-0.00155641220044345,3.8472873938727634],"collision_probability":0.394}
 timestamp= 1619782072000 [RUN] Validate G1 Guard Condition: 
The ego vehicle E Detection.Collision == True.
 timestamp= 1619782072000 [RES] Global Validate result: 
false
 timestamp= 1619782072000 [RUN] Validate G2 Guard Condition: 
The ego vehicle E Detection.OffRoad == True.
 timestamp= 1619782072000 [RES] Global Validate result: 
false
 timestamp= 1619782072000 [RUN] Validate G3 Guard Condition: 
The ego vehicle E Detection.HardBrake == True.
 timestamp= 1619782072000 [RES] Global Validate result: 
false
 timestamp= 1619782072000 [RUN] Validate G4 Guard Condition: 
The ego vehicle E Detection.ArrivalTest == True.
 timestamp= 1619782072000 [RES] Global Validate result: 
false
 timestamp= 1619782072000 [RUN] Validate step: 
The test system VALIDATES THAT the Apollo A Status.GetControl is nearly equal to {"acceleration": -0.86, "throttle": 0.0, "steering_target": 0.17, "brake": 24.86, "steering_rate": 100.0, "speed": 4.25}
 timestamp= 1619782072000 [RES] Validate result: 
true
 timestamp= 1619782072000 [RUN] Generate steps
 timestamp= 1619782072000 [RUN] Validate step: 
The test system VALIDATES THAT the simulator S Status.GetEnvironment is nearly equal to {"x": 5.32, "y": 10.12, "z": 294.34, "rain": 0.5, "fog": 0.0, "wetness": 0.5, "timeofday": 10.0, "signal": 1.0, "rx": 0.07, "ry": 308.47, "rz": -0.0, "speed": 3.85}
 timestamp= 1619782072000 [RES] Validate result: 
true
 timestamp= 1619782072000 [RUN] Execute API step: 
The environment controller C INVOKES API Control.Agents.NPCVehicle.NPCVehicleSwitchLane(which_lane=Left_Lane&which_car=Hatchback).
 timestamp= 1619782076000 [RES] API result: 
{"pose_arr":[{"vx":2.26,"ay":-0.4,"az":9.81,"ax":-0.32,"pz":10.13,"vy":2.26,"px":552879.43,"py":4182780.26},{"vx":2.08,"ay":-0.39,"az":9.81,"ax":-0.32,"pz":10.13,"vy":2.08,"px":552877.95,"py":4182781.43},{"vx":1.91,"ay":-0.4,"az":9.81,"ax":-0.31,"pz":10.13,"vy":1.91,"px":552876.54,"py":4182782.55},{"vx":1.74,"ay":-0.48,"az":9.81,"ax":-0.38,"pz":10.13,"vy":1.74,"px":552875.46,"py":4182783.4},{"vx":1.94,"ay":31.55,"az":49.97,"ax":-46.83,"pz":10.11,"vy":1.94,"px":552874.32,"py":4182784.32},{"vx":1.57,"ay":-1.26,"az":3.63,"ax":0.81,"pz":9.98,"vy":1.57,"px":552873.28,"py":4182785.19},{"vx":1.3,"ay":-0.73,"az":9.89,"ax":-1.01,"pz":10.09,"vy":1.3,"px":552872.38,"py":4182785.86},{"vx":0.83,"ay":-0.14,"az":10.43,"ax":-0.24,"pz":10.02,"vy":0.83,"px":552871.67,"py":4182786.4}],"traffic_light":[3,3,3,3,3,3,3],"state_arr":[{"acceleration":-0.43,"throttle":0,"steering_target":0.17,"brake":14.5,"steering_rate":100,"speed":3.85},{"acceleration":-0.42,"throttle":0,"steering_target":0.17,"brake":14.5,"steering_rate":100,"speed":3.54},{"acceleration":-0.43,"throttle":0,"steering_target":0.24,"brake":14.5,"steering_rate":100,"speed":3.29},{"acceleration":-0.58,"throttle":0,"steering_target":0.19,"brake":14.55,"steering_rate":100,"speed":3.03},{"acceleration":-0.61,"throttle":0,"steering_target":0.18,"brake":15.58,"steering_rate":100,"speed":2.74},{"acceleration":-0.65,"throttle":0,"steering_target":0.19,"brake":16.09,"steering_rate":100,"speed":2.48},{"acceleration":-0.9,"throttle":0,"steering_target":-0.21,"brake":19.68,"steering_rate":100,"speed":2.37},{"acceleration":-1.4,"throttle":0,"steering_target":-5.13,"brake":24.95,"steering_rate":100,"speed":2.47},{"acceleration":-1.32,"throttle":0,"steering_target":-2.8,"brake":24.55,"steering_rate":100,"speed":2.05},{"acceleration":-0.78,"throttle":0,"steering_target":-1.35,"brake":18.55,"steering_rate":100,"speed":1.35}],"obstacle_arr":[[{"acceleration":{"y":0.1,"x":-0.19,"z":0},"position":{"y":4182789.68,"x":552874.96,"z":10.34},"volume":15.98,"type":"VEHICLE","velocity":{"y":-0.2,"x":-0.52,"z":0}},{"acceleration":{"y":0,"x":0,"z":0},"position":{"y":4182786.29,"x":552860.26,"z":10.4},"volume":4.67,"type":"VEHICLE","velocity":{"y":0,"x":0,"z":0}},{"acceleration":{"y":0.48,"x":-0.84,"z":0},"position":{"y":4182790.2,"x":552861.21,"z":10.76},"volume":4.05,"type":"VEHICLE","velocity":{"y":0,"x":0,"z":0}}],[{"acceleration":{"y":-0.07,"x":0.06,"z":0},"position":{"y":4182785,"x":552861.65,"z":10.49},"volume":6.14,"type":"VEHICLE","velocity":{"y":-0.84,"x":0.78,"z":0}},{"acceleration":{"y":0.05,"x":-0.08,"z":0},"position":{"y":4182789.92,"x":552861.64,"z":10.45},"volume":5.99,"type":"VEHICLE","velocity":{"y":0,"x":0,"z":0}},{"acceleration":{"y":0,"x":0,"z":0},"position":{"y":4182790.45,"x":552873.47,"z":10.34},"volume":14.16,"type":"UNKNOWN","velocity":{"y":0,"x":0,"z":0}}],[{"acceleration":{"y":-0.87,"x":0.34,"z":0},"position":{"y":4182783.89,"x":552861.93,"z":10.45},"volume":7.12,"type":"VEHICLE","velocity":{"y":-1.35,"x":0.89,"z":0}},{"acceleration":{"y":0,"x":0,"z":0},"position":{"y":4182790.3,"x":552861.23,"z":10.4},"volume":5.65,"type":"VEHICLE","velocity":{"y":0,"x":0,"z":0}},{"acceleration":{"y":0,"x":0,"z":0},"position":{"y":4182790.86,"x":552872.07,"z":10.25},"volume":21.69,"type":"VEHICLE","velocity":{"y":0,"x":0,"z":0}},{"acceleration":{"y":0,"x":0.01,"z":0},"position":{"y":4182791.25,"x":552855.27,"z":10.38},"volume":10.84,"type":"VEHICLE","velocity":{"y":0,"x":0,"z":0}}],[{"acceleration":{"y":0.53,"x":-0.5,"z":0},"position":{"y":4182783.6,"x":552862.21,"z":10.43},"volume":3.56,"type":"VEHICLE","velocity":{"y":-0.91,"x":0.51,"z":0}},{"acceleration":{"y":0,"x":0,"z":0},"position":{"y":4182790.37,"x":552861.32,"z":10.54},"volume":12.95,"type":"VEHICLE","velocity":{"y":0,"x":0,"z":0}},{"acceleration":{"y":0,"x":0,"z":0},"position":{"y":4182791.5,"x":552871.52,"z":10.13},"volume":15.74,"type":"VEHICLE","velocity":{"y":0.66,"x":-1.13,"z":0}}],[{"acceleration":{"y":1.03,"x":-0.5,"z":0},"position":{"y":4182783.37,"x":552861.93,"z":10.39},"volume":5.51,"type":"VEHICLE","velocity":{"y":-0.21,"x":0.18,"z":0}},{"acceleration":{"y":0,"x":0,"z":0},"position":{"y":4182790.48,"x":552861.13,"z":10.69},"volume":4.48,"type":"VEHICLE","velocity":{"y":0,"x":0,"z":0}},{"acceleration":{"y":0,"x":0,"z":0},"position":{"y":4182794.89,"x":552890.46,"z":10.33},"volume":86.35,"type":"VEHICLE","velocity":{"y":0,"x":0,"z":0}}],[{"acceleration":{"y":-0.25,"x":0.12,"z":0},"position":{"y":4182783.03,"x":552862.54,"z":9.89},"volume":3.49,"type":"VEHICLE","velocity":{"y":-0.52,"x":0.36,"z":0}},{"acceleration":{"y":0,"x":0,"z":0},"position":{"y":4182790.73,"x":552861.19,"z":9.62},"volume":7.53,"type":"VEHICLE","velocity":{"y":0,"x":0,"z":0}},{"acceleration":{"y":-0.5,"x":0.94,"z":0},"position":{"y":4182791.3,"x":552871.93,"z":9.9},"volume":18.36,"type":"VEHICLE","velocity":{"y":0,"x":0,"z":0}},{"acceleration":{"y":0,"x":0,"z":0},"position":{"y":4182794.31,"x":552890.66,"z":10.52},"volume":54.91,"type":"VEHICLE","velocity":{"y":0,"x":0,"z":0}}],[{"acceleration":{"y":-0.11,"x":0.07,"z":0},"position":{"y":4182782.4,"x":552862.58,"z":9.96},"volume":4.68,"type":"VEHICLE","velocity":{"y":-0.65,"x":0.45,"z":0}},{"acceleration":{"y":0,"x":0,"z":0},"position":{"y":4182790.21,"x":552861.21,"z":10.11},"volume":6.98,"type":"VEHICLE","velocity":{"y":0,"x":0,"z":0}},{"acceleration":{"y":-0.05,"x":0.09,"z":0},"position":{"y":4182790.96,"x":552871.84,"z":10.11},"volume":21.7,"type":"VEHICLE","velocity":{"y":0,"x":0,"z":0}},{"acceleration":{"y":0,"x":0,"z":0},"position":{"y":4182794.85,"x":552890.37,"z":11.03},"volume":86.76,"type":"VEHICLE","velocity":{"y":0,"x":0,"z":0}}],[{"acceleration":{"y":0.16,"x":0.02,"z":0},"position":{"y":4182782.27,"x":552862.49,"z":9.79},"volume":5.07,"type":"VEHICLE","velocity":{"y":-0.42,"x":0.35,"z":0}},{"acceleration":{"y":0,"x":0,"z":0},"position":{"y":4182790.39,"x":552861.19,"z":10.09},"volume":6.96,"type":"VEHICLE","velocity":{"y":0,"x":0,"z":0}},{"acceleration":{"y":0,"x":0,"z":0},"position":{"y":4182791.53,"x":552871.05,"z":10.22},"volume":15.27,"type":"VEHICLE","velocity":{"y":0,"x":0,"z":0}},{"acceleration":{"y":0,"x":0,"z":0},"position":{"y":4182794.79,"x":552890.23,"z":11.63},"volume":46.55,"type":"VEHICLE","velocity":{"y":0,"x":0,"z":0}}]],"action_description":"NPC vehicle (SchoolBus) switching lane (left to right)","ev_state":[-3.40982294082642,10.0822677612305,301.227416992188,0.5,0,0.5,10,1,357.391082763672,307.642761230469,358.504180908203,1.3542489415761054],"collision_probability":1}
 timestamp= 1619782076000 [RUN] Validate G1 Guard Condition: 
The ego vehicle E Detection.Collision == True.
 timestamp= 1619782076000 [RES] Global Validate result: 
true
 timestamp= 1619782076000 [RUN] Collision == True
 timestamp= 1619782076000 [RUN] Validate G2 Guard Condition: 
The ego vehicle E Detection.OffRoad == True.
 timestamp= 1619782076000 [RES] Global Validate result: 
false
 timestamp= 1619782076000 [RUN] Validate G3 Guard Condition: 
The ego vehicle E Detection.HardBrake == True.
 timestamp= 1619782076000 [RES] Global Validate result: 
false
 timestamp= 1619782076000 [RUN] Validate G4 Guard Condition: 
The ego vehicle E Detection.ArrivalTest == True.
 timestamp= 1619782076000 [RES] Global Validate result: 
true
 timestamp= 1619782076000 [RUN] ArrivalTest == True
 timestamp= 1619782076000 [RUN] The simulator S INVOKES API Command.Simulation.Stop() to stop simulation.
 timestamp= 1619782076000 [WARNING] The test system Stop the Simulator S!
 timestamp= 1619782076000 [RES] Basic PostCondition Validate result: 
true
 timestamp= 1619782076000 [STOP] numberOfStep: 46 basicFlow: 
[{"name":"","description":"","eClass":"Sentence","content":"The test system VALIDATES THAT the simulator S Status.GetEnvironment is nearly equal to {\"x\": 213.08, \"y\": 10.12, \"z\": 201.88, \"rain\": 0.0, \"fog\": 0.0, \"wetness\": 0.0, \"timeofday\": 12.0, \"signal\": -1.0, \"rx\": 359.92, \"ry\": 269.88, \"rz\": 0.0, \"speed\": 4.74}","natures":[]},{"name":"","description":"","eClass":"Sentence","content":"The environment controller C INVOKES API Control.Weather.Fog(fog_level=Heavy).","natures":[]},{"name":"","description":"","eClass":"Sentence","content":"The test system VALIDATES THAT the Apollo A Status.GetControl is nearly equal to {\"acceleration\": 0.57, \"throttle\": 15.7, \"steering_target\": 0.03, \"brake\": 0.0, \"steering_rate\": 100.0, \"speed\": 6.76}","natures":[]},{"name":"","description":"","eClass":"Sentence","content":"The test system VALIDATES THAT the simulator S Status.GetEnvironment is nearly equal to {\"x\": 190.28, \"y\": 10.12, \"z\": 201.82, \"rain\": 0.0, \"fog\": 1.0, \"wetness\": 0.0, \"timeofday\": 12.0, \"signal\": -1.0, \"rx\": 359.98, \"ry\": 269.84, \"rz\": 0.0, \"speed\": 6.76}","natures":[]},{"name":"","description":"","eClass":"Sentence","content":"The environment controller C INVOKES API Control.Agents.NPCVehicle.NPCVehicleMaintainLane(which_lane=Right_Lane&which_car=Hatchback).","natures":[]},{"name":"","description":"","eClass":"Sentence","content":"The test system VALIDATES THAT the Apollo A Status.GetControl is nearly equal to {\"acceleration\": -1.95, \"throttle\": 0.0, \"steering_target\": 0.13, \"brake\": 27.99, \"steering_rate\": 100.0, \"speed\": 6.32}","natures":[]},{"name":"","description":"","eClass":"Sentence","content":"The test system VALIDATES THAT the simulator S Status.GetEnvironment is nearly equal to {\"x\": 161.48, \"y\": 10.12, \"z\": 201.61, \"rain\": 0.0, \"fog\": 1.0, \"wetness\": 0.0, \"timeofday\": 12.0, \"signal\": 0.0, \"rx\": 0.09, \"ry\": 269.31, \"rz\": -0.0, \"speed\": 6.32}","natures":[]},{"name":"","description":"","eClass":"Sentence","content":"The environment controller C INVOKES API Control.Weather.Wetness(wetness_level=Heavy).","natures":[]},{"name":"","description":"","eClass":"Sentence","content":"The test system VALIDATES THAT the Apollo A Status.GetControl is nearly equal to {\"acceleration\": 0.45, \"throttle\": 19.23, \"steering_target\": -0.03, \"brake\": 0.0, \"steering_rate\": 100.0, \"speed\": 1.99}","natures":[]},{"name":"","description":"","eClass":"Sentence","content":"The test system VALIDATES THAT the simulator S Status.GetEnvironment is nearly equal to {\"x\": 148.27, \"y\": 10.12, \"z\": 201.44, \"rain\": 0.0, \"fog\": 0.0, \"wetness\": 1.0, \"timeofday\": 12.0, \"signal\": -1.0, \"rx\": 359.96, \"ry\": 269.25, \"rz\": 0.0, \"speed\": 2.33}","natures":[]},{"name":"","description":"","eClass":"Sentence","content":"The environment controller C INVOKES API Control.Agents.NPCVehicle.NPCVehicleSwitchLane(which_lane=Current_Lane&which_car=Hatchback).","natures":[]},{"name":"","description":"","eClass":"Sentence","content":"The test system VALIDATES THAT the Apollo A Status.GetControl is nearly equal to {\"acceleration\": 0.39, \"throttle\": 15.7, \"steering_target\": -11.28, \"brake\": 0.0, \"steering_rate\": 100.0, \"speed\": 4.39}","natures":[]},{"name":"","description":"","eClass":"Sentence","content":"The test system VALIDATES THAT the simulator S Status.GetEnvironment is nearly equal to {\"x\": 134.19, \"y\": 10.12, \"z\": 201.4, \"rain\": 0.0, \"fog\": 0.0, \"wetness\": 1.0, \"timeofday\": 12.0, \"signal\": -1.0, \"rx\": 359.98, \"ry\": 271.49, \"rz\": 0.08, \"speed\": 4.39}","natures":[]},{"name":"","description":"","eClass":"Sentence","content":"The environment controller C INVOKES API Control.Agents.NPCVehicle.NPCVehicleMaintainLane(which_lane=Current_Lane&which_car=Hatchback).","natures":[]},{"name":"","description":"","eClass":"Sentence","content":"The test system VALIDATES THAT the Apollo A Status.GetControl is nearly equal to {\"acceleration\": 0.57, \"throttle\": 15.7, \"steering_target\": -1.41, \"brake\": 0.0, \"steering_rate\": 100.0, \"speed\": 6.86}","natures":[]},{"name":"","description":"","eClass":"Sentence","content":"The test system VALIDATES THAT the simulator S Status.GetEnvironment is nearly equal to {\"x\": 114.59, \"y\": 10.12, \"z\": 211.01, \"rain\": 0.0, \"fog\": 0.0, \"wetness\": 1.0, \"timeofday\": 12.0, \"signal\": -1.0, \"rx\": 359.98, \"ry\": 308.16, \"rz\": 0.03, \"speed\": 6.86}","natures":[]},{"name":"","description":"","eClass":"Sentence","content":"The environment controller C INVOKES API Control.Weather.Rain(rain_level=Moderate).","natures":[]},{"name":"","description":"","eClass":"Sentence","content":"The test system VALIDATES THAT the Apollo A Status.GetControl is nearly equal to {\"acceleration\": 0.22, \"throttle\": 15.7, \"steering_target\": 0.38, \"brake\": 0.0, \"steering_rate\": 100.0, \"speed\": 8.17}","natures":[]},{"name":"","description":"","eClass":"Sentence","content":"The test system VALIDATES THAT the simulator S Status.GetEnvironment is nearly equal to {\"x\": 90.85, \"y\": 10.12, \"z\": 229.94, \"rain\": 0.5, \"fog\": 0.0, \"wetness\": 0.5, \"timeofday\": 12.0, \"signal\": -1.0, \"rx\": 359.98, \"ry\": 307.48, \"rz\": 359.98, \"speed\": 8.18}","natures":[]},{"name":"","description":"","eClass":"Sentence","content":"The environment controller C INVOKES API Control.Agents.NPCVehicle.NPCVehicleMaintainLane(which_lane=Current_Lane&which_car=Hatchback).","natures":[]},{"name":"","description":"","eClass":"Sentence","content":"The test system VALIDATES THAT the Apollo A Status.GetControl is nearly equal to {\"acceleration\": 0.15, \"throttle\": 15.7, \"steering_target\": 0.15, \"brake\": 0.0, \"steering_rate\": 100.0, \"speed\": 0.66}","natures":[]},{"name":"","description":"","eClass":"Sentence","content":"The test system VALIDATES THAT the simulator S Status.GetEnvironment is nearly equal to {\"x\": 81.68, \"y\": 10.12, \"z\": 236.88, \"rain\": 0.5, \"fog\": 0.0, \"wetness\": 0.5, \"timeofday\": 12.0, \"signal\": -1.0, \"rx\": 359.92, \"ry\": 306.98, \"rz\": -0.0, \"speed\": 0.8}","natures":[]},{"name":"","description":"","eClass":"Sentence","content":"The environment controller C INVOKES API Control.Agents.Pedestrians.WalkRandomly(which_lane=Left_Lane).","natures":[]},{"name":"","description":"","eClass":"Sentence","content":"The test system VALIDATES THAT the Apollo A Status.GetControl is nearly equal to {\"acceleration\": -0.56, \"throttle\": 0.0, \"steering_target\": 0.03, \"brake\": 16.32, \"steering_rate\": 100.0, \"speed\": 0.17}","natures":[]},{"name":"","description":"","eClass":"Sentence","content":"The test system VALIDATES THAT the simulator S Status.GetEnvironment is nearly equal to {\"x\": 78.55, \"y\": 10.12, \"z\": 239.24, \"rain\": 0.5, \"fog\": 0.0, \"wetness\": 0.5, \"timeofday\": 12.0, \"signal\": 1.0, \"rx\": 0.04, \"ry\": 306.95, \"rz\": 0.0, \"speed\": 0.04}","natures":[]},{"name":"","description":"","eClass":"Sentence","content":"The environment controller C INVOKES API Control.Agents.NPCVehicle.NPCVehicleSwitchLane(which_lane=Current_Lane&which_car=Jeep).","natures":[]},{"name":"","description":"","eClass":"Sentence","content":"The test system VALIDATES THAT the Apollo A Status.GetControl is nearly equal to {\"acceleration\": 0.61, \"throttle\": 21.0, \"steering_target\": -3.99, \"brake\": 0.0, \"steering_rate\": 100.0, \"speed\": 4.0}","natures":[]},{"name":"","description":"","eClass":"Sentence","content":"The test system VALIDATES THAT the simulator S Status.GetEnvironment is nearly equal to {\"x\": 72.03, \"y\": 10.12, \"z\": 242.66, \"rain\": 0.5, \"fog\": 0.0, \"wetness\": 0.5, \"timeofday\": 12.0, \"signal\": 1.0, \"rx\": 359.97, \"ry\": 297.64, \"rz\": 0.07, \"speed\": 4.19}","natures":[]},{"name":"","description":"","eClass":"Sentence","content":"The environment controller C INVOKES API Control.Agents.Pedestrians.WalkRandomly(which_lane=Left_Lane).","natures":[]},{"name":"","description":"","eClass":"Sentence","content":"The test system VALIDATES THAT the Apollo A Status.GetControl is nearly equal to {\"acceleration\": -2.0, \"throttle\": 0.0, \"steering_target\": -0.84, \"brake\": 31.65, \"steering_rate\": 100.0, \"speed\": 1.78}","natures":[]},{"name":"","description":"","eClass":"Sentence","content":"The test system VALIDATES THAT the simulator S Status.GetEnvironment is nearly equal to {\"x\": 60.21, \"y\": 10.12, \"z\": 250.37, \"rain\": 0.5, \"fog\": 0.0, \"wetness\": 0.5, \"timeofday\": 12.0, \"signal\": 1.0, \"rx\": 0.11, \"ry\": 306.3, \"rz\": 0.0, \"speed\": 1.09}","natures":[]},{"name":"","description":"","eClass":"Sentence","content":"The environment controller C INVOKES API Control.Agents.NPCVehicle.NPCVehicleSwitchLane(which_lane=Current_Lane&which_car=Hatchback).","natures":[]},{"name":"","description":"","eClass":"Sentence","content":"The test system VALIDATES THAT the Apollo A Status.GetControl is nearly equal to {\"acceleration\": 0.03, \"throttle\": 15.7, \"steering_target\": -1.95, \"brake\": 0.0, \"steering_rate\": 100.0, \"speed\": 0.03}","natures":[]},{"name":"","description":"","eClass":"Sentence","content":"The test system VALIDATES THAT the simulator S Status.GetEnvironment is nearly equal to {\"x\": 59.63, \"y\": 10.12, \"z\": 250.8, \"rain\": 0.5, \"fog\": 0.0, \"wetness\": 0.5, \"timeofday\": 12.0, \"signal\": 1.0, \"rx\": 359.98, \"ry\": 306.46, \"rz\": 0.0, \"speed\": 0.13}","natures":[]},{"name":"","description":"","eClass":"Sentence","content":"The environment controller C INVOKES API Control.Agents.Pedestrians.WalkRandomly(which_lane=Current_Lane).","natures":[]},{"name":"","description":"","eClass":"Sentence","content":"The test system VALIDATES THAT the Apollo A Status.GetControl is nearly equal to {\"acceleration\": 1.27, \"throttle\": 28.29, \"steering_target\": -0.68, \"brake\": 0.0, \"steering_rate\": 100.0, \"speed\": 5.51}","natures":[]},{"name":"","description":"","eClass":"Sentence","content":"The test system VALIDATES THAT the simulator S Status.GetEnvironment is nearly equal to {\"x\": 47.32, \"y\": 10.12, \"z\": 260.4, \"rain\": 0.5, \"fog\": 0.0, \"wetness\": 0.5, \"timeofday\": 12.0, \"signal\": 0.0, \"rx\": 359.97, \"ry\": 308.81, \"rz\": 0.01, \"speed\": 5.82}","natures":[]},{"name":"","description":"","eClass":"Sentence","content":"The environment controller C INVOKES API Control.TimeOfDay(time_of_day=Morning).","natures":[]},{"name":"","description":"","eClass":"Sentence","content":"The test system VALIDATES THAT the Apollo A Status.GetControl is nearly equal to {\"acceleration\": -0.18, \"throttle\": 0.0, \"steering_target\": 0.16, \"brake\": 14.5, \"steering_rate\": 100.0, \"speed\": 7.85}","natures":[]},{"name":"","description":"","eClass":"Sentence","content":"The test system VALIDATES THAT the simulator S Status.GetEnvironment is nearly equal to {\"x\": 24.82, \"y\": 10.12, \"z\": 278.72, \"rain\": 0.5, \"fog\": 0.0, \"wetness\": 0.5, \"timeofday\": 10.0, \"signal\": 1.0, \"rx\": 0.03, \"ry\": 309.01, \"rz\": -0.01, \"speed\": 7.55}","natures":[]},{"name":"","description":"","eClass":"Sentence","content":"The environment controller C INVOKES API Control.Agents.NPCVehicle.NPCVehicleSwitchLane(which_lane=Right_Lane&which_car=Jeep).","natures":[]},{"name":"","description":"","eClass":"Sentence","content":"The test system VALIDATES THAT the Apollo A Status.GetControl is nearly equal to {\"acceleration\": -0.86, \"throttle\": 0.0, \"steering_target\": 0.17, \"brake\": 24.86, \"steering_rate\": 100.0, \"speed\": 4.25}","natures":[]},{"name":"","description":"","eClass":"Sentence","content":"The test system VALIDATES THAT the simulator S Status.GetEnvironment is nearly equal to {\"x\": 5.32, \"y\": 10.12, \"z\": 294.34, \"rain\": 0.5, \"fog\": 0.0, \"wetness\": 0.5, \"timeofday\": 10.0, \"signal\": 1.0, \"rx\": 0.07, \"ry\": 308.47, \"rz\": -0.0, \"speed\": 3.85}","natures":[]},{"name":"","description":"","eClass":"Sentence","content":"The environment controller C INVOKES API Control.Agents.NPCVehicle.NPCVehicleSwitchLane(which_lane=Left_Lane&which_car=Hatchback).","natures":[]},{"name":"","description":"","eClass":"Sentence","content":"The test system VALIDATES THAT the Apollo A Status.GetControl is nearly equal to {\"acceleration\": -0.78, \"throttle\": 0.0, \"steering_target\": -1.35, \"brake\": 18.55, \"steering_rate\": 100.0, \"speed\": 1.35}","natures":[]},{"name":"","description":"","eClass":"Sentence","content":"","natures":[]}]
