 timestamp= 1619790633000 [START] Now Run TCS Maintain Lane On Road1 Mode: dynamic Roadnum: 3 Second: 4
 timestamp= 1619790633000 [SUCCESS] TCS Check Success 
 timestamp= 1619790636000 [RUN] Run BasicFlow
 timestamp= 1619790636000 [RUN] Generate steps
 timestamp= 1619790636000 [RUN] Validate step: 
The test system VALIDATES THAT the simulator S Status.GetEnvironment is nearly equal to {"x": -244.8, "y": 10.12, "z": 465.33, "rain": 0.0, "fog": 0.0, "wetness": 0.0, "timeofday": 12.0, "signal": 1.0, "rx": 0.0, "ry": 305.81, "rz": -0.0, "speed": 0.0}
 timestamp= 1619790636000 [RES] Validate result: 
true
 timestamp= 1619790636000 [RUN] Execute API step: 
The environment controller C INVOKES API Control.Agents.NPCVehicle.NPCVehicleMaintainLane(which_lane=Right_Lane&which_car=Hatchback).
 timestamp= 1619790639000 [RES] API result: 
{"pose_arr":[{"vx":0,"ay":0,"az":9.81,"ax":0,"pz":10.12,"vy":0,"px":552630.27,"py":4182950.56},{"vx":0,"ay":0,"az":9.81,"ax":0,"pz":10.12,"vy":0,"px":552630.27,"py":4182950.56},{"vx":0,"ay":0,"az":9.81,"ax":0,"pz":10.12,"vy":0,"px":552630.27,"py":4182950.56},{"vx":0,"ay":0,"az":9.81,"ax":0,"pz":10.12,"vy":0,"px":552630.27,"py":4182950.56},{"vx":0,"ay":0,"az":9.81,"ax":0,"pz":10.12,"vy":0,"px":552630.27,"py":4182950.56},{"vx":0,"ay":0,"az":9.81,"ax":0,"pz":10.12,"vy":0,"px":552630.27,"py":4182950.56}],"traffic_light":[1,1,1,1,1],"state_arr":[{"acceleration":-3,"throttle":0,"steering_target":-0.42,"brake":70,"steering_rate":100,"speed":0},{"acceleration":-3,"throttle":0,"steering_target":-0.42,"brake":69.96,"steering_rate":100,"speed":0},{"acceleration":-3,"throttle":0,"steering_target":-0.42,"brake":69.99,"steering_rate":100,"speed":0},{"acceleration":-3,"throttle":0,"steering_target":-0.42,"brake":69.99,"steering_rate":100,"speed":0},{"acceleration":-3,"throttle":0,"steering_target":-0.42,"brake":69.99,"steering_rate":100,"speed":0},{"acceleration":-3,"throttle":0,"steering_target":-0.42,"brake":69.99,"steering_rate":100,"speed":0}],"obstacle_arr":[[],[{"acceleration":{"y":0,"x":0,"z":0},"position":{"y":4182957.64,"x":552634.02,"z":10.4},"volume":7.41,"type":"VEHICLE","velocity":{"y":0,"x":0,"z":0}}],[{"acceleration":{"y":0,"x":0,"z":0},"position":{"y":4182957.62,"x":552633.7,"z":10.42},"volume":6.34,"type":"VEHICLE","velocity":{"y":0,"x":0,"z":0}}],[{"acceleration":{"y":0,"x":0,"z":0},"position":{"y":4182957.53,"x":552633.01,"z":10.39},"volume":6.46,"type":"VEHICLE","velocity":{"y":0,"x":0,"z":0}}],[{"acceleration":{"y":0,"x":0,"z":0},"position":{"y":4182957.35,"x":552632.15,"z":10.42},"volume":6.42,"type":"VEHICLE","velocity":{"y":0,"x":0,"z":0}}],[{"acceleration":{"y":0.08,"x":-3.47,"z":0},"position":{"y":4182957.36,"x":552630.73,"z":10.12},"volume":9.79,"type":"VEHICLE","velocity":{"y":0.08,"x":-1.68,"z":0}}]],"action_description":"NPC vehicle (Hatchback) driving on the right lane","ev_state":[-244.802841186523,10.1248035430908,465.330169677734,0,0,0,12,1,0.00000668538723402889,305.809204101563,-0.00000941432972467737,0.000025497071858957722],"collision_probability":0}
 timestamp= 1619790639000 [RUN] Validate G1 Guard Condition: 
The ego vehicle E Detection.Collision == True.
 timestamp= 1619790639000 [RES] Global Validate result: 
false
 timestamp= 1619790639000 [RUN] Validate G2 Guard Condition: 
The ego vehicle E Detection.OffRoad == True.
 timestamp= 1619790639000 [RES] Global Validate result: 
false
 timestamp= 1619790639000 [RUN] Validate G3 Guard Condition: 
The ego vehicle E Detection.HardBrake == True.
 timestamp= 1619790639000 [RES] Global Validate result: 
false
 timestamp= 1619790639000 [RUN] Validate G4 Guard Condition: 
The ego vehicle E Detection.ArrivalTest == True.
 timestamp= 1619790639000 [RES] Global Validate result: 
false
 timestamp= 1619790639000 [RUN] Validate step: 
The test system VALIDATES THAT the Apollo A Status.GetControl is nearly equal to {"acceleration": -3.0, "throttle": 0.0, "steering_target": -0.42, "brake": 69.99, "steering_rate": 100.0, "speed": 0.0}
 timestamp= 1619790639000 [RES] Validate result: 
true
 timestamp= 1619790639000 [RUN] Generate steps
 timestamp= 1619790639000 [RUN] Validate step: 
The test system VALIDATES THAT the simulator S Status.GetEnvironment is nearly equal to {"x": -244.8, "y": 10.12, "z": 465.33, "rain": 0.0, "fog": 0.0, "wetness": 0.0, "timeofday": 12.0, "signal": 1.0, "rx": 0.0, "ry": 305.81, "rz": -0.0, "speed": 0.0}
 timestamp= 1619790639000 [RES] Validate result: 
true
 timestamp= 1619790639000 [RUN] Execute API step: 
The environment controller C INVOKES API Control.Agents.NPCVehicle.NPCVehicleMaintainLane(which_lane=Right_Lane&which_car=SchoolBus).
 timestamp= 1619790643000 [RES] API result: 
{"pose_arr":[{"vx":0,"ay":0,"az":9.81,"ax":0,"pz":10.12,"vy":0,"px":552630.27,"py":4182950.56},{"vx":0,"ay":0,"az":9.81,"ax":0,"pz":10.12,"vy":0,"px":552630.27,"py":4182950.56},{"vx":1.11,"ay":0.48,"az":9.82,"ax":0.32,"pz":10.12,"vy":1.11,"px":552629.83,"py":4182950.88},{"vx":1.21,"ay":-0.4,"az":9.81,"ax":-0.28,"pz":10.12,"vy":1.21,"px":552628.58,"py":4182951.78},{"vx":1.23,"ay":-0.4,"az":9.81,"ax":-0.27,"pz":10.12,"vy":1.23,"px":552627.29,"py":4182952.69},{"vx":1.19,"ay":0.28,"az":9.81,"ax":0.08,"pz":10.12,"vy":1.19,"px":552626.34,"py":4182953.33}],"traffic_light":[1,1,3,1,1,1],"state_arr":[{"acceleration":-3,"throttle":0,"steering_target":-0.42,"brake":70,"steering_rate":100,"speed":0},{"acceleration":-3,"throttle":0,"steering_target":-0.42,"brake":70,"steering_rate":100,"speed":0},{"acceleration":0.58,"throttle":81.45,"steering_target":0.07,"brake":0,"steering_rate":100,"speed":0.97},{"acceleration":-0.51,"throttle":0,"steering_target":2.64,"brake":14.5,"steering_rate":100,"speed":2.27},{"acceleration":-0.02,"throttle":0,"steering_target":3.46,"brake":14.5,"steering_rate":100,"speed":2.01},{"acceleration":0.02,"throttle":65.11,"steering_target":4.91,"brake":0,"steering_rate":100,"speed":2.2},{"acceleration":0.04,"throttle":15.7,"steering_target":7.48,"brake":0,"steering_rate":100,"speed":2.26}],"obstacle_arr":[[{"acceleration":{"y":1.49,"x":-2.63,"z":0},"position":{"y":4182958.32,"x":552627.09,"z":10.12},"volume":10.73,"type":"VEHICLE","velocity":{"y":1.2,"x":-3.51,"z":0}}],[{"acceleration":{"y":0.65,"x":-2.05,"z":0},"position":{"y":4182960.34,"x":552621.96,"z":10.12},"volume":8.52,"type":"VEHICLE","velocity":{"y":2.03,"x":-4.99,"z":0}},{"acceleration":{"y":0,"x":0,"z":0},"position":{"y":4182957.84,"x":552633.78,"z":10.13},"volume":78.91,"type":"VEHICLE","velocity":{"y":0,"x":0,"z":0}}],[{"acceleration":{"y":-2.36,"x":-4.44,"z":0},"position":{"y":4182960.37,"x":552610.93,"z":10.04},"volume":7.38,"type":"VEHICLE","velocity":{"y":1.51,"x":-7.64,"z":0}},{"acceleration":{"y":0,"x":0,"z":0},"position":{"y":4182957.98,"x":552632.59,"z":10.12},"volume":74.46,"type":"VEHICLE","velocity":{"y":0,"x":0,"z":0}}],[{"acceleration":{"y":-7.24,"x":-2.85,"z":0},"position":{"y":4182951.58,"x":552602.52,"z":10.31},"volume":5.41,"type":"VEHICLE","velocity":{"y":-2.68,"x":-10.44,"z":0}},{"acceleration":{"y":-0.14,"x":-0.42,"z":0},"position":{"y":4182958.68,"x":552628.87,"z":10.12},"volume":82.32,"type":"VEHICLE","velocity":{"y":0.12,"x":-0.97,"z":0}}],[{"acceleration":{"y":-6.61,"x":-2.61,"z":0},"position":{"y":4182940.33,"x":552595.81,"z":11.07},"volume":0.19,"type":"VEHICLE","velocity":{"y":-9.4,"x":-12.58,"z":0}},{"acceleration":{"y":0.67,"x":-3.7,"z":0},"position":{"y":4182960.16,"x":552622.21,"z":10.12},"volume":92.4,"type":"VEHICLE","velocity":{"y":0.48,"x":-3.2,"z":0}}],[]],"action_description":"NPC vehicle (SchoolBus) driving on the right lane","ev_state":[-249.683639526367,10.1247215270996,468.642150878906,0,0,0,12,0,359.983917236328,302.802886962891,359.971832275391,2.327978247559205],"collision_probability":0}
 timestamp= 1619790643000 [RUN] Validate G1 Guard Condition: 
The ego vehicle E Detection.Collision == True.
 timestamp= 1619790643000 [RES] Global Validate result: 
false
 timestamp= 1619790643000 [RUN] Validate G2 Guard Condition: 
The ego vehicle E Detection.OffRoad == True.
 timestamp= 1619790643000 [RES] Global Validate result: 
false
 timestamp= 1619790643000 [RUN] Validate G3 Guard Condition: 
The ego vehicle E Detection.HardBrake == True.
 timestamp= 1619790643000 [RES] Global Validate result: 
true
 timestamp= 1619790643000 [RUN] HardBrake == True
 timestamp= 1619790643000 [RUN] RESUME STEP @preStep
 timestamp= 1619790643000 [RUN] Resume step basicflow4
 timestamp= 1619790643000 [RUN] Validate G4 Guard Condition: 
The ego vehicle E Detection.ArrivalTest == True.
 timestamp= 1619790643000 [RES] Global Validate result: 
false
 timestamp= 1619790643000 [RUN] Validate step: 
The test system VALIDATES THAT the Apollo A Status.GetControl is nearly equal to {"acceleration": 0.04, "throttle": 15.7, "steering_target": 7.48, "brake": 0.0, "steering_rate": 100.0, "speed": 2.26}
 timestamp= 1619790643000 [RES] Validate result: 
true
 timestamp= 1619790643000 [RUN] Generate steps
 timestamp= 1619790643000 [RUN] Validate step: 
The test system VALIDATES THAT the simulator S Status.GetEnvironment is nearly equal to {"x": -249.68, "y": 10.12, "z": 468.64, "rain": 0.0, "fog": 0.0, "wetness": 0.0, "timeofday": 12.0, "signal": 0.0, "rx": 359.98, "ry": 302.8, "rz": 359.97, "speed": 2.33}
 timestamp= 1619790643000 [RES] Validate result: 
true
 timestamp= 1619790643000 [RUN] Execute API step: 
The environment controller C INVOKES API Control.TimeOfDay(time_of_day=Morning).
 timestamp= 1619790646000 [RES] API result: 
{"pose_arr":[{"vx":1.21,"ay":0.31,"az":9.81,"ax":0.01,"pz":10.12,"vy":1.21,"px":552625.38,"py":4182953.96},{"vx":1.08,"ay":-0.44,"az":9.82,"ax":-0.23,"pz":10.12,"vy":1.08,"px":552623.86,"py":4182954.89},{"vx":0.92,"ay":0.26,"az":9.81,"ax":0.1,"pz":10.12,"vy":0.92,"px":552622.3,"py":4182955.7},{"vx":0.55,"ay":-0.41,"az":9.81,"ax":-0.99,"pz":10.13,"vy":0.55,"px":552621.09,"py":4182956.21},{"vx":0.09,"ay":0.23,"az":9.81,"ax":0,"pz":10.12,"vy":0.09,"px":552619.51,"py":4182956.64},{"vx":-0.64,"ay":-0.07,"az":9.82,"ax":1.2,"pz":10.12,"vy":-0.64,"px":552617.81,"py":4182956.76}],"traffic_light":[3,3,0,0,0],"state_arr":[{"acceleration":0.1,"throttle":15.7,"steering_target":11.07,"brake":0,"steering_rate":100,"speed":2.36},{"acceleration":0.08,"throttle":15.7,"steering_target":16.37,"brake":0,"steering_rate":100,"speed":2.42},{"acceleration":-0.04,"throttle":0,"steering_target":25.93,"brake":14.5,"steering_rate":100,"speed":2.52},{"acceleration":0.08,"throttle":15.7,"steering_target":40.61,"brake":0,"steering_rate":100,"speed":2.32},{"acceleration":0.13,"throttle":15.7,"steering_target":57.3,"brake":0,"steering_rate":100,"speed":2.44},{"acceleration":-0.09,"throttle":0,"steering_target":59.93,"brake":14.5,"steering_rate":100,"speed":2.6},{"acceleration":-0.83,"throttle":0,"steering_target":40.75,"brake":18.89,"steering_rate":100,"speed":3.28}],"obstacle_arr":[[{"acceleration":{"y":-0.07,"x":-0.01,"z":0},"position":{"y":4182947.63,"x":552599.99,"z":10.44},"volume":64.35,"type":"VEHICLE","velocity":{"y":-9.6,"x":-8.08,"z":0}}],[{"acceleration":{"y":-4.41,"x":-0.63,"z":0},"position":{"y":4182937.97,"x":552593.07,"z":10.41},"volume":34.62,"type":"VEHICLE","velocity":{"y":-12.07,"x":-8.36,"z":0}}],[{"acceleration":{"y":-3.77,"x":-0.72,"z":0},"position":{"y":4182925.99,"x":552585.53,"z":10.68},"volume":18.12,"type":"VEHICLE","velocity":{"y":-15.63,"x":-8.87,"z":0}}],[{"acceleration":{"y":-2.94,"x":-0.56,"z":0},"position":{"y":4182920.79,"x":552582.06,"z":10.55},"volume":27.84,"type":"VEHICLE","velocity":{"y":-17.56,"x":-9.26,"z":0}}],[],[]],"action_description":"Evening","ev_state":[-259.080200195313,10.1246347427368,470.128509521484,0,0,0,10,-1,359.894836425781,254.636077880859,359.651336669922,3.2807392833809996],"collision_probability":0}
 timestamp= 1619790646000 [RUN] Validate G1 Guard Condition: 
The ego vehicle E Detection.Collision == True.
 timestamp= 1619790646000 [RES] Global Validate result: 
false
 timestamp= 1619790646000 [RUN] Validate G2 Guard Condition: 
The ego vehicle E Detection.OffRoad == True.
 timestamp= 1619790646000 [RES] Global Validate result: 
false
 timestamp= 1619790646000 [RUN] Validate G3 Guard Condition: 
The ego vehicle E Detection.HardBrake == True.
 timestamp= 1619790646000 [RES] Global Validate result: 
false
 timestamp= 1619790646000 [RUN] Validate G4 Guard Condition: 
The ego vehicle E Detection.ArrivalTest == True.
 timestamp= 1619790646000 [RES] Global Validate result: 
false
 timestamp= 1619790646000 [RUN] Validate step: 
The test system VALIDATES THAT the Apollo A Status.GetControl is nearly equal to {"acceleration": -0.83, "throttle": 0.0, "steering_target": 40.75, "brake": 18.89, "steering_rate": 100.0, "speed": 3.28}
 timestamp= 1619790646000 [RES] Validate result: 
true
 timestamp= 1619790646000 [RUN] Generate steps
 timestamp= 1619790646000 [RUN] Validate step: 
The test system VALIDATES THAT the simulator S Status.GetEnvironment is nearly equal to {"x": -259.08, "y": 10.12, "z": 470.13, "rain": 0.0, "fog": 0.0, "wetness": 0.0, "timeofday": 10.0, "signal": -1.0, "rx": 359.89, "ry": 254.64, "rz": 359.65, "speed": 3.28}
 timestamp= 1619790646000 [RES] Validate result: 
true
 timestamp= 1619790646000 [RUN] Execute API step: 
The environment controller C INVOKES API Control.Agents.Pedestrians.WalkRandomly(which_lane=Current_Lane).
 timestamp= 1619790649000 [RES] API result: 
{"pose_arr":[{"vx":-1.34,"ay":0.17,"az":9.78,"ax":1.14,"pz":10.12,"vy":-1.34,"px":552616.41,"py":4182956.56},{"vx":-1.6,"ay":0.28,"az":9.81,"ax":1.44,"pz":10.13,"vy":-1.6,"px":552614.6,"py":4182955.91},{"vx":-1.52,"ay":0.84,"az":9.78,"ax":-0.73,"pz":10.13,"vy":-1.52,"px":552613.12,"py":4182955.07},{"vx":-2.87,"ay":2.92,"az":9.83,"ax":0.85,"pz":10.12,"vy":-2.87,"px":552611.48,"py":4182953.76},{"vx":-4,"ay":2.86,"az":9.8,"ax":-1.84,"pz":10.12,"vy":-4,"px":552609.92,"py":4182952.1},{"vx":-4.42,"ay":0.3,"az":9.8,"ax":-0.37,"pz":10.12,"vy":-4.42,"px":552606.8,"py":4182948.51},{"vx":-4.8,"ay":0.7,"az":9.81,"ax":-0.09,"pz":10.12,"vy":-4.8,"px":552604.58,"py":4182945.71}],"traffic_light":[0,1,3,1,1,1],"state_arr":[{"acceleration":-0.09,"throttle":0,"steering_target":36.75,"brake":14.5,"steering_rate":100,"speed":3.09},{"acceleration":0.73,"throttle":72.55,"steering_target":47.61,"brake":0,"steering_rate":100,"speed":2.21},{"acceleration":1.59,"throttle":76.45,"steering_target":35.2,"brake":0,"steering_rate":100,"speed":2.76},{"acceleration":1.15,"throttle":51.21,"steering_target":5.07,"brake":0,"steering_rate":100,"speed":4.2},{"acceleration":0.21,"throttle":15.7,"steering_target":3.21,"brake":0,"steering_rate":100,"speed":5.54},{"acceleration":0.42,"throttle":17.66,"steering_target":5.15,"brake":0,"steering_rate":100,"speed":5.76},{"acceleration":0.59,"throttle":20.72,"steering_target":4.85,"brake":0,"steering_rate":100,"speed":6}],"obstacle_arr":[[],[],[],[],[],[]],"action_description":"Pedestrian walking on the front lane","ev_state":[-270.522186279297,10.124285697937,458.203918457031,0,0,0,10,-1,359.969970703125,216.769989013672,359.909454345703,6.003901627369054],"collision_probability":0}
 timestamp= 1619790649000 [RUN] Validate G1 Guard Condition: 
The ego vehicle E Detection.Collision == True.
 timestamp= 1619790649000 [RES] Global Validate result: 
false
 timestamp= 1619790649000 [RUN] Validate G2 Guard Condition: 
The ego vehicle E Detection.OffRoad == True.
 timestamp= 1619790649000 [RES] Global Validate result: 
false
 timestamp= 1619790649000 [RUN] Validate G3 Guard Condition: 
The ego vehicle E Detection.HardBrake == True.
 timestamp= 1619790649000 [RES] Global Validate result: 
false
 timestamp= 1619790649000 [RUN] Validate G4 Guard Condition: 
The ego vehicle E Detection.ArrivalTest == True.
 timestamp= 1619790649000 [RES] Global Validate result: 
false
 timestamp= 1619790649000 [RUN] Validate step: 
The test system VALIDATES THAT the Apollo A Status.GetControl is nearly equal to {"acceleration": 0.59, "throttle": 20.72, "steering_target": 4.85, "brake": 0.0, "steering_rate": 100.0, "speed": 6.0}
 timestamp= 1619790649000 [RES] Validate result: 
true
 timestamp= 1619790649000 [RUN] Generate steps
 timestamp= 1619790649000 [RUN] Validate step: 
The test system VALIDATES THAT the simulator S Status.GetEnvironment is nearly equal to {"x": -270.52, "y": 10.12, "z": 458.2, "rain": 0.0, "fog": 0.0, "wetness": 0.0, "timeofday": 10.0, "signal": -1.0, "rx": 359.97, "ry": 216.77, "rz": 359.91, "speed": 6.0}
 timestamp= 1619790649000 [RES] Validate result: 
true
 timestamp= 1619790649000 [RUN] Execute API step: 
The environment controller C INVOKES API Control.Agents.NPCVehicle.NPCVehicleSwitchLane(which_lane=Right_Lane&which_car=SUV).
 timestamp= 1619790653000 [RES] API result: 
{"pose_arr":[{"vx":-5.48,"ay":1.77,"az":9.77,"ax":-2.49,"pz":10.12,"vy":-5.48,"px":552602.83,"py":4182943.35},{"vx":-5.81,"ay":0.4,"az":9.81,"ax":-0.03,"pz":10.12,"vy":-5.81,"px":552600.9,"py":4182940.59},{"vx":-6.05,"ay":0.22,"az":9.81,"ax":-0.14,"pz":10.12,"vy":-6.05,"px":552597.08,"py":4182935.21},{"vx":-6.12,"ay":0.14,"az":9.81,"ax":-0.18,"pz":10.12,"vy":-6.12,"px":552594.53,"py":4182931.44},{"vx":-5.87,"ay":-0.73,"az":9.81,"ax":0.21,"pz":10.12,"vy":-5.87,"px":552592.54,"py":4182928.59},{"vx":-5.51,"ay":-0.33,"az":9.82,"ax":0.48,"pz":10.12,"vy":-5.51,"px":552589.34,"py":4182923.97}],"traffic_light":[1,1,1,1,1,1],"state_arr":[{"acceleration":0.69,"throttle":15.7,"steering_target":0.08,"brake":0,"steering_rate":100,"speed":6.86},{"acceleration":0.6,"throttle":15.7,"steering_target":-1.04,"brake":0,"steering_rate":100,"speed":7.13},{"acceleration":0.46,"throttle":15.7,"steering_target":4.01,"brake":0,"steering_rate":100,"speed":7.25},{"acceleration":-0.11,"throttle":0,"steering_target":-3.73,"brake":14.5,"steering_rate":100,"speed":7.4},{"acceleration":-0.19,"throttle":0,"steering_target":1.83,"brake":14.5,"steering_rate":100,"speed":7.32},{"acceleration":-0.43,"throttle":0,"steering_target":0.21,"brake":14.5,"steering_rate":100,"speed":6.88},{"acceleration":-0.06,"throttle":0,"steering_target":-2.62,"brake":14.5,"steering_rate":100,"speed":6.44}],"obstacle_arr":[[],[{"acceleration":{"y":-0.04,"x":-0.02,"z":0},"position":{"y":4182905.95,"x":552571.8,"z":10.64},"volume":0.66,"type":"VEHICLE","velocity":{"y":-1.27,"x":-0.54,"z":0}},{"acceleration":{"y":-0.06,"x":-0.04,"z":0},"position":{"y":4182933.1,"x":552585.06,"z":10.13},"volume":10.77,"type":"VEHICLE","velocity":{"y":-1.71,"x":-1.09,"z":0}}],[{"acceleration":{"y":-1.13,"x":-0.81,"z":0},"position":{"y":4182905.86,"x":552571.61,"z":10.74},"volume":0.35,"type":"VEHICLE","velocity":{"y":-1.6,"x":-0.9,"z":0}},{"acceleration":{"y":0,"x":0,"z":0},"position":{"y":4182931.06,"x":552583.84,"z":10.43},"volume":7.85,"type":"VEHICLE","velocity":{"y":-1.73,"x":-1.1,"z":0}}],[{"acceleration":{"y":-0.16,"x":-0.91,"z":0},"position":{"y":4182905.46,"x":552570.94,"z":10.95},"volume":6.68,"type":"VEHICLE","velocity":{"y":-1.56,"x":-1.33,"z":0}},{"acceleration":{"y":0,"x":0,"z":0},"position":{"y":4182928.93,"x":552582.35,"z":10.45},"volume":8.45,"type":"VEHICLE","velocity":{"y":-1.75,"x":-1.11,"z":0}}],[{"acceleration":{"y":0.02,"x":-0.33,"z":0},"position":{"y":4182903.51,"x":552569.89,"z":10.9},"volume":24.01,"type":"VEHICLE","velocity":{"y":-1.69,"x":-1.74,"z":0}},{"acceleration":{"y":-0.01,"x":0,"z":0},"position":{"y":4182925.57,"x":552580.5,"z":10.44},"volume":7.63,"type":"VEHICLE","velocity":{"y":-1.8,"x":-1.15,"z":0}}],[{"acceleration":{"y":0.96,"x":0.61,"z":0},"position":{"y":4182905.56,"x":552571.18,"z":10.53},"volume":18.97,"type":"VEHICLE","velocity":{"y":-1.22,"x":-1.63,"z":0}},{"acceleration":{"y":0,"x":0,"z":0},"position":{"y":4182924.9,"x":552579.88,"z":10.44},"volume":8.27,"type":"VEHICLE","velocity":{"y":-1.86,"x":-1.19,"z":0}}],[{"acceleration":{"y":0.96,"x":0.81,"z":0},"position":{"y":4182904.13,"x":552570.65,"z":10.69},"volume":18.3,"type":"VEHICLE","velocity":{"y":-0.66,"x":-1.2,"z":0}},{"acceleration":{"y":0,"x":0,"z":0},"position":{"y":4182921.65,"x":552577.7,"z":10.41},"volume":10.17,"type":"VEHICLE","velocity":{"y":-1.88,"x":-1.21,"z":0}}]],"action_description":"NPC vehicle (SUV) switching lane (right to left)","ev_state":[-286.582244873047,10.1241836547852,435.165496826172,0,0,0,10,-1,0.0443405099213123,215.193893432617,0.0829841420054436,6.443710684234482],"collision_probability":0}
 timestamp= 1619790653000 [RUN] Validate G1 Guard Condition: 
The ego vehicle E Detection.Collision == True.
 timestamp= 1619790653000 [RES] Global Validate result: 
false
 timestamp= 1619790653000 [RUN] Validate G2 Guard Condition: 
The ego vehicle E Detection.OffRoad == True.
 timestamp= 1619790653000 [RES] Global Validate result: 
false
 timestamp= 1619790653000 [RUN] Validate G3 Guard Condition: 
The ego vehicle E Detection.HardBrake == True.
 timestamp= 1619790653000 [RES] Global Validate result: 
false
 timestamp= 1619790653000 [RUN] Validate G4 Guard Condition: 
The ego vehicle E Detection.ArrivalTest == True.
 timestamp= 1619790653000 [RES] Global Validate result: 
false
 timestamp= 1619790653000 [RUN] Validate step: 
The test system VALIDATES THAT the Apollo A Status.GetControl is nearly equal to {"acceleration": -0.06, "throttle": 0.0, "steering_target": -2.62, "brake": 14.5, "steering_rate": 100.0, "speed": 6.44}
 timestamp= 1619790653000 [RES] Validate result: 
true
 timestamp= 1619790653000 [RUN] Generate steps
 timestamp= 1619790653000 [RUN] Validate step: 
The test system VALIDATES THAT the simulator S Status.GetEnvironment is nearly equal to {"x": -286.58, "y": 10.12, "z": 435.17, "rain": 0.0, "fog": 0.0, "wetness": 0.0, "timeofday": 10.0, "signal": -1.0, "rx": 0.04, "ry": 215.19, "rz": 0.08, "speed": 6.44}
 timestamp= 1619790653000 [RES] Validate result: 
true
 timestamp= 1619790653000 [RUN] Execute API step: 
The environment controller C INVOKES API Control.Agents.NPCVehicle.NPCVehicleMaintainLane(which_lane=Left_Lane&which_car=Hatchback).
 timestamp= 1619790657000 [RES] API result: 
{"pose_arr":[{"vx":-5.22,"ay":-0.09,"az":9.81,"ax":-0.37,"pz":10.13,"vy":-5.22,"px":552587.96,"py":4182921.97},{"vx":-5.2,"ay":-0.63,"az":9.84,"ax":0.86,"pz":10.12,"vy":-5.2,"px":552585.67,"py":4182918.78},{"vx":-5.13,"ay":0.31,"az":9.79,"ax":-0.44,"pz":10.12,"vy":-5.13,"px":552583.54,"py":4182915.8},{"vx":-5.41,"ay":0.24,"az":9.82,"ax":-0.49,"pz":10.12,"vy":-5.41,"px":552581.21,"py":4182912.55},{"vx":-5.64,"ay":0.32,"az":9.81,"ax":-0.35,"pz":10.12,"vy":-5.64,"px":552579.21,"py":4182909.77},{"vx":-5.89,"ay":0.14,"az":9.82,"ax":-0.19,"pz":10.12,"vy":-5.89,"px":552575.91,"py":4182905.15},{"vx":-6.09,"ay":0.14,"az":9.82,"ax":-0.19,"pz":10.12,"vy":-6.09,"px":552573.36,"py":4182901.62}],"traffic_light":[1,3,3,3,1,1],"state_arr":[{"acceleration":0.1,"throttle":15.7,"steering_target":0.5,"brake":0,"steering_rate":100,"speed":6.5},{"acceleration":0.1,"throttle":15.7,"steering_target":0.4,"brake":0,"steering_rate":100,"speed":6.24},{"acceleration":1.02,"throttle":15.7,"steering_target":-1.11,"brake":0,"steering_rate":100,"speed":6.47},{"acceleration":1.04,"throttle":26.9,"steering_target":0.98,"brake":0,"steering_rate":100,"speed":6.81},{"acceleration":1.18,"throttle":15.7,"steering_target":-0.48,"brake":0,"steering_rate":100,"speed":6.99},{"acceleration":1.14,"throttle":15.7,"steering_target":-0.53,"brake":0,"steering_rate":100,"speed":7.19},{"acceleration":1.05,"throttle":25.62,"steering_target":0.91,"brake":0,"steering_rate":100,"speed":7.38}],"obstacle_arr":[[{"acceleration":{"y":0.79,"x":0.68,"z":0},"position":{"y":4182903.31,"x":552569.94,"z":10.48},"volume":40.86,"type":"VEHICLE","velocity":{"y":-0.2,"x":-0.8,"z":0}},{"acceleration":{"y":0,"x":0,"z":0},"position":{"y":4182919.79,"x":552576.44,"z":10.42},"volume":8.24,"type":"VEHICLE","velocity":{"y":-1.9,"x":-1.22,"z":0}}],[{"acceleration":{"y":0.62,"x":0.55,"z":0},"position":{"y":4182903.19,"x":552569.84,"z":10.78},"volume":31.22,"type":"VEHICLE","velocity":{"y":0,"x":0,"z":0}},{"acceleration":{"y":-0.36,"x":-0.28,"z":0},"position":{"y":4182916.95,"x":552574.41,"z":10.39},"volume":8.27,"type":"VEHICLE","velocity":{"y":-3.2,"x":-2.31,"z":0}},{"acceleration":{"y":-0.02,"x":-0.06,"z":0},"position":{"y":4182917.13,"x":552592.89,"z":10.12},"volume":10.23,"type":"VEHICLE","velocity":{"y":-0.49,"x":-1.63,"z":0}}],[{"acceleration":{"y":0.03,"x":0.03,"z":0},"position":{"y":4182902.93,"x":552569.73,"z":10.39},"volume":45.25,"type":"VEHICLE","velocity":{"y":0,"x":0,"z":0}},{"acceleration":{"y":-2.18,"x":-1.14,"z":0},"position":{"y":4182913.91,"x":552572.23,"z":10.4},"volume":9.25,"type":"VEHICLE","velocity":{"y":-4.86,"x":-3.16,"z":0}},{"acceleration":{"y":-0.64,"x":-1.17,"z":0},"position":{"y":4182916.88,"x":552590.62,"z":10.15},"volume":10.27,"type":"VEHICLE","velocity":{"y":-0.88,"x":-2.97,"z":0}}],[{"acceleration":{"y":0,"x":0,"z":0},"position":{"y":4182903.61,"x":552569.93,"z":10.53},"volume":51.64,"type":"VEHICLE","velocity":{"y":0,"x":0,"z":0}},{"acceleration":{"y":-1.27,"x":-0.93,"z":0},"position":{"y":4182911.73,"x":552570.59,"z":10.4},"volume":10.81,"type":"VEHICLE","velocity":{"y":-6.52,"x":-4.18,"z":0}},{"acceleration":{"y":-1.18,"x":0.43,"z":0},"position":{"y":4182916.73,"x":552589.73,"z":10.41},"volume":6.23,"type":"VEHICLE","velocity":{"y":-1.99,"x":-2.56,"z":0}}],[{"acceleration":{"y":0,"x":0,"z":0},"position":{"y":4182903.08,"x":552569.69,"z":10.39},"volume":61.74,"type":"VEHICLE","velocity":{"y":0,"x":0,"z":0}},{"acceleration":{"y":-0.59,"x":-0.44,"z":0},"position":{"y":4182908.9,"x":552568.79,"z":10.39},"volume":6.94,"type":"VEHICLE","velocity":{"y":-7.04,"x":-4.58,"z":0}},{"acceleration":{"y":-0.11,"x":0.7,"z":0},"position":{"y":4182915.66,"x":552588.62,"z":10.39},"volume":7.46,"type":"VEHICLE","velocity":{"y":-1.93,"x":-2.11,"z":0}},{"acceleration":{"y":0.02,"x":0.02,"z":0},"position":{"y":4182894.32,"x":552563.74,"z":10.39},"volume":0.66,"type":"VEHICLE","velocity":{"y":1.15,"x":0.93,"z":0}}],[{"acceleration":{"y":0,"x":0,"z":0},"position":{"y":4182902.37,"x":552569.1,"z":10.39},"volume":65.88,"type":"VEHICLE","velocity":{"y":0,"x":0,"z":0}},{"acceleration":{"y":0.11,"x":-0.11,"z":0},"position":{"y":4182907.91,"x":552567.99,"z":10.56},"volume":0.95,"type":"VEHICLE","velocity":{"y":-7.16,"x":-4.72,"z":0}},{"acceleration":{"y":0.62,"x":1.08,"z":0},"position":{"y":4182914.02,"x":552587.35,"z":10.41},"volume":6.72,"type":"VEHICLE","velocity":{"y":-1.57,"x":-1.52,"z":0}},{"acceleration":{"y":-0.04,"x":-0.03,"z":0},"position":{"y":4182893.79,"x":552563.2,"z":10.46},"volume":1.19,"type":"VEHICLE","velocity":{"y":0.41,"x":0.28,"z":0}}]],"action_description":"NPC vehicle (Hatchback) driving on the left lane","ev_state":[-302.496490478516,10.1239614486694,412.991485595703,0,0,0,10,-1,359.961822509766,215.509216308594,359.973205566406,7.685421519154505],"collision_probability":0}
 timestamp= 1619790657000 [RUN] Validate G1 Guard Condition: 
The ego vehicle E Detection.Collision == True.
 timestamp= 1619790657000 [RES] Global Validate result: 
false
 timestamp= 1619790657000 [RUN] Validate G2 Guard Condition: 
The ego vehicle E Detection.OffRoad == True.
 timestamp= 1619790657000 [RES] Global Validate result: 
false
 timestamp= 1619790657000 [RUN] Validate G3 Guard Condition: 
The ego vehicle E Detection.HardBrake == True.
 timestamp= 1619790657000 [RES] Global Validate result: 
false
 timestamp= 1619790657000 [RUN] Validate G4 Guard Condition: 
The ego vehicle E Detection.ArrivalTest == True.
 timestamp= 1619790657000 [RES] Global Validate result: 
false
 timestamp= 1619790657000 [RUN] Validate step: 
The test system VALIDATES THAT the Apollo A Status.GetControl is nearly equal to {"acceleration": 1.05, "throttle": 25.62, "steering_target": 0.91, "brake": 0.0, "steering_rate": 100.0, "speed": 7.38}
 timestamp= 1619790657000 [RES] Validate result: 
true
 timestamp= 1619790657000 [RUN] Generate steps
 timestamp= 1619790657000 [RUN] Validate step: 
The test system VALIDATES THAT the simulator S Status.GetEnvironment is nearly equal to {"x": -302.5, "y": 10.12, "z": 412.99, "rain": 0.0, "fog": 0.0, "wetness": 0.0, "timeofday": 10.0, "signal": -1.0, "rx": 359.96, "ry": 215.51, "rz": 359.97, "speed": 7.69}
 timestamp= 1619790657000 [RES] Validate result: 
true
 timestamp= 1619790657000 [RUN] Execute API step: 
The environment controller C INVOKES API Control.Weather.Wetness(wetness_level=Moderate).
 timestamp= 1619790661000 [RES] API result: 
{"pose_arr":[{"vx":-6.31,"ay":0.21,"az":9.82,"ax":-0.3,"pz":10.12,"vy":-6.31,"px":552571.51,"py":4182899.04},{"vx":-6.43,"ay":0.14,"az":9.81,"ax":-0.18,"pz":10.12,"vy":-6.43,"px":552568.85,"py":4182895.34},{"vx":-6.48,"ay":0.19,"az":9.81,"ax":-0.15,"pz":10.12,"vy":-6.48,"px":552565.74,"py":4182891.03},{"vx":-6.59,"ay":0.28,"az":9.81,"ax":-0.38,"pz":10.12,"vy":-6.59,"px":552563.65,"py":4182888.11},{"vx":-6.79,"ay":0,"az":9.81,"ax":0,"pz":10.12,"vy":-6.79,"px":552560.59,"py":4182883.9},{"vx":-6.89,"ay":0.21,"az":9.81,"ax":-0.11,"pz":10.12,"vy":-6.89,"px":552558.14,"py":4182880.51},{"vx":-6.86,"ay":-0.36,"az":9.84,"ax":0.51,"pz":10.12,"vy":-6.86,"px":552554.81,"py":4182875.92}],"traffic_light":[3,3,3,3,0,0,0],"state_arr":[{"acceleration":0.26,"throttle":15.7,"steering_target":-0.62,"brake":0,"steering_rate":100,"speed":7.69},{"acceleration":0.18,"throttle":15.7,"steering_target":-0.24,"brake":0,"steering_rate":100,"speed":7.87},{"acceleration":0.78,"throttle":15.7,"steering_target":0.64,"brake":0,"steering_rate":100,"speed":7.77},{"acceleration":0.58,"throttle":20.99,"steering_target":-0.99,"brake":0,"steering_rate":100,"speed":8.05},{"acceleration":0.45,"throttle":18.58,"steering_target":0.72,"brake":0,"steering_rate":100,"speed":8.26},{"acceleration":0.05,"throttle":15.7,"steering_target":0,"brake":0,"steering_rate":100,"speed":8.41},{"acceleration":0.07,"throttle":15.7,"steering_target":-0.81,"brake":0,"steering_rate":100,"speed":8.55},{"acceleration":0.11,"throttle":15.7,"steering_target":0.54,"brake":0,"steering_rate":100,"speed":8.54}],"obstacle_arr":[[{"acceleration":{"y":0,"x":0,"z":0},"position":{"y":4182901.65,"x":552569.88,"z":10.42},"volume":12.12,"type":"VEHICLE","velocity":{"y":0,"x":0,"z":0}},{"acceleration":{"y":-0.43,"x":0.17,"z":0},"position":{"y":4182911.56,"x":552585.44,"z":10.62},"volume":3.44,"type":"VEHICLE","velocity":{"y":-2.04,"x":-1.53,"z":0}},{"acceleration":{"y":-0.6,"x":-0.43,"z":0},"position":{"y":4182893.81,"x":552562.6,"z":10.41},"volume":6.08,"type":"VEHICLE","velocity":{"y":0,"x":0,"z":0}}],[{"acceleration":{"y":0,"x":0,"z":0},"position":{"y":4182901.69,"x":552569.55,"z":10.42},"volume":25.44,"type":"VEHICLE","velocity":{"y":0,"x":0,"z":0}},{"acceleration":{"y":-0.99,"x":-0.62,"z":0},"position":{"y":4182909.56,"x":552583.93,"z":10.52},"volume":3.8,"type":"VEHICLE","velocity":{"y":-2.74,"x":-2.06,"z":0}},{"acceleration":{"y":-0.03,"x":-0.02,"z":0},"position":{"y":4182893.78,"x":552562.56,"z":10.38},"volume":6.48,"type":"VEHICLE","velocity":{"y":0,"x":0,"z":0}}],[{"acceleration":{"y":0,"x":0,"z":0},"position":{"y":4182901.99,"x":552568.82,"z":10.43},"volume":60.37,"type":"VEHICLE","velocity":{"y":0,"x":0,"z":0}},{"acceleration":{"y":-0.95,"x":-0.52,"z":0},"position":{"y":4182906.46,"x":552581.69,"z":10.61},"volume":2.9,"type":"VEHICLE","velocity":{"y":-3.72,"x":-2.69,"z":0}},{"acceleration":{"y":0,"x":0,"z":0},"position":{"y":4182893.57,"x":552562.49,"z":10.4},"volume":6.55,"type":"VEHICLE","velocity":{"y":0,"x":0,"z":0}},{"acceleration":{"y":0,"x":0,"z":0},"position":{"y":4182900.41,"x":552562.43,"z":10.42},"volume":10.89,"type":"VEHICLE","velocity":{"y":0,"x":0,"z":0}}],[{"acceleration":{"y":0,"x":0,"z":0},"position":{"y":4182902.29,"x":552568.94,"z":10.4},"volume":58.63,"type":"VEHICLE","velocity":{"y":0,"x":0,"z":0}},{"acceleration":{"y":-1,"x":-0.19,"z":0},"position":{"y":4182904.75,"x":552580.2,"z":10.65},"volume":3.86,"type":"VEHICLE","velocity":{"y":-4.29,"x":-2.83,"z":0}},{"acceleration":{"y":0,"x":0,"z":0},"position":{"y":4182893.84,"x":552562.6,"z":10.38},"volume":6.92,"type":"VEHICLE","velocity":{"y":0,"x":0,"z":0}},{"acceleration":{"y":0,"x":0,"z":0},"position":{"y":4182899.86,"x":552562.16,"z":10.5},"volume":8.16,"type":"VEHICLE","velocity":{"y":0,"x":0,"z":0}}],[{"acceleration":{"y":0,"x":0,"z":0},"position":{"y":4182900.5,"x":552567.66,"z":10.44},"volume":41.15,"type":"VEHICLE","velocity":{"y":0,"x":0,"z":0}},{"acceleration":{"y":-0.83,"x":-0.4,"z":0},"position":{"y":4182901.02,"x":552577.44,"z":10.55},"volume":5.01,"type":"VEHICLE","velocity":{"y":-4.92,"x":-3.09,"z":0}},{"acceleration":{"y":0,"x":0,"z":0},"position":{"y":4182892.91,"x":552561.82,"z":10.38},"volume":6.8,"type":"VEHICLE","velocity":{"y":0,"x":0,"z":0}},{"acceleration":{"y":0,"x":0,"z":0},"position":{"y":4182898.04,"x":552560.82,"z":10.5},"volume":7.3,"type":"VEHICLE","velocity":{"y":0,"x":0,"z":0}}],[{"acceleration":{"y":0,"x":0,"z":0},"position":{"y":4182901.15,"x":552568.41,"z":10.49},"volume":32.04,"type":"VEHICLE","velocity":{"y":0,"x":0,"z":0}},{"acceleration":{"y":-0.38,"x":-0.25,"z":0},"position":{"y":4182900.04,"x":552576.71,"z":10.46},"volume":3.62,"type":"VEHICLE","velocity":{"y":-5.32,"x":-3.3,"z":0}},{"acceleration":{"y":0,"x":0,"z":0},"position":{"y":4182893.93,"x":552562.64,"z":10.39},"volume":6.14,"type":"VEHICLE","velocity":{"y":0,"x":0,"z":0}},{"acceleration":{"y":0,"x":0,"z":0},"position":{"y":4182898.65,"x":552561.21,"z":10.46},"volume":8.91,"type":"VEHICLE","velocity":{"y":0,"x":0,"z":0}}],[{"acceleration":{"y":0,"x":0,"z":0},"position":{"y":4182900.77,"x":552568.01,"z":10.45},"volume":38.35,"type":"VEHICLE","velocity":{"y":0,"x":0,"z":0}},{"acceleration":{"y":-0.12,"x":-0.25,"z":0},"position":{"y":4182897.6,"x":552574.83,"z":10.67},"volume":3.95,"type":"VEHICLE","velocity":{"y":-5.42,"x":-3.44,"z":0}},{"acceleration":{"y":0,"x":0,"z":0},"position":{"y":4182893.28,"x":552562.15,"z":10.44},"volume":5.71,"type":"VEHICLE","velocity":{"y":0,"x":0,"z":0}},{"acceleration":{"y":0,"x":0,"z":0},"position":{"y":4182897.47,"x":552560.33,"z":10.49},"volume":8.38,"type":"VEHICLE","velocity":{"y":0,"x":0,"z":0}}]],"action_description":"Moderate wetness","ev_state":[-321.679779052734,10.1237316131592,386.466094970703,0,0,0.5,10,-1,359.992462158203,216.019073486328,359.97998046875,8.563127055065149],"collision_probability":0}
 timestamp= 1619790661000 [RUN] Validate G1 Guard Condition: 
The ego vehicle E Detection.Collision == True.
 timestamp= 1619790661000 [RES] Global Validate result: 
false
 timestamp= 1619790661000 [RUN] Validate G2 Guard Condition: 
The ego vehicle E Detection.OffRoad == True.
 timestamp= 1619790661000 [RES] Global Validate result: 
false
 timestamp= 1619790661000 [RUN] Validate G3 Guard Condition: 
The ego vehicle E Detection.HardBrake == True.
 timestamp= 1619790661000 [RES] Global Validate result: 
false
 timestamp= 1619790661000 [RUN] Validate G4 Guard Condition: 
The ego vehicle E Detection.ArrivalTest == True.
 timestamp= 1619790661000 [RES] Global Validate result: 
false
 timestamp= 1619790661000 [RUN] Validate step: 
The test system VALIDATES THAT the Apollo A Status.GetControl is nearly equal to {"acceleration": 0.11, "throttle": 15.7, "steering_target": 0.54, "brake": 0.0, "steering_rate": 100.0, "speed": 8.54}
 timestamp= 1619790661000 [RES] Validate result: 
true
 timestamp= 1619790661000 [RUN] Generate steps
 timestamp= 1619790661000 [RUN] Validate step: 
The test system VALIDATES THAT the simulator S Status.GetEnvironment is nearly equal to {"x": -321.68, "y": 10.12, "z": 386.47, "rain": 0.0, "fog": 0.0, "wetness": 0.5, "timeofday": 10.0, "signal": -1.0, "rx": 359.99, "ry": 216.02, "rz": 359.98, "speed": 8.56}
 timestamp= 1619790661000 [RES] Validate result: 
true
 timestamp= 1619790661000 [RUN] Execute API step: 
The environment controller C INVOKES API Control.Agents.NPCVehicle.NPCVehicleSwitchLane(which_lane=Current_Lane&which_car=Hatchback).
 timestamp= 1619790665000 [RES] API result: 
{"pose_arr":[{"vx":-6.96,"ay":0.15,"az":9.81,"ax":-0.21,"pz":10.12,"vy":-6.96,"px":552552.31,"py":4182872.5},{"vx":-7,"ay":0.13,"az":9.81,"ax":-0.17,"pz":10.12,"vy":-7,"px":552549.36,"py":4182868.44},{"vx":-6.37,"ay":-1.48,"az":9.85,"ax":2.01,"pz":10.13,"vy":-6.37,"px":552546.71,"py":4182864.87},{"vx":-4.72,"ay":-2.15,"az":9.82,"ax":2.93,"pz":10.13,"vy":-4.72,"px":552544.05,"py":4182861.24},{"vx":-3.2,"ay":-2.38,"az":9.81,"ax":3.16,"pz":10.13,"vy":-3.2,"px":552542.61,"py":4182859.3},{"vx":-1.85,"ay":-1.78,"az":9.81,"ax":2.4,"pz":10.13,"vy":-1.85,"px":552541.72,"py":4182858.09},{"vx":0,"ay":0,"az":9.81,"ax":0,"pz":10.13,"vy":0,"px":552541.28,"py":4182857.51}],"traffic_light":[0,0,0,0,0,0],"state_arr":[{"acceleration":0.08,"throttle":15.7,"steering_target":-0.96,"brake":0,"steering_rate":100,"speed":8.6},{"acceleration":-0.93,"throttle":0,"steering_target":-0.02,"brake":16.63,"steering_rate":100,"speed":8.68},{"acceleration":-2.69,"throttle":0,"steering_target":0.33,"brake":36.21,"steering_rate":100,"speed":7.91},{"acceleration":-3.9,"throttle":0,"steering_target":-0.67,"brake":46.71,"steering_rate":100,"speed":6.33},{"acceleration":-3.6,"throttle":0,"steering_target":0.13,"brake":44.59,"steering_rate":100,"speed":4.01},{"acceleration":-2.57,"throttle":0,"steering_target":0.16,"brake":36.36,"steering_rate":100,"speed":1.94},{"acceleration":-3.74,"throttle":0,"steering_target":-0.07,"brake":69.95,"steering_rate":100,"speed":0},{"acceleration":0.49,"throttle":64.6,"steering_target":-0.07,"brake":0,"steering_rate":100,"speed":0}],"obstacle_arr":[[{"acceleration":{"y":0,"x":0,"z":0},"position":{"y":4182901.14,"x":552568.97,"z":10.65},"volume":20.15,"type":"VEHICLE","velocity":{"y":0,"x":0,"z":0}},{"acceleration":{"y":-0.02,"x":-0.1,"z":0},"position":{"y":4182895.03,"x":552573.03,"z":10.64},"volume":1.41,"type":"VEHICLE","velocity":{"y":-5.35,"x":-3.51,"z":0}},{"acceleration":{"y":0,"x":0,"z":0},"position":{"y":4182893.4,"x":552562.16,"z":10.69},"volume":4.05,"type":"VEHICLE","velocity":{"y":0,"x":0,"z":0}},{"acceleration":{"y":0,"x":0,"z":0},"position":{"y":4182897.14,"x":552560.35,"z":10.48},"volume":5.01,"type":"VEHICLE","velocity":{"y":0,"x":0,"z":0}}],[{"acceleration":{"y":0,"x":0,"z":0},"position":{"y":4182900.24,"x":552568.14,"z":10.96},"volume":10.17,"type":"VEHICLE","velocity":{"y":0,"x":0,"z":0}},{"acceleration":{"y":-0.23,"x":0.4,"z":0},"position":{"y":4182894.04,"x":552572.11,"z":11.14},"volume":0.01,"type":"VEHICLE","velocity":{"y":-5.37,"x":-3.45,"z":0}},{"acceleration":{"y":0,"x":0,"z":0},"position":{"y":4182892.96,"x":552561.88,"z":10.76},"volume":1.82,"type":"VEHICLE","velocity":{"y":0,"x":0,"z":0}},{"acceleration":{"y":0,"x":0,"z":0},"position":{"y":4182896.5,"x":552559.8,"z":10.59},"volume":2.96,"type":"VEHICLE","velocity":{"y":0,"x":0,"z":0}},{"acceleration":{"y":0,"x":0,"z":0},"position":{"y":4182857.91,"x":552541.36,"z":10.44},"volume":2.12,"type":"VEHICLE","velocity":{"y":0,"x":0,"z":0}}],[{"acceleration":{"y":0,"x":0,"z":0},"position":{"y":4182899.74,"x":552568.07,"z":10.8},"volume":4.44,"type":"VEHICLE","velocity":{"y":0,"x":0,"z":0}},{"acceleration":{"y":0,"x":0,"z":0},"position":{"y":4182893.31,"x":552562.2,"z":10.54},"volume":1.1,"type":"VEHICLE","velocity":{"y":0,"x":0,"z":0}},{"acceleration":{"y":0,"x":0,"z":0},"position":{"y":4182896.6,"x":552559.83,"z":11.09},"volume":0.06,"type":"VEHICLE","velocity":{"y":0,"x":0,"z":0}},{"acceleration":{"y":0,"x":0,"z":0},"position":{"y":4182857.7,"x":552541.21,"z":10.45},"volume":2.27,"type":"VEHICLE","velocity":{"y":0,"x":0,"z":0}}],[{"acceleration":{"y":0,"x":0,"z":0},"position":{"y":4182855.32,"x":552539.84,"z":10.56},"volume":4.22,"type":"VEHICLE","velocity":{"y":0,"x":0,"z":0}}],[{"acceleration":{"y":0,"x":0,"z":0},"position":{"y":4182851.84,"x":552537.71,"z":10.46},"volume":6.46,"type":"VEHICLE","velocity":{"y":0,"x":0,"z":0}},{"acceleration":{"y":0,"x":0,"z":0},"position":{"y":4182897.79,"x":552566.86,"z":10.63},"volume":0,"type":"VEHICLE","velocity":{"y":0,"x":0,"z":0}}],[{"acceleration":{"y":0,"x":0,"z":0},"position":{"y":4182850.79,"x":552537.02,"z":10.54},"volume":1.71,"type":"VEHICLE","velocity":{"y":0,"x":0,"z":0}}],[{"acceleration":{"y":0,"x":0,"z":0},"position":{"y":4182847.77,"x":552535.26,"z":10.56},"volume":0.77,"type":"VEHICLE","velocity":{"y":0,"x":0,"z":0}}]],"action_description":"NPC vehicle (Hatchback) switching lane (current to right)","ev_state":[-333.504699707031,10.1248035430908,370.404754638672,0,0,0.5,10,1,0.0158212073147297,216.545516967773,0.0000395187162212096,0.00030744010360129326],"collision_probability":0}
 timestamp= 1619790665000 [RUN] Validate G1 Guard Condition: 
The ego vehicle E Detection.Collision == True.
 timestamp= 1619790665000 [RES] Global Validate result: 
false
 timestamp= 1619790665000 [RUN] Validate G2 Guard Condition: 
The ego vehicle E Detection.OffRoad == True.
 timestamp= 1619790665000 [RES] Global Validate result: 
false
 timestamp= 1619790665000 [RUN] Validate G3 Guard Condition: 
The ego vehicle E Detection.HardBrake == True.
 timestamp= 1619790665000 [RES] Global Validate result: 
true
 timestamp= 1619790665000 [RUN] HardBrake == True
 timestamp= 1619790665000 [RUN] RESUME STEP @preStep
 timestamp= 1619790665000 [RUN] Resume step basicflow22
 timestamp= 1619790665000 [RUN] Validate G4 Guard Condition: 
The ego vehicle E Detection.ArrivalTest == True.
 timestamp= 1619790665000 [RES] Global Validate result: 
false
 timestamp= 1619790665000 [RUN] Validate step: 
The test system VALIDATES THAT the Apollo A Status.GetControl is nearly equal to {"acceleration": 0.49, "throttle": 64.6, "steering_target": -0.07, "brake": 0.0, "steering_rate": 100.0, "speed": 0.0}
 timestamp= 1619790665000 [RES] Validate result: 
true
 timestamp= 1619790665000 [RUN] Generate steps
 timestamp= 1619790665000 [RUN] Validate step: 
The test system VALIDATES THAT the simulator S Status.GetEnvironment is nearly equal to {"x": -333.5, "y": 10.12, "z": 370.4, "rain": 0.0, "fog": 0.0, "wetness": 0.5, "timeofday": 10.0, "signal": 1.0, "rx": 0.02, "ry": 216.55, "rz": 0.0, "speed": 0.0}
 timestamp= 1619790665000 [RES] Validate result: 
true
 timestamp= 1619790665000 [RUN] Execute API step: 
The environment controller C INVOKES API Control.Agents.NPCVehicle.NPCVehicleSwitchLane(which_lane=Left_Lane&which_car=SUV).
 timestamp= 1619790669000 [RES] API result: 
{"pose_arr":[{"vx":0,"ay":0,"az":9.81,"ax":0,"pz":10.13,"vy":0,"px":552541.28,"py":4182857.51},{"vx":-0.92,"ay":2.28,"az":9.81,"ax":-2.55,"pz":10.12,"vy":-0.92,"px":552541.15,"py":4182857.33},{"vx":-2.61,"ay":-0.15,"az":9.81,"ax":0.09,"pz":10.12,"vy":-2.61,"px":552540.39,"py":4182856.31},{"vx":-2.4,"ay":0,"az":9.81,"ax":0,"pz":10.13,"vy":-2.4,"px":552539.42,"py":4182855.02},{"vx":-2.47,"ay":0.3,"az":9.81,"ax":-0.4,"pz":10.12,"vy":-2.47,"px":552538.83,"py":4182854.23},{"vx":-2.8,"ay":0.53,"az":9.81,"ax":-0.71,"pz":10.12,"vy":-2.8,"px":552537.81,"py":4182852.86},{"vx":-3.71,"ay":1.33,"az":9.81,"ax":-1.79,"pz":10.12,"vy":-3.71,"px":552536.61,"py":4182851.25},{"vx":-4.96,"ay":2.2,"az":9.8,"ax":-2.95,"pz":10.12,"vy":-4.96,"px":552534.93,"py":4182849},{"vx":-5.45,"ay":0.15,"az":9.83,"ax":-0.2,"pz":10.12,"vy":-5.45,"px":552532.59,"py":4182845.84}],"traffic_light":[0,0,0,0,0,0,0],"state_arr":[{"acceleration":1.29,"throttle":66.28,"steering_target":-11.55,"brake":0,"steering_rate":100,"speed":0.7},{"acceleration":-0.33,"throttle":0,"steering_target":0.37,"brake":14.5,"steering_rate":100,"speed":2.12},{"acceleration":-0.11,"throttle":0,"steering_target":0.59,"brake":14.5,"steering_rate":100,"speed":3.16},{"acceleration":0.59,"throttle":20.65,"steering_target":0.18,"brake":0,"steering_rate":100,"speed":2.99},{"acceleration":0.98,"throttle":27.08,"steering_target":0.08,"brake":0,"steering_rate":100,"speed":3.17},{"acceleration":2,"throttle":52.69,"steering_target":-0.01,"brake":0,"steering_rate":100,"speed":3.62},{"acceleration":1.54,"throttle":82.9,"steering_target":0.01,"brake":0,"steering_rate":100,"speed":4.95},{"acceleration":0.37,"throttle":15.7,"steering_target":0.06,"brake":0,"steering_rate":100,"speed":6.62},{"acceleration":0.39,"throttle":15.7,"steering_target":0.07,"brake":0,"steering_rate":100,"speed":6.79}],"obstacle_arr":[[{"acceleration":{"y":0,"x":0,"z":0},"position":{"y":4182844.83,"x":552533.46,"z":10.7},"volume":2.33,"type":"VEHICLE","velocity":{"y":0,"x":0,"z":0}}],[{"acceleration":{"y":-0.01,"x":0,"z":0},"position":{"y":4182843.64,"x":552532.91,"z":10.41},"volume":0.74,"type":"VEHICLE","velocity":{"y":-1.86,"x":-1.09,"z":0}}],[{"acceleration":{"y":-0.25,"x":-0.23,"z":0},"position":{"y":4182841.21,"x":552531.42,"z":10.54},"volume":0.5,"type":"VEHICLE","velocity":{"y":-2.21,"x":-1.43,"z":0}},{"acceleration":{"y":0,"x":0,"z":0},"position":{"y":4182836.06,"x":552534.85,"z":10.23},"volume":9.57,"type":"VEHICLE","velocity":{"y":0,"x":0,"z":0}}],[{"acceleration":{"y":-1.79,"x":-0.99,"z":0},"position":{"y":4182836.65,"x":552529.03,"z":10.79},"volume":1.93,"type":"VEHICLE","velocity":{"y":-3.53,"x":-2.08,"z":0}},{"acceleration":{"y":0.15,"x":-0.16,"z":0},"position":{"y":4182835.13,"x":552533.37,"z":10.15},"volume":10.51,"type":"VEHICLE","velocity":{"y":-0.51,"x":-0.92,"z":0}},{"acceleration":{"y":-0.01,"x":-0.01,"z":0},"position":{"y":4182875.84,"x":552549.57,"z":10.39},"volume":3.34,"type":"VEHICLE","velocity":{"y":0,"x":0,"z":0}},{"acceleration":{"y":-0.03,"x":-0.02,"z":0},"position":{"y":4182893.04,"x":552562.12,"z":10.64},"volume":7.74,"type":"VEHICLE","velocity":{"y":-1.98,"x":-1.55,"z":0}},{"acceleration":{"y":-0.01,"x":-0.01,"z":0},"position":{"y":4182876.36,"x":552544.99,"z":10.11},"volume":10.15,"type":"VEHICLE","velocity":{"y":0.85,"x":0.72,"z":0}},{"acceleration":{"y":0,"x":-0.01,"z":0},"position":{"y":4182860.92,"x":552552.69,"z":10.44},"volume":0.36,"type":"PEDESTRIAN","velocity":{"y":0,"x":0,"z":0}}],[{"acceleration":{"y":-1.38,"x":-0.45,"z":0},"position":{"y":4182835.42,"x":552528.29,"z":10.7},"volume":2.11,"type":"VEHICLE","velocity":{"y":-3.87,"x":-2.28,"z":0}},{"acceleration":{"y":-0.3,"x":-0.71,"z":0},"position":{"y":4182834.8,"x":552532.7,"z":10.32},"volume":8.91,"type":"VEHICLE","velocity":{"y":-0.73,"x":-1.44,"z":0}},{"acceleration":{"y":-0.02,"x":-0.01,"z":0},"position":{"y":4182871.89,"x":552546.77,"z":10.12},"volume":5.79,"type":"VEHICLE","velocity":{"y":0,"x":0,"z":0}},{"acceleration":{"y":-0.02,"x":-0.01,"z":0},"position":{"y":4182892.31,"x":552561.67,"z":10.74},"volume":6.91,"type":"VEHICLE","velocity":{"y":-2.44,"x":-1.83,"z":0}},{"acceleration":{"y":-0.02,"x":-0.02,"z":0},"position":{"y":4182871.14,"x":552541.5,"z":10.12},"volume":9.06,"type":"VEHICLE","velocity":{"y":0.79,"x":0.67,"z":0}}],[{"acceleration":{"y":-0.92,"x":-1.42,"z":0},"position":{"y":4182834.38,"x":552532.03,"z":10.24},"volume":8.81,"type":"VEHICLE","velocity":{"y":-1.33,"x":-2.31,"z":0}},{"acceleration":{"y":-0.02,"x":-0.01,"z":0},"position":{"y":4182865.77,"x":552542.28,"z":10.41},"volume":5.22,"type":"VEHICLE","velocity":{"y":-0.06,"x":-0.04,"z":0}},{"acceleration":{"y":-1.4,"x":-0.87,"z":0},"position":{"y":4182889.39,"x":552559.63,"z":10.78},"volume":11.51,"type":"VEHICLE","velocity":{"y":-3.5,"x":-2.56,"z":0}},{"acceleration":{"y":-0.02,"x":-0.01,"z":0},"position":{"y":4182864.17,"x":552536.36,"z":10.42},"volume":9.64,"type":"VEHICLE","velocity":{"y":0.69,"x":0.6,"z":0}}],[{"acceleration":{"y":-0.57,"x":-0.9,"z":0},"position":{"y":4182834.29,"x":552531.85,"z":10.13},"volume":11.5,"type":"VEHICLE","velocity":{"y":-1.41,"x":-2.46,"z":0}},{"acceleration":{"y":-0.03,"x":-0.02,"z":0},"position":{"y":4182855.77,"x":552535.04,"z":10.39},"volume":7.03,"type":"VEHICLE","velocity":{"y":-0.18,"x":-0.13,"z":0}}],[{"acceleration":{"y":0.15,"x":0.56,"z":0},"position":{"y":4182834.17,"x":552531.57,"z":10.05},"volume":12.82,"type":"VEHICLE","velocity":{"y":-1.16,"x":-1.85,"z":0}},{"acceleration":{"y":-0.02,"x":-0.01,"z":0},"position":{"y":4182848.65,"x":552529.76,"z":10.38},"volume":7.28,"type":"VEHICLE","velocity":{"y":-0.37,"x":-0.26,"z":0}},{"acceleration":{"y":0,"x":0,"z":0},"position":{"y":4182829.15,"x":552524.61,"z":10.45},"volume":0.3,"type":"VEHICLE","velocity":{"y":-2.05,"x":-1.41,"z":0}},{"acceleration":{"y":-0.02,"x":-0.01,"z":0},"position":{"y":4182861.42,"x":552553.2,"z":10.66},"volume":0.29,"type":"PEDESTRIAN","velocity":{"y":0,"x":0,"z":0}}],[{"acceleration":{"y":0.1,"x":0.58,"z":0},"position":{"y":4182834.15,"x":552530.97,"z":10.11},"volume":11.33,"type":"VEHICLE","velocity":{"y":-1.07,"x":-1.49,"z":0}},{"acceleration":{"y":-0.02,"x":-0.02,"z":0},"position":{"y":4182839.64,"x":552523.1,"z":10.5},"volume":5.04,"type":"VEHICLE","velocity":{"y":-0.61,"x":-0.44,"z":0}},{"acceleration":{"y":0,"x":0,"z":0},"position":{"y":4182827.33,"x":552523.36,"z":10.55},"volume":1.72,"type":"VEHICLE","velocity":{"y":-2.06,"x":-1.42,"z":0}}]],"action_description":"NPC vehicle (SUV) switching lane (left to right)","ev_state":[-342.323883056641,10.1241331100464,358.578826904297,0,0,0.5,10,1,359.969665527344,216.629180908203,-0.00170312833506614,6.792310021943707],"collision_probability":0}
 timestamp= 1619790669000 [RUN] Validate G1 Guard Condition: 
The ego vehicle E Detection.Collision == True.
 timestamp= 1619790669000 [RES] Global Validate result: 
false
 timestamp= 1619790669000 [RUN] Validate G2 Guard Condition: 
The ego vehicle E Detection.OffRoad == True.
 timestamp= 1619790669000 [RES] Global Validate result: 
false
 timestamp= 1619790669000 [RUN] Validate G3 Guard Condition: 
The ego vehicle E Detection.HardBrake == True.
 timestamp= 1619790669000 [RES] Global Validate result: 
false
 timestamp= 1619790669000 [RUN] Validate G4 Guard Condition: 
The ego vehicle E Detection.ArrivalTest == True.
 timestamp= 1619790669000 [RES] Global Validate result: 
false
 timestamp= 1619790669000 [RUN] Validate step: 
The test system VALIDATES THAT the Apollo A Status.GetControl is nearly equal to {"acceleration": 0.39, "throttle": 15.7, "steering_target": 0.07, "brake": 0.0, "steering_rate": 100.0, "speed": 6.79}
 timestamp= 1619790669000 [RES] Validate result: 
true
 timestamp= 1619790669000 [RUN] Generate steps
 timestamp= 1619790669000 [RUN] Validate step: 
The test system VALIDATES THAT the simulator S Status.GetEnvironment is nearly equal to {"x": -342.32, "y": 10.12, "z": 358.58, "rain": 0.0, "fog": 0.0, "wetness": 0.5, "timeofday": 10.0, "signal": 1.0, "rx": 359.97, "ry": 216.63, "rz": -0.0, "speed": 6.79}
 timestamp= 1619790669000 [RES] Validate result: 
true
 timestamp= 1619790669000 [RUN] Execute API step: 
The environment controller C INVOKES API Control.Agents.NPCVehicle.NPCVehicleMaintainLane(which_lane=Left_Lane&which_car=Jeep).
 timestamp= 1619790674000 [RES] API result: 
{"pose_arr":[{"vx":-5.63,"ay":0.48,"az":9.8,"ax":-0.65,"pz":10.12,"vy":-5.63,"px":552530.94,"py":4182843.63},{"vx":-5.81,"ay":0.14,"az":9.81,"ax":-0.19,"pz":10.12,"vy":-5.81,"px":552528.81,"py":4182840.76},{"vx":-5.93,"ay":0.14,"az":9.81,"ax":-0.19,"pz":10.12,"vy":-5.93,"px":552526.2,"py":4182837.24},{"vx":-6.18,"ay":0.14,"az":9.82,"ax":-0.19,"pz":10.12,"vy":-6.18,"px":552523.61,"py":4182833.74},{"vx":-5.6,"ay":-0.99,"az":9.82,"ax":1.34,"pz":10.13,"vy":-5.6,"px":552520.97,"py":4182830.17},{"vx":-0.01,"ay":-0.02,"az":9.83,"ax":0.06,"pz":10.12,"vy":-0.01,"px":552520.47,"py":4182829.52},{"vx":-0.03,"ay":0,"az":9.81,"ax":0,"pz":10.12,"vy":-0.03,"px":552520.47,"py":4182829.52}],"traffic_light":[0,0,0,0,0,0,0],"state_arr":[{"acceleration":0.35,"throttle":19.61,"steering_target":0.07,"brake":0,"steering_rate":100,"speed":7.01},{"acceleration":0.51,"throttle":17.56,"steering_target":0.07,"brake":0,"steering_rate":100,"speed":7.23},{"acceleration":0.67,"throttle":15.7,"steering_target":0.03,"brake":0,"steering_rate":100,"speed":7.34},{"acceleration":1.33,"throttle":30.24,"steering_target":0.07,"brake":0,"steering_rate":100,"speed":7.56},{"acceleration":-0.97,"throttle":0,"steering_target":0.04,"brake":18.78,"steering_rate":100,"speed":7.44},{"acceleration":-2.59,"throttle":0,"steering_target":-0.63,"brake":36.55,"steering_rate":100,"speed":1.74},{"acceleration":-0.36,"throttle":0,"steering_target":-0.19,"brake":29.48,"steering_rate":100,"speed":0.01},{"acceleration":0.27,"throttle":47.99,"steering_target":-0.19,"brake":0,"steering_rate":100,"speed":0.04}],"obstacle_arr":[[{"acceleration":{"y":0.13,"x":0.06,"z":0},"position":{"y":4182832.51,"x":552528.39,"z":10.38},"volume":7.44,"type":"VEHICLE","velocity":{"y":-0.98,"x":-1.57,"z":0}},{"acceleration":{"y":-0.03,"x":-0.02,"z":0},"position":{"y":4182829.7,"x":552515.93,"z":10.51},"volume":2.9,"type":"VEHICLE","velocity":{"y":-0.89,"x":-0.65,"z":0}},{"acceleration":{"y":0,"x":0,"z":0},"position":{"y":4182825.43,"x":552522.19,"z":10.58},"volume":1.34,"type":"VEHICLE","velocity":{"y":-2.08,"x":-1.43,"z":0}}],[{"acceleration":{"y":0.12,"x":-0.33,"z":0},"position":{"y":4182831.12,"x":552526.29,"z":10.44},"volume":10.44,"type":"VEHICLE","velocity":{"y":-0.9,"x":-1.66,"z":0}},{"acceleration":{"y":-0.02,"x":-0.01,"z":0},"position":{"y":4182821.74,"x":552509.92,"z":10.75},"volume":1.15,"type":"VEHICLE","velocity":{"y":-1.23,"x":-0.9,"z":0}},{"acceleration":{"y":0,"x":0,"z":0},"position":{"y":4182822.98,"x":552520.37,"z":10.53},"volume":3.02,"type":"VEHICLE","velocity":{"y":-2.08,"x":-1.43,"z":0}},{"acceleration":{"y":-0.03,"x":-0.02,"z":0},"position":{"y":4182819.58,"x":552503.62,"z":10.37},"volume":1.96,"type":"VEHICLE","velocity":{"y":0,"x":0,"z":0}},{"acceleration":{"y":0,"x":0,"z":0},"position":{"y":4182840.52,"x":552538.08,"z":10.33},"volume":10.87,"type":"VEHICLE","velocity":{"y":-0.39,"x":-0.38,"z":0}}],[{"acceleration":{"y":-0.25,"x":-0.87,"z":0},"position":{"y":4182829.24,"x":552523.64,"z":10.43},"volume":9.58,"type":"VEHICLE","velocity":{"y":-0.98,"x":-2.15,"z":0}},{"acceleration":{"y":-0.01,"x":0,"z":0},"position":{"y":4182814.44,"x":552504.65,"z":10.38},"volume":0.09,"type":"VEHICLE","velocity":{"y":-1.83,"x":-1.35,"z":0}},{"acceleration":{"y":0.03,"x":0.01,"z":0},"position":{"y":4182821.52,"x":552518.94,"z":10.73},"volume":0.7,"type":"VEHICLE","velocity":{"y":-1.39,"x":-1.44,"z":0}},{"acceleration":{"y":0,"x":0,"z":0},"position":{"y":4182838.74,"x":552536.49,"z":10.33},"volume":11.75,"type":"VEHICLE","velocity":{"y":-0.4,"x":-0.39,"z":0}},{"acceleration":{"y":-0.02,"x":-0.01,"z":0},"position":{"y":4182840.97,"x":552525.33,"z":10.42},"volume":16.35,"type":"VEHICLE","velocity":{"y":0,"x":0,"z":0}}],[{"acceleration":{"y":-0.46,"x":-1.06,"z":0},"position":{"y":4182827.94,"x":552521.03,"z":10.44},"volume":9.43,"type":"VEHICLE","velocity":{"y":-1.22,"x":-2.75,"z":0}},{"acceleration":{"y":0,"x":0,"z":0},"position":{"y":4182837.21,"x":552534.81,"z":10.11},"volume":11.44,"type":"VEHICLE","velocity":{"y":-0.42,"x":-0.41,"z":0}},{"acceleration":{"y":-0.01,"x":-0.01,"z":0},"position":{"y":4182833.69,"x":552518.75,"z":10.41},"volume":96.46,"type":"VEHICLE","velocity":{"y":-0.08,"x":-0.06,"z":0}}],[{"acceleration":{"y":-0.39,"x":-0.71,"z":0},"position":{"y":4182827.08,"x":552519.39,"z":10.4},"volume":9.89,"type":"VEHICLE","velocity":{"y":-1.46,"x":-3.26,"z":0}},{"acceleration":{"y":-0.03,"x":-0.03,"z":0},"position":{"y":4182835.45,"x":552533.03,"z":10.13},"volume":12.35,"type":"VEHICLE","velocity":{"y":-3.11,"x":-3.11,"z":0}},{"acceleration":{"y":0,"x":0,"z":0},"position":{"y":4182824.18,"x":552511.68,"z":10.4},"volume":61.29,"type":"VEHICLE","velocity":{"y":0,"x":0,"z":0}},{"acceleration":{"y":0,"x":0,"z":0},"position":{"y":4182816.82,"x":552516,"z":10.74},"volume":2.99,"type":"VEHICLE","velocity":{"y":0,"x":0,"z":0}}],[{"acceleration":{"y":-0.58,"x":-0.45,"z":0},"position":{"y":4182825.73,"x":552518.15,"z":10.4},"volume":7.49,"type":"VEHICLE","velocity":{"y":-1.82,"x":-3.61,"z":0}},{"acceleration":{"y":-1.65,"x":-1.97,"z":0},"position":{"y":4182832.77,"x":552530.64,"z":10.14},"volume":11.32,"type":"VEHICLE","velocity":{"y":-4.21,"x":-4.47,"z":0}},{"acceleration":{"y":0,"x":0,"z":0},"position":{"y":4182814.48,"x":552514.31,"z":10.14},"volume":4.08,"type":"VEHICLE","velocity":{"y":0,"x":0,"z":0}},{"acceleration":{"y":0,"x":0,"z":0},"position":{"y":4182816.44,"x":552506.04,"z":10.38},"volume":51.31,"type":"VEHICLE","velocity":{"y":0,"x":0,"z":0}}],[{"acceleration":{"y":-0.63,"x":-0.38,"z":0},"position":{"y":4182825.07,"x":552517.57,"z":10.41},"volume":8.82,"type":"VEHICLE","velocity":{"y":-2.25,"x":-3.86,"z":0}},{"acceleration":{"y":-2.13,"x":-2.12,"z":0},"position":{"y":4182831.19,"x":552528.97,"z":10.26},"volume":10.52,"type":"VEHICLE","velocity":{"y":-5.56,"x":-5.92,"z":0}},{"acceleration":{"y":0,"x":0,"z":0},"position":{"y":4182812.34,"x":552512.89,"z":10.63},"volume":2.4,"type":"VEHICLE","velocity":{"y":0,"x":0,"z":0}},{"acceleration":{"y":-0.01,"x":-0.01,"z":0},"position":{"y":4182809.25,"x":552500.74,"z":10.89},"volume":14.79,"type":"VEHICLE","velocity":{"y":0,"x":0,"z":0}}]],"action_description":"NPC vehicle (Jeep) driving on the left lane","ev_state":[-354.322662353516,10.1252965927124,342.394622802734,0,0,0.5,10,1,359.692779541016,216.094711303711,359.942932128906,0.005920785288245742],"collision_probability":1}
 timestamp= 1619790674000 [RUN] Validate G1 Guard Condition: 
The ego vehicle E Detection.Collision == True.
 timestamp= 1619790674000 [RES] Global Validate result: 
true
 timestamp= 1619790674000 [RUN] Collision == True
 timestamp= 1619790674000 [RUN] Validate G2 Guard Condition: 
The ego vehicle E Detection.OffRoad == True.
 timestamp= 1619790674000 [RES] Global Validate result: 
false
 timestamp= 1619790674000 [RUN] Validate G3 Guard Condition: 
The ego vehicle E Detection.HardBrake == True.
 timestamp= 1619790674000 [RES] Global Validate result: 
true
 timestamp= 1619790674000 [RUN] HardBrake == True
 timestamp= 1619790674000 [RUN] RESUME STEP @preStep
 timestamp= 1619790674000 [RUN] Resume step basicflow28
 timestamp= 1619790674000 [RUN] Validate G4 Guard Condition: 
The ego vehicle E Detection.ArrivalTest == True.
 timestamp= 1619790674000 [RES] Global Validate result: 
false
 timestamp= 1619790674000 [RUN] Validate step: 
The test system VALIDATES THAT the Apollo A Status.GetControl is nearly equal to {"acceleration": 0.27, "throttle": 47.99, "steering_target": -0.19, "brake": 0.0, "steering_rate": 100.0, "speed": 0.04}
 timestamp= 1619790674000 [RES] Validate result: 
true
 timestamp= 1619790674000 [RUN] Generate steps
 timestamp= 1619790674000 [RUN] Validate step: 
The test system VALIDATES THAT the simulator S Status.GetEnvironment is nearly equal to {"x": -354.32, "y": 10.13, "z": 342.39, "rain": 0.0, "fog": 0.0, "wetness": 0.5, "timeofday": 10.0, "signal": 1.0, "rx": 359.69, "ry": 216.09, "rz": 359.94, "speed": 0.01}
 timestamp= 1619790674000 [RES] Validate result: 
true
 timestamp= 1619790674000 [RUN] Execute API step: 
The environment controller C INVOKES API Control.Weather.Rain(rain_level=Heavy).
 timestamp= 1619790678000 [RES] API result: 
{"pose_arr":[{"vx":0,"ay":0.06,"az":9.79,"ax":-0.14,"pz":10.12,"vy":0,"px":552520.46,"py":4182829.5},{"vx":0,"ay":-0.05,"az":9.82,"ax":0.08,"pz":10.12,"vy":0,"px":552520.46,"py":4182829.51},{"vx":0,"ay":-0.01,"az":9.81,"ax":0.02,"pz":10.12,"vy":0,"px":552520.45,"py":4182829.51},{"vx":0,"ay":-0.27,"az":9.83,"ax":0.54,"pz":10.12,"vy":0,"px":552520.45,"py":4182829.51},{"vx":0,"ay":-0.01,"az":9.81,"ax":0.03,"pz":10.12,"vy":0,"px":552520.45,"py":4182829.51},{"vx":0,"ay":0,"az":9.81,"ax":0,"pz":10.12,"vy":0,"px":552520.45,"py":4182829.51},{"vx":0,"ay":0.05,"az":9.81,"ax":-0.08,"pz":10.12,"vy":0,"px":552520.45,"py":4182829.51},{"vx":0,"ay":-0.02,"az":9.83,"ax":-0.07,"pz":10.12,"vy":0,"px":552520.45,"py":4182829.51}],"traffic_light":[0,0,0,0,0,0],"state_arr":[{"acceleration":0.29,"throttle":35.08,"steering_target":-0.19,"brake":0,"steering_rate":100,"speed":0.01},{"acceleration":0.29,"throttle":35.19,"steering_target":-0.19,"brake":0,"steering_rate":100,"speed":0},{"acceleration":0.29,"throttle":35.15,"steering_target":-0.19,"brake":0,"steering_rate":100,"speed":0},{"acceleration":0.29,"throttle":35.16,"steering_target":-0.19,"brake":0,"steering_rate":100,"speed":0},{"acceleration":0.29,"throttle":35.15,"steering_target":-0.19,"brake":0,"steering_rate":100,"speed":0},{"acceleration":0.29,"throttle":35.13,"steering_target":-0.19,"brake":0,"steering_rate":100,"speed":0},{"acceleration":0,"throttle":0,"steering_target":0,"brake":50,"steering_rate":0,"speed":0},{"acceleration":0,"throttle":0,"steering_target":0,"brake":50,"steering_rate":0,"speed":0},{"acceleration":0.3,"throttle":36.25,"steering_target":-0.19,"brake":0,"steering_rate":100,"speed":0}],"obstacle_arr":[[{"acceleration":{"y":-0.11,"x":0.08,"z":0},"position":{"y":4182825.02,"x":552517.52,"z":10.47},"volume":8.51,"type":"VEHICLE","velocity":{"y":-2.53,"x":-3.92,"z":0}},{"acceleration":{"y":-1.32,"x":-1.23,"z":0},"position":{"y":4182828.96,"x":552526.62,"z":10.4},"volume":8.99,"type":"VEHICLE","velocity":{"y":-6.8,"x":-7.14,"z":0}},{"acceleration":{"y":-0.01,"x":0,"z":0},"position":{"y":4182809.23,"x":552510.59,"z":10.46},"volume":2.62,"type":"VEHICLE","velocity":{"y":0,"x":0,"z":0}}],[{"acceleration":{"y":0.46,"x":0.53,"z":0},"position":{"y":4182824.89,"x":552517.41,"z":10.51},"volume":9.06,"type":"VEHICLE","velocity":{"y":1.33,"x":1.24,"z":0}},{"acceleration":{"y":-0.18,"x":-0.22,"z":0},"position":{"y":4182827.34,"x":552525.03,"z":10.39},"volume":10.69,"type":"VEHICLE","velocity":{"y":-7.32,"x":-7.63,"z":0}},{"acceleration":{"y":-0.03,"x":-0.02,"z":0},"position":{"y":4182807.55,"x":552509.37,"z":10.39},"volume":2.89,"type":"VEHICLE","velocity":{"y":-3.29,"x":-2.6,"z":0}}],[{"acceleration":{"y":0.25,"x":0.33,"z":0},"position":{"y":4182824.93,"x":552517.45,"z":10.5},"volume":8.96,"type":"VEHICLE","velocity":{"y":0.29,"x":0.23,"z":0}},{"acceleration":{"y":0.3,"x":0.23,"z":0},"position":{"y":4182825.23,"x":552522.8,"z":10.42},"volume":7.69,"type":"VEHICLE","velocity":{"y":-7.21,"x":-7.55,"z":0}},{"acceleration":{"y":-0.01,"x":0.01,"z":0},"position":{"y":4182805.32,"x":552507.58,"z":10.34},"volume":4.94,"type":"VEHICLE","velocity":{"y":-3.49,"x":-2.4,"z":0}}],[{"acceleration":{"y":-0.35,"x":-0.29,"z":0},"position":{"y":4182825.25,"x":552517.74,"z":10.5},"volume":6.89,"type":"VEHICLE","velocity":{"y":0,"x":0,"z":0}},{"acceleration":{"y":0.51,"x":0.46,"z":0},"position":{"y":4182823.95,"x":552521.51,"z":10.4},"volume":7.61,"type":"VEHICLE","velocity":{"y":-6.83,"x":-7.21,"z":0}}],[{"acceleration":{"y":-0.16,"x":-0.12,"z":0},"position":{"y":4182824.93,"x":552517.46,"z":10.51},"volume":8.98,"type":"VEHICLE","velocity":{"y":0,"x":0,"z":0}},{"acceleration":{"y":0.54,"x":0.54,"z":0},"position":{"y":4182822.98,"x":552520.91,"z":10.38},"volume":8.3,"type":"VEHICLE","velocity":{"y":-6.36,"x":-6.74,"z":0}},{"acceleration":{"y":0,"x":0,"z":0},"position":{"y":4182801.12,"x":552504.55,"z":10.47},"volume":1.68,"type":"VEHICLE","velocity":{"y":0,"x":0,"z":0}}],[{"acceleration":{"y":-0.02,"x":-0.02,"z":0},"position":{"y":4182824.93,"x":552517.47,"z":10.51},"volume":9.11,"type":"VEHICLE","velocity":{"y":0,"x":0,"z":0}},{"acceleration":{"y":0.56,"x":0.62,"z":0},"position":{"y":4182821.7,"x":552520,"z":10.42},"volume":8.49,"type":"VEHICLE","velocity":{"y":-0.5,"x":-0.25,"z":0}},{"acceleration":{"y":0,"x":0,"z":0},"position":{"y":4182799.21,"x":552503.21,"z":11.13},"volume":0,"type":"VEHICLE","velocity":{"y":0,"x":0,"z":0}}],[{"acceleration":{"y":0,"x":0,"z":0},"position":{"y":4182825.26,"x":552517.76,"z":10.51},"volume":6.79,"type":"VEHICLE","velocity":{"y":0,"x":0,"z":0}},{"acceleration":{"y":0.32,"x":0.38,"z":0},"position":{"y":4182819.73,"x":552518.59,"z":10.42},"volume":7.31,"type":"VEHICLE","velocity":{"y":-0.65,"x":-0.32,"z":0}}],[{"acceleration":{"y":0,"x":0,"z":0},"position":{"y":4182824.94,"x":552517.46,"z":10.51},"volume":8.75,"type":"VEHICLE","velocity":{"y":0,"x":0,"z":0}},{"acceleration":{"y":-0.9,"x":-0.62,"z":0},"position":{"y":4182817.65,"x":552517.03,"z":10.39},"volume":8.25,"type":"VEHICLE","velocity":{"y":-1.62,"x":-1,"z":0}}],[{"acceleration":{"y":0,"x":0,"z":0},"position":{"y":4182824.96,"x":552517.45,"z":10.51},"volume":8.54,"type":"VEHICLE","velocity":{"y":0,"x":0,"z":0}},{"acceleration":{"y":-1.89,"x":-1.54,"z":0},"position":{"y":4182815.36,"x":552515.31,"z":10.44},"volume":8.27,"type":"VEHICLE","velocity":{"y":-2.54,"x":-1.68,"z":0}}]],"action_description":"Heavy rain","ev_state":[-354.322937011719,10.125168800354,342.395812988281,1,0,1,10,1,359.832336425781,216.01123046875,359.944091796875,0.001449962607292731],"collision_probability":0}
 timestamp= 1619790678000 [RUN] Validate G1 Guard Condition: 
The ego vehicle E Detection.Collision == True.
 timestamp= 1619790678000 [RES] Global Validate result: 
false
 timestamp= 1619790678000 [RUN] Validate G2 Guard Condition: 
The ego vehicle E Detection.OffRoad == True.
 timestamp= 1619790678000 [RES] Global Validate result: 
false
 timestamp= 1619790678000 [RUN] Validate G3 Guard Condition: 
The ego vehicle E Detection.HardBrake == True.
 timestamp= 1619790678000 [RES] Global Validate result: 
false
 timestamp= 1619790678000 [RUN] Validate G4 Guard Condition: 
The ego vehicle E Detection.ArrivalTest == True.
 timestamp= 1619790678000 [RES] Global Validate result: 
false
 timestamp= 1619790678000 [RUN] Validate step: 
The test system VALIDATES THAT the Apollo A Status.GetControl is nearly equal to {"acceleration": 0.3, "throttle": 36.25, "steering_target": -0.19, "brake": 0.0, "steering_rate": 100.0, "speed": 0.0}
 timestamp= 1619790678000 [RES] Validate result: 
true
 timestamp= 1619790678000 [RUN] Generate steps
 timestamp= 1619790678000 [RUN] Validate step: 
The test system VALIDATES THAT the simulator S Status.GetEnvironment is nearly equal to {"x": -354.32, "y": 10.13, "z": 342.4, "rain": 1.0, "fog": 0.0, "wetness": 1.0, "timeofday": 10.0, "signal": 1.0, "rx": 359.83, "ry": 216.01, "rz": 359.94, "speed": 0.0}
 timestamp= 1619790678000 [RES] Validate result: 
true
 timestamp= 1619790678000 [RUN] Execute API step: 
The environment controller C INVOKES API Control.Agents.NPCVehicle.NPCVehicleMaintainLane(which_lane=Right_Lane&which_car=Jeep).
 timestamp= 1619790682000 [RES] API result: 
{"pose_arr":[{"vx":0,"ay":0.19,"az":9.78,"ax":-0.34,"pz":10.12,"vy":0,"px":552520.45,"py":4182829.51},{"vx":0,"ay":0.15,"az":9.77,"ax":-0.31,"pz":10.12,"vy":0,"px":552520.45,"py":4182829.51},{"vx":0,"ay":0.01,"az":9.81,"ax":-0.02,"pz":10.12,"vy":0,"px":552520.45,"py":4182829.51},{"vx":0,"ay":0.3,"az":9.74,"ax":-0.69,"pz":10.12,"vy":0,"px":552520.45,"py":4182829.51},{"vx":0,"ay":0,"az":9.81,"ax":-0.01,"pz":10.12,"vy":0,"px":552520.45,"py":4182829.51},{"vx":0,"ay":-0.23,"az":9.83,"ax":0.47,"pz":10.12,"vy":0,"px":552520.45,"py":4182829.51},{"vx":0,"ay":-0.04,"az":9.78,"ax":-0.13,"pz":10.12,"vy":0,"px":552520.45,"py":4182829.51},{"vx":0,"ay":0,"az":9.81,"ax":0,"pz":10.12,"vy":0,"px":552520.45,"py":4182829.51}],"traffic_light":[0,0,0,0,0,0,0],"state_arr":[{"acceleration":0.29,"throttle":35.05,"steering_target":-0.19,"brake":0,"steering_rate":100,"speed":0},{"acceleration":0.29,"throttle":35.07,"steering_target":-0.19,"brake":0,"steering_rate":100,"speed":0},{"acceleration":0.29,"throttle":35.03,"steering_target":-0.19,"brake":0,"steering_rate":100,"speed":0},{"acceleration":0.29,"throttle":35.02,"steering_target":-0.19,"brake":0,"steering_rate":100,"speed":0},{"acceleration":0.29,"throttle":35.02,"steering_target":-0.19,"brake":0,"steering_rate":100,"speed":0},{"acceleration":0.29,"throttle":35.48,"steering_target":-0.19,"brake":0,"steering_rate":100,"speed":0},{"acceleration":0,"throttle":0,"steering_target":0,"brake":50,"steering_rate":0,"speed":0},{"acceleration":0.29,"throttle":35.38,"steering_target":-0.19,"brake":0,"steering_rate":100,"speed":0},{"acceleration":0.29,"throttle":35.66,"steering_target":-0.19,"brake":0,"steering_rate":100,"speed":0}],"obstacle_arr":[[{"acceleration":{"y":0,"x":0,"z":0},"position":{"y":4182824.96,"x":552517.46,"z":10.51},"volume":8.63,"type":"VEHICLE","velocity":{"y":0,"x":0,"z":0}},{"acceleration":{"y":-2.21,"x":-1.87,"z":0},"position":{"y":4182812.76,"x":552513.37,"z":10.43},"volume":6.15,"type":"VEHICLE","velocity":{"y":-3.55,"x":-2.54,"z":0}}],[{"acceleration":{"y":0,"x":0,"z":0},"position":{"y":4182824.95,"x":552517.45,"z":10.51},"volume":8.73,"type":"VEHICLE","velocity":{"y":0,"x":0,"z":0}},{"acceleration":{"y":-2.04,"x":-1.68,"z":0},"position":{"y":4182810.98,"x":552512.04,"z":10.43},"volume":5.81,"type":"VEHICLE","velocity":{"y":-4.94,"x":-3.69,"z":0}},{"acceleration":{"y":0,"x":0,"z":0},"position":{"y":4182832.88,"x":552513.26,"z":10.43},"volume":8.98,"type":"VEHICLE","velocity":{"y":0,"x":0,"z":0}}],[{"acceleration":{"y":0,"x":0,"z":0},"position":{"y":4182825.11,"x":552517.6,"z":10.51},"volume":7.81,"type":"VEHICLE","velocity":{"y":0,"x":0,"z":0}},{"acceleration":{"y":-1.55,"x":-1.25,"z":0},"position":{"y":4182809.3,"x":552510.7,"z":10.52},"volume":4.71,"type":"VEHICLE","velocity":{"y":-6.1,"x":-4.66,"z":0}},{"acceleration":{"y":-2.08,"x":-0.23,"z":0},"position":{"y":4182831.79,"x":552513.06,"z":10.42},"volume":8.95,"type":"VEHICLE","velocity":{"y":-2.78,"x":-0.31,"z":0}}],[{"acceleration":{"y":0,"x":0,"z":0},"position":{"y":4182825.11,"x":552517.6,"z":10.47},"volume":8,"type":"VEHICLE","velocity":{"y":0,"x":0,"z":0}},{"acceleration":{"y":-0.91,"x":-0.67,"z":0},"position":{"y":4182806.39,"x":552508.73,"z":10.4},"volume":4.29,"type":"VEHICLE","velocity":{"y":-6.92,"x":-5.28,"z":0}},{"acceleration":{"y":-0.59,"x":0.33,"z":0},"position":{"y":4182829.02,"x":552513.24,"z":10.44},"volume":6.03,"type":"VEHICLE","velocity":{"y":-2.98,"x":0,"z":0}},{"acceleration":{"y":0,"x":0,"z":0},"position":{"y":4182867.78,"x":552520.85,"z":10.77},"volume":85.57,"type":"VEHICLE","velocity":{"y":0,"x":0,"z":0}},{"acceleration":{"y":0,"x":0,"z":0},"position":{"y":4182846.92,"x":552507.29,"z":10.49},"volume":77.53,"type":"VEHICLE","velocity":{"y":0,"x":0,"z":0}}],[{"acceleration":{"y":0,"x":0,"z":0},"position":{"y":4182825.12,"x":552517.61,"z":10.49},"volume":7.9,"type":"VEHICLE","velocity":{"y":0,"x":0,"z":0}},{"acceleration":{"y":-0.51,"x":-0.38,"z":0},"position":{"y":4182804.08,"x":552506.73,"z":10.74},"volume":2.21,"type":"VEHICLE","velocity":{"y":-7.23,"x":-5.48,"z":0}},{"acceleration":{"y":-0.07,"x":-0.91,"z":0},"position":{"y":4182827.15,"x":552512.69,"z":10.41},"volume":8.65,"type":"VEHICLE","velocity":{"y":-2.89,"x":-0.67,"z":0}},{"acceleration":{"y":0,"x":0,"z":0},"position":{"y":4182867.77,"x":552520.83,"z":10.77},"volume":86,"type":"VEHICLE","velocity":{"y":0,"x":0,"z":0}}],[{"acceleration":{"y":0,"x":0,"z":0},"position":{"y":4182825.12,"x":552517.61,"z":10.49},"volume":7.91,"type":"VEHICLE","velocity":{"y":0,"x":0,"z":0}},{"acceleration":{"y":1.31,"x":-0.49,"z":0},"position":{"y":4182826.13,"x":552512.21,"z":10.41},"volume":8.19,"type":"VEHICLE","velocity":{"y":-1.97,"x":-0.83,"z":0}},{"acceleration":{"y":0,"x":0,"z":0},"position":{"y":4182867.78,"x":552520.8,"z":10.76},"volume":86.7,"type":"VEHICLE","velocity":{"y":0,"x":0,"z":0}}],[{"acceleration":{"y":0,"x":0,"z":0},"position":{"y":4182825.12,"x":552517.61,"z":10.38},"volume":8.42,"type":"VEHICLE","velocity":{"y":0,"x":0,"z":0}},{"acceleration":{"y":1.4,"x":0.12,"z":0},"position":{"y":4182824.39,"x":552511.2,"z":10.4},"volume":8.84,"type":"VEHICLE","velocity":{"y":-1.07,"x":-0.68,"z":0}},{"acceleration":{"y":0,"x":0,"z":0},"position":{"y":4182867.77,"x":552520.81,"z":10.78},"volume":86.46,"type":"VEHICLE","velocity":{"y":0,"x":0,"z":0}},{"acceleration":{"y":0.01,"x":0.01,"z":0},"position":{"y":4182800.05,"x":552503.73,"z":10.41},"volume":0.51,"type":"VEHICLE","velocity":{"y":-1.67,"x":-1.65,"z":0}}],[{"acceleration":{"y":0,"x":0,"z":0},"position":{"y":4182825.13,"x":552517.62,"z":10.49},"volume":7.72,"type":"VEHICLE","velocity":{"y":0,"x":0,"z":0}},{"acceleration":{"y":0.56,"x":0.17,"z":0},"position":{"y":4182823.55,"x":552510.65,"z":10.4},"volume":8.49,"type":"VEHICLE","velocity":{"y":-1.01,"x":-0.68,"z":0}},{"acceleration":{"y":0,"x":0,"z":0},"position":{"y":4182867.78,"x":552520.77,"z":10.78},"volume":87.84,"type":"VEHICLE","velocity":{"y":0,"x":0,"z":0}}]],"action_description":"NPC vehicle (Jeep) driving on the right lane","ev_state":[-354.323333740234,10.1251640319824,342.396148681641,1,0,1,10,0,359.795349121094,215.91455078125,359.933258056641,0.0017305435481069574],"collision_probability":0}
 timestamp= 1619790682000 [RUN] Validate G1 Guard Condition: 
The ego vehicle E Detection.Collision == True.
 timestamp= 1619790682000 [RES] Global Validate result: 
false
 timestamp= 1619790682000 [RUN] Validate G2 Guard Condition: 
The ego vehicle E Detection.OffRoad == True.
 timestamp= 1619790682000 [RES] Global Validate result: 
true
 timestamp= 1619790682000 [RUN] OffRoad == True
 timestamp= 1619790682000 [RUN] The simulator S INVOKES API Command.Simulation.Stop() to stop simulation.
 timestamp= 1619790682000 [WARNING] The test system Stop the Simulator S!
 timestamp= 1619790682000 [RUN] ABORT.
 timestamp= 1619790682000 [ERROR] The test system Abort!
 timestamp= 1619790682000 [RUN] Validate G3 Guard Condition: 
The ego vehicle E Detection.HardBrake == True.
 timestamp= 1619790682000 [RES] Global Validate result: 
false
 timestamp= 1619790682000 [RUN] Validate G4 Guard Condition: 
The ego vehicle E Detection.ArrivalTest == True.
 timestamp= 1619790683000 [RES] Global Validate result: 
false
 timestamp= 1619790683000 [RES] Basic PostCondition Validate result: 
false
 timestamp= 1619790683000 [STOP] numberOfStep: 37 basicFlow: 
[{"name":"","description":"","eClass":"Sentence","content":"The test system VALIDATES THAT the simulator S Status.GetEnvironment is nearly equal to {\"x\": -244.8, \"y\": 10.12, \"z\": 465.33, \"rain\": 0.0, \"fog\": 0.0, \"wetness\": 0.0, \"timeofday\": 12.0, \"signal\": 1.0, \"rx\": 0.0, \"ry\": 305.81, \"rz\": -0.0, \"speed\": 0.0}","natures":[]},{"name":"","description":"","eClass":"Sentence","content":"The environment controller C INVOKES API Control.Agents.NPCVehicle.NPCVehicleMaintainLane(which_lane=Right_Lane&which_car=Hatchback).","natures":[]},{"name":"","description":"","eClass":"Sentence","content":"The test system VALIDATES THAT the Apollo A Status.GetControl is nearly equal to {\"acceleration\": -3.0, \"throttle\": 0.0, \"steering_target\": -0.42, \"brake\": 69.99, \"steering_rate\": 100.0, \"speed\": 0.0}","natures":[]},{"name":"","description":"","eClass":"Sentence","content":"The test system VALIDATES THAT the simulator S Status.GetEnvironment is nearly equal to {\"x\": -244.8, \"y\": 10.12, \"z\": 465.33, \"rain\": 0.0, \"fog\": 0.0, \"wetness\": 0.0, \"timeofday\": 12.0, \"signal\": 1.0, \"rx\": 0.0, \"ry\": 305.81, \"rz\": -0.0, \"speed\": 0.0}","natures":[]},{"name":"","description":"","eClass":"Sentence","content":"The environment controller C INVOKES API Control.Agents.NPCVehicle.NPCVehicleMaintainLane(which_lane=Right_Lane&which_car=SchoolBus).","natures":[]},{"name":"","description":"","eClass":"Sentence","content":"The test system VALIDATES THAT the Apollo A Status.GetControl is nearly equal to {\"acceleration\": 0.04, \"throttle\": 15.7, \"steering_target\": 7.48, \"brake\": 0.0, \"steering_rate\": 100.0, \"speed\": 2.26}","natures":[]},{"name":"","description":"","eClass":"Sentence","content":"The test system VALIDATES THAT the simulator S Status.GetEnvironment is nearly equal to {\"x\": -249.68, \"y\": 10.12, \"z\": 468.64, \"rain\": 0.0, \"fog\": 0.0, \"wetness\": 0.0, \"timeofday\": 12.0, \"signal\": 0.0, \"rx\": 359.98, \"ry\": 302.8, \"rz\": 359.97, \"speed\": 2.33}","natures":[]},{"name":"","description":"","eClass":"Sentence","content":"The environment controller C INVOKES API Control.TimeOfDay(time_of_day=Morning).","natures":[]},{"name":"","description":"","eClass":"Sentence","content":"The test system VALIDATES THAT the Apollo A Status.GetControl is nearly equal to {\"acceleration\": -0.83, \"throttle\": 0.0, \"steering_target\": 40.75, \"brake\": 18.89, \"steering_rate\": 100.0, \"speed\": 3.28}","natures":[]},{"name":"","description":"","eClass":"Sentence","content":"The test system VALIDATES THAT the simulator S Status.GetEnvironment is nearly equal to {\"x\": -259.08, \"y\": 10.12, \"z\": 470.13, \"rain\": 0.0, \"fog\": 0.0, \"wetness\": 0.0, \"timeofday\": 10.0, \"signal\": -1.0, \"rx\": 359.89, \"ry\": 254.64, \"rz\": 359.65, \"speed\": 3.28}","natures":[]},{"name":"","description":"","eClass":"Sentence","content":"The environment controller C INVOKES API Control.Agents.Pedestrians.WalkRandomly(which_lane=Current_Lane).","natures":[]},{"name":"","description":"","eClass":"Sentence","content":"The test system VALIDATES THAT the Apollo A Status.GetControl is nearly equal to {\"acceleration\": 0.59, \"throttle\": 20.72, \"steering_target\": 4.85, \"brake\": 0.0, \"steering_rate\": 100.0, \"speed\": 6.0}","natures":[]},{"name":"","description":"","eClass":"Sentence","content":"The test system VALIDATES THAT the simulator S Status.GetEnvironment is nearly equal to {\"x\": -270.52, \"y\": 10.12, \"z\": 458.2, \"rain\": 0.0, \"fog\": 0.0, \"wetness\": 0.0, \"timeofday\": 10.0, \"signal\": -1.0, \"rx\": 359.97, \"ry\": 216.77, \"rz\": 359.91, \"speed\": 6.0}","natures":[]},{"name":"","description":"","eClass":"Sentence","content":"The environment controller C INVOKES API Control.Agents.NPCVehicle.NPCVehicleSwitchLane(which_lane=Right_Lane&which_car=SUV).","natures":[]},{"name":"","description":"","eClass":"Sentence","content":"The test system VALIDATES THAT the Apollo A Status.GetControl is nearly equal to {\"acceleration\": -0.06, \"throttle\": 0.0, \"steering_target\": -2.62, \"brake\": 14.5, \"steering_rate\": 100.0, \"speed\": 6.44}","natures":[]},{"name":"","description":"","eClass":"Sentence","content":"The test system VALIDATES THAT the simulator S Status.GetEnvironment is nearly equal to {\"x\": -286.58, \"y\": 10.12, \"z\": 435.17, \"rain\": 0.0, \"fog\": 0.0, \"wetness\": 0.0, \"timeofday\": 10.0, \"signal\": -1.0, \"rx\": 0.04, \"ry\": 215.19, \"rz\": 0.08, \"speed\": 6.44}","natures":[]},{"name":"","description":"","eClass":"Sentence","content":"The environment controller C INVOKES API Control.Agents.NPCVehicle.NPCVehicleMaintainLane(which_lane=Left_Lane&which_car=Hatchback).","natures":[]},{"name":"","description":"","eClass":"Sentence","content":"The test system VALIDATES THAT the Apollo A Status.GetControl is nearly equal to {\"acceleration\": 1.05, \"throttle\": 25.62, \"steering_target\": 0.91, \"brake\": 0.0, \"steering_rate\": 100.0, \"speed\": 7.38}","natures":[]},{"name":"","description":"","eClass":"Sentence","content":"The test system VALIDATES THAT the simulator S Status.GetEnvironment is nearly equal to {\"x\": -302.5, \"y\": 10.12, \"z\": 412.99, \"rain\": 0.0, \"fog\": 0.0, \"wetness\": 0.0, \"timeofday\": 10.0, \"signal\": -1.0, \"rx\": 359.96, \"ry\": 215.51, \"rz\": 359.97, \"speed\": 7.69}","natures":[]},{"name":"","description":"","eClass":"Sentence","content":"The environment controller C INVOKES API Control.Weather.Wetness(wetness_level=Moderate).","natures":[]},{"name":"","description":"","eClass":"Sentence","content":"The test system VALIDATES THAT the Apollo A Status.GetControl is nearly equal to {\"acceleration\": 0.11, \"throttle\": 15.7, \"steering_target\": 0.54, \"brake\": 0.0, \"steering_rate\": 100.0, \"speed\": 8.54}","natures":[]},{"name":"","description":"","eClass":"Sentence","content":"The test system VALIDATES THAT the simulator S Status.GetEnvironment is nearly equal to {\"x\": -321.68, \"y\": 10.12, \"z\": 386.47, \"rain\": 0.0, \"fog\": 0.0, \"wetness\": 0.5, \"timeofday\": 10.0, \"signal\": -1.0, \"rx\": 359.99, \"ry\": 216.02, \"rz\": 359.98, \"speed\": 8.56}","natures":[]},{"name":"","description":"","eClass":"Sentence","content":"The environment controller C INVOKES API Control.Agents.NPCVehicle.NPCVehicleSwitchLane(which_lane=Current_Lane&which_car=Hatchback).","natures":[]},{"name":"","description":"","eClass":"Sentence","content":"The test system VALIDATES THAT the Apollo A Status.GetControl is nearly equal to {\"acceleration\": 0.49, \"throttle\": 64.6, \"steering_target\": -0.07, \"brake\": 0.0, \"steering_rate\": 100.0, \"speed\": 0.0}","natures":[]},{"name":"","description":"","eClass":"Sentence","content":"The test system VALIDATES THAT the simulator S Status.GetEnvironment is nearly equal to {\"x\": -333.5, \"y\": 10.12, \"z\": 370.4, \"rain\": 0.0, \"fog\": 0.0, \"wetness\": 0.5, \"timeofday\": 10.0, \"signal\": 1.0, \"rx\": 0.02, \"ry\": 216.55, \"rz\": 0.0, \"speed\": 0.0}","natures":[]},{"name":"","description":"","eClass":"Sentence","content":"The environment controller C INVOKES API Control.Agents.NPCVehicle.NPCVehicleSwitchLane(which_lane=Left_Lane&which_car=SUV).","natures":[]},{"name":"","description":"","eClass":"Sentence","content":"The test system VALIDATES THAT the Apollo A Status.GetControl is nearly equal to {\"acceleration\": 0.39, \"throttle\": 15.7, \"steering_target\": 0.07, \"brake\": 0.0, \"steering_rate\": 100.0, \"speed\": 6.79}","natures":[]},{"name":"","description":"","eClass":"Sentence","content":"The test system VALIDATES THAT the simulator S Status.GetEnvironment is nearly equal to {\"x\": -342.32, \"y\": 10.12, \"z\": 358.58, \"rain\": 0.0, \"fog\": 0.0, \"wetness\": 0.5, \"timeofday\": 10.0, \"signal\": 1.0, \"rx\": 359.97, \"ry\": 216.63, \"rz\": -0.0, \"speed\": 6.79}","natures":[]},{"name":"","description":"","eClass":"Sentence","content":"The environment controller C INVOKES API Control.Agents.NPCVehicle.NPCVehicleMaintainLane(which_lane=Left_Lane&which_car=Jeep).","natures":[]},{"name":"","description":"","eClass":"Sentence","content":"The test system VALIDATES THAT the Apollo A Status.GetControl is nearly equal to {\"acceleration\": 0.27, \"throttle\": 47.99, \"steering_target\": -0.19, \"brake\": 0.0, \"steering_rate\": 100.0, \"speed\": 0.04}","natures":[]},{"name":"","description":"","eClass":"Sentence","content":"The test system VALIDATES THAT the simulator S Status.GetEnvironment is nearly equal to {\"x\": -354.32, \"y\": 10.13, \"z\": 342.39, \"rain\": 0.0, \"fog\": 0.0, \"wetness\": 0.5, \"timeofday\": 10.0, \"signal\": 1.0, \"rx\": 359.69, \"ry\": 216.09, \"rz\": 359.94, \"speed\": 0.01}","natures":[]},{"name":"","description":"","eClass":"Sentence","content":"The environment controller C INVOKES API Control.Weather.Rain(rain_level=Heavy).","natures":[]},{"name":"","description":"","eClass":"Sentence","content":"The test system VALIDATES THAT the Apollo A Status.GetControl is nearly equal to {\"acceleration\": 0.3, \"throttle\": 36.25, \"steering_target\": -0.19, \"brake\": 0.0, \"steering_rate\": 100.0, \"speed\": 0.0}","natures":[]},{"name":"","description":"","eClass":"Sentence","content":"The test system VALIDATES THAT the simulator S Status.GetEnvironment is nearly equal to {\"x\": -354.32, \"y\": 10.13, \"z\": 342.4, \"rain\": 1.0, \"fog\": 0.0, \"wetness\": 1.0, \"timeofday\": 10.0, \"signal\": 1.0, \"rx\": 359.83, \"ry\": 216.01, \"rz\": 359.94, \"speed\": 0.0}","natures":[]},{"name":"","description":"","eClass":"Sentence","content":"The environment controller C INVOKES API Control.Agents.NPCVehicle.NPCVehicleMaintainLane(which_lane=Right_Lane&which_car=Jeep).","natures":[]},{"name":"","description":"","eClass":"Sentence","content":"The test system VALIDATES THAT the Apollo A Status.GetControl is nearly equal to {\"acceleration\": 0.29, \"throttle\": 35.66, \"steering_target\": -0.19, \"brake\": 0.0, \"steering_rate\": 100.0, \"speed\": 0.0}","natures":[]},{"name":"","description":"","eClass":"Sentence","content":"","natures":[]}]
