 timestamp= 1619788412000 [START] Now Run TCS Maintain Lane On Road1 Mode: dynamic Roadnum: 3 Second: 4
 timestamp= 1619788412000 [SUCCESS] TCS Check Success 
 timestamp= 1619788415000 [RUN] Run BasicFlow
 timestamp= 1619788415000 [RUN] Generate steps
 timestamp= 1619788415000 [RUN] Validate step: 
The test system VALIDATES THAT the simulator S Status.GetEnvironment is nearly equal to {"x": -244.8, "y": 10.12, "z": 465.33, "rain": 0.0, "fog": 0.0, "wetness": 0.0, "timeofday": 12.0, "signal": 1.0, "rx": 0.0, "ry": 305.81, "rz": -0.0, "speed": 0.0}
 timestamp= 1619788415000 [RES] Validate result: 
true
 timestamp= 1619788415000 [RUN] Execute API step: 
The environment controller C INVOKES API Control.Agents.NPCVehicle.NPCVehicleMaintainLane(which_lane=Right_Lane&which_car=BoxTruck).
 timestamp= 1619788418000 [RES] API result: 
{"pose_arr":[{"vx":0,"ay":0,"az":9.81,"ax":0,"pz":10.12,"vy":0,"px":552630.27,"py":4182950.56},{"vx":0,"ay":0,"az":9.81,"ax":0,"pz":10.12,"vy":0,"px":552630.27,"py":4182950.56},{"vx":0,"ay":0,"az":9.81,"ax":0,"pz":10.12,"vy":0,"px":552630.27,"py":4182950.56},{"vx":0,"ay":0,"az":9.81,"ax":0,"pz":10.12,"vy":0,"px":552630.27,"py":4182950.56},{"vx":0,"ay":0,"az":9.81,"ax":0,"pz":10.12,"vy":0,"px":552630.27,"py":4182950.56},{"vx":0,"ay":0,"az":9.81,"ax":0,"pz":10.12,"vy":0,"px":552630.27,"py":4182950.56}],"traffic_light":[1,1,1,1,1,0],"state_arr":[{"acceleration":-3,"throttle":0,"steering_target":0.81,"brake":70,"steering_rate":100,"speed":0},{"acceleration":-3,"throttle":0,"steering_target":0.81,"brake":69.96,"steering_rate":100,"speed":0},{"acceleration":-3,"throttle":0,"steering_target":0.81,"brake":69.99,"steering_rate":100,"speed":0},{"acceleration":-3,"throttle":0,"steering_target":0.81,"brake":69.99,"steering_rate":100,"speed":0},{"acceleration":-3,"throttle":0,"steering_target":0.81,"brake":69.99,"steering_rate":100,"speed":0},{"acceleration":-3,"throttle":0,"steering_target":0.81,"brake":69.99,"steering_rate":100,"speed":0},{"acceleration":-3,"throttle":0,"steering_target":0.81,"brake":70,"steering_rate":100,"speed":0}],"obstacle_arr":[[],[{"acceleration":{"y":0,"x":0,"z":0},"position":{"y":4182957.39,"x":552633.83,"z":10.12},"volume":107.66,"type":"VEHICLE","velocity":{"y":0,"x":0,"z":0}}],[{"acceleration":{"y":0,"x":0,"z":0},"position":{"y":4182958.19,"x":552632.11,"z":10.12},"volume":100.97,"type":"VEHICLE","velocity":{"y":0,"x":0,"z":0}}],[{"acceleration":{"y":0.77,"x":-3.49,"z":0},"position":{"y":4182958.81,"x":552628.3,"z":10.12},"volume":116.93,"type":"VEHICLE","velocity":{"y":0.71,"x":-3.19,"z":0}}],[{"acceleration":{"y":0.03,"x":-5.26,"z":0},"position":{"y":4182960.53,"x":552619.98,"z":10.12},"volume":146.86,"type":"VEHICLE","velocity":{"y":1.38,"x":-6.77,"z":0}}],[{"acceleration":{"y":-6.46,"x":-5.26,"z":0},"position":{"y":4182955.92,"x":552607.66,"z":10.11},"volume":106.8,"type":"VEHICLE","velocity":{"y":-1.28,"x":-11.12,"z":0}}]],"action_description":"NPC vehicle (BoxTruck) driving on the right lane","ev_state":[-244.802841186523,10.1248035430908,465.330169677734,0,0,0,12,1,0.00000668538723402889,305.809204101563,-0.00000941432972467737,0.000022572624043563003],"collision_probability":0}
 timestamp= 1619788418000 [RUN] Validate G1 Guard Condition: 
The ego vehicle E Detection.Collision == True.
 timestamp= 1619788418000 [RES] Global Validate result: 
false
 timestamp= 1619788418000 [RUN] Validate G2 Guard Condition: 
The ego vehicle E Detection.OffRoad == True.
 timestamp= 1619788418000 [RES] Global Validate result: 
false
 timestamp= 1619788418000 [RUN] Validate G3 Guard Condition: 
The ego vehicle E Detection.HardBrake == True.
 timestamp= 1619788418000 [RES] Global Validate result: 
false
 timestamp= 1619788418000 [RUN] Validate G4 Guard Condition: 
The ego vehicle E Detection.ArrivalTest == True.
 timestamp= 1619788418000 [RES] Global Validate result: 
false
 timestamp= 1619788418000 [RUN] Validate step: 
The test system VALIDATES THAT the Apollo A Status.GetControl is nearly equal to {"acceleration": -3.0, "throttle": 0.0, "steering_target": 0.81, "brake": 70.0, "steering_rate": 100.0, "speed": 0.0}
 timestamp= 1619788418000 [RES] Validate result: 
true
 timestamp= 1619788418000 [RUN] Generate steps
 timestamp= 1619788418000 [RUN] Validate step: 
The test system VALIDATES THAT the simulator S Status.GetEnvironment is nearly equal to {"x": -244.8, "y": 10.12, "z": 465.33, "rain": 0.0, "fog": 0.0, "wetness": 0.0, "timeofday": 12.0, "signal": 1.0, "rx": 0.0, "ry": 305.81, "rz": -0.0, "speed": 0.0}
 timestamp= 1619788418000 [RES] Validate result: 
true
 timestamp= 1619788418000 [RUN] Execute API step: 
The environment controller C INVOKES API Control.Agents.NPCVehicle.NPCVehicleMaintainLane(which_lane=Current_Lane&which_car=Jeep).
 timestamp= 1619788421000 [RES] API result: 
{"pose_arr":[{"vx":0.48,"ay":3.32,"az":9.8,"ax":2.4,"pz":10.12,"vy":0.48,"px":552630.18,"py":4182950.63},{"vx":1.43,"ay":0,"az":9.81,"ax":0,"pz":10.12,"vy":1.43,"px":552629.19,"py":4182951.34},{"vx":0.71,"ay":-0.41,"az":9.81,"ax":-0.29,"pz":10.13,"vy":0.71,"px":552628.15,"py":4182952.08},{"vx":0.94,"ay":0.97,"az":9.81,"ax":0.67,"pz":10.12,"vy":0.94,"px":552627.4,"py":4182952.62},{"vx":1.25,"ay":-0.06,"az":9.83,"ax":-0.82,"pz":10.12,"vy":1.25,"px":552626.6,"py":4182953.18},{"vx":1.23,"ay":0.25,"az":9.81,"ax":0.12,"pz":10.12,"vy":1.23,"px":552624.97,"py":4182954.26}],"traffic_light":[1,1,3,1,3],"state_arr":[{"acceleration":0.49,"throttle":35.16,"steering_target":0.26,"brake":0,"steering_rate":100,"speed":1.41},{"acceleration":-3,"throttle":0,"steering_target":1.35,"brake":40.81,"steering_rate":100,"speed":2.26},{"acceleration":-0.2,"throttle":0,"steering_target":2.22,"brake":14.5,"steering_rate":100,"speed":1.24},{"acceleration":0.48,"throttle":46.92,"steering_target":2.55,"brake":0,"steering_rate":100,"speed":1.68},{"acceleration":0.42,"throttle":17.38,"steering_target":8.3,"brake":0,"steering_rate":100,"speed":2.22},{"acceleration":0.34,"throttle":15.7,"steering_target":12.01,"brake":0,"steering_rate":100,"speed":2.41}],"obstacle_arr":[[{"acceleration":{"y":-8.03,"x":-4.72,"z":0},"position":{"y":4182945.48,"x":552598.93,"z":10.6},"volume":68.25,"type":"VEHICLE","velocity":{"y":-7.31,"x":-14.69,"z":0}}],[{"acceleration":{"y":-7.86,"x":-4.2,"z":0},"position":{"y":4182935.14,"x":552592.57,"z":10.62},"volume":21.12,"type":"VEHICLE","velocity":{"y":-13.6,"x":-18.05,"z":0}},{"acceleration":{"y":0,"x":0,"z":0},"position":{"y":4182959.05,"x":552620.02,"z":10.09},"volume":10.39,"type":"VEHICLE","velocity":{"y":0,"x":0,"z":0}}],[{"acceleration":{"y":-7.1,"x":-3.82,"z":0},"position":{"y":4182927.11,"x":552586.58,"z":10.73},"volume":70.25,"type":"VEHICLE","velocity":{"y":-19.44,"x":-20.84,"z":0}},{"acceleration":{"y":0,"x":0,"z":0},"position":{"y":4182961.75,"x":552614.22,"z":10.16},"volume":8.15,"type":"VEHICLE","velocity":{"y":0.01,"x":-0.13,"z":0}}],[{"acceleration":{"y":-0.01,"x":0,"z":0},"position":{"y":4182951.92,"x":552602.13,"z":10.87},"volume":1.46,"type":"VEHICLE","velocity":{"y":-0.45,"x":-0.61,"z":0}}],[{"acceleration":{"y":0,"x":0,"z":0},"position":{"y":4182938.95,"x":552595.23,"z":11.03},"volume":0.12,"type":"VEHICLE","velocity":{"y":-1.58,"x":-1.24,"z":0}}],[]],"action_description":"NPC vehicle (Jeep) driving on the current lane","ev_state":[-250.613647460938,10.1247081756592,469.227233886719,0,0,0,12,0,359.983551025391,301.436676025391,359.951141357422,2.509252609343436],"collision_probability":0}
 timestamp= 1619788421000 [RUN] Validate G1 Guard Condition: 
The ego vehicle E Detection.Collision == True.
 timestamp= 1619788421000 [RES] Global Validate result: 
false
 timestamp= 1619788421000 [RUN] Validate G2 Guard Condition: 
The ego vehicle E Detection.OffRoad == True.
 timestamp= 1619788421000 [RES] Global Validate result: 
false
 timestamp= 1619788421000 [RUN] Validate G3 Guard Condition: 
The ego vehicle E Detection.HardBrake == True.
 timestamp= 1619788421000 [RES] Global Validate result: 
false
 timestamp= 1619788421000 [RUN] Validate G4 Guard Condition: 
The ego vehicle E Detection.ArrivalTest == True.
 timestamp= 1619788421000 [RES] Global Validate result: 
false
 timestamp= 1619788421000 [RUN] Validate step: 
The test system VALIDATES THAT the Apollo A Status.GetControl is nearly equal to {"acceleration": 0.34, "throttle": 15.7, "steering_target": 12.01, "brake": 0.0, "steering_rate": 100.0, "speed": 2.41}
 timestamp= 1619788421000 [RES] Validate result: 
true
 timestamp= 1619788421000 [RUN] Generate steps
 timestamp= 1619788421000 [RUN] Validate step: 
The test system VALIDATES THAT the simulator S Status.GetEnvironment is nearly equal to {"x": -250.61, "y": 10.12, "z": 469.23, "rain": 0.0, "fog": 0.0, "wetness": 0.0, "timeofday": 12.0, "signal": 0.0, "rx": 359.98, "ry": 301.44, "rz": 359.95, "speed": 2.51}
 timestamp= 1619788421000 [RES] Validate result: 
true
 timestamp= 1619788421000 [RUN] Execute API step: 
The environment controller C INVOKES API Control.Agents.NPCVehicle.NPCVehicleSwitchLane(which_lane=Current_Lane&which_car=SUV).
 timestamp= 1619788425000 [RES] API result: 
{"pose_arr":[{"vx":1.17,"ay":0.25,"az":9.81,"ax":0.12,"pz":10.12,"vy":1.17,"px":552623.76,"py":4182954.99},{"vx":0.99,"ay":0,"az":9.81,"ax":0,"pz":10.12,"vy":0.99,"px":552622.19,"py":4182955.8},{"vx":0.36,"ay":-0.54,"az":9.82,"ax":-0.09,"pz":10.12,"vy":0.36,"px":552620.23,"py":4182956.52},{"vx":-0.56,"ay":0.19,"az":9.82,"ax":-0.02,"pz":10.12,"vy":-0.56,"px":552618.01,"py":4182956.82},{"vx":-1.07,"ay":1.88,"az":9.81,"ax":0.75,"pz":10.13,"vy":-1.07,"px":552616.73,"py":4182956.69},{"vx":-1.61,"ay":-1.26,"az":9.83,"ax":0.84,"pz":10.13,"vy":-1.61,"px":552614.62,"py":4182955.95}],"traffic_light":[3,0,0,0,1],"state_arr":[{"acceleration":0.22,"throttle":15.7,"steering_target":16.31,"brake":0,"steering_rate":100,"speed":2.54},{"acceleration":0.13,"throttle":17.42,"steering_target":24.2,"brake":0,"steering_rate":100,"speed":2.71},{"acceleration":-0.1,"throttle":0,"steering_target":40.21,"brake":14.5,"steering_rate":100,"speed":3},{"acceleration":0.03,"throttle":63,"steering_target":51.6,"brake":0,"steering_rate":100,"speed":2.78},{"acceleration":-0.05,"throttle":0,"steering_target":61.33,"brake":14.5,"steering_rate":100,"speed":3},{"acceleration":0.37,"throttle":16.47,"steering_target":46.52,"brake":0,"steering_rate":100,"speed":3.03},{"acceleration":0.74,"throttle":54.32,"steering_target":35.22,"brake":0,"steering_rate":100,"speed":2.48}],"obstacle_arr":[[],[{"acceleration":{"y":0,"x":0,"z":0},"position":{"y":4182965.23,"x":552605.1,"z":10.48},"volume":5.84,"type":"VEHICLE","velocity":{"y":0,"x":0,"z":0}}],[{"acceleration":{"y":0,"x":0,"z":0},"position":{"y":4182963.82,"x":552602.55,"z":10.74},"volume":6.51,"type":"VEHICLE","velocity":{"y":0,"x":0,"z":0}}],[{"acceleration":{"y":0,"x":0,"z":0},"position":{"y":4182957.98,"x":552597.45,"z":10.7},"volume":4.01,"type":"VEHICLE","velocity":{"y":0,"x":0,"z":0}}],[{"acceleration":{"y":0,"x":0,"z":0},"position":{"y":4182952.14,"x":552592.95,"z":10.65},"volume":7.99,"type":"VEHICLE","velocity":{"y":-0.1,"x":-0.07,"z":0}}],[{"acceleration":{"y":0,"x":0,"z":0},"position":{"y":4182949.21,"x":552590.01,"z":10.89},"volume":6.28,"type":"VEHICLE","velocity":{"y":-0.36,"x":-0.25,"z":0}},{"acceleration":{"y":0,"x":0.02,"z":0},"position":{"y":4183018.75,"x":552638.25,"z":11.05},"volume":115,"type":"VEHICLE","velocity":{"y":0,"x":0,"z":0}}]],"action_description":"NPC vehicle (SUV) switching lane (current to right)","ev_state":[-261.2255859375,10.1247663497925,468.842315673828,0,0,0,12,-1,0.0767118483781815,239.073547363281,359.883422851563,2.4763561994627357],"collision_probability":0}
 timestamp= 1619788425000 [RUN] Validate G1 Guard Condition: 
The ego vehicle E Detection.Collision == True.
 timestamp= 1619788425000 [RES] Global Validate result: 
false
 timestamp= 1619788425000 [RUN] Validate G2 Guard Condition: 
The ego vehicle E Detection.OffRoad == True.
 timestamp= 1619788425000 [RES] Global Validate result: 
false
 timestamp= 1619788425000 [RUN] Validate G3 Guard Condition: 
The ego vehicle E Detection.HardBrake == True.
 timestamp= 1619788425000 [RES] Global Validate result: 
false
 timestamp= 1619788425000 [RUN] Validate G4 Guard Condition: 
The ego vehicle E Detection.ArrivalTest == True.
 timestamp= 1619788425000 [RES] Global Validate result: 
false
 timestamp= 1619788425000 [RUN] Validate step: 
The test system VALIDATES THAT the Apollo A Status.GetControl is nearly equal to {"acceleration": 0.74, "throttle": 54.32, "steering_target": 35.22, "brake": 0.0, "steering_rate": 100.0, "speed": 2.48}
 timestamp= 1619788425000 [RES] Validate result: 
true
 timestamp= 1619788425000 [RUN] Generate steps
 timestamp= 1619788425000 [RUN] Validate step: 
The test system VALIDATES THAT the simulator S Status.GetEnvironment is nearly equal to {"x": -261.23, "y": 10.12, "z": 468.84, "rain": 0.0, "fog": 0.0, "wetness": 0.0, "timeofday": 12.0, "signal": -1.0, "rx": 0.08, "ry": 239.07, "rz": 359.88, "speed": 2.48}
 timestamp= 1619788425000 [RES] Validate result: 
true
 timestamp= 1619788425000 [RUN] Execute API step: 
The environment controller C INVOKES API Control.Agents.NPCVehicle.NPCVehicleSwitchLane(which_lane=Left_Lane&which_car=SchoolBus).
 timestamp= 1619788428000 [RES] API result: 
{"pose_arr":[{"vx":-1.8,"ay":3.29,"az":9.75,"ax":-2.45,"pz":10.12,"vy":-1.8,"px":552613.62,"py":4182955.37},{"vx":-2.92,"ay":0.22,"az":9.85,"ax":-0.15,"pz":10.12,"vy":-2.92,"px":552611.83,"py":4182954.05},{"vx":-3.36,"ay":-0.54,"az":9.81,"ax":0.86,"pz":10.13,"vy":-3.36,"px":552609.83,"py":4182952.15},{"vx":-3.64,"ay":0.37,"az":9.81,"ax":-0.13,"pz":10.12,"vy":-3.64,"px":552608.62,"py":4182950.21},{"vx":-3.51,"ay":-3.19,"az":9.81,"ax":-2.5,"pz":10.12,"vy":-3.51,"px":552607.68,"py":4182948.43},{"vx":-3.85,"ay":1.09,"az":9.81,"ax":-0.11,"pz":10.12,"vy":-3.85,"px":552606.32,"py":4182946.05},{"vx":-4.8,"ay":-0.35,"az":9.86,"ax":0.43,"pz":10.12,"vy":-4.8,"px":552604.3,"py":4182942.74}],"traffic_light":[0,0,4,4,0,0],"state_arr":[{"acceleration":0.91,"throttle":25.84,"steering_target":23.56,"brake":0,"steering_rate":100,"speed":3.57},{"acceleration":-0.67,"throttle":0,"steering_target":13.74,"brake":16.15,"steering_rate":100,"speed":4.44},{"acceleration":-0.23,"throttle":0,"steering_target":49.02,"brake":14.5,"steering_rate":100,"speed":3.76},{"acceleration":0.53,"throttle":15.7,"steering_target":-11.29,"brake":0,"steering_rate":100,"speed":4.05},{"acceleration":0.63,"throttle":21.3,"steering_target":6.23,"brake":0,"steering_rate":100,"speed":4.18},{"acceleration":1.07,"throttle":40.48,"steering_target":-11.62,"brake":0,"steering_rate":100,"speed":4.56},{"acceleration":-0.45,"throttle":0,"steering_target":-17.32,"brake":14.5,"steering_rate":100,"speed":5.77}],"obstacle_arr":[[{"acceleration":{"y":-0.01,"x":-0.01,"z":0},"position":{"y":4182936.43,"x":552583.53,"z":11.06},"volume":1.89,"type":"VEHICLE","velocity":{"y":-0.69,"x":-0.51,"z":0}}],[{"acceleration":{"y":-0.01,"x":-0.01,"z":0},"position":{"y":4182927.15,"x":552578.02,"z":10.9},"volume":1.61,"type":"VEHICLE","velocity":{"y":-1.02,"x":-0.75,"z":0}},{"acceleration":{"y":0,"x":0,"z":0},"position":{"y":4182938.64,"x":552599.5,"z":10.59},"volume":57.6,"type":"VEHICLE","velocity":{"y":0,"x":0,"z":0}}],[{"acceleration":{"y":0,"x":0,"z":0},"position":{"y":4182939.58,"x":552597.72,"z":10.7},"volume":51.15,"type":"VEHICLE","velocity":{"y":0,"x":0,"z":0}}],[{"acceleration":{"y":0,"x":0,"z":0},"position":{"y":4182937.48,"x":552598.02,"z":10.8},"volume":31.24,"type":"VEHICLE","velocity":{"y":0,"x":0,"z":0}}],[{"acceleration":{"y":0,"x":0,"z":0},"position":{"y":4182935.38,"x":552596.32,"z":10.67},"volume":1.34,"type":"VEHICLE","velocity":{"y":0,"x":0,"z":0}}],[{"acceleration":{"y":-0.64,"x":-0.72,"z":0},"position":{"y":4182932.76,"x":552593.98,"z":10.52},"volume":1.24,"type":"VEHICLE","velocity":{"y":-0.32,"x":-0.38,"z":0}}],[{"acceleration":{"y":-0.99,"x":-1.02,"z":0},"position":{"y":4182930.34,"x":552591.41,"z":10.6},"volume":0.84,"type":"VEHICLE","velocity":{"y":-1.01,"x":-1.06,"z":0}}]],"action_description":"NPC vehicle (BoxTruck) switching lane (left to right)","ev_state":[-271.016418457031,10.1243333816528,454.695404052734,0,0,0,12,-1,0.00874971598386765,213.48225402832,0.104890249669552,5.6110308139330645],"collision_probability":0}
 timestamp= 1619788428000 [RUN] Validate G1 Guard Condition: 
The ego vehicle E Detection.Collision == True.
 timestamp= 1619788428000 [RES] Global Validate result: 
false
 timestamp= 1619788428000 [RUN] Validate G2 Guard Condition: 
The ego vehicle E Detection.OffRoad == True.
 timestamp= 1619788428000 [RES] Global Validate result: 
false
 timestamp= 1619788428000 [RUN] Validate G3 Guard Condition: 
The ego vehicle E Detection.HardBrake == True.
 timestamp= 1619788428000 [RES] Global Validate result: 
false
 timestamp= 1619788428000 [RUN] Validate G4 Guard Condition: 
The ego vehicle E Detection.ArrivalTest == True.
 timestamp= 1619788428000 [RES] Global Validate result: 
false
 timestamp= 1619788428000 [RUN] Validate step: 
The test system VALIDATES THAT the Apollo A Status.GetControl is nearly equal to {"acceleration": -0.45, "throttle": 0.0, "steering_target": -17.32, "brake": 14.5, "steering_rate": 100.0, "speed": 5.77}
 timestamp= 1619788428000 [RES] Validate result: 
true
 timestamp= 1619788428000 [RUN] Generate steps
 timestamp= 1619788428000 [RUN] Validate step: 
The test system VALIDATES THAT the simulator S Status.GetEnvironment is nearly equal to {"x": -271.02, "y": 10.12, "z": 454.7, "rain": 0.0, "fog": 0.0, "wetness": 0.0, "timeofday": 12.0, "signal": -1.0, "rx": 0.01, "ry": 213.48, "rz": 0.1, "speed": 5.61}
 timestamp= 1619788428000 [RES] Validate result: 
true
 timestamp= 1619788428000 [RUN] Execute API step: 
The environment controller C INVOKES API Control.Agents.NPCVehicle.NPCVehicleMaintainLane(which_lane=Current_Lane&which_car=SUV).
 timestamp= 1619788432000 [RES] API result: 
{"pose_arr":[{"vx":-4.49,"ay":0.24,"az":9.8,"ax":-0.3,"pz":10.12,"vy":-4.49,"px":552603.23,"py":4182941.12},{"vx":-5.07,"ay":0.41,"az":9.8,"ax":-0.55,"pz":10.12,"vy":-5.07,"px":552601.08,"py":4182938.31},{"vx":-0.62,"ay":-0.59,"az":9.9,"ax":0.56,"pz":10.1,"vy":-0.62,"px":552599.73,"py":4182936.42},{"vx":0,"ay":0,"az":9.81,"ax":0.01,"pz":10.13,"vy":0,"px":552599.62,"py":4182936.25},{"vx":-0.01,"ay":0,"az":9.81,"ax":0,"pz":10.12,"vy":-0.01,"px":552599.56,"py":4182936.16},{"vx":0,"ay":0.02,"az":9.81,"ax":-0.04,"pz":10.12,"vy":0,"px":552599.56,"py":4182936.16},{"vx":0,"ay":0.01,"az":9.81,"ax":-0.01,"pz":10.12,"vy":0,"px":552599.56,"py":4182936.16}],"traffic_light":[1,0,3,1,1,1,3],"state_arr":[{"acceleration":1.14,"throttle":15.7,"steering_target":-14.77,"brake":0,"steering_rate":100,"speed":5.61},{"acceleration":0.67,"throttle":22.02,"steering_target":13.16,"brake":0,"steering_rate":100,"speed":5.87},{"acceleration":-0.88,"throttle":0,"steering_target":-3.2,"brake":19.86,"steering_rate":100,"speed":0.84},{"acceleration":-2.56,"throttle":0,"steering_target":-1.99,"brake":52.28,"steering_rate":100,"speed":0.11},{"acceleration":0.11,"throttle":15.7,"steering_target":-0.4,"brake":0,"steering_rate":100,"speed":0.58},{"acceleration":0.26,"throttle":51.22,"steering_target":-0.37,"brake":0,"steering_rate":100,"speed":0.01},{"acceleration":0.26,"throttle":49.62,"steering_target":-0.37,"brake":0,"steering_rate":100,"speed":0},{"acceleration":0.26,"throttle":49.91,"steering_target":-0.37,"brake":0,"steering_rate":100,"speed":0}],"obstacle_arr":[[{"acceleration":{"y":-1.29,"x":-1.25,"z":0},"position":{"y":4182929.02,"x":552590.57,"z":10.49},"volume":0.77,"type":"VEHICLE","velocity":{"y":-1.53,"x":-1.57,"z":0}}],[{"acceleration":{"y":-1.57,"x":-1.31,"z":0},"position":{"y":4182926.57,"x":552586.29,"z":10.56},"volume":45.37,"type":"VEHICLE","velocity":{"y":-2.68,"x":-2.61,"z":0}},{"acceleration":{"y":0,"x":0,"z":0},"position":{"y":4182933.99,"x":552597.85,"z":10.41},"volume":11.14,"type":"VEHICLE","velocity":{"y":0,"x":0,"z":0}}],[{"acceleration":{"y":-1.56,"x":-1.17,"z":0},"position":{"y":4182924.21,"x":552585.27,"z":10.65},"volume":41.09,"type":"VEHICLE","velocity":{"y":-3.76,"x":-3.4,"z":0}},{"acceleration":{"y":0,"x":0,"z":0},"position":{"y":4182932.03,"x":552596.5,"z":10.41},"volume":9.95,"type":"VEHICLE","velocity":{"y":0,"x":0,"z":0}},{"acceleration":{"y":0,"x":0,"z":0},"position":{"y":4182898.83,"x":552566.83,"z":10.46},"volume":0,"type":"VEHICLE","velocity":{"y":0,"x":0,"z":0}}],[{"acceleration":{"y":-1.12,"x":-0.8,"z":0},"position":{"y":4182922.16,"x":552583.81,"z":10.45},"volume":53.67,"type":"VEHICLE","velocity":{"y":-4.68,"x":-4.05,"z":0}},{"acceleration":{"y":0,"x":0,"z":0},"position":{"y":4182931.78,"x":552596.12,"z":10.41},"volume":10.46,"type":"VEHICLE","velocity":{"y":0,"x":0,"z":0}},{"acceleration":{"y":0,"x":0,"z":0},"position":{"y":4182899.43,"x":552567.26,"z":10.66},"volume":0.36,"type":"VEHICLE","velocity":{"y":0,"x":0,"z":0}}],[{"acceleration":{"y":-0.53,"x":-0.37,"z":0},"position":{"y":4182921.65,"x":552583.32,"z":10.33},"volume":37.8,"type":"VEHICLE","velocity":{"y":-5.21,"x":-4.41,"z":0}},{"acceleration":{"y":0,"x":0,"z":0},"position":{"y":4182931.76,"x":552596.12,"z":10.43},"volume":9.42,"type":"VEHICLE","velocity":{"y":0,"x":0,"z":0}},{"acceleration":{"y":0,"x":0,"z":0},"position":{"y":4182899.09,"x":552567.07,"z":10.28},"volume":4.77,"type":"VEHICLE","velocity":{"y":0,"x":0,"z":0}}],[{"acceleration":{"y":-0.22,"x":-0.16,"z":0},"position":{"y":4182919.56,"x":552581.72,"z":10.48},"volume":51.15,"type":"VEHICLE","velocity":{"y":-5.31,"x":-4.44,"z":0}},{"acceleration":{"y":0,"x":0,"z":0},"position":{"y":4182931.74,"x":552596.08,"z":10.35},"volume":9.76,"type":"VEHICLE","velocity":{"y":0,"x":0,"z":0}}],[{"acceleration":{"y":-0.04,"x":-0.07,"z":0},"position":{"y":4182918.42,"x":552580.92,"z":10.48},"volume":35.21,"type":"VEHICLE","velocity":{"y":-5.16,"x":-4.33,"z":0}},{"acceleration":{"y":0,"x":0,"z":0},"position":{"y":4182931.74,"x":552596.08,"z":10.35},"volume":9.8,"type":"VEHICLE","velocity":{"y":0,"x":0,"z":0}}]],"action_description":"NPC vehicle (SUV) driving on the current lane","ev_state":[-275.164489746094,10.1256494522095,449.009979248047,0,0,0,12,-1,359.629272460938,213.155532836914,0.00464103044942021,0.00022164218750846785],"collision_probability":1}
 timestamp= 1619788432000 [RUN] Validate G1 Guard Condition: 
The ego vehicle E Detection.Collision == True.
 timestamp= 1619788432000 [RES] Global Validate result: 
true
 timestamp= 1619788432000 [RUN] Collision == True
 timestamp= 1619788432000 [RUN] Validate G2 Guard Condition: 
The ego vehicle E Detection.OffRoad == True.
 timestamp= 1619788432000 [RES] Global Validate result: 
false
 timestamp= 1619788432000 [RUN] Validate G3 Guard Condition: 
The ego vehicle E Detection.HardBrake == True.
 timestamp= 1619788432000 [RES] Global Validate result: 
true
 timestamp= 1619788432000 [RUN] HardBrake == True
 timestamp= 1619788432000 [RUN] RESUME STEP @preStep
 timestamp= 1619788432000 [RUN] Resume step basicflow13
 timestamp= 1619788432000 [RUN] Validate G4 Guard Condition: 
The ego vehicle E Detection.ArrivalTest == True.
 timestamp= 1619788432000 [RES] Global Validate result: 
false
 timestamp= 1619788432000 [RUN] Validate step: 
The test system VALIDATES THAT the Apollo A Status.GetControl is nearly equal to {"acceleration": 0.26, "throttle": 49.91, "steering_target": -0.37, "brake": 0.0, "steering_rate": 100.0, "speed": 0.0}
 timestamp= 1619788432000 [RES] Validate result: 
true
 timestamp= 1619788432000 [RUN] Generate steps
 timestamp= 1619788432000 [RUN] Validate step: 
The test system VALIDATES THAT the simulator S Status.GetEnvironment is nearly equal to {"x": -275.16, "y": 10.13, "z": 449.01, "rain": 0.0, "fog": 0.0, "wetness": 0.0, "timeofday": 12.0, "signal": -1.0, "rx": 359.63, "ry": 213.16, "rz": 0.0, "speed": 0.0}
 timestamp= 1619788432000 [RES] Validate result: 
true
 timestamp= 1619788432000 [RUN] Execute API step: 
The environment controller C INVOKES API Control.Weather.Wetness(wetness_level=Heavy).
 timestamp= 1619788436000 [RES] API result: 
{"pose_arr":[{"vx":0,"ay":0,"az":9.81,"ax":-0.01,"pz":10.12,"vy":0,"px":552599.56,"py":4182936.16},{"vx":0,"ay":-0.18,"az":9.85,"ax":0.3,"pz":10.12,"vy":0,"px":552599.56,"py":4182936.16},{"vx":0,"ay":-0.02,"az":9.82,"ax":0.04,"pz":10.12,"vy":0,"px":552599.56,"py":4182936.16},{"vx":0,"ay":0,"az":9.81,"ax":0.01,"pz":10.12,"vy":0,"px":552599.56,"py":4182936.16},{"vx":0,"ay":-0.01,"az":9.81,"ax":0.02,"pz":10.12,"vy":0,"px":552599.56,"py":4182936.16},{"vx":0,"ay":0.01,"az":9.81,"ax":-0.01,"pz":10.12,"vy":0,"px":552599.56,"py":4182936.16},{"vx":0,"ay":0,"az":9.81,"ax":0,"pz":10.12,"vy":0,"px":552599.56,"py":4182936.16}],"traffic_light":[3,1,1,1,1],"state_arr":[{"acceleration":0.26,"throttle":50.52,"steering_target":-0.37,"brake":0,"steering_rate":100,"speed":0},{"acceleration":0.26,"throttle":50.23,"steering_target":-0.37,"brake":0,"steering_rate":100,"speed":0},{"acceleration":0.26,"throttle":49.98,"steering_target":-0.37,"brake":0,"steering_rate":100,"speed":0},{"acceleration":0.26,"throttle":49.93,"steering_target":-0.37,"brake":0,"steering_rate":100,"speed":0},{"acceleration":0.26,"throttle":49.95,"steering_target":-0.37,"brake":0,"steering_rate":100,"speed":0},{"acceleration":0.26,"throttle":50.46,"steering_target":-0.37,"brake":0,"steering_rate":100,"speed":0},{"acceleration":0.26,"throttle":50.2,"steering_target":-0.37,"brake":0,"steering_rate":100,"speed":0}],"obstacle_arr":[[{"acceleration":{"y":-0.2,"x":-0.19,"z":0},"position":{"y":4182914.93,"x":552578.54,"z":10.49},"volume":27.3,"type":"VEHICLE","velocity":{"y":-4.94,"x":-4.18,"z":0}},{"acceleration":{"y":0,"x":0,"z":0},"position":{"y":4182931.74,"x":552596.08,"z":10.35},"volume":9.79,"type":"VEHICLE","velocity":{"y":0,"x":0,"z":0}}],[{"acceleration":{"y":-0.27,"x":-0.22,"z":0},"position":{"y":4182914.55,"x":552577.97,"z":10.49},"volume":25.35,"type":"VEHICLE","velocity":{"y":-4.96,"x":-4.19,"z":0}},{"acceleration":{"y":0,"x":0,"z":0},"position":{"y":4182931.74,"x":552596.09,"z":10.35},"volume":9.8,"type":"VEHICLE","velocity":{"y":0,"x":0,"z":0}}],[{"acceleration":{"y":-0.09,"x":-0.07,"z":0},"position":{"y":4182914.54,"x":552577.95,"z":10.49},"volume":25.44,"type":"VEHICLE","velocity":{"y":-1.03,"x":-0.78,"z":0}},{"acceleration":{"y":0,"x":0,"z":0},"position":{"y":4182931.73,"x":552596.09,"z":10.32},"volume":10.14,"type":"VEHICLE","velocity":{"y":0,"x":0,"z":0}}],[{"acceleration":{"y":1.03,"x":0.94,"z":0},"position":{"y":4182914.52,"x":552577.95,"z":10.49},"volume":25.63,"type":"VEHICLE","velocity":{"y":-0.51,"x":-0.29,"z":0}},{"acceleration":{"y":0,"x":0,"z":0},"position":{"y":4182931.74,"x":552596.08,"z":10.35},"volume":9.72,"type":"VEHICLE","velocity":{"y":0,"x":0,"z":0}}],[{"acceleration":{"y":0.96,"x":0.58,"z":0},"position":{"y":4182914.51,"x":552577.94,"z":10.48},"volume":25.69,"type":"VEHICLE","velocity":{"y":0,"x":0,"z":0}},{"acceleration":{"y":0,"x":0,"z":0},"position":{"y":4182931.73,"x":552596.07,"z":10.35},"volume":9.86,"type":"VEHICLE","velocity":{"y":0,"x":0,"z":0}}],[{"acceleration":{"y":0.05,"x":0.03,"z":0},"position":{"y":4182914.5,"x":552577.91,"z":10.48},"volume":25.9,"type":"VEHICLE","velocity":{"y":0,"x":0,"z":0}},{"acceleration":{"y":0,"x":0,"z":0},"position":{"y":4182931.76,"x":552596.12,"z":10.32},"volume":9.74,"type":"VEHICLE","velocity":{"y":0,"x":0,"z":0}}],[{"acceleration":{"y":0,"x":0,"z":0},"position":{"y":4182914.49,"x":552577.91,"z":10.48},"volume":26.17,"type":"VEHICLE","velocity":{"y":0,"x":0,"z":0}},{"acceleration":{"y":0,"x":0,"z":0},"position":{"y":4182931.76,"x":552596.12,"z":10.38},"volume":9.32,"type":"VEHICLE","velocity":{"y":0,"x":0,"z":0}},{"acceleration":{"y":0,"x":0,"z":0},"position":{"y":4182898.03,"x":552566.69,"z":10.5},"volume":3.93,"type":"VEHICLE","velocity":{"y":0,"x":0,"z":0}}]],"action_description":"Heavy wetness","ev_state":[-275.164428710938,10.1255922317505,449.010070800781,0,0,1,12,-1,359.629058837891,213.11994934082,0.00508992513641715,0.000995353261130098],"collision_probability":0.025}
 timestamp= 1619788436000 [RUN] Validate G1 Guard Condition: 
The ego vehicle E Detection.Collision == True.
 timestamp= 1619788436000 [RES] Global Validate result: 
false
 timestamp= 1619788436000 [RUN] Validate G2 Guard Condition: 
The ego vehicle E Detection.OffRoad == True.
 timestamp= 1619788436000 [RES] Global Validate result: 
false
 timestamp= 1619788436000 [RUN] Validate G3 Guard Condition: 
The ego vehicle E Detection.HardBrake == True.
 timestamp= 1619788436000 [RES] Global Validate result: 
false
 timestamp= 1619788436000 [RUN] Validate G4 Guard Condition: 
The ego vehicle E Detection.ArrivalTest == True.
 timestamp= 1619788436000 [RES] Global Validate result: 
false
 timestamp= 1619788436000 [RUN] Validate step: 
The test system VALIDATES THAT the Apollo A Status.GetControl is nearly equal to {"acceleration": 0.26, "throttle": 50.2, "steering_target": -0.37, "brake": 0.0, "steering_rate": 100.0, "speed": 0.0}
 timestamp= 1619788436000 [RES] Validate result: 
true
 timestamp= 1619788436000 [RUN] Generate steps
 timestamp= 1619788436000 [RUN] Validate step: 
The test system VALIDATES THAT the simulator S Status.GetEnvironment is nearly equal to {"x": -275.16, "y": 10.13, "z": 449.01, "rain": 0.0, "fog": 0.0, "wetness": 1.0, "timeofday": 12.0, "signal": -1.0, "rx": 359.63, "ry": 213.12, "rz": 0.01, "speed": 0.0}
 timestamp= 1619788436000 [RES] Validate result: 
true
 timestamp= 1619788436000 [RUN] Execute API step: 
The environment controller C INVOKES API Control.Weather.Fog(fog_level=Light).
 timestamp= 1619788440000 [RES] API result: 
{"pose_arr":[{"vx":0,"ay":0.01,"az":9.81,"ax":-0.02,"pz":10.12,"vy":0,"px":552599.56,"py":4182936.16},{"vx":0,"ay":-0.03,"az":9.81,"ax":0.04,"pz":10.12,"vy":0,"px":552599.56,"py":4182936.16},{"vx":0,"ay":0.01,"az":9.81,"ax":-0.01,"pz":10.12,"vy":0,"px":552599.56,"py":4182936.16},{"vx":0,"ay":-0.22,"az":9.84,"ax":0.34,"pz":10.12,"vy":0,"px":552599.56,"py":4182936.16},{"vx":0,"ay":0,"az":9.81,"ax":0,"pz":10.12,"vy":0,"px":552599.56,"py":4182936.16},{"vx":0,"ay":0,"az":9.81,"ax":0,"pz":10.12,"vy":0,"px":552599.56,"py":4182936.16}],"traffic_light":[1,1,1,1,1,1],"state_arr":[{"acceleration":0.26,"throttle":50.42,"steering_target":-0.37,"brake":0,"steering_rate":100,"speed":0},{"acceleration":0.26,"throttle":50.66,"steering_target":-0.37,"brake":0,"steering_rate":100,"speed":0},{"acceleration":0.26,"throttle":51.13,"steering_target":-0.37,"brake":0,"steering_rate":100,"speed":0},{"acceleration":0.26,"throttle":50.75,"steering_target":-0.37,"brake":0,"steering_rate":100,"speed":0},{"acceleration":0.26,"throttle":50.95,"steering_target":-0.37,"brake":0,"steering_rate":100,"speed":0},{"acceleration":0.26,"throttle":51.37,"steering_target":-0.37,"brake":0,"steering_rate":100,"speed":0},{"acceleration":0.26,"throttle":50.96,"steering_target":-0.37,"brake":0,"steering_rate":100,"speed":0},{"acceleration":0.26,"throttle":51.56,"steering_target":-0.37,"brake":0,"steering_rate":100,"speed":0}],"obstacle_arr":[[{"acceleration":{"y":0,"x":0,"z":0},"position":{"y":4182914.48,"x":552577.9,"z":10.48},"volume":26.25,"type":"VEHICLE","velocity":{"y":0,"x":0,"z":0}},{"acceleration":{"y":0,"x":0,"z":0},"position":{"y":4182931.76,"x":552596.12,"z":10.38},"volume":9.29,"type":"VEHICLE","velocity":{"y":0,"x":0,"z":0}}],[{"acceleration":{"y":0,"x":0,"z":0},"position":{"y":4182914.47,"x":552577.89,"z":10.48},"volume":26.5,"type":"VEHICLE","velocity":{"y":0,"x":0,"z":0}},{"acceleration":{"y":0,"x":0,"z":0},"position":{"y":4182931.76,"x":552596.12,"z":10.38},"volume":9.31,"type":"VEHICLE","velocity":{"y":0,"x":0,"z":0}},{"acceleration":{"y":0,"x":0,"z":0},"position":{"y":4182898.02,"x":552566.69,"z":10.5},"volume":3.95,"type":"VEHICLE","velocity":{"y":0,"x":0,"z":0}}],[{"acceleration":{"y":0,"x":0,"z":0},"position":{"y":4182914.46,"x":552577.89,"z":10.47},"volume":26.42,"type":"VEHICLE","velocity":{"y":0,"x":0,"z":0}},{"acceleration":{"y":0,"x":0,"z":0},"position":{"y":4182931.76,"x":552596.12,"z":10.38},"volume":9.31,"type":"VEHICLE","velocity":{"y":0,"x":0,"z":0}}],[{"acceleration":{"y":0,"x":0,"z":0},"position":{"y":4182914.44,"x":552577.88,"z":10.47},"volume":26.6,"type":"VEHICLE","velocity":{"y":0,"x":0,"z":0}},{"acceleration":{"y":0,"x":0,"z":0},"position":{"y":4182931.76,"x":552596.13,"z":10.39},"volume":9.3,"type":"VEHICLE","velocity":{"y":0,"x":0,"z":0}}],[{"acceleration":{"y":0,"x":0,"z":0},"position":{"y":4182914.43,"x":552577.87,"z":10.47},"volume":26.76,"type":"VEHICLE","velocity":{"y":0,"x":0,"z":0}},{"acceleration":{"y":0,"x":0,"z":0},"position":{"y":4182931.76,"x":552596.13,"z":10.39},"volume":9.28,"type":"VEHICLE","velocity":{"y":0,"x":0,"z":0}},{"acceleration":{"y":0,"x":0,"z":0},"position":{"y":4182898.02,"x":552566.7,"z":10.5},"volume":3.84,"type":"VEHICLE","velocity":{"y":0,"x":0,"z":0}}],[{"acceleration":{"y":0,"x":0,"z":0},"position":{"y":4182914.41,"x":552577.86,"z":10.47},"volume":26.95,"type":"VEHICLE","velocity":{"y":0,"x":0,"z":0}},{"acceleration":{"y":0,"x":0,"z":0},"position":{"y":4182931.76,"x":552596.13,"z":10.39},"volume":9.33,"type":"VEHICLE","velocity":{"y":0,"x":0,"z":0}}],[{"acceleration":{"y":0,"x":0,"z":0},"position":{"y":4182914.38,"x":552577.87,"z":10.47},"volume":27.19,"type":"VEHICLE","velocity":{"y":0,"x":0,"z":0}},{"acceleration":{"y":0,"x":0,"z":0},"position":{"y":4182931.76,"x":552596.13,"z":10.39},"volume":9.41,"type":"VEHICLE","velocity":{"y":0,"x":0,"z":0}},{"acceleration":{"y":0,"x":0,"z":0},"position":{"y":4182898.01,"x":552566.71,"z":10.5},"volume":3.56,"type":"VEHICLE","velocity":{"y":0,"x":0,"z":0}}]],"action_description":"Light fog","ev_state":[-275.164489746094,10.1255235671997,449.010162353516,0,0.200000002980232,0,12,-1,359.626831054688,213.083358764648,0.00538851972669363,0.0030716907763370677],"collision_probability":0.025}
 timestamp= 1619788440000 [RUN] Validate G1 Guard Condition: 
The ego vehicle E Detection.Collision == True.
 timestamp= 1619788440000 [RES] Global Validate result: 
false
 timestamp= 1619788440000 [RUN] Validate G2 Guard Condition: 
The ego vehicle E Detection.OffRoad == True.
 timestamp= 1619788440000 [RES] Global Validate result: 
false
 timestamp= 1619788440000 [RUN] Validate G3 Guard Condition: 
The ego vehicle E Detection.HardBrake == True.
 timestamp= 1619788440000 [RES] Global Validate result: 
false
 timestamp= 1619788440000 [RUN] Validate G4 Guard Condition: 
The ego vehicle E Detection.ArrivalTest == True.
 timestamp= 1619788440000 [RES] Global Validate result: 
false
 timestamp= 1619788440000 [RUN] Validate step: 
The test system VALIDATES THAT the Apollo A Status.GetControl is nearly equal to {"acceleration": 0.26, "throttle": 51.56, "steering_target": -0.37, "brake": 0.0, "steering_rate": 100.0, "speed": 0.0}
 timestamp= 1619788440000 [RES] Validate result: 
true
 timestamp= 1619788440000 [RUN] Generate steps
 timestamp= 1619788440000 [RUN] Validate step: 
The test system VALIDATES THAT the simulator S Status.GetEnvironment is nearly equal to {"x": -275.16, "y": 10.13, "z": 449.01, "rain": 0.0, "fog": 0.2, "wetness": 0.0, "timeofday": 12.0, "signal": -1.0, "rx": 359.63, "ry": 213.08, "rz": 0.01, "speed": 0.0}
 timestamp= 1619788440000 [RES] Validate result: 
true
 timestamp= 1619788440000 [RUN] Execute API step: 
The environment controller C INVOKES API Control.Agents.NPCVehicle.NPCVehicleSwitchLane(which_lane=Current_Lane&which_car=Sedan).
 timestamp= 1619788444000 [RES] API result: 
{"pose_arr":[{"vx":0,"ay":0,"az":9.81,"ax":0,"pz":10.12,"vy":0,"px":552599.56,"py":4182936.16},{"vx":0,"ay":-0.01,"az":9.82,"ax":0.01,"pz":10.12,"vy":0,"px":552599.56,"py":4182936.16},{"vx":0,"ay":0.01,"az":9.81,"ax":-0.02,"pz":10.12,"vy":0,"px":552599.56,"py":4182936.16},{"vx":0,"ay":0,"az":9.81,"ax":0,"pz":10.12,"vy":0,"px":552599.55,"py":4182936.16},{"vx":0,"ay":0.21,"az":9.78,"ax":-0.32,"pz":10.12,"vy":0,"px":552599.55,"py":4182936.16},{"vx":0,"ay":0,"az":9.81,"ax":0,"pz":10.12,"vy":0,"px":552599.55,"py":4182936.16},{"vx":0,"ay":0,"az":9.81,"ax":0,"pz":10.12,"vy":0,"px":552599.55,"py":4182936.16}],"traffic_light":[1,3,1,3,1,1],"state_arr":[{"acceleration":0.26,"throttle":51.34,"steering_target":-0.37,"brake":0,"steering_rate":100,"speed":0},{"acceleration":0.26,"throttle":51.41,"steering_target":-0.37,"brake":0,"steering_rate":100,"speed":0},{"acceleration":0.26,"throttle":51.73,"steering_target":-0.37,"brake":0,"steering_rate":100,"speed":0},{"acceleration":0.26,"throttle":52.26,"steering_target":-0.37,"brake":0,"steering_rate":100,"speed":0},{"acceleration":0.26,"throttle":51.93,"steering_target":-0.37,"brake":0,"steering_rate":100,"speed":0},{"acceleration":0.26,"throttle":52.23,"steering_target":-0.37,"brake":0,"steering_rate":100,"speed":0},{"acceleration":0.26,"throttle":51.82,"steering_target":-0.37,"brake":0,"steering_rate":100,"speed":0},{"acceleration":0.26,"throttle":52.42,"steering_target":-0.37,"brake":0,"steering_rate":100,"speed":0}],"obstacle_arr":[[{"acceleration":{"y":0,"x":0,"z":0},"position":{"y":4182914.37,"x":552577.87,"z":10.46},"volume":27.26,"type":"VEHICLE","velocity":{"y":0,"x":0,"z":0}},{"acceleration":{"y":0,"x":0,"z":0},"position":{"y":4182931.76,"x":552596.14,"z":10.39},"volume":9.45,"type":"VEHICLE","velocity":{"y":0,"x":0,"z":0}}],[{"acceleration":{"y":0,"x":0,"z":0},"position":{"y":4182914.36,"x":552577.86,"z":10.46},"volume":27.38,"type":"VEHICLE","velocity":{"y":0,"x":0,"z":0}},{"acceleration":{"y":0,"x":0,"z":0},"position":{"y":4182931.76,"x":552596.13,"z":10.38},"volume":9.43,"type":"VEHICLE","velocity":{"y":0,"x":0,"z":0}},{"acceleration":{"y":0,"x":0,"z":0},"position":{"y":4182919.21,"x":552588.25,"z":10.38},"volume":1.05,"type":"VEHICLE","velocity":{"y":0,"x":0,"z":0}}],[{"acceleration":{"y":0,"x":0,"z":0},"position":{"y":4182914.32,"x":552577.89,"z":10.46},"volume":27.57,"type":"VEHICLE","velocity":{"y":0,"x":0,"z":0}},{"acceleration":{"y":0,"x":0,"z":0},"position":{"y":4182931.76,"x":552596.14,"z":10.39},"volume":9.4,"type":"VEHICLE","velocity":{"y":0,"x":0,"z":0}},{"acceleration":{"y":-2.86,"x":-1.37,"z":0},"position":{"y":4182916.59,"x":552586.72,"z":10.63},"volume":1.96,"type":"VEHICLE","velocity":{"y":-2.37,"x":-1.13,"z":0}}],[{"acceleration":{"y":0,"x":0,"z":0},"position":{"y":4182914.32,"x":552577.86,"z":10.46},"volume":27.63,"type":"VEHICLE","velocity":{"y":0,"x":0,"z":0}},{"acceleration":{"y":0,"x":0,"z":0},"position":{"y":4182931.76,"x":552596.14,"z":10.39},"volume":9.41,"type":"VEHICLE","velocity":{"y":0,"x":0,"z":0}}],[{"acceleration":{"y":0,"x":0,"z":0},"position":{"y":4182914.31,"x":552577.84,"z":10.46},"volume":27.88,"type":"VEHICLE","velocity":{"y":0,"x":0,"z":0}},{"acceleration":{"y":0,"x":0,"z":0},"position":{"y":4182931.76,"x":552596.13,"z":10.33},"volume":9.79,"type":"VEHICLE","velocity":{"y":0,"x":0,"z":0}}],[{"acceleration":{"y":0,"x":0,"z":0},"position":{"y":4182914.33,"x":552577.8,"z":10.46},"volume":28.38,"type":"VEHICLE","velocity":{"y":0,"x":0,"z":0}},{"acceleration":{"y":0,"x":0,"z":0},"position":{"y":4182931.76,"x":552596.14,"z":10.39},"volume":9.42,"type":"VEHICLE","velocity":{"y":0,"x":0,"z":0}},{"acceleration":{"y":0.06,"x":0.04,"z":0},"position":{"y":4182908.89,"x":552581.49,"z":10.49},"volume":0.97,"type":"VEHICLE","velocity":{"y":-2.49,"x":-1.52,"z":0}}],[{"acceleration":{"y":0,"x":0,"z":0},"position":{"y":4182914.31,"x":552577.8,"z":10.45},"volume":28.18,"type":"VEHICLE","velocity":{"y":0,"x":0,"z":0}},{"acceleration":{"y":0,"x":0,"z":0},"position":{"y":4182931.76,"x":552596.14,"z":10.39},"volume":9.42,"type":"VEHICLE","velocity":{"y":0,"x":0,"z":0}},{"acceleration":{"y":-1.55,"x":-0.71,"z":0},"position":{"y":4182906.33,"x":552579.85,"z":10.3},"volume":1.24,"type":"VEHICLE","velocity":{"y":-3.27,"x":-1.9,"z":0}}]],"action_description":"NPC vehicle (Sedan) switching lane (current to right)","ev_state":[-275.164520263672,10.1254663467407,449.010192871094,0,0.200000002980232,0,12,1,359.619659423828,213.044830322266,0.00542053394019604,0.001131431592325437],"collision_probability":0.025}
 timestamp= 1619788444000 [RUN] Validate G1 Guard Condition: 
The ego vehicle E Detection.Collision == True.
 timestamp= 1619788444000 [RES] Global Validate result: 
false
 timestamp= 1619788444000 [RUN] Validate G2 Guard Condition: 
The ego vehicle E Detection.OffRoad == True.
 timestamp= 1619788444000 [RES] Global Validate result: 
true
 timestamp= 1619788444000 [RUN] OffRoad == True
 timestamp= 1619788444000 [RUN] The simulator S INVOKES API Command.Simulation.Stop() to stop simulation.
 timestamp= 1619788444000 [WARNING] The test system Stop the Simulator S!
 timestamp= 1619788444000 [RUN] ABORT.
 timestamp= 1619788444000 [ERROR] The test system Abort!
 timestamp= 1619788444000 [RUN] Validate G3 Guard Condition: 
The ego vehicle E Detection.HardBrake == True.
 timestamp= 1619788444000 [RES] Global Validate result: 
false
 timestamp= 1619788444000 [RUN] Validate G4 Guard Condition: 
The ego vehicle E Detection.ArrivalTest == True.
 timestamp= 1619788444000 [RES] Global Validate result: 
false
 timestamp= 1619788444000 [RES] Basic PostCondition Validate result: 
false
 timestamp= 1619788444000 [STOP] numberOfStep: 25 basicFlow: 
[{"name":"","description":"","eClass":"Sentence","content":"The test system VALIDATES THAT the simulator S Status.GetEnvironment is nearly equal to {\"x\": -244.8, \"y\": 10.12, \"z\": 465.33, \"rain\": 0.0, \"fog\": 0.0, \"wetness\": 0.0, \"timeofday\": 12.0, \"signal\": 1.0, \"rx\": 0.0, \"ry\": 305.81, \"rz\": -0.0, \"speed\": 0.0}","natures":[]},{"name":"","description":"","eClass":"Sentence","content":"The environment controller C INVOKES API Control.Agents.NPCVehicle.NPCVehicleMaintainLane(which_lane=Right_Lane&which_car=BoxTruck).","natures":[]},{"name":"","description":"","eClass":"Sentence","content":"The test system VALIDATES THAT the Apollo A Status.GetControl is nearly equal to {\"acceleration\": -3.0, \"throttle\": 0.0, \"steering_target\": 0.81, \"brake\": 70.0, \"steering_rate\": 100.0, \"speed\": 0.0}","natures":[]},{"name":"","description":"","eClass":"Sentence","content":"The test system VALIDATES THAT the simulator S Status.GetEnvironment is nearly equal to {\"x\": -244.8, \"y\": 10.12, \"z\": 465.33, \"rain\": 0.0, \"fog\": 0.0, \"wetness\": 0.0, \"timeofday\": 12.0, \"signal\": 1.0, \"rx\": 0.0, \"ry\": 305.81, \"rz\": -0.0, \"speed\": 0.0}","natures":[]},{"name":"","description":"","eClass":"Sentence","content":"The environment controller C INVOKES API Control.Agents.NPCVehicle.NPCVehicleMaintainLane(which_lane=Current_Lane&which_car=Jeep).","natures":[]},{"name":"","description":"","eClass":"Sentence","content":"The test system VALIDATES THAT the Apollo A Status.GetControl is nearly equal to {\"acceleration\": 0.34, \"throttle\": 15.7, \"steering_target\": 12.01, \"brake\": 0.0, \"steering_rate\": 100.0, \"speed\": 2.41}","natures":[]},{"name":"","description":"","eClass":"Sentence","content":"The test system VALIDATES THAT the simulator S Status.GetEnvironment is nearly equal to {\"x\": -250.61, \"y\": 10.12, \"z\": 469.23, \"rain\": 0.0, \"fog\": 0.0, \"wetness\": 0.0, \"timeofday\": 12.0, \"signal\": 0.0, \"rx\": 359.98, \"ry\": 301.44, \"rz\": 359.95, \"speed\": 2.51}","natures":[]},{"name":"","description":"","eClass":"Sentence","content":"The environment controller C INVOKES API Control.Agents.NPCVehicle.NPCVehicleSwitchLane(which_lane=Current_Lane&which_car=SUV).","natures":[]},{"name":"","description":"","eClass":"Sentence","content":"The test system VALIDATES THAT the Apollo A Status.GetControl is nearly equal to {\"acceleration\": 0.74, \"throttle\": 54.32, \"steering_target\": 35.22, \"brake\": 0.0, \"steering_rate\": 100.0, \"speed\": 2.48}","natures":[]},{"name":"","description":"","eClass":"Sentence","content":"The test system VALIDATES THAT the simulator S Status.GetEnvironment is nearly equal to {\"x\": -261.23, \"y\": 10.12, \"z\": 468.84, \"rain\": 0.0, \"fog\": 0.0, \"wetness\": 0.0, \"timeofday\": 12.0, \"signal\": -1.0, \"rx\": 0.08, \"ry\": 239.07, \"rz\": 359.88, \"speed\": 2.48}","natures":[]},{"name":"","description":"","eClass":"Sentence","content":"The environment controller C INVOKES API Control.Agents.NPCVehicle.NPCVehicleSwitchLane(which_lane=Left_Lane&which_car=SchoolBus).","natures":[]},{"name":"","description":"","eClass":"Sentence","content":"The test system VALIDATES THAT the Apollo A Status.GetControl is nearly equal to {\"acceleration\": -0.45, \"throttle\": 0.0, \"steering_target\": -17.32, \"brake\": 14.5, \"steering_rate\": 100.0, \"speed\": 5.77}","natures":[]},{"name":"","description":"","eClass":"Sentence","content":"The test system VALIDATES THAT the simulator S Status.GetEnvironment is nearly equal to {\"x\": -271.02, \"y\": 10.12, \"z\": 454.7, \"rain\": 0.0, \"fog\": 0.0, \"wetness\": 0.0, \"timeofday\": 12.0, \"signal\": -1.0, \"rx\": 0.01, \"ry\": 213.48, \"rz\": 0.1, \"speed\": 5.61}","natures":[]},{"name":"","description":"","eClass":"Sentence","content":"The environment controller C INVOKES API Control.Agents.NPCVehicle.NPCVehicleMaintainLane(which_lane=Current_Lane&which_car=SUV).","natures":[]},{"name":"","description":"","eClass":"Sentence","content":"The test system VALIDATES THAT the Apollo A Status.GetControl is nearly equal to {\"acceleration\": 0.26, \"throttle\": 49.91, \"steering_target\": -0.37, \"brake\": 0.0, \"steering_rate\": 100.0, \"speed\": 0.0}","natures":[]},{"name":"","description":"","eClass":"Sentence","content":"The test system VALIDATES THAT the simulator S Status.GetEnvironment is nearly equal to {\"x\": -275.16, \"y\": 10.13, \"z\": 449.01, \"rain\": 0.0, \"fog\": 0.0, \"wetness\": 0.0, \"timeofday\": 12.0, \"signal\": -1.0, \"rx\": 359.63, \"ry\": 213.16, \"rz\": 0.0, \"speed\": 0.0}","natures":[]},{"name":"","description":"","eClass":"Sentence","content":"The environment controller C INVOKES API Control.Weather.Wetness(wetness_level=Heavy).","natures":[]},{"name":"","description":"","eClass":"Sentence","content":"The test system VALIDATES THAT the Apollo A Status.GetControl is nearly equal to {\"acceleration\": 0.26, \"throttle\": 50.2, \"steering_target\": -0.37, \"brake\": 0.0, \"steering_rate\": 100.0, \"speed\": 0.0}","natures":[]},{"name":"","description":"","eClass":"Sentence","content":"The test system VALIDATES THAT the simulator S Status.GetEnvironment is nearly equal to {\"x\": -275.16, \"y\": 10.13, \"z\": 449.01, \"rain\": 0.0, \"fog\": 0.0, \"wetness\": 1.0, \"timeofday\": 12.0, \"signal\": -1.0, \"rx\": 359.63, \"ry\": 213.12, \"rz\": 0.01, \"speed\": 0.0}","natures":[]},{"name":"","description":"","eClass":"Sentence","content":"The environment controller C INVOKES API Control.Weather.Fog(fog_level=Light).","natures":[]},{"name":"","description":"","eClass":"Sentence","content":"The test system VALIDATES THAT the Apollo A Status.GetControl is nearly equal to {\"acceleration\": 0.26, \"throttle\": 51.56, \"steering_target\": -0.37, \"brake\": 0.0, \"steering_rate\": 100.0, \"speed\": 0.0}","natures":[]},{"name":"","description":"","eClass":"Sentence","content":"The test system VALIDATES THAT the simulator S Status.GetEnvironment is nearly equal to {\"x\": -275.16, \"y\": 10.13, \"z\": 449.01, \"rain\": 0.0, \"fog\": 0.2, \"wetness\": 0.0, \"timeofday\": 12.0, \"signal\": -1.0, \"rx\": 359.63, \"ry\": 213.08, \"rz\": 0.01, \"speed\": 0.0}","natures":[]},{"name":"","description":"","eClass":"Sentence","content":"The environment controller C INVOKES API Control.Agents.NPCVehicle.NPCVehicleSwitchLane(which_lane=Current_Lane&which_car=Sedan).","natures":[]},{"name":"","description":"","eClass":"Sentence","content":"The test system VALIDATES THAT the Apollo A Status.GetControl is nearly equal to {\"acceleration\": 0.26, \"throttle\": 52.42, \"steering_target\": -0.37, \"brake\": 0.0, \"steering_rate\": 100.0, \"speed\": 0.0}","natures":[]},{"name":"","description":"","eClass":"Sentence","content":"","natures":[]}]
