 timestamp= 1619798936000 [START] Now Run TCS Maintain Lane On Road1 Mode: dynamic Roadnum: 4 Second: 4
 timestamp= 1619798936000 [SUCCESS] TCS Check Success 
 timestamp= 1619798939000 [RUN] Run BasicFlow
 timestamp= 1619798939000 [RUN] Generate steps
 timestamp= 1619798939000 [RUN] Validate step: 
The test system VALIDATES THAT the simulator S Status.GetEnvironment is nearly equal to {"x": -439.98, "y": 10.12, "z": 215.49, "rain": 0.0, "fog": 0.0, "wetness": 0.0, "timeofday": 12.0, "signal": 1.0, "rx": 359.89, "ry": 210.19, "rz": -0.0, "speed": 2.2}
 timestamp= 1619798939000 [RES] Validate result: 
true
 timestamp= 1619798939000 [RUN] Execute API step: 
The environment controller C INVOKES API Control.Agents.NPCVehicle.NPCVehicleSwitchLane(which_lane=Right_Lane&which_car=Hatchback).
 timestamp= 1619798942000 [RES] API result: 
{"pose_arr":[{"vx":-1.9,"ay":0.29,"az":9.81,"ax":-0.55,"pz":10.12,"vy":-1.9,"px":552434.68,"py":4182702.67},{"vx":-2.1,"ay":0.26,"az":9.81,"ax":-0.45,"pz":10.12,"vy":-2.1,"px":552433.85,"py":4182701.23},{"vx":-2.29,"ay":0,"az":9.81,"ax":0,"pz":10.12,"vy":-2.29,"px":552432.85,"py":4182699.53},{"vx":-2.48,"ay":0.12,"az":9.81,"ax":-0.25,"pz":10.12,"vy":-2.48,"px":552431.8,"py":4182697.7},{"vx":-2.67,"ay":0,"az":9.81,"ax":0,"pz":10.12,"vy":-2.67,"px":552430.69,"py":4182695.77},{"vx":-3.27,"ay":1.2,"az":9.8,"ax":-2.35,"pz":10.12,"vy":-3.27,"px":552429.48,"py":4182693.6}],"traffic_light":[3,3,3,3,0,0],"state_arr":[{"acceleration":0.18,"throttle":15.7,"steering_target":0.59,"brake":0,"steering_rate":100,"speed":2.13},{"acceleration":0.33,"throttle":15.7,"steering_target":-0.26,"brake":0,"steering_rate":100,"speed":2.34},{"acceleration":0.26,"throttle":15.7,"steering_target":0.73,"brake":0,"steering_rate":100,"speed":2.58},{"acceleration":0.32,"throttle":15.7,"steering_target":0.34,"brake":0,"steering_rate":100,"speed":2.79},{"acceleration":0.24,"throttle":15.7,"steering_target":0.94,"brake":0,"steering_rate":100,"speed":2.96},{"acceleration":-0.01,"throttle":0,"steering_target":5.9,"brake":14.5,"steering_rate":100,"speed":3.07},{"acceleration":-0.6,"throttle":0,"steering_target":12.6,"brake":14.71,"steering_rate":100,"speed":3.59}],"obstacle_arr":[[],[{"acceleration":{"y":0,"x":0,"z":0},"position":{"y":4182688.89,"x":552417.57,"z":10.36},"volume":2.63,"type":"VEHICLE","velocity":{"y":0,"x":0,"z":0}}],[{"acceleration":{"y":0,"x":0,"z":0},"position":{"y":4182688.48,"x":552415.56,"z":10.68},"volume":2.42,"type":"VEHICLE","velocity":{"y":0,"x":-0.59,"z":0}}],[{"acceleration":{"y":-0.19,"x":-0.87,"z":0},"position":{"y":4182688.25,"x":552413.25,"z":10.63},"volume":2.5,"type":"VEHICLE","velocity":{"y":-0.1,"x":-1.71,"z":0}}],[{"acceleration":{"y":0.19,"x":-1.45,"z":0},"position":{"y":4182688.54,"x":552410.73,"z":10.63},"volume":1.62,"type":"VEHICLE","velocity":{"y":0.16,"x":-3.09,"z":0}}],[{"acceleration":{"y":-0.27,"x":-0.72,"z":0},"position":{"y":4182688.65,"x":552407.68,"z":10.6},"volume":2,"type":"VEHICLE","velocity":{"y":-0.13,"x":-3.43,"z":0}}]],"action_description":"NPC vehicle (Hatchback) switching lane (right to left)","ev_state":[-445.482360839844,10.1245927810669,205.706924438477,0,0,0,12,1,359.971466064453,207.368377685547,359.932373046875,3.5657557507470985],"collision_probability":0}
 timestamp= 1619798942000 [RUN] Validate G1 Guard Condition: 
The ego vehicle E Detection.Collision == True.
 timestamp= 1619798942000 [RES] Global Validate result: 
false
 timestamp= 1619798942000 [RUN] Validate G2 Guard Condition: 
The ego vehicle E Detection.OffRoad == True.
 timestamp= 1619798942000 [RES] Global Validate result: 
false
 timestamp= 1619798942000 [RUN] Validate G3 Guard Condition: 
The ego vehicle E Detection.HardBrake == True.
 timestamp= 1619798942000 [RES] Global Validate result: 
false
 timestamp= 1619798942000 [RUN] Validate G4 Guard Condition: 
The ego vehicle E Detection.ArrivalTest == True.
 timestamp= 1619798942000 [RES] Global Validate result: 
false
 timestamp= 1619798942000 [RUN] Validate step: 
The test system VALIDATES THAT the Apollo A Status.GetControl is nearly equal to {"acceleration": -0.6, "throttle": 0.0, "steering_target": 12.6, "brake": 14.71, "steering_rate": 100.0, "speed": 3.59}
 timestamp= 1619798942000 [RES] Validate result: 
true
 timestamp= 1619798942000 [RUN] Generate steps
 timestamp= 1619798942000 [RUN] Validate step: 
The test system VALIDATES THAT the simulator S Status.GetEnvironment is nearly equal to {"x": -445.48, "y": 10.12, "z": 205.71, "rain": 0.0, "fog": 0.0, "wetness": 0.0, "timeofday": 12.0, "signal": 1.0, "rx": 359.97, "ry": 207.37, "rz": 359.93, "speed": 3.57}
 timestamp= 1619798942000 [RES] Validate result: 
true
 timestamp= 1619798942000 [RUN] Execute API step: 
The environment controller C INVOKES API Control.Weather.Wetness(wetness_level=Heavy).
 timestamp= 1619798946000 [RES] API result: 
{"pose_arr":[{"vx":-3.13,"ay":-0.53,"az":9.81,"ax":0.35,"pz":10.13,"vy":-3.13,"px":552428.71,"py":4182692.11},{"vx":-2.91,"ay":-0.17,"az":9.81,"ax":0.48,"pz":10.13,"vy":-2.91,"px":552427.78,"py":4182690},{"vx":-2.63,"ay":-0.08,"az":9.81,"ax":0.5,"pz":10.13,"vy":-2.63,"px":552427.11,"py":4182687.91},{"vx":-3.12,"ay":-0.01,"az":9.82,"ax":0.65,"pz":10.13,"vy":-3.12,"px":552426.76,"py":4182685.71},{"vx":-2.44,"ay":0.21,"az":9.81,"ax":0.55,"pz":10.13,"vy":-2.44,"px":552426.89,"py":4182683.58},{"vx":-1.72,"ay":0.22,"az":9.8,"ax":-0.48,"pz":10.13,"vy":-1.72,"px":552427.44,"py":4182681.98}],"traffic_light":[0,0,0,0,0],"state_arr":[{"acceleration":-0.34,"throttle":0,"steering_target":16.31,"brake":14.5,"steering_rate":100,"speed":3.3},{"acceleration":-0.19,"throttle":0,"steering_target":24.66,"brake":14.5,"steering_rate":100,"speed":3.04},{"acceleration":0.02,"throttle":77.06,"steering_target":29.69,"brake":0,"steering_rate":100,"speed":2.66},{"acceleration":-0.56,"throttle":0,"steering_target":46.16,"brake":14.5,"steering_rate":100,"speed":3.08},{"acceleration":-0.37,"throttle":0,"steering_target":57.31,"brake":14.5,"steering_rate":100,"speed":2.76},{"acceleration":0.15,"throttle":15.7,"steering_target":65.51,"brake":0,"steering_rate":100,"speed":2.27}],"obstacle_arr":[[{"acceleration":{"y":0.73,"x":-0.77,"z":0},"position":{"y":4182688.91,"x":552404.87,"z":10.97},"volume":0.9,"type":"VEHICLE","velocity":{"y":0.12,"x":-3.98,"z":0}}],[{"acceleration":{"y":0.21,"x":-0.26,"z":0},"position":{"y":4182688.84,"x":552401.06,"z":10.81},"volume":0.18,"type":"VEHICLE","velocity":{"y":0.56,"x":-4.61,"z":0}}],[{"acceleration":{"y":0.35,"x":-0.25,"z":0},"position":{"y":4182688.14,"x":552396.74,"z":10.64},"volume":1.98,"type":"VEHICLE","velocity":{"y":0.74,"x":-4.7,"z":0}}],[{"acceleration":{"y":-0.79,"x":0.31,"z":0},"position":{"y":4182687.86,"x":552392.93,"z":11.12},"volume":0,"type":"VEHICLE","velocity":{"y":0.56,"x":-4.72,"z":0}}],[],[]],"action_description":"Heavy wetness","ev_state":[-445.837951660156,10.12477684021,194.621673583984,0,0,1,12,0,0.0360234156250954,152.034057617188,359.792816162109,2.2391059159439948],"collision_probability":0}
 timestamp= 1619798946000 [RUN] Validate G1 Guard Condition: 
The ego vehicle E Detection.Collision == True.
 timestamp= 1619798946000 [RES] Global Validate result: 
false
 timestamp= 1619798946000 [RUN] Validate G2 Guard Condition: 
The ego vehicle E Detection.OffRoad == True.
 timestamp= 1619798946000 [RES] Global Validate result: 
false
 timestamp= 1619798946000 [RUN] Validate G3 Guard Condition: 
The ego vehicle E Detection.HardBrake == True.
 timestamp= 1619798946000 [RES] Global Validate result: 
false
 timestamp= 1619798946000 [RUN] Validate G4 Guard Condition: 
The ego vehicle E Detection.ArrivalTest == True.
 timestamp= 1619798946000 [RES] Global Validate result: 
false
 timestamp= 1619798946000 [RUN] Validate step: 
The test system VALIDATES THAT the Apollo A Status.GetControl is nearly equal to {"acceleration": 0.15, "throttle": 15.7, "steering_target": 65.51, "brake": 0.0, "steering_rate": 100.0, "speed": 2.27}
 timestamp= 1619798946000 [RES] Validate result: 
true
 timestamp= 1619798946000 [RUN] Generate steps
 timestamp= 1619798946000 [RUN] Validate step: 
The test system VALIDATES THAT the simulator S Status.GetEnvironment is nearly equal to {"x": -445.84, "y": 10.12, "z": 194.62, "rain": 0.0, "fog": 0.0, "wetness": 1.0, "timeofday": 12.0, "signal": 0.0, "rx": 0.04, "ry": 152.03, "rz": 359.79, "speed": 2.24}
 timestamp= 1619798946000 [RES] Validate result: 
true
 timestamp= 1619798946000 [RUN] Execute API step: 
The environment controller C INVOKES API Control.Agents.NPCVehicle.NPCVehicleMaintainLane(which_lane=Current_Lane&which_car=BoxTruck).
 timestamp= 1619798949000 [RES] API result: 
{"pose_arr":[{"vx":-1.66,"ay":-0.19,"az":9.81,"ax":-0.19,"pz":10.12,"vy":-1.66,"px":552427.87,"py":4182681.24},{"vx":-1.25,"ay":1.65,"az":9.82,"ax":-0.19,"pz":10.13,"vy":-1.25,"px":552428.87,"py":4182680.03},{"vx":-0.96,"ay":-0.22,"az":9.82,"ax":-0.23,"pz":10.12,"vy":-0.96,"px":552430.38,"py":4182678.85},{"vx":-0.8,"ay":-0.25,"az":9.82,"ax":-0.14,"pz":10.12,"vy":-0.8,"px":552432.73,"py":4182677.88},{"vx":-0.98,"ay":-0.33,"az":9.8,"ax":-0.17,"pz":10.12,"vy":-0.98,"px":552434.84,"py":4182677.32},{"vx":-0.47,"ay":-0.52,"az":9.81,"ax":-0.07,"pz":10.12,"vy":-0.47,"px":552438.02,"py":4182676.69}],"traffic_light":[0,0,0,0,0,0],"state_arr":[{"acceleration":0.42,"throttle":17.32,"steering_target":57.52,"brake":0,"steering_rate":100,"speed":2.24},{"acceleration":-1.36,"throttle":0,"steering_target":48.38,"brake":24.56,"steering_rate":100,"speed":2.43},{"acceleration":-0.01,"throttle":0,"steering_target":65.21,"brake":14.5,"steering_rate":100,"speed":2.79},{"acceleration":0.49,"throttle":18.73,"steering_target":34.1,"brake":0,"steering_rate":100,"speed":3.38},{"acceleration":0.68,"throttle":26.61,"steering_target":8.71,"brake":0,"steering_rate":100,"speed":3.63},{"acceleration":0.42,"throttle":15.7,"steering_target":14.69,"brake":0,"steering_rate":100,"speed":4.63},{"acceleration":0.84,"throttle":24.83,"steering_target":11.23,"brake":0,"steering_rate":100,"speed":4.87}],"obstacle_arr":[[],[],[],[],[],[]],"action_description":"NPC vehicle (BoxTruck) driving on the current lane","ev_state":[-433.181427001953,10.124454498291,190.377319335938,0,0,1,12,-1,359.970092773438,95.0866622924805,359.806701660156,4.995954073078347],"collision_probability":0}
 timestamp= 1619798949000 [RUN] Validate G1 Guard Condition: 
The ego vehicle E Detection.Collision == True.
 timestamp= 1619798949000 [RES] Global Validate result: 
false
 timestamp= 1619798949000 [RUN] Validate G2 Guard Condition: 
The ego vehicle E Detection.OffRoad == True.
 timestamp= 1619798949000 [RES] Global Validate result: 
false
 timestamp= 1619798949000 [RUN] Validate G3 Guard Condition: 
The ego vehicle E Detection.HardBrake == True.
 timestamp= 1619798949000 [RES] Global Validate result: 
false
 timestamp= 1619798949000 [RUN] Validate G4 Guard Condition: 
The ego vehicle E Detection.ArrivalTest == True.
 timestamp= 1619798949000 [RES] Global Validate result: 
false
 timestamp= 1619798949000 [RUN] Validate step: 
The test system VALIDATES THAT the Apollo A Status.GetControl is nearly equal to {"acceleration": 0.84, "throttle": 24.83, "steering_target": 11.23, "brake": 0.0, "steering_rate": 100.0, "speed": 4.87}
 timestamp= 1619798949000 [RES] Validate result: 
true
 timestamp= 1619798949000 [RUN] Generate steps
 timestamp= 1619798949000 [RUN] Validate step: 
The test system VALIDATES THAT the simulator S Status.GetEnvironment is nearly equal to {"x": -433.18, "y": 10.12, "z": 190.38, "rain": 0.0, "fog": 0.0, "wetness": 1.0, "timeofday": 12.0, "signal": -1.0, "rx": 359.97, "ry": 95.09, "rz": 359.81, "speed": 5.0}
 timestamp= 1619798949000 [RES] Validate result: 
true
 timestamp= 1619798949000 [RUN] Execute API step: 
The environment controller C INVOKES API Control.Agents.NPCVehicle.NPCVehicleSwitchLane(which_lane=Current_Lane&which_car=Jeep).
 timestamp= 1619798953000 [RES] API result: 
{"pose_arr":[{"vx":-0.3,"ay":-4.97,"az":9.74,"ax":-0.56,"pz":10.12,"vy":-0.3,"px":552439.89,"py":4182676.48},{"vx":-0.2,"ay":-0.25,"az":9.83,"ax":-0.01,"pz":10.12,"vy":-0.2,"px":552444.27,"py":4182676.24},{"vx":0.76,"ay":1.56,"az":9.82,"ax":-0.18,"pz":10.13,"vy":0.76,"px":552448.47,"py":4182676.25},{"vx":0.44,"ay":-0.73,"az":9.79,"ax":0.02,"pz":10.12,"vy":0.44,"px":552451.34,"py":4182676.5},{"vx":0.3,"ay":1.03,"az":9.81,"ax":-0.55,"pz":10.13,"vy":0.3,"px":552453.8,"py":4182676.69},{"vx":0.02,"ay":3.09,"az":9.82,"ax":0.22,"pz":10.13,"vy":0.02,"px":552457.57,"py":4182676.85},{"vx":0.01,"ay":3.74,"az":9.81,"ax":-0.03,"pz":10.13,"vy":0.01,"px":552459,"py":4182676.87}],"traffic_light":[3,3,3,3,3,3],"state_arr":[{"acceleration":0.8,"throttle":23.79,"steering_target":4.62,"brake":0,"steering_rate":100,"speed":5.64},{"acceleration":-0.59,"throttle":0,"steering_target":7.99,"brake":17.38,"steering_rate":100,"speed":6.47},{"acceleration":-2.14,"throttle":0,"steering_target":9.3,"brake":32.25,"steering_rate":100,"speed":5.95},{"acceleration":0.04,"throttle":15.7,"steering_target":1.57,"brake":0,"steering_rate":100,"speed":5.72},{"acceleration":-1.65,"throttle":0,"steering_target":-6.83,"brake":27.68,"steering_rate":100,"speed":5.16},{"acceleration":-3.44,"throttle":0,"steering_target":-3.29,"brake":43.42,"steering_rate":100,"speed":4.1},{"acceleration":-3.52,"throttle":0,"steering_target":-0.91,"brake":47.12,"steering_rate":100,"speed":2.18}],"obstacle_arr":[[],[{"acceleration":{"y":0,"x":0,"z":0},"position":{"y":4182674.36,"x":552459.51,"z":10.14},"volume":7.89,"type":"VEHICLE","velocity":{"y":0,"x":0,"z":0}}],[{"acceleration":{"y":-0.17,"x":0.12,"z":0},"position":{"y":4182673.76,"x":552460.81,"z":10.24},"volume":9.26,"type":"VEHICLE","velocity":{"y":0.06,"x":1.53,"z":0}}],[{"acceleration":{"y":0.17,"x":-0.29,"z":0},"position":{"y":4182674.63,"x":552463.12,"z":10.12},"volume":8.7,"type":"VEHICLE","velocity":{"y":0.11,"x":1.36,"z":0}}],[{"acceleration":{"y":0.15,"x":0.5,"z":0},"position":{"y":4182674.88,"x":552464.56,"z":10.12},"volume":8.44,"type":"VEHICLE","velocity":{"y":0.16,"x":1.47,"z":0}}],[{"acceleration":{"y":0.14,"x":1.22,"z":0},"position":{"y":4182675.6,"x":552470.8,"z":10.52},"volume":6.49,"type":"VEHICLE","velocity":{"y":0.32,"x":2.3,"z":0}}],[{"acceleration":{"y":0.13,"x":1.61,"z":0},"position":{"y":4182675.9,"x":552473.96,"z":10.43},"volume":6.67,"type":"VEHICLE","velocity":{"y":0.42,"x":3.4,"z":0}}]],"action_description":"NPC vehicle (Jeep) switching lane (current to right)","ev_state":[-413.572082519531,10.1248931884766,190.866607666016,0,0,1,12,-1,0.208219558000565,89.4169311523438,-0.000935922143980861,0.9170329922782355],"collision_probability":0}
 timestamp= 1619798953000 [RUN] Validate G1 Guard Condition: 
The ego vehicle E Detection.Collision == True.
 timestamp= 1619798953000 [RES] Global Validate result: 
false
 timestamp= 1619798953000 [RUN] Validate G2 Guard Condition: 
The ego vehicle E Detection.OffRoad == True.
 timestamp= 1619798953000 [RES] Global Validate result: 
false
 timestamp= 1619798953000 [RUN] Validate G3 Guard Condition: 
The ego vehicle E Detection.HardBrake == True.
 timestamp= 1619798953000 [RES] Global Validate result: 
true
 timestamp= 1619798953000 [RUN] HardBrake == True
 timestamp= 1619798953000 [RUN] RESUME STEP @preStep
 timestamp= 1619798953000 [RUN] Resume step basicflow10
 timestamp= 1619798953000 [RUN] Validate G4 Guard Condition: 
The ego vehicle E Detection.ArrivalTest == True.
 timestamp= 1619798953000 [RES] Global Validate result: 
false
 timestamp= 1619798953000 [RUN] Validate step: 
The test system VALIDATES THAT the Apollo A Status.GetControl is nearly equal to {"acceleration": -3.52, "throttle": 0.0, "steering_target": -0.91, "brake": 47.12, "steering_rate": 100.0, "speed": 2.18}
 timestamp= 1619798953000 [RES] Validate result: 
true
 timestamp= 1619798953000 [RUN] Generate steps
 timestamp= 1619798953000 [RUN] Validate step: 
The test system VALIDATES THAT the simulator S Status.GetEnvironment is nearly equal to {"x": -413.57, "y": 10.12, "z": 190.87, "rain": 0.0, "fog": 0.0, "wetness": 1.0, "timeofday": 12.0, "signal": -1.0, "rx": 0.21, "ry": 89.42, "rz": -0.0, "speed": 0.92}
 timestamp= 1619798953000 [RES] Validate result: 
true
 timestamp= 1619798953000 [RUN] Execute API step: 
The environment controller C INVOKES API Control.Agents.NPCVehicle.NPCVehicleSwitchLane(which_lane=Left_Lane&which_car=Sedan).
 timestamp= 1619798956000 [RES] API result: 
{"pose_arr":[{"vx":0,"ay":0,"az":9.8,"ax":0,"pz":10.13,"vy":0,"px":552459.16,"py":4182676.87},{"vx":0,"ay":-3.66,"az":9.8,"ax":0,"pz":10.12,"vy":0,"px":552459.34,"py":4182676.88},{"vx":0.02,"ay":-0.29,"az":9.81,"ax":0,"pz":10.12,"vy":0.02,"px":552461.08,"py":4182676.89},{"vx":0.03,"ay":-0.78,"az":9.82,"ax":0.01,"pz":10.12,"vy":0.03,"px":552462.88,"py":4182676.9},{"vx":0.02,"ay":0.06,"az":9.82,"ax":-0.47,"pz":10.12,"vy":0.02,"px":552464.62,"py":4182676.92},{"vx":0,"ay":-0.27,"az":9.83,"ax":0,"pz":10.12,"vy":0,"px":552467.28,"py":4182676.92}],"traffic_light":[3,3,3,3,3,3],"state_arr":[{"acceleration":-4.09,"throttle":0,"steering_target":-1.83,"brake":51.15,"steering_rate":100,"speed":0.92},{"acceleration":0.71,"throttle":73.83,"steering_target":-2.58,"brake":0,"steering_rate":100,"speed":0},{"acceleration":-0.13,"throttle":0,"steering_target":0.12,"brake":14.5,"steering_rate":100,"speed":2.04},{"acceleration":0.36,"throttle":16.2,"steering_target":0.51,"brake":0,"steering_rate":100,"speed":2.38},{"acceleration":0.65,"throttle":21.88,"steering_target":-0.12,"brake":0,"steering_rate":100,"speed":3},{"acceleration":-0.6,"throttle":0,"steering_target":-2.53,"brake":15.03,"steering_rate":100,"speed":3.39},{"acceleration":0.97,"throttle":21.4,"steering_target":-0.32,"brake":0,"steering_rate":100,"speed":4.02},{"acceleration":0.47,"throttle":15.7,"steering_target":-1.4,"brake":0,"steering_rate":100,"speed":4.3}],"obstacle_arr":[[{"acceleration":{"y":0.11,"x":1.65,"z":0},"position":{"y":4182676.31,"x":552476.62,"z":10.76},"volume":4.61,"type":"VEHICLE","velocity":{"y":0.5,"x":4.56,"z":0}}],[{"acceleration":{"y":0.16,"x":1.46,"z":0},"position":{"y":4182676.76,"x":552479.4,"z":10.39},"volume":5.25,"type":"VEHICLE","velocity":{"y":0.58,"x":5.41,"z":0}}],[],[{"acceleration":{"y":0,"x":0.03,"z":0},"position":{"y":4182677.47,"x":552486.85,"z":10.42},"volume":0.77,"type":"VEHICLE","velocity":{"y":0.12,"x":3.95,"z":0}}],[],[{"acceleration":{"y":0,"x":0,"z":0},"position":{"y":4182678.37,"x":552491.9,"z":10.79},"volume":0.27,"type":"VEHICLE","velocity":{"y":0,"x":0,"z":0}}]],"action_description":"NPC vehicle (Sedan) switching lane (left to right)","ev_state":[-403.925994873047,10.1245212554932,190.902038574219,0,0,1,12,-1,359.962341308594,90.1076431274414,0.0126925986260176,4.301302219024751],"collision_probability":0}
 timestamp= 1619798956000 [RUN] Validate G1 Guard Condition: 
The ego vehicle E Detection.Collision == True.
 timestamp= 1619798956000 [RES] Global Validate result: 
false
 timestamp= 1619798956000 [RUN] Validate G2 Guard Condition: 
The ego vehicle E Detection.OffRoad == True.
 timestamp= 1619798956000 [RES] Global Validate result: 
false
 timestamp= 1619798956000 [RUN] Validate G3 Guard Condition: 
The ego vehicle E Detection.HardBrake == True.
 timestamp= 1619798956000 [RES] Global Validate result: 
false
 timestamp= 1619798956000 [RUN] Validate G4 Guard Condition: 
The ego vehicle E Detection.ArrivalTest == True.
 timestamp= 1619798956000 [RES] Global Validate result: 
false
 timestamp= 1619798956000 [RUN] Validate step: 
The test system VALIDATES THAT the Apollo A Status.GetControl is nearly equal to {"acceleration": 0.47, "throttle": 15.7, "steering_target": -1.4, "brake": 0.0, "steering_rate": 100.0, "speed": 4.3}
 timestamp= 1619798956000 [RES] Validate result: 
true
 timestamp= 1619798956000 [RUN] Generate steps
 timestamp= 1619798956000 [RUN] Validate step: 
The test system VALIDATES THAT the simulator S Status.GetEnvironment is nearly equal to {"x": -403.93, "y": 10.12, "z": 190.9, "rain": 0.0, "fog": 0.0, "wetness": 1.0, "timeofday": 12.0, "signal": -1.0, "rx": 359.96, "ry": 90.11, "rz": 0.01, "speed": 4.3}
 timestamp= 1619798956000 [RES] Validate result: 
true
 timestamp= 1619798956000 [RUN] Execute API step: 
The environment controller C INVOKES API Control.Weather.Wetness(wetness_level=Light).
 timestamp= 1619798960000 [RES] API result: 
{"pose_arr":[{"vx":-0.03,"ay":-0.72,"az":9.81,"ax":0.02,"pz":10.12,"vy":-0.03,"px":552469.19,"py":4182676.92},{"vx":-0.01,"ay":-2.82,"az":9.8,"ax":-0.01,"pz":10.12,"vy":-0.01,"px":552472.12,"py":4182676.91},{"vx":-0.06,"ay":0.58,"az":9.87,"ax":0,"pz":10.12,"vy":-0.06,"px":552475.86,"py":4182676.9},{"vx":-0.06,"ay":0.57,"az":9.82,"ax":0.01,"pz":10.12,"vy":-0.06,"px":552479.94,"py":4182676.86},{"vx":-0.05,"ay":0.57,"az":9.81,"ax":-0.03,"pz":10.13,"vy":-0.05,"px":552482.73,"py":4182676.83},{"vx":-0.08,"ay":-0.25,"az":9.8,"ax":-0.02,"pz":10.12,"vy":-0.08,"px":552485.63,"py":4182676.81},{"vx":-0.06,"ay":-0.25,"az":9.82,"ax":0,"pz":10.12,"vy":-0.06,"px":552490.61,"py":4182676.75}],"traffic_light":[3,3,3,3,3,3],"state_arr":[{"acceleration":0.56,"throttle":19.16,"steering_target":0.89,"brake":0,"steering_rate":100,"speed":4.92},{"acceleration":-0.2,"throttle":0,"steering_target":-0.78,"brake":14.5,"steering_rate":100,"speed":6.38},{"acceleration":-0.32,"throttle":0,"steering_target":-0.57,"brake":14.5,"steering_rate":100,"speed":6.42},{"acceleration":-0.24,"throttle":0,"steering_target":0.36,"brake":14.5,"steering_rate":100,"speed":6.3},{"acceleration":0.35,"throttle":15.73,"steering_target":-0.54,"brake":0,"steering_rate":100,"speed":6.01},{"acceleration":1.15,"throttle":15.7,"steering_target":-0.06,"brake":0,"steering_rate":100,"speed":6.12},{"acceleration":1.12,"throttle":15.7,"steering_target":0.59,"brake":0,"steering_rate":100,"speed":6.34}],"obstacle_arr":[[{"acceleration":{"y":0,"x":0,"z":0},"position":{"y":4182672.96,"x":552484.5,"z":10.11},"volume":8.23,"type":"VEHICLE","velocity":{"y":0,"x":0,"z":0}}],[{"acceleration":{"y":-1.74,"x":0.33,"z":0},"position":{"y":4182666.69,"x":552483.77,"z":10.32},"volume":10.57,"type":"VEHICLE","velocity":{"y":-2.01,"x":0.36,"z":0}},{"acceleration":{"y":0,"x":0,"z":0},"position":{"y":4182678.95,"x":552497.1,"z":10.79},"volume":0.32,"type":"VEHICLE","velocity":{"y":0,"x":0,"z":0}}],[{"acceleration":{"y":-2.39,"x":-0.28,"z":0},"position":{"y":4182661.75,"x":552483.71,"z":10.33},"volume":12.18,"type":"VEHICLE","velocity":{"y":-3.29,"x":0.36,"z":0}},{"acceleration":{"y":0,"x":0.01,"z":0},"position":{"y":4182679.27,"x":552499.85,"z":10.43},"volume":4.54,"type":"VEHICLE","velocity":{"y":0,"x":0,"z":0}}],[{"acceleration":{"y":-2.71,"x":-0.43,"z":0},"position":{"y":4182657.13,"x":552483.51,"z":10.35},"volume":4.65,"type":"VEHICLE","velocity":{"y":-4.89,"x":0.15,"z":0}},{"acceleration":{"y":0,"x":0,"z":0},"position":{"y":4182679.14,"x":552500.43,"z":10.49},"volume":1.57,"type":"VEHICLE","velocity":{"y":0,"x":0,"z":0}}],[{"acceleration":{"y":-1.87,"x":-0.29,"z":0},"position":{"y":4182656.98,"x":552483.74,"z":10.33},"volume":2.67,"type":"VEHICLE","velocity":{"y":-6.82,"x":-0.14,"z":0}},{"acceleration":{"y":-0.08,"x":1.21,"z":0},"position":{"y":4182679.23,"x":552506.33,"z":10.41},"volume":5.39,"type":"VEHICLE","velocity":{"y":-0.07,"x":1.18,"z":0}}],[{"acceleration":{"y":-0.41,"x":-0.1,"z":0},"position":{"y":4182656.49,"x":552483.98,"z":10.34},"volume":4.73,"type":"VEHICLE","velocity":{"y":-1.87,"x":-0.02,"z":0}},{"acceleration":{"y":0.08,"x":2.08,"z":0},"position":{"y":4182679.14,"x":552509.49,"z":10.68},"volume":3.35,"type":"VEHICLE","velocity":{"y":0.01,"x":2.38,"z":0}}],[{"acceleration":{"y":1.45,"x":-0.03,"z":0},"position":{"y":4182656.26,"x":552483.12,"z":10.62},"volume":4.32,"type":"VEHICLE","velocity":{"y":0,"x":0,"z":0}},{"acceleration":{"y":0.17,"x":2.18,"z":0},"position":{"y":4182679.23,"x":552511.67,"z":10.71},"volume":3.46,"type":"VEHICLE","velocity":{"y":0.16,"x":3.53,"z":0}}]],"action_description":"Light wetness","ev_state":[-379.936706542969,10.1241874694824,190.693649291992,0,0,0.200000002980232,12,-1,359.969268798828,90.4598159790039,359.987152099609,6.5442542840087095],"collision_probability":0}
 timestamp= 1619798960000 [RUN] Validate G1 Guard Condition: 
The ego vehicle E Detection.Collision == True.
 timestamp= 1619798960000 [RES] Global Validate result: 
false
 timestamp= 1619798960000 [RUN] Validate G2 Guard Condition: 
The ego vehicle E Detection.OffRoad == True.
 timestamp= 1619798960000 [RES] Global Validate result: 
false
 timestamp= 1619798960000 [RUN] Validate G3 Guard Condition: 
The ego vehicle E Detection.HardBrake == True.
 timestamp= 1619798960000 [RES] Global Validate result: 
false
 timestamp= 1619798960000 [RUN] Validate G4 Guard Condition: 
The ego vehicle E Detection.ArrivalTest == True.
 timestamp= 1619798960000 [RES] Global Validate result: 
false
 timestamp= 1619798960000 [RUN] Validate step: 
The test system VALIDATES THAT the Apollo A Status.GetControl is nearly equal to {"acceleration": 1.12, "throttle": 15.7, "steering_target": 0.59, "brake": 0.0, "steering_rate": 100.0, "speed": 6.34}
 timestamp= 1619798960000 [RES] Validate result: 
true
 timestamp= 1619798960000 [RUN] Generate steps
 timestamp= 1619798960000 [RUN] Validate step: 
The test system VALIDATES THAT the simulator S Status.GetEnvironment is nearly equal to {"x": -379.94, "y": 10.12, "z": 190.69, "rain": 0.0, "fog": 0.0, "wetness": 0.2, "timeofday": 12.0, "signal": -1.0, "rx": 359.97, "ry": 90.46, "rz": 359.99, "speed": 6.54}
 timestamp= 1619798960000 [RES] Validate result: 
true
 timestamp= 1619798960000 [RUN] Execute API step: 
The environment controller C INVOKES API Control.Agents.NPCVehicle.NPCVehicleSwitchLane(which_lane=Right_Lane&which_car=SUV).
 timestamp= 1619798964000 [RES] API result: 
{"pose_arr":[{"vx":-0.05,"ay":-1.44,"az":9.8,"ax":-0.11,"pz":10.12,"vy":-0.05,"px":552493.13,"py":4182676.72},{"vx":-0.08,"ay":-2.1,"az":9.8,"ax":-0.05,"pz":10.12,"vy":-0.08,"px":552495.94,"py":4182676.7},{"vx":-0.07,"ay":-0.79,"az":9.81,"ax":-0.01,"pz":10.12,"vy":-0.07,"px":552501.54,"py":4182676.64},{"vx":-0.06,"ay":-0.54,"az":9.81,"ax":0,"pz":10.12,"vy":-0.06,"px":552506.71,"py":4182676.6},{"vx":-0.06,"ay":-0.01,"az":9.81,"ax":0.02,"pz":10.12,"vy":-0.06,"px":552511.44,"py":4182676.57},{"vx":-0.04,"ay":0.61,"az":9.81,"ax":-0.01,"pz":10.12,"vy":-0.04,"px":552516.19,"py":4182676.54},{"vx":-0.04,"ay":0.61,"az":9.81,"ax":0.01,"pz":10.12,"vy":-0.04,"px":552519.83,"py":4182676.52}],"traffic_light":[2,2,2,2,2,1],"state_arr":[{"acceleration":1.54,"throttle":33.2,"steering_target":-0.29,"brake":0,"steering_rate":100,"speed":6.54},{"acceleration":0.85,"throttle":19.21,"steering_target":0.05,"brake":0,"steering_rate":100,"speed":7.56},{"acceleration":0.81,"throttle":17.42,"steering_target":0.36,"brake":0,"steering_rate":100,"speed":7.89},{"acceleration":0.65,"throttle":21.86,"steering_target":-0.13,"brake":0,"steering_rate":100,"speed":8.12},{"acceleration":0.12,"throttle":15.7,"steering_target":0.17,"brake":0,"steering_rate":100,"speed":8.34},{"acceleration":-0.22,"throttle":0,"steering_target":0.11,"brake":14.5,"steering_rate":100,"speed":8.29},{"acceleration":-0.28,"throttle":0,"steering_target":-0.13,"brake":14.5,"steering_rate":100,"speed":7.98},{"acceleration":0.36,"throttle":17.05,"steering_target":0.31,"brake":0,"steering_rate":100,"speed":7.57}],"obstacle_arr":[[{"acceleration":{"y":0.53,"x":-0.01,"z":0},"position":{"y":4182655.96,"x":552483.77,"z":10.44},"volume":6.55,"type":"VEHICLE","velocity":{"y":0,"x":0,"z":0}},{"acceleration":{"y":0.09,"x":2.78,"z":0},"position":{"y":4182679.25,"x":552514.19,"z":10.72},"volume":3.03,"type":"VEHICLE","velocity":{"y":0.2,"x":4.23,"z":0}}],[{"acceleration":{"y":0.03,"x":0,"z":0},"position":{"y":4182656.28,"x":552483.7,"z":10.37},"volume":4.58,"type":"VEHICLE","velocity":{"y":0,"x":0,"z":0}},{"acceleration":{"y":-0.02,"x":3.24,"z":0},"position":{"y":4182679.23,"x":552516.52,"z":10.38},"volume":1.26,"type":"VEHICLE","velocity":{"y":0.2,"x":6.61,"z":0}}],[{"acceleration":{"y":-0.14,"x":2.34,"z":0},"position":{"y":4182679.14,"x":552520.67,"z":10.45},"volume":7.12,"type":"VEHICLE","velocity":{"y":0.13,"x":8.64,"z":0}}],[{"acceleration":{"y":-0.03,"x":1.59,"z":0},"position":{"y":4182679.24,"x":552524.15,"z":10.63},"volume":4.66,"type":"VEHICLE","velocity":{"y":0.08,"x":9.71,"z":0}},{"acceleration":{"y":0,"x":0,"z":0},"position":{"y":4182668.91,"x":552515.98,"z":10.33},"volume":10.74,"type":"VEHICLE","velocity":{"y":0,"x":0,"z":0}}],[{"acceleration":{"y":-0.08,"x":0.9,"z":0},"position":{"y":4182679.16,"x":552525.96,"z":10.41},"volume":5.76,"type":"VEHICLE","velocity":{"y":0.05,"x":10.29,"z":0}},{"acceleration":{"y":0,"x":0,"z":0},"position":{"y":4182669.19,"x":552517.29,"z":10.34},"volume":13.1,"type":"VEHICLE","velocity":{"y":0,"x":0,"z":0}}],[{"acceleration":{"y":-0.03,"x":0.24,"z":0},"position":{"y":4182679.29,"x":552528.07,"z":10.57},"volume":5.45,"type":"VEHICLE","velocity":{"y":0.02,"x":10.48,"z":0}},{"acceleration":{"y":0,"x":0,"z":0},"position":{"y":4182669.19,"x":552519.63,"z":10.33},"volume":18.26,"type":"VEHICLE","velocity":{"y":0,"x":0,"z":0}}],[{"acceleration":{"y":-0.03,"x":-0.15,"z":0},"position":{"y":4182679.24,"x":552533.87,"z":10.53},"volume":6.37,"type":"VEHICLE","velocity":{"y":0,"x":10.1,"z":0}},{"acceleration":{"y":0,"x":0,"z":0},"position":{"y":4182669.4,"x":552522.78,"z":10.33},"volume":13.56,"type":"VEHICLE","velocity":{"y":0.46,"x":4.05,"z":0}}]],"action_description":"NPC vehicle (SUV) switching lane (right to left)","ev_state":[-348.379455566406,10.1239881515503,190.473571777344,0,0,0.200000002980232,12,-1,0.0272822696715593,90.2167587280273,359.992309570313,7.510231759266567],"collision_probability":0}
 timestamp= 1619798964000 [RUN] Validate G1 Guard Condition: 
The ego vehicle E Detection.Collision == True.
 timestamp= 1619798964000 [RES] Global Validate result: 
false
 timestamp= 1619798964000 [RUN] Validate G2 Guard Condition: 
The ego vehicle E Detection.OffRoad == True.
 timestamp= 1619798964000 [RES] Global Validate result: 
false
 timestamp= 1619798964000 [RUN] Validate G3 Guard Condition: 
The ego vehicle E Detection.HardBrake == True.
 timestamp= 1619798964000 [RES] Global Validate result: 
false
 timestamp= 1619798964000 [RUN] Validate G4 Guard Condition: 
The ego vehicle E Detection.ArrivalTest == True.
 timestamp= 1619798964000 [RES] Global Validate result: 
false
 timestamp= 1619798964000 [RUN] Validate step: 
The test system VALIDATES THAT the Apollo A Status.GetControl is nearly equal to {"acceleration": 0.36, "throttle": 17.05, "steering_target": 0.31, "brake": 0.0, "steering_rate": 100.0, "speed": 7.57}
 timestamp= 1619798964000 [RES] Validate result: 
true
 timestamp= 1619798964000 [RUN] Generate steps
 timestamp= 1619798964000 [RUN] Validate step: 
The test system VALIDATES THAT the simulator S Status.GetEnvironment is nearly equal to {"x": -348.38, "y": 10.12, "z": 190.47, "rain": 0.0, "fog": 0.0, "wetness": 0.2, "timeofday": 12.0, "signal": -1.0, "rx": 0.03, "ry": 90.22, "rz": 359.99, "speed": 7.51}
 timestamp= 1619798964000 [RES] Validate result: 
true
 timestamp= 1619798964000 [RUN] Execute API step: 
The environment controller C INVOKES API Control.Agents.NPCVehicle.NPCVehicleMaintainLane(which_lane=Current_Lane&which_car=Jeep).
 timestamp= 1619798968000 [RES] API result: 
{"pose_arr":[{"vx":-0.03,"ay":-0.21,"az":9.8,"ax":0,"pz":10.12,"vy":-0.03,"px":552523.81,"py":4182676.5},{"vx":-0.02,"ay":-0.45,"az":9.81,"ax":-0.04,"pz":10.12,"vy":-0.02,"px":552527.62,"py":4182676.49},{"vx":-0.03,"ay":1.35,"az":8.85,"ax":0.27,"pz":10.09,"vy":-0.03,"px":552532.98,"py":4182676.47},{"vx":0,"ay":0.05,"az":9.85,"ax":0,"pz":10.11,"vy":0,"px":552533.45,"py":4182676.47},{"vx":0,"ay":0,"az":9.81,"ax":0,"pz":10.12,"vy":0,"px":552533.46,"py":4182676.47},{"vx":0,"ay":-0.26,"az":9.79,"ax":0,"pz":10.12,"vy":0,"px":552533.48,"py":4182676.47},{"vx":0,"ay":-0.04,"az":9.81,"ax":0,"pz":10.12,"vy":0,"px":552533.48,"py":4182676.47},{"vx":0,"ay":-0.01,"az":9.81,"ax":0,"pz":10.12,"vy":0,"px":552533.48,"py":4182676.47}],"traffic_light":[1,1,0,3,3,3],"state_arr":[{"acceleration":0.53,"throttle":15.7,"steering_target":0.08,"brake":0,"steering_rate":100,"speed":7.51},{"acceleration":1.04,"throttle":26.84,"steering_target":-0.16,"brake":0,"steering_rate":100,"speed":7.64},{"acceleration":-1.63,"throttle":0,"steering_target":0.12,"brake":25.75,"steering_rate":100,"speed":8.24},{"acceleration":-2.32,"throttle":0,"steering_target":0.1,"brake":34.32,"steering_rate":100,"speed":0.31},{"acceleration":0.23,"throttle":21.1,"steering_target":-0.92,"brake":0,"steering_rate":100,"speed":0.01},{"acceleration":0.28,"throttle":38.07,"steering_target":-0.79,"brake":0,"steering_rate":100,"speed":0.01},{"acceleration":0.3,"throttle":35.48,"steering_target":-0.79,"brake":0,"steering_rate":100,"speed":0},{"acceleration":0.3,"throttle":35.5,"steering_target":-0.79,"brake":0,"steering_rate":100,"speed":0}],"obstacle_arr":[[{"acceleration":{"y":-0.01,"x":-0.04,"z":0},"position":{"y":4182679.32,"x":552536.93,"z":10.4},"volume":7.57,"type":"VEHICLE","velocity":{"y":-0.02,"x":9.75,"z":0}},{"acceleration":{"y":-0.01,"x":0,"z":0},"position":{"y":4182669.55,"x":552524.76,"z":10.34},"volume":12.88,"type":"VEHICLE","velocity":{"y":0.06,"x":2.7,"z":0}}],[{"acceleration":{"y":-0.02,"x":0.24,"z":0},"position":{"y":4182679.28,"x":552539.58,"z":10.39},"volume":8.75,"type":"VEHICLE","velocity":{"y":-0.03,"x":9.52,"z":0}},{"acceleration":{"y":0,"x":0.01,"z":0},"position":{"y":4182676.2,"x":552533.14,"z":10.38},"volume":1.96,"type":"VEHICLE","velocity":{"y":-0.03,"x":1.38,"z":0}}],[{"acceleration":{"y":0.01,"x":0.5,"z":0},"position":{"y":4182679.36,"x":552544.38,"z":9.94},"volume":10.01,"type":"VEHICLE","velocity":{"y":-0.03,"x":9.55,"z":0}},{"acceleration":{"y":0,"x":0,"z":0},"position":{"y":4182676.19,"x":552537.67,"z":10.67},"volume":4.35,"type":"VEHICLE","velocity":{"y":-0.03,"x":1.39,"z":0}}],[{"acceleration":{"y":0.02,"x":0.6,"z":0},"position":{"y":4182679.33,"x":552547.61,"z":10.29},"volume":9.21,"type":"VEHICLE","velocity":{"y":-0.01,"x":9.81,"z":0}},{"acceleration":{"y":0,"x":0,"z":0},"position":{"y":4182676.19,"x":552537.85,"z":10.75},"volume":3.04,"type":"VEHICLE","velocity":{"y":-0.03,"x":1.42,"z":0}},{"acceleration":{"y":0.21,"x":2,"z":0},"position":{"y":4182669.62,"x":552530.78,"z":10.36},"volume":14.48,"type":"VEHICLE","velocity":{"y":0.29,"x":3.24,"z":0}}],[{"acceleration":{"y":0.01,"x":0.48,"z":0},"position":{"y":4182679.2,"x":552549.92,"z":10.37},"volume":5.24,"type":"VEHICLE","velocity":{"y":0.01,"x":9.96,"z":0}},{"acceleration":{"y":0,"x":-0.03,"z":0},"position":{"y":4182676.2,"x":552538.09,"z":10.67},"volume":4.14,"type":"VEHICLE","velocity":{"y":-0.1,"x":1.43,"z":0}},{"acceleration":{"y":0.25,"x":1.06,"z":0},"position":{"y":4182669.84,"x":552531.91,"z":10.34},"volume":15.34,"type":"VEHICLE","velocity":{"y":0.39,"x":3.61,"z":0}}],[{"acceleration":{"y":-0.01,"x":0.44,"z":0},"position":{"y":4182679.3,"x":552552.84,"z":10.56},"volume":3.91,"type":"VEHICLE","velocity":{"y":0,"x":10.06,"z":0}},{"acceleration":{"y":0.13,"x":-2.29,"z":0},"position":{"y":4182676.21,"x":552537.79,"z":10.73},"volume":2.79,"type":"VEHICLE","velocity":{"y":0,"x":0,"z":0}}],[{"acceleration":{"y":0,"x":0.27,"z":0},"position":{"y":4182679.38,"x":552554.69,"z":10.72},"volume":3.32,"type":"VEHICLE","velocity":{"y":0,"x":10,"z":0}},{"acceleration":{"y":0.01,"x":-0.19,"z":0},"position":{"y":4182676.21,"x":552538.2,"z":10.59},"volume":4.86,"type":"VEHICLE","velocity":{"y":0,"x":0,"z":0}},{"acceleration":{"y":0,"x":0,"z":0},"position":{"y":4182671.44,"x":552545.47,"z":10.31},"volume":0.52,"type":"PEDESTRIAN","velocity":{"y":0,"x":0,"z":0}}]],"action_description":"NPC vehicle (Jeep) driving on the current lane","ev_state":[-339.153686523438,10.1251573562622,190.438507080078,0,0,0.200000002980232,12,-1,359.797424316406,90.3778228759766,0.0273723527789116,0.002407661261005158],"collision_probability":1}
 timestamp= 1619798968000 [RUN] Validate G1 Guard Condition: 
The ego vehicle E Detection.Collision == True.
 timestamp= 1619798968000 [RES] Global Validate result: 
true
 timestamp= 1619798968000 [RUN] Collision == True
 timestamp= 1619798968000 [RUN] Validate G2 Guard Condition: 
The ego vehicle E Detection.OffRoad == True.
 timestamp= 1619798968000 [RES] Global Validate result: 
false
 timestamp= 1619798968000 [RUN] Validate G3 Guard Condition: 
The ego vehicle E Detection.HardBrake == True.
 timestamp= 1619798968000 [RES] Global Validate result: 
true
 timestamp= 1619798968000 [RUN] HardBrake == True
 timestamp= 1619798968000 [RUN] RESUME STEP @preStep
 timestamp= 1619798968000 [RUN] Resume step basicflow22
 timestamp= 1619798968000 [RUN] Validate G4 Guard Condition: 
The ego vehicle E Detection.ArrivalTest == True.
 timestamp= 1619798968000 [RES] Global Validate result: 
false
 timestamp= 1619798968000 [RUN] Validate step: 
The test system VALIDATES THAT the Apollo A Status.GetControl is nearly equal to {"acceleration": 0.3, "throttle": 35.5, "steering_target": -0.79, "brake": 0.0, "steering_rate": 100.0, "speed": 0.0}
 timestamp= 1619798968000 [RES] Validate result: 
true
 timestamp= 1619798968000 [RUN] Generate steps
 timestamp= 1619798968000 [RUN] Validate step: 
The test system VALIDATES THAT the simulator S Status.GetEnvironment is nearly equal to {"x": -339.15, "y": 10.13, "z": 190.44, "rain": 0.0, "fog": 0.0, "wetness": 0.2, "timeofday": 12.0, "signal": -1.0, "rx": 359.8, "ry": 90.38, "rz": 0.03, "speed": 0.0}
 timestamp= 1619798968000 [RES] Validate result: 
true
 timestamp= 1619798968000 [RUN] Execute API step: 
The environment controller C INVOKES API Control.Agents.NPCVehicle.NPCVehicleSwitchLane(which_lane=Right_Lane&which_car=SchoolBus).
 timestamp= 1619798973000 [RES] API result: 
{"pose_arr":[{"vx":0,"ay":0,"az":9.81,"ax":0,"pz":10.12,"vy":0,"px":552533.48,"py":4182676.47},{"vx":0,"ay":-0.02,"az":9.81,"ax":0,"pz":10.12,"vy":0,"px":552533.48,"py":4182676.47},{"vx":0,"ay":0.02,"az":9.81,"ax":0,"pz":10.12,"vy":0,"px":552533.48,"py":4182676.47},{"vx":0,"ay":-0.01,"az":9.81,"ax":0,"pz":10.12,"vy":0,"px":552533.48,"py":4182676.47},{"vx":0,"ay":0.02,"az":9.81,"ax":0,"pz":10.12,"vy":0,"px":552533.48,"py":4182676.47},{"vx":0,"ay":-0.05,"az":9.81,"ax":0,"pz":10.12,"vy":0,"px":552533.48,"py":4182676.47},{"vx":0,"ay":0.02,"az":9.81,"ax":0,"pz":10.12,"vy":0,"px":552533.48,"py":4182676.47}],"traffic_light":[3,1,3,3,3,3,3],"state_arr":[{"acceleration":0.29,"throttle":35.38,"steering_target":-0.79,"brake":0,"steering_rate":100,"speed":0},{"acceleration":0.29,"throttle":35.39,"steering_target":-0.79,"brake":0,"steering_rate":100,"speed":0},{"acceleration":0.29,"throttle":35.4,"steering_target":-0.79,"brake":0,"steering_rate":100,"speed":0},{"acceleration":0.29,"throttle":35.34,"steering_target":-0.79,"brake":0,"steering_rate":100,"speed":0},{"acceleration":0.29,"throttle":35.31,"steering_target":-0.79,"brake":0,"steering_rate":100,"speed":0},{"acceleration":0.29,"throttle":35.28,"steering_target":-0.79,"brake":0,"steering_rate":100,"speed":0},{"acceleration":0.29,"throttle":35.31,"steering_target":-0.79,"brake":0,"steering_rate":100,"speed":0},{"acceleration":0.29,"throttle":35.26,"steering_target":-0.79,"brake":0,"steering_rate":100,"speed":0},{"acceleration":0.29,"throttle":35.22,"steering_target":-0.79,"brake":0,"steering_rate":100,"speed":0}],"obstacle_arr":[[{"acceleration":{"y":0,"x":-1.66,"z":0},"position":{"y":4182679.22,"x":552556.93,"z":10.49},"volume":0.5,"type":"VEHICLE","velocity":{"y":0.11,"x":2.24,"z":0}},{"acceleration":{"y":0,"x":0,"z":0},"position":{"y":4182676.21,"x":552538.19,"z":10.59},"volume":4.86,"type":"VEHICLE","velocity":{"y":0,"x":0,"z":0}}],[{"acceleration":{"y":-0.05,"x":-2.58,"z":0},"position":{"y":4182679.26,"x":552558.92,"z":10.33},"volume":1.06,"type":"VEHICLE","velocity":{"y":0.02,"x":0.35,"z":0}},{"acceleration":{"y":0,"x":0,"z":0},"position":{"y":4182676.22,"x":552538.19,"z":10.59},"volume":4.87,"type":"VEHICLE","velocity":{"y":0,"x":0,"z":0}},{"acceleration":{"y":0,"x":0,"z":0},"position":{"y":4182669.09,"x":552555.29,"z":10.27},"volume":102.35,"type":"VEHICLE","velocity":{"y":0,"x":0,"z":0}}],[{"acceleration":{"y":-0.03,"x":-0.77,"z":0},"position":{"y":4182679.4,"x":552559.93,"z":10.81},"volume":0.37,"type":"VEHICLE","velocity":{"y":0,"x":0,"z":0}},{"acceleration":{"y":0,"x":0,"z":0},"position":{"y":4182676.21,"x":552538.19,"z":10.59},"volume":4.86,"type":"VEHICLE","velocity":{"y":0,"x":0,"z":0}},{"acceleration":{"y":0,"x":0,"z":0},"position":{"y":4182669.57,"x":552559.01,"z":10.26},"volume":139.45,"type":"VEHICLE","velocity":{"y":0,"x":0,"z":0}}],[{"acceleration":{"y":0,"x":-0.02,"z":0},"position":{"y":4182679.39,"x":552561.98,"z":10.75},"volume":2.77,"type":"VEHICLE","velocity":{"y":0,"x":0,"z":0}},{"acceleration":{"y":0,"x":0,"z":0},"position":{"y":4182676.21,"x":552538.19,"z":10.59},"volume":4.85,"type":"VEHICLE","velocity":{"y":0,"x":0,"z":0}},{"acceleration":{"y":0,"x":0,"z":0},"position":{"y":4182667.69,"x":552556.99,"z":10.26},"volume":44.38,"type":"VEHICLE","velocity":{"y":0,"x":0,"z":0}}],[{"acceleration":{"y":0.05,"x":1.36,"z":0},"position":{"y":4182679.21,"x":552562.72,"z":10.68},"volume":2.33,"type":"VEHICLE","velocity":{"y":0.05,"x":1.02,"z":0}},{"acceleration":{"y":0,"x":0,"z":0},"position":{"y":4182676.21,"x":552538.19,"z":10.59},"volume":4.84,"type":"VEHICLE","velocity":{"y":0,"x":0,"z":0}},{"acceleration":{"y":0,"x":0,"z":0},"position":{"y":4182667.25,"x":552557.91,"z":10.26},"volume":44.97,"type":"VEHICLE","velocity":{"y":0,"x":0,"z":0}}],[{"acceleration":{"y":0.01,"x":-0.08,"z":0},"position":{"y":4182679.25,"x":552563.25,"z":10.68},"volume":2.3,"type":"VEHICLE","velocity":{"y":0.04,"x":0.77,"z":0}},{"acceleration":{"y":0,"x":0,"z":0},"position":{"y":4182676.21,"x":552538.19,"z":10.59},"volume":4.84,"type":"VEHICLE","velocity":{"y":0,"x":0,"z":0}},{"acceleration":{"y":0,"x":0,"z":0},"position":{"y":4182667.19,"x":552558.61,"z":10.27},"volume":41.84,"type":"VEHICLE","velocity":{"y":0,"x":0,"z":0}}],[{"acceleration":{"y":0.03,"x":-0.11,"z":0},"position":{"y":4182679.31,"x":552563.84,"z":10.65},"volume":2.4,"type":"VEHICLE","velocity":{"y":0.07,"x":0.76,"z":0}},{"acceleration":{"y":0,"x":0,"z":0},"position":{"y":4182676.21,"x":552538.19,"z":10.59},"volume":4.84,"type":"VEHICLE","velocity":{"y":0,"x":0,"z":0}},{"acceleration":{"y":0,"x":0,"z":0},"position":{"y":4182667.91,"x":552557.68,"z":10.27},"volume":36.3,"type":"VEHICLE","velocity":{"y":0,"x":0,"z":0}}]],"action_description":"NPC vehicle (SchoolBus) switching lane (right to left)","ev_state":[-339.153533935547,10.1250438690186,190.438674926758,0,0,0.200000002980232,12,-1,359.805877685547,90.3775863647461,-0.00141507771331817,0.0020843082147834627],"collision_probability":0}
 timestamp= 1619798973000 [RUN] Validate G1 Guard Condition: 
The ego vehicle E Detection.Collision == True.
 timestamp= 1619798973000 [RES] Global Validate result: 
false
 timestamp= 1619798973000 [RUN] Validate G2 Guard Condition: 
The ego vehicle E Detection.OffRoad == True.
 timestamp= 1619798973000 [RES] Global Validate result: 
false
 timestamp= 1619798973000 [RUN] Validate G3 Guard Condition: 
The ego vehicle E Detection.HardBrake == True.
 timestamp= 1619798973000 [RES] Global Validate result: 
false
 timestamp= 1619798973000 [RUN] Validate G4 Guard Condition: 
The ego vehicle E Detection.ArrivalTest == True.
 timestamp= 1619798973000 [RES] Global Validate result: 
false
 timestamp= 1619798973000 [RUN] Validate step: 
The test system VALIDATES THAT the Apollo A Status.GetControl is nearly equal to {"acceleration": 0.29, "throttle": 35.22, "steering_target": -0.79, "brake": 0.0, "steering_rate": 100.0, "speed": 0.0}
 timestamp= 1619798973000 [RES] Validate result: 
true
 timestamp= 1619798973000 [RUN] Generate steps
 timestamp= 1619798973000 [RUN] Validate step: 
The test system VALIDATES THAT the simulator S Status.GetEnvironment is nearly equal to {"x": -339.15, "y": 10.13, "z": 190.44, "rain": 0.0, "fog": 0.0, "wetness": 0.2, "timeofday": 12.0, "signal": -1.0, "rx": 359.81, "ry": 90.38, "rz": -0.0, "speed": 0.0}
 timestamp= 1619798973000 [RES] Validate result: 
true
 timestamp= 1619798973000 [RUN] Execute API step: 
The environment controller C INVOKES API Control.Agents.Pedestrians.WalkRandomly(which_lane=Left_Lane).
 timestamp= 1619798977000 [RES] API result: 
{"pose_arr":[{"vx":0,"ay":0,"az":9.81,"ax":0,"pz":10.12,"vy":0,"px":552533.48,"py":4182676.47},{"vx":0,"ay":0,"az":9.81,"ax":0,"pz":10.12,"vy":0,"px":552533.48,"py":4182676.47},{"vx":0,"ay":0,"az":9.81,"ax":0,"pz":10.12,"vy":0,"px":552533.48,"py":4182676.47},{"vx":0,"ay":0.02,"az":9.81,"ax":0,"pz":10.12,"vy":0,"px":552533.48,"py":4182676.47},{"vx":0,"ay":0.03,"az":9.81,"ax":0,"pz":10.12,"vy":0,"px":552533.48,"py":4182676.47},{"vx":0,"ay":0,"az":9.81,"ax":0,"pz":10.12,"vy":0,"px":552533.48,"py":4182676.47},{"vx":0,"ay":-0.01,"az":9.81,"ax":0,"pz":10.12,"vy":0,"px":552533.48,"py":4182676.47},{"vx":0,"ay":-0.03,"az":9.81,"ax":0,"pz":10.12,"vy":0,"px":552533.48,"py":4182676.47}],"traffic_light":[3,3,1,3,1,3,3],"state_arr":[{"acceleration":0.29,"throttle":35.19,"steering_target":-0.79,"brake":0,"steering_rate":100,"speed":0},{"acceleration":0.29,"throttle":35.15,"steering_target":-0.79,"brake":0,"steering_rate":100,"speed":0},{"acceleration":0.29,"throttle":35.21,"steering_target":-0.79,"brake":0,"steering_rate":100,"speed":0},{"acceleration":0.29,"throttle":35.13,"steering_target":-0.79,"brake":0,"steering_rate":100,"speed":0},{"acceleration":0.29,"throttle":35.1,"steering_target":-0.79,"brake":0,"steering_rate":100,"speed":0},{"acceleration":0.29,"throttle":35.07,"steering_target":-0.79,"brake":0,"steering_rate":100,"speed":0},{"acceleration":0.29,"throttle":35.04,"steering_target":-0.79,"brake":0,"steering_rate":100,"speed":0},{"acceleration":0.29,"throttle":35.02,"steering_target":-0.79,"brake":0,"steering_rate":100,"speed":0}],"obstacle_arr":[[{"acceleration":{"y":-0.15,"x":-0.71,"z":0},"position":{"y":4182679.31,"x":552564.06,"z":10.62},"volume":1.72,"type":"VEHICLE","velocity":{"y":-0.01,"x":0.37,"z":0}},{"acceleration":{"y":0,"x":0,"z":0},"position":{"y":4182676.21,"x":552538.19,"z":10.59},"volume":4.83,"type":"VEHICLE","velocity":{"y":0,"x":0,"z":0}}],[{"acceleration":{"y":0.07,"x":-0.22,"z":0},"position":{"y":4182679.37,"x":552564.06,"z":10.6},"volume":0.91,"type":"VEHICLE","velocity":{"y":0.04,"x":0.3,"z":0}},{"acceleration":{"y":0,"x":0,"z":0},"position":{"y":4182676.21,"x":552538.19,"z":10.59},"volume":4.84,"type":"VEHICLE","velocity":{"y":0,"x":0,"z":0}},{"acceleration":{"y":0,"x":0,"z":0},"position":{"y":4182668.22,"x":552561.78,"z":11.41},"volume":52.97,"type":"VEHICLE","velocity":{"y":0,"x":0,"z":0}},{"acceleration":{"y":0,"x":0,"z":0},"position":{"y":4182671.44,"x":552545.46,"z":10.32},"volume":0.52,"type":"PEDESTRIAN","velocity":{"y":0,"x":0,"z":0}}],[{"acceleration":{"y":-0.07,"x":-0.55,"z":0},"position":{"y":4182679.13,"x":552564.27,"z":10.59},"volume":0.65,"type":"VEHICLE","velocity":{"y":0,"x":0,"z":0}},{"acceleration":{"y":0,"x":0,"z":0},"position":{"y":4182676.21,"x":552538.19,"z":10.59},"volume":4.83,"type":"VEHICLE","velocity":{"y":0,"x":0,"z":0}}],[{"acceleration":{"y":0,"x":0,"z":0},"position":{"y":4182676.21,"x":552538.19,"z":10.59},"volume":4.83,"type":"VEHICLE","velocity":{"y":0,"x":0,"z":0}}],[{"acceleration":{"y":0,"x":0,"z":0},"position":{"y":4182676.21,"x":552538.19,"z":10.59},"volume":4.83,"type":"VEHICLE","velocity":{"y":0,"x":0,"z":0}}],[{"acceleration":{"y":0,"x":0,"z":0},"position":{"y":4182676.21,"x":552538.19,"z":10.59},"volume":4.83,"type":"VEHICLE","velocity":{"y":0,"x":0,"z":0}},{"acceleration":{"y":0,"x":0,"z":0},"position":{"y":4182668.53,"x":552561.68,"z":11.38},"volume":38.52,"type":"VEHICLE","velocity":{"y":0,"x":0,"z":0}},{"acceleration":{"y":0,"x":0,"z":0},"position":{"y":4182679.39,"x":552564.39,"z":10.57},"volume":0.99,"type":"VEHICLE","velocity":{"y":0,"x":0,"z":0}}],[{"acceleration":{"y":0,"x":0,"z":0},"position":{"y":4182676.21,"x":552538.19,"z":10.59},"volume":4.83,"type":"VEHICLE","velocity":{"y":0,"x":0,"z":0}},{"acceleration":{"y":0,"x":0,"z":0},"position":{"y":4182669.02,"x":552561.8,"z":10.72},"volume":60.38,"type":"VEHICLE","velocity":{"y":0,"x":0,"z":0}},{"acceleration":{"y":0,"x":0,"z":0},"position":{"y":4182679.4,"x":552564.39,"z":10.58},"volume":0.98,"type":"VEHICLE","velocity":{"y":0,"x":0,"z":0}}],[{"acceleration":{"y":0,"x":0,"z":0},"position":{"y":4182676.21,"x":552538.19,"z":10.59},"volume":4.81,"type":"VEHICLE","velocity":{"y":0,"x":0,"z":0}},{"acceleration":{"y":0,"x":0,"z":0},"position":{"y":4182668.66,"x":552561.52,"z":10.72},"volume":54.82,"type":"VEHICLE","velocity":{"y":0,"x":0,"z":0}},{"acceleration":{"y":0,"x":0,"z":0},"position":{"y":4182679.39,"x":552564.38,"z":10.57},"volume":0.95,"type":"VEHICLE","velocity":{"y":0,"x":0,"z":0}},{"acceleration":{"y":0,"x":0.01,"z":0},"position":{"y":4182673.95,"x":552556.88,"z":10.04},"volume":9.5,"type":"VEHICLE","velocity":{"y":0,"x":0,"z":0}}]],"action_description":"Pedestrian crossing the road (left to right)","ev_state":[-339.153503417969,10.1249847412109,190.438674926758,0,0,0.200000002980232,12,-1,359.811676025391,90.385612487793,-0.0014166512992233,0.0019756393656211813],"collision_probability":0}
 timestamp= 1619798977000 [RUN] Validate G1 Guard Condition: 
The ego vehicle E Detection.Collision == True.
 timestamp= 1619798977000 [RES] Global Validate result: 
false
 timestamp= 1619798977000 [RUN] Validate G2 Guard Condition: 
The ego vehicle E Detection.OffRoad == True.
 timestamp= 1619798977000 [RES] Global Validate result: 
false
 timestamp= 1619798977000 [RUN] Validate G3 Guard Condition: 
The ego vehicle E Detection.HardBrake == True.
 timestamp= 1619798977000 [RES] Global Validate result: 
false
 timestamp= 1619798977000 [RUN] Validate G4 Guard Condition: 
The ego vehicle E Detection.ArrivalTest == True.
 timestamp= 1619798977000 [RES] Global Validate result: 
false
 timestamp= 1619798977000 [RUN] Validate step: 
The test system VALIDATES THAT the Apollo A Status.GetControl is nearly equal to {"acceleration": 0.29, "throttle": 35.02, "steering_target": -0.79, "brake": 0.0, "steering_rate": 100.0, "speed": 0.0}
 timestamp= 1619798977000 [RES] Validate result: 
true
 timestamp= 1619798977000 [RUN] Generate steps
 timestamp= 1619798977000 [RUN] Validate step: 
The test system VALIDATES THAT the simulator S Status.GetEnvironment is nearly equal to {"x": -339.15, "y": 10.12, "z": 190.44, "rain": 0.0, "fog": 0.0, "wetness": 0.2, "timeofday": 12.0, "signal": -1.0, "rx": 359.81, "ry": 90.39, "rz": -0.0, "speed": 0.0}
 timestamp= 1619798977000 [RES] Validate result: 
true
 timestamp= 1619798977000 [RUN] Execute API step: 
The environment controller C INVOKES API Control.Agents.NPCVehicle.NPCVehicleMaintainLane(which_lane=Right_Lane&which_car=SUV).
 timestamp= 1619798982000 [RES] API result: 
{"pose_arr":[{"vx":0,"ay":0,"az":9.81,"ax":0,"pz":10.12,"vy":0,"px":552533.48,"py":4182676.47},{"vx":0,"ay":-0.01,"az":9.81,"ax":0,"pz":10.12,"vy":0,"px":552533.48,"py":4182676.47},{"vx":0,"ay":0,"az":9.81,"ax":0,"pz":10.12,"vy":0,"px":552533.48,"py":4182676.47},{"vx":0,"ay":0,"az":9.81,"ax":0,"pz":10.12,"vy":0,"px":552533.48,"py":4182676.47},{"vx":0,"ay":0,"az":9.81,"ax":0,"pz":10.12,"vy":0,"px":552533.48,"py":4182676.47},{"vx":0,"ay":0,"az":9.81,"ax":0,"pz":10.12,"vy":0,"px":552533.48,"py":4182676.47},{"vx":0,"ay":0.02,"az":9.81,"ax":0,"pz":10.12,"vy":0,"px":552533.48,"py":4182676.47},{"vx":0,"ay":0,"az":9.81,"ax":0,"pz":10.12,"vy":0,"px":552533.48,"py":4182676.47},{"vx":0,"ay":-0.08,"az":9.81,"ax":0,"pz":10.12,"vy":0,"px":552533.48,"py":4182676.47}],"traffic_light":[3,1,1,1,3,1,3],"state_arr":[{"acceleration":0.29,"throttle":35.02,"steering_target":-0.79,"brake":0,"steering_rate":100,"speed":0},{"acceleration":0.29,"throttle":35.18,"steering_target":-0.79,"brake":0,"steering_rate":100,"speed":0},{"acceleration":0.29,"throttle":35.26,"steering_target":-0.79,"brake":0,"steering_rate":100,"speed":0},{"acceleration":0.29,"throttle":35.43,"steering_target":-0.79,"brake":0,"steering_rate":100,"speed":0},{"acceleration":0.29,"throttle":35.66,"steering_target":-0.79,"brake":0,"steering_rate":100,"speed":0},{"acceleration":0.29,"throttle":35.73,"steering_target":-0.79,"brake":0,"steering_rate":100,"speed":0},{"acceleration":0.29,"throttle":35.82,"steering_target":-0.79,"brake":0,"steering_rate":100,"speed":0},{"acceleration":0.29,"throttle":36.03,"steering_target":-0.79,"brake":0,"steering_rate":100,"speed":0},{"acceleration":0.29,"throttle":35.83,"steering_target":-0.79,"brake":0,"steering_rate":100,"speed":0}],"obstacle_arr":[[{"acceleration":{"y":0,"x":0,"z":0},"position":{"y":4182676.19,"x":552538.19,"z":10.59},"volume":4.92,"type":"VEHICLE","velocity":{"y":0,"x":0,"z":0}},{"acceleration":{"y":0,"x":0,"z":0},"position":{"y":4182668.72,"x":552561.62,"z":10.73},"volume":61.53,"type":"VEHICLE","velocity":{"y":0,"x":0,"z":0}},{"acceleration":{"y":0,"x":0,"z":0},"position":{"y":4182679.39,"x":552564.36,"z":10.57},"volume":0.9,"type":"VEHICLE","velocity":{"y":0,"x":0,"z":0}},{"acceleration":{"y":0,"x":0.01,"z":0},"position":{"y":4182674.29,"x":552558.6,"z":10.36},"volume":7.08,"type":"VEHICLE","velocity":{"y":0,"x":0,"z":0}}],[{"acceleration":{"y":0,"x":0,"z":0},"position":{"y":4182676.19,"x":552538.19,"z":10.59},"volume":4.92,"type":"VEHICLE","velocity":{"y":0,"x":0,"z":0}},{"acceleration":{"y":0,"x":0,"z":0},"position":{"y":4182669.26,"x":552562.31,"z":10.47},"volume":85.66,"type":"VEHICLE","velocity":{"y":0,"x":0,"z":0}},{"acceleration":{"y":0,"x":0,"z":0},"position":{"y":4182679.39,"x":552564.33,"z":10.57},"volume":0.86,"type":"VEHICLE","velocity":{"y":0,"x":0,"z":0}},{"acceleration":{"y":0,"x":0.02,"z":0},"position":{"y":4182674.3,"x":552558.53,"z":10.36},"volume":2.61,"type":"VEHICLE","velocity":{"y":0.37,"x":2.62,"z":0}},{"acceleration":{"y":0,"x":0,"z":0},"position":{"y":4182671.53,"x":552545.41,"z":10.32},"volume":0.59,"type":"PEDESTRIAN","velocity":{"y":0,"x":0,"z":0}},{"acceleration":{"y":0,"x":0,"z":0},"position":{"y":4182668.77,"x":552534.88,"z":10.35},"volume":21.3,"type":"VEHICLE","velocity":{"y":0,"x":0,"z":0}}],[{"acceleration":{"y":0,"x":0,"z":0},"position":{"y":4182676.19,"x":552538.19,"z":10.59},"volume":4.93,"type":"VEHICLE","velocity":{"y":0,"x":0,"z":0}},{"acceleration":{"y":0,"x":0,"z":0},"position":{"y":4182669.02,"x":552561.84,"z":10.79},"volume":71.1,"type":"VEHICLE","velocity":{"y":0,"x":0,"z":0}},{"acceleration":{"y":0,"x":0,"z":0},"position":{"y":4182679.39,"x":552564.3,"z":10.57},"volume":0.8,"type":"VEHICLE","velocity":{"y":0,"x":0,"z":0}},{"acceleration":{"y":0.23,"x":0.23,"z":0},"position":{"y":4182675.1,"x":552561.41,"z":10.67},"volume":3.29,"type":"VEHICLE","velocity":{"y":0.67,"x":2.9,"z":0}},{"acceleration":{"y":0,"x":0,"z":0},"position":{"y":4182671.52,"x":552545.39,"z":10.32},"volume":0.54,"type":"PEDESTRIAN","velocity":{"y":0,"x":0,"z":0}}],[{"acceleration":{"y":0,"x":0,"z":0},"position":{"y":4182676.2,"x":552538.19,"z":10.59},"volume":4.94,"type":"VEHICLE","velocity":{"y":0,"x":0,"z":0}},{"acceleration":{"y":0,"x":0,"z":0},"position":{"y":4182669.16,"x":552561.71,"z":10.8},"volume":63.13,"type":"VEHICLE","velocity":{"y":0,"x":0,"z":0}},{"acceleration":{"y":0,"x":0,"z":0},"position":{"y":4182679.39,"x":552564.28,"z":10.57},"volume":0.77,"type":"VEHICLE","velocity":{"y":0,"x":0,"z":0}},{"acceleration":{"y":-0.11,"x":0.34,"z":0},"position":{"y":4182675.09,"x":552562.02,"z":10.67},"volume":3.27,"type":"VEHICLE","velocity":{"y":0.53,"x":3.03,"z":0}}],[{"acceleration":{"y":0,"x":0,"z":0},"position":{"y":4182676.2,"x":552538.19,"z":10.59},"volume":4.94,"type":"VEHICLE","velocity":{"y":0,"x":0,"z":0}},{"acceleration":{"y":0,"x":0,"z":0},"position":{"y":4182669.08,"x":552561.8,"z":10.28},"volume":82.95,"type":"VEHICLE","velocity":{"y":0,"x":0,"z":0}},{"acceleration":{"y":0,"x":0,"z":0},"position":{"y":4182679.39,"x":552564.28,"z":10.57},"volume":0.75,"type":"VEHICLE","velocity":{"y":0,"x":0,"z":0}},{"acceleration":{"y":-0.44,"x":-1.03,"z":0},"position":{"y":4182675.03,"x":552562.46,"z":10.09},"volume":6.46,"type":"VEHICLE","velocity":{"y":0.17,"x":2.07,"z":0}}],[{"acceleration":{"y":0,"x":0,"z":0},"position":{"y":4182676.2,"x":552538.19,"z":10.59},"volume":4.94,"type":"VEHICLE","velocity":{"y":0,"x":0,"z":0}},{"acceleration":{"y":0,"x":0,"z":0},"position":{"y":4182669.47,"x":552562.16,"z":10.28},"volume":98.57,"type":"VEHICLE","velocity":{"y":0,"x":0,"z":0}},{"acceleration":{"y":0,"x":0,"z":0},"position":{"y":4182679.39,"x":552564.25,"z":10.57},"volume":0.7,"type":"VEHICLE","velocity":{"y":0,"x":0,"z":0}},{"acceleration":{"y":-0.23,"x":-2.15,"z":0},"position":{"y":4182675.3,"x":552562.81,"z":10.66},"volume":1.78,"type":"VEHICLE","velocity":{"y":0.06,"x":0.5,"z":0}},{"acceleration":{"y":0,"x":0,"z":0},"position":{"y":4182669.89,"x":552540.71,"z":10.32},"volume":13.99,"type":"VEHICLE","velocity":{"y":0,"x":0,"z":0}}],[{"acceleration":{"y":0,"x":0,"z":0},"position":{"y":4182676.2,"x":552538.19,"z":10.59},"volume":4.94,"type":"VEHICLE","velocity":{"y":0,"x":0,"z":0}},{"acceleration":{"y":0,"x":0,"z":0},"position":{"y":4182669.4,"x":552562.2,"z":10.28},"volume":97.51,"type":"VEHICLE","velocity":{"y":0,"x":0,"z":0}},{"acceleration":{"y":0,"x":0,"z":0},"position":{"y":4182679.38,"x":552564.23,"z":10.57},"volume":0.67,"type":"VEHICLE","velocity":{"y":0,"x":0,"z":0}},{"acceleration":{"y":-0.24,"x":-1.85,"z":0},"position":{"y":4182675.04,"x":552563.14,"z":10.04},"volume":3.49,"type":"VEHICLE","velocity":{"y":0,"x":0,"z":0}},{"acceleration":{"y":0,"x":0.01,"z":0},"position":{"y":4182670.6,"x":552542.87,"z":10.32},"volume":12.5,"type":"VEHICLE","velocity":{"y":0,"x":0,"z":0}}],[{"acceleration":{"y":0,"x":0,"z":0},"position":{"y":4182676.2,"x":552538.19,"z":10.59},"volume":4.94,"type":"VEHICLE","velocity":{"y":0,"x":0,"z":0}},{"acceleration":{"y":0,"x":0,"z":0},"position":{"y":4182669.45,"x":552562.14,"z":10.28},"volume":105.15,"type":"VEHICLE","velocity":{"y":0,"x":0,"z":0}},{"acceleration":{"y":0,"x":0,"z":0},"position":{"y":4182679.38,"x":552564.22,"z":10.58},"volume":0.65,"type":"VEHICLE","velocity":{"y":0,"x":0,"z":0}},{"acceleration":{"y":-0.02,"x":-0.15,"z":0},"position":{"y":4182675.27,"x":552563.39,"z":10.65},"volume":1.01,"type":"VEHICLE","velocity":{"y":0,"x":0,"z":0}}]],"action_description":"NPC vehicle (SUV) driving on the right lane","ev_state":[-339.153411865234,10.1249122619629,190.438674926758,0,0,0.200000002980232,12,-1,359.807312011719,90.3941116333008,-0.0015713790198788,0.0021584434409336146],"collision_probability":0}
 timestamp= 1619798982000 [RUN] Validate G1 Guard Condition: 
The ego vehicle E Detection.Collision == True.
 timestamp= 1619798982000 [RES] Global Validate result: 
false
 timestamp= 1619798982000 [RUN] Validate G2 Guard Condition: 
The ego vehicle E Detection.OffRoad == True.
 timestamp= 1619798982000 [RES] Global Validate result: 
false
 timestamp= 1619798982000 [RUN] Validate G3 Guard Condition: 
The ego vehicle E Detection.HardBrake == True.
 timestamp= 1619798982000 [RES] Global Validate result: 
false
 timestamp= 1619798982000 [RUN] Validate G4 Guard Condition: 
The ego vehicle E Detection.ArrivalTest == True.
 timestamp= 1619798982000 [RES] Global Validate result: 
false
 timestamp= 1619798982000 [RUN] Validate step: 
The test system VALIDATES THAT the Apollo A Status.GetControl is nearly equal to {"acceleration": 0.29, "throttle": 35.83, "steering_target": -0.79, "brake": 0.0, "steering_rate": 100.0, "speed": 0.0}
 timestamp= 1619798982000 [RES] Validate result: 
true
 timestamp= 1619798982000 [RUN] Generate steps
 timestamp= 1619798982000 [RUN] Validate step: 
The test system VALIDATES THAT the simulator S Status.GetEnvironment is nearly equal to {"x": -339.15, "y": 10.12, "z": 190.44, "rain": 0.0, "fog": 0.0, "wetness": 0.2, "timeofday": 12.0, "signal": -1.0, "rx": 359.81, "ry": 90.39, "rz": -0.0, "speed": 0.0}
 timestamp= 1619798982000 [RES] Validate result: 
true
 timestamp= 1619798982000 [RUN] Execute API step: 
The environment controller C INVOKES API Control.Agents.NPCVehicle.NPCVehicleMaintainLane(which_lane=Current_Lane&which_car=BoxTruck).
 timestamp= 1619798986000 [RES] API result: 
{"pose_arr":[{"vx":0,"ay":0,"az":9.81,"ax":0,"pz":10.16,"vy":0,"px":552532.77,"py":4182676.45},{"vx":-0.05,"ay":-0.93,"az":9.77,"ax":0.01,"pz":10.12,"vy":-0.05,"px":552531.22,"py":4182676.44},{"vx":-0.01,"ay":-0.91,"az":9.83,"ax":0.01,"pz":10.12,"vy":-0.01,"px":552530.11,"py":4182676.44},{"vx":-0.01,"ay":-0.78,"az":9.8,"ax":0.01,"pz":10.12,"vy":-0.01,"px":552529.09,"py":4182676.43},{"vx":-0.01,"ay":-0.65,"az":9.79,"ax":0,"pz":10.12,"vy":-0.01,"px":552528.21,"py":4182676.42},{"vx":-0.01,"ay":-0.05,"az":9.75,"ax":0,"pz":10.12,"vy":-0.01,"px":552527.59,"py":4182676.42},{"vx":-0.01,"ay":-0.66,"az":9.8,"ax":0,"pz":10.12,"vy":-0.01,"px":552527.15,"py":4182676.42},{"vx":0,"ay":0.06,"az":10.01,"ax":-0.03,"pz":10.12,"vy":0,"px":552526.74,"py":4182676.42}],"traffic_light":[0,1,1,3,3,3,3],"state_arr":[{"acceleration":0.29,"throttle":36.47,"steering_target":-0.79,"brake":0,"steering_rate":100,"speed":0},{"acceleration":-0.01,"throttle":0,"steering_target":3.44,"brake":14.5,"steering_rate":100,"speed":2.86},{"acceleration":-1.62,"throttle":0,"steering_target":-0.73,"brake":27.58,"steering_rate":100,"speed":2.37},{"acceleration":-1.94,"throttle":0,"steering_target":-1.39,"brake":31.12,"steering_rate":100,"speed":2.12},{"acceleration":-1.73,"throttle":0,"steering_target":-0.04,"brake":29.33,"steering_rate":100,"speed":1.7},{"acceleration":-1.59,"throttle":0,"steering_target":-0.14,"brake":27.87,"steering_rate":100,"speed":1.43},{"acceleration":-0.83,"throttle":0,"steering_target":-0.13,"brake":19.22,"steering_rate":100,"speed":1.18},{"acceleration":-1.34,"throttle":0,"steering_target":-0.11,"brake":24.97,"steering_rate":100,"speed":0.97},{"acceleration":-0.48,"throttle":0,"steering_target":-0.12,"brake":14.5,"steering_rate":100,"speed":0.72},{"acceleration":0.05,"throttle":38.18,"steering_target":-0.12,"brake":0,"steering_rate":100,"speed":0.59}],"obstacle_arr":[[{"acceleration":{"y":0,"x":0,"z":0},"position":{"y":4182676.02,"x":552539.92,"z":10.75},"volume":39.07,"type":"VEHICLE","velocity":{"y":0,"x":0,"z":0}},{"acceleration":{"y":0,"x":0,"z":0},"position":{"y":4182667.24,"x":552560.32,"z":10.94},"volume":33.22,"type":"VEHICLE","velocity":{"y":0,"x":0,"z":0}},{"acceleration":{"y":0.02,"x":0.01,"z":0},"position":{"y":4182672.02,"x":552542.74,"z":10.2},"volume":17.86,"type":"VEHICLE","velocity":{"y":0.83,"x":1.14,"z":0}}],[{"acceleration":{"y":0,"x":0,"z":0},"position":{"y":4182676.22,"x":552536.82,"z":10.65},"volume":3.95,"type":"VEHICLE","velocity":{"y":0,"x":0,"z":0}},{"acceleration":{"y":0,"x":0,"z":0},"position":{"y":4182679.4,"x":552564.54,"z":11.09},"volume":0.01,"type":"VEHICLE","velocity":{"y":0,"x":0,"z":0}},{"acceleration":{"y":-0.65,"x":-0.85,"z":0},"position":{"y":4182672.88,"x":552543.79,"z":10.07},"volume":17.32,"type":"VEHICLE","velocity":{"y":0,"x":0,"z":0}}],[{"acceleration":{"y":0,"x":0,"z":0},"position":{"y":4182676.19,"x":552535.48,"z":10.6},"volume":4.44,"type":"VEHICLE","velocity":{"y":0,"x":0,"z":0}},{"acceleration":{"y":0,"x":0,"z":0},"position":{"y":4182679.29,"x":552564.47,"z":11.23},"volume":0.01,"type":"VEHICLE","velocity":{"y":0,"x":0,"z":0}},{"acceleration":{"y":-0.9,"x":-0.8,"z":0},"position":{"y":4182673.41,"x":552544.4,"z":10.12},"volume":11.82,"type":"VEHICLE","velocity":{"y":0,"x":0,"z":0}},{"acceleration":{"y":0,"x":0,"z":0},"position":{"y":4182675.65,"x":552564.89,"z":10.56},"volume":2.39,"type":"VEHICLE","velocity":{"y":0,"x":0,"z":0}}],[{"acceleration":{"y":-0.02,"x":-1.41,"z":0},"position":{"y":4182676.12,"x":552534.33,"z":10.72},"volume":4.54,"type":"VEHICLE","velocity":{"y":-0.01,"x":-1.28,"z":0}},{"acceleration":{"y":0,"x":0,"z":0},"position":{"y":4182679.39,"x":552564.32,"z":11.16},"volume":0,"type":"VEHICLE","velocity":{"y":0,"x":0,"z":0}},{"acceleration":{"y":0.7,"x":1.2,"z":0},"position":{"y":4182673.95,"x":552545.4,"z":10.11},"volume":9.9,"type":"VEHICLE","velocity":{"y":0.64,"x":1.12,"z":0}},{"acceleration":{"y":0,"x":0,"z":0},"position":{"y":4182675.26,"x":552563.75,"z":11.22},"volume":0,"type":"VEHICLE","velocity":{"y":0,"x":0,"z":0}}],[{"acceleration":{"y":0.01,"x":-1.69,"z":0},"position":{"y":4182676.14,"x":552533.23,"z":10.72},"volume":4.5,"type":"VEHICLE","velocity":{"y":-0.02,"x":-2.31,"z":0}},{"acceleration":{"y":0.11,"x":1.53,"z":0},"position":{"y":4182674.1,"x":552546.35,"z":10.1},"volume":10.9,"type":"VEHICLE","velocity":{"y":0.63,"x":2.07,"z":0}},{"acceleration":{"y":0,"x":0,"z":0},"position":{"y":4182675.2,"x":552563.77,"z":11.16},"volume":0,"type":"VEHICLE","velocity":{"y":0,"x":0,"z":0}},{"acceleration":{"y":0,"x":0,"z":0},"position":{"y":4182669.64,"x":552561.78,"z":10.58},"volume":79.68,"type":"VEHICLE","velocity":{"y":0,"x":0,"z":0}}],[{"acceleration":{"y":0.04,"x":-0.63,"z":0},"position":{"y":4182676.13,"x":552532.55,"z":10.72},"volume":4.5,"type":"VEHICLE","velocity":{"y":0.04,"x":-2.47,"z":0}},{"acceleration":{"y":-0.31,"x":-0.25,"z":0},"position":{"y":4182674.28,"x":552546.62,"z":10.09},"volume":11.42,"type":"VEHICLE","velocity":{"y":0.31,"x":1.36,"z":0}},{"acceleration":{"y":0,"x":0,"z":0},"position":{"y":4182675.16,"x":552563.92,"z":11.12},"volume":0.01,"type":"VEHICLE","velocity":{"y":0,"x":0,"z":0}},{"acceleration":{"y":0,"x":0,"z":0},"position":{"y":4182669.45,"x":552561.85,"z":11.24},"volume":61,"type":"VEHICLE","velocity":{"y":0,"x":0,"z":0}}],[{"acceleration":{"y":0.02,"x":1.13,"z":0},"position":{"y":4182676.18,"x":552532.06,"z":10.72},"volume":4.3,"type":"VEHICLE","velocity":{"y":0.02,"x":-1.35,"z":0}},{"acceleration":{"y":-0.47,"x":-0.99,"z":0},"position":{"y":4182674.54,"x":552547.39,"z":10.09},"volume":13.03,"type":"VEHICLE","velocity":{"y":0.07,"x":0.87,"z":0}}],[{"acceleration":{"y":0,"x":2.07,"z":0},"position":{"y":4182676.18,"x":552531.65,"z":10.72},"volume":4.45,"type":"VEHICLE","velocity":{"y":0,"x":0,"z":0}},{"acceleration":{"y":-0.27,"x":-0.57,"z":0},"position":{"y":4182674.89,"x":552548.18,"z":10.33},"volume":9,"type":"VEHICLE","velocity":{"y":0.07,"x":0.74,"z":0}}]],"action_description":"NPC vehicle (BoxTruck) driving on the current lane","ev_state":[-346.053985595703,10.1263160705566,190.402603149414,0,0,0.200000002980232,12,-1,359.839874267578,89.6463088989258,359.943176269531,0.5878346950707692],"collision_probability":1}
 timestamp= 1619798986000 [RUN] Validate G1 Guard Condition: 
The ego vehicle E Detection.Collision == True.
 timestamp= 1619798986000 [RES] Global Validate result: 
true
 timestamp= 1619798986000 [RUN] Collision == True
 timestamp= 1619798986000 [RUN] Validate G2 Guard Condition: 
The ego vehicle E Detection.OffRoad == True.
 timestamp= 1619798986000 [RES] Global Validate result: 
true
 timestamp= 1619798986000 [RUN] OffRoad == True
 timestamp= 1619798986000 [RUN] The simulator S INVOKES API Command.Simulation.Stop() to stop simulation.
 timestamp= 1619798986000 [WARNING] The test system Stop the Simulator S!
 timestamp= 1619798986000 [RUN] ABORT.
 timestamp= 1619798986000 [ERROR] The test system Abort!
 timestamp= 1619798986000 [RUN] Validate G3 Guard Condition: 
The ego vehicle E Detection.HardBrake == True.
 timestamp= 1619798986000 [RES] Global Validate result: 
false
 timestamp= 1619798986000 [RUN] Validate G4 Guard Condition: 
The ego vehicle E Detection.ArrivalTest == True.
 timestamp= 1619798986000 [RES] Global Validate result: 
false
 timestamp= 1619798986000 [RES] Basic PostCondition Validate result: 
false
 timestamp= 1619798986000 [STOP] numberOfStep: 37 basicFlow: 
[{"name":"","description":"","eClass":"Sentence","content":"The test system VALIDATES THAT the simulator S Status.GetEnvironment is nearly equal to {\"x\": -439.98, \"y\": 10.12, \"z\": 215.49, \"rain\": 0.0, \"fog\": 0.0, \"wetness\": 0.0, \"timeofday\": 12.0, \"signal\": 1.0, \"rx\": 359.89, \"ry\": 210.19, \"rz\": -0.0, \"speed\": 2.2}","natures":[]},{"name":"","description":"","eClass":"Sentence","content":"The environment controller C INVOKES API Control.Agents.NPCVehicle.NPCVehicleSwitchLane(which_lane=Right_Lane&which_car=Hatchback).","natures":[]},{"name":"","description":"","eClass":"Sentence","content":"The test system VALIDATES THAT the Apollo A Status.GetControl is nearly equal to {\"acceleration\": -0.6, \"throttle\": 0.0, \"steering_target\": 12.6, \"brake\": 14.71, \"steering_rate\": 100.0, \"speed\": 3.59}","natures":[]},{"name":"","description":"","eClass":"Sentence","content":"The test system VALIDATES THAT the simulator S Status.GetEnvironment is nearly equal to {\"x\": -445.48, \"y\": 10.12, \"z\": 205.71, \"rain\": 0.0, \"fog\": 0.0, \"wetness\": 0.0, \"timeofday\": 12.0, \"signal\": 1.0, \"rx\": 359.97, \"ry\": 207.37, \"rz\": 359.93, \"speed\": 3.57}","natures":[]},{"name":"","description":"","eClass":"Sentence","content":"The environment controller C INVOKES API Control.Weather.Wetness(wetness_level=Heavy).","natures":[]},{"name":"","description":"","eClass":"Sentence","content":"The test system VALIDATES THAT the Apollo A Status.GetControl is nearly equal to {\"acceleration\": 0.15, \"throttle\": 15.7, \"steering_target\": 65.51, \"brake\": 0.0, \"steering_rate\": 100.0, \"speed\": 2.27}","natures":[]},{"name":"","description":"","eClass":"Sentence","content":"The test system VALIDATES THAT the simulator S Status.GetEnvironment is nearly equal to {\"x\": -445.84, \"y\": 10.12, \"z\": 194.62, \"rain\": 0.0, \"fog\": 0.0, \"wetness\": 1.0, \"timeofday\": 12.0, \"signal\": 0.0, \"rx\": 0.04, \"ry\": 152.03, \"rz\": 359.79, \"speed\": 2.24}","natures":[]},{"name":"","description":"","eClass":"Sentence","content":"The environment controller C INVOKES API Control.Agents.NPCVehicle.NPCVehicleMaintainLane(which_lane=Current_Lane&which_car=BoxTruck).","natures":[]},{"name":"","description":"","eClass":"Sentence","content":"The test system VALIDATES THAT the Apollo A Status.GetControl is nearly equal to {\"acceleration\": 0.84, \"throttle\": 24.83, \"steering_target\": 11.23, \"brake\": 0.0, \"steering_rate\": 100.0, \"speed\": 4.87}","natures":[]},{"name":"","description":"","eClass":"Sentence","content":"The test system VALIDATES THAT the simulator S Status.GetEnvironment is nearly equal to {\"x\": -433.18, \"y\": 10.12, \"z\": 190.38, \"rain\": 0.0, \"fog\": 0.0, \"wetness\": 1.0, \"timeofday\": 12.0, \"signal\": -1.0, \"rx\": 359.97, \"ry\": 95.09, \"rz\": 359.81, \"speed\": 5.0}","natures":[]},{"name":"","description":"","eClass":"Sentence","content":"The environment controller C INVOKES API Control.Agents.NPCVehicle.NPCVehicleSwitchLane(which_lane=Current_Lane&which_car=Jeep).","natures":[]},{"name":"","description":"","eClass":"Sentence","content":"The test system VALIDATES THAT the Apollo A Status.GetControl is nearly equal to {\"acceleration\": -3.52, \"throttle\": 0.0, \"steering_target\": -0.91, \"brake\": 47.12, \"steering_rate\": 100.0, \"speed\": 2.18}","natures":[]},{"name":"","description":"","eClass":"Sentence","content":"The test system VALIDATES THAT the simulator S Status.GetEnvironment is nearly equal to {\"x\": -413.57, \"y\": 10.12, \"z\": 190.87, \"rain\": 0.0, \"fog\": 0.0, \"wetness\": 1.0, \"timeofday\": 12.0, \"signal\": -1.0, \"rx\": 0.21, \"ry\": 89.42, \"rz\": -0.0, \"speed\": 0.92}","natures":[]},{"name":"","description":"","eClass":"Sentence","content":"The environment controller C INVOKES API Control.Agents.NPCVehicle.NPCVehicleSwitchLane(which_lane=Left_Lane&which_car=Sedan).","natures":[]},{"name":"","description":"","eClass":"Sentence","content":"The test system VALIDATES THAT the Apollo A Status.GetControl is nearly equal to {\"acceleration\": 0.47, \"throttle\": 15.7, \"steering_target\": -1.4, \"brake\": 0.0, \"steering_rate\": 100.0, \"speed\": 4.3}","natures":[]},{"name":"","description":"","eClass":"Sentence","content":"The test system VALIDATES THAT the simulator S Status.GetEnvironment is nearly equal to {\"x\": -403.93, \"y\": 10.12, \"z\": 190.9, \"rain\": 0.0, \"fog\": 0.0, \"wetness\": 1.0, \"timeofday\": 12.0, \"signal\": -1.0, \"rx\": 359.96, \"ry\": 90.11, \"rz\": 0.01, \"speed\": 4.3}","natures":[]},{"name":"","description":"","eClass":"Sentence","content":"The environment controller C INVOKES API Control.Weather.Wetness(wetness_level=Light).","natures":[]},{"name":"","description":"","eClass":"Sentence","content":"The test system VALIDATES THAT the Apollo A Status.GetControl is nearly equal to {\"acceleration\": 1.12, \"throttle\": 15.7, \"steering_target\": 0.59, \"brake\": 0.0, \"steering_rate\": 100.0, \"speed\": 6.34}","natures":[]},{"name":"","description":"","eClass":"Sentence","content":"The test system VALIDATES THAT the simulator S Status.GetEnvironment is nearly equal to {\"x\": -379.94, \"y\": 10.12, \"z\": 190.69, \"rain\": 0.0, \"fog\": 0.0, \"wetness\": 0.2, \"timeofday\": 12.0, \"signal\": -1.0, \"rx\": 359.97, \"ry\": 90.46, \"rz\": 359.99, \"speed\": 6.54}","natures":[]},{"name":"","description":"","eClass":"Sentence","content":"The environment controller C INVOKES API Control.Agents.NPCVehicle.NPCVehicleSwitchLane(which_lane=Right_Lane&which_car=SUV).","natures":[]},{"name":"","description":"","eClass":"Sentence","content":"The test system VALIDATES THAT the Apollo A Status.GetControl is nearly equal to {\"acceleration\": 0.36, \"throttle\": 17.05, \"steering_target\": 0.31, \"brake\": 0.0, \"steering_rate\": 100.0, \"speed\": 7.57}","natures":[]},{"name":"","description":"","eClass":"Sentence","content":"The test system VALIDATES THAT the simulator S Status.GetEnvironment is nearly equal to {\"x\": -348.38, \"y\": 10.12, \"z\": 190.47, \"rain\": 0.0, \"fog\": 0.0, \"wetness\": 0.2, \"timeofday\": 12.0, \"signal\": -1.0, \"rx\": 0.03, \"ry\": 90.22, \"rz\": 359.99, \"speed\": 7.51}","natures":[]},{"name":"","description":"","eClass":"Sentence","content":"The environment controller C INVOKES API Control.Agents.NPCVehicle.NPCVehicleMaintainLane(which_lane=Current_Lane&which_car=Jeep).","natures":[]},{"name":"","description":"","eClass":"Sentence","content":"The test system VALIDATES THAT the Apollo A Status.GetControl is nearly equal to {\"acceleration\": 0.3, \"throttle\": 35.5, \"steering_target\": -0.79, \"brake\": 0.0, \"steering_rate\": 100.0, \"speed\": 0.0}","natures":[]},{"name":"","description":"","eClass":"Sentence","content":"The test system VALIDATES THAT the simulator S Status.GetEnvironment is nearly equal to {\"x\": -339.15, \"y\": 10.13, \"z\": 190.44, \"rain\": 0.0, \"fog\": 0.0, \"wetness\": 0.2, \"timeofday\": 12.0, \"signal\": -1.0, \"rx\": 359.8, \"ry\": 90.38, \"rz\": 0.03, \"speed\": 0.0}","natures":[]},{"name":"","description":"","eClass":"Sentence","content":"The environment controller C INVOKES API Control.Agents.NPCVehicle.NPCVehicleSwitchLane(which_lane=Right_Lane&which_car=SchoolBus).","natures":[]},{"name":"","description":"","eClass":"Sentence","content":"The test system VALIDATES THAT the Apollo A Status.GetControl is nearly equal to {\"acceleration\": 0.29, \"throttle\": 35.22, \"steering_target\": -0.79, \"brake\": 0.0, \"steering_rate\": 100.0, \"speed\": 0.0}","natures":[]},{"name":"","description":"","eClass":"Sentence","content":"The test system VALIDATES THAT the simulator S Status.GetEnvironment is nearly equal to {\"x\": -339.15, \"y\": 10.13, \"z\": 190.44, \"rain\": 0.0, \"fog\": 0.0, \"wetness\": 0.2, \"timeofday\": 12.0, \"signal\": -1.0, \"rx\": 359.81, \"ry\": 90.38, \"rz\": -0.0, \"speed\": 0.0}","natures":[]},{"name":"","description":"","eClass":"Sentence","content":"The environment controller C INVOKES API Control.Agents.Pedestrians.WalkRandomly(which_lane=Left_Lane).","natures":[]},{"name":"","description":"","eClass":"Sentence","content":"The test system VALIDATES THAT the Apollo A Status.GetControl is nearly equal to {\"acceleration\": 0.29, \"throttle\": 35.02, \"steering_target\": -0.79, \"brake\": 0.0, \"steering_rate\": 100.0, \"speed\": 0.0}","natures":[]},{"name":"","description":"","eClass":"Sentence","content":"The test system VALIDATES THAT the simulator S Status.GetEnvironment is nearly equal to {\"x\": -339.15, \"y\": 10.12, \"z\": 190.44, \"rain\": 0.0, \"fog\": 0.0, \"wetness\": 0.2, \"timeofday\": 12.0, \"signal\": -1.0, \"rx\": 359.81, \"ry\": 90.39, \"rz\": -0.0, \"speed\": 0.0}","natures":[]},{"name":"","description":"","eClass":"Sentence","content":"The environment controller C INVOKES API Control.Agents.NPCVehicle.NPCVehicleMaintainLane(which_lane=Right_Lane&which_car=SUV).","natures":[]},{"name":"","description":"","eClass":"Sentence","content":"The test system VALIDATES THAT the Apollo A Status.GetControl is nearly equal to {\"acceleration\": 0.29, \"throttle\": 35.83, \"steering_target\": -0.79, \"brake\": 0.0, \"steering_rate\": 100.0, \"speed\": 0.0}","natures":[]},{"name":"","description":"","eClass":"Sentence","content":"The test system VALIDATES THAT the simulator S Status.GetEnvironment is nearly equal to {\"x\": -339.15, \"y\": 10.12, \"z\": 190.44, \"rain\": 0.0, \"fog\": 0.0, \"wetness\": 0.2, \"timeofday\": 12.0, \"signal\": -1.0, \"rx\": 359.81, \"ry\": 90.39, \"rz\": -0.0, \"speed\": 0.0}","natures":[]},{"name":"","description":"","eClass":"Sentence","content":"The environment controller C INVOKES API Control.Agents.NPCVehicle.NPCVehicleMaintainLane(which_lane=Current_Lane&which_car=BoxTruck).","natures":[]},{"name":"","description":"","eClass":"Sentence","content":"The test system VALIDATES THAT the Apollo A Status.GetControl is nearly equal to {\"acceleration\": 0.05, \"throttle\": 38.18, \"steering_target\": -0.12, \"brake\": 0.0, \"steering_rate\": 100.0, \"speed\": 0.59}","natures":[]},{"name":"","description":"","eClass":"Sentence","content":"","natures":[]}]
