 timestamp= 1619788444000 [START] Now Run TCS Maintain Lane On Road1 Mode: dynamic Roadnum: 3 Second: 4
 timestamp= 1619788444000 [SUCCESS] TCS Check Success 
 timestamp= 1619788447000 [RUN] Run BasicFlow
 timestamp= 1619788447000 [RUN] Generate steps
 timestamp= 1619788447000 [RUN] Validate step: 
The test system VALIDATES THAT the simulator S Status.GetEnvironment is nearly equal to {"x": -245.71, "y": 10.12, "z": 465.97, "rain": 0.0, "fog": 0.0, "wetness": 0.0, "timeofday": 12.0, "signal": 1.0, "rx": 359.86, "ry": 305.63, "rz": -0.0, "speed": 1.04}
 timestamp= 1619788447000 [RES] Validate result: 
true
 timestamp= 1619788447000 [RUN] Execute API step: 
The environment controller C INVOKES API Control.Agents.Pedestrians.WalkRandomly(which_lane=Current_Lane).
 timestamp= 1619788450000 [RES] API result: 
{"pose_arr":[{"vx":0.63,"ay":2.42,"az":9.74,"ax":1.73,"pz":10.12,"vy":0.63,"px":552629.36,"py":4182951.22},{"vx":1.1,"ay":-0.4,"az":9.82,"ax":-0.28,"pz":10.12,"vy":1.1,"px":552628.32,"py":4182951.96},{"vx":1.13,"ay":0.83,"az":9.81,"ax":0.63,"pz":10.12,"vy":1.13,"px":552627.18,"py":4182952.76},{"vx":1.19,"ay":0.31,"az":9.81,"ax":0.19,"pz":10.12,"vy":1.19,"px":552625.71,"py":4182953.76},{"vx":1.22,"ay":1.6,"az":9.8,"ax":0.54,"pz":10.12,"vy":1.22,"px":552624.14,"py":4182954.73},{"vx":0.88,"ay":-0.46,"az":9.81,"ax":-0.21,"pz":10.13,"vy":0.88,"px":552622.29,"py":4182955.7}],"traffic_light":[1,1,3,3,1,1],"state_arr":[{"acceleration":0.73,"throttle":75.94,"steering_target":1.31,"brake":0,"steering_rate":100,"speed":0.87},{"acceleration":0.32,"throttle":15.7,"steering_target":2.96,"brake":0,"steering_rate":100,"speed":1.99},{"acceleration":0.39,"throttle":31.62,"steering_target":1.44,"brake":0,"steering_rate":100,"speed":1.91},{"acceleration":0.27,"throttle":36.91,"steering_target":8.06,"brake":0,"steering_rate":100,"speed":2.23},{"acceleration":0.14,"throttle":15.7,"steering_target":14.01,"brake":0,"steering_rate":100,"speed":2.45},{"acceleration":-0.34,"throttle":0,"steering_target":20.58,"brake":14.5,"steering_rate":100,"speed":2.81},{"acceleration":-0.03,"throttle":0,"steering_target":33.1,"brake":14.5,"steering_rate":100,"speed":2.49}],"obstacle_arr":[[],[],[],[],[],[]],"action_description":"Pedestrian walking on the front lane","ev_state":[-253.398620605469,10.1247358322144,470.40478515625,0,0,0,12,1,0.0323439724743366,292.777374267578,359.889068603516,2.485376803850691],"collision_probability":0}
 timestamp= 1619788450000 [RUN] Validate G1 Guard Condition: 
The ego vehicle E Detection.Collision == True.
 timestamp= 1619788450000 [RES] Global Validate result: 
false
 timestamp= 1619788450000 [RUN] Validate G2 Guard Condition: 
The ego vehicle E Detection.OffRoad == True.
 timestamp= 1619788450000 [RES] Global Validate result: 
false
 timestamp= 1619788450000 [RUN] Validate G3 Guard Condition: 
The ego vehicle E Detection.HardBrake == True.
 timestamp= 1619788450000 [RES] Global Validate result: 
false
 timestamp= 1619788450000 [RUN] Validate G4 Guard Condition: 
The ego vehicle E Detection.ArrivalTest == True.
 timestamp= 1619788450000 [RES] Global Validate result: 
false
 timestamp= 1619788450000 [RUN] Validate step: 
The test system VALIDATES THAT the Apollo A Status.GetControl is nearly equal to {"acceleration": -0.03, "throttle": 0.0, "steering_target": 33.1, "brake": 14.5, "steering_rate": 100.0, "speed": 2.49}
 timestamp= 1619788450000 [RES] Validate result: 
true
 timestamp= 1619788450000 [RUN] Generate steps
 timestamp= 1619788450000 [RUN] Validate step: 
The test system VALIDATES THAT the simulator S Status.GetEnvironment is nearly equal to {"x": -253.4, "y": 10.12, "z": 470.4, "rain": 0.0, "fog": 0.0, "wetness": 0.0, "timeofday": 12.0, "signal": 1.0, "rx": 0.03, "ry": 292.78, "rz": 359.89, "speed": 2.49}
 timestamp= 1619788450000 [RES] Validate result: 
true
 timestamp= 1619788450000 [RUN] Execute API step: 
The environment controller C INVOKES API Control.Agents.Pedestrians.WalkRandomly(which_lane=Left_Lane).
 timestamp= 1619788453000 [RES] API result: 
{"pose_arr":[{"vx":0.56,"ay":0.26,"az":9.8,"ax":0.05,"pz":10.12,"vy":0.56,"px":552621.04,"py":4182956.2},{"vx":0.15,"ay":-0.59,"az":9.82,"ax":-0.55,"pz":10.12,"vy":0.15,"px":552619.54,"py":4182956.61},{"vx":-0.76,"ay":-0.53,"az":9.81,"ax":0.16,"pz":10.13,"vy":-0.76,"px":552616.99,"py":4182956.69},{"vx":-1.38,"ay":0.85,"az":9.81,"ax":0.51,"pz":10.12,"vy":-1.38,"px":552615.37,"py":4182956.28},{"vx":-1.73,"ay":0.32,"az":9.8,"ax":-0.33,"pz":10.12,"vy":-1.73,"px":552613.49,"py":4182955.28}],"traffic_light":[0,0,0,0,0],"state_arr":[{"acceleration":0.1,"throttle":22.68,"steering_target":37.23,"brake":0,"steering_rate":100,"speed":2.57},{"acceleration":-0.17,"throttle":0,"steering_target":53.04,"brake":14.5,"steering_rate":100,"speed":2.73},{"acceleration":0.01,"throttle":68.25,"steering_target":55.53,"brake":0,"steering_rate":100,"speed":2.6},{"acceleration":0.4,"throttle":17.05,"steering_target":49.8,"brake":0,"steering_rate":100,"speed":2.64},{"acceleration":0.64,"throttle":21.69,"steering_target":27.96,"brake":0,"steering_rate":100,"speed":2.77},{"acceleration":0.83,"throttle":35.11,"steering_target":13.73,"brake":0,"steering_rate":100,"speed":3.34}],"obstacle_arr":[[],[],[{"acceleration":{"y":0,"x":0,"z":0},"position":{"y":4183018.52,"x":552634.54,"z":11.17},"volume":49.4,"type":"VEHICLE","velocity":{"y":0,"x":0,"z":0}}],[],[{"acceleration":{"y":0,"x":0,"z":0},"position":{"y":4183018.7,"x":552632.69,"z":11.11},"volume":30.31,"type":"VEHICLE","velocity":{"y":0,"x":0,"z":0}},{"acceleration":{"y":0.01,"x":0.01,"z":0},"position":{"y":4182961.09,"x":552603.75,"z":10.75},"volume":0.21,"type":"PEDESTRIAN","velocity":{"y":-0.69,"x":-0.51,"z":0}}],[{"acceleration":{"y":0,"x":0,"z":0},"position":{"y":4183019.29,"x":552634.23,"z":11.23},"volume":81.03,"type":"VEHICLE","velocity":{"y":0,"x":0,"z":0}}]],"action_description":"Pedestrian crossing the road (left to right)","ev_state":[-263.212890625,10.1246280670166,467.188415527344,0,0,0,12,0,359.945037841797,230.900482177734,359.896575927734,3.394671646277124],"collision_probability":0}
 timestamp= 1619788453000 [RUN] Validate G1 Guard Condition: 
The ego vehicle E Detection.Collision == True.
 timestamp= 1619788453000 [RES] Global Validate result: 
false
 timestamp= 1619788453000 [RUN] Validate G2 Guard Condition: 
The ego vehicle E Detection.OffRoad == True.
 timestamp= 1619788453000 [RES] Global Validate result: 
false
 timestamp= 1619788453000 [RUN] Validate G3 Guard Condition: 
The ego vehicle E Detection.HardBrake == True.
 timestamp= 1619788453000 [RES] Global Validate result: 
false
 timestamp= 1619788453000 [RUN] Validate G4 Guard Condition: 
The ego vehicle E Detection.ArrivalTest == True.
 timestamp= 1619788453000 [RES] Global Validate result: 
false
 timestamp= 1619788453000 [RUN] Validate step: 
The test system VALIDATES THAT the Apollo A Status.GetControl is nearly equal to {"acceleration": 0.83, "throttle": 35.11, "steering_target": 13.73, "brake": 0.0, "steering_rate": 100.0, "speed": 3.34}
 timestamp= 1619788453000 [RES] Validate result: 
true
 timestamp= 1619788453000 [RUN] Generate steps
 timestamp= 1619788453000 [RUN] Validate step: 
The test system VALIDATES THAT the simulator S Status.GetEnvironment is nearly equal to {"x": -263.21, "y": 10.12, "z": 467.19, "rain": 0.0, "fog": 0.0, "wetness": 0.0, "timeofday": 12.0, "signal": 0.0, "rx": 359.95, "ry": 230.9, "rz": 359.9, "speed": 3.39}
 timestamp= 1619788453000 [RES] Validate result: 
true
 timestamp= 1619788453000 [RUN] Execute API step: 
The environment controller C INVOKES API Control.TimeOfDay(time_of_day=Morning).
 timestamp= 1619788456000 [RES] API result: 
{"pose_arr":[{"vx":-2.22,"ay":0.36,"az":9.81,"ax":-0.89,"pz":10.12,"vy":-2.22,"px":552611.95,"py":4182954.16},{"vx":-3.53,"ay":0.5,"az":9.85,"ax":-0.34,"pz":10.12,"vy":-3.53,"px":552610.01,"py":4182952.48},{"vx":-4.14,"ay":0.47,"az":9.81,"ax":-0.52,"pz":10.12,"vy":-4.14,"px":552607.16,"py":4182949.51},{"vx":-4.64,"ay":0.14,"az":9.82,"ax":-0.29,"pz":10.12,"vy":-4.64,"px":552604.78,"py":4182946.65},{"vx":-5,"ay":0.45,"az":9.8,"ax":-0.52,"pz":10.12,"vy":-5,"px":552602.27,"py":4182943.3},{"vx":-5.33,"ay":0,"az":9.81,"ax":0,"pz":10.12,"vy":-5.33,"px":552599.39,"py":4182939.32}],"traffic_light":[0,0,3,3,1,3],"state_arr":[{"acceleration":1.48,"throttle":82.35,"steering_target":12.19,"brake":0,"steering_rate":100,"speed":4},{"acceleration":0.71,"throttle":22.28,"steering_target":8.03,"brake":0,"steering_rate":100,"speed":5.19},{"acceleration":0.86,"throttle":24.55,"steering_target":6.3,"brake":0,"steering_rate":100,"speed":5.5},{"acceleration":0.65,"throttle":21.75,"steering_target":2.91,"brake":0,"steering_rate":100,"speed":5.91},{"acceleration":0.76,"throttle":22.45,"steering_target":0.23,"brake":0,"steering_rate":100,"speed":6.3},{"acceleration":0.58,"throttle":15.7,"steering_target":1.81,"brake":0,"steering_rate":100,"speed":6.52}],"obstacle_arr":[[],[],[],[],[],[]],"action_description":"Evening","ev_state":[-277.254150390625,10.1241664886475,449.498992919922,0,0,0,10,-1,359.984191894531,214.643447875977,359.961883544922,6.640193781896256],"collision_probability":0}
 timestamp= 1619788456000 [RUN] Validate G1 Guard Condition: 
The ego vehicle E Detection.Collision == True.
 timestamp= 1619788456000 [RES] Global Validate result: 
false
 timestamp= 1619788456000 [RUN] Validate G2 Guard Condition: 
The ego vehicle E Detection.OffRoad == True.
 timestamp= 1619788456000 [RES] Global Validate result: 
false
 timestamp= 1619788456000 [RUN] Validate G3 Guard Condition: 
The ego vehicle E Detection.HardBrake == True.
 timestamp= 1619788456000 [RES] Global Validate result: 
false
 timestamp= 1619788456000 [RUN] Validate G4 Guard Condition: 
The ego vehicle E Detection.ArrivalTest == True.
 timestamp= 1619788456000 [RES] Global Validate result: 
false
 timestamp= 1619788456000 [RUN] Validate step: 
The test system VALIDATES THAT the Apollo A Status.GetControl is nearly equal to {"acceleration": 0.58, "throttle": 15.7, "steering_target": 1.81, "brake": 0.0, "steering_rate": 100.0, "speed": 6.52}
 timestamp= 1619788456000 [RES] Validate result: 
true
 timestamp= 1619788456000 [RUN] Generate steps
 timestamp= 1619788456000 [RUN] Validate step: 
The test system VALIDATES THAT the simulator S Status.GetEnvironment is nearly equal to {"x": -277.25, "y": 10.12, "z": 449.5, "rain": 0.0, "fog": 0.0, "wetness": 0.0, "timeofday": 10.0, "signal": -1.0, "rx": 359.98, "ry": 214.64, "rz": 359.96, "speed": 6.64}
 timestamp= 1619788456000 [RES] Validate result: 
true
 timestamp= 1619788456000 [RUN] Execute API step: 
The environment controller C INVOKES API Control.Agents.NPCVehicle.NPCVehicleMaintainLane(which_lane=Current_Lane&which_car=SUV).
 timestamp= 1619788460000 [RES] API result: 
{"pose_arr":[{"vx":-5.47,"ay":0.22,"az":9.84,"ax":-0.15,"pz":10.12,"vy":-5.47,"px":552597.4,"py":4182936.49},{"vx":-5.73,"ay":0.13,"az":9.82,"ax":-0.2,"pz":10.12,"vy":-5.73,"px":552594.65,"py":4182932.46},{"vx":-0.31,"ay":-1.58,"az":9.78,"ax":2.11,"pz":10.11,"vy":-0.31,"px":552593.63,"py":4182930.94},{"vx":0,"ay":-0.07,"az":9.79,"ax":-0.05,"pz":10.13,"vy":0,"px":552593.6,"py":4182930.9},{"vx":-0.03,"ay":0.15,"az":9.81,"ax":-0.23,"pz":10.12,"vy":-0.03,"px":552593.6,"py":4182930.89},{"vx":-0.01,"ay":0.35,"az":9.77,"ax":-0.44,"pz":10.12,"vy":-0.01,"px":552593.58,"py":4182930.87}],"traffic_light":[1,1,1,1,1],"state_arr":[{"acceleration":1.13,"throttle":15.7,"steering_target":1.12,"brake":0,"steering_rate":100,"speed":6.64},{"acceleration":0.69,"throttle":15.7,"steering_target":-0.36,"brake":0,"steering_rate":100,"speed":6.85},{"acceleration":-0.91,"throttle":0,"steering_target":-1.95,"brake":19.8,"steering_rate":100,"speed":1.89},{"acceleration":-0.92,"throttle":0,"steering_target":-1.48,"brake":55.17,"steering_rate":100,"speed":0.01},{"acceleration":-0.27,"throttle":0,"steering_target":-1.48,"brake":59.1,"steering_rate":100,"speed":0},{"acceleration":0.31,"throttle":36.95,"steering_target":-0.16,"brake":0,"steering_rate":100,"speed":0.14},{"acceleration":0.41,"throttle":80.98,"steering_target":-0.21,"brake":0,"steering_rate":100,"speed":0.01}],"obstacle_arr":[[],[{"acceleration":{"y":-0.01,"x":-0.01,"z":0},"position":{"y":4182928.06,"x":552591.07,"z":10.44},"volume":9.65,"type":"VEHICLE","velocity":{"y":-1.03,"x":-0.83,"z":0}}],[{"acceleration":{"y":0,"x":-0.13,"z":0},"position":{"y":4182926.84,"x":552590.09,"z":10.36},"volume":10.11,"type":"VEHICLE","velocity":{"y":-0.64,"x":-0.72,"z":0}}],[{"acceleration":{"y":0.61,"x":0.76,"z":0},"position":{"y":4182926.83,"x":552590.01,"z":10.39},"volume":9.53,"type":"VEHICLE","velocity":{"y":-0.2,"x":-0.2,"z":0}}],[{"acceleration":{"y":0.58,"x":0.6,"z":0},"position":{"y":4182926.68,"x":552589.79,"z":10.38},"volume":10.67,"type":"VEHICLE","velocity":{"y":0,"x":0,"z":0}}],[{"acceleration":{"y":0,"x":0,"z":0},"position":{"y":4182926.67,"x":552589.8,"z":10.38},"volume":10.47,"type":"VEHICLE","velocity":{"y":0,"x":0,"z":0}}],[{"acceleration":{"y":0,"x":0,"z":0},"position":{"y":4182926.62,"x":552589.76,"z":10.38},"volume":10.76,"type":"VEHICLE","velocity":{"y":0,"x":0,"z":0}}]],"action_description":"NPC vehicle (SUV) driving on the current lane","ev_state":[-281.139099121094,10.1256341934204,443.711791992188,0,0,0,10,-1,359.380767822266,213.20491027832,0.165287524461746,0.004323938860165662],"collision_probability":1}
 timestamp= 1619788460000 [RUN] Validate G1 Guard Condition: 
The ego vehicle E Detection.Collision == True.
 timestamp= 1619788460000 [RES] Global Validate result: 
true
 timestamp= 1619788460000 [RUN] Collision == True
 timestamp= 1619788460000 [RUN] Validate G2 Guard Condition: 
The ego vehicle E Detection.OffRoad == True.
 timestamp= 1619788460000 [RES] Global Validate result: 
false
 timestamp= 1619788460000 [RUN] Validate G3 Guard Condition: 
The ego vehicle E Detection.HardBrake == True.
 timestamp= 1619788460000 [RES] Global Validate result: 
true
 timestamp= 1619788460000 [RUN] HardBrake == True
 timestamp= 1619788460000 [RUN] RESUME STEP @preStep
 timestamp= 1619788460000 [RUN] Resume step basicflow10
 timestamp= 1619788460000 [RUN] Validate G4 Guard Condition: 
The ego vehicle E Detection.ArrivalTest == True.
 timestamp= 1619788460000 [RES] Global Validate result: 
false
 timestamp= 1619788460000 [RUN] Validate step: 
The test system VALIDATES THAT the Apollo A Status.GetControl is nearly equal to {"acceleration": 0.41, "throttle": 80.98, "steering_target": -0.21, "brake": 0.0, "steering_rate": 100.0, "speed": 0.01}
 timestamp= 1619788460000 [RES] Validate result: 
true
 timestamp= 1619788460000 [RUN] Generate steps
 timestamp= 1619788460000 [RUN] Validate step: 
The test system VALIDATES THAT the simulator S Status.GetEnvironment is nearly equal to {"x": -281.14, "y": 10.13, "z": 443.71, "rain": 0.0, "fog": 0.0, "wetness": 0.0, "timeofday": 10.0, "signal": -1.0, "rx": 359.38, "ry": 213.2, "rz": 0.17, "speed": 0.0}
 timestamp= 1619788460000 [RES] Validate result: 
true
 timestamp= 1619788460000 [RUN] Execute API step: 
The environment controller C INVOKES API Control.Weather.Nice.
 timestamp= 1619788464000 [RES] API result: 
{"pose_arr":[{"vx":0,"ay":-0.35,"az":9.88,"ax":0.42,"pz":10.12,"vy":0,"px":552593.59,"py":4182930.86},{"vx":0,"ay":0,"az":9.81,"ax":0,"pz":10.12,"vy":0,"px":552593.59,"py":4182930.86},{"vx":0,"ay":-0.01,"az":9.81,"ax":0.01,"pz":10.12,"vy":0,"px":552593.59,"py":4182930.86},{"vx":0,"ay":0,"az":9.81,"ax":0,"pz":10.12,"vy":0,"px":552593.59,"py":4182930.86},{"vx":0,"ay":-0.01,"az":9.81,"ax":0.01,"pz":10.12,"vy":0,"px":552593.59,"py":4182930.86},{"vx":0,"ay":-0.04,"az":9.81,"ax":0.05,"pz":10.12,"vy":0,"px":552593.59,"py":4182930.86}],"traffic_light":[3,1,1,1,1,1],"state_arr":[{"acceleration":0.3,"throttle":35.61,"steering_target":-0.21,"brake":0,"steering_rate":100,"speed":0},{"acceleration":0.3,"throttle":35.58,"steering_target":-0.21,"brake":0,"steering_rate":100,"speed":0},{"acceleration":0.3,"throttle":35.65,"steering_target":-0.21,"brake":0,"steering_rate":100,"speed":0},{"acceleration":0.3,"throttle":35.61,"steering_target":-0.21,"brake":0,"steering_rate":100,"speed":0},{"acceleration":0.3,"throttle":35.61,"steering_target":-0.21,"brake":0,"steering_rate":100,"speed":0},{"acceleration":0,"throttle":0,"steering_target":0,"brake":50,"steering_rate":0,"speed":0},{"acceleration":0.3,"throttle":35.58,"steering_target":-0.21,"brake":0,"steering_rate":100,"speed":0}],"obstacle_arr":[[{"acceleration":{"y":0,"x":0,"z":0},"position":{"y":4182926.7,"x":552589.85,"z":10.4},"volume":10.17,"type":"VEHICLE","velocity":{"y":0,"x":0,"z":0}}],[{"acceleration":{"y":0,"x":0,"z":0},"position":{"y":4182926.67,"x":552589.8,"z":10.39},"volume":10.53,"type":"VEHICLE","velocity":{"y":0,"x":0,"z":0}}],[{"acceleration":{"y":0,"x":0,"z":0},"position":{"y":4182926.75,"x":552589.9,"z":10.4},"volume":9.8,"type":"VEHICLE","velocity":{"y":0,"x":0,"z":0}}],[{"acceleration":{"y":0,"x":0,"z":0},"position":{"y":4182926.75,"x":552589.9,"z":10.35},"volume":10.21,"type":"VEHICLE","velocity":{"y":0,"x":0,"z":0}}],[{"acceleration":{"y":0,"x":0,"z":0},"position":{"y":4182926.75,"x":552589.9,"z":10.39},"volume":9.94,"type":"VEHICLE","velocity":{"y":0,"x":0,"z":0}}],[{"acceleration":{"y":0,"x":0,"z":0},"position":{"y":4182926.75,"x":552589.9,"z":10.39},"volume":10.06,"type":"VEHICLE","velocity":{"y":0,"x":0,"z":0}}]],"action_description":"Nice Weather","ev_state":[-281.134490966797,10.1250286102295,443.716156005859,0,0,0,10,-1,359.804229736328,213.318099975586,0.0459932610392571,0.0013945430567814385],"collision_probability":0.024}
 timestamp= 1619788464000 [RUN] Validate G1 Guard Condition: 
The ego vehicle E Detection.Collision == True.
 timestamp= 1619788464000 [RES] Global Validate result: 
false
 timestamp= 1619788464000 [RUN] Validate G2 Guard Condition: 
The ego vehicle E Detection.OffRoad == True.
 timestamp= 1619788464000 [RES] Global Validate result: 
false
 timestamp= 1619788464000 [RUN] Validate G3 Guard Condition: 
The ego vehicle E Detection.HardBrake == True.
 timestamp= 1619788464000 [RES] Global Validate result: 
false
 timestamp= 1619788464000 [RUN] Validate G4 Guard Condition: 
The ego vehicle E Detection.ArrivalTest == True.
 timestamp= 1619788464000 [RES] Global Validate result: 
false
 timestamp= 1619788464000 [RUN] Validate step: 
The test system VALIDATES THAT the Apollo A Status.GetControl is nearly equal to {"acceleration": 0.3, "throttle": 35.58, "steering_target": -0.21, "brake": 0.0, "steering_rate": 100.0, "speed": 0.0}
 timestamp= 1619788464000 [RES] Validate result: 
true
 timestamp= 1619788464000 [RUN] Generate steps
 timestamp= 1619788464000 [RUN] Validate step: 
The test system VALIDATES THAT the simulator S Status.GetEnvironment is nearly equal to {"x": -281.13, "y": 10.13, "z": 443.72, "rain": 0.0, "fog": 0.0, "wetness": 0.0, "timeofday": 10.0, "signal": -1.0, "rx": 359.8, "ry": 213.32, "rz": 0.05, "speed": 0.0}
 timestamp= 1619788464000 [RES] Validate result: 
true
 timestamp= 1619788464000 [RUN] Execute API step: 
The environment controller C INVOKES API Control.Agents.NPCVehicle.NPCVehicleSwitchLane(which_lane=Right_Lane&which_car=Jeep).
 timestamp= 1619788467000 [RES] API result: 
{"pose_arr":[{"vx":0,"ay":0.24,"az":9.79,"ax":-0.27,"pz":10.12,"vy":0,"px":552593.59,"py":4182930.86},{"vx":0,"ay":0.04,"az":9.81,"ax":-0.05,"pz":10.12,"vy":0,"px":552593.59,"py":4182930.86},{"vx":0,"ay":0,"az":9.81,"ax":0,"pz":10.12,"vy":0,"px":552593.59,"py":4182930.86},{"vx":0,"ay":0,"az":9.81,"ax":0,"pz":10.12,"vy":0,"px":552593.59,"py":4182930.86},{"vx":0,"ay":0.02,"az":9.81,"ax":-0.03,"pz":10.12,"vy":0,"px":552593.59,"py":4182930.86},{"vx":0,"ay":0.04,"az":9.81,"ax":-0.05,"pz":10.12,"vy":0,"px":552593.59,"py":4182930.86},{"vx":0,"ay":0.03,"az":9.81,"ax":-0.04,"pz":10.12,"vy":0,"px":552593.59,"py":4182930.86}],"traffic_light":[1,1,1,1,1,1],"state_arr":[{"acceleration":0.3,"throttle":35.56,"steering_target":-0.21,"brake":0,"steering_rate":100,"speed":0},{"acceleration":0.3,"throttle":35.47,"steering_target":-0.21,"brake":0,"steering_rate":100,"speed":0},{"acceleration":0.3,"throttle":35.44,"steering_target":-0.21,"brake":0,"steering_rate":100,"speed":0},{"acceleration":0.3,"throttle":35.5,"steering_target":-0.21,"brake":0,"steering_rate":100,"speed":0},{"acceleration":0,"throttle":0,"steering_target":0,"brake":50,"steering_rate":0,"speed":0},{"acceleration":0.29,"throttle":35.42,"steering_target":-0.21,"brake":0,"steering_rate":100,"speed":0},{"acceleration":0.3,"throttle":35.45,"steering_target":-0.21,"brake":0,"steering_rate":100,"speed":0}],"obstacle_arr":[[{"acceleration":{"y":0,"x":0,"z":0},"position":{"y":4182926.75,"x":552589.9,"z":10.38},"volume":10.13,"type":"VEHICLE","velocity":{"y":0,"x":0,"z":0}}],[{"acceleration":{"y":0,"x":0,"z":0},"position":{"y":4182926.75,"x":552589.9,"z":10.48},"volume":9.49,"type":"VEHICLE","velocity":{"y":0,"x":0,"z":0}},{"acceleration":{"y":0,"x":0,"z":0},"position":{"y":4182917.3,"x":552575,"z":10.47},"volume":5.57,"type":"VEHICLE","velocity":{"y":0,"x":0,"z":0}}],[{"acceleration":{"y":0,"x":0,"z":0},"position":{"y":4182926.75,"x":552589.89,"z":10.39},"volume":10.12,"type":"VEHICLE","velocity":{"y":0,"x":0,"z":0}},{"acceleration":{"y":0,"x":0,"z":0},"position":{"y":4182915.5,"x":552573.62,"z":10.47},"volume":4.81,"type":"VEHICLE","velocity":{"y":0,"x":0,"z":0}}],[{"acceleration":{"y":0,"x":0,"z":0},"position":{"y":4182926.75,"x":552589.89,"z":10.47},"volume":9.52,"type":"VEHICLE","velocity":{"y":0,"x":0,"z":0}},{"acceleration":{"y":-2.68,"x":-2.37,"z":0},"position":{"y":4182912.3,"x":552571.31,"z":10.63},"volume":3.21,"type":"VEHICLE","velocity":{"y":-1.52,"x":-1.35,"z":0}}],[{"acceleration":{"y":0,"x":0,"z":0},"position":{"y":4182926.75,"x":552589.89,"z":10.47},"volume":9.47,"type":"VEHICLE","velocity":{"y":0,"x":0,"z":0}},{"acceleration":{"y":-0.97,"x":-0.66,"z":0},"position":{"y":4182909.55,"x":552569.29,"z":10.46},"volume":2.34,"type":"VEHICLE","velocity":{"y":-2.54,"x":-1.89,"z":0}}],[{"acceleration":{"y":0,"x":0,"z":0},"position":{"y":4182926.75,"x":552589.88,"z":10.47},"volume":9.42,"type":"VEHICLE","velocity":{"y":0,"x":0,"z":0}},{"acceleration":{"y":-0.18,"x":-0.26,"z":0},"position":{"y":4182906.82,"x":552567.51,"z":10.31},"volume":1.88,"type":"VEHICLE","velocity":{"y":-2.71,"x":-2.05,"z":0}}],[{"acceleration":{"y":0,"x":0,"z":0},"position":{"y":4182926.75,"x":552589.88,"z":10.47},"volume":9.42,"type":"VEHICLE","velocity":{"y":0,"x":0,"z":0}}]],"action_description":"NPC vehicle (Jeep) switching lane (right to left)","ev_state":[-281.13427734375,10.1249942779541,443.715850830078,0,0,0,10,-1,359.807403564453,213.442199707031,0.046092726290226,0.0012468684355271206],"collision_probability":0.024}
 timestamp= 1619788467000 [RUN] Validate G1 Guard Condition: 
The ego vehicle E Detection.Collision == True.
 timestamp= 1619788467000 [RES] Global Validate result: 
false
 timestamp= 1619788467000 [RUN] Validate G2 Guard Condition: 
The ego vehicle E Detection.OffRoad == True.
 timestamp= 1619788467000 [RES] Global Validate result: 
false
 timestamp= 1619788467000 [RUN] Validate G3 Guard Condition: 
The ego vehicle E Detection.HardBrake == True.
 timestamp= 1619788467000 [RES] Global Validate result: 
false
 timestamp= 1619788467000 [RUN] Validate G4 Guard Condition: 
The ego vehicle E Detection.ArrivalTest == True.
 timestamp= 1619788467000 [RES] Global Validate result: 
false
 timestamp= 1619788467000 [RUN] Validate step: 
The test system VALIDATES THAT the Apollo A Status.GetControl is nearly equal to {"acceleration": 0.3, "throttle": 35.45, "steering_target": -0.21, "brake": 0.0, "steering_rate": 100.0, "speed": 0.0}
 timestamp= 1619788467000 [RES] Validate result: 
true
 timestamp= 1619788467000 [RUN] Generate steps
 timestamp= 1619788467000 [RUN] Validate step: 
The test system VALIDATES THAT the simulator S Status.GetEnvironment is nearly equal to {"x": -281.13, "y": 10.12, "z": 443.72, "rain": 0.0, "fog": 0.0, "wetness": 0.0, "timeofday": 10.0, "signal": -1.0, "rx": 359.81, "ry": 213.44, "rz": 0.05, "speed": 0.0}
 timestamp= 1619788467000 [RES] Validate result: 
true
 timestamp= 1619788467000 [RUN] Execute API step: 
The environment controller C INVOKES API Control.Agents.Pedestrians.WalkRandomly(which_lane=Left_Lane).
 timestamp= 1619788471000 [RES] API result: 
{"pose_arr":[{"vx":0,"ay":-0.58,"az":9.86,"ax":0.66,"pz":10.12,"vy":0,"px":552593.59,"py":4182930.86},{"vx":0,"ay":0,"az":9.81,"ax":0,"pz":10.12,"vy":0,"px":552593.59,"py":4182930.86},{"vx":0,"ay":0.03,"az":9.81,"ax":-0.04,"pz":10.12,"vy":0,"px":552593.59,"py":4182930.86},{"vx":0,"ay":-0.01,"az":9.81,"ax":0.01,"pz":10.12,"vy":0,"px":552593.59,"py":4182930.86},{"vx":0,"ay":-0.01,"az":9.81,"ax":0.01,"pz":10.12,"vy":0,"px":552593.59,"py":4182930.86},{"vx":0,"ay":-0.03,"az":9.81,"ax":0.01,"pz":10.12,"vy":0,"px":552593.59,"py":4182930.86}],"traffic_light":[3,3,1,1,1,1],"state_arr":[{"acceleration":0.3,"throttle":35.43,"steering_target":-0.21,"brake":0,"steering_rate":100,"speed":0},{"acceleration":0.29,"throttle":35.41,"steering_target":-0.21,"brake":0,"steering_rate":100,"speed":0},{"acceleration":0.29,"throttle":35.32,"steering_target":-0.21,"brake":0,"steering_rate":100,"speed":0},{"acceleration":0,"throttle":0,"steering_target":0,"brake":50,"steering_rate":0,"speed":0},{"acceleration":0,"throttle":0,"steering_target":0,"brake":50,"steering_rate":0,"speed":0},{"acceleration":0.29,"throttle":35.34,"steering_target":-0.21,"brake":0,"steering_rate":100,"speed":0},{"acceleration":0,"throttle":0,"steering_target":0,"brake":50,"steering_rate":0,"speed":0},{"acceleration":0.29,"throttle":35.34,"steering_target":-0.21,"brake":0,"steering_rate":100,"speed":0}],"obstacle_arr":[[{"acceleration":{"y":0,"x":0,"z":0},"position":{"y":4182926.75,"x":552589.87,"z":10.47},"volume":9.42,"type":"VEHICLE","velocity":{"y":0,"x":0,"z":0}}],[{"acceleration":{"y":0,"x":0,"z":0},"position":{"y":4182926.75,"x":552589.87,"z":10.47},"volume":9.47,"type":"VEHICLE","velocity":{"y":0,"x":0,"z":0}}],[{"acceleration":{"y":0,"x":0,"z":0},"position":{"y":4182926.75,"x":552589.87,"z":10.46},"volume":9.46,"type":"VEHICLE","velocity":{"y":0,"x":0,"z":0}}],[{"acceleration":{"y":0,"x":0,"z":0},"position":{"y":4182926.75,"x":552589.87,"z":10.43},"volume":9.75,"type":"VEHICLE","velocity":{"y":0,"x":0,"z":0}}],[{"acceleration":{"y":0,"x":0,"z":0},"position":{"y":4182926.74,"x":552589.88,"z":10.42},"volume":10.03,"type":"VEHICLE","velocity":{"y":0,"x":0,"z":0}}],[{"acceleration":{"y":0,"x":0,"z":0},"position":{"y":4182926.72,"x":552589.93,"z":10.41},"volume":9.4,"type":"VEHICLE","velocity":{"y":0,"x":0,"z":0}}]],"action_description":"Pedestrian crossing the road (left to right)","ev_state":[-281.133911132813,10.1248893737793,443.715362548828,0,0,0,10,-1,359.813049316406,213.548721313477,0.0403447821736336,0.0013747484888214998],"collision_probability":0.024}
 timestamp= 1619788471000 [RUN] Validate G1 Guard Condition: 
The ego vehicle E Detection.Collision == True.
 timestamp= 1619788471000 [RES] Global Validate result: 
false
 timestamp= 1619788471000 [RUN] Validate G2 Guard Condition: 
The ego vehicle E Detection.OffRoad == True.
 timestamp= 1619788471000 [RES] Global Validate result: 
false
 timestamp= 1619788471000 [RUN] Validate G3 Guard Condition: 
The ego vehicle E Detection.HardBrake == True.
 timestamp= 1619788471000 [RES] Global Validate result: 
false
 timestamp= 1619788471000 [RUN] Validate G4 Guard Condition: 
The ego vehicle E Detection.ArrivalTest == True.
 timestamp= 1619788471000 [RES] Global Validate result: 
false
 timestamp= 1619788471000 [RUN] Validate step: 
The test system VALIDATES THAT the Apollo A Status.GetControl is nearly equal to {"acceleration": 0.29, "throttle": 35.34, "steering_target": -0.21, "brake": 0.0, "steering_rate": 100.0, "speed": 0.0}
 timestamp= 1619788471000 [RES] Validate result: 
true
 timestamp= 1619788471000 [RUN] Generate steps
 timestamp= 1619788471000 [RUN] Validate step: 
The test system VALIDATES THAT the simulator S Status.GetEnvironment is nearly equal to {"x": -281.13, "y": 10.12, "z": 443.72, "rain": 0.0, "fog": 0.0, "wetness": 0.0, "timeofday": 10.0, "signal": -1.0, "rx": 359.81, "ry": 213.55, "rz": 0.04, "speed": 0.0}
 timestamp= 1619788471000 [RES] Validate result: 
true
 timestamp= 1619788471000 [RUN] Execute API step: 
The environment controller C INVOKES API Control.Agents.NPCVehicle.NPCVehicleSwitchLane(which_lane=Current_Lane&which_car=Jeep).
 timestamp= 1619788475000 [RES] API result: 
{"pose_arr":[{"vx":0,"ay":-0.57,"az":9.86,"ax":0.67,"pz":10.12,"vy":0,"px":552593.59,"py":4182930.86},{"vx":0,"ay":0.03,"az":9.81,"ax":-0.04,"pz":10.12,"vy":0,"px":552593.6,"py":4182930.86},{"vx":0,"ay":0,"az":9.81,"ax":0,"pz":10.12,"vy":0,"px":552593.6,"py":4182930.86},{"vx":0,"ay":0.03,"az":9.81,"ax":-0.04,"pz":10.12,"vy":0,"px":552593.6,"py":4182930.86},{"vx":0,"ay":0.01,"az":9.81,"ax":0.01,"pz":10.12,"vy":0,"px":552593.6,"py":4182930.86},{"vx":0,"ay":0.49,"az":9.78,"ax":-0.57,"pz":10.12,"vy":0,"px":552593.6,"py":4182930.86},{"vx":0,"ay":0.04,"az":9.81,"ax":-0.05,"pz":10.12,"vy":0,"px":552593.6,"py":4182930.86}],"traffic_light":[1,1,1,1,1,1],"state_arr":[{"acceleration":0.29,"throttle":35.31,"steering_target":-0.21,"brake":0,"steering_rate":100,"speed":0},{"acceleration":0.29,"throttle":35.29,"steering_target":-0.21,"brake":0,"steering_rate":100,"speed":0},{"acceleration":0.29,"throttle":35.26,"steering_target":-0.21,"brake":0,"steering_rate":100,"speed":0},{"acceleration":0.29,"throttle":35.25,"steering_target":-0.21,"brake":0,"steering_rate":100,"speed":0},{"acceleration":0.35,"throttle":42.23,"steering_target":-0.21,"brake":0,"steering_rate":100,"speed":0},{"acceleration":0.29,"throttle":35.16,"steering_target":-0.21,"brake":0,"steering_rate":100,"speed":0},{"acceleration":0.29,"throttle":35.19,"steering_target":-0.21,"brake":0,"steering_rate":100,"speed":0}],"obstacle_arr":[[{"acceleration":{"y":0,"x":0,"z":0},"position":{"y":4182926.72,"x":552589.92,"z":10.42},"volume":9.38,"type":"VEHICLE","velocity":{"y":0,"x":0,"z":0}},{"acceleration":{"y":0,"x":0,"z":0},"position":{"y":4182915.09,"x":552585.74,"z":10.64},"volume":0.05,"type":"PEDESTRIAN","velocity":{"y":0,"x":0,"z":0}}],[{"acceleration":{"y":0,"x":0,"z":0},"position":{"y":4182926.71,"x":552589.91,"z":10.42},"volume":9.44,"type":"VEHICLE","velocity":{"y":0,"x":0,"z":0}},{"acceleration":{"y":0,"x":0,"z":0},"position":{"y":4182915.69,"x":552585.93,"z":10.34},"volume":0.16,"type":"PEDESTRIAN","velocity":{"y":0,"x":0,"z":0}},{"acceleration":{"y":0,"x":0,"z":0},"position":{"y":4182913.5,"x":552581.82,"z":10.35},"volume":4.39,"type":"VEHICLE","velocity":{"y":0,"x":0,"z":0}}],[{"acceleration":{"y":0,"x":0,"z":0},"position":{"y":4182926.71,"x":552589.9,"z":10.39},"volume":9.64,"type":"VEHICLE","velocity":{"y":0,"x":0,"z":0}},{"acceleration":{"y":-1.46,"x":-0.9,"z":0},"position":{"y":4182912.44,"x":552581.08,"z":10.65},"volume":1.33,"type":"VEHICLE","velocity":{"y":-1.26,"x":-0.75,"z":0}}],[{"acceleration":{"y":0,"x":0,"z":0},"position":{"y":4182926.7,"x":552589.88,"z":10.39},"volume":9.77,"type":"VEHICLE","velocity":{"y":0,"x":0,"z":0}},{"acceleration":{"y":-2.27,"x":-1.45,"z":0},"position":{"y":4182910.1,"x":552579.74,"z":10.37},"volume":0.71,"type":"VEHICLE","velocity":{"y":-2.85,"x":-1.82,"z":0}}],[{"acceleration":{"y":0,"x":0,"z":0},"position":{"y":4182926.69,"x":552589.87,"z":10.39},"volume":9.85,"type":"VEHICLE","velocity":{"y":0,"x":0,"z":0}},{"acceleration":{"y":-2.29,"x":-0.89,"z":0},"position":{"y":4182906.57,"x":552578.05,"z":10.59},"volume":2.99,"type":"VEHICLE","velocity":{"y":-4.18,"x":-2.24,"z":0}}],[{"acceleration":{"y":0,"x":0,"z":0},"position":{"y":4182926.72,"x":552589.91,"z":10.39},"volume":9.58,"type":"VEHICLE","velocity":{"y":0,"x":0,"z":0}},{"acceleration":{"y":-0.71,"x":-0.73,"z":0},"position":{"y":4182905.05,"x":552577.08,"z":10.58},"volume":2.51,"type":"VEHICLE","velocity":{"y":-4.34,"x":-2.62,"z":0}},{"acceleration":{"y":-0.01,"x":0,"z":0},"position":{"y":4182917.71,"x":552586.32,"z":10.59},"volume":0.14,"type":"PEDESTRIAN","velocity":{"y":0.42,"x":0.17,"z":0}}],[{"acceleration":{"y":0,"x":0,"z":0},"position":{"y":4182926.72,"x":552589.9,"z":10.39},"volume":9.57,"type":"VEHICLE","velocity":{"y":0,"x":0,"z":0}},{"acceleration":{"y":-0.86,"x":-0.69,"z":0},"position":{"y":4182901.21,"x":552574.97,"z":10.29},"volume":0.39,"type":"VEHICLE","velocity":{"y":-4.93,"x":-2.79,"z":0}}]],"action_description":"NPC vehicle (Jeep) switching lane (current to right)","ev_state":[-281.133880615234,10.1248474121094,443.713775634766,0,0,0,10,1,359.819580078125,213.68196105957,0.0406074561178684,0.001248552521341417],"collision_probability":0.024}
 timestamp= 1619788475000 [RUN] Validate G1 Guard Condition: 
The ego vehicle E Detection.Collision == True.
 timestamp= 1619788475000 [RES] Global Validate result: 
false
 timestamp= 1619788475000 [RUN] Validate G2 Guard Condition: 
The ego vehicle E Detection.OffRoad == True.
 timestamp= 1619788475000 [RES] Global Validate result: 
true
 timestamp= 1619788475000 [RUN] OffRoad == True
 timestamp= 1619788475000 [RUN] The simulator S INVOKES API Command.Simulation.Stop() to stop simulation.
 timestamp= 1619788475000 [WARNING] The test system Stop the Simulator S!
 timestamp= 1619788475000 [RUN] ABORT.
 timestamp= 1619788475000 [ERROR] The test system Abort!
 timestamp= 1619788475000 [RUN] Validate G3 Guard Condition: 
The ego vehicle E Detection.HardBrake == True.
 timestamp= 1619788475000 [RES] Global Validate result: 
false
 timestamp= 1619788475000 [RUN] Validate G4 Guard Condition: 
The ego vehicle E Detection.ArrivalTest == True.
 timestamp= 1619788475000 [RES] Global Validate result: 
false
 timestamp= 1619788475000 [RES] Basic PostCondition Validate result: 
false
 timestamp= 1619788475000 [STOP] numberOfStep: 25 basicFlow: 
[{"name":"","description":"","eClass":"Sentence","content":"The test system VALIDATES THAT the simulator S Status.GetEnvironment is nearly equal to {\"x\": -245.71, \"y\": 10.12, \"z\": 465.97, \"rain\": 0.0, \"fog\": 0.0, \"wetness\": 0.0, \"timeofday\": 12.0, \"signal\": 1.0, \"rx\": 359.86, \"ry\": 305.63, \"rz\": -0.0, \"speed\": 1.04}","natures":[]},{"name":"","description":"","eClass":"Sentence","content":"The environment controller C INVOKES API Control.Agents.Pedestrians.WalkRandomly(which_lane=Current_Lane).","natures":[]},{"name":"","description":"","eClass":"Sentence","content":"The test system VALIDATES THAT the Apollo A Status.GetControl is nearly equal to {\"acceleration\": -0.03, \"throttle\": 0.0, \"steering_target\": 33.1, \"brake\": 14.5, \"steering_rate\": 100.0, \"speed\": 2.49}","natures":[]},{"name":"","description":"","eClass":"Sentence","content":"The test system VALIDATES THAT the simulator S Status.GetEnvironment is nearly equal to {\"x\": -253.4, \"y\": 10.12, \"z\": 470.4, \"rain\": 0.0, \"fog\": 0.0, \"wetness\": 0.0, \"timeofday\": 12.0, \"signal\": 1.0, \"rx\": 0.03, \"ry\": 292.78, \"rz\": 359.89, \"speed\": 2.49}","natures":[]},{"name":"","description":"","eClass":"Sentence","content":"The environment controller C INVOKES API Control.Agents.Pedestrians.WalkRandomly(which_lane=Left_Lane).","natures":[]},{"name":"","description":"","eClass":"Sentence","content":"The test system VALIDATES THAT the Apollo A Status.GetControl is nearly equal to {\"acceleration\": 0.83, \"throttle\": 35.11, \"steering_target\": 13.73, \"brake\": 0.0, \"steering_rate\": 100.0, \"speed\": 3.34}","natures":[]},{"name":"","description":"","eClass":"Sentence","content":"The test system VALIDATES THAT the simulator S Status.GetEnvironment is nearly equal to {\"x\": -263.21, \"y\": 10.12, \"z\": 467.19, \"rain\": 0.0, \"fog\": 0.0, \"wetness\": 0.0, \"timeofday\": 12.0, \"signal\": 0.0, \"rx\": 359.95, \"ry\": 230.9, \"rz\": 359.9, \"speed\": 3.39}","natures":[]},{"name":"","description":"","eClass":"Sentence","content":"The environment controller C INVOKES API Control.TimeOfDay(time_of_day=Morning).","natures":[]},{"name":"","description":"","eClass":"Sentence","content":"The test system VALIDATES THAT the Apollo A Status.GetControl is nearly equal to {\"acceleration\": 0.58, \"throttle\": 15.7, \"steering_target\": 1.81, \"brake\": 0.0, \"steering_rate\": 100.0, \"speed\": 6.52}","natures":[]},{"name":"","description":"","eClass":"Sentence","content":"The test system VALIDATES THAT the simulator S Status.GetEnvironment is nearly equal to {\"x\": -277.25, \"y\": 10.12, \"z\": 449.5, \"rain\": 0.0, \"fog\": 0.0, \"wetness\": 0.0, \"timeofday\": 10.0, \"signal\": -1.0, \"rx\": 359.98, \"ry\": 214.64, \"rz\": 359.96, \"speed\": 6.64}","natures":[]},{"name":"","description":"","eClass":"Sentence","content":"The environment controller C INVOKES API Control.Agents.NPCVehicle.NPCVehicleMaintainLane(which_lane=Current_Lane&which_car=SUV).","natures":[]},{"name":"","description":"","eClass":"Sentence","content":"The test system VALIDATES THAT the Apollo A Status.GetControl is nearly equal to {\"acceleration\": 0.41, \"throttle\": 80.98, \"steering_target\": -0.21, \"brake\": 0.0, \"steering_rate\": 100.0, \"speed\": 0.01}","natures":[]},{"name":"","description":"","eClass":"Sentence","content":"The test system VALIDATES THAT the simulator S Status.GetEnvironment is nearly equal to {\"x\": -281.14, \"y\": 10.13, \"z\": 443.71, \"rain\": 0.0, \"fog\": 0.0, \"wetness\": 0.0, \"timeofday\": 10.0, \"signal\": -1.0, \"rx\": 359.38, \"ry\": 213.2, \"rz\": 0.17, \"speed\": 0.0}","natures":[]},{"name":"","description":"","eClass":"Sentence","content":"The environment controller C INVOKES API Control.Weather.Nice.","natures":[]},{"name":"","description":"","eClass":"Sentence","content":"The test system VALIDATES THAT the Apollo A Status.GetControl is nearly equal to {\"acceleration\": 0.3, \"throttle\": 35.58, \"steering_target\": -0.21, \"brake\": 0.0, \"steering_rate\": 100.0, \"speed\": 0.0}","natures":[]},{"name":"","description":"","eClass":"Sentence","content":"The test system VALIDATES THAT the simulator S Status.GetEnvironment is nearly equal to {\"x\": -281.13, \"y\": 10.13, \"z\": 443.72, \"rain\": 0.0, \"fog\": 0.0, \"wetness\": 0.0, \"timeofday\": 10.0, \"signal\": -1.0, \"rx\": 359.8, \"ry\": 213.32, \"rz\": 0.05, \"speed\": 0.0}","natures":[]},{"name":"","description":"","eClass":"Sentence","content":"The environment controller C INVOKES API Control.Agents.NPCVehicle.NPCVehicleSwitchLane(which_lane=Right_Lane&which_car=Jeep).","natures":[]},{"name":"","description":"","eClass":"Sentence","content":"The test system VALIDATES THAT the Apollo A Status.GetControl is nearly equal to {\"acceleration\": 0.3, \"throttle\": 35.45, \"steering_target\": -0.21, \"brake\": 0.0, \"steering_rate\": 100.0, \"speed\": 0.0}","natures":[]},{"name":"","description":"","eClass":"Sentence","content":"The test system VALIDATES THAT the simulator S Status.GetEnvironment is nearly equal to {\"x\": -281.13, \"y\": 10.12, \"z\": 443.72, \"rain\": 0.0, \"fog\": 0.0, \"wetness\": 0.0, \"timeofday\": 10.0, \"signal\": -1.0, \"rx\": 359.81, \"ry\": 213.44, \"rz\": 0.05, \"speed\": 0.0}","natures":[]},{"name":"","description":"","eClass":"Sentence","content":"The environment controller C INVOKES API Control.Agents.Pedestrians.WalkRandomly(which_lane=Left_Lane).","natures":[]},{"name":"","description":"","eClass":"Sentence","content":"The test system VALIDATES THAT the Apollo A Status.GetControl is nearly equal to {\"acceleration\": 0.29, \"throttle\": 35.34, \"steering_target\": -0.21, \"brake\": 0.0, \"steering_rate\": 100.0, \"speed\": 0.0}","natures":[]},{"name":"","description":"","eClass":"Sentence","content":"The test system VALIDATES THAT the simulator S Status.GetEnvironment is nearly equal to {\"x\": -281.13, \"y\": 10.12, \"z\": 443.72, \"rain\": 0.0, \"fog\": 0.0, \"wetness\": 0.0, \"timeofday\": 10.0, \"signal\": -1.0, \"rx\": 359.81, \"ry\": 213.55, \"rz\": 0.04, \"speed\": 0.0}","natures":[]},{"name":"","description":"","eClass":"Sentence","content":"The environment controller C INVOKES API Control.Agents.NPCVehicle.NPCVehicleSwitchLane(which_lane=Current_Lane&which_car=Jeep).","natures":[]},{"name":"","description":"","eClass":"Sentence","content":"The test system VALIDATES THAT the Apollo A Status.GetControl is nearly equal to {\"acceleration\": 0.29, \"throttle\": 35.19, \"steering_target\": -0.21, \"brake\": 0.0, \"steering_rate\": 100.0, \"speed\": 0.0}","natures":[]},{"name":"","description":"","eClass":"Sentence","content":"","natures":[]}]
